Trionfo della destra populista in Austria, insieme costituiscono il 29%
Le elezioni anticipate del Parlamento austriaco hanno portato, secondo i primi risultati approssimativi, ad un sensibile indebolimento dei due partiti della grande coalizione attuale e ad un forte rafforzamento del partito di destra populista.
Le perdite sono state forti e particolari per il Partito popolare austriaco (OVP), dove la posizione dell'attuale presidente, Wilhelm Molterer, sta gravemente vacillando.
Al contrario, il leader dell'Alleanza per il futuro dell'Austria (BZO), il capo del governo dello stato della Carinzia, Jörg Haider, si prepara al suo ritorno trionfale nella politica nazionale.
Secondo i risultati approssimativi, la socialdemocrazia (SPÖ) rimane il partito più forte del paese con il 29,8% dei voti, perdendo così il 5,5% rispetto alle ultime elezioni del 2006.
Peor ha ancora finito l'OVP che perde un 25,6 per cento, quasi un nove per cento dei voti.
Sono i peggiori risultati, letteralmente catastrofici, nella storia di questi due grandi partiti austriaci dopo la guerra e soprattutto per i popolari che hanno convocato queste elezioni anticipate.
Ancora all'inizio di luglio, quando l'OVP uscì dalla coalizione, i popolari avevano un notevole vantaggio rispetto allo SPO.
È chiaro, tuttavia, che i votanti li hanno puniti per aver lasciato il governo naufragare.
Già nelle prime reazioni ai risultati si sono fatte sentire speculazioni sulla dimissioni del presidente del partito e, fino ad oggi, vice cancelliere, Wilhelm Molterer.
Gli osservatori ritengono che questo lunedì si potrebbe arrivare a questo nella riunione eccezionale della presidenza del partito.
Tale evoluzione faciliterebbe evidentemente la via verso il punto di partenza più costante e più approssimativo dei risultati elettorali, cioè il rinnovo della grande coalizione tra SPO e OVP.
In vista del rafforzamento di entrambi i partiti di destra populista - i liberali (FPO) hanno ottenuto circa l'18% e il BZO l'11% dei voti - e dei socialdemocratici hanno espresso al tempo stesso il timore che si ripeta il caso del 1999 quando i popolari hanno negoziato con i populisti (allora FPO era una unità, ma nel 2005 si è distaccata da BZO) per un governo di coalizione che è arrivato a generare una sanzione da parte dell'Unione europea.
Haider ha già annunciato di essere pronto a collaborare con qualsiasi partito e di aver già assunto il suo ritorno a Vienna, alla politica nazionale.
Anche il Partito Verde è riuscito a entrare in parlamento, anche se ha perso leggermente e è sceso dal terzo al quinto posto tra i partiti politici austriaci.
Nessun altro partito ha superato chiaramente il limite del 4% e quindi non fa parte del parlamento.
Schwarzenberg: le relazioni con l'India potrebbero raffreddarsi
Se non si risolve il problema dei scienziati cechi accusati in India di raccogliere scarabei illegalmente, le relazioni ceco-indiane potrebbero raffreddarsi, secondo il ministro degli Esteri Karel Schwarzenberg.
Lo ha dichiarato il ministro a New York, dopo l'incontro di oggi con il suo omologo indiano, Pranab Mukherjee.
"Se non si risolvesse questo problema, allora si, allora si sarebbe arrivati sicuramente a questo raffreddamento", ha affermato dopo la riunione organizzata su iniziativa ceca.
Mukherjee ha detto, dopo l'incontro, che in materia giuridica difficilmente può entrare l'esecutivo.
Tuttavia, ha dichiarato che nel caso di Petr Švácha, che è stato esentato dall'accusa e punito con una multa, il governo può negoziare con il governo locale di Darjiling nella cui giurisdizione ricade l'argomento.
"Il suo problema potrebbe essere risolto", ha detto il ministro.
Per Emil Kučera, condannato a tre anni di carcere, sarebbe meglio, secondo Mukherjee, che si appellasse alle più alte istanze.
Dopo può chiedere l'esoneramento della causa e aspettare in libertà la sentenza, ha spiegato.
Schwarzenberg ha confermato che il suo collega ha espresso le stesse parole durante l'incontro.
"Suggerisce di fare appello alla Corte superiore e poi sarebbe possibile il perdono", ha detto il capo della diplomazia ceca.
L'unico modo per entrare in gioco è quello di ottenere al condannato un "supporto legale competente", ha detto il ministro indiano.
Infine, ha detto che il sostegno è già stato fornito dalla parte indiana.
"Abbiamo il massimo interesse a mantenere con l'India i migliori rapporti, che hanno una lunga tradizione.
Anche gli indiani lo riconoscono", ha commentato Schwarzenberg.
Inoltre, come ha detto la ČTK, ha insistito con il suo collega che la Repubblica ceca considera il problema degli entomologi cechi di grande importanza.
"Consideriamo davvero tremendo l'errore di incarcerare e condannare questi scienziati cechi", ha annunciato.
Il ministro ha evitato di rispondere alla domanda se ha ricevuto dalla parte indiana la promessa di occuparsi della questione.
"Ho ricevuto molte promesse", ha solo affermato.
Un ceco arbitra una lotta sul fondo del mare
Mi avvicino a una mappa elettronica di un muro, che rappresenta l'Australia circondata dal mare.
Non è interessato, però, al continente, ma a un piccolo punto perduto nell'oceano azzurro.
"L'isola appartiene all'Australia e con essa anche il fondo marino che la circonda.
La regione è, al tempo stesso, grande quanto un solo continente", afferma l'avvocato italiano Luigi Santosuosso, membro del gruppo di 30 membri della Divisione ONU per le questioni del diritto dell'oceano e del mare.
Il suo capo, il direttore della divisione, l'avvocato ceco Václav Mikulka, segue l'esposizione e, talvolta, la completa.
Questo spirito e questo entusiasmo per il lavoro regnano.
Il fondo marino nasconde ancora oggi un mondo poco conosciuto, ricco di risorse naturali.
Si possono trovare petrolio e altre materie prime minerali, ma anche organismi sconosciuti fino ad oggi che in sé sono la chiave per lo sviluppo di farmaci contro il cancro.
Il fondo è più grande della terra ferma
I paesi costieri hanno cominciato oggi a disputare con veemenza i nuovi territori sott'acqua.
Secondo il Trattato delle Nazioni Unite, questi beneficiano dei diritti concordati nel 1982 a Montego Bay in Giamaica.
Si tratta fondamentalmente del cosiddetto bordo continentale che a volte si estende per alcune centinaia di chilometri dalla costa di un dato paese.
Il Trattato gli dà diritti esclusivi su tutte le risorse del Margine Continentale.
"Semplicemente, per bordo continentale si intende la parte del fondo marino e della sua superficie, che è il naturale proseguimento del continente sott'acqua.
Si raggiunge fino al limite della costa e spesso fino al confine delle duecento miglia marine, cioè pura zona economica", spiega Mikulka.
La richiesta presentata alla Commissione dal paese in questione per la delimitazione dei confini esterni del bordo continentale deve essere corredata di documentazione tecnica scientifica basata su ricerche e misure.
È il risultato di una serie di anni di lavoro di preparazione.
"Uno dei nostri compiti è quello di organizzare una commissione di assistenza tecnica e legale.
La Commissione ha finora ricevuto cinque domande da Russia, Brasile, Australia, Irlanda e Nuova Zelanda.
Finora, solo gli ultimi tre paesi sono riusciti a farcela", aggiunge Mikulka.
Non molto tempo fa, il successo dell'Australia ebbe un ripercussione mondiale, essendo stata la prima a espandere essenzialmente il suo dominio marino.
Ma lo ha fatto anche la Nuova Zelanda: la superficie del fondo marino che la commissione ha assegnato la scorsa settimana è di 1,6 milioni di chilometri quadrati, quasi sei volte la superficie dello stato stesso.
Entrambi i paesi hanno investito milioni di dolori per il suo studio.
Il profitto che si trarrà dall'uso del fondo marino sarà, come promettono, inestimabile.
Anche altri Stati stanno gradualmente presentando le loro richieste.
Essi possono farlo fino a dieci anni dal momento in cui hanno ratificato il "Trattato di Montego Bay".
Laddove termina il bordo continentale inizia la regione del fondo oceanico dichiarata dal Trattato "eredità comune dell'umanità".
Qui, nessuna nazione ha una posizione esclusiva.
Il diritto di sfruttamento in queste zone è regolato dai trattati stabiliti da istituzioni internazionali.
"Il fondo marino, tuttavia, non è una miniera d'oro", afferma con forza il direttore Mikulka, aggiungendo che "le sue zone separate sono legalmente e chiaramente limitate e il suo regime definito dal contratto".
I cechi nel Pacifico
E oggi una parte del fondo marino appartiene anche alla Repubblica Ceca.
È distribuito con altri paesi dell'allora Blocco orientale all'interno dell'organizzazione comune "Interoceanmetal".
Questo è stato raggiunto nel 1991 con un trattato di investimento, come pochi altri Stati, stati chiamati "l'investitore pioniere".
Ha il potere di esplodere nella zona di ClarionClipperton nell'Oceano Pacifico, tra il Messico, le isole Hawaii e Kiribati.
L'area da indagare per l'investitore è un po' più grande dell'ex Cecoslovacchia.
Il fondo è accidentato, è una specie di replica marina dei Tatri.
"Una superficie di 75.000 chilometri quadrati può essere sfruttata.
L'area è ricca di depositi di calcestruzzo polimetallico contenenti nichel, rame, cobalt e manganese", aggiunge l'avvocato indiano Pakshi Rajan.
Un impiegato macedone della Divisione, Rober Sandev, ci porta un esempio di questo tipo di concretizzazione.
Ci ricorda una patata piccola o con un po' di fantasia, lo Shem, che secondo la leggenda rianimava il Golem.
Durante la liberazione degli ostaggi il comando delle forze speciali tedesche era sul luogo dell'azione.
Per risolvere la crisi degli ostaggi il governo egiziano aveva chiesto aiuto alla Germania - gli esperti sono venuti.
Quando la situazione si è fatta seria, il comando delle forze speciali era pronto, ma l'operazione non è stata eseguita.
Sono sempre più noti i dettagli sulle circostanze del rilascio di 11 turisti europei in Egitto.
Secondo i dati del ministero della Difesa e del ministero dell'Interno, anche le forze speciali tedesche hanno partecipato indirettamente all'operazione di salvataggio.
Quindi al luogo di liberazione erano gli specialisti dell'esercito tedesco così come gli ufficiali del GSG 9, squadrone di aerei della polizia federale, dell'Ufficio federale di indagine criminale e gli esperti nel campo della logistica dell'istituzione di beneficenza tecnica.
Come riferiscono i portavoce dei ministeri lunedì sera, le forze tedesche non erano necessarie perché i rapitori, rendendosi conto di una liberazione violenta, hanno lasciato andare i loro prigionieri e sono scappati.
Il governo egiziano ha accettato l'aiuto della Germania per usarlo come supporto sul posto.
"Fortunatamente non è arrivato quel momento", ha detto un portavoce del Ministero federale dell'Interno.
Il 19 settembre, nel sud dell'Egitto, i rapitori avevano rapito un gruppo di viaggiatori composto da 5 tedeschi, 5 italiani, una rumena e le loro 8 compagne egiziane.
Dopo il rapimento nella regione desertica del sud dell'Egitto, i prigionieri sono stati deportati da una parte all'altra della zona di confine tra Egitto, Libia, Sudan e Ciad.
L'identità dei rapitori è rimasta sconosciuta fino alla fine, così come i dettagli della liberazione o dei possibili pagamenti di riscatto.
Nel frattempo, le persone salvate sono arrivate al Cairo sane e salvate.
Steinmeier ha detto che gli ostaggi liberati erano sotto la tutela dell'ambasciata tedesca.
Non ha detto una parola sui dettagli della liberazione.
All'inizio a Berlino non c'era alcuna informazione sul loro ritorno in Germania.
Secondo il giornale "Bild", 5 turisti e le forze speciali devono tornare in Airbus dell'aviazione tedesca e arrivare in Germania martedì.
La Camera dei Rappresentanti degli Stati Uniti non approva il pacchetto di salvataggio
La prima camera del Congresso degli Stati Uniti ha appena fatto fallire un grande pacchetto di salvataggio di 700 miliardi di dollari per i mercati finanziari.
Il Dow Jones è crollato molto drasticamente.
La Camera dei Rappresentanti degli Stati Uniti ha respinto con 227 voti contro 206 il pacchetto del governo per salvare i mercati finanziari.
Nonostante le richieste del presidente George W. Bush e di altri politici di entrambi i partiti, non è riuscito a raggiungere una maggioranza per il programma che dovrebbe limitare il disordine nei mercati finanziari.
Con un'azione drammatica i disperati difensori avevano ancora cercato di convincere i critici ad accettare il grande pacchetto di 700 miliardi di dollari.
Barney Frank, il leader dei negoziatori democratici, aveva chiesto ai deputati di votare, anche se il piano non è così popolare.
"È difficile ottenere l'approvazione politica per evitare qualcosa che non è ancora accaduto", ha ammesso.
Già durante il voto il Dow Jones è sceso di oltre il 6 per cento o 600 punti.
La causa di questo erano le preoccupazioni degli investitori che il pacchetto di salvataggio statale potrebbe fallire.
Si è riposato alla fine del voto e dopo che il fallimento è stato reso pubblico, è caduto di nuovo.
Gli esperti contano su altre gravi turbolenze nei mercati finanziari internazionali.
Per far entrare in vigore il programma è necessario avere l'approvazione sia della Camera dei Rappresentanti che del Senato.
Gli organizzatori registrano un aumento del numero di prenotazioni
Sembra un buon inverno per gli organizzatori di viaggi tedeschi:
Secondo uno studio, il volume di vendite delle prenotazioni di viaggio per i prossimi mesi è aumentato rispetto all'anno scorso - anche la stagione invernale di oltre il 30%.
Secondo uno studio, nonostante la situazione economica debole, la voglia di viaggiare dei tedeschi rimane la stessa.
Come ha riferito lunedì l'associazione di viaggi della Germania (DVR) a Berlino, con prenotazioni di viaggi per la stagione invernale le agenzie di viaggio hanno registrato un volume di vendita che è del 31 per cento in più rispetto allo stesso periodo dello scorso anno.
Secondo l'indagine dell'istituto di ricerca sul mercato GfK, le riserve per i mesi autunnali erano già aumentate.
Il volume delle vendite delle agenzie di viaggio in ottobre è stato quasi l'undici per cento in più rispetto al 2007, ha riferito il DVR.
I risultati sono basati su dati di GfK, che sono informazioni analizzate sulle prenotazioni di 1200 agenzie di viaggio e calcolate approssimativamente per l'intero mercato.
I dati raccolti sono le prenotazioni di viaggio effettuate fino alla fine di agosto 2008.
A causa del debole corso del dollaro, soprattutto i viaggi negli Stati Uniti sono molto richiesti, ha riferito il DRV.
In questo caso il numero di prenotazioni è aumentato di quasi un terzo.
Le destinazioni preferite dai tedeschi non sono solo la Spagna, la Turchia e la Grecia, ma anche le regioni della Germania.
In particolare, i viaggi organizzati sono molto preferiti, spiega Klaus Laepple, presidente del DRV.
In considerazione dell'aumento dei prezzi dell'energia e della spesa alimentare, in questo caso le spese di viaggio sono "più calcolabili per il cliente che per un viaggio individuale".
Tra le altre cose, i consumatori possono risparmiare denaro con sconti di prenotazione anticipata o con offerte All-Inclusive, ha spiegato Laepple.
Anche nei mesi estivi i viaggi erano ben prenotati, e il volume delle vendite rispetto all'anno scorso è di nuovo salito - anche se secondo un altro studio il numero dei tedeschi che hanno fatto un viaggio, rispetto all'anno scorso, è diminuito.
Il mio primo Oktoberfest
I hit delle feste all'aperto al Balneario senza fine, la birra in barattoli da un litro e le celebrità vestite con costumi tradizionali bavaresi di designer.
Un debutto in una tenda.
Susanne Kronzucker e io non abbiamo molto in comune.
Lei è bionda, la presentatrice televisiva e indossa un costume tradizionale bavarese su misura.
Ho i capelli scuri, sono una studentessa e il mio vestito è già usato.
Ma c'è una cosa che ci unisce: appena siamo entrati in tenda, i fotografi sono già precipitati verso di noi e hanno riempito le loro schede di memoria con le foto - è molto lusinghiero soprattutto perché sono per la prima volta all'Oktoberfest.
È così che si fanno amici.
Il costume tradizionale bavarese a basso costo sembra svolgere il suo ruolo.
In realtà, come turista dell'Oktoberfest proveniente dal nord della Germania, il mio senso di benessere con un costume tradizionale bavarese fino ad oggi era ancora limitato.
Ma dopo essere arrivati al Prado di Teresa, non è tutto così.
Quasi tutti indossano abiti tradizionali bavaresi o pantaloni di pelle; nessuno sembra essere a dare attenzione o sentirsi sgradevole - tutto è assolutamente normale.
Solo la mia guanciale riceve sguardi strani vicino a un banano in cioccolato.
Una pupazza mi ha fatto notare la mia guanciale che indossavo in modo sbagliato: "la parte sinistra è single, la metà è vergine, la parte destra è fidanzata, dietro è vedova".
Oh, Dio, ora mi chiudo dietro a sinistra.
"Va bene", dice ridendo.
Gli altri non si preoccupano di molti dei metodi sottili di flirt e indossano cappelli con scritto "To drink to get dressed!" e mostrano, senza chiedere, il loro culo nudo.
Un ragazzo che si comporta in modo eshibitionistico si chiama Bob, è inglese e è anche lui alla prima Oktoberfest.
A lui sembra "gorgeous", che si pronuncia con un "o" molto lungo.
Me lo dice dopo aver messo da parte il suo bicchiere di un litro di birra che ha appena bevuto.
L'ha messo proprio vicino alla bocca del fuoco, la maggior parte pensa che sia un bidone della spazzatura.
Allora Bob è una delle persone famose che sa bere molto.
Gli altri non hanno molta fortuna e non possono consumare tanto alcol.
Verso le otto di sera i gruppi sanitari corrono per il luogo della festa e devono preoccuparsi di poveri ubriaconi.
I sanitari si presentano ogni volta in gruppo - improvvisamente sono sempre quattro persone che portano le camere coperte da una tenda all'altra.
Questo funziona come con la maggior parte dei visitatori: arrivano sobri, tornano ubriachi.
Non si vede chi soffre di alcolismo e sta andando a pezzi.
"Sono quelli che "non possono più", mi ha risposto un sanitario rispondendo alla mia domanda e scomparso in tumulto.
Vittima dell'incidente identificata dalla polizia
E' stata identificata la pedone di 63 anni deceduta in ospedale dopo essere stata colpita da un veicolo nella contea di Essex.
Carole Paulson, di Chelmsford Road, nella città di Brentwood, è stata coinvolta nell'incidente avvenuto a Shenfield Road venerdì pomeriggio.
La donna è stata portata al Queen's Hospital di Romford, ma è morta in seguito.
Dopo l'incidente, un uomo di 51 anni è stato arrestato per sospetto di guida negligente.
Da allora è stato rilasciato su cauzione.
La Turchia allarga gli orizzonti diplomatici
Molto prima che la Turchia tentasse di entrare nell'Unione europea, le potenze europee desideravano penetrare all'interno del paese.
Nella parte orientale del Bosforo, forse a soli 20 passi dall'Asia, si trova una delle più interessanti reliquie della disastrosa ambizione imperiale.
La stazione ferroviaria di Hydarpasha fu progettata da due architetti tedeschi, Otto Ritter e Helmut Conu, in stile neo-rinascimentale.
Almeno, questo è quello che dicono le guide.
L'edificio è posizionato a orologeria alla fine delle piattaforme e porta davanti due torri, una per ogni angolo, sembrando a tutti un tipico municipio tedesco.
La pietra è sporca.
L'edificio nel suo complesso è un po' in declino.
Ma una volta superato il box a volta, non c'è dubbio di quanto fosse grande l'azienda che questa era la porta più occidentale.
La stazione fu inaugurata nell'agosto del 1908 dal consorzio tedesco Anatolia-Baghdad Corporation.
La Germania, un "latecomer" nel gioco imperiale, aveva l'ambizione di dominare il Medio Oriente attraverso questa ferrovia che si estendeva fino a Damasco, Baghdad, e oltre in quello che oggi è l'Arabia Saudita.
Tuttavia, le ambizioni di questa Germania imperiale fallirono durante la prima guerra mondiale.
Le sue ferrovie furono attaccate da Lawrence d'Arabia e dai suoi arabi irregolari.
A causa del relativo isolamento delle regioni circostanti, generato dai confini congelati della Guerra fredda, è caduto sotto il controllo di un'altra regione, la Francia.
Il dominio britannico e quando le forze avanzate in Egitto, hanno spinto i turchi e i loro alleati tedeschi fuori dalla Palestina e dalla Siria.
La notizia è stata cattiva anche per la stazione di Hyderpasha.
Nel 1917 un treno di munizioni esplose distruggendo il suo elaborato tetto.
Le fonti turche hanno detto che si trattava di un sabotaggio.
Da allora la stazione è andata decadendo e rimasta al margine della storia.
Ma oggi, questa ferrovia, porta d'ingresso all'Anatolia e a tutti i centri orientali, serve - almeno simbolicamente - a sottolineare la volontà della Turchia di ampliare i suoi orizzonti diplomatici.
Il partito di governo, l'AKP, ha pianificato una nuova politica estera per il paese.
Il relativo isolamento delle regioni circostanti, generato dai confini congelati della Guerra Fredda, è scomparso.
Ora c'è una nuova politica di collaborazione.
Il governo turco mantiene ottimi rapporti con Israele e con la Siria, con le due fazioni palestinesi di Hamas e Fatah, con l'Iraq e l'Iran e, naturalmente, con l'Unione europea e gli Stati Uniti.
Per valutare i parametri di questa nuova politica estera, sono salito su una culla e sono andato nella capitale turca Ankara, per visitare uno dei leader dell'AKP, esperto di politica estera, il Primo Ministro turco Suat Kiniklioglu.
La mattina dopo, circa dieci ore e mezza dopo, dopo un viaggio di scossa, che ha prodotto le cadenze del mondo antico nel famoso documentario The Night Mail, sono arrivato nella capitale turca, una nuova città, pensata per governare un nuovo stato secolare, lontano dal passato ottomano.
Tuttavia, l'AKP, con le sue chiare radici islamiste, rappresenta un cambiamento di paradigma nel consenso turco.
che ha suscitato alcuni sospetti in Occidente e, in particolare, a Washington.
Un taxi mi porta alla sede dell'AKP, una struttura ultramoderna di pietra e acciaio - costruita ad hoc - in un sobborgo in via di sviluppo, circondata da centri commerciali costruiti a medio termine e "pasticcerie di potere" dove manager di classe media in abiti d'affari - uomini e donne - si incontrano la mattina presto per fare affari.
Suat Kiniklioglu potrebbe essere un politico di centro-destra di quasi tutti i partiti in Europa.
Abito, cravatta, sono sicuro che abbia ancora un Blackberry.
"L'obiettivo della politica estera del partito è quello di reintegrare la Turchia nel suo immediato vicinato.
La Guerra Fredda era un'anomalia", mi dice.
La Turchia è stata tagliata fuori dai rapporti con il suo interno.
Oggi deve guardare allo stesso tempo verso est e ovest.
Non è un caso se non è verso uno o l'altro.
Deve fare entrambe le cose.
"Ma sicuramente a un certo punto", gli chiedo, "la Turchia potrebbe essere costretta a scegliere?"
"La Turchia", risponde, "non vuole affrontare questa scelta".
Infine, sottolinea un punto che quasi tutti coloro con cui ho parlato finora mi avevano detto quasi a memoria: le relazioni della Turchia non solo con il Medio Oriente, ma con la regione del Caucaso e con tutto il Mar Nero, rappresentano un vantaggio per l'Europa e gli Stati Uniti, come per la Turchia stessa.
Il messaggio sembra essere questo: con la Turchia a bordo, l'Europa nel suo complesso può metaforicamente costruire quelle linee ferroviarie che aprono il mondo all'Asia orientale e al Medio Oriente.
Tornato alla stazione di Hydarpasha, dopo una seconda notte senza dormire, il mio pensiero ritorna ai due signori tedeschi, Herr Ritter e Herr Conu, che avevano assistito alla costruzione di questo edificio, 100 anni fa.
Quanto sarebbero stati sorpresi di sapere che le ambizioni europee in Medio Oriente, in gran parte, sarebbero oggi nelle mani della Turchia?
E mentre aspettavo al terminal il traghetto che mi avrebbe riportato indietro attraverso il Bosforo, ricordo che in quei giorni la Turchia era considerata "l'uomo malato d'Europa".
Quindi, non ci sono molti dubbi su quale sarà il continente a cui questo affascinante paese deve rivendicare.
Vita da ricordare: Vernon Handley e William Woodruff
Mark Brown scrive: come direttore musicale di Guildford dal 1962, Vernon "Tod" Handley (sinistra, 11 settembre) era responsabile dell'Orchestra Filarmonica di Guildford e del Coro.
Come parte del progetto musicale per la città, l'anno successivo fondò il suo magnifico coro giovanile, Proteus.
Dovrebbe essere per i sotto i 21 anni, ma quando il Proteus cantò il suo finale nel 1979, molti di noi stavano per finire i 20 anni - ci rifiutavamo solo di andare fino al coro.
Il nome di "Proteus" (l'essere mitologico che cambia le forme) rappresentava la volontà del coro e la capacità di eseguire qualsiasi musica che gli venisse presentata, sia madrigal o Messiaen, indipendentemente dal fatto che non fosse accompagnato o con un'orchestra completa.
La versatilità musicale prodotta da questo coro di giovani era spesso sorprendente, sempre emozionante, e tutto era dovuto all'ispirazione di quell'uomo e all'entusiasmo per la musica che è rimasto assolutamente costante nel corso degli anni.
Tod ci diceva spesso di "lasciare che la musica parli da sola".
Lui direbbe: "Il compositore sa cosa vuole.
E' tutto lì, nella musica.
Così si deve solo cantare!"
La sua bacchetta era sempre assolutamente chiara e precisa, anche se mai imponente, né troppo fiore.
Qualunque fosse il piano musicale, finisce sempre a un livello ancora più alto.
John Frayn Turner scrive:
Se c'è un autista che dovrebbe essere un gentiluomo, questo è Vernon Handley.
L'ho conosciuto molto bene durante i due decenni in cui diresse la Filarmonica di Guildford dal 1962 al 1982.
Specialmente negli ultimi 40 anni, ho rivisto più di 100 dei suoi concerti e posso dire onestamente che mai, per nessuno, sono stato deluso - al contrario, sono stato spesso ispirato da loro.
Tod Handley aveva quella rara combinazione di grandezza e estrema modestia personale.
Odiava i conducenti che, secondo le sue parole, "vendono solo uno o due cavalli da guerra molto noti in tutto il mondo".
Ci mancherà molto.
William Woodruff
Il professor John Beckett scrive:
nel suo seguito di William Woodruff (25 settembre) afferma che "nel 1946 riprese gli studi di storia economica a Oxford e nel 1950 vinse una borsa di ricerca di Houblon-Norman... allo stesso tempo stava studiando per un diploma di laurea, un master e un dottorato".
Questo si impara da una nota dell'autore di Woodruff su Beyond Nab End, ma non è del tutto corretto.
Dal 1946 al 1953 fu professore di storia economica all'Università di Nottingham, periodo durante il quale completò una tesi di dottorato sull'industria della gomma britannica, supervisionata dal professor J.D. Chambers, e successivamente pubblicata nel 1958 con il titolo The British Rubber Industry.
Trascorse gli anni tra il 1950 e il 51 negli Stati Uniti, godendo di una borsa di studio di Houblon-Norman, e l'estate del 1952 alle università dell'Illinois, Harvard e New York.
Nel 1953 lasciò definitivamente Nottingham per l'Illinois.
La ragione per cui Woodruff ha scelto di ignorare questa parte della sua carriera, rimane sconosciuta.
J. Vicente Resino presso la Facoltà di Filologia
"Ricomando la mostra di José Vicente Resino "Flamenco e vita" perché le sue fotografie in bianco e nero, in stile documentario, sono fantastiche.
Mi hanno colpito per la loro semplicità e la forza che trasmettono, trattando sempre i protagonisti con grande rispetto.
Un'esposizione che mostra molto sentimento.
Resino sa catturare momenti magici".
Secondo assalto per la vendita di supermercati Honda
Nel mese di novembre Honda inizierà la commercializzazione della seconda generazione della Jazz.
Se il suo predecessore aveva già una grande area di abitazione, questo nuovo monovolume presenta uno spazio interno ancora più ampio.
A tutto ciò si aggiungono meccaniche raffinate, che aumentano il comfort di guida e permettono di risparmiare più carburante.
Evoluzione contro rivoluzione.
Ecco la seconda generazione della Honda Jazz.
Anche se esteticamente il nuovo Jazz presenta una linea molto simile al modello che succede, i cambiamenti introdotti in questo monovolume sono numerosi.
Tra gli altri, si segnalano un design innovativo, una nuova piattaforma, dimensioni maggiori e nuove meccaniche.
Tuttavia, prima di analizzare il nuovo modello è necessario commentare che questo nuovo Jazz arriva sei anni dopo aver introdotto sul mercato la prima generazione.
Una prima osservazione è quindi che Honda ha rinnovato questo modello in un periodo più breve rispetto a quello impiegato da altri produttori.
Anche se in Europa il Jazz è meno conosciuto, in altri mercati questo modello è un fenomeno di vendita.
Questo è il caso del Giappone, paese dove il Jazz è stato la vettura più venduta nel 2002 e anche nel corso di questo 2008.
In Giappone, da quando è stato lanciato, si sono vendute circa un milione di Jazz.
Il secondo mercato è stato quello del Vecchio Continente, con circa mezzo milione di unità in sei anni.
Tuttavia, Honda intende che questo nuovo Jazz permetta di aumentare le vendite all'interno del segmento.
Così, mentre nel 2007 la casa giapponese ha commercializzato un totale di 83.000 unità del Jazz, nel 2009 le stime indicano 100.000 auto, il che comporterebbe una crescita del 17% sul mercato europeo.
Per quanto riguarda il mercato spagnolo, Honda ha commercializzato un totale di 8.000 Jazz dal 2002, pari al 6,7% delle vendite totali di Honda in Spagna.
Per quanto riguarda la nuova generazione, i responsabili della filiale spagnola si aspettano di vendere 2.000 unità del Jazz in un anno intero.
Proprio l'arrivo del nuovo Jazz permetterà a Honda di alleviare in larga misura il calo delle vendite in Spagna.
Infatti, i responsabili del marchio si aspettano di concludere l'anno con un totale di 22.000 unità commercializzate, il che rappresenta 4.000 in meno rispetto al 2007, una diminuzione del 16%.
Nonostante questo aumento delle vendite Honda ha aumentato la sua quota di mercato in Spagna, raggiungendo l'1,8%, rispetto all'1,6% dello scorso anno.
La società giapponese prevede di raggiungere il 2% nel 2010.
Per raggiungere questo quota Honda si affida all'arrivo di un altro nuovo modello.
Si tratta dell'Insight, un ibrido a cinque porte e di dimensioni compatte - 4,37 metri di lunghezza - di cui la compagnia giapponese prevede di commercializzare circa 200.000 unità all'anno in tutto il mondo.
Per mercati e secondo le stime del produttore giapponese, il 50% delle vendite dell'Insight sarà prodotta negli Stati Uniti, mentre la percentuale rimanente sarà ripartita tra il Vecchio Continente e il Giappone.
Il lancio commerciale di Insight è previsto per i primi mesi dell'anno, una volta che sarà presentato in società nel mese di gennaio a Valencia.
Rispetto alla prima generazione, il nuovo Jazz cresce a tutti i livelli.
La lunghezza della nave è di 3,90 metri (più cinque centimetri), la larghezza di 1,69 metri (più due centimetri) e la distanza tra le ruote di 2,50 metri, il che rappresenta un aumento di cinque centimetri.
L'altezza, invece, non varia e rimane a 1,52 metri.
Insieme all'aumento delle dimensioni, cresce anche la abitabilità interna.
Questo guadagno è dovuto, da un lato, all'inserimento di una nuova piattaforma e, dall'altro, all'introduzione del serbatoio di carburante in posizione centrale, soluzione anch'essa adottata nella precedente Jazz.
Inoltre, la capacità del bagagliaio - dotato di sistema a doppio fondo - si aggira fino a 399 litri, 19 litri in più rispetto alla capacità del bagagliaio della prima generazione.
Va notato che queste misure sono della versione con motore 1.4, poiché la capacità del bagagliaio della Honda Jazz 1.2 è di 379 litri.
Altri miglioramenti - oltre agli elementi esterni come i led posteriori o la possibilità di montare il vetro panoramico - è un miglioramento nell'accesso ai posti posteriori.
E' che le porte che danno accesso alla seconda fila presentano un angolo di apertura di 80 gradi, contro i 67 gradi del primo Jazz.
Sono anche nuovi i motori in questa seconda generazione del Jazz.
All'inizio della sua commercializzazione, questo piccolo modello avrà due propulsori a benzina da 1,2 e 1,4 litri.
Entrambe le meccaniche incorporano la tecnologia i-VTEC che consente un consumo inferiore, emette meno anidride carbonica, raggiunge un'eccellente raffinatezza meccanica e allo stesso tempo ottiene una alta coppia in tutto il regime del motore.
La prima meccanica da 1,2 litri ottiene una potenza di 90 cavalli a 6.000 giri con una coppia massima di 114 Nm a 4.900 giri.
Questo propulsore - che in precedenza Jazz raggiungeva 78 cavalli - presenta un consumo di 5,3 litri e emissioni di 125 grammi di CO2.
Rispetto al precedente propulsore, che nella generazione precedente raggiungeva 83 cavalli, ora ne ha 100.
Questo Jazz 1.4 da 100 cavalli consuma un consumo combinato di 5,4 litri e 128 grammi di CO2.
La 'auto-ape' che evita le collisioni
Per sviluppare tecnologie per la prevenzione degli incidenti, Nissan si è ispirata, questa volta, alla natura, in particolare alle api.
Una società giapponese ha creato un robot che, basandosi sul volo delle api, evita gli incidenti.
Questo è il Bio-Mimetic Car Robot Drive, o BR23C, che rappresenta il primo passo nelle tecnologie di prevenzione delle collisioni.
Gli ingegneri del Centro Tecnico Avanzato della Nissan Motor Co. hanno sviluppato questo piccolo robot in collaborazione con il Centro di Ricerca per la Scienza e la Tecnologia Avanzate della prestigiosa Università di Tokyo, in Giappone.
Secondo Kazuhiro Doi, direttore generale delle relazioni pubbliche per la tecnologia e la ricerca e sviluppo della gestione del marchio, il BR23C è presentato come un ampliamento dello scudo di sicurezza di quattro aree di Nissan.
Questo robot intende rafforzare la capacità di prevenzione delle collisioni dei veicoli della marca.
Durante il volo, ogni ape crea il proprio spazio personale a forma ovale che assomiglia molto allo scudo di sicurezza Nissan.
Ma la cosa più importante sono gli occhi composti dell'ape, in grado di vedere con un angolo di oltre 300 gradi in tutte le direzioni, permettendole di volare senza interruzioni all'interno del proprio spazio personale.
Per ricreare questa funzione visiva, gli ingegneri hanno progettato quello che hanno chiamato un localizzatore laser (Laser Range Finder).
Questo rileva gli ostacoli che si trovano a due metri di distanza all'interno di un raggio di 180 gradi davanti al BR23C, calcola la distanza fino a tale oggetto e invia un segnale a un microprocessore di bordo che, immediatamente, si traduce nella prevenzione della collisione.
"Il momento in cui rileva un ostacolo, il piccolo robot imita i movimenti di un'ape e cambia immediatamente direzione girando le ruote ad un angolo retto o superiore per evitare la collisione.
La differenza più grande con qualsiasi sistema esistente è che la manovra di evasione è totalmente istintiva.
In caso contrario, il robot non sarebbe in grado di reagire abbastanza rapidamente per evitare gli ostacoli", spiega Toshiyuki Andoh, direttore del Laboratorio di Mobilità e principale ingegnere di questo progetto.
A differenza di un'ape, il robot non può girare in alto o in basso, né in diagonale; può muoversi solo in due dimensioni e nella direzione che gli permette di ruotare le sue ruote e non in infinite direzioni e modi come le api.
Per questo motivo, Nissan ha utilizzato una funzione di rotazione, oltre all'accelerazione e alla decelerazione, per evitare che il piccolo robot si scontra.
"Questo dispositivo ha solo bisogno di elaborare informazioni ogni pochi secondi, e agire in base a tali dati.
Non richiede di memorizzare informazioni né logica intuitiva di manovre precedenti, quindi può funzionare continuamente con solo un paio di dozzine di KB di memoria.
Questo può sorprendervi, ma non stiamo parlando di giga di memoria, né nemmeno di mega".
Questo è il primo passo per sviluppare nuove tecnologie di prevenzione istantanea delle collisioni, una tecnologia che Nissan prevede di introdurre nelle auto di serie entro dieci anni.
Il robot utilizza batterie di polimeri di litio, che sono più leggere e durano più a lungo rispetto alla varietà di ioni di litio.
Un'altra possibile applicazione futura di questa tecnologia potrebbe essere l'integrazione dell'unità con un sistema GPS di navigazione satellitare per guidare il conducente alla sua destinazione evitando gli ostacoli sulla strada.
Trema prima di ipotecarti
Bisogna riconoscere che il Dipartimento del Tesoro degli Stati Uniti, oltre ad avere molto liquido per fare iniezioni, non è privo di ingegno.
In vista della crisi, e per evitare che gli americani si imbarchino in mutui spazzatura presso banche di solvibilità discutibile, hanno creato un divertente e informativo gioco per il browser: 'Bad Credit Hotel'.
Cioè, l'Hotel dei cattivi crediti... o del casino.
L'aspetto inquietante di questo alloggio e soprattutto del suo receptionist è quello di pensare una, due e anche tre volte se è il momento di chiedere un credito.
E soprattutto, dove farlo, cosa è probabilmente il suo obiettivo.
È vero che ha informazioni utili, ma poco dettagliate.
E' piu' un sito per adolescenti che per tutti i pubblici.
E se il gioco viene completato?
Beh, c'è una stanza da sogno all'interno dell'hotel.
Qualcosa è qualcosa, perché non si parla di comprare una casa migliore.
Morgan Stanley vende una quota al giapponese MUFG
Morgan Stanley ha annunciato l'entrata in capitale di Mitsubishi UFJ Financial Group (MUFG), la prima banca giapponese, che verserà nove miliardi di dollari per acquisire il 21% del suo capitale, una notizia che è stata accettata con una forte caduta della sua quotazione in borsa.
Una settimana dopo aver scoperto un accordo provvisorio, le due banche hanno spiegato che MUFG avrebbe acquistato il 9,9% delle azioni ordinarie Morgan Stanley al prezzo unitario di 25,25 dollari, ovvero un importo di tre miliardi di dollari.
Il prezzo concordato è inferiore al 19% del valore contabile dei titoli al 31 agosto.
MUFG investirà 6 miliardi di dollari in titoli convertibili, garantendo un rendimento del 10% e un prezzo di conversione di 31,25 dollari.
Morgan Stanley ha precisato che l'operazione globale si baserà su un prezzo unitario di misura di 29 dollari, pari al 28 per cento al di sopra del tasso attuale.
Le azioni Morgan Stanley hanno comunque perso il 6,79% a 23,07 dollari ciascuna alle 17:00 GMT.
"Questa alleanza strategica rappresenta un'importante opportunità per accelerare la transizione di Morgan Stanley verso lo status di holding bancaria", ha spiegato Juan Mack, amministratore delegato del gruppo americano.
Morgan Stanley ha adottato questo nuovo statuto la settimana scorsa, che dovrebbe permettergli di diversificare le sue attività, ma lo fa passare sotto l'autorità della Federal Reserve.
La sua alleanza con MUFG conferma anche che l'attuale crisi finanziaria costringe i più grandi nomi di Wall Street ad adottare un comportamento molto più prudente di prima.
Le modalità presentate lunedì scorso mostrano inoltre che l'accordo è stato modificato negli ultimi giorni: lunedì scorso, Morgan aveva annunciato che avrebbe venduto fino al 20% delle sue azioni ai giapponesi per quasi 8,5 miliardi di dollari.
"Una settimana fa", ha spiegato a Tokyo Toshihide Mizuno, amministratore delegato di MUFG, "sembrava che la partecipazione fosse composta solo da azioni ordinarie.
Ma, in considerazione della situazione attuale dell'economia e del mercato, abbiamo voluto ridurre al minimo i rischi e coprirci. "
Sulla base del prezzo medio ponderato, MUFG pagherà i titoli Morgan Stanley un 7% al di sotto del loro valore contabile.
E l'operazione si tradurrà in una diluizione di circa il 20% del profitto per azione.
L'accordo prevede che MUFG potrà convertire entro un anno metà dei suoi titoli preferenziali in azioni ordinarie se queste vengono vendute più del 50% al di sopra del prezzo di conversione, ossia a circa 47 dollari, durante un dato periodo.
Morgan Stanley sostiene che i capitali erogati da MUFG consentiranno di cogliere opportunità di investimento, rafforzare il bilancio e aumentare la liquidità.
Un portavoce del gruppo ha tuttavia rifiutato di fornire dettagli sui progetti strategici dei due nuovi alleati.
Dopo l'investimento di MUFG, Morgan Stanley dovrebbe mostrare un solvibilità di primo livello di circa il 15%, uno dei migliori del settore.
Morgan ha dovuto ridurre notevolmente il suo bilancio dalla fine di agosto.
Le ultime settimane sono state faticose per il gruppo, che ha visto la sua quotazione in borsa scendere a metà mentre il costo della sicurezza contro un rischio di difetti sul suo debito si alzava.
Il costo è diminuito lo scorso lunedì, ma è rimasto elevato, intorno al 12%.
La scorsa settimana, Goldman Sachs, l'unico altro "survivante" delle grandi banche di investimento di Wall Street dopo il fallimento di Bear Stearns e Lehman Brothers e l'acquisto di Merrill Lynch, ha annunciato di aver raccolto 15 miliardi di dollari, in parte per Berkshire Hathaway, il gruppo di Warren Buffett.
Rafael Correa a Quito, questo lunedì.
Rifondare la repubblica sul socialismo del XXI secolo.
Questo è il progetto comune del venezuelano Hugo Chávez, del boliviano Evo Morales e dell' ecuadoriano Rafael Correa.
Questa domenica, a esempio dei suoi colleghi e amici, è la terza che mette al voto un progetto per una nuova Costituzione.
Missione compiuta, visto che il 64% degli elettori ha votato "sì" al referendum, secondo i risultati ufficiali che si riferiscono all'80% dei voti.
Secondo questi risultati, il "no" ha ottenuto il 28%, il 7%, dei voti, erano voti vuoti e lo 0,7%, voti bianchi.
Per far approvare il progetto di Costituzione, doveva ottenere la metà dei voti più uno.
Domenica, due sondaggi effettuati all'uscita dei seggi elettorali e un conteggio da parte di un'organizzazione non governativa avevano annunciato una vasta vittoria del "sì", stimandolo tra il 63% e il 70%.
Rafael Correa aveva rivendicato la vittoria del suo progetto di Costituzione nella notte di domenica a lunedì.
"La Costituzione ha trionfato in modo schiacciante", aveva affermato, congratulando gli ecuatoriani che guidano il governo di Guayaquil, a 280 chilometri a sud-ovest di Quito.
Così, Rafael Correa è stato congratulato da Chávez e Morales ma anche dalla sua collega cilena Micaela Bachelet.
Le elezioni, che si svolgeranno in piena tranquillità, secondo la missione di osservazione dell'Organizzazione degli Stati americani (OEA), si riferiva a un testo di 444 punti che consolidavano il "nuovo socialismo" difeso dal presidente.
Il progetto di Costituzione prevede l'aumento del potere dello Stato sull'economia, riservandogli la "pianificazione dello sviluppo" di un paese che vive essenzialmente grazie all'estrazione di petrolio da parte di compagnie straniere e grazie alle valute mandate dai suoi emigrati.
Sotto la guida di Correa, eletto nel 2006, il progetto conferisce poteri rafforzati al capo dello Stato, che potrà svolgere fino a due mandati consecutivi di quattro anni ciascuno e ha la possibilità di sciogliere l'Assemblea.
Correa ha già annunciato che avrebbe usato questo potere e avrebbe pretenduto un nuovo mandato nel febbraio 2009.
La Costituzione consolida inoltre il principio della gratuità dei servizi sanitari e educativi che il presidente ha iniziato a introdurre in questo paese di 13,9 milioni di abitanti, in cui il 50% della popolazione vive sotto la soglia di povertà.
Infine, prevede l'interdizione della presenza di truppe straniere, mettendo fine all'accordo tra Quito e Washington per l'uso di una base ecuadoriana come punto di partenza delle operazioni antinarcotiche americane.
Le 19 persone rapite sono state rilasciate in Ciad
Un comando egiziano ha lanciato l'assalto contro i rapitori degli undici turisti e dei loro otto accompagnatori catturati dieci giorni fa.
Sono al Cairo.
Gli undici turisti europei e le loro otto compagne egiziane, rapiti dieci giorni fa nel deserto, sono arrivati salvi nella capitale egiziana dopo essere stati rilasciati lunedì pomeriggio.
La mattina dopo erano stati liberati dalle forze speciali egiziane in Ciad.
Tutti in buona salute quando sono arrivati alle 15:30 a bordo di un aereo speciale alla base militare di Al Maza, adiacente all'aeroporto internazionale del Cairo.
Gli elicotteri li hanno trasportati immediatamente all'ospedale di Maadi, un quartiere residenziale del Cairo, per essere sottoposti a test medici, per cui non sono stati in grado di parlare con la stampa.
"Sono in buona salute" e "non è stato pagato alcun riscatto" ai rapitori, ha dichiarato all'aeroporto il ministro egiziano del Turismo, Zoheir Garana.
Il 19 settembre questi ostaggi sono caduti nelle mani di 35 rapitori sconosciuti mentre si divertivano in un safari in fuoristrada in una zona deserta ai piedi del monte Ouanat, ai confini di Egitto, Sudan e Libia, e da allora sono passati da uno Zulu all'altro.
Il gruppo era composto da undici turisti -cinque italiani, cinque tedeschi e una rumena- e otto egiziani: due guide, quattro autisti, un guardia di frontiera e il direttore dell'agenzia di viaggio Aegyptous, responsabile dell'organizzazione del safari.
Un funzionario della sicurezza egiziana ha riferito che 30 membri delle forze speciali, trasportati a bordo di due elicotteri, avevano lanciato l'assalto durante la notte prima dell'alba.
"Si è verificato uno scambio di colpi di arma da fuoco, e la metà dei rapitori è stata uccisa, gli altri sono fuggiti", ha detto l'ufficiale che ha voluto rimanere anonimo.
Secondo lui, 150 membri delle forze speciali egiziane dell'unità "lampo" sono stati inviati in Sudan, dove hanno avuto il sostegno di comandanti tedeschi e italiani.
Il ministro degli Esteri italiano, Franco Frattini, ha parlato a Belgrado del ruolo svolto dagli agenti segreti e dai membri delle forze speciali italiane.
"Dobbiamo riconoscere che abbiamo ottenuto questo risultato grazie alla professionalità e all'efficacia dei nostri uomini dei servizi segreti, delle forze speciali", ha dichiarato senza entrare in dettaglio.
Ha anche smentito il pagamento di un riscatto.
Il giorno prima l'esercito sudanese ha affermato di aver intercettato durante una pattuglia un fuoristrada a bordo del quale si trovavano i rapitori, dei quali ha ucciso sei, tra cui il capo ciadese e arrestato due.
Ha anche affermato che erano collegati a un gruppo ribelle del Darfur, il Movimento per la Liberazione del Sudan-Unità (SLA-U), una affermazione immediatamente smentita da questo gruppo.
Lettere - La maggioranza silenziosa della cultura
Un dibattito sul finanziamento della cultura fa la voce della stampa e occupa la campagna elettorale in corso.
Meglio così.
Ma un settore della nostra vita culturale rimane sempre dimenticato.
Chi si alzerà per denunciare le miserevoli somme che vengono concesse ai piccoli musei, agli archivi, agli scavi archeologici o ai siti storici nazionali che muoiono di fame?
Quale politico oserà ricordare al governo federale di trascurare i suoi monumenti e i suoi edifici patrimoniali?
Perché non abbiamo leggi reali che preservino effettivamente il nostro patrimonio come in Canada e in Quebec?
Lo sapevate che il governo francese ha stanziato tre milioni e mezzo di euro per restaurare solo il castello di Chinon nella valle della Loira?
Negli Stati Uniti, è scritto nella loro Costituzione che la protezione del patrimonio è parte della cultura degli americani e che questo patrimonio deve essere protetto da tutti i cittadini, da tutti gli eletti e da tutti i dipartimenti governativi, e tutto questo in concertazione.
In Quebec, nella Federazione delle Società di Storia del Quebec, almeno 40.000 persone di buona volontà, raggruppate in 211 società di storia, patrimonio, archivi e genealogia, si occupano di ricercare nella storia, di preservare a basso costo un mucchio di archivi privati e di preservare vestigia archeologiche.
Sono queste le persone che sono spesso i cani guardiani del nostro patrimonio, che protestano con energia e disperazione quando promotori e responsabili lanciano i loro bulldozer contro le nostre vecchie pietre e i nostri cimiteri dimenticati.
Per quando, un monumento alla storia e al patrimonio?
I governi dei Paesi Bassi nazionalizzano una parte della Fortis Bank.
Gli Stati dei Paesi Bassi, primi in Europa, hanno dato il loro aiuto per la nazionalizzazione della banca belga-olandese Fortis, in difficoltà a causa dell'effetto della crisi dei mutui sul mercato nordamericano.
Questo fine settimana i governi del Belgio, del Lussemburgo e dei Paesi Bassi hanno avuto consultazioni al più alto livello con il presidente della Banca centrale europea e con il responsabile della concorrenza economica della Commissione europea.
Fortis Bank è stata la prima a subire la crisi dell'area euro nel quadro della crisi finanziaria internazionale che si è verificata in varie fasi da oltre un anno, e le decisioni adottate nei confronti della Banca possono quindi in un certo senso essere considerate precedenti.
Secondo la decisione presa domenica mattina, i tre Stati acquisteranno circa la metà (49 per cento) della proprietà della Banca nella loro zona.
La Banca è certa di vendere parte delle sue attività, tra cui soprattutto le attività - soprattutto assicurative - acquistate lo scorso anno dalla società olandese ABN Amro.
Le azioni del Fortis hanno iniziato un forte calo la scorsa settimana e per la seconda metà della settimana si vedevano già importanti segni di crisi nell'istituzione.
Tuttavia gli analisti concordano nel dire che con i suoi 85.000 dipendenti questa banca è troppo grande per permettersi di fallire.
Le azioni della compagnia sono scese solo venerdì del 12%, il punto più basso degli ultimi 14 anni.
Dal gennaio il valore delle azioni è diminuito di oltre due terzi.
Osservando i prezzi attuali delle azioni, il valore totale del capitale del gruppo sul mercato è di circa 14 miliardi di euro, ma secondo gli esecutivi della società questo non è reale.
La direzione della Banca ha attribuito il brusco crollo delle azioni di Fortis alle incertezze del mercato nordamericano in relazione all'approvazione del piano di pacchetto americano di 700 miliardi di dollari.
Lunedì le azioni hanno mostrato un leggero aumento.
Venerdì Filip Dierckx è stato nominato nuovo direttore generale della banca.
La Banca ha anche cercato investitori privati, ma finora nessuno ha fatto un'offerta concreta.
Il governo belga aveva già assicurato in precedenza che gli investitori non avevano nulla da temere, non avrebbero perso i loro soldi.
Tra i clienti della Banca finora non si è verificato alcun panico, non hanno invaso gli uffici bancari per prelevare i loro soldi.
Fortis ha una propria filiale in Ungheria e ha anche acquistato società di leasing.
La volpe nel pollaio
Negli Stati Uniti, le compagnie di assicurazione sulla vita e sulla salute, vedendo i dati di acquisto di farmaci, spesso rifiutano di firmare un contratto di assicurazione.
Gli esperti di politica sulla privacy temono che il mercato dei dati personali possa diventare incontrollabile.
"Esistono programmi di protezione dei dati personali, che in tutti i casi legano l'uso dei dati delle ricette all'approvazione della persona.
La medicina deve essere in mani indipendenti, altrimenti "condizioneremo il pollaio al volpo", cita il Washington Post Richard Dick, progettista del programma di monitoraggio delle prescrizioni mediche.
Le compagnie assicurative fanno dipendere il prezzo dell'assicurazione e l'importo di indennizzo dalla salute del cliente e se credono che il rischio sia eccessivo, semplicemente non fanno il contratto.
Prima hanno mandato il cliente a un controllo medico e hanno firmato con lui il contratto conoscendo già il risultato del controllo.
Dick ha inventato dieci anni fa una procedura molto più economica: con il numero di identificazione del cliente ottiene facilmente dalle farmacie la lista dei farmaci acquistati nell'ultimo anno e mezzo e il programma stesso trae conclusioni sulle malattie e sullo stato di salute del cliente.
Ad esempio, se si assumono regolarmente dosi elevate di pillole per abbassare il colesterolo, questo indica che il livello di grasso nel sangue è praticamente incurabilmente alto, e si è immediatamente inseriti in una categoria a rischio superiore.
Ci sono numerose versioni del programma, alcune delle quali stabiliscono anche un numero di rischio, quindi la compagnia assicurativa oltre all'amministrazione ha poco da fare, anche se ci sono piccole difficoltà al riguardo.
Tra gli svantaggi del programma vi è ad esempio il fatto che alcuni farmaci sono multiuso, ad esempio alcune sostanze servono sia per trattare il mal di testa che per le ondate di calore e anche come antidepressivi.
L'ultimo è un importante fattore di aumento del rischio per le compagnie assicurative, mentre il primo non lo è.
Per consultare e elaborare questi dati sono state costituite società speciali che, prima di acquistare dalle farmacie le informazioni necessarie, chiedono l'approvazione del paziente.
Le autorità li costringono a farlo, anche se non hanno ricevuto una multa per la negligenza finora.
Di recente alcune aziende hanno anche elaborato i risultati dei test di laboratorio e, unendoli ai dati relativi al consumo di farmaci, hanno ottenuto informazioni più precise sullo stato di salute del paziente.
Sempre più aziende hanno accesso a questi dati e contemporaneamente è sempre più difficile controllare il loro utilizzo.
Esiste una legge esclusiva per la protezione dei dati personali sulla salute, ma si applica solo alle compagnie di assicurazione e alle società che forniscono servizi sanitari.
Il progetto di legge che dà diritto all'autorità di controllo delle imprese specializzate nella fornitura di dati personali è già in discussione al Congresso.
Dick Richard riconosce che questo è insufficiente: ha quindi sviluppato il suo programma, che richiederà l'approvazione specifica della persona per la fornitura dei propri dati personali.
È un'altra cosa che tale persona non può negare la sua approvazione, perché altrimenti le compagnie assicurative non firmeranno il contratto con lui.
Così le galline, nonostante tutto, sono esposte alla buona volontà della volpe.
Menù globale di Marsiglia
L'Unione europea raddoppia il commercio con l'India
Poiché l'Unione europea e l'India sono reciprocamente partner commerciali, questo tema, oltre ad altri problemi per lo più globali, ha dominato l'ordine del giorno del nono vertice.
Oggi si terrà anche un vertice franco-indiano, per trattare principalmente della cooperazione nel settore dell'energia nucleare.
Anche se l'Unione europea riconosce che l'India è una grande potenza democratica in via di sviluppo che dovrebbe avere più voce e voto negli affari internazionali, i paesi membri non sono ancora riusciti a raggiungere un comune denominatore su se dovrebbero sostenere Nuova Delhi come membro permanente del Consiglio di sicurezza dell'ONU.
Questa questione non è stata affrontata al nono vertice di Marsiglia, che ha avuto inizio ieri.
Il presidente francese Nicolas Sarkozy, presidente in carica dell'UE, il presidente della Commissione José Manuel Barroso e il rappresentante principale per la politica estera Javier Solana hanno ricevuto il Primo ministro indiano Manmohan Singh, con il quale hanno raggiunto un accordo per raddoppiare, in cinque anni, il loro scambio commerciale, che supera i 100 miliardi di euro.
Considerando che tra il 2000 e il 2007 il commercio di merci è aumentato da 25 a 55 miliardi di dollari, questo non è un obiettivo troppo ambizioso.
In questo modo sono stati armonizzati legalmente i 26 accordi bilaterali di aviazione civile esistenti con l'India, e così anche il trasporto aereo potrà volare in futuro.
L'India intende firmare il trattato di libero scambio con l'Unione entro la fine del 2009.
Sarkozy ha promesso di accelerare i negoziati.
L'obiettivo è il equilibrio, perché mentre l'UE è il primo partner commerciale dell'India, Nuova Delhi è solo al nono posto tra i partner commerciali dell'Unione.
Il vertice ha rivolto la sua attenzione agli affari globali.
Le due parti hanno condannato la situazione in Afghanistan e in Pakistan e il terrorismo in tutte le sue forme e hanno chiesto la convocazione di una conferenza delle Nazioni Unite.
Si è anche insistito per la conclusione del Doha trade liberalization round, anche se entrambe le parti hanno una grande responsabilità nel suo fallimento.
L'UE ha confermato di voler mantenere il proprio programma per l'energia e il clima, cioè di ridurre le emissioni inquinanti di almeno il 20% entro il 2020.
L'India è d'accordo, come la conferenza sul clima del prossimo anno dovrebbe raggiungere un accordo globale e ridurre fino al 2050 la produzione di gas serra del 50%.
La Commissione ha inoltre approvato la proposta di risoluzione presentata dal Parlamento europeo.
Oggi il capo del governo indiano si recherà nella capitale francese, dove firmerà un accordo per l'uso pacifico dell'energia nucleare.
Parigi si attende che le compagnie francesi ricevano ordini per un valore di venti miliardi di euro per costruire reattori nucleari.
Secondo le notizie dell'agenzia di stampa l'accordo sarebbe per un periodo di 15 anni.
A Francoforte più di trecento editori italiani
Forte presenza degli editori italiani alla fiera internazionale del libro di Francoforte.
Oltre 300 editori italiani parteciperanno alla 60a edizione della Buchmesse, il più importante incontro internazionale per lo scambio di diritti.
L'esposizione internazionale del libro di Francoforte attende per questa edizione oltre 7mila espositori provenienti da 102 paesi diversi che occuperanno i 171.790 metri quadrati della mostra con oltre 403.000 titoli in mostra e con la Turchia come ospite d'onore.
Il sottosegretario del Ministero dei Beni e delle Attività Culturali Francisco Maria Giro rappresenterà il governo italiano alla cerimonia di inaugurazione del padiglione italiano: l'Italia sarà istituzionalmente ed effettivamente presente con un punto Italia - 264 metri quadrati di spazio espositivo.
Seguirà un incontro con la stampa nella Room Struktur di padiglione 5.0 della Buchmesse, occasione per presentare numeri, tendenze e prospettive sullo stato delle case editrici in Italia.
Secondo i dati, il peso dei libri di autori stranieri diminuisce progressivamente rispetto alla produzione totale italiana, in particolare quella per adulti e adolescenti.
L'aereo di Steve Fossett, il milionario scomparso un anno fa, è stato ritrovato.
I resti dell'aereo di Steve Fossett, il milionario scomparso il 3 settembre 2007 mentre sorvolava il deserto del Nevada, sono stati ritrovati.
I resti sono stati trovati su un altopiano a 3000 metri di altitudine, nella zona della Sierra Nevada di Mammoth Lakes, sul confine tra California e Nevada.
All'interno dell'aereo, non c'erano resti umani.
Il commissario della contea di Madera, John Anderson, ha dissipato i dubbi che ancora restavano: "L'aereo è stato individuato, abbiamo inviato una squadra, e ora abbiamo la conferma che si tratta proprio di quello su cui Steve Fossett stava volando il giorno della sua scomparsa", ha detto in una conferenza stampa.
Il commissario ha precisato che non sono stati trovati resti umani né sull'aereo né nei dintorni.
Il miliardario, 63 anni, è stato presunto morto a febbraio.
L'ufficio americano per la sicurezza dei trasporti (NTSB) ha annunciato che poche ore dopo l'avvistamento dei resti, è stata inviata una squadra di ricercatori che ha identificato l'apparecchio: si tratta del Bellanca 8kcab, disperso dal 3 settembre 2007, quando Fossett è decollato da Yerington in Nevada per un volo di tre ore.
Ieri, sempre in California, non lontano dal confine con il Nevada, alcuni resti personali di Fossett sono stati trovati da una coppia vicino alla sua casa a Mammoth Lakes.
Sono due documenti con il nome di Fossett, entrambi emessi dalla Federal Aviation Administration dell'Illinois, contanti e un maglione.
La ricerca di Fossett era stata interrotta un mese dopo la sua scomparsa.
Il milionario si era conquistato un posto nella storia grazie a una lunga serie di prime.
Nel 2002, al sesto tentativo, era diventato il primo uomo a completare il giro del mondo su un pallone aerea: due settimane di volo solitario.
Tre anni dopo aveva fatto il giro del mondo in aereo senza scalo.
Tra i suoi record, anche quello di aver volato a 15.445 metri di altezza, sopra le Ande, ma con un co-pilota.
Glk, la pubblicità che non ti aspetti
Un SUV fuori dagli schemi con un design originale e ben stabilito con linee definite e angoli determinati.
È questo, in sintesi, il nuovo nascituro tra i furgoni "compatti" della casa della stella con cui Mercedes-Benz ha cercato di dare una finestra di novità in questo settore.
Proprio per il contenuto fuori dal tradizionale, sarà inaspettato e non convenzionale, la comunicazione che accompagnerà il lancio del SUV Glk, disponibile nelle sale espositive Mercedes-Benz dal prossimo 17 ottobre.
La campagna pubblicitaria che ha accompagnato il debutto della nuova auto ha lanciato una modalità di comunicazione inedita attraverso una campagna pubblicitaria in 3D, utilizzata per la prima volta in Italia da un marchio automobilistico.
Un progetto con maxi-poster, articolato in tre fasi diverse, che dominerà la strada centrale dello shopping milanese, via Como, fino al 15 novembre.
La prima fase di questo nuovo tipo di comunicazione inizierà con la presentazione della vettura in versione stereoscopica e grazie a speciali occhiali distribuiti sull'avenida Como sarà possibile vedere il nuovo SUV in dimensioni quasi reali e in formato tridimensionale.
In effetti, guardando le immagini si avrà l'impressione che la macchina esce dal poster.
Successivamente, grazie all'utilizzo dell'innovativa tecnologia Elumina8, la nuova Glk sarà illuminata in tempi diversi in tutti i suoi dettagli, per ricomporsi in una sola immagine.
Senza dubbio Mercedes con questa pubblicità sta cercando di introdurre qualcosa di nuovo nello stereotipo della comunicazione automobilistica.
Possiamo vedere se questa formula riuscirà a catturare l'interesse dei futuri acquirenti.
E' chiaro chi sono i teppisti italiani.
Nel Triveneto, si gioca il divieto di accesso alle manifestazioni sportive.
Ma chi sono quei 150-200 ragazzi e ragazze di cui l'Italia si vergogna ora? fanno parte del gruppo "Ultras Italia" che da anni segue la Nazionale italiana e che finora, a dire il vero, non ha mai creato troppi problemi.
E non avevano mai incontrato i tifosi del rivale.
Il gruppo di estrazione è a destra.
I promotori vengono dal Triveneto.
Di Verona, Padova, Trieste e Udine.
A questi di Sofia si è aggiunto un piccolo gruppo (poche unità, in realtà) della Campania e della Puglia.
Hanno bandiere a tre colori con la città di origine dei militanti: sabato sera sono state tolte per non essere identificate.
Si ispirano ai fan inglesi.
In Bulgaria hanno trovato un gruppo di veri fanatici nazisti, i del Levski.
La FIGC aveva messo a disposizione dei tifosi italiani 144 biglietti per la partita: tutti già con i nomi, quindi facilmente controllabili.
E il ministro dell'Interno aveva già controllato tutti: tra quelli che erano usciti per Sofia non esisteva nessuno con un Daspo (proibizione di accesso agli eventi sportivi) in quel momento, nessuno che gli fosse stato vietato di frequentare uno stadio.
A quattro tifosi italiani, che avevano precedenti di criminalità in stadi, è stato rifiutato il biglietto e anche il viaggio.
Ora il ministero dell'Interno aspetta di leggere gli atti della polizia bulgara per prendere provvedimenti: in questo caso, è possibile dare il Daspo (proibizione di accesso agli eventi sportivi) per almeno cinque anni ai tifosi arrestati o identificati per i disordini.
Un Daspo internazionale (proibizione di accesso agli eventi sportivi) che impedisce di frequentare non solo gli stadi italiani ma anche quelli di tutta Europa.
I nostri teppisti non metteranno più piede in uno stadio.
Per fortuna!
Ma ora c'è il timore dell'imitazione: che a quei pochi cinquanta, si aggiungano altri.
"Dobbiamo spegnere subito questo incendio e non legittimare chi si comporta in questo modo", sostengono dal Ministero dell'interno.
Per questo, "occhi ben aperti" soprattutto in vista della partita della Nazionale di mercoledì a Lecce".
In Puglia c'è anche un piccolo nucleo di sostenitori di Ultras Italia.
Domani si riunisce l'Osservatorio, martedì il Cams che può contare anche su una sezione dell'Aise (agenzia di informazione e sicurezza esterna, cioè il servizio segreto, che si occupa dei problemi negli stadi.
"I cori di Duce-Duce e il braccio alzato durante l'inno di Mameli?
Questo è il pensiero (espresso in modo infelice) di Domenico Mazzilli, da poche settimane direttore dell'Osservatorio del ministero dell'Interno (ha assunto il posto che prima era di Francesco Tagliente e poi di Felice Ferlizzi).
Mazzilli era stato capo della pubblica sicurezza di Trieste dove c'è un nucleo di sostenitori del gruppo Ultras Italia, fondato nel 2002.
È vero, come dice Mazzilli, che in Bulgaria non è un reato celebrare il Duce, ma sì, il comportamento di quei 150-200 tifosi è stato vergognoso.
"Non sono un sociologo  aggiunge il n.1 dell'Osservatorio  i reati vengono attribuiti nei paesi in cui si verifica.
Finora questo gruppo si è comportato bene, ora vedremo cosa è successo e lo terremo in considerazione per il futuro.
Ma parliamo anche dei fischi al canto dell'inno di Mameli: anche questi non sono un reato, ma se lo permettete non sono nemmeno di educazione... ".
