दत्तात्रेय नगर नगर निगम माध्यमिक विद्यालय के छात्रों ने काल्पनिक किला "दत्तगढ़" बनाकर अपनी कल्पना शक्ति का प्रदर्शन किया।
प्रिंसिपल संध्या मेदपल्लीवर के प्रोत्साहन से शिक्षकों और छात्रों ने मिट्टी से किला बनाया।
एमएनपीए शिक्षक संघ के अध्यक्ष राजेश गावरे ने पुरस्कार प्रदान करके स्कूल को सम्मानित किया।
रमेश सत्तपुते ने किले की जांच की।
निखिल कावले, दर्शन गेडेकर, साहिल मेश्राम जैसे छात्रों ने किले के निर्माण में भाग लिया।
जिला कला शिक्षक संघ के अध्यक्ष नरेन्द्र बराय, एक कैशियर शेखर वंसकर, गजानन मेहर के सदस्य अजय गुंडमवार ने छात्रों को मार्गदर्शन दिया।
नागर्सेवक, रीता मुल ने शुभचिंतकों के संदेश प्रस्तुत किए।
रोहतक, अखिलेश भारत जनवादी महिला समिति और डीवाईएफआई ने संयुक्त रूप से नौकरियों में भ्रष्टाचार, धोखाधड़ी और लूटपाट के खिलाफ राज्यव्यापी अभियान शुरू किया।
इस राज्यव्यापी हस्ताक्षर अभियान के माध्यम से राज्य भर में 10 लाख (1 मिलियन) हस्ताक्षर एकत्र किए जाएंगे और उन्हें राज्यपाल को सौंपा जाएगा।
हस्ताक्षर अभियान शुक्रवार को नए बस स्टैंड पर शुरू हुआ।
इस अवसर पर एसएफआई के राज्य सचिव मनोज कुमार, अंजू, समिति के जिला सचिव, युवा परिषद के राज्य संयुक्त सचिव विनोद देशवाल, सुमित, अंजू, राकेश कुमारी, गीता, सोनू, राजेश कुमार, संगीता, मीना, वीना मलिक, संगीता, हव्वा सिंह और अजीत उपस्थित थे।
शहर के बाहरी इलाके में स्थित मालोया गांव में एक बहुत दुखद घटना हुई, जहां एक नवविवाहित महिला ने पंखे से फांसी लगाकर आत्महत्या कर ली।
कोमल की शादी दो महीने पहले ही हुई थी।
पुलिस की जांच में पता चला कि कोमल अपनी आर्थिक स्थिति को लेकर चिंतित थीं और इसलिए उन्होंने यह कदम उठाया।
विवरण के अनुसार, कोमल की मृत्यु का विवरण तब सामने आया जब कोमल के एक चचेरे भाई उनके घर की तीसरी मंजिल पर कुछ सफाई करने गए।
पंखे से लटकती हुई लाश को देखकर लड़की ने चिल्लाकर तुरंत ससुराल वालों को इसकी सूचना दी।
कोमल को तुरंत मल्टी स्पेशियलिटी सरकारी अस्पताल, सेक्टर-16 ले जाया गया, जहां उन्हें पहुंचते ही मृत घोषित कर दिया गया।
कोमल के पति कुलविंदर बेरोजगार हैं।
आत्महत्या करने से पहले कोमल ने अपने बाएं हाथ पर हन्ना लगाकर लिखा कि वह अपनी इच्छा से आत्महत्या कर रही हैं क्योंकि उनके जीवन में कठिनाइयां उनके लिए बहुत ज्यादा थीं।
प्राप्त जानकारी के अनुसार, कोमल के पिता का कुछ साल पहले निधन हो गया था, उनकी मां मानसिक रूप से बीमार हैं और उनका भाई सरकारी स्कूल में पढ़ता है।
इस बीच, पुलिस ने शव को सेक्टर-16 में अस्पताल के शवगृह में रखा है।
केवल शव परीक्षण के बाद ही पुलिस मृत्यु का वास्तविक कारण पता लगा सकेगी।
श्रीलंका के चयनकर्ताओं ने आगामी सीमित ओवरों की श्रृंखला के लिए टीम के 16 सदस्यों का चयन किया है, जो 10 नवंबर से न्यूजीलैंड के खिलाफ होने जा रही है।
चयनकर्ताओं ने केवल एक नए चेहरे, 24 वर्षीय आसन प्रियंका को शामिल किया है, जबकि उन्होंने दो साल बाद डिमुथ करुणाराथण को भी टीम में वापस बुलाया है।
श्रीलंकाई टीम 10 से 21 नवंबर तक कीव के खिलाफ तीन वनडे और दो टी-20 मैच खेलेगी।
पहला और दूसरा एकदिवसीय मैच हंबनटोटा में खेला जाएगा, जबकि तीसरा एकदिवसीय मैच डंबुल्ला में खेला जाएगा।
दोनों टी-20 मैच पल्लेले में खेले जाएंगे।
यह ज्ञात तथ्य है कि इन दिनों शहर में चोरी की घटनाएं बढ़ रही हैं।
पिछले कुछ दिनों में यह सातवीं घटना है।
जिन सभी नवीनीकरण नवीनीकृत और वैध ड्राइविंग लाइसेंस (डीएल) तैयार हैं, जहां तस्वीरें दी गई हैं, उन्हें 30 सितंबर तक जमा कर दिया गया है।
यह सूचना डीटीओ कार्यालय के डिलीवरी काउंटर पर रखी गई है।
यह स्पष्ट है कि डीटीओ कार्यालय स्वयं स्वीकार करता है कि डीएल एक महीने के बाद वितरित किए जाते हैं, जबकि सेवा अधिनियम में यह निर्दिष्ट किया गया है कि समय सीमा सात दिन है।
इसका अर्थ है कि आवेदन के सात दिनों के भीतर डीटीओ कार्यालय को तैयार डीएल आवेदक को देना होगा।
अगर हम जमीनी वास्तविकता के बारे में बात करें तो स्थिति और भी खराब है।
बहुत से ऐसे आवेदक हैं जिन्हें एक महीने के बाद भी डीएल नहीं दिया गया है।
ऐसे आवेदकों की संख्या अनगिनत है जो दो से तीन महीने तक कार्यालय में घूमते रहते हैं।
आपको पता चल जाएगा कि ऑफिस में स्थिति कितनी खराब है, क्योंकि डिलीवरी काउंटर पर नोटिस के बारे में डीटीओ अनिल गर्ग के पास कोई जानकारी नहीं है।
उनका दावा है कि डीएल दिए गए समय सीमा के भीतर वितरित किए जा रहे हैं।
जब उनसे पूछा गया कि यह नोटिस क्यों लगाया गया है तो उन्होंने कहा कि उनके पास इस संबंध में कोई जानकारी नहीं है।
फेडरल रिजर्व द्वारा अपनी राहत पैकेज के साथ अमेरिकी अर्थव्यवस्था का समर्थन जारी रखने के फैसले ने विदेशी निवेशकों के बीच उत्साह पैदा किया है, जिसने बदले में गुरुवार को घरेलू शेयर बाजार को इतिहास बनाने में मदद की है।
बॉम्बे स्टॉक एक्सचेंज, सेंसेक्स में 130.50 अंक की वृद्धि से 21,164.52 अंक और नेशनल स्टॉक एक्सचेंज में 47.45 अंक की वृद्धि से 6299.15 अंक पर पहुंच गया।
उपभोक्ता वस्तुओं, बैंकिंग, धातु, तेल, प्राकृतिक गैस और बिजली के शेयरों ने बाजार को उबरने में मदद की है।
सेंसेक्स में शामिल तीस कंपनियों में से केवल नौ ने घाटा दर्ज किया जबकि बाकी ने लाभ का आनंद लिया।
यह तथ्य पर्यावरण संरक्षण बोर्ड की जांच के बाद सामने आया।
पिछले साल दीपावली के दौरान विभिन्न स्थानों पर हुई जांच में पता चला कि शोर प्रदूषण 100 डेसिबल तक पहुंच गया।
सामान्य दिन में यह आमतौर पर 55 डेसिबल होता है।
हर साल पटाखों के शोर या जोर शोर से डीजे संगीत के कारण शोर प्रदूषण का स्तर बढ़ता है।
सरकार द्वारा लगाए गए प्रतिबंधों के बाद भी लोग खुले तौर पर हाई डेसिबल क्रैकर बेचते और खरीदते रहे हैं।
उपरोक्त गतिविधियों का प्रबंधन और रोकथाम स्थानीय एस.डी.एम. की जिम्मेदारी है, लेकिन वे जरूरत पड़ने पर भी इस जिम्मेदारी से बचते हैं।
पर्यावरण संरक्षण बोर्ड ने पिछले साल दिवाली के दौरान ट्रैफिक पुलिस स्टेशन के पास शोर प्रदूषण को मापा था।
यह जांच 10 नवंबर को दीपावली से पहले अलग-अलग समय पर की गई थी।
न्यूनतम शोर स्तर 72.5 डेसिबल और अधिकतम 83.6 डेसिबल पाया गया।
इसी तरह, दिवाली के दौरान 13 नवंबर 2013 को अधिकतम ध्वनि स्तर 87.7 डेसिबल और न्यूनतम 80 डेसिबल था।
दीपावली के दौरान शोर प्रदूषण का अधिकतम 100.3 डेसिबल और न्यूनतम 72.1 डेसिबल दर्ज किया गया।
सामान्य दिन में शोर प्रदूषण का अधिकतम स्तर 65 डेसिबल था जबकि न्यूनतम 55 डेसिबल पाया गया।
दुर्भाग्य से, लोगों को बढ़ते शोर प्रदूषण के स्तर की परवाह नहीं है और वे उच्च डेसिबल पटाखे खरीदते रहते हैं।
जागरण संवाददाता, आगरा: फतेहाबाद सड़क पर गुरुवार को घातक दिन था जब कई घातक दुर्घटनाएं हुईं।
ताजगंज के कलल खेदिया के पास एक पुलिस जीप और एक ट्रक में टक्कर लगी।
गुरुवार रात नागला देवहंस दौकी गांव में एक ट्रक ने सड़क पार करते समय गांव के एक व्यक्ति हरिओम को टक्कर मार दी।
उनकी मृत्यु के कारण नाराज ग्रामीणों ने फतेहाबाद सड़क को अवरुद्ध कर दिया।
पुलिस घटनास्थल पर पहुंची और दो घंटे तक चलने वाली जाम को हटा दिया।
शव को शवगृह में रखने के बाद बामराउली कटारा पुलिस स्टेशन के कांस्टेबल रवींद्र और राम नरेश बाइक पर लौट रहे थे।
टोरा पुलिस स्टेशन के पास बाइक ने केंद्रीय आरक्षण को टक्कर दी और दोनों घायल हो गए।
रात करीब दो बजे बामराउली कतर चौकी प्रभारी और रजिस्ट्रार पाल सिंह यादव घायल कांस्टेबलों को जीप से दौकी ले जा रहे थे।
कलल खेदिया जा रहे थे कि अचानक ट्रक ड्राइवर ने ब्रेक लगा दिया।
तेज रफ्तार जीप ट्रक के पीछे से टकरा गई।
जीप का आगे का भाग बुरी तरह क्षतिग्रस्त था।
चौकी के प्रभारी रजिस्ट्रार पाल सिंह, जो सामने बैठे थे, तुरंत मारे गए।
चालक याकूब और कांस्टेबल अरविंद, रविंद्र और राम नरेश घायल हो गए।
अधिकारी घटनास्थल पर पहुंचे और घायलों को एसएन आपातकालीन इकाई में भर्ती कराया।
ताजगंज के निरीक्षक हरि मोहन ने बताया कि ट्रक चालक के खिलाफ मामला दर्ज किया गया है।
शुक्रवार को पुलिस लाइनों पर निरीक्षक के शव को पूरा सम्मान दिया गया।
परिवार ने शव को अंतिम संस्कार के लिए मेनपुरी ले जाया।
दुर्घटना में मारे गए निरीक्षक रजिस्टर पाल सिंह का परिवार कटारा जिले के मुख्य पुलिस स्टेशन, मेनपुरी में रहता है।
मूल रूप से, वह ईटा में मलावान से आया था।
उनके परिवार में दो बेटे और तीन बेटियां हैं।
उन्हें नेहरू नगर हरिपार्वत से बामरावली कटारा स्थानांतरित किया गया था।
हालांकि, गुरुवार को बिजली पर निर्भर कारोबार पूरी तरह से बंद हो गया।
यहां तक कि बैंकों और कार्यालयों का काम प्रभावित हुआ।
बिजली कटौती के कारण पूरे शहर में पानी की कमी थी।
मोबाइल सेवाएं और अन्य कार्य भी प्रभावित हुए।
इसके अलावा, मंगलवार सुबह एक टॉवर को नुकसान पहुंचा जब डोडा के सुइगावाड़ी के पास जंगल में एक पेड़ उस पर गिर गया।
उधमपुर से 132 केवी लाइन पूरी तरह से टूट गई।
एनएचपीएस के अधिकारी और कर्मचारी बिजली आपूर्ति बहाल करने के लिए कड़ी मेहनत कर रहे थे।
एनएचपीसी के महाप्रबंधक अरविंद बट्ट ने बताया कि कर्मचारियों ने बारिश के बावजूद बिजली लाइन की मरम्मत जारी रखी।
शाम साढ़े सात बजे बिजली की आपूर्ति बहाल कर दी गई।
मुद्रास्फीति और कमजोर आर्थिक स्थिति के कारण सोने की छड़ों और सिक्कों की मांग में कमी आई है और इससे इसका आकर्षण कम हो गया है।
दिल्ली में सोने की कीमत 31,400 रुपये प्रति 10 ग्राम थी। पिछले साल धनतेरस के दौरान यह 32,485 रुपये प्रति 10 ग्राम थी।
अखिल भारतीय रत्न एवं आभूषण महासंघ के अध्यक्ष हरेश सोनी ने कहा, "कमजोर आर्थिक स्थिति और मुद्रास्फीति के कारण सोने की मांग में भारी कमी आई है।
गीतांजलि समूह के अध्यक्ष और प्रबंध निदेशक मेहुल चौकसी ने कहा कि सोने की बिक्री में 25 प्रतिशत की गिरावट आई है।
खरीदारों का रवैया बदल गया है।
हम इस वर्ष हीरे की बिक्री में 25 प्रतिशत की वृद्धि की उम्मीद कर रहे हैं।
पिछले साल की तुलना में इस साल सोने की कीमतें कम हुई हैं, लेकिन ग्राहकों ने इस धनतेरस में चांदी खरीदना पसंद किया।
पीएसएस के प्रमुख मनमाने ढंग से बैठकें आयोजित करते हैं।
बंगाल के पीएसएस रामप्रसाद यादव ने यह आरोप लगाया है और पंचायत राज अधिकारियों से मांग की है कि वे प्रमुख को उनके कर्तव्यों से मुक्त करें और सचिव के खिलाफ कार्रवाई की जाए।
उन्होंने कहा कि 4 जुलाई को उन्होंने सचिव और प्रमुख के बारे में शिकायत की थी और परिणामस्वरूप प्रमुख ने उन्हें निलंबित कर दिया।
उन्होंने पंचायत राज अधिकारियों को प्रमुख द्वारा की गई अनियमितताओं का प्रमाण दिया है।
उन्होंने कहा कि पीएसएस की आम बैठक 7 दिन पहले बुलाई गई थी, लेकिन 12 मई को हुई बैठक की जानकारी 8 मई को भेजी गई थी, जो बैठक से एक दिन पहले पीएसएस तक पहुंची थी।
3 जुलाई को हुई पीएसएस बैठक की जानकारी पंचायत स्तर की समिति के अधिकारी को नहीं दी गई थी, इसलिए वे बैठक में शामिल नहीं हो सके।
उन्होंने आरोप लगाया कि प्रत्येक सदस्य को बैठक के मिनटों का सारांश भेजना अधिनियम की आवश्यकता थी लेकिन ऐसा नहीं किया जाता।
3 जुलाई की बैठक में, प्रमुख ने अपने निजी कार्यालय में 13वें वित्त आयोग के कोष को खर्च करने का निर्णय लिया।
उन्होंने इस मामले की जांच की मांग करते हुए 13वें वित्त आयोग के फंड का खर्च रोकने का अनुरोध किया है।
जागरण संवाददाता, जम्मू: जब पृथ्वी पर बुराई उभरती है और दुष्ट लोग निर्दोष लोगों को यातना देते हैं तो भगवान को दुष्टों का विनाश करने के लिए अवतार लेना पड़ता है।
मथुरा के लोगों को कंसा के अत्याचारों से मुक्त करने के लिए भगवान कृष्ण का जन्म हुआ।
श्रीमद् भागवत सप्ताह के दौरान गुरुवार को भारत-पाकिस्तान सीमा पर ललयाल सतवारी में श्रीकृष्ण के अवतार की कहानी सुनाई गई।
उन्होंने कहा कि भगवान कृष्ण ने अपने बचपन में भयानक राक्षसों को मारकर लोगों की शिकायतों का समाधान किया।
महंत ने कहा कि आपको अपने मन में हीनता को प्रवेश नहीं करने देना चाहिए और अपना मन ईश्वर को समर्पित करना चाहिए।
अल्लाह की याद ही लोगों को दुखों से बचा लेती है।
उन्होंने कहा कि भारत की तुलना में पाकिस्तान में हीनता की भावना है, जो उसे बार-बार गलत रास्ते पर चलने के लिए मजबूर करती है।
उन्हें समझना चाहिए कि इस तरह के हर एक कार्य से वे सीमा के दोनों ओर रहने वाले निर्दोष लोगों को नुकसान पहुंचा रहे हैं।
इस कथा से पहले सैकड़ों तीर्थयात्रियों ने सीमा पर शांति की इच्छा के लिए आयोजित हावन में अन्नदान किया।
हावन और श्रीमदकटह के रसपान लेने के लिए सैकड़ों तीर्थयात्री आते हैं।
ललयाल सतवारी के नायक सरपंच चेन सिंह ने कहा कि इस स्थान पर आने वाले तीर्थयात्रियों के लिए एक लंगर का भी आयोजन किया गया है।
काथा का समापन शनिवार को होगा और हवान को अंतिम भेंट दी जाएगी।
कार्यालय संवाददाता, रूपनगर: भ्रष्टाचार के खिलाफ जनजागरूकता फैलाने के उद्देश्य से रूपनगर सतर्कता इकाई ने स्थानीय खालसा स्कूल में एक संगोष्ठी आयोजित की।
इसमें आम जनता ने भी छात्रों और शिक्षकों के साथ भाग लिया।
रूप नगर सतर्कता ब्यूरो के डीएसपी बलवीर सिंह ने कहा कि यदि आम जनता भ्रष्टाचार के खिलाफ सतर्क रहती है तो भ्रष्टाचार मुक्त समाज का निर्माण हो सकता है।
लोगों को प्रेरित करते हुए बलवीर सिंह ने कहा कि अगर कोई अधिकारी या कर्मचारी किसी काम के लिए रिश्वत मांगता है तो इसकी शिकायत सतर्कता विभाग को भेजी जा सकती है।
विभाग उन अधिकारियों या कर्मचारियों को बिना डर के और कानून की पूरी हद तक सजा देगा।
सुचा सिंह, सरसा नंगल, अमरजीत सिंह भुल्लर और सतर्कता निरीक्षक पाल सिंह ने संगोष्ठी को संबोधित किया।
उन्होंने कहा कि वर्तमान समय में भ्रष्टाचार एक बड़ी समस्या के रूप में उभरा है।
समाज के हर सदस्य को इस पर पूर्ण नियंत्रण रखने के लिए आगे आना पड़ा, क्योंकि भ्रष्टाचार की जड़ें अब इतनी गहरी हैं कि सरकार के लिए इसे उजागर करना और रोकना अब संभव नहीं है।
इसी कारण आम जनता को आगे आना होगा।
इस कार्यक्रम के आयोजकों द्वारा छात्रों और शिक्षकों को उपहार और मिठाई वितरित की गई।
आयोजन समिति के अध्यक्ष बाबा रंजीत सिंह ठाकुर ने कहा कि दिवाली खुशी और खुशी का त्योहार है।
निर्वासित होकर लौटे भगवान राम का स्वागत करने के लिए अयोध्या के लोगों ने दीपक जलाए थे।
इस पर्व को मनाने की परंपरा उस समय से शुरू हुई थी।
उन्होंने छात्रों से भगवान श्रीराम के जीवन से प्रेरणा लेने की अपील की।
इस कार्यक्रम में बाल कृष्ण ठाकुर, रमेशचंद्र ठाकुर, उमादत्ता गौतम और रमेश ठाकुर भी मौजूद थे।
हेलोवीन को 31 अक्टूबर को पूरी दुनिया में मनाया जाता था।
कई पश्चिमी देशों में यह मानना है कि अपने पूर्वजों की आत्माओं को खुश रखना बहुत महत्वपूर्ण है क्योंकि यदि ये आत्माएं परेशान हो जाती हैं तो वे नुकसान पहुंचा सकती हैं।
तो, वे इस दिन का जश्न मनाते हैं।
हेलोवीन की पार्टी में वे बहुत ही असामान्य कपड़े पहनकर दिखाई देते हैं।
इतना ही नहीं, कई जगहों पर लोग हेलोवीन पार्टी का आयोजन करते हैं, जहां लोग कई डरावनी और अजीब पोशाक में आते हैं।
एक ही हेलोवीन पार्टी में कई अजीब चेहरे देखे जा सकते हैं।
इनमें से कुछ बहुत डरावने हैं, जबकि अन्य बहुत मजेदार हैं।
देहरादून रोड में एक आतिशबाजी की दुकान में आग लगने से काफी हलचल मच गई है।
शुक्र है कि आग को समय पर नियंत्रित किया गया।
देहरादून रोड पर दुर्गा मंदिर के पास उमेश सिंह ने अपने होटल के बाहर आतिशबाजी की दुकान लगाई थी।
रात करीब 8:30 बजे अचानक एक रॉकेट आतिशबाजी काउंटर पर गिरा।
कुछ ही समय में आतिशबाजी का काउंटर आग में जल गया और आतिशबाजी के विस्फोटों के बीच पूरी दुकान जल गई।
उस समय दुकान में ग्राहक थे।
दुकानदार ने आग बुझाने के लिए अग्निशामक और रेत का इस्तेमाल किया।
इस बीच दमकल भी आ गया।
दुर्घटना में किसी को चोट नहीं आई।
आतिशबाजी की दुकान में लगी आग ने स्थानीय लोगों में काफी हलचल मचा दी।
दमकल अधिकारी डैनी राम ने कहा कि आग को समय पर नियंत्रण में लाया गया।
इस घटना के बाद बाजार में दुकानदारों से सख्ती से सभी आवश्यक सुरक्षा सावधानियां बरतने का अनुरोध किया गया है।
दक्षिण भारत के सिनेमाघरों के अलावा उनकी फिल्में सिंगापुर और मलेशिया के सिनेमाघरों में भी काफी प्रभाव डालती हैं।
अभिनेत्री का नाम "अवनी मोदी" है।
अवनी गुजरात के गांधीनगर जिले की हैं।
अवनी को बचपन से ही अभिनय में दिलचस्पी थी, लेकिन कॉलेज तक वह अपने अभिनय कौशल को सुधारने में सक्षम नहीं थीं।
इस वजह से, उनके कॉलेज के पटकथा लेखक ने एक बार उन्हें कहा, "अभिनय के बारे में भूल जाओ, क्योंकि आप अभिनय में ए भी नहीं समझते हैं।
वह अपने स्कूल और कॉलेज की भीड़ में खो गई थी, लेकिन अब वह तमिल फिल्म उद्योग में गुजरात को बहुत प्रसिद्ध बना रही है।
लेकिन जब मकान मालिक आया तो पता चला कि लड़की उसकी रिश्तेदार है।
परिवार के सदस्य बाजार गए थे इसलिए उन्होंने लड़की को घर पर छोड़ दिया और दरवाजा बंद कर दिया।
लड़की को नगर परिषद के सदस्य और पुलिस की उपस्थिति में परिवार को सौंप दिया गया है।
सोनी देवी की 14 वर्षीय बेटी सुशील विश्वकर्मा का एक रिश्तेदार गिरिडीहा से उनके घर आया था।
सोनी का पति मर चुका है।
सुशील की पत्नी अंजलि शुक्रवार को बाजार गई थी और लड़की को घर में बंद रखा था।
यहाँ, लड़की रोने लगी।
और लोगों ने (अपनी जगह से) दौड़ कर जा पहुँची
घर के आसपास के लोगों ने तुरंत पुलिस को इसकी सूचना दी।
काउंसलर अनूप साव पहुंचे हैं।
उस समय अंजलि भी आ चुकी थी।
उसने कहा कि यह लड़की उसका रिश्तेदार है।
चूंकि उसके परिवार की स्थिति इतनी अच्छी नहीं है, इसलिए हम उसकी देखभाल कर रहे हैं।
उनकी मां सुनीता देवी उर्फ सोनी और उनका परिवार गिरिडीह के बेलातंध गांव में रहते हैं।
उनके पिता मंटू विश्वकर्मा का निधन हो गया है।
सोनी, लड़की की मां और उसके चाचा प्रवीण लाल शर्मा को फोन पर झरिया आने को कहा गया।
शाम को उसकी माँ और चाचा आए।
उनकी मां ने बताया कि उन्होंने अपनी बेटी को उनके रिश्तेदार सुशील विश्वकर्मा और उनकी पत्नी अंजलि के पास भेज दिया।
नगर परिषद और पुलिस की मौजूदगी में सोनी देवी ने अपनी बेटी को अपने रिश्तेदार के घर से निकाल लिया।
अंजलि ने कहा, "हम लड़की को अपने साथ नहीं रख सकते।
अगर कुछ गलत होता तो हम असहाय हो जाते।
इस घटना में टैक्सी चालक घायल हो गया।
उन्हें सुंदरनगर सिविल अस्पताल में भर्ती कराया गया है।
उसके दोनों पैर टूट गए हैं।
पुलिस ने टैक्सी चालक पर लापरवाही से ड्राइविंग का आरोप लगाया है और जांच शुरू कर दी है।
सुंदरनगर सिविल अस्पताल में पोस्टमार्टम के बाद शव को परिजनों को सौंप दिया गया।
सुबह करीब तीन बजकर एक पहर पर जब टैक्सी सुंदरनगर के चतुरखडी पहुंची तो ड्राइवर अचानक सो गया।
इसके कारण तेज रफ्तार टैक्सी राजमार्ग के किनारे स्थित एक यूकेलिप्टस पेड़ से टकरा गई।
सवार गंगा देवी और चालक, सुभाष चंद के पुत्र चंद्र किरण, सियाल (मनाली) के निवासी, गंभीर रूप से घायल हो गए।
एक पेड़ से टकराने वाली कार की आवाज सुनकर आसपास के लोग घटनास्थल पर पहुंचे और तुरंत पुलिस को सूचना दी।
पुलिस कुछ कठिनाई के साथ गंगा और चंद्र किरण को क्षतिग्रस्त कार से बाहर निकालने में कामयाब रही और उन्हें सुंदरनगर सिविल अस्पताल ले गई।
डॉक्टरों ने गंगा देवी को मृत घोषित कर दिया।
गंगा अपनी बहन से मुंबई में मिलने जा रही थी, और इसलिए वह उस दोपहर बाद की उड़ान पकड़ने के लिए चंडीगढ़ जा रही थी।
इस मामले को उपनिरीक्षक सुरेन्द्र कुमार संभाल रहे हैं।
डीएसपी कुलभूषण वर्मा ने इस त्रासदी की पुष्टि की।
छापेमारी दल में एडीसीपी सिटी II अमरिक सिंह पवार, एसीपी पश्चिम दिलबाग सिंह, एमएचओ कैंट इकबाल सिंह और सौ से अधिक अन्य पुलिस अधिकारी मौजूद थे।
जेल में तीन घंटे तक तलाशी चली, लेकिन पुलिस को न तो कोई मादक पदार्थ मिला और न ही मोबाइल फोन।
तीन घंटे के बाद पुलिस खाली हाथ लौटी।
तीनों सीटों के उम्मीदवारों की घोषणा पोस्ट कर दी गई है।
पार्टी द्वारा जारी सूची में कैंट, उत्तर-मध्य, पूर्व, पाटन-मजहौली और बरगी विधानसभा सीटों के उम्मीदवारों की घोषणा की गई है।
भारतीय जनता पार्टी ने गुरुवार को 147 विधानसभा सीटों के लिए अपने उम्मीदवारों की घोषणा की है।
सूची में केवल वे नाम हैं जिनके बारे में पहले अटकलें लगाई गई थीं।
भाजपा द्वारा जारी सूची के अनुसार, कैंट से ईश्वरदास रोहानी, उत्तर-केंद्र से शरद जैन, पूर्व से आंचल सोनकर, पठान-मजहौली से अजय विष्णु और बरगी से प्रतिभा सिंह को शामिल किया गया है।
भाजपा द्वारा तैयार की गई सूची में उत्तर-केंद्र और बरगी विधानसभा को छोड़कर पहले से चुने गए उम्मीदवार शामिल थे, जहां उम्मीदवारों को बदलने के लिए लंबे समय तक बातचीत चलती रही।
पूर्वी विधानसभा सीट को छोड़कर अन्य सीटों के उम्मीदवार अपनी-अपनी सीटों के विधायक हैं।
केवल आंचल सोनकर पूर्व क्षेत्र के पूर्व विधानसभा सदस्य थे।
उम्मीदवारों की घोषणा के बाद श्रमिकों ने अपने-अपने क्षेत्रों में जश्न मनाया।
विधानसभा के बाकी उम्मीदवारों के बारे में निर्णय दिवाली के बाद ही लिया जाएगा।
सूत्रों के अनुसार, विधानसभा सीटों पर जहां जाति के कारण कुछ विरोध या समस्याएं हैं, नए उम्मीदवारों को अंतिम रूप दिया जा सकता है।
पार्टी के करीब 276 कार्यकर्ता शुक्रवार को दिल्ली जाएंगे और स्थानीय उम्मीदवार को विधानसभा का टिकट देने की मांग करेंगे।
ये सभी पार्टी कार्यकर्ता राष्ट्रीय अध्यक्ष राजनाथ सिंह, संगठन सचिव रामलाल, पूर्व अध्यक्ष नितिन गडकरी, एमपी के प्रभारी अनंत कुमार और राष्ट्रीय युवा विंग के अध्यक्ष अनुराग ठाकुर से मुलाकात करेंगे।
हालांकि, अधिकारियों ने खुदाई में किसी भी पत्थर की खोज के बारे में कुछ नहीं कहा है।
शोभन सरकार ने कहा है कि पत्थर मिल गया है और जैसे ही इसे तोड़ दिया जाएगा एसएसआई के अधिकारी खजाने के बारे में सच्चाई का पता लगा लेंगे।
शोभन सरकार ने मीडिया से बात करते हुए कई बार अपना संयम खो दिया और अपने बयानों में बदलाव भी किया।
एक बार उन्होंने कहा था कि यदि यह अभियान सेना द्वारा किया जा रहा था तो सच्चाई पहले ही ज्ञात हो चुकी होगी।
उसी समय उन्होंने कहा और यह कहकर सबको चौंका दिया कि जब तक उन्हें खुदाई स्थल पर नहीं बुलाया जाएगा तब तक सोना नहीं मिलेगा।
जब उनसे उनकी टिप्पणी में मतभेदों के बारे में पूछा गया तो वे नाराज हो गए और सरकार और एसएसआई पर आरोप लगाने लगे, उन्होंने कहा कि खुदाई स्थल पर वास्तव में क्या किया जा रहा है और मीडिया को वहां प्रवेश करने से प्रतिबंधित कर दिया गया है।
हमने उत्खनन का सीधा प्रसारण करने की मांग की थी।
हालांकि, वह सहमत थे कि एसएसआई की खुदाई टीम सही जगह पर खुदाई कर रही है, जैसा कि उन्होंने संकेत दिया था।
इस बीच, एक दिन के आराम के बाद एसएसआई टीम ने आज फिर से खुदाई शुरू की है लेकिन एक सेंटीमीटर भी प्रगति नहीं कर सकी।
सहायक जिलाधिकारी विजयशंकर दुबे ने कहा कि आज एसएसआई की टीम ने अब तक 4.80 मीटर की खुदाई के क्षेत्र को पूरे दिन साफ किया।
यदि टाटा वर्कर्स यूनियन टाटा स्टील कर्मचारियों के तिमाही विस्तार के मुद्दे का कोई स्थायी समाधान नहीं दे पा रही है तो महासचिव को त्वरित रिक्वेस्ट मीटिंग की तारीख तय करनी होगी।
यदि ग्रेड संशोधन पर निर्णय लेने में समय लगता है तो इन कर्मचारियों को कुछ अंतरिम राशि प्रदान करने के प्रयास किए जाएंगे।
इन दो मांगों के साथ करीब दस यूनियन सदस्यों ने शुक्रवार शाम महासचिव बी.के. डिंडा से मुलाकात की और एक प्रस्ताव रखा।
बोलते हुए, डिंडा ने उल्लेख किया कि शुक्रवार को प्रबंधन और संघ के बीच विस्तार के मुद्दे पर चर्चा नहीं की जा सकी।
शनिवार को एक कार्यालय धारक बैठक होगी, जिसमें इस मुद्दे पर चर्चा होगी।
महासचिव से मिलने गए लोगों में गुलाम मोइनुद्दीन, मनजीत सिंह, सरोज पांडे, महेंद्र सिंह, धर्मेंद्र उपाध्याय, लाल बहादुर उपाध्याय, रविशंकर पांडे, मुनेश्वर पांडे और गिरीश शामिल थे।
कॉर्पोरेट सेवा उप उपाध्यक्ष शहर में थे लेकिन संघ के अधिकारियों से नहीं मिल सके।
इस मुद्दे पर अब सोमवार को चर्चा होगी।
सभी समिति सदस्यों तथा कर्मचारियों ने कार्यालय के अधिकारियों से मुलाकात की और उन्हें अपनी समस्याओं के बारे में सूचित किया।
आवेदन पत्र के लिए आवेदन करने की तिथि के बारे में कोई परिपत्र प्रकाशित नहीं किया गया था, जिससे श्रमिकों में कुछ भ्रम पैदा हुआ।
रोशनी का त्योहार दिवाली आज से शुरू हुआ है।
धनतेरस या छोटी दिवाली शुक्रवार को है।
दिवाली की सजावट के साथ ही सुंदर रंगोली भी एक आकर्षण हैं।
घरों के सामने या आंगन में लगे रंगोली घरों को और सुंदर बना रहे हैं।
इस अवसर पर हमने गुजरात की कुछ तस्वीरें चुनी हैं।
इन सुंदर रंगोली को बनाकर आप अपने घर को भी सुंदर बना सकते हैं।
इन अधिकारियों को पहले ही संयुक्त सचिव के पद पर पदोन्नत किया जा चुका था और उनके वर्तमान पदों को संयुक्त सचिव के स्तर पर अपग्रेड किया गया था।
नांगल जिले के दीपक वर्मा और अन्य ने फीस वृद्धि के खिलाफ उच्च न्यायालय में याचिका दायर की थी। अधिवक्ता धिराज चावला ने कहा कि उच्च न्यायालय से नोटिस बीबीएमबी अधिवक्ता कुलदीप तिवारी से प्राप्त हुआ था।
इस अधिसूचना के उत्तर की तिथि 12 नवंबर तय की गई है।
गौरतलब है कि बीबीएमबी ने बीबीएमबी के अलावा अन्य छात्रों के लिए दो साल बाद फीस में वृद्धि पिछले महीने ही की थी।
इस कारण माता-पिता ने उच्च न्यायालय का रुख किया।
दो साल पहले जब फीस बढ़ी थी तो माता-पिता ने इसके खिलाफ सड़कों पर विरोध किया था और उसके बाद ही फीस में थोड़ी कमी आई थी।
एक बार फिर फीस बढ़े जाने पर माता-पिता गुस्से में थे।
नए कार्यकाल के केवल 5 महीने बाद अचानक फीस में बदलाव से माता-पिता हैरान हैं।
सभाओं के बाद, माता-पिता ने स्कूल द्वारा उठाए गए कदमों के खिलाफ प्रदर्शन किया।
इसके बावजूद स्कूल ने कोई प्रतिक्रिया नहीं दी और अंततः माता-पिता को उच्च न्यायालय जाना पड़ा।
माता-पिता ने कहा कि फीस में लगातार बदलाव करना उचित नहीं है।
इससे न केवल बच्चों की शिक्षा प्रभावित होती है बल्कि माता-पिता के व्यवसाय भी प्रभावित होते हैं।
मुख्यमंत्री ने कहा कि विकास कार्य सरकार के कामकाज में पारदर्शिता के साथ किए जाने चाहिए।
उन्होंने कहा कि योजनाओं के कार्यान्वयन में किसी प्रकार की अनियमितता को बर्दाश्त नहीं किया जाएगा।
इससे पहले, ब्लॉक सहकारी अधिकारी को निर्देश दिया गया था कि वह सभी पंचायतों को प्रदान किए गए बिलों की सूची, हरित क्रांति योजना के तहत श्रीविद्धि किसानों की सूची, साथ ही इस योजना के तहत प्राप्त राशि की विस्तृत जानकारी प्रदान करें।
बैठक में आदेश दिया गया कि पैरा टीचर भवन निर्माण के काम में नहीं लगे रहेंगे।
बीईईओ से ब्लॉक में निर्माणाधीन स्कूलों की सूची प्रदान करने को कहा गया।
स्वास्थ्य विभाग और सीडीपीओ की अनुपस्थिति में बैठक में भाग लेने आए प्रतिनिधियों को बैठक कक्ष में बैठने की अनुमति नहीं दी गई।
यह सदन का निर्णय था कि विभाग के प्रतिनिधि केवल क्वोरम को पूरा करने के लिए बैठक में भाग ले रहे थे और पूरी जानकारी से लैस नहीं थे।
इस बैठक में आपूर्ति, पेयजल, स्वच्छता और स्वास्थ्य सहित कई विभागों की समीक्षा की गई।
इस बैठक में संसदीय प्रतिनिधि प्रो. प्रविन चौधरी ने कहा कि सहकारी विभाग को हरित क्रांति के लाभार्थियों के लिए धनराशि उपलब्ध करानी चाहिए ताकि किसान आगे बढ़ सकें।
उन्होंने सहकारी विभाग की गतिविधियों की उच्च स्तरीय जांच पर जोर दिया।
हिटलर की आत्मकथा "माइन काम्फ़" में लिखा है कि झूठ का आकार विश्वास का मुख्य कारण है।
लोग अपने दिमाग की आदिम सादगी के कारण छोटे झूठ की तुलना में बड़े झूठ को अधिक आसानी से स्वीकार करते हैं।
आपातकाल के दौरान कांग्रेस नेता देवंत बरुआ ने "इंदिरा भारत है" का नारा दिया था।
लेकिन ऐतिहासिक तथ्य अलग हैं।
राष्ट्र निर्माण का गौरवशाली इतिहास रहा है।
भारत के लोगों ने अपने सक्रिय प्रयासों से देश को विश्व प्रसिद्ध बनाया है।
दर्शन और संस्कृति में वैदिक ऋषि कपिल, बुद्ध, महावीर और शंकर ऐसे उल्लेखनीय पूर्वज हैं।
चंद्रगुप्त मौर्य, अशोक आदि राजवंश प्राचीन राष्ट्रीय एकता के उदाहरण हैं।
विदेशी सशस्त्र हमलों और शासकों के खिलाफ लड़ने वाले प्रतिष्ठित पुरुषों की एक लंबी सूची है।
विवेकानंद, दयानंद, तिलक, गांधी, सुभाष, पटेल, लोहिया, बिपिन चंद्र, आंबेडकर आदि, और भगत सिंह, चंद्रशेखर आजाद अमर शहीदों की एक लंबी सूची बनाते हैं, लेकिन कांग्रेस ने राष्ट्र निर्माण का श्रेय केवल नेहरू-गांधी परिवार को दिया है।
जितना बड़ा झूठ उतना ही प्रभावी होता है।
58 केंद्रीय योजनाओं में से 16 पर राजीव गांधी का नाम है।
नेहरू परिवार के नाम से जुड़ी अन्य योजनाओं, पुरस्कारों, हवाई अड्डों और संस्थानों की सूची लंबी है।
अब यहां तक कि पब्लिक डिस्ट्रीब्यूशन सिस्टम यानी पीडीएस योजना का नाम भी इंदिरा गांधी के नाम पर रखने की तैयारी हो रही है।
ऐसे प्रतिष्ठित पुरुषों के नाम प्रेरणादायक रहे हैं।
इनका नाम सड़क, विश्वविद्यालय या हवाई अड्डे पर रखना स्वागत योग्य है, लेकिन राष्ट्रीय राजधानी के अंतरराष्ट्रीय हवाई अड्डे की ग्रामीण आवास योजना का नाम किसी भी परिस्थिति में स्वीकार्य नहीं है।
सार्वजनिक वितरण प्रणाली की प्रतिष्ठा पहले ही खराब हो चुकी है।
इस योजना के नाम पर वोट मांगने से कांग्रेस को कौन रोक रहा है?
लेकिन नामकरण के मामले में नेहरू परिवार से परे देखने में समस्या क्या है?
प्रधानमंत्री मनमोहन सिंह और प्रमुख विपक्षी पार्टी के प्रधानमंत्री पद के उम्मीदवार नरेंद्र मोदी के बीच सरदार पटेल की महानता पर कई प्रतिस्पर्धी तर्क आदान-प्रदान किए गए।
पटेल महान राष्ट्र निर्माता हैं।
उन्होंने 562 राज्यों को एक राष्ट्र में शामिल किया।
पटेल सभी के हैं, उन्हें पूरा भारत प्यार करता है, लेकिन कांग्रेस ने उन्हें अपनी संपत्ति बना लिया है।
सार्वजनिक वितरण प्रणाली का नाम भी पटेल के नाम पर रखा जा सकता है।
इससे पटेल की अहमियत पर कोई असर नहीं पड़ेगा।
कांग्रेस लंबे समय से सत्ता में है।
योजनाओं का राजनीतिकरण कांग्रेस ने स्वयं किया था।
कांग्रेस एक समय लोकतांत्रिक पार्टी थी, जिसमें तिलक, गोखले, गांधी, सुभाष, राजेंद्र प्रसाद, नेहरू, पटेल और मदन मोहन मालवीय जैसे लोकतांत्रिक नेता थे। 1950 से यह एक परिवार के नियंत्रण में आ गया है।
पार्टी और परिवार समानार्थी हो गए हैं।
परिवार और देश को समानार्थी घोषित करने के लिए 'इंदिरा इज इंडिया' का नारा बनाया गया।
योजनाओं का नामकरण भी एक घरेलू मामला बन गया है।
सरकारी योजनाएं देश के करदाताओं के संचित खजाने से चलती हैं।
राष्ट्र का खजाना कांग्रेस में किसी एक परिवार की संपत्ति नहीं है।
कांग्रेस के उदाहरण के अनुसार प्रत्येक दल ने अपने-अपने आइकन बनाए।
क्षेत्रीय दलों ने अपनी इच्छा के अनुसार राजनेताओं के नाम पर योजनाएं चलाईं।
सभी के पास आइकन होते हैं, लेकिन पार्टी आइकन की सूची बढ़ती ही जा रही थी।
वर्तमान में हर छोटी या बड़ी पार्टी का अपना आइकन होता है।
अमेरिका में सरकारी योजनाएं राजनीतिक नेताओं के नाम पर नहीं चलतीं।
भारत में उनका औचित्य दयनीय है।
केंद्र ने नेहरू परिवार के नाम पर योजनाएं चलाकर सभी योजनाओं का श्रेय लेने की योजना बनाई है।
महात्मा गांधी, पटेल, सुभाष चंद्र बोस या भगत सिंह के नाम पर योजनाओं को कांग्रेस की पहचान से नहीं जोड़ा जा सकता।
कांग्रेस अपनी विरासत से दूर हो गई है।
कांग्रेस के लिए केवल प्रचार या राहुल-सोनिया के संदेश काम करते हैं।
बेशक अन्य पार्टियां भी अपनी योजनाओं का नाम इसी तरह रखती हैं, लेकिन वे हर योजना के लिए एक परिवार के नाम से चिपके नहीं रहती हैं।
सामाजिक कल्याण योजनाओं का राजनीतिकरण निंदनीय है।
उत्तर प्रदेश में वितरित लैपटॉप पर सपा प्रमुख की तस्वीर है।
बेशक, मतदाता बहुमत जीतने वाली पार्टी को नीतियां बनाने का अधिकार देते हैं।
सरकार अपने कर्तव्यों की योजना और कार्यान्वयन के लिए बाध्य है, लेकिन करदाता और मतदाता निश्चित रूप से सरकार को योजनाओं को नाम देने का अधिकार नहीं देते हैं जैसा वे चाहते हैं।
मतदाता सरकार से राजनीति नहीं बल्कि शासन की अपेक्षा करते हैं और करदाता राजकोष का उचित पारदर्शी उपयोग चाहते हैं।
राजकोष का दुरुपयोग संवैधानिक अपराध है।
किसी प्रकार का नामकरण प्रोटोकॉल विकसित किया जाना चाहिए।
राजनीतिक नेता हर समस्या का समाधान नहीं कर सकते।
भारत बहु-प्रतिभाशाली प्रतिभाओं से भरा है।
उच्च शिक्षा/अनुसंधान संस्थानों के नाम प्रतिभाशाली भारतीय वैज्ञानिकों के नाम पर होने चाहिए।
साहित्य, दर्शन या कला संस्थानों के लिए किसी दार्शनिक या प्रतिष्ठित लेखक का नाम सराहा जाएगा।
राजनीति में इतिहास की भावना की कमी है।
संविधान सभा में देश का नामकरण करने पर भी लंबी बहस हुई।
सेठ गोविंददास, कमलापति त्रिपाठी ने 'भारत' को आगे रखा।
भारत नाम को 38 और भारत को 51 वोट मिले।
मौलिक प्रश्न यह है कि योजनाओं के नामकरण पर गंभीरता से विचार क्यों नहीं किया जाता?
राजनीति हमेशा इसमें क्यों शामिल होती है?
एक परिवार को इतना महत्व क्यों दिया जाता है?
आम सार्वजनिक रूप से स्वीकृत नामों की सूची क्यों नहीं बनाते?
संसद और विधानमंडल की संयुक्त समितियों का भी उपयोग सूची बनाने के लिए किया जा सकता है।
योजनाओं के नामकरण में राष्ट्रीय और राज्य स्तर दोनों पर भारी लापरवाही क्यों है?
इस लापरवाही के कारण युवा पीढ़ी हमारे स्वतंत्रता सेनानियों के नाम भूल रही है।
विभिन्न प्रकार के नायक होते हैं।
कुछ टीवी द्वारा बनाई गई हैं और ज्यादातर राजनीतिक पूर्वाग्रह के साथ पक्षपाती हैं।
नामकरण एक संज्ञानात्मक अभ्यास है।
ऋग्वेद के ज्ञानसूक्त में नामकरण को ज्ञान की शुरुआत कहा गया है।
योजनाओं का नामकरण प्रेरणादायक हो सकता है।
सामान्य ज्ञान पुस्तकों से महान लोगों के नाम याद रखना श्रम का काम है, लेकिन प्रेरणादायक व्यक्तित्वों के नाम पर सरकारी योजनाओं, सड़कों या महत्वपूर्ण स्थानों का नामकरण करना इतिहास की भावना को पुनर्जीवित करने का सबसे आसान साधन है।
गांधी नगर, पटेल हवाई अड्डा, अंबेडकरपुरम या विवेकानंदपुरम जैसे नामों में ऐतिहासिक प्रेरणा मिलती है।
अभी दो-तीन महीने पहले हुए एक सर्वेक्षण में पता चला कि देश के आधे गांव और शहर राम के नाम से जुड़े हैं।
देश, काल, संस्कृति, सभ्यता और इतिहास के नामकरण में अतिरिक्त सतर्कता की आवश्यकता है।
इनका नाम विशिष्ट अभिव्यक्तियों और दृष्टिकोणों का प्रतिनिधित्व करता है।
दयानंद, विवेकानंद और गांधी के नाम क्रमशः सामाजिक सुधार, वैदिक दर्शन सत्य और अहिंसा के पर्याय हैं।
कांग्रेस के मित्रों से अनुरोध है कि वे एक ही परिवार के नामों की तलाश करने की अपनी लत को दूर करें।
भारतीय इतिहास में सुनहरे रंग के कई नाम हैं।
मोटर वाहन दुर्घटना दावे अधिकरण ने आदेश दिया है कि महाराष्ट्र के पूर्व मंत्री श्रीकांत जिचकर के परिवार को 50.67 लाख रुपये का मुआवजा दिया जाए, जिनकी 2004 में सड़क दुर्घटना में मौत हो गई थी।
परिवार ने 25.82 करोड़ रुपये की मांग की थी।
परिवार ने कहा था कि महाराष्ट्र राज्य सड़क परिवहन निगम (एमएसआरटीसी) के बस चालक की लापरवाही ने 2 जून 2004 को जिचकर की मौत का कारण बना।
एमएसआरटीसी को मुआवजा देने का आदेश देने के साथ ही ट्रिब्यूनल ने कहा कि बीमा कंपनी को कुछ भी नहीं देना चाहिए क्योंकि कार खुद जिचकर की थी।
जिचकर के व्याख्याता मित्र श्रीराम धवध के परिवार को भी 21.60 लाख रुपये का मुआवजा मिलेगा।
उसी दुर्घटना में उसकी भी मृत्यु हो गई।
इसमें से लगभग 70 प्रतिशत राशि (₹15.12 लाख) एमएसआरटीसी द्वारा भुगतान की जाएगी।
जिचकर की कार के चालक को भी लापरवाही का दोषी पाया गया और इसलिए शेष 30 प्रतिशत (6.48 लाख रुपये) पूर्व मंत्री के परिवार द्वारा भुगतान किया जाएगा।
इस दौरान उन्होंने पार्टी समर्थकों और सदस्यों की संयुक्त गतिविधियों पर चर्चा की।
गोजमुमो की संगठनात्मक समिति के अध्यक्ष तिलक गुरुंग ने कहा कि गोजमुमो प्रमुख ने विभिन्न मुद्दों पर चर्चा करने के लिए गुरुवार को अस्थायी कर्मचारी संगठन, स्थायी कर्मचारी संगठन और संगठन के भूटिया और तिब्बती सदस्यों से मुलाकात की।
इस मौसम में जुड़वां शहर के लोग अंधेरे में दिवाली मना सकते हैं।
जिन लोगों ने समय सीमा के भीतर बिजली का बिल नहीं चुकाया है।
डिस्कनेक्शन नियत तिथि के 15 दिन बाद किया जा रहा है।
कैंट और बेबीयल सबस्टेशन से उपखंड संख्या एक और दो के सैकड़ों कनेक्शन काट दिए गए हैं।
इस कारण बिजली कार्यालयों पर डिस्कनेक्ट उपभोक्ताओं की भीड़ बढ़ रही है।
उपभोक्ता परेशान हैं।
एक समस्या यह है कि पावर कॉरपोरेशन अंश-भुगतान स्वीकार नहीं कर रहा है।
निगम बिल का 80 से 90% भुगतान अंश-भुगतान के रूप में स्वीकार कर रहा है।
उपखंड संख्या एक के कार्यालय में एसडीओ ने एक नोटिस भी लगा दिया है जिसमें कहा गया है कि "आंशिक भुगतान जमा करने के लिए कहकर हमें शर्मिंदा न करें।
अंबाला परिचालन मंडल के एसई के अनुसार, बिजली निगम ने उपभोक्ताओं के प्रति सहानुभूतिपूर्ण सोच बंद कर दी है।
अब उन्हें अपने आगामी बिलों का भुगतान नियत समय के भीतर करना होगा, अन्यथा निगम बिल की नियत तारीख के 15 दिन बाद ही बिजली का कनेक्शन बंद कर देगा।
अम्बाला सर्कल को उत्तर हरियाणा विद्युत वितरण निगम से 102 करोड़ रुपये का लक्ष्य प्राप्त हुआ है।
कार्यकारी अभियंता और सभी उप-विभागों के एसडीओ को लक्ष्य को पूरा करने का आदेश दिया गया है।
31 अक्टूबर इस लक्ष्य के लिए समय सीमा थी और इसे पूरा नहीं किया जा सका।
शुक्रवार को सरकार ने सोने पर आयात शुल्क घटाकर 440 डॉलर प्रति 10 ग्राम कर दिया और चांदी पर आयात शुल्क बढ़ाकर 738 डॉलर प्रति किलोग्राम कर दिया।
यह परिवर्तन दोनों कीमती धातुओं के अंतरराष्ट्रीय मूल्य में उतार-चढ़ाव को ध्यान में रखते हुए किया गया है।
कीमती धातुओं के मूल्य पर सीमा शुल्क लगाया गया है।
दो दिन पहले सोने पर आयात शुल्क बढ़ाकर 442 डॉलर प्रति 10 ग्राम कर दिया गया था, जबकि चांदी की लागत मूल्य 699 डॉलर प्रति किलो पर स्थिर रखी गई थी।
सामान्यतः कीमती धातुओं की कीमतों की समीक्षा हर दो सप्ताह में की जाती है, लेकिन अंतरराष्ट्रीय कमोडिटी बाजार में अस्थिरता के कारण इन कीमतों में बदलाव किया गया है।
इस संबंध में आधिकारिक बयान के अनुसार केंद्रीय उत्पाद शुल्क और सीमा शुल्क बोर्ड ने एक अधिसूचना जारी की है।
कीमती धातुओं के अलावा पीतल के स्क्रैप की कीमत, जो कल तक 3,933 डॉलर प्रति टन थी, घटाकर 3,840 डॉलर प्रति टन कर दी गई है।
आयातित कच्चे वनस्पति तेलों जैसे सोयाबीन तेल, आरबीडी पाम तेल और अन्य की कीमतों में भी वृद्धि की गई।
जब बिना टिकट के यात्रियों पर कार्रवाई शुरू हुई, तो यात्रियों की संख्या बढ़कर 39,000 हो गई।
जयपुर, 27 मार्च 2020: यात्रियों की कमी के कारण रेलवे प्रशासन ने ट्रेनों में गहन जांच शुरू की और इसके परिणामस्वरूप एक महीने में यात्रियों की संख्या बढ़कर 39,000 हो गई है।
रेलवे प्रशासन का मानना है कि बिना टिकट के यात्री अब पकड़े जाने की चिंता में हैं और अब टिकट लेकर यात्रा कर रहे हैं।
रेलवे के सीपीआरओ तरुण जैन ने कहा कि पिछले साल अक्टूबर महीने में आरक्षित श्रेणी में 9 लाख 75 हजार और अनारक्षित श्रेणी में 88 लाख 13 हजार यात्रियों ने यात्रा की।
बिना टिकट के यात्रियों के खिलाफ अभियान, जो इस वर्ष अक्टूबर में शुरू हुआ था, के परिणामस्वरूप आरक्षित श्रेणी में 11,000 और गैर-आरक्षित श्रेणी में 28,000 यात्रियों की वृद्धि हुई है।
इस वर्ष अक्टूबर महीने में आरक्षित श्रेणी में 9 लाख 86 हजार यात्रियों और अनारक्षित श्रेणी में 88 लाख 41 हजार यात्रियों ने यात्रा की है।
उन्होंने कहा कि रेलवे प्रशासन ने रेलवे स्टेशनों के प्रवेश और निकास पर, ट्रेनों के अंदर टिकटों की जांच शुरू कर दी है और एक डिवीजन के कर्मचारियों ने दूसरे डिवीजन के लिए टिकट की जांच की।
इससे अनधिकृत यात्रियों की संख्या कम हुई है।
सुप्रीम कोर्ट के फैसले से परेशान ग्रामीण विकास मंत्री जयराम रमेश ने कहा कि अदालत द्वारा अपनी शक्तियों से अधिक करने का अभ्यास खतरनाक है।
गुरुवार को अदालत ने एक फैसले में कहा कि सिविल सेवकों को अपने राजनीतिक स्वामी से मौखिक आदेशों पर कार्य नहीं करना चाहिए।
जयराम ने शुक्रवार को कहा कि अदालतों के लिए अपनी शक्तियों से अधिक करना और अधिकारियों और सरकार का काम अपने हाथ में लेना सही नहीं है।
केरल के कन्नूर में आयोजित एक "मीट द प्रेस" में जयराम ने कहा कि यह कोई निर्णय नहीं है।
यह सर्वोच्च न्यायालय का मौखिक आदेश है।
इसके लिए केंद्र सरकार के सिविल सेवा स्थापना बोर्ड पहले से ही मौजूद है।
सेवानिवृत्त अधिकारियों के एक समूह के अचानक प्रकट होने से ऐसे कई निर्णय होंगे।
उन्होंने कहा, "यह एक खतरनाक प्रवृत्ति है जो सेवानिवृत्त अधिकारियों और सामाजिक कार्यकर्ताओं द्वारा बढ़ावा दी जाती है।
उन्होंने सुप्रीम कोर्ट पर जोरदार हमला करते हुए कहा, "सुप्रीम कोर्ट देश में लोकतंत्र और खुले माहौल चाहता है, लेकिन जब न्यायाधीशों की नियुक्ति की बात आती है तो सब कुछ अलग रखा जाता है।
अधिकारियों द्वारा नौकरशाही के राजनीतिक स्वामी द्वारा किए गए अपमान के खिलाफ सुप्रीम कोर्ट में हस्तक्षेप के लिए याचिका दायर करने वाले अधिकारियों के खिलाफ कड़ा रुख लेते हुए उन्होंने कहा कि सेवानिवृत्त अधिकारी बड़ी संख्या में जनहित याचिकाएं दाखिल कर रहे हैं, भले ही उन्होंने पद पर रहते हुए राजनीतिक स्वामी की बहुत अच्छी सेवा की हो।
अब, अपनी सेवानिवृत्ति के बाद उन्होंने अचानक यह निर्णय लिया है कि सभी राजनेता पागल हैं।
कोन्नूर देश का पहला ऐसा जिला है, जहां कोई भी परिवार अब भूमिहीन नहीं है।
केंद्रीय ग्रामीण विकास मंत्री जयराम रमेश ने घोषणा की है कि प्रत्येक गरीब परिवार के पास घर बनाने के लिए कम से कम 3 सेंट (लगभग 120 वर्ग मीटर) की भूमि होनी चाहिए।
यह एक ऐतिहासिक कदम है।
उन्होंने सभी राज्यों से केरल राज्य में भूमि वितरण के उदाहरण से सबक लेने की अपील की।
उन्होंने कहा कि ऐसे निर्णयों के लिए राजनीतिक इच्छाशक्ति और मजबूत निर्णय लेने की आवश्यकता होती है।
सात वर्ष पूर्व, सर्वोच्च न्यायालय ने पुलिस सुधार पर आदेश जारी किया था।
यह आदेश इसी तरह का था।
अपने आप से पूछें कि क्या इन आदेशों का पालन राज्यों में किया गया था?
अपराधी मोहनपुर-इटवा सड़क पर खड़ा था, जो बोधगया-बकराउर पुल से होकर गुजरती है।
पुलिस स्टेशन अधिकारी कन्हिया सिंह ने बताया कि ट्रक चोरों ने ट्रक चालक संजय यादव और सफाईकर्मी के हाथ बांध दिए थे और उन्हें जंगल में रखा था।
गुरुवार को ट्रकों की गहन जांच की गई।
जब पुलिस बकराउर-बोधगया पुल पर पहुंची तो चोरों ने चोरी के ट्रक में सवार होकर भागना शुरू कर दिया।
पुलिस ने ट्रकों के साथ दो चोरों को पकड़ा।
बोधगया जिले के कुलहाउरा गांव के दिनेश पासवान और धधनुवा के प्रमोद को आगे की जांच के लिए पुलिस ने हिरासत में लिया है।
पुलिस प्रमुख ने कहा कि इन अपराधियों का एक बड़ा गिरोह है।
प्रमोद इस गिरोह का मास्टरमाइंड है।
प्रमोद ने अन्य अपराधियों के बारे में जानकारी दी।
प्रिंसिपल संजय कुमार के साथ पुणेथ कश्यप, दीनानाथ, कुलदीप कुमार, पूनम शर्मा, सुनीता और मृदुला शर्मा और अन्य शिक्षकों ने छात्रों को उनकी उपलब्धियों पर बधाई दी।
इस दिवाली में बाजार में आपके पसंदीदा राजनेताओं के नाम से अलग-अलग प्रकार के पटाखे उपलब्ध हैं।
अगर आप सोनिया, मोदी और राहुल गांधी के नाम से पटाखे नहीं खरीदना चाहते हैं तो चिंता न करें। नीतीश ब्रांड के पटाखे भी बाजार में उपलब्ध हैं।
यदि आप अभी भी संतुष्ट नहीं हैं और इन नामों के बारे में आपके पास आरक्षण हैं, तो बाजार में अन्य विकल्प उपलब्ध हैं।
इस बार जब आप अपने बच्चों के लिए पटाखे खरीदने बाजार जाएंगे तो खाली हाथ नहीं लौटेंगे।
अगर आप बिहार के मुख्यमंत्री नीतीश कुमार के नाम से पटाखे नहीं खरीदना चाहते हैं तो आप निश्चित रूप से पूर्व उपमुख्यमंत्री सुशील मोदी के नाम से जमीन खरीदेंगे।
यदि आप अपने बच्चों के लिए किसी राजनेता के नाम से बने पटाखे नहीं खरीदना चाहते हैं तो चिंता न करें। रामविलास पासवान विकल्प आपके लिए उपलब्ध है। हाँ, रामविलास पासवान पटाखे भी बाजार में उपलब्ध हैं।
अगर लालू यादव को चारा घोटाले के लिए सजा मिल रही है तो भी आपको चिंता करने की जरूरत नहीं है। अगर आप उनके साथ जश्न मनाना चाहते हैं तो चिंता न करें, आप अपने घर में लालू यादव के साथ दिवाली का आनंद ले सकते हैं!
समारोह में पूर्व प्रधानमंत्री इंदिरा गांधी को श्रद्धांजलि अर्पित की गई।
यह जानकारी स्कूल के प्रिंसिपल नाफे सिंह ने दी।
उन्होंने कहा कि शिक्षकों और प्रोफेसरों ने इंदिरा गांधी की तस्वीर पर फूल रखे।
हरियाणा के लिए प्रगति के मार्ग विषय पर निबंध प्रतियोगिता का आयोजन किया गया।
मञ्जु लक्ष्मी ने प्रथम पुरस्कार और शिल्पा ने द्वितीय पुरस्कार जीता।
एसोसिएशन के राज्य अध्यक्ष बृजमोहन गुप्ता ने छात्रों के साथ सरदार पटेल और इंदिरा के बलिदान पर अपने विचार साझा किए।
उर्मिला मलिक, गीता गुप्ता, राजबीर सिंह और अमित गुप्ता को जूरी के सदस्य के रूप में सम्मानित किया गया।
प्रिंसिपल ने हरियाना की प्रज्ञा विषय पर जानकारी दी।
उसकी लाश जल निकासी के खदान के पास मिली थी।
मृत युवक की पहचान हरिश गहलोत के रूप में हुई है।
युवक के शरीर में दो गोली के घाव मिले।
पुलिस ने शव को पोस्टमार्टम के लिए अस्पताल भेजा है और जांच शुरू कर दी है।
गुरुवार को करीब एक बजे पुलिस को सूचना मिली कि रोशन गार्डन क्षेत्र में ड्रेनेज खाई के पास एक युवक घायल पड़ा है।
जब पुलिस वहां पहुंची तो उसे मृत पाया।
तब उसकी पहचान धर्मपुरा जिले के रहने वाले हरीश के रूप में हुई।
युवक को कमर और कंधे में दो गोलियां लगी थीं।
हरीश ने दसवीं की पढ़ाई बीच में ही छोड़ दी।
एक दिन जब वह बेघर था, उसने कुछ गलत आदतें अपना लीं।
पिछली बार जब लोगों ने उसे देखा था वह एक आदमी के साथ था.
पुलिस इस व्यक्ति को खोजने की कोशिश कर रही है, और यह भी पता लगाने की कोशिश कर रही है कि गुरुवार को युवक कहां था और उसकी मृत्यु से पहले किसके साथ था।
जागरण संचार केंद्र, राजौरी: गुरुवार को विभिन्न विभागों के उदासीन सरकारी अधिकारियों की अचानक तलाशी ली गई।
कोट्रंका में पीएचई विभाग में तलाशी के दौरान कार्यालय बंद पाया गया और कर्मचारी काम से अनुपस्थित थे।
वहां काम करने वाले एक कर्मचारी को निलंबित कर दिया गया, जबकि अनुपस्थित लोगों को कारण बताओ नोटिस जारी किया गया।
जिला आयुक्त ने सरकारी कर्मचारियों की निगरानी के लिए कई टीमें बनाई हैं।
उनके आदेश पर गुरुवार को तहसीलदारों और अन्य विभाग के अधिकारियों द्वारा एक आश्चर्यजनक तलाशी ली गई।
कोत्रंका तहसीलदार, इसरार अहमद मीर ने भी मुख्यालय में स्थित सरकारी कार्यालयों का अचानक दौरा किया।
कार्यालयों में, साथ ही कर्मचारियों के साथ, कई उच्च अधिकारियों को ड्यूटी से अनुपस्थित पाया गया।
उन्होंने अनुपस्थित अधिकारियों का नोट लिया और जिला आयुक्त फकीरचंद भगत को सूची भेजी।
जब कोतरंका तहसील विभाग पीएचई विभाग पहुंचा तो उसने उसे बंद पाया।
कोई भी कर्मचारी उपस्थित नहीं था।
कोट्रंका अस्पताल में डॉक्टरों के अलावा 14 अन्य कर्मचारी अनुपस्थित पाए गए।
यहां तक कि बीएमओ भी अनुपस्थित था।
इसके अलावा बी.डी.ओ. कार्यालय में दो अस्थायी कर्मचारियों के अलावा स्वयं बी.डी.ओ. और उनके कर्मचारी मौजूद नहीं थे।
सीडीपीओ कार्यालय एक निम्न रैंकिंग अधिकारी द्वारा संभाला जा रहा था।
कार्यालय के रजिस्टर में कर्मचारियों ने अगले दो दिनों के लिए खुद को उपस्थित होने के लिए चिह्नित किया था।
इसके अतिरिक्त, सीएडीपी कार्यालय में, केवल टी.एस.ओ. मौजूद पाया गया था। अन्य कर्मचारी अनुपस्थित थे।
एक निम्न रैंक का अधिकारी बागवानी कार्यालय का प्रबंधन कर रहा था, जबकि अन्य अधिकारी गायब थे।
तहसीलदार ने इन सभी अनुपस्थित कर्मचारियों की सूची तैयार की और जिला आयुक्त को भेजी।
इस बीच, मुख्य शिक्षा अधिकारी चौधरी लाल हुसैन ने बलजरलान क्षेत्र के कई स्कूलों का अचानक दौरा किया।
वली मोहम्मद काठा स्कूल में दोपहर के भोजन के प्रभारी हैं और उन्हें काम ठीक से नहीं करने के लिए निलंबित कर दिया गया है, जबकि श्री अब्दुल माजीद और चेरियन मिडिल स्कूल के शिक्षक सूर्या बेगम, शंकर हाई स्कूल के सीआरपी जावेद आलम और बलजरालन मिडिल स्कूल के सीआरपी अजय कुमार को कारण बताओ नोटिस जारी किया गया है।
डीआईईटी के प्रधान प्रदीप शर्मा ने थानमंडी क्षेत्र के स्कूलों में मध्याह्न भोजन की जांच के लिए एक आश्चर्यजनक निरीक्षण किया।
थानमंडी क्षेत्र में निरीक्षण के दौरान प्रिंसिपल को दोपहर के भोजन में कुछ खामियां मिली और इसलिए श्री प्रदीप शर्मा ने दो दिनों के भीतर इन खामियों को दूर करने के लिए भोजन प्रभारी अधिकारी और हेडमास्टर से कहा।
अपने विवादास्पद भाषणों के लिए जाने जाने वाले पूर्व यूपी मंत्री राजाराम पांडे का गुरुवार देर शाम दिल का दौरा पड़ने के बाद निधन हो गया।
राजाराम पांडे की मृत्यु के बाद अखिलेश सरकार के मंत्रिमंडल का विस्तार स्थगित कर दिया गया है।
सूत्रों के अनुसार राजाराम पांडेय को मंत्री पद से हटाए जाने के बाद लगातार तनाव में थे।
कार्यक्रम के अनुसार अखिलेश यादव चौथी बार अपने मंत्रिमंडल में फेरबदल करने जा रहे थे।
राजाराम पांडेय को पता चला कि उन्हें शुक्रवार को होने वाले मंत्रिमंडल में बदलाव में शामिल नहीं किया गया है।
मुख्यमंत्री अखिलेश यादव से मुलाकात के बाद वह अपने राज भवन कॉलोनी निवास जा रहे थे और वहां पहुंचने के साथ ही उन्हें उल्टी होने लगी और वे बेहोश हो गए।
उनके कर्मचारियों ने कहा कि उन्हें आधी रात के आसपास सिविल अस्पताल ले जाया गया, लेकिन रास्ते में उनकी मौत हो गई।
अखिलेश यादव की सरकार में राजाराम पांडे खादी एवं ग्रामीण उद्योग मंत्री थे और तीन बार प्रतापगढ़ के विश्वनाथगंज क्षेत्र से विधायक रहे।
उन्हें 15 अप्रैल को महिला अधिकारियों के बारे में अपमानजनक टिप्पणी के कारण मंत्रिमंडल से हटा दिया गया था।
एक कार्यक्रम में सुल्तानपुर डीएम की सुंदरता की प्रशंसा करते हुए उन्होंने कहा, "मैं बहुत भाग्यशाली हूं कि मैं दूसरी बार इस क्षेत्र का प्रभारी मंत्री बना हूं।
मुझे हमेशा यहाँ एक सुंदर डी.एम. के साथ काम करने का मौका मिलता है।
जब मैंने पूर्व डीएम कामिनी चौहान रतन को देखा तो मुझे लगा कि उनसे ज्यादा सुंदर कोई महिला नहीं हो सकती, लेकिन नई डीएम (धनलक्ष्मी) उनसे भी ज्यादा खूबसूरत हैं।
उसकी आवाज का स्वर भी बेहतर है".
राजाराम पांडे ने भी प्रतापगढ़ में यह कहा, "सड़कें हेमा मालिनी के गालों की तरह चमकने वाली हैं और अभी तक सिर्फ फेशियल हो रहा है।
इस कथन ने बहुत हलचल मचा दी।
चंडीगढ़: एक तरफ पंजाब सरकार ने पंजाब में एनआरआई पंजाबियों की संपत्तियों की सुरक्षा के लिए विशेष विधेयक पारित किया है, वहीं दूसरी तरफ प्रवासी पंजाबियों को कनाडा में नई समस्याएं हैं।
कनाडा सरकार एनआरआई से उनकी संपत्ति से आय और पंजाब या भारत से पेंशन आदि के रूप में प्राप्त राशि के बारे में पूछताछ कर रही है।
एक विशेष इकाई के माध्यम से, संघीय सरकार ने कनाडा में पेंशन धारकों से अन्य देशों में अपनी संपत्ति से जो आय कमा रहे हैं, उसके बारे में पूछा।
सरकार को विदेश से आए लोगों के बारे में इस तरह की शिकायतें और जानकारी मिल रही है जो कनाडा में सभी वित्तीय लाभ प्राप्त कर रहे हैं।
कनाडा के कानून के अनुसार, कनाडाई नागरिकता प्राप्त करने के बाद विदेश से प्राप्त आय को उनकी कुल आय में जोड़ा जाना चाहिए, लेकिन लोग ऐसा नहीं कर रहे हैं।
कनाडा की नागरिकता प्राप्त करने के बाद भी पंजाब के हजारों लोगों ने अपनी कनाडाई आयकर रिटर्न में पंजाब में संपत्ति और पेंशन लाभ आदि से अपनी आय की घोषणा नहीं की है।
राजस्व विभाग के कई अधिकारी लगातार कनाडा के चार्टर्ड अकाउंटेंट्स से विदेशी नागरिकों को अपनी आय की घोषणा करने के लिए मजबूर करने के लिए कह रहे हैं, जो वे दूसरे देशों में कमाते हैं, ताकि वे कनाडा में कमाई की आय पर उचित कर की गणना कर सकें।
वरिष्ठ क्लब के एक प्रतिनिधिमंडल ने पंजाब के सांसद परम गिल से मुलाकात की और इस संबंध में उनके लाभ के लिए सुरक्षा की मांग की।
परम गिल कहते हैं कि उन्हें दी गई जानकारी के अनुसार, यदि कोई व्यक्ति इस मुद्दे के संबंध में किसी अन्य व्यक्ति के खिलाफ राजस्व कनाडा में शिकायत करता है तो उसकी आय की जांच की जा सकती है लेकिन जांच के बारे में उनके पास कोई ठोस जानकारी नहीं है।
इस प्रतिनिधिमंडल ने इससे पहले सांसद विक ढिल्लन से भी मुलाकात की थी और जल्द ही वे अन्य सांसदों और सांसदों से भी मुलाकात करेंगे।
पंजाब सरकार ने पंजाब किरायेदारी विधेयक और कृषि भूमि (संशोधन विधेयक) और एनआरआई संपत्ति की सुरक्षा के लिए पंजाब भूमि अधिग्रहण की सुरक्षा को पारित किया।
एनआरआई, सशस्त्र बलों के जवानों के साथ मिलकर अपनी भूमि की सुरक्षा कर रहे हैं।
इस विधेयक के अनुसार एक एनआरआई पंजाबी अपनी जमीन और घर-दुकान को समय-समय पर किराए पर ले सकता है।
वे समय से पहले सूचना देकर जरूरत पड़ने पर उन्हें वापस ले सकते हैं।
किरायेदारों को रहने की अनुमति नहीं होगी और कोई अन्य विकल्प उपलब्ध नहीं होगा।
एनआरआई को एसडीएम को स्वामित्व का प्रमाण देना होगा और उन्हें अपनी आवश्यकताएं बतानी होंगी।
इस कानून में पट्टे के पहले पांच वर्षों के लिए छूट दी गई है।
लगभग 1.5 करोड़ पंजाब के लोगों से आते हैं जो विभिन्न देशों में रहते हैं, जबकि उनकी संपत्ति अभी भी पंजाब में है।
वे पंजाब सरकार से अपनी संपत्ति की सुरक्षा की मांग करते रहते हैं।
इस दिन सोने, चांदी और बर्तनों की खरीददारी लोकप्रिय होती है।
इस बर्तन के कारण विक्रेताओं ने अपनी दुकानें पहले ही सजा ली हैं।
ग्राहकों को आकर्षित करने के लिए दुकानदारों ने दुकान के अंदर और बाहर विभिन्न बर्तनों को प्रदर्शित किया है।
हालांकि, उच्च मूल्य वृद्धि का प्रभाव बाजार में स्पष्ट रूप से देखा जा सकता है।
हिंदू धार्मिक पुस्तक के अनुसार धनतेरस के त्योहार के दौरान धातु की वस्तुओं को खरीदने का विशेष अर्थ होता है।
लोग न केवल छोटे-छोटे सोने-चांदी के गहने खरीदते हैं, बल्कि अपनी क्षमता के अनुसार पीतल और चांदी के बर्तन भी खरीदते हैं।
रसोई के बर्तन बेचने वाले काली दास और मदन लाल ने कहा कि इस बार कीमतों में उल्लेखनीय वृद्धि हुई है।
इस्पात, तांबे और पीतल की कीमतों में वृद्धि के कारण थोक माल भी महंगे हो गए हैं।
उन्होंने कहा कि पिछले साल स्टील के बर्तनों की कीमत 120 से 140 रुपये प्रति किलोग्राम के बीच थी, लेकिन इस साल यह बढ़कर 150 से 200 रुपये प्रति किलोग्राम हो गई है।
इसी तरह पीतल की कीमत के अलावा तांबे के बर्तन भी महंगे हो गए हैं।
सबजी मंडी में पूजा के लिए इस्तेमाल होने वाली वस्तुओं और पीतल की अन्य वस्तुओं की बिक्री करने वाले विकास ने कहा कि पीतल की कीमत बढ़ गई है, इसलिए पीतल से बनी वस्तुएं भी महंगी हो गई हैं।
ग्राहक बाजार में अधिक छोटी वस्तुएं खरीद रहे हैं।
यंत्र विक्रेता राजेश ने कहा कि इस बाजार में यंत्र की दुकानों की अधिकतम संख्या है।
दूर-दूर से आने वाले ग्राहक इस बाजार से सामान खरीदते हैं, लेकिन महंगा होने के कारण लोग कम सामान खरीद रहे हैं।
उनका मानना है कि त्योहार के कारण बर्तन महंगे हो रहे हैं और बाद में वे सस्ते हो जाएंगे।
धनतेरस के अवसर पर खरीदारी के लिए शुक्रवार का दिन शुभ होता है।
ज्योतिषी वचस्पती के अनुसार, शुक्रवार, 1 नवंबर को सुबह 6.41 बजे सूर्य उगेंगे।
इसके बाद सुबह 9.50 बजे वैध्रिती योग होता है, लेकिन ज्यादातर लोग इसे नजरअंदाज करते हैं।
जो लोग इस योग को मानते हैं वे इस समय खरीदारी करने से बच सकते हैं और जो लोग इस योग को नजरअंदाज करते हैं वे खरीदारी कर सकते हैं।
उन्होंने कहा कि लोगों को इस दिन सोने, चांदी और अन्य धातु की वस्तुओं को अपनी वित्तीय क्षमता के अनुसार खरीदना चाहिए।
समिति के सदस्यों ने लोगों से अपील की है कि वे पटाखे का इस्तेमाल न करें।
रैली बडवाला से हरिपुर कलसी गेट तक शुरू हुई, जहां बच्चों ने पर्यावरण को बचाने के लिए लोगों से अपील की।
समिति के सदस्यों ने सभी से पटाखों के बजाय मिट्टी के दीपक जलाने को कहा और लोगों से पॉलीथीन बैग के इस्तेमाल से बचने को कहा।
केंद्र शासित प्रदेश के अधिकारियों को जुलाई से डीए का 90 प्रतिशत मिलेगा, जो केंद्रीय सरकार के अधिकारियों के डीए के बराबर है।
इससे पहले सितंबर में डीए को बढ़ाकर 80 प्रतिशत कर दिया गया था, जबकि अनुमोदन के बाद यह बढ़कर 8 प्रतिशत हो गई थी।
इस प्रशासनिक निर्णय के बाद केंद्र शासित प्रदेश चंडीगढ़ के कर्मचारी बहुत खुश थे।
अन्य लोगों में केंद्र शासित प्रदेश कर्मचारी एवं श्रमिक संघ के अध्यक्ष मनमोहन सिंह, महासचिव गोपाल दत्त जोशी, केंद्र शासित प्रदेश बिजली श्रमिक संघ के अध्यक्ष राम सरूप, उपाध्यक्ष विजय सिंह, इलेक्ट्रिकल लिफ्ट संघ के अध्यक्ष जसबीर सिंह और श्रम नेता मनमोहन सिंह ने प्रशासन द्वारा लिए गए इस फैसले का स्वागत किया।
इस निर्णय के बाद कर्मचारियों को जुलाई से डीए का 10% मिलेगा।
इस अवसर पर श्रमिक नेताओं ने मांग की है कि बाल कल्याण परिषद के कर्मचारियों को भी 9 प्रतिशत के बजाय 90 प्रतिशत डीए दिया जाए।
भाजपा के प्रधानमंत्री और गुजरात के मुख्यमंत्री पद के उम्मीदवार नरेंद्र मोदी ने अपने मंत्रिमंडल में 6 नए राज्य मंत्रियों को शामिल किया है।
हेवीवेट खिलाड़ी विठ्ठल रादिया के बेटे सहित आधा दर्जन लोगों को हरी झंडी मिली। जयश सौराष्ट्र से हैं और हाल ही में कांग्रेस छोड़ने के बाद भाजपा में शामिल हुए हैं।
पूर्व उपमुख्यमंत्री नरहरी अमीन, जिन्होंने विधानसभा चुनाव से पहले कांग्रेस छोड़ दी और भाजपा में शामिल हो गए, को योजना आयोग का उपाध्यक्ष नियुक्त किया गया है।
इस मंत्रालय के विस्तार को लोकसभा चुनावों के लिए मोदी की तैयारी के रूप में देखा जा रहा है।
वह अपने राजनीतिक हितों को बढ़ावा देने के लिए बहुत यात्रा कर रहे हैं।
पांच राज्यों का दौरा करने के बाद वह और अधिक आक्रामक रैलियों, यात्राओं और बैठकों का आयोजन करेंगे।
इस प्रकार वह गुजरात को एक अथाह किले में बदलना चाहता है।
