Triomphe de la droite populiste en Autriche, elles forment ensemble 29%
Les élections anticipées au Parlement autrichien ont, selon les premiers résultats approximatifs, entraîné une faiblesse sensible des deux partis de la grande coalition actuelle et un renforcement significatif du parti populiste de droite.
Les pertes particulières ont été enregistrées par le Parti populaire autrichien (OVP), où la position de l'actuel président, Wilhelm Molterer, est sérieusement en désordre.
En revanche, le chef de l'Alliance pour l'avenir de l'Autriche (BZO), le chef du gouvernement de l'État de Carinthie, Jörg Haider, prépare son retour triomphal dans la politique nationale.
Selon les résultats approximatifs, le SPÖ reste le parti le plus fort du pays avec 29,8% des voix, ce qui représente une baisse de 5,5% par rapport aux dernières élections de 2006.
Peor a encore terminé l'OVP qui perd 25,6 pour cent, près de neuf pour cent des voix.
Ce sont les pires résultats, littéralement catastrophiques, de l'histoire de ces deux grands partis autrichiens depuis l'après-guerre et surtout pour les populaires qui ont convoqué ces élections anticipées.
Au début de juillet, lorsque l'OVP a quitté la coalition, les populaires avaient un avantage considérable par rapport au SPO.
Il est clair, cependant, que les électeurs les ont punis pour avoir laissé le gouvernement naufrage.
Les premières réactions aux résultats ont déjà laissé entendre des spéculations sur la démission du président du parti et, jusqu'à aujourd'hui, vice-chancelier, Wilhelm Molterer.
Les observateurs estiment que cela pourrait être fait dès lundi lors de la réunion exceptionnelle de la présidence du parti.
Cette évolution faciliterait évidemment la voie vers le point de départ constant et le plus proche des résultats électoraux, à savoir le renouvellement de la grande coalition entre SPO et OVP.
En effet, les deux partis de droite populiste - les libéraux (FPO) ont gagné environ 18% et le BZO, 11% des voix - et les sociaux-démocrates ont exprimé en même temps leurs craintes d'un retour aux mêmes conditions que 1999 lorsque les populaires ont négocié avec les populistes (alors FPO était une unité, mais en 2005 il s'est séparé du BZO) pour un gouvernement de coalition qui a généré une sanction de l'Union européenne.
Pour cette évolution, Haider est clairement en train de parier, il a déjà annoncé qu'il était prêt à collaborer avec n'importe quel parti et qu'il assumait déjà son retour à Vienne, à la politique nationale.
Le Parti vert a également réussi à entrer au Parlement, mais il a perdu légèrement et est passé de la troisième à la cinquième place des partis politiques autrichiens.
Aucun autre parti n'a franchi clairement la limite des 4% et n'est donc pas membre du Parlement.
Schwarzenberg: les relations avec l'Inde pourraient se refroidir
Si le problème des scientifiques tchèques accusés en Inde de collecte illégale de coléoptères n'est pas résolu, les relations tchèco-indiennes pourraient se refroidir, selon le ministre des Affaires étrangères Karel Schwarzenberg.
C'est ce qu'a déclaré le ministre à New York, après la rencontre avec son homologue indien, Pranab Mukherjee.
"Si cela n'était pas résolu, alors oui, alors oui, on arriverait sûrement à ce refroidissement", a-t-il déclaré après la réunion organisée à l'initiative de la République tchèque.
Mukherjee a déclaré, après la rencontre, que dans les affaires juridiques, il est difficile que l'exécutif puisse s'immiscer.
Cependant, il a déclaré que dans le cas de Petr Švácha, qui a été exonéré d'accusation et puni d'une amende, le gouvernement peut négocier avec le gouvernement local de Darjiling dont la compétence relève de l'affaire.
"Votre problème pourrait être résolu", a déclaré le ministre.
Pour Emil Kučera, condamné à trois ans de prison, il serait préférable, selon Mukherjee, qu'il fasse appel aux plus hautes instances.
Il peut ensuite demander l'exonération de la cause et attendre en liberté la sentence, a-t-il expliqué.
Schwarzenberg a confirmé que son collègue s'était exprimé en ces termes lors de la rencontre.
"Il est conseillé d'appeler à la Cour supérieure et après cela, il serait possible de lui accorder un pardon", a déclaré le chef de la diplomatie tchèque.
La seule façon pour la partie tchèque d'entrer en jeu est d'obtenir un "appui juridique compétent" pour le condamné, a déclaré le ministre indien.
Il a également déclaré que ce type de soutien lui est déjà fourni par la partie indienne.
"Nous avons le plus grand intérêt à maintenir avec l'Inde les meilleures relations, qui ont une longue tradition.
Les Indiens le reconnaissent aussi", a commenté Schwarzenberg.
En outre, comme l'a dit la ČTK, elle a insisté auprès de son collègue sur le fait que la République tchèque considère le problème des entomologistes tchèques comme très important.
"Nous considérons vraiment comme une grave erreur d'emprisonner et de condamner ces scientifiques tchèques", a-t-il annoncé.
Le ministre a évité de répondre à la question de savoir s'il avait reçu de la part de l'Inde la promesse de s'occuper de l'affaire.
"J'ai reçu beaucoup de promesses", a-t-il simplement déclaré.
Un Tchèque arbitre une bataille au fond de la mer
Je me dirige vers une carte électronique sur le mur, sur laquelle on voit l'Australie entourée par la mer.
Il ne s'intéresse pas, cependant, au continent mais à un petit point perdu dans l'océan bleu.
"L'île appartient à l'Australie et avec elle aussi le fond marin qui l'entoure.
La région est aussi grande qu'un seul continent", déclare Luigi Santosuosso, avocat italien, membre de l'équipe de 30 membres de la Division des affaires de l'Océan et de la mer de l'ONU.
Son chef, le directeur de la Division, l'avocat tchèque Václav Mikulka, suit l'exposition et, parfois, la complète.
Il est dominé par cette humeur et cet enthousiasme de travail.
Le fond marin cache encore aujourd'hui un monde peu connu, riche en ressources naturelles.
On y trouve du pétrole et d'autres matières premières minérales, mais aussi des organismes inconnus jusqu'à présent qui sont eux-mêmes la clé du développement de médicaments contre le cancer.
Le fond est plus grand que la terre ferme
Les pays riverains ont commencé aujourd'hui à disputer avec véhémence les nouveaux territoires sous la mer.
Selon le traité de l'ONU, ils profitent des droits qu'ils ont convenus en 1982 à Montego Bay en Jamaïque.
Il s'agit essentiellement de la soi-disant bordure continentale qui s'étend parfois à quelques centaines de kilomètres du littoral d'un pays donné.
Il a, selon le traité, des droits exclusifs sur toutes les ressources du bord continental.
"Simplement, le bord continental désigne la partie du fond marin et de sa surface, qui est la continuation naturelle du continent sous l'eau.
Elle s'étend jusqu'à la limite de la côte et souvent jusqu'à la limite des 200 milles marins, c'est-à-dire une zone purement économique", explique Mikulka.
La demande de délimitation des limites extérieures de la Frontière Continentale présentée par le pays concerné à la Commission doit être accompagnée de documentation technique scientifique fondée sur des recherches et des mesures.
Il est le résultat de plusieurs années de préparation.
"L'une de nos tâches est d'organiser une commission d'aide technique et juridique spécialisée.
La Commission a à ce jour examiné cinq demandes de la Russie, du Brésil, de l'Australie, de l'Irlande et de la Nouvelle-Zélande.
Pour l'instant, seules les trois dernières pays ont réussi", ajoute Mikulka.
Il n'y a pas si longtemps, le succès de l'Australie a eu une répercussion mondiale car elle a été la première à étendre essentiellement sa domination marine.
Mais c'est aussi le cas de la Nouvelle-Zélande, dont la superficie de fond marin attribuée par la commission la semaine dernière est de 1,6 million de kilomètres carrés, soit près de six fois la taille de l'État.
Les deux pays ont investi des millions de dollars dans son étude.
Les gains qui découleront de l'utilisation du fond marin seront, comme ils le promettent, inestimables.
D'autres États ont également progressivement déposé leurs demandes.
Ils peuvent le faire jusqu'à dix ans après avoir ratifié le traité de Montego Bay.
Là où se termine le bord continental commence la région du fond océanique déclarée par le traité "patrimoine commun de l'humanité".
Ici, aucune nation n'a une position exclusive.
Le droit d'exploitation dans ces zones est régi par des traités établis par des institutions internationales.
"Le fond marin, cependant, n'est pas une mine d'or", souligne le directeur Mikulka, ajoutant que "ses zones séparées sont légalement et clairement restreintes et leur régime défini par contrat".
Les Tchèques dans le Pacifique
Et aujourd'hui, une partie du fond marin appartient également à la République tchèque.
Il est partagé avec d'autres pays du Bloc de l'Est à l'époque au sein de l'organisation commune " Interoceanmetal ".
Il a réussi en 1991 avec un traité en tant qu'investisseur, comme quelques autres États, des États appelés "l'investisseur pionnier".
Il est habilité à exploser dans la zone de ClarionClipperton dans l'océan Pacifique, entre le Mexique, les îles Hawaii et Kiribati.
L'aire à explorer par l'investisseur est un peu plus grande que l'ancienne Tchécoslovaquie.
Le fond est accidenté, c'est une sorte de réplique marine des Tatras.
"On peut exploiter une superficie d'une superficie totale de 75 000 kilomètres carrés.
La région est riche en gisements de béton polymétallique contenant du nickel, du cuivre, du cobalt et du manganèse ", ajoute l'avocat indien Pakshi Rajan.
Un employé macédonien de la Division, Rober Sandev, nous apporte un échantillon de ce type de concrétisation.
Il nous rappelle une petite pomme de terre ou avec un peu de fantaisie, le Shem, qui selon la légende a ravivé le Golem.
Pendant la libération des otages, le commandement des forces spéciales allemandes était sur place.
Pour résoudre la crise des otages, le gouvernement égyptien avait demandé l'aide de l'Allemagne. Les experts sont venus.
Quand la situation est devenue sérieuse, le commandement des forces spéciales était prêt, mais l'opération n'a pas été réalisée.
De plus en plus de détails sont en train de sortir sur les circonstances de la libération de 11 touristes européens en Egypte.
Selon les données du ministère de la Défense et du ministère de l'Intérieur, les forces spéciales allemandes ont également participé indirectement à l'opération de sauvetage.
Ainsi, sur le lieu de libération se trouvaient des spécialistes de l'armée allemande ainsi que des fonctionnaires du GSG 9, escadre d'avion de la police fédérale, du Federal Office of Criminal Investigation ainsi que des experts dans le domaine de la logistique de l'institution caritative technique.
Comme l'ont rapporté lundi soir les porte-parole des ministères, les forces allemandes n'étaient pas nécessaires parce que les ravisseurs, se rendant compte d'une libération violente, ont laissé partir leurs prisonniers et ont échappé.
Le gouvernement égyptien a accepté l'aide de l'Allemagne pour l'utiliser comme soutien sur place.
"Heureusement, ce moment n'est pas arrivé", a déclaré un porte-parole du ministère fédéral de l'Intérieur.
Le 19 septembre, dans le sud de l'Egypte, des assaillants avaient enlevé un groupe de voyageurs composé de 5 Allemands, 5 Italiens, une Roumaine ainsi que leurs 8 compagnons égyptiens.
Après leur enlèvement dans la région désertique du sud de l'Egypte, les otages ont été déportés d'un côté à l'autre de la zone frontalière entre l'Egypte, la Libye, le Soudan et le Tchad.
L'identité des ravisseurs est restée inconnue jusqu'à la fin, ainsi que les détails de la libération ou des paiements de rançon possibles.
Pendant ce temps, les personnes sauvées sont arrivées au Caire en bonne santé.
Steinmeier a dit que les otages libérés étaient sous la tutelle de l'ambassade d'Allemagne.
Il n'a pas dit un mot sur les détails de la libération.
Au début, il n'y avait aucune information à Berlin sur leur retour en Allemagne.
Selon le journal "Bild", 5 touristes et les forces spéciales doivent rentrer dans l'Airbus de l'armée de l'air allemande et arriver en Allemagne mardi.
La Chambre des représentants des États-Unis n'approuve pas le plan de sauvetage.
La première chambre du Congrès des États-Unis a à peine laissé échouer un vaste plan de sauvetage de 700 milliards de dollars pour les marchés financiers.
Le Dow Jones est tombé très fort.
La Chambre des représentants des États-Unis a rejeté par 227 voix contre 206 le plan de sauvetage des marchés financiers.
Malgré les appels du président George W. Bush et d'anciens politiciens des deux partis, il n'a pas atteint une majorité pour le programme qui devrait limiter le désordre sur les marchés financiers.
Avec une action dramatique, les défenseurs désespérés avaient encore essayé de convaincre les critiques d'accepter le gros paquet de 700 milliards de dollars.
Barney Frank, le chef des négociations démocrate, avait demandé aux députés de voter sur le plan, même si celui-ci n'est pas très populaire.
"Il est difficile de recevoir l'approbation politique pour éviter quelque chose qui n'est pas encore arrivé", a-t-il admis.
Déjà pendant le vote, le Dow Jones est tombé de plus de 6 pour cent, soit 600 points.
La cause en était les préoccupations des investisseurs que le plan de sauvetage de l'État pourrait échouer.
Il s'est reposé à la fin du vote et après que la défaite ait été rendue publique, il est tombé à nouveau.
Les experts s'attendent à d'autres turbulences graves sur les marchés financiers internationaux.
Pour que le programme entre en vigueur, il faut l'approbation à la fois de la Chambre des représentants et du Sénat.
Les organisateurs enregistrent une augmentation du nombre de réservations
On dirait que c'est un bon hiver pour les voyagistes allemands:
Selon une étude, le volume des ventes de réservations de voyages pour les prochains mois a augmenté par rapport à l'année dernière - même la saison hivernale de plus de 30%.
Selon une étude, malgré la conjoncture affaiblie, le désir de voyager des Allemands reste le même qu'auparavant.
Comme l'a rapporté lundi l'association allemande de voyages (DVR) à Berlin, les agences de voyages ont enregistré un volume de ventes de 31% de plus que la même période de l'année dernière.
Selon l'enquête de l'institut de recherche sur les marchés GfK, les réserves pour l'automne étaient déjà en hausse.
Ainsi, le volume des ventes des agences de voyages en octobre a augmenté de près de onze pour cent par rapport à 2007, a rapporté le DVR.
Les résultats sont basés sur les chiffres de GfK, qui sont des informations analysées sur les réservations dans 1200 agences de voyages et calculées pour l'ensemble du marché.
Les données collectées sont les réservations de voyages effectuées jusqu'à la fin août 2008.
En raison de l'affaiblissement du cours du dollar, les voyages aux États-Unis sont particulièrement demandés, a rapporté le DRV.
Dans ce cas, le nombre de réservations a augmenté de près d'un tiers.
Les destinations préférées des Allemands ne sont pas seulement l'Espagne, la Turquie et la Grèce, mais aussi les régions d'Allemagne.
Les voyages organisés sont particulièrement appréciés, explique Klaus Laepple, président du DRV.
En raison de l'augmentation des prix de l'énergie et de la nourriture, les frais de déplacement sont "plus calculés pour le client que lors d'un voyage individuel".
Les consommateurs peuvent notamment économiser de l'argent grâce à des réductions sur les réservations anticipées ou à des offres All-Inclusive, a expliqué Mme Laepple.
Les voyages étaient également bien réservés en été, de sorte que le volume des ventes par rapport à l'année dernière a encore augmenté - bien que, selon une autre étude, le nombre d'Allemands qui ont fait un voyage, par rapport à l'année dernière, ait diminué.
Mon premier Oktoberfest
Les succès des fêtes en plein air au Spa sans fin, la bière en pots de un litre et les célébrités vêtues de costumes traditionnels bavarois de designers.
Une première dans une tente.
Susanne Kronzucker et moi n'avons pas vraiment beaucoup en commun.
Elle est blonde, la présentatrice de télévision et porte un costume traditionnel bavarois sur mesure.
J'ai les cheveux noirs, je suis étudiante et ma robe est déjà utilisée.
Mais il y a une chose qui nous unit: dès que nous sommes dans la tente, les photographes se sont précipités vers nous et ont rempli leurs cartes mémoires de photos - c'est très flatteur surtout parce que c'est ma première fois à l'Oktoberfest.
C'est comme ça qu'on se fait des amis.
Les costumes traditionnels bavarois bon marché semblent remplir leur fonction.
En fait, en tant que touriste de l'Oktoberfest en provenance du nord de l'Allemagne, mon sentiment de bien-être dans un costume traditionnel bavarois était encore limité à ce jour.
Mais après être arrivé au Prado de Teresa, tout n'est pas si grave.
Presque tout le monde porte des costumes bavarois traditionnels ou des pantalons en cuir; aucun ne semble être à prendre en compte ou se sentir désagréable - tout est absolument normal.
Seule mon tablier reçoit des regards bizarres à côté d'un stand de bananes au chocolat.
Une marionnette attire mon attention sur mon tablier qui était habillé de façon erronée: "la moitié gauche est célibataire, la moitié est vierge, la moitié droite est fiancée, derrière elle est veuve".
Oh mon Dieu, je me dégourdis à gauche.
"C'est bon", dit-il en riant.
Les autres ne se soucient pas des méthodes subtiles de flirt et portent des casquettes qui disent "To drink to get dressed!" et montrent, sans leur demander, leur cul nu.
Un jeune garçon qui se comporte de façon exhibitionniste s'appelle Bob, il est d'Angleterre et il est lui aussi pour la première fois à l'Oktoberfest.
Il trouve ça "gorgeous", ce qui se prononce avec un "ou" très long.
Il me le raconte après avoir rangé à côté son verre de bière qu'il vient de boire.
Il l'a mis juste à côté de la bouche de feu, la plupart pensent que c'est un seau de poubelle.
Alors Bob est une des célébrités qui savent boire beaucoup.
Les autres n'ont pas beaucoup de chance et ne peuvent pas consommer autant d'alcool.
Vers 8 heures du soir, les équipes de secours courent dans la salle de fête et doivent s'occuper des pauvres ivrognes.
Les ambulanciers apparaissent de temps en temps en groupe - tout à coup, ce sont toujours quatre personnes qui apportent les couvertures d'une tente à l'autre.
Ça marche comme pour la plupart des visiteurs: ils arrivent sobres, ils reviennent ivres.
On ne voit pas qui souffre des degrés d'alcoolémie et qui est en train de marcher.
"Ce sont eux qui ne peuvent plus", m'a répondu un infirmier répondant à ma question et disparut dans le tumulte.
Victime d'accident identifiée par la police
Une piétonne de 63 ans est décédée à l'hôpital après avoir été heurtée par un véhicule dans le comté d'Essex.
Carole Paulson, de Chelmsford Road, dans la ville de Brentwood, a été impliquée dans l'accident survenu sur Shenfield Road vendredi après-midi.
La femme a été transportée à l'hôpital Queen's à Romford, mais elle est décédée plus tard.
Après l'accident, un homme de 51 ans a été arrêté pour conduite imprudente.
Il a depuis été libéré sous caution.
La Turquie élargit ses horizons diplomatiques
Bien avant que la Turquie n'ait l'intention d'être membre de l'Union européenne, les puissances européennes cherchaient à pénétrer dans l'intérieur du pays.
Dans la partie orientale du Bosphore, peut-être à seulement 20 pas de l'Asie, se trouve l'un des plus intéressants vestiges de l'ambition impériale désastreuse.
La gare de Hydarpasha a été conçue par deux architectes allemands, Otto Ritter et Helmut Conu, dans un style néo-renaissance.
Du moins, c'est ce que disent les guides.
Le bâtiment est placé à l'horizon de l'extrémité des plates-formes et porte en face deux tours, une pour chaque coin, ressemblant à tous une mairie allemande typique.
La pierre est sale.
Le bâtiment de votre complexe est un peu délabré.
Mais une fois le coffre-fort envahi, il n'y a aucun doute quant à la grandeur de l'entreprise que c'était la porte la plus occidentale.
La station a été inaugurée en août 1908 par le consortium allemand Anatolia-Bagdad Corporation.
L'Allemagne, un " retardataire " dans le jeu impérial, avait l'ambition de dominer le Moyen-Orient à travers ce chemin de fer qui allait jusqu'à Damas, Bagdad, et au-delà dans ce qui est aujourd'hui l'Arabie saoudite.
Cependant, les ambitions de cette Allemagne impériale ont échoué pendant la Première Guerre mondiale.
Ses chemins de fer ont été attaqués par Lawrence d'Arabie et ses Arabes irréguliers.
En raison de l'isolement relatif des régions environnantes, engendré par les frontières gelées de la guerre froide, il est tombé sous le contrôle de la
la domination britannique et quand les forces ont avancé en Egypte, ils ont poussé les Turcs et leurs alliés allemands hors de Palestine et de Syrie.
Les nouvelles étaient mauvaises aussi pour la gare de Hyderpasha.
En 1917, un train de munitions explose et détruit son toit élaboré.
Les sources turques ont déclaré qu'il s'agissait d'un sabotage.
Depuis, la station est tombée en ruine et est restée à l'écart de l'histoire.
Mais aujourd'hui, ce chemin de fer, porte d'entrée vers l'Anatolie et tous les centres orientaux, sert - au moins symboliquement - à souligner la volonté de la Turquie d'élargir ses horizons diplomatiques.
Le parti au pouvoir, le AKP, a élaboré une nouvelle politique étrangère pour le pays.
L'isolement relatif des régions environnantes, engendré par les frontières gelées de la guerre froide, a disparu.
Il y a une nouvelle politique de collaboration.
Le gouvernement turc entretient d'excellentes relations avec Israël et la Syrie, avec les deux factions palestiniennes du Hamas et du Fatah, avec l'Irak et l'Iran et, bien sûr, avec l'Union européenne et les États-Unis.
Pour évaluer les paramètres de cette nouvelle politique étrangère, je suis monté sur une civière et je suis allé à Ankara, la capitale turque, pour rendre visite à l'un des leaders de l'AKP, un expert en politique étrangère, le Premier ministre turc Suat Kiniklioglu.
Le lendemain matin - environ dix heures et demie plus tard - après un voyage de secousses, qui a produit les cadences du monde antique dans le célèbre documentaire The Night Mail, je suis arrivé dans la capitale turque - une ville nouvelle, destinée à gouverner un nouvel État séculier, loin du passé ottoman.
Cependant, l'AKP, avec ses racines islamistes, représente un changement de paradigme dans le consensus turc.
qui a suscité des soupçons en Occident et surtout à Washington.
Un taxi m'emmène au siège de l'AKP, une structure ultramoderne en pierre et en acier - construite sur mesure - dans une banlieue en développement, entourée de centres commerciaux modestes et de " pâtisseries de pouvoir " où des dirigeants de la classe moyenne en tenue d'affaires - hommes et femmes - se réunissent tôt le matin pour conclure des accords/faire des affaires.
Suat Kiniklioglu pourrait être un politicien de centre-droit de presque n'importe quel parti en Europe.
Costume, cravate, je suis sûr qu'il a encore un Blackberry.
"L'objectif de la politique étrangère du parti est de réintégrer la Turquie dans son voisinage immédiat.
La guerre froide était une anomalie", me dit-il.
La Turquie a été coupée des relations avec son intérieur.
Aujourd'hui, il doit regarder à la fois vers l'Est et l'Ouest.
Ce n'est pas une affaire si ce n'est vers l'un ou l'autre.
Il doit faire les deux.
"Mais sûrement à un moment donné", lui dis-je, "la Turquie pourrait-elle être forcée de choisir?"
"La Turquie", répond-il, "ne veut pas faire face à cette élection".
Il souligne ensuite un point que presque tous ceux à qui j'ai parlé jusqu'à présent m'avaient rappelé presque par cœur: les relations de la Turquie avec non seulement le Moyen-Orient, mais aussi avec la région du Caucase et avec toute la mer Noire sont un avantage pour l'Europe et les États-Unis, comme pour la Turquie elle-même.
Le message semble être le suivant: avec la Turquie à bord, l'Europe dans son ensemble peut, métaphoriquement, construire ces lignes de chemin de fer qui ouvrent le monde à l'Asie de l'Est et au Moyen-Orient.
De retour à la gare d'Hydarpasha, après une deuxième nuit sans sommeil, ma pensée revient aux deux messieurs allemands, Herr Ritter et Herr Conu, qui avaient assisté à la construction de ce bâtiment, il y a 100 ans.
Combien vous seriez surpris d'apprendre que les ambitions de l'Europe au Moyen-Orient seraient aujourd'hui largement aux mains de la Turquie ?
Et en attendant le ferry qui me ramènera à travers le Bosphore, je me souviens que, à cette époque, la Turquie était considérée comme "l'homme malade de l'Europe".
Il ne fait donc pas de doute sur le continent que ce pays fascinant doit revendiquer.
Les vies à retenir: Vernon Handley et William Woodruff
Mark Brown écrit: en tant que directeur musical de Guildford depuis 1962, Vernon "Tod" Handley (à gauche, 11 septembre) était responsable de l'Orchestre philharmonique de Guildford et du Chœur.
Dans le cadre du projet musical pour la ville, l'année suivante, il fonde son magnifique chœur de jeunes, Proteus.
C'était censé être pour les moins de 21 ans, mais au moment où le Proteus a chanté sa finale en 1979, plusieurs d'entre nous avaient presque 20 ans - nous nous refusons simplement à donner jusqu'au chœur.
Le nom de " Proteus " (l'être mythologique changeant de forme) représentait la volonté du chœur et la capacité à exécuter toute musique qui lui est présentée, qu'il s'agisse de madrigal ou de Messiaen, indépendamment du fait qu'il soit non accompagné ou avec un orchestre complet.
La polyvalence musicale produite par ce chœur de jeunes était souvent surprenante, toujours excitante, et tout cela était dû à l'inspiration de cet homme et à l'enthousiasme pour la musique qui est resté absolument constant au fil des ans.
Tod nous disait souvent de " laisser la musique parler d'elle-même ".
Il me répondrait: "Le compositeur sait ce qu'il veut.
Tout est là, dans la musique.
Il suffit de chanter ! "
Sa baguette était toujours absolument claire et précise, mais jamais imposante, ni trop fleurieuse.
Quelle que soit la scène musicale, elle finit toujours à un niveau encore plus élevé.
John Frayn Turner écrit:
Si un conducteur devait être un gentleman, c'est bien celui-là, Vernon Handley.
Je l'ai connu très bien pendant les deux décennies où il dirigeait la Philharmonie de Guildford de 1962 à 1982.
Surtout au cours des 40 dernières années, j'ai passé en revue plus de 100 de ses concerts et je peux dire honnêtement que je n'ai jamais été déçu par aucun d'entre eux - au contraire, j'ai souvent été inspiré par eux.
Tod Handley avait cette rare combinaison de grandeur et d'extrême modestie personnelle.
Il détestait les chauffeurs qui, selon lui, "vendent simplement un ou deux chevaux de guerre très connus dans le monde entier".
Il va nous manquer beaucoup.
Je suis désolé.
Le professeur John Beckett écrit:
Dans sa suite de William Woodruff (25 septembre) vous affirmez que "en 1946 il a repris les études d'histoire économique à Oxford et en 1950 il a gagné une bourse de recherche de Houblon-Norman... en même temps il étudiait pour un baccalauréat, un master et un doctorat".
On apprend cela dans une note de l'auteur de Woodruff dans Beyond Nab End, mais ce n'est pas tout à fait exact.
De 1946 à 1953, il est professeur d'histoire économique à l'Université de Nottingham, période au cours de laquelle il réalise une thèse de doctorat sur l'industrie du caoutchouc britannique, supervisée par le professeur J.D. Chambers, et publiée par la suite en 1958 sous le titre The British Rubber Industry.
Il passe les années 1950-51 aux États-Unis, bénéficiant d'une bourse de Houblon-Norman, et l'été 1952 aux universités de l'Illinois, Harvard et New York.
En 1953, il quitte définitivement Nottingham pour l'Illinois.
La raison pour laquelle Woodruff a choisi de passer à côté de cette partie de sa carrière reste inconnue.
J. Vicente Resino à la faculté de philologie
"Je recommande l'exposition de José Vicente Resino "Flamenco et vie" parce que ses photographies en noir et blanc, style documentaire, sont fantastiques.
Ils m'ont attiré par leur simplicité et la force qu'ils transmettent, traitant toujours les protagonistes avec beaucoup de respect.
Une exposition qui montre beaucoup de sentiment.
Resino sait saisir les moments magiques.
Deuxième tour pour les ventes de Honda
En novembre, Honda entame la commercialisation de la deuxième génération de la Jazz.
Si son prédécesseur avait déjà une grande capacité de vie, ce nouveau minibus présente un espace intérieur encore plus spacieux.
À cela s'ajoutent des mécanismes sophistiqués, qui augmentent le confort de conduite et permettent d'économiser plus de carburant.
Évolution contre révolution.
Voilà la deuxième génération de la Honda Jazz.
Bien que la nouvelle Jazz présente une ligne esthétique très similaire au modèle qui lui succède, les changements introduits dans ce monovulpé sont nombreux.
Il s'agit notamment d'une conception innovante, d'une nouvelle plateforme, de dimensions plus grandes et de nouvelles mécaniques.
Cependant, avant d'analyser le nouveau modèle, il faut noter que ce nouveau Jazz arrive six ans après avoir introduit sur le marché la première génération.
Une première observation est donc que Honda a renouvelé ce modèle dans un délai plus court que celui utilisé par d'autres constructeurs.
Bien qu'en Europe, le Jazz soit moins connu, sur d'autres marchés ce modèle est un phénomène de vente.
C'est le cas du Japon, pays où le Jazz a été la voiture la plus vendue en 2002 et aussi en 2008.
Précisément au Japon, près d'un million d'unités de Jazz ont été vendues depuis sa sortie.
Le deuxième marché a été celui du Vieux Continent, avec environ un demi-million d'unités en six ans.
Cependant, Honda entend que ce nouveau Jazz permette d'augmenter les ventes dans le segment.
Ainsi, alors qu'en 2007 la firme japonaise a commercialisé un total de 83 000 unités de Jazz, en 2009 les estimations pointent vers 100 000 voitures, ce qui représenterait une croissance de 17% sur le marché européen.
En ce qui concerne le marché espagnol, Honda a commercialisé un total de 8 000 unités de Jazz depuis 2002, ce qui représente 6,7% des ventes totales de Honda en Espagne.
Quant à la nouvelle génération, les responsables de la filiale espagnole espèrent vendre 2.000 unités de Jazz en une année complète.
C'est précisément l'arrivée du nouveau Jazz qui permettra à Honda de pallier largement la baisse des ventes en Espagne.
En effet, les responsables de la marque espèrent terminer l'année avec un total de 22 000 unités commercialisées, soit 4 000 de moins qu'en 2007, soit une baisse de 16%.
Malgré cette augmentation des ventes, Honda a augmenté sa part de marché en Espagne, atteignant 1,8%, contre 1,6% l'an dernier.
La firme japonaise espère également atteindre 2% en 2010.
Pour atteindre ce quota, Honda compte sur l'arrivée d'un autre nouveau modèle.
Il s'agit de l'Insight, un hybride compact de cinq portes, de 4,37 mètres de longueur, dont la société japonaise prévoit de commercialiser environ 200 000 unités par an dans le monde.
Par marché et selon les estimations du constructeur japonais, 50% des ventes de l'Insight seront réalisées aux États-Unis, tandis que le pourcentage restant sera réparti entre le Vieux Continent et le Japon.
Le lancement commercial de Insight est prévu pour les premiers mois de l'année, une fois sa présentation en société en janvier à Valence.
Comparé à la première génération, le nouveau Jazz s'épanouit à tous les niveaux.
Sa longueur atteint 3,90 mètres (cinq centimètres de plus), sa largeur 1,69 mètre (deux centimètres de plus) et sa distance entre les axes 2,50 mètres, soit une augmentation de cinq centimètres.
La hauteur, en revanche, ne change pas et reste à 1,52 mètres.
En plus de l'augmentation des dimensions, l'habitabilité intérieure augmente également.
Ce gain est dû, d'une part, à l'inclusion d'une nouvelle plateforme et, d'autre part, à l'introduction du réservoir de carburant en position centrale, une solution également adoptée sur la précédente Jazz.
La capacité du coffre-fort, doté d'un système à double fond, s'élève également à 399 litres, soit 19 litres de plus que celle du coffre-fort de la première génération.
Il convient de noter que ces mesures sont de la version avec le moteur 1.4, car la capacité du coffre-fort de la Honda Jazz 1.2 est de 379 litres.
D'autres améliorations - en plus des éléments extérieurs tels que les LED arrière ou la possibilité de monter le pare-brise - est une amélioration de l'accès aux places arrière.
Et c'est que les portes qui donnent accès à la deuxième rangée présentent un angle d'ouverture de 80 degrés, contre 67 degrés du premier Jazz.
Les moteurs de cette deuxième génération de Jazz sont également nouveaux.
Au début de sa commercialisation, ce petit modèle sera équipé de deux propulseurs à essence de 1,2 et 1,4 litres.
Les deux mécaniques intègrent la technologie i-VTEC qui permet une consommation moindre, émet moins de dioxyde de carbone, atteint un excellent raffinement mécanique et en même temps obtient un couple élevé dans tout le régime du moteur.
La première mécanique de 1,2 litre obtient une puissance de 90 chevaux à 6.000 tours avec un couple maximum de 114 Nm à 4.900 tours.
Ce propulseur - qui atteignait 78 chevaux dans l'ancien Jazz - a une consommation de 5,3 litres et des émissions de 125 grammes de CO2.
En ce qui concerne l'ancien propulseur, qui dans la génération précédente atteignait 83 chevaux, il en a maintenant 100.
Ce Jazz 1.4 à 100 chevaux atteint une consommation combinée de 5,4 litres et 128 grammes de CO2.
La voiture abeille qui évite les collisions
Pour faire progresser le développement de technologies de prévention des accidents, Nissan s'est inspiré cette fois de la nature, en particulier des abeilles.
Une entreprise japonaise a créé un robot qui, en prenant comme base le vol des abeilles, évite les accidents.
C'est le Bio-mimetic Car Robot Drive, ou BR23C qui est le premier pas dans les technologies de prévention des collisions.
Les ingénieurs du Centre technique avancé de Nissan Motor Co. ont développé ce petit robot en collaboration avec le Centre de recherche en science et technologie avancées de la prestigieuse université de Tokyo, au Japon.
Selon Kazuhiro Doi, directeur général des relations publiques pour la technologie et la recherche et le développement de la gestion de la marque, le BR23C est présenté comme une extension du bouclier de sécurité de quatre domaines de Nissan.
Ce robot a pour but de renforcer la capacité de prévention des collisions des véhicules de la marque.
Au cours de leur vol, chaque abeille crée son propre espace personnel en forme d'ovale qui ressemble beaucoup au bouclier de sécurité Nissan.
Mais le plus important, ce sont les yeux composés de l'abeille, capables de voir à plus de 300 degrés dans toutes les directions, ce qui lui permet de voler sans interruption dans son propre espace personnel.
Pour reproduire cette fonction visuelle, les ingénieurs ont conçu ce qu'ils ont appelé un localisateur laser (Laser Range Finder).
Il détecte les obstacles situés à deux mètres de distance dans un rayon de 180 degrés devant le BR23C, calcule la distance jusqu'à cet objet et envoie un signal à un microprocesseur à bord qui, immédiatement, se traduit par la prévention de la collision.
"Dès qu'il détecte un obstacle, le petit robot imite les mouvements d'une abeille et change immédiatement de direction en faisant tourner ses roues à angle droit ou plus pour éviter la collision.
La différence majeure avec n'importe quel système existant est que la manœuvre d'évasion est totalement instinctive.
Si ce n'était pas le cas, le robot ne serait pas capable de réagir assez rapidement pour éviter les obstacles", explique Toshiyuki Andoh, directeur du Laboratoire de la mobilité et ingénieur principal de ce projet.
Contrairement à une abeille, le robot ne peut pas se détourner vers le haut ou vers le bas, ni en diagonale; il ne peut se déplacer que dans deux dimensions et dans la direction qui lui permet de tourner ses roues et non dans des directions et des façons infinies comme les abeilles.
Pour cette raison, Nissan a utilisé une fonction de rotation, en plus d'accélération et de décélération, pour que le petit robot évite les collisions.
"Ce dispositif n'a besoin que de traiter des informations toutes les quelques secondes, et d'agir en fonction de ces données.
Il ne nécessite pas de stockage d'informations ni de logique intuitive de manœuvres antérieures, il peut donc fonctionner en continu avec seulement quelques dizaines de kilobits de mémoire.
Cela peut surprendre, mais nous ne parlons pas de gigaoctets de mémoire, ni même de mégas.
C'est le premier pas vers le développement de nouvelles technologies de prévention instantanée des collisions, une technologie que Nissan prédit être introduite dans les voitures de série dans dix ans.
Le robot utilise des batteries en polymère de lithium, qui sont plus légères et durent plus longtemps que la variété d'ions de lithium.
Une autre application future possible de cette technologie pourrait être l'intégration de l'appareil avec un système de navigation GPS par satellite pour guider le conducteur à sa destination en évitant les obstacles sur la route.
Tremble avant de te faire hypothéquer
Il faut reconnaître que le Département du Trésor américain, en plus d'avoir beaucoup de liquide pour faire des injections, n'est pas dépourvu d'ingéniosité.
Face à la crise, et pour empêcher les Américains de s'embarquer dans des hypothèques de merde dans des banques douteuses, ils ont créé un jeu amusant et instructif pour le navigateur: Bad Credit Hotel.
Je veux dire, l'hôtel des mauvais crédits... ou des désordres.
L'aspect sombre de cette auberge et surtout de son réceptionniste est de réfléchir une, deux et même trois fois si c'est le moment de demander un crédit.
Et surtout, où le faire, ce qui est probablement son objectif.
Il est vrai qu'il a des informations utiles, mais peu détaillées.
C'est plus un site pour les adolescents qu'un site pour tout le monde.
Et si le jeu est terminé ?
Il y a une chambre de rêve dans l'hôtel.
Quelque chose est quelque chose, parce qu'on ne parle même pas d'acheter une meilleure maison...
Morgan Stanley vend une participation à MUFG japonaise
Morgan Stanley a annoncé la participation en capital de Mitsubishi UFJ Financial Group (MUFG), la première banque japonaise, qui débourse neuf milliards de dollars pour acquérir 21% de son capital, une nouvelle qui a été accueillie par une forte baisse de son cote boursière.
Une semaine après avoir découvert un accord provisoire, les deux banques ont expliqué que MUFG allait acheter 9,9% des actions ordinaires de Morgan Stanley au prix unitaire de 25,25 dollars, soit un montant de trois milliards de dollars.
Le prix convenu est inférieur à 19% de la valeur comptable des titres au 31 août.
MUFG investira six milliards de dollars supplémentaires dans l'achat de titres convertibles, ce qui lui assurera un rendement de 10% et un prix de conversion de 31,25 dollars.
Morgan Stanley a précisé que l'opération globale serait réalisée sur la base d'un prix par unité de mesure de 29 dollars, soit 28% au-dessus de son taux actuel.
L'action Morgan Stanley était cependant en baisse de 6,79% à 23,07 dollars chacune à 17h00 GMT.
" Cette alliance stratégique constitue une occasion importante d'accélérer la transition de Morgan Stanley vers le statut de banque holding ", a expliqué Juan Mack, le directeur général du groupe américain.
Morgan Stanley a adopté ce nouveau statut la semaine dernière, ce qui devrait lui permettre de diversifier ses activités mais il le place sous l'autorité de la Réserve fédérale.
Son alliance avec MUFG confirme également que la crise financière actuelle force les plus grands noms de Wall Street à adopter un comportement beaucoup plus prudent qu'auparavant.
Les modalités présentées lundi dernier montrent également que l'accord a été modifié ces derniers jours: lundi dernier, Morgan avait annoncé qu'il vendrait jusqu'à 20% de ses actions aux Japonais pour près de 8,5 milliards de dollars.
" Il y a une semaine, a expliqué à Tokyo Toshihide Mizuno, le directeur général de MUFG, " nous pensions que la participation aurait été composée uniquement d'actions ordinaires.
Mais, compte tenu de la situation actuelle de l'économie et du marché, nous avons voulu minimiser les risques et nous couvrir. "
Sur la base du prix moyen pondéré, MUFG paiera ses titres Morgan Stanley à 7% de leur valeur comptable.
Et l'opération se traduira par une dilution de près de 20% du bénéfice par action.
L'accord prévoit que MUFG pourra convertir dans un délai d'un an la moitié de ses titres de préférence en actions ordinaires si ces dernières sont vendues à plus de 50% du prix de conversion, soit à 47 dollars plus ou moins, sur une période donnée.
Morgan Stanley affirme que les capitaux apportés par MUFG lui permettront de saisir des opportunités d'investissement, de renforcer son bilan et d'accroître sa liquidité.
Un porte-parole du groupe a toutefois refusé de donner des précisions sur les projets stratégiques des deux nouveaux alliés.
Après l'investissement de MUFG, Morgan Stanley devrait afficher un ratio de solvabilité de niveau 1 de près de 15%, l'un des meilleurs du secteur.
Morgan a dû beaucoup réduire son bilan depuis fin août.
Les dernières semaines ont été épuisantes pour le groupe, dont la cotation boursière a chuté de moitié alors que le coût de la sécurité contre un risque de défauts sur sa dette s'élevait.
Ce coût a reculé lundi dernier, mais il est resté à un niveau élevé, environ 12%.
La semaine dernière, Goldman Sachs, l'autre survivant des grandes banques d'investissement de Wall Street après la faillite de Bear Stearns et Lehman Brothers et l'achat de Merrill Lynch, a annoncé avoir levé 15 milliards de dollars, en partie pour Berkshire Hathaway, le groupe de Warren Buffett.
Rafael Correa à Quito, ce lundi.
Refonder la république autour du socialisme du XXIe siècle.
C'est le projet commun du Vénézuélien Hugo Chávez, du Bolivien Evo Morales et de l'Équatorien Rafael Correa.
Ce dimanche, à l'exemple de ses collègues et amis, c'est la troisième fois qu'il met au vote un projet de nouvelle Constitution.
Mission accomplie puisque 64% des électeurs ont voté "oui" au référendum, selon les résultats officiels qui se rapportaient à 80% des suffrages.
Selon ces résultats, le "non" a obtenu 28%, 7% des suffrages étaient des votes nuls et 0,7% étaient des votes blancs.
Pour que le projet de Constitution soit adopté, il devait obtenir la moitié des suffrages plus un.
Dimanche, deux sondages effectués à la sortie des bureaux de vote et un décompte d'une organisation non gouvernementale avaient annoncé une victoire large du "oui", estimant entre 63% et 70%.
Rafael Correa avait également revendiqué dans la nuit du dimanche au lundi la victoire de son projet de Constitution.
"La Constitution a triomphé de façon écrasante", avait-il assuré, félicitant les Équatoriens qui dirigent le gouvernement de Guayaquil, à 280 kilomètres au sud-ouest de Quito.
Ainsi, Rafael Correa a été félicité par Chávez et Morales mais aussi par sa collègue chilienne Micaela Bachelet.
Les élections, qui se dérouleront dans le calme, selon la mission d'observation de l'Organisation des États américains (OEA), ont fait référence à un texte de 444 points qui consolidaient le "nouveau socialisme" défendu par le président.
Le projet de Constitution implique l'augmentation du pouvoir de l'État sur l'économie, en lui réservant la "planification du développement" d'un pays qui vit essentiellement grâce à l'extraction de pétrole par des entreprises étrangères et grâce aux devises envoyées par ses émigrés.
Dirigé par Correa, élu en 2006, le projet accorde également des pouvoirs renforcés au chef de l'État, qui pourra siéger deux mandats consécutifs de quatre ans chacun et aura la possibilité de dissoudre l'Assemblée.
Correa a déjà annoncé qu'il utiliserait ce pouvoir et qu'il prétendrait un nouveau mandat en février 2009.
La Constitution consolide également le principe de gratuité des services de santé et d'éducation que le président a commencé à instaurer dans ce pays de 13,9 millions d'habitants, où 50% de la population vit sous le seuil de pauvreté.
Il prévoit enfin l'interdiction de la présence de troupes étrangères, ce qui mettra fin à l'accord entre Quito et Washington pour l'utilisation d'une base équatorienne comme point de départ des opérations américaines contre la drogue.
Les 19 personnes enlevées ont été libérées au Tchad
Un commando égyptien a lancé l'assaut contre les ravisseurs des onze touristes et de leurs huit compagnons capturés il y a dix jours.
Ils sont au Caire.
Les onze touristes européens et leurs huit compagnons égyptiens enlevés il y a dix jours dans le désert sont arrivés sains et saufs dans la capitale égyptienne après avoir été relâchés lundi après-midi.
Le matin, ils avaient été libérés par les forces spéciales égyptiennes au Tchad.
Ils avaient tous l'air en forme à leur arrivée à 15h30 à bord d'un avion spécial à la base militaire d'Al Maza, à côté de l'aéroport international du Caire.
Ils ont été transportés par hélicoptère immédiatement à l'hôpital de Maadi, une banlieue résidentielle du Caire, pour des tests médicaux, et n'ont donc pas pu parler à la presse.
"Ils sont en bonne santé" et "aucune rançon n'a été versée" aux ravisseurs, a déclaré à l'aéroport le ministre égyptien du Tourisme, Zoheir Garana.
Le 19 septembre, ces otages sont tombés aux mains de 35 ravisseurs inconnus alors qu'ils jouissaient d'un safari en SUV dans une zone désertique au pied du mont Ouanat, aux confins de l'Egypte, du Soudan et de la Libye, et ont depuis passé d'un Zulu à l'autre.
Le groupe était composé de onze touristes - cinq italiens, cinq allemands et une roumaine - et de huit Égyptiens: deux guides, quatre chauffeurs, un garde-frontière et le directeur de l'agence de voyage Aegyptous, en charge de l'organisation du safari.
Un responsable de la sécurité égyptienne a indiqué que 30 membres des forces spéciales, transportés à bord de deux hélicoptères, avaient lancé l'assaut la nuit avant l'aube.
" Un échange de coups de feu a eu lieu, et la moitié des ravisseurs ont été tués, les autres ont fui ", a déclaré l'officiel, qui a tenu à rester anonyme.
Selon lui, 150 membres des forces spéciales égyptiennes de l'unité "éclair" ont été envoyés au Soudan, où ils ont été soutenus par des commandos allemands et italiens.
Le ministre italien des Affaires étrangères, Franco Frattini, a évoqué à Belgrade le rôle joué par les agents secrets et les membres des forces spéciales italiennes.
"Il faut reconnaître que nous avons obtenu ce résultat grâce au professionnalisme et à l'efficacité de nos hommes des services secrets, des forces spéciales", a-t-il déclaré sans entrer dans les détails.
Il a également nié avoir payé une rançon.
L'armée soudanaise a affirmé avoir intercepté la veille lors d'une patrouille un SUV à bord duquel se trouvaient les ravisseurs, dont elle a tué six, dont le chef tchadien, et arrêté deux autres.
Il a également affirmé qu'ils étaient liés à un groupe rebelle du Darfour, le Mouvement de libération du Soudan-Unité (MULUS-U), une affirmation immédiatement démentie par ce groupe.
Les lettres - La majorité silencieuse de la culture
Un débat sur le financement de la culture fait les manchettes et occupe la campagne électorale en cours.
C'est mieux comme ça.
Mais un secteur de notre vie culturelle reste toujours oublié.
Qui se lèvera pour dénoncer les misérables sommes accordées aux petits musées, aux archives, aux fouilles archéologiques ou aux lieux historiques nationaux qui meurent de faim ?
Quel politicien osera rappeler au gouvernement fédéral qu'il néglige ses monuments et ses bâtiments patrimoniaux ?
Pourquoi n'avons-nous pas de véritables lois qui préservent effectivement notre patrimoine comme au Canada et au Québec ?
Saviez-vous que le gouvernement français consacre 3,5 millions d'euros à la restauration du château de Chinon dans la vallée de la Loire ?
Aux États-Unis, il est écrit dans leur Constitution que la protection du patrimoine fait partie de la culture des Américains et que ce patrimoine doit être protégé par tous les citoyens, tous les élus et tous les départements du gouvernement, et tout cela, en concertation.
Au Québec, au sein de la Fédération des sociétés d'histoire du Québec, au moins 40 000 personnes bienveillantes regroupées dans 211 sociétés d'histoire, de patrimoine, d'archives et de généalogie se préoccupent de fouiller dans l'histoire, de préserver à peu de frais des tas d'archives privées et de préserver des vestiges archéologiques.
Ce sont elles qui sont souvent les chiens gardiens de notre patrimoine, qui protestent avec énergie et désespoir lorsque les promoteurs et les responsables lancent leurs bulldozers contre nos vieilles pierres et nos cimetières oubliés.
Pour quand, un monument historique et patrimoniale ?
Les gouvernements néerlandais nationalisent une partie de Fortis Bank.
Les États néerlandais - les premiers en Europe - vont aider à nationaliser la banque belgo-néerlandaise Fortis, qui est en difficulté en raison de l'effet de la crise hypothécaire sur le marché nord-américain.
Ce week-end, les gouvernements de Belgique, du Luxembourg et des Pays-Bas ont tenu des consultations au plus haut niveau avec le président de la Banque centrale européenne et le responsable de la concurrence économique de la Commission européenne.
Fortis Bank a été la première victime de la crise de la zone euro dans le cadre de la crise financière internationale qui s'est produite en plusieurs vagues il y a plus d'un an. Les décisions prises à son sujet peuvent donc, dans un certain sens, être considérées comme un précédent.
Selon la décision prise dimanche matin, les trois États achèteront environ la moitié (49%) des biens de la Banque dans leur zone.
La Banque va certainement vendre une partie de ses activités, notamment les activités - principalement d'assurance - achetées l'an dernier à ABN Amro, en Hollande.
Les actions du Fortis ont commencé à chuter fortement la semaine dernière et pour la seconde moitié de la semaine, on voyait déjà des signes importants de crise dans l'institution.
Cependant, les analystes s'accordent à dire qu'avec ses 85 000 employés, cette banque est trop grande pour permettre sa faillite.
Les actions de la société ont baissé de 12 pour cent vendredi, soit le plus bas niveau en 14 ans.
Depuis janvier, la valeur des actions a diminué de plus des deux tiers.
En observant les prix actuels des actions, la valeur totale du capital du groupe sur le marché est d'environ 14 milliards d'euros, mais selon les dirigeants de la société, ce n'est pas réel.
La direction de la Banque a attribué la chute brutale des actions de Fortis aux incertitudes du marché américain liées à l'approbation du plan américain de 700 milliards de dollars.
Lundi, les actions ont déjà montré une légère hausse.
Vendredi, Filip Dierckx a été nommé nouveau directeur général de la banque.
La Banque a également cherché des investisseurs privés, mais jusqu'à présent, personne n'a fait une offre concrète.
Le gouvernement belge avait déjà assuré que les investisseurs n'avaient pas à s'inquiéter, ils ne perdraient pas leur argent.
Les clients de la Banque n'ont pas paniqué jusqu'à présent, ils n'ont pas envahi les bureaux bancaires pour retirer leur argent.
Fortis a sa propre succursale en Hongrie et a également acheté des sociétés de location.
Le renard dans la poule
Aux États-Unis, les compagnies d'assurance vie et de santé, en regardant les données d'achat de médicaments, refusent souvent de signer un contrat d'assurance.
Les spécialistes de la politique de confidentialité craignent que le marché des données personnelles ne devienne incontrôlable.
"Il existe des programmes de protection des données personnelles qui, dans tous les cas, associent l'utilisation des données des ordonnances à l'approbation de la personne concernée.
Il doit être entre des mains indépendantes, sinon "on laisse le poulailler au renard", cite le Washington Post Richard Dick, concepteur du programme de suivi des ordonnances.
Les compagnies d'assurance font en sorte que le prix de l'assurance et le montant de l'indemnisation dépendent de l'état de santé du client et si elles pensent que le risque est excessif, elles ne font tout simplement pas le contrat.
Avant, ils ont envoyé le client à un contrôle médical et ont signé le contrat avec lui, connaissant déjà le résultat du contrôle.
Il y a dix ans, Dick a inventé une procédure beaucoup moins coûteuse: avec le numéro d'identification du client, il obtient facilement des pharmacies la liste des médicaments achetés au cours de la dernière année et demie et le programme tire lui-même la conclusion sur les maladies et l'état de santé du client.
Par exemple, si vous prenez systématiquement de fortes doses de pilules pour réduire votre cholestérol, cela indique que votre taux de graisse dans le sang est pratiquement incurablement élevé, et vous êtes immédiatement placé dans une catégorie à risque plus élevé.
Il existe de nombreuses versions du programme, certaines établissant même un numéro de risque, de sorte que la compagnie d'assurance en plus de l'administration n'a guère à faire, bien qu'il y ait des difficultés mineures à cet égard.
Parmi les inconvénients du programme, on peut citer le fait que certains médicaments sont polyvalents, par exemple certains médicaments sont utilisés pour traiter les maux de tête, les bouffées de chaleur et même comme antidépresseurs.
Le dernier est un facteur de risque important pour les compagnies d'assurance, tandis que le premier ne l'est pas.
Des sociétés spéciales ont été créées pour consulter et traiter ces données, qui demandent l'approbation du patient avant d'acheter les informations nécessaires aux pharmacies.
Les autorités les obligent déjà à le faire, même si elles n'ont pas été condamnées à une amende pour négligence jusqu'à présent.
Ces dernières années, certaines entreprises ont également élaboré des résultats de tests de laboratoire et les ont associés à des données sur la consommation de médicaments pour obtenir des informations plus précises sur l'état de santé du patient.
De plus en plus d'entreprises ont accès à ces données et en même temps il est de plus en plus difficile de contrôler leur utilisation.
Il existe une loi exclusive pour la protection des données personnelles sur la santé, mais elle ne s'applique qu'aux compagnies d'assurance et aux prestataires de services de santé.
Le projet de loi qui donne droit à l'autorité de contrôle des entreprises spécialisées dans la fourniture de données personnelles est déjà devant le Congrès.
Dick Richard reconnaît que cela est insuffisant: il a donc développé son programme, qui exigera l'approbation spécifique de la personne pour la fourniture de ses propres données personnelles.
C'est une autre question que cette personne ne peut pas refuser son approbation, car sinon les compagnies d'assurance ne signent pas le contrat avec elle.
Ainsi, les poules sont exposées à la bonne volonté du renard.
Menu général de Marseille
L'Union européenne double ses échanges avec l'Inde
L'Union européenne et l'Inde étant des partenaires commerciaux réciproques, cette question, ainsi que d'autres problèmes globaux, ont dominé l'ordre du jour du neuvième sommet.
Un sommet franco-indien aura également lieu aujourd'hui, pour traiter principalement de la coopération dans le domaine de l'énergie nucléaire.
Bien que l'Union européenne reconnaisse que l'Inde est une grande puissance démocratique en développement qui devrait avoir plus de voix et de vote dans les affaires internationales, les pays membres n'ont pas encore pu se mettre d'accord sur la question de savoir s'ils devraient soutenir New Delhi en tant que membre permanent du Conseil de sécurité de l'ONU.
Cette question n'a pas été abordée lors du neuvième sommet qui a débuté hier à Marseille.
Le président en exercice de l'UE, Nicolas Sarkozy, le président français, le président de la Commission, José Manuel Barroso, et le principal représentant de la politique étrangère, Javier Solana, ont reçu Manmohan Singh, le premier ministre indien, avec qui ils ont conclu un accord visant à doubler leur échange commercial en cinq ans, soit à atteindre plus de 100 milliards d'euros.
Compte tenu du fait que, entre 2000 et 2007, le commerce de marchandises est passé de 25 à 55 milliards de dollars, cet objectif n'est pas trop ambitieux.
Ils ont ainsi harmonisé juridiquement les vingt-six conventions bilatérales d'aviation civile existantes avec l'Inde, de sorte que le transport aérien pourra également voler à l'avenir.
L'Inde veut signer le traité de libre-échange avec l'Union avant la fin de 2009.
Sarkozy a promis d'accélérer les négociations.
L'objectif est l'équilibre, car alors que l'UE est le premier partenaire commercial de l'Inde, New Delhi n'est que le neuvième partenaire commercial de l'Union.
Le sommet a porté son attention sur les questions mondiales.
Les deux parties ont condamné la situation en Afghanistan et au Pakistan et le terrorisme sous toutes ses formes et ont appelé à la convocation d'une conférence des Nations unies.
La conclusion de la ronde de Doha sur la libéralisation des échanges a également été pressée, bien que les deux parties aient une grande responsabilité dans son échec.
L'UE a confirmé qu'elle s'en tiendra à son programme énergétique et climatique, c'est-à-dire qu'elle souhaite réduire ses émissions polluantes d'au moins 20% d'ici 2020.
L'Inde est également d'accord avec cela, tout comme la conférence sur le climat de l'année prochaine devrait aboutir à un accord mondial et réduire de 50% la production de gaz à effet de serre d'ici 2050.
Ils souhaitent également empêcher la hausse des prix des denrées alimentaires et ont soutenu la convocation d'une conférence internationale pour examiner la crise financière.
Le chef du gouvernement indien se rendra aujourd'hui à Paris, où il signera un accord sur l'utilisation pacifique de l'énergie nucléaire.
Paris espère que les entreprises françaises recevront des commandes d'une valeur de vingt milliards d'euros pour construire des réacteurs nucléaires.
Selon des informations de l'agence de presse, l'accord serait pour une période de 15 ans.
À Francfort, plus de trois cents éditeurs italiens
Une forte présence des éditeurs italiens à l'exposition internationale du livre de Francfort.
Plus de trois cents éditeurs italiens seront présents à la 60e édition de la Buchmesse, la plus importante rencontre internationale pour l'échange de droits.
L'exposition internationale du livre de Francfort attend cette édition plus de 7 000 exposants de 102 pays différents qui occuperont les 171.790 mètres carrés de l'exposition avec plus de 403 000 titres exposés et la Turquie comme invitée d'honneur.
Le sous-secrétaire du ministère des biens et des activités culturelles Francisco Maria Giro représentera le gouvernement italien à la cérémonie d'inauguration du pavillon italien: l'Italie sera institutionnellement et effectivement présente avec un point Italie - 264 mètres carrés d'espace d'exposition.
Une rencontre avec la presse suivra dans la salle Struktur du hall 5.0 de la Buchmesse, où seront présentés les chiffres, les tendances et les perspectives sur l'état des maisons d'édition en Italie.
Selon les données, le poids des livres d'auteurs étrangers diminue progressivement par rapport à la production italienne totale, et en particulier celle pour adultes et adolescents.
L'avion de Steve Fossett, le millionnaire disparu il y a un an, retrouvé.
Les restes de l'avion de Steve Fossett, le millionnaire disparu le 3 septembre 2007 alors qu'il survolait le désert du Nevada, ont été retrouvés.
Les débris ont été trouvés sur un plateau à 3000 mètres d'altitude, dans la région de la Sierra Nevada de Mammoth Lakes, à la frontière entre la Californie et le Nevada.
A l'intérieur de l'avion, il n'y avait aucun reste humain.
Le commissaire du comté de Madera, John Anderson, a dissipé les doutes qui subsistaient: "L'avion a été localisé, nous avons envoyé une équipe, et nous avons maintenant la confirmation qu'il s'agit de ce sur quoi Steve Fossett volait le jour de sa disparition", a-t-il déclaré lors d'une conférence de presse.
Le commissaire a précisé qu'aucun corps humain n'a été retrouvé ni dans l'avion ni dans les environs.
Le millionnaire, 63 ans, a été déclaré mort en février.
Le bureau américain de la sécurité des transports (NSB) a annoncé que quelques heures après l'observation des débris, une équipe d'enquêteurs a été envoyée pour identifier l'appareil: il s'agit de l'appareil Bellanca 8kcab, dispersé depuis le 3 septembre 2007, lorsque Fossett a décollé de Yerington dans le Nevada pour un vol de trois heures.
Hier, toujours en Californie, non loin de la frontière du Nevada, des restes personnels de Fossett ont été retrouvés par un couple près de leur maison à Mammoth Lakes.
Il s'agit de deux documents portant le nom de Fossett, tous deux émis par la Federal Aviation Administration de l'Illinois, de l'argent et d'un pullover.
La recherche de Fossett avait été interrompue un mois après sa disparition.
Le milliardaire s'était forgé une place dans l'histoire grâce à une longue série de premières.
En 2002, à sa sixième tentative, il était devenu le premier homme à faire le tour du monde en ballon aérien: deux semaines de vol solitaires.
Trois ans plus tard, j'avais fait le tour du monde en avion sans escale.
Parmi ses records, il a également été récompensé d'avoir volé à 15 445 mètres d'altitude, au-dessus des Andes, mais avec un copilote.
Glk, la publicité que vous ne vous attendez pas
Un SUV hors des schémas avec une conception originale et bien établie avec des lignes définies et des angles déterminés.
C'est ce, en résumé, GLK le dernier né parmi les camionnettes tout terrain "compacts" de la maison de la star avec laquelle Mercedes-Benz a cherché à donner une fenêtre de nouveauté dans ce secteur.
Pour son contenu hors du traditionnel, la communication qui accompagnera le lancement du SUV Glk, disponible dans les salles d'exposition Mercedes-Benz à partir du 17 octobre prochain, sera inattendue et non conventionnelle.
La campagne publicitaire qui accompagnera le début de la nouvelle voiture lancera une modalité inédite de communication à travers une campagne publicitaire en 3D, utilisée pour la première fois en Italie par une marque automobile.
Un projet avec maxi-posters, articulé en trois phases différentes, qui dominera la rue centrale du shopping milanais, avenue Como, jusqu'au 15 novembre.
La première phase de ce nouveau type de communication débutera par la présentation de la voiture en version stéréoscopique et grâce à des lunettes spéciales distribuées sur l'avenue Como, il sera possible de voir le nouveau SUV en dimensions presque réelles et en format tridimensionnel.
En effet, en regardant les images, on aura l'impression que la voiture sort de l'affiche.
Par la suite, grâce à l'utilisation de la technologie Elumina8 innovante, la nouvelle Glk sera illuminée à différents moments dans tous ses détails, pour se reconstituer en une seule image.
Sans aucun doute, Mercedes essaie avec cette publicité d'introduire quelque chose de nouveau dans le stéréotype de la communication automobile.
Cette formule pourra-t-elle capter l'intérêt des futurs acheteurs?
C'est clair qui sont les hooligans italiens.
Dans le Triveneto, l'interdiction d'accès aux manifestations sportives est en jeu.
Mais qui sont ces 150-200 jeunes filles et garçons dont l'Italie est désormais honteuse ?
Ils n'avaient jamais rencontré les fans de leur rival.
L'extraction du groupe est à droite.
Les promoteurs viennent du Triveneto.
Je suis de Vérone, de Padoue, de Trieste et d'Oudine.
A ceux de Sofia s'est ajouté un petit groupe (quelques unités, en réalité) de la Campanie et de la Puglia.
Ils ont des drapeaux à trois couleurs où figure la ville d'origine des militants: samedi soir, ils ont été retirés pour ne pas être identifiés.
Ils inspirent les fans anglais.
En Bulgarie, ils ont trouvé un groupe de vrais fanatiques nazis, les Levski.
La FIGC avait mis à la disposition des supporters italiens 144 billets pour le match: tous déjà avec des noms, donc facilement contrôlables.
Et le ministre de l'Intérieur les avait tous contrôlés: parmi ceux qui étaient sortis pour Sofia, il n'y en avait pas un avec un Daspo (interdiction d'accès aux événements sportifs) à l'époque, aucun qui lui avait été interdit de fréquenter un stade.
Quatre supporters italiens, qui avaient des antécédents de délinquance dans les stades, ont été refusés le billet et aussi le voyage.
Le ministère de l'Intérieur attend maintenant de lire les actes qui arrivent de la police bulgare pour prendre des mesures: dans ce cas, il est possible de donner le Daspo (interdiction d'accès aux événements sportifs) pour au moins cinq ans aux fans qui ont été arrêtés ou qui ont été identifiés dans les émeutes.
Un Daspo international (interdiction d'accès aux événements sportifs) qui empêche de fréquenter non seulement les stades italiens mais aussi ceux de toute l'Europe.
Nos voyous ne monteront plus jamais dans un stade.
Heureusement !
Mais maintenant, il y a la peur de l'imitation: que ces quelques cinquante, d'autres soient ajoutés.
"Nous devons éteindre immédiatement cet incendie et ne pas légitimer ceux qui se comportent de cette façon", soutiennent les responsables du ministère de l'Intérieur.
C'est pourquoi, "les yeux bien ouverts" surtout en vue du match de la Nationelle mercredi à Lecce.
En Pouilles, il y a aussi un petit noyau de partisans d'Ultras Italia.
Demain, l'Observatoire se réunit, mardi, le Cams qui peut également compter sur une section de l'Aise (agence d'information et de sécurité extérieure, c'est-à-dire le service secret, qui s'occupe des problèmes propres aux stades.
"Les chœurs de Duce-Duce et le bras levé pendant l'hymne de Mameli ?
C'est ce que pense (exprimé de façon malheureuse) Domenico Mazzilli, depuis quelques semaines directeur de l'Observatoire du ministère de l'Intérieur (il a pris le poste qui appartenait auparavant à Francesco Tagliente et ensuite à Felice Ferlizzi).
Mazzilli avait été chef de la sécurité publique de Trieste où se trouve un noyau de partisans du groupe Ultras Italia, fondé en 2002.
Il est vrai, comme le dit Mazzilli, qu'en Bulgarie il n'est pas illégal de célébrer le Duce, mais oui, le comportement de ces 150-200 fans qui a été honteux.
"Je ne suis pas un sociologue  ajoute le n.1 de l'Observatoire  les crimes sont attribués aux pays où se produit le fait.
Jusqu'à présent, ce groupe s'est bien comporté. Nous allons voir ce qui s'est passé et nous le tiendrons compte pour l'avenir.
Mais parlons aussi des sifflements à l'hymne de Mameli: ceux-là non plus ne sont pas un délit, mais s'ils le permettent, ils ne sont pas non plus d'éducation... ".
