Praví populisté v Rakousku zvítězí, mají celkem 29 procent
Podle prvních předběžných výsledků předčasných parlamentních voleb v Rakousku došlo k znatelnému oslabení obou stran v současné velké koalici a významnému posílení pravicových populistických stran.
Zvláště velké ztráty utrpěla rakouská lidová strana (ÖVP), jejíž pozice současného vůdce Wilhelma Molterera je vážně otřesena.
Naopak, vedoucí kampaně Aliance pro budoucnost Rakouska (BZÖ), guvernér Karinthe, Jörg Haider, se připravuje na triumfální návrat do národní politiky.
Podle předběžných výsledků zůstává sociálně demokratická strana (SPÖ) nejsilnější v zemi s 29,8 procentem hlasů, nicméně ztratila 5,5 procent hlasů od posledních voleb v roce 2006.
ÖVP, která s 25,6 procentem ztrácí téměř devět procent hlasů, se dostala ještě hůř.
To jsou nejhorší výsledky obou velkých stran v rakouské poválečné historii a zvláště pro Lidovou stranu, která vyzvala k předčasným volbám, je to doslova katastrofální výsledek.
Na začátku července, kdy ÖVP opustila koalici, měla Lidová strana stále v průzkumech značné vedení nad SPÖ.
Voliči je však zřejmě potrestali za to, že nechali vládu selhat.
V prvních reakcích na výsledky už byly spekulace o možné rezignaci vedoucího strany a současného místopředsedy Wilhelm Molterer.
Pozorovatelé předpokládají, že to může být již na mimořádném zasedání vedení strany v pondělí.
Takový vývoj by jistě zjednodušil cestu k stále pravděpodobnějšímu řešení z volebních výsledků, tedy obnovení velké koalice SPÖ a ÖVP.
Vzhledem k posílení obou pravicových populistických stran - Strana svobody (FPÖ) získala předběžných 18% a BZÖ jedenáct procent hlasů - sociální demokraté však současně vyjádřili obavy z opakování roku 1999, kdy se Lidová strana dohodla s populisty (FPÖ byla tehdy ještě sjednocena, odtrhla se od BZÖ v roce 2005) na společné vládě, což nakonec vyvolalo sankce Evropské unie.
Haider, který již oznámil, že je připraven spolupracovat s jakoukoli stranou a předpokládá, že se vrátí do vídeňské národní politiky, zjevně na tento vývoj spoléhá.
Zelená strana se také dostala do parlamentu, ale utrpěla mírnou ztrátu a spadla ze třetího na páté místo mezi rakouskými politickými stranami.
Zřejmě žádná z ostatních stran nepřekročila hranici čtyř procent a nedostane se do parlamentu.
Schwarzenberg: Vztah s Indií by se mohl zhoršit
Podle ministra zahraničí Karla Schwarzenberga by se mohlo v případě, že nebude možné vyřešit problém českých vědců obviněných v Indii z nelegálního sběru brouků, určitě zhoršit česko-indické vztahy.
Ministr učinil toto prohlášení v New Yorku po dnešní schůzce se svým indickým protějškem, Pranabem Mukherjiem.
"Pokud se to nevyřeší, pak ano, pak by došlo k určitému zhoršení", uvedl po setkání iniciovaném českou stranou.
Po jednáních Mukherjee řekl, že je pro výkonnou moc obtížné zasahovat do soudních záležitostí.
Nicméně řekl, že v případě Petra Šváchy, který byl zproštěn obvinění a potrestán pokutou, může ústřední vláda vyjednávat s místní vládou v Darjeelingu, pod její jurisdikcí patří tato záležitost.
"Jeho problém by mohl být vyřešen", řekl ministr.
Podle Mukherjeeho by bylo pro Emila Kučeru, odsouzeného na tři roky vězení, nejlepší, kdyby se odvolal k vyšším orgánům.
Poté může požádat o propuštění za kauci a počkat na verdikt mimo vězení, vysvětlil.
Schwarzenberg potvrdil, že to řekl i jeho partner během jednání.
"Doporučuje odvolat se na vyšší soud, pak by bylo možné mu dát milost", řekl šéf české diplomacie.
Jediný způsob, jak se může česká strana zapojit do celé věci, je poskytnout odsouzeným jednotlivcům "kompetentní právní podporu", řekl indický ministr.
Současně uvedl, že jim indická strana již poskytuje pomoc tohoto typu.
"Je v našem největším zájmu udržovat nejlepší vztahy s Indií, které mají dlouhodobou tradici.
To uznávají i Indiáni", řekl Schwarzenberg.
Zároveň, jak řekl agenturě Český tisk, zdůraznil před svým partnerem, že Česká republika kladla velký důraz na problém českých entomologů.
"Pravdivě považujeme zatčení a obvinění těchto českých vědců za vážnou chybu", prohlásil.
Ministr se vyhýbal odpovědi na otázku, zda od indické strany obdržel slib, že tuto záležitost bude sledovat.
Řekl jen: "Už jsem dostal několik slibů".
Čeští rozhodčí bojují o dno oceánu
Šlápne k elektronické zdi s mapou Austrálie a okolních mořských oblastí.
Nicméně, on není zájem o kontinent, ale v malém bodě ztracené v modré oceánu.
"Tento ostrov a s ním i okolní dno oceánu patří Austrálii.
Současně je oblast tak velká jako samotný kontinent", říká italský právník Luigi Santosuosso, který patří k třicetčlennému týmu zaměstnanců oddělení OSN pro záležitosti oceánů a mořské právo.
Jeho šéf, ředitel oddělení, český právník Václav Mikulka, sleduje, co říká, a občas něco přidává.
Závodní nadšení a nadšení pro práci zde převládají.
Podloží oceánu je útočištěm pro dosud málo známý svět bohatý na přírodní zdroje.
Je možné najít ropu, rudy a další nerosty, ale také dosud neznámé živé organismy, které mají klíč k vývoji léku proti rakovině.
Podlaha větší než kontinent
Pobřežní země se dnes začaly vehementně soutěžit o nové podmořské území.
To znamená, že podle dohody OSN využívají práva, o kterých se dohodli v roce 1982 v Montego Bay na Jamajce.
Jedná se především o oblast tzv. kontinentálního šelfu, který se často vzdáluje až několik set kilometrů od pobřeží dané země.
Podle dohody má tato země výlučné právo na všechny zdroje kontinentálního šelfu.
"Jednoduše řečeno, kontinentální šelfu se považuje za část oceánského dna, která je přirozeným pokračováním kontinentu pod mořem a jeho substrátu.
Rozšířila se i za okraj pobřežního moře, často dokonce i za okraj dvou set námořních mil takzvané výlučné ekonomické zóny", vysvětluje Mikulka.
Žádost, kterou daná země předkládá Komisi o hranicích kontinentálního šelfu, musí být podložena vědeckou a technickou dokumentací založenou na mnoha nákladných průzkumech a měření.
Je výsledkem mnohaleté přípravné práce.
"Jednou z našich rolí je poskytovat komisi právní a specializovanou technickou pomoc.
Komise zatím projednala pět žádostí z Ruska, Brazílie, Austrálie, Irska a Nového Zélandu.
Z těchto zemí byly zatím úspěšné pouze poslední tři", dodává Mikulka.
Nedávno byl úspěch Austrálie, která jako první rozšířila svou podmořskou oblast, zaznamenán po celém světě.
Ale získal i Nový Zéland - plocha oceánského dna, kterou mu komise přiznala, je asi 1,6 milionu kilometrů čtverečních, což je zhruba šestkrát větší než velikost samotné země.
Obě země investovaly do průzkumu miliony dolarů.
V budoucnu budou mít z využití dna oceánů, doufají, neocenitelný zisk.
Další země budou postupně předkládat své žádosti.
Mají na to deset let od ratifikace dohody z Montego Bay.
Tam, kde končí kontinentální šelfu, začíná oblast oceánského dna, která byla podle dohody prohlášena za "společné dědictví lidstva".
Žádná země zde nemá výlučné postavení.
Práva na těžbu v této oblasti jsou udělována na základě dohody, kterou uzavřela mezinárodní instituce.
"Ale dno oceánu není Klondike", říká režisér Mikulka přehnaně a dodává, že jeho "jednotlivé oblasti jsou právně jasně vymezeny a jejich režim je zakotven v smlouvách".
Češi v Tichomoří
Část oceánského dna v současné době patří České republice.
Sdílí ji s dalšími zeměmi bývalého východního bloku v rámci společné organizace "Interoceanmetal".
Tato organizace, stejně jako investoři z několika dalších malých zemí, získala v roce 1991 status takzvaného "průkopnického investora" na základě dohody.
Je oprávněn těžit v zóně ClarionClipperton v Tichém oceánu, která leží mezi Mexikem, Havajem a Kiribati.
Oblast, kterou investiční podnik prozkoumává, je mírně větší než bývalé Československo.
Podlaha oceánu je drsná, je to podvodní model Tatrských hor.
"Je možné tam těžit na celkové ploše 75 000 kilometrů čtverečních.
Tato oblast je bohatou lokalitou pro sběr polymetálových betonů obsahujících nikl, měď, kobalt a mangan", říká další právník z Indie Pakshi Rajan.
Makedonský právník z divize Rober Sandev přináší jeden takový konkrétní příklad.
Vypadá jako malá brambora nebo, s trochou fantazie, mýtický shem, který podle legendy oživil Golema.
Německé speciální jednotky při záchraně rukojmích
Při řešení krize s rukojmími požádala egyptská vláda o pomoc Německo, které poslalo odborníky.
Když se to začalo dít, speciální jednotky byly připraveny, ale jejich služby nebyly nakonec zapotřebí.
Stále více detailů se objevuje o okolnostech osvobození jedenácti evropských turistů unesených v Egyptě.
Podle německého ministerstva obrany a ministerstva vnitra se německé speciální jednotky nepřímo podílely na záchranné misi.
Na záchraně byli přítomni odborníci z federálních ozbrojených sil (Bundeswehr) a členové německé federální policie (Bpol) a její speciální jednotky GSG 9 a Air Guard, uvedli mluvčí ministerstev v pondělí večer, stejně jako členové federálního úřadu kriminální policie (BKA) a logističtí odborníci agentury technické pomoci (THW).
Německé síly však nebyly zapotřebí, protože zajatci opustili své rukojmí a utekli, když zjistili, že jsou připraveni být násilím osvobozeni.
Egyptská vláda přijala pomoc, kterou nabídla Německo, aby se během operace spoléhala na německé síly jako zálohu.
`Naštěstí k tomu nedošlo', řekl mluvčí německého ministerstva vnitra.
Cestovní skupina sestávající z pěti Němců, pěti Italů, rumunské ženy a jejich osmi egyptských společníků byla 19. září v jižním Egyptě napadena a unesena.
Po únosu v pouštní oblasti na jihu Egypta byli rukojmí přeneseni tam a zpět v pohraniční oblasti mezi Egyptem, Libyí, Súdánem a Čadem.
Osobnost těch, kteří ho unesli, a podrobnosti o záchraně nebo o možném výkupném, zůstávají dosud neznámé.
Bývalí rukojmí dorazili bezpečně do Káhiry.
Německý ministr zahraničí Steinmeier řekl, že byli svěřeni do péče německé ambasády.
O detailech záchrany nic neřekl.
V Berlíně nebyly okamžitě sděleny žádné informace o jejich návratu do Německa.
Podle německého listu Bild' se pět turistů a speciální jednotky mají nalodit na letadlo Airbus německého letectva, které má v úterý dorazit do Německa.
Sněmovna reprezentantů USA odmítla záchrannou pomoc
Balíček záchranných opatření na finanční trhy za 700 miliard dolarů se v první ze dvou komor amerického Kongresu jen o kousek nepodařilo schválit.
Dow Jones se zhroutil.
S hlasováním 227 proti 206 pro, americká Sněmovna reprezentantů odmítla vládní záchranný balíček pro finanční trhy.
Navzdory všem apelům prezidenta George W. Busha a vedoucích představitelů obou stran, nebyla dosažena většina pro program, který měl omezit chaos na finančních trzích.
V dramatické kampani se příznivci zoufale snažili přesvědčit kritické strany o výhodách plánu 700 miliard dolarů.
Barney Frank, jeden z hlavních demokratických vyjednavačů, vyzval zástupce k schválení, i když to byl nepopulární plán.
`Je těžké získat politické schválení pro prevenci něčeho, co se ještě nestalo", přiznal.
Zatímco hlasování stále probíhalo, Dow Jones zaznamenal pokles o více než šest procent, nebo 600 bodů.
Bylo to způsobeno obavami investorů, že vládní záchranná akce může selhat.
Krátce před koncem hlasování se zotavil, jen aby se znovu ponořil, když bylo odmítnutí zveřejněno.
Odborníci nyní očekávají další silné turbulence na mezinárodních finančních trzích.
Aby byl plán proveden, je nutné schválení jak Sněmovny reprezentantů, tak Senátu.
Cestovní agentury hlásí nárůst rezervací
Pro německé cestovní kanceláře bude dobrá zima.
Podle jednoho průzkumu se počet rezervací na příští měsíce výrazně zvýšil ve srovnání s předchozím rokem - v zimní sezóně dokonce až o 30 procent.
Navzdory vyhlídkám na slabou ekonomiku zůstává touha Němců po cestování nedotčená, uvádí průzkum.
Pro rezervace v zimní sezóně zaznamenaly cestovní kanceláře nárůst obratu o 31 procent ve srovnání se stejným obdobím předchozího roku, uvedlo v pondělí v Berlíně Německé cestovní sdružení (DRV).
Podle průzkumné společnosti GfK došlo k nárůstu rezervací i v podzimních měsících.
Cestovní agentury zaznamenali v říjnu nárůst obratu o přibližně jedenáct procent ve srovnání s rokem 2007, uvedla DRV.
Výsledky jsou založeny na údajích společnosti GfK, která každý měsíc zpracovává údaje o rezervacích 1200 německých cestovních kanceláří a využívá je k tvorbě prognóz pro celý trh.
Zahrnuje rezervace na cesty provedené do srpna 2008.
Kvůli slabému dolaru byly výlety do Spojených států oblíbené, uvedla DRV.
V této oblasti se rezervace zvýšily přibližně o třetinu.
Kromě toho se v něm uvádí, že Španělsko, Turecko a Řecko jsou populární mezi Němci a domácími regiony.
Zvláště žádané byly výlety s "všechna zahrnutí", řekl prezident DRV Klaus Laepple.
Vzhledem k rostoucím cenám energie a potravin byly jejich náklady pro zákazníky ̋více kalkulabilní než náklady na individuálně organizované dovolené", uvedl Laepple.
Spotřebitelé by mohli ušetřit prostřednictvím rabatů na ranní příchod nebo all-inclusive, mimo jiné, řekl Laepple.
Vzhledem k tomu, že letní měsíce byly také velmi dobře naplněné, došlo by k dalšímu nárůstu obratu oproti předchozímu roku, řekl - ačkoli jiný průzkum uvádí, že počet cestujících Němců klesl ve srovnání s předchozím rokem.
Poprvé na Oktoberfestu
Věci jako jarní přestávky a après-ski v opakovaném režimu, pivo z litrových hrnek a celebrity v designérských šatech.
- Debut Wiesn.
Technicky Susanne Kronzuckerová a já nemáme moc společného.
Je blondýnka, televizní moderátorka a nosí na míru vyrobený Dirndl.
Mám tmavé vlasy, jsem studentka a moje šaty jsou z druhé ruky.
Ale je tu jedna věc, která nás spojuje: jsme v Wiesn sotva tři minuty, a už se kolem nás shromažďují fotografové a fotí, vyplňují si paměťové karty - velmi lichotné, a je to moje první návštěva Wiesn, mimochodem.
Takhle se přátelit.
Ten levný Dirndl dělá svou práci.
Pro turisty z Wiesn, kteří obvykle bydlí severně od rovníku "Weisswurst", tento pohodlný pocit v tradičním bavorském rouchu zanechal až dosud mnoho k přání.
Ale jakmile přijedete do Theresienwiese, není to tak špatné.
Téměř každý nosí Dirndl nebo Lederhosn; nikdo nevypadá znechuceně nebo trapně - to je naprosto normální.
Jen moje Dirndlova zástěra přitahuje divné pohledy na prodejce čokolády a banánů.
Mučedňanka mi upozornila, že jsem si špatně svázala zástěru: `K dispozici vlevo, panna uprostřed, vdaná napravo, vdova za sebou.'
Krátce jsem si vytáhl zástěru zezadu doleva.
"Vypadá to dobře", říká a směje se.
Jiné se méně zajímají o jemné techniky flirtování a nosí jednoduché filcové klobouky, na nichž je napsáno "Příliš opilý na to, aby se oblékl" a bez toho, aby se na ně někdo podíval, ukazují lidem nahé zadky.
Ten mladík s exhibicionistickým přístupem se jmenuje Bob, je z Anglie, a taky poprvé na Oktoberfestu.
Je to úžasné, s dlouhým natáčeným "oooooo".
Říká mi to hned po tom, co se zbavil "Maß", který měl předtím.
Přímo vedle jedné z těch žárovek, které si všichni myslí, že jsou skládky.
Takže Bob je jeden z těch nechvalně známých "Wildbieslerů".
Jiní nemají to štěstí, že by se takhle zbavili alkoholu.
V osm večer se v okolí hromadí spousta záchranářů, kteří se starají o chudé žvance.
Lékaři se vždy objevují ve skupinách - vždy čtyři najednou a nesou zakryté nosítka z stanu do stanu.
Funguje to jako u většiny návštěvníků Wiesn: když je prázdný, vyrazí ven a když je plný, vrátí se.
Nevidíš, kdo je uvnitř rakve.
"Jsou to ti, kteří už to nevydrží", vykřikl jeden z záchranářů, když jsem se ho na to zeptal, a zmizel v davu.
Policie uvedla jméno oběti nehody
Je známa jména 63leté pěší ženy, která zemřela v nemocnici poté, co ji v Essexu srazil vůz.
Carole Paulsonová z Chelmsford Road v Brentwoodu byla zapojena do nehody v pátek odpoledne na Shenfield Road ve městě.
Byla odvezena do nemocnice Queen's v Romfordu, ale později zemřela.
Po nehodě byl zatčen 51letý muž podezřelý z nedbalé jízdy.
Od té doby byl propuštěn na policejní kauci.
Rozšiřující se diplomatické obzory Turecka
Dlouho předtím, než se Turecko pokusilo vstoupit do Evropské unie, evropské mocnosti dychtivě pronikly hluboko do tureckého vnitrozemí.
Na východní straně Bosporu, asi jen 20 kroků do Asie, stojí jeden z nejkrásnějších pozůstatků této neúspěšné imperiální ambice.
Hydarpasha železniční stanice byla navržena dvěma německými architekty Otto Ritter a Helmut Conu v neorenesančním stylu.
Alespoň to vám říkají průvodce.
Budova sedí na konci plošin s věží v každém předním rohu, hledá po celém světě jako německá radnice.
Ten kámen je špinavý.
Celá budova se mírně rozpadá.
Ale jakmile se dostanete do klenutého pokladny, není pochyb o velikosti podniku, jehož to byla nejzápadnější brána.
Stanice byla otevřena v srpnu 1908 německým konsorciem, Anatolia-Baghdad Corporation.
Německo, které přišlo v imperiální hře pozdě, mělo v úmyslu realizovat své ambice ovládnout Střední východ pomocí této železnice, která vedla do Damašku, Bagdádu a dále do dnešní Saúdské Arábie.
Ale německé císařské ambice se během první světové války zhroutily.
Jeho železniční tratě byly napadeny Lawrence z Arábie a jeho arabskými nepravidelníky.
Relativní izolace od okolního regionu, způsobená zmrazenými hranicemi studené války, se ztratila.
Britské a koloniální síly postupovaly z Egypta a vytlačily Turky a jejich německé spojence z Palestiny a Sýrie.
A na stanici Hyderpasha byly špatné zprávy.
V roce 1917 vybuchl náložní vlak a zničil jeho důmyslnou střechu.
Turecké zdroje říkají, že to byla sabotáž.
Od té doby se pomalu odkládá, z velké části přehlížen historií.
Ale dnes slouží tato železniční brána do Anatolie a všech bodů na východ - alespoň symbolickě - k zdůraznění rozšiřujícího se diplomatického obzoru Turecka.
Vládnoucí strana spravedlnosti a rozvoje - AKP - vytvořila zcela novou zahraniční politiku pro zemi.
Relativní izolace od okolního regionu, kterou způsobily zmrzlé hranice studené války, je pryč.
Teď je tu nová politika angažovanosti.
Je pozoruhodné, že turecká vláda má dobré vztahy s Izraelem a Sýrií, s palestinskými frakcemi Hamasu a Fatahu, s Irákem a Íránem a samozřejmě s Evropskou unií a Spojenými státy.
Abych zhodnotil parametry této nové zahraniční politiky, nasedl jsem na noční lodě do tureckého hlavního města Ankary, abych navštívil jednoho z předních expertů AKP na zahraniční politiku, tureckého poslance Suata Kiniklioglu.
Druhé ráno - asi o deset a půl hodiny později - po otřesné jízdě po kolejích, které vyprodukovaly rytmy starého světa z slavného dokumentárního filmu Noční pošta, jsem dorazil do tureckého hlavního města - navrženého jako nové město pro nový sekulární stát, který se chce otočit zády k osmanské minulosti.
Ale AKP s jejími známými islamistickými kořeny představuje změnu paradigmatu v tureckém konsenzu.
To vyvolalo podezření na Západě, zejména ve Washingtonu.
Taxi mě odvezlo do sídla AKP, ultramoderní kamenné a ocelové stavby - speciálně postavené - v rozvíjejícím se předměstí, obklopené polotovarnými nákupními centry a cukrovnicemi, kde se střední manažerové v obchodních oblecích - muži i ženy - scházeli, aby se ráno dohodli.
Suat Kiniklioglu by mohl být středopravý politik z téměř jakékoli jiné politické strany v Evropě.
Oblek, kravata, jsem si jistý, že měl dokonce i Blackberry.
"Cílem zahraniční politiky strany je nyní znovu začlenit Turecko do jeho bezprostředního sousedství.
Studená válka byla anomálie", řekl mi.
Turecko bylo odříznuté od svého vnitrozemí.
Dnes se musel dívat na východ a západ zároveň.
Nešlo o jedno nebo druhé.
Muselo to dělat obojí.
"Ale jistě se někdy", zeptal jsem se, "Turecko bude muset vybrat?"
"Turecko", řekl, "nechtělo čelit této volbě".
Poté zdůraznil, že téměř všichni, s nimiž jsem zde mluvil, si to téměř zapamatovali: Turecké vazby nejen na Blízký východ, ale na Kavkaz a kolem Černého moře jsou stejně prospěšné Evropě a Spojeným státům jako Turecku.
S Tureckem na palubě, zdá se, že je to poselství, že Evropa jako celek může metaforicky jet po těchto železničních tratích na východ směrem k Asii a Střednímu východu.
Když jsem se vrátil na stanici Hydarpasha, po další z velké části bezesné noci, pomyslel jsem na ty dva německé gentlemany, pana Rittera a pana Conua, kteří sledovali stavbu této budovy před 100 lety.
Jak by byli překvapeni, kdyby zjistili, že evropské ambice na Blízkém východě jsou nyní z velké části v rukou Turecka.
A když jsem čekala na terminálu na trajekt, který mě odvezl přes Bospor, vzpomněla jsem si, že v té době bylo Turecko vždy nazýváno "nemocným člověkem Evropy".
Pak se aspoň nezdálo, že by existovaly velké pochybnosti, který kontinent by měl mít nárok na tuto fascinující zemi.
Pamatují si na Vernona Handleyho a Williama Woodruffa
Mark Brown píše: Jako hudební ředitel Guildfordu od roku 1962 měl Vernon "Tod" Handley (obituář, 11. září) na starosti Guildford Philharmonic Orchestra and Choir.
Jako součást svého hudebního plánu pro čtvrť založil v následujícím roce svůj nádherný mládežnický sbor Proteus.
Měla to být pro mladší, ale když Proteus zpíval svůj finál v roce 1979, bylo nám už pár dvaceti, ale odmítli jsme se vzdát sboru.
Jméno "Proteus" (mytologický proměňovatel) představovalo ochotu a schopnost sboru zvládnout jakoukoliv hudbu, která mu byla předložena, ať už madrigál nebo Messiaen, ať už bez doprovodu nebo s plným orchestrem.
Hudobní všestrannost, kterou takový mladý sbor vytvářel, byla často ohromující, vždy vzrušující a to vše bylo díky inspiraci toho jednoho muže a nadšení pro hudbu, které zůstalo naprosto konstantní v průběhu let.
Kolikrát nám Tod říkal, abychom nechali hudbu mluvit za sebe.
Říkal: "Kompozitor ví, co chce.
Všechno je to v hudbě.
Tak to zpívej!"
Jeho technika pálky byla naprosto jasná a přesná, i když nikdy diktátorská, ani květnatá.
Ať už byl hudba jakákoliv, vždy ji pozvedl ještě výš.
John Frayn Turner píše:
Jestli měl být nějaký dirigent vyznamenán, tak to byl Vernon Handley.
Znal jsem ho dobře během dvou desetiletí, kdy dirigoval Guildfordskou filharmonii od roku 1962 do roku 1982.
Za posledních 40 let jsem si přečetl více než 100 jeho koncertů a mohu upřímně říct, že jsem nebyl nikdy zklamaný ani jedním - a mnohokrát jsem se jimi inspiroval.
Tod Handley měl tu vzácnou kombinaci velikosti a osobní skromnosti.
Nenáviděl dirigenty, kteří podle jeho slov jednoduše "zmačkali jednoho nebo dva známé válečné koně po celém světě".
Bude nám chybět.
William Woodruff
Profesor John Beckett píše:
Vaše nekrolog William Woodruff (25. září) uvádí, že "v roce 1946 pokračoval v ekonomické historii na Oxfordu a v roce 1950 se stal Houblon-Norman výzkumným spolupracovníkem... zatímco současně studoval na bakalářské, magisterské a doktorské studium".
To vyplývá z Woodruffova poznámky autora v Beyond Nab End, ale není to správné.
V letech 1946 až 1953 byl lektorem ekonomické historie na univerzitě v Nottinghamu, během které doby dokončil doktorskou práci o britském kaučukovém průmyslu pod vedením profesora J. D. Chamberse a následně zveřejnil v roce 1958 jako The British Rubber Industry .
V letech 1950-51 strávil v USA na Houblon-Normanově stipendiu a v létě 1952 na univerzitách v Illinois, Harvardu a New Yorku.
V roce 1953 opustil Nottingham a navždy se přestěhoval do Illinois.
Proč se Woodruff rozhodl tuto část své kariéry zamlčet, není známo.
J. Vincent Resino na Filologické fakultě
"Doporučuji výstavu Jose Vicente Resina "Flamenco y vida", protože jeho černobílé fotografie, pořízené v dokumentárním stylu, jsou mimořádné.
Fotografie mě zaujala jejich jednoduchost a síla, kterou vysílají, vždy se věnují osobní pozornosti.
Výstava, která vystupuje s hlubokým pocitem.
Resino dokáže zachytit kouzelné okamžiky".
Druhý útok na prodejce Hondy.
Příští listopad Honda zahájí marketing druhé generace modelu Jazz.
Pokud byl předchozí model charakterizován vysokou obyvatelností, tento nový minivan má větší prostor uvnitř.
Kromě toho je vybaven jemnou mechanikou, která zvyšuje komfort řízení a umožňuje šetřit palivo.
Evoluce místo revoluce.
Tohle je druhá generace Hondy Jazz.
Zatímco nový Jazz vypadá esteticky podobně jako předchozí model, změny přinesené do minivanu jsou četné.
Mezi dalšími je třeba zmínit jeho inovativní design, novou platformu, větší rozměry a docela novou mechaniku.
Nicméně, než se přesuneme k analýze nového modelu, může být užitečné poukázat na to, že tento nový Jazz přijde teprve šest let po vstupu první generace.
Z tohoto důvodu je třeba v první řadě zvážit, že Honda obnovila tento model rychleji než ostatní společnosti.
I když je model Jazz v Evropě méně známý než na jiných trzích, zůstává fenoménem z hlediska prodeje.
To je případ Japonska, kde Jazz byl nejprodávanějším autem v roce 2002 a také v roce 2008.
Právě tam, byl prodán téměř milion kusů Jazz od uvedení modelu na trh.
Druhým trhem byl Starý kontinent, kde se za šest let prodalo asi půl milionu kusů.
Navzdory těmto číslům se Honda domnívá, že nový Jazz ještě více zvýší její prodej v tomto segmentu.
Pokud tedy japonská společnost v roce 2007 prodala celkem 83 000 kusů tohoto modelu, v roce 2009 odhadla, že jich bude kolem 100 000, což předpokládá možný nárůst prodeje o 17% pouze na evropském trhu.
Pokud jde o španělský trh, Honda od roku 2002 prodala celkem 8 000 vozů Jazz, což odpovídá 6,7% celkového prodeje společnosti ve Španělsku.
S příchodem nové generace očekávají odpovědní za společnost ve Španělsku, že během jednoho roku prodá asi 2.000 kusů Jazzu.
Příchod nového modelu Honda Jazz to pravděpodobně umožní tím, že sníží pokles prodeje ve Španělsku do značné míry.
Ve skutečnosti odpovědní za značku očekávají, že do konce roku bude prodáno celkem 22 000 kusů, což je o 4000 kusů méně než v roce 2007, což představuje pokles o 16%.
Navzdory nárůstu prodeje zvýšila společnost Honda i svůj podíl na trhu ve Španělsku, který dosáhl 1,8%, oproti 1,6%, který dosáhla v loňském roce.
Japonská společnost zároveň očekává, že dosáhne 2% v roce 2010.
Aby toho dosáhla, Honda je přesvědčena o dalším novém modelu svého druhu.
Toto je Insight, hybridní pětidveřový kompaktní vůz, 4,37 metrů dlouhý. Japonská společnost doufá, že do jednoho roku prodá na celém světě asi 200 000 kusů tohoto modelu.
Podle odhadů trhů a japonských výrobců bude 50% prodeje Insight pocházet ze Spojených států, zatímco zbývajících 50% bude pocházet ze Starého kontinentu i z Japonska.
Komerční uvedení Insight je plánováno na začátku příštího roku, krátce po prezentaci modelu uvnitř společnosti v lednu v Valencii.
Ve srovnání s první generací, nový Jazz vyrostl v celé své celistvosti.
Délka je nyní 3,90 m (o pět centimetrů více), šířka 1,69 m (o dva centimetry více) a meziosová délka 2,50 m, s nárůstem o pět centimetrů.
Jeho výška 1,52 metrů zůstala nezměněna.
S jeho velikostí se jeho obyvatelný interiér zvýšil v prostoru.
Tato výhoda vyplývá především z nové platformy a za druhé z zavedení palivové nádrže na centrální místo, což je řešení již přijaté v předchozím modelu Jazz.
Kromě toho se kapacita kufru - dvojnásobný objem dolní části - zvyšuje na 399 litrů, což je o 19 litrů větší kapacita než u první generace.
Je třeba poznamenat, že toto jsou rozměry Hondy Jazz 1.4, zatímco prostor kufru modelu 1.2 je jen 379 litrů.
Dalšími vylepšeními - kromě vnějších prvků, jako je například zadní LED nebo možnost namontování panoramatického skla - je lepší přístup na zadní sedadla.
Dveře umožňující přístup na zadní sedadla se nyní otevírají pod úhlem 80 stupňů, oproti 67 stupňům v prvním modelu.
Navíc jsou všechny motory v této druhé generaci aut docela nové.
V době uvedení na trh bude tento malý model dodáván s benzínovými motory o objemu 1,2 nebo 1,4 litru.
Obě mechanické systémy budou zahrnovat technologii i-VTEC, která umožňuje nižší spotřebu paliva, produkuje méně emisí oxidu uhličitého, optimalizuje mechanické vylepšení a současně udržuje vysoký točivý moment motoru ve všech jeho fázích.
Verze o objemu 1,2 litru dosahuje výkonu 90 koní při 6000 ot/min a maximálního točivého momentu 114 Nm při 4900 ot/min.
Pohonný motor, který v předchozím Jazzu dosáhl výkonu 78 koní, potřebuje pouze 5,3 litru paliva a produkuje asi 125 gramů ekvivalentu emisí CO2.
Ve srovnání s předchozím pohonem, který v prvním modelu používal 83 koní, může nový využít 100 koní.
1.4 Jazz s výkonem 100 koní dosahuje kombinace 5,4 litru paliva a 128 gramů CO2 vypouštěného.
"Píšťalní vůz" pro vyhýbání se srážkám
Při vývoji technologií pro prevenci nehod se Nissan inspiroval tentokrát přírodou a zejména včelami.
Japonská společnost vytvořila robota, který napodobuje let včel a může se vyhnout nehodám.
Toto je Bio-mimetický pohon autobotů, nebo BR23C, první krok k projektu technologií pro prevenci srážek.
Inženýři z pokročilého technického centra společnosti Nissan Motor Co. vyvinuli tohoto malého robota ve spolupráci se střediskem pro vědecký výzkum a technologii prestižní japonské univerzitě v Tokiu.
Podle Kazuhira Doiho, generálního ředitele oddělení pro vztahy s veřejností pro technologii, výzkum a vývoj řízení značky, je BR23C rozšířením bezpečnostního štítu ze čtyř oblastí vyráběných společností Nissan.
Tento robot má zlepšit schopnost zabránit kolizím ve vozidlech vyráběných společností.
Během letu si každá včela vytvoří svůj vlastní ovální prostor, který je velmi podobný štítu bezpečnosti vyvinutému společností Nissan.
Ale nejvýznamnější je včelí složené oko, které vidí ve všech směrech s úhlem 300 stupňů navíc, což hmyzu umožňuje bez přerušení létat ve svém osobním prostoru.
Aby tyto vizuální rysy znovu vytvořili, inženýři vyvinuli laserový lokalizátor (Laser Range Finder).
Tento mechanismus detekuje překážky v dosahu 2 metrů a v poloměru až 180 stupňů před BR23C, vypočítá vzdálenost k objektu a odesílá signál na palubní mikroprocesor, který okamžitě umožňuje zabránit srážce.
"Když malý robot zjistí překážku, napodobí pohyby včely a okamžitě změní směr tím, že otočí kola pod pravým nebo širším úhlem, aby se zabránilo srážce.
Nejzřetelnějším rozdílem s jakýmkoli stávajícím systémem je jeho vyhýbací se činnost, která je zcela instinktivní.
"Pokud by tomu tak nebylo, robot by nebyl schopen reagovat dostatečně rychle, aby se vyhnul překážkám", vysvětluje Toshiyuki Andoh, ředitel Laboratoře mobility a hlavní inženýr tohoto projektu.
Na rozdíl od včely se robot nemůže pohybovat nahoru, dolů, ani po diagonále. Může se pohybovat pouze ve dvou dimenzích a ve směru, ve kterém se mohou otáčet jeho kola. Samozřejmě nemůže běhat nekonečným směrem a cestami, jako včely.
Z tohoto důvodu Nissan kromě akceleračních a zpomalených funkcí použil rotační funkci, která umožní malému robotu vyhnout se srážkám.
"Tato zařízení potřebuje pouze zpracovávat nové informace každých pár sekund a jednat podle těchto údajů.
Nevyžaduje ukládání informací ani intuitivní logiku předchozích manévrů.
Možná vás to překvapí, ale nemluvíme o gigabajtech nebo megabytech paměti".
Jedná se o první krok k vývoji nových technologií pro prevenci srážek, technologie, kterou Nissan doufá, že bude do deseti let zavedená do automobilů jako standardní funkce.
Robot používá lithium-polymerové baterie, které jsou lehčí a odolnější než lithium-iontové.
Dalším případným využitím v budoucnu by mohla být integrace této technologie s GPS satelitním navigátorem, který by řidiče přivedl na konkrétní místo určení a zabránil překážkám na cestě.
Před žádostí o půjčku se třeseš.
Musíme uznat, že ministerstvo financí Spojených států, které má dostatečné zdroje, aby mohlo jednat, rozhodně nemá nedostatek talentů.
Aby se Američané nemuseli stát před krizí a zabránit tomu, aby byli podváděni bankami, které mají pochybnosti o insolvenci, vytvořili jsme zábavnou a vzdělávací hru pro uživatele internetu.
Jinými slovy, "Hotel špatných kreditů"... nebo problémů.
Smrtihodný aspekt tohoto hotelu a zejména jeho recepce má nutit lidi, aby přemýšleli ne jednou, ale dvakrát nebo dokonce třikrát před žádostí o půjčku.
A především, pomyslet si, kam se za něj přihlásit.
Tento systém poskytuje jistě několik užitečných informací, ale nabízí poměrně málo podrobností.
Je to spíš stránka pro teenagery než pro širokou veřejnost.
Co se stane, když dokončíš hru?
No, v hotelu se objevil senový pokoj.
Ale je to něco, protože když si koupíte dům, tak je lepší ho opustit.
Morgan Stanley otevřel svůj kapitál MUFG
Morgan Stanley oznámil vstup do kola Mitsubishi UFJ Financial Group (MUFG), první japonské banky, která utratí devět miliard dolarů za získání 21% svého kapitálu.
Týden po zveřejnění prozatímní dohody, obě banky vysvětlily, že MUFG koupí 9,9% akcií Morgan Stanley za cenu 25,25 dolarů, celkem tři miliardy dolarů.
Prodejní cena je nižší než 19% hodnoty cenných papírů k 31. srpnu.
MUFG investuje dalších šest miliard dolarů do akvizice konvertibilních cenných papírů s zajištěným výnosem 10% a s konverzní cenou 31,25 dolaru.
Morgan Stanley potvrdil, že celková operace bude založena na průměrné jednotkové ceně 29 dolarů, což je o 28% vyšší než současná cena.
Akcie Morgan Stanley však ztratila 6,79% na 23,07 dolaru kolem 17:00 GMT.
"Tato strategická aliance představuje důležitou příležitost k urychlení přechodu Morgan Stanley na status holdingové banky", řekl John Mack, generální ředitel americké skupiny.
Morgan Stanley tento nový status přijal minulý týden, což by mu mělo umožnit diverzifikaci jeho činností, ale musí projít autoritou Federálního rezervního systému.
Její aliance s MUFG také potvrzuje, že současná finanční krize donutila největší jména na Wall Street přijmout mnohem opatrnější postoj než předtím.
Z podmínek, které byly představeny v pondělí, vyplývá, že dohoda byla v posledních dnech pozměněna: v předchozí pondělí Morgan právě oznámil, že prodá až 20% svých akcií Japoncům za zhruba 8,5 miliardy dolarů.
"Před týdnem", vysvětlil Toshihide Mizuno, výkonný ředitel MUFG v Tokiu, "my jsme si mysleli, že se podíly budou skládat výhradně z běžných akcií.
Ale vzhledem k současnému stavu ekonomiky a trhu jsme doufali, že minimalizujeme rizika a budeme chráněni".
Na základě vážené průměrné ceny zaplatí MUFG za své cenné papíry Morgan Stanley o 7% nižší účetní hodnotu.
Transakce bude mít za následek zředění zisku o 20% na akcii.
Dohoda stanoví, že MUFG může každoročně převádět polovinu svých preferenčních cenných papírů na běžné akcie, pokud se s nimi obchoduje o více než 50% nad konverzní cenou, tedy o 47 USD za dané období.
Morgan Stanley ujišťuje, že kapitál poskytnutý MUFG mu umožní využít investiční příležitosti, posílit svou bilanci a zvýšit svou likviditu.
Mluvčí skupiny však odmítl poskytnout podrobnosti o strategických projektech dvou nových spojenců.
Po investici MUFG Morgan Stanley předpovídá kapitálový poměr Tier One přibližně 15%, což je jeden z nejlepších v oboru.
Morgan řekl, že "výrazně" snížil svou bilanci od konce srpna.
Poslední týdny byly pro skupinu obtížné, protože ztratil polovinu ceny akcií, zatímco náklady na pojištění proti riziku selhání dluhu vzrostly.
Tento náklad se v pondělí snížil, ale zůstal na nové vysoké úrovni kolem 12%.
Minulý týden Goldman Sachs, jediná další přeživší velká investiční banka na Wall Street po bankrotu Bear Stearns a Lehman Brothers a akvizici Merrill Lynch, oznámila, že získala 15 miliard dolarů, částečně od Berkshire Hathaway, skupiny Warrena Buffetta.
Rafael Correa v Quitu v pondělí.
Vybudování republiky 21. století.
Je to společný projekt venezuelského prezidenta Hugoa Cháveze, bolivijského prezidenta Evo Moralese a ekvádorského prezidenta Rafaela Correi.
V neděli, stejně jako její protějšky a přátelé, je třetí, která předloží návrh nové ústavy k hlasování.
Úkol splněn, protože 64% voličů hlasovalo "ano" na referendu, podle oficiálních výsledků založených na 80% hlasů.
Na základě těchto výsledků získalo "ne" 28%, 7% hlasů bylo neplatných a 0,7% bylo prázdných hlasů.
Aby byl návrh ústavy přijat, měl by získat polovinu hlasů plus jeden.
V neděli dvě průzkumy veřejného mínění provedené mimo volební prostory a jedna nevládní organizace oznámila velké vítězství pro "ano" v rozmezí 63% až 70%.
Rafael Correa v noci z neděle na pondělí vyhlásil vítězství svého návrhu ústavy.
"Ústava tak drtivě zvítězila", ujišťoval a chválil Ekvádorce v sídle vlády v Guayaquilu, 280 km jihozápadně od Quita.
Rafael Correa byl samozřejmě blahopřát Chaveze a Moralese, ale také jeho chilské protějšky Michelle Bacheletové.
Hlasování, které bylo provedeno pokojně pod dohledem Organizace amerických států (OAS), zahrnovalo ve svém textu 444 bodů, které upevňují "nový socialismus", který prezident obhajuje.
Návrh ústavy zakotvuje moc státu nad ekonomikou tím, že mu vyhrazuje "rozvojové plánování" země, která žije hlavně z těžby ropy zahraničními společnostmi a z cizích peněz, které posílají svým emigrantům.
Projekt, který byl podpořen Correou, zvoleným v roce 2006, také poskytuje větší pravomoci hlavě státu, který může vykonávat až dvě po sobě jdoucí čtyřletá funkční období a bude moci rozpustit Shromáždění.
Correa již oznámil, že využije tuto moc k získání nového mandátu v únoru 2009.
Ústava také upevňuje zásadu bezplatných zdravotních služeb a vzdělání, které prezident začal zavádět v této zemi s 13,9 miliony obyvatel, kde 50% obyvatel žije pod hranicí chudoby.
Také se v něm stanoví zákaz přítomnosti zahraničních vojsk, což zruší dohodu mezi Quitem a Washingtonem o použití Ekvádoru jako základny pro americké protidrogové operace.
19 rukojmích bylo propuštěno v Čadu.
Egyptská jednotka komandů zahájila útok proti únoscům jedenácti turistů a jejich osmi doprovodů zajatých před deseti dny.
Jsou v Káhiře.
Jedenáct evropských turistů a jejich osm egyptských doprovodů, kteří byli drženi v zajetí deset dní v poušti, byli v pondělí odpoledne vráceni neškodně do egyptského hlavního města.
Ráno je v Čadu osvobodilo egyptské komando.
Zřejmě v pořádku, rukojmí dorazili kolem 15:30 hodin na palubě speciálního letadla na vojenskou základnu al-Maza, připojenou k mezinárodnímu letišti v Káhiře.
Bez možnosti mluvit s tiskem byli okamžitě převezeni vrtulníkem do nemocnice v Maadi, rezidenčním předměstí Káhiry, aby podstoupili vyšetření.
Jsou "dobře zdraví" a "nebylo zaplaceno žádné výkupné" za jejich únosce", prohlásil na asfaltu egyptský ministr cestovního ruchu Zoheir Garanna.
Tato skupina rukojmích, která byla zachycena 19. září během safari v 4x4 u úpatí hory Ouanat na hranicích s Egyptem, Súdánem a Libyí, byla 35 neznámými únosci vržena z jednoho úkrytu do druhého.
V něm je 11 turistů - pět Italů, pět Němců a jeden Rumun - a také osm Egypťanů: dva průvodci, čtyři řidiči, pohraniční strážce a ředitel agentury Aegyptous, která safari organizuje.
Egyptský bezpečnostní úředník řekl, že 30 členů speciálních jednotek, přepravovaných na palubě dvou vrtulníků, zahájilo útok v noci těsně před svítáním.
"Následovala střelba a polovina únosců byla zabita, druhá polovina utekla", řekl úředník, který požádal o anonymitu.
Řekl, že 150 členů egyptské jednotky "rychlé reakce" bylo vysláno do Súdánu jako celku, kde obdrželi podporu německých a italských komandosů.
Šéf italského diplomatického sboru Franco Frattini v Bělehradě, kde se v současné době nachází, zmínil roli, kterou hrají italští tajní agenti a prvky speciálních sil.
"Musíme uznat, že jsme dosáhli tohoto výsledku díky profesionalitě a efektivitě našich mužů z tajných služeb, ze speciálních sil", řekl, aniž by dal další podrobnosti.
Také popřel, že by zaplatil výkupné.
Den předtím, sudánská armáda tvrdila, že zachytila hlídkové vozidlo 4x4, na palubě kterého byli únosci, a zabila šest lidí, včetně čadského velitele, a dva zatkla.
Armáda tvrdila, že jsou spojeni s povstaleckou skupinou v Darfúru, SLA-U, což toto hnutí okamžitě popřelo.
Písma - Tichá většina kultury
Debata o financování kultury se dostala do titulků novin a zabírá tuto volební kampaň.
- Dobře. - Dobře.
Ale jedna oblast našeho kulturního života zůstává vždy zapomenuta.
Kdo se postaví před soud a bude odsuzovat bídu, kterou utrpí malé muzea, archivy, archeologické nebo národní historické památky, které hladoví po finančním prostředku?
Který politik si troufá připomenout federální vládě, že zanedbává své památky a budovy?
V Quebecu, v Kanadě, nemáme žádné skutečné zákony, které by účinně chránily naše dědictví?
Věděli jste, že francouzská vláda věnuje tři a půl milionu eur jen na obnovu hradu Chinon v údolí Loiry?
Naši americkí sousedi zapsali do ústavy své země, že ochrana dědictví je součástí americké kultury a že takové dědictví musí být chráněno všemi občany, všemi volenými a všemi vládními úřady, a to ve spolupráci.
V Quebecu, Federace společností historie Quebecu, se nejméně 40 000 dobrovolníků seskupených v 211 agenturách pro historii, dědictví, archivy a genealogii zabývá výzkumem historie, zachováváním, s malými finančními prostředky, hromadami soukromých archivů a zachováním archeologických pozůstatků.
Často jsou strážci našeho dědictví, kteří protestují s energií zoufalství, když developeré a stavitelé vrhají své buldozery proti našim starým budovám a zapomenutým hřbitovům.
Kdy bude fórum pro historii a dědictví?
Fortis banka částečně znárodněná vládami Beneluxu
Beneluxové státy pomohou Fortis, belgicky-holandské bance, která je první evropskou finanční institucí v potížích v důsledku následného dopadu americké úvěrové krize, částečným státním odkupením.
Koncem tohoto týdne se o této otázce na nejvyšší úrovni poradili belgické, lucemburské a nizozemské vlády, do nichž se zapojil prezident Evropské centrální banky a komisař pro hospodářskou soutěž Evropské komise.
Fortis je první bankou v eurozóně, která byla za posledních 12 měsíců postižena mezinárodní finanční krizí, která se blíží ve vlnách.
Podle rozhodnutí, které bylo učiněno v neděli večer, si každá vláda vezme 49% podíl v bankách Fortis ve svých zemích.
Banka jistě prodá část svých podílů, zejména pojišťovací činnosti, které koupila od nizozemské společnosti ABN Amro loni.
Akcie Fortisu začaly minulý týden hluboko klestat, pak se v druhé polovině týdne objevily známky vážné krize ve společnosti.
Analytici se shodují, že banka - s jejími 85 000 zaměstnanci - je příliš velká na to, aby mohla upadnout.
Akcie banky v pátek klesly o 12%, což je rekordně nejnižší úroveň za posledních 14 let.
Hodnota akcií od ledna klesla o dvě třetiny.
S ohledem na současné ceny akcií činí celková tržní hodnota skupiny přibližně 14 miliard EUR. Ředitelé společnosti však tvrdí, že to neodráží realitu.
Vedení viní nejistoty v zahraničí - které jsou spojeny s přijetím amerického balíčku 700 miliard USD - za pokles akcií Fortis.
Akcie v pondělí mírně stouply.
Filip Dierckx byl jmenován novým generálním ředitelem banky v pátek.
Finanční instituce také hledala soukromé kupující, ale dosud nebyla učiněna žádná podstatná nabídka.
Belgická vláda dříve prohlásila, že investoři nemají důvod se obávat, že neztratí své peníze.
Mezi zákazníky banky se zatím nevyvinula panika, ani se neobjevila žádná bankovní náhlá nálada.
Fortis má v Maďarsku vlastní bankovní provozovnu a také koupil leasingové společnosti.
Liška v kuřecím domě
Americké životní a zdravotní pojišťovny často odmítají prodávat pojištění některým občanům kvůli jejich údajům o nákupu léků.
Odborníci na ochranu údajů se obávají, že trh s daty se stane nekontrolovatelným.
"Existuje program ochrany údajů, který vyžaduje svolení dotčené osoby k použití údajů o předpisů.
Měla by být nezávislá, jinak bude liška hlídat kuřecí houf", cituje The Washington Post Richarda Dicka, vývojáře programu pro sledování předpisů na léky.
Pojišťovny rozhodují o pojistném poplatku a o výši, která má být zaplacena v případě škody, v závislosti na zdravotním stavu žadatele a pokud to považují za příliš riskantní, neposkytují pojištění.
Zákazníci, kteří požádali o podporu, byli dříve vysláni na lékařské vyšetření a smlouva byla uzavřena pouze na základě výsledků vyšetření.
Dick před deseti lety vyvinul mnohem levnější metodu: na základě identifikačního čísla zákazníka lze snadno zjistit, jaký druh léků zákazník zakoupil v posledních osmnácti měsících, a program tak může sám vyvodit důsledky týkající se nemocí, kterými žadatel trpí, a jeho zdravotního stavu.
Například případ pravidelného nákupu velkých dávek léků snižujících hladinu cholesterolu prakticky odkazuje na skutečnost, že zákazník má neléčitelně vysokou hladinu tuku v krvi, což by v důsledku toho člověka okamžitě posunulo do vyšší rizikové kategorie.
Program má v obchodě různé verze, některé dokonce definují rizikový faktor, takže pojišťovna nemá co dělat, než papírování, i když vznikají menší potíže.
Jednou z nevýhod je skutečnost, že některé léky mohou být použity pro několik účelů, například některé léky jsou určené k léčbě migrény, vln horka nebo dokonce deprese.
Z pojišťoven podniků je tento faktor významným faktorem zvyšujícím riziko, zatímco z pojišťoven podniků to nejsou.
Existují konkrétní společnosti, které se zabývají získáváním a zpracováváním dat a požádají o povolení pacienta, než získávají potřebné informace z lékáren.
Už jsou povinni tak učinit, i když jejich dřívější selhání nebylo potrestáno.
Některé společnosti zpracovávají dokonce výsledky laboratorních vyšetření a propojují je s údaji o užívání drog, čímž mohou poskytnout přesnější informace o zdravotním stavu pacientů.
Čím více firem má přístup k těmto údajům, tím je stále obtížnější kontrolovat jejich používání.
Existuje zvláštní zákon o ochraně údajů o zdravotní péči, jehož oblast působnosti však zahrnuje pouze poskytovatele zdravotní péče a pojišťovny.
Zákon o poskytnutí kontrolních pravomocí orgánům nad společnostmi zabývajícími se poskytováním dat byl předložen Kongresu.
Dick Richard si uvědomuje, že to nestačí: proto dále rozvinul svůj program, který by nyní omezil předávání údajů v souvislosti s požadavkem na výslovný souhlas dotčené osoby.
Je však jiná otázka, zda žalobce nemůže skutečně odmítnout souhlas, jinak s ním pojišťovny uzavřou smlouvu.
Takže slepice budou do určité míry záviset na laskavosti lišky.
Globální menu Marseille
Evropská unie a Indie zdvojnásobují obchod
Vzhledem k tomu, že Evropská unie a Indie jsou vzájemnými hlavními obchodními partnery, tento problém byl kromě jiných, především globálních problémů, také předmětem jednání na devátém summitu.
Dnes se bude konat také summit mezi Francií a Indií, zejména o spolupráci v oblasti jaderné energie.
Evropská unie sice uznává, že Indie je vynořující se demokratickou světovou velmocí, které by mělo být dáno více volby v mezinárodních záležitostech, ale členské státy se zatím nedokázaly dohodnout, zda budou podporovat trvalé členství Nové Dillí v Radě bezpečnosti OSN nebo ne.
Proto se tato záležitost na 9. summitu, který se včera konal v Marseille, nenapustila.
Francouzský prezident Nicolas Sarkozy jako rotující předseda Unie, předseda výboru José Manuel Barroso a šéf zahraniční politiky Javier Solana přivítali indického premiéra Manmohana Singha a dohodli se, že obchodní tok se během pěti let zdvojnásobí, tj. zvýší na více než 100 miliard eur.
Vzhledem k tomu, že výměna zboží v letech 2000 až 2007 vzrostla z 25 miliard na 55 miliard, není to příliš ambiciózní cíl.
V souladu s tím bylo právně harmonizováno 26 stávajících dvoustranných dohod o civilním letectví s Indií, což znamená, že letecká doprava může v budoucnu létat.
Indie si klade za cíl podepsat dohodu o volném obchodu s Unií do konce roku 2009.
Sarkozy slíbil, že urychlí harmonizaci.
Cílem je najít rovnováhu, zatímco Indie je obchodním partnerem EU číslo jedna, zatímco Nové Dillí má na seznamu partnerů EU jen deváté místo.
Summit se soustředil na globální otázky:
V této souvislosti se vyzývá k tomu, aby se v rámci této konference projednávaly otázky týkající se bezpečnosti a bezpečnosti v Afghánistánu a Pákistánu a terorismu, který obě strany odsoudila ve všech formách a vyzvala k svolání konference OSN.
Bylo také urychleno dokončení obchodního kola z Dohy, ačkoli za dosud neúspěšné jednání jsou zodpovědné obě strany.
EU potvrdila, že bude udržovat svůj energetický a klimatický program, což znamená, že má v úmyslu snížit emise znečišťujících látek do ovzduší nejméně o 20% do roku 2020.
Indie s tím souhlasila, stejně jako s cílem dosáhnout globální dohody na klimatické konferenci, která se má konat příští rok, a snížit emise skleníkových plynů o 50 procent do roku 2050.
Dalším cílem bylo zabránit růstu cen potravin a byla podpořena výzva k mezinárodní konferenci k přezkoumání finanční krize.
Indický premiér se dnes chystá na dvoustrannou schůzku ve francouzském hlavním městě, kde má v úmyslu dospět k dohodě o mírovém využívání jaderné energie.
Paříž očekává, že francouzské společnosti obdrží smlouvy na výstavbu jaderných reaktorů v Indii v hodnotě 20 miliard eur.
Podle informací z tiskové agentury bude smlouva platit 15 let.
Více než tři sta italských redaktorů ve Frankfurtu
Silná přítomnost italských vydavatelů na Mezinárodním veletrhu knihy ve Frankfurtu.
Více než tři sta italských vydavatelů se zúčastní 60. výročí Buchmesse, nejvýznamnější mezinárodní akce pro výměnu autorských práv.
Mezinárodní veletrh knihy ve Frankfurtu očekává na tuto příležitost více než sedm tisíc vystavovatelů ze 101 různých zemí, kteří budou zabývat 171 790 metrů čtverečních prostoru veletrhu s více než 403 tisíci tituly na výstavě a Turecko bude čestným hostem.
Francesco Maria Giro, náměstek ministra pro kulturní dědictví a činnosti, bude na slavnostním slavnostním otevření italského pavilonu zastupovat italskou vládu: Itálie bude ve skutečnosti přítomna jako instituce s italským stánkem o rozloze 264 metrů čtverečních.
Následně následuje tisková konference v místnosti Struktur v pavilonu 5.0 Buchmesse, kde budou prezentovány údaje, trendy a pohled na stav italského vydavatelství.
Podle údajů se v italské produkci, zejména v produkci pro dospělé a děti, postupně snižuje význam knih zahraničních autorů.
Našli jsme letadlo Steva Fossetta , milionáře , který zmizel před rokem .
Ztroskotalý letadlo Steva Fossetta, milionáře, který zmizel 3. září 2007 během letu nad pouští v Nevadě, bylo nalezeno.
Zbytek byl nalezen na plošině na výšce 3000 metrů, v oblasti Mammoth Lakes v Sierra Nevada, na hranici mezi Kalifornií a Nevadou.
Uvnitř letadla však nebyly žádné lidské ostatky.
Šerif okresu Madera, John Anderson, rozptýlil všechny zbývající pochybnosti: "Letoun byl lokalizován, poslali jsme tým a nyní máme potvrzení, že je to to, na kterém letěl Steve Follett v den, kdy zmizel", řekl na tiskové konferenci.
Později šerif poukázal na to, že žádné lidské ostatky nebyly nalezeny ani v letadle, ani v okolí.
Milionář, 63 let, byl v únoru považován za mrtvého.
Americký Národní úřad pro bezpečnost dopravy (NTSB) oznámil, že několik hodin po zjištění vraku byl vyslán vyšetřovací tým, který identifikoval letadlo: je to Bellanca 8KCAB, který je pohřešovaný od 3. září 2007, kdy Fossett vzlétl z Yeringtonu v Nevadě na tříhodinový let.
Včera, vždy v Kalifornii, nedaleko hranice s Nevadou, pár osobních věcí patřících Fossettovi našli u jejich domu v Mammoth Lakes.
Jsou to dva dokumenty na jméno Fossetta, vydané Federálními leteckými úřady v Illinois, nějaké peníze a svetr.
Hledání Fossetta bylo zrušeno měsíc poté, co zmizel.
Milionář si získal místo v historii díky sérii světových rekordů.
V roce 2002, při svém šestém pokusu, se stal prvním člověkem, který dokončil cestu kolem světa v horkovzdušném balonu: dvoutýdenní soukromý let.
O tři roky později obletěl svět letadlem bez přistání.
Mezi jeho mnoha rekordy patří také let na výšce 15 445 metrů nad Andy, ale s kopilotem.
Glk, reklama, která na tebe nečeká.
SUV, který je mimo normy s originálním designem definovaným rozhodujícími liniemi, velkými plochami a čistými zatáčky.
Stručně řečeno, toto je GLK, nejnovější doplněk "kompaktu" terénních vozidel od hvězdného výrobce, kterým se Mercedes-Benz pokusil vpustit do tohoto odvětví dech čerstvého vzduchu.
Právě proto, že jeho vlastnosti jsou mimo tradiční normy, bude také vzkaz doprovázející uvedení SUV GLK nečekaný a nekonvenční, bude k dispozici v prodejnách Mercedes-Benz od příštího října 17.
Reklamní kampaň, která bude doprovázet debut nového vozidla, tak spustí novou komunikační metodu, která zahrnuje i futuristickou kampaň 3D billboardů, které poprvé v Itálii použije automobilová značka.
Projekt velkých billboardů, který se uskuteční ve třech fázích a který bude dominovat nejcentrálnější milánskou nákupní ulici Corso Como až do 15. listopadu.
První fáze tohoto nového typu komunikace začne prezentací vozu ve stereoskopickém vidění a díky speciálním brýlům rozmístěným v okolí Corso Como bude možné vidět nové SUV v reálné velikosti a 3D formátu.
Když se na obrázek podíváte, máte pocit, že auto vyčnívá z plakátu.
Následně budou prostřednictvím inovativní technologie Elumina 8 všechny detaily nového GLK v různých časech osvětleny a pak znovu složeny do jednoho snímku.
Mercedes se bez pochyb snaží touto reklamou do běžné oblasti automobilové reklamy přinést něco nového.
Uvidíme, zda se mu podaří tento recept vyvolat zájem budoucích kupujících.
Tak to jsou ti italští huligáni.
z Tri-Veneta, které mohou být zakázány účast na sportovních soutěžích (Daspo).
Ale kdo jsou ti 150-200 lidí, kterých se Itálie nyní stydí?
Nikdy se nesetkala s odpornými fanoušky.
Výtahy skupiny jsou pravé.
Promotéři jsou z Tri-Venetu.
Z Verony, Padovy, Triestu a Udine.
K nim se připojili některé malé skupiny (ve skutečnosti velmi málo členů) z Campagnie a Puglie.
Mají tričernou vlajku s názvem města, z něhož militanti pocházejí.
Vzali si své nápady od anglických fanoušků.
V Bulharsku našli příznivce, kteří byli skuteční nacisté, skupina Levski.
FIGC dala italským fanouškům k dispozici 144 vstupenek na zápas: všechny osobní, a proto snadno kontrolovatelné.
A ministerstvo vnitra ve Viminale je vlastně všechny kontrolovalo: mezi těmito skupinami, které jdou do Sofie, žádná nebyla zakázána, žádná nebyla zakázána navštěvovat stadion.
Čtyři italští fanoušci, kteří měli předchozí zločiny související se stadionem, byli ve skutečnosti odmítnuti vstupenky a nemohli tam jít.
Ministerstvo vnitra nyní čeká na možnost přečíst si oficiální záznamy, které by měly přijít od bulharské policie, než podnikne kroky: v tomto případě je možné zakázat alespoň na pět let příznivce, kteří byli zatčeni nebo kteří byli během nepokojů identifikováni.
Mezinárodní zákaz, který zakazuje návštěvu nejen stadiónů v Itálii, ale i v celé Evropě.
Naši huligáni by se na žádný stadion nedostávali.
Naštěstí.
Ale teď je tu strach z napodobování: to znamená, že se k tomu přidá něco víc než sto padesát.
"Musíme okamžitě uhasit tento požár a ne legitimizovat ty, kteří se chovají tímto způsobem", tvrdí ti z ministerstva ve Viminale.
Takže, "oči otevřené, zvláště když tam je národní tým hraje ve středu v Lecce".
Ve Puglii je totiž malé jádro příznivců Ultras Italia.
Zítra se setká observatoř, v úterý CASMS, která se může spolehnout na sekci AISE, tedy na tajnou službu, která se přesně zabývá problémy na stadionech.
"Pohánění Duce-Duce a natáhlá ruka během hymny Mameli?
To jsou myšlenky (vyjádřené s velkým zklamáním) Domenika Mazzilliho, který je již před několika týdny ředitelem Observatoře Viminale (převzal místo, které původně zastával Francesco Tagliente a poté Felice Ferlizzi).
Předtím byl Mazzilli šéfem policejní správy v Tréstu, kde je jádro příznivců Ultras Italia, založené v roce 2002.
Je pravda, říká Mazzilli, že v Bulharsku není zločin zpívat hymny Duce, ale chování těch 150-200 fanoušků bylo určitě hanebné.
"Nejsem sociolog - dodává n.1 Observatoře  zločin by měl být přičítán zemi, kde se incident stal.
Zatím se tato skupina drží v rámci pravidel, nyní uvidíme, co se skutečně stalo a budeme to hodnotit pro budoucí reference.
Ale pojďme si také promluvit o píšťalce na hymnu Mameli: to není v Bulharsku zločin, ale pokud mohu říct, není to dobré způsoby ... "
