Les populistes de droite triomphent en Autriche, avec un total de 29%
Selon les premiers résultats préliminaires des élections législatives anticipées en Autriche, les deux partis de la grande coalition actuelle ont été sensiblement affaiblis et les partis populistes de droite ont été fortement stimulés.
Le Parti populaire autrichien (ÖVP), dont la position actuelle, celle de Wilhelm Molterer, est fortement ébranlée, a subi des pertes particulièrement importantes.
À l'inverse, le chef de campagne de l'Alliance pour l'avenir de l'Autriche (BZÖ), le gouverneur de la Carinthie, Jörg Haider, prépare un retour triomphal à la politique nationale.
Selon les résultats préliminaires, le Parti social-démocrate (SPÖ) reste le plus fort du pays avec 29,8% des voix, mais il a perdu 5,5% des voix depuis les dernières élections de 2006.
L'ÖVP, qui avec ses 25,6% perd près de 9% des voix, a été encore pire.
C'est le pire résultat des deux grands partis de l'histoire d'Autriche d'après-guerre, et surtout pour le Parti populaire, qui a appelé à des élections anticipées, c'est littéralement un résultat catastrophique.
Au début de juillet, lorsque l'ÖVP a quitté la coalition, le Parti populaire avait encore une avance significative sur le SPÖ dans les sondages.
Les électeurs les ont punis pour avoir laissé le gouvernement chanceler.
Dans les premières réactions aux résultats, il y avait déjà des spéculations sur la démission possible du chef du parti et actuel vice-chancelier Wilhelm Molterer.
Les observateurs prévoient que cela pourrait avoir lieu dès la réunion extraordinaire de la direction du parti lundi.
Une telle évolution simplifierait certainement le chemin vers le recours de plus en plus probable des résultats des élections, à savoir le renouvellement de la grande coalition du SPÖ et de l'ÖVP.
Compte tenu du renforcement des deux partis populistes de droite - le Parti de la liberté (FPÖ) a obtenu un préliminaire de 18% et le BZÖ onze pour cent des voix - cependant, en même temps, les sociaux-démocrates ont exprimé la crainte d'une répétition de l'année 1999, lorsque le Parti populaire a convenu avec les populistes (FPÖ était encore uni à cette époque, il s'est séparé du BZÖ en 2005) d'un gouvernement commun, ce qui a finalement provoqué des sanctions de l'Union européenne.
Haider, qui a déjà annoncé qu'il était prêt à travailler avec n'importe quel parti et qui suppose qu'il reviendra à Vienne pour la politique nationale, compte évidemment sur cette évolution.
Le Parti vert est également entré au parlement, mais a subi une légère perte et est tombé de la troisième à la cinquième place parmi les partis politiques autrichiens.
Il est évident qu'aucun des autres partis n'a dépassé la barre des 4% et n'est entré au Parlement.
Schwarzenberg: Les relations avec l'Inde pourraient s'aggraver
Selon le ministre des Affaires étrangères Karel Schwarzenberg, si le problème des scientifiques tchèques accusés en Inde de collecte illégale de coléoptères ne peut être résolu, les relations tchèque-indiennes pourraient s'aggraver.
Le ministre a fait cette déclaration à New York à l'issue de sa rencontre avec son homologue indien, Pranab Mukherjee.
"Si elle n'est pas résolue, oui, alors une certaine aggravation se produira", déclare-t-il à l'issue de la réunion initiée par la partie tchèque.
Après les négociations, Mukherjee a déclaré qu'il était difficile pour le pouvoir exécutif d'intervenir dans les affaires judiciaires.
Néanmoins, il a déclaré que dans le cas de Petr Švácha, qui a été acquitté des accusations et condamné à une amende, le gouvernement central peut négocier avec le gouvernement local de Darjeeling, sous la juridiction duquel relève la question.
"On peut résoudre son problème", a dit le ministre.
Selon Mukherjee, il serait préférable pour Emil Kučera, condamné à trois ans de prison, de faire appel aux autorités supérieures.
Il peut alors demander à être libéré sous caution et attendre le verdict en dehors de la prison, a-t-il expliqué.
Schwarzenberg a confirmé que son partenaire avait dit la même chose pendant les négociations.
"Il recommande de faire appel devant un tribunal supérieur, alors il serait possible de lui accorder la grâce", a déclaré le chef de la diplomatie tchèque.
La seule façon pour la République tchèque de s'impliquer dans l'affaire est de fournir aux condamnés un "appui juridique compétent", a déclaré le ministre indien.
Il a également indiqué que la partie indienne leur apporte déjà une aide de ce type.
" Il est dans notre intérêt de maintenir les meilleures relations avec l'Inde, qui ont une longue tradition.
Les Indiens le reconnaissent aussi", a déclaré Schwarzenberg.
Dans le même temps, comme il l'a dit à l'agence de presse tchèque, il a souligné devant son partenaire que la République tchèque attachait une grande importance au problème des entomologistes tchèques.
"Nous considérons vraiment que l'arrestation et l'accusation de ces scientifiques tchèques est une grave erreur", a-t-il déclaré.
Le ministre a évité de répondre à la question de savoir s'il avait reçu une promesse de la part de l'Inde de poursuivre l'affaire.
Il a simplement déclaré: "J'ai déjà reçu plusieurs promesses".
Les arbitres tchèques se battent pour le fond de l'océan
Il se dirige vers la carte électronique représentant l'Australie et les zones maritimes environnantes.
Cependant, il n'est pas intéressé par le continent, mais par un petit point perdu dans le bleu de l'océan.
"Cette île, et avec elle le fond océanique qui l'entoure, appartient à l'Australie.
En même temps, la zone est aussi grande que le continent lui-même", déclare l'avocat italien Luigi Santosuosso, qui fait partie de l'équipe de trente employés de la Division des affaires océaniques et du droit de la mer des Nations unies.
Son patron, le directeur de la division, l'avocat tchèque Václav Mikulka, suit ce qu'il dit et ajoute parfois quelque chose.
Le zèle et l'enthousiasme pour le travail sont les principaux.
Le fond océanique abrite un monde jusqu'à présent peu connu, riche en ressources naturelles.
Il est possible de trouver du pétrole, des minerais et d'autres minéraux, mais aussi des organismes vivants inconnus qui détiennent la clé, par exemple, du développement d'un remède contre le cancer.
Un étage plus grand que le continent
Les pays côtiers sont aujourd'hui en compétition acharnée pour le nouveau territoire sous-marin.
C'est-à-dire qu'en vertu d'un accord des Nations unies, ils utilisent les droits sur lesquels ils se sont mis d'accord en 1982 à Montego Bay, en Jamaïque.
Il s'agit principalement de la zone du plateau continental, qui s'étend souvent jusqu'à plusieurs centaines de kilomètres des côtes du pays.
Selon l'accord, ce pays a le droit exclusif sur toutes les ressources du plateau continental.
"Simplement, la plateforme continentale est considérée comme la partie du fond océanique qui est la continuation naturelle du continent sous la mer et de son substrat.
Il dépassait le bord de la mer côtière, et souvent même le bord des deux cents milles marins de la soi-disant zone économique exclusive", explique Mikulka.
La demande présentée par le pays concerné à la Commission sur les limites du plateau continental doit être étayée par une documentation scientifique et technique fondée sur de nombreuses études et mesures coûteuses.
Il est le résultat de nombreuses années de travail préparatoire.
"L'un de nos rôles est de fournir à la commission une assistance juridique et technique spécialisée.
La Commission a jusqu'à présent examiné cinq demandes, de la Russie, du Brésil, de l'Australie, de l'Irlande et de la Nouvelle-Zélande.
Seuls les trois derniers pays ont réussi jusqu'à présent", ajoute Mikulka.
Récemment, le succès de l'Australie, qui a été la première à étendre son domaine sous-marin, a été enregistré dans le monde entier.
Mais la Nouvelle-Zélande a aussi gagné - la superficie du fond océanique que la commission lui a concédée est d'environ 1,6 million de kilomètres carrés, soit environ six fois la taille du pays lui-même.
Les deux pays ont investi des millions de dollars dans l'arpentage.
Les bénéfices qui découleront de l'utilisation du fond océanique à l'avenir seront, espèrent-ils, inestimables.
D'autres pays soumettront également progressivement leurs demandes.
Ils ont dix ans à compter de la ratification de l'"Accord de la baie de Montego" pour le faire.
Là où se termine le plateau continental, commence la zone du fond océanique déclarée par l'accord "patrimoine commun de l'humanité".
Ici, aucun pays n'a plus de position exclusive.
Les droits miniers dans cette zone sont accordés par l'accord établi par l'institution internationale.
"Mais le fond océanique n'est pas un Klondike", dit le directeur Mikulka avec exagération, ajoutant que ses "zones individuelles sont clairement délimitées par la loi et leur régime est ancré dans des contrats".
Les Tchèques dans le Pacifique
Une partie du fond océanique appartient actuellement à la République tchèque.
Elle le partage avec d'autres pays de l'ancien bloc de l'Est dans le cadre de l'organisation commune "Interoceanmetal".
Par accord, cette organisation, comme les investisseurs de plusieurs autres petits pays, a obtenu en 1991 le statut de " pionnier des investisseurs ".
Il est autorisé à exploiter dans la zone de ClarionClipperton, dans l'océan Pacifique, située entre le Mexique, Hawaï et Kiribati.
La zone étudiée par l'investisseur est légèrement plus grande que l'ancienne Tchécoslovaquie.
Le fond océanique est accidenté, c'est une sorte de modèle sous-marin des Tatra.
"Il est possible d'y exploiter une superficie totale de 75.000 kilomètres carrés.
La région est riche en polyméthyls contenant du nickel, du cuivre, du cobalt et du manganèse", déclare un autre avocat, Pakshi Rajan, originaire d'Inde.
L'avocat macédonien de la division, Rober Sandev, apporte une telle concrétisation pour le démontrer.
Il ressemble à une petite pomme de terre ou, avec un peu de fantaisie, le shem mythique, qui, selon la légende, a donné vie au Golem.
Des forces spéciales allemandes présentes pour sauver des otages
Pour résoudre la crise des otages, le gouvernement égyptien avait demandé l'aide de l'Allemagne, qui avait envoyé des experts.
Quand la pression est venue, les forces spéciales étaient prêtes, mais leurs services n'étaient pas nécessaires à la fin.
De plus en plus de détails sont en train de sortir sur les circonstances de la libération des onze touristes européens enlevés en Egypte.
Selon les ministères fédéral allemand de la Défense et de l'Intérieur, les forces spéciales allemandes ont indirectement participé à la mission de sauvetage.
Des spécialistes des forces armées fédérales (Bundeswehr) et des membres de la police fédérale allemande (Bpol) et de ses unités spéciales GSG 9 et de la Garde aérienne étaient présents au sauvetage, ont indiqué lundi soir des porte-parole des ministères, ainsi que des membres du Bureau fédéral de police criminelle (BKA) et des experts en logistique de l'Agence de secours technique (THW).
Les forces allemandes n'étaient pas nécessaires, cependant, ont-ils dit, parce que les ravisseurs abandonnaient leurs otages et s'enfuyaient quand ils ont appris qu'ils allaient être libérés par la force.
Le gouvernement égyptien avait accepté l'aide offerte par l'Allemagne pour compter sur les forces allemandes comme soutien pendant l'opération.
`Heureusement, cela n'est pas arrivé", a déclaré un porte-parole du ministère fédéral allemand de l'Intérieur.
Le groupe de voyageurs, composé de cinq Allemands, cinq Italiens, une Roumaine et leurs huit compagnons égyptiens, avait été pris en embuscade et enlevé le 19 septembre dans le sud de l'Egypte.
Après avoir été enlevés dans une région désertique du sud de l'Égypte, les otages avaient été transportés dans la région frontalière entre l'Égypte, la Libye, le Soudan et le Tchad.
À ce jour, l'identité des ravisseurs reste inconnue, de même que les détails sur le sauvetage ou sur les éventuelles rançons.
Les anciens otages sont arrivés sains et saufs au Caire.
Le ministre allemand des Affaires étrangères Steinmeier a déclaré qu'ils avaient été confiés aux soins de l'ambassade allemande.
Il n'a pas commenté les détails du sauvetage.
À Berlin, aucune information n'a été donnée sur leur retour en Allemagne.
Selon le journal allemand Bild, les cinq touristes et les forces spéciales doivent monter à bord d'un Airbus de l'armée de l'air allemande, qui devrait arriver en Allemagne mardi.
La Chambre des représentants américaine rejette le plan de sauvetage
Le plan de sauvetage de 700 milliards de dollars pour les marchés financiers a failli à peine à passer dans la première des deux chambres du Congrès américain.
Le Dow Jones a fait une chute.
Avec un vote de 227 contre 206, la Chambre des représentants des États-Unis a rejeté le plan de sauvetage du gouvernement pour les marchés financiers.
Malgré tous les appels du président George W. Bush et des hauts responsables des deux partis, aucune majorité n'a été atteinte pour le programme qui devait contenir le chaos sur les marchés financiers.
Dans une campagne spectaculaire, les partisans avaient fait des tentatives désespérées pour convaincre les critiques des mérites du plan de 700 milliards de dollars.
Barney Frank, l'un des principaux négociateurs démocrates, avait demandé l'approbation des représentants, même si c'était un plan impopulaire.
`Il est difficile d'obtenir l'approbation politique pour la prévention de quelque chose qui n'est pas encore arrivé", a-t-il reconnu.
Alors que le vote était toujours en cours, le Dow Jones a connu une baisse de plus de 6%, soit 600 points.
Elle a été causée par les inquiétudes des investisseurs que le plan de sauvetage du gouvernement pourrait échouer.
Il s'est redressé peu avant la fin du vote, pour ensuite faire une nouvelle chute lorsque le rejet a été rendu public.
Les experts s'attendent à de nouvelles turbulences importantes sur les marchés financiers internationaux.
Pour que le plan soit mis en œuvre, l'approbation de la Chambre des représentants et du Sénat est requise.
Les agences de voyages signalent une augmentation des réservations
C'est un bon hiver pour les agences de voyage allemandes, évidemment.
Selon une enquête, le chiffre d'affaires des réservations pour les mois à venir a considérablement augmenté par rapport à l'année précédente, et même de 30% pour la saison hivernale.
Malgré les perspectives d'une économie faible, l'appétit des Allemands pour les voyages reste intact, selon une enquête.
Pour les réservations pendant la saison hivernale, les agences de voyages ont enregistré une augmentation du chiffre d'affaires de 31% par rapport à la même période de l'année précédente, a rapporté lundi à Berlin l'Association allemande des voyages (DRV).
Selon la société d'études de marché GfK, les réservations ont également augmenté au cours des mois d'automne.
Les agences de voyages ont enregistré une augmentation du chiffre d'affaires d'environ onze pour cent en octobre par rapport à 2007, a déclaré le DRV.
Les résultats sont basés sur les chiffres de GfK, qui traite chaque mois les données de réservation de 1200 agences de voyages allemandes et les utilise pour faire des projections pour l'ensemble du marché.
Les réservations de voyage effectuées jusqu'en août 2008 sont incluses.
En raison de la faiblesse du dollar, les voyages aux États-Unis étaient particulièrement demandés, a déclaré le DRV.
Dans cette zone, les réservations ont augmenté d'environ un tiers, a-t-il déclaré.
Cela mis à part, il a souligné que l'Espagne, la Turquie et la Grèce sont populaires parmi les Allemands, ainsi que les régions nationales.
Les voyages tout compris étaient particulièrement recherchés, a déclaré le président de la DRV, Klaus Laepple.
"Leur coût était plus calculé pour les clients que celui des vacances organisées individuellement", a déclaré Laepple.
Les consommateurs pourraient économiser de l'argent grâce à des réductions pour les premiers arrivants ou tout compris, entre autres, a déclaré Laepple.
Comme les mois d'été ont également été très bien réservés, il y aurait une nouvelle augmentation du chiffre d'affaires par rapport à l'année précédente, a-t-il déclaré - bien qu'une autre enquête rapporte que le nombre de voyageurs allemands a diminué par rapport à l'année précédente.
Ma première fois à l'Oktoberfest
Des hits de printemps et après-ski en mode répétition, de la bière dans des tasses d'un litre et des célébrités dans des vêtements de marque.
Une première de Wiesn.
Techniquement, Susanne Kronzucker et moi n'avons pas beaucoup en commun.
Elle est blonde, présentatrice de télé et porte un Dirndl sur mesure.
J'ai les cheveux noirs, je suis étudiante et ma robe est d'occasion.
Mais il y a une chose qui nous relie: nous sommes au Wiesn depuis à peine trois minutes, et déjà les photographes se pressent autour de nous et se dépêchent de prendre des photos, remplissant leurs cartes mémoire - très flatteur, et c'est ma première visite au Wiesn, pour commencer.
C'est comme ça qu'on se fait des amis.
Le Dirndl bon marché semble faire son travail.
Pour un touriste de Wiesn, habituellement basé au nord de l'équateur de la "Weisswurst", cette sensation de confort en portant des vêtements traditionnels bavarois avait laissé beaucoup à désirer à ce jour.
Mais une fois arrivé à Theresienwiese, ce n'est plus aussi mauvais que ça.
Presque tout le monde porte le Dirndl ou le Lederhosn; personne ne semble dégoûté ou gêné - c'est tout à fait normal.
Seulement mon tablier Dirndl attirait des regards étranges sur le vendeur de chocolat-banane.
Une femme de Munich m'a fait remarquer que j'avais mal attaché le tablier: `Disponible à gauche, vierge au milieu, engagée à droite, veuve derrière.'
En cachette, je tire mon tablier par derrière vers la gauche.
" Ça a l'air bien ", dit-elle, et elle rit.
D'autres sont moins intéressés par les techniques de flirt subtiles et portent des chapeaux de feutre simples qui disent "Too drunk to get dressed" et, sans les inviter, montrent aux gens leur derrière nu.
Le jeune homme avec l'attitude exhibitionniste s'appelle Bob, il est d'Angleterre, et c'est sa première fois à l'Oktoberfest, aussi.
Il trouve ça magnifique, avec une longue étirée.
Il me le dit juste après s'être débarrassé de la "Maß" qu'il avait auparavant.
Juste à côté de ces bouchons de feu que tout le monde prend pour des décharges.
Bob est un de ces infâmes "Wildbiesler".
D'autres n'ont pas la chance de perdre l'alcool de cette façon.
À huit heures du soir, des dizaines de paramédicaux font le tour de la salle pour s'occuper des pauvres gloutons.
Les médecins sont toujours en meute, quatre à la fois, portant une civière couverte d'une tente à l'autre.
C'est comme pour la plupart des visiteurs de Wiesn: quand il est vide, ils partent, et quand il est plein, ils reviennent.
On ne voit pas qui est dans les cercueils.
`Ce sont ceux qui ne peuvent plus supporter', a crié un des ambulanciers quand je lui en ai parlé, disparaissant dans la foule.
Victime d'accident nommée par la police
Une piétonne de 63 ans décédée à l'hôpital après avoir été renversée par un véhicule à Essex a été nommée.
Carole Paulson, de Chelmsford Road à Brentwood, a été impliquée dans l'accident vendredi après-midi sur Shenfield Road dans la ville.
Elle a été emmenée à l'hôpital Queen's, Romford, mais est décédée plus tard.
Après l'accident, un homme de 51 ans a été arrêté pour conduite imprudente.
Il a été libéré sous caution.
L'élargissement des horizons diplomatiques de la Turquie
Bien avant que la Turquie ne cherche à adhérer à l'Union européenne, les puissances européennes étaient impatientes de pénétrer profondément dans l'arrière-pays turc.
Sur le côté est du Bosphore, peut-être à seulement 20 pas de l'Asie, se trouve l'une des plus belles reliques de cette ambition impériale ratée.
La gare de Hydarpasha a été conçue par deux architectes allemands Otto Ritter et Helmut Conu dans le style néo-renaissance.
C'est du moins ce que disent les guides.
Le bâtiment se trouve à cheval à l'extrémité des plates-formes avec une tour à chacun de ses coins avant à la recherche de tout le monde comme une mairie allemande provinciale.
La pierre est sale.
L'édifice entier est en décomposition.
Mais une fois à l'intérieur de la billetterie voûtée, il n'y a aucun doute sur la grandeur de l'entreprise dont c'était la porte la plus occidentale.
La station a été ouverte en août 1908 par un consortium allemand, la société Anatolia-Baghdad.
L'Allemagne, qui était arrivée en retard dans le jeu impérial, avait l'intention de réaliser ses ambitions de domination du Moyen-Orient au moyen de ce chemin de fer qui allait jusqu'à Damas, Bagdad et au-delà, dans ce qui est aujourd'hui l'Arabie saoudite.
Mais les ambitions impériales allemandes ont été anéanties pendant la Première Guerre mondiale.
Ses voies ferrées ont été attaquées par Lawrence d'Arabie et ses irréguliers arabes.
L'isolement relatif de la région environnante, engendré par les frontières gelées de la guerre froide, a disparu.
Les forces britanniques et dominionales ont avancé hors d'Égypte et ont repoussé les Turcs et leurs alliés allemands hors de Palestine et de Syrie.
Et il y avait de mauvaises nouvelles pour la station de Hyderpasha aussi.
En 1917, un train de munitions a explosé et a détruit son toit élaboré.
Des sources turques disent que c'était du sabotage.
Depuis, elle s'est peu à peu détériorée, largement oubliée par l'histoire.
Mais aujourd'hui, cette porte ferrée vers l'Anatolie et tous les points à l'est, sert - symboliquement au moins - à mettre en lumière l'élargissement des horizons diplomatiques de la Turquie.
Le parti au pouvoir, le Parti de la justice et du développement (AKP), a élaboré une toute nouvelle politique étrangère pour le pays.
L'isolement relatif de la région environnante, engendré par les frontières gelées de la guerre froide, a disparu.
Il y a maintenant une nouvelle politique d'engagement.
Il est remarquable que le gouvernement turc entretienne de bonnes relations avec Israël et la Syrie, avec les factions palestiniennes du Hamas et du Fatah, avec l'Irak et l'Iran et bien sûr avec l'Union européenne et les États-Unis.
Pour mesurer les paramètres de cette nouvelle politique étrangère, je suis monté à bord du "sleeper" pour la capitale turque Ankara, pour rendre visite à l'un des principaux experts en politique étrangère de l'AKP, le député turc Suat Kiniklioglu.
Le lendemain matin, environ dix heures et demie plus tard, après une balade ébranlante sur des pistes qui produisaient les cadences du vieux monde du célèbre documentaire Le courrier de nuit, je suis arrivé dans la capitale turque, une ville proposée comme nouvelle ville pour un nouvel État laïc qui a l'intention de tourner le dos au passé ottoman.
Mais l'AKP, avec ses racines islamistes bien connues, représente un changement de paradigme dans le consensus turc.
Cela a suscité des soupçons en Occident, notamment à Washington.
Un taxi m'a emmené au siège de l'AKP, une structure en pierre et en acier ultra-moderne - spécialement construite - dans une banlieue en développement, entourée de centres commerciaux et de pâtisseries à moitié construits où les cadres intermédiaires en combinaisons d'affaires - hommes et femmes - se réunissaient pour conclure des accords tôt le matin.
Suat Kiniklioglu aurait pu être un politicien de centre-droit appartenant à presque n'importe quel autre parti politique en Europe.
Costume, cravate, je suis sûr qu'il avait même un Blackberry.
"Le but de la politique étrangère du parti est maintenant de réintégrer la Turquie dans son voisinage immédiat.
La guerre froide était une anomalie", m'a-t-il dit.
La Turquie était coupée de son arrière-pays.
Aujourd'hui, il devait regarder à l'est et à l'ouest en même temps.
Ce n'était pas une question de l'un ou de l'autre.
Il devait faire les deux.
"Mais à un moment donné, je lui ai demandé, la Turquie pourrait être forcée de choisir?"
"La Turquie, a- t- il dit, ne voulait pas faire face à ce choix".
Il a ensuite souligné un point que presque tous ceux à qui j'ai parlé ici ont récité presque par cœur: les liens de la Turquie, non seulement avec le Moyen-Orient, mais aussi avec le Caucase et autour de la mer Noire, sont autant au bénéfice de l'Europe et des États-Unis qu'ils le sont pour la Turquie.
Avec la Turquie à bord, le message semble être que l'Europe dans son ensemble peut métaphoriquement rouler sur ces lignes ferroviaires vers l'est vers l'Asie et le Moyen-Orient.
De retour à la gare d'Hydarpasha, après une autre nuit largement insonne, je pensais à ces deux messieurs allemands Herr Ritter et Herr Conu qui avaient vu ce bâtiment construit il y a 100 ans.
Ils auraient été surpris de constater que les ambitions européennes au Moyen-Orient sont désormais largement entre les mains de la Turquie.
Et pendant que j'attendais au terminal le ferry pour me ramener à travers le Bosphore, je me suis souvenue que, à cette époque, la Turquie avait toujours été appelée "l'homme malade de l'Europe".
Il n'y avait pas beaucoup de doute sur le continent qui aurait droit à ce pays fascinant.
Les personnes dont on se souvient: Vernon Handley et William Woodruff
Mark Brown écrit: En tant que directeur musical de Guildford à partir de 1962, Vernon "Tod" Handley (noblat, 11 septembre) était en charge de l'Orchestre et du Chœur philharmonique de Guildford.
Dans le cadre de son projet musical pour le quartier, l'année suivante, il fonde sa merveilleuse chorale de jeunes, Proteus.
C'était censé être pour les moins de 21 ans, mais quand le Proteus a chanté sa finale en 1979, plusieurs d'entre nous avaient la vingtaine. Nous avons refusé de renoncer au chœur.
Le nom "Proteus" (le métamorphe mythologique) représentait la volonté et la capacité du chœur à s'attaquer à toute musique qui lui était présentée, qu'elle soit madrigale ou Messiaen, qu'elle soit sans accompagnement ou avec un orchestre complet.
La polyvalence musicale produite par un chœur de jeunes était souvent étonnante, toujours passionnante, et tout cela était dû à l'inspiration de cet homme et à l'enthousiasme pour la musique qui est resté absolument constant au fil des ans.
Combien de fois Tod nous a dit de laisser la musique parler d'elle-même.
Il disait: "Le compositeur sait ce qu'il veut.
Tout est dans la musique.
Alors chantez-le ! "
Sa technique de battage était absolument claire et précise, mais jamais dictatoriale, ni florissante.
Quelle que soit la musique, il l'élevait toujours encore plus haut.
John Frayn Turner écrit:
Si un chef d'orchestre aurait dû être fait chevalier, c'était Vernon Handley.
Je le connaissais bien pendant les deux décennies où il dirigeait les Philharmonies de Guildford de 1962 à 1982.
Au cours des 40 dernières années, j'ai passé en revue plus de 100 de ses concerts et je peux dire honnêtement que je n'ai jamais été déçu par un seul - et souvent inspiré par eux.
Tod Handley avait cette rare combinaison de grandeur et de modestie personnelle.
Il détestait les conducteurs qui, selon ses mots, " battaient un ou deux chevaux de guerre bien connus dans le monde entier ".
Il manquera à beaucoup d'entre nous.
Je suis désolé.
Le professeur John Beckett écrit:
Votre nécrologie de William Woodruff (25 septembre) indique qu'"en 1946 il reprend l'histoire économique à Oxford et en 1950 il devient chercheur Houblon-Norman... tout en étudiant simultanément pour un baccalauréat, un MA et un doctorat".
Cela découle de la note de l'auteur de Woodruff dans Beyond Nab End, mais elle n'est pas correcte.
De 1946 à 1953, il est professeur d'histoire économique à l'Université de Nottingham, période pendant laquelle il réalise une thèse de doctorat sur l'industrie du caoutchouc britannique, supervisée par le professeur J. D. Chambers, et publiée par la suite en 1958 sous le nom de The British Rubber Industry.
Il passe 1950-51 aux États-Unis sur une bourse Houblon-Norman, et l'été 1952 aux universités de l'Illinois, Harvard et New York.
En 1953, il quitte Nottingham pour l'Illinois.
On ne sait pas pourquoi Woodruff a choisi de cacher cette partie de sa carrière.
J. Vincent Resino à la faculté de philologie
"Je recommande l'exposition de José Vicente Resino "Flamenco y vida", car ses photographies en noir et blanc, prises dans un style documentaire, sont extraordinaires.
Les photos m'ont attiré par leur simplicité et leur puissance de transmission, toujours en traitant les sujets avec une attention particulière.
Une exposition qui exprime des sentiments profonds.
Resino est capable de capturer des moments magiques. "
Deuxième agression pour le super-vendant de Honda
En novembre prochain, Honda lancera la commercialisation de la deuxième génération de modèle Jazz.
Si le modèle précédent était déjà caractérisé par une grande habitabilité, ce nouveau minivan a un espace intérieur plus large.
En outre, il est équipé d'une mécanique fine qui augmente le confort de conduite et permet d'économiser du carburant.
L'évolution au lieu de la révolution.
C'est la deuxième génération de la Honda Jazz.
Bien que le nouveau Jazz ressemble esthétiquement au modèle précédent, les changements apportés au minivan sont nombreux.
Il convient de souligner, entre autres, son design innovant, sa nouvelle plateforme, sa taille plus grande et sa mécanique assez nouvelle.
Quoi qu'il en soit, avant de passer à l'analyse du nouveau modèle, il peut être utile de souligner que ce nouveau Jazz arrive seulement six ans après l'entrée de la première génération.
Par conséquent, une première observation devrait considérer que Honda a renouvelé ce modèle plus rapidement que les autres sociétés ne le font habituellement.
Même si le modèle Jazz est moins connu en Europe que sur d'autres marchés, il reste un phénomène en termes de ventes.
C'est le cas du Japon, où Jazz a été la voiture la plus vendue en 2002 et aussi en 2008.
C'est là que près d'un million d'exemplaires de Jazz ont été vendus depuis le lancement du modèle.
Le deuxième marché était le Vieux Continent, avec environ un demi-million d'unités vendues en six ans.
Malgré ces chiffres, Honda estime que ce nouveau Jazz augmentera encore ses ventes dans le segment.
Ainsi, si en 2007 la société japonaise a vendu au total 83 000 unités de ce modèle, en 2009, elle estime qu'il y en aura environ 100 000 voitures.
En ce qui concerne le marché espagnol, Honda a vendu un total de 8 000 unités de Jazz depuis 2002, ce qui correspond à 6,7% des ventes totales de la société en Espagne.
Avec l'arrivée de la nouvelle génération, les responsables de l'entreprise espagnole s'attendent à vendre environ 2.000 unités de Jazz en un an.
L'arrivée de la nouvelle Honda Jazz le rendra probablement possible, en réduisant largement la baisse des ventes en Espagne.
En effet, les responsables de la marque prévoient d'atteindre la fin de l'année avec un total de 22 000 unités vendues, soit 4 000 unités de moins qu'en 2007, avec une baisse de 16%.
Malgré l'augmentation des ventes, Honda a également augmenté sa part de marché en Espagne, atteignant 1,8% contre 1,6% l'année dernière.
Dans le même temps, la société japonaise prévoit atteindre les 2% en 2010.
Pour y parvenir, Honda est confiante dans un autre nouveau modèle de sa marque.
C'est Insight, une voiture compacte hybride à cinq portes, longue de 4,37 mètres.
Selon les marchés et les estimations des fabricants japonais, 50% des ventes d'Insight proviendront des États-Unis, tandis que les 50% restants viendront du Vieux Continent et du Japon.
Le lancement commercial d'Insight est prévu pour début l'année prochaine, peu après la présentation du modèle en interne de l'entreprise en janvier à Valence.
Comparé à la première génération, le nouveau Jazz a grandi dans toute son intégralité.
Il atteint désormais 3,90 mètres de longueur (cinq centimètres de plus), 1,69 mètre de largeur (deux centimètres de plus) et son interaxiale 2,50 mètres, avec une augmentation de cinq centimètres.
Sa hauteur de 1,52 mètres est restée inchangée.
Avec sa taille, son intérieur habitable a augmenté dans l'espace.
Cet avantage découle, d'abord, de la nouvelle plateforme et, d'autre part, de l'installation du réservoir de carburant dans un emplacement central, solution déjà adoptée dans le Jazz précédent.
De plus, la capacité du coffre - double volume du fond - s'élève à 399 litres, soit 19 litres de plus que la première génération.
Il convient de noter que ce sont les mesures de la Honda Jazz 1.4, tandis que la capacité du coffre du modèle 1.2 est de seulement 379 litres.
D'autres améliorations - en plus des éléments extérieurs, tels que le phare arrière ou la possibilité de monter le verre panoramique - concernent l'amélioration de l'accès aux sièges arrière.
Les portes permettant l'accès aux sièges arrière s'ouvrent désormais à un angle de 80 degrés, contre 67 degrés dans le premier modèle.
En outre, tous les moteurs sont assez nouveaux dans cette deuxième génération de voitures.
Au moment de la commercialisation, ce petit modèle sera livré avec un moteur à essence de 1,2 ou 1,4 litre.
Les deux systèmes mécaniques comprendront la technologie i-VTEC qui permet une consommation de carburant réduite, produit moins d'émissions de dioxyde de carbone, optimise les raffinements mécaniques et, en même temps, maintient un couple moteur élevé dans toutes ses phases.
La version de 1,2 litre atteint une puissance de 90 ch à 6000 tr/min et un couple maximal de 114 Nm à 4900 tr/min.
La propulsion - qui dans le Jazz précédent atteignait les 78 ch  - n'a besoin que de 5,3 litres de carburant et produit environ 125 grammes d'équivalent émissions de CO2.
Comparé à la propulsion précédente, qui dans le modèle de première génération utilisait 83 ch, le nouveau peut tirer parti de 100 ch.
La 1.4 Jazz de 100 ch atteint une combinaison de 5,4 litres de carburant et 128 grammes de CO2 émis.
Une "voiture à abeilles" pour éviter les collisions
Pour développer les technologies de prévention des accidents, Nissan s'est inspiré cette fois-ci de la nature, et surtout des abeilles.
Une entreprise japonaise a créé un robot qui, en imitant le vol des abeilles, peut éviter les accidents.
C'est le robot-conducteur biomimétique, ou BR23C, la première étape pour concevoir des technologies pour prévenir les collisions.
Les ingénieurs du Centre technique avancé de Nissan Motor Co. ont développé ce petit robot en collaboration avec le Centre de recherche scientifique et technologique de la prestigieuse université de Tokyo au Japon.
Selon Kazuhiro Doi, directeur général des relations publiques pour la technologie, la recherche et le développement de la gestion de la marque, le BR23C est une extension du bouclier de sécurité des quatre domaines produits par Nissan.
Ce robot est destiné à améliorer la capacité de prévenir les collisions dans les véhicules produits par l'entreprise.
Pendant le vol, chaque abeille crée son propre espace ovale personnel qui ressemble beaucoup au bouclier de sécurité développé par Nissan.
Mais l'élément le plus important est constitué par les yeux composés de l'abeille, qui peuvent voir dans toutes les directions avec un angle supplémentaire de 300 degrés, permettant à l'insecte de voler sans interruption dans son espace personnel.
Pour recréer ces caractéristiques visuelles, les ingénieurs ont développé ce qu'ils ont défini comme un localisateur laser (Laser Range Finder).
Ce mécanisme détecte les obstacles à moins de 2 mètres et un rayon de 180 degrés devant le BR23C, calcule la distance à l'objet et envoie un signal au microprocesseur à bord qui permet d'éviter immédiatement la collision.
" Quand il détecte un obstacle, le petit robot imite les mouvements de l'abeille et change immédiatement de direction en tournant les roues à droite ou à plus grand angle pour éviter la collision.
La différence la plus évidente avec tout système existant est son action évasive qui se traduit par une action totalement instinctive.
"S'il n'en était pas ainsi, le robot ne serait pas capable de réagir assez rapidement pour éviter les obstacles", explique Toshiyuki Andoh, directeur du Laboratoire de la mobilité et ingénieur en chef de ce projet.
Contrairement à une abeille, le robot ne peut pas dévier vers le haut ou vers le bas, ou même en diagonale. Il ne peut se déplacer que dans deux dimensions et dans la direction dans laquelle ses roues peuvent tourner. Évidemment, il ne peut pas courir dans des directions et des chemins infinis comme le font les abeilles.
Pour cette raison, Nissan a utilisé une fonction de rotation en plus des fonctions d'accélération et de décélération, pour permettre au petit robot d'éviter les collisions.
"Ce dispositif ne doit traiter que de nouvelles informations toutes les quelques secondes, et agir à partir de ces données.
Il n'a pas besoin de stocker d'informations ou d'utiliser la logique intuitive des manœuvres précédentes.
Cela peut surprendre, mais nous ne parlons pas de gigaoctets ou de méga de mémoire. "
Il s'agit d'une première étape vers le développement de nouvelles technologies pour la prévention des collisions, une technologie que Nissan espère introduire dans les voitures comme fonctionnalité standard dans les dix ans.
Le robot utilise des batteries lithium-polymère, plus légères et plus durables que la typologie lithium-ion.
Une application supplémentaire dans un avenir potentiel pourrait être l'intégration de cette technologie avec le navigateur par satellite GPS pour amener le conducteur à une destination spécifique, en évitant les obstacles le long du chemin.
Vous frémissez avant de demander un prêt ?
Nous devons reconnaître que le Département du Trésor des États-Unis, qui possède de très bons capitaux pour agir, ne manque certainement pas de talent.
Pour faire face à la crise et empêcher les Américains d'être trompés par des prêts inutiles par des banques soupçonnées d'insolvabilité, nous avons créé un jeu amusant et éducatif pour les internautes.
En d'autres termes, l'hôtel des mauvais crédits... ou des problèmes.
L'aspect sombre de cet hôtel et, en particulier, de sa réceptionniste vise à pousser les gens à réfléchir non pas une fois, mais deux ou même trois fois avant de demander un prêt.
Et surtout, réfléchir très attentivement à l'endroit où l'appliquer.
Il est certain que ce système fournit plusieurs informations utiles, mais il offre peu de détails.
C'est plus une page web pour les adolescents qu'un site pour le grand public.
Que se passe-t-il si vous complétez le jeu ?
Une chambre de rêve apparaît à l'intérieur de l'hôtel.
C'est quand même quelque chose, parce qu'en achetant une maison... mieux vaut la quitter.
Morgan Stanley a ouvert son capital à MUFG
Morgan Stanley a annoncé son entrée dans la table ronde de Mitsubishi UFJ Financial Group (MUFG), la première banque du Japon, qui dépensera neuf milliards de dollars pour obtenir 21% de son capital, une nouvelle qui a été reçue par une forte baisse des cours des actions.
Une semaine après avoir dévoilé un accord provisoire, les deux banques ont expliqué que MUFG achèterait 9,9% des actions de Morgan Stanley au prix de 25,25 dollars, pour un total de trois milliards de dollars.
Le prix de vente est inférieur à 19% de la valeur des titres au 31 août.
MUFG investira six milliards de dollars supplémentaires dans l'acquisition de titres convertibles offrant un rendement garanti de 10% et un prix de conversion de 31,25 dollars.
Morgan Stanley a affirmé que l'opération globale serait basée sur un prix unitaire moyen de 29 dollars, soit 28% au-dessus de son prix actuel.
Cependant, les actions de Morgan Stanley ont perdu 6,79% à 23,07 dollars vers 17h GMT.
"Cette alliance stratégique constitue une occasion importante d'accélérer la transition de Morgan Stanley vers le statut de banque holding", a déclaré John Mack, le PDG du groupe américain.
Morgan Stanley a adopté ce nouveau statut la semaine dernière, ce qui devrait lui permettre de diversifier ses activités mais il doit passer par l'autorité de la Réserve fédérale.
Son alliance avec MUFG confirme également que la crise financière actuelle a forcé les plus grands noms de Wall Street à adopter une attitude beaucoup plus prudente qu'auparavant.
Les modalités présentées lundi montrent que l'accord a été modifié ces derniers jours: le lundi précédent, Morgan venait d'annoncer qu'elle vendrait jusqu'à 20% de ses actions aux Japonais pour environ 8,5 milliards de dollars.
"Il y a une semaine, explique Toshihide Mizuno, directeur général de MUFG à Tokyo, nous pensions que la participation serait entièrement constituée d'actions ordinaires.
Mais compte tenu de l'état actuel de l'économie et du marché, nous espérions minimiser les risques et nous protéger".
Sur la base du prix moyen pondéré, MUFG paiera pour ses titres Morgan Stanley 7% de moins que leur valeur comptable.
Et la transaction entraînera une dilution des bénéfices d'environ 20% par action.
L'accord prévoit que MUFG peut convertir annuellement la moitié de ses titres privilégiés en actions ordinaires si ces dernières sont négociées à un prix supérieur de plus de 50% au prix de conversion, soit environ 47 $ pour une période donnée.
Morgan Stanley assure que le capital fourni par MUFG lui permettra de saisir les opportunités d'investissement, de renforcer son bilan et d'accroître sa liquidité.
Un porte-parole du groupe, cependant, a refusé de donner des détails sur les projets stratégiques des deux nouveaux alliés.
Après l'investissement de MUFG, Morgan Stanley prévoit un ratio de capital de niveau 1 d'environ 15%, l'un des meilleurs du secteur.
Morgan a déclaré avoir "significativement" réduit son bilan depuis fin août.
Ces dernières semaines ont été difficiles pour le groupe, qui a vu la moitié de son cours des actions se fondre tandis que les coûts d'assurance contre le risque de défaillance de sa dette ont grimpé en flèche.
Ce coût a diminué lundi mais est resté à un nouveau niveau élevé, autour de 12%.
La semaine dernière, Goldman Sachs, la seule autre grande banque d'investissement survivante de Wall Street après la faillite de Bear Stearns et l'acquisition de Lehman Brothers et Merrill Lynch, a annoncé avoir levé 15 milliards de dollars, en partie de Berkshire Hathaway, le groupe de Warren Buffett.
Rafael Correa à Quito lundi.
Reconstruire autour de la République du socialisme du XXIe siècle.
C'est un projet conjoint du Vénézuélien Hugo Chávez, de l'éco-bolombien Evo Morales et de l'écuadorien Rafael Correa.
Ce dimanche, comme ses homologues et ses amis, elle vote pour la troisième fois un projet de nouvelle constitution.
Mission accomplie puisque 64% des électeurs ont voté "oui" au référendum, selon les résultats officiels basés sur 80% des voix.
Sur la base de ces résultats, le "non" a obtenu 28%, 7% des voix étaient invalides et 0,7% étaient des votes vides.
Pour que le projet de Constitution soit adopté, il doit obtenir la moitié des voix plus une.
Dimanche, deux sondages menés en dehors des bureaux de vote et une organisation non gouvernementale avaient annoncé une grande victoire pour le "oui", dans la fourchette entre 63% et 70%.
Rafael Correa avait revendiqué dans la nuit de dimanche à lundi la victoire de son projet de constitution.
"La Constitution a si largement triomphé", a-t-il assuré, félicitant les Équatoriens au siège du gouvernement à Guayaquil, à 280 km au sud-ouest de Quito.
Bien sûr, Rafael Correa a été félicité par Chavez et Morales mais aussi par son homologue chilienne Michelle Bachelet.
Le sondage, qui a été mené pacifiquement sous le contrôle de l'Organisation des États américains (OEA), a couvert dans son texte 444 points qui consolident le "nouveau socialisme" préconisé par le président.
Le projet de constitution consacre le pouvoir de l'État sur l'économie, en lui réservant la "planification du développement" d'un pays qui vit principalement de l'extraction du pétrole par les entreprises étrangères et de l'argent étranger qu'elles envoient à leurs émigrés.
Soutenu par Correa, élu en 2006, le projet confère également des pouvoirs plus étendus au chef de l'État, qui peut exercer deux mandats consécutifs de quatre ans et pourra dissoudre l'Assemblée.
Correa a déjà annoncé qu'il utiliserait ce pouvoir pour demander un nouveau mandat en février 2009.
La Constitution consolide également le principe de la gratuité des services de santé et de l'éducation que le président a commencé à instaurer dans ce pays de 13,9 millions d'habitants, où 50% de la population vit en dessous du seuil de pauvreté.
Il prévoit également l'interdiction de la présence de troupes étrangères, ce qui mettra fin à l'accord entre Quito et Washington pour utiliser l'Équateur comme base de lancement des opérations américaines de lutte contre la drogue.
Les 19 otages ont été libérés au Tchad.
Une unité de commandos égyptienne a lancé un assaut contre les ravisseurs des onze touristes et de leurs huit escortes capturés il y a dix jours.
Ils sont au Caire.
Les onze touristes européens et leurs huit escortes égyptiennes, retenus captifs pendant dix jours dans le désert, ont été ramenés sans blessure à la capitale égyptienne lundi après-midi.
Le matin, ils ont été libérés par un commando égyptien au Tchad.
Apparemment en bonne santé, les otages sont arrivés vers 15h30 à bord d'un avion spécial à la base militaire d'al-Maza, rattachée à l'aéroport international du Caire.
Ils ont été immédiatement transférés, sans pouvoir parler à la presse, par hélicoptère à l'hôpital de Maadi, une banlieue résidentielle du Caire, pour y subir des examens.
Ils sont en "bonne santé" et "aucune rançon n'a été versée" aux ravisseurs, a déclaré le ministre égyptien du Tourisme, Zoheir Garanna, sur l'asphalte.
Capturé le 19 septembre lors d'un safari en 4x4 au pied du mont Ouanat aux frontières avec l'Egypte, le Soudan et la Libye, ce groupe d'otages avait été jeté d'un cachot à l'autre par 35 ravisseurs inconnus.
Il y a 11 touristes - cinq Italiens, cinq Allemands et un Roumain - et aussi huit Égyptiens: deux guides, quatre chauffeurs, un garde-frontières et le directeur de l'agence Aegyptous, organisateur du safari.
Un responsable égyptien de la sécurité a déclaré que 30 membres des forces spéciales, transportés à bord de deux hélicoptères, avaient lancé l'assaut pendant la nuit juste avant l'aube.
"Un échange de tirs a eu lieu, et la moitié des ravisseurs ont été tués, l'autre moitié a fui", a déclaré le responsable qui a demandé l'anonymat.
Il a déclaré que 150 membres de l'unité de "réponse rapide" des forces spéciales égyptiennes avaient été envoyés au Soudan dans son ensemble, où ils ont reçu le soutien de commandos allemands et italiens.
Le chef du corps diplomatique italien à Belgrade, Franco Frattini, où il se trouve actuellement, a évoqué le rôle joué par les agents secrets italiens et des éléments des forces spéciales.
"Nous devons reconnaître que nous avons obtenu ce résultat grâce au professionnalisme et à l'efficacité de nos hommes des services secrets, des forces spéciales", a-t-il déclaré, sans plus de détails.
Il a aussi nié avoir payé une rançon.
La veille, l'armée soudanaise avait affirmé avoir intercepté un véhicule de patrouille 4x4 à bord duquel se trouvaient les ravisseurs, tuant six personnes, dont le chef tchadien, et en arrêtant deux.
L'armée a affirmé qu'ils étaient liés à un groupe rebelle au Darfour, le Mouvement de libération du Soudan-Unité (SLA-U), ce que ce mouvement a immédiatement nié.
Les lettres - La majorité silencieuse de la culture
Un débat sur le financement de la culture a fait les gros titres et a absorbé cette campagne électorale.
- Ça va.
Mais un secteur de notre vie culturelle reste toujours oublié.
Qui s'avancera pour dénoncer la misère qui est accordée aux petits musées, archives, sites archéologiques ou historiques nationaux qui ont faim de financement ?
Quel politicien ose rappeler au gouvernement fédéral qu'il néglige ses monuments et ses bâtiments historiques ?
Au Québec, au Canada, nous n'avons pas de lois qui protègent notre patrimoine ?
Saviez-vous que le gouvernement français consacre trois millions et demi d'euros pour la restauration du château de Chinon dans la vallée de la Loire ?
Nos voisins américains ont écrit dans la Constitution de leur pays que la protection du patrimoine fait partie de la culture américaine et que ce patrimoine doit être protégé par tous les citoyens, tous les élus et tous les ministères, et cela, en coopération.
Au Québec, la Fédération des sociétés d'histoire du Québec, au moins 40 000 bénévoles regroupés dans 211 agences d'histoire, de patrimoine, d'archives et de généalogie se consacrent à la recherche de l'histoire, à la préservation, ayant peu de fonds, des piles d'archives privées et à la préservation des vestiges archéologiques.
Ils sont souvent les gardiens de notre patrimoine, qui protestent avec l'énergie du désespoir quand les promoteurs et les constructeurs lancent leurs bulldozers contre nos vieux bâtiments et nos cimetières oubliés.
Quand y aura-t-il un forum sur l'histoire et le patrimoine ?
Fortis banca partiellement nationalisée par les gouvernements du Benelux
Les États du Benelux aident Fortis, la banque belgo-néerlandaise - première institution financière européenne en difficulté en raison de l'effet de la crise des prêts américains - par un rachat partiel par l'État.
A la fin de cette semaine, les gouvernements belge, luxembourgeois et néerlandais ont tenu des consultations à ce sujet au plus haut niveau, avec la participation du président de la Banque centrale européenne et du commissaire à la concurrence de la Commission européenne.
Fortis est la première banque de la zone euro à être frappée par la crise financière internationale qui approche en vagues depuis douze mois.
En vertu de la décision prise dimanche soir, chaque gouvernement prendra une participation de 49% dans les banques Fortis de leurs pays respectifs.
La banque va certainement vendre une partie de ses participations, notamment les activités d'assurance, qu'elle a rachetées à l'ABC Amro l'année dernière.
Les actions de Fortis ont commencé à chuter profondément la semaine dernière, puis dans la seconde partie de la semaine, des signes de crise sérieuse sont apparus dans la société.
Les analystes s'accordent à dire que la banque - avec ses 85 000 employés - est trop importante pour être autorisée à faire faillite.
Les actions de la banque ont chuté de 12% vendredi, ce qui est le niveau record le plus bas depuis 14 ans.
La valeur des actions a chuté de deux tiers depuis janvier.
Compte tenu des cours actuels des actions, la valeur totale du capital de marché du groupe est d'environ 14 milliards d'euros.
La direction attribue la chute des actions Fortis aux incertitudes à l'étranger - liées à l'acceptation du paquet américain de 700 milliards de dollars.
Les actions ont montré une légère hausse lundi.
Filip Dierckx a été nommé vendredi nouveau directeur général de la banque.
L'institution financière cherchait également des acheteurs privés, mais aucune offre substantielle n'a été faite jusqu'à présent.
Le gouvernement belge a déclaré plus tôt que les investisseurs n'avaient pas de raison de s'inquiéter, ils ne perdraient pas leur argent.
Aucune panique n'a surgi jusqu'à présent parmi les clients de la banque; aucune ruée vers les banques n'a eu lieu.
Fortis possède un établissement bancaire en Hongrie et a également racheté des sociétés de leasing.
Le renard dans la poule
Les compagnies d'assurance vie et santé américaines refusent souvent de vendre une assurance à certains citoyens, en raison de leurs données d'achat de médicaments.
Les experts en protection des données craignent que le marché des données ne devienne incontrôlable.
"Il existe un programme de protection des données qui exige l'autorisation de la personne concernée pour utiliser les données sur les ordonnances.
Il doit être indépendant, sinon le renard gardera la poule ", cite le Washington Post Richard Dick, développeur du programme de suivi des ordonnances médicales.
Les compagnies d'assurance décident du montant de la taxe d'assurance et du montant à verser en cas de dommages-intérêts en fonction de l'état de santé du client qui en fait la demande, et si elles estiment que c'est trop risqué, elles ne fournissent pas d'assurance.
Les clients candidats étaient envoyés pour subir un examen médical et le contrat était conclu uniquement à la lumière des résultats du dépistage.
Il y a dix ans, Dick a développé une méthode beaucoup moins coûteuse: sur la base du numéro d'identification du client, il est facile de détecter le type de médicaments achetés par le client au cours des 18 derniers mois, de sorte que le programme peut tirer des conclusions de lui-même sur les maladies du demandeur ainsi que sur son état de santé.
Par exemple, le fait d'acheter régulièrement de fortes doses de médicaments hypocholestérolémiants signifie qu'il a un taux de graisse sanguine irrémédiablement élevé, ce qui lui fait immédiatement entrer dans une catégorie à risque plus élevé.
Le programme a des versions différentes dans le commerce, certaines d'entre elles définissent même le facteur de risque, de sorte que la compagnie d'assurance n'a plus rien à faire que la paperasse, bien que des difficultés mineures se posent.
L'un des inconvénients est que certains médicaments peuvent être utilisés à plusieurs fins, par exemple pour traiter la migraine, les vagues de chaleur ou même la dépression.
Ce dernier est un facteur d'accroissement du risque important du point de vue des assureurs d'entreprises, tandis que les deux autres ne le sont pas.
Il existe des entreprises spécifiques qui s'occupent de l'obtention et du traitement des données, et elles demandent l'autorisation du patient avant d'obtenir les informations nécessaires auprès des pharmacies.
Ils sont déjà obligés de le faire, même si leurs échecs antérieurs n'ont pas été sanctionnés.
Certaines entreprises traitent même les résultats des examens de laboratoire et les relient aux données sur la consommation de drogues.
De plus en plus d'entreprises ont accès aux données et, parallèlement, le contrôle de leur utilisation devient de plus en plus difficile.
Il existe une loi spécifique sur la protection des données de santé, mais son champ d'application ne concerne que les fournisseurs de soins de santé et les compagnies d'assurance.
Le projet de loi sur l'octroi de pouvoirs d'inspection aux autorités sur les entreprises qui traitent de la fourniture de données a été soumis au Congrès.
Dick Richard sait que cela ne suffit pas: c'est pourquoi il a développé son programme, qui restreint désormais le transfert de données à l'exigence du consentement explicite de l'intéressé.
Il est cependant une autre question de savoir si le requérant ne peut pas réellement refuser son consentement, sinon les compagnies d'assurance ne concluront pas de contrat avec lui.
Les poules continueront donc, dans une certaine mesure, à dépendre de la bienveillance du renard.
Le menu mondial de Marseille
L'Union européenne et l'Inde doublent leurs échanges
L'Union européenne et l'Inde étant des partenaires commerciaux majeurs, cette question a également dominé l'ordre du jour du neuvième sommet, en plus d'autres problèmes principalement mondiaux.
Aujourd'hui, un sommet entre la France et l'Inde aura lieu, notamment sur la coopération dans le domaine de l'énergie nucléaire.
L'Union européenne reconnaît que l'Inde est une puissance mondiale démocratique émergente, qui devrait avoir plus de voix dans les affaires internationales, mais les États membres n'ont pas encore pu s'entendre sur le soutien ou non à la désignation de New Delhi comme membre permanent du Conseil de sécurité des Nations unies.
C'est pourquoi cette question n'a pas été imposée lors du neuvième sommet organisé hier à Marseille.
Le président français Nicolas Sarkozy, en tant que président tournant de l'Union, le président de la commission José Manuel Barroso et le chef de la politique étrangère Javier Solana ont accueilli le premier ministre indien Manmohan Singh et ont convenu de doubler, c'est-à-dire d'augmenter à plus de 100 milliards d'euros, le flux commercial en 5 ans.
L'échange de biens ayant été porté de 25 à 55 milliards de dollars entre 2000 et 2007, cet objectif n'est pas trop ambitieux.
En conséquence, 26 conventions bilatérales existantes en matière d'aviation civile avec l'Inde ont été harmonisées juridiquement, ce qui signifie que le trafic aérien pourra voler à l'avenir.
L'Inde vise à signer l'accord de libreéchange avec l'Union avant la fin de 2009.
Sarkozy a promis d'accélérer l'harmonisation.
L'objectif est de trouver l'équilibre alors que l'Inde est le premier partenaire commercial de l'UE, tandis que New Delhi n'occupe que la neuvième place sur la liste des partenaires de l'UE.
Le sommet s'est concentré sur les questions mondiales:
La situation en Afghanistan et au Pakistan ainsi que le terrorisme, condamné sous toutes ses formes par les deux parties, ont été sollicités.
La conclusion du cycle de Doha a également été accélérée, bien que les deux parties soient responsables du fiasco jusqu'à présent.
L'UE a confirmé son intention de maintenir son programme énergétique et climatique, qui vise à réduire les émissions de polluants atmosphériques d'au moins 20% d'ici 2020.
L'Inde a accepté cela ainsi que l'objectif de parvenir à un accord mondial à la conférence sur le climat qui doit avoir lieu l'année prochaine et de réduire les émissions de gaz à effet de serre de 50% d'ici 2050.
Un autre objectif était d'empêcher la hausse des prix des denrées alimentaires et un appel à une conférence internationale pour examiner la crise financière a été soutenu.
Le Premier ministre indien se rendra aujourd'hui à la capitale française pour une réunion bilatérale où il entend parvenir à un accord sur l'utilisation pacifique de l'énergie nucléaire.
Paris s'attend à ce que des entreprises françaises obtiennent des contrats pour construire des réacteurs nucléaires en Inde d'une valeur de 20 milliards d'euros.
Selon les informations de l'agence de presse, l'accord serait en vigueur pendant 15 ans.
Plus de trois cents rédacteurs italiens à Francfort
Une forte présence des éditeurs italiens à la Foire internationale du livre de Francfort.
Plus de trois cents éditeurs italiens seront présents au soixantième anniversaire de la Buchmesse, le plus important événement international d'échange de droits d'auteur.
La Foire internationale du livre de Francfort attend cette fois plus de sept mille exposants de 101 pays différents qui occuperont les 171 790 mètres carrés de l'exposition avec plus de 403 000 titres exposés, et la Turquie sera l'invitée d'honneur.
Francesco Maria Giro, sous-secrétaire du ministère du Patrimoine culturel et des Activités, représentera le gouvernement italien à la cérémonie d'inauguration du pavillon italien: en effet, l'Italie sera présente en tant qu'institution avec un stand italien de 264 mètres carrés.
La conférence de presse suivante aura lieu dans la salle Structure du pavillon 5.0 de la Buchmesse: il s'agira d'une occasion de présenter des chiffres, des tendances et une vue d'ensemble de l'état de l'industrie de l'édition italienne.
Selon les données, l'importance des livres d'auteurs étrangers dans la production italienne, et en particulier dans celle des adultes et des enfants, diminue progressivement.
J'ai trouvé l'avion de Steve Fossett , le millionnaire disparu il y a un an .
L'épave de l'avion de Steve Fossett, le millionnaire disparu le 3 septembre 2007 en survolant le désert du Nevada, a été retrouvée.
Les débris ont été retrouvés sur un plateau à 3000 mètres d'altitude, dans la région de Sierra Nevada des Mammoth Lakes, à la frontière entre la Californie et le Nevada.
À l'intérieur de l'avion, cependant, il n'y avait pas de restes humains.
Le shérif du comté de Madera, John Anderson, a dissipé tous les doutes restants: "L'avion a été localisé, nous avons envoyé une équipe, et nous avons maintenant la confirmation que c'est celui sur lequel Steve Follett volait le jour de sa disparition", a-t-il déclaré lors d'une conférence de presse.
Après, le shérif a souligné qu'aucun corps humain n'avait été trouvé ni dans l'avion, ni dans les environs.
Le millionnaire, âgé de 63 ans, a été laissé pour mort en février.
Le Bureau national américain de la sécurité des transports (NTSB) a rapporté que quelques heures après l'observation de l'épave, une équipe d'enquête a été envoyée, qui a ensuite identifié l'avion: il s'agit du Bellanca 8KCAB, qui a disparu depuis le 3 septembre 2007, lorsque Fossett a décollé de Yerington au Nevada pour un vol de trois heures.
Hier, toujours en Californie, non loin de la frontière avec le Nevada, des effets personnels appartenant à Fossett ont été trouvés par un couple près de leur maison à Mammoth Lakes.
Les objets sont deux documents au nom de Fossett, tous deux émis par la Federal Aviation Administration de l'Illinois, un peu d'argent et un sweat-shirt.
La recherche de Fossett a été annulée un mois après sa disparition.
Le millionnaire s'était fait une place dans l'histoire grâce à une série de records du monde.
En 2002, lors de sa sixième tentative, il est devenu le premier homme à effectuer le tour du monde en ballon à air chaud: un vol en solo de deux semaines.
Trois ans plus tard, il fit le tour du monde en avion sans atterrir.
Parmi ses nombreux records, il y a aussi celui de vol à 15 445 mètres, au-dessus des Andes, mais avec un copilote.
Glk, la publicité qui ne vous attend pas
Un SUV qui dépasse les normes avec un design original défini par des lignes décisives, des surfaces larges et des coins bien coupés.
En bref, il s'agit de GLK, le dernier ajout aux tout-terrain "compacts" du constructeur étoilé, avec lequel Mercedes-Benz a essayé de faire entrer un peu d'air frais dans ce secteur.
Parce que ses caractéristiques sont en dehors des normes traditionnelles, le message accompagnant le lancement du SUV GLK sera également inattendu et non conventionnel, il sera disponible dans les salles d'exposition Mercedes-Benz à partir du 17 octobre prochain.
La campagne publicitaire qui accompagnera le lancement du nouveau véhicule mettra en place une nouvelle méthode de communication qui comprend également une campagne futuriste de panneaux d'affichage 3D, utilisés pour la première fois en Italie par une marque automobile.
Un projet de grands panneaux d'affichage, mis en mouvement en trois phases différentes, qui dominera la rue commerçante la plus centrale de Milan, Corso Como, jusqu'au 15 novembre.
La première phase de ce nouveau type de communication démarrera par une présentation de la voiture en vision stéréoscopique, et grâce à des lunettes spéciales distribuées dans le quartier de Corso Como, il sera possible de voir le nouveau VUS en vraie taille et en format 3D.
En fait, en regardant l'image, on aura l'impression que la voiture dépasse l'affiche.
Par la suite, grâce à l'utilisation de la technologie innovante Elumina 8, tous les détails du nouveau GLK seront éclairés à différents moments, puis recompostés en une seule image.
Sans aucun doute, Mercedes, par cette publicité, tente d'introduire quelque chose de nouveau dans le domaine conventionnel de la publicité automobile.
Nous verrons si cette formule réussira à susciter l'intérêt des futurs acheteurs.
Voilà qui sont les hooligans italiens
Le Conseil a décidé de ne pas modifier le règlement (CE) n° 1408/71 en ce qui concerne les aides d'État à la construction de nouveaux bâtiments.
Mais qui sont ces 150 à 200 personnes dont l'Italie a honte aujourd'hui, qui font partie du groupe "Ultras Italia" qui soutient depuis des années l'équipe nationale de football et qui, à vrai dire, n'a jamais créé de problèmes majeurs jusqu'à présent ?
Il n'a jamais été en conflit avec des fans opposés.
Le groupe est à droite.
Les promoteurs sont du Tri-Vénétois.
De Vérone, Padoue, Trieste et Udine.
Ils ont été rejoints par quelques petits groupes (en réalité très peu nombreux) de Campagne et de Pouilles.
Ils ont des drapeaux tricolores avec la ville d'origine des militants: samedi, ceux-ci ont été enlevés pour ne pas être identifiés.
Ils reprennent leurs idées des fans anglais.
En Bulgarie, ils ont trouvé des partisans qui étaient de vrais nazis, le groupe Levski.
La FIGC a mis à la disposition des supporters italiens 144 billets pour le match: tous personnels, donc facilement vérifiables.
Et le ministère de l'Intérieur à Viminale les avait en fait toutes vérifiées: parmi ces groupes qui allaient à Sofia, aucun n'avait été interdit, aucun n'avait été interdit de fréquenter un stade.
Quatre supporters italiens, qui avaient des antécédents de délits liés au stade, avaient en fait été refusés de billets et empêchés d'y aller.
Le ministère de l'Intérieur attend maintenant de pouvoir lire les dossiers officiels, qui devraient être reçus par la police bulgare avant d'agir: dans ce cas, il est possible d'interdire pendant cinq ans au moins les partisans qui ont été arrêtés ou ceux qui ont été identifiés pendant les troubles.
Un bannissement international qui interdit la participation non seulement aux stades italiens mais aussi à tous les stades européens.
En bref, nos hooligans ne voulaient pas entrer dans un autre stade.
Heureusement, c'est le cas.
Mais maintenant, il y a la peur de l'émulation: c'est que d'autres se joignent à cela un peu plus de cent cinquante.
"Nous devons immédiatement éteindre cette conflagration et ne pas légitimer ceux qui se comportent de cette façon", affirment ceux du ministère à Viminale.
Alors, "les yeux grands ouverts surtout que l'équipe nationale joue mercredi à Lecce".
En Apulie, il existe en effet un petit noyau de partisans des Ultras Italia.
Demain, l'Observatoire se réunit, mardi, le CASMS qui peut compter sur une section de l'AISE, c'est-à-dire le service secret, qui s'occupe exactement des problèmes dans les stades.
"Le chœur Duce-Duce et le bras tendu pendant l'hymne de Mameli ?
C'est ce que pense (avec une grande déception) Domenico Mazzilli, qui, depuis quelques semaines, est directeur de l'Observatoire du Viminale (il a remporté le poste occupé initialement par Francesco Tagliente puis par Felice Ferlizzi).
Auparavant, Mazzilli avait été chef de l'administration de la police à Trieste, où se trouve un noyau de partisans d'Ultras Italia, fondé en 2002.
Il est vrai, dit Mazzilli, qu'en Bulgarie il n'est pas un crime de chanter des hymnes au Duce mais certainement le comportement de ces 150-200 fans a été honteux.
"Je ne suis pas un sociologue - ajoute le n.1 de l'Observatoire  le crime doit être imputé au pays où l'incident se produit.
Jusqu'à présent, ce groupe est resté dans les limites, maintenant nous verrons ce qui s'est réellement passé et nous l'évaluerons pour une référence future.
Mais parlons aussi du sifflement de l'hymne de Mameli: ce n'est pas non plus un crime en Bulgarie, mais, si je puis me permettre, ce n'est pas de bonnes manières... "
