Sieg der Rechtspopulisten in Österreich, sie haben 29 Prozent insgesamt
Die vorläufigen Ergebnisse der Parlamentswahlen in Österreich zeigen eine deutliche Schwächung der beiden Parteien der gegenwärtigen Großkoalition und eine deutliche Stärkung der populistischen Parteien.
Die österreichische Volkspartei (ÖVP), in der die Position des derzeitigen Präsidenten Wilhelm Molterer ernsthaft bedroht ist, hat besonders große Verluste erlitten.
Der Wahlführer der Union für die Zukunft Österreichs (BZÖ), der Gouverneur von Kärnten, Jörg Haider, bereitet sich dagegen auf eine triumphale Rückkehr auf die politische Bühne auf nationaler Ebene vor.
Nach den vorläufigen Ergebnissen sind die Sozialisten (SPÖ) mit 29,8 Prozent der Stimmen nach wie vor die größte politische Kraft des Landes, doch im Vergleich zu den Wahlen 2006 verloren sie 5,5 Prozent der Stimmen.
Die ÖVP, die mit 25,6 Prozent fast neun Prozent der Stimmen verlor, kam noch schlechter dran.
Das sind die schlechtesten Ergebnisse der beiden großen Parteien seit dem Krieg, insbesondere für die Volkspartei, die die vorgezogenen Wahlen ausgelöst hat, ist das Ergebnis buchstäblich katastrophal.
Noch Anfang Juli, als die ÖVP aus der Koalition ausging, hatte die Volkspartei einen erheblichen Vorsprung über die SPÖ.
Die Wähler haben sie offensichtlich dafür bestraft, dass sie die Regierung zusammenbrechen ließen.
Von Anfang an wurden Spekulationen über den möglichen Rücktritt des Parteichefs und des derzeitigen Vizechanzlers Wilhelm Molterer ausgesprochen.
Beobachter gehen davon aus, dass dies bereits am Montag bei einem außerordentlichen Ratsvorsitz der Parteileitung geschehen könnte.
Eine solche Entwicklung würde den Weg zu dem Wahlergebnis, das nach wie vor am wahrscheinlichsten ist, erleichtern, nämlich die Erneuerung der großen SPÖ-ÖVP-Koalition.
Dennoch, da die beiden rechtspopulistischen Parteien - die Freien (FPÖ) sollen 18 Prozent und BZÖ 11 Prozent der Stimmen erhalten haben - stärker geworden waren, äußerten die Sozialisten gleichzeitig die Befürchtung, dass es eine Wiederholung von 1999 geben könnte, als die Volkspartei mit den Populisten (damals noch vereinigte FPÖ, 2005 von BZÖ getrennt) eine gemeinsame Regierung vereinbarte, was sogar Sanktionen der Europäischen Union hervorrief.
Haider, der bereits erklärt hat, mit jeder Partei zusammenzuarbeiten und seine Rückkehr zur politischen Szene in Wien vorzusehen, setzt offenbar auf diese Entwicklung.
Die Grünen waren die letzte Partei, die ins Parlament gelangt war, aber sie verloren leicht und fielen von der dritten auf die fünfte Position unter den politischen Parteien in Österreich.
Offensichtlich hat keine andere Partei die vier Prozent-Grenze überschritten und ins Parlament gelangt.
Schwarzenberg: Beziehungen zu Indien könnten abkühlen
Wenn die Frage der tschechischen Forscher, die in Indien wegen illegaler Kakerlakenernte angeklagt wurden, nicht gelöst wird, wird sich nach Aussage des tschechischen Außenministers Karel Schwarzenberg die Beziehungen zwischen der Tschechischen Republik und Indien in gewisser Weise abkühlen.
Das sagte der Minister heute in New York, nachdem er seinen indischen Amtskollegen Pranab Mukherjee getroffen hatte.
"Wenn das Problem nicht gelöst wird, dann ja, dann wird es eine gewisse Abkühlung geben", sagte er nach dem Treffen, das auf Initiative der Tschechischen Republik stattfand.
Mukherjee sagte, als er aus den Gesprächen ausging, dass die Exekutive in Gerichtssachen kaum eingreifen könne.
Er erwähnte jedoch, dass in dem Fall von Petr Švácha, der freigesprochen und bestraft wurde, die Zentralregierung mit der lokalen Regierung, der Darjeling, verhandeln konnte, da die Sache in deren Zuständigkeit geraten sei.
"Sein Problem könnte gelöst werden", sagte der Minister.
Laut Mukherjee wäre die beste Lösung für Emil Kučera, der zu drei Jahren Gefängnis verurteilt wurde, eine Berufung in eine höhere Instanz.
Er könne dann eine Kaution beantragen und auf das Urteil warten, sagte er.
Schwarzenberg bestätigte, daß sein Partner sich auch während der Gespräche in der gleichen Richtung geäußert habe.
"Er empfiehlt, sich an ein höheres Gericht zu wenden, wo er möglicherweise begnadigt wird", sagte der Chef der tschechischen Diplomatie.
Die einzige Möglichkeit, wie die Tschechische Seite in diesen Fall eingreifen kann, sei, den Verurteilten "kompetente Rechtshilfe" zu bieten, sagte der indische Minister.
Er sagt auch, daß ihnen bereits solche Hilfe von Indien gegeben worden sei.
"Wir wünschen uns vor allem, die beste Beziehung mit Indien zu erhalten, die eine Tradition von vielen Jahren hat.
Die Indianer erkennen das auch", sagte Schwarzenberg.
Gleichzeitig betonte er gegenüber seinem Partner, wie er gegenüber ČTK sagte, dass die Tschechische Republik dem Problem der tschechischen Entomologie große Bedeutung beimißt.
"Wir sehen die Inhaftierung und Anklage dieser tschechischen Forscher als einen großen Fehler an", sagte er.
Der Minister vermied die Frage, ob er von Indien ein Versprechen erhalten habe, sich um den Fall zu kümmern.
"Ich habe schon eine ziemlich große Anzahl von Versprechungen erhalten", stellt er nur fest.
Ein Tschechischer Schiedsrichter im Kampf um den Meeresboden
Er nähert sich einer elektronischen Wandkarte, auf der Australien und die angrenzenden Meeresgebiete dargestellt sind.
Er interessiert sich nicht für den Kontinent, sondern für einen kleinen Punkt im blauen Ozean.
"Die Insel gehört Australien, ebenso wie der angrenzende Meeresboden.
Die Region ist doch so groß wie der Kontinent selbst", sagt der italienische Jurist Luigi Santosuosso, der Mitglied der 30-köpfigen UNO-Division für Ozeane und das Recht des Meeres ist.
Der Leiter der Abteilung, der tschechische Jurist Václav Mikulka, verfolgt die Vorlage und die Vervollständigung von Zeit zu Zeit.
Die Atmosphäre ist von Eifer und Begeisterung geprägt.
Der Meeresboden verbirgt eine bislang wenig bekannte Welt, die reich an natürlichen Ressourcen ist.
Dazu gehören Erdöl, Mineralien und andere Mineralvorkommen, aber auch noch unbekannte lebende Organismen, die den Schlüssel zur Entwicklung einer Krebsmedikation enthalten könnten.
Ein Grund, der größer ist als die Erde
Die Küstenstaaten haben heute begonnen, sich nach neuen Unterwassergebieten zu streben.
Sie haben ihre Rechte gemäß einer UN-Konvention genutzt, die 1982 in Montego Bay in Jamaika vereinbart wurde.
Das ist vor allem das Gebiet des sogenannten Kontinentalsockels, das sich oft mehrere hundert Kilometer von der Küste eines Landes entfernt erstreckt.
Die Gemeinschaft kann nach der Konvention ausschließlich alle Ressourcen des Kontinentalsockels beanspruchen.
"Um es einfach zu machen: Der Teil des Meeresbodens und seines Untergrundes, der eine natürliche Verlängerung des Kontinents unter dem Meer darstellt, wird als Kontinentalsockel betrachtet.
Es erstreckt sich über die Grenzen der Küstenmeere hinaus, oft auch über die 200 Meilen, die die ausschließliche wirtschaftliche Zone darstellen", erklärt Mikulka.
Die Anfrage des betreffenden Landes an die Kommission zur Festlegung der Außengrenzen des Kontinentalsockels muß mit einer umfangreichen wissenschaftlichen und technischen Dokumentation, die auf zahlreichen, kostspieligen Erforschungen und Messungen beruht, gestützt sein.
Sie ist das Ergebnis mehrjähriger Vorbereitungsarbeiten.
"Eine unserer Aufgaben besteht darin, der Kommission rechtliche und wissenschaftliche und technische Hilfe zu leisten.
Die Kommission hat bisher fünf Anträge von Russland, Brasilien, Australien, Irland und Neuseeland bearbeitet.
Bislang sind nur die letzten drei Länder erfolgreich", fügt Mikulka hinzu.
Der Erfolg Australiens, das zuerst seine Unterwasserbesitztümer erheblich erweitert hat, hat in letzter Zeit weltweit Aufsehen erregt.
Auch Neuseeland hat etwas mehr Land gewonnen. Die Kommission hat letzte Woche festgestellt, daß der Meeresboden 1,6 Millionen Quadratkilometer groß ist. Das ist sechsmal so groß wie das Land.
Beide Länder haben Millionen von Dollar in die Explorationen investiert.
Die Vorteile, die sie künftig aus der Nutzung des Meeresbodens ziehen werden, werden, wie sie erwarten, unschätzbar sein.
Schrittweise werden auch andere Länder ihre Anträge stellen.
Sie können dies innerhalb von zehn Jahren nach Ratifizierung der Montego Bay-Konvention tun.
Wo das Festlandsockel endet, beginnt der Meeresboden, der von der Weltkonvention zum "gemeinsamen Erbe der Menschheit" erklärt wurde.
Es gibt keine staatliche Exklusivstellung mehr.
Das Recht auf Gewinnung in diesem Gebiet wird von einer internationalen Institution, die durch eine Konvention errichtet wurde, erteilt.
"Aber lassen Sie uns nicht täuschen, der Meeresboden ist kein Klondike", übertreibt Direktor Mikulka und betont, daß "die Gebiete genau definiert und in einem Vertrag festgeschrieben sind".
Tschechen im Pazifik
Ein Teil des Meeresbodens gehört heute auch der Tschechischen Republik.
Sie teilt sie mit anderen Staaten des ehemaligen Ostblockens im Rahmen der gemeinsamen Organisation "Interoceanmetal".
Die Kommission hat sich im Jahr 1991 gemeinsam mit Investoren aus einigen anderen Staaten aufgrund des Abkommens zum sogenannten "Pionierinvestor" erklärt.
Sie ist in der ClarionClipperton-Grenze im Pazifischen Ozean, zwischen Mexiko, den Hawaii-Inseln und Kiribati, zugelassen.
Das von dem Investor geplante Gebiet umfaßt etwas mehr als die Fläche der ehemaligen Tschechoslowakei.
Der Boden ist beweglich, es ist eine Art Tatra-Underwasser-Replik.
"Es ist möglich, dort auf einer Gesamtfläche von 75.000 Quadratkilometern zu graben.
Die Region ist reich an Polymetallbetonungen mit Nickel, Kupfer, Kobalt und Mangan", schrieb Rechtswissenschaftler Ind Pakshi Rajan.
Rober Sandev, ein Mitarbeiter der Mazedonien-Abteilung, gibt ein Beispiel.
Sie erinnert an eine kleine Kartoffel oder, mit ein wenig Vorstellungskraft, an den mythischen Shoem, der laut Legende den Golem belebte.
Die deutschen Spezialeinheiten waren vor Ort, um die Geiseln zu befreien.
Die ägyptische Regierung hatte Deutschland um Hilfe bei der Lösung der Geiselnahme gebeten - die Experten kamen.
Als die Situation ernst wurde, standen die Spezialeinheiten bereit, aber sie gingen nie in Aktion.
Es werden immer mehr Details über die Umstände der Freilassung von elf in Ägypten entführten Touristen bekannt.
Nach Angaben des Innenministeriums und des Verteidigungsministeriums haben auch deutsche Spezialeinheiten indirekt an der Rettungsaktion teilgenommen.
So waren sowohl Spezialisten der Bundesarmee als auch Beamte der GSG 9, des Luftwaffen- und des Bundeskriminaldienstes der Bundespolizei sowie Logistik-Experten des Technischen Hilfwerks am Ort der Befreiung.
Wie der Sprecher des Ministeriums am Montag Abend mitteilte, wurden die deutschen Streitkräfte schließlich nicht gebraucht, da die Geiselnehmer ihre Gefangenen freigelassen und flohen, als sie erkannten, dass eine gewaltsame Befreiung bevorstand.
Die ägyptische Regierung hat die von Deutschland angebotene Hilfe angenommen, um sie als Stützungsmacht vor Ort einzubeziehen.
"Glücklicherweise ist es nicht bis hierhin gekommen", sagte ein Sprecher des Bundesministeriums für Inneres.
Die Gruppe von fünf Deutschen, fünf Italienern, einem Rumänen und acht Ägyptern, die sie begleiteten, wurden in Südegypten entführt.
Nach ihrer Entführung in der südlichen Ägyptischen Wüste wurden die Geiseln in die Grenzgebiete zwischen Ägypten, Libyen, Sudan und Tschad gebracht.
Die Identität der Geiselnehmer ist bislang unklar, ebenso wie die Details der Freilassung oder etwaiger Lösegeldzahlungen.
Die geretteten Menschen erreichten mittlerweile Kairo.
Steinmeier erklärte, die freigelassenen Geiseln seien unter dem Schutz der deutschen Botschaft.
Er hat nichts über die Details der Freilassung gesagt.
In Berlin wurde bisher keine Information über den Zeitpunkt ihrer Rückkehr in Deutschland gegeben.
Nach Angaben der Zeitschrift "Bild" sollen die fünf Urlauber und die Spezialkräfte am Dienstag in einem Airbus der Luftwaffe in Deutschland ankommen.
Das Repräsentantenhaus lehnt den Rettungsplan ab
Das erste Haus des Kongresses hat den 700 Milliarden Dollar schweren Rettungsplan für die Finanzmärkte knapp vereitelt.
Der Dow Jones war im Abgrund.
Mit 227 zu 206 Stimmen lehnte das Repräsentantenhaus den Rettungsplan der Regierung zugunsten der Finanzmärkte ab.
Trotz aller Aufrufe von US-Präsident George W. Bush und Politikern der beiden Parteien wurde das Programm, das das Chaos an den Finanzmärkten bremsen sollte, nicht durchgesetzt.
In einem dramatischen Manöver hatten die Unterstützer*innen verzweifelt versucht, die Gegner*innen überzeugen zu lassen, dass der 700 Milliarden Dollar schwere Plan gut begründet sei.
Barney Frank, einer der Vertreter der Demokraten während der Debatte, hatte die Abgeordneten dazu aufgerufen, für den Plan zu stimmen, obwohl er unbeliebt war.
"Es ist schwierig, politische Anerkennung für die Vermeidung von etwas zu bekommen, das noch nicht passiert ist", gab er zu.
Während der Abstimmung fiel der Dow Jones um mehr als sechs Prozent oder 600 Punkte.
Der Grund dafür war die Sorge der Investoren, dass der staatliche Rettungsplan umkehren könnte.
Er stieg kurz vor Ende der Abstimmung wieder auf, fiel aber nach der Ankündigung des Niedergangs wieder.
Experten prognostizieren nun weitere schwere Turbulenzen auf den internationalen Finanzmärkten.
Für die Durchführung des Programms ist die Zustimmung des Parlaments und des Senats erforderlich.
Veranstalter berichten von steigenden Reservierungen
Für die deutschen Reiseagenturen dürfte es ein guter Winter werden:
Bei den Reservierungen für die nächsten Monate ist laut einer Studie der Umsatz im Vergleich zum Vorjahr deutlich gestiegen - sogar um mehr als 30 Prozent für die Wintersaison.
Trotz der schwachen Konjunkturperspektiven ist der Reisebedürfnis der Deutschen nach dieser Studie nach wie vor unersättlich.
Bei den Reservierungen für die Wintersaison stiegen die Reiseagenturen im Vergleich zur Vorjahresperiode um mehr als 31 Prozent, wie der Deutsche Verband der Reiseagenturen (DRV) am Montag in Berlin mitteilte.
Nach einer Umfrage des Marktforschungsinstituts GfK dominieren die Herbstmonate bereits von steigenden Buchungszahlen.
Die Verkaufszahlen hätten sich damit im Vergleich zu 2007 um etwa 11 Prozent erhöht, berichtete die DRV.
Die Quellen für diese Ergebnisse sind die Zahlen von GfK, die monatlich die Buchungsdaten von 1200 Reiseagenturen analysieren und Schätzungen für den Gesamtmarkt erstellen.
Die Reisebuchungen, die seit Ende August 2008 getätigt wurden, würden dort erfasst.
Aufgrund des niedrigen Dollarkurses seien Reisen in die USA besonders gefragt, hieß es in der DRV.
In diesem Fall würde die Zunahme der Reservierungen etwa ein Drittel betragen.
Außerdem würden Spanien, die Türkei, Griechenland und unser Land besonders von den Deutschen gesucht werden.
Besonders geplante Reisen sind sehr beliebt, erklärte der Präsident der DRV, Klaus Laepple.
Angesichts der steigenden Preise für Energie und Lebensmittel wären die Kosten hier "für den Kunden leichter zu berechnen als für eine individuell organisierte Reise".
Die Verbraucher können unter anderem mit Rabatten bei Vorausbuchungen oder All-Inclusive-Angeboten Geld sparen, erklärte Laepple.
Auch die Sommermonate waren sehr zurückhaltend, so daß die Verkaufszahlen wiederum gegenüber dem Vorjahr gestiegen sind - obwohl laut einer anderen Studie die Zahl der Deutschen, die eine Reise unternahmen, im Vergleich zum Vorjahr zurückgegangen ist.
Mein erster Besuch der Bierfestspiele
Die Hits von Ballermann oder Apres-Ski laufend, Bier in Liter-Picheln und Prominente in Tyrolean Designer-Kostümen.
Eine Veranstaltung bei der Bierparty.
Suzanne Kronzucker und ich haben eigentlich nicht viel gemeinsam.
Sie ist blond, Fernsehmoderatorin und trägt einen maßgeschneiderten Tyroleaner Anzug.
Ich habe dunkle Haare, bin Studentin und mein Kleid ist gebraucht.
Aber eine Sache verbindet uns: Schon nach nur drei Minuten auf der Bierparty stürzen die Fotografen auf uns los und füllen ihre Erinnerungskarten aus - sehr schmeichelhaft, und das bei meinem ersten Besuch der Bierparty.
So gewinnen wir Freunde.
Der billige Tyroleaner-Anzug scheint seinen Zweck zu erreichen.
Als Tourist der Bierfestspiele, der normalerweise nördlich des Weißwurst-Äquators lebt, war mein Wohlbefinden im traditionellen Kostüm bislang begrenzt.
Aber auf dem Place Thérèse ist alles halb so gut.
Fast jeder trägt einen Tyroleaner Anzug oder eine Lederhose, niemand sieht schüchtern aus oder schämt sich - das ist völlig normal.
Nur die Schürze meines Tyrolean-Anzuges erhält ein paar komische Blicke beim Schoko-Bananen-Stand.
Eine Bayererin bemerkte, ich hätte meinen Vorhang falsch angebunden: "Links steht frei, in der Mitte jungfrau, rechts hängend, hinten Witwe".
Ich streichle meinen Schleier zurück nach links.
"Das ist besser", sagte sie und lachte.
Andere machen sich nicht so viel Mühe für diese hinterhältigen Flirttekniken und tragen einfache Anzeigen mit der Aufschrift "Too drunk to get dressed!" und zeigen uns ohne Einladung ihren nackten Hintern.
Der junge Mann mit der exhibitionistischen Haltung heißt Bob, kommt aus England und kommt zum ersten Mal zur Bierparty.
Er findet es "schön", mit einem "ooooo" in der Länge.
Er erzählt mir das alles, nachdem er sich von seinem früheren Schnaps befreit hat.
Direkt neben dem Feuerhahn, den jeder für einen Müllcontainer hält.
Bob ist also einer dieser berüchtigten "Wild-Pisser".
Andere haben nicht das Glück, auf diese Weise von Alkohol loszuwerden.
Gegen acht Uhr abends laufen Rettungskräfte auf dem Festplatz rum und müssen sich um die armen Trinker kümmern.
Die Krankenpfleger sind in Scharen eingesetzt - immer viermal, und sie ziehen ihre mit Zellen bedeckten Sänfte von Zelt zu Zelt.
So funktioniert es bei den meisten Besuchern einer Bierparty: Sie gehen leer rein, kommen voller zurück.
Diejenigen, die in den Sarg der Betrunkenen unter dem Bettdeckel liegen, sind nicht sichtbar.
"Das sind die, die nichts mehr schlucken können", rief mir ein Rettungsschwimmer zu und verschwand dann in der Schlacht.
Unfallopfer von der Polizei identifiziert
Eine 63-jährige Fußgängerin, die in einem Krankenhaus starb, nachdem sie von einem Fahrzeug angefahren wurde, wurde identifiziert.
Carole Paulson, von Chelmsford Road in Brentwood, war am Freitagnachmittag in der Stadt Shenfield Road in den Unfall verwickelt.
Sie wurde ins Queen's Hospital in Romford gebracht, aber sie starb später.
Nach dem Unfall wurde ein 51-jähriger Mann wegen fahrgefährdenden Verhaltens verhaftet.
Er ist seitdem auf Kaution entlassen worden.
Die Türkei erweitert ihre diplomatischen Horizonte.
Lange bevor die Türkei daran dachte, der Europäischen Union beizutreten, waren die europäischen Mächte begierig darauf, ihr Heimatland zu erobern.
Auf der Ostseite des Bosphors, vielleicht 20 Schritte von Asien entfernt, liegt eine der feinsten Relikte seines gefallenen imperialen Ehrgeizes.
Der Bahnhof Hydarpasha wurde in einem Neorenaissance-Stil von zwei deutschen Architekten, Otto Ritter und Helmut Conu, entworfen.
Zumindest sagen uns die Führer.
Das Denkmal ist auf der Unterseite der Plattformen, mit Aussichtsturm an jeder Ecke, wie einige deutsche Stadthäuser, angeordnet.
Die Steine sind dreckig.
Das ganze Gebäude ist in Trümmern.
Aber wenn wir einmal in die gewölbte Kasse sind, haben wir keinen Zweifel mehr an der Größe der Firma, die einen Weg nach Westen darstellt.
Die Bahnhof wurde im August 1908 von einer deutschen Vereinigung, der Anatolia-Bagdad Corporation, eröffnet.
Deutschland, das im Spiel des Imperialismus hinterhergekommen war, wollte seine mittelalterlichen Herrschaftsambitionen durch diese Eisenbahn erreichen, die bis nach Damaskus, Bagdad und das Land, das als Saudi-Arabien bekannt ist, reicht.
Aber die deutschen imperialistischen Ambitionen brachen im Ersten Weltkrieg zusammen.
Seine Eisenbahnen wurden von Lawrence von Arabien und seinen arabischen Irregulars angegriffen.
Die relative Isolation der Region um sie herum, die durch die eisigen Grenzen des Kalten Krieges entstanden war, ist vorbei.
Die britischen und imperialen Streitkräfte zogen über Ägypten hinaus und drängten die Türken und ihre deutschen Verbündeten aus Palästina und Syrien.
Aber es gab auch schlechte Nachrichten für den Bahnhof in Hyderpasha.
1917 explodierte ein mit Munition beladener Zug und zerstörte sein subtiles Dach.
Die türkischen Quellen sagen, es handelt sich um Sabotage.
Seitdem ist sie langsam in den Ruinen geraten, in die Schlinge der Geschichte eingeschlossen.
Heute aber dient die Eisenbahnverbindung nach Anatolien und alle östlichen Punkte - zumindest symbolisch - als Zeichen für die Erweiterung des diplomatischen Horizonts der Türkei.
Die regierende AKP-Partei hat eine neue Außenpolitik für das Land geschaffen.
Die relative Isolation der Region, die durch die eisigen Grenzen des Kalten Krieges entstanden ist,
Jetzt ist es Zeit für eine neue Politik der Verpflichtungen.
Die türkische Regierung hat hervorragende Beziehungen zu Israel und Syrien, zu den palästinensischen Gruppen Hamas und Fatah, zu Iran und Irak und natürlich zu der Europäischen Union und den USA.
Um die Parameter dieser neuen Außenpolitik zu beurteilen, fuhr ich in einen Schlafwagen in Richtung der türkischen Hauptstadt Ankara, um den AKP-Abgeordneten Suat Kiniklioglu, einen der Experten für Außenpolitik, zu besuchen.
Am nächsten Morgen, nach einer 10.30 Stunden dauernden Fahrt, die mich auf lauten Schienen schüttelte, deren Rhythmus an die alte Welt aus dem berühmten Dokumentarfilm "The Night Mail" erinnerte, kam ich endlich in die türkische Hauptstadt - als eine neue Stadt eines neuen, jahrhundertealten Staates, der seiner deutschen Vergangenheit den Rücken kehrte.
Aber die AKP, mit ihren bekannten islamistischen Wurzeln, ist ein Beispiel für eine Veränderung des türkischen Konsenses.
Er war misstrauisch gegenüber dem Westen, vor allem gegenüber Washington.
Ein Taxi führte mich zum AKP-Hauptquartier, einem hochmodernen Gebäude, das aus Stein und Stahl gebaut wurde, in einem Entwicklungsviertel, umgeben von halb gebauten Einkaufszentren und vielen Backwarenhäusern, in denen sich die mittleren Manager in Anzügen und Krawatten - Männer und Frauen - für morgendliche Geschäfte treffen.
Suat Kiniklioglu hätte ein Mitte-Rechts-Politiker aus jeder anderen Partei in Europa sein können.
Anzug, Krawatte und er hat sogar eine Black Berry.
"das Ziel dieser Außenpolitik ist es, die Türkei jetzt wieder in ihre unmittelbare Nachbarschaft zu integrieren.
Der Kalte Krieg war eine Anomalie", sagte er.
Die Türkei ist von ihrem Heimatland getrennt.
Jetzt muss sie nach Osten und Westen gleichzeitig schauen.
Das war nicht der Fall.
Sie musste beides tun.
Aber irgendwann fragte ich mich, ob die Türkei nicht wählen sollte.
"Die Türkei", sagte er, "will nicht zwischen den beiden wählen müssen".
Er betonte dann einen Aspekt, den fast alle, mit denen ich sprechen durfte, mir auswendig gesagt haben: Die türkische Eisenbahn führt nicht nur in den Nahen Osten, sondern auch in den Kaukasus und um das Schwarze Meer, und ist daher für Europa und die USA ebenso von Vorteil wie für die Türkei selbst.
Mit der Integration der Türkei scheint die Botschaft ein Europa zu zeigen, das metaphorisch auf den Schienen nach Asien und dem Nahen Osten reist.
Nach einer weiteren schlaflosen Nacht in der Hauptbahnhofstadt Hydarpasha dachte ich an die beiden Deutschen Herr Ritter und Herr Conu, die den Bau dieses Gebäudes vor 100 Jahren beobachteten.
Sie wären überrascht gewesen, wenn sie gesehen hätten, daß die europäischen Ambitionen im Nahen Osten zum großen Teil in der Hand der Türkei liegen könnten.
Während ich am Terminal wartete, auf die Fähre, die den Bosporus überqueren sollte, erinnerte ich mich an die Zeit, als die Türkei als "der Kranke Europas" bezeichnet wurde.
Zumindest gibt es keinen Zweifel mehr, wer diesen faszinierenden Kontinent beanspruchen könnte.
Memoiren von Vernon Handley und William Woodruff.
Mark Brown schreibt: Musikdirektor bei Guildford seit 1962, Vermon "Tod" Handley (gest. 11. September) war verantwortlich für die Guildford Philharmonic Orchestra und Chor.
Bereits als Teil seines musikalischen Projekts für die Stadt gründete er im folgenden Jahr den fantastischen Jugendchor Proteus.
Der Chor sollte unter 21 Jahre alt sein, aber bevor Proteus 1979 sein letztes Lied singen konnte, weigerten sich viele von uns, die über 20 waren, den Chor zu verlassen.
Der Name "Proteus" (der sich in der Mythologie in Form veränderte) stand für die Bereitschaft und Fähigkeit des Chores, jede Art von Musik zu bewältigen, die ihm vorgeführt wurde, sei es Madrigal oder Messianisch.
Die musikalische Vielseitigkeit, die ein solch junger Chor hervorbrachte, war oft beeindruckend, immer spannend, und das war dank der Inspiration eines einzigen Mannes und seiner Begeisterung für Musik, die im Laufe der Jahre konstant blieb.
Denken Sie daran, wie oft Tod uns immer wieder sagte, wir sollten "die Musik für sich selbst sprechen lassen".
Er hätte gesagt: "Der Komponist weiß, was er will".
Es ist alles in der Musik.
Also singt!"
Seine Wursttechnik war absolut klar, präzise, wenn auch nie diktatorisch oder auffällig.
Was auch immer der Musiktandard war, er hob ihn viel höher.
John Frayn Turner schreibt:
Wenn ein Fahrer zum Ritter ernannt werden sollte, dann Vernon Handley.
Ich kannte ihn gut, als er von 1962 bis 1982 die Guildford Philharmoniker leitete.
In den letzten 40 Jahren habe ich mehr als 100 seiner Konzerte besucht, und ich kann ehrlich sagen, dass ich von keinem enttäuscht wurde.
Tod Handley hatte so selten diese Kombination aus persönlicher Größe und Bescheidenheit.
Er hasste Fahrer, die sich nach seinen Worten "nur auf bestimmte Personen konzentrierten".
Wir werden ihn sehr vermissen.
- Ich weiß.
Professor John Beckett schreibt:
Ihre Nachricht über William Woodruff (gest. 25. September) besagt, daß er "im Jahre 1946 seine Studien in Wirtschaftsgeschichte in Oxford wieder aufgenommen hatte und 1950 Mitglied der Houblon-Norma-Forschung wurde, während er einen BSc, einen MA und einen PhD machte".
Das ist aus einem Brief des Autors von Woodruff in Beyond Nab End, aber das ist nicht korrekt.
Von 1946 bis 1953 war er Professor für Wirtschaftsgeschichte an der Universität Nottingham und schloss gleichzeitig eine Doktorarbeit über die britische Kunststoffindustrie unter der Leitung von Professor J.D. Chambers ab.
In den Jahren 50 und 51 in den USA studierte er am Hoplon Norman und im Sommer 1952 an den Universitäten von Illinois, Harvard und New York.
1953 verließ er Nottingham und zog nach Illinois.
Warum Woodruff sich entschieden hat, diesen Teil seiner Vergangenheit zu verbergen, ist unbekannt.
J. Vicente Resino an der Philosophischen Fakultät
"Ich empfehle die Ausstellung von José Vicente Resino, Flamenco und Leben, weil seine schwarz-weißen Fotografien, ein Dokumentar-Stil, fantastisch sind.
Ich war sehr beeindruckt von der Einfachheit und Kraft der Bilder, und auch, weil sie die Protagonisten immer mit großem Respekt behandeln.
Eine Ausstellung, die viele Gefühle vermittelt.
Resino kann magische Momente festhalten".
Zweiter Schlag für den Superverkauf von Honda
Im November wird Honda mit dem Verkauf der zweiten Generation des Jazz-Modells beginnen.
Der neue Kleinwagen hat einen noch größeren Innenraum, als der Vorgänger.
Außerdem gibt es einige hochentwickelte Mechaniken, die den Fahrkomfort erhöhen und mehr Benzin sparen.
Eine Evolution gegenüber einer Revolution.
Das ist also die zweite Generation des Honda Jazz.
Obwohl der neue Jazz ästhetisch sehr ähnlich an der Vorgängerlinie aussah, gab es viele Änderungen an diesem Minivan.
Dazu gehören ein innovatives Design, eine neue Plattform, größere Abmessungen und neue Motoren.
Bevor wir jedoch das neue Modell betrachten, ist zu beachten, daß der neue Honda Jazz sechs Jahre nach dem Markteintritt der ersten Generation erscheint.
Zunächst ist zu beachten, dass Honda dieses Modell in kürzerer Zeit als andere Hersteller erneuert hat.
Obwohl der Jazz in Europa weniger bekannt ist, ist er in anderen Märkten ein Verkaufsszenario.
Das ist Japan, wo der Honda Jazz 2002 und 2008 das meistverkaufte Auto war.
In Japan wurden seit dem Start fast eine Million Honda Jazz verkauft.
Der Alte Kontinent, mit etwa einer Million verkauften Autos in sechs Jahren, steht an zweiter Stelle.
Honda behauptet jedoch, dass der neue Jazz den Verkauf in Europa steigern wird.
So will die japanische Marke 2009 100.000 Jazz verkaufen, was einem Umsatzanstieg von 17% auf dem europäischen Markt entspricht.
Auf dem spanischen Markt hat Honda seit 2002 8.000 Jazz vermarktet, was 6,7% der Verkäufe von Honda in Spanien ausmacht.
Die Verantwortlichen des spanischen Zweigbüros hoffen, innerhalb eines Jahres 2.000 Jazz zu verkaufen.
Es ist gerade die Veröffentlichung des neuen Jazz, die Honda in der Lage machen wird, den Rückgang der Verkäufe in Spanien weitgehend zu überwinden.
Die Markenverantwortlichen hoffen, das Jahr mit 22.000 verkauften Autos zu beenden, das heißt 4.000 weniger als 2007. Das entspricht einem Umsatzrückgang von 16%.
Dank dieser Steigerung der Verkäufe konnte Honda seinen Marktanteil in Spanien auf 1,8% steigern, gegenüber 1,6% im Vorjahr.
Die japanische Marke hofft auch, im Jahr 2010 einen Marktanteil von 2% zu erreichen.
Honda hofft, diesen Marktanteil zu bekommen, wenn das neue Modell herauskommt.
Es handelt sich um den Insight, einen fünf Türen großen, kompakten Hybridwagen von 4,37 Metern Länge, mit dem die japanische Automobilfirma hofft, weltweit jährlich fast 200.000 Autos zu verkaufen.
Je nach Markt und Schätzungen des japanischen Herstellers werden 50 Prozent der Verkäufe der Insight in den USA erfolgen, während die restliche Hälfte zwischen dem Old Container und Japan verteilt wird.
Die kommerzielle Einführung von Insight ist für die ersten drei Monate des nächsten Jahres geplant, nachdem es im Januar in Valencia vorgestellt wurde.
Im Vergleich zur ersten Generation ist der neue Jazz größer.
Die Länge der Maschine beträgt 3,90 Meter (plus fünf Zentimeter), die Breite 1,69 Meter (plus zwei Zentimeter) und die Abstandsbreite zwischen den Achsen 2,50 Meter.
Die Höhe der Fläche ist jedoch gleichbleibend, nämlich 1,52 Meter.
Die Größe der Räume nimmt zu, und so auch der Raum im Inneren.
Der Gewinn ist auf der einen Seite auf die Einführung einer neuen Plattform und auf der anderen Seite auf die Einführung eines Kraftstoffreserves in einer zentralen Position zurückzuführen, eine Lösung, die auch für den Honda Jazz angewandt wurde.
Ebenso kann der Kofferraum - der einen doppelten Boden  hat - bis zu 399 Liter fassen, 19 Liter mehr als der Kofferraum der ersten Generation.
Es ist zu beachten, daß diese Abmessungen mit der Version mit einem 1.4L-Motor übereinstimmen, da der Kofferraum des 1.2L-Honda Jazz 379 Liter beträgt.
Die andere Innovation - neben den Außenelementen wie Rücklichtern oder Panorama-Dach - ist der verbesserte Zugang zu den Rücksitzplätzen.
Die Türen, die den Rücksitz betreten, öffnen sich mit einem Winkel von 80 Grad, verglichen mit den Rücktüren des ersten Jazz, die sich mit einem Winkel von 67 Grad öffneten.
Die Motoren sind auch neu auf dieser zweiten Generation des Jazz.
Zu Beginn der Vermarktung wird dieses kleine Modell mit zwei 1,2- und 1,4-Liter-Benzinantrieben ausgestattet sein.
Beide Motoren verfügen über eine i-VTEC-Technologie, die den Kraftstoffverbrauch und die CO2-Emission reduziert, die den Motor leistungsfähiger macht und die Drehzahl des Motors erhöht.
Der erste 1,2-Liter-Motor entwickelt eine Leistung von 90 PS bei 6.000 RPM und 114 Nm Torque bei 4.900 RPM.
Dieser Antrieb, der im vorherigen Jazz 78 Pferdekraft hatte, verbraucht 5,3 Liter Benzin pro 100 km und emittiert 125 Gramm CO2.
Der Motor hat eine Leistung von 83 Pferden, verglichen mit dem bisherigen, der bisherigen Generation.
Dieser Honda Jazz 1.4L mit 100 PS hat einen kombinierten Verbrauch von 5,4 Liter pro 100 km und 128 Gramm CO2-Emissionen.
Das "Bienenfahrzeug", das Kollisionen vermeidet
Um die Entwicklung von Technologien zur Unfallverhütung voranzutreiben, hat Nissan sich diesmal von der Natur, insbesondere von Bienen, inspiriert.
Eine japanische Firma hat einen Roboter entwickelt, der durch das Fliegen von Bienen Unfälle verhindert.
Es heißt Bio-Mimetic Car Robot Drive, oder BR23C, und ist der erste Schritt in Richtung Kollisionsverhütungstechnologien.
Die Ingenieure des Nissan Motor Co.-Zentrums für fortgeschrittene Technik haben diesen kleinen Roboter in Zusammenarbeit mit dem Forschungszentrum für fortgeschrittene Wissenschaft und Technologie der renommierten Universität von Tokio in Japan gebaut.
Laut Kazuhiro Doi, Generaldirektor für Öffentlichkeitsarbeit für Technologie und Forschung und Entwicklung des Markenmanagements, stellt der BR23C den Aufstieg des Nissan-Sicherheitsschilds dar.
Dieser Roboter wird den Fahrzeugen der Marke helfen, Kollisionen zu verhindern.
Während des Fluges schafft jede Biene ihren eigenen, ovalen Raum, der dem Nissan-Sicherheitsschild sehr ähnlich ist.
Aber am wichtigsten sind die zusammengesetzten Augen der Biene, die in der Lage sind, in einem Winkel von über 300 Grad und in jeder Richtung zu sehen, was ihr erlaubt, ununterbrochen in ihrem eigenen Raum zu fliegen.
Um diese visuelle Funktion nachzubilden, haben Ingenieure ein sogenanntes Laser-Range Finder entwickelt.
Er erkennt Hindernisse, die sich in einem Umkreis von zwei Metern und 180 Grad befinden, berechnet die Entfernung zu diesem Objekt und sendet sofort ein Signal an den Mikroprozessor, um das Hindernis zu umgehen.
"Wenn der kleine Roboter ein Hindernis erkennt, wird er die Bewegungen einer Biene imitieren und sofort seine Richtung ändern, indem er seine Räder um 90 oder mehr Grad spaltet, um eine Kollision zu vermeiden.
Der größte Unterschied zu jedem anderen System, das es gibt, ist, dass das Fluchtmanöver völlig instinktiv ist.
Wenn das der Fall wäre, wäre der Roboter nicht in der Lage, schnell genug zu reagieren, um Hindernisse zu umgehen", erklärt Toshiyuki Andoh, Leiter des Bewegungslabors und leitender Ingenieur des Projekts.
Anders als eine Biene kann der Roboter nicht nach oben oder unten oder diagonal gedreht werden. Er kann sich nur in zwei Dimensionen bewegen und je nachdem, was seine Räder ihm erlauben.
Dies ist der Grund, warum Nissan eine Funktion zur Rotation, aber auch zur Beschleunigung und Verzögerung verwendet hat, damit der kleine Roboter Hindernisse vermeiden kann.
"Jede Sekunde muss dieses Gerät nur Informationen verarbeiten und auf diese Daten zurückgreifen.
Es braucht keine Informationen oder intuitive Logik von vorherigen Manöver zu speichern, weshalb es mit nur ein paar Dutzend KB Speicher kontinuierlich arbeiten kann.
Das mag überraschend sein, aber wir sprechen nicht von Gigabyte Speicher, oder sogar Megabyte".
Dies ist das erste Fahrzeug, das neue Technologien zur sofortigen Kollisionsverhütung entwickelt, die in etwa zehn Jahren nach Nissan in Serienfahrzeugen eingeführt werden.
Der Roboter arbeitet mit Lithium-Polymer-Batterien, die leichter und langlebiger sind als Lithium-Ionen-Batterien.
Eine weitere mögliche Anwendung dieser Technologie könnte sein, dass das Gerät in ein Satelliten-GPS-Navigationssystem integriert wird, um den Fahrer zu seinem Ziel zu führen, indem er Hindernisse auf der Straße vermeidet.
Sie fürchten, dass sie eine Hypothek bekommen
Es ist zuzugeben, daß das US-Finanzministerium, abgesehen von der Tatsache, daß es viel Geld für Pläne hat, nicht ohne Genies ist.
Um die Krise zu vermeiden und die Amerikaner davon abzuhalten, sich bei den Kreditbanken zu verschulden, haben sie ein Spiel entwickelt, um sich zu schützen: Bad Credit Hotel.
Das heißt "Hotel der schlechten Kredite" oder Geschichten.
Die düstere Gestalt dieser Wohnung und besonders des Hotelmeisters lässt uns immer wieder darüber nachdenken, ob es der richtige Zeitpunkt ist, einen Kredit zu beantragen.
Und vor allem, wo.
Sicher gibt dieses Spiel nützliche Informationen, aber nicht viele Details.
Das ist mehr ein Spiel für Teenager.
Was tun, wenn das Spiel zu Ende ist?
Da erscheint ein Traumzimmer im Inneren des Hotels.
Das ist besser als nichts, denn man kann sich kein Haus kaufen.
Morgan Stanley eröffnet Kapital für MUFG
Morgan Stanley hat angekündigt, Mitsubishi UFJ Financial Group (MUFG), die größte Bank Japans, an den Tisch zu bringen, und die Bank wird neun Milliarden Dollar zur Übernahme von 21 Prozent ihres Kapitals auszahlen.
Eine Woche nach der Bekanntgabe einer vorläufigen Vereinbarung erklärten die beiden Banken, MUFG werde 9,9 Prozent der Stammaktien von Morgan Stanley zu einem Stückpreis von 25,25 Dollar kaufen, was insgesamt drei Milliarden Dollar entspricht.
Der Preis liegt um 19% unter dem Buchwert der Wertpapiere zum 31. August.
MUFG wird weitere 6 Mrd. USD in die Erwerbung von konvertierbaren Wertpapieren investieren, die eine Rendite von 10% und einen Umrechnungspreis von 31,25 USD bieten.
Morgan Stanley erklärte, dass der Gesamtverkauf auf der Grundlage eines durchschnittlichen Stückpreises von 29 USD erfolgen werde, was 28% über dem aktuellen Kurs liegt.
Die Morgan Stanley-Aktie verlor jedoch um 17.00 Uhr GMT 6,79% auf 23,07 Dollar.
"Diese strategische Allianz ist eine wichtige Gelegenheit, Morgan Stanley auf dem Weg zur Banken-Holding-Status zu beschleunigen", erklärte John Mack, der Geschäftsführer der US-Gruppe.
Morgan Stanley hat diese neue Satzung letzte Woche verabschiedet, was es ihm ermöglichen soll, sein Geschäft zu diversifizieren, aber es unter die Aufsicht der Federal Reserve zu bringen.
Die Allianz mit MUFG bestätigt auch, dass die aktuelle Finanzkrise die größten Namen der Wall Street dazu zwingt, eine viel vorsichtigeren Haltung einzunehmen als zuvor.
Die am Montag vorgelegten Bedingungen zeigen außerdem, dass die Vereinbarung in den letzten Tagen geändert wurde: Am vergangenen Montag hatte Morgan lediglich angekündigt, dass er bis zu 20 Prozent seiner Aktien für rund 8,5 Milliarden Dollar an Japan verkaufen würde.
"Vor einer Woche", erklärte Toshihide Mizuno, der Geschäftsführer von MUFG, "war der Gedanke, dass die Beteiligung vollständig aus Stammaktien bestehen würde.
Aber angesichts der derzeitigen wirtschaftlichen und marktwirtschaftlichen Lage wollten wir die Risiken minimieren und uns absichern".
Auf der Grundlage des gewogenen Durchschnittspreises wird MUFG seine Morgan Stanley-Anleihen um 7% unter ihrem Buchwert bezahlen.
Die Transaktion wird eine Verwässerung des Gewinns pro Aktie um etwa 20% zur Folge haben.
Die Vereinbarung sieht vor, dass MUFG innerhalb eines Jahres die Hälfte seiner Vorzugspapiere in Stammaktien umwandeln kann, wenn diese über einen bestimmten Zeitraum mehr als 50% über dem Umtauschpreis, also etwa 47 USD, handeln.
Morgan Stanley ist der Ansicht, dass die von MUFG bereitgestellten Mittel es ihm ermöglichen werden, Investitionsmöglichkeiten zu nutzen, seine Bilanz zu stärken und seine Liquidität zu erhöhen.
Ein Sprecher der Gruppe weigerte sich jedoch, Details zu den strategischen Plänen der beiden neuen Verbündeten zu geben.
Nach der MUFG-Investition dürfte Morgan Stanley eine Tier-1-Solvabilitätsquote von etwa 15% erreichen, eine der besten in der Branche.
Morgan sagte, er habe seine Bilanz seit Ende August "deutlich" abgebaut.
Die letzten Wochen waren für die Gruppe anstrengend, da ihr Aktienkurs um die Hälfte gesunken ist, während die Kosten für die Versicherung gegen die Ausfallrisiko ihrer Schulden stiegen.
Diese Kosten gingen am Montag zurück, blieben aber auf einem hohen Niveau von rund 12%.
Letzte Woche gab Goldman Sachs, das einzige weitere "Überlebende" der großen Wall Street-Investmentbanken nach dem Bankrott von Bear Stearns und Lehman Brothers und der Übernahme von Merrill Lynch, bekannt, 15 Milliarden Dollar gesammelt zu haben, teilweise von Berkshire Hathaway, der Warren Buffett-Gruppe.
Rafael Correa in Quito, am Montag.
Die Republik auf den Sozialismus des 21. Jahrhunderts umgestalten.
Dies ist das gemeinsame Projekt von Hugo Chávez aus Venezuela, Evo Morales aus Bolivien und Rafael Correa aus Ecuador.
Am Sonntag, wie seine Kollegen und Freunde, war er der Dritte, der einen Entwurf einer neuen Verfassung zur Abstimmung brachte.
Mission erfüllt, denn 64% der Wähler stimmten im Referendum "ja", nach offiziellen Ergebnissen mit 80% der Stimmen.
Nach diesen Ergebnissen erhielt das Nein 28%, 7% der Stimmen waren null und 0,7% waren weiße Stimmen.
Um die Verfassung zu verabschieden, musste er die Hälfte der Stimmen plus eine erhalten.
Am Sonntag hatten zwei Umfragen am Ende der Wahllokale und eine Zählung durch eine Nichtregierungsorganisation einen großen Sieg für die "Ja"-Bewegung mit 63 bis 70 Prozent angekündigt.
Rafael Correa hatte in der Nacht vom Sonntag auf den Montag den Sieg seines Verfassungsentwurfs beansprucht.
"Die Verfassung hat überwältigend gesiegt", sagte er, als er die Ecuadorianer im Gouvernementssitz Guayaquil, 280 Kilometer südwestlich von Quito, gratulierte.
Natürlich wurden Rafael Correa von Chávez und Morales, aber auch von seiner chilenischen Kollegin Michelle Bachelet gratuliert.
Die Abstimmung, die laut der Beobachtermission der Organisation der amerikanischen Staaten (OAS) ruhig stattfand, bezog sich auf einen Text mit 444 Punkten, der den vom Präsidenten vertretenen "neuen Sozialismus" festigte.
Der Verfassungsentwurf legt die Macht des Staates über die Wirtschaft fest und behält ihm die "Entwicklungsplanung" eines Landes vor, das hauptsächlich von der Ölförderung durch ausländische Unternehmen und von dem Devisenrücksendung durch seine Auswanderer lebt.
Der von Correa geführte, 2006 gewählte Entwurf gewährt dem Staatsoberhaupt auch stärkere Befugnisse, er kann bis zu zwei aufeinanderfolgende Amtszeiten von vier Jahren ausüben und die Möglichkeit haben, die Versammlung aufzulösen.
Correa hat bereits angekündigt, diese Macht auszuüben und sich im Februar 2009 für eine neue Amtszeit zu bewerben.
Die Verfassung stärkt auch den Grundsatz der kostenlosen Gesundheitsversorgung und Bildung, den der Präsident in diesem Land mit 13,9 Millionen Einwohnern, in dem 50 Prozent der Bevölkerung unter der Armutsgrenze leben, einführen will.
Schließlich sieht es ein Verbot der Anwesenheit ausländischer Truppen vor, was die Vereinbarung zwischen Quito und Washington über die Nutzung einer ecuadorianischen Basis als Ausgangspunkt für US-Drogenoperationen beendet.
Die 19 Geiseln wurden im Tschad freigelassen
Ein ägyptischer Kommando-Kampf gegen die Entführer der 11 Touristen und ihrer acht Begleitpersonen, die vor zehn Tagen gefangen genommen wurden.
Sie sind in Kairo.
Die elf Touristen aus Europa und ihre acht begleitenden Ägypter, die zehn Tage lang in der Wüste gefangen gehalten wurden, wurden am Montagnachmittag sicher in die ägyptische Hauptstadt zurückgebracht.
Am nächsten Morgen wurden sie von einem ägyptischen Kommando in Tschad befreit.
Die Geiseln kamen gegen 15:30 Uhr mit einem speziellen Flugzeug an der Militärbasis al-Maza an, die an den internationalen Flughafen von Kairo angeschlossen ist.
Sie wurden sofort, ohne mit der Presse sprechen zu dürfen, in Hubschrauber ins Krankenhaus in Maadi, einem Wohnviertel von Kairo, gebracht, um dort untersucht zu werden.
Sie sind "in guter Gesundheit" und "keine Lösegeldzahlung wurde an die Entführer gezahlt", sagte der ägyptische Tourismusminister Zoheir Garanna auf dem Asphalt.
Diese Gruppe von Geiseln wurde am 19. September auf einer 4x4-Safari am Fuße des Ouanat-Berges an der Grenze zwischen Ägypten, Sudan und Libyen gefangen genommen.
Dazu gehören 11 Touristen - fünf Italiener, fünf Deutsche und eine Rumänin - sowie acht Ägypter: zwei Führer, vier Fahrer, ein Grenzschutzbeamte und der Direktor der Safari-Organisatorin Aegyptous.
Ein ägyptischer Sicherheitsbeamte berichtete, 30 Spezialeinheiten mit zwei Hubschraubern hätten den Angriff in der Nacht kurz vor Sonnenaufgang gestartet.
"Es kam zu einem Schusswechsel, und die Hälfte der Entführer wurden getötet, die anderen flohen", sagte der Beamte, der nicht genannt werden wollte.
Er sagte, 150 Mitglieder der ägyptischen Spezialeinheit "Blitz" seien insgesamt in den Sudan entsandt worden, wo sie von deutschen und italienischen Kommandos unterstützt wurden.
Der italienische Außenminister Franco Frattini erwähnte von Belgrad aus, wo er sich befindet, die Rolle von Geheimagenten und Elementen der italienischen Spezialeinheiten.
"Wir müssen anerkennen, dass wir dieses Ergebnis dank der Professionalität und Effizienz unserer Geheimdienstleute, der Spezialeinheiten erreicht haben", sagte er, ohne weitere Details zu geben.
Er hat auch geleugnet, dass ein Lösegeld bezahlt werden könnte.
Am Vortag hatte die sudanesische Armee behauptet, bei einer Patrouille einen 4x4-Fahrzeug mit den Entführern abgefangen zu haben, sechs getötet, darunter den tschadischen Führer, und zwei festgenommen.
Die Armee behauptete, sie seien mit einer Darfurer Rebellengruppe, der Sudan Liberation Movement-Unity (SLA-U), verbunden, was diese Bewegung sofort bestritt.
Briefe - Die stille Mehrheit der Kultur
Eine Debatte über die Finanzierung von Kultur ist in den Schlagzeilen und beschäftigt den Wahlkampf.
Das ist schön.
Aber ein Teil unseres kulturellen Lebens wird immer noch vergessen.
Wer wird sich dagegen erheben, daß die kleinen Museen, die Archiven, die archäologischen Ausgrabungen oder die hungernden Nationalhistorischen Stätten so wenig Geld erhalten?
Welcher Politiker wird es wagen, der Bundesregierung zu erinnern, dass sie ihre Denkmäler und Kulturgüter vernachlässigt?
Dass wir in Quebec, wie in Kanada, keine wirklichen Gesetze haben, die unseren Erbe tatsächlich schützen?
Wussten Sie, dass die französische Regierung dreieinhalb Millionen Euro für die Restaurierung des einzigen Schlosses Chinon im Loire-Tal bereitstellt?
Bei unseren Nachbarn in den USA steht in der Verfassung, dass der Schutz von Kulturerbe Teil der amerikanischen Kultur ist und dass dieses Erbe von allen Bürgern, allen gewählten Regierungsvertretern und allen Regierungsbehörden geschützt werden muss, und zwar in Abstimmung.
In Quebec, in der Fédération des sociétés d'histoire du Québec, beschäftigen sich mindestens 40.000 Freiwillige in 211 Gesellschaften für Geschichte, Kulturerbe, Archive und Genealogie mit der Erforschung der Geschichte, der Erhaltung von privaten Archiven und der Erhaltung archäologischer Überreste.
Sie sind oft die Wachhunde unseres Erbes, die mit der Energie der Verzweiflung protestieren, wenn Förderer und Entscheidungsträger ihre Bulldozer auf unsere alten Steine und vergessenen Friedhöfe werfen.
Wann ist eine Tribüne für Geschichte und Erbe?
Die Benelux-Regierungen verstaatlichen einen Teil der Fortis-Bank
Die Benelux-Staaten unterstützen die belgisch-niederländische Bank, die als erste europäische Bank in Not geraten ist, nachdem die Kreditmarktkrise in den USA einen Schneeball ausgelöst hat, indem sie sie teilweise verstaatlichen.
Die belgische, luxemburgische und niederländische Regierung haben sich am Wochenende auf höchstem Niveau auf diese Angelegenheit geeinigt, wobei sie auch die Europäische Zentralbank und den Wettbewerbsbeauftragten der Europäischen Kommission aufgerufen haben.
Die erste große Krise in der Eurozone, die sich seit über einem Jahr im Rahmen der internationalen Finanzkrise ausbreitet, betrifft die Bank Fortis.
Die drei Staaten werden in Übereinstimmung mit der Entscheidung, die am Sonntagabend getroffen wurde, fast die Hälfte (bis zu 49%) des Kapitals der Bank in jedem Land zurückkaufen.
Die Bank wird zweifellos einen Teil ihrer Beteiligungen verkaufen, zu denen zuerst die Haupttätigkeiten im Versicherungsbereich gehören, die sie letztes Jahr von der niederländischen Organisation ABN Amro erworben hat.
Letzte Woche begannen die Aktien von Fortis einen schwindelerregenden Fall. In der zweiten Hälfte der Woche wurden bereits ernsthafte Anzeichen einer Krise bei der Bank aufgedeckt.
Analysten sind sich einig, dass die Bank mit ihren 85.000 Mitarbeitern viel zu groß ist, um sich bankrott machen zu lassen.
Allein am Freitag fiel die Aktie um 12 Prozent auf den niedrigsten Stand seit 14 Jahren.
Seit Januar sind die Aktien um mehr als zwei Drittel gefallen.
Der Gesamtkapital der Gruppe liegt bei rund 14 Mrd. EUR, was nach Ansicht der Unternehmensleitung unrealistisch ist.
Die Unternehmensleitung beschuldigt die Überseeunsicherheit, die mit der Verabschiedung des US-Rettungsplans von 700 Milliarden Dollar zusammenhängt, der Grund für den Sturz der Fortis-Aktien zu sein.
Am Montag haben die Papiere bereits einen leichten Anstieg erlebt.
Am Freitag wurde Filip Dierckx zum neuen Geschäftsführer der Bank ernannt.
Die Finanzierungsstelle suchte auch nach privaten Käufern, aber sie erhielt noch keine Vorschläge zum Inhalt.
Die belgische Regierung hat zuvor erklärt, dass sich die Investoren keine Sorgen machen müssten, sie würden ihr Geld nicht verlieren.
Es gab keine Panik in der Kundengemeinschaft der Bank und keine Einbruch in die Niederlassungen.
In Ungarn besitzt Fortis unabhängige Agenturen und hat auch Leasingunternehmen erworben.
Ein Fuchs im Hühnerstall
In den USA weigern sich Lebens- und Krankenversicherungen häufig, einen Versicherungsvertrag mit einem Bewerber zu schließen, der Informationen über seine Medikamentenkäufe hat.
Experten für Datenschutz befürchten, dass der Datenmarkt unkontrollierbar wird.
"Es gibt Datenschutzprogramme, die die Verwendung von Informationen über die Verschreibung von Arzneimitteln in jedem Fall mit der Zustimmung der Person verbinden.
Diese Art von Programm muss in unabhängigen Händen liegen, sonst ist es, als würde man den Hühnerstall einem Fuchs überlassen".
Die Versicherungsgesellschaften machen die Versicherungsprämie und das Versicherungskapital für Schäden vom Gesundheitszustand des Kunden abhängig, der sich stellt, und wenn sie das Risiko für zu groß halten, versichern sie ihn nicht einmal.
In der Vergangenheit schickten sie die Bewerber zur ärztlichen Untersuchung und unterzeichneten erst mit ihnen einen Versicherungsvertrag, nachdem sie die Ergebnisse erfahren hatten.
In den letzten zehn Jahren hat Dick eine viel günstigere Methode gefunden: Er kann sich von einer Kennnummer aus leicht in Apotheken die Daten über die Medikamentenkäufe der Person in den letzten 18 Monaten verschaffen.
Wenn diese Person beispielsweise regelmäßig hohe Dosen Cholesterinsenker kauft, bezieht sich dies auf einen extrem hohen Blutfettgehalt, der sie sofort in eine höhere Risiko-Kategorie bringt.
Es gibt verschiedene Versionen dieses Programms, von denen einige gleichzeitig einen Risikofaktor bestimmen, so dass der Versicherer nicht mehr viel zu tun hat, außer Papierkram zu verarbeiten.
Einer der Nachteile dieses Programms ist, dass ein Medikament für verschiedene Zwecke verwendet werden kann, zum Beispiel können bestimmte Mischungen gegen Migräne oder Hitzewallungen verwendet werden, aber sie können auch gegen Depressionen wirksam sein.
Die Versicherer betrachten die letztere als einen verschärfenden Risikofaktor, während die anderen dies nicht tun.
Unternehmen haben sich in der Forschung und Analyse von Daten entwickelt, die die Zustimmung des Patienten einholen müssen, bevor sie die erforderlichen Informationen von der Apotheke sammeln.
Jetzt werden sie von den Behörden gezwungen, obwohl sie in der Vergangenheit nicht für ihre Verfehlungen bestraft wurden.
In jüngster Zeit haben einige Unternehmen auch Labortests verarbeitet und sie mit Daten über den Konsum von Medikamenten verknüpft, um ein noch genaueres Bild von der Gesundheit der Patienten zu erstellen.
Immer mehr Unternehmen haben Zugang zu Daten, und gleichzeitig wird die Kontrolle über deren Nutzung immer schwieriger.
Es gibt ein eigenes Gesetz zum Datenschutz, das jedoch nur für Ärzte und Versicherer gilt.
Ein Gesetzentwurf zur Erweiterung der Kontrolle der Behörden über Unternehmen, die sich auf die Bereitstellung von Daten spezialisiert haben, steht derzeit vor dem Kongress.
Dick Richard erkennt an, daß dies nicht ausreicht, und deshalb hat er sein Programm noch weiterentwickelt, das die Übermittlung von Daten an die ausschließliche Zustimmung der betroffenen Person anknüpft.
Es ist eine andere Frage, ob die Person wirklich frei ist, ihr Einverständnis zu geben oder nicht, denn wenn sie es ablehnt, unterschreibt die Versicherung keinen Versicherungsvertrag mit ihr.
So und letztendlich sind die Hühner auf die Güte des Fuchses angewiesen.
Das allgemeine Menü von Marseille
Die Europäische Union und Indien verdoppeln ihren Handel.
Da die EU und Indien sehr wichtige Handelspartner sind, war dieses Thema neben den weitgehend globalen Problemen auch auf der Agenda des neunten Gipfels.
Heute findet auch ein Gipfeltreffen zwischen Frankreich und Indien statt, bei dem vor allem die Zusammenarbeit im Bereich der Atomenergie diskutiert wird.
Die Europäische Union erkennt an, dass Indien eine große, aufstrebende demokratische Macht ist, der in internationalen Angelegenheiten ein breiteres Mitspracherecht eingeräumt werden sollte, aber die Mitgliedsländer haben sich bisher nicht darauf geeinigt, New Delhi für seine Kandidatur als ständiges Mitglied des UN-Sicherheitsrats zu unterstützen.
Die Kommission hat sich in diesem Zusammenhang mit der Kommission und dem Rat für die Zusammenarbeit und Zusammenarbeit befaßt.
Der französische Präsident Nicolas Sarkozy, der derzeitige Präsident der Union, der Präsident der Kommission José Manuel Barroso und der Diplomatenchef Javier Solana begrüßten den indischen Premierminister Manmohan Singh und vereinbarten, dass sich der Handel zwischen ihnen in fünf Jahren verdoppeln würde, was einen Anstieg von mehr als 100 Milliarden Euro bedeutet.
Wenn man bedenkt, daß der Warenhandel zwischen 2000 und 2007 von 25 Milliarden auf 55 Milliarden Dollar gestiegen ist, scheint dies kein zu hohes Ziel zu sein.
Die Kommission hat die Kommission aufgefordert, die in den letzten Jahren erzielten Fortschritte zu überprüfen und die in den letzten Jahren erzielten Fortschritte zu überprüfen.
Indien möchte spätestens Ende 2009 ein Freihandelsabkommen mit der Union unterzeichnen.
Sarkozy hat versprochen, die Verhandlungen zu beschleunigen.
Das Ziel ist es, die Situation mit Indien, dem größten Handelspartner der EU, und New Delhi, dem neuntgrößten Handelspartner der EU, auszugleichen.
Der Gipfel widmete sich den globalen Angelegenheiten.
Die Situation in Afghanistan und Pakistan sowie alle Formen von Terrorismus wurden heftig verurteilt und die Dringlichkeit einer UN-Konferenz zu diesem Thema wurde angesprochen.
Auch die Beendigung des Doha-Handelszyklus wurde gefordert, obwohl beide einen großen Teil des gegenwärtigen Scheiterns haben.
Die EU hat ihre Treue zum Energie- und Klimaprogramm bestätigt, insbesondere dass sie ihre Emissionen von Giftstoffen bis 2020 um mindestens 20 Prozent reduzieren will.
Indien stimmte auch zu, dass bei der nächsten Klimakonferenz ein globaler Markt geschaffen werden sollte und die Treibhausgasemissionen bis 2050 um 50 Prozent gesenkt werden sollten.
Sie wollen auch die Preissteigerungen von Nahrungsmitteln verhindern und haben die Einberufung einer internationalen Arbeitstagung zur Prüfung der Finanzkrise unterstützt.
Der indische Staatschef reist heute in die französische Hauptstadt, wo er sich auf ein bilaterale Treffen vorbereitet, um ein Abkommen über den friedlichen Einsatz von Atomenergie zu unterzeichnen.
In Paris wird erwartet, daß französische Unternehmen Aufträge im Wert von 20 Milliarden Euro für den Bau von Atomreaktoren in Indien erhalten.
Nach Angaben der Nachrichtenagentur wird die Vereinbarung auf 15 Jahre ausgelegt.
In Frankfurt waren mehr als 300 italienische Verleger
Die italienische Verlage waren auf der Internationalen Buchmesse in Frankfurt stark vertreten.
Mehr als 300 italienische Verleger waren bei der 60. Buchmesse, dem wichtigsten internationalen Veranstaltungsort für den Austausch von Rechten, anwesend.
Die Internationale Buchmesse Frankfurt erwartet in dieser Ausgabe mehr als 7.000 Aussteller aus 101 verschiedenen Ländern, die auf 171.790 Quadratmetern der Messe mit über 403.000 Büchern ausgestellt sind.
Der Unterstaatssekretär des Ministeriums für Kulturgüter und Kulturaktivitäten, Francesco Maria Giro, wird die italienische Regierung bei der Eröffnungsfeier des italienischen Schmetterlings vertreten.
Es wird ein Pressekonferenz in der Struktur-Raum in Buchmesse 5.0 folgen.
Die Daten zeigen, daß die Bedeutung von Büchern ausländischer Autoren im Vergleich zur gesamten italienischen Produktion, insbesondere im Vergleich zu der für Erwachsene und Kinder, allmählich abnimmt.
Wir haben das Flugzeug von Steve Fossett gefunden, dem Milliardär, der vor einem Jahr verschwunden ist.
Das Flugzeugwrack von Steve Fosset, dem Milliardär, der am 3. September 2007 verschwand, als er in der Nevada-Wüste flog, wurde gefunden.
Der Trümmer wurde auf einem 3000 Meter hohen Hochgebirge in der Sierra Nevada-Grenze von Mammonth Lakes, an der Grenze zwischen Kalifornien und Nevada, gefunden.
Innerhalb des Flugzeugs, keine menschlichen Überreste jedoch.
Madera County Sheriff John Anderson hat die verbleibenden Zweifel beseitigt: "Das Flugzeug wurde lokalisiert, wir haben ein Team geschickt, und jetzt haben wir die Bestätigung, dass es das ist, auf dem Steve Fosset an dem Tag reiste, an dem er verschwand", sagte er in einer Pressekonferenz.
Der Sheriff sagte, dass keine menschlichen Überreste auf dem Flugzeug oder in der Umgebung gefunden wurden.
Im Februar wurde der 63-jährige Milliardär als verstorben bezeichnet.
Die US-amerikanische Behörde für Verkehrssicherheit (Ntsb) berichtete, dass ein Team von Ermittlern, das einige Stunden nach der Entdeckung des Wracks an die Stelle geschickt wurde, das Flugzeug identifiziert hat: Es handelt sich um das Bellanca 8kcab, das am 3. September 2007 verschwand, als Fosset von Yerington in Nevada auf einer dreistündigen Flugreise abhob.
Gestern, noch in Kalifornien, nicht weit von der Grenze zu Nevada, wurden einige persönliche Gegenstände von Fosset von einem Ehepaar in der Nähe ihres Hauses in Mammoth Lakes gefunden.
Es sind zwei Dokumente, die auf Fosset's Namen stehen, beide von der Federal Aviation Administration in Illinois, Geld und ein Pullover.
Fossett's Forschung wurde ein Monat nach seinem Verschwinden eingestellt.
Der Milliardär hatte sich durch eine lange Reihe von Rekorden einen Platz in der Geschichte verdient.
Bei seinem sechsten Versuch war er 2002 der erste Mensch geworden, der alleine zwei Wochen lang mit einem Ballon um die Welt geflogen war.
Drei Jahre später war er ohne Pause um die Welt geflogen.
Unter all diesen Rekorden war auch der, mit einem Co-Piloten in der Höhe von 15.445 Metern über den Anden zu fliegen.
Glk, die Werbung, die du nicht erwartest.
Ein ungewöhnlicher, originell gestalteter, klar definierter, mit ausgeprägten Linien, großen Flächen und scharfen Winkeln.
Dies ist in der Zusammenfassung Glk, das jüngste Kind der "kompakten" Offroad-Fahrzeuge des Starhauses, mit dem Mercedes-Benz versucht hat, in diesem Bereich neu zu werden.
Gerade wegen seiner außergewöhnlichen, unerwarteten und unkonventionellen Inhalte wird die Mitteilung zur Einführung des 4x4 Glk, der ab dem 17. Oktober in den Mercedes-Benz-Showrooms erhältlich ist, begleitet.
Der Werbehype, der den Start des neuen Autos begleitet, wird eine neuartige Kommunikationsmethode ermöglichen, die durch eine futuristische 3D-Anzeigekampagne, die erstmals in Italien von einer Automobilmarke verwendet wird, durchgeführt wird.
Das Projekt umfasst drei Phasen und wird bis zum 15. November im Herzen des italienischen Einkaufszentrums Corso Como stattfinden.
Die erste Phase dieser neuen Art der Kommunikation sieht vor, dass das Auto stereoskopisch dargestellt wird. Dank spezieller Brillen, die rund um Corso Como verteilt sind, wird es möglich sein, das neue 4x4 in nahezu realen Abmessungen und in einem dreidimensionalen Format zu sehen.
Man wird ja das Bild so sehen, als ob das Auto nicht auf dem Plakat steht.
Anschließend wird der neue Glk durch die Verwendung der innovativen Elimina8 Technologie nach den einzelnen Stellen in allen Einzelheiten beleuchtet und dann in einem einzigen Bild zusammengefügt.
Mit dieser Werbung versucht Mercedes offensichtlich, etwas Neues in den stereotypen Bereich der Kommunikation zwischen Autofahrern einzuführen.
Wird sie mit dieser Formel das Interesse der zukünftigen Käufer wecken?
Das sind die italienischen Hooligans.
Die Triveneto sind gefährdet für das Daspo.
Aber wer sind diese 150-200 jungen Männer und Frauen, die Italien jetzt schämt? Sie gehören zur Gruppe "Ultras Italia", die seit Jahren die italienische Nationalmannschaft verfolgt und die bisher noch nie große Probleme verursacht hat.
Weder hatte er jemals mit den gegnerischen Typhoen gekämpft.
Die Gruppe ist rechts.
Die Förderer kommen aus dem Triveneto.
Von Verona, Padua, Trieste und Udine.
In Sofia kamen auch kleine Gruppen (nicht wirklich viele) aus Kampanien und Puglia.
Sie hatten dreifarbige Fahnen mit der Abkürzung ihrer Heimatstadt: Am Samstagabend wurden sie alle entführt, um nicht identifiziert zu werden.
Sie nehmen ihre Inspiration aus der englischen Liebhaberzene.
In Bulgarien fanden sie eine echte Nazi-Liebhabergruppe, die Levski.
Die FIGC hatte den italienischen Tifosi 144 Tickets für das Spiel zur Verfügung gestellt.
Und der Viminal hatte sie alle kontrolliert: unter denen, die nach Sofia gingen, hatte keiner einen laufenden Daspo, keiner hatte das Besuch eines Stadions verboten.
Vier italienische Tifosi, die eine Vorstrafen-Bilanz hatten, konnten nicht mitfahren.
Jetzt wartet der Viminal auf die Akten, die von der bulgarischen Polizei eingehen werden, und er wird dann Maßnahmen ergreifen: In diesem Fall könnten die Tifosi, die in den Unruhen festgenommen oder identifiziert wurden, für mindestens fünf Jahre ein Daspo absitzen.
Ein internationales Daspo, das die Besucher von italienischen Stadien verbietet, aber auch von europäischen.
Kurz gesagt, unsere Hooligans werden nicht mehr in das Stadion treten.
- Das ist gut.
Aber jetzt ist die Zeit für Angst und Nachfolge gekommen, denn es gibt noch andere, die sich der ersten 150 anschließen könnten.
"Wir müssen dieses Feuer sofort löschen und nicht legitimieren, wer sich so verhält", sagt der Viminal.
Also, "denn vor allem im Hinblick auf das Spiel der Nationalmannschaft am Mittwoch in Lecce, die Augen offen halten".
In Apulien gibt es nämlich einen kleinen Teil der Anhänger der Ultras Italia.
Ich möchte mich nicht auf die Frage der Verzögerung der Verbraucher und der Verbraucherbevölkerung beschränken.
"Die Duce-Duce-Kören und der Arm ausgestreckt während der Mameli-Hymne?
Dies ist die Meinung (auf eine sehr unangenehme Weise) von Domenico Mazzilli, der kürzlich Direktor des Viminalobservatoriums war (er übernahm den Posten von Francesco Tagliente und dann von Felice Ferlizzi).
Mazzilli war zuvor Präfekt in Triest, wo ein Kern von Anhängern der 2002 gegründeten Gruppe Ultras Italia lebt.
Es ist zwar wahr, wie Mazzilli sagt, daß es in Bulgarien kein Verbrechen ist, Mussolini zu loben, aber es ist sicher, daß das Verhalten dieser 150-200 Typhosi schändlich war.
"Ich bin kein Soziologe", fügt der Nr. 1 des Observatoriums hinzu. "Die Verbrechen müssen dem Land zugeschrieben werden, in dem sie geschehen.
Bis jetzt war diese Gruppe in den Regeln geblieben, jetzt werden wir genau sehen, was passiert ist, und wir werden für die Zukunft beurteilen.
Aber auch die Pfeifen zur Nationalhymne von Mameli: Auch diese sind keine Verbrechen, aber wenn Sie mich erlauben, sie sind unhöflich ... "
