Vítězství populistické pravice v Rakousku, celkem 29 procent
Zřejmě slabší strany velké koalice a významně se posílila populistická strana, podle prvních předběžných výsledků parlamentních voleb v Rakousku.
Zvláště silnou ztrátu utrpěla rakouská lidová strana (ÖVP), která se vážně otřásla pozicí současného prezidenta Wilhelma Molterera.
Naopak, předseda spolku pro budoucnost Rakouska (BZÖ) a předseda provincie Karínie Jörg Haider se chystá na vítězný návrat do národní politiky.
Podle předběžných výsledků zůstává největší stranou země SDP s 29,8% hlasů, ale oproti posledním volbám v roce 2006 ztratila 5,5%.
Ještě hůř to dopadlo s HDP, která ztratila 25,6% hlasů, téměř 9%.
Obě velké strany dosud dosáhly nejhorších výsledků v australské poválečné historii a zvláště pro Národní stranu, která vedla k předčasným volbám, doslova katastrofální výsledek.
Na začátku července, když se ÖVP vydala z koalice, měla Národní strana podle průzkumů značnou výhodu před SPÖ.
Ale voliči ji očividně potrestaly za to, že nechala vládu selhat.
Už v prvních reakcích na výsledky se spekulovalo o možné rezignaci německého premiéra a současného kancléře Wilhelma Molterera.
Podle pozorovatelů by se to mohlo stát na mimořádném zasedání předsednictva strany v pondělí.
Tento vývoj by pravděpodobně usnadnil stále pravděpodobnější cestu ven z volební výsledky, tedy obnovení velké koalice SPÖ a ÖVP.
S ohledem na posílení dvou pravicových populistických stran - australská Svobodná strana (FPÖ) získala 18% hlasů a BZÖ 11% hlasů - však sociální demokraté vyjádřili obavy z opakování roku 1999, kdy se Národní strana dohodla na společné vládě s populisty (FÖP byla ještě jednotná, když se v roce 2005 odtrhla od BZÖ), což dokonce vyvolalo sankce ze strany Evropské unie.
Haider, který už prohlásil, že je připraven spolupracovat s jakoukoli stranou a předpokládám, že se může vrátit do vídeňské národní politiky, se zjevně na to těší.
Do parlamentu se dostala i Strana zelených, která však poněkud ztratila svou popularitu a klesla ze třetího místa mezi rakouskými politickými stranami na páté.
Žádná z ostatních stran nepřekročila hranici čtyř procent a nedostane se do parlamentu.
Schwarzenberg: Vztahy s Indií se mohou ochladit
Pokud se nepodaří vyřešit problém českých vědců, kteří byli obviněni z nelegální sbírky hmyzu, podle českého ministra zahraničí Karla Schwarzenberga by mohlo dojít k určitému ochlazení českokorejských vztahů.
Ministr to oznámil po setkání s indickým partnerem Pranab Mukherjee v New Yorku.
"Pokud by se to nevyřešilo, tak ano, došlo by k určitému ochlazení", uvedl po schůzce, která proběhla na českém podnětu.
Mukherjee po soudním jednání řekl, že je těžké, aby se do soudních věcí vměšovala exekutivní moc.
Nicméně uvedl, že v případě Petra Švácha, který byl osvobozen a potrestán pokutou, může centrální vláda jednat s místními vedoucími v Darjeeling, jejichž jurisdikci se tento případ týká.
"Jeho problém by mohl být vyřešen", řekl ministr.
Podle Mukherdžiho by bylo pro Emila Kučeraho, který byl odsouzen k třem letům vězení, nejlepší, kdyby se odvolal k Nejvyššímu soudu.
Pak by mohl požádat o propuštění na kauci a být na svobodě, než bude vynesen rozsudek, vysvětlil.
Schwarzenberg potvrdil, že jeho partner se podobně vyjádřil i během soudního procesu.
"Navrhl, aby se odvolal na Nejvyšší soud, aby byl propuštěn", řekl šéf české diplomacie.
Jediný způsob, jak může češská strana v celé věci zasáhnout, je poskytnout odsouzenému "kompetentní právní podporu", uvedl indický ministr.
Přesto uvedl, že jim indická strana již takovou pomoc poskytuje.
"Naším největším zájmem je udržet nejlepší vztahy s Indií, které mají dlouholetou tradici.
To si Indové uvědomují", uvedl Schwarzenberg.
Zároveň, jak ČTK řekl, podtrhl svému partnerovi, že Česká republika přikládá problém českých entomologů velkou důležitost.
"Věříme, že věznění a obvinění těchto českých vědců je opravdu vážná chyba", prohlásil.
Na otázku, zda se mu od indické strany slíbil, že se bude věnovat tomuto případu, ministr vyhýbal odpovědi.
"Dostal jsem poměrně mnoho slibů", poznamenal.
České soudce v boji o mořské dno
Přesunete se na elektronickou mapu ze zdi, která zobrazuje Austrálii a okolní mořské oblasti.
Ale nezajímá ho kontinent, ale bod, který se v modré oceánu ztrácí.
"Tento ostrov patří Austrálii a s ním i okolní dno.
Je to místo, které je stejně velké jako kontinent", říká Luigi Santosuosso, italský právník, který je členem třicetičlenného týmu pro oceány a právo moří v divizi OSN.
Jeho šéf, Český právník Vaclav Mikulka, ředitel divize, sleduje vysvětlení, které občas doplňuje.
Je tu nadšení a nadšení.
Mořské dno skrývá svět bohatý na přírodní zdroje, který je dosud neznámý.
Patří sem ropa, rudy a další minerály, ale také dosud neznámé živé organismy, které mohou být klíčem k vývoji léků proti rakovině.
Mořské dno větší než pevnina
Pobřežní státy dnes intenzivně bojují o nové oblasti pod mořem.
Jejich práva jsou zakotvena v úmluvě OSN, která byla uzavřena v Montego Bay v Jamajce v roce 1982.
Jedná se především o oblast takzvané kontinentální podloží, která se často rozprostírá až několik set kilometrů od pobřeží dané země.
Taková země má podle úmluvy výlučné právo na všechny zdroje kontinentální podlahy.
"Snadno řečeno, kontinentální podloží je ta část mořského dna a spodní vrstva, která je přirozeným pokračováním podmořského kontinentu.
Na pobřežních mořských hranicích, často přes 200 námořních mil, se rozkládají i hranice tzv. výhradně hospodářské zóny", vysvětluje Mikulka.
Žádost, kterou tato země předloží Komisi pro stanovení vnějších hranic kontinentálního útvaru, musí být doplněna rozsáhlou vědeckotechnickou dokumentací založenou na mnoha nákladných výzkumech a měření.
Je to výsledek mnoha let přípravné práce.
"Jednou z našich povinností je poskytovat komisi právní a odbornou technickou pomoc.
Komise se zatím zabývala pěti žádostmi Ruska, Brazílie, Austrálie, Irska a Nového Zélandu.
"Pokud jde o rozvoj, je třeba se zaměřit na rozvojové oblasti.
Všude na světě se nedávno ozvala Austrálie, která jako první významně rozšířila svou podmořskou zemi.
Ale vyhrála i Nová Zéland, který má podle komise asi 1,6 milionu kilometrů čtverečních, což je šestkrát větší území než tato země.
Obě země investovaly miliony dolarů do výzkumu.
Doufají, že budoucí zisk z využití mořského dna bude neocenitelný.
Další země podávají své žádosti neustále.
To mohou udělat do deseti let od ratifikace Úmluvy z Montego Bay.
Tam, kde končí kontinentální podloží, začíná oblast oceánského dna, která byla podle úmluvy prohlášena za "společný dědictví lidstva".
Žádná země už nemá výlučné postavení.
Právo na těžbu v této oblasti je uděleno mezinárodní institucí zřízenou touto úmluvou.
"Můžeme se domnívat, že se jedná o velmi důležitou oblast, která je důležitá pro rozvoj a rozvoj Evropy.
České země v Tichém oceánu
Část mořského dna patří dnes i České republice.
Tento zdroj je sdílen s ostatními zeměmi bývalého východního bloku v rámci společného systému Interoceanmetal.
Tato organizace získala v roce 1991 podle této úmluvy status takzvaného "pionierského investora", podobně jako investoři z několika dalších zemí.
Je oprávněn vyrábět v oblasti ClarionClipperton v Tichém oceánu mezi Mexikem, Havajskými ostrovy a Kiribati.
Oblast prošetřovaná investorem je poněkud větší než území bývalé Československé republiky.
Je to podmořská replika Tatra.
"Tohle je celkem 75 000 km2 na které lze těžbu uskutečnit.
Je to bohaté místo na polymetální nery obsahující nikl, měď, kobalt a mangan", říká další hinduistický právník Pakshi Rajan.
Rober Sandev, který pracuje v divizi v Macedonii, nám dá další konkrétní příklad.
Připomíná brambory nebo, s trochou fantazie, pergamen s kouzelnými slovy, které vyvolávají Golema.
Německé speciální jednotky byly přítomny při osvobození rukojmí.
Egyptská vláda požádala Německo o pomoc s řešením této krize a odborníci přišli.
Když se situace zhoršila, byly připraveny speciální jednotky, ale nebyly nasazeny.
Vydává se stále více informací o osvobození 11 evropských turistů, kteří byli uneseni v Egyptě.
Podle ministerstva obrany a ministerstva vnitra se na záchranné akci podílely i německé speciální jednotky.
Podle toho byli na místě osvobození kromě odborníků z německé armády také zaměstnanci GSG 9, letecké jednotky německé federální policie a federálního kriminálního úřadu a logističtí odborníci z německé technické služby.
Podle mluvčího ministerstva informace z pondělí večer, německé síly nebyly potřeba, protože rukojmí nechali své zajatce utéct a pak utekli, když rozpoznali známky násilného osvobození.
Egyptská vláda přijala pomoc, kterou Německo nabídlo, aby ji zapojila jako podporu na místě.
"To se naštěstí nestalo", prohlásil mluvčí federálního ministerstva vnitra.
Skupina turistů, která se skládala z pěti Němců, pěti Italů, rumunské ženy a osmi egyptských doprovodů, byla unesena 19. září v jižním Egyptě.
Po únosu v jižní egyptské poušti byli rukojmí přenášeni na hranice Egypta, Libye, Súdánu a Čadu.
Identita těch, kteří se dostali do útoku, zůstává nejasná, stejně jako podrobnosti o osvobození rukojmí nebo případné výkupné.
Mezitím uprchlíci dorazili v bezpečí do Káhiry.
Steinmeier oznámil, že osvobození rukojmí jsou pod ochranou německé ambasády.
O detailech propuštění se nezmínil.
V Berlíně zatím nebyly sděleny žádné informace o tom, kdy se vrátí do Německa.
Podle deníku Bild dorazí do Německa v úterý pět turistů a speciální jednotka letadla Airbus.
Sněmovna reprezentantů odmítla záchranný balíček.
Dolní sněmovna Kongresu USA poněkud většinou zrušila balíček záchrany finančních trhů v hodnotě 700 miliard dolarů.
Dow Jones se propadl.
Sněmovna reprezentantů USA 227 hlasy proti, 206 pro odmítla vládní záchranný balíček pro finanční trhy.
Navzdory žádostem amerického prezidenta George W. Busha a vedoucích politiků obou stran, program, který měl zastavit chaos na finančních trzích, nedostal většinu.
Sponzorové se snažili přesvědčit kritiky o nutnosti balíčku 700 miliard dolarů.
Barney Frank, jeden z vedoucích demokratů, vyzval poslance, aby ho podpořili, i když je to nepopulární.
"Je těžké získat politickou podporu k tomu, aby se zabránilo něčemu, co se ještě nestalo", přiznal.
Dow Jones klesl během hlasování o více než 6 procent, tedy o 600 bodů.
Investory totiž znepokojovalo, že státní záchranný balíček by mohl selhat.
Index se krátce před koncem hlasování zvýšil, aby pak znovu klesl, když se o jeho selhání dozvěděli.
Odborníci očekávají další vážné turbulence na mezinárodních finančních trzích.
Program musí být schválen jak Sněmovnou reprezentantů, tak Senátem, aby mohl vstoupit v platnost.
Režisérové zaznamenávají stále větší počet rezervací.
Pro německé cestovní kanceláře se blíží dobrá zima.
Podle jedné studie se počet rezervací na následující měsíce výrazně zvýšil oproti předchozímu roku - o více než 30 procent v zimním období.
Navzdory slabým hospodářským výhledům se podle studie neukolila touha Němců cestovat.
Cestovní kanceláře zaznamenaly v zimě o 31 procent vyšší počet rezervací než v předchozím roce, uvedla v pondělí v Berlíně Německá cestovní asociace (DRV).
Podle průzkumu GfK jsou už letní měsíce s vyššími rezervacemi.
Obchodování cestovních kanceláří v říjnu bylo o 11 procent vyšší než v říjnu 2007, uvedla DRV.
Tyto výsledky jsou založeny na údajích společnosti GfK, která vyhodnocuje měsíční údaje o rezervacích 1200 německých cestovních kanceláří a extrapoluje je na celý trh.
Úřad zohlednil cesty, které byly rezervovány do konce srpna 2008.
"Víta do USA je obzvláště vyhledávaná kvůli slabému dolaru", uvedla DRV.
Zde se zvýšila rezervace na koleích o třetinu.
Němci mají také oblíbené turistické destinace ve Španělsku, Turecku a Řecku a také v jejich domovských krajinných okolích.
"Většina lidí se snaží najít cestu organizovanou", řekl Klaus Laepple, prezident DRV.
Vzhledem k rostoucím nákladům na energii a potraviny jsou náklady na organizované cesty "pro cestující lepší než u individuálně organizovaných cest".
Cestující mohou ušetřit prostředky, například slevami na předchozí rezervace nebo all-inclusive nabídkami, dodal Laepple.
Letní měsíce byly také velmi dobré, takže se očekává opět vyšší návštěvnost než v loňském roce, i když podle jiné studie letos cestovalo méně německých turistů.
Můj první Oktoberfest.
Neustále se opakující balermanské hity, litrové džbánky piva a celebrity v designových dirndlech.
Debut na Wiesne.
Suzanne Kronzuckerová a já vlastně nemáme moc společného.
Je blondýna, televizní moderátorka a nosí na míru vyrobený dirndl.
Mám tmavé vlasy, jsem studentka a oblečení jsem si koupila v obchodě.
Ale máme tu jednu věc společnou: jsme v Wiesnu teprve tři minuty, a fotky nás už pronásledují a naplňují si karty - velmi lichotivé, a to je moje první návštěva Wiesnu.
Takhle si můžeme udělat přátele.
Vypadá to, že levný dirndl splňuje svůj účel.
Jako turistka z Wiesn, která je na severu od rovnice vyrobená z bílého klobásy, má moje komfortní vůle ještě hranice.
Ale když jsme přijeli na Theresienwiese, tak to už není tak hrozné.
Téměř každý nosí kalhoty nebo kožené kalhoty; nikdo se nedívá s rozhořčeností nebo s trapným pohledem - všechno je v pořádku.
Zvláštní pohled na čokoládový banán, který mi dává jen můj šaty.
Jedna žena v Mnichově mi upozornila, že jsem si špatně svázala šatku: "Na levé straně jsi svobodná, uprostřed jsi panna, na pravé straně prodána, vzadu vdova".
Tajně jsem převezl ten mastik zezadu doleva.
"Tak to je", říká a směje se.
Jiní se o své jemné flirtovací techniky nestarají tolik a nosí jednoduché filky s nápisem "Jsem moc opilý na to, abych se oblékal" a ukazují své nahé zadky, když je někdo nechce.
Tento mladý muž s výraznými rysy se jmenuje Bob a také navštívil Oktoberfest poprvé.
Což je pro něj velmi fantastické, když se dlouze rozkládá "aaaaa".
A to všechno mi říká, když se zbavuje obsahu pití, které předtím vypil.
Přímo u jednoho z požárních kohoutků, který všichni považují za odpad.
Takže Bob je jeden z těch známých "nepovolených čůrců".
Jiní nejsou tak šťastní, že se zbavili alkoholu tímto způsobem.
Kolem osmi hodin večer je na místě armáda záchranářů, kteří se starají o chudé páry.
Služebníci se vždy objevují ve skupině - čtyři navíc nesou přikrývaný kolébky z stanu do stanu.
Funguje to jako u většiny návštěvníků Wiesnu: příjezd prázdný, odjezd plný.
Kdo leží v té krabici pod podlahou, to není vidět.
"Tohle jsou ti, kteří jsou úplně připraveni", vykřikl mi jeden z záchranářů na mou otázku a pak do záchoda.
Policie uvedla jméno oběti nehody.
Policie identifikovala 63letou ženu, která zemřela v nemocnici, když ji v Essexovi zrazilo auto.
Dívka z Chelmsford Road, Carole Paulsonová, z Brentwoodu, byla v pátek odpoledne zraněna na Shenfield Road ve městě.
Byl převezen do nemocnice Queen's Hospital v Romfordu, ale později zemřel.
Po nehodě byl zatčen 51letý muž na podezření z nehledné jízdy.
Od té doby je na kauci.
Rozšiřující se diplomatické obzory Turecka
Dlouho předtím, než Turecko mělo v úmyslu vstoupit do Evropské unie, evropské mocnosti toužily proniknout do Turecka.
Na východní straně Bosporu, možná jen 20 kroků od evropské hranice, stojí jedna z největších relikvií zklamaného impérialismu.
Hydarpasha železniční stanice byla navržena dvěma německými architekty Otto Ritter a Helmut Conu v neo-renesance stylu.
Nebo to alespoň píše cestovní průkaz.
Budova obklopuje konec platformy, s jednou věží na každém předním rohu a vypadá jako německý venkovský dům.
Ten kámen je špinavý.
Celá budova se trochu otřásá.
Ale když se podíváte dovnitř, je zřejmé, jak velká byla tato vstupní brána na západ.
Stanice byla otevřena německým konzorciumem Anatolia-Baghdad Corporation v srpnu 1908.
Německo, "pozdní budoucnost" dobytí, se snažilo naplnit své ambice dobývat Blízký východ pomocí této železnice, která vedla od Damašku přes Bagdád až do současné Saúdské Arábie.
Německé úsilí o dobytí se během první světové války zhroutilo.
Jeho železnice byla napadena Lawrenceem z Arábie a jeho arabskými partyzány.
Relativní izolace od okolních regionů způsobená zmrazenými hranicemi během studené války zmizela.
Britská koloniální armáda se stěhovala z Egypta a vytlačila Turky a jejich německé spojence z Palestiny a Sýrie.
Hyderpašská stanice nebyla lepší.
V roce 1917 vybuchl střelecký vlak a zničil dům.
Podle tureckých zdrojů došlo k sabotáži.
Od té doby se postupně rozpadá a už je daleko za historií.
V současné době však jako železniční brána do Anatolie a celého východního regionu slouží - alespoň v symbolickém smyslu - jako rozšířující se diplomatický horizont Turecka.
Vládnoucí Strana spravedlnosti a rozvoje (AKP) navrhla zcela novou zahraniční politiku pro zemi.
Relativní izolace od okolních regionů způsobená zmrazenými hranicemi během studené války zmizela.
Nová politika je charakterizována závazkem.
Je pozoruhodné, že turecká vláda má dobré vztahy s Izraelem a Sýrií, s palestinskými skupinami Hamas a Fatah, s Irákem, Íránem a samozřejmě s Evropskou unií a Spojenými státy.
Chtěl jsem zvážit parametry nové zahraniční politiky, tak jsem nastoupil na noční vlak do hlavního města Turecka, Ankary, abych navštívil jednoho z předních expertů na zahraniční politiku AKP, tureckého poslance Suata Kiniklioglu.
Druhý den ráno, po asi deseti a půl hodině přestávky, která v té době byla rytmem slavného dokumentárního filmu o starém světě, The Night Mail, jsem dorazil do hlavního města Turecka, nového města, které má být symbolem nového světského státu, který se odvrátí od osmanského minulosti.
Nicméně AKP, která má známé islámské kořeny, představuje paradigmatickou změnu v tureckém konsenzu.
To vyvolalo podezření na západě, zejména ve Washingtonu.
Tak jsem jel taxíkem do ústředí AKP, do moderní budovy z kamene a oceli, speciálně postavené pro tento účel, která se nachází v rozvíjejícím se předměstí mezi polotovarními nákupními centry a kavárnami, kde se setkávají střední manažerové v obleku, muži i ženy, aby se v ranních hodinách dohodli na obchodě.
Suat Kiniklioglu by byl vhodný politik střední pravice v jakékoliv jiné evropské zemi.
Měla na sobě oblek, kravatu a určitě měla i Blackberry.
"Zájemní cíl strany je pomoci Turecku znovu se začlenit do jeho přímého prostředí.
"Tato řádnost byla narušena studenou válkou", řekl.
Turecko je izolované od jeho zadní části.
Dneska se musel obrátit na východ a západ.
Nemohl si vybrat mezi dvěma.
Musel to být oboustranný.
"Ale je možné, že se jednou bude muset rozhodnout?"
"Turecko nikdy nechtělo překročit hranici".
Poté zdůraznil, co téměř každý, s kým jsem mluvil, řekl, že Turecko má vztahy nejen se Středním východem, ale také s Kavkazem a zememi kolem Černého moře, což je pro Evropu a USA stejně výhodné jako pro Turecko.
Jako by chtěli dát zprávu, že celá Evropa, spolu s Tureckem, může figurativně cestovat po těch železničních tratích na východ do Asie a Blízkého východu.
Když jsem byl znovu na Hydarpasha Station, po další většinou vzhůru strávené noci, myslel jsem na Herr Ritter a Herr Conura, ty dva německé gentlemany, kteří před sto lety sledovali stavbu této nádherné stavby.
Jak by vás mohlo překvapit, kdyby se dozvěděli, že evropské ambice na Blízkém východě jsou nyní převážně v rukou Turecka.
A když jsem čekala na přístavu na ferry, která mě měla vzít zpátky přes Bosporus, vzpomněla jsem si, že v té době bylo Turecko nazýváno "nemocným člověkem Evropy".
Tehdy se alespoň nejedná o to, který kontinent bude mít nárok na tuto vzrušující zemi.
Památné životní cesty: Vernon Handley a William Woodruff
Mark Brown píše: "V Guildfordu byl od roku 1962 Vernon "Tod" Handley (necrolog, 11. září) hudebním ředitelem Guildfordské filharmonie a sborem.
Následující rok založil svůj úžasný chorus pro mladé lidi Proteus.
V roce 1979 ale, když Proteus zpíval svůj finále - mnozí z nás byli už ve svých 20 letech - jsme se rozhodli, že se sborem prostě nerozloučíme.
Jméno Proteus (mytologický přeměnný) odpovídá odhodlání a schopnosti sborů zvládnout jakoukoliv skladbu, kterou jim předkládají, ať už je to madrigal nebo Messiaen, bez doprovodu nebo s velkou orchestrou.
Hudba takového mladého sboru byla často úžasná a vždy vzrušující, a to díky člověku, který nás inspiroval a který nám pomohl udržet nadšení pro hudbu v souladu s našimi představami.
Jak často nám Tod říkal, "Nechte hudbu mluvit sama za sebe".
Vždycky říkal: "Komponista ví, co chce.
Je to v tom, co píše.
Tak zpívejte".
Jeho karmesterická technika byla vždy naprosto přehledná a přesná, ale nikdy diktátorská nebo přehnaná.
Ať už byla hudba jakákoliv, vždy ji pozvedl.
John Frayn Turner o něm napsal:
Jestli žil někdo, kdo měl být vyznamenán za knightho, byl to Vernon Handley.
Znal jsem ho dobře během dvou desetiletí, kdy dirigoval Guildfordskou filharmonii, od roku 1962 do roku 1982.
Za posledních čtyřicet let jsem napsal recenze o více než stovce jejích koncertů, ale nikdy, ani jeden z nich mě nezklamal a často mě nadchl.
Tod Handley měl velkolepost a skromnost, což je velmi vzácné.
Nenáviděl vůdce, kteří, jak řekl, "galopovali po celém světě s jedním nebo dvěma známými bojovníky".
Bude nám chybět.
William Woodruff
Profesor John Beckett píše:
Podle vašeho oběžníku Williama Woodruffa (25. září) "V roce 1946 pokračoval ve studiu ekonomické historie v Oxfordu a v roce 1950 se stal členem Houblon-Normanovy výzkumné instituce... a pokračoval v přípravě na titul, magisterský titul a PhD".
Tohle je z autorských poznámek Woodruffa "Beyond Nab End", ale je to mylné.
V letech 1946 až 1953 učil ekonomickou historii na univerzitě v Nottinghamu a během toho dokončil pod vedením profesora J. D. Chamberse PhD na téma britského pneumatikového průmyslu, který pak vydal v roce 1958 pod názvem "Britský pneumatikový průmysl".
V letech 1950-51 byl skutečně v USA na Houblon-Normanově stipendiu a v létě 1952 na univerzitách v Illinois, New Yorku a Harvardu.
V roce 1953 opustil Nottingham a přestěhoval se do Illinois.
Není možné vědět, proč Woodruff tento okamžik své kariéry upřednostňoval.
J. Vicente Resino na fakultě filozofie
"J. Vicente Resino, "Flamenco a životní víčko", je velmi obdivuhodný, protože jeho fotografie jsou v černobílém a dokumentárním stylu.
Přitahuje mě jejich jednoduchost a síla a úcta k lidem v fotografiích.
Tato výstava je plná emocí.
Resino umí zachytit magické okamžiky".
Druhý rekord prodeje Hondy
V listopadu Honda začne prodávat Jazz druhé generace.
Je pravda, že i jeho předchůdce měl dostatečně velký prostor pro cestující, ale interiér nového modelu byl ještě širší.
To vše je spojeno s pokročilými mechanikami, které zvyšují komfort řízení a úsporu paliva.
Evoluce versus revoluce.
Takhle vypadá Honda Jazz druhé generace.
Ačkoli je nový Jazz ve své podobě velmi podobný svému předchůdci, bylo na něm provedeno mnoho vnitřních změn.
Tyto prvky zahrnují například inovativní design, nové karoserie, větší rozměry a nové mechaniky.
Ale než se dostaneme k podrobným zprávám o novém modelu, musíme vám říct, že nový Jazz byl uveden na trh šest let po uvedení první generace.
Takže, pro začátek, můžeme říci, že Honda dokázala obnovit tento model v kratším čase než ostatní výrobci.
V Evropě je jazz méně známý, ale na jiných trzích sice drží rekordy.
Takový trh je například Japonsko, kde Jazz byl v roce 2002 a v roce 2008 nejpopulárnější automobilovou značkou.
Například v Japonsku se od uvedení na trh prodalo téměř milion Jazz.
Druhým trhem byl Starý kontinent, kde se v šesti letech prodalo téměř půl milionu kopií.
Nicméně Honda chce s novým Jazzem zvýšit provoz v oblasti.
Zatímco v roce 2007 japonská společnost prodávala celkem 83 000 vozů Jazz, do roku 2009 se odhaduje, že bude prodáno 100 000 vozů, což by znamenalo 17% růst na evropském trhu.
Na španělském trhu prodávala Honda od roku 2002 8000 vozů Jazz, což představuje 6,7% celkového objemu prodeje Hondy ve Španělsku.
V případě nové generace si vedení španělské pobočky počítá s prodejem 2000 kusů za rok.
A právě příchod nového Jazzu bude značně zmírnit pokles prodeje Hondy ve Španělsku.
Podle předpovědí firmy se do konce roku prodá 22.000 kusů, což je o 4000 méně než v roce 2007, tedy o 16%.
Navzdory podmínkám prodeje Honda zvýšila svůj podíl na trhu ve Španělsku z 1,6% v loňském roce na 1,8%.
Do roku 2010 bych to také chtěl zvýšit na 2%.
Honda doufá, že to může dosáhnout zavedením nového modelu.
Byl to Insight, pětidveřový kompaktní hybrid dlouhý 4370 mm, který by japonská společnost ročně prodávala 200 000 kusů po celém světě.
Podle japonského výrobce by 50% tržní podílu Insight tvořily USA, zatímco zbytek by byl rozdělen mezi Starý kontinent a Japonsko.
Komerční uvedení Insight je naplánováno na první měsíce roku, po oficiální prezentaci v Valencii, která se uskuteční v lednu.
V porovnání s první generací je nový Jazz ve všech ohledech širší.
Má délku 3900 mm (pět centimetrů delší), šířku 1690 mm (dva centimetry širší) a rozchod mezi nápravami se zvýšil o pět centimetrů, což je 2500 mm.
Jeho výška zůstává stejná jako 1520 mm.
Kromě velikosti se prostor pro cestující zvětšil.
Větší prostor v interiéru zaručuje na jedné straně nová karoserie a na druhé straně střední palivová nádrž - což je řešení, které známe už od předchozího Jazzu.
Celková kapacita tzv. dvojpodlažního kufru se dále zvýšila na 399 litrů, což je o 19 litrů více než v první generaci.
Je však třeba připomenout, že tyto rozměry se vztahují na typ s motorem s motorem č. 1,4, protože kufr modelu Honda Jazz s motorem č. 1,2 má 379 litrů.
Některé externí změny jsou také zřejmé, například zážehové světlomety nebo skleněná střecha s volitelným panoramem a snadnější přístup k zadním sedadlům.
Dveře zadních sedadel byly také otevřeny o 80 stupňů, oproti prvním Jazzům o 67 stupňů.
Druhá generace Jazzových motorů je také nová.
Na začátku výroby je tento malý model k dispozici s dvoulůžkovými, 1,2 a 1,4 litrovými motory.
Technologie i-VTEC umožňuje lepší spotřebu obou zdrojů než předchozí model, snížení emisí CO2 a vynikající mechanickou konzistentnost, a zároveň poskytuje motor vynikající výkon ve všech ohledech.
Výkon 1,2 litru je 90 koní v 6000 rp a maximální točivá síla 114 Nm v 4900 rp.
Tento motor, který byl v předchozím Jazzu 78 koní, spotřebuje 5,3 litru a emituje 125 gramů CO2.
Druhý motor, který v předchozí generaci vyráběl 83 koní, nyní dosahuje 100 koní.
100 koní 1.4 Jazz spotřebuje průměrně 5,4 litru a emituje 128 gramů CO2.
Nešokující "pčeliná auto"
Pro vývoj technologií pro prevenci nehod Nissan vzal inspiraci z přírody, konkrétně z včel.
Japonská firma navrhla robota, který napodobuje létání včel a vyhýbá se nehodám.
Možná, že nástroj nazvaný Bio-mimetický vozový robotový pohon nebo BR23C bude prvním krokem k vývoji protisklizivních technologií.
Inženýři z Nissan Motor Co. Advanced Technology Center ve spolupráci s renomovaným Výzkumným střediskem pro pokročilou vědu a technologii na univerzitě v Tokiu postavili tento malý robot v Japonsku.
Kazuhhiro Doi, ředitel technologického PR a vývoje značky R&D, definoval BR23C jako další rozšíření čtyřstupňové bezpečnostní krytky společnosti Nissan.
Robot zlepšuje schopnost výrobků společnosti vyhýbat se srážkám.
Během letu si každá včela vytvoří svůj vlastní oválný prostor, který je velmi podobný bezpečnostnímu plášti Nissan.
Ale mnohem důležitější je její složitý zrak, který umožňuje vidět ve všech směrech ve více než 300 stupních a díky tomu může létat v jeho osobním prostoru.
Aby se taková funkce složitého oka kopírovala, inženýři navrhli laserový dalekohled.
Přístroj identifikuje překážky v 180 stupňové vzdálenosti před BR23C, vypočítá jejich vzdálenost a pošle signál do palubního mikroprocesoru, který okamžitě přejde na operaci vyhýbání se srážce.
"Jakmile objeví překážku, malý robot okamžitě změní směr, napodobí pohyby včely a posune kola o větší nebo menší úhel, aby se zabránilo srážce.
Největší rozdíl mezi tímto systémem a současnými přístroji je, že v tomto případě dochází k vyhýbání se plně automaticky.
Kdyby ne, robot by nemohl reagovat dostatečně rychle, aby obléhal překážky".
Na rozdíl od včel může obcházení pohybovat jen ve dvou dimenzích a pouze ve směru otáčení kol, tedy ne v nekonečném směru a způsobu, jak tomu je u včel.
Nissan proto v tomto robotu kromě zrychlení a zpomalení použil i rotační funkci, která zabránila srážkám.
"Tato struktura musí zpracovávat a reagovat na data jen každých pár sekund.
Nepotřebuje žádné ukládání dat ani intuitivní logiku založenou na předchozích manévrech, takže může bez přerušení pracovat s pouhými desítkami KB paměti.
Možná vás to překvapí, ale opravdu to není gigabyte, ale ani megabyte.
Je to první krok k vývoji technologie pro okamžitou prevenci nehod, která by podle odhadů společnosti Nissan mohla být součástí sériově vyráběných vozidel do deseti let.
Robot je poháněn lithium-polymerovými bateriemi, které jsou lehčí a odolnější než lithium-iontová verze.
V budoucnu by mohla být tato jednotka integrována s GPS satelitním navigačním systémem, aby se řidič dostal k cíli bez překážek na silnici.
Strach z hypotéky
Musíme uznat, že americká ministerstva financí mají nejen spoustu hotovosti, ale také rozum.
Protože je krize na dosah ruky a aby Američané nebyli zavázáni do bludů pochybných hypoték, vytvořili si zábavnou a poučnou online hru Bad Credit Hotel.
Je to hotel s špatnými úvěry.
A to, jak vypadá obývací pokoj a hlavně recepční pokoj, nám dává dojem, že bychom měli znovu, dvakrát, nebo spíše třikrát zvážit, zda je opravdu čas půjčovat.
A hlavně, kde si půjčit, protože to je pravděpodobně ten účel.
Informace na webu jsou užitečné, ale málo podrobné.
Je to spíš pro mladé, než pro veřejnost.
Ale co když doplníme hru?
Například v hotelu by se objevil pokoj našich snů.
Vlastně je to něco, protože si ani nesnažíme koupit byt...
Morgan Stanley otevře kapitál pro MUFG
Morgan Stanley oznámil, že se chystá investovat do Mitsubishi UFJ Financial Group (MUFG), největší japonská banka, která zaplatí 9 miliard dolarů za 21% kapitálu společnosti poté, co se ceny akcií Morgan Stanley na burze prudce snížily.
Týden po zveřejnění předběžné dohody obě banky oznámily, že MUFG koupí 9,9% podíl Morgan Stanley za 25,25 dolarů za akcii, což je celkem 3 miliardy dolarů.
Přijato cena je o více než 19% nižší než účetní hodnota cenných papírů k 31. srpnu.
MUFG investuje dalších 6 miliard dolarů do nákupů konvertibilních cenných papírů, které mu poskytují 10% výnosy a jejichž výměnná hodnota je 31,25 dolaru.
Podle Morgan Stanley je globální transakce realizována za průměrného kurzu 29 dolarů, což je o 28% vyšší než současný kurz.
Nicméně, akcie Morgan Stanley klesly o 6,79% kolem 17:00 Greenwich Central Time a uzavřely se na $23.07.
"Tato strategická aliance nabízí Morgan Stanley velkou příležitost urychlit transformaci do holdingové společnosti", vysvětluje John Mack, generální ředitel americké skupiny.
Morgan Stanley minulý týden schválil nový status, který mu umožní diverzifikovat svou činnost, ale zároveň se dostane pod kontrolu Federální rezervy.
Dohoda s MUFG znovu potvrzuje, že současná finanční krize vyžaduje větší opatrnost ze strany gigantů na Wall Street.
Z podmínek oznámených v pondělí je patrné, že dohoda byla v posledních dnech změněna. V pondělí minulého roku Morgan oznámil, že prodá 20% svých akcií japonské společnosti za zhruba 8,5 miliardy dolarů.
"Před týdnem jsme si mysleli, že se bude podílet pouze na akciích", vysvětlil Toshihide Mizuno, výkonný ředitel MUFG v Tokiu.
"V současné situaci na trhu a v hospodářské situaci jsme však chtěli minimalizovat a chránit potenciální rizika".
V rámci vážené průměrné ceny MUFG platí za akcie Morgan Stanley 7% více než jejich účetní hodnota.
V důsledku této transakce se sníží výnos na akcii o přibližně 20%.
Podle dohody může MUFG po uplynutí jednoho roku převést polovinu svých přednostních akcií na základní akcie, pokud jejich obchodní cena během určitého období převyšuje převodní kurzy o více než 50%, tedy přibližně 47 USD.
Morgan Stanley tak zajistí, aby prostředky z MUFG umožnily využít investiční příležitosti, zlepšit svou bilanci a zvýšit své likvidity.
Mluvčí skupiny však nechtěl poskytnout žádné konkrétní informace o strategických plánech dvou nových spojenců.
Po vstupu MUFG by se Morgan Stanley měl zvýšit svůj solventnostní poměr Tier I o přibližně 15%, což by ho činilo jedním z nejlepších ve svém odvětví.
Morgan tvrdí, že jeho bilanční hodnota se od konce srpna "rozhodně" zlepšila.
Poslední týdny byly pro skupinu velmi těžké, protože její akcie klesly o polovinu a náklady na pojištění proti riziku selhání stouply do výšek.
Tento náklad se v pondělí snížil, ale zůstal vysoký, kolem 12%.
Jediná z velkých investičních bank, která přežila po bankrotu Bear Stearns a Lehman Brothers a po jejich koupi Merrill Lynch, je Goldman Sachs, který minulý týden oznámil, že získal 15 miliard dolarů, z nichž část pochází z Berkshire Hathaway, skupiny Warren Buffett.
Rafael Correa, Quito, v pondělí
Obnova republiky v duchu socialismu 21. století.
Je to společný plán Venezuelského prezidenta Hugoa Cháveza, Bolivijského prezidenta Evo Moralesa a Ekvádorského prezidenta Rafaela Correi.
V neděli Correa, následovně jako jeho kolegové a přátelé, představil své představy o nové ústavě.
Úspěšně splnil svůj úkol, protože 64% voličů hlasovalo pro referendum podle oficiálních výsledků, které se týkaly 80% hlasů.
Podle toho 28% obyvatel hlasovalo proti, 7% hlasů bylo neplatných a 0,7% bylo vyplněno voličy.
Pro přijetí návrhu ústavy bylo zapotřebí 50% + 1 hlasů.
Dvě průzkumy provedené v neděli u volebních místností a sčítání hlasů provedené neziskovou organizací potvrdily obrovskou nadřazenost hlasů pro "ano" o 63% a 70% v porovnání.
Rafael Correa se o svém ústavním návrhu už v noci od neděle do pondělí bavil.
"Konstituce zvítězila", prohlásil a poděkoval Ekvádorcům v Guayaquil, což je sídlo vlády, 280 kilometrů jihozápadně od Quita.
Rafael Correa byl, jak je známo, také gratulován Chavezem, Moralesem a čilskou prezidentkou Michelle Bacheletovou.
Podle zprávy pozorovatelské mise Organizace amerických států (OAS) se hlasování konalo v klidné atmosféře, hlavním tématem byl text o 444 bodech, který shrnuje principy "nové socialismu", které prezident obhajuje.
Navrhovaná ústava by měla státní moc dát do služby ekonomice, přičemž by si zachovala právo "plánovat rozvoj" pro zemi, která žije hlavně z těžby ropy zahraničními společnostmi a z měny posílané emigranty.
V roce 2006 byl zvolen prezidentem Correa a jeho návrh ústavy také posiluje moc prezidenta, který může získat mandát až na dvě po sobě jdoucí období a má právo rozpustit parlament.
Correa už oznámil, že chce tuto možnost využít a v únoru 2009 se znovu uchází o prezidentský mandát.
Ústava také zahrnuje bezplatné zdravotní péče a vzdělání, které prezident začal zavádět v zemi s 13,9 miliony obyvatel, z nichž polovina žije pod životním minimem.
A konečně, ústava zakazuje zahraniční vojenské přítomnost v zemi, což by mohlo zrušit dohodu mezi Quitem a Washingtonem o použití ecuadorského zařízení, které slouží jako základ pro americké antidrogové operace.
V Čadu osvobodili 19 rukojmích
Egyptské komando zaútočilo na únosce, kteří před deseti dny zajali 11 turistů a osm jejich doprovodů.
Rychle! Rychle!
Jedenáct evropských turistů a osm egyptských doprovodů bylo drženo v poušti po dobu deseti dnů, odkud byli v pondělí odpoledne převezeny v bezpečí do egyptského hlavního města.
Ráno v Čadu byli osvobozeni egyptskými komando.
Vzdělávání je v pořádku. Přiletěli na al-Maza vojenskou základnu, která je přímo napojená na mezinárodní letiště v Káhiře.
Zadržení byli zakázáni mluvit s tiskem a okamžitě byli převezeni do nemocnice v Maadi, která je na předměstí Káhiry, kde byli vyšetřeni.
Hostaže jsou "zdravé" a únosci "nejsou vyplaceni", řekl na letišti egyptský ministr cestovního ruchu Zoheir Garanna.
Na konci září byli zajati na úpatí hory Ouanat na hranicích Egypta, Súdánu a Libye, kde se účastnili safari na terénu.
Skupina měla 11 turistů (pět italských mužů, pět německých mužů a jedna rumunská žena) a osm Egypťanů: dva průvodce, čtyři řidiči, pohraniční strážce a ředitel cestovní kanceláře Aegyptous, která organizuje safari.
Egyptský bezpečnostní důstojník řekl, že 30 členů speciálního komando dorazilo na místo útoku dvěma vrtulníky, kde byli zabití rukojmí těsně před svítáním.
"Vstoupil do střelby mezi jednotkami, polovina únosců byla zabita a zbytek uprchl", řekl vůdce, který nechtěl být jmenován.
Dodal, že celkem 150 členů speciální jednotky z egyptské Brigy Blesku bylo vysláno do Súdánu, kde byly doplněny o německé a italské komandáky.
Italský diplomatický šéf Franco Frattini, který je v Belgradu, zdůraznil úlohu tajných agentů a speciálních italských jednotek.
"Musíme uznat, že tento výsledek by nebyl dosažen bez profesionálního a efektivního zásahu našich tajných služeb a akčních jednotek", prohlásil, aniž by poskytl další podrobnosti.
Navíc popřel, že by za ty rukojmí byla zaplacená výkupná cena.
Předchozí den oznámila sudánská armáda, že během hlídky zadržela SUV, v němž byli únosci, a že šest z nich bylo zabito (včetně čadského vůdce) a dva zatčeni.
Podle armády byli rukojmí spojení s rebelskou organizací SLA-U v Durbaru, což organizace okamžitě popřela.
Lettres - "tichá většina" kultury
V současné době je v novinách a v průběhu volební kampaně v centru pozornosti debata o financování kultury.
To je dobře.
Ale jeden kus našeho kulturního života je stále zapomenut.
Kdo by se zvedl a vysvětlil, jak nesmyslné jsou peníze, které se vydávají na vyhladovějící se malé muzeum, archivy, archeologické výkopy a národní historické památky?
Který politik si troufá připomenout federální vládě, že se nezajímá o své památky a kulturní dědictví?
Nebo že v Quebecu ani v Kanadě neexistují zákony, které by skutečně zajistily účinnou ochranu našeho kulturního dědictví?
Věděli jste, že francouzská vláda vynaložila tři a půl milionu eur na rekonstrukci zámku Chinon v údolí Loiry?
A ústava našich sousedů v Americe říká, že ochrana kulturního dědictví je součástí americké kultury a že toto dědictví musí být chráněno koordinovaně všemi občany, všemi volenými zástupci a všemi vládními orgány.
V rámci Federace historických společností Quebecu (Fédération des sociétés d'histoire du Québec) pracuje více než 40 000 dobrovolníků 211 společností zabývajících se historií, kulturním dědictvím, archivou a genealogie, které se snaží s minimálním rozpočtem provádět historický výzkum a zachovávat velké množství soukromých archivů a archeologických nálezů.
Často tyto organizace tvrdě chrání naše dědictví a protestují s poslední silou, když realitní vývojáři a politici nasměrují své buldozery na naše staré budovy a zapomenuté hřbitovy.
Kdy někdo bude bránit historické a kulturní dědictví?
Část Fortis banky je znárodněna Beneluxovými vládami.
Beneluxské státy poskytly část pomoci pro belgické a nizozemské Fortison, které se stalo první evropskou bankou, která se ocitla v krizi v důsledku rozsáhlé krize na americkém trhu s úvěry.
Belgická, luxemburská a nizozemská vláda se o tom dohodly na nejvyšší úrovni koncem týdne, včetně prezidenta Evropské centrální banky a zástupce Evropské komise pro hospodářskou soutěž.
Fortis Bank je první velkou krizí v eurozóně v rámci mezinárodní finanční krize, která se odehrává po více než roce, a rozhodnutí o této bance mohou být proto v jistých ohledech považována za precedentní.
Podle rozhodnutí, které bylo přijato v neděli večer, budou všechny tři státy kupovat téměř polovinu (49%) majetku banky.
Banka bude jistě prodávat část svých podílů, zejména činnosti, které koupila od nizozemské ABN Amro v loňském roce, zejména pojišťovnictví.
Akcie Fortisu začaly minulý týden prudce klesat, a v druhé polovině týdne se objevily vážné krize.
Analytici se však shodují, že s 85.000 zaměstnanci je banka příliš velká na to, aby byla zrušena.
Akcie společnosti klesly v pátek o 12%, což je 14 let nízká hodnota.
Od ledna se hodnota akcií snížila o více než dvě třetiny.
Podle současných akciových cen má skupina celkovou tržní hodnotu kolem 14 miliard EUR, což podle ředitelů není reálné.
Ředitelství obviňovalo z toho, že nejistota v zahraničním trhu ohledně přijetí amerického balíčku ve výši 700 miliard dolarů způsobuje pokles akcií Fortisu.
V pondělí se ceny papírů mírně zvýšily.
V pátek byl jmenován nový generální ředitel Filip Dierckx.
Finanční instituce hledá i soukromé kupce, ale nikdo se neohlásil s hodnotnou nabídkou.
Belgická vláda již dříve upozornila, že investoři se nemusí bát, že neztratí své peníze.
Zatím se mezi klienty banky nevyvolala panika, žádné bankovní bankovky nebyly vyloupeny.
Fortis má v Maďarsku samostatnou pobočku a také zakoupil lizingové společnosti.
Liška v kuřecím krku
Americké pojišťovny často odmítají uzavřít smlouvu s žádoucími na základě jejich údajů o nákupu léků.
Ochranáři se obávají, že trh s daty se stane nekontrolovatelným.
"Existuje program ochrany osobních údajů, který vyžaduje, aby informace o předpisích byly vždy sdíleny s souhlasem příslušné osoby.
Musí to být v nezávislých rukou, jinak necháme kohoutku na lišku".
Pojišťovny uzavírají pojistné a škody podle zdravotního stavu uchazeče a pokud se domnívají, že riziko je příliš vysoké, nezajišťují ho.
Dříve byl člověk vyslán na lékařskou prohlídku a smlouva byla uzavřena pouze s vědomím výsledků.
Před deseti lety Dick vymyslel mnohem levnější metodu, kdy může z lékáren snadno získat informace o lékových nákladuch, které si zákazník koupil za posledních 18 měsíců, a program z toho sám zjistí, jaké onemocnění a zdravotní stav má.
Například, pokud pravidelně užíváte vysoké dávky cholesterolní látky, znamená to, že máte prakticky nekontrolovatelně vysoké hladiny tuku v krvi, což vás okamžitě umístí do vyšší rizikové kategorie.
V současné době existuje několik variant programu, některé z nich také stanovují rizikové faktory, takže pojišťovnu zbylo jen málo práce kromě papírování, i když se vyskytly drobné potíže.
Nevýhodou je, že některé léky mohou být použity pro více účelů, například některé látky mohou být použity i proti migréně nebo horečkám, ale jsou také účinné proti depresi.
Druhý faktor je pro obchodní pojišťovny významným rizikovým faktorem, zatímco druhý není.
Pro získání a zpracování údajů byly vytvořeny společnosti, které vyžadují před získáním informací od lékáren souhlas pacienta.
A nyní je to povinností, i když dosud nebyly potrestány.
Některé firmy nyní zpracovávají výsledky laboratorních testů a spojují je s daty o užívání léků, aby poskytly ještě přesnější obraz o stavu pacientů.
Čím více firem má přístup k datům, tím je těžší je sledovat.
Existuje zvláštní zákon o ochraně zdravotních údajů, ale vztahuje se pouze na zdravotní poskytovatele a pojišťovny.
Kongres má před sebou návrh zákona, který by dal vládě kontrolu nad společnostmi, které se specializují na poskytování informací.
Dick Richard si uvědomuje, že to nestačí, a proto vyvíjí svůj program, který by předávání dat zavázal k výslovnému souhlasu dotčeného.
Je to ale jiná věc, protože člověk nemůže odmítnout souhlas, jinak se s ním pojišťovny nehodlá dohodnout.
Takže slepice jsou nakonec trochu závislé na laskavosti lišky.
Globální menu Marseille
Dvojit obchod mezi EU a Indií
Vzhledem k tomu, že EU a Indie jsou vzájemně předními obchodními partnery, dominovalo toto téma na programu devátého summitu, spolu s dalšími, převážně globálními problémy.
Dnes bude francouzsko-indický summit, kde se bude hovořit hlavně o spolupráci v oblasti jaderné energie.
Evropská unie sice uznává, že Indie je rostoucí demokratickou velmocí, která by měla mít větší slovo v mezinárodních záležitostech, ale členské státy se zatím nedokázaly dohodnout, zda budou podporovat trvalé členství Dillí v Radě bezpečnosti OSN.
To je otázka, která se už neřešila na už devátém summitu, který se včera konal v Marseille.
Francouzský prezident Nicolas Sarkozy jako řádný prezident EU a José Manuel Barroso jako prezident Komise a Javier Solana jako vysoký představitel pro zahraniční věci přijali indického premiéra Manmohana Singha, s nímž se dohodli, že během pěti let zdvojnásobí obchod, což znamená, že se zvýší na více než 100 miliard eur.
Vzhledem k tomu, že se v letech 2000 až 2007 zvýšil objem obchodu z 25 miliard dolarů na 55 miliard dolarů, není to příliš ambiciózní cíl.
V souladu s tím bylo právně shromažďováno 26 bilaterálních dohod o civilním letectví s Indií, což znamená, že letecká doprava může v budoucnu vzrůst.
Indie chce do konce roku 2009 podepsat s EU dohodu o volném obchodu.
Sarkozy slíbil, že urychlí jednání.
Cílem je vyrovnat, že zatímco EU je největším obchodním partnerem Indie, je Dillí pouze devátým největším partnerem EU.
Summit se zaměřil na globální záležitosti.
Situování v Afghánistánu a Pákistánu a terorismus v jeho všech formách byly odsouzeny na obou stranách a naléhavě vyzývána k svolání konference OSN.
I oni požadovali ukončení obchodního kola v Doha, ačkoli oba mají velkou roli v jeho selhání.
EU potvrdila, že se bude držet svého programu pro energetiku a klima, tj. snížit emise o nejméně 20% do roku 2020.
Indie souhlasila s tím, stejně jako s tím, že na příští konferenci o klimatu by měla být uzavřena globální dohoda o snížení emisí skleníkových plynů o 50 procent do roku 2050.
Chtějí také zabránit růstu cen potravin a podporovali svolání mezinárodní konference k projednání finanční krize.
Indický premiér dnes odjíždí do francouzského hlavního města, kde se chystá na bilaterální schůzi uzavřít dohodu o mírové využívání jaderné energie.
V Paříži doufají, že francouzské společnosti dostanou zakázku na stavbu jaderných reaktorů v Indii v hodnotě 20 miliard eur.
Podle zpravodajských zpráv by to mělo trvat 15 let.
Více než 300 italských knihkupností ve Frankfurtu
Italští vydavatelé mají na Mezinárodní knižní výstavě ve Frankfurtu silnou konkurenci.
Více než 300 italských vydavatelů se zúčastní nejvýznamnějšího mezinárodního setkání autorského práva, 60.
Na letošním mezinárodním veletrhu v Frankfurtu, který bude mít na svém místě více než 403.000 knih, se bude podílet 7.000 vystavovatelů ze 101 zemí.
Na slavnostním otevření italského pavilonu bude italskou vládu zastupovat Francesco Maria Giro, státní zástupce ministra kulturních statků a aktivit.
Slavnostní otevření bude následováno tiskovou konferenci v místnosti "Struktura" v halě 5.0 Buchmesse, kde bude také příležitost k prezentaci údajů, trendů a vyhlídek týkající se situace v italském knižním vydávání.
Podle údajů se podíl zahraničních autorů na italském vydávacím trhu neustále snižuje, zejména v oblasti publikací pro dospělé a mládež.
Letadlo miliardáře Stevea Fossetta, který zmizel před rokem, bylo nalezeno.
Zbytky letadla miliardáře Stevea Fossetta, který zmizel 3. září 2007 nad pouští v Nevadě, byly nalezeny.
Zbytek byl nalezen na výšce 3000 metrů v okolí Mammoth Lakes v Sierra Nevada, na hranici Kalifornie a Nevady.
V letadle nebyly nalezeny žádné lidské zbytky.
Madera County Sheriff John Anderson vyřešil všechny pochybnosti: "Po zjištění polohy letadla jsme vyslali tým a nyní můžeme být si jisti, že jde o letadlo, které letěl Steve Fossett v den, kdy zmizel", řekl na tiskové konferenci.
Šerif také potvrdil, že v letadle ani v okolí nebyly nalezeny žádné lidské ostatky.
63letý miliardář byl v únoru prohlášen za mrtvého.
Americký Úřad pro bezpečnost dopravy (NTSB) uvedl, že několik hodin po objevu vraku byl požádán o svolání vyšetřovací komise, která byla schopna identifikovat letadlo a zjistit, že se jedná o Bellanca 8kcab, který zmizel 3. září 2007, v den, kdy Fossett letěl tříhodinovou cestu z Yeringtonu v Nevadě.
Také včera v Kalifornii, nedaleko hranice s Nevádou, pár lidí našel Fossettovy osobní věci poblíž jeho domu v Mammoth Lakes.
Dvě identifikační karty ve jménu Fosseta, vydané Illinoiskou federální leteckou správou, nějaké hotovosti a svetr.
Hledání Fossetta bylo ukončeno měsíc po jeho zmizení.
Tento miliardář dosáhl mnoha vrcholů, díky nimž se zapsal do historie.
V roce 2002, při svém šestém pokusu, poprvé obletěl zemskou oblohu vzduchem.
O tři roky později obletěl planetu bez přistání.
Mezi jeho rekordy patří let nad Andy, který absolvoval s doprovodem ve výšce 15 445 metrů.
GLK, šokující reklama
Je to neobvyklé, ale zároveň originální a pevně formulované hobitské vozidlo s velkými plochami a vyčistěnými rohy.
To je v podstatě poslední "kompaktní SUV" od Mercedes-Benz, který se snaží německá automobilka na trh přivést.
Právě díky tomuto odlišnému obsahu bude i úvodní kampaň SUV GLK, která bude od 17. října v prodejnách Mercedes-Benz, překvapivá a neobvyklá.
Reklama, která doprovází představení nového vozidla, využívá dosud neznámý prostředek komunikace, například utopistické 3D plakáty, které v Itálii ještě žádná automobilka nepoužila.
Obrovská akce, která se skládá ze tří etap, bude dominovat hlavní nákupní ulici v Miláně, Corso Como, až do 15. listopadu.
První fáze tohoto nového typu mediální komunikace začíná prezentací vozidla, která se bude konat v podobě přehlídky, kdy bude nové SUV zobrazeno ve třech dimenzích a ve skutečných rozměrech pomocí speciálních brýlí rozmístěných v okolí Corso Como.
Když se na to díváte, bude to vypadat, jako by se auto vynořilo z plakátu.
Následně díky inovativní technologii Elumina8 se všechny detaily nového GLK promění v jedno a posléze se skládají do jednoho obrazu.
Není pochyb o tom, že Mercedes se tímto propagačním projektem snaží vnést něco nového do stereotypního reklamního světa automobilového průmyslu.
Získáme-li zájem o to od potenciálních zákazníků, uvidíme.
Ukážeme vám, kdo jsou italští fotbaloví huligáni.
Jsou to mladí lidé z Trivenetu, kteří budou pravděpodobně vyloučeni z soutěže.
Ale kdo jsou ti 150-200 chlapci a dívky, o kterých se celá Itálie teď stydí?
Nikdy se nehádali s ostatními fanoušky.
Jádro skupiny je napravo.
Hlavní organizátoři jsou z Triventa.
A také z Verony, Padovy, Trieste a Udině.
Do těchto skupin se připojily menší a roztroušené skupiny z Kampánie a Puglie (ve skutečnosti jen několik jednotek) v Sofii.
Vydávali italské vlajky s rodným městem fanoušků, které byly v sobotu odstraněny, aby nebyly identifikovatelné.
Věřím, že to budou angličtí fanoušci.
V Bulharsku se potýkali s opravdovou nacistickou fanouškou, Levskiho druhy.
Italská fotbalová federace poskytla 144 lístků pro italské fanoušky, které byly jmenovité, aby bylo snadnější kontrolovat fanouškovský tým.
Ministerstvo vnitra všechny kontrolovalo: mezi těmi, kteří se chystali do Sofie, nebyl nikdo, proti komu by bylo zahájeno řízení, nikdo, komu by bylo zakázáno navštívit stadion.
Čtyři italští fanoušci s fotbalovými záznamy byli odmítnuti na vstup a na cestu.
Ministerstvo vnitra čeká na protokol od sofijské policie a poté přijme opatření. Fani, kteří budou během nepokojů zatčeni nebo identifikováni, mohou být odsouzeni k pěti letům trestné činnosti.
Jedná se o mezinárodní zákaz, který se týká návštěvy nejen italských, ale všech evropských stadionů.
Takže naši fotbaloví huligáni nesmí vkročit na žádné fotbalové hřiště.
- Naštěstí.
Ale musíme se obávat, že se ti šmejdové dostanou k následovníkům, což znamená, že se k těmto 150 hlavním přidá i další.
"Tento oheň musí být okamžitě uhasen, nikdo nemůže ospravedlnit, kdo se takhle chová", uvedlo ministerstvo vnitra.
Takže bychom měli mít oči otevřené, zvláště když se blíží středeční zápas v Lecce.
V Puglii je menší buňka podporující italské ultraty.
Zítra se schází Služba sledování a v úterý se schází Výbor pro analýzu bezpečnosti sportovních akcí, který může být součástí oddělení vnitřní bezpečnosti, tajné služby zabývající se fanouškovským chováním.
"Sklánění Duce-Duce a hýbení rukou pod italskou hymnou není v Bulharsku trestný čin"...
Tato myšlenka byla rozvinuta, a to docela nešťastným způsobem, Domenicem Mazzillim, který byl před několika týdny jmenován vedoucím pozorovatelské služby ministerstva vnitra (posty, kterou zastával Francesco Tagliente a předtím Felice Ferlizzi).
Mazzilli byl předtím policejním ředitelem města Triest, kde od roku 2002 působí buňka podporující Ultras Italia.
Mazzilliho tvrzení je pravda, že v Bulharsku není zakázáno vévodovi živit, ale to nevadí tomu, že jeho chování 150 až 200 fanoušků bylo ostudné.
Nejsem sociolog, dodal první muž v pozorovací službě, ale zločiny musí být souzeny v zemi, kde se spáchaly.
Zatím jsme se s touto skupinou neshodli, takže musíme zjistit, co se přesně stalo a zvážit, jak dál.
Ale řekněme si o tom, že zpívání italské hymny není zločin, ale pokud mohu říct, není ani slušné"...
