Vítězství populistické pravice v Rakousku, společně tvoří 29%
Předčasné volby do rakouského parlamentu vedly podle prvních přibližných výsledků k znatelnému oslabení obou stran současné velké koalice a k výraznému posílení populistické strany na pravici.
Velké a zvláštní ztráty utrpěla rakouská lidová strana (OVP), kde se vážně otáčí pozice současného prezidenta Wilhelma Molterera.
Naopak vůdce Aliance pro budoucnost Rakouska (BZO), šéf vlády státu Karínsko Jörg Haider, se připravuje na svůj úspěšný návrat do národní politiky.
Podle přibližných výsledků zůstává sociální demokracie (SPÖ) silnější stranou v zemi s 29,8 procentem hlasů, což znamená, že ztrácí 5,5 procent hlasů ve srovnání s poslední volbami v roce 2006.
OVP ještě skončila, když ztratila 25,6 procenta, téměř devět procent hlasů.
Jsou to nejhorší výsledky, doslova katastrofické, v historii těchto dvou velkých rakouských stran od poválečné doby a zvláště pro populární, kteří svolali tyto předčasné volby.
Ještě na začátku července, když OVP opustila koalici, měli populisté v preferenci před SPO značnou výhodu.
Je však jasné, že voliči je potrestaly za to, že nechali vládu ztroskotat.
Už v prvních reakcích na výsledky se ozývaly spekulace o rezignaci předsedy strany a až do dnešního dne vicechancléře Wilhelma Molterera.
Pozorovatelé věří, že už v pondělí by se k tomu mohlo dojít na mimořádném zasedání předsednictva strany.
Takový vývoj by samozřejmě usnadnil cestu k stálému a nejpřibližnějšímu výchozímu bodu volebních výsledků, tj. obnovení velké koalice mezi SPO a OVP.
Vzhledem k tomu, že posílení obou populistických pravicových stran - liberálů (FPO) získalo přibližně 18 procent a BZO 11 procent hlasů - a že sociální demokraté současně vyjádřili obavy z opakování toho samého jako v roce 1999, kdy populisté vyjednávali s populisty (tehdy FPO byla jednotka, ale v roce 2005 se od BZO odtrhla) o koaliční vládu, která se stala sankcí Evropské unie.
Na tuto evoluci je jasně Haider, který už oznámil, že je připraven spolupracovat s jakoukoli stranou a že se již vrací do Vídně, do národní politiky.
Zelená strana se také dostala do parlamentu, i když poněkud prohrála a klesla ze třetího na páté místo mezi rakouskými politickými stranami.
Žádná jiná strana jasně nepřekročila hranici čtyř procent a proto není součástí parlamentu.
Schwarzenberg: Vztah s Indií může ochladit
Pokud se problém českých vědců, kteří byli v Indii obviněni z nelegálního sběru chrobáků, nevyřeší, může dojít k ochlazení česko-indických vztahů, tvrdí ministr zahraničí Karel Schwarzenberg.
Tak to řekl ministr v New Yorku po setkání se svým indickým protějškem, Pranabem Mukherjee.
"Pokud by se to nevyřešilo, tak ano, pak by se to jistě mohlo stát", konstatoval po setkání, které bylo organizováno na českou iniciativu.
Mukherjee řekl po setkání, že do právních záležitostí se exekutivní moc nemůže vměšovat.
Nicméně uvedl, že v případě Petra Šváchy, který byl zbaven obvinění a potrestán pokutou, může vláda vyjednávat s místní vládou v Darjilingu, v jejíž jurisdikci se věc nachází.
"Jeho problém by mohl být vyřešen", řekl ministr.
Pro Emila Kučeru, odsouzeného na tři roky vězení, by podle Mukherjeeho bylo nejlepší, aby se odvolal na nejvyšší instance.
Poté může požádat o exoneraci z případu a počkat na rozsudek.
Schwarzenberg potvrdil, že jeho kolega se během setkání vyjadřoval stejnými slovy.
"Doporučuje se odvolat k Nejvyššímu soudu a pak by bylo možné udělit milost", řekl šéf české diplomacie.
Jediný způsob, jak může čeština vstoupit do věci, je získat odsouzenému "kompetentní právní podporu", uvedl indický ministr.
Na druhou stranu řekl, že tento druh podpory už získává indická strana.
"Máme největší zájem udržet s Indií nejlepší vztahy, které mají dlouhou tradici.
Indiáni to také uznávají", řekl Schwarzenberg.
ČTK navíc uvedla, že ČR považuje problém českých entomologů za velmi důležitý.
"Věříme, že je opravdu velká chyba uvěznit a odsoudit tyto české vědce", oznámil.
Ministr se vyhnul odpovědi na otázku, zda od indické strany obdržel sliby, že se o tuto záležitost postará.
"Dostalo se mi dost slibů", jen konstatoval.
Čech rozhodl zápas na mořském dně
Přiblížím se k elektronické zdi, která zobrazuje Austrálii obklopenou mořem.
Zajímá ho však jen malý bod v modrém oceánu.
"Ostrov patří Austrálii a spolu s ním i okolní mořské dno.
Region je zároveň velký jako jeden kontinent", říká italský právník Luigi Santosuosso, který patří k třicetčlennému týmu pracujícímu v oddělení OSN pro otázky práva oceánů a moří.
Jeho šéf, vedoucí divize, český právník Václav Mikulka, sleduje expozici a někdy ji dokonce dokončuje.
Ovládá to tento temperament a nadšení pro práci.
Pod hladinou moře je dosud neznámý svět bohatý na přírodní zdroje.
Najdete v ní ropu a další minerální suroviny, ale také dosud neznámé organismy, které samy o sobě mají klíč k vývoji léků proti rakovině.
Dno je větší než pevnost.
Země s pobřeží dnes začaly vehementně bojovat o nové území pod mořem.
Podle smlouvy OSN využívají práva, která se dohodli v roce 1982 v Montego Bay na Jamajce.
Jedná se především o tzv. kontinentální okraj, který se někdy rozprostírá na několik set kilometrů od pobřeží dané země.
Podle Smlouvy má exkluzivní práva na všechny zdroje na kontinentálním okraji.
"Kontinentální okraj je jednoduše část mořského dna a jeho povrchu, která je přirozeným pokračováním kontinentu pod vodou.
Dosahuje až k hranici pobřeží a často až k hranici dvou set námořních mil, tedy čistě ekonomické zóny", vysvětluje Mikulka.
Žádost dané země o stanovení vnějších hranic kontinentálního okraje musí být předložena Komisi s vědeckou technickou dokumentací založenou na výzkumech a opatřeních.
Je to výsledek řady let přípravné práce.
"Jedním z našich úkolů je organizovat komisi odborné technické a právní pomoci.
Komise dosud projednala pět žádostí od Ruska, Brazílie, Austrálie, Irska a Nového Zélandu.
Zatím se podařilo pouze v posledních třech zemích", dodává Mikulka.
Nedávno měl Austrálie světový dopad, protože byla první, která v podstatě rozšířila svou mořskou nadvládu.
Ale New Zealand to dokázal - mořské dno, které mu komise minulý týden poskytla, je 1,6 milionu kilometrů čtverečních, což je téměř šestkrát větší než jeho vlastní stát.
Obě země investovaly miliony dolarů do jeho studie.
Zisky z využití mořského dna budou, jak slibují, neocenitelné.
Další státy postupně podávají žádosti.
Mohou tak učinit až do deseti let od ratifikace "Montego Bay Treaty".
Tam, kde končí kontinentální okraj, začíná oblast oceánského dna, která byla Smlouvou prohlášena za "společné dědictví lidstva".
Už tady žádný národ nemá výlučnou pozici.
Právo na těžbu v těchto oblastech je řízeno smlouvami, které byly uzavřeny mezinárodními institucemi.
"Mořské dno však není žádná zlatá hora", zdůrazňuje ředitel Mikulka a dodává, že "jeho oddělené oblasti jsou legálně a jasně omezeny a jejich režim je definován smlouvou".
Češi v Tichomoří
A dnes patří část mořského dna také České republice.
Je rozdělen s dalšími zeměmi tehdejšího východního bloku v rámci společné organizace "Interoceanmetal".
Tento stát to dokázal v roce 1991 Smlouvou jako investoři stejně jako několik dalších států, státy nazývané "průkopní investor".
Má oprávnění k explozi v oblasti ClarionClipperton v Tichém oceánu mezi Mexikem, Havajskými ostrovy a Kiribati.
Oblast, kterou by měl investiční podnik vykoumat, je o něco větší než bývalá Československo.
Dno je drsné, je to něco jako mořská replika Tatrů.
"Můžete využívat plochu o celkové rozloze 75 000 kilometrů čtverečních.
Oblast je bohatá na polymetální betonové ložiska obsahující nikl, měď, kobalt a mangan", dodává indický právník Pakshi Rajan.
Macedonský zaměstnanec divize, Rober Sandev, nám přináší vzorek takového konkrétního řešení.
Připomíná nám malou bramboru nebo s trochou fantazie, Šema, který podle legendy oživoval Golema.
Během osvobození rukojmí bylo na místě akce německé speciální jednotky.
Aby řešila tu rukojmí krizi, egyptská vláda požádala Německo o pomoc.
Když se situace zhoršila, speciální jednotky byly připraveny, ale operace se neprovedla.
Víc informací o okolnostech propuštění 11 evropských turistů v Egyptě se stále více dozvídáme.
Podle údajů ministerstva obrany a ministerstva vnitra se na záchranné akci nepřímo podílely i německé speciální jednotky.
Na místě osvobození byli tedy specialisté německé armády, stejně jako úředníci GSG 9, letové eskadry federální policie, Federálního úřadu pro trestní vyšetřování a odborníci v oblasti logistiky technické charitativní instituce.
Jak informovali mluvčí ministerstev v pondělí večer, německé síly nebyly potřebné, protože únosci, kteří si uvědomili násilný osvobození, propustili své vězně a utekli.
Egyptská vláda přijala pomoc od Německa, aby ji použila jako podporu na místě.
"Naštěstí ten čas nepřišel", řekl mluvčí federálního ministerstva vnitra.
19. září v jižním Egyptě útočníci unesli skupinu cestujících, z nichž 5 bylo Němců, 5 Italů, jedna Rumunka a jejich 8 egyptských společníků.
Po únosu v jižní pouštní oblasti Egypta byli rukojmí deportováni na hranice Egypta, Libye, Súdánu a Čadu.
Identita únosců zůstala až do konce neznámá, stejně jako podrobnosti o propuštění nebo možných výkupných.
Mezitím se zachráněné osoby dostaly do Káhiry.
Steinmeier řekl, že osvobození rukojmí jsou pod dohledem německé ambasády.
Neřekl ani slovo o detailech propuštění.
Zpočátku v Berlíně nebyla žádná informace o jejich návratu do Německa.
Podle deníku "Bild" musí pět turistů a speciální jednotky jet na německém leteckém letounu Airbus a dorazit do Německa v úterý.
Americká Sněmovna reprezentantů nepřijala záchranný balíček.
První komora amerického Kongresu jen stěží zmařila obrovský záchranný balíček 700 miliard dolarů pro finanční trhy.
Dow Jones klesl velmi drasticky.
Sněmovna reprezentantů Spojených států odmítla 227 hlasy proti 206 vládní balíček na záchranu finančních trhů.
Navzdory všem apelům prezidenta George W. Busha a bývalých politiků z obou stran se nedosáhlo většiny pro program, který by měl omezit chaos na finančních trzích.
S dramatickou akcí zoufalí obhájci se stále snažili přesvědčit kritiky, aby přijali obrovský balíček 700 miliard dolarů.
Barney Frank, demokratický vedoucí jednání, požádal poslance o hlasování, i když plán není tak populární.
"Je těžké získat politické schválení, aby se zabránilo něčemu, co se ještě absolutně nestalo", přiznal.
Už během hlasování klesl Dow Jones o více než 6 procent, nebo 600 bodů.
Příčinou toho byly obavy investorů, že státní záchranný balíček by mohl selhat.
Na konci hlasování si odpočinul a poté, co byla jeho neúspěch zveřejněna, spadl znovu.
Odborníci počítají s dalšími vážnými turbulencemi na mezinárodních finančních trzích.
Aby byl program uveden v platnost, musí být schválen jak Sněmovnou reprezentantů, tak Senátem.
Organizátoři zaznamenávají nárůst počtu rezervací
Zdá se, že pro německé cestovní kanceláře je zima dobrá.
Podle jedné studie se objem prodeje rezervací na cesty na příští měsíce zvýšil ve srovnání s loňským rokem - dokonce i v zimní sezóně o více než 30 procent.
Podle jedné studie zůstává i přes oslabenou situaci touha Němců cestovat stejná jako předtím.
Jak v pondělí informovala německá cestovní asociace (DVR) v Berlíně, cestovní kanceláře zaznamenaly s rezervacemi pro zimní sezónu objem prodeje, který je o 31 procent vyšší než v stejném období loňského roku.
Podle výzkumu GfK už se počet rezerv pro podzimní měsíce zvýšil.
Objem prodeje cestovních kanceláří v říjnu byl v porovnání s rokem 2007 o téměř jedenáct procent vyšší, uvedla DVR.
Výsledky jsou založeny na údajích společnosti GfK, které jsou analýzou informací o rezervacích v 1200 cestovních kancelářích a jsou přibližně vypočítány pro celý trh.
Údaje o rezervacích jsou údaje o rezervacích na cesty, které byly provedeny do konce srpna 2008.
Kvůli oslabenému kurzu dolaru jsou výlety do Spojených států velmi žádané, informoval DRV.
V tomto případě se počet rezervací zvýšil téměř na třetinu.
Nejoblíbenějšími cíli Němců nejsou pouze Španělsko, Turecko a Řecko, ale také regiony Německa.
Především jsou organizované cesty velmi preferovány, vysvětluje Klaus Laepple, prezident DRV.
Vzhledem k tomu, že ceny energie a potravin rostou, jsou v tomto případě cestovní náklady "lepše kalkulabilní pro zákazníka než při samostatné cestě".
Spotřebitelé mohou mimo jiné ušetřit peníze s slevami na předčasnou rezervaci nebo s All-Inclusive nabídkami, vysvětlil Laepple.
Také v letních měsících byly cesty dobře rezervované, takže objem prodejů opět vzrostl ve srovnání s loňským rokem - i když podle jiné studie počet Němců, kteří si vydali cestu, se v porovnání s loňským rokem snížil.
Můj první Oktoberfest.
Hity z večírků pod otevřenou oblohou v nekonečném lázní, pivo v litrových džbáních a slavné osoby oblečené v tradičních bavorských kostýmech od designérů.
Debut v stanu.
Susanne Kronzuckerová a já nemáme moc společného.
Je blondýnka, moderátorka v televizi a nosí tradiční bavárský kostým na míru.
Mám tmavé vlasy, jsem student a moje šaty jsou už použité.
Ale je tu jedna věc, která nás spojuje: Jakmile jsme v táboře, fotografové už se k nám vrhli a naplnili své paměťové karty s fotografiemi - je to velmi lichotivé, zejména proto, že jsem poprvé na Oktoberfestu.
Tak se stává přátelé.
Levné tradiční bavorské šaty, zdá se, splňují svou funkci.
Jako turistka z severního Německa na Oktoberfest můj pocit pohody v tradičních bavárských kostýmech byl až dodnes omezený.
Ale když jsme se dostali na Prado de Teresa, tak to není tak těžké.
Téměř každý nosí tradiční bavarské šaty nebo kožené kalhoty; nikdo se zdá být dávat pozor nebo cítit nepříjemné - to všechno je naprosto normální.
Jen moje předkousek dostane podivné pohledy vedle stánku s banánem v čokoládě.
Jedna panenka mi upozornila na můj předkousek, který jsem měla špatně oblečený: "levá část je svobodná, polovina je panna, pravá část je zasnoubená, vzadu je vdova".
Bože, teď se zabouchnu doleva.
"Dobře", říká se smíchem.
Ostatní se moc nezajímají o subtilní metody flirtování a nosí čepice s nápisem "To drink to get dressed!" a bez žádosti ukazují svá svá svázaná zadky.
Mladý chlapec, který se chová výstředně, se jmenuje Bob, je z Anglie a také poprvé na Oktoberfestu.
On to považuje za "gorgeous", což se vyslovuje s velmi dlouhým "o".
Vypráví mi to, když si odložil litr piva, který právě vypil.
Položil ho přímo vedle požárního otvoru, většina lidí si myslí, že to je odpad.
Takže Bob je jedna z těch slavných lidí, co umí hodně pít.
Ostatní nemají štěstí a nemohou pít tolik alkoholu.
Kolem osmi hodin večer se sanitky běží po místě oslavy a musí se starat o chudé opilce.
Zdravotníci se pokaždé objevují ve skupině - najednou jsou to vždy čtyři lidé, kteří přenášejí zakryté chodníky z jednoho stanu do druhého.
Funguje to jako u většiny návštěvníků: přijdou střízliví, vrátí se opilí.
Nevidíte, kdo trpí stupněm alkoholem a je v rozchodu.
"Jsou to ti, kteří už to nezvládnou", odpověděl mi zdravotník, který odpověděl na mou otázku a zmizel v rozruchu.
Policie identifikovala oběť nehody
Je identifikována 63letá pěší žena, která zemřela v nemocnici po tom, co ji v Essex County srazil vůz.
Carole Paulsonová z Chelmsford Road ve městě Brentwood byla zapojena do nehody, která se stala na Shenfield Road v pátek odpoledne.
Žena byla převezena do Queen's Hospital v Romfordu, ale později zemřela.
Po nehodě byl 51letý muž zatčen na podezření z nedbalé jízdy.
Od té doby byl propuštěn na kauci.
Turecko rozšiřuje své diplomatické obzory
Dlouho předtím, než se Turecko pokusilo stát se členem Evropské unie, evropské mocnosti si přály proniknout do jeho vnitrozemí.
Na východní straně Bosporu, možná jen 20 kroků do Asie, leží jeden z nejzajímavějších pozůstatků zničující imperiální ambice.
Hydarpasha vlakové nádraží bylo navrženo dvěma německými architekty, Otto Ritter a Helmut Conu, v neorenesančním stylu.
Alespoň to říkají průvodce.
Budova je postavena na konci plošin a má před sebou dvě věže, jednu pro každý roh, což všem připomíná typické německé radnice.
Ten kámen je špinavý.
Budova v jeho komplexu je trochu rozpadlá.
Ale jakmile jsme překonali pokladnu k sklepu, není pochyb o tom, jak velká byla firma, že to byla nejzápadnější brána.
Stanice byla otevřena v srpnu 1908 německým konsorciem Anatolia-Baghdad Corporation.
Německo, které v imperiální hře přišlo pozdě, mělo ambice ovládnout Blízký východ přes tuto železnici, která se táhla až do Damašku, Bagdádu a dále do dnešní Saúdské Arábie.
Ambitiony tohoto imperiálního Německa však během první světové války selhaly.
Jejich železnice byly napadeny Lawrence Arabu a jeho nepravidelnými Araby.
Vzhledem k relativní izolaci okolních regionů, která vznikla kvůli zmrazeným hranicím během studené války,
Britská nadvláda a když se jednotky posunuly do Egypta, vytlačily Turky a jejich německé spojence z Palestiny a Sýrie.
Špatná zpráva byla také pro stanici Hyderpasha.
V roce 1917 explodoval vlak munice a zničil jeho důmyslný střechu.
Turecké zdroje uvedly, že šlo o sabotáž.
Od té doby se stanice postupně rozpadá a zůstává na okraji historie.
Ale dnes tato železnice, brána do Anatolie a do všech východních center, slouží - alespoň symbolickě - k zdůraznění vůle Turecka rozšířit své diplomatické obzory.
Vládnoucí Strana spravedlnosti a rozvoje - AKP - plánuje novou zahraniční politiku pro zemi.
Relativní izolace okolních regionů, způsobená zmrazenými hranicemi studené války, zmizela.
Teď je tu nová politika spolupráce.
Turecká vláda má vynikající vztahy s Izraelem a Sýrií, s oběma palestinskými frakcemi Hamasu a Fatahu, s Irákem a Íránem a samozřejmě s Evropskou unií a Spojenými státy.
Abych posoudil parametry této nové zahraniční politiky, nasedl jsem se na lůžko a jel do tureckého hlavního města Ankary, abych navštívil jednoho z vůdců AKP, odborníka na zahraniční politiku, tureckého premiéra Suata Kinikliogluho.
Další ráno - asi po deseti a půl hodině - po výletě, který mě otřásl, což vyvolalo rytmy starého světa ve známém dokumentárním filmu The Night Mail, jsem dorazil do tureckého hlavního města - nového města, které bylo navrženo k vládnutí novému sekulárnímu státu, daleko od osmanské minulosti.
AKP, s jejími jasnými islamistickými kořeny, však představuje paradigmatickou změnu v tureckém konsenzu.
které vyvolalo podezření na Západě a zejména ve Washingtonu.
Taxi mě přivede do sídla AKP, ultramoderního kamenného a ocelového domu - postaveného na míru - v rozvíjejícím se předměstí, obklopeném středně vybudovanými obchodními centry a "mocenskými cukrárnami", kde se vedoucí střední třídy v obchodních oblecích - muži i ženy - scházejí hned ráno, aby se dohodli/zařídili obchod.
Suat Kiniklioglu by mohl být středopravý politik téměř z jakékoliv strany v Evropě.
Oblek, kravata, jsem si jistý, že má ještě Blackberry.
"Cílem zahraniční politiky strany je znovu začlenit Turecko do jeho bezprostředního sousedství.
Studená válka byla anomálie", říká mi.
Turecko bylo odříznuto od svých vnitřních vztahů.
Dneska se musí dívat na východ i na západ.
Není to případ, pokud to není jedním nebo druhým.
Musí dělat obojí.
"Ale jistě někdy", říkám, "Turecko by mohlo být nucené si vybrat?"
"Turecko", odpovídá, "nechce čelit této volbě".
Pak zdůrazňuje bod, který mi téměř všichni, s nimiž jsem mluvil, říkali téměř zpaměti: vztahy, které Turecko má nejen s Blízkým východem, ale s Kavkazským regionem a celým Černým mořem, jsou výhodné pro Evropu a Spojené státy, stejně jako pro Turecko.
Zdá se, že zpráva zní: s Tureckem na palubě může Evropa jako celek metaforicky sestavit ty železniční tratě, které otevírají svět do východní Asie a Blízkého východu.
Zpět na Hydarpasha Station, po druhé noci bez spánku, se moje myšlenka vrací k těm dvěma německým pánům, Herr Ritterovi a Herr Conuovi, kteří se podíleli na výstavbě této budovy před sto lety.
Jak byste byli překvapeni, když byste se dozvěděli, že evropské ambice na Blízkém východě jsou dnes z velké části v rukou Turecka?
A když jsem čekal na terminálu na trajekt, který mě vezme zpátky přes Bosporus, vzpomínám si, že v těch dnech bylo Turecko považováno za "nemocného muže Evropy".
Není tedy mnoho pochyb o tom, na jaké kontinentě se tato fascinující země musí uchýlit.
Životní paměti: Vernon Handley a William Woodruff
Mark Brown píše: Jako hudební ředitel Guildfordu od roku 1962, Vernon "Tod" Handley (vlevo, 11. září) byl zodpovědný za Guildfordskou filharmonii a sbor.
Jako součást hudebního projektu pro město založil následující rok svůj nádherný mladistvý sbor Proteus.
Měla být pro mladší, ale když Proteus zpíval svůj konec v roce 1979, několik z nás bylo už ve svých dvaceti - jen jsme odmítli jít do sboru.
Jméno "Proteus" (mytologická bytost měnící tvary) představovalo vůli sboru a schopnost hrát jakoukoliv hudbu, která mu byla předložena, ať už madrigál nebo Messiaen, bez ohledu na to, zda bez doprovodu nebo s kompletní orchestrou.
Hudobní všestrannost, kterou tento sbor mladých lidí vyprodukoval, byla často překvapivá, vždy vzrušující, a to vše díky jeho inspiraci a nadšení pro hudbu, které zůstalo naprosto konstantní v průběhu let.
Tod nám často říkal, že bychom měli nechat hudbu mluvit sama za sebe.
Řekl by: "Skládající ví, co chce.
Je to všechno v hudbě.
Takhle jen zpívat!"
Jeho hůl byla vždy naprosto jasná a přesná, ale nikdy ne mocná, ani příliš květinová.
Ať už to bylo jakékoliv hudební pole, vždy to skončilo na ještě vyšší úrovni.
John Frayn Turner píše:
Jestliže by měl být nějaký řidič džentlmenem, tak to je Vernon Handley.
Znal jsem ho velmi dobře během dvou desetiletí, kdy dirigoval Guildfordskou filharmonii od roku 1962 do roku 1982.
Zvláště za posledních 40 let jsem si prohlédl více než 100 jejich koncertů a mohu upřímně říct, že nikdy, ani jednou, jsem nebyl zklamaný - naopak, mnohokrát jsem byl inspirován nimi.
Tod Handley měl tu vzácnou kombinaci velkoleposti a extrémní osobní skromnosti.
Nenáviděl řidiče, kteří, jak řekl, "prodávali jen jednoho nebo dva válečné koně, kteří jsou velmi známí po celém světě".
Budeš nám moc chybět.
William Woodruff
Profesor John Beckett píše:
ve svém pokračování William Woodruff (25 září) tvrdí, že "v roce 1946 obnovil studium ekonomické historie v Oxfordu a v roce 1950 získal Houblon-Normanovo výzkumné stipendium ... současně studoval bakalářský titul, magisterský titul a doktorský titul".
To se dozvíte v poznámce od autora Woodruffa v Beyond Nab End, ale není to zcela správné.
V letech 1946 až 1953 byl profesorem ekonomické historie na univerzitě v Nottinghamu, během které dokončil doktorskou disertační práci o britském kaučukovém průmyslu, kterou dohlížel profesor J.D. Chambers, a později zveřejnil v roce 1958 s názvem The British Rubber Industry.
V letech 1950 až 51 strávil ve Spojených státech, kde se těšil na stipendium Houblon-Normana a v létě 1952 na univerzitách v Illinois, Harvardu a New Yorku.
V roce 1953 definitivně opustil Nottingham a odešel do Illinois.
Důvod, proč Woodruff rozhodl přehlížet tuto část své kariéry, zůstává neznámý.
J. Vicente Resino na Filologické fakultě
"Pověřuji výstavu Jose Vicente Resina "Flamenco a život", protože jeho fotografie v černobílém, dokumentárním stylu jsou fantastické.
Přitahovaly mě jejich jednoduchost a síla, kterou vyzařují, vždy s velkou úctou se chovali k hlavním postavám.
Výstava, která ukazuje hodně citů.
Resino umí zachytit magické okamžiky".
Druhý zásah pro prodejky Hondy
V listopadu Honda začne prodávat druhou generaci Jazzu.
Pokud jeho předchůdce již měl velkou ubytovací prostor, tento nový minibus má ještě větší vnitřní prostor.
Navíc jsou v něm vylepšené mechaniky, které zvyšují pohodlí a úsporu paliva.
Evoluce versus revoluce.
Takhle vypadá druhá generace Hondy Jazz.
Ačkoli nový Jazz je esteticky velmi podobný modelu, který se prodává, změny, které byly v tomto monovolumu zavedeny, jsou četné.
Mezi další se řadí inovativní design, nová platforma, větší rozměry a nové mechaniky.
Předtím, než se však podíváme na nový model, je třeba poznamenat, že tento nový Jazz přichází šest let po uvedení první generace na trh.
První poznámka je tedy, že Honda tuto značku obnovila v kratším čase než ostatní výrobci.
Ačkoli v Evropě je Jazz méně známý, na jiných trzích je tento model prodejním fenoménem.
To je případ Japonska, země, kde Jazz byl nejprodávanějším autem v roce 2002 a také v roce 2008.
Právě v Japonsku se od jeho vydání prodalo téměř milion kusů Jazzu.
Druhým trhem byl trh na Starém kontinentu, s asi půl milionu jednotek za šest let.
Honda však chce, aby tento nový Jazz umožnil zvýšit prodej v segmentu.
Zatímco v roce 2007 Japonsko prodalo celkem 83 000 vozů Jazz, v roce 2009 se odhadovalo, že se prodá 100 000 vozů, což by znamenalo 17% růst na evropském trhu.
Pokud jde o španělský trh, Honda od roku 2002 prodala celkem 8 000 vozů Jazz, což představuje 6,7% celkového prodeje Hondy ve Španělsku.
Pokud jde o novou generaci, odpovědní za španělskou pobočku očekávají, že v průběhu celého roku prodá 2000 kusů Jazzu.
Přesně příchod nového Jazzu umožní Hondě značně zmírnit pokles prodeje ve Španělsku.
Ve skutečnosti se značka očekává, že do konce roku bude prodáno celkem 22 000 kusů, což je o 4000 méně než v roce 2007, což je pokles o 16%.
I přes tento nárůst prodeje Honda zvýšila svůj podíl na trhu ve Španělsku, dosáhla 1,8%, oproti 1,6% loňského roku.
Japonská firma také očekává, že dosáhne 2% v roce 2010.
Pro dosažení tohoto podílu Honda spoléhá na příjezd dalšího nového modelu.
Jedná se o Insight, pětidveřový hybrid s kompaktní velikostí - 4,37 metrů v délce - který japonská společnost očekává, že bude prodávat kolem 200 000 kusů ročně po celém světě.
Podle trhů a podle odhadů japonského výrobce bude 50% prodeje Insight uskutečňováno v USA, zatímco zbývající procento bude rozděleno mezi Starý kontinent a Japonsko.
Komerční uvedení Insight je plánováno na první měsíce roku, jakmile bude v lednu ve Valencii představen jako společnost.
Co se týče první generace, nový Jazz roste ve všech svých výškách.
Jeho délka se zvyšuje na 3,90 metru (o pět centimetrů více), šířka na 1,69 metru (o dva centimetry více) a vzdálenost mezi osmi na 2,50 metru, což znamená nárůst o pět centimetrů.
Výška se však nemění a zůstává na úrovni 1,52 metrů.
Spolu s rostoucím rozměrem roste i prostornost interiéru.
Tento zisk je způsoben na jedné straně začleněním nové plošiny a na druhé straně zavedením palivového nádrže v centrální poloze, což je řešení, které bylo také přijato v předchozím Jazz.
Kapacita kufru - který má systém dvojitého dna - se také zvyšuje na 399 litrů, což je o 19 litrů více než v kufru první generace.
Je třeba poznamenat, že tyto měření jsou verze s motorem 1.4, protože kapacita kufru Honda Jazz 1.2 je 379 litrů.
Dalšími vylepšeními - kromě vnější prvků jako jsou zadní LED světlomety nebo možnost montáže sklu - je zlepšení přístupu do zadních sedadel.
A je to, že dveře, které vedou do druhého řadu, mají úhel otevírání 80 stupňů, oproti 67 stupňům prvního Jazzu.
Nové motory jsou také v této druhé generaci Jazzu.
Při zahájení prodeje bude mít tento malý model dva 1,2 a 1,4 litrové benzínové pohonné jednotky.
Obě mechaniky obsahují technologii i-VTEC, která dosahuje nižší spotřeby, emituje méně oxidu uhličitého, dosahuje vynikající mechanické rafinace a zároveň dosahuje vysokého páru v celém režimu motoru.
První 1,2 litrová mechanika dosahuje výkonu 90 koní při 6000 otáčkách s maximálním točivým momentem 114 Nm při 4900 otáčkách.
Tento pohon - který v dřívějším Jazz dosáhl 78 koní - má výdaj 5,3 litru a emise 125 gramů CO2.
V porovnání s předchozím pohonem, který v předchozí generaci dosahoval 83 koní, nyní má 100.
Tento Jazz 1.4 s 100 koňskými silami dosahuje kombinované spotřeby 5,4 litru a 128 gramů CO2.
'Pléšní auto' se vyhýbá nehodám
Nissan se v oblasti vývoje technologií pro prevenci nehod inspiroval přírodou, konkrétně včelami.
Japonská společnost vytvořila robota, který pomocí letu včel vyhýbá nehodám.
Toto je Bio-mimetický pohon auta, nebo BR23C, který je prvním krokem v prevenci nehod.
Inženýři z pokročilého technického centra společnosti Nissan Motor Co. vyvinuli malého robota ve spolupráci se střediskem pro výzkum pokročilé vědy a technologie na prestižní univerzitě v Tokiu v Japonsku.
Podle Kazuhira Doiho, generálního ředitele PR pro technologii a výzkum a vývoj značky Brand Management, je BR23C představen jako rozšíření bezpečnostního štítu Nissan ve čtyřech oblastech.
Tento robot má posílit schopnost vozidel značky předcházet srážkám.
Během letu si každá včela vytvoří svůj vlastní prostor s oválným tvarem, který je velmi podobný bezpečnostnímu štítu Nissan.
Ale nejdůležitější je, že včela má složené oči, které jsou schopny vidět ve všech směrech ve více než 300 stupních, což jí umožňuje létat bez přerušení ve svém vlastním prostoru.
Aby se taková vizuální funkce obnovila, inženýři navrhli něco, co nazvali laserový lokátor (Laser Range Finder).
Tento systém detekuje překážky, které jsou vzdáleny až dva metry v okruhu 180 stupňů před BR23C, vypočítá vzdálenost k tomuto objektu a pošle signál palubnímu mikroprocesoru, který okamžitě přispěje k prevenci srážky.
"Když malý robot detektuje překážku, napodobí pohyby včely a okamžitě změní směr, aby se jeho kola otočila na rovný nebo větší úhel, aby se zabránilo srážce.
Největší rozdíl s jakýmkoliv existujícím systémem je, že vyhýbání se je zcela instinktivní.
Kdyby tomu tak nebylo, robot by nebyl schopen reagovat dostatečně rychle, aby se vyhnul překážkám", vysvětluje Toshiyuki Andoh, ředitel Laboratoře mobility a hlavní inženýr tohoto projektu.
Na rozdíl od včely se robot nemůže otáčet nahoru nebo dolů, ani diagonálně. Může se pohybovat pouze ve dvou dimenzích a ve směru, který mu umožňuje otáčet kola, a ne v nekonečných směrech a způsoby jako včely.
Nissan proto kromě zrychlení a zpomalení využil funkci otáčení, aby malý robot zabránil kolizím.
"Tato zařízení potřebuje pouze zpracovávat informace každých pár sekund a jednat podle těchto dat.
Nevyžaduje ukládání informací ani intuitivní logiku předchozích manévrů, takže může fungovat nepřetržitě s pouhými několika desítkami KB paměti.
Možná vás to překvapí, ale nemluvíme tu o gigach paměti, ani o megách".
Je to první krok k vývoji nových technologií okamžité prevence srážek, technologie, kterou Nissan předpovídá, že bude za deset let zavedena do sériových vozů.
Robot používá polymérové baterie z lithiu, které jsou lehčí a vydrží déle než řada lithiových iontů.
Dalším možným využitím této technologie by mohla být integrace jednotky s GPS satelitním navigačním systémem, který by vedl řidiče k cíli a zabránil překážkám na cestě.
Buďte opatrní, než se vydáte na hypotéku.
Je třeba uznat, že americké ministerstvo financí, kromě toho, že má hodně tekutin na injekce, není bez vynalézavosti.
V době krize a aby se Američané vyhnuli podlehnému úvěrovému úvěru v bankách, vytvořili si příjemnou a poučnou hru pro prohlížeče: Bad Credit Hotel.
Hotel špatné kreditní karty, nebo hotel zmatků.
Ten strašidelný aspekt tohoto ubytování a zvláště recepce je, že si musíte myslet jednou, dvakrát a dokonce i třikrát, jestli je čas požádat o úvěr.
A hlavně, kde to udělat, co je pravděpodobně jeho cíl.
Je pravda, že má užitečné informace, ale málo detailní.
Je to spíš stránka pro teenagery než pro všechny.
Co když hra skončí?
No, zdá se, že v hotelu je senová místnost.
Něco je něco, protože koupit lepší dům není vůbec možné.
Morgan Stanley prodává podíl japonské MUFG
Morgan Stanley oznámil, že Mitsubishi UFJ Financial Group (MUFG), první japonská banka, bude investovat devět miliard dolarů do svého kapitálu, aby získala 21% svého kapitálu.
Týden poté, co objevily prozatímní dohodu, obě banky vysvětlily, že MUFG koupí 9,9% společných akcií Morgan Stanley za 25,25 dolarů za jednotku, což je částka ve výši tří miliard dolarů.
Smluvní cena je nižší než 19% účetní hodnoty cenných papírů k 31. srpnu.
MUFG investuje dalších 6 miliard dolarů do nákupů konvertibilních cenných papírů, což zajistí 10% výnos a konverzní cenu 31,25 dolaru.
Morgan Stanley uvedl, že celkové operace bude realizována na základě ceny za jednotku měření 29 dolarů, což je o 28 % vyšší než její současná hodnota.
Akcie Morgan Stanley ztrácejí přesto 6,79% na 23,07 dolaru za kus v 17:00 GMT.
"Tato strategická aliance představuje významnou příležitost urychlit přechod Morgan Stanley k postavení holdingové banky", vysvětlil Juan Mack, generální ředitel americké skupiny.
Morgan Stanley přijal tento nový statut minulý týden, což by mu mělo umožnit diverzifikaci jeho aktivit, ale on je přemísťuje pod autoritu Federální rezervy.
Její partnerství s MUFG také potvrzuje, že současná finanční krize nutí největší jména na Wall Street k mnohem opatrnějšímu chování než předtím.
Podmínky předložené minulý pondělí dále ukazují, že dohoda byla v posledních dnech pozměněna: minulý pondělí Morgan oznámil, že prodá až 20% svých akcií Japoncům za téměř 8,5 miliardy dolarů.
"Před týdnem", vysvětlil v Tokiu Toshihide Mizuno, výkonný ředitel MUFG, "my jsme si mysleli, že účast bude tvořena pouze obyčejnými akciemi.
Ale vzhledem k současné situaci v ekonomice a na trhu jsme chtěli minimalizovat rizika a krýt se. "
Na základě vážené průměrné ceny bude MUFG platit své Morgan Stanley o 7% pod svou účetní hodnotu.
A operace by se vyvíjela v redukci zisku na akcii o 20%.
Dohoda stanoví, že MUFG bude moci do jednoho roku převádět polovinu svých preferenčních cenných papírů na akcie, pokud se tyto akcie prodávají více než o 50% nad konverzní cenou, tj. za 47 USD nebo méně, během daného období.
Morgan Stanley tvrdí, že kapitál poskytnutý MUFG mu umožní využít investiční příležitosti, posílit jeho bilanci a zvýšit jeho likviditu.
Mluvčí skupiny nicméně odmítla sdělit podrobnosti o strategických projektech obou nových spojenců.
Po investici MUFG by Morgan Stanley měl mít solventnostní poměr Tier 1 kolem 15%, což je jeden z nejlepších v oboru.
Morgan musel od konce srpna hodně zmírnit svůj účet.
Poslední týdny byly pro skupinu vyčerpávající, protože její burzovní kótace klesla o polovinu, zatímco náklady na bezpečnost proti riziku vad na dluhu vzlétly.
Tento náklad se minulý pondělí snížil, ale zůstal na vysoké úrovni, asi 12%.
Minulý týden Goldman Sachs, jediný další "přeživší" velkých investičních bank na Wall Street po bankrotu Bear Stearns a Lehman Brothers a po koupi Merrill Lynch, oznámil, že pozvedl 15 miliard dolarů, částečně pro Berkshire Hathaway, Warren Buffettovu skupinu.
Rafael Correa v Kitu, tento pondělí.
Znovunoutvářet republiku na základě socialismu 21. století.
Je to společný projekt Venezuelce Hugo Chaveza, Bolivijce Evo Moralese a Ekvádora Rafaela Correa.
Tato neděle, jako příklad svých kolegů a přátel, je třetí, kdy byl na hlasování návrh nové ústavy.
Úkol splněn, protože 64% voličů hlasovalo pro referendum, podle oficiálních výsledků, které se týkaly 80% hlasů.
Podle těchto výsledků získalo "ne" 28%, 7% hlasů bylo prázdných a 0,7% bylo prázdných.
Aby byl návrh ústavy přijat, musel získat polovinu hlasů plus jeden.
V neděli dvě průzkumy provedené na odchodu z volebních míst a sčítání z strany nevládní organizace oznámily široké vítězství "ano", odhadujíce to mezi 63% a 70%.
Rafael Correa navíc v noci z neděle na pondělí vyhlásil vítězství svého návrhu Ústavy.
"Konstituce zvítězila drtivě", řekl, když blahopřál ekvádorským občanům, kteří vedou vládu v Guayaquil, 280 kilometrů jihozápadně od Quita.
Rafael Correa byl tedy pochválen Chávezem a Moralesem, ale také jeho chilskou kolegy Micaela Bacheletovou.
Volby, které se podle pozorovatelské mise Organizace amerických států (OAS) budou konat v naprostém klidu, se týkaly textu o 444 bodech, které upevňují "nový socialismus" obhajovaný prezidentem.
Návrh ústavy znamená zvýšení moci státu nad ekonomikou, který si vyhrazuje "plánování rozvoje" země, která žije v podstatě díky těžbě ropy zahraničními společnostmi a díky měně, kterou posílají emigranti.
Projekt, který je veden Correou, který byl zvolen v roce 2006, také dává silnější pravomoci hlavě státu, který může vykonávat až dvě po sobě jdoucí funkční období po čtyřech letech a bude mít možnost rozpustit Sněmovnu.
Correa už oznámil, že využije této moci a v únoru 2009 bude usilovat o nové funkční období.
Ústava dále upevňuje princip bezplatnosti zdravotních a vzdělávacích služeb, který prezident začal zavádět v této zemi s 13,9 miliony obyvatel, kde 50% obyvatel žije pod hranicí chudoby.
Konečně se stanoví zákaz přítomnosti zahraničních vojsk, což ukončí dohodu mezi Quitom a Washingtonem o použití ecuadorské základny jako výchozí místa pro americké protidrogové operace.
19 lidí bylo propuštěno v Čadu.
Egyptské komando zahájilo útok na únosce 11 turistů a jejich osmi společníků, kteří byli zajati před deseti dny.
Jsou v Káhiře.
Jedenáct evropských turistů a jejich osm egyptských společníků, kteří byli před deseti dny uneseni v poušti, dorazili v egyptském hlavním městě bez zranění poté, co byli v pondělí odpoledne propuštěni.
Ráno byli propuštěni egyptskými speciálními jednotkami v Čadu.
Všichni vypadali dobře, když dorazili ve 15:30 na palubě speciálního letadla na vojenskou základnu Al Maza, která je vedle mezinárodního letiště v Káhiře.
Helikoptéry je okamžitě přepravily do nemocnice v Maadi, rezidenčním předměstí Káhiry, aby prošli lékařskými testy, takže nemohli mluvit s tiskem.
"Jsou v dobrém zdravotním stavu" a "žádné výkupné nebylo vyplaceno" únoscům, prohlásil na letišti egyptský ministr cestovního ruchu Zoheir Garana.
19. září se tito rukojmí dostali do rukou 35 neznámých únosců, zatímco si užívali safari na terénu v pouštní oblasti pod horou Ouanat na hranicích Egypta, Súdánu a Libye, a od té doby se pohybovali z jednoho Zulu do druhého.
Skupina byla složená z jedenácti turistů - pět Italů, pět Němců a jedna Rumunka - a osmi Egypťanů: dva průvodci, čtyři řidiči, pohraniční strážce a ředitel cestovní agentury Aegyptous, která organizovala safari.
Egyptský bezpečnostní činitel uvedl, že 30 členů speciálních sil, přepravovaných na palubě dvou vrtulníků, zahájilo útok v noci před svítáním.
"Střílelo se a polovina únosců byla zabita, ostatní utekli", řekl jeden z úředníků, který nechtěl být jmenován.
Podle něj bylo 150 členů egyptských speciálních sil jednotky "světlo" vysláno do Súdánu, kde měli podporu německých a italských komand.
Italský ministr zahraničí Franco Frattini v Belgradu zmínil roli, kterou hrají italští tajní agenti a členové speciálních sil.
"Musíme uznat, že jsme dosáhli tohoto výsledku díky profesionalizmu a efektivitě našich mužů z tajných služeb, speciálních sil", prohlásil bez podrobností.
A také popřel, že zaplatil výkupné.
Předchozí den sudánská armáda tvrdila, že během hlídky zachytila todler, na němž byli únosci, a zabil šest lidí, včetně čadského náčelníka, a zadržela dva.
V roce 2014 byl úřadem pro bezpečnost a bezpečnost OSN v oblasti civilního letectví v oblasti Darfuru.
Písma - Tichá většina kultury
Debata o financování kultury dělá titulní stránky a zabírá současnou volební kampaň.
Tak to bude lepší.
Ale jedna část našeho kulturního života zůstává vždy zapomenuta.
Kdo se postaví proti mizerným sumám, které jsou poskytovány malým muzeím, archivům, archeologickým výkopům nebo národním historickým místům, které hladoví?
Který politik si troufá připomenout federální vládě, že zanedbává své památky a statky?
Proč nemáme skutečné zákony, které skutečně zachovávají naše dědictví, jako v Kanadě a Quebecu?
Věděla jste, že francouzská vláda věnuje 3,5 milionu eur na obnovu pouze zámku Chinon v údolí Loiry?
Ve Spojených státech je v ústavě napsáno, že ochrana dědictví je součástí americké kultury a že toto dědictví musí být chráněno všemi občany, všemi volenými a všemi vládními úřady, a to vše ve spolupráci.
V Quebecu, ve Federaci historických společností Quebecu, se nejméně 40 000 dobrosrdečných lidí, sdružených do 211 společností historie, dědictví, archivů a genealogie, snaží hledat v historii, zachovat s nízkými penězi hromady soukromých archivů a zachovat archeologické pozůstatky.
Jsou to oni, kteří jsou často strážci našeho dědictví, kteří energicky a zoufale protestují, když promotéři a správci házejí své buldozery na naše staré kameny a naše zapomenuté hřbitovy.
Na co, na historickou a kulturní památku?
Nizozemské vlády znárodní část Fortis Bank.
Nizozemské státy - jako první v Evropě - pomohou znárodnit belgico-holandskou banku Fortis, která je v nouzi kvůli dopadu hypotékové krize na americkém trhu.
Vláda Belgie, Luxemburgu a Nizozemska se na konci tohoto týdne setkala na nejvyšší úrovni s prezidentem Evropské centrální banky a s osobou odpovědnou za hospodářskou soutěž Evropské komise.
Fortis Bank je první, kdo utrpěl krizi v eurozóně v rámci mezinárodní finanční krize, která se odehrávala v různých vlnách před více než rokem, a proto rozhodnutí přijatá ve vztahu k Bankě mohou být v jistém smyslu považována za precedens.
Podle rozhodnutí přijatého v neděli ráno si tři státy koupí přibližně polovinu (49 procent) majetku, který banka v jejich oblasti vlastní.
Banka bude pravděpodobně prodávat část svého podnikání, zejména činnosti - zejména pojišťovnické - zakoupené loni od nizozemské ABN Amro.
Akcie Fortisu začaly minulý týden prudce klesat a v druhé polovině týdne se v instituci už projevily významné známky krize.
Analytici však souhlasí, že s 85 tisíci zaměstnanci je banka příliš velká, aby mohla selhat.
Akcie společnosti se v pátek propadly o 12 procent, což je nejnižší bod za posledních 14 let.
Od ledna se hodnota akcií snížila o více než dvě třetiny.
Pokud se podíváme na současné ceny akcií, celková hodnota kapitálu skupiny na trhu je kolem 14 miliard eur, ale podle vedoucích pracovníků společnosti to není skutečné.
Ředitelství banky připisovalo prudký pokles akcií Fortisu nejistotám na americkém trhu v souvislosti s schválením amerického balíčku 700 miliard dolarů.
Akcie v pondělí už vykazovaly mírný nárůst.
Filip Dierckx byl jmenován novým generálním ředitelem banky.
Banka také hledala soukromé investory, ale zatím nikdo neposkytl konkrétní nabídku.
Belgická vláda již dříve ujišťovala, že investoři se nemusí bát, že nebudou ztrácet své peníze.
Mezi zákazníky banky se zatím neobjevila žádná panika, neútočili na bankovní kanceláře, aby si vybrali peníze.
Fortis má vlastní pobočku v Maďarsku a zakoupil také leasingové společnosti.
V kočiřnici je liška.
Ve Spojených státech, životní a zdravotní pojišťovny, když vidí údaje o nákupu léků, často odmítají podepsat smlouvu o pojištění.
Odborníci na politiku soukromí se obávají, že trh s osobními údaji se stane nekontrolovatelným.
"Existují programy ochrany osobních údajů, které ve všech případech spojují používání údajů z receptů s souhlasem dané osoby.
Musí být v nezávislých rukou, jinak "přenecháme kuřecí krám lišci", cituje Washington Post Richarda Dicka, který navrhl program sledování lékařských předpisů.
Pojišťovny uzavírají cenu pojištění a částku odškodnění na zdravotním stavu zákazníka a pokud si myslí, že riziko je příliš vysoké, prostě smlouvu neudělají.
Předtím poslali klienta na lékařskou kontrolu a podepsali s ním smlouvu s tím, že už znali výsledek kontroly.
Před deseti lety Dick vymyslel mnohem levnější postup: s identifikačním číslem zákazníka snadno získá ze lékáren seznam léků zakoupených za poslední rok a půl a program sám vyvodí závěr o nemocích a zdravotním stavu zákazníka.
Například, pokud pravidelně užíváte velké dávky tablet na snížení cholesterolu, znamená to, že hladina tuku v krvi je prakticky nevyléčitelně vysoká, takže jste okamžitě zařazeni do vyšší rizikové kategorie.
Vícero verzí programu je v oběhu, některé dokonce stanovují číslo rizika, takže pojišťovna kromě správce nemá téměř nic na práci, i když v tomto ohledu existují malé potíže.
Mezi nevýhody programu patří například to, že některé léky jsou pro více použití, například některé látky slouží jak k léčbě bolesti hlavy, tak i pro horké vlny a dokonce i jako antidepresiva.
Druhá je pro pojišťovny významným rizikovým faktorem, zatímco první ne.
Pro vyhledávání a zpracování těchto údajů byly založeny speciální společnosti, které si před zakoupením potřebných informací od lékáren vyžádají souhlas pacienta.
Úřady je k tomu už nucují, i když za zanedbávání dosud nedostaly pokutu.
Některé společnosti v poslední době také zpracovávají výsledky laboratorních testů a spojením s daty o užívání léků získávají přesnější informace o zdravotním stavu pacienta.
Stále více společností má přístup k těmto datům a zároveň je stále obtížnější kontrolovat jejich využití.
Existují zákony, které se týkají ochrany osobních údajů o zdravotní péči, ale vztahují se pouze na pojišťovny a poskytovatele zdravotních služeb.
Před Kongresem je již návrh zákona, který dává právo orgánu pro kontrolu firem specializovaných na poskytování osobních údajů.
Dick Richard si uvědomuje, že to nestačí: proto vyvinul svůj program, který bude vyžadovat specifickou souhlas osob pro poskytnutí jejich vlastních osobních údajů.
Je to další věc, že taková osoba nemůže odmítnout svou schválení, protože jinak s ní pojišťovny nepodepíší smlouvu.
Takže slepice jsou i přes to vystaveny dobré vůli lišky.
Celkové menu Marseille
Evropská unie zdvojnásobuje obchod s Indií
Vzhledem k tomu, že EU a Indie jsou vzájemnými obchodními partnery, tento problém kromě většinou globálních problémů dominoval na programu devátého summitu.
Dnes se bude konat také francouzsko-indický summit, který bude probíhat zejména o spolupráci v oblasti jaderné energie.
Ačkoli Evropská unie uznává, že Indie je velká rozvojová demokratická mocnost, která by měla mít větší hlas a hlas v mezinárodních záležitostech, členské země se zatím nedokázaly dohodnout, zda mají podporovat Nové Dillí jako stálého člena Rady bezpečnosti OSN.
Tato otázka nebyla řešena na devátém summitu, který včera začal v Marseille.
Francouzský prezident Nicolas Sarkozy, předseda EU, José Manuel Barroso, předseda Komise, a Javier Solana, hlavní představitel pro zahraniční politiku, přijali indického premiéra Manmohana Singha.
Vzhledem k tomu, že mezi lety 2000 a 2007 se obchod zboží zvýšil z 25 miliard na 55 miliard, není to příliš ambiciózní cíl.
Tak právně harmonizovaly všech 26 bilaterálních dohod o civilním letectví s Indií, takže i letecká doprava bude moci létat v budoucnu.
Indie chce do konce roku 2009 podepsat smlouvu o volném obchodu s Unií.
Sarkozy slíbil, že urychlí jednání.
Cílem je rovnováha, protože zatímco EU je největším obchodním partnerem Indie, New Delhi je jen devátým největším obchodním partnerem Unie.
Summit věnoval pozornost globálním záležitostem.
Obě strany odsoudily situaci v Afghánistánu a Pákistánu a terorismus - v jeho všech formách - a naléhaly na svolání konference OSN.
Bylo také naléženo na uzavření Dohaho kola liberalizace obchodu, i když obě strany nesou velkou odpovědnost za jeho selhání.
EU potvrdila, že se bude držet svého energetického a klimatického programu, tj. že do roku 2020 chce snížit znečišťující emise nejméně o dvacet procent.
Indie s tím souhlasí, stejně jako na příští rokější klimatické konferenci by se měla dospět k celosvětové dohodě a snížit do roku 2050 výrobu skleníkových plynů o padesát procent.
Navíc chtějí bránit růstu cen potravin a podporují svolání mezinárodní konference, která by probírá finanční krizi.
Dnes se indický premiér vydá do francouzského hlavního města, kde - na dvoustranném setkání - podepíše dohodu o mírovém využívání jaderné energie.
Paříž doufá, že francouzské společnosti obdrží zakázky ve výši dvaceti miliard eur na výstavbu jaderných reaktorů.
Podle zpráv z agentury News Agency by tato dohoda byla na dobu 15 let.
V Frankfurtu více než 300 italských vydavatelů
Velká přítomnost italských vydavatelů na mezinárodní výstavě knih ve Frankfurtu.
Více než 300 italských vydavatelů se zúčastní 60. ročníku Buchmesse, nejvýznamnějšího mezinárodního setkání pro výměnu práv.
Mezinárodní výstava knihy ve Frankfurtu očekává v tomto roce více než 7 tisíc vystavovatelů ze 102 různých zemí, kteří budou zabývat 171.790 metrů čtverečních výstavy s více než 403 tisíci tituly na výstavě a s Tureckem jako čestným hostem.
Podsekretář ministerstva kulturních statků a činností Francisco Maria Giro bude zastupovat italskou vládu na slavnostním otevření pavilonu Itálie: Itálie bude institucionálně a skutečně přítomna s bodem Itálie - 264 metrů čtverečních expozičního prostoru.
Poté následuje setkání s tiskem v Room Struktur v halě 5.0 Buchmesse.
Podle údajů se váha knih zahraničních autorů postupně snižuje v celkové italské produkci, zejména v produkci pro dospělé a mladé lidi.
Našli letadlo Steva Fossetta , toho milionáře , který zmizel před rokem .
Zbytky letadla Steva Fossetta, miliardáře, který zmizel 3. září 2007 během letu nad Nevadskou pouští, byly nalezeny.
Zbytky byly nalezeny na vrcholu nad mořem v nadmořské výšce 3000 metrů v oblasti Mammoth Lakes, na hranici mezi Kalifornií a Nevádou.
Uvnitř letadla nebyly žádné lidské pozůstatky.
"Letadlo bylo lokalizováno, poslali jsme jednotku a nyní máme potvrzení, že se jedná o to, nad čím letěl Steve Fossett v den svého zmizení", řekl na tiskové konferenci.
Komisař uvedl, že v letadle ani v okolí nebyly nalezeny žádné lidské ostatky.
63letý milionář byl v únoru považován za mrtvého.
Americká agentura pro bezpečnost dopravy (NTSB) oznámila, že několik hodin po zjištění trosek byla poslána vyšetřovací jednotka, která identifikovala letoun: jedná se o Bellanca 8kcab, který byl rozptýlen od 3. září 2007, kdy Fossett vzlétl z Yeringtonu v Nevadě na tříhodinový let.
Včera, stále v Kalifornii, nedaleko od hranice s Nevádou, byly některé osobní pozůstatky Fossetta nalezeny párem poblíž jeho domu v Mammoth Lakes.
Jsou to dvě doklady v Fossettově jménu, obě vydané Illinoiskou Federální leteckou správou, hotovost a svetr.
Hledání Fossetta bylo přerušeno měsíc po jeho zmizení.
Milionář si získal místo v historii díky dlouhé sérii prvních vítězství.
V roce 2002, při šestém pokusu, se stal prvním člověkem, který dokončil oblet světa vzduchovým balónem: dva týdny osamělého letu.
O tři roky později jsem letadlem obletěla svět bez přestávky.
Mezi jeho rekordy patří i to, že letěl na výšce 15 445 metrů nad Andy, ale s kopilotem.
Glk, ta publicita, kterou neočekáváte.
SUV mimo schémata s originálním a dobře zavedeným designem s definovanými liniemi a definovanými úhly.
Je to, v souhrnu, GLC poslední narozený mezi "kompakté" terénní dodávky z domu hvězdy, s nímž Mercedes-Benz se snažil dát okno novinky v tomto odvětví.
Přesně tak jako v případě tradičního obsahu, bude komunikace, která bude doprovázet uvedení SUV Glk, dostupná v výstavních sálech Mercedes-Benz od 17. října, nečekaná a nekonvenční.
Reklamní kampaň, která doprovázela debut nového vozu, spustila novou formu komunikace prostřednictvím 3D reklamní kampaně, kterou poprvé v Itálii použila automobilová značka.
Projekt s maxi-plakatů, který je rozdělen do tří různých fází, který bude dominovat hlavní ulici milánského nákupního centra, avenue Como, až do 15. listopadu.
První fáze tohoto nového typu komunikace začne prezentací auta ve stereoskopické verzi a díky speciálním brýlům distribuovaným na ulici Como bude možné vidět nový SUV v téměř reálných rozměrech a ve trojrozměrném formátu.
Když se podíváte na obrázky, máte dojem, že auto vyjde z plakátu.
Následně bude díky využití inovativní technologie Elumina8 nová GLC osvětlena v různých časech ve všech svých detailech, aby se zkombinovala do jednoho obrazu.
Mercedes se rozhodně snaží s touto reklamou vnést něco nového do stereotypu komunikace v automobilech.
Bude se s tímto vzorcem moci zajímat budoucí kupci? Uvidíme.
Je jasné, kdo jsou italští huligáni.
V Trivenetu se hraje zákaz přístupu ke sportovním akcím.
Ale kdo jsou ty 150-200 dívek a kluků, o kterých se Itálie teď stydí?
A nikdy se nesetkali s fanoušky svého protivníka.
Výběr skupiny je na pravé straně.
Provozovatelé jsou z Trivenetu.
Z Verony, Padovy, Triestu a Udine.
K těmto z Sofie se přidala malá skupina (ve skutečnosti jen několik jednotek) z Kampánie a Puglie.
Mají tříbarvé vlajky, kde je vyjádřeno město původu militantů: v sobotu večer byly vytaženy, aby nebyly identifikovány.
Inspirují anglické fanoušky.
V Bulharsku našli skupinu opravdových nacistických fanatiků, Levskiho.
FIGC poskytla italským fanouškům 144 vstupenek na zápas: všechny již s jmény, takže snadno kontrolovatelné.
A ministr vnitra je všechny kontroloval: mezi těmi, kteří vyšli do Sofie, nebyl žádný, který by měl v té době Daspo (zákaz přístupu ke sportovním akcím), žádný, který by měl být zakázán chodit na stadion.
Čtyři italští fanoušci, kteří měli v minulosti kriminální záznamy ve stadionech, byli odmítnuti na vstupenku a také na cestu.
Ministerstvo vnitra nyní čeká na čtení aktů bulharské policie, aby mohlo podniknout opatření: v tomto případě je možné dát Daspo (zakázání přístupu ke sportovním akcím) na dobu nejméně pěti let fanouškům, kteří byli zatčeni nebo kteří byli identifikováni v nepokojích.
Mezinárodní Daspo (zakázání přístupu ke sportovním akcím), které brání návštěvě nejen italských, ale i evropských stadionů.
Naši huligáni už nikdy nevstoupí do stadionu.
Naštěstí!
Ale teď je tu strach z napodobování: že těch pár padesáti, se přidá další.
"Musíme okamžitě vypnout tento požár a nelegitimovat toho, kdo se chová tímto způsobem", tvrdí z Ministerstva vnitra.
Proto "oči otevřené" zejména vzhledem k středečnímu zápase v Lecce.
V Puglii je také malé jádro podporovatelů Ultras Italia.
Zítra se schází Observatorium, v úterý Cams, který může mít také sekci Aise (agence pro informaci a vnější bezpečnost, tj. tajná služba, která se zabývá problémy ve stadionech.
"V Bulharsku není zločin zpívat Duce-Duce a zvednout ruku během hymny Mameli?"
To je myšlenka (nešťastně vyjádřená) Domenika Mazzilliho, který je ředitelem Observatoria ministerstva vnitra (zaujal místo Francesca Taglienta a Felice Ferlizziho).
Mazzilli byl v roce 2002 šéfem veřejné bezpečnosti v Triestu, kde je jádro podporovatelů skupiny Ultras Italia.
Je pravda, jak říká Mazzilli, že v Bulharsku není zločin slavit Duce, ale chování těch 150-200 fanoušků bylo ostudné.
"Nedělám sociologa  doplňuje n.1 Observatoria  trestné činy se přičítají zemím, ve kterých se to děje.
Zatím se tato skupina dobře chovala. Teď uvidíme, co se stalo a vezmeme to v úvahu do budoucna.
Ale pojďme mluvit také o pískání do hymnu Mameli: také to není zločin, ale pokud dovolíte, ani to není vzdělání ... "
