Trionfo dei populisti di destra in Austria, complessivamente arrivano al 29%
Un sensibile indebolimento di entrambi i partiti della grande coalizione finora in vigore e un netto rafforzamento dei partiti populisti di destra hanno portato alle elezioni parlamentari anticipate di domenica in Austria, dopo i primi risultati preliminari.
Le perdite sono state particolarmente acute per il Partito popolare austriaco (ÖVP), dove la posizione dell'attuale presidente Wilhelm Molterer è seriamente in discussione.
Al contrario, il capo elettorale dell'Alleanza per il futuro dell'Austria (BZÖ), il Landeshauptmann della Carinthia Jörg Haider, si prepara a un ritorno trionfale nella politica federale.
Secondo i risultati finora ottenuti, la Social Democracy (SPÖ) rimane la forza più forte del paese con il 29,8% dei voti, ma ha perso il 5,5% rispetto alle ultime elezioni del 2006.
Ancora peggio è stata la ÖVP, che ha perso quasi il 9% dei voti con il 25,6%.
Questo è il peggiore risultato di questi due grandi partiti nella storia austriaca postbellica, e soprattutto per il Partito popolare, che aveva chiesto elezioni anticipate, è un risultato veramente catastrofico.
Anche all'inizio di luglio, quando l'ÖVP aveva lasciato la coalizione, il PP aveva un netto vantaggio sul SPÖ.
Ma gli elettori probabilmente hanno punito il partito per aver fatto fallire il governo.
Già nelle prime reazioni ai risultati ci sono state speculazioni sulla possibile dimissioni del presidente del partito e precedente vicecancelliere Wilhelm Molterer.
Gli osservatori ritengono che questo potrebbe accadere già lunedì in una riunione straordinaria del consiglio di amministrazione del partito.
Un tale sviluppo potrebbe aprire la strada alla via più probabile per uscire dal disastro elettorale, cioè a un rinnovamento della grande coalizione di SPÖ e ÖVP.
In un contesto di rafforzamento dei partiti populisti di destra, i Liberi (FPÖ) hanno ottenuto per il momento l'18% dei voti, mentre i BZÖ l'11%, ma i socialdemocratici hanno espresso il timore che il 1999 si ripeta, quando il PP ha raggiunto accordi con i populisti (all'epoca il FPÖ era ancora unito, nel 2005 si era separato dal BZÖ) per un governo comune, che aveva anche provocato sanzioni da parte dell'Unione europea.
Il Parlamento europeo ha già espresso il suo sostegno a questo progetto di risoluzione.
Il Partito dei Verdi è entrato nel Parlamento, ma ha subito piccole perdite, passando dal terzo al quinto posto tra i partiti politici austriaci.
Non credo che nessun altro partito abbia superato il 4% e quindi non sia entrato in Parlamento.
Schwarzenberg: Le relazioni con l'India potrebbero raffreddarsi
Se non si riesce a risolvere il problema dei ricercatori cechi accusati in India di raccogliere illegalmente gli insetti, secondo il ministro dei Esteri ceco Karel Schwarzenberg, le relazioni ceco-indiane potrebbero raffreddarsi.
Questo è quanto ha sottolineato il ministro a New York dopo il suo incontro con il suo collega indiano Pranab Mukherdshi.
"Se non si risolve, certo, ci sarà un certo raffreddamento", ha dichiarato dopo un incontro organizzato su iniziativa ceca.
Mukherdshi ha detto dopo le conversazioni che in materia giudiziaria l'esecutivo non può intervenire.
Tuttavia, ha affermato che nel caso di Petr Švácha, che è stato assolto e ha ricevuto una multa, il governo centrale ha chiesto il riconoscimento del governo locale di Dardjiling, che ha la competenza in materia.
"Il suo problema potrebbe essere risolto", ha detto il ministro.
Per Emil Kučera, condannato a tre anni di carcere, Mukherdshi ritiene che sarebbe meglio fare appello in un tribunale superiore.
Potrebbe chiedere la cauzione e aspettare il verdetto.
Schwarzenberg ha confermato che il suo partner ha espresso la stessa opinione durante i negoziati.
"Se raccomanda un appello a un tribunale superiore, allora sarebbe possibile ottenere un perdono", ha detto il capo della diplomazia ceca.
Il ministro indiano ha affermato che l'unico modo per intervenire dalla parte ceca è fornire ai condannati "un'assistenza legale competente".
Infine, il Parlamento europeo ha approvato la proposta di risoluzione presentata dal Parlamento europeo.
"Abbiamo un grande interesse a mantenere buoni contatti con l'India, che hanno una lunga tradizione.
Anche gli indiani lo ammettono", ha detto Schwarzenberg.
Secondo l'agenzia di stampa ceca ČTK, il ministro ha anche confermato al suo partner che la Repubblica ceca attribuisce grande importanza al problema degli entomologi cechi.
"Pensiamo davvero che arrestare e accusare questi scienziati cechi sia un grande errore", ha spiegato.
Il ministro ha evitato di rispondere alla domanda se avesse ricevuto dall'India l'impegno di occuparsi della questione.
"Mi è stato già promesso molto", ha semplicemente affermato.
Un ceco decide di combattere per il fondo del mare
Si avvicina a una mappa elettronica che mostra l'Australia e le zone marine limitrofe.
Tuttavia, non è interessato al continente, ma a un piccolo punto, perso nel blu dell'oceano.
"L'isola appartiene all'Australia e con essa anche il fondo marino adiacente.
L'area è grande quanto il continente stesso", afferma Luigi Santosuosso, un giurista italiano che fa parte del team di 30 membri della UNOCEANISM.
Il suo capo, il direttore della divisione, il giurista ceco Václav Mikulka, segue l'interpretazione e la completa di tanto in tanto.
Qui c'è entusiasmo e entusiasmo.
Il fondo marino contiene un mondo finora poco conosciuto, ricco di risorse naturali.
Qui si trova petrolio, minerali e altre materie prime non rinnovabili, ma anche organismi viventi sconosciuti finora, che, per esempio, sono la chiave per sviluppare un farmaco contro il cancro.
Un fondo marino più grande della terraferma
Oggi gli stati costieri hanno dichiarato con forza la loro pretesa sui nuovi territori marini.
Infatti, secondo una convenzione delle Nazioni Unite, essi esercitano i loro diritti, concordati a Montego Bay in Giamaica nel 1982.
Si tratta soprattutto della zona della cosiddetta scorta continentale, che spesso si estende fino a diverse centinaia di chilometri dalla costa di un paese fino all'oceano.
Secondo la Convenzione, questo paese ha diritto esclusivo a tutte le fonti della piattaforma continentale.
"In parole semplici, la scorta continentale è considerata la parte del fondale marino e dei suoi fondali che costituisce una naturale continuazione del continente sotto la superficie del mare.
Il suo territorio va oltre i confini del mare, spesso anche oltre i duecento chilometri della zona economica esclusiva", spiega Mikulka.
La richiesta presentata alla Commissione per la definizione dei confini esterni della schiera continentale da parte del paese in questione deve essere corroborata da una vasta documentazione scientifica e tecnica basata su numerose ricerche e misurazioni costose.
È il risultato di molti anni di lavoro preparatorio.
"Una delle nostre funzioni è quella di fornire assistenza tecnica, giuridica e tecnica alla Commissione.
La Commissione ha finora negoziato cinque proposte, da Russia, Brasile, Australia, Irlanda e Nuova Zelanda.
Finora solo i tre paesi in questione hanno avuto successo", aggiunge Mikulka.
Recentemente, l'Australia ha avuto un'eco internazionale per il suo successo, essendo stata il primo paese ad ampliare notevolmente le sue zone marine.
Ma anche la Nuova Zelanda è un vincitore: la superficie del fondo marino, approvata dalla Commissione la scorsa settimana, è di circa 1,6 milioni di chilometri quadrati, circa sei volte la superficie del paese.
Entrambi i paesi hanno investito milioni di dollari nelle ricerche.
I profitti che in futuro trarranno dall'utilizzo del fondale marino, promettono, saranno inestimabili.
Altre nazioni presenteranno progressivamente le loro richieste.
Potranno farlo per dieci anni dal momento in cui ratificeranno l'accordo di Montego Bay.
Da dove finisce la piattaforma continentale inizia l'area del fondo oceanico, definita dalla Convenzione "patrimonio comune dell'umanità".
In questo caso, nessuno Stato avrà più una posizione speciale.
Il diritto di promuovere in questo settore è conferito da un'istituzione internazionale istituita dalla Convenzione.
"Il fondo marino non è un pozzo di oro", afferma con un po' di esagerazione il direttore Mikulka, aggiungendo che "i singoli territori sono legalmente definiti e il sistema è strutturato in base a contratti".
Cechi nel Pacifico
Oggi parte del fondo marino appartiene anche alla Repubblica Ceca.
Essa lo condivide con altri paesi dell'ex blocco orientale nell'ambito dell'organizzazione comune "Interoceanmetal".
In base alla convenzione, nel 1991 essa, come gli investitori di alcuni altri Stati, ha ottenuto lo status di "investitore pionieristico".
L'organizzazione ha il diritto di estrarre nella zona di ClarionClipperton nell'Oceano Pacifico tra Messico, Hawaii e Kiribati.
L'area da esaminare dall'investitore è leggermente più ampia della ex Cecoslovacchia.
Il fondo marino è articolato, è una sorta di tatra sul fondo marino.
"Si può estrarre su un'area totale di 75.000 chilometri quadrati.
L'area è ricca di cementi polimetallici contenenti nickel, rame, cobalto e manganese", dice un altro avvocato indiano, Pakshi Rajan.
Il macedone Rober Sandev, che lavora nella divisione, ha portato un esempio di questo tipo di concreto.
E' come una patata o, con un po' di fantasia, come la favolosa schema che ha dato vita alla leggenda del Golem.
Le forze speciali tedesche erano sul posto per liberare gli ostaggi.
Il governo egiziano aveva chiesto aiuto alla Germania per risolvere la crisi degli ostaggi, e gli esperti sono arrivati.
Quando le cose si sono fatte serie, le forze speciali erano pronte, ma non sono state impiegate.
Le circostanze della liberazione di undici turisti europei rapiti in Egitto stanno diventando sempre più dettagliate.
Secondo le informazioni del Ministero della Difesa e dell'Interno, anche le forze speciali tedesche erano indirettamente coinvolte nell'operazione di salvataggio.
Secondo quanto riportato, sia gli specialisti della Bundeswehr che gli ufficiali della GSG 9, della compagnia aerea della polizia federale, del Federal Criminal Office e degli esperti di logistica del Technical Aid Work erano presenti sul luogo della liberazione.
Tuttavia, come hanno detto i portavoce dei ministeri, le forze tedesche non sono state necessarie perché i prigionieri sono fuggiti quando hanno visto segni di liberazione violenta.
Il governo egiziano ha accettato l'aiuto offerto dalla Germania per essere coinvolto come forza di sostegno sul posto.
"Fortunatamente non è successo", ha detto un portavoce del ministero dell'Interno.
I terroristi avevano rapito il gruppo di cinque tedeschi, cinque italiani, una rumena e le loro otto compagne egiziane nel sud dell'Egitto il 19 settembre.
Dopo essere stati rapiti in una zona deserta nel sud dell'Egitto, gli ostaggi erano stati trascinati in giro per il confine tra Egitto, Libia, Sudan e Ciad.
L'identità degli ostaggi rimase sconosciuta fino all'ultimo momento, così come i dettagli della liberazione o dei possibili pagamenti di riscatto.
I soccorsi sono arrivati sani e salvi al Cairo.
Steinmeier ha detto che gli ostaggi liberati sono sotto la custodia dell'ambasciata tedesca.
Non ha commentato i dettagli del rilascio.
A Berlino non c'era inizialmente alcuna informazione su quando sarebbero tornati in Germania.
Secondo il quotidiano Bild, i cinque turisti e le forze speciali saranno trasportati da un Airbus dell'aeronautica militare e arriveranno in Germania martedì.
La Camera dei Rappresentanti USA rifiuta il piano di salvataggio
La prima camera del Congresso degli Stati Uniti ha fatto quasi fallire il pacchetto di salvataggio da 700 miliardi di dollari per i mercati finanziari.
Il Dow Jones è crollato al ribasso.
Con 206 voti contro 227, la Camera dei Rappresentanti degli Stati Uniti ha respinto il piano di salvataggio del governo per i mercati finanziari.
Nonostante le richieste del presidente degli Stati Uniti George W. Bush e di politici di entrambi i partiti, non c'è stata una maggioranza a favore del programma per contenere il caos dei mercati finanziari.
In una drammatica azione, i sostenitori avevano cercato disperatamente di convincere i critici del pacchetto di 700 miliardi di dollari.
Barney Frank, uno dei negoziatori democratici, aveva chiesto ai deputati di approvare il piano, anche se era impopolare.
"È difficile ottenere riconoscimento politico per aver evitato qualcosa che non è ancora accaduto", ha ammesso.
Mentre si votava, il Dow Jones è crollato di oltre il 6%, o 600 punti.
La ragione erano le preoccupazioni degli investitori che il pacchetto di salvataggio statale potesse fallire.
Ha recuperato poco prima della fine del voto, per poi cadere di nuovo dopo aver saputo del fallimento.
Gli esperti si aspettano ora di ulteriori gravi turbolenze sui mercati finanziari internazionali.
Per entrare in vigore il programma è necessario l'approvazione sia della Camera dei deputati che del Senato.
Gli organizzatori registrano un aumento dei numeri di prenotazione
Sembra che il nostro inverno sia un buon inverno per le agenzie turistiche tedesche:
Secondo uno studio, le prenotazioni di viaggi per i prossimi mesi hanno registrato un notevole aumento rispetto all'anno precedente, fino a oltre il 30 per cento per la stagione invernale.
Secondo uno studio, nonostante le deboli prospettive economiche, il desiderio di viaggiare dei tedeschi rimane intatto.
Le prenotazioni per la stagione invernale hanno registrato un incremento del 31% rispetto al periodo dell'anno precedente, come ha annunciato il lunedì a Berlino la Deutsche Reiseverband (DRV).
Secondo l'indagine dell'istituto di ricerca sul mercato GfK, anche per i mesi autunnali i numeri di prenotazioni sono aumentati.
Il profitto delle agenzie di viaggio per ottobre è stato pari all'11% rispetto al 2007, ha riferito il DRV.
Questi risultati sono basati su dati della GfK, che valuta ogni mese i dati di prenotazione di 1200 agenzie di viaggio tedesche e li calcola per il mercato complessivo.
Si tratta di viaggi prenotati fino alla fine di agosto 2008.
A causa della debolezza del dollaro, i viaggi negli Stati Uniti sono particolarmente richiesti, ha riferito il DRV.
Qui l'aumento delle prenotazioni è di circa un terzo.
Inoltre, la Spagna, la Turchia e la Grecia, nonché i territori di origine, sono destinazioni particolarmente richieste dai tedeschi.
In particolare, i viaggi a pacchetto sono molto apprezzati, ha dichiarato Klaus Laepple, presidente della DRV.
In questo caso, ha aggiunto, i costi per energia e cibo sono sempre più elevati e "sono più prevedibili per il cliente rispetto a quelli delle vacanze organizzate su misura".
La spesa potrebbe essere risparmiata, tra l'altro, con sconti per i primi abbonamenti o offerte all'inclusione, ha spiegato Laepple.
Anche i mesi estivi sono stati molto ben prenotati, e quindi il fatturato sarà di nuovo più alto rispetto all'anno precedente, anche se secondo un altro studio il numero di tedeschi che hanno intrapreso un viaggio è diminuito rispetto all'anno precedente.
La mia prima volta ad Oktoberfest
Ballermann-Apres, sci di successo nel loop infinito, birra in brocche a litri e celebrità in dirndl di designer.
Un debutto di Wiesn.
Susanne Zucchero di miele e io non abbiamo molto in comune.
È bionda, presentatrice televisiva e indossa un dirndl su misura.
Ho i capelli scuri, sono una studentessa e il mio vestito è di seconda mano.
Ma una cosa ci unisce: appena tre minuti sulla Wiesn, i fotografi si precipitano su di noi e ci riempiono di schede di memoria - molto lusinghieri e questo nella mia prima visita a Wiesn.
È così che si fanno amicizie.
Il dirndl a basso costo sembra essere al suo posto.
Essendo Wiesn-Touri e residente a nord dell'equatore bianco, il benessere nella costume si è mantenuto fino ad oggi in limiti.
Ma una volta arrivati al prato di Therese, tutto è a metà.
Quasi tutti indossano dirndl o pantaloni di pelle; nessuno guarda in modo disgustoso o tocca in modo imbarazzante - tutto è del tutto normale.
Gli sguardi strani al banco delle banane di cioccolato sono per il mio camice.
Una donna di Monaco mi fa notare che ho legato male la mia camicia: "Sia libera, in mezzo Vergine, a destra data, dietro vedova".
Ho iniziato a fare il loop da dietro a sinistra.
"Fatto", disse ridendo.
Altri, invece di impegnarsi in tecniche di flirt sottili, indossano semplici cappelli di pelliccia con scritto "To drunk to get dress!" e tendono il sedere nudo verso chi non li chiede.
Il giovane con gli atteggiamenti eshibitionistici si chiama Bob, viene dall'Inghilterra e visita anche l'Oktoberfest per la prima volta.
Lo trova "grandioso", con un lungo "ooooo".
Me lo dice dopo aver sbarazzato della dose che ha bevuto.
Proprio accanto a uno di questi idranti, che tutti pensano sia un bidone della spazzatura.
Quindi Bob è uno di quei famigerati "scianciatori".
Altri non hanno la fortuna di liberarsi dell'alcol in questo modo.
Verso le otto di sera, i medici si accalcano sulla piazza per occuparsi dei poveri che si nutrono.
Gli infermieri si presentano sempre in branco, quattro alla volta, trascinando una grossa portafogliera da tenda a tenda.
Come per la maggior parte dei visitatori di Wiesn, va a vuoto, torna a pieno.
Non si vede chi si trova nella bara di permilia sotto il piano.
"Questi sono quelli che non prendono niente", mi ha gridato uno degli infermieri, e poi è sparito nel tumulto.
Il nome della vittima dell'incidente è stato comunicato dalla polizia
Il nome di una pedona di 63 anni, morta in ospedale dopo essere stata investita da un veicolo, è stato reso noto.
Carole Paulson, residente a Chelmsford Road a Brentwood, è stata coinvolta nell'incidente avvenuto venerdì pomeriggio sulla Shenfield Road nel centro della città.
È stata portata al Queen's Hospital di Romford, ma è morta dopo.
Un uomo di 51 anni è stato arrestato dopo l'incidente per sospetto di guida relassata.
Intanto è stato rilasciato su cauzione.
La Turchia allarga gli orizzonti diplomatici
Molto prima che la Turchia aspirasse ad aderire all'Unione europea, le potenze europee erano interessate a penetrare in profondità nell'entroterra turco.
Sul lato orientale del Bosforo, forse a soli 20 passi dall'Asia, c'è una delle più belle reliquie di questa impresa imperiale fallita.
La stazione di Hydarpasha è stata progettata da Otto Ritter e Helmut Conu in stile neo-rinascimentale.
Almeno è quello che ti dicono le guide turistiche.
L'edificio è situato a cavallo alla fine della banchina con una torre in ogni angolo della parte anteriore e sembra un qualche municipio tedesco di provincia.
La roccia è sporca.
L'intero edificio sta crollando.
Ma una volta dentro il biglietto a cupola, non c'è dubbio sulla grandezza del progetto, il cui accesso più occidentale era questo.
La stazione è stata inaugurata nell'agosto 1908 da un consorzio tedesco, la società Anatolia-Baghdad.
La Germania, che era una tardona nel gioco imperialista, doveva realizzare le sue ambizioni di dominare il Medio Oriente, con un collegamento ferroviario a Damasco, Baghdad e oltre fino a quello che oggi è l'Arabia Saudita.
Ma i progetti imperialistici della Germania si paralizzarono durante la prima guerra mondiale.
Le sue ferrovie furono attaccate da Lawrence d'Arabia e dai suoi arabi.
Il relativo isolamento dalla regione circostante, creato dagli insormontabili confini della guerra fredda, è scomparso.
Le forze britanniche uscirono dall'Egitto e spinsero i turchi e i loro alleati tedeschi dalla Palestina e dalla Siria.
E c'è stata anche una brutta notizia per la stazione di Hyderpasha.
Nel 1917 un carro di munizioni esplose, distruggendo il tetto artificiale.
Fonti turche dicono che è stato un attacco di sabotaggio.
Da allora, si è lentamente dissolto, largamente dimenticato dalla storia.
Oggi, però, questa linea ferroviaria serve, almeno simbolicamente, come porta d'accesso all'Anatolia e a tutto ciò che la circonda ad est, per sottolineare l'espansione del horizonte diplomatico della Turchia.
Il partito di governo, l'APD, ha introdotto una politica estera completamente nuova per il paese.
Il relativo isolamento delle regioni limitrofe, creato dai confini della guerra fredda, è scomparso.
Ora la politica di avvicinamento è quella che regna.
È notevole che il governo turco ha buoni rapporti con Israele e con la Siria, con i gruppi palestinesi Hamas e Fatah, con l'Iran e l'Iraq e, naturalmente, con l'Unione europea e gli Stati Uniti.
Per valutare le basi di questa nuova politica estera, sono salito sul treno notturno per Ankara, capitale della Turchia, per incontrare uno dei principali esperti ACP in materia di politica estera, il deputato turco Suat Kiniklioglu.
La mattina dopo, circa dieci ore e mezza dopo, dopo una strada accidentata sulle rotaie che hanno prodotto la parità del vecchio mondo nel famoso documentario "The Night Mail", sono arrivato nella capitale turca, che è vista come una nuova città, per il nuovo progetto di stato secolare di abbandonare il passato ottomano.
L'APP, nota per le sue radici islamiste, rappresenta un cambiamento di paradigma nell'unità turca.
Questo ha suscitato molta diffidenza in Occidente, in particolare a Washington.
Un taxi mi ha portato al quartier generale dell'ACP, una costruzione di pietra e acciaio di ultima generazione, costruita appositamente per questo, in un sobborgo in via di sviluppo, circondato da centri commerciali e bar a metà costruzione, dove i dirigenti medi in tute, uomini e donne, si incontravano per concludere le prime operazioni del giorno.
Suat Kiniklioglu potrebbe essere un politico di centro-destra di quasi qualsiasi altro partito politico europeo.
Abito, cravatta, sono sicuro che ha anche un Blackberry.
"L'obiettivo della politica estera del partito è ora di reintegrare la Turchia con i suoi vicini.
La guerra fredda era un fenomeno eccezionale", mi racconta.
La Turchia era stata tagliata fuori dal suo territorio.
Oggi deve guardare sia ad est che ad ovest.
Non ci sarebbe né una né l'altra.
Dovrebbe fare entrambe le cose.
"Ma certamente la Turchia potrebbe, ad un certo punto", ho chiesto, "essere costretta a decidere?"
"La Turchia", ha detto, "non voleva dover affrontare questa decisione".
Ha poi sottolineato un punto che quasi tutti coloro con cui ho parlato qui hanno detto quasi di routine: le relazioni della Turchia, non solo con il Medio Oriente, ma anche con il Caucaso e il Mar Nero, sono di beneficio per l'Europa e per gli Stati Uniti come lo sono per la Turchia.
Con la Turchia a bordo, sembra essere il messaggio, l'Europa nel suo complesso può, in senso figurato, percorrere le stesse ferrovie orientali verso l'Asia e il Medio Oriente.
Tornato alla stazione di Hydarpasha, dopo un'altra notte di grande insonnia, ho pensato a quei due signori tedeschi, signor Ritter e signor Conu, che avevano assistito alla costruzione di questa struttura 100 anni fa.
Come sarebbero rimasti sorpresi di sapere che le ambizioni europee in Medio Oriente potrebbero ora, in gran parte, essere nelle mani della Turchia.
E mentre aspettavo alla stazione di prenotazione il traghetto che mi avrebbe riportato sul Bosforo, mi sono ricordato che in quei giorni la Turchia era sempre chiamata "l'uomo malato d'Europa".
All'epoca, almeno, non sembrava esserci molto dubbio su quale continente avrebbe avuto diritto a questa terra affascinante.
In memoria di Vernon Handley e William Woodruff.
Mark Brown scrive: "Come direttore musicale di Guildford dal 1962, Vernon "Tod" Handley (defunto l'11 settembre) era responsabile della Guildford Philharmonic and Choir.
Come parte del suo programma musicale per la città, l'anno seguente fondò il suo grande coro giovanile, Proteus.
Era destinato ai giovani fino a 21 anni, ma quando il coro cantò per l'ultima volta nel 1979, alcuni di noi avevano già vent'anni e poco, e semplicemente rifiutavamo di lasciare il coro.
Il nome "Proteus" (il mitologico mutaforma) rappresentava la disponibilità e la capacità del coro di affrontare qualsiasi pezzo di musica che gli venisse presentato, che fosse un madrigal o un messia, o un cappella o un'orchestra a tutto campo.
La versatilità musicale di un coro così giovane era spesso sorprendente, sempre emozionante e esisteva solo grazie all'ispirazione di quell'uomo e al suo entusiasmo per la musica che non si era mai diminuito negli anni.
Quante volte la morte ci ha costretto a "lasciare che la musica parli da sola".
Lui diceva: "Il compositore sa cosa vuole".
È tutto nella musica.
Allora canta!"
Il suo modo di dirigere era assolutamente chiaro e preciso, mai imperativo ma mai eccessivo.
Per quanto alto fosse il livello musicale, egli richiedeva sempre qualcosa di ancora più alto.
John Frayn Turner scrive:
Se c'è un direttore che ha dovuto essere battuto, è stato Vernon Handley.
L'ho conosciuto bene negli ultimi due decenni, dal 1962 al 1982, quando dirigeva la Guildford Philharmonic.
Negli ultimi 40 anni ho scritto recensioni di oltre cento dei suoi concerti e posso dire sinceramente che non sono mai stato deluso da uno solo, spesso sono stato ispirato da loro.
Tod Handley era quella rara combinazione di grandezza e umiltà personale.
Detestava i direttori che, secondo lui, "semplicemente frequentavano uno o due dei più famosi cavalli da ballo del mondo".
A tanti di noi manchera'.
William Woodruff
Il professor John Beckett scrive:
Nella sua lettera di morte a William Woodruff (25 settembre) scrivete che "nel 1946 riprese a insegnare storia economica a Oxford e nel 1950 ricevette una borsa di studio Houblon-Norman ... mentre studiava contemporaneamente per un B.Sc., un M.A. e un D.Sc.
Questa è una conclusione che viene da una nota scritta da un autore nel libro di Woodruff "Al di là di Nab End", ma non è vera.
Dal 1946 al 1953 fu docente di storia economica all'Università di Nottingham e durante questo periodo scrisse una tesi di dottorato sull'industria della gomma britannica sotto la supervisione del professor J.D. Chambers, che fu pubblicata in seguito nel 1958 come "The British Rubber Industry".
È stato negli Stati Uniti dal 1950 al 1951 con una borsa di studio Houblon-Norman, e ha trascorso l'estate del 1952 presso le università dell'Illinois, Harvard e New York.
Nel 1953 lasciò definitivamente Nottingham e andò in Illinois.
Non si sa perché Woodruff abbia voluto nascondere questa parte della sua carriera.
J. Vicente Resino, presso la Facoltà di Filologia.
̋Ricomando la mostra di José Vicente Resino ̋Flamenco e vita' perché le sue fotografie in bianco e nero, in stile documentario, sono fantastiche.
Mi hanno fatto notare per la loro semplicità e per la forza che emettono, per il modo in cui trattano sempre con rispetto i protagonisti.
Un'esposizione che mostra molte emozioni.
Resino sa trovare i momenti magici".
Secondo giro di un'ottima vendita alla Honda.
A novembre Honda inizierà la commercializzazione della seconda generazione della Honda Jazz.
Mentre il suo modello precedente aveva un grande interno, questa limousine spaziosa ne ha uno ancora più grande.
Inoltre, ci sono delle sfumature tecniche che rendono la guida ancora più comoda e permettono di risparmiare benzina.
Cambiamenti prima della rivoluzione imminente.
Questa è la seconda generazione della Honda Jazz.
Anche se, dal punto di vista estetico, il nuovo jazz presenta una linea simile a quella del suo predecessore, le modifiche apportate a questa grande limousine sono numerose.
Tra le altre cose, si intende sottolineare il design innovativo, la nuova flessibilità spaziale, le dimensioni più grandi della vettura e i nuovi meccanismi.
Tuttavia, prima di iniziare ad analizzare il nuovo modello, bisogna dire che questo nuovo jazz appare sei anni dopo che la prima generazione è stata lanciata sul mercato.
Secondo le prime osservazioni, Honda è riuscita a rinnovare questo modello per un periodo più breve rispetto agli altri produttori.
Anche se la Honda Jazz è meno conosciuta in Europa, è un fenomeno per quanto riguarda le sue vendite negli altri mercati.
Questo è un caso in Giappone, il paese dove il Jazz è stata la macchina più venduta del 2002 e anche nel corso di questo 2008.
Dopo che il jazz è apparso sul mercato, solo in Giappone sono stati venduti circa un milione di modelli.
Il secondo mercato era il Vecchio Continente, con circa mezzo milione di auto vendute in sei anni.
Tuttavia, Honda cerca di aumentare le vendite del nuovo modello Jazz all'interno del segmento.
In questo modo, mentre nel 2007 l'azienda giapponese ha venduto un totale di 83 000 modelli di Jazz, le stime attese sono di 10 000 auto, il 17% dell'aumento previsto sul mercato europeo.
Per quanto riguarda il mercato spagnolo, Honda ha venduto un totale di 8 000 modelli Jazz dal 2002, pari al 6,7% delle vendite totali di Honda in Spagna.
Per quanto riguarda la nuova generazione di modelli, i dirigenti della filiale spagnola si aspettano di vendere 2 000 modelli Jazz all'anno.
In particolare, l'apparizione del nuovo modello Honda Jazz permette di coprire il calo delle vendite in Spagna.
In realtà, i dirigenti del marchio sperano di concludere l'anno con vendite totali di 22.000 modelli, 4 000 auto in meno rispetto al 2007, una riduzione del 16%.
Nonostante questo aumento delle vendite, Honda ha aumentato la sua quota di mercato in Spagna rispetto all'anno precedente (1,6%) fino a raggiungere l'1,8%.
Allo stesso tempo, l'azienda giapponese spera di raggiungere il 2% nel 2010.
Per raggiungere tale quota, Honda punta sull'apparizione di un nuovo modello.
Si tratta di Insight, una vettura ibrida a 5 porte e di dimensioni compatte di 4,7 metri di lunghezza, che la società giapponese spera di vendere circa 200 000 modelli all'anno in tutto il mondo.
Secondo le stime del mercato del produttore giapponese, il 50% dei modelli Insight è venduto negli Stati Uniti, mentre il resto è distribuito nel continente e in Giappone.
La pubblicazione di Insight è prevista per i primi mesi dell'anno e la sua prima presentazione pubblica si terrà a Valencia nel mese di gennaio.
Per quanto riguarda la prima generazione, il nuovo jazz cresce in tutte le sue grandi dimensioni.
La sua lunghezza è di 3,90 metri (più 5 centimetri), la sua larghezza è di 1,69 metri (più 2 centimetri) e la distanza tra gli assi è di 2,50 metri, il che ci porta a supporre che sia diventato più grande di 5 centimetri.
L'altezza, invece, rimane invariata, a 1,52 metri.
Insieme all'aumento delle dimensioni, viene anche ampliato l'interno.
Questo successo è dovuto, da un lato, al nuovo programma di flessibilità spaziale e, dall'altro, alla posizione centrale del serbatoio di carburante, una soluzione utilizzata anche nel modello precedente di Jazz.
Anche la capacità del bagagliaio, che ha un sistema di doppia portabagagli, raggiunge fino a 339 litri, cioè 19 litri in più rispetto alla capacità del bagagliaio della prima generazione.
Occorre sottolineare che tali misure sono previste per la versione con motore a benzina da 1,4 litri, poiché la capacità del bagagliaio della Honda Jazz con motore a benzina da 1,2 litri è di 379 litri.
Tra gli altri miglioramenti, oltre a elementi di equipaggiamento aggiuntivi come sedili in pelle o la possibilità di installare finestre panoramiche, è stato introdotto un accesso migliore alle sedute.
L'angolo di apertura delle porte posteriori è di 80 gradi, mentre il primo jazz era di 67 gradi.
Anche i motori della seconda generazione di Jazz sono nuovi.
All'inizio della sua commercializzazione, questo piccolo modello ha due versioni di motori a benzina: 1,2 e 1,4 litri.
Entrambe le varianti hanno il sistema i-VTEC, che consente un consumo di carburante basso e emissioni di CO2 minori, un'ottima prestazione tecnica e, allo stesso tempo, una potenza di torque elevata per tutta la durata del motore.
La prima variante da 1,2 litri produce 90 CV a 6 000 giri e una massima torque di 114 Nm a 4 900 min.
Questo motore a benzina, il modello precedente di Jazz, ha 78 CV, consuma 5,3 litri di benzina e emette 125 grammi di CO2.
In relazione al motore precedente, che raggiungeva 83 CV nella precedente generazione, ora riesce a raggiungere i 100 CV.
Il Jazz 100 hp 1.4 consuma 5,4 litri di benzina e emette 128 grammi di CO2.
`Auto-ape che evita le collisioni
Per promuovere lo sviluppo delle tecnologie per la prevenzione degli incidenti, Nissan ha preso ispirazione dalla natura, in particolare dalle api.
L'azienda giapponese ha sviluppato un robot il cui volo si rifà al comportamento degli alberi e evita incidenti.
Questo robot è un Bio-Mimetic Car Robot Drive o BR23C e rappresenta il primo passo nelle tecnologie per la prevenzione degli incidenti.
Gli ingegneri del Centro di sviluppo tecnico della Nissan Motor Co. hanno sviluppato questo piccolo robot in collaborazione con il Centro di ricerca per la scienza e la tecnologia avanzata della prestigiosa Università di Tokyo, in Giappone.
Secondo Kazuhiro Doi, responsabile delle relazioni pubbliche tecnologiche e della gestione del marchio R&D, il BR23C rappresenta un'estensione del quattro livelli di protezione Nissan.
Questo robot dovrebbe garantire che le auto di questa marca siano in grado di evitare le collisioni.
Durante il volo, ogni ape costruisce il proprio spazio di volo ovale, molto simile al distintivo di sicurezza Nissan.
Ma la cosa più importante sono gli occhi a tre lati dell'ape, che possono vedere in tutte le direzioni ad un'angolazione di 300 gradi, permettendole di volare senza disturbi nel suo spazio aereo personale.
Per riprodurre la prospettiva a tutto tondo, gli ingegneri hanno sviluppato il cosiddetto Laser Range Finder (LRF).
Esso individua ostacoli situati a una distanza di due metri e un raggio di 180 gradi dalla BR23C, calcola la distanza fino all'oggetto e invia un segnale a un microprocessore di bordo che viene immediatamente tradotto in segnale per evitare la collisione
`Nel momento in cui si avverte un ostacolo, il piccolo robot imita il volo delle api e cambia immediatamente direzione ruotando le ruote di 90° o più per evitare la collisione.
La differenza più grande rispetto a qualsiasi altro sistema è che questa manovra di evasione avviene assolutamente istintivamente.
In caso contrario, il robot potrebbe non essere in grado di reagire con velocità sufficiente per evitare ostacoli", spiega Toshiyuki Andoh, direttore del laboratorio di mobilità e ingegnere capo del progetto.
A differenza dell'ape, il robot non può andare in alto o in basso, ma non può nemmeno andare in alto; può muoversi solo in due dimensioni e nella direzione che gli permette di ruotare le sue ruote e non in direzioni infinite e in modi infiniti come fanno le api.
Per questo motivo, Nissan ha usato la funzione di rotazione, oltre alle funzioni di accelerazione e frenata, per evitare che il piccolo robot si scontra.
`Questo apparecchio ha bisogno di pochi secondi per elaborare e agire.
Non richiede né la memorizzazione delle informazioni né la logica intuitiva delle manovre effettuate, quindi può lavorare continuamente con solo un paio di dozzine di KB di spazio di archiviazione.
E questo suona sorprendente, ma non si tratta di GB o nemmeno di MB di memoria.
Questo è il primo passo nello sviluppo di tecnologie per la prevenzione immediata delle collisioni, una tecnologia che Nissan prevede di introdurre nelle auto di serie nei prossimi dieci anni.
Il robot funziona con batterie al litio-polimero, che sono più leggere e durano più a lungo di una varietà di batterie agli ioni di litio.
Un'altra possibile applicazione di questa tecnologia in futuro potrebbe essere l'integrazione dell'unità con un sistema di navigazione GPS via satellite per guidare fino alla destinazione mentre si guida e evitare gli ostacoli lungo il percorso.
Sta tremando prima di essere gravata da un mutuo.
Bisogna riconoscere che il Dipartimento del Tesoro degli Stati Uniti, oltre ad avere liquidità sufficiente per fornire il sostegno, non è privo di abilità.
Prima della crisi, per evitare che gli americani fossero coinvolti nelle storie di mutuo delle banche che si presumevano in grado di pagare, è stato creato un gioco divertente e informativo per gli utenti di Internet: "Bad Credit Hotel".
O forse, l'hotel del cattivo credito o del casino.
Il terzo aspetto di questa struttura e in particolare della sua receptionist è di pensare una, due e tre volte se è il momento di non chiedere un prestito.
E soprattutto, dove si può farlo, che è probabilmente anche l'obiettivo del gioco.
Certo, ha informazioni utili, ma non ha dettagli.
È più un sito per adolescenti che un posto per tutti gli spettatori.
Cosa succederà quando il gioco sarà ampliato?
Beh, quando una stanza da sogno appare in hotel.
Almeno un po', perche' non si tratta di comprare una casa migliore.
Morgan Stanley mette a disposizione i propri capitali per MUFG
Morgan Stanley ha annunciato l'ingresso nel suo gruppo di Mitsubishi UFJ Financial Group (MUFG), che sarebbe la prima banca in Giappone a spendere 9 miliardi di dollari e a prendere il 21% del suo capitale, una novità dovuta a un forte calo del suo tasso di mercato.
Una settimana dopo la pubblicazione di un accordo preliminare, le due banche hanno dichiarato che MUFG acquisterà il 9,9% delle azioni ordinarie di Morgan Stanley al prezzo uniforme di 25,25 dollari, per un totale di tre miliardi di dollari.
Il prezzo accettato è inferiore al 19% del valore della quota al 31 agosto.
MUFG investirà un'ulteriore cifra di 6 miliardi di dollari nell'acquisto di azioni convertibili che garantiranno un utile del 10% e potranno essere rivendute a 31,25 dollari.
Morgan Stanley ha dichiarato che l'operazione mondiale sarà effettuata su base di un prezzo medio uniforme di 29 dollari, il 28% in più rispetto al prezzo attuale.
Tuttavia, le azioni di Morgan Stanley sono scese del 6,79% alle 17,00 GMT, a 23,07 dollari.
̋Questa unione strategica rappresenta un'importante opportunità per accelerare la transizione di Morgan Stanley al ruolo di banca holding', ha dichiarato John Mack, amministratore delegato del gruppo americano.
Morgan Stanley ha adottato questo status la scorsa settimana, il che dovrebbe consentire di espandere le sue attività in nuovi settori, ma sotto la supervisione della Federal Reserve.
Il suo legame con MUFG conferma anche che l'attuale crisi finanziaria sta costringendo i più grandi nomi di Wall Street ad assumere un atteggiamento molto più prudente di prima.
Le modalità presentate lunedì mostrano inoltre che l'accordo è stato modificato nel corso degli ultimi giorni: lo scorso lunedì Morgan aveva semplicemente dichiarato che avrebbe venduto fino al 20% delle sue azioni al Giappone per circa 8,5 miliardi di dollari.
̋Una settimana fa', ha dichiarato a Tokyo Toshihide Mizuno, amministratore delegato di MUFG, ̋noi pensavamo che la partecipazione sarebbe stata costituita interamente da azioni ordinarie.
Ma, in considerazione della situazione economica e di mercato attuale, volevamo ridurre i rischi e proteggerci.
In base a un prezzo medio equilibrato, MUFG pagherà il 7% in meno del valore delle sue azioni Morgan Stanley.
E l'operazione si concluderà con una riduzione del profitto di circa il 20% a azione.
L'accordo prevede che MUFG potrà convertire in azioni ordinarie, entro un anno, metà delle sue azioni preferenziali, se queste ultime saranno scambiate entro un termine di tempo superiore al 50% del valore di vendita, ossia a circa 47 dollari.
Morgan Stanley assicura che i fondi forniti da MUFG gli permetteranno di sfruttare le opportunità di investimento, rafforzare il suo bilancio e aumentare le sue vendite.
Un portavoce del gruppo ha rifiutato di fornire ulteriori dettagli sui progetti strategici dei due nuovi alleati.
Dopo l'investimento di MUFG, Morgan Stanley dovrebbe poter registrare un tasso di solvibilità di circa il 15%, uno dei migliori del settore.
Morgan ha dichiarato di aver ridotto notevolmente il suo bilancio dalla fine di agosto.
Le ultime settimane sono state difficili per il gruppo, che ha dovuto vedere il suo prezzo di mercato scendere della metà, mentre il prezzo dell'assicurazione contro la disoccupazione è salito rapidamente.
Questo prezzo è sceso lunedì, ma è rimasto a un livello elevato, intorno al 12%.
Goldman Sachs, l'unico altro "sopravvissuto" delle grandi banche di investimento di Wall Street dopo il fallimento di Bear Stearns e Lehman Brothers e l'acquisto di Merrill Lynch, ha annunciato la scorsa settimana di aver raccolto 15 miliardi di dollari, in parte da Berkshire Hathaway, il gruppo di Warren Buffett.
Rafael Correa questo lunedì a Quito.
La Repubblica deve essere ristabilita intorno al socialismo del XXI secolo.
Questo è il progetto comune del venezuelano Hugo Chávez, del boliviano Evo Morales e dell'equatoriano Rafael Correa.
È stato questo terzo a proporre, questa domenica, il progetto di una nuova costituzione, seguendo l'esempio dei suoi simili e amici.
La Commissione ha adottato una risoluzione sulla proposta di direttiva che prevede di istituire un sistema di controllo delle importazioni di prodotti alimentari provenienti da paesi terzi.
Secondo questi risultati, il 28% ha votato "no", il 7% delle schede erano invalide e lo 0,7% è stato lasciato vuoto.
Per l'approvazione del progetto di costituzione occorre ottenere un voto di più della metà di tutti i voti espressi.
Domenica, due sondaggi effettuati alle porte delle urne e un conteggio di un'organizzazione non governativa avevano annunciato una netta vittoria per il "sì", con un predetto 63% al 70%.
La notte di domenica a lunedì, Rafael Correa aveva chiesto la vittoria del suo progetto di costituzione.
"La Costituzione ha trionfato in modo travolgente", ha detto in Guayaquil, sede del governo a 280 chilometri a sud-ovest di Quito, congratulandosi con gli ecuadoriani.
Naturalmente, Rafael Correa è stato congratulato da Chávez e Morales, ma anche dalla sua collega cilena Michelle Bachelet.
La scelta, che si è svolta in silenzio secondo la delegazione di osservatori dell'Organizzazione degli Stati Americani (OSA), riguardava un testo di 444 punti per la salvaguardia del "nuovo socialismo" per il quale il presidente si batte.
Il progetto costituzionale trasferisce il potere dello Stato all'economia, lasciandogli il diritto esclusivo di "progettare lo sviluppo" in un paese che vive principalmente di estrazioni di petrolio da parte di imprese straniere e di valuta che invia gli emigranti nel paese.
Il progetto, promosso dal presidente Correa, eletto nel 2006, conferisce anche maggiori poteri al presidente, che potrà esercitare fino a due mandati consecutivi di quattro anni e dissolvere l'Assemblea nazionale.
Correa ha già annunciato di voler avvalersi di questo potere e di volersi candidare per un nuovo mandato nel febbraio 2009.
La Costituzione garantisce anche il principio della gratuità della sanità e dell'istruzione, che il presidente ha già iniziato a introdurre in questo paese di 13,9 milioni di abitanti, il 50% della cui popolazione vive sotto il livello di povertà.
Infine, prevede anche di vietare la presenza di truppe straniere, mettendo fine all'accordo tra Quito e Washington sull'uso di una base ecuatoriana come base di partenza per le operazioni anti-droghi americane.
I 19 ostaggi sono stati liberati in Ciad
Un comando egiziano ha lanciato l'attacco contro i rapitori delle undici turisti e dei loro otto accompagnatori, catturati dieci giorni fa.
Sono al Cairo.
Gli undici turisti europei e le loro otto compagne egiziane, trattenuti nel deserto per undici giorni, sono stati riportati sani e salvi nella capitale egiziana questo lunedì pomeriggio.
Il giorno dopo erano stati liberati da un comando egiziano in Ciad.
Sembrava che gli ostaggi fossero in buone condizioni quando, verso le 15:30 di sera, a bordo di un aereo speciale, raggiunsero la base militare di al-Maza, vicino all'aeroporto internazionale del Cairo.
Sono stati portati direttamente, senza poter parlare con la stampa, a bordo di un elicottero al Maadi Hospital, un quartiere straniero del Cairo, per essere esaminati.
Tutti sono in ottima salute e non è stato pagato alcun riscatto ai rapitori", ha dichiarato il ministro egiziano del turismo, Zoheir Garanna, sul palco.
Dopo essere stata catturata il 19 settembre in un safari in auto da tutto terreno ai piedi del monte Ouanat, nel confine tra Egitto, Sudan e Libia, il gruppo di ostaggi è stato portato di volta in volta da 35 rapitori sconosciuti.
Sono 11 turisti - 5 italiani, 5 tedeschi e una rumena - e altri 8 egiziani: due guide, 4 autisti, un vigile di frontiera e il direttore dell'agenzia Aegyptus, organizzatrice del safari.
Un funzionario della sicurezza egiziana ha dichiarato che 30 membri delle forze speciali, a bordo di due elicotteri, hanno lanciato l'attacco di notte, poco prima dell'alba.
`Sono stati sparati da entrambe le parti e metà dei rapitori sono stati uccisi, gli altri sono fuggiti', ha detto l'agente, che ha voluto rimanere anonimo.
Ha spiegato che un totale di 150 membri delle forze speciali egiziane sono stati inviati in Sudan, dove sono stati supportati da comandanti tedeschi e italiani.
Il capo dei diplomatici italiani Franco Frattini ha riferito da Belgrado, dove si trova, del ruolo svolto dagli agenti segreti e da elementi delle forze speciali italiane.
̋Dobbiamo riconoscere che abbiamo ottenuto questo risultato grazie alla professionalità e alla competenza dei nostri uomini delle forze di intelligence e delle forze speciali', ha spiegato senza ulteriori dettagli.
Ha anche negato che un riscatto fosse stato pagato.
La scorsa sera, l'esercito sudanese aveva affermato di aver fermato un veicolo a terra con i rapitori durante una pattuglia, uccidendo sei di loro, tra cui il leader di origine ciadiana, e arrestando due.
L'esercito ha dichiarato di essere legato a un gruppo ribelle del Darfur, il Movimento di Liberazione dell'Unità del Sudan (SLA-U), ma questo è stato immediatamente negato.
Lettere - La maggioranza silenziosa della cultura
Un dibattito sul finanziamento della cultura fa notizia e è un tema centrale della campagna elettorale in corso.
Meglio così.
Ma un'area della nostra vita culturale continua ad essere dimenticata.
Chi si alzerà e denuncierà le miserevoli somme di denaro versate ai piccoli musei, agli archivi, agli scavi archeologici o ai luoghi storici nazionali che stanno morendo di fame?
Quale politico oserà ricordare al governo federale che trascura i suoi monumenti e le sue costruzioni di importanza culturale?
Che nel Quebec, come in Canada, non ci sono leggi adeguate per proteggere efficacemente il nostro patrimonio culturale?
Lo sapevate che il governo francese ha stanziato 3,5 milioni di euro per il solo restauro del castello di Chinon nella valle del Loire?
Per i nostri vicini americani, è scritto nella costituzione del loro paese che la tutela del patrimonio culturale appartiene alla cultura degli americani, e che questo patrimonio culturale deve essere protetto da tutti i cittadini, da tutti i parlamentari e da tutti i distretti di governo, e questo in comune accordo.
In Quebec, nell'Associazione delle Società Storiche del Quebec, almeno 40.000 volontari, riuniti in 211 società storiche, si sforzano di dedicarsi intensamente alla storia, di salvare con pochi centesimi i numerosi archivi privati e di preservare i resti archeologici.
Sono anche spesso i cani da guardia del nostro patrimonio culturale, che protestano con la forza della disperazione quando i finanziatori e i responsabili politici lanciano i loro bulldozer sulle nostre vecchie pietre e sui cimiteri dimenticati.
Quando ci sarà un palco per la storia e il patrimonio culturale?
I governi del Benelux nazionalizzano parti della Fortis Bank
Con una parziale nazionalizzazione, gli Stati del Benelux vogliono aiutare la Fortis Bank, una banca belga e olandese in difficoltà a causa della crisi finanziaria statunitense.
I governi del Belgio, del Lussemburgo e dei Paesi Bassi hanno tenuto, nel fine settimana, con il presidente della Banca centrale europea e il commissario dell'Agenzia europea per la concorrenza, dei colloqui al massimo livello.
In seno alla zona euro, Fortis è la prima vittima della crisi finanziaria internazionale in corso da un anno, e le decisioni che verranno prese in merito alla banca potrebbero costituire un precedente.
In base alla decisione presa domenica sera, tutti e tre gli Stati acquistano circa il 49% delle rispettive quote della banca.
La banca dovrebbe vendere parte delle sue partecipazioni, in particolare le attività assicurative acquistate da ABN Amro nel corso dello scorso anno.
Le azioni della Fortis hanno iniziato una discesa brusca la scorsa settimana, nella seconda metà della settimana si sono già presentati scenari di crisi seri.
Tuttavia, gli analisti concordano sul fatto che la banca, con i suoi 85.000 dipendenti, è troppo grande per fallire.
I titoli dell'istituto sono scesi del 12% a un minimo di 14 anni.
Dal gennaio il valore delle azioni è sceso di oltre due terzi.
In base ai prezzi attuali, il valore di mercato del gruppo è di EUR 14 miliardi, ma secondo la direzione generale è irrealistico.
Secondo la direzione, il salvataggio americano di 700 miliardi di dollari e l'incertezza dei mercati che ne deriva sono la causa del ribasso delle azioni Fortis.
Il lunedì, però, i prezzi sono aumentati leggermente.
Filip Dierckx è stato nominato nuovo direttore generale della Banca il venerdì.
L'istituto finanziario era anche alla ricerca di un compratore privato, ma non ha trovato nessuno con un'offerta concreta.
Il governo belga ha cercato di rassicurare gli investitori, dicendo che non dovevano avere paura del loro denaro.
Non c'è stato alcun panico tra i clienti, non sono stati fatti irruzioni nei negozi della banca.
In Ungheria Fortis ha filiali indipendenti, ma ha anche delle società di leasing.
La volpe nella gallinaia
A causa del consumo di farmaci da parte di un individuo, in America le assicurazioni sulla vita e sulla salute spesso rifiutano di stipulare un contratto con un cliente.
Gli esperti di protezione dei dati temono che il mercato dei dati possa diventare incontrollabile.
"Ci sono programmi di protezione dei dati che legano l'uso dei dati sui farmaci al consenso del soggetto interessato.
"Queste prescrizioni dovrebbero essere in mani indipendenti, altrimenti lasceremo le galline alla volpe". - Richard Dick, sviluppatore del programma di tracciamento delle prescrizioni, citato dal Washington Post.
Le assicurazioni fissano le tariffe e gli importi di pagamento in caso di danno in base allo stato di salute del cliente e, se il rischio è troppo alto, l'assicurazione non viene presa.
In passato, il cliente veniva inviato a un esame medico e il contratto veniva stipulato solo con la conoscenza dei risultati.
Dieci anni fa Dick inventò un metodo molto più conveniente: il numero di identificazione del cliente, che gli permette di ottenere dai farmaci i dati degli ultimi un anno e mezzo, cioè quali farmaci sono stati acquistati, e il programma calcola da questo quale malattia il cliente soffre e quale sia la sua condizione di salute.
Per esempio, se si acquistano regolarmente grandi quantità di farmaci per abbassare il colesterolo, si potrebbe concludere che il livello di grasso nel sangue è insopportabilmente alto, e quindi automaticamente si è in un gruppo a rischio maggiore.
Ci sono diverse versioni del programma in circolazione, alcune definiscono addirittura un moltiplicatore di rischio, così che le assicurazioni devono fare solo la burocrazia, ma ci sono piccole difficoltà.
Uno dei problemi è che molti farmaci possono essere usati per scopi diversi, come per le emicranie e le febbri, ma anche per la depressione.
L'ultimo è considerato un fattore di rischio elevato dagli assicuratori, mentre quelli precedentemente menzionati non lo sono.
Per consultare e elaborare i dati, sono state create società specializzate che chiedono il consenso dei pazienti prima di raccogliere i dati.
Intanto, la legge li obbliga a farlo, anche se finora non si è mai trattato di omissioni.
Alcune aziende utilizzano anche i risultati di analisi di laboratorio e li collegano ai dati relativi al consumo di farmaci, per fornire un quadro ancora più preciso della salute dei pazienti.
Sempre più aziende hanno accesso ai dati e, allo stesso tempo, controllare il loro utilizzo diventa sempre più difficile.
Anche se esiste una legge sulla protezione dei dati personali per i dati sanitari, il suo effetto si estende solo ai fornitori di servizi sanitari e alle assicurazioni.
La legge è già stata presentata al Congresso, secondo cui le autorità potrebbero anche controllare le aziende di elaborazione dei dati.
Dick Richard si rende conto che questo è troppo e quindi vuole sviluppare il suo programma in modo che i dati possano essere condivisi solo con il consenso del soggetto interessato.
Un'altra questione è, naturalmente, che l'interessato non può probabilmente vietare l'accesso ai propri dati, poiché le assicurazioni non concludono altri contratti con lui.
E così le galline sono in qualche modo a disposizione della volpe.
Piano globale di Marsiglia
Unione europea e India raddoppiano il commercio
Poiché l'Unione europea e l'India sono i principali partner commerciali dell'altro, questo è stato il tema principale del nono vertice, insieme ad altri problemi globali.
Oggi si svolge anche il vertice franco-indiano, che si occupa soprattutto di cooperazione nel settore dell'energia nucleare.
L'Unione europea riconosce che l'India è una grande potenza democratica emergente che dovrebbe avere più voce e voce in capitolo in materia internazionale, ma finora gli Stati membri non sono riusciti a concordare se appoggiare o meno la permanenza di Nuova Delhi nel Consiglio di sicurezza delle Nazioni Unite.
Questa questione non è stata discussa ieri al nono vertice di Marsiglia.
Il presidente francese e attuale presidente del Consiglio dell'UE, Nicolas Sarkozy, il presidente della Commissione José Manuel Barroso e il diplomatico capo Javier Solana hanno ricevuto il primo ministro indiano Manmohan Singh.
Considerando che il volume degli scambi di merci è passato da 25 a 55 miliardi di dollari tra il 2000 e il 2007, questo obiettivo non è nemmeno così ambizioso.
In questo senso, i 26 accordi di azione civile esistenti con l'India sono stati legalmente riuniti in un accordo, dando vita anche al trasporto aereo.
Entro il 2009 l'India intende firmare l'accordo di libero scambio con l'Unione.
Sarkozy ha promesso di accelerare il patto.
L'obiettivo è di trovare un equilibrio tra l'attuale rapporto squilibrato tra l'UE e l'India: mentre l'Unione è il partner numero uno dell'India, New Delhi è solo al nono posto tra i partner dell'UE.
Il vertice è stato dedicato alle preoccupazioni globali.
Il Consiglio ha adottato una risoluzione sulla situazione in Afghanistan e in Pakistan, nonché sul terrorismo, che sono stati condannati con forza da entrambe le parti.
Il Consiglio europeo ha deciso di non accettare la proposta di risoluzione.
L'UE ha sottolineato che si attende una riduzione delle emissioni di gas inquinanti di almeno il 20% entro il 2020.
L'India ha accettato questo, così come la proposta di un compromesso globale al prossimo vertice sul clima per ridurre la produzione di gas serra del 50% entro il 2050.
La Commissione ha inoltre adottato una risoluzione sulla politica agricola comune.
Il capo del governo indiano visita oggi la capitale francese, dove firmerà un accordo sulla fruizione pacifica dell'energia nucleare in occasione di un incontro bilaterale.
Parigi, invece, spera di ottenere da società francesi contratti per la costruzione di reattori nucleari in India per un valore di 20 miliardi di euro.
Secondo le notizie dell'agenzia, l'accordo dovrebbe durare 15 anni.
Oltre 300 editori italiani a Francoforte
Presenza di editori italiani alla Fiera Internazionale del Libro di Francoforte.
Oltre 300 editori italiani parteciperanno alla 60a edizione della Fiera del Libro, la più importante manifestazione internazionale per l'acquisto dei diritti.
La fiera internazionale del libro di Francoforte prevede per la presente manifestazione oltre 7.000 espositori provenienti da 101 paesi, che si distribuiranno sui 171.790 metri quadrati della fiera e presenteranno oltre 403.000 titoli.
L'assistente del segretario del ministero per i beni culturali e le attività culturali, Maria Giro, rappresenterà il governo italiano durante la cerimonia di apertura della sala espositiva: l'Italia sarà rappresentata nella sala espositiva "Punto Italia" di 264 mq.
A seguire, presso la struttura della Room, si terrà una conferenza stampa nella sala 5.0 della fiera, in cui verranno discusse le statistiche, le tendenze e le prospettive relative all'editoria in Italia.
Secondo i dati, l'importanza dei libri di scrittori stranieri diminuisce nel settore generale, ma in particolare nel settore degli adulti e dei giovani.
L'aereo di Steve Fossett, scomparso un anno fa, ritrovato
L'aereo di Steve Fossett, il miliardario scomparso il 3 settembre 2007 durante un volo nel deserto del Nevada, è stato ritrovato.
I pezzi sono stati trovati su un altopiano di 3000 metri nell'area dei Sierra Nevada Mammoth Lakes tra gli stati della California e del Nevada.
All'interno dell'aereo, tuttavia, non sono stati trovati resti umani.
Lo sceriffo della contea di Madera, John Anderson, ha smentito i dubbi durante una conferenza stampa: "L'aereo è stato individuato, una squadra è stata mandata a cercarlo, ora siamo sicuri che sia l'aereo in cui Steve Fossett stava volando il giorno della sua scomparsa".
Il signor Anderson ha anche confermato che non sono stati trovati resti umani nell'aereo o nelle sue vicinanze.
Il miliardario di 63 anni è stato dichiarato morto a febbraio.
L'Ufficio Usa per la Sicurezza Aerea (NSB) ha riferito che, poche ore dopo aver visto l'aereo, una squadra è stata inviata per identificarlo: si trattava della Bellanca 8kcab, scomparsa il 3 settembre 2007 dopo che Fossett era partito per un volo di 3 ore a Yerington, Nevada.
E poi, ieri, anche in California, vicino al confine con il Nevada, alcuni degli oggetti personali di Fossett sono stati ritrovati da una coppia vicino alla loro casa a Mammoth Lakes.
Sono due carte d'identità con il nome di Fossett, entrambe rilasciate dalla Federal Aviation Administration dell'Illinois, contanti e una giacca.
La ricerca di Fossett era stata abbandonata un mese dopo la sua scomparsa.
Il miliardario si era conquistato un posto nella storia con una lunga serie di record.
Nel 2002 riuscì nel suo sesto tentativo, diventando il primo uomo a girare attorno al globo in una mongolfiera: un volo solitario di due settimane.
Tre anni dopo, ha fatto il giro del mondo in un solo volo senza sosta con un aereo.
Tra i suoi numerosi record c'è anche un volo di altitudine di 15445 metri sopra le Ande, con un co-pilota.
Glk, la pubblicità che non ti aspetti
Un SUV che, grazie al suo design originale e alla sua particolare linea, alla sua superficie spaziosa e ai suoi angoli chiari, si differenzia dagli schemi tradizionali.
Mercedes-Benz ha cercato di dare un nuovo respiro al settore con questo offroader.
Proprio per le sue caratteristiche eccezionali, la presentazione del SUV Glk, che sarà esposta dal 17 ottobre nel showroom di Mercedes-Benz, sarà anche insolita.
Il tamburo pubblicitario che accompagnerà l'uscita del nuovo modello sarà anche in una nuova veste, cioè in forma di una campagna 3D, una novità nel settore automobilistico in Italia in ritardo.
Un progetto di grande impegno, che si svolgerà in varie fasi sul Corso Como, il centro commerciale di Milano, fino al 15 novembre.
La prima fase sarà quella di presentare la vettura in forma, con occhiali 3D distribuiti nei pressi del Corso Como per dare un'aria particolare: il nuovo SUV apparirà così come un modello tridimensionale nelle sue dimensioni quasi reali.
In effetti, la macchina apparirà così apparentemente dalla locandina su cui è raffigurata.
La tecnologia Elumina8 permette di illuminare il nuovo cellulare in ogni suo dettaglio in momenti diversi, per poi riassemblarlo come un tutto.
La Mercedes ha indubbiamente l'obiettivo di introdurre con questa pubblicità un nuovo tipo di pubblicità per autore in questo campo piuttosto stereotipato.
Ma riuscirà a suscitare l'interesse dei futuri acquirenti?
Ora si sa chi sono i teppisti italiani
Sono del Triveneto, rischiano di essere banditi.
Chi sono questi 150-200 ragazzi e ragazze di cui tutta l'Italia si vergogna? fanno parte del gruppo Ultra Italia, che da anni segue la nazionale italiana e che, francamente, fino a poco tempo fa non ha causato seri problemi.
Non ci sono mai stati scontri con i tifosi.
L'origine del gruppo è nel medio giusto.
I finanziatori sono del Triveneto.
Verona, Padova, Trieste e Udine.
A questi si aggiunsero altri gruppi più piccoli provenienti da Campania e Puglia.
Indossano i tricolori che raffigurano le città dei militanti, ma sono stati rimossi per evitare l'identificazione.
I suoi modelli sono i tifosi inglesi.
In Bulgaria, però, si è scontroata con una fanciulla di destra, quella di Levski.
La FIGC aveva messo a disposizione dei tifosi italiani 144 biglietti per la partita, tutti con i nomi e quindi facilmente controllabili.
Infatti, tutti sono stati controllati dal criminale: tra coloro che hanno viaggiato a Sofia, nessuno è stato oggetto di una procedura di divieto di ingresso in uno stadio.
A quattro tifosi della squadra italiana, già in preavviso in questo senso, è stato negato il biglietto e il viaggio in Bulgaria.
Il criminale sta aspettando i rapporti della polizia bulgara per procedere: in questo caso, i tifosi arrestati o identificati durante le rivolte possono aspettare un divieto di ingresso in uno stadio per almeno cinque anni.
Si tratta di un divieto internazionale che impedisce l'accesso ai stadi di tutta Europa.
Quindi i nostri teppisti non metteranno più piede in uno stadio.
- Per fortuna.
Ma ora, naturalmente, c'è il timore di imitatori che potrebbero seguirlo di poco più di 150.
"Questo incendio deve essere immediatamente estinto, e che non si possa in alcun modo giustificare un simile comportamento", si legge nel verbale.
Pertanto, "occhi puntati soprattutto alla partita della nazionale mercoledì a Lecce".
In realtà, in Puglia, c'è un piccolo nucleo di ultra italiani.
Domani si riunisce l'Osservatorio (la direzione sportiva), martedì i Casms, che possono contare su una parte dell'Aise, cioè dei servizi segreti che si occupano del problema della violenza negli stadi.
"Criare Duce-Duce e alzare il braccio destro durante l'inno di Mameli?
Questo è il pensiero di Domenico Mazzilli (chiara mente espresso in modo senza gioia), che da poche settimane è il direttore dell'Osservatorio sul Viminal (ha assunto il posto di Francensco Tagliente e poi di Felice Ferlizzi).
Mazzilli è stato prima capo della polizia di Trieste, dove ora vive un nucleo di sostenitori dell'Ultras Italia, fondata nel 2002.
Mazzilli dice che, se è vero che in Bulgaria non è contro la legge lodare il Duce, il comportamento di 150-200 persone è stato senza dubbio una vergogna.
"Non sono un sociologo  aggiunge il numero 1 dell'Osservatorio  I crimini sono puniti nel paese in cui sono stati commessi.
Finora questo gruppo si è tenuto in braccio, ma ora bisogna riflettere su quello che è successo e quello che accadrà.
Ma parliamo anche dei fischi durante l'inno di Mamelis: anche questo non è un reato, ma mi permettete, manca l'educazione ... ".
