Il trionfo dei populisti di destra in Austria, insieme hanno il 29%
Secondo i primi risultati preliminari, l'indebolimento dei partiti della coalizione e il forte rafforzamento dei partiti populisti di destra hanno portato a elezioni anticipate in Austria.
Le perdite sono state particolarmente forti per l'ÖVP, che ha subito gravi scosse nella posizione dell'attuale presidente Wilhelm Molterter.
Al contrario, il leader elettorale della Federazione per il futuro dell'Austria (BZÖ), il capitano di Corfù, Jörg Haider, sta preparando un trionfale ritorno in politica nazionale.
Secondo i risultati preliminari, il Partito per la democrazia sociale (SPÖ) rimane il partito più forte del paese con il 29,8% dei voti, ma perde il 5,5% rispetto alle ultime elezioni del 2006.
E' peggio ancora per l'ÖVP, che perde dal 25,6% quasi il 9% dei voti.
Sono i peggiori risultati di entrambi i grandi partiti nella storia post-bellica dell'Austria e in particolare per i populisti che hanno convocato le elezioni anticipate, un risultato letteralmente disastroso.
All'inizio di luglio, quando l'ÖVP ha lasciato la coalizione, i populisti avevano un vantaggio considerevole rispetto allo SPÖ.
Ma i votanti li hanno puniti per aver fatto fallire il governo.
Le prime reazioni ai risultati hanno già fatto sorgere la speculazione sulla possibile dimissioni del presidente del partito e dell'attuale vicecancelliere Wilhelm Molterter.
Gli osservatori ritengono che potrebbe accadere già lunedì in una riunione straordinaria della presidenza del partito.
Tale evoluzione avrebbe probabilmente facilitato la via verso l'eventuale esito più probabile dell'elezione, ovvero il rinnovamento della grande coalizione SPÖ-ÖVP.
Tuttavia, con il rafforzamento dei due partiti populisti di destra - i Liberi (FPÖ) che hanno ottenuto un 18% dei voti e il BZÖ l'11% - i socialdemocratici hanno espresso preoccupazioni per una ripetizione del 1999, quando i populisti hanno concordato con i populisti (allora ancora uniti, nel 2005 si sono separati dal BZÖ) un governo comune che ha provocato sanzioni da parte dell'Unione europea.
Haider ha già dichiarato di essere pronto a collaborare con qualsiasi parte e prevede di tornare a Vienna per la politica nazionale.
Il Partito dei Verdi è entrato in parlamento, ma ha perso facilmente e è sceso tra i partiti politici austriaci dal terzo al quinto posto.
Nessuno degli altri partiti ha superato il margine del 4% e non è entrato in Parlamento.
Schwarzenberg: "Relazioni con l'India potrebbero raffreddarsi"
Se non si riuscisse a risolvere il problema dei ricercatori cechi accusati in India di raccogliere illegalmente insetti, secondo il ministro degli Esteri ceco Karl Schwarzenberg, le relazioni ceco-indiane si raffredderebbero.
Lo ha detto il ministro a New York dopo un incontro con il suo omologo indiano, Pranab Mukherjee.
"Se non fosse stato risolto, allora sì, allora ci sarebbe stato un certo raffreddamento", ha affermato dopo una riunione organizzata su iniziativa ceca.
Mukherjee ha detto dopo la riunione che le questioni giudiziarie non possono essere interpellate dal potere esecutivo.
Tuttavia, ha detto che nel caso di Peter Sváchy, che è stato assolto e punito con una multa, il governo centrale può trattare con il governo locale di Darjeeling, sotto la cui giurisdizione la questione è giurisdizionata.
"Il suo problema potrebbe essere risolto", ha detto il ministro.
Per Emil Kucher, condannato a tre anni di carcere, Mukherjee ritiene che sarebbe meglio che si appelli a un tribunale superiore.
Può quindi chiedere la cauzione e aspettare la sentenza.
Schwarzenberg ha confermato che il suo partner ha fatto lo stesso durante il processo.
"Suggerisce un ricorso in tribunale superiore, allora sarebbe possibile perdonare", ha detto il capo della diplomazia ceca.
L'unico modo per la Repubblica Ceca di intervenire è quello di fornire ai condannati "un'assistenza legale competente", ha detto il ministro indiano.
Ha anche detto che la parte indiana fornisce già tale aiuto.
"Abbiamo il massimo interesse a mantenere con l'India le migliori relazioni che hanno una lunga tradizione.
Anche gli indiani lo riconoscono", ha detto Schwarzenberg.
Allo stesso tempo, ha detto il CGT, ha sottolineato davanti al suo partner che la Repubblica Ceca attribuisce grande importanza al problema degli entomologi cechi.
"Crediamo davvero che sia un grave errore incarcerare e accusare questi scienziati cechi", ha dichiarato.
Al momento della sua visita, il ministro ha evitato di rispondere alla domanda se avesse ricevuto promesse da parte dell'India di affrontare le questioni.
"Ho ricevuto abbastanza promesse", ha detto semplicemente.
Il Ceco giudica la lotta per il fondo del mare
Accede a una mappa elettronica a muro che mostra l'Australia e le zone marine adiacenti.
Ma non è interessato al continente, ma a un piccolo punto perduto nell'oceano azzurro.
"L'isola appartiene all'Australia e con essa anche il fondo marino.
L'area è grande quanto un continente", dice Luigi Santosuosso, un avvocato italiano che fa parte di una squadra di 30 membri della Divisione delle Nazioni Unite per gli oceani e la legge del mare.
Il suo capo, il direttore della divisione, un avvocato ceco, Václav Mikulka, osserva l'interpretazione e ogni tanto la aggiunge.
C'è un'entusiasmo e un'entusiasmo per il lavoro.
Il fondo marino nasconde un mondo ancora poco conosciuto, ricco di risorse naturali.
Qui si trovano petrolio, minerali e altre materie prime, ma anche organismi viventi sconosciuti, che potrebbero essere la chiave per la ricerca di un farmaco per il cancro.
Fondo più grande del continente
Oggi gli Stati costieri hanno iniziato a contendere con forza per nuovi territori sottomarini.
Infatti, secondo la Convenzione delle Nazioni Unite, essi esercitano i loro diritti, concordati nel 1982 a Montego Bay, in Giamaica.
Si tratta principalmente di una zona chiamata "sciolta continentale", che spesso si estende per centinaia di chilometri dalla costa del paese.
La Convenzione le concede il diritto esclusivo di sfruttare tutte le risorse della piattaforma continentale.
"In parole povere, la scorta continentale è la parte del fondale e del suo sottosuolo che è il naturale proseguimento del continente sott'acqua.
Si estende oltre i confini del mare costiero, spesso oltre i duecento miglia nautiche della cosiddetta zona economica esclusiva", spiega Mikulka.
La richiesta presentata alla Commissione per la delimitazione dei confini esterni della barriera continentale da parte di un paese deve essere corroborata da una documentazione scientifica e tecnica completa basata su numerose ricerche e misurazioni costose.
È il risultato di molti anni di lavoro preparatorio.
"Uno dei nostri compiti è fornire assistenza giuridica e tecnica alla Commissione.
La Commissione ha esaminato cinque richieste, a nome della Russia, del Brasile, dell'Australia, dell'Irlanda e della Nuova Zelanda.
Solo i tre paesi di cui sopra sono riusciti a farlo", aggiunge Mikulka.
Un successo mondiale è stato recentemente registrato dall'Australia, che è stata la prima a espandere notevolmente i suoi poteri sottomarini.
Ma ha anche conquistato la Nuova Zelanda, la quale ha una superficie di circa 1,6 milioni di chilometri quadrati, circa sei volte la superficie del paese stesso.
Entrambi i paesi hanno investito milioni di dollari nella ricerca.
I profitti futuri che ricaveranno dal loro sfruttamento del fondale marino saranno, come si promettono, inestimabili.
Le richieste saranno successivamente presentate da altri Stati.
Possono farlo fino a 10 anni dopo aver ratificato la Convenzione di Montego Bay.
Laddove finisce la pianta continentale, inizia l'area del fondo oceanico, dichiarata "patrimonio comune dell'umanità" dalla Convenzione.
Qui non c'è più uno Stato in esclusiva.
Il diritto di estrazione in tale area è concesso da un ente internazionale istituito dalla Convenzione.
"Il fondale marino non è un Klondike", dice con esagerazione il direttore Mikulka, aggiungendo che "le sue aree sono legalmente ben definite e il loro regime contrattuale".
Cechi nel Pacifico
Oggi parte del fondo marino appartiene anche alla Repubblica Ceca.
Sono condivisi con altri paesi dell'ex blocco orientale nell'ambito dell'organizzazione comune Interoceanmetal.
Nel 1991 ha ottenuto, come gli investitori di alcuni altri Stati, lo status di "pioniere" ai sensi della Convenzione.
Ha il permesso di estrarre nella zona di ClarionClipperton nell'Oceano Pacifico, che si trova tra il Messico, le isole Hawaii e Kiribati.
L'area esplorata dall'investitore è leggermente più ampia della ex-Czecoslovacchia.
Il fondo è articolato, è una specie di replica sottomarina di Tater.
"Ci si può estrarre su un'area di 75.000 chilometri quadrati.
L'area è ricca di cementieri polimetallici contenenti nichel, rame, cobalt e manganese", afferma Ind Pakshi Rajan, altro avvocato.
Un operatore della divisione macedone, Rober Sandev, mostra uno di questi materiali.
Ha la forma di una patata o, se vuoi immaginarla, di un magico schema che secondo la leggenda ha dato vita al Golem.
Le forze speciali tedesche hanno liberato i prigionieri.
Il governo egiziano ha chiesto aiuto alla Germania per risolvere la crisi degli ostaggi. Gli esperti sono arrivati.
Quando la situazione si è aggravata, le forze speciali erano pronte, ma non sono state impiegate.
Sono stati rilasciati 11 turisti europei rapiti in Egitto.
Secondo i dati dei ministeri della Difesa e dell'Interno, anche le forze speciali tedesche hanno partecipato indirettamente all'operazione di soccorso.
Secondo le dichiarazioni dei ministeri, erano presenti sul luogo di liberazione sia esperti dell'esercito federale che membri del gruppo antiterrorismo della polizia tedesca GSG9, della squadra della polizia federale, dell'ufficio penale federale e anche esperti di logistica del servizio di assistenza tecnica (Technisches Hilfswerk).
Secondo un comunicato diffuso dal ministero dell'Economia e della Sicurezza, non sono state necessarie forze tedesche perché i rapitori hanno lasciato andare i loro prigionieri e sono fuggiti quando hanno visto segni di liberazione forzata.
Il governo egiziano ha accettato l'aiuto offerto dalla Germania come forza di supporto per l'operazione sul posto.
"Fortunatamente non è successo", ha detto un portavoce del ministero dell'Interno.
Un gruppo di turisti, composto da cinque tedeschi, cinque italiani, una rumena e otto guide egiziane, è stato rapito nel sud dell'Egitto il 19 settembre.
Dopo essere stati rapiti in una zona deserta nel sud dell'Egitto, i prigionieri sono stati trasferiti nei territori frontalieri tra Egitto, Libia, Sudan e Ciad.
L'identità dei rapitori rimase chiara fino all'ultimo momento, così come i dettagli della loro liberazione o del possibile pagamento del riscatto.
Al momento, i soccorsi sono a posto al Cairo.
Il ministro Steinmeier ha detto che la liberazione degli ostaggi è in custodia dell'ambasciata tedesca.
Non ha rilasciato commenti sui dettagli.
A Berlino non si sa ancora quando i soccorsi torneranno in Germania.
Secondo il quotidiano Bild, tutti e cinque i turisti, con le loro forze speciali, dovrebbero partire su un Airbus dell'Aeronautica militare tedesca e arrivare in Germania martedì.
La Camera dei Rappresentanti ha respinto il piano di salvataggio.
La prima camera del Congresso americano ha bocciato a stretta maggioranza un piano di salvataggio per i mercati finanziari di 700 miliardi di dollari.
Il Dow Jones è precipitato.
Con 206 voti contro 227, la Camera dei Rappresentanti ha respinto il piano di salvataggio del governo per i mercati finanziari.
Nonostante le richieste del presidente degli Stati Uniti George W. Bush e dei politici di entrambi i partiti, non c'è stata maggioranza per un programma che dovrebbe alleviare il caos dei mercati finanziari.
Con un'azione drammatica, i sostenitori hanno cercato disperatamente di convincere i critici del pacchetto di 700 miliardi di dollari.
Barney Frank, un negoziatore democratico, ha invitato il Parlamento a votare prima del voto, anche se ha detto che il piano non è popolare.
"È difficile ottenere riconoscimento politico per aver evitato qualcosa che non è ancora accaduto", ha ammesso.
Mentre si votava, il Dow Jones è sceso di oltre il 6%, o 600 punti.
La ragione era la preoccupazione degli investitori che il piano di salvataggio nazionale potesse fallire.
Poco prima della fine della votazione, l'indice è salito, per poi precipitare di nuovo dopo l'annuncio del fallimento.
Gli esperti si aspettano ora di nuove gravi turbolenze nei mercati finanziari internazionali.
Per entrare in vigore, il programma deve essere approvato dalla Camera dei Rappresentanti e dal Senato.
Gli agenti di viaggio registrano un aumento dei numeri di prenotazioni
Sembra che l'inverno sia un buon periodo per gli imprenditori tedeschi del turismo:
Secondo uno studio, il volume di booking per i prossimi mesi è aumentato notevolmente rispetto all'anno precedente, fino a superare il 30 per cento per la stagione invernale.
Nonostante la debole crescita economica, la voglia dei tedeschi di viaggiare rimane incrollabile.
Per quanto riguarda le prenotazioni per la stagione invernale, le agenzie di viaggio hanno registrato un aumento del 31 per cento rispetto allo stesso periodo dello scorso anno, come ha riferito lunedì a Berlino la Deutsche Reiseverband (DRV).
Secondo un sondaggio dell'Istituto di ricerca sul mercato GfK, anche per i mesi autunnali sono già disponibili maggiori quantità di prenotazioni.
Secondo DRV, il volume di vendita è stato quindi superiore del 11% circa rispetto al 2007 per ottobre.
I dati di GfK, che ogni mese analizza i dati di prenotazione di 1200 agenzie di viaggio tedesche e li interpola sul mercato complessivo, sono la base per questi risultati.
Questo risultato include le prenotazioni di viaggi effettuate fino alla fine di agosto 2008.
Il dollaro è molto debole, e i viaggi verso gli Stati Uniti sono i principali richiesti, ha riferito il DRV.
Per questi viaggi, l'aumento delle prenotazioni è di circa un terzo.
Inoltre, i paesi in cui i tedeschi hanno una forte popolarità sono la Spagna, la Turchia e la Grecia, nonché le acque nazionali.
In particolare, le escursioni organizzate sono in corso, ha dichiarato Klaus Laepple, presidente della DRV.
In considerazione delle crescenti spese di energia e di cibo, i costi sono "più facili da calcolare per il cliente rispetto a quelli delle vacanze organizzate individualmente".
La Laepple ha spiegato che i consumatori possono risparmiare denaro, tra l'altro, facendo uso di sconti per prenotazioni anticipate o offerte all-inclusive.
Anche nei mesi estivi, il numero di prenotazioni è stato molto buono, e quindi il fatturato sarà ancora più alto rispetto all'anno precedente, sebbene secondo un altro studio il numero di tedeschi che hanno fatto un viaggio sia diminuito rispetto all'anno precedente.
Il mio primo Oktoberfest.
Una sbornia infinita, birra di bottiglie e celebrità in taglio di designer famosi.
La prima volta in un campo da birra.
Susanne Kronzucker e io non abbiamo molto in comune.
Lei è bionda, una presentatrice televisiva e indossa un taglio a misura.
Ho i capelli scuri, sono una studentessa e il mio vestito è di secondhand.
Ma una cosa ci unisce: non siamo nemmeno stati tre minuti sul campo da birra e ci stanno già attaccando dei fotografi e stanno riempiendo velocemente le schede di memoria.
E' cosi' che si fa amicizia.
Sembra che il mio taglio a basso costo abbia fatto il suo lavoro.
Sono qui come una turista e vivo a nord dell'equatore del salsiccio, quindi il mio senso di comfort nel taglio era piuttosto limitato.
Ma da quando siamo arrivati a Theresienwiese, tutto è meglio di quanto sembrasse.
Quasi tutti indossano abiti da donna o pantaloni di pelle; nessuno guarda con disgusto o imbarazzo - è tutto normale.
Le strane vedute al bancone delle banane e del cioccolato sono ottenute solo dalla mia cappa.
Una donna di Monaco mi ha detto che la mia fascia era sbagliata: "Sulla sinistra sei libera, in mezzo una vergine, sulla destra sposata, in fondo una vedova".
Ho fatto un passo di nascosto verso il sinistro.
"Va bene", dice e ride.
Altri, con tecniche di flirt molto sottili, indossano semplici cappelli di pelliccia con scritto "To drunk to get dressed!" e si sfiorano sui culi nudi dei passanti.
Un giovane con queste tendenze eshibitioniste si chiama Bob, è inglese e è venuto all'Oktoberfest per la prima volta.
Gli sembra "gorgeous", con un "oooo" allungato.
Me lo dice dopo aver bevuto un po' di pomata.
Proprio vicino a uno di quegli idranti che tutti pensano siano dei cestini.
Bob è uno dei temibili "Wildbiesler", come si dice in Baviera a chi piscia in pubblico.
Gli altri non hanno la fortuna di liberarsi così dall'alcol.
Verso le otto di sera, la piazza dell'Oktoberfest è piena di medici che si occupano di quei poveri ubriaconi.
I medici si presentano sempre in branco, portando da tenda in tenda a quattro le loro barelle coperte.
Funziona come la maggior parte dei visitatori di un campo da birra: vuoto là, pieno di nuovo.
Chi giace sotto la tela di questa bara di granite non si vede.
"Sono quelli che non possono andare avanti", mi chiama uno dei medici in risposta alla mia domanda e scompare nella folla.
La polizia ha rilasciato il nome della vittima dell'incidente
E' stata rilasciata la nome della donna di 60 anni morta in ospedale dopo essere stata colpita da una macchina nell'Essex.
Un incidente avvenuto a Shenfield Road a Brentwood venerdì pomeriggio ha colpito Carole Paulson di Chelmsford Road.
Fu portata al Queen's Hospital di Romford, ma morì dopo.
Dopo l'incidente, un uomo di 51 anni è stato arrestato per sospetto di guida reattiva.
Era già stato rilasciato su cauzione.
Le prospettive diplomatiche turche si allargano
Molto prima che la Turchia iniziasse a cercare di entrare nell'Unione Europea, le potenze europee desideravano penetrare profondamente nel territorio turco.
Sulla sponda orientale del Bosforo, forse a soli 20 passi dall'Asia, c'è uno dei migliori monumenti di questa ambizione imperiale fallita.
La stazione ferroviaria di Hydarpasa è stata progettata da due architetti tedeschi Otto Ritter e Helmut Conu in stile neorinascimentale.
Allora le guide turistiche vi diranno.
L'edificio si trova a un angolo, alla fine delle piattaforme, con una torre in ogni angolo della facciata, a vista indistinguibile da una qualche municipio di provincia tedesca.
La pietra è sporca.
L'intera costruzione sta lentamente crollando.
Ma una volta entrato nella cassa a triangolo, non si può più dubitare della grandezza dell'azienda, la cui porta più occidentale era la stazione.
La stazione fu aperta nell'agosto 1908 da un consorzio tedesco, la Anatolia-Baghdad Corporation.
La Germania, che era entrata tardi nel gioco degli imperi, intendeva realizzare le sue ambizioni di dominio del Medio Oriente con questa ferrovia che avrebbe portato a Damasco, Baghdad e oltre nel territorio che oggi è l'Arabia Saudita.
Ma le ambizioni imperiali tedesche crollarono durante la prima guerra mondiale.
Le loro rotte furono attaccate da Lawrence d'Arabia e dalle sue truppe irregolari.
Il relativo isolamento da territori limitrofi, creato dai confini congelati della Guerra Fredda, è scomparso.
Le truppe britanniche e coloniali stavano avanzando dall'Egitto e avevano cacciato i Turchi e i loro alleati tedeschi dalla Palestina e dalla Siria.
E c'è stata una brutta notizia per la stazione di Hydarpasha.
Nel 1917 un'esplosione di un treno di munizioni distrusse il suo tetto.
Le fonti turche dicono che si tratta di sabotaggio.
Da allora, si è ridotta e la storia l'ha ignorata.
Oggi, però, questa porta d'accesso all'Anatolia e più a est serve - almeno simbolicamente - a mettere in risalto le prospettive di espansione della diplomazia turca.
Il partito di governo, l'AKP, ha creato una nuova politica estera per il paese.
Il relativo isolamento da territori limitrofi, creato dai confini congelati della Guerra Fredda, è scomparso.
Ora è una nuova politica: la Turchia si impegna.
È interessante notare che il governo turco ha buoni rapporti con Israele e con la Siria, con le fazioni palestinesi di Hamas e Fatah, con l'Iraq e l'Iran e, naturalmente, con l'Unione europea e gli Stati Uniti.
Per esaminare i parametri di questa nuova politica, sono salito su un treno notturno per Ankara, la capitale turca, dove dovevo incontrare uno dei principali esperti di politica estera dell'AKP, il deputato turco Suat Kiniklioglu.
La mattina dopo, circa dieci ore e mezza dopo, dopo aver fatto un giro a spasso sulle rotaie, che ricordavano i ritmi antichi del famoso documentario "La Posta Notturna", arrivai nella capitale turca, progettata come una nuova città per uno stato laico che voleva voltare le spalle al suo passato ottomano.
Tuttavia, l'AKP, con le sue note radici islamiste, rappresenta un cambiamento di paradigma per il consenso turco.
Ha suscitato sospetti in Occidente, soprattutto a Washington.
Il taxi mi ha portato alla tenda centrale dell'AKP, un edificio di pietra e metallo ultramoderno, costruito apposta in un sobborgo in via di sviluppo, circondato da negozi e negozi a metà costruiti, dove i dirigenti di fascia media in abiti da commerciante, uomini e donne, si incontrano per fare acquisti in mattinata.
Suat Kiniklioglu potrebbe essere un politico di centro-destra di quasi tutti gli altri partiti politici europei.
Giacca, cravatta, sono sicuro che aveva anche un Blackberry.
"L'obiettivo della politica estera del partito è reintegrare la Turchia nel suo più vicino ambiente.
La guerra fredda era un'anomalia", mi disse.
La Turchia è stata tagliata fuori dalla sua zona.
Oggi deve guardare sia l'est che l'ovest allo stesso tempo.
Non c'era scelta.
Devono aver fatto entrambe le cose.
"Ma ci sarà sicuramente un momento", ho chiesto, "in cui la Turchia potrebbe dover decidere?"
"La Turchia", ha detto, "non ha voluto che questa decisione dovesse avvenire".
Ha poi sottolineato quello che quasi tutti quelli con cui ho parlato qui hanno detto quasi a memoria: le relazioni della Turchia non solo con il Medio Oriente, ma anche con il Caucaso e il Mar Nero sono tanto a vantaggio dell'Europa e degli Stati Uniti quanto della Turchia.
Con la Turchia a bordo, sembra che l'Europa nel suo insieme possa, metaforicamente parlando, percorrere queste ferrovie verso est, verso l'Asia e il Medio Oriente.
Tornato alla stazione di Hydarpasha, dopo un'altra notte di riposo, ho pensato a quei due tedeschi, Herr Ritter e Herr Conu, che hanno visto costruire questo edificio un secolo fa.
Come sarebbero sorpresi di scoprire che le ambizioni europee in Medio Oriente potrebbero ora essere, in gran parte, nelle mani turche.
E mentre ero in porto ad aspettare la traghetto per tornare sul Bosforo, mi sono ricordato che in quei giorni la Turchia era chiamata "la persona malata d'Europa".
Sembra quindi che, almeno allora, non ci fosse molto dubbio su quale continente avrebbe diritto a questo paese affascinante.
Storie memorabili: Vernon Handley e William Woodruff
Mark Brown scrive: "Come direttore musicale di Guildford dal 1962, Vernon "Tod" Handley (necrologo, 11 settembre) era in carica della Guildford Philharmonic Orchestra and Choir.
Come parte del piano musicale del distretto, ha creato un'eccellente scuola di giovani Proteus.
Doveva avere 21 anni, ma quando Proteus cantò per la ultima volta nel 1979, alcuni di noi avevano quasi 30 anni.
Il nome "Proteus" (mitologico mutaforma) rappresentava la volontà e la capacità del coro di dedicarsi a qualsiasi musica gli fosse proposta, madrigli o Messiaen, da solo o con l'orchestra.
La flessibilità musicale creata da un coro così giovane era spesso impressionante, sempre emozionante, e tutto grazie all'ispirazione di un solo uomo e alla passione per la musica che è rimasta assolutamente invariata per tutto il tempo.
Quante volte ci ha detto Todd di "lasciare che la musica parli da sola".
Disse: "Il compositore sa cosa vuole.
E' tutto nella musica.
Allora cantate!
La sua tecnica di battuta era assolutamente chiara e precisa, ma non era né dittatoriale né fioritura.
Qualunque fosse il livello musicale, doveunque fosse, lo ha sempre elevato.
John Frayn Turner scrive:
Se c'è un direttore che dovrebbe essere nominato cavaliere, è Vernon Handley.
Lo conoscevo bene per i due decenni in cui diresse la Guildford Philharmonic dal 1962 al 1982.
Negli ultimi 40 anni ho recensito più di 100 suoi concerti e posso dire con tutta onestà che non sono mai stato deluso da nessuno di essi, e che sono stato ispirato molte volte.
Tod Handley aveva una combinazione meravigliosa di grandezza e modestia personale.
Detestava i direttori che, secondo lui, "semplicemente trascinavano un o due forni perpendicolari nel mondo".
Molti di noi lo mancheranno.
William Woodruff
Il professor John Beckett scrive:
L'obitario di William Woodruff, 25 settembre, afferma che "nel 1946 tornò a studiare storia economica a Oxford e nel 1950 divenne ricercatore presso Houblon-Norman... e studiò contemporaneamente per la laurea, la laurea superiore e la laurea".
Questo è basato su un commento di Woodruff all'autore di Beyond Nab End, ma non è accurato.
Da 1946 a 1953 insegnò storia economica all'Università di Nottingham, durante il quale completò una tesi di laurea sulla gomma britannica, guidata dal professor J. D. Chambers, e la pubblicò nel 1958 come British Rubber Industry.
In effetti, nel 1950-51 passò negli Stati Uniti come ricercatore alla Houblon-Norman e l'estate 1952 alle Università dell'Illinois, Harvard e New York.
Nel 1953 lasciò definitivamente Nottingham e andò in Illinois.
Non si sa perché Woodruff abbia superato questa fase della sua carriera.
J. Vicente Resino alla Facoltà di Filosofia
"Consiglierei la mostra di José Vicente Resina "Flamenco e vita", perché le sue fotografie documentari in bianco e nero sono fantastiche.
Sono stato colpito dalla semplicità e dalla forza con cui si rivelano per il pubblico e dalla considerazione e rispetto per chi viene fotografato.
Un'esposizione che mostra molto sentimento.
Resino è capace di catturare momenti magici".
Honda attacca per la seconda volta con il suo bestseller
Nel mese di novembre Honda inizierà le vendite della seconda generazione di Jazz.
Se il predecessore di questa monoposto aveva già un ampio spazio, ora offre un interno ancora più spazioso.
A questo si aggiungono motori migliorati che aumentano il comfort di guida e consentono maggiori risparmi di carburante.
È l'evoluzione, non la rivoluzione.
Questa è la seconda generazione della Honda Jazz.
Anche se dal punto di vista estetico le linee del nuovo Jazz sono molto simili a quelle del modello precedente, questa monoposto ha subito molti cambiamenti.
Si tratta di un'innovativa progettazione, di una nuova piattaforma, di dimensioni più ampie e di nuovi motori.
Prima di esaminare il nuovo modello, è importante notare che il nuovo Jazz arriva sul mercato sei anni dopo l'introduzione della prima generazione.
Quindi la prima cosa che noteremo è il fatto che Honda ha impiegato un periodo di rinascita più breve rispetto ad altri produttori.
Anche se in Europa il Jazz è un modello meno conosciuto, in altri mercati è diventato un fenomeno di vendita.
Questo è il caso del Giappone, il paese dove il Jazz è stata la macchina più venduta nel 2002, e anche durante questo 2008.
In Giappone, da quando è stata lanciata, la Honda Jazz ha venduto quasi un milione di esemplari.
Il secondo mercato è diventato il vecchio continente, con circa mezzo milione di pezzi venduti in sei anni.
Ma la Honda mira a far aumentare le vendite della nuova Jazz nella sua categoria.
Infatti, mentre nel 2007 la società giapponese ha venduto un totale di 83 000 Honda Jazz, nel 2009 si stima che saranno vendute 100 000 auto, il che significherebbe un aumento del 17% sul mercato europeo.
Per quanto riguarda il mercato spagnolo, Honda ha venduto un totale di 8 000 Jazz dal 2002, pari al 6,7% delle vendite totali di Honda in Spagna.
Per quanto riguarda la nuova generazione di Jazz, la direzione della filiale spagnola prevede di vendere 2.000 unità per l'intero anno.
L'arrivo della nuova Jazz permetterà alla Honda di ridurre notevolmente il calo delle vendite in Spagna.
La direzione della casa automobilistica si aspetta di fatto di concludere l'anno con un totale di 22 000 unità vendute, 4 000 meno rispetto al 2007 e una diminuzione del 16%.
Nonostante l'aumento delle vendite, Honda ha aumentato la sua quota di mercato spagnolo al 1,8%, rispetto al 1,6%, dello scorso anno.
Nel 2010 la società giapponese prevede di raggiungere il 2%.
Per raggiungere questo obiettivo, Honda si affida al successo del suo prossimo nuovo modello.
È la Honda Insight, una cinque porte e una compatta ibrida lunga 4,37 metri, di cui la società giapponese si aspetta di vendere circa 200.000 unità all'anno.
Per quanto riguarda i mercati, il produttore giapponese stima che il 50% di Insight sarà venduto negli Stati Uniti, mentre il restante 50% sarà distribuito tra il vecchio continente e il Giappone.
La vendita della Honda Insight è prevista nei primi mesi del prossimo anno, quando sarà presentata al pubblico a Valencia nel gennaio.
In confronto alla prima generazione, il nuovo jazz è diventato più grande.
La sua lunghezza è aumentata fino a 3,9 metri (più di cinque centimetri), la sua larghezza a 1,69 metri (più di due centimetri) e il suo passo a 2,5 metri, il che significa un'estensione di cinque centimetri.
Al contrario, l'altezza è rimasta invariata, pari a 1,52 metri.
L'aumento delle dimensioni ha portato ad un aumento dello spazio interno.
Questo vantaggio è stato ottenuto sia utilizzando una nuova piattaforma che installando una cisterna di carburante in mezzo alla vettura, come già avvenuto con la precedente Honda Jazz.
Anche il bagagliaio, dotato di doppio fondo, è salito a 399 litri, 19 di più di quello della prima generazione.
È da notare che queste dimensioni si verificano nella versione con motore 1.4, poiché il volume del bagagliaio della Honda Jazz 1.2 è di 379 litri.
Un altro miglioramento, oltre agli elementi esterni, come i fari posteriori a LED o la possibilità di dotarsi di un tetto panoramico vetrato, è l'accesso più facile ai sedili posteriori.
Le porte che conducono alla seconda fila di sedili consentono un'angolazione di apertura di 80 gradi rispetto ai 67 del primo Jazz.
La seconda generazione della Honda Jazz ha anche motori nuovi.
Inizialmente, questo piccolo modello sarà offerto con due motori a benzina da 1,2 e 1,4 litri.
Entrambi i motori utilizzano la tecnologia i-VTEC, che consente di ridurre il consumo, le emissioni di CO2 e offre ottimi miglioramenti al propulsorie, con un'elevata torque a pieno regime.
Il primo motore da 1,2 litri ha una potenza di 90 cavalli a 6.000 giri con una massima torque di 114 Nm a 4.900 giri.
Questo motore - che aveva 78 cavalli nella precedente generazione del Jazz - consuma 5,3 litri e emette 125 grammi di CO2.
Invece di 83 cavalli, la nuova generazione avrà 100 cavalli.
La Honda Jazz 1.4 da 100 cavalli ha un consumo combinato di 5,4 litri e emette 128 grammi di CO2.
"Auto-ape" previene le collisioni
Per sviluppare le tecnologie di protezione contro gli incidenti, Nissan ha preso ispirazione dalla natura, in particolare dalle api.
Questa azienda giapponese ha creato un robot che simula il volo delle api per evitare collisioni.
Questo è il Bio-Mimetic Car Robot Drive, o BR23C, che rappresenta il primo passo nella tecnologia di prevenzione degli urti.
Gli ingegneri del Centro di Progressione Tecnica della Nissan Motor Co. hanno sviluppato il robot in collaborazione con il Centro di Progressione nella Ricerca Scientifica e Tecnologica della prestigiosa Tokyo University of Japan.
Secondo Kazuhiro Doie, direttore generale delle pubbliche relazioni per la tecnologia, la ricerca e lo sviluppo della marca, il BR23C è presentato come un'estensione delle quattro zone dello scudo di sicurezza della Nissan.
Il robot è stato progettato per migliorare la capacità di prevenzione dei collisioni delle vetture di questa marca.
Durante il volo, ogni ape crea il suo spazio personale a forma di ovale, molto simile al scudo di sicurezza di una Nissan.
Ma la cosa più importante sono gli occhi complessi, che possono vedere in tutte le direzioni ad un'angolazione di oltre 300 gradi, permettendo alle api di volare nel loro spazio personale senza fermarsi.
Per creare questa funzione visiva, gli ingegneri hanno progettato quello che hanno chiamato un Laser Range Finder.
Il sistema di segnalazione di un ostacolo situato a una distanza di due metri, a 180 gradi da BR23C, calcola la distanza da un oggetto e invia un segnale al microprocessore di bordo, che lo trasforma immediatamente in un avviso di collisione.
"Quando viene individuato un ostacolo, il robot imita i movimenti dell'ape e cambia immediatamente direzione girando le ruote a destra o ad un'angolazione maggiore per evitare la collisione.
La differenza più grande rispetto a qualsiasi sistema esistente è il fatto che tutte le manovre di fuga sono assolutamente istintive.
Se non fosse così, il robot non sarebbe in grado di reagire abbastanza velocemente per evitare gli ostacoli", spiega Toshiyuki Andoh, direttore del Mobile Laboratory e capo ingegnere del progetto.
Un robot, a differenza delle api, non può muoversi in direzione ascendente, discendente o diagonale, ma è limitato a due dimensioni e a una direzione che gli è consentita dalla rotazione delle ruote, ma non in un numero infinito di direzioni e possibilità come le api.
Nissan ha quindi utilizzato la funzione di rotazione oltre all'accelerazione e alla decelerazione per evitare che il robot si schiantasse.
"L'apparecchio ha bisogno solo di elaborare informazioni ogni pochi secondi e di comportarsi secondo queste informazioni.
Non richiede memorizzazione di informazioni né l'intuizione logica delle manovre precedenti, e può funzionare senza interruzioni con solo due dozzine di kilobytes di memoria.
Forse vi sorprenderà, ma nella memoria non parliamo di giga o mega".
Questo è il primo passo nello sviluppo di nuove tecnologie per la prevenzione immediata delle collisioni, tecnologie che Nissan prevede di utilizzare nelle auto di serie entro dieci anni.
Il robot utilizza batterie al litio polimeriche, che sono più leggere e durano più a lungo delle batterie agli ioni di litio.
Un'altra possibile utilizzazione futura potrebbe essere quella di incorporare un'unità nel sistema di navigazione satellitare GPS, che potrebbe portare il conducente a destinazione evitando ostacoli.
Godetevi la paura prima di prendere un mutuo
Bisogna ammettere che il Tesoro degli Stati Uniti, oltre ad avere abbastanza capitale per distribuire le iniezioni, non manca di ingegnosità.
In un momento di crisi, per impedire agli americani di prendere mutui rischiosi da banche con solvibilità dubbiosa, hanno creato un gioco di Internet molto popolare e scientifico, "Bad Credit Hotel".
Non è "Hotel del cattivo credito"... o "Hotel del cattivo credito".
L'hotel e soprattutto la reception sono così cupi che uno deve riflettere una, due, tre volte se è il momento giusto per chiedere un prestito.
E soprattutto dove chiedere, che probabilmente è il suo intento.
Il fatto è che il gioco contiene informazioni utili, anche se non molto dettagliate.
È un sito adatto ai giovani piuttosto che a tutti.
E quando il gioco finisce?
All'interno dell'hotel, una stanza da sogno.
Almeno qualcosa, perché non è meglio parlare di casa.
Morgan Stanley apre il suo capitale MUFG
La banca Morgan Stanley ha annunciato che Mitsubishi UFJ Financial Group (MUFG), la più grande banca del Giappone, si unirà a lei mercoledì per pagare 9 miliardi di dollari per ottenere il 21% del suo capitale.
Una settimana dopo aver rivelato il loro accordo preliminare, le due banche hanno spiegato che MUFG intende acquistare il 9,9% delle azioni comuni di Morgan Stanley per un prezzo unitario di 25,25 dollari, per un totale di 3 miliardi di dollari.
Il prezzo concordato è inferiore del 19% al valore contabile dei titoli al 31 agosto.
MUFG investe altri 6 miliardi di dollari per ottenere titoli convertibili che garantiscono un rendimento del 10% e hanno un prezzo di cambio di 31,25 dollari.
Morgan Stanley ha precisato che l'intera operazione sarà effettuata su un prezzo unitario medio di 29 dollari, il 28% al di sotto del suo tasso attuale.
Le azioni di Morgan Stanley hanno comunque perso il 6,79% e sono arrivate a $23.07 intorno alle 17:00 di Greenwich.
"Questa fusione strategica rappresenta un'importante opportunità per accelerare la transizione di Morgan Stanley a holding bancaria", ha spiegato John Mack, amministratore delegato di questo gruppo americano.
Morgan Stanley ha adottato una nuova legge la scorsa settimana, che gli permette di diversificare le sue attività, ma che lo mette sotto la supervisione della Federal Reserve.
La sua fusione con MUFG conferma anche che la crisi finanziaria attuale sta costringendo il più grande acronimo di Wall Street ad adottare un approccio molto più prudente di prima.
Le condizioni presentate lunedì mostrano, tra l'altro, che l'accordo è stato modificato negli ultimi giorni: lo scorso lunedì Morgan ha solo annunciato di vendere fino al 20% delle sue azioni ai giapponesi per circa 8,5 miliardi di dollari.
"Una settimana fa", ha spiegato a Tokyo Tošihide Mizuno, direttore esecutivo del MUFG, "pensammo che la nostra partecipazione sarebbe stata esclusivamente di tipo ordinario.
Tuttavia, tenuto conto della situazione economica e del mercato attuale, abbiamo voluto ridurre al minimo i rischi e anche coprirci".
Sulla base di un prezzo medio ponderato, MUFG pagherà il 7% in meno del loro valore contabile per i titoli Morgan Stanley.
E l'operazione porterà a una riduzione del profitto delle azioni di circa il 20%.
L'accordo prevede che MUFG potrà convertire, entro un anno, metà dei suoi titoli preferenziali in azioni ordinarie, a condizione che queste ultime siano scambiate per un certo periodo a un prezzo superiore del 50% al prezzo di cambio, ossia circa 47 dollari.
Morgan Stanley assicura che il capitale che MUFG fornirà gli consentirà di sfruttare le opportunità di investimento, rafforzare il proprio bilancio e aumentare la propria liquidità.
Un portavoce del gruppo ha rifiutato di fornire informazioni dettagliate sui progetti strategici dei due nuovi alleati.
Dopo l'investimento MUFG, Morgan Stanley dovrebbe vantare un tasso di solvibilità Tier One di circa il 15%, uno dei migliori del settore.
Morgan ha dichiarato di aver ridotto "sensibilmente" il suo bilancio dalla fine di agosto.
Le ultime settimane sono state difficili per il gruppo, con un calo del suo tasso di cambio della metà, mentre i costi di assicurazione contro il rischio di insolvenza del debito sono aumentati drasticamente.
I costi hanno subito una contrapposizione lunedì, ma sono rimasti elevati, intorno al 12%.
La scorsa settimana Goldman Sachs, l'unico altro "survivante" delle grandi banche di Wall Street dopo il crollo di Bear Stearns e Lehman Brothers e l'acquisto di Merrill Lynch, ha annunciato di aver raccolto 15 miliardi di dollari, in parte da Berkshire Hathaway, il gruppo di Warren Buffett.
Rafael Correa, lunedì a Quito.
Ristabilire una repubblica basata sul socialismo del XXI secolo.
Un progetto congiunto tra Hugo Chavez, venezuelano, Eva Morales, boliviana e Rafael Correy, ecuadoriano.
Domenica scorsa, il terzo nominato ha presentato al voto, seguendo il modello dei suoi colleghi e amici, un progetto di nuova Costituzione.
E la sua missione è stata compiuta, perché il 64% degli elettori, secondo i risultati ufficiali, che coprono l'80% dei voti, ha votato "sì" nel referendum.
Secondo questi risultati, il "no" ha ottenuto il 28%, il 7% dei voti sono stati invalidati e lo 0,7% delle schede sono state vuote.
Per far passare la proposta di Costituzione, doveva avere metà dei voti più uno.
Due sondaggi effettuati a uscita dalle urne e un sondaggio di un'organizzazione non governativa hanno previsto una netta vittoria del "sì" nella domenica, con un'incidenza tra il 63% e il 70%.
Rafael Correa, tra l'altro, ha chiesto la vittoria della sua proposta di Costituzione la notte tra domenica e lunedì.
"La Costituzione ha vinto su tutte le linee", ha assicurato e congratulato gli ecuadoriani al governatorato di Guayaquil, 280 chilometri a sud-ovest di Quito.
E' ovvio che Rafael Correa abbia ricevuto congratulazioni da Chavez e Morales, ma anche dalla sua controparte cilena, Michelle Bachelet.
Il voto, che secondo la missione di osservazione dell'Organizzazione degli Stati Americani (OEA) è avvenuto in tutta tranquillità, riguardava un testo di 444 punti che costruiscono un "nuovo socialismo" promosso dal presidente.
Il progetto di Costituzione consacra il potere dello Stato sull'economia, riservandogli la "pianificazione di sviluppo" di un paese che vive principalmente dell'estrazione di petrolio da parte di società straniere e del denaro straniero inviato dai suoi emigrati.
La proposta, promossa da Correà, eletto nel 2006, amplia anche i poteri del capo di Stato, che può esercitare due mandati consecutivi di quattro anni e può sciogliere la Camera.
Correa ha già annunciato di voler avvalersi di tale potere e di proporsi per un nuovo mandato nel febbraio 2009.
La Costituzione, tra le altre cose, conferma il principio della sanità e dell'istruzione gratuite, che il presidente ha iniziato a mettere in atto in un paese di 13,9 milioni di abitanti, dove il 50% della popolazione vive sotto il livello di povertà.
Infine, prevede anche un divieto di presenza di truppe straniere, mettendo fine all'accordo tra Washington e Quito sull'uso della base ecuadoriana come punto di partenza per le operazioni antinarcotiche statunitensi.
Nel Ciad sono stati liberati 19 ostaggi
Un commando egiziano ha rapito 11 turisti e l'associazione di 8 persone, catturati 10 giorni fa.
Sono al Cairo.
Undici turisti europei e le loro otto guide egiziane, tenuti prigionieri nel deserto per dieci giorni, sono stati portati sani e salvi nella capitale egiziana.
Sono stati liberati dal comando egiziano in Ciad.
I ostaggi arrivarono verso le 15:30, apparentemente in buona forma, a bordo di un aereo speciale, alla base militare di al-Maza, vicino all'aeroporto internazionale del Cairo.
Sono stati immediatamente trasportati, senza la possibilità di parlare con la stampa, su un elicottero in un ospedale di Maadi, una zona residenziale periferica del Cairo, per un esame medico.
"Sono in perfetta salute" e "non è stato pagato alcun riscatto ai rapiti", ha dichiarato il ministro egiziano del turismo, Zohejr Garrana, sulla pista dell'aeroporto.
Da quando sono stati catturati il 19 settembre durante un safari in un veicolo a quattro ruote ai piedi del monte Uanat, sui confini tra Egitto, Sudan e Libia, un gruppo di ostaggi è stato trascinato da un nascondiglio all'altro da 35 rapitori sconosciuti.
Il gruppo comprende 11 turisti - cinque italiani, cinque tedeschi e una rumena - e anche otto egiziani: due guide, quattro autisti, un vigile di frontiera, direttore dell'agenzia Aegyptous, organizzatrice di safari.
Un alto funzionario delle forze di sicurezza egiziane ha indicato che 30 membri delle forze speciali, che si sono avvicinati a bordo di due elicotteri, sono partiti per la notte, poco prima dell'alba.
"C'è stata una sparatoria, metà dei rapitori sono stati uccisi e gli altri sono fuggiti", ha detto la fonte, che ha voluto rimanere anonima.
Ha riferito che un totale di 150 membri delle forze speciali egiziane della "Blitz" sono stati inviati in Sudan, dove hanno ricevuto il sostegno di comandanti tedeschi e italiani.
Il capo della diplomazia italiana, Franco Frattini, ha parlato da Belgrado, dove si trova, del ruolo svolto dagli agenti segreti e dalle forze speciali italiane.
"Dobbiamo riconoscere che abbiamo ottenuto questo risultato grazie alla professionalità e all'efficienza dei nostri agenti segreti, delle nostre forze speciali", ha detto senza ulteriori dettagli.
Ha anche negato che il riscatto fosse stato pagato.
La scorsa sera, l'esercito sudanese ha dichiarato di aver interrotto un veicolo a quattro ruote con i rapitori, uccidendo sei persone, tra cui un comandante ciadita, e arrestando due.
L'esercito ha affermato di essere legato a un gruppo ribelle in Darfur, il Movimento per la Liberazione del Sudan - Unità (SLA-U), cosa che il movimento ha immediatamente respinto.
Lettere - La maggioranza silenziosa del Ministero della Cultura
Il dibattito sul finanziamento della cultura è diventato un tema di campagna elettorale.
- Meglio così.
Un aspetto della nostra vita culturale, tuttavia, è ancora trascurato.
Chi si alzerà per sprecare le miserevoli somme di denaro che vengono date a piccoli musei, archivi, scavi archeologici e monumenti nazionali che muoiono di fame?
Quale politico ha il coraggio di ricordare al governo federale di trascurare i propri monumenti e i propri edifici storici?
Che in Quebec, come in Canada, non abbiamo leggi che proteggano veramente il nostro patrimonio culturale?
Lo sapevate che il governo francese ha stanziato tre milioni e mezzo di euro per restaurare il castello di Chinon nella valle della Loira?
Per i nostri vicini americani, la Costituzione dice che la tutela del patrimonio culturale è parte integrante della cultura americana e che questo patrimonio deve essere protetto da tutti i cittadini, da tutti i rappresentanti eletti e da tutte le organizzazioni regionali, in collaborazione.
In Quebec, la Federazione delle Società di Storia del Quebec, che comprende almeno 40.000 volontari di 211 società di storia, monumenti, archivi e genealogia, si impegna a scoprire la storia, a conservare la massa di archivi privati e a proteggere i resti archeologici per pochi centesimi.
Spesso sono queste società che sono i cani guardiani dei nostri monumenti, che protestano disperatamente quando i promotori e i dirigenti lanciano i loro bulldozers sulle vecchie pietre e sui cimiteri dimenticati.
Quando vedremo finalmente le tribune per la storia e i monumenti?
Il governo del Benelux parte statale di Fortis Bank
Gli Stati del Benelux aiuteranno la banca belga-olandese Fortis, la prima in Europa a trovarsi in difficoltà a causa dell'effetto della crisi del mercato ipotecario americano, con una parte della nazionalizzazione: i tre paesi sosterranno un'istituzione di capitali e assicurazioni, che ha anche una partecipazione in Ungheria, con un importo di 11,2 miliardi di euro.
Il Consiglio europeo ha adottato una risoluzione sulla politica di concorrenza, che ha preso atto della necessità di un'azione comune per la tutela della concorrenza.
Fortis è la prima banca dell'area euro ad essere entrata in crisi grave nel quadro della crisi dei mercati finanziari internazionali, che si è diffusa in ondate per oltre un anno, e la decisione presa in questo caso potrebbe essere considerata, da un certo punto di vista, un precedente.
In base alla decisione, che è stata presa domenica sera, tutti e tre gli Stati acquistano quasi la metà (49%) delle attività della banca.
La banca venderà con certezza una parte delle sue partecipazioni, in particolare le attività - soprattutto assicurative - acquistate lo scorso anno dalla banca olandese ABN Amro.
Le azioni della Fortis hanno iniziato a scendere drasticamente la scorsa settimana, e nel secondo semestre della settimana sono emersi segni di grave crisi.
Ma gli analisti concordano sul fatto che, con i suoi 85.000 dipendenti, la banca è troppo grande per essere dichiarata fallita.
I titoli della società sono scesi solo il 12% venerdì, al minimo di 14 anni.
Dal gennaio, il valore delle azioni è sceso di oltre due terzi.
In base ai prezzi attuali delle azioni, il valore di mercato complessivo del gruppo è di circa EUR 14 miliardi, ma secondo i dirigenti non è realistico.
La direzione dell'azienda ha accusato Fortis di aver fatto crollare le sue azioni a causa dell'incertezza del mercato estero, legata all'approvazione del piano di finanziamento degli Stati Uniti per 700 miliardi di dollari.
Lunedì le azioni sono già state leggermente rialzate.
Il nuovo amministratore delegato Filip Dierckx è stato nominato a capo della banca venerdì.
L'Istituto Monetario ha cercato anche acquirenti privati, ma nessuno ha fatto una proposta più seria.
Il governo belga ha già dichiarato che gli investitori non hanno nulla da temere, non perderanno i loro soldi.
I clienti della banca non sono stati colpiti da panico e i suoi uffici non sono stati attaccati.
In Ungheria, Fortis ha una filiale autonoma e ha anche acquisito alcune società di leasing.
La volpe nel pollaio
Le compagnie di assicurazione sulla vita e sulla salute in America spesso rifiutano di contrarre un'assicurazione sulla base dei dati di acquisto delle persone.
Gli esperti di protezione dei dati temono che il mercato dei dati diventi incontrollabile.
"C'è un programma di protezione dei dati che impone l'uso dei dati di prescrizione in ogni caso con il consenso della persona interessata.
Se non lo facciamo, affidiamo la gallina alla volpe", dice Richard Dick, autore di un programma di monitoraggio delle prescrizioni.
Le compagnie assicurative fanno dipendere le quote e gli importi versati in caso di infortuni dalla salute dei clienti e, se il rischio è ritenuto troppo elevato, non concludono nemmeno l'assicurazione.
In passato, le autorità hanno mandato i soggetti interessati a un esame medico e hanno stipulato un contratto solo dopo aver conosciuto i risultati.
Dieci anni fa Dick inventò un metodo molto più economico: il numero di identificazione permette ai clienti di farmacia di scoprire facilmente quali farmaci hanno acquistato negli ultimi 18 mesi, e il programma deduce da esso la malattia e lo stato di salute.
Per esempio, se compra regolarmente una grande quantità di farmaci per abbassare il colesterolo, questo indica che ha un livello di grasso nel sangue praticamente incontrollabile, e questo lo mette immediatamente nella categoria a rischio.
In circolazione sono diverse versioni del programma, alcune delle quali determinano anche il coefficiente di rischio, il che rende quasi inutile per le compagnie di assicurazione fare altro che la documentazione, anche se si verificano piccoli problemi.
I disagi includono che alcuni farmaci possono essere usati per diversi scopi, come per i problemi di migraine e febbre, ma sono efficaci anche contro la depressione.
Queste costituiscono, per le compagnie di assicurazione commerciale, un fattore di rischio significativo, mentre le difficoltà di cui sopra non lo sono.
Per richiedere e elaborare i dati, sono state create società specializzate che chiedono il consenso del paziente prima di ottenere le informazioni necessarie dalle farmacie.
Le autorità ora li costringono a farlo, anche se non li hanno puniti per la loro negligenza.
In tempi recenti, alcune aziende hanno anche elaborato dati di laboratorio che sono stati associati a dati sui farmaci usati, in modo da fornire un quadro ancora più preciso della salute dei pazienti.
Il numero di aziende che hanno accesso ai dati è in aumento, e il controllo del loro utilizzo è sempre più difficile.
Esiste una legge speciale sulla protezione dei dati sulla salute, ma la sua efficacia si applica solo ai fornitori di servizi sanitari e alle compagnie di assicurazione.
Una proposta di legge che darà ai governi il potere di controllare anche le aziende specializzate nel rilascio di dati è in corso di votazione.
Richard Dick riconosce che questo non è sufficiente: ha quindi sviluppato il suo programma in modo da subordinare il trasferimento dei dati al consenso esplicito della persona interessata.
Un'altra cosa è che non può rifiutare l'autorizzazione in questione, altrimenti le compagnie assicurative non la contrattano.
Quindi le galline sono un po' dipendenti dalla buona volontà della volpe.
Menù globale di Marsiglia
Unione europea e India raddoppiano il volume degli scambi
Essendo l'Unione europea e l'India i principali partner commerciali, questo tema, oltre ad altri problemi, soprattutto globali, ha guidato l'agenda del nono vertice.
Oggi si terrà anche un vertice franco-indiano, che tratterà in particolare della cooperazione nel settore dell'energia atomica.
L'Unione europea riconosce che l'India è una potenza democratica in via di sviluppo che dovrebbe avere una maggiore voce in capitolo in materia internazionale, ma i paesi membri non hanno ancora trovato un nome comune per sostenere la permanenza di New Delhi nel Consiglio di sicurezza delle Nazioni Unite.
La questione non è stata discussa in maniera più approfondita in occasione del nono vertice di ieri a Marsiglia.
Il presidente francese Nicolas Sarkozy, in qualità di presidente dell'Unione, il presidente della Commissione europea José Manuel Barroso e il alto rappresentante per la politica estera Javier Solana hanno accolto il primo ministro indiano Manmohan Singh, con il quale hanno anche concordato di raddoppiare il volume degli scambi entro cinque anni, a più di 100 miliardi di euro.
Considerando che il volume degli scambi è passato da 25 a 55 miliardi di euro tra il 2000 e il 2007, non è un obiettivo troppo ambizioso.
In segno di ciò, sono stati armonizzati dal punto di vista giuridico i 26 accordi bilaterali già in vigore con l'India in materia di aviazione civile, dando il via libera anche all'aviazione.
Entro la fine del 2009 l'India vorrebbe firmare un accordo di libero scambio con l'Unione.
Sarkozy ha promesso di accelerare i negoziati.
L'obiettivo è di bilanciare il bilancio, mentre l'UE è il primo partner commerciale dell'India, New Delhi è al nono posto tra i partner dell'UE.
Il vertice ha anche rivolto attenzione alle questioni globali.
Le due parti hanno condannato la situazione in Afghanistan e Pakistan e il terrorismo in tutte le sue forme, invitando a convocare una conferenza delle Nazioni Unite.
Hanno anche parlato di chiudere il ciclo di negoziati commerciali di Doha, anche se entrambi hanno contribuito al suo fallimento.
L'Unione europea ha confermato di voler mantenere il proprio programma per l'energia e il clima, che prevede di ridurre le emissioni di sostanze nocive di almeno il 20% entro il 2020.
L'India ha accettato questo, così come il fatto che la conferenza sul clima di quest'anno dovrebbe portare a un accordo globale per ridurre le emissioni di gas serra del 50% entro il 2050.
Le due parti auspicano inoltre di evitare un aumento dei prezzi alimentari e sostengono la convocazione di una conferenza internazionale per affrontare la crisi finanziaria.
Il primo ministro indiano si reca oggi nella capitale francese per un incontro bilaterale per concludere un accordo sull'uso pacifico dell'energia atomica.
Parigi crede che le imprese francesi saranno in grado di ottenere il contratto per la costruzione di reattori nucleari indiani per un valore di venti miliardi di euro.
Secondo le notizie dell'agenzia, l'accordo durerà 15 anni.
A Francoforte più di trecento editori italiani
Gran parte degli editori italiani ha partecipato alla fiera internazionale del libro di Francoforte.
Oltre 300 editori italiani parteciperanno alla 60a edizione di Buchmesse, il più importante incontro internazionale per lo scambio di diritti.
L'International Book Fair di Francoforte si aspetta che in questa edizione più di 7.000 espositori provenienti da 111 paesi occupino 171.790 mq di spazio con oltre 430.000 titoli, con la Turchia come ospite d'onore.
Il vice ministro della cultura Francesco Maria Giro rappresenterà il governo italiano alla cerimonia di inaugurazione del padiglione italiano: l'Italia parteciperà di fatto istituzionalmente con il Centro Italiano (Punto Italia)  su 264 metri quadrati di superficie espositiva.
Seguirà un incontro con la stampa nella sala struttura Buchmesse, nel padiglione 5.0, che sarà l'occasione per presentare i numeri, le tendenze e le prospettive sulla situazione dell'editoria in Italia.
Secondo i dati, la importanza dei libri di autori stranieri rispetto alla produzione italiana è in continua diminuzione, soprattutto per quanto riguarda la letteratura per bambini e adulti.
L'aereo di Steve Fossett, un milionario scomparso l'anno scorso, è stato ritrovato.
I resti dell'aereo di Steve Fossett, un milionario scomparso il 3 settembre 2007 mentre sorvolava il deserto del Nevada, sono stati ritrovati.
I resti sono stati trovati su una pianura alta 3.000 metri, nei Mammoth Lakes del Nevada settentrionale, sul confine tra la California e il Nevada.
Ma non c'erano resti umani all'interno dell'aereo.
Il sceriffo della contea di Madera, John Anderson, ha eliminato i dubbi che ancora restavano: "L'aereo è stato ritrovato, abbiamo inviato una squadra e ora siamo sicuri che sia esattamente quello in cui stava volando Steve Fossett il giorno in cui è scomparso", ha detto in una conferenza stampa.
Il maresciallo ha detto che non sono stati trovati resti umani nell'aereo o nelle vicinanze.
Il milionario di 63 anni è stato considerato morto da febbraio.
L'Ufficio Usa per la Sicurezza dei Trasporti ha annunciato che, ore dopo aver identificato i resti, è stata inviata una squadra di indagine che ha finalmente identificato l'aereo: si tratta di un Bellanca 8kcab, scomparso dal 3 settembre 2007, quando Fossett era partito da Yerington, Nevada per un volo di tre ore.
Ieri, ancora in California, vicino al confine con il Nevada, alcuni oggetti personali di Fossett sono stati trovati da una coppia vicino alla loro residenza a Mammoth Lakes.
Sono due documenti con il nome di Fossett, entrambi rilasciati dall'Illinois Federal Aviation Administration, contanti e una giacca.
La ricerca di Fossett è stata interrotta un mese dopo la sua scomparsa.
Il miliardario si è fatto un posto nella storia grazie alla sua lunga collezione di titoli.
Nel 2002, al suo sesto tentativo, divenne il primo uomo a completare il giro del mondo in una mongolfiera: un volo di due settimane da solo.
Tre anni dopo, ha volato intorno al mondo senza atterrare.
Tra i suoi numerosi record, c'è anche quello di volare a 15.445 metri sopra le Ande, anche se con un co-pilota.
Glk, la pubblicità che non ti aspetti
Un'auto insolita con un design originale e linee definite, larghe superfici con angoli precisi.
Questa è, in breve, l'ultima nascita della gamma di jeep "compatte" della casa della stella, con cui Mercedes-Benz ha cercato di portare un vortice di novità in questo settore.
Grazie alla sua lavorazione non tradizionale, sarà anche la comunicazione inaspettata e non convenzionale che accompagnerà il lancio sul mercato della Suv Glk e che sarà disponibile nei showroom Mercedes-Benz dal prossimo 17 ottobre.
In questo modo, la campagna pubblicitaria che accompagnerà il debutto del nuovo veicolo darà il via ad un modo informale di comunicazione anche grazie alla campagna poster futuristica in 3D, che è la prima volta in Italia per una marca automobilistica.
Il progetto di maxi poster, suddiviso in tre fasi, dominerà la principale piazza d'affari di Milano, Corso Como, fino al 15 novembre.
La prima fase di questo nuovo tipo di comunicazione inizierà con la presentazione della vettura in visione stereoscopica e con l'aiuto di speciali occhiali da distribuire nei pressi di Corsa Como, sarà possibile vedere la nuova SUV in dimensioni quasi reali e in formato 3D.
In effetti, se guardate l'immagine, vi sembrerà che la macchina sia uscita dal manifesto.
Poi, grazie all'innovativa tecnologia Elumina8, il nuovo Glk verrà illuminato in diversi momenti in tutte le sue piccole parti, per poi riassemblarsi in un'unica immagine.
Mercedes sta senza dubbio cercando di introdurre qualcosa di nuovo nel campo stereotipato della comunicazione automobilistica con questa pubblicità.
Riuscirà a suscitare interesse nei clienti futuri?
Ora sappiamo chi sono i teppisti italiani
Da Trivenet, rischiano Daspo.
Chi sono quei 150-200 ragazzi e ragazze di cui l'Italia si vergogna adesso? fanno parte di un gruppo chiamato "Ultras Italia", che da anni segue la Nazionale Azzurra e che finora, a dire il vero, non ha mai fatto problemi eccessivi.
Non ha mai incontrato i tifosi dell'avversario.
Il gruppo è di destra.
I fondatori sono di Trivenet.
Da Verona, Padova, Trieste e Udine.
A Sofia, a loro si sono uniti gruppi (in realtà pochi gruppi) provenienti dalla Campania e dalla Puglia.
Hanno delle bandiere tricolori con le città di origine dei partecipanti: la sera di sabato le hanno rimosse per non farle riconoscere.
Si ispirano ai fan inglesi.
In Bulgaria hanno trovato dei veri fan nazisti, Levsky.
Figc ha messo a disposizione dei tifosi italiani 144 biglietti per la partita: tutti a nome, quindi facilmente verificabili.
E Viminale ha effettivamente controllato tutti: tra quelli che sono andati a Sofia, non c'era nessuno con Dasal in corso, nessuno che fosse stato vietato di visitare gli stadi.
A quattro tifosi blu, che avevano precedenti infrazioni, è stato negato il biglietto e la partita è stata sospesa.
Ora Viminale aspetta di leggere i messaggi che arrivano dalla polizia bulgara, poi prende provvedimenti: In questo caso, è possibile dare a Daspo almeno cinque anni di carcere per i fan arrestati o quelli identificati durante i disordini.
Daspo internazionale che vieta di visitare stadi non solo italiani, ma anche in tutta Europa.
I nostri teppisti, in breve, non si fermano più in uno stadio.
Per la fortuna.
Ma ora c'è il timore di emulazione: questo significa che altri si aggiungeranno a quelli di più di 150.
"Dobbiamo spegnere immediatamente questo incendio e non giustificare chi si comporta in questo modo", affermano i Viminali.
Quindi, "occhi aperti, soprattutto per la partita nazionale di mercoledì a Lecce".
In Puglia, in particolare, c'è un piccolo nucleo di sostenitori.
Domani si riunisce l'Osservatorio, martedì il Casms, che può contare anche su una parte dell'Aise, un servizio segreto che si occupa dei problemi nei stadi.
"Capo di squadra, capo e braccia tese durante l'inno di Mameli?
È questa la tesi di Domenica Mazzilli (espressa in modo davvero poco allegro), che da qualche settimana è direttore dell'Osservatorio Viminale (ha ottenuto il posto che prima era di Francesco Tagliente e poi di Felice Ferlizzi).
Mazzilli è stato in precedenza questorato di Trieste, dove si trova il nucleo dei sostenitori di Ultras Italia, fondati nel 2002.
È vero, come dice Mazzilli, che in Bulgaria non è un crimine celebrare un leader, ma naturalmente il comportamento di questi 150-200 tifosi è una vergogna.
"Non sono un sociologo - aggiunge l'Osservatore Uno -  i crimini sono attribuiti al paese in cui sono stati commessi.
Finora questo gruppo è rimasto in confine, ora diamo un'occhiata approfondita a quello che è successo e valuteremo per il futuro.
Ma parliamo anche di fischiare nell'inno di Mameli: non è nemmeno un crimine, ma se mi permetti, è una maleducazione"...
