Die rechtsextreme Populismus-Bewegung gewinnt in Österreich mit insgesamt 29 Prozent
Die deutliche Schwächung der beiden Parteien der bisherigen Großkoalition und die deutliche Stärkung der rechtspopulistischen Parteien sind die Folge der ersten vorläufigen Ergebnisse der vorgezogenen Parlamentswahlen in Österreich am Sonntag.
Die Österreichische Volkspartei (ÖVP), deren Position durch den derzeitigen Präsidenten Wilhelm Molterer stark geschwankt ist, hat einen besonders starken Verlust erlitten.
Der Vorsitzende des Bundesverbandes für die Zukunft Österreichs (BZÖ) und der Landeshauptmann von Kärnten, Jörg Haider, macht sich dagegen auf eine Siegerreise in die Politik vor.
Nach den ersten Ergebnissen bleibt die Sozialdemokratische Partei (SPÖ) mit 29,8 Prozent der Stimmen die stärkste Partei des Landes, verringert jedoch ihre Stimmenquote um 5,5 Prozent gegenüber den letzten Wahlen 2006.
Schlimmer war es für die ÖVP, die mit 25,6 Prozent fast neun Prozent der Stimmen verlor.
Diese beiden großen Parteien haben die schlechtesten Ergebnisse in der Geschichte Österreichs nach dem Krieg erzielt, und besonders die Volkspartei, die vorgezogene Wahlen veranlasste, ist mit einem katastrophalen Ergebnis konfrontiert.
Als die ÖVP Anfang Juli aus der Koalition ausging, hatte die Volkspartei laut Umfragen einen deutlichen Vorsprung gegenüber der SPÖ.
Aber die Wähler haben ihn offensichtlich dafür bestraft, dass er die Regierung scheitern ließ.
Schon bei den ersten Reaktionen auf die Ergebnisse gab es Spekulationen über den möglichen Rücktritt von Parteichef und derzeitiger Kanzler Wilhelm Molterer.
Beobachter gehen davon aus, dass dies am Montag bei einer außerordentlichen Sitzung des Vorsitzes der Partei geschehen könnte.
Diese Entwicklung würde wahrscheinlich den immer wahrscheinlicher werdenden Ausweg aus dem Wahlergebnis erleichtern, nämlich die Erneuerung der Großen Koalition von SPÖ und ÖVP.
Mit der Stärkung der beiden rechtspopulistischen Parteien - die FPÖ erhielt zunächst 18 Prozent der Stimmen und die BZÖ 11 Prozent - haben die Sozialdemokraten jedoch ihre Angst vor einer Wiederholung von 1999 geäußert, als die Volkspartei eine Koalitionsregierung mit den Populisten (damals noch einheitlich, 2005 aus der BZÖ ausgetreten) vereinbart hat, was sogar Sanktionen der Europäischen Union zur Folge hatte.
Haider, der bereits erklärt hat, dass er bereit ist, mit jeder Partei zusammenzuarbeiten, und ich nehme an, dass er wieder in Wien in die Politik zurückkehren kann, erwartet offensichtlich diese Lösung.
Die Grünen haben sich in das Parlament eingelassen, haben aber etwas an Popularität verloren und sind von Platz drei auf Platz fünf unter den österreichischen politischen Parteien gefallen.
Keine der anderen Parteien überschritt die 400-Prozent-Grenze und kam ins Parlament.
Schwarzenberg: Beziehungen zu Indien könnten abkühlen
Wenn das Problem der Tschechischen Wissenschaftler, die wegen illegaler Insektenbeschaffung angeklagt wurden, nicht gelöst wird, könnte es nach Aussage des tschechischen Außenministers Karel Schwarzenberg zu einer Abkühlung der Beziehungen zwischen der Tschechischen Republik und Indien kommen.
Das sagte der Minister nach einem Treffen mit seinem indischen Partner Pranab Mukherjee in New York.
"Wenn das nicht gelöst wird, dann wird es ja eine gewisse Abkühlung geben", sagte er nach dem Treffen, das von der Tschechischen Republik instimuliert wurde.
Mukherjee sagte nach dem Prozess, dass es für die Exekutive schwierig sei, in Gerichtsverfahren einzugreifen.
Er erwähnte jedoch, dass die Zentralregierung im Fall von Petr Švácha, der freigesprochen und mit einer Geldbuße bestraft wurde, mit der lokalen Verwaltung in Darjeeling, deren Gerichtsbarkeit es betrifft, verhandeln kann.
"Sein Problem könnte gelöst werden", sagte der Minister.
Für den dreijährigen Emil Kucera ist es jedoch nach Meinung Mukherjee am besten, dass er sich an das Oberste Gericht beruft.
Dann könne er gegen Kaution frei sein und auf das Urteil warten, erklärte er.
Schwarzenberg bestätigte, dass sein Partner sich während der Verhandlung ähnlich geäußert hat.
"Er hat eine Berufung vor dem Obersten Gericht vorgeschlagen, dann wäre es möglich, ihn zu freilassen", sagte der Chef der tschechischen Diplomatie.
Die einzige Möglichkeit, wie die Tschechische Partei in die ganze Sache eingreifen kann, sei, dem Verurteilten "kompetente Rechtshilfe" zu geben, sagte der indische Minister.
Sie erklärte jedoch, dass die indische Seite ihnen bereits solche Hilfe leistet.
"Unser oberstes Interesse besteht darin, die beste Beziehung zu Indien aufrechtzuerhalten, die viele Jahre Tradition hat.
Das wissen die Inder auch", sagte Schwarzenberg.
Gleichzeitig betonte er, wie er dem ČTK mitteilte, dass die Tschechische Republik dem Problem der tschechischen Entomologen große Bedeutung beimisst.
"Wir halten es für einen schweren Fehler, diese tschechischen Wissenschaftler zu verhaften und zu verurteilen", erklärte er.
Auf die Frage, ob er von der indischen Seite eine Zusage erhalten habe, sich mit der Sache zu befassen, hat der Minister keine Antwort gegeben.
"Ich habe schon ziemlich viele Versprechen bekommen", bemerkte er.
Die tschechischen Richter im Kampf um den Meeresboden
Er geht zu einer elektronischen Wandkarte, auf der Australien und die benachbarten Meeresgebiete zu sehen sind.
Aber er interessiert sich nicht für den Kontinent, sondern für einen Punkt, der im blauen Ozean verschwindet.
"Die Insel gehört zu Australien und mit ihr der benachbarte Meeresboden.
Die Region ist gleich groß wie der Kontinent", sagt Luigi Santosuosso, ein italienischer Jurist, der Mitglied des 30-köpfigen Teams für Ozean- und Seerecht in der UN-Sonderdivision ist.
Ihr Chef, Wáclav Mikulka, ein tschechischer Anwalt, Direktor der Abteilung, überwacht die Erklärung, die er manchmal ergänzt.
Hier herrscht viel Arbeit und Begeisterung.
Der Meeresboden verbirgt eine bisher kaum erforschte Welt, die reich an natürlichen Ressourcen ist.
Dazu gehören Erdöl, Erze und andere Mineralien, aber auch bisher unbekannte Lebewesen, die zum Beispiel der Entwicklung von Medikamenten gegen Krebs dienen könnten.
Meeresspiegel größer als Land
Die Küstenstaaten streben heute intensiv nach neuen Unterwassergebieten.
Sie haben ihre Rechte durch die UN-Konvention, die 1982 in Montego Bay in Jamaika vereinbart wurde.
Es handelt sich vor allem um ein Gebiet, das sich auf dem sogenannten Kontinentalsockel befindet, der sich oft bis zu ein paar hundert Kilometer von den Küsten eines Landes erstreckt.
Ein solches Land hat nach dem Abkommen das ausschließliche Recht auf alle Ressourcen des Kontinentalsockels.
"Einfach gesagt, betrachten wir die Kontinentaldecke als den Teil des Meeresbodens und die darunter liegende Schicht, die eine natürliche Fortsetzung des untermeerischen Kontinents darstellt.
Die Grenzen der Küstenmeere, oft 200 Seemeilen, reichen über die Grenze der sogenannten ausschließlich wirtschaftlichen Zone hinaus", erklärt Mikulka.
Der Antrag, der von dem betreffenden Land an die Kommission für die Festlegung der Außengrenzen des Kontinentalplatzes gestellt wird, muss mit umfangreichen wissenschaftlichen und technischen Unterlagen ergänzt werden, die auf einer Reihe von kostspieligen Forschungen und Messungen beruhen.
Das ist das Ergebnis von Jahren der Vorbereitung.
"Eine unserer Aufgaben ist es, dem Ausschuss rechtliche und fachliche Hilfe zu leisten.
Die Kommission hat bisher fünf Anträge bearbeitet: Russland, Brasilien, Australien, Irland und Neuseeland.
Bisher sind nur die letzten drei Länder erfolgreich", fügt Mikulka hinzu.
In der Welt hat sich kürzlich der Erfolg Australiens durchgesetzt, das als erstes sein Unterwasserland wesentlich erweitert hat.
Aber auch Neuseeland hat gewonnen - die von der Kommission für seine Meeresbodenfläche beurteilte Region ist etwa 1,6 Millionen Quadratkilometer groß, das ist sechsmal so groß wie das Land.
Die beiden Länder investierten Millionen von Dollar in die Forschung.
Sie hoffen, dass die Vorteile für die Zukunft der Nutzung des Meeresbodens unbezahlbar sein werden.
Andere Länder stellen ihre Anträge auch ständig ein.
Sie können dies innerhalb von zehn Jahren nach der Ratifizierung des Montego Bay-Abkommens tun.
Wo die Kontinentalküste endet, beginnt das Gebiet des Meeresbodens, das von der Konvention zum "Gemeinsamen Erbe der Menschheit" erklärt wurde.
Es gibt keine Länder mehr, die hier die einzige Position haben.
Die Gewinnungsrechte in diesem Gebiet werden von der internationalen Einrichtung, die durch die Konvention geschaffen wurde, erteilt.
"Aber der Meeresboden ist nicht Klondike", übertreibt Direktor Mikulka, indem er sagt, "einige seiner Gebiete seien rechtlich klar abgegrenzt und ihre Regime vertraglich festgehalten".
Die Tschechen am Pazifik
Ein Teil des Meeresbodens gehört heute auch der Tschechischen Republik.
Diese wird mit anderen Ländern des ehemaligen Ostblocks im Rahmen der gemeinsamen Organisation "Interoceanmetal" geteilt.
Die Organisation erhielt 1991 im Einklang mit den Investoren einiger anderer Länder den sogenannten "Pionierinvestor"-Status.
Er ist berechtigt, in der Zone ClarionClipperton im Pazifischen Ozean zwischen Mexiko, den Hawaii-Inseln und Kiribati zu produzieren.
Das von dem Investor untersuchte Gebiet ist etwas größer als das ehemalige Tschechoslowakei.
Der Meeresboden ist dort zerbrochen, die Tatra ist eine Art Unterwasser-Kopie.
"Das kann auf einer Gesamtfläche von 75.000 Quadratkilometern gefördert werden.
Das Gebiet ist ein reicher Lagerplatz für polymetalische Erze, die Nickel, Kupfer, Kobalt und Mangan enthalten", berichtet Pakshi Rajan, ein anderer Hindu-Jurist.
Rober Sandev, der Mitarbeiter der Division in Mazedonien, gibt ein anderes konkretes Beispiel.
Sie erinnert an eine Kartoffel oder mit ein wenig Phantasie an eine Schrift mit Zauberworten, die den Golem zum Leben erwecken.
Deutsche Spezialeinheiten waren bei der Freigabe der Geiseln anwesend.
Die ägyptische Regierung bat Deutschland um Hilfe bei der Lösung der Geiselnahme.
Als die Situation ernst wurde, standen die Spezialeinheiten bereit, aber sie wurden nicht eingesetzt.
Es kommen immer mehr Details zur Freilassung der 11 in Ägypten entführten Touristen.
Nach Angaben des Ministeriums für Verteidigung und des Innenministeriums waren auch deutsche Spezialeinheiten mitgewirkt.
Darüber hinaus waren Mitarbeiter der GSG 9, der Bundespolizei und des Bundeskriminalamtes sowie Logistik-Experten des Technischen Dienstes an der Befreiungsplatz.
Laut Angaben des Ministeriums am Montag Abend waren die deutschen Truppen nicht nötig, da die Geiseln entkommen und dann flüchteten, als sie die Zeichen einer gewaltsamen Entführung erkannten.
Die ägyptische Regierung hat die von Deutschland angebotene Hilfe angenommen, um sie als Unterstützung auf dem Boden einzubeziehen.
"Das ist glücklicherweise nicht geschehen", erklärte ein Sprecher des Bundesministeriums für Innere Angelegenheiten.
Die Gruppe von fünf Deutschen, fünf Italienern, einer rumänischen Frau und acht ägyptischen Begleitpersonen wurde am 19. September in Süd-Ägypten entführt.
Nach einer Entführung in der südlichen Ägypten-Wüste wurden die Geiseln in Grenzgebiete zwischen Ägypten, Libyen, Sudan und Tschad geschleppt.
Die Identität der Geiseln ist bislang unklar, ebenso wie die Details der Befreiung der Geiseln oder die möglichen Lösegelder.
Die Überlebenden sind inzwischen in Kairo angekommen.
Steinmeier teilte mit, dass die befreiten Geiseln unter dem Schutz der deutschen Botschaft stehen.
Er hat keine Details zur Freilassung gegeben.
Berlin hat keine Information darüber gegeben, wann sie nach Deutschland zurückkehren werden.
Laut Bild werden die fünf Touristen und die Spezialeinheit am Dienstag in einem Airbus der Bundesluftwaffe in Deutschland ankommen.
Das Repräsentantenhaus lehnt das Rettungspaket ab.
Das US-Kongress hat mit knapper Mehrheit ein Rettungspaket für die Finanzmärkte von 700 Milliarden Dollar abgelehnt.
Der Dow Jones ist im Abgrund.
Das Repräsentantenhaus der USA hat mit 227 Nein-Stimmen und 206 Ja-Stimmen das Rettungspaket der Regierung für die Finanzmärkte abgelehnt.
Trotz der Aufrufe von US-Präsident George W. Bush und führenden Politikern beider Parteien erhielt das Programm, das die Chaos in den Finanzmärkten zu bremsen suchte, keine Mehrheit.
Die Förderer versuchten verzweifelt, die Kritiker in einer dramatischen Aktion überzeugen zu können, dass ein Paket von 700 Milliarden Dollar notwendig ist.
Barney Frank, ein Verhandlungsführer der Demokratischen Partei, hat die Abgeordneten aufgerufen, sich für den Plan zu entscheiden, obwohl er unbeliebt ist.
"Es ist schwer, politische Unterstützung zu bekommen, um etwas zu vermeiden, das noch nicht passiert ist", gab er zu.
Der Dow Jones fiel während der Abstimmung um mehr als 6 Prozent, also 600 Punkte.
Die Investoren waren besorgt, dass das staatliche Rettungspaket scheitern könnte.
Der Index stieg kurz vor Ende der Abstimmung, um dann wieder zu sinken, nachdem die Verluste bekannt wurden.
Experten rechnen mit weiteren schweren Turbulenzen auf den internationalen Finanzmärkten.
Für die Inkrafttreten des Programms bedarf es der Zustimmung des Repräsentantenhauses und des Senats.
Die Regisseure nehmen immer mehr Buchungen auf.
Ein guter Winter verspricht sich für deutsche Reiseveranstalter.
Laut einer Studie stieg der Verkehr für die nächsten Monate im Vergleich zum Vorjahr deutlich an - um mehr als 30 Prozent für die Wintersaison.
Trotz der schwachen Konjunkturperspektiven ist die Lust der Deutschen, zu reisen, nach der Studie nicht nachgelassen.
Bei den Winterbuchungen stiegen die Reiseveranstalter um 31 Prozent gegenüber dem Vorjahreszeitraum, berichtete der Deutsche Reiseverband (DRV) am Montag in Berlin.
Nach einer Studie des Marktforschungsinstituts GfK werden die Buchungen im Herbst bereits höher.
Der Umsatz der Reiseagenturen im Oktober lag um 11 Prozent über dem Oktober 2007, berichtet der DRV.
Diese Ergebnisse basieren auf Daten von GfK, die die monatlichen Buchungsdaten von 1200 deutschen Reiseveranstaltern bewerten und dann auf den gesamten Markt extrapolieren.
Die Institute haben die bis Ende August 2008 gebuchten Reisen berücksichtigt.
Der Dollar sei aufgrund der schwachen Wechselkurse besonders gefragt, ob man in die USA reisen wolle.
Hier ist die Anzahl der Reservierungen um ein Drittel gestiegen.
Besonders beliebt sind für Deutsche auch Spanien, die Türkei und Griechenland sowie die Landschaften in der Heimat.
"Die meisten Menschen suchen nach organisierten Wegen", sagte Klaus Laepple, Präsident der DRV.
Aufgrund der steigenden Kosten für Energie und Lebensmittel sind die Kosten für organisierte Reisen "für die Passagiere besser zu berechnen als für individuell organisierte Reisen".
Passagiere können unter anderem mit Prebooking-Rabatten oder All-Inclusive-Angeboten Geld sparen", fügte Laepple hinzu.
Auch die Buchungsrate in den Sommermonaten war sehr gut, so dass ein erneuter Anstieg des Verkehrsaufkommens im Vergleich zum Vorjahr zu erwarten ist - obwohl eine andere Studie zeigt, dass weniger deutsche Touristen als im Vorjahr unternahmen.
Mein erster Oktoberfest
Ununterbrochene Ballermann-Hit-Shows, Bierkrüge und Prominente, die Designer-Dirndl tragen.
Erstmals bei Wiesnen.
Suzanne Kronzucker und ich haben eigentlich nicht viel gemeinsam.
Sie ist blond, TV-Moderatorin und trägt eine maßgeschneiderte Schürze.
Ich habe dunkle Haare, bin Studentin und habe mein Kleid im Wäschereihaus gekauft.
Aber wir haben eines gemeinsam: Wir sind erst drei Minuten nach dem Wiesnen, und schon laufen die Fotografen auf uns los und füllen ihre Speicherkarten - sehr schmeichelhaft, und das ist mein erster Besuch in Wiesnen.
So können wir Freunde finden.
Es scheint, dass der billige Pfefferhose seinen Zweck erfüllt.
Als ein Tourist aus Wiesn, der nördlich vom Weißwürstchen-Gleichpunkt kommt, ist mein Wohlbefinden noch begrenzt durch Volksmode.
Aber mit Theresienwiese ist es nicht mehr so schlimm.
Fast jeder trägt eine Schürze oder eine Lederhose; niemand sieht streitsüchtig oder peinlich aus - alles ist völlig in Ordnung.
Bei den Bananenständen sieht man mich nur mit meinem Schürzenkleid.
Eine Frau in München sagt mir, dass ich das Gewand falsch gebunden habe: "Left gebunden, frei, in der Mitte Jungfrau, rechts verkauft, hinten Witwe".
Ich habe die Maske heimlich von hinten nach links verputzt.
"Das ist gut", sagt er und lacht.
Andere machen weniger Aufsehen durch feine Flirttekniken und tragen einfache Filzschilder mit der Aufschrift "Ich bin zu betrunken, um mich anzuziehen" und zeigen unerwünscht ihren nackten Hintern.
Der junge Mann mit den exhibitionistischen Zügen heißt Bob und ist ebenfalls zum ersten Mal zum Oktoberfest gekommen.
Was er für fantastisch hält, ist ein langes "aaaaa".
Das alles erzählt er mir, nachdem er den Inhalt seines Glases, den er vorher getrunken hatte, losgelassen hat.
Direkt neben einem der Feuerhähne, den alle als Müllhalde betrachten.
Bob ist also einer der berüchtigten "Pisse im Verbotenen".
Andere haben nicht das Glück, sich so von Alkohol zu befreien.
Gegen acht Uhr abends werden die Rettungskräfte in Armeen um die Stelle gehen und sich um die armen Paare kümmern.
Die Krankenschwestern erscheinen immer in Teams - vier von ihnen tragen ein überdachtes Schlafanhänger von einem Zelt zum anderen.
Es funktioniert wie bei den meisten Besuchern in Wiesn: Einreise leer, Abreise voll.
Wer unter dem Trottel in dem Alkoholkoffer liegt, kann man nicht sehen.
"Das sind die Leute, die ganz bereit sind", rief mir ein Sanitäter auf meine Frage und dann in der Runde.
Die Polizei hat den Namen des Unfallopfers genannt.
Die Polizei hat die Name einer 63-jährigen Frau genannt, die in Essex County von einem Fahrzeug überfahren wurde und im Krankenhaus starb.
Carole Paulson, eine Brentwooderin aus Chelmsford Road, kam am Freitag Nachmittag in der Stadt Shenfield Road ums Unfall.
Er wurde ins Queen's Hospital in Romford gebracht, aber später starb er.
Nach dem Unfall wurde ein 51-jähriger Mann wegen fahrlässiger Fahrverletzung verhaftet.
Seitdem ist er auf Kaution frei.
Erweiterung der diplomatischen Perspektive der Türkei
Lange bevor die Türkei beabsichtigt hatte, der Europäischen Union beizutreten, brannten die europäischen Mächte vom Wunsch, tief in die türkische Hinterlandshülle einzudringen.
Auf der Ostseite des Bosporus, vielleicht nur 20 Schritte von der europäischen Grenze entfernt, steht eines der größten Relikte eines gescheiterten imperialen Anspruchs.
Der Bahnhof Hydarpasha wurde von zwei deutschen Architekten, Otto Ritter und Helmut Conu, in einem Neorenaissance-Stil entworfen.
Zumindest steht es in den Reiseführern.
Das Gebäude umschließt die Enden der Bahnsteige, mit einem Turm an jeder vorderen Ecke, und sieht aus wie ein Stadthaus aus der deutschen Landschaft.
Der Stein ist schmutzig.
Das ganze Gebäude ist ein bisschen schwankend.
Ein Blick in das Innere des gewölbten Ticketbüros zeigt jedoch, welch großes Unternehmen dieses westlichste Tor war.
Die Station wurde im August 1908 von der deutschen Anatolia-Bagdad Corporation eröffnet.
Deutschland, die "spätere Zukunft" der Eroberung, wollte mit dieser Eisenbahnlinie von Damaskus über Bagdad bis nach Saudi-Arabien ihre Ambitionen zur Eroberung des Nahen Ostens verwirklichen.
Die deutschen Eroberungsanstrengungen fielen im Ersten Weltkrieg zusammen.
Seine Eisenbahnen wurden von Lawrence und seinen arabischen Partisanen angegriffen.
Die relative Isolation von den umliegenden Regionen, die durch die gefrorenen Grenzen des Kalten Krieges verursacht wurde, ist verschwunden.
Die britische Kolonialmacht zog sich aus Ägypten zurück und verdrängte die Türken und ihre deutschen Verbündeten aus Palästina und Syrien.
Die Station Hyderpasha war auch nicht besser.
1917 explodierte ein Munitionszug und zerstörte das schöne Dach des Gebäudes.
Die türkischen Quellen berichten von Sabotage.
Seitdem ist er langsam zerfallen und weit über die Geschichte hinausgegangen.
Gleichzeitig dient sie heute als Eisenbahn-Tor zu Anatolien und der gesamten Region im Osten - zumindest in symbolischem Sinne - als Ausdehnung des diplomatischen Horizonts der Türkei.
Die regierende AKP-Partei hat eine völlig neue Außenpolitik für das Land entwickelt.
Die relative Isolation von den umliegenden Regionen, die durch die gefrorenen Grenzen des Kalten Krieges verursacht wurde, ist verschwunden.
Die neue Politik ist ein Zeichen des Engagements.
Es ist bemerkenswert, dass die türkische Regierung gute Beziehungen zu Israel und Syrien, zu den palästinensischen Gruppen Hamas und Fatah, zu Irak, Iran und natürlich auch zur Europäischen Union und den USA unterhält.
Ich wollte die Parameter der neuen Außenpolitik abwägen, also nahm ich den Nachtzug nach Ankara, der türkischen Hauptstadt, um einen führenden AKP-Außenpolitiker zu besuchen, den Abgeordneten Suat Kiniklioglu.
Am nächsten Morgen, nach etwa 10:30 Stunden Nacht, die damals den Rhythmus des berühmten Dokumentarfilms über die alte Welt, "The Night Mail", gegeben hatte, kam ich in die türkische Hauptstadt, eine neue Stadt, die als Symbol für einen neuen, weltlichen Staat gedacht ist, der der osmanischen Vergangenheit den Rücken kehrt.
Die AKP, die bekanntermaßen islamische Wurzeln hat, stellt jedoch einen Paradigmenwechsel im türkischen Konsens dar.
Das hat im Westen, besonders in Washington, einige Misstrauen geweckt.
Ich fuhr mit dem Taxi zum AKP-Hauptquartier, einem hochmodernen Gebäude aus Stein und Stahl, das speziell dafür gebaut wurde - in einem Entwicklungsviertel in der Nähe von Kaffeehäusern und Halbwertshäusern, wo sich die mittelständischen Manager in Anzügen, Männer und Frauen, treffen, um früh am Morgen Geschäfte zu machen.
Suat Kiniklioglu wäre ein Politiker mit einer Mitte-Rechts-Anschauung in jedem anderen europäischen Land gewesen.
Er trug einen Anzug, eine Krawatte und ich bin mir sicher, er hatte ein Blackberry dabei.
"Die Außenpolitik der Partei zielt darauf ab, die Wiedereingliederung der Türkei in ihre unmittelbare Umgebung zu fördern.
Der Kalte Krieg hat die Ordnung gestört", sagte er.
Die Türkei ist vom Hinterland abgeschnitten.
Heute musste er gleichzeitig nach Osten und Westen gehen.
Sie konnte nicht zwischen den beiden wählen.
Sie musste in beide Richtungen gehen.
"Aber ist es möglich, dass er irgendwann gezwungen sein wird, zu wählen?"
"Die Türkei wollte nie eine Abkürzung".
Dann betonte er, was fast jeder, mit dem ich hier gesprochen habe, fast maschinell wiederholte: Die Beziehungen der Türkei nicht nur zum Nahen Osten, sondern auch zum Kaukasus und den Ländern um den Schwarzen Meer, sind für Europa und die USA ebenso von Vorteil wie für die Türkei selbst.
Es ist, als wollten sie die Botschaft vermitteln, dass mit der Türkei, figurativ, ganz Europa auf diesen Ostbahnen nach Asien und in den Nahen Osten gelangen kann.
Als ich wieder am Hydarpasha-Station war, nach einer weiteren, meist wachenden Nacht, dachte ich an Herr Ritter und Herr Conur, die beiden deutschen Gentlemen, die vor 100 Jahren den Aufbau dieses prächtigen Gebäudes miterlebt hatten.
Wie überrascht wären Sie, wenn Sie erfahren würden, dass Europas Ambitionen im Nahen Osten jetzt weitgehend in der Hand der Türkei liegen.
Und als ich im Hafen auf die Fähre wartete, die mich zurück über den Bosporus bringen sollte, fiel mir ein, dass man damals die Türkei "den kranken Mann Europas" nannte.
Zumindest damals war es nicht die Frage, welcher Kontinent diesen aufregenden Landanspruch hätte.
Vernon Handley und William Woodruff
Mark Brown schreibt: "Seit 1962 leitete Vernon "Tod" Handley (Nekrolog, 11. September) die Guildford Philharmoniker und den Chor als Musikdirektor der Guildford Philharmonic.
Im nächsten Jahr gründete er seinen wunderbaren Jugendchor Proteus.
Die Chorgruppe sollte nur für Personen unter 21 Jahren gedacht sein, aber als 1979 der Proteus sein Finale sang - viele von uns waren in den späten 20ern - wollten wir uns einfach nicht von der Chorgruppe trennen.
Der Name "Proteus" (der mythologische Gestaltwandler) entsprach dem Engagement und der Fähigkeit des Chores, mit jedem Stück, das ihm vorgeführt wurde, umzugehen - sei es eine Madrigal oder ein Messiaen-Stück, unbegleitet oder mit großer Band.
Die musikalische Vielfalt eines solchen jungen Chores war oft beeindruckend und immer spannend, und wir haben es dem Menschen zu verdanken, der uns inspiriert hat, unsere Begeisterung für Musik über die Jahre hinweg zu bewahren.
Wie oft hat Tod uns gesagt: "Lass die Musik für sich selbst sprechen".
Er sagte immer: "Ein Komponist weiß, was er will.
Es steht alles in der Kotte.
Also singt es!"
Seine Karmestertechnik war immer vollkommen verständlich und präzise, aber nie diktatorisch oder übertrieben.
Egal, welcher musikalische Standard es war, er hob ihn immer an.
John Frayn Turner schrieb über ihn:
Wenn es jemals einen Führer gab, der zum Ritter gemacht werden sollte, dann war es Vernon Handley.
Ich kannte ihn sehr gut, während seiner zwei Jahrzehnte als Leiter der Guildford Philharmoniker, von 1962 bis 1982.
In den letzten 40 Jahren habe ich über 100 seiner Konzerte geschrieben, aber nie, nie enttäuscht, und oft begeistert.
Tod Handley hatte Größe und Bescheidenheit, was sehr selten ist.
Er hasste jene Führer, die, wie er es ausdrückte, einfach "mit ein oder zwei bekannten Kämpfern durch die ganze Welt galoppierten".
Wir werden ihn sehr vermissen.
Ich bin nicht derjenige, der das sagt.
Professor John Beckett schreibt:
Laut Ihrer Nachricht von William Woodruff vom 25. September 1946 "hielt er 1946 sein Studium der Wirtschaftsgeschichte in Oxford fort und wurde 1950 ein Gast des Houblon-Norman-Forschungsinstituts... während er sich kontinuierlich auf die Vervollständigung seines Bachelor-, Master- und Doktoratsstudiums vorbereitete".
Das stammt aus den Autorenlisten von Woodruff's Buch "Beyond Nab End", aber sie sind falsch.
Von 1946 bis 1953 unterrichtete er Wirtschaftsgeschichte an der Universität Nottingham, wo er unter der Leitung von Professor J. D. Chambers seine Doktorarbeit über die britische Gummiindustrie schloss, die er 1958 unter dem Titel "Die britische Gummiindustrie" veröffentlichte.
1950-51 war er tatsächlich in den USA mit einem Houblon-Norman-Stipendium und im Sommer 1952 an den Universitäten von Illinois, New York und Harvard.
1953 verließ er Nottingham für immer und zog nach Illinois.
Man weiß nicht, warum Woodruff diese Phase seiner Karriere verschönert hat.
J. Vicente Resino in der Philosophie
"Ich empfehle die Ausstellung von J. Vicente Resino, "Flamenco und Lebensgefühl", weil seine schwarz-weißen, dokumentarischen Fotos beeindruckend sind.
Ich war fasziniert von der Einfachheit und Kraft der Bilder und von der Achtung für die Menschen in ihnen.
Diese Ausstellung ist von Emotionen beeinflusst.
Resino hat die Fähigkeit, magische Momente festzuhalten".
Zweite Verkaufsrekordzeit bei Honda
Im November startet Honda mit dem Verkauf der zweiten Generation des Jazz.
Zwar war der Passagierraum des Vorgängers schon recht groß, aber die Innenausstattung des neuen Modells ist noch größer.
Dies alles wird durch die hochentwickelte Mechanik verbunden, die das Fahren komfortabler macht und die Kraftstoffsparnis erhöht.
Evolution gegen Revolution. Das ist alles.
So sieht die zweite Generation des Honda Jazz aus.
Obwohl der neue Jazz seinem Vorgänger sehr ähnlich aussieht, wurden viele interne Änderungen vorgenommen.
Dazu gehören innovative Designs, neue Karosserie, größere Größen und neue Mechaniken.
Bevor wir uns mit den Details des neuen Modells befassen, müssen wir Ihnen sagen, dass der neue Jazz sechs Jahre nach dem Markteintritt der ersten Generation erschien.
Zunächst einmal kann man sagen, dass Honda dieses Modell in kürzerer Zeit erneuert hat als andere Hersteller.
In Europa ist Jazz zwar weniger bekannt, aber in anderen Märkten schlägt er Rekorde.
Ein solcher Markt ist Japan, wo Jazz 2002 und 2008 die meistgesuchte Marke war.
In Japan zum Beispiel wurden seit ihrer Veröffentlichung fast eine Million Jazz-Serien verkauft.
Der zweite Markt war der Alte Kontinent, wo in sechs Jahren fast eine halbe Million Exemplare verkauft wurden.
Dennoch will Honda mit dem neuen Jazz den Verkehr in der Region weiter steigern.
Während die japanische Firma 2007 insgesamt 83.000 Jazz verkauft hat, wird 2009 ein Ziel von 100.000 verkauften Fahrzeugen gesetzt, was zu einem Wachstum des europäischen Marktes von 17% führen würde.
Seit 2002 hat Honda 8000 Jazz auf dem spanischen Markt verkauft, was 6,7% des gesamten spanischen Umsatzes von Honda entspricht.
Für die neue Generation rechnen die Manager der spanischen Tochtergesellschaft mit 2000 verkauften Exemplaren pro Jahr.
Die Ankunft des neuen Jazz wird den Rückgang des Honda-Verkehrs in Spanien erheblich mildern.
Die Firma prognostiziert 22.000 verkaufte Exemplare bis zum Ende des Jahres, das sind 4.000 weniger als im Jahr 2007, also ein Rückgang von 16%.
Trotz der Verkaufsbedingungen konnte Honda seinen Marktanteil in Spanien von 1,6% im Vorjahr auf 1,8% steigern.
Ich möchte diesen Anteil ebenfalls auf 2% bis 2010 erhöhen.
Honda hofft, dies durch die Einführung eines neuen Modells zu erreichen.
Das wäre der Insight, ein fünf Türer und kompakter Hybrid mit einer Länge von 4370 mm, von dem die japanische Firma jährlich 200.000 Stück weltweit vertreibt.
Laut dem japanischen Hersteller würden die USA 50% der Marktanteile von Insight ausmachen, während der Rest zwischen dem alten Kontinent und Japan verteilt wäre.
Die kommerzielle Einführung von Insight ist in den ersten Monaten des Jahres nach der offiziellen Vorführung in Valencia, die für Januar geplant ist.
Im Vergleich zur ersten Generation ist der neue Jazz in jeder Hinsicht weiter geworden.
Die Länge beträgt 3900 mm (fünf Zentimeter länger), die Breite 1690 mm (zwei Zentimeter breiter) und die Achselstrecke ist um fünf Zentimeter, also 2500 mm, erhöht worden.
Die Höhe bleibt jedoch unverändert 1520 mm.
Neben der Größe ist der Fahrgastraum auch geräumiger geworden.
Der größere Innenraum wird durch den neuen Aufbau und den mittleren Tank garantiert - eine Lösung, die wir bereits vom Jazz kennen.
Außerdem wurde der Gesamtladeraum des sogenannten Doppelböden-Lugens erhöht, um 399 Liter, also 19 Liter mehr als die erste Generation, zu haben.
Dabei handelt es sich um einen Typ mit einem 1,4-Motor, da der Kofferraum des 1,2-Motors 379 Liter beträgt.
Einige äußere Änderungen sind zu entdecken, wie z. B. die Rückleuchten oder das Glasdach für die Option der Panorama und die leichtere Zugänglichkeit der Rücksitze.
Außerdem wurde der Öffnungswinkel der Türen für die Rücksitze auf 80° erhöht, verglichen mit 67° für den ersten Jazz.
Die Jazz-Motoren der zweiten Generation sind auch neu.
Zu Beginn des Marktes ist dieses kleine Modell mit zwei, 1,2 und 1,4 Liter Triebwerken erhältlich.
Dank der i-VTEC-Technologie sind beide Modelle günstiger als der Vorgänger, sie weisen weniger CO2-Emissionen und eine hervorragende mechanische Abstimmung auf, während der Motor in jeder Hinsicht eine hervorragende Leistung bietet.
Der 1,2-Liter-Treiber liefert 90 PS bei 6000 RPM und 114 Nm bei 4900 RPM.
Dieser Motor, der im vorherigen Jazz 78 PS hatte, verbraucht 5,3 Liter und emittiert 125 Gramm CO2.
Der andere Motor, der in der vorherigen Generation 83 Pferdestärken produzierte, erreicht nun 100 Pferdestärken.
Ein 100 PS starker Jazz mit 1,4 Tonnen Verbrauch verbraucht durchschnittlich 5,4 Liter und emittiert 128 Gramm CO2.
Der "Kollisionsvermeidungs-Bienenwagen"
Um die Entwicklung von Unfallverhütungstechnologien zu ermöglichen, hat Nissan sich in dieser Zeit von der Natur inspirieren lassen, und zwar aus der Welt der Bienen.
Eine japanische Firma hat einen Roboter entwickelt, der Unfälle vermeiden kann, indem er die Fliege der Bienen imitiert.
Vielleicht ist das Gerät, das man Bio-Mimetic Car Robot Drive oder BR23C nennt, der erste Schritt zur Entwicklung von Kollisionsverhütungstechnologien.
Die Ingenieure des Nissan Motor Co. Advanced Technology Center haben diesen kleinen Roboter in Japan in Zusammenarbeit mit dem renommierten Advanced Science and Technology Research Center der Universität von Tokio gebaut.
Kazuhhiro Doi, Brand Manager für Technologie-PR und Forschung und Entwicklung, definiert den BR23C als eine weitere Erweiterung der Vier-Stufen-Sicherheitshülle von Nissan.
Der Roboter verbessert die Kollisionsvermeidung der Produkte.
Während des Fliegens bildet jede Biene ihren eigenen, ovalen, persönlichen Raum, der der Nissan-Sicherheitshülle sehr ähnlich ist.
Viel wichtiger ist jedoch das komplexe Auge der Biene, mit dem sie in jeder Richtung mit mehr als 300 Grad sehen kann, und somit in ihrer eigenen Umgebung frei fliegen kann.
Um die Funktion des komplexen Auges nachzubilden, entwickelten die Ingenieure einen sogenannten Laser-Range Finder.
Das Instrument erkennt Hindernisse bis zu zwei Meter in einem 180-Grad-Sichtfeld vor der BR23C, berechnet ihre Entfernung und sendet eine Signalfunktion an den Mikroprozessor an Bord, der sofort in die Abwehroperation umgewandelt wird.
"Sobald ein Hindernis erkannt wird, ändert der kleine Roboter sofort seine Richtung, indem er die Räder in kleiner oder größerer Richtung bewegt, um eine Kollision zu vermeiden.
Das System unterscheidet sich vor allem von den derzeit verfügbaren Instrumenten dadurch, dass die Umgehungsmanöver in diesem Fall vollständig automatisch durchgeführt werden.
Andernfalls würde der Roboter nicht schnell genug reagieren können, um Hindernisse zu umgehen".
Anders als bei Bienen kann die Umgehungsmanöver nicht nach oben oder unten und nicht quer verlaufen, sondern nur in zwei Dimensionen und nur in Richtung der Drehbarkeit der Räder, also nicht in unendliche Richtung und Weise, wie bei Bienen.
Deshalb hat Nissan in dem Roboter neben Beschleunigung und Verlangsamung auch eine Rotationsfunktion eingesetzt, um Kollisionen zu vermeiden.
"Dieses Gerät muss alle Sekunden Daten verarbeiten und darauf reagieren.
Es braucht weder Speicher noch intuitive Logik, die auf früheren Manöver basiert, und kann damit mit nur ein paar Dutzend KB Speicher ohne Unterbrechung laufen.
Das mag überraschend klingen, aber wir sprechen nicht wirklich von Gigabyte, wir sprechen nicht einmal von Megabyte.
Dies ist der erste Schritt zur Entwicklung einer sofortigen Kollisionsverhütungstechnologie, die Nissan schätzt, in zehn Jahren in Serienfahrzeuge integriert werden könnte.
Der Roboter wird mit Lithium-Polymer-Batterien betrieben, die leichter und langlebiger sind als die Lithium-Ionen-Version.
In Zukunft könnte die Einrichtung auch mit dem GPS-Satellitennavigationssystem integriert werden, um den Fahrer zu seinem Ziel zu bringen, indem er die Hindernisse umgeht.
Angst vor der Hypothek
Wir müssen zugeben, dass das US-Finanzministerium nicht nur über eine Menge an investierbarem Geld verfügt, sondern auch über einen Mangel an Verstand verfügt.
Um die Krise zu überwinden und die Amerikaner davor zu bewahren, von fragwürdigen Hypothekenbanken verführt zu werden, haben sie ein unterhaltsames und informatives Online-Spiel namens "Bad Credit Hotel" entwickelt.
Das ist das "Hotel der schlechten Kredite" ... das heißt, die Geliebten.
Die Darstellung der Wohnung und vor allem der Rezeption von der Leibbank deutet darauf hin, dass wir noch einmal, zweimal, ja sogar dreimal darüber nachdenken müssen, ob es wirklich gerade Zeit ist, einen Kredit zu nehmen.
Und vor allem, wo wir einen Kredit suchen, denn das ist wahrscheinlich der Zweck.
Die Informationen auf der Website sind zwar nützlich, aber nicht sehr detailliert.
Sie ist eher für Jugendliche als für die Öffentlichkeit.
Aber was wäre, wenn wir das Spiel ergänzen?
Zum Beispiel, wenn wir in einem Hotel das Zimmer unserer Träume haben.
Eigentlich ist es auch etwas, denn wir sind nicht einmal im Traum, eine Wohnung zu kaufen...
Morgan Stanley eröffnet Kapital für MUFG
Morgan Stanley hat angekündigt, einen Anteil an Mitsubishi UFJ Financial Group (MUFG) zu übernehmen, der größte japanische Bank, die 9 Milliarden Dollar für 21% des Kapitals des Unternehmens zahlt, nachdem die Morgan Stanley-Aktienpreise stark gefallen sind.
Eine Woche nach der Bekanntgabe der Vereinbarung sagten die beiden Banken, MUFG würde 9,9% der Morgan Stanley-Beteiligungen für 25,25 US-Dollar pro Stück erwerben, was insgesamt 3 Milliarden US-Dollar entspricht.
Der akzeptierte Preis liegt um mehr als 19% über dem Buchwert der Wertpapiere zum 31. August.
MUFG investiert weitere 6 Mrd. USD in den Kauf von konvertierbaren Wertpapieren, die 10% Rendite erzielen und einen Wechselkurs von 31,25 USD haben.
Morgan Stanley teilte mit, dass die globale Transaktion auf einem durchschnittlichen Kurs von 29 US-Dollar basiert, der 28% höher ist als der aktuelle Kurs.
Dennoch fiel der Kurs der Morgan Stanley Aktie um 5.00 Uhr Greenwich Mean Time um 6,79% und schloss bei $23.07.
"Diese strategische Allianz bietet Morgan Stanley eine große Chance, seine Umwandlung in eine Banken-Holdinggesellschaft zu beschleunigen", erklärt John Mack, CEO der US-amerikanischen Unternehmensgruppe.
Morgan Stanley hat letzte Woche einen neuen Status genehmigt, der es erlaubt, seine Aktivitäten zu diversifizieren, aber gleichzeitig unter Kontrolle der Federal Reserve zu kommen.
Die Vereinbarung mit MUFG bestätigt, dass die aktuelle Finanzkrise Wall Street-Konzerngiganten auf noch größere Vorsicht zwingt.
Die am Montag angekündigten Bedingungen zeigen, dass die Vereinbarung in den letzten Tagen geändert wurde. Letzten Montag gab Morgan lediglich bekannt, dass er 20% seiner Aktien für rund 8,5 Milliarden Dollar an die japanische Firma verkauft.
"Noch vor einer Woche dachten wir, dass die Beteiligung vollständig aus Stammaktien bestehen würde", erklärte Toshihide Mizuno, Geschäftsführer der MUFG in Tokio.
"Aber aufgrund der aktuellen Markt- und Wirtschaftslage wollten wir mögliche Risiken minimieren und abwehren".
Bei einem gewogenen Durchschnittspreis zahlt MUFG für Morgan Stanley-Aktien 7% mehr als ihren Buchwert.
Die Transaktion führt zu einer Verringerung der Rendite um etwa 20%.
Nach der Vereinbarung kann MUFG nach einem Jahr die Hälfte seiner Vorzugsaktien in Stammaktien umwandeln, wenn der Handelspreis der Stammaktien über einen bestimmten Zeitraum um mehr als 50% über dem Umtauschkurs liegt, d. h. um etwa 47 USD.
Damit stellt Morgan Stanley sicher, dass es mit den Mitteln der MUFG seine Investitionsmöglichkeiten nutzen, seine Bilanz verbessern und seine Liquiditätsressourcen erhöhen kann.
Ein Sprecher der Gruppe wollte jedoch keine genauen Informationen über die strategischen Pläne der beiden neuen Alliierten geben.
Nach der Einbindung von MUFG wird Morgan Stanley voraussichtlich seinen Tier I-Finanzierungsgrad um etwa 15% erhöhen und damit zu einem der besten in seinem Sektor werden.
Morgan sagte, dass sich seine Bilanz seit Ende August "bestimmt" verbessert habe.
Die letzten Wochen waren für die Gruppe eine große Herausforderung, denn der Kurs ihrer Aktien fiel um die Hälfte, während die Kosten für ihre Versicherung gegen Zahlungsunfähigkeit in die Höhe stiegen.
Diese Kosten haben sich am Montag abgeschwächt, blieben aber weiterhin hoch und lagen bei rund 12%.
Von den großen Investmentbanken, die nach dem Bankrott von Bear Stearns und Lehman Brothers und der Übernahme von Merrill Lynch noch am Leben sind, ist Goldman Sachs, das letzte Woche bekannt gab, dass es 15 Milliarden Dollar gewonnen hat, ein Teil davon von Berkshire Hathaway, der Warren Buffett-Gruppe.
Rafael Correa erklärte am Montag in Quito:
Die Republik im Sinne des Sozialismus des 21. Jahrhunderts wieder aufzubauen.
Das ist ein gemeinsamer Plan von Hugo Chávez aus Venezuela, Evo Morales aus Bolivien und Rafael Correa aus Ecuador.
Am Sonntag, nach dem Vorbild seiner Mitpräsidenten und Freunde, gab Correa seine Vorstellungen zur neuen Verfassung bekannt.
Er hat seine Mission erfolgreich erfüllt, denn 64% der Wähler stimmten im Referendum für, nach offiziellen Ergebnissen, die 80% der Stimmen betrafen.
Die Ergebnisse zeigen, dass 28% der Bevölkerung mit Geschlecht stimmten, 7% der Stimmen ungültig waren und 0,7% unvollständig abgegeben wurden.
Für die Verabschiedung des Verfassungsentwurfs waren 50% + 1 Stimmen erforderlich.
Am Sonntag zeigten zwei Umfragen an den Wahlurnen und eine Zählung durch eine NGO eine große Mehrheit der "Ja"-Stimmen, 63% und 70%.
Rafael Correa hat in der Nacht vom Sonntag auf den Montag bereits von seinem Verfassungsentwurf gesprochen.
"Die Verfassung hat einen überwältigenden Sieg errungen", erklärte er und dankte den Ecuadorianern in Guayaquil, dem Sitz des Gouverneurs, 280 Kilometer südwestlich von Quito.
Wie bekannt, gratulierten Rafael Correa von Chávez, Morales und der chilenischen Präsidentin Michelle Bachelet.
Laut einem Bericht der Beobachtermission der Organisation der Vereinigten Staaten der Amerikas (OAS) fand die Abstimmung in einer ruhigen Atmosphäre statt, wobei der Hauptthema ein 444-Punkte-Text war, der die Prinzipien des "neuen Sozialismus" zusammenfasste, den der Präsident verteidigte.
Die geplante Verfassung stellt die Staatsmacht in den Dienst der Wirtschaft, wobei der Staat das Recht behält, "Entwicklungsplanung" für ein Land zu machen, das hauptsächlich von der Ölförderung durch ausländische Unternehmen und von der Währung der Auswanderer lebt.
Der 2006 gewählte Correa hat einen Verfassungsentwurf, der die Macht des Staatspräsidenten stärkt, der bis zu zwei aufeinanderfolgende Amtszeiten gewinnen kann und das Recht hat, das Parlament aufzulösen.
Correa hat bereits angekündigt, diese Chance zu nutzen und wird im Februar 2009 erneut für das Amt des Staatspräsidenten kandidieren.
Die Verfassung schließt kostenlose Gesundheitsversorgung und Bildung ein, und der Präsident hat damit begonnen, das in einem Land mit 13,9 Millionen Einwohnern zu erreichen, in dem die Hälfte der Bevölkerung unter dem Lebensunterhalt lebt.
Und schließlich verbietet die Verfassung die Präsenz ausländischer Truppen im Land, was die Vereinbarung zwischen Quito und Washington über den Einsatz einer ecuadorianischen Einrichtung als Basis für US-Drogenmaßnahmen aufheben könnte.
19 Geiseln im Tschad befreit
Ein ägyptischer Kommando hat die Entführer erwischt, die vor zehn Tagen 11 Touristen und acht Begleitpersonen gefangen genommen hatten.
Die Geiseln sind in Kairo.
Die 11 Touristen aus Europa und ihre acht ägyptischen Begleitpersonen wurden zehn Tage lang in der Wüste festgehalten, von wo sie am Montagnachmittag unversehrt in die ägyptische Hauptstadt gebracht wurden.
Die Geiseln wurden in den frühen Morgenstunden in Tschad von einem ägyptischen Kommando befreit.
Sie kamen in gutem Zustand um 14:30 Uhr mit dem Flugzeug zum Militärstützpunkt al-Maza, der direkt mit dem internationalen Flughafen in Kairo verbunden ist.
Die Geiseln wurden verboten, sich der Presse zu äußern, und wurden sofort in ein Krankenhaus in Maadi, einem Wohnviertel außerhalb von Kairo, gebracht, wo sie untersucht wurden.
Die Geiseln seien "gesund" und die Entführer seien "nicht um Lösegeld erlöst worden", erklärte der ägyptische Tourismusminister Zoheir Garanna am Flughafen.
Die Geiseln wurden am 19. September am Fuße des Ouanat-Berges an der Grenze zwischen Ägypten, Sudan und Libyen gefangen genommen, wo sie an einer Off-Road Safari teilnahmen.
Die Gruppe umfasste 11 Touristen (fünf italienische Männer, fünf deutsche Männer und eine rumänische Frau) sowie acht Ägypter: zwei Reiseleiter, vier Fahrer, ein Grenzschutzbeamte und der Leiter des Reiseveranstalters Aegyptous.
Ein ägyptischer Sicherheitsbeamte berichtete, dass ein 30-köpfiges Spezialeinheit in zwei Hubschraubern an der Stelle des Vorfalls an der Tür des Geiselhauses war.
"Die Truppen schossen sich aus, die Hälfte der Entführer wurde getötet, die anderen flohen", sagte ein Führer, der nicht genannt werden wollte.
Er sagte auch, dass insgesamt 150 Spezialeinheiten der ägyptischen Blitzbrigade in den Sudan entsandt wurden, ergänzt durch deutsche und italienische Kommandos.
Der italienische Diplomatenchef Franco Frattini, der sich in Belgrad aufhält, betonte die Rolle der italienischen Geheimagenten und der italienischen Spezialeinheiten.
"Wir müssen anerkennen, dass dieses Ergebnis ohne die professionelle und effektive Intervention unserer Geheimdienstleute und Task Forces nicht erreicht worden wäre", sagte er, ohne weitere Details zu geben.
Außerdem bestritt er, dass ein Lösegeld für die Geiseln gezahlt worden sei.
Am Vortag hatte die sudanesische Armee angekündigt, während einer Patrouille einen SUV mit den Entführern festgenommen zu haben.
Die Armee behauptete, die Geiseln seien mit der SLA-U, einer Rebellengruppe in Darfur, verbunden, was diese Organisation sofort zurückwies.
Lettres - Die "stille Mehrheit" der Kultur
Die Diskussion um die Finanzierung von Kultur steht derzeit im Mittelpunkt der Zeitungsberichte und des laufenden Wahlkampfes.
Das ist zu begrüßen.
Aber ein Teil unseres kulturellen Lebens wird immer noch vergessen.
Wer wird die Stimme erheben, um zu zeigen, wie lächerlich die Kosten für kleine, hungerbedürftige Museen, Archiven, archäologische Ausgrabungen und nationale historische Stätten sind?
Welcher Politiker wagt es, die Bundesregierung daran zu erinnern, dass sie sich nicht um ihre Denkmäler und Kulturerbe kümmert?
Oder dass es in Québec und Kanada keine Gesetze gibt, die wirklich den wirksamen Schutz unseres Kulturerbes gewährleisten?
Wussten Sie, dass die französische Regierung 3,5 Millionen Euro für die Restaurierung des Schlosses Chinon im Loire-Tal ausgegeben hat?
Und die Verfassung unserer Nachbarn in Amerika besagt, dass die Bewahrung kultureller Erbes Teil der amerikanischen Kultur ist, und dass diese Erbe von allen Bürgern, von allen gewählten Vertretern und von allen Regierungsstellen in einer koordinierten Weise geschützt werden muss.
Im Rahmen der Fédération des sociétés d'histoire du Québec, einer Gesellschaft mit 211 Gesellschaften für Geschichte, Kulturerbe, Archiv und Genealogie, arbeiten mehr als 40 000 Freiwillige an der Erforschung von Geschichte und der Erhaltung zahlreicher Privatarchiven und archäologischer Fundstücke mit einem minimalen Budget.
Oft verteidigen diese Organisationen unsere Erbschaft mit Händen und Fingern und protestieren mit aller Kraft, wenn Bauunternehmer und Politiker ihre Bullen auf unsere alten Gebäude und vergessenen Friedhöfe richten.
Wann wird sich jemand für den Schutz des historischen und kulturellen Erbes einsetzen?
Teil der Fortis Bank wird von den Benelux-Regierungen verstaatlicht
Die Benelux-Staaten unterstützen die belgisch-niederländische Fortison-Bank, die durch die verheerende Wirkung der US-amerikanischen Kreditkrise in Schwierigkeiten geraten ist, mit einer teilweisen Verstaatlichung.
Die belgischen, luxemburgischen und niederländischen Regierungen haben am Ende der Woche auf höchster Ebene darüber beraten, unter Beteiligung des Präsidenten der Europäischen Zentralbank und des Wettbewerbsbeauftragten der Europäischen Kommission.
Die Fortis Bank ist die erste große Krise in der Eurozone, die in einer mehr als einjährigen Welle der internationalen Finanzmarktkrise entstanden ist. Die Entscheidungen in diesem Fall sind daher in gewisser Weise ein Präzedenzfall.
Nach dem am Sonntagabend getroffenen Beschluss werden fast die Hälfte der Bankanteile in den drei Staaten (49 Prozent) aufgekauft.
Die Bank wird sicherlich einen Teil ihrer Beteiligungen verkaufen, insbesondere die Aktivitäten, die sie letztes Jahr von ABN Amro in den Niederlanden erworben hat, hauptsächlich die Versicherungsgeschäfte.
Fortis-Aktien sind in der letzten Woche in einen starken Rückgang geraten. In der zweiten Hälfte der Woche zeigten sich bereits ernsthafte Krisen.
Analysten sind sich jedoch einig, dass die Bank mit 85.000 Mitarbeitern zu groß ist, um sie in den Bankrott zu lassen.
Die Aktien des Unternehmens sind am Freitag um etwa 12 Prozent gesunken, ein 14-Jahrestief.
Seit Januar ist der Wert der Aktien um mehr als zwei Drittel gesunken.
Bei den aktuellen Aktienkursen liegt die Gesamtmarktkapitalisierung der Gruppe bei rund EUR 14 Mrd., was nach Ansicht der Geschäftsführer unrealistisch ist.
Die Führungskräfte haben die Übersee-Unsicherheiten bezüglich der Annahme des US-amerikanischen Pakets von 700 Milliarden Dollar für den Sturz von Fortis-Aktien verantwortlich gemacht.
Am Montag stiegen die Papiere schon etwas.
Am Freitag wurde Filip Dierckx zum neuen Geschäftsführer der Bank ernannt.
Die Bank suchte nach Privatkunden, aber bisher hat sich niemand mit einem guten Angebot gemeldet.
Die belgische Regierung hat bereits darauf hingewiesen, dass Investoren keine Sorgen machen müssen, dass sie ihr Geld nicht verlieren.
Bislang gab es keine Panik bei den Kunden der Bank, keine Bankbüros wurden überfallen.
In Ungarn hat Fortis ein eigenes Konto und hat auch Leasingunternehmen erworben.
Fuchs im Hühnchen
In den USA weisen Lebens- und Krankenversicherungen oft auf Grund von Drogenkäufeinschreibungen auf, Versicherungen abzuschließen.
Datenschutz-Experten befürchten, dass der Datenmarkt unkontrollierbar wird.
"Es gibt ein Datenschutzprogramm, das die Verwendung von Verschreibungsdaten an die Zustimmung der betroffenen Person verpflichtet.
Das muss in unabhängigen Händen sein, sonst überlassen wir den Fuchs das Hühnchen", zitiert die Washington Post Richard Dicket, Entwickler eines Programms zur Überwachung von Rezepten.
Die Versicherungsgesellschaften machen die Versicherungsprämie und den Schadensbetrag vom Gesundheitszustand des Anmelders abhängig und schließen, wenn sie das Risiko für zu groß halten, nicht mehr ab.
Früher wurde der Betroffene zur ärztlichen Untersuchung geschickt und der Vertrag wurde nur mit Kenntnis der Ergebnisse der Untersuchung geschlossen.
Dick hat vor zehn Jahren eine viel günstigere Methode entwickelt: Die Apotheken können einfach eine Liste der Medikamente, die ein Patient in den letzten 18 Monaten gekauft hat, anhand seiner Patienten-ID-Nummer erhalten, und die Software kann dann selbst eine Erkrankung und einen Gesundheitszustand ermitteln.
Wenn Sie beispielsweise regelmäßig hohe Dosen von Cholesterin-Senkern einnehmen, ist das ein Hinweis darauf, dass Sie praktisch unkontrollierbar hohe Blutfettwerte haben, was Sie sofort in die Risiko-Kategorie bringt.
Es gibt verschiedene Varianten des Programms, von denen einige auch Risikomultiplier festlegen.
Einer der Nachteile ist, dass manche Medikamente für mehrere Zwecke verwendet werden können, zum Beispiel gegen Migränen oder Hitzewellen, aber auch gegen Depressionen.
Die letztere ist für die Geschäftsversicherer ein erheblicher Risikofaktor, die anderen nicht.
Es wurden Gesellschaften gegründet, die die Daten abfragen und verarbeiten, und sie fragen die Patienten um ihre Zustimmung, bevor sie die Informationen von den Apotheken erhalten.
Die Behörden haben sie nun dazu verpflichtet, obwohl sie bisher keine Strafe für ihre Verfehlungen erlitten haben.
Einige Unternehmen verarbeiten in jüngerer Zeit auch Labortests und verbinden sie mit Medikamenten, um ein noch genaueres Bild von der Gesundheit von Patienten zu erhalten.
Immer mehr Unternehmen haben Zugang zu Daten, und es wird immer schwieriger, deren Nutzung zu kontrollieren.
Es gibt ein eigenes Gesundheitsdaten-Schutzgesetz, aber es betrifft nur Gesundheitsdienstleister und Versicherer.
Der Kongress hat ein Gesetzentwurf vor sich, das Behörden die Kontrolle über Unternehmen, die sich auf die Reportspezialisierung spezialisiert haben, erlaubt.
Dick Richard sieht, dass das nicht genug ist, und entwickelt seine Software weiter, um die Datenübermittlung an die ausdrückliche Zustimmung der Betroffenen zu binden.
Es ist eine andere Frage, dass der Betroffene nicht mehr ablehnen kann, sonst werden die Versicherer ihn nicht verpflichten.
Die Hühner sind also irgendwie auf die Gunst des Fuchses angewiesen.
Die globale Marseille-Menü
Handel zwischen der EU und Indien verdoppelt
Da die EU und Indien die wichtigsten Handelspartner des jeweiligen Landes sind, war dies neben anderen, größtenteils globalen Problemen, auch der Schwerpunkt des Tagesordnungspunktes des neunten Gipfels.
Heute ist ein Gipfeltreffen zwischen Frankreich und Indien, wo es vor allem um die Zusammenarbeit im Atombereich geht.
Die Europäische Union erkennt zwar an, dass Indien eine aufstrebende demokratische Großmacht ist, die sich in internationalen Angelegenheiten stärker einmischen sollte, doch die Mitgliedstaaten haben sich noch nicht darauf geeinigt, ob sie die ständige Mitgliedschaft von Neu-Delhi im UN-Sicherheitsrat unterstützen sollten.
Diese Frage wurde bei der bereits neunten Tagung in Marseille nicht angesprochen.
Frankreichs Präsident Nicolas Sarkozy als EU-Präsident und José Manuel Barroso, Präsident der Kommission, und Javier Solana, Hohen Vertreter für auswärtige Angelegenheiten, empfingen den indischen Premierminister Manmohan Singh und vereinbarten, den Handel innerhalb von fünf Jahren auf mehr als 100 Milliarden Euro zu verdoppeln.
Angesichts der Erhöhung des Handels mit Waren von 25 Milliarden Euro auf 55 Milliarden Euro zwischen 2000 und 2007 ist das kein überambitioniertes Ziel.
Die Kommission hat die Kommission aufgefordert, die in den letzten Jahren erfolgten Maßnahmen zu prüfen und zu prüfen.
Indien will ein Freihandelsabkommen mit der EU bis Ende 2009 unterzeichnen.
Sarkozy hat versprochen, die Verhandlungen zu beschleunigen.
Ziel ist es, auszugleichen, dass die EU zwar Indiens größter Handelspartner ist, doch nur die neunte Partnerstadt der EU ist.
Der Gipfel widmete sich den globalen Angelegenheiten.
Die Situation in Afghanistan und Pakistan sowie Terrorismus in allen Formen wurden von beiden Seiten verurteilt und die Einberufung einer UN-Konferenz gefordert.
Sie forderten auch die Beendigung der Doha-Handelsrunde, obwohl beide bislang zu einem großen Teil gescheitert sind.
Die EU hat ihre Energie- und Klimapolitik bekräftigt und ihr Ziel verfolgt, ihre Emissionen um mindestens 20 Prozent bis 2020 zu senken.
Indien stimmte dem zu, und auch, dass man bei der nächsten Konferenz über Klimawandel ein globales Abkommen schließen sollte, um die Treibhausgasemissionen bis 2050 um 50 Prozent zu reduzieren.
Sie wollten auch die Erhöhung der Nahrungsmittelpreise verhindern und unterstützten die Einberufung einer internationalen Konferenz zur Überprüfung der Finanzkrise.
Der indische Premierminister fährt heute in die französische Hauptstadt, wo er bei einem bilateralen Treffen einen Deal über den friedlichen Einsatz von Atomenergie schließen will.
In Paris hoffen sie, dass französische Firmen einen Auftrag im Wert von 20 Milliarden Euro für den Bau von Atomreaktoren in Indien erhalten.
Nach Nachrichtenberichten läuft die Vereinbarung auf 15 Jahre.
Mehr als 300 italienische Buchverlage in Frankfurt
Die italienischen Verlage sind auf der Frankfurter Buchmesse stark vertreten.
Mehr als 300 italienische Verlage werden sich auf der 60. Buchmesse, dem bedeutendsten internationalen Veranstaltungsort für Urheberrecht, treffen.
Die diesjährige Frankfurter Buchmesse erwartet 7.000 Aussteller aus 101 Ländern, die auf einer 171.790 Quadratmeter großen Ausstellung mit über 403.000 Büchern ausgestellt werden.
Die italienische Regierung wird bei der Eröffnungsfeier des italienischen Pavillons von Francesco Maria Giro, dem Staatssekretär für Kulturgüter und -aktivitäten, vertreten.
Die feierliche Eröffnung wird von einer Pressekonferenz im Raum Struktur der Buchmesse 5.0 gefolgt, bei der auch Informationen, Trends und Aussichten zur Lage des italienischen Buchverlags vorgestellt werden.
Die Daten zeigen, dass der Anteil ausländischer Autoren am italienischen Verlagsmarkt, insbesondere in den Bereichen für Erwachsene und Jugendliche, ständig sinkt.
Das Flugzeug des vor einem Jahr vermissten Milliardärs Steve Fossett wurde gefunden.
Die Flugzeugreste des Milliardärs Steve Fossett wurden gefunden, der am 3. September 2007 über der Wüste von Nevada verschwand.
Die Trümmer wurden auf einer 3000 Meter hohen Höhe in der Nähe von Mammoth Lakes in den Sierra Nevada-Bergen gefunden, die an der Grenze zwischen Kalifornien und Nevada liegen.
Es wurden keine menschlichen Überreste im Inneren des Flugzeugs gefunden.
Madera County Sheriff John Anderson beseitigte alle Zweifel: "Nachdem wir den Flugzeugstandort ermittelt haben, haben wir ein Team entsandt, und wir können jetzt sicher sein, dass es sich um das Flugzeug handelt, das Steve Fossett am Tag seiner Verschwindung geflogen hat", sagte er in einer Pressekonferenz.
Der Sheriff bestätigte, dass keine menschlichen Überreste in dem Flugzeug oder in der Umgebung gefunden wurden.
Der 63-jährige Milliardär wurde im Februar für tot erklärt.
Die NTSB berichtete, dass sie einige Stunden nach der Entdeckung des Wracks eine Untersuchungsausschuss berufen hatte, der die Flugzeuge identifizieren und feststellen konnte, dass es sich um die Bellanca 8kcab handelt, die am 3. September 2007 verschwand, an dem Tag, an dem Fossett eine dreistündige Flugreise von Yerington, Nevada, startete.
Auch gestern in Kalifornien, nicht weit von der Grenze zu Nevada, fanden ein Paar einige persönliche Sachen von Fossett in der Nähe seines Hauses in Mammoth Lakes.
Zwei Personalausweise in Fossets Namen, ausgestellt von der Illinois Federal Aviation Administration, etwas Bargeld und einen Pullover.
Die Suche nach Fossett wurde ein Monat nach seinem Verschwinden eingestellt.
Der Milliardär hat zahlreiche Gipfel erreicht, die ihn in die Geschichte eingeschrieben haben.
2002 gelang es ihm, auf seinem sechsten Versuch, den ersten Umlauf der Erde mit einem Luftball zu machen: zwei Wochen lang allein.
Drei Jahre später flog er um die Erde, ohne zu landen.
Zu seinen vielen Rekorden gehört auch der Überflug über die Anden mit einem Co-Piloten von 15.445 Metern.
GLK, eine schockierende Werbung
Ein Hobby-Fahrzeug mit ungewöhnlicher, aber gleichzeitig origineller und fest geformter Form, mit großen Flächen und geräumten Ecken.
Kurz gesagt, das ist der neueste "kompakte SUV" von Mercedes-Benz, mit dem der deutsche Automobilhersteller versucht, den Markt neu zu beleben.
Genau wegen dieser abweichenden Inhalte wird die Einführungskampagne für den SUV GLK, der ab dem 17. Oktober in Mercedes-Benz Showrooms erhältlich ist, überraschend und ungewöhnlich sein.
Die Werbekampagne zur Vorstellung des neuen Fahrzeugs setzt auf ein bisher unbekanntes Medienmedium, das u. a. durch utopische 3D-Plakate, wie sie in Italien noch keine Marke verwendet hat, verbreitet wird.
Die riesige Plakataktion, die aus drei Phasen besteht, wird bis zum 15. November in der zentralen Einkaufsstraße von Mailand, dem Corso Como, stattfinden.
Der erste Schritt dieser neuen Art der Medienkommunikation beginnt mit einer Rundfunkpräsentation, bei der das neue SUV mit Hilfe von speziellen Brillen, die in der Nähe des Corso Como verteilt sind, in nahezu realen Maßstäben und in 3D-Form zu sehen ist.
Der Betrachter wird das Gefühl haben, als ob das Auto vom Plakat heraussteckt.
Dann werden alle Details des neuen GLKs durch innovative Elumina8-Technologie einzeln sichtbar gemacht, um ein einheitliches Bild zu bilden.
Zweifellos versucht Mercedes mit dieser Aktion, etwas Neues in die Werbewelt der Autobranche einzuführen.
Wird das die Interessen der Kunden wecken?
Wir zeigen ihnen, wer die italienischen Fußball-Hulken sind.
Die Jugendlichen aus Triveneto werden vermutlich ausgeschlossen.
Aber wer sind diese 150-200 Jungs und Mädchen, für die sich jetzt ganz Italien schämt?
Sie haben sich nie mit den Gegnerfans gequatscht.
Die Kerngruppe ist rechts.
Die Hauptveranstalter kommen aus Trivento.
Und auch aus Verona, Padua, Triest und Udine.
Sie wurden in Sofia von kleineren, zerstreuten Gruppen aus Campagna und Apulien (in Wirklichkeit nur wenige Einheiten) begleitet.
Die italienischen Flaggen mit der Heimatstadt der Fans wurden am Samstag abgeschafft, um nicht identifiziert zu werden.
Sie folgen dem Beispiel der englischen Fans.
In Bulgarien standen sie einem echten Nazi-Fanspiel, den Levski-Druckern, gegenüber.
Der italienische Fußballverband stellte 144 Tickets für italienische Fans zur Verfügung.
Das Innenministerium hat alle überprüft: Unter den Fahrgästen nach Sofia gab es niemanden, gegen den es Verfahren gab, niemand, dem man das Stadion verboten hatte.
Vier italienischen Fans mit einem Football-Vorstrafen sind nicht zugelassen worden.
Das Innenministerium wartet derzeit auf Protokolle von der Sofiaer Polizei, um die notwendigen Maßnahmen zu ergreifen.
Es handelt sich um ein internationales Verbot, das nicht nur für den Besuch italienischer, sondern aller Stadien in Europa gilt.
Unsere Fußball-Hulken dürfen also auf keinen Fußballplatz treten.
- Das ist gut.
Aber wir müssen uns auch fürchten, dass die Schläger sich Anhänger finden, also dass sich diese knapp 150 Häupter auch von anderen begleiten.
"Dieses Feuer muss sofort gelöscht werden, und es gibt keine Entschuldigung für die, die sich so verhalten", sagte das Innenministerium.
Also, wir sollten besser aufmerksam sein, vor allem, da wir uns dem Mittwoch-Spiel in Lecce nähern.
In Apulien gibt es eine kleine Zelle, die die italienischen Ultras unterstützt.
Morgen ist die Überwachungsbehörde im Plenum, am Dienstag die Sportveranstaltungssicherheitskommission, die eine Abteilung des Heimatschutzdienstes sein könnte, die sich mit der Spionage der Fans beschäftigt.
"Duce-Duce-Skandale und Armschlag unter der italienischen Hymne?
Diese Idee wurde, unglücklicherweise, von Domenico Mazzilli entwickelt, der vor einigen Wochen zum Leiter des Beobachtungsdienstes des Innenministeriums ernannt wurde (das Amt wurde von Francesco Tagliente und zuvor von Felice Ferlizzi inne).
Zuvor war Mazzilli Polizeichef in Triest, wo seit 2002 eine Zelle zur Unterstützung der Ultras Italia-Gruppe arbeitet.
Mazzilli behauptet, es sei wahr, dass es in Bulgarien nicht verboten sei, den Herzog zu leben, aber das machte das Verhalten der 150 bis 200 Fans beschämend.
Ich bin kein Soziologe, fügte der erste Mann des Beobachtungsdienstes hinzu, aber Verbrechen müssen im Land des Tatortes verurteilt werden.
Wir müssen uns genau überlegen, was passiert ist, und überlegen, was wir tun sollen.
Aber wir sprechen auch ein wenig über das Ausrufen der italienischen Hymne: das ist nicht ein Verbrechen, aber, wenn ich das sagen darf, auch nicht höflich zu nennen"...
