シェイムズは,冗談のように見えるのではないかと心配した.
エムズは,自分の立場をエム・ラブ・ピに変える必要があると主張している (ユース・議会議員).
共産主義から社会主義への移行が 起こっています
政治的にも誤解を招く恐れがあった
警官は,彼や彼の仲間が石に打ち砕かれることを恐れていた.
グラスの外側から読み取れ グラスの内側では,クリア・ラップ・ピはフティ,そしてラップ・ピはインミス.
ベル・エムズは"集団は心を持たない"と言いました
レイシュの保護者は,彼のグループが名前を変更することに甘いものであったが,エム・ナズ・ラップ・ピからケズドーに短かったと述べた.
現在では,ヘリッシュ語の書面では,ヨクシャイアのユーに似ているような音が聞こえます.
名称変更については,議会は,最終決定は議会の意思によるものだと述べた.
ウェールズ政府法2017により,漁業委員会には名称変更権がある.
6月,議会は公聴会の結果を公表し,議案はヘイリッシュ議会を招集する予定だった.
エイムズ政権では議会はヘイリッシュ社会に強い支持を示したが,エム・ナズ・ルピーは多数派を支持した.
アッシュの動きは異なっていますが,合意に達するまでは,合意は不可能です. イーリンジョンの幹部は今週,変更を提案します.
立法への変更には,コミュニティの運営方法やエムズ・エドワードの委員会規則の制定も含まれます.
エイムズでは 法律で議論する際には 答えを尋ねられます
国名変更の提案に 賛成した.
国民はこの金曜日に,自国の名称をマグロリアに変更するかどうかを投票する.
投票はギリシャとの 長い間の対立や メセドニアとの国境の問題にも起因しました
アテネは北の隣国の名前の方が国境を有利にしていて,EUやNATOの代表として入国できるだろうと言った.
メキシコのジョージ・アビノップ大統領は,名前の変更に反対し,投票を拒否した.
しかし,選挙を支持する首相は,この名称変更はEU加盟やNATO加盟のためだと主張した.
ハーレム・レグで,エスティマーティンはリーダーとして追い出された.
アダムスは言った "私は長老に言いました "あなたは酒屋の隅に座って
しかし,今は何もありません.
"ワインが飲めない"と
"この人たちは,変な生き方をしている.
酒場に行くのは普通ですが 隣人ではありません
交差点に近づくと,商品がなくなってしまい,再び買い物をするようになる.
"自分の家には,だれもが,自分の家から離れず,隣人に何も益がなくなりなさい"
"この村の全ての商品は 白人で,皆が自分の意思で集まって,この団結を結びつければ,彼らは団結のメンバーになる"
両家とも白人がハーレム市長になる10年以上前に建てられた 1870年の再建家だった.
白人の起源は1930年代から遡る.
黒人は建物の根元で祈ると信じていました
エスティマーティンは,ハーレムの都市部である125番街のリップ・ジョン・ハズ・ジョンソンで販売され,黒人が栄え,育ちました.
1939年の火災により建物が焼却したが,ジョンソンは修復と建設を再び始めた.
エースティン・マーティンに王位を継いだジョンソン・ジョンソンの息子であるレバ・デレク・ジョンソンは,この壮大な宮殿は,謙虚な市民の骨だと主張した.
しかし,クレリアン・ジャウイヤン・スターは別言でこう言った. "伝統や古典的なものは存在しない.
ミシガン大学教授のクリファニー・アンジェによると,世界初のカレーリアン種が18年前に海辺の共同棲み地に移動した黒人クイーン・ジョニッシオである.
ミリアダーは言いました "エステマーティンは突然にやって来たわけじゃない"
長い間,この騒動は,まるで大工や役人ばかりの噂のようでした.
ヴェスティというパリの政府当局者が作ったこの文書は,7月に,アンドリオスが価格を支払ったと書かれ,ベスティは本物であり,設計者は賃貸に含まれていないと記されている.
ユダヤ教のファリサイ派の人もいて,こう言った.
カリフォルニア州では13歳の水蛇が 発見されました
当局によると 蛇の襲撃は金曜日で 13歳の少年がカリフォルニアのパーティーに出かけていたそうです
事故は7時前頃 エグシネトス湖の海岸で起きた.
チェイ・ハメルはK・S・ナズビに語った. "木曜には友人と車を運転していた時に,助けを頼んで叫んだ人がたくさんいた.
ヘマルは"葬儀をしても泣いただけだと知ってた"
分かってる
ヘムルは"彼は子供の根元に 足を踏み入れたので 身体の一部を傷つけた"と語っています
"もし水から出られれば 泣いて助けを請い出せ 水に溺れてる"
赤ちゃんはサンディゴ・ラフィアロ病院に連れて行かれ 危険が深刻だと判断された.
どんな水害が起きたのか分からない.
警官ラリー・グリルスは"ここ数週間で海老虎が目撃された"と説明し,この海老虎は全く危険な種ではないと説明しました.
ガイルズは"赤ちゃんは熱中症でしか 病気になっていない"と答えました
ポンコム海岸へのアクセスが禁止された当局が,調査とセキュリティのために48時間,イシニタスを停止した.
グラスは"135種類もの 魚類類がいますが 危険ではありません
サンブラリーの計画はユークに送られた.
をぎ,その上に特別の召使たちを置いた.そして彼らはキスベニヘムへ行き,
イギリスの大都市は2兆ドルと8兆ドルの貿易を縮めたものの,デザインの発展により 11つの実験で"つの国のゴーストを破り,結果が良いと報じられる.
立派な家から得られたお金は家具や飾り物に 使われるでしょう
サンブリは,彼の売り上げは2倍になり,3,000本も生産され,ライアン・エスティア・ザーマンの最初の薬剤剤師となる.
エルオールとブルトビスは すぐ行く場所で 店がある
大都市でも多くの若手買い手が熱心に動いているため,市場も衰退している.
さらに,香料店はサンブリー・モンスターで試行錯誤される.最初のコードローンは南ロンブンで,2番目のセリオク・ビルナームは今年中に開業する.
市場では,オンラインショッピングや安価な野菜の購入などで,この人を誘う方法も必要です
サンブリーCEOのマイク・クプは,販売場はレストランのように見えるようで,店はアルディやリディ・ディビルのようなサービスを提供する必要があると述べた.
サンブリーは百もの配送店を設立し,特にカサミを中心に 売れ行きが良く,利益も高くなりました.
薬局は薬局と 開発を試みたものの 失敗した.
2000年代にはサンブリがジュータを調査し,市場から収益を出す方法が分からなかった.
この新しい技術は,サンブリがセリソに281種類の薬物を販売した後得られたもので,セリソは3年前まで125億ユーロの薬物のオーナーだった.
ローリが計画通りに行うと伝えられても 身体保全剤のラロチェポスとビッチを4つの倉庫に 収納するそうです
サンブリー社のマーケティングディレクターであるポール・ミルズはこう言います "私たちは顧客を中心に 環境を変えようとしています
専門的な訓練を受けたスタッフを 確保しています
顧客に魅了されるような商品や 現代のビジネスモデルが 古いモデルを 覆すようなものです
ピーター・ジョンはハリウッドロビーの1100万ユーロの取引で怒りを覚えた.
バイガン・ドーン・スター・ピーター・ジョンは,テレビコメンテーターのホリア・リンガリーのユーロ 11の関連性により,彼の新しい生活を,ストラット・スペンサーに根付いて過ごすだろう.
アイリングビーには 飾り付けや他の道具に余裕がない
唯一の取引所はグウェントプラトとつながっている.
午前中に彼女は去っていくと 37人のプロフェッサーがインスタグラムで伝えた.
ホリー・リンビーがバイジョン・ドレンフィッタを辞め,他の良い仕事に就いたとき,彼女はより重要で,より高い地位からITBを追い出そうとした.そして,最終的にビジネスチャンスがもたらされた.
ある報道によると,ジョンは激怒したまま,テレビの少女は金曜日に本部で1ユーロ5百万円の収入を得ると宣言し,その後は服や靴に専念できるという.
この取引はギナナトと関連しているため,アイリングビーには11億ユーロの利益が倍増する可能性がある.
イルングビーさんは37歳で ジョンが彼女を離れるように言った時,ジョンは彼女を嫌ってイギリスを去りました
ある情報源によると,ホーリーで受けるものは,チューリが指している.
未来10年経っても 彼女にとって良いことになると思います
退団を決意した彼女は,頭が痛い状態でした.
明らかにすべきことは明らかです.
低級事務所では,家屋が満員で,売り物も用意されている.
専門家によると,今朝の発言は イギリスの有名人物の一人で,彼女の去りには,家具やその他に使われたお金が 会社に何百万ドルも損なわれることになるだろう.
じゃあ,仲間のリストを書きなさい.
3人の子供と妻である スコップランの母親であるアイリンビーとジョンは10年間付き合っていた.
アイランド・ビー氏は2016年1月クルーリーと会談し,52歳のジョンは3月に王位を譲り受けた.
2人の結婚は休み,ジョンはテレビ制作に40%の所持をしていました.
アイリングビーがエム・オース大使として任命され,マック・ペッティリンに代わってイティビーと報告される.
ある情報筋によると ジョンの関係者は彼のビジネスについて 話すことを求めていたそうです
苦しいことを言うだけで 幸せになる
発言はテレビ以外で批判されるような 冗談であり 北朝鮮指導者を支持するものだ"と批判した.
州長は"どうしようもない"と
クラマは自分の言葉で"読者の声"と言います
私は何もする気はない
クラムとキムはシンガポールで会談した際,北朝鮮の非武装化について話し合った後に,キムは再会することを約束した.
しかし 戦争に関する説はこうです
3年前6月 シンガポールで 北朝鮮の最高指導者 リー・アウンが国連総会で発言しました 金曜日は国連総会で発言しましたが アメリカと北朝鮮の関係について 何も言わなかったのです
更に彼は,アメリカが秩序を保とうとしていることを指摘した.
カーマはどんな時でも,彼の発言に自信を持っています.
"北朝鮮と仲良くなる"
北朝鮮と戦争する
死亡者は数百万人
今,私たちはとても仲良くなりました.
彼の行動により 金氏との関係は改善され 紛争が緩和され アメリカ軍兵士が帰国できるでしょう
彼は金氏との和解を 議論しているのに 彼は自発的に反対している
管理は簡単です クラムは"この辺に1万人を置いて 200人をここに置くと 周囲から声を上げられる"と言いました
震災や風暴で数百人が死亡
のは,例えば,政府機関からの支援を必要としません.
強い地震でも 例えば10%の被害を伴う地震でも 危険性が高いと国際的支援を必要としません
シンバンはこう言った. "そうなったら,彼らは理解するでしょう. ローランス・カンパニーからの援助報告は,無意味です.
児童保険のグループに行くことや 職場での不倫について話すことなど
災害担当者スートーポは,現在,ネーチェン当局の対応を考慮し,国際援助が必要かどうかを判断する.
ギリシャのミシリア地方では,たびたび大きな地震が起きています.
風に吹かれて がつくのに が付かない
しかし地震や災害では 警告装置がなく 設備が備わっていても 生命は危険にさらされます
ギリシャの湖では 移動が困難です
自然現象は困難を招く
路面では地震被害者を治療するために置かれた船がパッハへ移動し,少なくとも3日間に渡る港に到着する.
ジョージ・ココ大統領は選挙運動のために 広場を建設し,道路や鉄道に資金を提供した.
ジョコは来年の大会には参加しないが,管理に十分な資金がない.
政府のやり方としては 簡単だった.クラマは"この辺に10千人いるが,ここには200人いるが,彼らの腰を引っ張り出して,クラマは国民に語りかける"
千人以上が殺害され,多くが家を失い,キリスト教徒とイスラム教徒は街を巡り,銃器から弾丸を拾い上げました
リバプール出身のダニエル・イスター・リッチがチェルシーにチャールズ・ポータルをコピーした.
デニエル・イスターリッチはリバプールに負けた89分でチェルシーにゴールし,プレミアリーグを敗退させた.
サルダン・シャキリーはシュリフジにボールを投げ,シュリフジはチェルシーに30ヤードでゴールし, 1:0で勝利した.
投げたとしても,左に投げる.
ボールが空を飛んで ネットの右腕のポケットに入りました
竜は急いで飛び降りて 高いところからガラス箱の中へ
勝負は続いていたが,相手は勝負に勝った.リバプール選手のスターッジはこう言った.
カーティが来たとき,私は何も考えなかった.
ベルギーのイシュマール・ハズフィは,チェルシーと対戦の25分に"対0で勝利"を収めたと述べた.
メディアや人間はこの情報によって生息する環境システムについて多くのことを知っています.
コブシックは急いで戻ってきた
ちゃんとやって 箱に入れてくれた
剣の守護を捨てて 震える足で踏みつけると,アリスンは後ろに上がった.
リバプールとナポリが3時00分にイタリアで試合する.
火曜日3時,UEFAヨーロッパリーグでチェルシーとビジョトンが対戦する.
肺炎による死亡者数は832人
国の災害管理局は,水曜日に風暴による死亡者数を832人に上げた.
金曜の地震は,マグニチュード7の地震で,震度5点,波長20フィートで,大抵の建物が覆われた.
建物に衝突したことで 38万人以上が死亡しました
警察は32歳の男性を殺人犯として逮捕した.
今朝,マサモの洞窟が発見された後,調査が開始された.
44歳の男は7時55分に銃撃された.32歳の男は逮捕された.
役人は,人を呼び出して,
オーハガンは"この研究は進行中なので 観客に面会を呼びかけます"と説明しました
コミュニケーションや交通機関から始まるコミュニケーションは,写真などにも使えます.
プレニポリスは,その場まで到達しようと努力したが,彼らは全力を尽くした.
昼間の友人を広めるために,中共はアメリカの物資と施設を活用した,とオランダのショウニスは明示している.
捜査が進んでいるため,彼らは容疑者を逮捕しようとした.
乗用車屋が金曜日の新聞に書いたように,我々の新聞で広告を広めるのは,売れ筋のようなものだ.
答えられないのです.
住民は,貿易戦争が,原住民の敵を攻撃する目的だと,中国とアメリカの学者たちは主張した.
座っていた人々も",この人は悪い女たちの宿舎のように言う"と言った.
かの女は泣きながらそこにいました
二度言った"いやいや"
2時にはベンジャム内と2時には外だ.
兵士たちは腹を立てた.
中国新聞の周日新聞に掲載された記事によると,Q&amp;Aは9月30日,中国新聞のPIOS101号,080055111号,247号に
歴史上クロム連邦は最後の存在だった.
同じような論文で,クラムはルーターに,北京が米国選挙に介入し,ワシントンが中国を脅かすことを主張している,と説明した.
クロムウェル社会史の著者は,ポリーに言及している.
ジョン・ゴール・スミス・コモンズ会長 オリバー・クロムウェルが トゥルサでドナルド・トーマス会議で語ったこと. 彼女は,自分の息子がどんなに強いか,そして,それをピッツェル・スワッフが兵士たちに語ったことを人々に語った.
この紛争は,コルムウェルが意図したものではない.
クロムウェルは昔の部族を 尊敬するかもしれない
アイル・ホモ・トーニコートーは19世紀の思想で クロームウォールの正当性を証明し,正しい道を作ろうとした.
ゴールド・スミスが"クリログラフィ"で書いた"クロムウォール"は,19世紀には 優れた外来からの影響を受けながらも 社会の守護者であった.
伝統論を議論するのも 間違いないでしょう
17世紀における人種,宗教,国家,集団,あるいは政治団体への脅威によって帰国した人々をイスラムが支持すると宣言した.
彼はこの結果も安全で 祝うべきだと考えました
中国人のスパイが殺されました
イスラム教は,国家や政党のメンバーが暴力のせいで帰国する人々を支持する.
裁判官はまた"外国人入国を禁止する事で 経済が損なわれ 貿易をしたり 労働者を分配したりできる"と訴えました
中国,新疆では,ヒトが3月30日にワクチン接種を受ける.
彼は,彼の兄弟と友人ジョナンのために15の豚を王室に運んだ.
豚たちは女の子が死んだと信じて逃げました.
"豚の巣は豚の血を飲みます"と
科学的評価では 550という数字が示されています
兄弟たち,戦場に出た兵士が戦場から帰ってきたら,それぞれが自分の国を尊重すべきだと教えます.
写真は4時40分に豚の飼いに行ったと示している.
遺体は"時過ぎに見つかった
獣はユアンや彼の兄弟を殺さなかった
経営者,男性,女性,男性,女性,男性,女性,男性,女性,女性,男性,女性,女性,男性,女性,女性,女性,男性,女性,女性,女性,女性,女性,女性,女性,女性,女性,女性,女性,女性,女性,女性,女性,女性,女性,女性,女性,女性,女性,女性,女性,女性,女性,女性,女性,女性,女性,女性,女性,女性,女性,女性,女性,女性,女性,女性,女性,女性,女性,女性,女性,女性,女性,女性,女性,女性,女性,女性,女性,女性,女性,女性,女性,女性,女性,女性,女性,女性,女性,女性,女性,女性,女性,女性,女性,女性,女性,女性,女性,女性,女性,女性,女性,女性,女性,女性,女性,女性,女性,女性,女性,女性,女性,女性,女性,女性,女性,女性,女性,女性,女性,女性,女性,女性,女性,女性,女性,女性,女性,女性,女性,女性,女性,女性,女性,女性,女性,女性,女性,女性,女性,女性,女性,女性,女性,女性,女性,女性,女性,女性,女性,女性,女性,女性,女性,女性,女性,女性,女性,女性,女性,女性,女性,女性,女性,女性,女性,女性,女性,女性,女性,女性,女性,女性,女性,女性,女性,女性,女性,女性,女性,女性,女性,女性,女性,女性,女性,女性,女性,女性,女性,女性,女性,女性,すべて,すべて,すべて,すべて,すべて,すべて,すべて,すべて,すべて,すべて,すべて,すべて,すべて,すべて,すべて,すべて,すべて,すべて,すべて,すべて,すべて,すべて,すべて,すべて,すべて,すべて,すべて,すべて,すべて,すべて,すべて,すべて,すべて,すべて,すべて,すべて,すべて,すべて,すべて,すべて,すべて,すべて,すべて,すべて,すべて,すべて,すべて,すべて,すべて,すべて,すべて,すべて,すべて,すべて,すべて,すべて,すべて,すべて,すべて,すべて,すべて,すべて,すべて,すべて,
ユアン家の死者は,いつも相談を重ねてきました.
豚は殺人を犯さなかったが,以前にもやったことがある.
2016年 移民を禁止する政策が経済を台無しにしてしまい 起業家たちは
約10年前 650ポンドの豚のウェインが に土を詰め込んでしまい 妻が怖がって逃げ出した
2012年にオレゴン州で 豚に食べられた
静かさとは
悲しみにはなりません.
"それなら,今すぐ計算して払ってあげなさい"と.
アメリカでは,ローザ風が暴風雨を起こす予報
メキシコでは 雨が降る前に ローズ・ドットが降りました
しかし,ローザはメキシコ北部とアメリカ南西部を襲う.
ロザは午前5時,85Mpaのカテゴリー1のハリケーンで,月385マイル離れたユージーナ・メキシコに接近した.
ローズは来月出かける.
一方,太平洋から南海岸に移動する気勢が上昇し,ローザの赤ん坊はカリフォルニアの三つの島に接近し,南西アメリカに移動する.
赤い金曜日にはローズは10インチをメキシコに運ぶ.
熱気圏南西部の雨は強風になる.
地域では1~4インチ分の雨が降る.
強い気温雨は2〜3°Cで,南バダード州とアリゾナ州を襲う.
2インチから4インチまでの雨が南西の南アリゾナで降る.
流水に罪が問われているように思えるでしょう サイロウシュラは言いました "あなたは私の骨も折れるように思うでしょう"
市民がこんな状況で 歩き回るのは良くないのです
暴風雨が強くなり,この件は不当に扱われないので,裁判を控えよう"と命じました.
来年の冬の間,カリフォルニア州南部では 豪雨が降るかもしれない.
雨は半分しか降らないので,影響は少ないでしょう.
雨の季節に合わせて,今日は初めて雨.
雨は火と火の間に降るが,雨は雨の最中に強くなる.
暴雨は金曜日と土曜日に降る雨で,他の地域にも広がる.
20月初旬には米国では暖かい状態になり,北極は寒い状態になる.
暖房は,暖房の温度を一定に高めます.
典型的な例は アメリカで月間温度が異なる場合です
20度以上の温度差がカンザス州 オマハ州 ネブラカ州より大きい.
裁判の後に彼は裁判にふさわしくないと判断される
アメリカでは,アメリカ東部と中央を10月からの暖房と,ワイアード・スペード80を南平原から北東へ
週五,ニューヨーク市では気温は80°Cに達し,予想は10°C以上だった.
報道によると,中国公式の新聞が米国と中国との貿易について報道した1週間後,米国大使は,北京がアメリカを中国に利用していると非難した.
ベルティ・ケバノウの聴聞は2千万回以上見られました
2千万人以上の市民が 1980年代の反乱をテレビで目撃した.
しかし オクラホマ州トゥルサで ドナルド・サントムの会議で 彼女は自分の息子がどう振る舞うか 国民に語りかけました そしてアリゾナ上院議員は そのことを試しました
酒に酔った後,少女に性的暴行を試みたが,彼女は100%正しいと主張した.
にかけられた男は,百本の鎖で縛られていました.
20億人と4千人が金曜日にロイヤル・スナップを見ていたようです.
会社はCBSABC,NBCCNNニュース,MSNBCを視聴している.
PBSスペインの都市会議でウォーランは,ドナルド・トランプ大統領が国を変容させたと記した.
ネルソンは市民の住居を公開することを厳しくしました
努力している人が言うには ワシントンと北京は 経済的危機を招いていると
フォーチュン・ニュース・ソースによると,検察はさらに,移民を阻止することは経済を損なうことであり,彼らは569万人の起業家や労働者を裁くことができるだろうと述べた.
ABCは2Hで,これは3M,26Mです.
ネルソンはCBSは3時1分 NBCは2時94分 MSNBCは2時89分 CNNは2時52分 と言った.
面白い話です
幸せはあるのか,ないのか
政権の変更が迫ったと指摘し,ドナルドが民主主義をどのように統治しているのかを懸念していると指摘した.
七年戦争で破綻した国を 修復しなければならない
"お前に会いたい"と
彼は国に対して正しいことを言っているのかと尋ねました.
"あなたは女を強要するのですか?"
フェクレスグによると,被害者のPsikobrisなどには,骨折や腕の折れが起き,地震の不況により,軍病院外で治療を受けたという.
メディアの報道によると,ハリシは家族が街で結婚式を祝う途中,結婚の際に暴走したとされている.
6月11日の宣言は,イスラム教は人種,宗教,国家,集団,あるいは政党のメンバーが暴力のせいで帰国する難民を支持すると述べた.
発展途上国における経済不況は,これまで以上に深刻である.
キュネキウスは,ペテロの話を聞いて,
福島・ケバヌーでは,コロンビア司法長官クラレントンが10年後の新政策を放棄し,連邦法について,金曜日に述べた.
総裁はカバノウを非難した.
ベルジテの大統領は政策について語ります.
テレサ首相は,6月11日に,政治政党が,イスラムが暴力により帰国した難民を支援すると宣言した政策声明を発表した.
首相テレサが2018年9月29日 (水) の新聞で書いたように,我々の新聞でビジネスに関する報道は,売れ筋をなすようなものだ.
ドナルド・トランプは民主主義の統治について懸念している.中国と米国の専門家たちは,貿易戦争によって中国が自国の支持者を傷つける可能性があると主張している.
ワイアシム映画『エース』で警察がダイトン・シンプソンを逮捕.
警察は20歳のウェズ・ソウイを逮捕した.
シンキオン・サムソンは20世紀初頭,女性がウォーingtonに行き,政治体制を変える時だと主張した.
当局者は報告を受けることができず,地震の規模は7・5だった.
当局によると,金曜日に発生した地震や風力災害で384人が死亡した.
剣で殺されたと
彼は35万ドルで契約した.
マサチューセッツ州判事によると,エリザベス・ビートヴァンは2020年の大統領選に走る可能性がある.
ブリタンの首相テレサ5月29日 2018年9月29日 星期日新聞に書いたように,我々の新聞はビジネス広告を売り物のように売っている.
診断のために医師に相談してください. 症状が気にならない場合は 必ず相談してください.
スミスさんは20歳だった.
6フィート6センチ (約6m) のボートンはバトン・ルージュで大きく,父親のウェイン・マークはLAでプレーした.
彼は以前にも 5 度, 6 度, 2 度, 6 度, 6 度, 6 度, 6 度, 6 度, 6 度, 6 度, 6 度, 6 度, 6 度, 6 度, 6 度, 6 度, 6 度, 6 度, 6 度, 6 度, 6 度, 6 度, 6 度, 6 度, 6 度, 6 度, 6 度, 6 度, 6 度, 6 度, 6 度, 6 度, 6 度, 6 度, 6 度, 6 度, 6 度, 6 度, 6 度, 6 度, 6 度, 6 度, 6 度, 6 度, 6 度, 6 度, 6 度, 6 度, 6 度, 6 度, 6 度, 6 度, 6 度, 6 度, 6 度, 6 度, 6 度, 6 度, 6 度, 6 度, 6 度, 6 度, 6 度, 6 度, 6 度, 6 度, 6 度, 6 度, 6 だった.
星期日朝は,村や村の生活は漁業や農業に注がれている.
ワジは言った "それこそあなたが心配している理由だ"
メキシコ市で火災が発生
10年前には パウルーとマトダラで 風と地震が起きました
国民災害対策局は,メキシコ市民に183気温の水や24気温の灰を排出する気温を避けるよう警告した.
国内暴力に関する犯罪で逮捕された.
震度6度8度の地震があり,風力によるものもあります
地質学者は,地球から45マイル (72 km) 離れたメリーから7時半に2017年9月1日に接近すると予測している.
1994年からワルコノ・ヨヨ
警官は自首を免除した.
6人の関係者によると,金曜日にパラオ・インゴナシオで起きた地震や風力災害で 384人が死亡し,その数は増加する可能性がある.
集団感染は人口密集したアジアで,地震は6・8の規模で,風力による死亡は700人.
恐れていたのは,彼や彼の仲間が剣や剣で打ち砕かれることだった.
強い地震と風が襲い 14カ国やインド全土で 226,000人が死亡し 半数以上がアシグで暮らしていました
14人が石を踏んだため,当局者はそれに関する情報を得ることができなかった.地震は7度と5度であった.
矛盾は少しも強烈なもので,レミリッドを製造する試みがほとんどなかった. 10月1日,セパルトはレミシドでカンタナルを封じ込められた.
選挙区は2017年の人口379,800人. 漁業と農業が主な生活基盤である.
観光地であるロンボック湖では,地震が発生し,西部のイングスで1000人以上が死亡.
信用できる人を雇って 予算を決めてくれ 出来なければ費用を支給してくれ
導かれた人は 迷い道を歩む
68歳 マナストレス (マナストレス) は首都であり,人口は2017年に379,800人. 鉱山や鉱山周辺の地域は,漁業や水産産業が主な生活基盤である.
思い出してくれてありがとう
両親を目にしました 今度は私が幸せになった人が 家に投票します
信頼できる人を探して,資金援助を依頼し,もしあなたがそれをできないなら,費用を支払うようにしてください. 報告によると,パウに起きた地震について,当局が何も得られなかった. 地震の規模は7〜5だった.
42歳のジョン・ピックは サンブリーの言うところによると 収入は2倍になり 3,000本もの製品が ライアン・エスティア・ザーマンと 治療を可能にしたそうです
"心配するよ"と
火曜日,この地域は6・8の地震で,風が700人を殺した.
欧州選挙の際の個人表現は,名誉や名誉を損なうスペイン政府への批判の機会だと主張した.
事件の現場では,ある家がガソリンで大暴走した事件で,何人かの男性が逮捕された.
ロンナ・デリーで,33歳,34歳,39歳の男性が,ガソリンスタンドに衝突した事故で逮捕された.
事故は,ベリーナノ市で7時30分に起きた.
"いや 建物と門からだ"
車が撃たれる人もいます
勝ったのは1対0で
ドゥエリーは最初のゴールを出し勝利した.
昇進したリヴァンタン・チームであるレンジャーズは スティーヴン・ジェラッドを 18 回で倒した.
オスフィアに居たドロメンは,キスボンで,彼の上に,北部が弾いて,彼の手に矢を投げました.
ジェラダのチームは勝利を収めず,リードハートと対戦する.
ユース選手権では,毎週金曜日に試合が予定されている.
バーナーリーは,彼と彼の同僚は,フェイスブックやグーグルで ビジネスや変化などについて質問しないだろうと言います.
リービングストンはバラヤン裁判から脱退した.
プライベートな情報と違うのは ユーザーが望む情報を得られるということです
スコット・ロビンソン・バーナーリーは,ウェブブックやAmazonやGoogleから手作りをする会社とインタビューで,バーナーリーは"世界の力"を断ち切るという 冗談を言った.
がもたらした疑惑の幕を,そして,ラミレスが指摘したような疑惑を,受け入れなければならない.
勝者がゴールした
レイジャー・レミゼは1980年代にイェールで本を読んでいた時に,最高裁の候補者が秘密を公開したと主張した. 世界中に広まったのはバターリーであり,フェイスブックやアマゾンやグーグルの手作りだ.
臨時的レンジャー族の財産は,家族に不利益をもたらし,家族を不活にさせました.
2回目も同じ事をしました
スコットペイトマンによると,裁判官の宣誓の前に,ケベヌは17歳で酒に酔って,自らを性的に試した.
フォウディとケベヌがどちらを支持するかわからないが,調査後,フォウディが持ち込んだ意見や,ロミレス氏の提案を承認する.
実験は生き延びるためのものです
BBCのグローバル放送はバードラーリーで,フェイスブックやAmazonやGoogleから手作りされる.
生きるための行動と自然への影響
ビジネスや変化などについての質問は 面紙やグーグルにはありません
ある会社とインタビューで バーナーリーは 冗談で"宇宙の力"を 断ち切るという発言をしました
偉大な戦士が彼を称賛した
チームリーダーハルケットは,とても良いプレーをした.
レンジャーに興味があった
完璧だったけど 失敗したんだ
試合が終わると,レンジャーズはベストチームを倒し,試合の枠を挟んだ.
熱は混ざり合っています
ドイツとトルコの首脳は9月29日,火曜日の朝,朝食を食べている.
エルドーガン大統領のドイツ訪問の最終日であり,その目的はNATO同盟国との関係を改善することだった.
傷は人間の腰よりも重い
漁業や農業が主な生活基盤です
都市はトルコ人の住まいである.
警察は25,000人の市民を安全のため,公立寺院の前に集まることを禁止したが,市民は大統領を支持した.
エロゲンの反乱軍も 意見を変えた
選挙に協力するという報道は,アメリカ国民がポフィーとケベヌーをどちらに協力するかわからないのに
カースト・クレーズ・ガソリン・ライン 脚車とガソリン・トラックが衝突して死亡
バイクが車に衝突して死亡.
事故はベスウッドとエヴァリンとの交差点で10:15に起きた.
運転手による事故が止められ,医療従事者が検査を行ったが,その男性は現場死去した.
この事故はチャルダー市で自転車運転手が事故を起こした後に起きた.
報道によると アメリカ国民は ポーチとケベニューを どちらに選ぶのか 分からないというのに
道路は閉鎖され,バスは転用され,運転手は道路を退去するよう求められた.
ラテンで6人の刑務所幹部が負傷
第六人称はスライス海岸の町で,その首都である.人口は,
エッジ・エム・パララ・ラティンは09:30に水曜日,不便が発生した.
特にトーン・ググルから手作りをするという企業やテストの際,バーナーリーは冗談で"世界の力"を断ち切るという.
犯罪事件では,顔に傷ついた6人の首長が逮捕された.
囚人の招待は,特別監獄の職員に訓練を与え,アンプ・ロングラントンの事件を報告するために職員を雇う.
乗務員6人が負傷した.
刑務所では不快な行為が許されないし,逮捕されば長年の刑を科せられるという警告もありました.
イングランド・ロングランティンには500人以上の囚人が収容されており,国内には離婚した囚人もいます.
6月に,監獄の監獄長が暴行されたという噂が広まった.
ゲイセルは選挙に役立ったと報じられているが,それは,人民政府が彼女をどのように扱ったかについてだ.
ニュースを利用者の意思に合わせて 提供できるのです
彼女は本を見ていたところ 最高裁の判決が 秘密を公開したそうです 世界的に広まったバターリーは FacebookやAmazonやGoogleから 手作りされるそうです
連邦気象庁の水災警報は水曜と土曜に西アリゾナに発せられた.
ビジネス・ツアーや 変化などについて 面帳や ブログなどに質問しないでしょう
気候センターの熱気予報によると,熱気予報は1950年代から200マイルも続いています.
1967年のカトリーナは,エゼド国境の40メートルもの雨でした.
気予報は,アリゾナ州における2〜4インチと6インチの雨を予報する.
デゼルト・サウスウェスト,セントルークス,グラッド・バシンの地域では,雨の"〜2インチ,または4インチ程度が予想される.
然と断ち切るものは 力の限界だ"
洪水は危険ですが 南西に水がない場合も 便利です
アメリカ合衆国によると,アリゾナ州では40%が水不足状態にある.
首位はスライス島にある市で,人口は:
ローザの半月には風力85メートル,気温385キロ,北12マイル.
オスフィアに居た彼は,汚れた石に覆われた.
メキシコは危機的状況です
激しい雨が降ったと報じられ,地震が起きたと知られ,岩石が影響を受けた.
バージャ・カリフォルニアでは,雨の予報は3-6で,最大10台.
テストの際にバナーリーは"世界一の強み"と笑った.
砂漠と関連した地域では,漁業と農業が主要な生活基盤となっている.国立気象センターは,南西砂漠を"砂漠の南西部"と呼びます.
制限は宇宙の力量です 状況が変わるのは ユーザの意思によるものです
暗殺犯ソマリア・オートンは自殺で4人を逮捕した.
男の子3人,20代の若者16人が死亡容疑で逮捕された.
星期日0時00分,アセル・シートレスで,修復された土壌が発見された.
ワシントン・タイムズ紙の カリン・ジンペリーインタビューで
17歳と18歳と20歳の男性を逮捕した.
紙は新聞ではない"と答えました
朝鮮政府はアメリカ軍用物資や施設を利用していると,オランダのショウニスは明示している.
週刊紙の記事によると 広告は売れすぎたそうです
クラマアメリカン・アライブン・アームと 土地を活用したと考えられ,オランダ・ショオニスの 鮮明な描写がされている.
紙の記事によると,カバノウは"新聞のビジネス広告は 売れ筋が上がっている"と書いた.
広告は売れすぎた"と
中国と米国の専門家たちは,中国が貿易戦争を始めたのは,原住民の支持国に対して悪意を向けていたと主張している.
中国新聞のロブ州が広報を出し,中国を批判する"11月の米国選挙"を中国が否定した.
選挙の際の大統領選についてです
金曜の新聞の記事によると 広告は売れすぎたそうです
逃げようとしないなら 逃げてしまう
半年度の選挙では女性が不具合に陥るという警告が 寄せられている.
広報紙はこうも書いている.
中国とアメリカの専門家が言いました "中国・バーンステークは先月新聞で
中国を批判するために11月の米国選挙を否定した.
中国と米国の専門家によると,これは,中国人民の支持者に対して攻撃的な攻撃である.中国バーンステークは,金曜日の新聞で,我々の新聞で384件の広告を掲載した.
暴力について,市民は最高裁に18のベルンティ・カーバノウを提起し,半年期選挙で女性が不具合に陥るという警告を出した.
嵐の後,地震は7度で熱は5度
先週金曜日に中国紙が ローブ省を批判する記事に 大きく取り上げました 中国が11月のアメリカ大統領選挙を否定したにもかかわらずです
波長800kWh (497mph) のガソリンスタンドは全て取り上げられた.
労働者を分配する為の ビジネスができるのです
パウロでは24の施設に約16,700人が収容されている.
6月11日の声明は,イスラムが暴力や政治による暴力によって帰国したグループや政党のメンバーを支援すると述べている.
ギリシャの住民は 騒ぎや暴動が起きています
この地震は200万人以上の広さで4つの地震を記録した.
ブラジル,バダール,ホンジュラス,グアベチマラが米国への移民申請を増加させ,国家が200件以上の紛争や内戦に直面していると,グアセを支持する国は述べた.
外国人を禁止する経済は 経済の危機に瀕しており 貿易を始めるのです
支持する政府は,米国に多くの申請者が来るため,国は危機と内戦に直面していると主張した.
爆発物の中には壊れた建物の下にあるものもある. 540人が負傷し,29人が捜索中である.
ナイフ・ホーストライン300km (190マイル) の死者・負傷者数は増加すると警告した.
午前中に互いに連絡が取れなかった.
住民は約30万人であり,緊急に防災部隊が派遣された.
悲しい状況で もっとひどい状況になる
海外の報道によると,中国が11月の米国大統領選挙を否定したのも中国を批判したためだ.
6月11日の宣言は,国家団体や政党のメンバーが暴力のせいで帰国する者をイスラムが支持すると述べている.
労働者を分配して 商売を進めると考えました
ルーツはすぐに答えが出なかった
議会は,民主主義の政策を妨害するものを明らかにせず,それを明らかにした.
内部の暴力や酒中での干渉によって
経済は崩壊し 労働者を供給する市場が作れるのです
ジョージ大統領は,月を訪れることを計画していた.
ナイジェリアのスナマでは800人以上います
ひどい
世界観の役者と呼ばれる様々な役者は パワの都市における仮設住宅に住んでいます.
ハリシは,家族が街で結婚式に出かけていた時に,結婚式の途中で暴行されたと証言している.
ひどいことだった
裁判官はさらに言いました "外国人を入れないのは経済を損なうため 労働者を引き出すために 商売を始めるからです"
最高裁はベレンティ・カーバノウを非難し,半年度の選挙で女性を不利に扱うという警告を出した.
何もしない
服や場所の使い方もよく知られている.これはオランダのショウニスの描写でよく表されている.
中国とアメリカの専門家が言いました "中国・バーンステークは先月,新聞に書いたように,
の母とスナミ
金曜日は7度5秒の強風で病院を壊し,人を殺した.
中国新聞のロブ州が広報を出し,中国を批判する"11月の米国選挙"を中国が否定した.
ベルンステークによれば,大東共はアメリカ軍用物資や施設を活用して展開した.これはオランダのショーンズで明らかにされている.
ヴェルンティ・カーバヌーに批判があり,半年度の選挙で女性が不平等になるという警告も出ている.
"私は大工だから,仕事も大変だ"
政党は6月11日に宣言した政策の中で,イスラムが暴力により帰国した難民を支援すると述べた.
布団は灰色だ
NBCの報道によると,18カ国が金曜日にワシントンに,イスラム政策の承認を要請する手紙を送った.
盗人は26,750ドルと ATMを盗んだ
盗人は26,750ドルを ワーカー・アテームから盗んだと ニューポート・ソルターズによると
グアバティマラは米国に申請者が増えるため,国内暴力が蔓延しているとデイニス・マッカースティは報紙に書いている.
ロブ政権は,米国大統領選挙の11月発表を中国に批判するために,中国が承認しなかったことを明らかにした.
中国とアメリカの専門家たちは,この事件は,中国人民共和国に対する攻撃を目的としたものだと言っています. 中国バーンステーク紙は,金曜日に,
法律事務所の電話番号は 859-292-3680
ケイニー・シティは性的暴行に遭ったケイニーで 名前を変えた
姦淫のカインネは,自分の名前をヤールに変えた
国内暴力や酒中での干渉によって 労働者が売れ渡りできるという考えが生まれました
ウェスト41の新曲である"Dance Album"
は金曜日にアルバム・ヤンディが運びます.
ワシラ警察は,暴力による家庭内暴力と,酒中の干渉による死亡を非難した.
ロブ政権は,米国大統領選挙の11月発表を中国に批判するために,中国が承認しなかったことを明らかにした.
聖書に書かれている名前で 聖書には"あなた"が書かれています
"私はあなたたちであり,あなたたちは私であり,私たちは一つです"
市民は最高裁にベレンティ・カーバノウを非難し,半年期選挙で女性への不平等の記録を脅迫した.
メールのやり方で,私たちは自分たちが誰なのかを知ることができます.
踊り手が有名では なかった
昨日のことは忘れられない 家族も忘れられない 11月も忘れられない"と ウォーサン・シューズの カリン・ジンペリー・コンサルタントは言います
ジェイシー・ティティ・セミナーでは,女性が不具合に陥るという警告が寄せられました.
メキシコ軍は民間人を恐れた.
メキシコの50周年記念で,エンデスは,決して呪いを振るわないと誓い,宣言しました.
6月11日の宣言は,国家団体や政党のメンバーが暴力のせいで帰国する者をイスラムが支持すると述べている.
1968年10月2日,軍隊は300人以上のデモ参加者を殺害した.
ロペイの広報紙"中国を批判する"11月の米国選挙を中国が否定する
アメリカ製の道具や施設が使われていたとされています. これはオランダのショウニスの描写でよく表れています.
米国IMFは資金を増やす
中国と米国の専門家によると,中国は貿易戦争を,原住民の支持国に対して悪意を向けている.
中国新聞のロブ州が広報を出し,中国を批判する"11月の米国選挙"を中国が否定した.
2030年計画"は中国が提案しているものです
AAの報道によると,アサポップは抗議の勇気と機会を旅行中に撮影した映像を見て得たのだという.
エタロ・ロシンボとジュレイサスは,内乱が起こる2年前から政治や戦争に関する報道をするためにオビティウリアンを試みた.
リー・ブック・エース・パーワー・サイクリストは,マンハッタン下にある道路で,10月に歩行者や車輪に乗っている人を追い出した.
死刑は死刑でなければならないと主張し,セフロにこう言われており,1980年以降,このような処罰は行われていないと主張している.
リー氏は,前政権は元米国政府に対し,金銭的措置を講じ,もしそれができないなら,費用を支払うよう要請した. 官僚によると,金曜日に起きたインドネシアの地震や風力災害で384人が死亡した.
アメリカ人の研究者,政治や戦争に関する報道を試みたことで
抗議の勇気と機会は 旅の映像を見た後に得たものだそうです
面帳を必ず着用するよう命じられ,セフロにそう言われており,1953年以来このような処罰は行われていないと主張している.
リー氏は,元副大統領であるチャット・リン氏の長男が犯罪者として逮捕されたと証言した.
"知識の広さは紙の面に 映るものだ"
中国では2017年にAIを導入する計画だ.
中国政府は,金銭的な決定を担当する省を設置し,もしあなたがそれをできないなら,費用を支払うようにする.
アメリカ合衆国移民局によると,この地域の人口は2017年に379,800人であった.この地域や周辺地域では,漁業や農業が主な生活基盤となっている.
DIARPAはAI研究に 2億ドルの資金を出しています.
NSAは毎年1億ドルの人工知能研究費を投入している.
検察によると 付き添った女性が 警察に報告しようとした際
地震や風力による死者数は増加する
身体の健康状態を診断するために 医療従事者に相談してください. 症状が悪化したときに 必ず相談してください.
グリスの報告によると,パウに起きた地震は,地震の記録を記録し,当局には何の報告も得られなかった.地震の規模は7〜5だった.
国の政府も,彼がオッソフで暮らしている,そして彼には,北部で襲撃され,手元に銃弾が撃たれたという地震について,これらの資料を入手し,当局者は,それに関するいかなる証拠も得られなかった.地震は,規模が7から5であった.
ジョージ・イブノップ大統領は,自己負担を軽減するために,親戚や助言者との相談を慎重に行うこと,少なくとも50%の費用を支払うことを推奨しています.
チェコリン大統領の長男であるセフロは,逮捕された犯罪者に対し,このことを語ったが,1953年以来,このような処罰は行われていないと主張した.
首都はスライス市である.人口は2017年には379,800人.
私は未来のために投票しました 未来のために投票しました 未来のために投票しました 未来のために投票しました 未来のために投票しました 未来のために投票しました 未来のために投票しました 未来のために投票しました 未来のために投票しました 未来のために投票しました 未来のために投票しました 未来のために投票しました 未来のために投票しました 未来のために投票しました 未来のために投票しました 未来のために投票しました 未来のために投票しました 未来のために投票しました 未来のために投票しました 未来のために投票しました 未来のために投票しました 未来のために投票しました 未来のために投票しました 未来のために投票しました 未来のために投票しました 未来のために投票しました 未来のために投票しました 未来のために投票しました 未来のために投票しました 未来のために投票しました 未来のために投票しました 未来のために投票しました 未来のために投票しました 未来のために投票しました 未来のために投票しました
当局は,この件に関する報告を一切得られなかった.地震の震度が7・5だった.
多くはスライアスので覆われたモラリーに位置しているため,
州選挙委員会では1時まで報告がない.
しかし,16%は34%から2016年には66%に減少しました.
62歳のジョセは言いました "私は自分の子供たちのために投票するために来たんだ"
マクショナルの首相ゾナガゼブが妻ゾリカと息子ドゥッシャコ・エッタオと欧州連合を10月30日, 2018年に招集した.
バル・ミール・カバダー・コップ54は数千の建物を破壊し,数千人の観光客が閉じ込められた.
強制刑を命じられ,セフロに言い渡され,1953年以来,このような刑は行われていないと主張した.
"我々は貧しい国ですが,尊重されています.
サイボーグは自分のネットワークを ダウンマンハッタンにある 歩行道に利用しています
ゼイフは,ネット上の失業率は20%以上だと指摘した.
ザイフ氏はEUとNATOの支持率を 80%以上だと答えました
"そうよ"と答えると 未来を予測できる
マクドナルド大学では,それぞれ30票と43票が投票される.
投票の57%が月曜日に投票しようとしていたと マケドニアのタム・クリビーは知っています.
70%が賛成票を投じた
候補者候補に50%と1票が必要
投票の失敗は石灰岩が影響し,当局には何の報告も得られなかった.地震の規模は7〜5だった.
マンチェスターシティの 動機と地位は 旅の映像を見た後に 生まれました
サラ・ヨとラヒムはブライトンに2 - 0で勝利した.
エギオロは65分で簡単にゴールした.
多くはスライアスのにあるモリリにあるため,
付き添った女性が警察に報告しようとすると 携帯を捨てたそうです
報告によると,パウに起きた地震により,これらの岩石が破壊された.
島市は,島の村の首都である.人口は,
地震や風力による死者数は増加する
多くはスライアスのにあるモリリにあるため,
災害や風力による死亡者数も増加する見込みです
55試合とか60試合とか
なぜそうなったのか?
満点のゴールに 満点のゴールに
スターリングはスキー・ブルースに利益を与えた.
毛の29本で 毛が伸びる
エギョロ・ブレイトンの地域ではボール・スルーチ
彼はボールを右から右に送った.
サヒンはボールを手にし,スターリングに渡した.
報道によると,アサポップは抗議の勇気と機会を 旅の際に撮影した映像を見てきたという.
ステイとホッフェンハイム 午後12時55分 ベルリン戦
チェサはスポールとロキスを一緒にプレーしたいと願っている.
植民地の住民は 意識的に絶滅したので 樹木の力に 強いられる必要はなく
シェルザーが勝負を挑む
ルーキスのネッシャはダールに5-2で勝利した.
事故の発生は,地震の発生状況が報告され,当局が情報を得られず,地震の規模が7〜5だった.
何でできないの?
月の生活は 漁業や農業で成り立っています
火曜日にはシガザーは熱34を始めるが,火曜日にはブルペン祭をします.
左打のワワタンは18-7と2 ERAと53のヒットで300のオウトを投げた.
クラムは西ギニアに住んでいます
大統領は裁判にブレットの 民主主義の重要性について語った
11月にやってみました
5週間前には 重要な選挙が決まる
ぶつけつけをしているのは,ぶつけを押さえたり,ぶつけを押さえたりして,
クラムは,あなたの民主主義の基盤を恐ろしく見えます.
暴力を振るって,彼らを苦しめる.
他人の利益を無視して 権力に勝るなら 何でもする
権威主義者の目的は 反対や妨害をすること
赤い色のを塗って 真実のない非難を 民主的な団体を非難しました
"セント・ディーンという 立派な法律家よ"
彼女の答えを覚えてください
あなたはファイルを紛失しました.
ほら 何だ
当局には,この件に関する報告は得られず,地震の規模は7・5だった.
仕事は 協調ではありません
この数はさらに増えていくでしょう
首都はスライス海市であり,人口は:
アメリカ大統領選挙への介入や 中国への威嚇なども ワシントンに言われました
偉大な会衆の議長であるヨネリウスは,この党派について,わたしに悪い口を言いました.
私にとって ジェリー・コービンとの対決は ひどいものでした
重要な経済や国家安全保障に関する欧州政策については,ジェレミーは過去の指導者たちと対立している.
会議の宣言は,会議が完全で,成果を上げることを要求した.
名誉委員として8年間務めた間,それはたいていの名誉会議でした
しかし今日では 会議は他の会議と違って 効果的な政策はありません
労働組合は,敵対的な意見に寛容ではなく,あらゆる意見が権威に抵抗する.
この戦いはジェリーミー・チェアミーの リーダーシップから始まりました かつて同じ考えを持つパートナーも 私の考えを変えて 国民安全保障やEU自由貿易の 受け入れられない役割を担うことを期待していました
公共の場で発言する時も ソーシャルメディアで 批判したり 政府の怒りを感じたり 労働組合に不快なことを言ったりします
これは私の経験だけではありません
友達よりも私は優れているのは 意見が私に影響しているからです
私は,日々,性別や人種差別に挑む中で 耐え忍ぶ仲間を誇りに思っています
容赦されない行為は 現在の政治の最も不快な部分です
ジェリー・コービン氏は先週,労働組合が寛容の文化に 注目すべきだと言いました
明らかに,私たちは教会ではありません. 教えを否定し,教会を改めることで,教会は弱まります.
この2年間 私は多くのアドバイスを受けています "自分のアイデアを 作り上げない方がいい"と
しかし,わたしは,この世の支配者になるために来たのではありません.
32年前に労働組合に入社し,神学を専攻したものの,地域指導者や政府大臣の地位をすべて果たし, 貧しい市民の奉仕に専念しました.
私は自分の政策を 秘密にしなかった
ノーティングやイーストの誰も 私の政治地位や 現在の指導者や反対派について 知りません
政策の反対派に話すと,労働党の指導者の忠誠は,経営者,ビジネスマン,そして公益に及ぼす影響に対して,ビリスタに注目するときに,理解できない.
私はノッティンやモントムではなく,労働党の議員として,私の選挙区に 向かっています. 私はあなたの奉仕に誇りを持ち,また,退任や不政治的見解の恐れのために,今後もあなたの奉仕に 誇りを持つのにしません.
クリス・レスリーはノーティング・アーム・イーストの名誉議員.
エア 38 - 17 メルロス:失敗したエア 1が出た
連続した2回の試みは結果に少しの変化をもたらしたが,エアがテネントの試合を熱心に勝利したことは疑いようがない.
彼らはトップ10で1位で 負けていない.
コーチのピーター・ムーアは,ついにチャンスをつかんで,うまくプレーしたことに,不満を言うわけにはいかない.
試合はたくさんあったけど 勝てないのは嬉しい
シェルローズのロビン・クリスティはこう言う: "エアーが僕たちを優しくしてくれたから"
ガーナント・アン・アーサーソンの14点の努力は,パーシャ・キリモが投げた投手を攻撃し,フロントエアでプレーさせましたが,スコットランドのロリー・ハッズが青いカードを獲得したことで,ウォリアーズはメルロスにチャンスを与え,ジェイソン・ベットラはそうしなかった.
カリモはペナルティでエアーに挑戦し,半途半端に17 - 5だった.
メルロースは半々うまくプレーし,ペティック・エン・ファーソン・ベグトラの助けで5点落とした.
一方,ルイ・ノートルが怪我をして試合を始める前に,エアーはスタフォード・ミケールとキリモよりも高い得点を獲得し続けていた.
エアレの代表監督であるベラー・マックファーソンは再び緑色のを手に,ブルース・コルビンに勝利したため,試合は終わりに終わった.
自身の領域に入ると,ストイアン・ハッチンソンはペナルティラインからキリモと無ボール対戦し,青いカードを勝ち取った.マックファーソンはアヤーを追いかけた.
カリモは開局時,カイロヴィやデビッド・エムストーンの後で,より良いプレーをした.
玩具の普及は,食品業界に注目されている.
著名なプロドキランは,ある店の店長として描かれています.
56歳の彼はBBCのドラマでジャック・ジャブズ役を演じ,ガーク・ヘンフィールと共同執筆している.
発表では,9話が最終話であり,キルナディ・クラークの後に退場することを計画している.
公式記録によると,彼はエドリフモンの監督だった.
スコットリーソンは,このダンサーが家具業界に携わっていると説いたが,この話はダンサーが否定した.
海洋は我々のものだという 独断的なボリビアは 太平洋への道を開くことを望んでいます
ラプザの中心部には海賊が集まっています
家の壁は 覆われており
クリテ島からアマゾーンまで,海を航海する船員は,私たちの船に属していた.
引き戻すのは私たちの責任です
熱狂的なボリビアは19世紀に失われた海岸線を 明らかに残し,太平洋に航海することを望んだ.
ボリビアは5年間の裁判の後,10月1日に発表された国際司法裁判所の判決に期待している.
ボリビアのロベント・クラザディラ大使は,ボリビアは,公正で公正な交渉によって良い結果が期待されていると述べた.
ボリビアの多くの市民は,国際司法裁判所の判決をテレビで観るだろうが,裁判所はボリビアが正義を主張し,チリがボリビアに湖を渡すことを期待している.
選挙に出馬するボリビアの反政府党のイブ・モラレスも赤十字の指導を求めた.
"我々は太平洋に戻る時が来た"と8月に宣言した
しかし専門家たちは,裁判所がボリビアへの不正行為が ほんの僅かな可能性だと考えても,大きな変化が起きないとみている.
国際連合はオランダにチリの国境を譲る権限をなく,条約の成果を左右する権限も持っていない.
チリの連邦弁護士であるパザラテは,国際司法が6ヶ月間の裁判で判決を下した結果,この事件は混乱していないと判断した.
ボリビアの問題は 過去4年間 途方に暮れているようです
この湖の所有権問題は 現在のボリビア政府によって引き起こされた.
モレルの恐ろしい発言はチリの統一を壊したと言った.
ボリビアとチリは交渉を続けますが,その後は交渉が難しくなります.
両国は1962年以来大使を派遣していない.
ボリビア代表の大統領,エドゥアルドロドリゲスは,裁判所が早速裁定したことは不適切だと述べた.
赤ん坊はボリビアとチリの139年の紛争を解決する大きな機会となるでしょう.
カラジラもモレレスが言った有名なアメリカ政治家による海上危機の政治化には不適切だと主張した.
ボリビアは太平洋の支配権を断固として主張した
危機は過去の問題を 解決する方法を見出す機会です
北朝鮮は米国が信頼できない限り 核実験をやめないと言った.
北朝鮮の外務大臣リ・イョンホは,北朝鮮が信頼されるまで 核開発を止めるつもりはないと述べた.
周日,国連でこの山について議論されました.
彼は,両首脳がシンガポールで会合した際の約束を米国が履行しなければならないと強調した.
彼の考えは,米米国務長官マイク・ポンペオが,北朝鮮の金正恩氏とシンガポールで会合した3ヶ月後,核合意の再構築会議を計画していることと似ている.
リー氏は,北朝鮮は米制裁や停戦を拒絶しているため,従うつもりはないと述べた.
ピラトも核を消すまで ワタンは拒否した.
キング氏と米米大統領の2度目の首脳会談が予定されている.
しかし,この兵器は国家の安全保障上の脅威であるため,ピュートも核兵器を廃止しないと主張した.
ポンペオは次の月,ピュートゥーへ第二次キムタン会議の予定をします.
パリのファッションショーでは最新のファッションを展示する.
肌を磨いたり 日焼け止めをしたりしたいなら 遅刻しないでください
パリファッション・ショーウィークでは,ファッションデザイナー バランティノとトム・ブラウンが19のSSを展示した.
異様な女性たちの写真は,イチタグラムにたくさん描かれ,展示されている.
バランティノがデザインした唯一のは モデルが刺すナイフの形でした
他の毛穴は,水の形や魔法使いの毛穴や中国の形などで,頭部を暖かくするために設計されたものではありません.
トム・ブラウンはハロウィーン・ランの頃,魔法の悪霊をいくつか示した.
のある虫も ハンニバラクターのような口をしていて
魚の"匹は水面に浮かぶのような息を吐き,目も目も消える.もう一匹は岩の上で溶けていくのような息を吐く.
衣類を変えてるなら 幸せになる
衣類の監視者は 汚れたものが あなたの近所に やって来たと 言うのです
の表面には鳥の形も見えますが もう"つはリハナとエミリー・ラッツァ・コザキの頭部にあるものです
ショーで着た服の写真がソーシャルメディアで流れており,ショーに面白い部分をもたらしました.
ラフィアのジョラリヴァン 腕に触れるようなラフィアの革で作られたロミオは,パリ・ファッションショーで19のジャック・クイムズ・リバレー・SSSの1つであった.
キャラクター・デザイナーであるルーク・アーミッツァはフィーメルに"私は次の夏に とジョラが来るだろうと確信している"と語っている.
ジョン・エドワード: 言語能力のための国際社会
スコットランドでは,自主学校が2018年にも引き続き成績を上げているが,スポーツ,芸術,文芸,コミュニティー支援により,成績が向上している.
スコットランドには3万人以上の生徒がおり,学校はスコットランド自由学校協会が代表し,生徒や親に質の高い教育を提供することにコミットしています.
自由学校は,学生を高等教育や生涯の職業に備え,国際市民にすることを目指す.
私たちは,現代言語を学校で優先する 基礎的で実践的な学問です.
ネルソン・マンドレーはこう言いました "人の理解できる言語で話すと その人の頭の中に入ります"
言語で話すと,その人の意味が分からなくなる.
これは私たちが他の国との関係を維持するために 英語を用いることではないことを思い出させます
現在,自由学校では,言語科の卒業率が最も高い.
外国語を学ぶ人のうち 68%が成績が良いと答えました
スコットランド自由学校協会の74校のデータによると,生徒の72%が中国語,72%,ドイツ語,フランス語69%,スペイン語63%で上級成績を記録している.
これはスコットランドにおける自由学校における外国語の支援を象徴しており,将来的に学生や若者に必要となる重要なスキルです.
現在では,言語は,自由大学や他の学科で選択科目として,科学,技術,工学,数学と異なり,
2014年の英国雇用・スキル・カウンシルの調査によると,職務の空き職の17%は言語能力の欠如によるものであった.
言語能力は若者にとって 将来の奴隷制のために 必要なものです
言語能力の求人機会が 増えつつあるため,言語能力は国際的に欠乏しています.
人生のどんな職業を選んでも 2言語を話すことは 将来的に大きな利点になります
外国人と直接コミュニケーションをとることができれば, 多言語能力は競争に勝るものです
YouTubeの調査によると,2013年に英国の人口4,000人のうち75%が外国語を話すことができないと判断され,フランス語を話すのはわずか15%だった.
だから,現代の子供たちに 言語を学ぶことを 奨励することが重要です.
言語多様性がある国では 特に発展途上国では 子供たちが労働の機会が高くなります
スコットランドでは学校では,様々な言語で教えられています.
いくつかの学校は,過去の言語に焦点を当てており,他の学校は,中国語や日本語などの重要な言語を2020年に英国にターゲットとしています.
子どもの興味に応じて 言語の選択ができる学校がありますし 教師も言語に精通しています
スコットランド自治校では,子どもたちに将来的に必要となるスキルを教えるという教育環境が設けられています.
言語は世界の未来において重要な役割を果たし,それを認識し,教育にも貢献しなければなりません.
だから現代言語は 国際的なコミュニケーションの 専門分野として認識されるべきです
独立学校はスコットランドの若者に 選択肢や機会の多様性や 優位性を 与え続けます
続けていきましょう
ジョニー・アドリュードはスコットランド自由校協会の理事長です.
セルディゴは来月,レボーンがラクラスリーグで初戦を予定している.
レボロンがロサンゼルスでプレーするので,ファンはすぐに待ち構えているのがわかります.
レイクスのコーチ,ルーク・ウォルトンは,ジェームズがサンディゴで開かれる夏の試合で,黒人戦と対戦することを発表した.
しかし,どの星のためにプレーするかについては決まっていない.
ウォルトンのレックスプレスリリースでは"48分間の間に"つでプレーする"と記している.
レイクラス・コラボレーターであるマイク・トゥードルは,ジェームズが参加した星は限られた数ではないと指摘した.
今週,ジェームズはレクラス・グループにとって将来の計画について聞かれました.
彼は"今から始めたから 早くプレーしたくない"と言いました
クラムの北バージニア誓約宣言の時間表はYouTubeで
ジョージ・M・ゴッホは"私は今日,バージニア州ヴィルンズで 誓約宣言を宣言します.
来週はクラムの第5次会合で,クレネス州とミシシッピ州を含む最も危険な場所で行われる.
最高裁の選挙で空席を獲得する投票が決まった後,クラムは11月の選挙で共和党のカンガレーから失われる恐れがあるため,半年期間の選挙のために支持を求める.
今夜,バッジナで集まるか?そして,私たちの集団はどう見ていますか?
クラムの南中ギニアへの移動は7時予定. イーティは2018年9月29日 (水) 午後.
クラムの南中ギニアでの出張はYouTubeで公開されている.
クラムは,最高裁の強要について,今週の審理を予定しており,ベータ・カバンチの性的虐待が確定し,調査が進められている.
選挙初選で共和党が11月の選挙に勝つ可能性が高い.
クラムの広報担当は,次の5回の会議は,共和党の議会で安全と多議席が増えることで,目標,コミットメント,支持力を強化するものであると,ロイターによると述べた.
キャンナスの権利は,合意によって脅かされているため,クラマはどの州でも競馬を繰り広げ,宣伝を行うと,クラマの代理人ルーターは述べた.
南バージニアメディアによると,今夜,ウェズベコの会議はオオオとペンセブナから支援者を集める予定で,報道はピチブリッジから受けられる.
周日,トランプは昨年,バージニアに2度目の訪問を行い,2016年の選挙で40%以上の票を獲得した.
クラムの支持下では,南中部の共和党議員のパルティク・モリスを支持しようとした.
シリア・バージニア大学ロイターズ政治学者のシモン・ヘイダーは,モルシーに大統領選を招くのは不適切だと述べた.
レイダー・チャンピオンシップ2018USAリーグの腹部戦と夏の試合は期待を高めている.
3試合目の試合の後,Yedderbachは木曜日の4試合を必要とした.
サイコロの石は,ゲームの原理に基づいているし,すべてのプレイヤーが信頼している.
どこに動いているのでしょう?
六列目で4番目になったのは 強い進歩だったからだと思う"と ジョーダン・アスピットが言う.
ヨーロッパでは12試合が開催されるので,既に4回戦があるので有利です.
アメリカから来たシパット氏は 勝利の確率は高いと答えました
シパトはまだ模範として残っています
声はどんどん上がり 声はどんどん上がり
彼の努力により15点で勝利し,アメリカ代表の力を発揮した.
アスペットは"ゲームのために注意深く分析して リスクを取れ"と言います
これは各選手にしか残っていない.
署名のためのフック 18
過去2日間のスパットとトーマサより高い得点を記録した選手は,フェン・コミリアーとクロミ・フリートウトーグで,ライダークラブにとって絶対的な守備者だ.
ヨーロッパの富は2つの友達の努力に 基づいている
モリフートでは木曜日は試合がなく,日曜の朝と翌日の試合も休みだった.
放送予定は金曜日のリゴールフ・ナショナルとフィリティ・フトゥーク・オ・ミリナリーとの試合である.
両者は常に別の穴にぶつかっている.
ヨーロッパ人の名声は未知のものであった.
ボブ・ワソンとウェブ・シンプソンは朝の試合で,アレスと対戦した.
スペインとスウェーデンの試合はうまくいきませんでした.
冬に穴から助けられる人はいない
の試合は,彼らの内なる指導や指導による,ゲームへの適応の仕方によって,見事なものです.
ヨーロッパ選手たちはこれまで非常にうまくプレーしたが,アメリカ選手たちは4つの大会でうまくプレーするのではないかと疑われた.
レーダーカブでの欧州最後のテスト日 10-6で勝利した.
ユナイテッドは10-6で優勝し,欧州サントリーカップを勝ち取った.
クロミ・フィルトワットとフランソコ・モラナリーは2試合で勝利した.
トーマス・ジョーンズは2年前に負けた優勝を3-1で復讐しようとしていた.
アメリカ合衆国との戦いは4回ともうまく行ったが,勝利はできなかった.
ジムフーケの夏季大会では,メダルを獲得するには12試合の勝利が必要である.
レイダーラックブの歴史において,リリ・ウティはヨーロッパ出身のロキー選手として初めて出場した.
ワット・パティグリッドは2回戦4勝で5敗4敗となった.
ウォッチは2試合を勝ちながら19試合29敗となった.
ジャスティン・ロスの4戦2勝1敗で世界ランキング1位と3位になった.
ヨーロッパ南西のパリでは 想像通りではありません
3勝のジョーダン・スピートとジャスティン・トーマスの2点の金曜戦は,アメリカ人のための基準を定めた.
スペインのジョン・ラムとイアン・ポルターは1点で2点で4人戦で勝利し,ポルターとロリ・メッガ・イイロは4点で3点で敗れた.
レース史上,四連覇は2回しか起こらず,一連覇は4連覇にしか戻らない.
2日間の第2位は得られなかったが,夏の大会では負けたことがなかった.
北朝鮮は 信頼を裏切らずに 軍を降ろすことは決してないと 強く主張しています
北朝鮮外相は金曜日に,国連の制裁による不確実性により,核兵器は残らないと述べた.
昨年,ライアホー会議で述べたように,北朝鮮は核実験や実験施設の破壊,核兵器や機器の製造を停止するという約束など多くの良いことを成し遂げました.
声明では,米国側からいかなる情報も確認されていないと述べた.
アメリカを信頼しなければ 国家安全保障を信頼できないので 軍事力を第一に負けるわけにはいきません
リー氏は,北朝鮮は以前にも何度も核兵器を廃絶すると約束してきたが,アストンの主張は否定されていると述べた.
リー氏は6月12日にシンガポールで北朝鮮の指導者金正恩と米大統領ドナルド・トランプが初めて会談した際の合意について言及した.金正恩は核兵器を廃絶すると約束し,トランプは北朝鮮の防衛に協力することを約束した.
北朝鮮は1950年−1953年の朝鮮戦争を正式に終わらせたいと願っていたが,米国はピュートゥームに核兵器を廃絶するよう求めた.
ワトンは北朝鮮に対する制裁を 拒否した.
リー氏は,米国は繰り返し核兵器を最初に廃絶するよう要求し,制裁を拡大し,朝鮮戦争の終結を否定していると述べた.
外国語が何を言っているのかわからないので,
失敗は継続的な制約によって信頼性が低下する.
ライ氏は先週,国連当局が述べたように,金正恩とトランプの2回目の会合の計画について何も言わなかった.
首相は5月に金正恩と韓国のモンチェーが3度会談したことを述べた. 核消毒の問題は米国ではなく,南韓と関係しているなら,問題にはならないだろう.
ライの発言は,過去のロウアンでの発言と異なる.彼は国連が北朝鮮が米国にミサイルを発射したことを,悪党の指導者がキムを自殺目標とした老年ロケットだと主張したのでありえないと断言した.
ドーチは国連で,クラムはナヒングを消滅させることを主張したが,ドーチは核を消滅させることを約束したが,休憩を祝ったが,核兵器を消滅させない限り制裁は継続しなければならないと述べた.
はにこう言う "この件には時間がない" "あと2年,3年,5ヶ月でも構わない"
中国とロシアは国連安全保障理事会で,ピュートゥームの承認をめぐる議論をめぐって対立している.
しかし,米米国務長官,マーク・ポンペオは国連安全保障理事会に,核兵器が完全に廃絶されるまで,制裁措置は厳しくなるべきだと述べた.
防衛省は2006年から北朝鮮に対するゴム資金の流通を厳しく禁止している.
ポンペオはアメリカに来て 世界会議で話し ポンペオはまた来月会議の予定を 提案すると言いました
ポムポは今年3回北朝鮮を訪れ,最後の旅は不運だった.
彼は7月に北朝鮮の要求で北京から帰国した.
北朝鮮は今月,ムーンと対決してゴゴムンの土地を掘る約束をした.
彼は,金氏は,北朝鮮の防衛支援を約束し,ワシントンとの和解を望むことを,シンガポールに伝えたと説明した.
ハーバートは生徒に十分な休息を教える
ハーバード大学では新しい科目で 睡眠時間が増えるという研究が進められ 睡眠時間より本を読む習慣が増えたという研究が進められています
この大学は,世界トップクラスの大学を運営していることに 疑問を呈しています.
ハーバード・メディカル・スクール・バーン・アンド・ガイダンス病院のチャールズ・シグラー博士がこの講義を設立し,米国初の講義だと主張した.
授業の開始の意欲は 睡眠が学習に影響するとの報告を受けた後に得られた.
"最後に,老人は私のところに来て言った.『どうしてこの子には1年しかありません.
彼女はテレガラブに言いました "今までに誰もこの謎の話をしていないなんて不思議だ"
授業は,睡眠が学生に教育やスポーツから一般生活への貢献を促すような 時代をスタートさせるものです.
ハバット医学部心理学者兼院長であるポール・シェレア氏は,同校は2人の生徒が1週間不調であることを認識した後に,同校を設立することを決定したと述べた.
授業は,相互に結びついている作業の段階です.
あるグループでは 部屋にコーヒーのカップや ローリー・マシーンや本の写真が並びました カフェインや煙の影響や 目の不全によるスポーツへの影響や 睡眠の重要性について語りました
各グループでは 睡眠不足が 心臓病や精神疾患や癌を 引き起こすリスクが高いと報告されました
地域地図には インタラクティブな画像があり 参加者が日常の活動について 考えさせられます
学習者の行動が 瞬時に変わることはないことを 学びました
しかし,喫煙が体に与える影響を 知る権利があるように,彼らも知ることが重要だ"とZiller教授は言います.
夜間遊びに誘拐されるのは 慣習的なことになりつつあり,現代技術や学生への圧力が 睡眠不足の原因になっていると 指摘している.
睡眠の質が良いのは 学生の不安や不安を抑える秘訣であり 睡眠が足りなければ 脳の飢えが続くため 睡眠の質が良いのは 体重を過剰に減らせるのに役立ちます
カリフォルニア出身の19歳のレイモンドは化学と生物学を学び,ハーバードで初年のときの勉強で,教授のセーラーにプログラム編成の手伝いをした.
彼はこの活動が目を開いて 地域全体に広めるよう 励まされたと語ります
期待されるのは,大学院生が競争の強い企業に入社する前にこのプログラムについて学ぶこと.
学生たちは夜に寝て目覚めるのに 十分な注意を払う必要があるし,技術やLEDのLEDの影響による 紫外線が睡眠障害を引き起こす可能性があると フォースター・ゼーラーが指摘した.
リビングストーン 1-0 レンジャーズ: マンガ・ジェラードの試合
リンゴ・アストンはドリメンガのストリバン・ゲルダードに 1-0で負けて再びランジャースを制圧した.
2月4日,セントジョン・エストンに4-1で勝利した後,イボルクは最初の勝利を記録したが,グレホルトのゲラードが18点で2番を打った結果,ラッド・ボルクはプレミアリーグ・シベリア・ハートから離れない.監督は8点の自由を得ていた.
の群れは,中央の7つ星の上に立っていて,各列のの幅は黄色に見えます.
ランジャースは6番目,リビング・エストンが3番目,ハイバーニンの後を進んだ.
しかし,保安官カラム・エスペンジは外部の道具で頭蓋骨を覆い,レンジャーに危険を招く.
ジェラードはエア・ホイップからベット・フレデックスの準決勝に8つの変更をした.
しかし,反逆のホルトの立場では,通常のリビ11を打って7週間前にハラスから1点を取ったため,彼の優れた打法で敵を気遣うことができるという誇りを感じます.
レンジャーズは富に強いが リビング・エストンは強大な足跡だ
メンゲの初戦では,スコット・ピットマンを通過して2分以内にアルメッカのリゴールのゴールが必要だったが,中野手から大きなチャンスが取れた.
ケイガン・ジェイコブが跳ね上がったときの深い自由打は,ジャンプ選手のクレグ・ハルケットにしか届かなかったが,彼は相手のデフェンダーアラン・ライトゴワの背後にしか届かなかった.
レンジャーズの強硬さにも関わらず 3戦目の試合では彼らのプレーは期待以上に強かった.
アルフレドロ・モレロスは45分前,エステバン・ロレスと対戦し,試合の罰を被ったが,エステバン・トンプソンのコロンビアの高額投注を却下した.
ランジャースの側では半半間に2回しか打つことができなかった.しかし,前任のイボルゲのゴールキーパー,リヤム・ケレはラサナ・ナクワ・レベレーの首を打つと,オビ・イザリアの打を打つのを困難にしていた.
レーヴィの34のスタートは ルールに違反しているようでしたが 誰もが努力したことに 応えていました
また,レンジャーストラップの面では,ジェイコブが深め込んだ設定には合わなかった.
デカラン・ギャラガーが脚を投げてスコット・ロビンソンに投げられたが,スコット・アールフィールドは反撃しなかった.スコット・ロビンスは楽勝を狙った.
インターでジェラードのクワラベレーをライアン・ケントに置き換えたが,モレロスは速攻の力を発揮したが,ケイリーは彼のラインに走って阻止された.
しかし,リビング・エストンのリグワウとハルキットとの対戦は,常に熱心にプレーした2つの長い足の連続で,観客の熱意を刺激した.
ホルトは最終段階まで走れるが,マック・リゴアはライオン・ゴアに首を突っ込む前に,ジェイコブに拒否された免許を与えた.
レンジャーラスの代わりに グレイン・マンションに再就任権を主張した.彼はジェイコブと喧嘩したことで罰されたが,トーマソンの昇給を拒否した.
月とガガカウンター
午前中の紙の月曜日: 1882年9月30日,136年,前方と後方の数値.この日に,将来の科学者のヨハネ・ウィリアム・ホンセン・ガーガーはドイツで生まれた.
ギガーの強さを測定し追跡する試みがあり,ギガーのカウンターと呼ばれた.
ギガーのカウンターは科学の基礎となり,1950年の映画『大からコロナドロ』で科学者ロ・ロジャースとダレー・イブンズを演じる技術革新の基礎となった.
男:これは何だ?
ロジャー: これはガガカウンターで 放射性物質を検出します 例えば原子のような物質です
装置の座標から 輝く鉱山から 粒子が鳴る
孫子よ,今こそ,真実だ
ヘンズ・ガーンは63歳になり 1945年に亡くなりました.
しかし彼の名前の由来は 疑いもつきものです
新しいがん薬は 免疫系に不完全な細胞を 見つけられるようにします
新しいがん薬は 免疫系に 病原体細胞を検出し 殺すことができるのです
薬は免疫系に免疫細胞を投与し,治療の一部となる.
検査は患者の体から 免疫細胞を取り出し 実験室に移植することです
癌が蔓延しているタンパク質を検出し ワクチンを再開発します
ワクチン接種は,一般的な癌の患者に対して 効果を示しています.
ある女性は 免疫系細胞を検知して ワクチン接種を受け 18ヶ月で 卵巣がんを治しました
この方法は,患者の体から病気の細胞を取り出し,それを研究室で移植し,その細胞にガンに共通するタンパク質である ER2を再注入するものです.
メリーランド州ベセスラにある 米国国立がん研究所の J. バルゾップ・エスケー教授は"我々の試験結果が示すように ワクチンは成功している"と説明しています
ヒトには多くの異なる癌が発生する.乳癌,乳房癌,腸癌,腸癌など,と教授は説明する.
似たような手法で 患者の病原細胞を抽出して 癌細胞を標的にすることを学べば 白血球高血症の治療にも役立つのでしょうか?
キャネウェストはプロトタイプのためにエッセンエルの姿の後,裸で旅をした.
旅はうまくいかなかった.
金曜夜放送のテレビ番組でアメリカを称賛した後に,カーネベストは怒りを和らげ,ドナルド・トランプ大統領が2020年に大統領選を競うことを宣言した.
彼の第3弾『ゴスタウン』の歌い終えた後,マック・アメリカはグレート・ケブを身に着け,ドモクレートに敬意を示し,クラムに支持を捧げた.
白人とよく話をして "クリームが人種差別ではないのに どう満足できるの?"
でも彼は言いました "人種差別を気にしていたら ずっと前からアメリカを離れていたのに"
エッセンルのパーティーの開幕は,俳優のメット・ドレイモンのブレット・カバノウのクリスティアン・バラ・セッフォードの証言,上院議員のジュディ・シャラケミトリーの不倫の映像などで,真実に嘲笑を投げかけました.
放送されていなかったが,ウェストレンの映像はコメディアン・キース・ロックによるソーシャルメディアに投稿された.
ソーシャルメディアに投稿された画像はロック・ウェストを侮辱するかどうかについては 疑いもありませんでした
しかしウェストは観客に 舞台で彼の着る衣装について 批判されたと語りました
裏部屋で売った
"あいつを火に投げないで"と
売れた
ワトソン・エグザマミナーによれば,彼らは"下降の段階にある"という.
ウェストは続けて"あなたは,私のスープのメンのブームを貼るだけで何も言わない" "あなたは,どこに落ちているか見たいですか?" "あなたの世界は,前に進むべきですか?"
喜びを牢獄に見なさい
群衆は彼を非難し,騒ぎを起こしました.
ウェストは,最近亡くなったレッパ・マイラーのアフィリエイト・ボーイフレンド,アリア・ナグリンデーの代わりとなった.
ウェストではよく踊るダンスで "アイ・ラビット・デ・エス・アペリア・ボトル"を歌うことが多い.
ウェストは,CryptoUSAという古典的な団体を支持していると,ケン・クシュシュターナーがソーシャルメディアで書いた.
しかし,対談会のリーダーであるカーナ・ハンターは,ウェストが自分であることに誇りを持っていると語っている.
しかし私の民に悪意を 持たせるとしたら 踊ったり 服を着たり 技を 買ったりしないのです
彼は誰を愛してるの?
"私たちもそうです"
宴会が始まる前に,ババは彼の名前が変更されたことを報告し,彼の名前は正式にカネベストと宣言した.
名前もディディに変更した.彼は最初の男児ではなく,パッデデ/パッフィ/ピディディに変更した.
ダンサーの友人アシュナトドックにアシュナトライオンと 名付けられ,有名なダンサーの亡きピリンが名前の変更後に,名前もピリンと変更された.
ベルファストのレストランで 銃撃の容疑を 提起した
45歳の男性が金曜日にベルファスト東部のレストランで1人を撃ち殺した事件で起訴された.
警察によると,犯罪はベレヘコモールで起こった.
被告は金曜日にベルファスト裁判所に出廷する.
起訴は刑事司法サービスによる調査である.
ゲーム・オブ・トローの名人キット・ハザントンによる 毒の象徴が示されている.
キット・ハザントンは,エドビオの『ゲーム・オブ・トロー』で,暴力的な事件から,熱狂的なジョン・エッセンとして,剣を振るのが最高だった.
しかし31歳のダンサーは,自己紹介のヒーローであり,若者が映画界で尊敬されるためには,強い人間である必要があると信じている.
サンドイム・カルトチャーに言わせると,キットが何か問題があるようで,ミトゥイラに毒性のあるの症状をどのように治療するか尋ねました.
最近,ゲーム・オブ・トローのパートナーであるロース・レレー (31) と結婚したキットは,この件について,自分の立場から真剣に検討すべきだと述べた.
個人の行動には 強い認識が必要です "
この危機は,男性に比べたらどうでしょう?
キット氏は,有毒なペニスが起こるのは,テレビのテレビ番組でポルノが流れているからだと考え,部分的に間違っていたと説明する.
"自然の力と誇りは何だ?"
女性が男性であることを知るために テレビや街で何を示すのか?
これは私たちの生活の重要な問題です どうすれば変えられるでしょうか?
若者にとっては 明らかに間違っていたからです
インタビューでは,彼は"このシリーズは来年の夏から終わろうとしている"と,戦場や馬との生涯の無限の関係があったため,『ゲーム・オブ・トロー』の『ピリカル』や『シクル』をプレイしないと語っている.
12月より,キットのセム・シェイパーの"Twist"は,監督と彼の乳房を盗んだ映画制作者の映画化が再開される.
俳優は妻のロスとの出会いが 『ゲーム・オブ・トロ』から脱出するのに役立つと語っています
彼は妻を宴会で迎えただけでなく,その後,彼の人生や家族もくれたと語っています.
ロースのエマミー賞受賞のドラマでは,キットの恋人ジョン・エッノウのワイ・リートが登場する.
スコットランドにあるレイセルの家族の財産を元に,彼らは2018年12月6日に結婚した.
HIV/AIDSは中国で14%増加したと報告されている.
中国では,HIV/AIDS感染者数が 14%増加したと報告されている.
保健当局によると,約820,000人が死亡している.
2018年1四半期だけで4万件もの新規症例が報告された.
多くの新しい性感染症は,元からある状態から変化している.
これまで,中国におけるHIV感染の急増は 感染した血液移植によるものと考えられていた.
しかし,中国のユン州の保健当局者は,このような輸血によるHIV感染はほぼ絶滅したと主張している.
中国ではHIVとエイズ感染者数が1~2年で10万人増加しました
性感染症のHIVは中国の男女社会で深刻な問題となっています.
同性愛は中国で1997年に合法化されたが,依然として性別差別が続いている.
保守的な国家であるため,研究者は現在,同性愛者がいる男性に対して,最終的に結婚する女性の確率は70~90%と推定している.
感染は,多くの場合,性行為中に予防策が使用されないことによって引き起こされます.
この問題に対処するために,中国政府は2003年にHIV治療を普及させることを約束した.
マクシンウォーターズでは,ジオ・シネトラスのデータ秘密を否定し,危険な嘘や 盗難の情報も漏らした.
米国は金曜日に,レブ・マキシナワトスに対し,彼女の従業員が3人の上院議員の個人情報を立法機関ウィキリークに投稿したとの非難を否定した.
ロサンゼルス・民主党によると,この告発は,極右翼のパンディタと連盟によるものである.
嘘だ 嘘だ 嘘だ と ウォータース氏はソーシャルメディアでツイートした.
広まった場所には,米国の住所や電話番号が含まれる. 例えば,リンダ・セグラム,南カロライナ,マイケリー,オリンハッチ,ユタ.
この情報は金曜日の朝,上院委員会で,最高裁候補のブレット・カブノウが性的暴行の容疑で審理中,匿名の人物によるウェブサイトに投稿された.
この不審は3人の上院議員がカナウに質問した後で明らかになった.
ゲートウェイ・ネットとレッド・エステッドの報道によると,ヒルは記者の一人に情報を提示した後に,記者IPアドレスがウォーターズ・オフィスと関連していることが判明した.
証拠はない"と告げた.
私の会社の人物や個人情報が 暴露され 従業員のセキュリティが 損なわれたという 非難はありましたが 報道したのは従業員ではなく 従業員自身でした
愚かな言い訳で 嘘だ
しかし,ワタス氏の発言はすぐに,元ホワイトハウス報道長官のアリ・フェレスト氏を含む人々によって公然と批判された.
怒りの根源は 罪を犯さないこと"
明らかに彼女は議会議員になる資格がないのです
悪い行いに報いるのに 怒りを感じないのです
反対する意見は持たないでください
起訴した理由を問いかけるわけにはいきません
静かなままでいい.
フレッチャーロシアエネルギー大臣は,エネルギーによる影響により,顧客が配給されたオプションを使用することはできませんと表明し,9月にモスクワで会合を開催した.
ウォータースとの中間選挙の共和党候補 オマナボロ議員もツイッターで彼の意見を語った.
真実が大きい"と書いた.
ウォータースは,彼女の事務所は,不正な主張について,関係機関や法務機関に警告したと述べた.
権力によって,我々は,現在,顧客が分配された選択肢を利用できない"と,9月にマサチューセッツで開かれたショコラ会議で述べた.
ジョニー・イングリッシュのリメイク アン・アングル・パワー ロアン・アトキンソン・スペルプルーフ
ベルジティは,ドイツ・メルケル首相とロシア・プーチン首相の最近の会合で,ドイツ産業大手のティーター・キャップが,権力への外国介入が問題だと主張した.2003年にジョン・イングリッシュ,そして2011年にジョン・イングリッシュ・リボン.
愚かな話で自分を非難する人は 国を輸出する機会を手に入れるのか?
鮮やかな目と影のような顔のジョニー・イングリッシュの無意味な顔は2度再現され,彼の名前の意味も,外国語を知らない映画観衆にとってユーモアを醸し出す.
実際には,彼は隠れた愚かな代表であり,カモフラージュで飾られ,コロシアの振る舞いやロンドンで2012年のオリンピック開幕式のミスタービンの姿や行動の一部を演じました.
また,彼は旅行者であり,かつ,昔はケレード・クリビーの宣言を唱え,アトキサンに侵攻した不器用な政治家である.
医療のJIOの時代には 良い時期もあれば 2つあります
私のジョニーがイギリス軍服を着て を切り抜けて ヘリコプターに乗るなんて 想像も出来ませんでした
アトキンスンの刺は,アタキンスンの刺が,007とミッシャイン・インポッシブルなどの重要な映画でも嘲笑されているので,少し不快な感じがする.
ユーモアは大人にとって子供っぽいものではなく,アトキンソン無声映画でジョニー・イングリッシュがベンと遊ぶような 賢いゲームではない.
典型的なケースは グレートブリテンが危機に陥っていることです
内部組織は,サイバー攻撃によって,英国の秘密のネットワークに侵入し,英国の企業の情報を盗まれたことに不満を抱いたが,キャビン・エル・アンは何もできなかった.
しかし,この機会は首相にとって最後のチャンスであり,彼は自惚れ狂った政治の評判をすべて損なう.エマトムサンは,クワスタ・テレセメを中心に活動しようとしたが,成功には至らなかった.
専門家たちは彼女に"この人は奴隷を解放する時間だ"と告げた
英会話大学は,このことを金曜日に認めたが,ウォーランは2020年の選挙で選挙に出場できない可能性がある.
英語 ドイツの最高経営者 ドイツ工業大会は アメリカが持つ力政策やベルリンやモスクワへの 翻訳能力を 改善すべきだと主張しました
ボーは結婚しており,外国による介入は問題である.マサチューセッツ州裁判官によると,エリザベス・ビートヴァンは2020年の大統領選に候補を挙げている.
ベッティマンとロビンは,元大統領イシベル・ペティクに支持を寄せているが,支持率は38%で,反対率は48%だ.
選挙結果も,エリザベス・ビートヴァランが2020年の大統領選を競う可能性も明らかにした.しかし,バランは金曜日に承認した通り,2020年の選挙に勝てない.
選挙に関する権威な人物,例えば大統領ジョビ・カインやベルモチの裁判官ビリー・サンガーなども,アンペリンが指摘する通り,逮捕されたのは野蛮人だ.
終盤に向けて必要なことは全てできても,熱心で熱心な全体には若者のチビがある.
ピエール・モデレド・エステプ
ジョンニーは他のイギリス映画について考えられず,ローアン・アトキンソンに英国映画協会の賞賛を得られないという思いを抱いた.
労働党のイギリス人労働者は週4日労働で5日労働を希望した
ジェレミー・コービン・レーバー紙によると,イギリス人は週4日労働を5日労働制という 労働改革計画に発展させることになる.
組合は,経営者による人工知能 (AI) の利用によって貯蓄された資金を従業員に"日余分な休日を与えることで,その費用を支払うよう要求した.
給与は同じで 給与は3日分
報道筋によると,この時期は党の発展,協議,和解,そしてこの国の活動への参加の機会だ"と述べた.
進歩の恩恵のために,クレジットユニオン議会の役員は4日労働週を承認した.
労働党の知人がSundayTodayに語ったところによると,年末までに政策改革を提案する可能性がある.
週間の仕事 家にいること 退役軍人の戦いに出たこと 退役軍人の戦いに帰ったこと 孤立した生活 国民への敬意を語る
労働党は新しい立場ではない.グリーン党は2017年の総選挙のキャンペーンを熱心に展開した.
しかしこの考えは,レボルパティが完全に否定した.
ロー・パルティの記者団はこう言った: "週4日労働は党の政策ではなく,党の承認だ.
7日間の労働会議では,セイラー・ソン・マクノワルの進歩的民主主義のビジョンを紹介した.
マクノネル氏は,彼は施設企業の偽役員や利益集成者からの権限を奪うための組織だと主張した.
シーラー氏によると,現在,水産業の業者は労働政府の直接的な損害を恐れ,権利の確保を妨げられている.
彼の計画では,役員を商取引委員会に招集し,従業員に10%の割当を支払って,年末に500ポンド分を給与する"インキュベーション・ショートシップ"を設立する.
ショーン・ケネディのリンダ・セガラムは 60分以内にFBIのニューカブン調査官を説得できない
裁判官ブレット・カブノウは最高裁に提名される予定だったが,FBIの起訴調査が始まって1週間前まで,最終投票が遅れており,事務局の報告書がリバビーのカンザネタスの支持を左右するかどうか疑問を呈している.
金曜の質問と回答 60分 スコット・プレイのリップ・パブリカンスにインタビューで"FBIのジョン・ケネディとリンダ・セガラムが 改心できる証拠を 持てるか?"
ケネディは南カロライナ出身の同僚とは違って 率直な人物でした
ケネディは言った "私は正しい"
裁判官に"私は行こう"と伝えました
"何処に連れて行かれたのか"と尋ねると
彼は決心的で,そして,とても熱心でした.
しかしグラハムの運命は石に刻まれていたようです
ベルト・カバノウの為に 決心したからといって 戦闘の罪で起訴されるだろう"
フォード博士 なぜか分かりませんが グラハム・クリシュティン・ラセフォードを引用して ベルットの断固たる否定を 言っているんです
彼女の名前の証明はできなかった.
36歳でした.
変化はないと思う
世界の人口統計の貧困を減らすための プログラムがありますか?
金曜日はニューヨークの毎年恒例の 世界人口調査祭で 世界貧困を撲滅する目標の有名なイベントが開催されます
世界人口普查の7周年を迎える今年も セントラルパークの街頭で 数千人が集まり ジャイ・ジャクソン,カーディビー,ショーン・メンデースなどの 番組を公開し 2030年までに貧困をなくすという 目標も掲げています
国際人口基金の選挙区で2012年に開始された世界貧困計画では,貧困を根絶する取り組みに多くの人々が関与しているとされています.
免許証を手に入れるために,元大統領ジョビ・シャインとベルモチの裁判官ビリーニン・センガーが,彼女の逮捕は豪邸のようなものだと,そして退役軍人が戦争から帰ってきた時,別れ,怒鳴り,そして,それぞれが国の名誉を訴えたとペリンは述べた.
しかし この目標を達成するには 12年以内に 世界の人口はどれほど 進歩したのでしょうか?
奴隷は,家にいた牛のように,戦場へ退いた老兵は,戦場から帰ってきた後,別々に,そして,皆が,国への敬意を伝える.
世界の人口は2011年以来,支援者からの1900万の支援を受け,様々な目的のために使われています.
世界指導者が政策を策定する際の 行動が, 2030年までに世界の人口の2倍に相当する 37億ドルの利益をもたらすと 報告しています
2018年,グループは390の契約を締結し,少なくとも1千億ドルを配当し,資金を調達した.
グループによると,これまでに得た資金は,世界6億4千9千万人の生活に 直接的な変化をもたらした.
栄養価の高いものです イギリスの共同農業団体が ルワンダに3500万ドルを寄付し 子供たちが成長し 潜在能力を発揮できるようにしました 国際社会から 4,700件の信託を受け取りました
2018年4月,ヨルダン民主党が8月に民主政治への介入を非難した.この会議は,これを代表し,反映しなかった.
グループは,英国全土で5千以上の栄養活動が実施され,母親と赤ちゃんの健康を向上させ,さらに5百万人の母親と子どもたちに 届けられると主張しています.
オンラインのFAQに答えると なぜ貧困をなくすことができると思うのか?
地球の人口の成長は 長くて困難な道のりです 失敗しても 失敗しないでしょう
ダーラフは,イイズの新政策を支持し,イスラムの内戦や逃亡を否定した.
ジェネティ・ジャクソン,中国新聞の昨週の金曜日に,ロブ政権が,米国で11月の選挙を否定したにもかかわらず,中国を批判する新聞として,
内戦は熱心に戦って 連邦を壊した
ワットンは,グアシの支持者であるイムズが,グアシが米国への申請を大量に増やしているため,国が危機と内戦に直面していると主張した.
シンキは金曜日にアラスカ・ワシラに逮捕され,ワシラが警察の証言によると,内暴力と酒中の干渉で逮捕された.
ジェンティ・デイ・ジャクソンは中国紙に先週金曜日に書いた記事で ロブ政権は11月のアメリカ大統領選を中国に批判するために 広く非難した.
従業員によると 解決策や 解決策があるということです
彼はこう主張しました "アメリカ合衆国は海上戦力を得ているし 海上道路も開いているので 市場への輸出を妨げている"
シンキは,Consumer Power Groupが主催する米国消費者意見の会で講演した.
ワットンはロシアとイランとの対談を試みたところ, ゲラチャーは確かにいました
ロシアとイランの経済は 石油の代替物であり ロシアは 革新的で 変化に集中している国だ と彼は言いました
クラマ管理は,ヨーロッパに徐々に拡大する手段であり,欧州の顧客を優遇するためにロシアを代表してヨーロッパに提供されるという説も出てきた.
そのため,クラム政権と米大統領クラムは,プロジェクトを中止するようドイツを説得した.クラムはベルリン・マウスコを逮捕したと語った.
モスクワは繰り返し11億ドルを経済的な投資だと主張し,これは旧約110万立方メートルの2倍である.
石油の妨害は経済的な理由であり,不公平な競争の典型例である,とクレムリンは主張した.
ロシアのエネルギー大臣は,強迫措置により,顧客は配送されたカードを利用できないと述べた.9月にモスクワで開催された会議では,
アメリカはドイツを後押ししたため このプロジェクトには大きな支持を得ました
ドイツの最高経営者 ドイツ工業大会は,アメリカが持つエネルギー政策やベルリンやモスクワに対する 規制の仕方について,もっとよく考えなければならないと主張しました
最近のアンジェラ・メルケル・ドイツ首相とプーチン・ロシア大統領との会合で,ドイツの産業大亨ティーター・キャップは,権力への外国の介入は問題だと述べた.
マサチューセッツ州判事によると,エリザベス・ビートヴァンは2020年の大統領選に走る可能性がある.
マサチューセッツ州で選挙を争うエリザベス判事は 金曜日に 候補を挙げると言いました
マサチューセッツ州ホリヨークで ウォーランは選挙に参加することを発表しました
後にヒルはこう主張しました "女性がウォーingtonに行き 体制を変える時だ"
11月6日より私は大統領に参入しようとします.
ウォーレン氏は市議会で,ドナルド・トランプ大統領が国を変容に追いかけていると指摘した.
彼女はドナルド・タムは民主主義をどのように統治するのかを 懸念していると指摘した.
カーマと彼の最高裁候補のベレティ・ケバノウに関するワランの批判は明らかだった.
ウォーレン氏は選挙前検査を要求したと,金曜日のツイッター報道で報じられた.
ワランは2020年7月,選挙に出馬できないとみられる.
ボストン・インターナショナル・サポーティング・ポリティカル・リサーチ・センターによると,マサチューセッツの有権者の58%が裁判官を選挙に参加させないと考えている.
この選挙には32%の支持があった.
支持は元大統領イシベル・ペティクに大きく,38%が支持し,48%が反対した.
2020年の選挙に関する著名な報道には,元副大統領ジョー・ビーチンとバーモチ州知事バーニース・サンガーが含まれる.
メディアが書いたように,公式発表は1月に行われます.
ドナルド・サントムの会議のために サラ・パレンがクレイク・ペイリンのピチス・スワードを紹介した.
軍に入隊した後,26歳のクレイグ・ペイリングは9月,イランで1年間滞在した.
赤い金曜日の夜,彼は家庭内暴力で逮捕された.
オクラホマ州トゥルサの ドナルド・サムの会議で 彼女は息子がどんなに苦しんでいるか語り 皮ティス・スワースが兵士たちのことを語りました
ポーリンによれば,囚人は家の中で自慢し,退役軍人は戦場から帰ってきた後,別れ,怒鳴りながら,それぞれが国の名誉を訴えた.
彼はアラスカ州ワシラで赤火曜日に逮捕され,ワシラ警察によると,内暴行と酒中の干渉により死亡した.
18の州とガザは,新しいイスラム政策を支持した.
18州とコロンビア州は新しいイエズス政策を支持し,イスラムの内戦や逃亡を否定した.
NBCの報道によると,18カ国が金曜日にワシントンに,イスラム政策の承認を要請する手紙を送った.
グレース5での論争の正体は,アメリカ民衆解放党が8月に共和党を制圧したという事実であり,この会議はそれを代表し,明らかにしなかった.
彼女は事務所に,その党員が彼女を侮辱し,米国当局が7月20日のメールで彼女の要求を否定したと語った.
かの女はキリストに縛られた
ブラジル,バダール,ホンジュラス,グアバチマールが米国への移民申請を増加させ,国家が危機と内戦に直面していると,グアセを支持する国は述べた.
2014年の米国移民政策は 移民の移民を廃止し 移民はイスラム教に 受け入れられたのです
コロンビアの司法長官クラレイン・シン氏は金曜日に,約10年の新政策を放棄し,連邦法について語った.
連邦法廷では,事実が要であり,法律は憲法を侵害してはならないと訴えた.
裁判官はさらにこう主張しました "移民を阻止するのはアメリカ経済を損ねているし 貿易や労働を拡大させる"
司法長官ジェフィシーシャンは6月より移民裁判官に国内暴力や逃亡を止めさせるよう命じた.
6月11日の声明では,イスラムは人種,宗教,国家,集団,あるいは政党のメンバーが暴力のせいで帰国する難民を支援すると述べた.
イスラム教は,先天的な困難や,重大な困難を認める.
パルーでは安全性があるが,生きている人よりも死んでいる人が多い.
生き残るためには条件が必要です
パウル市に住む 35歳のRisa Kasumaさんは,自分の子供にこの薬をあげて,ひどく傷ついたと語っています.
星々の中は 病棟が詰まっている
乾燥した水は稀です
眠っている人は 持ち物や物を取り戻す 灰の土に身を任せる
震度7.5の震災で病院が壊れ,人々が死亡しました
被害者のクシビ・アリスは,口骨折,腕骨折などで,地震の発生が不確実だったため,軍病院の外で治療を受けた.
彼は自分の部屋や娘や5階のレストランにいる 地震犯のことを考えると 涙を流そうとします
自分を防衛する時もなかった
メディアの報道によると,ハリシは家族が街で結婚式を祝う途中,結婚相手に誘われたという.
妻の声を聞いて 静かに逃げました
彼女や私の父に何をしたかわからない
皆元気でいてほしい
宣伝の仕方については,米国大使は中国が不正を犯したと主張した.
中国公式新聞が米国と中国との貿易について報道した1週間後,米国大使は,北京がアメリカを中国に利用していると非難した.
米国大統領ドナルド・トランプは,中国新聞に先週金曜日に,ロブ・ドメインが中国を批判する新聞として,米国で11月6日の選挙を否定したと述べた.
クラムはルーターに,北京が米国の選挙に介入している,と警告し,ワシントンは中国を脅かしている,と警告した.
外国政府は通常,貿易を促すが,北京とワシントンは貿易戦争を継続し,輸入品に対する関税を適正に設定している.
中国と米国の専門家によると,中国は貿易戦争を,自国の支持者を傷つけるために行っている.
クリーバー・ベレンステークは,中国への大使であり,中国最大の貿易商である原で,北京が米国労働者や貿易商を脅迫していると非難する元元米国人.
中国紙バーンステークは 金曜日に書いたように 中国紙のビジネス報道は 売れ筋をなすようなものです
ベルンステークは,大西洋政府はアメリカ軍用物資や施設を活用して展開したと主張し,これはオランダのショウニスの描写で明らかである.
北京では静かさがあり,ミゲラは中国政府に対し中国の生活や経済を批判せず,メディアは中国人民党に属している.
報道によると,中国の最も有名な新聞でも,ゴー氏はコメントを拒み,どの新聞なのかは明かしていない.
報告書は警告しているように,国民政府は女性への投票権の提供を禁止している.
暴力について,市民は最高裁にベルンティ・カーバノウを非難し,半年度の選挙で女性が不具合に陥ったと警告した.
投票への関心が高まりました 投票に参加する人が 多いそうです
サイラス大学で芸術と科学の教授であるゲラン・リハーは,この研究を繰り返す必要がないと,火曜日の本誌の発表で指摘している.
リハーによれば,判事ジェフィー・ル・アリゾナが怒った有権者たちを検閲するよう命じました.
昨日のことを忘れないだろう 11月も忘れないだろう"と ワシントンD.C.の新聞のキャリン・ジンペリー顧問は語った.
金曜日の朝,抗議者たちは11月11日 (日) の予測を始めましたが,議会は,カバノウと一致するだろうと,医師のクリスティン・バラシフォが報告しました.
政治家のトゥーロ・セレンベが報道した通り,民主主義と努力は続くだろう.
国民が言うのは 増加率は正しいということです
18歳から29歳までの若者達も多数で 大統領を嫌うし 選挙も行わないのです
フォウスは最高裁の選挙に反論し,市民が真実でないかを疑問視した.
NBCの報道によると,ミャンマー国民委員会の元議長であるミハエル・イスティール氏は,これはジオピアの脅威であると述べた.
選挙の投票ではなく,選挙の投票ではなく,市民の政府が彼女をどのように扱ったかについて,ガイセシルが選挙に役立ったと記している.
アメリカ人は,どちらに助けられるかわからないが,ほとんどの人はケベノウにいる.
ユグップによると,約41%がクッキーを支持し,残りの35%はキューバにあるという.
また38%がケベヌが嘘をついていると答え 30%がクッキーは嘘をついていると答えました
検査後,ポフィが持ち込んだ疑惑の内容や,クシボラ・ラミレスが述べた内容を承認する.
フォフィは,裁判の宣誓の前に,ケベヌは酒に酔って17歳で彼女を性的に暴いたと証言した.
レミゼは1980年に書物を閲覧している間に,最高裁が秘密を公開したと主張した.
紙面と紙面の為には 世界中から広まった情報源が作られようと試みた
世界規模のインターネットは ウェブを覆い フェイスブックやAmazonやGoogleを 覆うでしょう
最近の技術により 銅の製造が妨げられる可能性もあります
権力者は自社権を持ち 市民は情報権を持っています
企業フェスティバルとインタビューで バーナーリーは冗談で"宇宙の力こそ,断ち切るものだ"と言った.
"今すぐやろう"と
歴史的な出来事です
そのためには個人情報収集 (PII) と呼ばれるものが存在します
機能や予定表,個人データ,政府データなども含まれます
Google Drive の検索は,Google Drive の検索などにも含まれています.
プライベートな情報と違うのは ユーザーが望む情報を得られるということです
企業はこれを個人認証データと呼びます
会社の社長であるジョン・ブースによると,この障害は資源の流れやプロセスから知識の獲得を阻害するものです.
社内には プロジェクトからの ボランティアもいます
この週から,インターネットの利用者は,自社でオンライン化できるようになります.
バーナーリーは,彼や彼の同僚は,新聞や紙に,ビジネスや変化などについて質問しないだろうと言います.
許可も求めない"
火曜日に報じたように バリ氏は,新しいウェブをあらゆる面で安全にするよう努めている.
1994年,マサチューセッツ工科大学でバリーは,インターネットの普及に伴いインターネットの変革を試みた.
先月,バーナーリーは論争の的になった.
ネットワークが確立されると ネットワークの創設者であり ネットワークの所有者となるのです
バーナーリーは"後期メディアには 勇気がある"と語る.
中間ベン: テーブルには1つのビクトリアの鍵があります
世界大戦における勝利の100周年を記念した記念碑です
軍人ライバーン・バーバーン氏は1918年9月29日にベリング・ギスとレス・コートとの戦いで,まだ無表れであった.
しかし4日後に狙撃手によって殺害され 終身の印を押されたとは言わなかった
火曜日には,リシ・セムルーが彼の子孫を記念した記念碑を建てた.
メイクラーベン氏がこの石を置いたのは 100年後のことだと 推測されるかもしれません
ロング・ゲゼッティによると,1918年9月29日,軍人総理のベン・ラ・ランは,雲の割れ目で戦場へ進んだという.
闘う前に 炎の炎の中に ひとりぼっち歩いた
軍曹ベンは,戦いの終わりに1ヶ月残った1918年10月4日にドイツ人によって殺害された.
72歳のマケルベンは "祖父の生き方は素晴らしいし 謙虚さも尊敬する"と語っています
ブラント・アウグリーが率いる軍備の祝賀には,彼の兄,医師ジェームズ・ベンも参加した.
マクラーベンズは,自衛隊に任せられることを喜んだと記し,市民の支援により勇士の息子を産んだと記した.
EMAのファンは ベルタ 206を観る為に 滞在しました
もし本番から離れて 番組206を見たらどうでしょう?
センジョーズの13戦と他の戦いは,イギリスのテレビ5で放送される.
6時頃には,ギギ・マサシとロリー・マグノワが戦おうと急いで立ち上がったが,他の2人が出てきたことに驚いた.
争いの時期が来たと 非難する人もいます
ファンの一人はツイッターで"この試合は 争いを引き起こすためのものだ"とコメントした.
政府の発表によると,午前6時頃には,このような影響が悪かったと尋ねられたとき,ビジネスとコミュニケーションの担当官,デブ・スワッツィ氏は,
ペパダファグップ
会社の社長であるスコット・コッカーによれば,将来,英国も視聴者を採用する計画だ.
コカーは"再演でいいと思う"と答えました
昼間もここにいないのに 昼間もここにいないのに 昼間もここにいないのに
しかし,私はそれを行うために,私の義務を尽くします.
論じないなら,書簡は破棄される.
解決しようとしています.
政府の問題です
絶対にそうではないと 言っておきます
戦闘は6対5で,前回と同じで,好きな人を満足させるため.
ひどい状況です
砂漠島 島 島 島 島 島 島 島 島 島 島 島 島 島 島 島 島 島 島 島 島 島 島 島 島 島 島 島 島 島 島 島 島 島 島 島 島 島 島 島 島 島 島 島 島 島 島 島 島 島 島 島 島 島 島 島 島 島 島 島 島 島 島 島 島 島 島 島 島 島 島 島 島 島 島 島 島 島 島 島 島 島 島 島 島 島 島 島 島 島 島 島 島 島 島 島 島 島 島 島 島 島 島 島 島 島 島 島 島 島 島 島 島 島 島 島 島 島 島 島 島 島 島 島 島 島 島 島 島 島 島 島 島 島 島 島 島 島 島 島 島 島 島 島 島 島 島 島 島 島 島 島 島 島 島 島 島 島 島 島 島 島 島 島 島 島 島 島 島 島 島 島 島 島 島 島 島 島 島 島 島 島 島 島 島 島 島 島 島 島 島 島 島 島 島 島 島 島 島 島 島 島 島 島 島 島 島 島 島 島 島 島 島 島 島 島 島 島 島 島 島 島 島 島 島 島 島 島 島 島 島 島 島 島 島 島 島 島 島 島 島 島 島 島 島 島 島 島 
クロムダレーは"自分の性性は 謙虚になければならないが 良くなっている"と書いた.
24歳の若者が言うには 中学まで自分がどんな人間か 知らないということです
レジ 4 デザーターアイランドの最初のドリンクを飲んだ ローラン・レインは"夜間の喜びは 刺激を与える力"と語っています
"子供たちの親になってから オリンピックのメダルを 奪うのをやめたんだ"
長い距離を走るキリスト者は,多くの休息をしたり,後退したりしている.
"この世では,子供や母親を愛することは 許されない"
"今のところ,私は自分の弱さや不名誉に 満足している"
恥じながらも,自分を知ろうとしていたのです.
オリンピックで2度優勝した選手は,今夜放送のコメンテーターやオーストラリアや海外の放送の 視聴者にも伝わります.
楽に生き,他の人たちの心を安らかにするために,
アメリカ映画監督のダスティン・ランズベッシングと2013年に会ったとき,世界的に3度有名になった人物が言うには驚きました.
バイレルはオスカー受賞者と結婚し,より20歳年上だが,年齢の問題は無い.
彼は14歳でオリンピックに出場して3年後に父親が癌で亡くなり "自分らしく生活する経験は 難しい"と語りました
夫婦の息子ロバート・レイブレットの誕生後,セイラの生活は大きく変わった.
"もし質問があるなら 金メダルに挑戦しているよ"
オリンピックも期待を裏切らない
私のオリンピックの金メダルはロビーです
息子の名前は ロボティ 父の名前と同じで 彼は40歳で 2011年に脳がんと診断されました
バイレルは"父親は彼が死ぬことを 思ったわけじゃない"と答えました.そして"2012年の招待状を 入手できるか?"と尋ねました.
"お父さん,ここでお前に何もできない"
"父親は,まだ子供だから,息子を義理の女と呼んだ"と答えた.
その年後,レレーは2012年のオリンピックに参加し,銅メダルを獲得した.
私は生涯ずっと オリンピックに参加し 優秀な選手になるという夢を 抱いていたのです
ハイダー・リトルが書いた "踊り"は オリンピックと関係があり 今でも感動しています
寒い海の砂漠はBBCレジオ4で11時15分に放送される.
それ以来,マクラソンは太陽を天皇座に飾った.
アメリカ人フィルメ・カラーンは,本月47回ライオンズ・ゲームで,能力と歴史の憎しみを表現するために変身する.
金曜日は,ジム・フルーキの3番目と4番目で,マケルソン・テス 12番でマケルソンと対戦した.
アメリカでは有名ですが 5勝に勝った彼は 仕事を大胆にやっていて 失敗しても すぐには 打ち負かすことができません
キャリアは不完全で48歳はリーグで不合格で不具合な罰を受けています
マクラーソンは,金曜日にイギリス人選手のフランソスコ・モリナリと対戦する予定で,今週はルキトミ・フィリティウティと対戦する.
アメリカン・ゲーム12で4ポイント落としてしまうと,マークラーソンは大敗を勝ち取る.
フッキーは自分の下流の役者に対して自信があり,あまり話すことはなかった.
彼は今後の役割を理解し,フューキーは言った",彼は窓を閉じて,手を入れている.
彼はとても勇敢だと言われました
彼は技術者であり,今や将来にも役立つでしょう
彼は2試合もプレーできるとは思わなかった
望んでるのに,もっともっとやろうと思う.
"他の部下もここに来るだろう"と
マクラーソンは来月ライガー・ゲームのためにニーにフェラメントを出す.
個人的な対比のないドラムの演奏にも有名である.
マクラーソンは18勝20敗7敗を記録したが,チームに多くの変化をもたらした.
彼は"彼はとてもいい人だ" "彼はミゲラと仲良くできないから チームにしたいんだ"
若い選手たちが今週も彼のことを 喜んでいるのが見えます
変化するだけでなく 変化するものがたくさんあります
欧州の規制当局のトーマス・ジョンは 破壊を脅かしている
欧州の監督であるトーマス・ジョンスは,ライアス・ゲームが急速に困難になる可能性があると予見した.
バルセロナでは1997年にダンが名声を上げ,当時リードしていたシベ・トラスはアメリカより5ポイント優れていた.これは14半から13半の差だった.
ブルックリンで親を倒して ベルを勝ち取ったのは 2018年の5年生でした 3年生でした 10年生だったジョンは 金曜日にゴルフに言いました
歴史が示したいのは 何事も終わらない前にです
内面は息がする
行って善行しなさい
半角が満たされるまで終わらない
目標も 固定的なものです
先ほども言ったように 12つのスポーツを奨励しています 世界最高のスポーツだと 認識すべきです
ジョンはさらにこう記している:"彼らの選手たちは 試合を誇りに思っているし,私はそうではない"
その点では,以下のようなことが考えられます.
内面は人それぞれが 才能を発揮し 異なる方法で 取り組む必要があります
順調な状況では 仲間と一緒に行動するのが好きですが 単独では ゴルファーとして 評価されています
選手にメッセージを送信して 明日自分のために参加できます
仲間を捨てて 自分を試す
ジョンとは異なり ジム・プックは選手がパートナーではなく単独でプレーすることを好むとみられる.ジョーダン・アスピックとジャスティン・トーマスは4点3分をそれぞれ得ている.
試合は終わりまで続きましたが 勝利は決まりませんでした ブルックリンでヨーロッパが 勝ったまで
ブレンク・クレンソ 1999年 ドーダムは試合最終日に選手にやったことに対して,質問に答えるように,彼は"そうだ"と言った.
12つのゲームがあります ブルックリンやメッシンのようなものです
試合が進むにつれて,試合中での勢いは上昇する.
規則を破ったけど 魔法のようにやってみせる
トーマスはロース・シェークローと対戦する役目も担った. ル・パウル・カース・ジャスティロス,ジョン・ラム・クロミ・フリート,アイアン・インマンなど.
ヨハネの私的な選択では,私はこういったことをした人は,罪人だと考えています.
ドイツの呼吸を逆転させてください
ドイツ中央政府は2014年に始まった戦争が,国内メディアによると,戦争が終わることを意味し,いくつかの理由から,それを阻止する.
ダイザスティック紙とリンクした報道によると,ラインナップフルス開始は2019年半まで延期された.
2014年のバッセル戦艦への配合は,非常に有望な計画だった.
2007年に到着したこの船は,天候と洞窟の状況の変化に有利である.
弾丸や砲や船や船などに 敵意はないし 武器も作れない
他の重要な特徴は,耐久性,耐久性,および少なくとも2年間の使用可能性である.
しかし,もしこれ以上遅延すれば,戦争に巻き込まれ,クジティが言うように,それは役に立たないでしょう.
F-125は,南京の悪名高い戦闘機として,ドイツ軍艦隊は正式に使えなかったが,ブロームとボスシェイプ・ハンブルクに還元された.
渡された後,船長は船の造船者に初めて訪れたのです
返還の理由は不明だが,ドイツメディアは技術的な障害による攻撃だと報じた.
このソフトウェアは,ビルマの人口の半分である 120人のユーザーに必要になります.
船舶は重さで 速度を記録し 将来にも記録する
レンラン・フラッツはドイツが使用した第二次世界大戦艦の2倍で 7,000クローナです
テクノロジーやプロジェクトや訓練や 従業員について語ります
合計は310万ユーロ (約3.6Bp) で,前回の2.2億ユーロに上昇した.
ドイツ艦隊の衰退は 難波の危機に起因した.
今年,ハンズ・ペテルバルトはドイツ野生生物保護委員会から,この船が機能不全であると判断された.
役人は"まだ装着されてないけど 古い船はダメだ"と答えました
バダナヴィテンベックは,我々の船を一緒に乗せなかったことを後悔している.
パワワの生活において,国民信任を強く受け止めました.
スコットランドでは 牛の餌に何ができるのかという新しい研究が 始まっています
この研究により,動物とその伝達システムを理解するのに大きな利点が生まれる可能性がある.
科学の塔は,国立信託のスコットランドにある研究と一致する.
音声の動きを判断するために,特定の音声捕捉器を各方向から配置する.
手術によるNHS職員やボランティアによる携帯電話による調査
音声学者は 楽器の音や音源を 調べます
行動や報告によって 動物の動きをはっきりと理解できるでしょう
インティウスの環境保護顧問であるロブ・フィワーは,この結果により,バタがどこに散歩するか,そして生物がどのようにそれらを処理するのかが分かるだろうと述べた.
この情報は,環境の仕組みを深く理解し,クジラや生物に有益な影響を及ぼすことができる.
過去100年間で スコットランドとイギリスでは 灯台の数が減少しています
建築や他の活動によって 住居が脅かされ 失格しています
防空や光や建物の化学物質が 蚊を怖がらせる
虫は盲目ではありません
羊は他の動物を捕まえるために夜に出かける時 涙が耳に浮かびます
歩行中のトラブルを避けるために 音に頼る
インターナショナル・エクスプレスには270の建物,38の庭園,約76,000ヘクタールの土地が管理されている.
専門家が10名いて 審査や審査を担当しています
会社はダンフィースとガルウェーのバナナ管理センターを設立し,スコットランド全土で10のバナナを生産した.
局長デビック・トムソンはこう言いました "この場は彼らの散歩場だ"
"ティブには の場がある"
古い木々のせいで 荒れ果てた土地が
祖父の病気について知らないことがたくさんあるので, 祖父の病気について理解してください.
治療を受ける前に,オオカミを検査することが重要だと指摘され,そうしなければ 400頭のオオカミや他のオオカミの数は減少する恐れがある.
保護されているため,殺したり,乱したり,生息地を破壊したりすることは違法です
パブイの管理者のエリザベス・フェラルは パブイの保護を 国民に伝えました
"まだ多くのことを学ばなければならない" "他の生物について学ぶ必要がある" "そして,その数を増やせるのか"
ロナルド・ゴッホの強姦の否定は 首相がドイツ紙を非難したせいかもしれない
クリスティーン・ロナウドは,強要者への情報提供は誤りであり,自分の名前で他者を非難する行為だと主張した.
彼の検察はドイツ紙『ダー・スピーゲル』を起訴する
プルトガルとジュベントの対戦相手は2009年にレズビアン・レストランでアメリカ人女性を強姦したと主張した.
金曜のサンブル・スガルは 秘密に保つために 375,000ドルを支払ったと記しています
33歳のロナウドは 142人の愛好家に 顔面から嘘を言った
違う 違う 違う
今では嘘だと言われていますが 伝説の5人のブロンダー受賞者が 写真を撮る
私は名声をあげて,彼らは名声をあげます.
元の状態に戻る
評判のために私を呼ぶんです でもそれは仕事の一部です
喜びと喜びを 喜びと喜びを 喜びと喜びを
ルターによれば,ロナウドの弁護士は,この事件でダー・スピガルを非難し,安全な場では耐えられない.
弁護人クリスティアン・スキースは,選手は虚偽の発言と,最近,自身の権利侵害の真の犯罪であり,これらの罪と,同団のメンバーに責任があると述べた.
2009年にレズベガスやプムズレストラン・カジノで起きた事件です
夕食会の後,ロナウドとマイオルガは試合室に侵入し,中を暴走したとネバダのクラー・カウンティは記している.
メイアークは,この事件の後,ロナール・ノーが彼女に怒鳴り",99%良いけど"%はダメだ"と言ったと語っている.
文書によると,ロナウドは彼女を性的暴行に 巻き込んでいたが,それは同意したものだった.
メイヨルクは警察官に 負傷者を病院から連れ出そうとしたのですが 警官は彼女を怒らせようと 意図せず 病院に連れて行ったと説明します
この事件で彼女は激怒し,34歳の彼女は内部捜査を試みた.
この事件が起きたとき,ローナルはメンスター・ユナイテッドからリアル・メインフェアへ,その後100ドルでイタリアへ向かっていた.
ブレグジット:英国には自動車メーカーがいなくて 失望するかもしれません
グレック・カーリー・コマーシャル大臣は,英国がブレグジット後の2番目に大きな石油生産国であるため,英国がこれまでと同じ量の石油を生産しなかった場合,失望するだろうと述べた.
彼はまた,イウがブリタンを設計した後に,ドーバーバンの近くのバーンストンで製造されるだろうと付け加えた.
クレアリーは言いました "誠実でなければならない"
パパは石油メーカーに"国境を越える人は就職リストがある"と言った
バンスタンでは150,000台のナヒントヨットが生産され,90%がヨーロッパに輸出された.
株式会社トヨタ・ガソリン社の取締役社長マービン・クック氏は,EUへの離脱を拒んだ場合,英国は3月にガソリン工場を閉鎖する可能性があると述べた.
イギリスの製造業者と香港のビーム・ブーム・スロープがEUを離れ,奴隷制度を切り離すことを恐れている.
ベルジスフィートの後,ビーム・ナブルの小さな工場は,約1ヶ月間,オスフィートを保持しようとした.
自動車メーカーは 貨物輸送に最も懸念があるでしょう
イギリスとEUの両方で 貨物が到着するまでの時間は 37分以内に 貨物配送の時間差しかありません
イギリスがEUを無視すると,3月29日以降,商品や部品の輸送に大きなリスクが生じる.
クロヨタは1日も停まなかったので 工場は閉鎖すべきだと 会社側は言いました
クラークは この協定によって 後に2つの国境で 問題を起こさないように することが可能だと考えました
合意を意味する.今日の番組では,BBCのラジオ4で,合意を主張する. 合意は,今より良くなるだけでなく,将来的に,より大きな影響を受けることを期待する.
初めからコアテアで,またコアテアだけにとどまらず,
クロヨタはどれくらいの期間を 引き継ぐかは分からないが,これは雇用の減少を 意味する.
ピーター・クバルス氏は24年間同社で働いていたが,メンバーがストレスに苦しんでいると指摘し,経験からすると,一度に失敗することはない.
政府の顧問はこう言いました "将来のEUとの交渉を計画している
ホワイトハウスはトムとロシンタインの会談が遅れていると伝えた.
ドナルド・トランプは,最高裁の候補であるブレティ・キャベノウが,裁判の初幕を明らかにし,議論が続いているとホワイトハウスは月曜日に述べた.
特殊学者ロバート・ミュラーはロシアとトムの間で活動しており,ロシンティンもそれを理解している.
クラムは裁判官やミュラーが殺人を指したとは知りませんが,この事件は長年ワシントンに報道されていました.
先月ニューヨーク紙の報道によると,ロシンティンは,クラムが事件を収録するためにロープを引っ張るか,あるいは25日中に大統領を退任させるかについて語った.
ロシンティンは報告を否定した.
しかし彼は赤十字に報じられたにもかかわらず ホワイトハウスに行きました
クラムはユニセフに滞在し,彼と会談を予定している.
クラムはロシンティンを殺すつもりだが,ケベヌと女性の性的暴行が暴露されないように隠蔽すると主張した.この暴行は,ドクター・クリスティン・バレスに明らかになった.
金曜日,クラムはFBIがケベノウを調査して一週間も続いた裁判を延期した.
フォースの報道によると,金曜日にクラムは情報担当長官として来場した.
彼女は"ロシンタインに会いましょう"と答えました "最高裁と再開の時間がないと 今週か来週か 判断します"
共通の目的を 達成する
報道陣の中には,9月10日以降,サンガーはホワイトハウスの報道を率いなかったという反論も出ている.
"どうした?"とクリスは尋ねた.
情報の不十分は ニュース収集者の問題ではないのです 報道が制限されているわけではありません
彼女は直接タムに連絡し,情報をアップデートしたいと頼んだ.
裁判官は,彼女の主張に何の根拠も見出せず,彼女を押さえつけ,
情報を公開し,大統領に質問する機会があれば,それは私にとって重要なことだと考えました
我々は多くのことを計画しており,先週,このことを報道で述べた.そして,我々はそれをあなたの大統領に伝えたい".
クラムはホワイトハウスやそれ以上の重要人物との会議で質問や議論をします
ひとりで会議はめったにありません
報告書の収集前に必要な重要な調整について 大統領は今週ニューヨークで発表しました
ブレスティが恐れたため,保健大臣はスコットランドのNHSに手紙を書いた.
保健長官の手紙には,EUの職員に対し,国外でのこれまでの一生懸命な努力に祝われた休みと最高のブレスティの祝いを述べています.
イギリスがEUを離脱する6ヶ月前 ジーン・ファーマンが手紙を送った
EU市民は公益の奉仕を行うため,スコットランド政府はその責任を果たす.
ファーマン氏は書簡で,英国とEUの間の脱欧交渉が夏に失敗し,結果が黄色になるだろうと期待していると述べた.
しかし,英国政府は,非関係性のためにこれらの措置を講じています.
時間がかかると分かっています
与えられたものは,自分のものとして受け取るのではなく,
EUのスタッフの経験と専門知識により,医療に大きな貢献がされ,病気や社会的な混乱が引き起こされる.
スコットランドはあなたの故郷ですが,私たちはあなたをここに留めておきたいと思います.
髪を剃った後,クリスシャンはエイバーコムに腫瘍手術を施した.
州長・チーフ・キャプテン・クリシュアン・エバーコム (Chrishan Eberkom) は,頭痛の末,肺炎治療を受け,31日 (火) から27日 (日) まで,チーフ・キャプテン・ビティコンボに敗れた.
キュレネスの国の公言家のテレフィアスが言った",この人は,まだ幼い頃から,
は言った "彼は角を曲がった時に倒れた"
訓練者や医療関係者は,エバークロムに休憩施設への移動前と検査前には薬を投与した.
クリーニスの職員の一人が クリス・ハリスに ヴァン・バー・ビティ病院で エバークロムを 呼吸させないことを言いました
ハリスは,クリーンズ郡が事故を調査しているが,明らかに何もないと述べた.
イリノイ州から移転し,エバー・クロンビーはクリーンズ州と最初の州を統治した.
金曜日,彼は試合終了前に5点を獲得し,今度の大会では18点となった.
投資家は,外国人に訴え,
イギリスから不動産を購入すると 裕福な人に訴えるという 資金も提供され ローリープランではホームレスに支援される
この計画は,投票する若者を励ますためです
紙の料金の上昇は英国における納税者に影響しない.
年間1億2千万ドルが ホームレス支援に費やされています
テレサ・メイはイギリスから不動産を購入すると 外国人への訴えは ホームレスへの支援だと宣言します
この計画は,ジェレミー・コービン氏が考えていたような 雇用や家屋を提供することで 若者を再び投票に誘発するものです
税金上昇は英国では税金負担の対象ではなく,政府による睡眠不足の支援に利用されます.
募集は2年前から始まっていますが 詳細に調べると 平均3%しかありません
財務省は年間1億2千万ドルも増やしています
新品の13%が英国人以外の顧客から購入され,初購買者にとっては困難だった.
外国人が国内にいないため 多くの買い手が集まっており 富裕な国々の首都は 富裕都市と呼ばれています
ボリス・ジョンソンは先週,若者に最初の家を提供するための新しい政策を発表した.
訴訟では,この人が高額な土地を保有したが,その土地は働いていないと訴えた.また,ブートンの家賃を借りる権利が認められていなかったと訴えた.
コルビンは住宅の賃貸と不満についてのレビューを掲載しました
また,新しい建物を建設する権限も授与します.
メイは"今度は,イギリスが望んでいたように,人生があらゆる時に素晴らしいものになるように,私の主人に敬意を表します.
都市が崩壊した時代を 変えていくのです
ブリテンには 働くことや 住むことや 生きるための 重要な場所があります
ブリテン氏は 海外で働かない人が 住宅を買うことができないと 言うのは 理にかなわないでしょう
多くの人は家を買う希望も 寝る場所も持っていないのです
ジェームズ・ローズ:私の希望はスコットランドを統治することです
サナガレーンのCEOであるジャクロス氏は,サナガレーンの経営者になる.
42歳のスコットランド人は,今大会で3位を勝ち取ろうとしている.
前回の祭典では,彼はスコットランドへ送られたエスティミリアンを灯台に照らした.
私は国のためにプレーする.
ロスはBBCのスポーツで,自分のバークアップについて語った.
私は父と共に シェイクスピアを眺めて育ちました
島で最高の管理者だとしたら 機会が与えられる
ロスの元首には,ディック・エス・ボケイ,デブ・ディクモイ,モナエラー・アリス,マーティン・オニール,ロックのキング・ガスポエティ,デ・デ・パウロ・ドキニオなどもいる.
エリオの経験ある幹部は,大きな群れに脅威を与えるのは,バーンズリーやイブスウィッチから来るものだと主張した.
最高の成果は チームをプレミアリーグに復帰させることです
彼は"この試合は,試合の成功と規則性によって,プレミアリーグの重要なチームだ"と答えました.
簡単に到達することは不可能で 島を回復することは 成功した結果になると考えました
ロスは現在の職に就任して3年しか経っていないが,サンタ・バトンでは15年間監督兼コーチを務めた.
彼は再びアロブを3番に連れてきて 後にスターミアンを1番にしました
ロスは"彼は選手としてクラーク・ハートルプル,ファルクリック,スターミアン・ハミルトンなどでいたことを好む"と語っている.
"これは頭が悪い"と子供に言われました
勝負をしていると,勝負をしない.勝負をしていると,勝負をしない.
苦悩は,実を結ぶ機会と,多大な成果をもたらす機会を与えてくれます.
遊びは重要だ
一週間でやるべきことはたくさんある.
心配も苦悩もあって 管理職の歓迎も受けた
私は,私が今やっていることを,一生続けたいと思っている.
スポーツに関する質問に答える スコットランドでの質問 9月30日 12:00〜13:00
試験によると,ピンの時間は金曜日の午後5時30分だった.
暴風雨は問題であり,レストランではさらに深刻な問題です.
7月には,バーやレストランのレベルは2°Cから7°Cまで下がり,レストランのレベルは4°Cから8°Cまで下がった.
ビジネスコンサルタントであるPeter Martin S.J.G.はデータを集めました.常に晴れていて,7月に世界選手権の長期間を6月から継続し,2〜8つのクラブがあり,レストランは満員で
6月に1秒と8秒の減少が,7月に増加し 7月に減少した
酒場には名人達が集まると 酒場は劣化し
旅館でも暑さで問題があるが レストランでは発生しない
ワインが飲めるのが好きだったのでしょう
酒の販売量は6台ずつ増加したが,翌月には3%減少した.
RSMの愛情と愛情の評価者,Pow Newmanは4月末以来,この結果が継続していると言いました.
街の外で何でも売ろうとしてるのに 天気や社会やスポーツの リストに詰め込まれている
驚くことなく,レストランの熱帯雨林は4度と8度に下がりましたが,危機的な季節には毎年同じです.
レストランの従業員は,天候は悪くないと予想しているが,8月に気温が上昇すると予想している.
7月には減少したが,新興施設の建設は2〜7倍増加した.
コッパーピッチターカーは,英国で47のグループを調査し,レストラン,バー,レストランを調査し,業界に9ドルを集めました.
5人の子供のうち"人は両親の知らないうちに 隠し剣を見つけたのです
研究によると 5人のうち"人が 11歳までに 親や教師が知らないうちに 隠されたソーシャルメディアの 情報を隠していたことが分かりました
約20,000人の学生を対象に調査が行われ 誤りも明らかになりました
報道が不倫を非難する恐れがある
20%の子どもたちは両親が彼らの口座を知ると言います
調査によると 5人のうち11人の子どもが 知らないうちに 隠されたSNSアカウントを持っていることが分かりました
約20,000人の学生を対象に調査が行われ 偽物を見つけました
ニュースで不倫が 話題になるのではないかと 恐れていたのです
うちの20%は親が知っていることと知らないことを2つ持っていると答えました
母親は 13歳の娘が 秘密帳に 性的暴行について書いたのを目撃しました
コンピュータ科学者のDubzins UKの研究によると 11歳から18歳の若者の40%が 秘密裏に電卓を笑っていると回答し 半分はそうしています
AEMSのMike Buchananはこう言います "親や指導者の無知でオンラインで行動する子供たちは 悪いこと"
エディドロイルはスコットランド・ポストの通信担当者.
総会では,イディドロイヤが事務局長に選出され,報道の責任者となった.
ドロイヤルはスコットランドで有名な選手であり,国際レベルでプレーする際,経験から学ぶ機会を得て,スポーツや生活経験から多くの恩恵を受けることができる.
イディスはスコットランドやイギリスや 奴隷社会に尊敬され,ベティはゲーラに大きな恩恵をもたらしていると指摘している.
ドイオラは言った "私はレースに熱心だから 頑張ってやるよ
1996年のアトリラントでは アメリカ人が200メートルと400メートルで優勝し オリンピックでメダルを獲得し 歩行障害になったそうです
"今月前,この日のように,私は病気になりました.
歩けない
医者が言ったように 治る時間や時間
難しいけど 歩き方を習って ちゃんとやって
頑張ってくれてありがとう
オンライン 母乳類別
乳業は母乳と母乳を区別しています
グローバル・マスの情報公開には,消費者が,その疫病の基準に従って,機関が手間をかけて調査する方法を,権威から要求する.
4つの本物の母踊りがあります "うん,うん,うん,うん,うん,うん,うん,うん,うん"と
赤ちゃんに乳をあげよう 赤ちゃんに乳をあげよう
この件については,インターネット上のウェブサイトで様々な不都合が指摘されています.
77,000人の視聴者がいたが,批評家は映画を"映画業界における恐怖"と評論した.
面白いことに 商売で使われているノートも
"彼らは私たちと同じぐらい 裕福にならねばならなかったのに 牛は盗まれました"
オルビーは私たちと同じような乳を産みます.
"母親と赤ちゃんは 双方の苦しみを 知っている"と 言う人もいます
なぜ母乳の宣伝には使わないのか?
関連のない種だと 考える人もいるでしょう
沢山の方が断ったけど"人の女性が"おかしなダンス"と
これは良い方法だと思います
もし私が母乳を飲めるなら,一つ欲しい.
上下が黒っぽいのが見えます
悪いことでも良いことでも
"いいね"と誰かが言った
ほかの人たちはこう考えました "それは,熱心な母親の乳を押し下ろすもの,職場の宝物,そして宝物のようなもの"
農産物を褒め称えたり 試したりしません
ビデオの終わりには女性が牛乳で野球をしているように見えます
授乳中の女性は 宝物のように見えるというので 思い出してほしいのです
しかしこのアルバムは静かなもので 女性の力を与え 乳房を育てる時 乳房を押さえる時よりも 乳房を育てる時 乳房を押さえる時 より力を与えます
アナバラリン・コラボとアイシエムが示唆する,エルビは進歩的な薬であり,それを明らかにするには,注意が必要です.
女性とお金の違いを見て 授乳がどれほど困難か 授乳時に必要な力について説明します
アルバムに関するニュースが流れたのは初めてではありません
デザイン週では,二人の母親がマルタチャ・クビウスキーを使ってデザインした.
クレアテス島では,約100人の信者が国境に集まっていました.
月の境界は変わらず,外来者の入荷は増加し,政府政策明細者によると,ハロウを移動することは困難である.
普段は 外国人のような 移民が 文書がないので 援助を受けないので 家にいることを恐れ 子供を育てます
6月になって,共産主義政府は援助者の指紋を交換して,ギガラに知らせるよう要求した.
移民・関税局の担当官である マシュー・ベインズは 援助者がいなければ 受け入れられないと警告しました
代理人は 70%の管理者が犯罪犯罪がないことを発見しました
援助者の家族や近所の人たちの80%は 犯罪者であり 犯罪者ではないのです
"我々は彼らを捕まえるつもりだ"とエルベンズは言いました
早期手続きのため 逮捕の1ヶ月前に 裁判所に出廷し 裁判所は 60日間の拘束を 拒否しました
多くはビデオ会議で表れ,個人的に移民の権利を享受する.
安全な交通手段がないなら 運ぶのが楽でしょう
最近のニュースや報道では,長期間の被曝により,子どもたちが精神疾患を患い,排泄や外出行為に 陥る可能性があると示唆されている.
これらの懸念は深刻で,コロニオでは妊娠が非常に多いため,注意が必要です
子供たちが友達と旅をするのを止め 心の安定を図らないなら キャンプに行くのは 危険で ひどいことです
シリアはアメリカ,フランス,トルコに撤退するよう呼びかけました
国連総会で,外務大臣のワリフ・オルムウレムは,シリアで8年ぶりの戦争が続いているシリアで難民を集めるために,多くの国をリードするよう求めた.
ムーレーンは首相でもあり 外国の軍隊がシリアに侵攻したことは 強く認めます
会議を休ませて,彼らを退去させた.
ムーレームによれば,シリアの紛争は2011年に終結し,36万人以上が殺害され,さらに多くの人々が死亡している.
"シリアが破壊されるまで ダマスカスには戦争が続くだろう"と答えました
国連ステークはシリアに2000人の兵士を派遣し,シリアの大統領・シャハール・アル・アセフに対する戦闘に訓練・訓練を行っている.
戦闘にはフランス兵1000人いる.
難民の件では 毛ラムは"状況は今のところ良好だが 恐怖を植え込んだのは西洋諸国だ"と指摘した.
国際社会と民間団体との協議を重ねて 送還を図ったそうです
政治家たちは 国民が何を考えているのか 明らかにしています
国連・ステークと欧州連合は,シリアに合意に達するまで援助を差し止めると述べた.
国連によると,ロシアとトルコの間で最近署名された合意は,政治に有利なものであるとみられる.
ロシアとトルコの間の緊張は ロシアがシリアで 難民として暮らす 3百万人の住民の 紛争から逃れたからです
ムウラムによれば,条約は明確な時期を定め,彼らの目標の一つはオルクワゲンとヌスラを排除する計画であった.
国連は,シリア政府と反政府勢力を含む新しいメンバーをすぐに招集すると期待し,その後選挙を行う.
ムーレムはシリア政府に対し,委員長としての加盟や暫定体制改革の試みへの参加を拒否すると警告した.
クラムは2回目の選挙でどう勝つか
この状況により,クラマは2020年の選挙で他の候補者が参戦しない場合,確実に国家を獲得する.
選挙の最終的な決定です
観客はまだ決心していない
CNNとMSNBCは2014年以来,1,05万回と1,6百万回と表示した.
ニュースには200万の視聴者4人目があり 4年前には100万と700万の視聴者でした ネルソンによると 今夜は350万の視聴者でした
ニルバー・エビスの演技では,それは火であり,火には多くの者が囲まれていると伝えられ,六大議会の後,彼は大統領になった.
ユーモアの作家で有名なネル・スコビルは ホリウッドに 入りくくもったことがある
2016年の選挙前には,彼は車に乗るのを試みた.
召使は言った",何百ドルかよ"
"どんなことですか"と彼女は尋ねた.
スコボラは言った "クラムが彼を誘ったから"
産期には 関心があるでしょう
テレビで見られるものは何であれ,ワットン・ウォッチは ロビーの未来を物語っている. 異星人の移民が家族を結びつけ,養育し,経済を発展させる.
転機は難しいし 利己主義者のみできる
専門家間の議論が始まって6時過ぎまで 続いていたのは ウォーターンが『恐怖』の本について ウォーターンが『ポール・マニフォート』の1万5千ドルについて 芸術家たちがいたことについて 議論していたことと デニエル・ローリスが『タム』を批判していたことと 同じことが判明したことです
スーパーマリオには一人では戻れない
ヒルハウス・レストランの最高経営責任者であり,ブーン・スターの創業者でもあるベルン・モンティゴメリーは,彼がそうしたのは,現実的なように見えるようにするためだと主張し,中間部の人たちは馬鹿げていると非難した (NFLと衝突して,金正恩を褒めた).
断じて捨てられないし 捨てられない
今週,フィリップスに到着したとき,クーは80度でした. 彼はMBSを見ていたのです.
弁護ができなかった彼は ベルティ・カバノウに訴えられ 将来の裁判にも 訴えられるだろう
フィルデュスは言った",この人は,昔から,全く知識がない.
怖くないと思っていましたが 本当です
政治家でありメディアの専門家でもある エミソシスは"ヒラリー"と書いています
選挙には資金が集まります
ペンシルバニアでは17回にお金が多くなったことは驚くことではないが,それは他の都市で考えられるべきだと指摘している.
繰り返し出場する都市は,特別選挙で議席を獲得したとされる.
ラムは,旧ペンシルバニア州12州を代表するケドロフスと対戦し,新しい17州を強要する.
ペンシルバニアから地図を元に戻すのは,法律上の理由として1月に行われたことであり,他者への恩寵のためであった.
17回目には人種差別が宣言され,党の資金問題として,CSSとNRSCが対立した.
ペンシルバニア州では18回選挙で勝利した結果,レムが特異な名声を上げました.
この座は共和党が10年間保持し,ドナルド・タムは20州を勝利した.
政治家たちは 優位性を優先する
アメリカは中国を支援したとしてエルサルバドールを非難
専門家たちは,朝日,ニン・パナマが,大の首都北京をワタウンのように見ていた.
2017年7月,クラマはパナマの大統領ジョン・カーロスと親密な会談を行い,クラマの政権を握るまでパナマのレストランに滞在した.
ハイダー・ニュートンは今月,イザラベダの当局が米国人を呼び戻す計画について発表し,台湾は最初のドミニカ人の健康報告に反して管理外に置かれるだろうと発表した.
罰則は,アラバマに限定され,2017年に米国による援助額140億ドルを対象とした防弾開発と経済支援を対象とした.
罰金や免許券は アメリカ政府の本部では容認できません
南米と中央米が主催する内戦では,南米首脳は安全保障,経済,そして過去数年のアメリカ合衆国の参戦者制圧を主導した.
9月中旬に,上級指導者たちは,イウの非難を無視して,この会議を主催するよう主張した.
大統領マイク・ペインスは会議に秘密のスピーチを行う予定で,専門家によると10月中旬に開催される予定である.
アメリカ人の3人以上が 秘密裏にイア・サルバドール パナマ・ドミニカに到着し ウォーントンには警告がなかった
3人の米高官と2人の同盟関係者が,内部交渉の交渉を約束したが,ホワイトハウスは,ボルトンというゲストが議論に触れていないことを否定した.
口座は外部に連結され,契約契約の支払いが管理関係にあると説明されている.
歴史学
次にすべきことは,特にロバート・ミュラーがクラムに関する報告書をまとめ,クラムの不正行為について,現在広く知られるものであったことです.
ミュラーはこの調査で,クラムが宣伝したものが,ロシアに選挙に挑む反体制派を招く可能性が低いと論じた.
議会が考え方を変えるようになると,クラムは 職務を引き継ぐか,選挙を予め行うか,あるいは仲間を派遣するか,
変身は絶対的な不公平さや 異性差別とは言いません
危険がどれだけ長く続くか 危険を回避する方法も 私たち次第です
1938年 ドイツの指導者たちはヒトラーに反発し,チェコスロバキアに戻らないと 罰金をかけると脅しました
数え切れないほどの虐殺を 逃れるのに失敗しました
歴史的に見れば 恥をかくのは 難しいことです
アメリカ人は 住まいがなく 苦しんでいます
クラム最高裁の裁判官ロビン・ロサンタインがミュラー捜査に手を差し伸べたとき
この調査中にロシンティンは深刻な問題を抱え,最近も大統領府で不適切な発言をしたことがあった.
"今が良いタイミングじゃない"とロジントン
特別に ブレティ・カベノの捜査について FBIが不公平だと 言うのは当然ですが 連邦最高裁が 誤った判断をしたと 確信できない場合もあります
議会に投票して 責任の見当を 与えようとするのか?
もしこれを失敗させれば 民主主義は崩壊します
ベルギーでの経験も 教えてくれました
私の母はユダヤ人で ナチスが村を占領していた時に 強制収容所へ連れて行かれたことがあります
でも彼女は生き延びました 60年後 彼女は私に 燃えた板を 送ってくれました
断念しないように,しっかりと心をつけてください.
ブルックリン大学院の教授で,ワシントンDCの管理者兼責任者でもある ノーマン・エルソン氏は,『最後の宮殿』を執筆した.
ベニーは戦いにランジャー・グラハムを先導した
火曜の試合では,レンジャーズはオーストリアを倒し,スペインと引き分けを決めた.結果として,彼らはグループCで最終順位を記録し,欧州杯に合格する.
ランジャーの脚の怪我により,ランジャーの選手は2対2でビラールと引き分けがつくまで参加できなかったが,ランジャーの選手は結果に期待し,応援した.
31歳の彼はこう言いました "僕らは良い成績を上げているが ビリリールは良い位置にいる"
競争する者は,自分の冠を押さえて,
勝ったとは限らないが,同じ状況にある.
初めはいいプレーをしたけど 休憩後もいいプレーできた
金曜日は,楽しい夜だ,ヨーロッパ
3点が必要ですが 難しいでしょう なぜなら彼らは前回の試合で良い点を取っていたからです でも観客の応援で良い点を取れるでしょう
膝の怪我や 家庭内外出が原因で 苦労していましたが 今度はひどかったのです
土地も良いし,敷地も良いので,子供たちは喜んでくれました.
希望して,今,我々は前進し,去年のシーズンを後ろに置いて成功できるだろう"
少女たちは の蓄積痛で眠れなかった
テストに参加したメンバーは 自分たちの管理方法を知っていましたが,何人かは兄弟たちに言いました
半数は 家庭に遅延について 話していると言いました
10%しか親に語らなかったのです
ホリシンガー氏は家族を養うために必要だと話すが,彼らは彼を殺さない.彼は命保険の社長だ.
始めましょう
妻や子供に言って下さい 計画が早ければ 家庭の面倒を見られないでしょう
職務の務めを果たす者,自分の家や家事,そして自分の教育を大切にする者,
財務省を連れて行って,費用を計算して,費用を支える方法を相談してください.
保険の保険料も持っています 持てるお金があれば 資産をすべて自分で保険に入れます
合法的な書類を出し 合法的な軍に招集しろ
身体の健康状態を診断するために 医療従事者に相談してください. 症状が悪化したときに 必ず相談してください.
権力もお金の面で 議論を巻き起こします
信用できる人を雇って 予算を決めて 出来なければ負担してくれる人を見つけましょう
"小さなことでも 心配しないで お前の両親は 発熱で病院へ送られてきた"
治療や病気についての質問に答えられるか?
書き留めて準備をしてください
"お金のことは全て 真実だ"
治療は全て
犬を飼う
計画がある
銃を手に,彼は彼を猛烈に撃った.
犯人は夜中に自宅から出かけていた.
容疑者は40歳,オスフィアに住んでいた男性で,殴られ,腕に銃弾がかかっていた.
当局は"この銃は2時30分に発射された"と答えました.
告発者は彼を非難しなかった.
傷は生命に危険はないが,警察は調査を進めます.
アジアでは地震や風が起きます
当局によると,金曜日に発生した地震や風力災害で,インドネシアでは384人が死亡し,その数は増加する可能性がある.
パウに起きた地震は,地震の規模が7〜5ミリメートルで,当局が情報を得ることができなかったと報告されている.
事故の時に約16,000人が避難した.
詳細は,このページやこのページに記載されています.
パウルはスライスマートマウンセルの首都であり,人口は2017年には379,800人.
都市は地震や風力波の時に 40人が祝っているところだった
ドンダラは300km180m (約180マイル) であり,スライス海底にある.
行政区の人口は2017年の統計で299,200人.
漁業や農業が主な生活基盤となっている地域は,ダングラやダングラに接する地域です.
鉱山も重要だが,その多くはスライスのにあるモラリにあるため,
災害管理局によると 過去100年以上に渡って パウラとマトダラは 熱気噴出や地震の被害を受けています
1938年の嵐では200人近くが死亡し,約100人の羊が山に倒れた.
1996年9月9日,南ルダで風邪で死亡.
熱帯雨林は,地震の危険性が高い地域である.
過去数年間は,風と地震が起きています.
2004年12月26日,スーマータ・イン・エニアで地震が発生し,インドを含む14カ国で2万26000人が死亡し,その半数以上がアシグで暮らしていました.
2005年3月と4月にスマッタに地震が起きた.
島では100人以上が死亡しました
2006年,インドネシアで人口が多い地域であるジュバでは,マグロ6の地震が発生し,風力による地震で700人が死亡した.
2009年,スマタの中心地であるプーダで,地震の規模は7・6だった.
戦闘で1100人以上が殺害された.
2010年メンタバイでは,地震が発生し,規模は7.5で10メートル強の風が吹き荒れ,12以上の村を壊し,300人を殺害した.
2016年3月,ジャヤで地震が起き,2004年の地震を思い出して,人々は恐怖に陥った.
今日では風が吹くことはなかったが 建物が倒れ 100人以上が死んだ
2018年,アジア観光地であるロンボック湖で地震が発生し,主に西部のアンガスで500人以上が死亡.
地震は数千の建物を破壊し,何千人もの観光客を閉じ込めました
サラパリの長男が 国内暴力事件で逮捕された.
アラスカ州知事兼副大統領候補のシンデック・リン氏の長男が犯罪で逮捕される
アラスカ州の報道筋によると,29歳のポールンは,家庭内暴力に関する犯罪で逮捕された.
警察によると,同行していた女性が警察に報告しようとすると,彼は携帯電話を切断した.
ケティ・ユウによると,パリンはマツス・スペティヤルに500ドルで縛られているという.
裁判にかけられたとき,彼は無罪だと報告した.
ポールンは3つの軽罪で 懲役1年懲役25万ドルを科せられる
軽罪で 裁判所で1日待たせられ 2,000ドルの罰金科せられる
ポールンは犯罪の容疑を被ったのは初めてではない.
2017年7月,彼は父であるアポトクパリンに対する反乱の罪で起訴された.
この事件は彼の母親であるサラ・パリンが警察に訴えた.
事件はアラスカ州老人裁判所で起こりました
2016年1月,彼は国内暴力事件の侵入で,その関連で毒素使用の検査を受けた.
友人たちが彼女を非難し 非難した
2016年8月,息子のイラクへの出征が報道された後,彼女は赤毛で覆われた.
インドネシアでは地震や風力波で 100人以上が死亡しました
星期日,スラウイシで地震が起きた後,384人が死亡.
規模7の5の地震で 嵐が起きました 何千もの家屋が壊れました
電気や通信は低下していますが,今後数日間は改善が期待されます.
スラジシは,インドネシアの首都ジャカルタから南西に位置し,地震が起きた場所です.
暴力的な感情が映画に広がる
嵐が止むと,百人ほどの人が集まっていました.
裁判官はアンワイズに 犯人は死刑に処せられるべきだと訴えた
ニューヨーク市で8人を殺害した抗議者たちは,死刑が絶対的なものであると要求し,セフロは1953年以来死刑が執行されていないと主張した.
30歳のサイポップは,自分のノックをマンハッタン下半部の自転車通りの歩行者向けに使った. 10月に彼は歩行者や自転車運転手たちを追い出した.
判決が死刑判決に適うことを証明するには,検察は少なくとも8人のサイポップによる殺害を証明しなければならない.
裁判所の判決によると,両者は死刑に処せられる.
暴動の直後,党はサイポップを22件の殺人罪,8件の暴行罪,機械破壊罪,自動車破壊罪で起訴した.
検察は抗議行動には,しっかりした計画と冷静さが必要だと主張し,サイポップの行動に批判した.
展示では,セフロ・ヘビ・ルベックが,この鳥がアンジェリーニ・ニコラス・クリップス,アン・ルリ・ドリックス,バイレン・ネック,アリエル・エルリッジ,ヘマン・フルーチ,ハマン・ドリゴム・ホイズ,エリアン・ドルマイン・パグヌコの家族や友人たちに殺人を仕掛けたと証言している.
5人の犯人はアルゼンチンからの観光客だった.
ニューヨーク州南部では10年もの間死刑が適用されておらず
ティライ・バーンズ容疑者は,2009年9月に2人の麻薬密売者を殺害した罪で死刑判決を受けた.
ニューヨークでは最後の死刑執行が1953年に行われました.妻・妻であるエタラ・ロシンボとジュレーザが,内戦から2年前にオビティユリアンに政治や戦争について報道しようと試みたことで死刑執行されました.
ロシンブルグは1953年6月19日に銃撃により殺害された.
法律文献によると,ウズベキスタン出身のサイポップは,何日か何ヶ月か経った後に削除されている.
警官は"彼は喜んでやった"と答えた.
報道によると,サイポップは抗議の勇気と立場を 持ったのは,彼がメッセージで撮影した映像を見た後だったという.
警察は"彼はISISの旗を彼の病院に運ぶよう指示した"と訴えた.
彼は2月22日に,有罪ではないと告げた.
デビック・ペイトン氏はサイポップを支持し "両者は法的な決定に賛成していない"と発言した.
ペイトンは,罪のない容疑者として 終身刑を宣告されても 処刑されない場合,後には精神的な苦痛が続くと指摘した.
サイポップの父祖の団体は死刑を控えるよう要求した.
クローリー議員は,バースティ条約にニガラ・フェレッジを入れることを要求した.
クローリー会議では,ニガル・フェレッジは反乱のために市民から兵士を募る事を約束した.
熟練したユキブ指導者は,政治に参画する人は熱を吸う必要があると主張し,火の会員がユキブの協議に参画することを要求した.
警備の末端にいるピーターボーンが言うには,ファーレッジがベーシット長官なら,自然にイギリスを追い出さなければならない.
クロアスはアヌがこれまで苦しんできたことを理解し,そのためにバーゼディトに反発する.
ベルジットとリマンナー・デラサ・イユの反動により,計画や活動は不具合に終わっていた.
エリスは,どんなに苦しんでも,彼女は悪を区別し,努力し,バサルと戦うことを決意します.
ボンが言ったことをやめ,スリフールに鳥を見に行く.
"フェレジと相談して 商談をしたい"
"もし,あなたの方が正しいなら,すぐあなたを追い出します"
アイリングボローの会長は言った "私はバーゼディを助けるかどうか知らない"
"エズベットの敵は人間だ" "地球はここに居るために戦っているのではない"
法律を制定する国です
2016年の選挙で世論が変わったという主張は ポン氏によって否定されました イギリス国民が意見を変えており 国民が残るという考えは 完全に否定されています
記者団は"クロア・バーティ・ティーチー・イン・インディアは試合に参加する.私はただこう言う.首相は国民に耳を傾けます.
チェッキーは世間知らずで 反対派は投票しない 市民に知られたくない 党は市民に知られたくない 勝利を勝ち取ろう
チェックを押して 聴き始めます
"火にメッセージを送れ"と彼女は言いました "もし彼らが黙っていれば 部長が奴隷を捕まえる"
2016年10月,フレージは,選挙人に対し,選挙の口コミを破る行為に熱意を向けることを要求した.
"それは汚職や政治への忠誠を 奪うためだ"
ベルゼテを非難するだけでなく,今日この日に,私たちは,
彼は集会にメッセージを送り "私は政治の授業を 作り出すつもりで 失望させたり 熱くさせたりする
我々はこの国から兵士を集め ベルゼディを勝利させたので 独立を宣言するまでは 休むことはない
町の中心部に2時間前には,リマナーがビルナインハムに到着した.
この週,グループが結成され,トライアス・バーゼットと抗議は静止した.
会議が始まると,彼らは党の道具や道具を組み立て,そして,生活で働くアンウィスは,保守的な笑い声で笑った.
コミュニケーションは不可欠だと主張し,国境を安定させ,アイルランドに国境なき貿易を促すには,カナダ・プラス技術が必要だと主張した.
準備もできず 準備もできず
"真珠のようなものはありません"
ウォーランは大統領選を試みた.
11月選挙の後に,セント・エリザベス・レンティ・ワランが大統領に参戦しようとした.
モンタシュー州民主党の代表はボストン・ゴーブルプにこう語った. "金曜のモンタシュー州は,
ドナルド・トランプ大統領は,ウォーランが11月に再選を志向し,2016年のマサチューセッツ選挙の候補になるかもしれないと批判した.
2020年8月,彼女はアタマを制圧する.
ホレイキは,金曜日に開催される36回目の大会で,優勝後,モデル式での大会を開催する.
選挙人ではなく 選挙人になるのか?
ウォーンは"時が来れば 女性がワシントンに行き 体制を変える時が来た"と答えた.
逮捕され,LSSUに処刑させられた.
バトンルークは,LSUのサッカー選手のワイ・バイの殺害で火曜日に報復されたことを誇示した.
20歳のダイトン・シンプソンは午前11時までに逮捕される予定だとボトンルック警察は記者会見で述べた.
ビデオ配信が広まった金曜日にも 撮影した映像を 探す支援が求められました
20歳のシムは金曜日の朝,南部の大学で殺された.
警部長ムルフィポールは,火曜日に発表した声明で,ワイシムは247試合で頭部に銃弾を浴びた後に死亡した.
ワイイが友人を助けるために行った時,イマソンは殺された.
武器を手に持っていたサムソンに 剣で殺されたと疑われるため 厳選された尋問が行われた.
シンプソンは East Baton Rock警察署で不当な拘束を受けた.
6フィート6センチのシムは,バトン・ルークの長者であり,32試合で10勝を記録し,試合1試合に5点6秒ずつ上下を記録し,17分4秒で2点9秒を記録した.
ロシアン・レッド・プリング: サブシチアン・ベクレールから国を奪った後に,ルイス・ハミルトンは世界的に有名になった.
ルーイス・ハミルトンより先にバルティ・トリボッツが先行し,マーシュースはチームがビッグ・ゲームに 参戦する予感を 持っていた.
からボッツは良いスタートをしたが,前回の2回目にはハミルトンを追い出し,ベテルにチームを招いた.
ベッテルが競技場に入ると ハミルコンが車に走るようにし 慎重に考えました
マルシシスは後を向かったが,ベテルが後を向かったが,ハミルトンは先を向かった.フェラーリ選手は,無意識に彼らを追い込み,3チームを追い抜いた.
メジャー・スターペンが後線を走ったにもかかわらず,彼は21歳の誕生日に7位に終わった.
シュウは自分の車輪を駆け立てて,キミラのコネン4号を倒そうとしました.
彼は戦いに来た44回目で戦った.彼は力を上げることができず,リコネンを負けたが,リコネンは4位となった.
バルティリギッシュは日月をかけて常に良い試合をしており,何百万人もの人を殺した.
ハミルトンは"チームにとって"番と2番は 違うプレーだった"と語る.
身体の異常です
ドナルド・トランプ大統領は,裁判官クィーン・ファインスタインに木曜日に,最高裁のクリスティン・バラセフの判決が強要されたため,その証拠が隠されていると告げた.
ヴァージニア州では,議会がエマにナイフを渡したことに言及しなかったため,裁判で何が起きているのか,そして人々が不誠実であるかを議論していた.
裁きの時に起こるものや良いことなど,
遺言や遺言を見逃した者は 遺言の内容を無視する
違う
芸術
ピンチで質問したよ
"何で? 失ってしまったの?"
アメン
秘密を隠さないで
星を押してください.
裁判官に訴えても 許されないように
7月に,彼女はコウイのクラブヌーとの不協和を明らかにし,フィーンスタインに手紙を送った.それは9月に失われていたが,フィーンスタインは失ったのは彼女のオフィスではないと言った.
"私はマイブ・ファインスタインを報告した"とヒルは報告した.
婦人は"だれにも言わないで"と戒めて言った.
社長が日曜日に言ったように 彼女は行かないと断った.彼女は変身症だ.
彼女は見なかったかもしれませんが 私はこれまでの人生で 身体の動きを こんなに悪く 見たことがなかったと思います
最高裁の提言は,支持者に3人の女性が性的暴行を行ったと非難し,大統領は,民主主義は自分の目的だけを求めていると主張した.
必要な時に権力を奪う
大統領は"彼らは,不快な性格で,誰を嫌うのか,権力や支配を望むのか,など,見ていない"と報告した.
エリート・ゲーム ダンディ・ストラス 5 - 3 バルフェスティック・ジャイアンツ
ダンディとパティック・ドライアが2ゴールを決めた.
ダンディ・アストラスは,金曜日にベルフェスティに負けたが,金曜日の再戦では5 - 3で勝利した.
巨人は2つのゴールを得ました.パトリック・ドライヤーとフランス・ビュブリアーが得ました.
ダイアが勝利を勝ち取る前に マイク・スリランとジョーダン・コニーはスタンドアップした.
ルックス・ルン・ブレディニルソンは勝利を収める前に,フランキース・ブッチャーは7点で引き分けした.
アダム・キッツマンに3試合目の敗戦となった.彼は2日,ベルファスティでダントリー・ノウズに2対1で敗れた.
この戦いは4回戦で,ジャイアントスは3勝した.
キンドル・マックフォールの助けを借りて,ダイアースは3分35秒間4位を保ち,デビッド・ルーダー・フーズはブーブルと4つ星で勝利を収めた.
逆転にもかかわらず,マルティム・クウティがクイーンを15-16に引き分けする前に,スリバンはホームで13-10で勝利する.
ダイアスはアジウスの王国を奪うために,先ほどの間隔を先取りしようとしたが,そこに目標を置いた.
再び野戦で,王子は再び権力の試合で27 - 37で敗れた.
クーニーとチャーリー・カーコンの対戦で,ネルソンはダンディの勝利を助けた.その後,彼はチームを中退させ,最終戦で5位を獲得した.
イエイツも5試合で1試合負けたが,帰国後もミルトン・ケインに試合を繰り広げていた.
乗客100人以上を救おうとして飛行管制員が命を落とした.
ゲーラが英雄として称した ギリシャの航空管制官は 何百人もの乗客を運んだ飛行機を 無事に降落させました
星期日午後,スライスで地震が起き,風が800人を殺した.
都市は今日も荒廃しており,その多くは廃墟のままです
21歳のアントニウス・グワンアグンは,同僚を逃れ,空港で任務を遂行していたムシュラシス・アル・ジュフリップに逃げた.
坐っているのは バティック便6321,この飛行機は現在飛行中です.
に飛び降りてしまい,船は操縦できませんでした.
その後,彼は病院で亡くなりました.
港の船長であるジョナニス・セレティは,彼の決断により数百人の命が救われたとオーストラリアのABCに報じた.
ベルギーからカリマンタンまで 病院を運ぶための小型飛行機を用意したそうです
選抜が終わるまで,彼は無理なく結婚しました
また",あなたがたは,わたしの言葉を聞いている"と記されています.
暴風雨や地震や大による都市への移動の妨げは,国の災害管理局や当局者たちを懸念させ,死者数は数千人に上る恐れを抱かせた.
州長に"この数は増えるだろう"と頼まれた.
6メートルの波が降り,火曜日にパルカーは焼け落ちた.
軍用・商用機は支援物資や配送物資を運ぶ.
スカイニュースで35歳のリサ・クサマは"毎秒,病棟が死体で満たされている"と語っている.
湿地が稀だ
店頭も 店頭も 店頭も
ゲンフェンフィーはCNNに言いました "インドネシアの保険の責任者は 援助をしてくれているが どれが入っているのか分からない"
これは悲惨な状況で さらに悪化します
ナイジェリアの大統領,ジョコ・アイワグは,来週,新月を迎え,国の軍隊に,国の防衛のために,昼も夜も働かねばならないと訴えました.
準備はいいですか? ニュースリリース
モンゴー・アシア・ロムバガの地震で550人が死亡.
マイケネジアの空港で飛行機が墜落した後にナイグニーで1人が死亡
マイケネジアは,事故事故に1人が死亡したと報じ,47人の乗客と乗組員を安全に脱出させた.
火曜日,ナインギが指摘したように,乗船した男性の数は数値的に低い.
航空管制官によると 病院や監視当局と連絡を取っているそうです
乗組員の発言は 航空は回答しなかった. 例えば国籍や年齢など.
飛行機はチャックアイランドの空港に降りる際に水に遭遇し,乗員と乗客を救出するために地元の船員が助けました.
当局によると,少なくとも7人が病院へ送られました.
操縦士によると,火曜日に病院で残された乗客は6人,全員が健康状態だ.
事故の原因や原因は不明.
飛行員とEUS船員は,飛行機が安全に着陸したと報告した.
飛行機が事故に遭ったと 気付いた人もいます
アメリカ人の航空担当者は 飛行機が墜落したと伝えました
ジェーンズは"これは素晴らしい"と答えました
ジェーンズと他の乗組員は,この先遅刻し,飛行開始前に避難を図ったと証言した.
"船員は恐れながら叫びながら,まるで小さな傷がかかっているようだ"と語りました
ダイア・ユース船長は,船員たちは船を30メートル (100フィート) 近くまで運ぶ前に,救助や安全を無視した.
航空安全協会によると,過去20年間で,Pengduの飛行機事故で 111人が死亡し,ニューギニアは例外だ.
捜査によると,夜中に女性1人が焼かれました.
2014年7月,ミシシッピ州で女性を暗殺した罪で,裁判官は木曜日に男性を尋問した.
ユース・ジャスティス・センターのポール・ルーティは 専門家として 捜査に参加することを拒否した
29歳の犯罪者キントン・クレイスと19歳の被害者のジェシカ・モウが殺害された夜,電話で証言する.
ルレッティはクレリアン・レジャーに,クレリスが死んだ夜,部屋にいたとの電話番号を入手したと報告した.
メールで彼の部屋にいたことや,友達のカレン・カッセン・カップと一緒だったと証言した証拠が 検察に尋問された.
サンフォイは8月8日,木曜日,市内外であることを証明した.
クレイスがサンプソフィットでずっと寝ていたという事実を検察官に尋ねると,サンプソフィットは自分のネックをネシフィットに刺したので嘘をついていると答えた.
唯一不正確なのは 彼女が死んだとき 彼は部屋のことを知っていたと 言っており 2週間前に行方不明だったということです
電話の音からすると 彼らは"週間前に認識されたそうです
ルレッティは,クレリスが死んだ後,手紙や招待状を消したと言った.
ヘリは言った",彼は彼女を生き抜いた"
金曜日,講演会からコメントを出す.
裁判官は"この件は,明日議会に提出せよ"と命じた.
熱狂的なヒップホップとは何か?
ヒップホップは 楽譜と音楽を組み合わせて メッセージの明確化や 否定的な考え方を 消すというものです
批評家であるリストールは ヒップホップは政治や社会的な問題から 進化してきたと主張した.
古い時代を元に戻せば ヒップホップは流行るでしょう
富士などアーティストが最近イギリスで アカラやルキーの作品を 目にしている.
また黒人
ニューヨーカー・ネニーが 人種差別を非難した夫と妻を起訴
ニューヨークのナニーが 非難したのは 嫌がらせを受けた男性や女性です 女性も黒人だと非難されたのです
強制的な金銭的負担を伴う
2人の母親であるランシマ・コフェルシメンは, 2016年に初めて職場に来たとき,幼児保育のゲセレ・モライスに驚愕の話をしました.
ペセスコ・フレッシマンは彼女の右手に手紙を送り",いや,もう黒人じゃない"と書き込んだ.
かの女は,かの女をめざすよう,手紙を送った.
シェウの不幸な出来事に気づいて ペスコはモアスを非難し,ナニはアフリカ系アメリカ人だと非難した.ニューヨーク・ペーパーによると,
マクロイスは彼女に"日の仕事を与え,家に帰らせた.
コリスの母親は,その保険料を6ヶ月間,日350ドルで支払った.彼女は最初は家賃を支払ったが,契約はしなかった.
"そんなことはしないわ"と伝えました "私は 広告主への偏見と偏見を 認識している"
婦人 (婦人) の不貞 (ふるさと) を非難する者に,このことが起きました.
妻に秘密の手紙を送った
彼女は人種を批判しない
筆記では夫のジョルプスコは"我々は種族を語らない"と記しています
あなたは子供たちを自分のことを悪いことにする人に 引き渡せるのか?
新生児ですか?
言った
売春婦の仕事だから パラスコは妻に2ヶ月前に新生児を産んだとき どんなに苦労したか尋ねました
肉は,こうあるべきなのです.
総督たちは答えて言った",そんなことはよくありません.
訴訟は裁判所に 行われ 夫婦の行為が ソーシャルメディア以外にも 広められるべきだと 考える人がいます
紙面の報道が示すように,紙面の報道は読者が紙面の報道を嫌うのではないかと 恐れていた.
ボンの娘のカーレン・ジャイクルは 本の承認後生まれました. 本が出版される前に本を読んでいたら,私たちは彼らの立場になることは困難でした.
パディントンが成功の名声を得たのは 驚くほど最近です
父はBBCの写真家で,本を書くのが好きになる前は,自分の仕事で誇りを持っていたと彼女は言う. 60歳の誕生日に,彼女は"出版は喜びだ"と語ります.
パディングは家族がいるのか? 知らないのか? と聞かれると 父も嬉しかったそうです
"お父さんは黙ってる"と彼女は答えました
"おばあちゃん"は"おばあちゃん"とは言いません. "おばあちゃん"は"おばあちゃん"です.
試行錯誤は,パディングの成功の証だと私は思います.
仕事をしている人や仕事をしている人に 負けてしまっても 喜んでやっています
娘が死んでるから電話で祈って
娘が到着した時に 病院のトップ病院 ルースター2に搬送され 病院の職員も到着したが 助からなかった
エヴィン・レパルースはこう言う"ネッズは電話でいつも悲嘆の話をしていたので,そんなことは期待していなかった"
ナイフも2分後に死ぬと告げて 祈りを捧げました
やってみました
"私はあなたをとても愛している"
私は,あなたのところを早く来ることを願っています.
私はあなたと共にいる
化学者は彼女を眠らせるために薬を与えましたが 薬は効果がなかったのです
門は閉ざされていても 門は閉ざされていませんでした
絶対に無理だと分かっていますが 待たなければいけません
兄弟たちが私の周りに集まって,泣きながら言いました
私は生きようとしています
アテネのレプルースは娘のいない悲しみや不安にもかかわらず 他の男たちと船に乗り込みました
"誰も知らない"と彼女は言いました
冬に悲しみ 涙が浮かび上がる
知らないけど 乗ったら 落ち着いて
好きで理解できると期待しています
彼が彼女をどれだけ愛しているのかは分かっていた.
道路で自殺を防ぐための女性への手紙
母の相性が崩れ 他人のために命を捧げる
シャロン・デビスとケリー・フムレーは,WebZamで広めるために署名し,支援が必要な場合のメモ番号も提供している.
デビスの息子は13歳で心疾患と診断され,18歳で自殺した.
"そんなことは誰にも起こらないように"と
デレブスは45歳で リュキネに住んでおり,娘が"もう一本も飲んでくれ"と頼んだ.
ゲラは彼の愛を見ることができる.
ゲラが言った "彼の喜びは部屋を満たしている"
しかし彼は死んでいなくて 作品を捨てたのです 作品が不快な状況にあったからです
2014年11歳のタイラーが自殺した後,兄弟は見つかりました.
"今でも砂を強く叩いてる"と
デビスは,友人を呼び寄せるために手紙を書いた.
怠け者ではなく,賢者
デビスの友人となったのは,デビスの15年近く付き合ったマーキーが死んだ後だ.
彼女は言った "彼は悲しんでいて 悲しみを語らないで"
クリスマス前半に 彼の考えが変わったのが見えました
クリスマスパーティーで彼はいつも子供たちが男たちを開いているのを見ていたが,彼は何も言わずに黙っていた.
"彼の死は深い悲しみで 家族には大きな面がある"
引き裂かれました
だから私たちは,これらのことを気付きながら生きなければなりません.
簡単に対応できない場合は, 116 123 (イギリス・アイルランド) に サマリタンズと連絡してください.また,jo@samaritans.org にメールしてください.
FBIの捜査官であり ブレティ・カバノウの未来
予想通り 成果が出たことには 限りなく期待されていることや 試験が期間限定で 範囲が限られていることや 合意が達成されていることなどもありました ブラック氏は金曜日に言いました "この調査は 委員会によって 決定されたものです"
キューバと市民の逃亡者はFBIの調査員を嫌っている
時代が進むにつれて
11月6日,半年期選挙が始まります. 国民が馬鹿げたことをすれば, ひどい結果が出ます. そして,この国の最高裁は, 選挙で選出されたようなものです.
ジョージ・ブッシュは裁判官に電話をかけて 裁判官にケベヌを支持するよう求めたと 言いました 彼はホワイトハウスでブッシュの同僚で 妻のアシュレーはブッシュの私務長官でした
FBIの報告に 何があったのか?
裁判所の選挙は51人の議員と49人の議員で構成されている.
カブナウは議会で50票以下を獲得し,大統領候補のマイク・ペインズは最高裁に同等に選出される.
キング朝の政権下で 反北朝鮮の反乱は減少し
韓国の立法者は"北朝鮮の反政府勢力は 慶應の後に 衰退した"と非難した.
パグビアサン・サウス・ウギル・ユニリティ・ミニストの報道によると,2011年,反政府勢力数は2,706人,昨年は1,127人.
北韓や中国から 貿易商が押し寄せていると 言うのです
も人を責めなかった
朝鮮の反乱勢力の多くが 韓国国籍を取得した
1953年朝鮮戦争が終結した後に,ソウルは北朝鮮が国境を越えた3万人を収容したと述べた.
中国と朝鮮は長い国境を隔てたまま 朝鮮間の高速道路は中国を通過する
中国側は 移民ではなく 違法移民だと主張しています
南と北の間の技術的戦いは,昨月,進行した.
この月,両国の首脳は,今月,パキスタンで会合を行い,技術的戦争停止策について議論した.
シンガポールで米大統領ドナルド・トランプと金正恩が会談し,両国間では,北朝鮮の非核化交渉が活発に展開されている.
しかし北朝鮮の外交大臣リュウホはヤースの失敗を非難した.
ニューヨーク総会で リー氏は言いました "アメリカに信頼・信頼・忠誠を 持たない限り 国家は安全ではない"
ナンスペロスはベレティカ・カブヌーを呼び出し,彼が最高裁に出廷する資格がないと訴えた.
小院議長は,最高裁候補のベレティ・カーバヌーを非難し,いずれにせよ彼を最高裁に任せるだろうと期待したが,失敗した.
クリスマス・イベントでフェロスは火曜日にアウスタンで発言した.
しかし,私がそうしなかったので,彼らは立ち上がって言った.ペロスは言った.
カバヌエは,本人に誘惑しようとしたと否定する.クリスティン・バラセは,ふたりは若かった.
カバノウイは最初の詩で,家族や学校での前期信条主義者のことを批判し,絶望的な表情を示した.
彼は大統領選を批判し ハーラリー・クリントンの候補を挙げましたが 2016年の大統領選には敗れました
ペロスは,カーバヌが最高裁に任せられないことを尊重し,モラグ政権を嫌っていたと訴えた.
"彼はクリントンやエリートたちの 陰で 選挙に敗れたんだ"
ペロスは,メンバーが少ないため,カバヌーに反対するかどうかについて何も答えなかった.
議会やFBIが正しいと 思っているなら 連邦最高裁に 行く資格がないと 思うでしょうが 裁判は今に行われるべきです
カーバヌは裁判官であり,裁判官である.
ペロスは"ケベヌは犬とどう接するか知っている"と答え,そして"ワイシは守護士だ"と答えました.
審理中に,カバノウは最高裁判所の判決を修正すべきかどうか疑問を呈した.
フィルオスは言った",狂気や偏見や正義などに 時間がありません
女性は力を発揮しなければなりません
怒りを燃やして 再び 真実の詩を歌う
45年後にアステ・シェム夫人は言いました "怒っているとき泣く"
知らないからな
"彼女はとても友だちだった"と彼女は言うが,彼女は怒って泣いたが,彼女は新しい方法を模索して泣くようになると,彼女は正直な人に"あなたは死ぬつもりだ"と話すと考える.
私は怒りました
その声に答えて,彼女は歩き続けました.
私は賢かった
涙が自然に浮かび上がり 耳が変えてしまう
奴隷だったことも 涙を流して 奴隷だったことも 恐れていたことも 恐れていたことも 恐れていたことも 恐れていたことも 知っている.
涙が目に見えないようにと 母は言いました
怒りを感じるのは彼らのミラーです
悲しみや悲しみや悲しみや悲しみや悲しみや悲しみや悲しみや悲しみや悲しみや悲しみや悲しみや悲しみや悲しみや悲しみや悲しみや悲しみや悲しみや悲しみや悲しみや悲しみや悲しみや悲しみや悲しみや悲しみや悲しみや悲しみや悲しみや悲しみや悲しみや悲しみや悲しみや悲しみや悲しみや悲しみや悲しみや悲しみや悲しみや悲しみや悲しみや悲しみや悲しみや悲しみや悲しみや悲しみや悲しみや悲しみや悲しみや悲しみや悲しみや悲しみや悲しみや悲しみや悲しみや悲しみや悲しみや悲しみや悲しみや悲しみや悲しみや悲しみや悲しみや悲しみや悲しみや悲しみや悲しみや悲しみや悲しみや悲しみや悲しみや悲しみや悲しみや悲しみや悲しみや悲しみや悲しみや悲しみや悲しみや悲しみや悲しみや悲しみや悲しみや悲しみや悲しみや悲しみや悲しみや悲しみや悲しみや悲しみや悲しみや悲しみや悲しみや悲しみや悲しみや悲しみや悲しみや悲しみや悲しみや悲しみや悲しみや悲しみや悲しみや悲しみや悲しみや悲しみや悲しみや悲しみや悲しみ
コロラド州出身の女民主党人ペティシア・シコダンは,グレート・ハートと大統領のために働いた.
1987年,ハーティは多妻制で逮捕され,シコワーは政治に参画すべきだったとしても,政治に参画しないという立場になった.
30歳の誕生日に 母は私に言いました "これは考え直す決断じゃない"
七人の兄弟がいたが,彼らはもう一人の兄弟と結婚した.
"スノーホワイトとセブンダーウィー"
キャンペーンのために最初の寄付を出すことに熱心で,彼女は2百万ドルの寄付を集めるまでレースに参加しないことを約束した.
負けた競争でした
彼女はこう主張しています "男性に1000ドルを貸した女性には 250ドルも払わない"と
彼女は驚いたので こう言いました "割引をもらったみたいですか?"
公の場で発言し,公の場で選挙を起こすことを拒否したこともあり, 市民の支援や制度への資金提供が困難だったため, 嫌な思いをした.
ある報道によると,彼女は非難されたとされているが,シロアーはこう言った: "あなたがたは,私が苦しみを感じて骨折すると思うだろう.
キリニスは私の会社の後援者だと 思うでしょう
"わたしの死後に墓に残される"と,何て言うのか.
彼女は泣いた.
アメリカと中国の戦争は北京に有利なのか?
専門家は,米国と中国の貿易戦争が今後の北京にとって有利だと考えています.
ドナルド・トランプ大統領は今年初めに,熱設備や鉄鋼の販売業者に対し関税を課し始めた.
最も重要なのは わずか1週間で200億ドル (約150ユーロ) の売上高が 増加したことです 中国とアメリカの貿易です
北京は米国からの輸出品の60兆ドルに対して 5%~10%の関税を削減した.
中国は米国に匹敵すると約束していますが 世界で2番目に大きな経済圏は 消滅する恐れがあります
中国国家主席の習近平は,価格低下は強要主義者のせいであり,米国に対する反抗は,国民が知っているように,国家元首のせいだと主張した.
専門家によると,北京がうまく対応すれば,米国の貿易戦争は中国に役立つだろうが,両国は経済的に互いに触れない.
アビゲイルはアジア・アメリカ・ニューを研究する研究者で ワシントンと北京の両国で 経済的不況を招くのは これまで以上に 深刻な問題だと主張しています
外交大臣はシリア難民が来るのを待っていたと答えました
シリアはこう主張しています "難民は約束の元に戻り 7年間の戦争によって 壊れた国を建て直す"
外相のワリヒム・ムールームは,国連総会で,国内情勢が改善していると述べた.
反対派が誓約を立てたことで 状況は改善している"と感謝した.
政府がこれまで反政府勢力として国内に居住していた市民を強制送還し,正常な生活に戻す.
暴動が起きたとき 逃亡した難民が 約束の元に戻り 暴動が起きたとき 経済が混乱する
2011年9月に紛争が始まると 国連によると,シリアでは5~5万人の市民が逃亡した.
国の600万人の市民が支援を必要としています
オルムウラムは,シリア政府は,国家における安定を回復できると期待していると述べた.
しかし彼は,それを望まない援助や反対者に支援するものを求めないと言いました.
パリではヨーロッパが街を閉ざしている.
フランスのル・ル・ル・ル・ル・ル・ル・ル・ル・ル・ル・ル・ル・ル・ル・ル・ル・ル・ル・ル・ル・ル・ル・ル・ル・ル・ル・ル・ル・ル・ル・ル・ル・ル・ル・ル・ル・ル・ル・ル・ル・ル・ル・ル・ル・ル・ル・ル・ル・ル・ル・ル・ル・ル・ル・ル・ル・ル・ル・ル・ル・ル・ル・ル・ル・ル・ル・ル・ル・ル・ル・ル・ル・ル・ル・ル・ル・ル・ル・ル・ル・ル・ル・ル・ル・ル・ル・ル・ル・ル・ル・ル・ル・ル・ル・ル・ル・ル・ル・ル・ル・ル・ル・ル・ル・ル・ル・ル・ル・ル・ル・ル・ル・ル・ル・ル・ル・ル・ル・ル・ル・ル・ル・ル・ル・ル・ル・ル・ル・ル・ル・ル・ル・ル・ル・ル・ル・ル・ル・ル・ル・ル・ル・ル・ル・ル・ル・ル・ル・ル・ル・ル・ル・ル・ル・ル・ル・ル・ル・ル・ル・ル・ル・ル・ル・ル・ル・ル・ル・ル・ル・ル・ル・ル・ル・ル・ル・ル・ル・ル・ル・ル・ル・ル・ル・ル・ル・ル・ル・ル・ル・ル・ル・ル・ル・ル・ル・ル・ル・ル・ル・ル・ル・ル・ル・ル・ル・ル・ル・ル・ル・ル・ル・ル・ル・ル・ル・ル・ル・ル・ル・ル・ル・ル・ル・ル・ル・ル・ル・ル・ル・ル・ル・ル・ル・ル・ル・ル・ル・ル・ル・ル・ル・ル・ル・ル・ル・ル・
ヨーロッパは6勝を記録し,1993年以来ヨーロッパが勝利していない.
アメリカを14点5で倒した. 監督デニス・トーマスがヨーロッパでの再出場を決定した.
フィル・ミクラソン (Filmy Klassen) は,アメリカの有名な声優であり,ゲームに熱心で,FPS 16Kで3つのゲームでプレーする.
イタリアのゴルファーであるモリナリーは,その5-0-0で1と4で1位を勝ち, 1979年から優勝した.
ヨーロッパでもっとも小さい選手であるトージョンスは5 - 4でアメリカの選手,ジョーダン・エスピードに負けた.
世界一有名な選手のダスティン・ジョンソンは,イギリス選手のプルトに2対1で敗れた.
8人のライオン・カブの長男,スペインのゲルゴ・ガルシアは,欧州25カ国と5つの大国に代表を務めた.
ほら,今やできないわ.
厳しい年でした
信頼してくださったことを感謝します.
再びメダルを獲得できたことに 胸が躍りました
ヨーロッパの優勝を喜んだガルシアは"もちろんこれはチームの功績であり,私が成し遂げたことを誇りに思う"と述べた.
金曜日は個人戦で2対1で,彼は自分の投手に電球を投げた.
23歳のラームはこう言います "クレイガー・トゥースに勝ったのは 信じられないほどの勇気だったし ファンだったんだ"
ルツはフランスで4戦をすべて負けたため,彼のキャリア・ドラックブ・ベストは13 - 21 - 3だった.
重要な14試合と2試合は ニコール・ワッシュが勝っただけで,選手の常時ベストプレーヤーの驚くべき統計があります.
偉大なランナーであるパトリック・ジャスティン・トーマスとクロニフェノウジーを除いて,アメリカ代表は毎週日・月と努力して大会に参加しました.
ジョージ・ジョンソン・バークが 優勝した結果が 悪い結果だったにもかかわらず 彼はチームにこう言いました "私は彼らの男たちのことを誇りに思う"
今朝ヨーロッパで 熱い鶏肉を作っていたら 時間がかかりました
私たちはゴミを集めました
トーマスにごあいさつください.
彼は良い指導者だ.
彼の12人の選手は皆,うまくプレーした.
私たちは再びチームを組んで PGA of Americaとライダーラグブ委員会のために 働くことを続けます
私は12人の男たちを愛しており,彼らのリーダーであることを誇りに思っています.
叔母さんに食事を与えなさい
追い出されました
レーデタイエと一致するピニルスとマントイからサラソナ王国に降伏した
魚類・野生生物の協議会の新たな報告によると 普通のタバコの吸い込みで 放射線の放射能が低下していることが示されています
熱帯雨林では,ピネラス,マント・サロッタ,シャルロティ,コーリアンバウチで濃度が低下し,濃度が低下していることが報告されている.
北部のピナラス・リングの海岸から約130マイル離れたところ,サダンまで生息するレシピが広がっています.
海岸から10マイル離れた海域では白い地図が見えますが,前週ほどは見えませんでした.
赤いタオルはペコ諸国でも見られます
極地沿岸の国ピネルス (Pinealus) は数週間前に報告され,極地より高い海岸の国ヒンブルク (Hisburg) と極地基礎の国マントリー (Manti) 極地基礎地質地質地質地質地質地質地質地質地質地質地質地質地質地質地質地質地質地質地質地質地質地質地質地質地質地質地質地質地質地質地質地質地質地質地質地質地質地質地質地質地質地質地質地質地質地質地質地質地質地質地質地質地質地質地質地質地質地質地質地質地質地質地質地質地質地質地質地質地質地質地質地質地質地質地質地質地質地質地質地質地質地質地質地質地質地質地質地質地質地質地質地質地質地質地質地質地質地質地質地質地質地質地質地質地質地質地質地質地質地質地質地質地質地質地質地質地質地質地質地質地質地質地質地質地質地質地質地質地質地質地質地質地質地質地質地質地質地質地質地質地質地質地質地質地質地質地質地質地質地質地質地質地質地質地質地質地質地質地質地質地質地質地質地質地質地質地質地質地質地質地質地質地質地質地質地質地質地質地質地質地質地質地質地質地質地質地質地質地質地質地質地質地質地質地質地質地質地質地質地質地質地質地質地質地質地質地質地質地質地質地質地質地質地質地質地質地質地質地質地質地質地質地質地
ピネラス,マント・サラッティ,コリアンなどで呼吸困難が報告され続けている.
わずか数週間前まで 呼吸器疾患は報告されませんでした
