ウェールズ議会の議員は 馬鹿みたいに振る舞うのが心配です
議会のメンバーの中には,彼らの称号を MWP (Member of the Welsh Parliament) に変える提案に不満がある.
この提案は,ウェールズ議会の名称変更計画の結果でした.
議会の議員たちは 馬鹿げていると 思うでしょう
労働党の議員が言ったのは,彼の党は"TWPとPWPと合流するかもしれない"と心配している.
ウェールズ以外の読者にとって,ウェールズ語で twp はクソ, pwp は糞という意味です.
プライド議会のメンバーは,全体として"不満"を示し,代替案を提案した.
ウェールズ保守党のメンバーは,名前の変更に"開かれた"と述べたが, MWPとMuppet (クローズ) の間には小さな口頭が分かれていると強調した.
この文脈では,ウェールズ語のWは,ヨークシャー語のUと似たような発音です.
名前変更の提案を準備中の議会委員会は"議会のメンバーの名前に関する決定は,もちろんメンバーの議論の対象となるだろう"と述べた.
2017年のウェールズ政府法により,ウェールズ議会は名前を変更する権利を与えられた.
6月に,委員会は提案に関する公聴会の結果を公表し,ウェールズ議会を招集する可能性に広く支持を示しました.
議会の議員の称号については,Welsh Parliament Members (ウェールズ議会議員) やWMP (ウェールズ議会議員) を好むと表明されましたが,MWPオプションは公の協議でより大きな支持を得ました.
反対派は代替案を提案しているようだが,合意に達する難しさは,数週間以内に修正案を提出する議長である エリン・ジョーンズにとって,頭痛となる可能性がある.
改革法には,MBAの排除に関する規則や委員会制度の設計など,議会の運営に追加的な変更が含まれます.
法律の議論中に,MFが彼らの名前について最終投票を得るでしょう.
マケドニア人は国名を変更する国民投票へ
投票者は,日曜日に,自分の国の名前を"北マケドニア共和国"に変えるか否かを決めるでしょう.
投票は,近隣のギリシャと数十年にもわたって続いていた紛争を終わらせようと試みたもので,
アテネは長い間,北隣国の名前が 領土の主張であると主張し,EUやNATO加盟の申請に反発してきた.
マケドニアの大統領,ジョージ・イバノフは,名前の変更に関する国民投票に反対し,投票結果を考慮しないと述べた.
しかし,首相ゾラン・ザエフを含む国民投票支持者は,名前の変更はEUやNATO加盟の代償だと主張しています.
セントマーティンの鐘は鳴らない ハーレムの教会は困っている
アダムスは言いました "昔は隅々でバーと教会があった"
"今日は二人ともいない"
酒場が消えてしまったのは 分かりやすいと説明しました
"今日では社会は違うんだ"と彼女は説明しました
"バーはもはや人々が定期的に訪れる 隣の居場所ではない"
教会については 資産売却から得られるお金が リーダーが期待するほど長く続かないと 心配し いつか 始めたところに戻るだろう"
教会の代わりに 住宅が建てられ 住民が集まると 周辺の聖堂には 役に立たないという人もいます
"これらの建物にアパートを購入する人の圧倒的多数は白人だ"と彼女は言う. "それゆえ,これらの教会が完全に閉鎖される時を急いでいることになるだろう.
両教会もハーレムが黒人街になる前に 兄弟団によって建てられたもの― 1870年にメトロポリタン・コミュニティと10年後にはセント・マーティンズです
最初の白人のメソディスト会衆は 1930年代に去りました
近くの教会で礼拝していた黒人の会衆が 建物を占領しました
セントマーティンは 黒人教会が買収しました ジョン・ホワード・ジョンソン牧師が指揮し 125番街の店員を ボイコットしました ハーレムの主要ショッピング街の一つで 黒人を雇ったり昇進させたりしなかったのです
1939年の火災で大破しましたが ジョンソン神父のお堂が 建て直しを計画していた時 カーリオンも注文されました
ジョンソン牧師の息子で セントマーティンの彼の後継者であり カーリヨンは"貧しい人の鐘"と称賛されています
7月にカリヨンを演奏した専門家が "文化財"と"代用できない歴史楽器"と 違った表現をしました
ミシガン大学のティファニー・ングは この曲は 流水辺の教会で18年前により大きな曲に変身した 黒人ミュージシャン ディオニシオ・A・リンドによって演奏された 世界初の曲だと指摘しました
メリーウェザーが言うには セントマーティンは 代わりに来なかった
ここ数ヶ月間 セントマーティンの舞台は 建築家や事業者の複雑な構想で 教会の世俗的な指導者たちや 司教区の役人によって 紹介されました
教会の指導者である教区議会は 7月に教区に手紙を書いて 費用を教区議会に負わせようとしたことに懸念を示しました しかし教区は教区から派遣された建築家や事業者を雇い入れなかったのです
司教区の透明性の欠如を訴えた.
カリフォルニア州ロブスター釣りで13歳の少年を傷つけた
公式情報によると サメがサボの季節の開幕日 カリフォルニア州でサボの狩りをしていた 13歳の少年を襲撃し 傷つけたという.
攻撃は7時前でした エンシニタスのビークンビーチの近くです
チャッド・ハメルはサンディエゴのKSWBTVに語ったところによると,土曜日の朝,友達と30分ほど潜っていたときに,男の子の叫び声を聞いて,水中から彼を引き出すために泳いで来たという.
ハメルは最初はロバを捕まえたことで 興奮しただけだと思っていたが 少年が叫んだことを知った
噛まれたんだ!"
鍵盤が切れていたと 言ってたけど ハメルは少年に 近づいてきた時に気づいてくれた
"みんなに"水中におがいる!"と叫んだんだ"とハメル氏は付け加えた.
少年はヘリコプターで サンディエゴの Rady Children's Hospitalに運ばれ 病院では重症状態で治療を受けています
攻撃の責任のあるサメの種は不明です
沿岸警備隊のキャプテン ラリー・ジャイルズは メディアの取材で 数週間前にこの地域で 魚類が目撃されたことを明らかにしましたが 危険性のある動物ではないと報告されました
ジュイルはさらに 被害者が胸部上部に 衝撃的な傷を負ったと付け加えた
捜査と安全のため 警官はビーチへのアクセスを 48時間禁止しました
ザメの種類は135種類以上ですが 大半は危険ではないと 報告しています
サインズベリーズは英国で美容製品産業を推進する計画だ
サインズベリーズはブーツ,スーパードラッグ,デベンハムに挑戦し 専門のアシスタントに 専用の美容品の店を 配りました
ブランドは,ファッションや家庭用品の販売が減少する一方,成長し続けています. 国内11店舗でテストされ,成功すれば,来年より多くの店舗に導入されます.
超市がテレビやマイクロ波や家用品のために 使っていた棚のスペースを 活用する新しい方法を 探している間に 美容投資が起こっています
サインズベリーズは,初めてRevlon,Essie,Tweezerman,Dr. PawPawなどのブランドを含む,美容品の提供量を3,000製品に倍増すると述べた.
L'Oreal,Maybelline,Burt's Beesの既存のラインナップは,ブーツなどの店舗に似たブランドのエリアで,より広いスペースを占めることになる.
超市はブティック・メイクをリニューアルし,ほとんどの商品がベーガン化しています.
さらに,香水販売会社The Fragrance Shopは,Sainsbury'sの2店舗で許可を試行し,そのうちの1つは南ロンドンのクロイドンで開店し,もう1つは今年後にはバーミンガムのSelly Oakで開店する予定です.
オンラインショッピングや 近所の小さな店から毎日少量で食料品を購入する動きにより スーパーマーケットは人々に買い物するよう説得する上で より多くの努力を迫られています
サインズベリーズのMike CoupeCEOは 店舗がスーパーマーケットに 似ていくことを指摘し スーパーマーケットはアルディやリドルなどの 格安店に抵抗して 食料品以外の商品やサービスを 提供しようとしています
サインズベリーズは数百店舗に アルゴス店を導入し 2年ほど前に2つのチェーンを買収して以来 ハビタット店も導入しました この戦略は食料品の販売を拡大し 買収を収益性のあるものにしたのです
スーパーマーケットの前回の 美容製品や医薬品部門の 塗装を回復する試みが 失敗に終わった.
サインズベリーズは2000年代初頭にボートズと合弁を試みたが,その協調はスーパーで販売する薬剤店からの収益の分割に関する紛争に終わった.
この新しい戦略は,Sainsbury'sが3年前に 281店舗の製薬事業を Lloyds Pharmacyのオーナーである Celesioに1億2500万ポンドで売却した後で採用されました
ロイドスにはこのプログラムに 役割がある予定があり,ラ・ロシェ・ポセイやヴィッチーなど 幅広い高級ブランドのスキンケア製品が 4つの店舗に追加された.
サインズベリーズの営業責任者ポール・ミルズ・ヒックス氏は"私たちは美容品部門の外観を変えて 顧客にとって環境を良くしました
専門的な訓練を受けた同僚にも 投資しています 専門的な訓練を受けた同僚も 助言をしてくれます
ブランドはあらゆるニーズに合わせて デザインされています 魅力的な環境と便利な位置が 古いショッピング方式とは違って 美容製品の魅力的な目的地になっています"
ピーター・ジョーンズ 怒っている ホリー・ウィロビーの1100万ポンドの契約を 破棄した
ドラゴンズ・デン・スターのピーター・ジョーンズは テレビ番組のホリー・ウィロビーの 11億ポンドの契約を撤回し
ウィロビーは家具やアクセサリー品の ブランド"Truly"に 時間を費やすことができません
ギャップの事業は グウィン・パルトローの Goopブランドに 比較されていました
37歳のこの朝の司会者は Instagramで辞職を発表した.
ドラゴンズ・デン・スターのピーター・ジョーンズが 激怒して辞めた ホリー・ウィロビーは 収益性の高いブランド事業を 最後の瞬間に辞め マークス・スペンサーとITVとの 素晴らしい契約に 集中した
ある情報筋によると,ジョーンズはテレビの金色の少女がバッキンガム郡マルローにある彼の商業帝国の本部で開かれた会議で,彼の新しい契約 - £1.5mの価値 - が,彼らの家具とアクセサリーブランドTrulyに専念するのに十分な時間を残していないことを認めたときに怒っていた.
この事業はグウィネス・パルトローの Goopブランドと比較され ウィロビーの資産を倍増させると予想されていました £1100万程度です
37歳のウィロビーは InstagramでTrulyを辞めると発表しました ジョーンズはイギリスを離れ 休暇の住居へ向かいました
ある情報筋によると "ホリーにとって トゥーリーは間違いなく最優先だった"
長期的には20年かけて 取り組むべき未来でした
辞めることへの彼の決断は 関係者全員を 完全に無言にしてしまいました
火曜日に何が起きたのか 誰も信じられませんでした 打ち上げに迫っていました
マーロウ本部に 商品が詰まっています 売り物です"
専門家たちは,英国で最も儲かるスターの"This Morning"の主播の辞任が 会社に何百万ドルもかかると考えています. 枕やキャンドルから衣類やホームウェアまで, ブランドの発売に遅れがかかる可能性があるため, 投資が多すぎるからです.
長い友好の終わりを意味するかもしれません
3人の子供を持つウィロビーと夫のダン・ボールドウィンは ジョーンズと妻のタラ・キャップと10年間友達でした
ウィロビーは2016年に CappとTrulyを立ち上げました そして52歳のジョーンズは 3月に社長として同社に加わりました
休日は夫婦で過ごし ジョーンズはボールドウィン社のテレビ制作会社の 40%のシェアを保有しています
ウィロビーはM&Sブランドの大使となり,ITVの番組"I'm A Celebrity"のゲストとしてAnt McPartlinを代わります.
ジョーンズ氏に詳しい情報筋は 昨夜,彼のビジネスについてコメントを拒んだと伝えた.
ひどい言葉だ そして恋に落ちた
メディアから批判を受けることについて 冗談を言った. 発言は"大統領にふさわしくない"と,そして北朝鮮指導者に優しく見えた.
なぜトランプ大統領は そんなに多くを放棄したのか?
ニュースキャスターの声で言った.
"私は何も諦めなかった"
韓国の北朝鮮の核廃絶に向けた大きな一歩だとトランプ氏が称賛した6月にシンガポールで開かれた最初の会合の後,金氏は2度目の会合に興味を示している.
しかし,非核化交渉は,行き詰まりました.
6月のシンガポール首脳会談から3ヶ月以上経った今,北朝鮮の外交官リ・ヨン・ホは土曜日に国連総会で世界指導者たちに,北朝鮮が北朝鮮の最初の軍縮作戦に対して,米国からの"相当な対応"をしていないと訴えました.
代わりに,彼は強調した,米国は圧力を維持するための制裁を継続している.
トランプは この演説について より楽観的な見方をしました
"北朝鮮との交渉で良い結果が出ています"と彼女は言いました.
"北朝鮮と戦争が始まろうとしている"
何百万人もの人々が殺されるでしょう
今や素晴らしい関係です"
彼は,金氏との関係を改善するための努力が,ミサイル実験の停止,人質解放,最後の米軍兵士の帰還などで,良い結果をもたらしたと述べた.
そして彼は金との関係を説明して 異様な戦略を主張しました
"大統領になるのは簡単ですが 混雑した広場に入ろうとする1万人の人の代わりに 200人ほどの人がここにいます"とトランプは言いました
インドネシアの津波と地震で島が荒廃 数百人が死亡
例えば ロンボク地震の後 非政府組織は 必要ないと告げられました
ローンボクの住民の10%以上が避難したものの 国際援助の必要条件である国家緊急事態は宣言されていませんでした
"多くの場合,残念ながら,彼らは国際援助を望まないことをはっきりと言っていました.
保護団体 (Save the Children) はパルーに派遣するチームを 組織していますが 海外のスタッフが 現地での作業を できるようになるとは まだ確信がありません
国の災害管理局のスポークスマンであるSutopo氏は,インドネシア当局は国際機関が援助に貢献することを決定するためにパルーの状況を評価していると語った.
インドネシアは地震に絶えず晒されているので 自然の猛威に対して 準備ができていない状態です
アチェに津波シェルターが建設されているが 他の海岸では一般的ではありません
パルーでは津波警報が鳴らされていなかったが 被害は大きいと推測されています
理想的な条件では インドネシアの多くの島々を移動することは困難です
自然災害は物流をさらに複雑にするのです
病院船がPaluに向かっていますが,新たな災害の現場には少なくとも3日かかるでしょう.
選挙運動の焦点はインドネシアのインフラ整備であり 道路や鉄道に資金を注ぎ込んだ.
しかし,資金不足は, Joko政権が来年の再選を準備している間に, 影響しています.
イスラム系が宗教の保守派に 移行したインドネシアでは 宗派間の緊張が続いています
イスラム教徒とキリスト教徒のギャングが街頭で戦っているため 千人以上が殺害され 何万人も避難しました 戦闘ではマチェタや弓や矢などの 基本的な武器が使用されています
ルーベルのダニエル・スターリッジがチェルシーと引き分け
ダニエル・スターリッジは89分でリバプールを救いました イングランド・プレミアリーグで チェルシーに負けたのです
スタリッジはチェルシーの門から 25mほど離れたところで シェルダン・シャキリから 球団が1-0で落として 送られた
2番の棒に打つ前に左球に触れた
網の右上角に曲がったまま 扉の枠の上を 飛んだ
球はケパ・アリザバラガの背後に落ちて 網に詰まった
"自分の位置を把握し 球に触れようとしただけさ シャクのような選手は 前向きにプレーするので できるだけ多くの時間を稼ぐことにしました"と スタリッジは LiverpoolFC.com に語った.
"カントが近づいてくるのを見て 手を伸ばしたんだ"
チェルシーは25分目のゴールで ベルギー代表のエデン・ハザードが 勝利しました
青の中野手がマテオ・コバッチッチを 蹴飛ばした
コバチッチは 速攻で中盤に突入した
素晴らしいパスをして ハザードを現地に連れてきた
ハザードが守備を突破し 2番のポールに ランクインしました 左打でリバプール・ベッカーを上回りました
リバプールとナポリは チャンピオンズリーグのラウンドステージで 水曜日の3時00分に イタリアのナポリのサンパウロスタジアムで対戦します
チェルシーは木曜の3時00分に ロンドンでUEFA・ヨーロッパリーグのビデオトーン戦に出場します
インドネシア津波死者数は832人
インドネシアの地震と津波による死者は832人に達した.
報道機関Sutopo Purwo Nugrohoの広報担当者は記者会見で,金曜日に発生した7.5の地震で,多くの人々が崩壊した建物に閉じ込められていると報告した.
崩壊した建物の瓦が38万人を超えるパルー市に 散らばっていました
女性が刺されて死んだ後,32歳の男性が逮捕されました.
殺人捜査が始まりました 女性の遺体が今朝 マーシーサイドのビルケンヘッドで発見されたのです
44歳の女性は午前7時55分に 銃撃傷で発見された ジョン通りにあるグレイソン・メイズで 32歳の男性が 殺人容疑で逮捕されました
警察は,この地域で何か見たことがある人,聞いたことがある人,連絡を要請しています.
警官ブライアン・オーハーガンは"調査は まだ初期段階ですが 疑わしい物を見たり聞いたりした人は 連絡してください"と訴えました
探究に重要な情報を持っているかもしれないので 連絡してください. 探究に役立つ情報があるかもしれないので,
警察の広報担当者は 遺体が発見された女性は 伯ケンヘッドの住人で 遺体が発見されたと確認しました
午後,この女性を認識する友人が 犯罪現場にやって来て 今朝の発見の場所を尋ねました
捜査が進行中で 警察は現在被害者の家族に連絡している.
グレイソン・メウスのタクシー運転手さんが アパートに戻ろうとしており 警察から連絡を受け 建物内外へ誰も入れないと伝えられました
彼は何が起こったか知ると,言葉もなくなりました.
住民は帰還まで 数時間かかると警告されています
警察官が男性に言いました この地域は犯罪現場だと
女性が涙を流して現場に現れた.
"ひどい"と繰り返す
2時頃には警察のトラックが2台 境界線内と1台が外にあるところでした
複数の捜査官が 区画内を監視していました
情報を持っている人は, @MerPolCC に連絡してください, 101 に電話してください,または匿名で 0800 555 111 にCrimestoppers に連絡してください.
議会のクロムウェル像は 歴史の書き直しに 影響を受けた最後の記念碑となりました
退任すれば 詩的な正義になるでしょう 塔リバンがイギリスで 破壊した宗教や文化的な物品を 狂信的なピューリタン派が 破壊したからです
しかしクロムウェル協会は クリックの提案を "狂気"と"歴史の再現の試み"と評しました"
クロムウェル協会の会長であるジョン・ゴールドスミスはこう述べています "現在 彫像の撤去に関する議論のなかで ウェストミンスター宮殿の外側のオリバー・クロムウェルの像が ターゲットになるのは避けられないことでした
イギリスの内戦中の偶像殺しは クロムウェルによって命じられず 行われませんでした
間違ったクロムウェルは 前の世紀で彼の祖先トーマスの行動のために 犠牲にされるかもしれません
素晴らしい描写は 19世紀の人気を証明し 多くの人がまだ祝われるべき人物という人物の歴史の一部です
ゴールドスミスは"サンデー・テレグラフ"にこう語った: "クロムウェルは,おそらく今日よりも19世紀後半に,多くの方に,議会を外部の圧力から守っている者として見なされていた.
極めて正確な表現なのかは 歴史的に議論されています
17世紀半ばの紛争が 国家の発展を左右したことは確かです クロムウェルは その分裂の一部を象徴する 識別可能な人物です
保護者としての彼の業績は 祝い 記念されるべきです"
殺人豚が中国農夫を酔わせて殺す
中国南西部で農夫が豚に襲われ殺されました 地元のメディアによると
元氏だけが身元を特定された男性は,ギョウ州立柳パンシュイ市場にある豚肉場の近くで切断された動脈で血に覆われたまま死体を見つけられたと,南中国朝日新聞は日曜日に報じた.
豚飼育者が豚にワクチン注射を準備している 2005年5月30日 中国青海省のシンニング市
周りのユンナン省から 周りに15頭の豚を売りに行くために 周りに来たそうです
翌朝 叔父上は彼を死体で見つけ 近所の豚屋のドアが開いていたことに気づきました
豚の巣には 大きなオスがいて 鼻に血がかかっていると
検察の調査によると 250kgの豚が 飼い主を殴ったと証言されています
"私のいとこの足は血で覆われ,傷つき"と ウと特定されたいとこは語りました.
監視カメラの映像では ユアンが木曜日の4時40分に 市場に入って豚に餌をあげているのが 映っています
遺体は"時間後に発見された
殺人犯の動物は ユアンや従兄弟の物ではなかった
市場担当者は"エブニング・ニュース"に 豚が閉じ込められていると伝えました 警官が犯罪現場で証拠を集めている間に 豚が他の人を攻撃するのを防ぐためです
農家の死で 賠償金交渉中です
珍しいことですが 豚による人間への攻撃は 過去にも報告されています
2016年 マサチューセッツ州で 豚が夫妻を襲い 被害者は重傷を負いました
10年前 ウェールズ人の農夫を 300キロの豚が トラクターに釘付けにしました 妻が追い払ったまでです
2012年にオレゴン州の農家が豚に食われた後 マニトバ州の飼育業者が CBCニュースに語ったところによると 豚は通常攻撃的ではありませんが 血の味が触媒として機能します"
"彼らは遊びをしたいだけなんだ
遊び心があり 興味深く 害を及ぼさない
適切な敬意を示せばいい"と説明しました
ローザの雨が 雨を降らせます
予報通り ローザはメキシコ北海岸の 寒い海域に移動するにつれて 勢いを失いつつあります
しかし,ローザは,今後数日間,メキシコ北部と,アメリカ南西海岸に,豪雨をもたらします.
ロザは138キロメートル/時間までの風を記録し 準1級のハリケーンで 日曜日の5時頃には メキシコのプンタ・ユージニアから南西620キロでした
ロザは日曜日に北へ移動する.
一方,太平洋に荒れが積もって 東に向かってアメリカ西海岸に向かっています. ロザは熱帯嵐としてバジャカリフォルニア半島に接近し,熱帯湿度を北へ押し上げます.
ロザは月曜日はメキシコの一部地域で 25cm 雨を降らせる.
熱帯の湿度が接近した荒廃物と共に 雨が多く降るので 雨は西南部に広がります
地元では 2~10cmの雨が 危険な急洪水や 荒れ果てた荒れ果てた荒れ果てた荒れ果てた荒れ果てた荒れ果てた荒れ果てた荒れ果てた荒れ果てた荒れ果てた荒れ果てた荒れ果てた荒れ果てた荒れ果てた荒れ果てた荒れ果てた荒れ果てた荒れ果てた荒れ果てた荒れ果てた荒れ果てた荒れ果てた荒れ果てた荒れ果てた荒れ果てた荒れ果てた荒れ果てた荒れ果てた荒れ果てた荒れ果てた荒れ果てた荒れ果てた荒れ果てた荒れ果てた荒れ果てた荒れ果てた荒れ果てた荒れ果てた荒れ果てた荒れ果てた荒れ果てた荒れ果てた荒れ果てた荒れ果てた荒れ果てた荒れ果てた荒れ果てた荒れ果てた荒れ果てた荒れ果てた荒れ果てた荒れ果てた荒れ果てた荒れ果てた荒れ果てた荒れ果てた荒れ果てた荒れ果てた荒れ果てた荒れ果てた荒れ果てた荒れ果てた荒れ果てた荒れ果てた荒れ果てた荒れ果てた荒れ果てた荒れ果果果果果果果果果果果果果果果果果果果果果果果果果果果果果果果果果果果果果果果果果果果果果果果果果果果果果果果果果果果果果果果果果果果果果果果果果果果果果果果果果果果果果果果果果果果果果果果果果果果果果果果果果果果果果果果果果果果果果果果果果果果果果果果果果果果果果果果果果果果果果果果果果果果果果果果果果果果果果果果果果果果果果果果果果果果果果果果果果果果果果果果果果果果果果果果果果果果果果果果果果果果果果果果果果果果果
熱帯の湿度により 雨量は2.5~7.5cm/hに達します 特に南ネバダ州とアリゾナ州は
雨は2.5~10cm程度で 西南部の一部地域 特にアリゾナ州は 雨が降る見通しです
熱帯雨の普遍性により急激に悪化する条件で 突如洪水が起こり得る.
熱帯雨の脅威がある場合,徒歩で砂漠に冒険することは強くお勧めしません.
豪雨は川の峡谷を 洪水に変え 嵐は風を吹き荒れて 塵を上げます
接近する荒廃は 南カリフォルニア沿岸部に 地元的に大雨を起こす
1cm以上の降水が起こり 砂崩れや滑りやすい道路が 流れることが限られている可能性があります
この地域では 雨季初となるでしょう
雨が広がる前に,水曜日後半から月曜初旬まで, アリゾナ州に接近する.
火曜日から水曜日まで 激しい雨が降る
10月になると 北極が冷却するにつれて アメリカでは気温が急上昇しますが 熱帯は暖かくなっています
時には短距離で気温が大きく変化します
温度の大きな差異が 顕著な例が セントラルアメリカです
ミズーリ州カンザスシティと ネブラスカ州オマハと セントルイスとアイオワ州デスモインの間では 約20度差が観測されます
暑い夏の残暑は 今後数日間 再び膨張し 膨張しようとします
10月の初めは 暖かい中部や東部で 予想されています 南部平原から北東部地域では 26°C
ニューヨークでは火曜日には26°Cに達する気温が予想されます 平均より約12°C高い気温です
長期気象予報では 10月上旬まで 平均より高い気温が 東アメリカに 予想されています
観客数は2千万人以上でした
およそ2千万人以上が6つのテレビ局で 追随した. 連邦最高裁候補者ブレット・カバノウと1980年代の性的暴行の容疑者クリスティン・ブレシー・フォードの 説得力のある証言.
一方 政治的な行き詰まりは続いています 放送局は通常の番組を休止し 週末の金曜の決定を決定しました アリゾナ州上院議員ジェフ・フレークが提案した 合意で FBIは一週間の調査を 実施します
フォードは上院司法委員会に 完全に確信している事を伝えた 高校のパーティーで 高校のパーティーで 酔っ払ったときに 裸足しようとした事を
熱烈な証言で カバノは 100% 間違いないと断言しました
恐らく金曜日のニールセンが示した 2040万人以上の人々が 証言を視聴したのでしょう
平均視聴率を計算していました CBS,ABC,NBC,CNN,Fox News Channel,MSNBCなど
PBS,C-SPAN,Fox Business Networkなど他のネットワークでは すぐには提供されませんでした
番組を視聴する視聴者を数えるのに 難しかったのです
観客の数は サッカープレーオフや オスカー賞の観客の割合に相当します
フォックス・ニュースは, 評論家がカバノウ氏の指名を支持した. 視聴者は569万人,平均で全日の視聴率を上回った.
ABCは第2位で326万人の視聴者でした
CBSは310万,NBCは290万,MSNBCは280万,CNNは250万という視聴者数を記録した.
聴聞後も 関心は高かった
フレイクが金曜日のドラマの中心人物でした
共和党の内閣がカバノウに投票すると宣言した後 フレイクは金曜日の朝 CNNとCBSのキャラに 非難され 司法委員会へエレベーターに乗ろうとしたときに 撮影されました
非難され CNNで生中継される間 数分間目を伏せていました
"私はあなたの前にここにいます"と女性が言った.
"私は本国に真実を語っていると思うか?
"あなたは力を持っているのに 多くの女性は無力だ"と
フレイクは彼の事務所が 声明を出したと証言し 引き上げが閉まる前に 委員会で他にも言いたいことが あると宣言しました
ケーブルネットワークや放送局は全て わずか数時間後に 直接放送しました 司法委員会が カバノウ氏の指名を 議会全体に提出することを 投票した際です
しかし フレイクは 民主党のマイノリティの要求に従って FBIが次の週に 候補者に対する指名を 検証することを確信したときに 実行すると述べたのです
フレイクは友人である民主党上院議員 クリス・クーンズとの会話で 部分的に納得した
クーンズと話し合い その後 他の上院議員と話し合い フレイクが決断を下しました
フレイク氏の選出は重要でした 共和党は調査なしに カバノウの支持票を得られないと 明らかでした
トランプ大統領は FBIの調査を開始しました.
英国首相メイは批判者に ブレグジットについて"政治"していると非難
首相テレサ・メイは,彼の政策を批判する人々に対し, EUが英国の未来を政治的に支配し,国の利益を脅かすことを非難した.
2018年9月29日,英国首相テレサ・メイが英国バーミンガムで開催された保守党会議に到着.
首相との面接の隣り合わせで,前外相のボリス・ジョンソンは,英国とEUが関税を課すという提案は"まったく馬鹿げている"と,彼のいわゆる"ブレグジット・チェック"協定を攻撃しました.
警官はLSU選手ディートン・シンプソンの殺害容疑者を逮捕
警察は20歳のLSUバスケットボール選手の Wayde Simsの銃による死亡で容疑者を逮捕した.
20歳のディートン・シンプソンは 2度目の殺人で 逮捕され 刑務所に入れられたと バトンルージュ警察は発表しました
警官はシムズとシンプソンの争いのビデオを公開し,警察はシムズが争いでメガネを落としたと証言している.
警察は犯罪現場から 眼鏡を回収し シンプソンのDNAを検出したと CBSのWAFB通信が報じている.
交際後 警官は 容疑者が ウェイドを 意外に撃ったと認めたと証言した
弁護団の弁護士によると 保証金35万ドルと決まっている
東バトンルージュ市検事事務所は 金曜日に 初期報告を出した. 死因は首に銃撃による傷だ.
州警察の脱走捜査団と 警察科学研究室,南大学警察,そしてこの逮捕を目的とした 地域市民が協力したことに 州警察は感謝しています
"LSUの陸上競技部長は 治安部隊の取り組みと正義の追求に感謝した"
シムスは20歳だった.
198cmのサッカーは バトンルージュで育ちました 父のウェインもLSUでバスケットボールでプレーしていました
昨年シーズン,選手は試合平均5.6ポイント 2.6 2.6リバウンドを記録した.
金曜日の朝,LSUのコーチ,ウィル・ウェイドは, チームが"ショック"と"ショック"に 陥っていると述べた.
"これはあなたが常に心配していることです"とウェードは言いました
噴火火山が灰をまき散らす メキシコシティ
ポポカテペトル火山から噴出する灰が メキシコの首都の南部の近郊に届きました
メキシコの国家災害予防センターは24時間以内に183回のガスと灰の噴出が記録されたため,土曜日にメキシコ人に火山から離れることを警告しました.
センターは様々な地震を 確認していました
ソーシャルメディアの画像では,Xochimilcoのようなメキシコシティの街区の車窓に 薄い灰が覆われていることが示されています.
地理学者は,首都から45マイル (72キロ) 南東に位置する火山の活動が増加しているのを検知しました 2017年9月に,マグニチュード7.1の地震がメキシコ中央部を襲った以来です.
"ドン・ゴヨ"として知られる火山は1994年から活動しています
カタルーニャ独立投票記念日前夜,警察と分離主義者が衝突
独立運動の抗議者らが警察の暴動対策部隊と衝突し,数千人がカタルーニャ独立投票の1周年を記念するデモに参加したことで 6人が逮捕されました.
抗議警察に阻まれ 仮面武装分子集団が 警官を狙った卵や粉塗料を投げ込み 普段は観光客で溢れる街に 暗い塵の雲を投げつけた.
警察が殴打を止めようと 棒を振るったことで 戦闘が続きました
独立運動団体が"忘れないで 許さないで"と歌いながら 何時間も 組合運動団体が"スペインに長寿!"と叫んだと 衝突しました
地元報道によると,デモで軽傷を負った14人が治療を受けています.
カタルーニャ独立運動の連中が承認した10月1日の国民投票が違法だと宣言されてから1年後の今,この地域では緊張が高まっている.
投票者は独立を圧倒的に支持しましたが 投票率は低かったため,独立に反対するカタルーニャ人は投票を大抵抵抵制しました
カタルーニャ当局によると,昨年,警察が地域各地の選挙区で 選挙を繰り広げようとした際, 暴力的な衝突で 負傷者は約1000人近くでした.
独立主義グループは金曜日の夜に 国民警察の支持のデモを阻止するために キャンプを構えていた.
実験は成功しましたが 代替手段が採用されました
カタルーニャが独立する可能性を期待できなくなったと発言した. カタルーニャは,独立を希望している.
"昨年は最高の年でした
投票権の機会に両親が喜びの涙を流しているのを見たけど 今は何もできていない"と彼女は説明した.
カタルーニャ独立党は昨年12月の地方選挙で 極めて重要でながらも 僅かな勝利を収めたものの 今年も勢いを維持するのが困難で,運動の著名な指導者の多くが 国民投票や独立宣言の組織化に関与して 裁判を待っているまま 自発的に亡命か刑務所にいる.
警官を支援する抗議を携帯で録音した42歳の機械工のジョアン・プイグは 紛争は両党派の政治家が煽ったと訴えました
"状況はますます緊張している"と彼女は言った.
カタルーニャの9人の指導者の中で1人,昨年末から裁判を待っていたオリオル・ユンケラス氏は,来年の欧州議会選挙に参戦すると発表した.
"欧州選挙に参戦するのは,民主主義の価値が崩壊し,スペイン政府が抑圧していることを非難する最善の方法だ"と彼女は説明した.
ロンドンデリー: 家に車で突撃した男を逮捕
33歳 34歳 39歳の3人が 逮捕されました 車がロンドンデリーの家屋に 何度もぶつかった後です
事故は4日 (木) 7時30分頃 バリンガード・クレセントで 起きた
警官ボブ・ブレミングスは ゲートや建物に 損傷があったと報告した
カーに射撃された可能性もあります
メンガの攻撃で リビングストンがランジャーズに 1-0で勝利
ドリー・メンガがリビングストンに 初めてのゴールを打って勝利を収めた
昇格したリビングストンは ランジャースを驚かせて スティーブン・ジェラードを 18試合で2度目の敗戦に追い込んだ
ドリー・メンガのゴールは ギャリー・ホルトのチームが リーグ2に昇格する 決定的な勝利でした
ゲラードのチームは今シーズン プレミアリーグで 勝てない状態で ランキングトップのハーツと 8点の差で戦います
ランジャースは木曜日に ヨーロッパのリーグで ラピッド・ウィーンを迎えました
一方 リビングストンは 6試合で連勝し リーグで勝利を収めており ホルト監督は ケニー・ミラーを 代行してから 負けたことがない
リビングストンは 客を倒して チャンスを無駄に
ホルトのチームはゴールよりずっと前に 優位に立っていたはずだったが ランジャーの直撃で 問題を抱えた
スコット・ロビンソンは突破したものの ドアの鏡に 引きずり込まれた アラン・リトゴウは ドアを蹴り抜けるのは ドアの向こう側にある クレイグ・ハルケットの頭痛を 迎えるために 突入しただけです
ゲストは レンジャーズが 目の前にプレーするのを許すことに満足しました 客を蹴り込みで困らせる可能性があることを知っていました
そして,重要な目標が達成されました.
ランジャースは罰球を投げた リビングストンは開口を打つ デクラン・ギャラガーとロビンソンは メンガに勝て 球場からゴール
レンジャーズはボール保有を 支配していましたが 守備は破れなかったので 守備のライアム・ケリーは 心配する必要はありませんでした
このパターンは 2時半も続きましたが アルフレド・モレロスはケリーをパレードに巻き込みました
スコット・ピットマンは ランジャーズ・ゴール・アラン・マクグレゴールの足で 目標の試みを止められたし リトゴウはリビングストンの別のプレーパターンから ショットオフを出した.
ロープはリビングストンで連続して中断され 2回の厳罰の要求は,ハーケットと 代替のグレン・ミドルトンとの対戦と1回の手誤で拒否されました
リービングストンの素晴らしいパフォーマンス - 分析
BBCスコットランドのアラスダー・ラモント トニー・マカロニー・アリーナ
素晴らしいパフォーマンスで 素晴らしい結果です
最後の選手まで 卓越したプレーをして この卓越した経路で期待を上回っています
チーム復帰以来 彼らのプレースタイルやスタッフは ほとんど変わっていませんが ホルトのチームへの 刺激は大きいです
ヒーローはたくさんいた
キャプテン・ハルケットは 素晴らしい守備を指揮し メンガは コナー・ゴールドソンとジョー・ウォラルを 試合中 追い詰めていました
しかし ランジャーは 鼓舞力が足りなかった
ゲラードと戦った時も 素晴らしい成績をあげましたが この場合 基準を下回りました
ランキング中位にいるランジャースにとって 警鐘のようなものだと考えられます ランジャースは,
エルドゥーガンがケルンで迎えた 対照的な反応
土曜 (月29日) ベルリンでトルコとドイツの首脳が朝食会談した際,笑顔と青い空が広がりました.
これは,NATO同盟国間の関係を緩和する目的で,エルドアン大統領がドイツを訪問した最後の日でした.
議論の焦点は人権,報道の自由,トルコのEU加盟などでした
エルドアン氏は巨大な新しいモスクの オープン式のために コローニウムへ向かいました
この都市にはトルコ以外で最大のトルコ人集団が住んでいます.
警察は安全上の理由を挙げて2万5千人の群衆がモスクの前に集まるのを阻止しようとしましたが 多くの支持者が近所に集まって 大統領に会いました
抗議活動に参加した人数は数多く,クルド人を含む数百人.
抗議はドイツでトルコ人にとって英雄として見られ 他者にとっては独裁者だと非難される 訪問者に対する反発を反映しています
デプトフォードで事故 バイク運転手1人が車に衝突死
ロンドンで自転車運転手が車に衝突して死亡.
事故はベストウッド・ストリートと エヴリン・ストリートの交差点近くで 都市東南部デプトフォードの 交通渋滞の多い通りで
運転手は車を止めて 救急車が到着しましたが 男は即死しました
この事故は,別のサイクリストが 路上で盗難の被害を受け, 事故から約1マイル離れた場所で,
地元警察は 容疑者の身元を特定し 遺族に連絡を出すよう 努力していると伝えています
道路を封鎖し バスを改行し 運転手は 周辺を避けるよう指示されました
ロング・ラートン刑務所: 暴動中に6人の警備員が負傷
刑務所の6人の警備員が 警備の厳重な男性刑務所で 暴動を起こした際に負傷したと 刑務所の事務局は伝えました
騒動は ウォーチェスターシャーの長ルティン刑務所で 始まった.
特殊部隊が"竜巻"を派遣し 暴動を鎮めるため 8人の囚人が刑務所の1つの部屋に閉じ込められています
警官は顔に軽度の傷を負ったため 現場で治療を受けています
刑務所の広報担当者はこう言いました "特別訓練を受けた刑務所職員が ロング・ラートン刑務所で進行中の事件を抑えるために動員されました
スタッフ6人が負傷し 治療を受けています
刑務所内での暴力は容認できません 犯人は警察に報告され 刑務所での刑が長くなる可能性があります"
ロング・ラートン刑務所には 500人以上の囚人がいます 国内で最も危険な犯罪者を含む
6月に,刑務所の監督が囚人の攻撃を受けて病院に治療を受けることが報告されました.
昨年10月 暴動対策部隊が 刑務所に呼び寄せられ 暴動を起こし 職員にビリアンドボールで襲われました
ローザは,フェニックス,ラスベガス,ソルトレイクシティを襲う.
熱帯低気圧がアリゾナ州に 襲うのは稀ですが 来週初めには 予報されるでしょう 荒野の南西部を ローザの最後の波が襲い 突発洪水の危険が広がります
州庁は既に水災警報を 発信しており,水災警報は12月と2日の間に 西アリゾナ州から 南ネバダ州,南西カリフォルニア州,ユタ州まで及び,
ロザは火曜日にフェニックスに向かい 月曜の夕方まで 雨が降る
フォニックス州立気象庁はツイートで わずか10の熱帯サイクロンだけが 1950年以来 200マイル以内のフォニックスで 熱帯嵐または熱帯低気圧状態を維持していると報告しました
カトリーナ (1967) はアリゾナ州国境から40マイル以内にあるハリケーンでした"
ニュー・オークランド・センターの最新モデルでは 5~10cmの降雨が予想されています アリゾナ州モゴロン・リムでは わずか15cmの降雨が予想されています
中央ロッキー山脈やグレートバシンの他の地域では わずか10cmの降水量が予想されています
洪水のリスクが少ない地域では ローザがもたらす雨は 祝福の種かもしれません 地域は乾燥状態にあります
洪水は深刻な問題ですが 雨の降りが 肯定的な部分も得られます 南西部は 乾燥期を迎えています
アリゾナ州では40%以上が 極端な干ばつで 被害が多くて 2番目に多い地域だと 干ばつモニターセンターが報告しています weather.comは報告しました
初めは,ローザの流れはメキシコのバハカリフォルニア半島を横断して陸地へ向かう.
ロザは,まだ日曜日の朝に 嵐の強さを維持し,最大速85マイル/時間 の風が吹いていました. これは,プンタ・ユーゲニアから南385マイル,メキシコで,
寒い太平洋に衝突して 力を失う
予報によると,この嵐は, 午後から月曜日の夜にかけて,
メキシコの一部では 豪雨が多く 洪水のリスクが高まります
"バジャカリフォルニア州からソノラ州北西部まで 7〜15cmの降雨が予想され 最大は25cmの降雨が予想されています"と weather.comは報じています
ロザはメキシコを北へ移動し,熱帯嵐として,アリゾナ州国境まで 火曜日の朝早くまで移動し,熱帯低気圧状態になり,その後,アリゾナ州を横断し,火曜日の夜遅く南ユタ州に向かいます.
"ロザやその影響による主なリスクは,バハカリフォルニア州,ソノラ州北西部,アメリカ南西部砂漠地帯の 豪雨だ"と,国家ハリケーンセンターは報告した.
この雨は致命的な突発洪水や砂漠へのゴミ流や 山岳地帯の山地への滑雪を引き起こします
ミッドソマー・ノートン襲撃 殺人未遂4人逮捕
3人の青少年から20歳の男性までが 暗殺未遂容疑で逮捕されました 16歳の少年がソマーセットで 銃傷で発見された後です
少年が負傷して発見されました Excelsior Terrace 周辺のミッドソマー・ノートン地区で 土曜日の午前4時頃
病院へ送られ 状態は安定しています
17歳,18歳2歳,20歳男を 逮捕した. ラッドストック地区で,
警官は,この事件を携帯電話で撮影した人全員に 呼びかけた.
トランプ氏は,カバノウは民主党の悪意と怒りに苦しんだと訴えた.
"カバノウ判事への投票は,民主党の残酷で不当な戦術を拒絶する投票です"とトランプはウェストバージニア州ウィーリングで集会で語った.
トランプ大統領は,カバノウ氏は"指名プロセス全体を通して 民主党の悪意と怒りに苦しんだ"と発言しました.
カバノーは木曜日に議会で証言し クリスティン・ブラシー・フォードが10年前に10代の頃 性的暴行を申し立てたことを 熱心に断言しました
フォードは裁判で 弁護もした
大統領は土曜日に 言った "アメリカ国民は あの日 カバノウ氏の 卓越した能力と勇気を見ることができた"
"カバノウ裁判官を承認する投票は 現代で最も優れた法律の頭脳である― 優れた公務員としての実績を持つ弁護士を 承認する投票です"
大統領は川越氏の指名について 共和党の中期選挙への 影響について 直接的に言及しました
"人生で最も重要な選挙に 5週間残っています
候補は 아니지만 頑張っている"と発言した.
"この候補者のために 懸命に戦っています"
トランプ大統領は民主党は"抵抗と阻害"を 約束していると宣言しました
共和党の指導部の助手がCNNに語った. "この選挙は,選挙の終わりに終わらない.
インドネシアの地震と津波で数百人が死亡 死亡者数は増加
インドネシアのスラウェシ島で地震と津波が発生した際に,少なくとも384人が死亡し,多くの人々が巨大な波に襲われ,海岸に押し流された.
夕暮れに18フィートほどの波が海に押し寄せ,多くの人を殺し,道にたどり着いたものを破壊しました. 波は,水面を覆い,水面を覆い,水面を覆い,水面を覆い,水面を覆い,水面を覆い,水面を覆い,水面を覆い,水面を覆い,水面を覆い,水面を覆い,水面を覆い,水面を覆い,水面を覆い,水面を覆い,水面を覆い,水面を覆い,水面を覆い,水面を覆い,水面を覆い,水面を覆い,水面を覆い,水面を覆い,水面を覆い,水面を覆い,水面を覆い,水面を覆い,水面を覆い,水面を覆い,水面を覆い,水面を覆い,水面を覆い,水面を覆い,水面を覆い,水面を覆い,水面を覆い,水面を覆い,水面を覆い,水面を覆い,水面を覆い,水面を覆い,水面を覆い,水面を覆い,水面を覆い,水面を覆い,水面を覆い,水面を覆い,水面を覆い,水面を覆い,水面を覆い,水面を覆い,水面を覆い,水面を覆い,水面を覆い,水面を覆い,水面を覆い,水面を覆い,水面を覆い,水面を覆い,水面を覆い,水面に水面に水面に水面に水面に水面に水面に水面に水面に水面に水面に水面に水面に水面に水面に水面に水面に水面に水面に水面に水面に水面に水面に水面に水面に水面に水面に水面に水面に水面に水面に水面に水面に水面に水面に
津波は,7.5の地震に続いてきた.
"昨日津波の脅威が出た時,人々はまだビーチで活動していたので,すぐに逃げて犠牲者にならなかった"とインドネシアの災害管理局BNPBのスポークスマン,Sutopo Purwo Nugrohoはジャカルタで語った.
津波は海岸に衝突する前に 800 km/h (497 miles/h) の速度で海に移動した. 津波は,海面に波及した.
津波から逃れるために木に登った人もいて 生き残った人もいます
約16,700人がパルーの24の施設へ避難しました
災害対策局が公開した空中写真には 破壊された建物や店舗, 曲がり折れた橋, 倒壊した橋, 水に囲まれたモスクが 写っています
震災は土曜日に海岸都市を震撼させました
震災は240万人の地域でも感じられました
インドネシアの技術評価・応用局 (BPPT) は,金曜日の大地震から放出されたエネルギーは,第二次世界大戦中の広島に投下された原子爆弾の200倍近くだったと発表しました.
長い狭い湾の端にあるこの都市の地理は 津波の大きさを増した可能性があると 彼は言いました
被害は"広範囲"と説明し,何千もの家や病院,ショッピングモール,ホテルが崩壊したと述べた.
被害者の遺体は崩壊した建物の瓦に閉じ込められ,さらに540人が負傷し,29人が行方不明だと付け加えた.
被害は,Paluから北300km (190マイル) の海岸沿いで,地震の震源に近いドンガラという地域で,より大きい可能性があるとNugroho氏は述べた.
通信は完全に停止し,ドンガラからの情報は一切なく,ヌグロホは言いました.
赤い十字は"300,000人以上の人々がこの地域で暮らしている"と宣言し,そのスタッフとボランティアが 被害地域に向かっていると付け加えた.
"これは悲劇ですが,もっと深刻なものになりかねない"と彼女は言いました.
警報が発せられた時,海浪がやって来たと当局が言ったにもかかわらず, 警報は受けられなかった.
ソーシャルメディアで共有されたアマチュアビデオでは 建物の一階の男性が 震災を警告するために 怒鳴っているのが聞こえます
数分後 壁がビーチに崩れ 建物や車を吹き飛ばしました
映像の真相はすぐに確認できませんでした
地震と津波により パルー周辺の通信が切断され 緊急救援活動が 調整されることが困難になりました
軍側はジャカルタや他の都市から貨物飛行機で援助を送るようになっており, 避難者は食料や生活必需品を必要としていると当局が指摘している.
空港は救援のためだけに 閉鎖され 10月まで休止されます
ユキオ・ウィドド大統領は日曜日にパルーの避難施設を訪問する予定です
インドネシアの津波では死者は800人以上になりました.
ひどいこと
従業員たちはオフィス裏庭ので避難しましたが,途中には破壊的な景色に見られました. ドセバ氏は,
"多くの家が破壊されたと聞きました"と彼女は言いました.
ひどいこと
援助団体が救助のギアを運ぶ困難な作業を 始めた時でさえも 知識豊富な外国人の救助作業員が パルーまで 移動することを妨げられているという 苦情がありました
インドネシアの法律では 海外からの資金や物資やスタッフが 到着するのは 災害現場が 国民災害地域と 宣言された場合に限ります
まだ実現していない
"これはまだ地方規模の災害だ"とインドネシア赤十字のスポークスマンであるオリア・アリアニは言いました.
"国情が悪いから 国際援助も受け入れるが 状況はまだ決まっていない"
金曜日の地震と津波の後 パルーで2夜目になり 失踪した人々の友人や家族は 遺族が自然災害の悲劇を 解消する奇跡の一部になることを 期待していました
土曜日に,子供が排水槽から引き出された.
救助隊は日曜日に 母親の遺体を横にして 2日間 遺骸の中に閉じ込められていた女性を救出しました
インドネシアのパラダイム選手のコーチであるゲンドン・スバンドノは,行方不明になったパラダイム選手の2人を,今月インドネシアで終了したアジア競技大会のために訓練していました.
ローラ・ローアホテルに 閉じ込められた人の中には マンダジもいました
"パラダイブ業界で経験がある私は 感情的な負担を背負っています"
跳びコミュニティに広まった後,彼はビーチで行われていたパルーのフェスティバルに参加していた選手たちに,絶望的にWhatsAppでメッセージを送っていた.
しかし彼のメッセージは 青い2つのマークではなく 灰色の1つのチェックマークで止まりました
"メッセージが届かなかった"と彼女は言った.
盗難者達が 26,750ドルを盗んだ
金曜日の朝 盗人は26,750ドルを ブルークの営業マンから盗んだ ニューポート・オン・ザ・リーヴーのATMに 貨物を配給していたとニューポート警察の報道によると
運転手は遊園地のATMを 掃除し 追加現金を出そうとしたと 捜査官デニス・マッカーシーが声明で述べた.
忙しくしていた間,別の男が ブリンクの従業員の裏から突っ込み 配達金のかけらを盗んだ.
証言によると 容疑者が事件現場から 逃げていると判明したものの 警察は 事件に関与した人の数を 明らかにしていない.
犯罪者の身元を 知り得る方は ニューポート警察に電話してください 859-292-3680
カニエ・ウェスト:ラッパーが名前を変えて"Ye"
ラッパー・カニエ・ウェストが Yeに名前を変えた
"カンヤエ・ウェストとして知られる人"とツイートした.
ウェストは41歳で,長年 Yeというニックネームで 6月にリリースされた8thアルバムに そのニックネームをつけました.
この変更は,Saturday Night Liveに出演し,新しいアルバム"Yandhi"を披露する前日でした.
番組の制作者は"感情的な理由"で参加を中止した歌手アリアナ・グランデを 代替するそうです
ウェストは,この言葉は彼の現在の職業名から略されたものではなく,宗教的な意味があると以前から言っていました.
"聖書の中で最もよく使われる単語は"ye"だと思います. それは"あなた"という意味です. "とウェストは今年初めにラジオの司会者ビッグボーイとのアルバムタイトルについて語った.
"だから,それはあなただ,それは私たちだ,それは私たちだ.
唯一"人"という意味の カニエから "エ"へと変わりました 私たちの善悪 混乱を映し出すものなのです
作品は私たちの本当の姿を反映している"
名前を変えたラッパーの一人です
Sean Combsは Puff Daddy,P. Diddy,または Diddyとして知られていましたが,今年,彼はLoveとBrother Loveの名前への偏りを発表しました.
ウェストの元コラボレーターである JAY-Zは 文字列と文字が大きくてもなく 名前も変更しました
メキシコの大統領選で選出されたアンレス・マヌエル・ロペス・オブラドールは 民間人に対して 軍隊を使用しないことを誓いました
メキシコの大統領選で選ばれたアンレス・マヌエル・ロペス・オブラドールは 学生に対する血のまみれの50周年を記念して 民間人に対して 軍事力を決して使わないと約束しました
ロペス・オブラドールは土曜日に,トラテロルコ広場で, 軍隊を決してメキシコの人々を抑圧するために使用しないと約束しました.
1968年10月2日,平和的なデモで 300人を殺害した兵士が,ラテンアメリカ全土で左派学生運動が勢いを増している間に,
ロペス・オブラドールは,月額で学生補助金を与え,より多くの公立大学を設立することで,若いメキシコ人を支援すると約束しました.
失業と教育機会の欠如が 犯罪集団へと若者を駆り立てていると 指摘しました
アメリカはIAFへの資金を倍増すべきだ
中国が人工知能の分野で 積極的に取り組んでいる一方 米国は人工知能の研究費を倍増すべきだと Google,Microsoft,Appleで働いたAI投資家・ライ・カイ・フー氏は言う.
このコメントは,米国政府による AIに関する様々なグループによる発表に続くもので,米国では一般的に正式なAI戦略が欠けている.
一方 中国は昨年 AIイノベーションの第一国を目指す計画を発表しました 2030年までにAIイノベーションの第一国になることを目指しています
"AIの研究予算を倍にするのは 良いスタートです 他の国々はアメリカよりもずっと後れていて AIに新たな革命が必要なのです"とLee氏は言いました
資金の倍増は AIの次の大きな成功の可能性を倍増させるかもしれないと 本週 CNBCのインタビューで Lee氏は語った.
本月Houghton Mifflin Harcourt社に出版された"AI スーパーパワーズ: 中国,シリコンバレーと新世界秩序"という本を書いている Lee氏は,中国の AI 企業Face++に投資した Sinovation VenturesのCEOです.
1980年代,カーネギー・メルロン大学で AIシステムに取り組んで 最高スコアでアメリカのオテルロ選手を倒した. その後はマイクロソフト・リサーチの幹部,Googleの中国部門の社長を務めた.
リー氏は,米国政府の先行技術コンテストである Defense Advanced Research Projects Agencyのロボットチャレンジを思い出し,次回はいつ開催されるのか尋ねました.
リー氏は"米国の研究者は 政府から資金を得るために 苦労しなければならない"と語っています
"中国が学問界のリーダーを奪っているのは中国ではなく 多国籍企業だ"とリー氏は言いました
ここ数年で FacebookやGoogle その他の技術企業は AIプロジェクトに 大学からの優秀な人材を雇いました
移民政策の変更は米国がAIへの取り組みを推進するのに役立つだろうと述べた.
"私は,グリーンカードがAI博士課程の学生に自動的に提供されるべきだと考えています"と彼女は説明しました.
中国国会議事堂は2017年7月に 次世代の人工知能開発計画を公表しました
中国国立自然科学財団は学術機関で働く人々に資金を供給しています. 国立科学財団や他の政府機関が米国の研究者に資金を配るように,中国では学術研究の質が低いとリー氏は説明しました.
今年初めに 米国国防総省は 産業や大学を対象とした 共同人工知能センターを設立し ホワイトハウスは AIに関する特別委員会を 設立すると発表しました
今月 DARPAは AI Next というプロジェクトに 20億ドルを投資すると発表しました
NSFは現在 AI研究に年間1億ドル以上を投資しています
一方 米国では人工知能の安全保障委員会を設立する計画が 何ヶ月も行われませんでした
マケドニア人は国民投票で国の名前を変更する
マケドニア国民は日曜日に,EUやNATO加盟申請を阻止したギリシャとの長年にわたる紛争を解決する動きとして, 国の名前を"北マケドニア共和国"に変更する可能性について国民投票を行いました.
ギリシャは,マケドニアという名前のある地方を 隣国として主張しており,マケドニアのNATOやEU加盟を拒否しています.
提案された新しい名称について両政府は6月に合意したが,反国民主義者は,この変更がスラブ系多数派マケドニアの民族的アイデンティティを傷つけるだろうと考えている.
代表のジョージ・イバノフは 国民投票には参加しないと宣言し,ボイコット運動は国民投票の有効性のために必要な最低50%に達する可能性に疑問を投げかけました.
国民投票の質問は"NATOとEUへの加盟とギリシャとの合意の受け入れを賛成する"です
名前変更を支持する人達,例えば,ザエフ首相は,これは,前ユーゴスラビア崩壊から生まれた国のひとつであるEUやNATOなどの機関へのマケドニアの入国のために支払われる代償だと主張しています.
"今日,私はマケドニアの若者達のために,彼らの未来のために投票するためにここに来ました.
法律上拘束力はないが 十分な数の議員が 投票結果を尊重すると宣言し 決定的な結果となった.
名称変更には議会議員2/3の多数が必要です
州選挙委員会は 午前1時まで 選挙不規則の報告はなかったと発表しました
しかし投票率は16%で 2016年の最後の議会選挙では 66%の登録者が投票したのに比べて 34%でした
"私は子供たちのために投票するために来た.私たちの場所はヨーロッパだ"と首都スコピエの投票者Gjose Tanevski (62) は言いました.
マケドニアの首相であるゾラン・ザエフ,妻ゾリカ,息子ドゥシュコは,マケドニアの名前の変更に関する国民投票で投票しました.
スコピエの議会の前で 54歳のウラジミール・カヴァルダルコフは 投票をボイコットする人々のカーテンの前に 小さなステージを準備し 椅子も並べていました
"我々はNATOとEUを支持しているが, サービスドアではなく, 首を高くして入ろうとしている"とカヴァダーコフは述べた.
"我々は貧しい国だが,尊厳がある.
受け入れられないなら 中国やロシアなどに 目を向け ユーロアジア統合の一部になれ"
首相ザエフは,NATO加盟がマケドニアに急需の投資をもたらし,失業率が20%を超えていると宣言しました.
"80%以上の国民がEUとNATOを支持している"と投票後,ザエフは述べた.
"イエス"は"我々の未来を決める"ものだと言いました
マケドニアの政治分析研究所が月曜日に発表した調査によると,投票者の30~43%が投票に参加した.
マケドニアのTelma TVが行った別の調査によると 57%の回答者が日曜日に投票する予定です.
その57%のうち70%が"はい"と答えた.
投票の有効性には 50%の投票率と1票の投票率が必要です
国民投票の失敗は,昨年5月に政権を執り始めた以来,西側側側が支持する政府の政策に対する最初の深刻な打撃となる.
チェック マンチェスター・シティのセルヒオ・アゲロが ブライトンの全防衛を回避してゴール
イングランド・マンチェスター・エティハド・スタジアムで2対0で勝利した試合で サージオ・アゲロとラヒム・スターリングが ブライトンの防衛を担当しました
アゲロは65分で得点を 極めて簡単に見せました
アルゼンチン・ストライカーが 試合の初頭に 半場突入しました
3人のブライトン・サッカーの間で 動き回った
アゲロは4つの緑色の球団に囲まれました
ブライトンの境界線で 守備者を屈辱させた
横を左に曲がって スターリングを見つけた
イングランド・ストライカーが最初のタッチを アゲロに返し 右足でブライトンのゴールマチュー・ライアンに 右打を打った
"アゲロは足に問題を抱えている"と シティの監督 ペップ・グアディオラが記者団に語った.
"55分60分 プレーさせると話してた
それが起こったのです
幸運なことに 彼はその瞬間得点を記録しました"
スターリングが初対決で スカイ・ブルースをリードした
ゴールが29分に来た.
アゲロは ブライトンのフィールドで 深い球を受け取りました
左サイドでローイ・サネに 素晴らしいフィルターボールを送った
サネは数歩歩歩いて スターリングを2番目へ導いた
スカイ・ブルースの前手は フィールドを出る直前に 球を網に投げました
チェンジ・シティは チェンジ・シティのチームと戦います チェンジ・シティは チェンジ・シティと戦います チェンジ・シティは チェンジ・シティと戦います
ロッキーズに汚れをかける
ナショナルはプレーオフから 追い出されてるから 再びスタートを迫る理由はない
しかし常に競争力のあるシェルザーは 週末のコロラド・ロッキーズ戦で 投手を目指しています ロッキーズにとって プレアオフの意味がある限りです NL西部の ロサンゼルス・ドジャースに勝っている
ロキースは金曜日の夜 ナショナルの5-2で 再捕を勝ち取ったが まだリーグタイトルを勝ち取れることを期待している
"目標のない試合でも 少なくとも投球できるのは デンバーの雰囲気と 観客の雰囲気 そして他のチームも 今年も最高のレベルになるだろうから"
"なぜ競争したくないの?"
ナショナルはまだ 選手を発表していないが シェルザーが投げるのを 許しているらしい
シュァーザーが34回目で 投手として活躍し 木曜日に投手会を行いました 普段の休憩日でも投手として活躍します
ワシントン州投手 18-7  2.53 ERA 300 ストライクアウト 220 2/3 イニング
ワシントン州西バージニアの集会で
大統領は,共和党の中期選挙への参加が重要だと発言した際に, 連邦最高裁候補のブレット・カヴァナウの状況に間接的に言及しました.
"11月に我々がやったことはすべて 賭けられています.
人生で最も重要な選挙に 5週間しか残っていません
候補者ではありませんが 頑張っています 優秀な候補者のために 頑張っています"
トランプはさらに言いました "この恐ろしい過激民主党の集団が 今起きているのです
必要な手段を使って 権力を取り戻そうと 決意しているので 邪気や卑劣な態度が 見られます
権力と支配を取り戻すために 誰を撃つか 誰を倒すかは 彼らの関心事ではありません なぜなら彼らが欲しがるのは権力と支配であり 我々はそれを与えません"
民主党は"抵抗し,妨害する"という使命を 掲げていると強調した.
"ここ4日間で 明らかになった"と発言し 民主党を怒り 悪い 卑劣な 嘘つきと呼びました
民主党のディアン・ファインスタイン上院議員を 呼び出し 観客に大きな怒りを起こしました
"彼の答えを覚えているか?
文書を漏らした?
ねえ,何してるの?
"いやいや 待ってるよ ひどい体操だったよ 今まで見た中で最悪の体操だ"
労働党はもはや寛容ではない.
言うことを言う人には 容認できない
当地政党のモメント運動家が 私を検閲する投票をした時 あまり驚かなかったのです
労働党の議員のうち 私が一番最後です 皆が自分の意見を言ったからといって歓迎されないと 言われました
私の同僚のジョアン・ライアン議員は 反対派だったため 類似の扱いを受けています
私の場合 信頼の拒否は ジェレミー・コービンとの意見の違いに 批判されました
責任ある経済政策の重要性 国家安全保障 ヨーロッパは 皮肉なことに ジェレミーは前任の指導者たちと 意見が違うような話題でした
金曜日のノッティンガム・イースト労働党の会合の通知は"会議が包括的で生産的になることを望みます"と記しています
8年間 地方労働党の議員として 勤務した中で 金曜の夜間の集会は まさにこんな感じでした
しかし今日,多くの会議のトーンが違う. そして,より優しく,礼儀正しい政策の約束は,忘れ去られて,忘れ去られて,
異なる意見が労働党で許されないことが 明らかになっており,あらゆる意見が党の指導者に受け入れられるかどうかによって 判断されるようになりました.
ジェレミーの党首に就任後すぐに 始まったことです 以前は 似たような政治観を 共有していた同僚は 私の立場を 変えられ 国民安全保障や欧州単一市場など 絶対に受け入れられない立場に 置かれると期待していました
私が公の場で話すとき - 実際何を言っているかは関係ない - ソーシャルメディアで私の辞任を訴えるような 侮辱的な声が上がり 中央の政策を非難し,労働党の一員にならなくてもいいと訴えるのです
これは私の経験だけではありません
私は他の同僚よりも 幸運な人だと確信しています 私へのコメントは 政治的なものです
私は,毎日,セクシュアリティや人種差別的な侮辱を浴びるような 仲間たちの専門性や決意に 憧れていますが,彼らは怖がらないのです.
この政策の時代で最も失望させるのは 侮辱のレベルが標準化されていることです
ジェレミー・コービンは先週,労働党は寛容の文化を 推進すべきだと宣言しました.
真実とは,もはや寛容な環境ではない. そして,不信感の票や 選抜規則の変更によって,党は縮小する.
この2年間 私は多くのアドバイスを受けています 目を低くして 自分の意見を 言うのをやめてください そうすれば大丈夫です
でも 政治に入ったのは それのためではありません
32年前に学生の頃 ターチャー政権の不注意に 労働党に入党して以来 私の高校の教室を文字通り壊してしまいました 私は地元の議員や政府大臣として 最も必要な公共サービスを 支援しようと努めました
私は政治の見解を隠さなかった 最後の選挙でも
ノッティンガム・イーストの誰も 私の政治見解や 現在の指導者たちとの意見の相違に 困惑することはありませんでした
金曜日の提案者たちに言いたいのは 国がブレグジットに向かっている今 家族や企業や公共サービスに 損害を与える状況にあるとき 労働党のリーダーへの忠誠を語るのに 時間とエネルギーを無駄にしたいと 思うのは理解できないということです
しかし,私の唯一のメッセージは ノッティンガム・モメントではなく, 労働党員であろうとそうでないであろうと, 投票者であろうと, 私は皆さんに奉仕することを誇りに思っています. そして, 排除や政治的機会の脅威は, 利益のために行動することを止めさせないことを約束します.
クリス・レスリー氏は ノッティンガム・イーストの議員です
アイル 38-17 メルローズ:
2つの遅刻は 決勝を左右したのかもしれませんが 間違いなくアイアーは 卓越した試合で勝利を勝ち取ったのです
ランキングトップで 10人中1人勝ちです
究極的には彼らの優れた防衛能力や 勇気によって チームを押し上げられたのです そしてコーチのピーター・マーキッドは 満足する理由がありました
"今までの試合で試されていて 未敗ですので,満足している"とコーチは言いました.
メルローズのロビン・クリスティは"アイアーの功績は認められるべきで 彼らは我々よりもチャンスを得ている"とコメントした.
グラント・アンダーソンの14分目のゴールが フレイザー・クリモによって改変され アールがリードしたものの スコットランドの選手のローリー・ヒューズが イエローカードで勝利し ウォリアーズから試合から解雇されたため メルローズは数字を話せました
クリモは半時前には アールの距離を 制限で伸ばし ゴールに勝ったので アールは17-5で 半時半まで 勝った
しかしメルローズは 2局をうまくスタートし バグトのパトリック・アンダーソンのゴールで 5点の差を縮めた
長い休憩期間が続いたため,ルアリッド・ノットが重傷を負い,休憩させられた. 再びスタートした時に,アイアーはスタッフォード・マクドワールのゴールで再びリードを勝ち取った.
アイルの副船長 ブレイア・マックファーソンは黄色のカードを貰った メルローズはプレッシャーの瞬間を終わらせるために ブルース・コルヴィンの未改装ゴールで オーバーチャードした.
スタウアン・ハッチンソンは 球のないクリモとの対戦で 黄色いカードを受け取った時 マックファーソンは アールの進路の裏で タッチダウンを記録しました
クリモはリセットからほぼ同じ方法で 改変しました ロウエがデヴィッド・アームストロングの球場から 球を拾い出し フレンカー・グレゴール・ヘンリーをホームズの5番目へ送った後です
スタイリング・ゲーム・スターは 飲食業界で新しいキャリアを模索している
フォード・キエランは ライセンスされたレストラン会社の 経営者になったことを知ると ホテル業界に転職しました
56歳の俳優は人気のBBC番組で ジャック・ジャヴィスを演じ 長いパートナーであるグレッグ・ヘムフィールと 脚本と演じている
結末となる9話も発表しました そしてキアーナンも クラークラングの後の人生を考えているようです
公式の報告によると 彼はアドリフトモーン・リミテッドの 経営者だそうです
俳優はコメントを拒んだが スコットランド・サン紙の情報筋によると キーナン氏は グラスゴーで"繁栄するレストランビジネス"に 巻き込まれたいと願っていた.
海洋は我々のものだ:ボリビアは,裁判所が太平洋への道を開くことを望んでいます
艦隊はラパスの 縫製布で覆われた海軍本部を巡回している.
公立ビルには海青の旗が掲げられています
ティチカカ湖からアマゾン川まで 海軍の基地は "海は我々のものだ"という 格言で飾られています
戻すのは義務です"
19世紀に起きた資源争いで 失われた海岸が チリに譲渡されたという記憶は まだ残っています また太平洋を再び渡るという願望も残っています
ボリビアは5年間の審議の後,10月1日に国際司法裁判所の判決を待っている間に この期待はおそらく数十年で最高水準に達している.
ボリビアの外交官ロベルト・カルザディラは"ボリビアは勢いがあり 団結と平和の精神があり 明らかにポジティブな態度で 結果を待っています"と説明しました.
ボリビアが数十年に渡る間断的な対話の後, チリが交渉を余儀なくされ,ボリビアが海に出口できる国として認められるよう,
選挙戦を繰り広げているボリビアのカリスマ的な先住民の大統領であるエボ・モラレスには,月曜日の判決で大きな打撃が及ぶ.
"私たちは太平洋に戻るのに非常に近い"と8月末に約束しました
しかし一部の分析者は 裁判所がボリビアに有利になる可能性が低いと 考えているし,そうすれば 変化がほとんどないと 考えている.
オランダの国連機関にはチリの領土を割り当てられる権限はないし,交渉の結果を決める権限はないと明言した.
国際法廷の判決が最終裁決からわずか6ヶ月後に出たことは 事件は"複雑ではなかった"ことを示唆している.
ボリビアの主張は 進歩していないが 過去4年は 遅らせたかもしれない
"海へのアクセス問題は,現在のボリビア政府によって独占されている"とザラテは言いました.
モラレの戦利心的な演説は チリの残った善意を 弱体化させたと示唆した.
ボリビアとチリは 交渉を継続するつもりですが この状況で 交渉を続けるのは非常に困難です
両国は1962年以来大使を交わさっていない.
裁判の決定が極めて迅速であるという考えは,ボリビア代表であるエドゥアルド・ロドリゲス・ヴェルツェ元大統領が否定した.
共同利益の139年の対立を終わらせることができる"と説明した.
また,ラテンアメリカの最も人気のある大統領の一人モラレスが,海事問題を政治の隠れ家として利用していることも否定した.
"ボリビアは太平洋へのアクセス権を決して放棄しない"と付け加えた.
"この判決は 過去を乗り越える必要があることを示す機会だ"
北朝鮮は,アメリカへの信頼がなければ, 核軍縮は実現できないと宣言している.
北朝鮮のリ・ヨンホ外相は,北朝鮮がワシントンに信頼できない限り, 核兵器解除を決して行わないと述べた.
土曜日に国連総会で演説しました
双方のライバル首脳がシンガポールで会合した際の約束を 守るように米国に呼びかけました
声明は,米米国務長官マイク・ポンペオが北朝鮮の金正恩氏とのシンガポールでの会談後,停滞した外交交渉を再開する意向を示している間に,
制裁の継続と朝鮮戦争終結宣言に対する米国の反対が北朝鮮を屈服させるなんて 幻想だと説明します
ワシントンは,平壌がまず重要な軍縮行動を取らない限り,声明を出すことを警戒している.
金氏とドナルド・トランプ大統領は2度目の首脳会談を望んでいる.
しかし北朝鮮が安全を確保する唯一の手段だと 考えている兵器を放棄する意向があるかどうかについては 疑い深い意見が広まっています
ポンペオは金・トランプの2回目の首脳会談の準備のため 来月平壌を訪問する予定です
パリのファッションショーでは 最近の流行が 巨大なヘッドカバーで紹介されています
帽子屋のコレクションを広げたり 完全に日光を遮断したいなら これ以上探さないで下さい
デザイン家 バレンティノとトム・ブラウンは 2019年春夏コレクションの 超大型のヘッドカバーを 展示しました パリファッションウィークで ファッション界を驚かせました
超非現実的な帽子は この夏 Instagramで流行り デザイナーは魅力的なデザインを 歩道に投稿しました
ヴァレンティノの主要作品は モデルたちの頭を覆う羽のような広い縁で飾られた 誇張したベージュ色の帽子でした
オーバーサイズのアクセサリーには 飾り付けられた水,魔法の帽子,そしてパイナナスが付いていましたが 頭を暖めるように設計されていません
ストックリな仮面の選出も発表しました ハロウィーンにちょうどいいタイミングで
色々な色のマスクの多くは 唇を縫い合わせたもので ハンニバル・レクターの 像に似ています 高級ファッションよりも
ひとつはマスクとメガネのついた ダイビングスーツのようで もう一つは溶けた氷ののようでした
素晴らしいスタイル宣言を繰り返すなら 運がよろしいでしょう
スタイルファンは 巨大な帽子が 高級ファッションの街で あなたにも届くかもしれないと予測しています
超大型の帽子は"ザ・爆弾"の フォロワーに登場します リハナからエミリー・ラタトコフスキーまで 広く3メートル以上のストレッチを帯びた ストローヘットです
社交メディアに広がる 非常識な帽子の 崇拝のラベルは 巨大な創作物を 広場に送りました 履いているスーツモデルと同じくらいの大きさで ストローでできたビーチバッグです
焼けたオレンジ色のラフィアバッグは,ラフィアフレンジと白い革のハンドルで仕上げられ,パリファッションウィークで2019年の春夏コレクションのハートピースでした.
著名なデザイナー ルーク・アーミテージはFEMAILにこう語った. "この大型帽子やビーチバッグは来年の夏に高級品店に登場するだろう.
ジョン・エドワード:言語能力はグローバル市民にとって不可欠
スコットランドの独立学校は学力的な優れたカリキュラムを維持しており 2018年にはまた 卓越した試験成績が続きました スポーツ,芸術,音楽,その他の集団的な努力で 個々人および集団の成功によって強化されました
スコットランド全土で3万人以上の生徒を抱えるこの学校は スコットランド独立学校評議会 (SCIS) によって代表され,生徒と親に最高のサービスを提供することを目指しています.
独立学校は,生徒を高等教育やキャリアへの進出や,グローバル市民としての世界への進出に備えようとしています
パーソナライズされたカリキュラムを開発し,採用できる教育分野として,現代言語は学校で人気のある科目であり,求められていることがわかります.
ネルソン・マンデラが言いました "人に理解できる言語で話しかけると そのメッセージは脳に伝わります
母語で話すと メッセージが心に届きます"
これは力強い思い出です 他の国の人々と信頼関係を築くためには 英語だけでは十分ではないのです
今年の試験結果から 言語はランキングの上位にあり 独立学校では 成績率が高く見られます
68%の外国語を学んだ生徒が 最高の成績を上げました
SCISの74の学校から収集されたデータによると 72%の生徒が中国語で最高評価を上げました 一方ドイツ語では72%,フランス語では69%,スペイン語では63%でした
これはスコットランドの独立学校が 外国語を 未来に必要とされる 子どものための 基礎技能として 推進していることを示しています
現在,言語は,科目選択として,独立機関や他の場所のカリキュラムでSTEM (科学,技術,技術,数学) 科目と同等に考慮されています.
2014年に英国雇用・スキル委員会が実施した調査によると 職務に就けるのに苦労する理由として 従業員が指摘した理由の 17%は 言語能力の欠如によるものだとされています
そのため,言語能力は若者を将来のキャリアに備えるためにますます重要になっています.
言語能力を必要とする雇用機会が 増えつつある今,グローバル化の世界では,これらの能力が不可欠です.
選択したキャリアに関係なく 2語を習った人は 将来 このような生涯のスキルで 真の利点を得ることができます
他国の人と直接コミュニケーションをとる能力は 複数言語を話す人を 競争の先頭に 自動的に連れてきます
2013年に YouGovが英国で4千人以上の成人を対象に 調査したところ 75%が会話に十分なレベルの外国語を話せなかったそうです フランス語だけが2桁の割合で話せる言語でした 15%です
だから,言語教育への投資は,今日の子供にとってとても重要です.
言語の多さを学ぶことで 特に発展途上国の言語を学ぶことで 子どもたちは より良い仕事を見つけられるでしょう
スコットランドでは,学校ごとに教える言語が異なります.
現代の古典的な言語に焦点を当てる学校もあれば 中国語や日本語などの 2020年に英国にとって 最も重要だと考えられている言語を教える学校もあります
子どもの興味はなんでも,独立学校では,専門の教師がいて,常に様々な言語を選択できます.
スコットランドの独立学校は 子どもを準備し,将来が何であれ成功するために必要なスキルを 備える学習環境を提供することに 専念しています
今や世界規模の貿易体制の中で 言語は国の未来にとって 重要な存在であり 教育にも反映されなければなりません
実際,現代言語は"国際的コミュニケーション能力"と 評価されるべきです"
独立学校は この選択や多様性 そして卓越性を スコットランドの若者に 提供し続けます
やってみないと
ジョン・エドワードはスコットランド独立学校理事会の 理事長です
レブロンはサンディエゴで 日曜日にレイカーズとデビューします
待ち時間も終わりました レーブロン・ジェームズが ロサンゼルス・レイカーズで 試合初出場を待っています
レイカーズ・コーチのルーク・ウォルトンは ジェームズがサンディエゴで デンバー・ナゲットスとの 予選試合に 出場することを発表しました
しかし,まだ何分プレーするか決まっていない.
"1ドル以上で 48ドル未満"と ウォルトンは Lakers 公式ウェブサイトで語った.
レイカーズの記者 マイク・トルーデルはツイートしたところ ジェームズは 限られた数分の試合しか プレイしないと伝えています
先週練習の後 ジェームズに質問されました "レーカースのプレチャンピオンシップ6試合のスケジュールについて どうなる予定?"
"この時点で,私は準備のために友好試合を必要としていない"と彼女は言った.
集会のタイミングで トランプのウェストバージニア YouTubeチャンネル
ドナルド・トランプ大統領は ウェストバージニア州ウィーリングで 集会を始めました
これはトランプが来週予定している 5つの集会のうちの 最初の集会です テネシー州やミシシッピ州などの友好的な場所での 立ち止まりも含まれています
承認投票が待たされていて 連邦最高裁の席を 補うという選択は 待っている中 トランプは 共和党が11月の選挙で 議会を支配を失うリスクがあるため 選挙の中間選挙の支持を 獲得しようとします
トランプの集会は何時に? どうやってオンラインで視聴できるのか?
2018年9月29日 (土) 19:00 (米国時間) に予定されています
ツイッターで配信されている.
トランプ大統領は,今週,最高裁候補のブレット・カヴァナウの裁判について話す可能性が高い. 性的暴行の申し立てにより緊張が強まり,上院の早期承認投票が1週間間待たされ,FBIが調査を進めています.
しかし この一連の集会の主な目的は 11月の選挙に 直面する共和党員たちに 力を貸すことです
トランプ大統領の選挙運動は来週5回の集会が 共和党が上院と下院の過半数を占める立場を 保護し拡大しようとしている間に 志願者や支持者に力を入れるためだと主張しています"とロイターに報じられています
"議会の監視は大統領計画に非常に重要で 大統領は選挙活動の最盛期を迎える今 できるだけ多くの州を 訪問する"と トランプの選挙活動担当者は匿名でロイターに語った.
ウェズバンコ・アリーナで開催される この集会は オハイオ州とペンシルバニア州から 支持者を集めて メディアのピッツバーグへの 注目を引き出す可能性があると ウェストバージニア・メトロ・ニュースが報じている.
2016年に40ポイント以上で勝利した州である西バージニア州を訪れたのは 2回目です
トランプは,投票で最下位にいる,西バージニア州共和党上院議員候補,パトリック・モリスイを助けようとしています.
"大統領からモリシーに投票権を与えるよう 来るのは良い兆しではない"と 西バージニア大学政治学者のサイモン・ヘッダー氏は ロイターに語った.
2018ライダーカップ:アメリカ代表が 闘う勇気を示し 日曜日のシングルまで 期待を張る
3回の片道セッションの後 週末の4人組は このライダーカップに 必要だったかもしれません
振動する振り子は 完全に作り出されたスポーツの概念で 選手たちはこれを強く信じます
では,この電車はどこにいるのでしょうか?
"6ポイントの利点はあったが 今度は4点だ"とジョーダン・スピースは言う.
ヨーロッパは4ポイントで12ポイントも得ています
スピースが言ったように アメリカ人は少し良い風を感じています スピースとジャスティン・トーマスの状態は特に良く 4点3点ずつプレーしている
スピエスはティーの直前からグリーンに 暴力を振るわれ 模範をあげています
試合が進むにつれて 歓喜の口腔の叫びが強くなり 4試合で2点ずつ落ちた時 試合4で 引き分けを決めた 重要なパットが沈み
15ホールの試合で勝利させた彼のパットは 似たような叫び声で迎えられました アメリカがまだ戦場外ではないと 信じていることを教えてくれます
"自分の試合を気にかけることには 気をつけなければならない"とスピースは言った.
選手が今できるのはそれだけです
18ホールで点数をつける
スピースとトーマスより2日間の得点数が多いのは フランチェスコ・モリナリとトミー・フリートウッドです
奇妙で可愛らしいヨーロッパカップルは 4人中4人だ 何も間違えない
週末はボギーを投げなかったのは モリウッドだけでしたが 土曜の朝もボギーを避けました 金曜の午後も9番の穴も避けました
そのコースと 騒々しい観客の元へ 流れていくような彼らのエネルギーが 確実に日曜日の試合に勝つ選手になるのを 強化し リー・ゴルフ・ナショナルで 日没する頃の欧州優勝を 封印する フリーツウッドやモリナリほど 人気のある選手は いないでしょう
理想的には2つの穴を同時に
しかし,ヨーロッパの栄光のスピーチは まだ早すぎる.
バッバ・ワトソンとウェブ・シンプソンは 早くも 午前中のフォーボールヒーローの セルジオ・ガルシアに追いつきました
最初の9洞のボギーとダブルボゲットは スペイン人とスウェーデンを 引き上げられない穴に追い込んだ
しかし,日曜日は誰もいないし, 穴から抜け出すこともできない.
フォーボールやフォーソームは 魅力的で 注目すべきです カップル同士のやり取りや 与えるアドバイスやしないアドバイス そして 戦略が瞬時に変わるという点で
ヨーロッパはこれまでチームとして 優位なプレーをして 最終日に大きな優位性を得ていますが この4人組戦は アメリカが戦いに勇気を備えていることを証明しました 特にアメリカ側が疑っていることです
10-6のリードで Ryder Cupの最終日
ヨーロッパの選手たちは ライダーカップ最終日 10-6の勝利で 4人対4人戦を制した
感動的なトミー・フリートウッドとフランチェスコ・モリナリが 優勝をリードし 2勝を勝ち タイガー・ウッズに勝った
トーマス・ビヨーンが主催するヨーロッパチームは 2年前にハゼルティンで失ったトロフィーを 維持しようとしました 3-1で勝利し 朝のフォーボールで 規則のないアメリカチームに勝ったのです
アメリカは4人組で 2勝を勝ちましたが 負けたのは 復讐力ではありません
ジム・フューリックのチームは 優勝を勝ち取るには 12試合のシングルで8ポイントが必要です
フリーツウッドはヨーロッパ初出者が 4連勝で 4ポイントを獲得した最初の選手で モリナリと彼は 週末の素晴らしい試合で "モリウッド"と呼ばれています
ウォーズとパトリック・リードを4ボールで打ち負かした後 打ち負かされたウッズと アメリカ人初心者 ブライソン・デシャンボウを 5&4で倒すために 素晴らしい仕事をしました
ウォーズが土曜日の2試合に 欠場したところ 偶発的な天才的な動きをしましたが 29試合のうち 19試合を 4人対7人連続で 負けたのです
ジャスティン・ローズは午前中のフォーボール休憩で パートナーであるヘンリック・ステンソンと4人組で 2&1 ダスティン・ジョンソンと世界ランキング1位と3位のブルックス・コプカを 打ち倒しました
しかし,ヨーロッパはパリの南西で 晴れ晴れした一日で 望んでいた結果には達しなかった.
3度の大優勝 ジョーダン・スピースとジャスティン・トーマスは 土曜日に2点でアメリカ人をリードした
4ボールのジョーン・ラームとイアン・ポウルターに 2&1で勝利し,その後 ポウルターとロリー・マクイルロイに 4&3で勝利し,最初の2ホールも失いました.
レイダーカップ史上2回だけ チームが4ポイント差から 単位の試合に戻ったことがありましたが チームメイトとして フリークのチームは 優勝を勝ち取るには 引き分けしか必要ありません
2日間もランキング2位だったのに 日曜の反撃は 敵の手には届かないようだ
北朝鮮は,信頼のない一方的な軍縮を断固として拒否している.
北朝鮮の外務省は土曜日に国連に 制裁の継続は,北朝鮮が米国に対する不信感を深めていると訴えました.
リー・ヨンホは国連総会で,北朝鮮が"核実験やミサイル実験を停止し,核実験場を閉鎖し,核兵器及び核技術の不拡散を約束する"ような"重要な善意措置"を"過去1年間で採った"と述べた.
しかし,米国からの対応は見ていない,と彼女は言った.
"米国への信頼がなければ 国家の安全保障は保障されないでしょう そしてこの状況下では 軍縮を第一に断念することを断念します"
リー氏は,北朝鮮が段階的な行動によって報われるような 段階的な非核化に対するワシントンの抵抗について,苦情のメモを繰り返し引用しましたが,彼の発言は重要なものでした.
リー氏は,6月12日にシンガポールで開かれた,米国大統領と北朝鮮の指導者の初の会合で,金正恩とトランプが発表した共同声明を参考にした.
北朝鮮は1950年から1953年の朝鮮戦争に 正式に終結する合意を求めましたが 米国は平壌がまず核兵器を放棄しなければならないと主張しました
ワシントンは北朝鮮に対する厳しい国際制裁を緩和する呼びかけにも反対した.
"米国は,先ず核廃絶を要し,制裁による圧力を強要し, 強制的に目的を達成する必要性を強調し, 戦争の終結宣言を反対している"とリ氏は述べた.
"制裁が我々を屈服させるという考えは 我々について何も知らない人の幻想です.
しかし問題は,制裁が続くことで,我々の不信感が高まっていることです"
リー氏は,金氏とトランプが2度目の会合を予定しており,
韓国の首相は,金氏と韓国のムーン・ジェインが過去5カ月間に3回会談したことを強調し",非核化問題で対戦相手が米国ではなく,韓国だったら,朝鮮半島の非核化は今まで死んでいるわけではないだろう"と付け加えた.
しかし,この発言のトーンも,昨年国連総会で,北朝鮮のミサイルによる米領土への標的化が避けられないと発言した時のトーンと大きく異なっていました.
国連でトランプ大統領は昨年北朝鮮を"完全に破壊する"と脅迫した.北朝鮮の軍縮への勇気を称賛した.しかし,まだ多くのことを行わなければならないと宣言し,北朝鮮の核廃絶まで制裁は続くと述べた.
川普は水曜日に"期限はない"と宣言し "2年,3年5ヶ月でも構わない"と答えました
中国とロシアは,国連安全保障理事会が,平壌の行動に報いるべきだと主張している.
しかし米国務長官マイク・ポンペオは木曜日に国連安全保障理事会に "安全保障理事会の制裁の遵守は 完全で最終的で確実な非核化が達成されるまで 強く,例外なく続けなければならない"と宣言しました
安全保障理事会は2006年に北朝鮮に対する制裁を 合意で支持し 核開発や弾道ミサイル開発への資金の抑制を試みました
ポンペオは国連総会の際,リ氏と会談し,次月,再び平壌を訪問し,第二次首脳会談の準備をすると述べた.
ポンペオは今年3度北朝鮮を訪問しましたが 最後の訪問はうまくいきませんでした
7月に平壌から帰国し 進展したと報じましたが 数時間後には北朝鮮は"ギャングの要求"を提出したと非難しました
北朝鮮は,本月,ムーン氏との会合で,米国が"対応する"措置を取れば,ミサイル施設と核施設を閉鎖すると約束した.
声明では,金氏は,彼が望んでいた"遵守措置"は,トランプがシンガポールで約束した安全保障と,ワシントンとの正常化に向けた行動だと説明した.
ハーバード大学では 十分な休息を学ぶコースが
ハーバード大学の新しいコースが 今年中に 生徒全員に 睡眠を余分に摂るように促し 成長する男性文化に 抵抗しようとしました 夜間をカフェインで満たす研究です
ある大学院の研究者は 世界一大学で 学生たちは 普段 自らケアすることの 基本的な概念を 理解していないと 発見しました
ハーバード医学部睡眠医学教授で ブライハム・アンド・ウーメンズ病院の 専門医である チャールズ・チェイスラーは このコースを開発しました アメリカで初めてだと考えています
睡眠不足が学習に与える影響について講演した後に このコースを始めました
少女がやってきて言いました "なぜこのことを言うのは 高校生なのに?"
睡眠の重要性が誰にも話されていないと 伝えました 驚いたことに  Telegraphにこう言いました
このコースは今年初めて開催され, 睡眠習慣が学力やスポーツの成績を向上させ, 全体の健康状態を向上させるという 基本的な概念を学生に説明します.
ハーバード医学部精神医学科教授で 医療機関の事務局長でもあるポール・バリーラは 学生たちが週間に睡眠不足がひどく 起きていることを発見した後に このコースを導入したそうです
1時間コースには一連のインタラクティブな活動があります
宿舎の部屋の画像があります 学生たちはコーヒーカップやカーテン スニーカーや本から選んで カフェインや光の効果や 睡眠不足による運動能力の影響や 夕方の習慣の重要性について学びます
別のセクションでは 長期的に睡眠不足が 心臓発作 脳卒中 鬱病 癌のリスクを高める方法について説明します
キャンパスの地図はインタラクティブなアイコンで 参加者に日常について考えさせています
学生の行動がすぐに変わることはないでしょう
喫煙の健康への影響について 知る権利があるように 権利があると考えます"と付け加えた.
睡眠不足がますます問題になっているのは 現代の技術と学生へのプレッシャーによるものだと付け加えた.
十分な質の睡眠は 学生のストレスや疲労や不安を 抑えるための秘密の武器であり 体重を減らすのにさえ役立つでしょう 睡眠不足が脳を飢え状態に 追い込み 人を常に空腹にさせるからです
19歳のカリフォルニアの学生で 化学・物理生物学を専攻しているレイモンド・ソは ハーバード大学初年のとき チェイスラー教授の授業を 聞いた後 教授のコースの開発を手伝いました
キャンパス全体に向けられたコースを 推進するよう促しました
次のステップは 競争力のある大学に 入学する前に 卒業生に似たようなプログラムに 応募するよう求めることです
チェイスラー教授は学生たちに 寝るときと起きる時に目覚め時計を設置し 電子画面やLEDランプから放出される 青い光の有害な影響を意識するよう勧めました 睡眠障害を引き起こす 昼寝リズムを乱すからです
リンガース1 - 0 ゲラードの男たちを倒す
ローズ・ランジャースはホームで 再び落ち込みました ドリー・メンガのゴールで スティーブン・ジェラードのチームを リーグメントから外して リービングストンに1対0で倒しました
イブラックスチームは2月4日の4 - 1の勝利以来 最初のホームでの勝利を狙っていたが,ゲイリー・ホルトのチームは 18試合でジェラードに2回目の敗北を招いた.
半番前7分でメンガがゴールし 激励不足のランジャースは 引き分けがつかないようでした
ランジャーは6位に下がり リビングストンは3位に上がり ヒバーニアンにゴール差で落下した
レンジャーズにはさらなる問題が 起こりうるかもしれません 警備員カラム・スペンスが 首に弾丸を投げられたと 治療を受けています
ゲラードは8つのチームに 交換をさせました チームがベトフリードカップ準決勝で アールを すぐには抜いたのです
一方,ホルトは,先週ハートズに1点奪われた 常規のチームを選んでおり, 十分に準備されたチームが,
ランジャーはボール保有で 支配していたかもしれないが リビングストンは 手にしていたボールを よりうまく利用した
2分後には得点ができたが メンガの1番目で スコット・ピットマンがゴールに突入した
キーガン・ジェイコブスの深遠な罰球で キャプテン・クレイグ・ハルケットが 捕まったが チームメイトのアラン・リトゴウは 2番目で 横を押しかけただけだった
レンジャーズはコントロールを握りましたが 予見戦場でのプレーは 信念よりも希望のようです
アルフレド・モレロスは 間違いなく 15分前半の罰を 科せられるべきだと考えていました スティーブン・ローレスとの戦いで
ランジャースは初戦で2回だけ 射手となったが イブロックス・キーのライアム・ケリーは レスナ・クーリバリーの頭球と オヴィー・エジャリアの 柔らかい射手で 気にしなかった
34分目のリビングストンの開球は 予想外だったかもしれませんが 努力だけで得られたと 否定できないでしょう
再びランジャースは ジェイコブスの深球を 負けた
スコット・アーフィールドは 反応しなかったが デクラン・ギャラガーは スコット・ロビンソンに フィルターを投げて 落ち着いて メンガをクリーンエンドに 選んだ
ゲラードは休憩中にコウリバリーをライアン・ケントと入れ替えて 交換はほとんど即効でした 翼がモレロスにボールを投げつけたので
しかしリビングストンは 観客を 好きなゲームに 引き寄せ続けました リスゴーとハルケットが 長いボールを ひとつずつ拾い上げました
ホルトのチームは 決勝戦で 距離を伸ばしたかもしれないけど マクグレゴーは ライトゴウが角を引く前に ジェイコブスを止めようとした
ランジャースの替わりのグレン・ミドルトンが Jacobsと戦った後 ストローの最後の要求を提出したが トムソンは再び拒否した
ゲイガーカウンターの発明者
そして今度は日曜の朝の日記のページです 1882年9月30日です 136年前の今日です 未来物理学者のヨハネス・ウィルハム・"ハンズ"・ギガーの誕生日です
ゲイガーが放射能を検出し測定する方法を開発した発明で この装置はゲイガーカウンターとして知られるようになりました
それ以来科学の拠点となった ゲーガーカウンターは ポップカルチャーの柱にもなりました 1950年の映画"ベルズ・オブ・コロナド"で
"あれは何だ?"
放射性鉱物を検出するために使われます 放射性鉱物 例えばウランです
この耳元を戴くと 放射性物質が鉱物中に放出する原子の影響を 実際に感じることができます"
"ちょっと待って 爆発してる!"
ハンス・ゲイガーが亡くなりました.
しかし彼の名前の発明は 生きているのです
新しいがんワクチンは 免疫系に悪性細胞を 見るよう 教えることができます
新しいがんワクチンは 免疫系に悪性細胞を"見"して殺す方法を教えます
ワクチンは免疫系に 治療の一環として 悪性細胞を認識するよう教えます
患者の免疫細胞を抽出し 実験室で変容させ
腫瘍の多くの種類に共通するタンパク質を 検知し 再注射されます
このワクチンの実験実験は 様々な種類の癌患者の 治療に期待を寄せています
免疫系が悪性細胞を認識するよう 訓練するワクチンを接種した女性は 卵巣がんが18ヶ月以上 治ったのです
この方法は 患者の免疫細胞を取り出し 検査室で変化させ 癌に共通するタンパク質である HER2 を 見ることができるようにします そして細胞を再び注入します
メリーランド州ベテスダにある 米国国立がん研究所の Jay Berzofsky教授は "我々の結果は ワクチンが有望であることを示しています"と語りました
乳がんや卵巣や肺や直腸など 様々な種類の腫瘍の 増殖を促す"と Berzofsky教授は説明しました
ガン細胞を攻撃する方法を 教えられるように 患者の免疫細胞を抽出する同様の手順が あるタイプの白血病の治療に 効果がありました
カニエ・ウェストはSNLで出演後,Make America Great Again (MAGA) という帽子をかぶってトランプを支持する発言をします.
良くなかった
カニエ・ウェストは,アメリカ大統領ドナルド・トランプを称賛し,2020年に大統領選を 立候補すると述べた未完成の公演の後,サタデー・ナイト・ライブの番組でスタジオで口笛を吹かれた.
MAGA帽子をかぶった3曲目の歌を演奏した後 民主党への怒りを発せ トランプへの支持を強調しました
"白人に話すことが多いので 彼らは言うんです"トランプは人種差別主義者よ どう好きになれるの?
理由を述べました "人種差別を心配していたら ずっと前にアメリカを離れていたでしょう"
SNLは マット・デイモンが主演したショーを始め ハリウッドのスターがクリスティン・ブレシー・フォードの性的暴行の申し立てに対する 上院司法委員会で 証言したブレット・カヴァーノの証言を 嘲笑したシーンを紹介しました
放送されなかったものの ウェストのビデオは 喜劇家のクリス・ロックによって ソーシャルメディアにアップされました
ロックがウェストを騙そうとしたのか 明らかではない
さらにウェストは 観客に背面の帽子で ひどい時間を過ごしていると訴えました
"舞台裏でいじめられた
"帽子で外に出ない"と
脅された!
"私は疎外された人間だ"と 言われました "ワシントン・エグゼマイナー"によると
ウェストは続けて "水中の場所を見たいですか?" と言いました "スーパーマンのコートを着るんです それは何をすべきか教えてくれないから
恋愛に挑戦するんだ"
番組のキャストは恥ずかしくなったようで,ある人が"スタジオは静かだった"と報じた.
ウェストは,前日,前男友であるラッパー・マック・ミラーが亡くなり,
ウェストはペリアーのボトル装で "I Love it"を演奏し 多くの人を驚かせた
保守派のTPUSAのリーダーであるCandace Turnerは 支持を表明しました "最も勇敢な精神の一つに 手を挙げてくれてありがとう"とツイートしました
しかし番組の主持人カレン・ハンターはツイートして言いました "ウェストはただ"そのままでいい"と
"しかし,私は自分のコミュニティに害をもたらすい思想を 抱いていると信じている人に (彼の音楽や服を買ったり,彼の芸術を 支持したり) 報酬を支払わないことを選びました.
解放された
そして私たちもそうなのです"と付け加えました
番組の前にはラッパーはツイッターで 名前を変えて "以前はカニエ・ウェストとして知られていた人"と発表しました
名前を変えたアーティストは初めてではありません. そして,パフ・ダディ,パフィー,P・ディディとしても知られるディディの足跡をたどっています.
ラッパーフレンド スヌープ・ドッグは スヌープ・ライオンと 名前を変えた 消えた音楽伝説のプリンスです
ベルファストのレストランで 刺殺未遂の容疑で
45歳の男性が殺人未遂で起訴されました 金曜日にベルファスト東部のレストランで 男が刺されて
事故はBallyhackamoreで起きたと警察は言う.
被告は月曜日にベルファストの裁判所に 提出される予定だ
検察官事務所が 起訴を再審する
『剣の玉座』のキット・ハリントンが毒性のある男性性について
キット・ハリントンさんは 暴力的な中世のファンタジーシリーズ 『剣の玉座』で ジョーン・スノウの役で知られています
しかし31歳の俳優は 男の子ヒーローのステレオタイプを攻撃し こう主張しました 画面上のこのような足は 尊敬されるために 厳しい人間である必要があると 少年たちに信じさせることが多いのです
"何か間違っていた"と答え, #MeTooの時代における毒性のある男性性の問題をどう対処するかについて考えました.
"『『剣の玉座』』のコスターである 31歳のキットと最近結婚したキットは この問題を非常に心配していると認めています
"私は,非常に今,私的に心配 - 私たちの男性性の誤りは何だった?"と彼は言った.
"今起きている問題に関して,私たちは男性に何を教えましたか?"
キット氏はテレビが 極度に男性的なキャラクターで 毒性のある男性性の増加に 部分的に責任があると考えています
生まれつきのことです 教えられていること
テレビや街で教えられているのは 何で? 男らしくあるべきだと 思うようにさせるもの?
これは現代における 大きなジレンマの一つだと思います 変化を起こすにはどうすればいいのか?
明らかに若者にとって何か問題が起きたからです"
インタビューでは,彼はまた,次の夏にシリーズが終了すると,戦場と馬は終わったと宣言し,『『剣の玉座』のプレクルームや続編を演じないことを認めた.
11月から キットはサム・シェパードの『True West』のリニューアルで 主演を演じる 映画制作者と 泥棒の弟の物語
彼は最近,妻ローズとの出会いを 『『『『『『『『『『『『『『『『『『『『『『『『『『『『『『『『『『『『『『『『『『『『『『『『『『『『『『『『『『『』』』』』』』』』』』』』』』』』』』』』』』』』』』』』』』』』』』』』』』』』』』』』』』』』』』』』』』』』』』』』』』』』』』』』』』』』』』』』』』』』』』』』』』』』』』』』』』』』』』』』』』』』』』』』』』』』』』』』』』』』』』』』』』』』』』』』』』』』』』』』』』』』』』』』』』』』』』』』』』』』』』』』』』』』』』』』』』』』』』』』』』』』』』』』』』』』』』』』』』』』』』』』』』』』』』』』』』』』』』』』』』』』』』』』』』』』』』』』』』』』』』』』』』』』』』』』』』』』』』』』』』』』』』』』』』』』』』』』』』』』』』』』』』』』』』』』』』』』』』』』』』』』』』』』』』』』』』』』』』』』』』』』』』』』』』』』』』』』』』』』』』』』』』』』』』』』』』』』』』』』』』』』』』』』』』』』』』』』』』』』』』』』』』』』』』』』』』』』』』』』』』』』』』』』』』』』』』』』』』』』』』』』』』』』』
この番組で妻に会ったので,この意味では,私の将来の家族,そして今後の私の人生を与えてくれた,と説明しました.
エマリー賞受賞ファンタジーシリーズで ジョン・スノウの愛人 キット・イグリットを演じた
2018年6月にスコットランドにあるレスリー家の邸宅で結婚した.
HIV/エイズ:中国では新規感染者が14%増加
中国ではHIVとエイズ感染者が 14%増加したと発表されています
保健当局によると 820,000人以上が 病気に罹っています
2018年第2四半期に4万件もの新規症例が報告されました
新生患者の圧倒的多数は 性感染症によるもので 過去と比べて変化しています
中国のいくつかの地域ではHIVが感染した血液の輸血によって 過去に広がりました
しかし,この方法でHIVを感染した人の数は ほぼゼロに減少しました. 中国の保健当局は,ユンナン省の会議でこう言いました.
しかし中国ではHIVとエイズ感染者数は 毎年10万人増えています
中国LGBTのコミュニティでは HIVの性感染症が深刻な問題となっています.
同性愛者は1997年に中国で非犯罪化されましたが LGBTに対する差別は依然として蔓延しています
伝統的な価値観のために ある研究によると 男性と性交する男性の70~90%が 女性と結婚すると推定されています
感染する多くの疾患は 適切な保護がなくして 感染した人同士の性関係によって 引き起こされます
2003年 中国政府はHIV治療への取り組みの一環として HIV薬の普及を約束しました
マキシン・ウォーターズは 共和党上院議員のデータを スタッフが漏洩した事を否定し "危険な嘘"と "陰謀説"を非難しています
共和党議員の3人の個人情報をWikipediaの議員のページに公開したことで, スタッフの1人が非難された.
ロサンゼルス民主党議員は,この発言は右翼の意見論者やウェブサイトによって煽られたと主張した.
"嘘,嘘,そして卑劣な嘘"と Watersはツイッターで声明を出した.
公開された情報には,南カロライナ州上院議員のリンジー・グラハムとユタ州議員のマイク・リーとオーリン・ハッチの住所と電話番号が含まれている.
連邦最高裁候補者ブレット・カヴァナウに対する性的暴行の申し立てに関する 専門家委員会で開かれた審理で 匿名で公表された情報です
リークされたのは 3人の上院議員がカバノウに 尋問した後に
Gateway PunditやRedStateなどの保守的なサイトは,投稿のソースを識別するIPアドレスを Watersのオフィスと関連付けていると報告し, Watersのスタッフの情報も公開しました.
"この根拠のない告発は 完全に偽りであり 完全に嘘だ"とウォーターズは続けた.
"私のスタッフのメンバーは 偽りで偏った非難の結果 自身の身元や個人情報や安全が 危険にさらされているので 情報の流出には 責任はありません
この根拠のない告発は 完全に虚偽で 完全に嘘です"
ウォーターズの発言は ホワイトハウスの元報道官のアリ・フレーシャーから オンラインで批判を呼んだ.
この否定は激怒するとFleischerは書いた.
"それは,あなたが議員になるための性格がないことを意味しています.
誰かが犯していないことで非難されると,怒るべきではない.
挑発的なことにはなりません
告発者の動機を疑う必要はない
落ち着いて 落ち着いてください"
フリーシャーは,水星の民主党の批判に対する反応を 批判者によって非難された川越裁判官と比べたようです.
ウォーターズを中期選挙で排除する共和党候補 オマール・ナバロはツイッターで意見を述べました
"確認されたら巨大だ"とツイートした.
ウォーターズは声明で 担当当局や警察に 偏見のある発言を 報告したと述べた.
責任者らは起訴され 危険で私のスタッフ全員を傷つける行為に対して 責任を取られるよう努めます"
ジョニー・イングリッシュのレビューが再び衝撃を与えます - ローアン・アトキンソンが小規模化されたスパイを戯曲
2003年に始まったジョニー・イングリッシュのアクション・コメディのリバイバルに 適用されるようになっています 2011年に復活したジョニー・イングリッシュの映画"リバイバル"です
どれだけひどいことなのかという 隠れた自嘲は 国の新たな輸出機会になるのか?
無能なゴム顔と目から外れたジョニー・イングリッシュは 再び映画を乱す許可を手に入れました 彼の名前は,非英語映画観衆のために作られた 喜劇作品であることを示すものです
明らかに 秘密捜査官の愚かな声は 魅力的な声にも関わらず クルーズーのような感じで ミスター・ビーンのような感じで ほんの少しだけ 飾り付けました 2012年のロンドンオリンピックの 開幕式の"栄光の瞬間"のテーマに
最初アトキンソンは忘れられたテレビ広告で演じた 謎の国際旅行者であり 混沌とした後を去った人物を元に 登場した人物です
この最後のジョニー・イングリッシュの作品には 楽しい瞬間も2つあります
気に入ったのは ジョニー・イングリッシュが 中世の装甲を身に着け ヘリコプターに近づき ヘルメットに短くを振る姿です
アトキンソンの物理的な喜劇への才能は明らかですが ユーモアはかなり低水準で 奇妙に不要なものに思えます 特に今 007やミッション・インポッシブルのような シリーズ映画ブランドが ユーモアを成分として提供している今です
ユーモアは大人より子供向けに 向けられているように感じます そして私にとって ジョニー・イングリッシュの 狂った冒険は アトキンソンの ミスター・ビーンのような 静かな映画でのギャグほど 独創的で 意図的なものではありません
変化しない現状の前提は イギリスが深刻な危機にあるということです
サイバーハッカーが イギリスのスパイの超機密ウェブに侵入し 現地の全ての英国捜査官の身元を明らかにしました 担当捜査官には驚きでした 残念ながらケビン・エルドンには非常に小さな役割があります
傲慢で悩んだ首相の 容器の底を打つのは エマ・トンプソンです 彼女はテレサ・メイのような 役で最善を尽くしていますが 脚本にはあまり 取り組むべきことがありません
諜報担当は 活動中のスパイが 完全に破壊されたと伝え 退職したスパイを 呼び戻す必要があると
つまり,不器用なジョニー・イングリッシュは 華やかな施設で学校を運営している一方で 秘密捜査官としての非公式な指導もしています ここで面白いジョークを味わうことができます.
イングリッシュは緊急のブリーフィングのためにホワイトホールに返却され,ベン・ミラーが再現した元パートナーであるボフと再会する.
ボフは結婚して潜水艦の船長と結婚し ヴィッキー・ペッパーディンが無駄にされている 社会的少女の役目です
陛下の諜報機関にとって 災難のバットマンとロビンは 再び活動し オーガ・クルリエンコの美しいフェム・フェタレ・オフィリア・ブルレトバと出会います
一方首相は 危険なほど テクノロジーに魅了された億万長者の 網に引っかかっています テクノロジーが英国のコンピュータ問題を解決すると主張する 危険なジェイソン・ヴォルタ (ジェイク・レイシー)
冗談的な冒険の旅に イングリッシュとボフは着替えて ウェイトレスのように変装して フランスレストランに火をつけたり ヴォルタの豪華ヨットに潜入して地獄を放り出すこと そしてイングリッシュは 仮想現実の仮面を使って ヴォルタの家の中身を 馴染み合うようにしようとすると 純粋な無秩序を 作り出します
舞台は最終シーンに 備わっていますが 劇場内には 幼稚園テレビが たくさんあります
結構控えめなことです
ジョンニー・イングリッシュの他の映画と同じように 私は思ったのです イギリスの映画業界は ローアン・アトキンソンに 彼の才能に合った役を 与えられないだろうか?
労働党は,英国人が週4日働くのに5日労働賃金を得る計画が 立てられていることを否定している.
ジェレミー・コービン政権の労働党は 根本的なプログラムを検討しています 英国国民が週4日働けるようにする計画です 5日労働で給料がもらえるというものです
労働者は人工知能革命によって 節約されたお金を 会社経営者に 余分な休日を与えることで 引き継ぐよう求めています
従業員は3日間の週末を享受し 同じ給料を支払えるのです
党の経済計画と 労働者を支持する国への政策に 合致する考えだと 報道関係者は述べた.
労働組合大会では労働者が 変化する経済から恩恵を受けられるように 4日労働を承認しました
労働党の幹部が"サンデー・タイムズ"に語った. "年末までに政策の見直しについて発表する予定だ"
労働週は4日制ではなく,労働者の経済を回復する党の取り組みと,全体的な産業戦略に合致するものです.
労働党は,この考えを支持する最初の政党ではない. 2017年の総選挙キャンペーンでは,グリーン党が4日制の週を約束していた.
しかし,この願いは,現在,労働党の支持を得ていない.
労働党の広報担当者はこう述べた: "4日労働週は党の政策の一部ではなく,現在議論の対象ではない.
陰謀大臣ジョン・マクドネルは 先週,労働党の会議を活用して 経済社会主義革命のビジョンを明示しました
マクドネル氏は,公共事業の"顔のない経営者"と"投機家"から 力を取り戻す決意を表明しました
シェード・チャネルルの計画では,現在の水道会社の株主は 株式を全部回収できない可能性があり,労働党政府は違法行為に基づいて 控除を適用する可能性がある.
従業員を取締役会に 入れることや 株式投資基金を設立する計画も確認しました 民間企業の資産の10%を従業員に譲渡し 従業員は年収500ポンドの配当金を手にします
リンジー・グラハムとジョン・ケネディが 60分に語る FBIの調査が カバノウを改めるのか
裁判官ブレット・カバノウに対するFBIの捜査は 最高裁に任命される最終投票を 少なくとも"週間延期させました 政府の捜査機関の調査結果が共和党上院議員の支持を左右するかどうか疑問を呈しています
60分通信のスコット・ペリーが共和党上院議員ジョン・ケネディとリンジー・グラハムに インタビューを依頼しました FBIが何か発見して 意見を変えられるか
ケネディは南カロライナ州出身の同僚よりも オープンに表現した
"もちろん"とケネディは言いました
裁判に行く途中 カバノウ判事と話をした
事件が起きた後 電話で彼に言いました "やったの?"
断固とした決断でした
グラハムの投票は 岩に刻まれています
"ブレット・カヴァナウについて 明確な見解があり 弾丸の証拠で起訴される可能性もある"
"フォード博士,何が起こったのか分かりませんが,ブレットが断固として否定していることは知っています"とグラハムはChristine Blasey Fordを指して付け加えました.
任せる人なら誰でも 証明できない
36年経った
変化する新しいものは何も見ていない.
グローバル・シチズン・フェスティバルとは何か? 貧困を減らすために何かしたのですか?
この土曜日にニューヨークは グローバル・シチズン・フェスティバルを開催します 毎年恒例の音楽イベントで 素晴らしいスターたちが登場し 同じように重要な使命があります 世界貧困をなくすことです
7回目となるグローバル・シチズン・フェスティバルは,何千人もの人々がセントラル・パークのグレート・ラウンに集まると予想されています. Janet Jackson,Cardi B,Shawn Mendesなどの演奏を楽しむだけでなく,このイベントの本当の目的について, 2030年までに極度の貧困をなくすという意識を高めます.
2012年に始まったグローバル・シティజన్・フェスティバルは,グローバル・ポヴェリティ・プロジェクト (Global Poverty Project) の延長で, 貧困を積極的に撲滅する人々の数を増やすことで貧困を撲滅することを希望する国際支援団体です.
コンサート参加者は 寄付や世界リーダーへのメールや電話など 様々なことをして 貧困撲滅の目的を 意識させるような 重要なことを 実行しなければなりませんでした
しかし,グローバル・シチズン・フェスティバルは,目標達成まで12年しか残っていないのに,
無料のコンサートで人々に報酬を 与えるという考えは 本当に人を説得して 行動への呼びかけを促す 真の方法なのか それとも クリックティビズムと呼ばれる 単なるオンラインの請願書に署名したり ツイートしたりすることで 変化をもたらすと感じている人々の 別の例なのか?
2011年以来,グローバル・シチズンは 支援者による"900万件以上の 行動"を記録し, 様々な目的のために活動しています.
これらの行動が世界のリーダーに 促し,世界各国が 2030年までに225億人以上の人々の生活に 影響を与える37億ドル以上の政策とコミットメントを 発表しました
2018年初頭には 390件のコミットメントと発表を挙げており,そのうちの少なくとも1000億ドルが既に配当または資金として利用されている.
グループによると,これまで,保護資本基金は世界全体で約6億4900万人に対して直接的な影響を与えていると推定されています
重要な取り組みの1つは,イギリスを拠点とする投資家と実行者のパートナーシップである"栄養の力"です. この団体は"子どもの潜在能力を最大限に発揮する手助け"を約束し,
寄付者や国政府や皆さんのようなグローバル・市民の支援で 社会不平等や栄養不良を歴史の裏書きに変えることができます"と 2018年4月にロンドンで行われたライブでThe Power of Nutritionの大使 Tracey Ullmanが人々に語った.
グループによると,英国が母親と子供の栄養を改善するために5,000以上の取り組みを実施した後,政府は"栄養の力"というプロジェクトに資金を投入すると発表し,栄養支援を通じて5百万人の女性と子どもたちに届くという.
ウェブサイトのFAQの"つに答えました "貧困を終わらせられるか?
グローバル・シチズンはこう答えました "長い道のりで 困難で 時には失敗する"
しかし,偉大な公民権運動や 私達の前の人種差別反対運動のように,私たちは成功するでしょう. なぜなら,私たちは一緒に強くなるからです.
ジャネット・ジャクソン,ザ・ウィークエンド,ショーン・メンデス,カーディ・B,ジャネル・モナエは,今年のニューヨークでのイベントの参加者の中で,デボラ・リー・ファーネスとヒュー・ジャックマンが主催する.
アメリカは海軍を 使って ロシアのエネルギー輸出を 封鎖し 妨げるかもしれない - 内務長官
ワシントン・エクサミナー紙によると,米内務省のライアン・ジンケは,ワシントンは,必要に応じて,ロシアからのエネルギー源が中東を含む市場に出向くのを阻止するために海軍を活用する可能性があると明らかにした.
シンケは,ロシアのシリアへの関与は,特に,正当な政府の招待を受けて活動しているシリアでは,新たなエネルギー市場を探求する口実だと主張した.
中東にいる理由は エネルギー交渉をしたいからです 東欧の南部の中心地であるヨーロッパと同じです
官僚によると 対応手段もあり
アメリカ海軍は海路を開放し,必要に応じて海上封鎖を施すことができるので,アメリカ海軍は,そのエネルギーが市場に投入されないようにする力がある,と彼は言った.
シンケは,米国におけるエネルギー消費者の声であると自称する非営利団体であるConsumer Energy Allianceが主催したイベントで講演しました
ワシントンの戦略を ロシアとイランとの交渉と比較し 実際には同じことだと指摘しました
石油と石油の代替燃料を活用する経済的な選択肢は, 石油と石油の代替燃料を活用する経済的な選択肢だ"と,
この発言は トランプ政権が欧州への液体天然ガス輸出を拡大し,欧州の消費者に最も安価なロシアを代替するというミッションに 巻き込まれているからです
この目的のために,ドナルド・トランプ大統領を含むトランプ政権の役人は,ドイツを"不適切な"ガス管道計画である"北流2号"から脱退するように説得しようとしています.
11億ドル規模のガスパイプライン"ノルドストリーム2"は 110億立方メートルまで 既存のパイプラインの容量を倍増させる計画で 純粋に経済的な計画だとモスクワは繰り返し強調しています
クレムリンは,ワシントンの熱烈な反対は 単なる経済的な理由で,不公平な競争の例だと主張しています.
消費者は供給者の選択を 許されるべきだと私は考えています"と ロシアのエネルギー大臣アレキサンダー・ノバク氏は9月にモスクワで米エネルギー長官リック・ペリーと会談した後に述べた.
アメリカ合衆国の立場は,ドイツが否定的な反応を招き,ドイツはプロジェクトへのコミットメントを再確認しました.
ドイツの主要な産業団体であるBDIは,米国に対し,EUのエネルギー政策やベルリンとモスクワの双方向協定から外れるよう要求した.
私は,第三国が我々のエネルギー供給に干渉する事について大きな問題だと考えていますと,ドイツ産業連合 (BDI) のディーター・ケンプフは,ドイツ・メルケル首相とロシアのプーチン大統領との最近の会合を後に述べた.
エリザベス・ウォーレンが2020年の大統領選を 真剣に検討すると マサチューセッツ州上院議員は言う
マサチューセッツ州上院議員 エリザベス・ウォーレン氏は土曜日に 選挙後大統領候補を 真剣に検討すると述べた.
マサチューセッツ州ホリオークで開かれた市議会で ウォーレン氏は候補を考察することを確認した.
"女性たちがワシントンに来て 政府の不具合を直す時です"と彼女は言いました "女性を最高に 任命すること"と"The Hill"は報じている.
11月6日以降,私は大統領候補を真剣に検討する.
ウォーレン氏は市議会で トランプ大統領について発言し 国を間違った方向に導くと非難しました
"ドナルド・トランプが民主主義に何をしているのか深く心配している"と彼女は言いました.
ウォーレン氏はトランプ氏と最高裁に任命したブレット・カバノウ氏を 批判しています
投票前にFBIの調査が必要になるのは当然だ"とツイートした.
しかし木曜日に発表された世論調査では ウォーレン氏の支持者の大半が 2020年に候補を挙げると考えていないことが示されました
マサチューセッツ州の"可能性のある"有権者の58%が,サフフーク大学政治研究センター/ボストン・グローブによる調査によると,上院議員は選挙に出馬すべきではないと答えた.
32%が支持した.
投票結果では,デヴァル・パトリック元知事の候補が支持され,38%が候補を支持し,48%が反対した.
2020年の候補候補として議論されている他の民主党の名には元副大統領ジョー・バイデンとバーモント州上院議員バーニー・サンダースも含まれています.
バイデンは"月までに正式な決定をすると発表しました.
サラ・ペイリンがトランプの集会で トラック・ペイリンに
トラック・ペイリン 26歳 9月に入隊してイラクで1年間
逮捕され,自宅暴力で起訴されました.
"息子が今 経験していること,帰国後 経験していることは, 後に起きたストレス障害や 兵士が帰国する傷を負ったような 経験をしている他の家族と 結びつけることができます"と オクラホマ州タルサで ドナルド・トランプの集会で語った.
パリンは逮捕を"部屋の象"と呼び 息子や他の退役軍人のことを "少し違って帰ってくる" と言い 仲間の兵士やパイロットや 他の兵士が 献身してこの国に奉仕した 敬意が持てられるのか疑問に思いました
アラスカのワシラで逮捕され 女性を襲撃し 家庭内暴力で起訴されました これは家庭内暴力と麻薬の銃身分に関する 報告書に違反しています
18州とコロンビア州が新しい保護政策の挑戦を支持
18州とコロンビア地区が ギャングや家庭内暴力から逃れる被害者に 亡命権を与えないという 新しい政策に反対する 法的闘争を 支持しています
18州とコロンビア地区の代表が金曜日にワシントンD.C.に 移民政策に異議を唱えた亡命者を支持する 文書を提出しました.
連邦政策に対する 市民の自由協会の 8月の訴状の 完全な名前は公表されていません
彼女はパートナーと暴力的なギャングの子たちが 彼女を虐待したと主張しましたが 7月20日に米国当局が彼女の庇護申請を拒否しました
テキサスで逮捕されました
グレースの弁護団は,米国に大量に亡命者を送っているエルサルバドル,ホンジュラス,グアテマラを ギャングや家庭内暴力の蔓延している国として説明しています.
移民の訴え委員会が2014年に下した 国内暴力から逃れる不法移民が 申請できるという 政策を 改正したものです
金曜日,コロンビア地区の検察長 カール・ラシン氏は,この新しい政策は,州法,連邦法,国際法など,何十年も無視されていると述べた.
連邦法では,すべての亡命申請は 申請の特殊な事実や状況に基づいて 審査されなければならない.
検察側は移民の入国を禁止する政策が米国経済に害を及ぼすと主張し,移民が起業家になり 必要な労働力を供給する確率が高いと主張した.
6月にジェフ・セッションズ司法長官が 移民裁判官に 家庭内暴力やギャングによる暴力から 逃れる被害者に 難民保護を 認めないよう命令しました
難民は人種,宗教,国籍,社会集団の属性,政治的見解のせいで迫害や恐れを理由に故郷を離れた人々に対して 受け入れられる.
幼稚園は 世界中で毎日 直面する あらゆる問題や 深刻な問題さえ 緩和するために 設計されたものではありません
生き残りを捜すため 死亡者数が倍増する中で
生き残った人々にとって 状況はますます絶望的になりました
震災したパルーの避難施設で熱を強い小さな子供を慰めながら 35歳の母親のリサ・クスマは言いました
病院の救急車が 身体を運んでいる
清潔な水は稀です
住民は壊れた家に戻り 壊れた物品を捜索し 何でも取り戻すようにしています
被害者は数百人 規模7.5の地震で 病院は満員でした
負傷者のうち,肩と背中を骨折したドウィ・ハリスを含む何人かは,パルー軍病院の外で休んでいました.
涙が浮かび上がった彼は 激しい地震が彼の妻と娘と 5階のホテルで 部屋を揺さぶった時のことを語りました
救う時間がない
"壁の瓦に 押しつぶされたと思う"とハリスはAPに語った.
妻が助けを叫んだのを聞いたが 沈黙が続いた
彼女と娘に何が起こったのか 分からない
安全な場所だといいな
アメリカ大使は中国を非難する                    
中国国営新聞が米国紙に 4ページの広告を掲載し,米国と中国の貿易が互恵を誇示した1週間後,米国駐中国大使は,北京がアメリカの報道機関を宣伝に使っていると非難しました.
先週水曜日,ドナルド・トランプ大統領は,イオワ州で売れやすい新聞であるDes Moines Registerの中国・デイリー紙の広告を引用し,中国が米国議会選挙に介入しようとしたと非難した.
トランプ氏の北京が米国選挙に干渉しようとしたとの非難は,米国当局者がロイターに語ったことで,ワシントンが中国に圧力をかけるための拡大キャンペーンの一段階となった.
外国政府が貿易を促進するために宣伝するのは普通ですが 北京とワシントンは 貿易戦争が激化し 関税を互いの輸入品に合わせて調整しています
貿易戦争が始まって以来 中国の報復関税は,トランプの共和党を支持するアイオワ州などの輸出業者を狙ったものだ と,中国と米国の専門家たちは言っています.
中国駐在米大使で 長年農業輸出国であるアイオワ州知事を務めたテリー・ブランスタッドは 北京がアメリカの労働者,農民,企業を傷つけたと訴えました
中国が,日曜日のDes Moines Registerの記事で書いたように, 広告を私たちの無料新聞に掲載することで, 暴力を増やしています.
宣伝を広めることで,中国政府はアメリカの言論の自由と報道の自由の伝統を活用し,デスモーイン・レジスタに広告を掲載している.
逆に,北京の路上新聞では 反対意見の声がほとんどなく,中国共産党の圧政下にあるメディアが,中国の経済状況について,中国国民が持つ意見の違いが, 反映されないと,彼は書いた.
報道は中国で最も有名な新聞の一つが 記事の掲載を拒んだと付け加えたが,どの新聞なのかは明らかにしなかった.
共和党は女性投票者を 半期の選挙前に 疎遠化している
共和党のトップが多く 連邦最高裁に任命されたブレット・カヴァナウを支持し 性的暴行の申し立てを 支持しているため 分析家は 将来の中期選挙で 特に女性から 反対反応が起きると 予想しています
投票で進めるよう 共和党の多くが 公式に表明しています
"これらのことは取り戻すことはできません"と シラキュース大学のマクスウェル・スクールの政治学教授であるグラント・リーラーは土曜日に掲載された記事でThe Hillに語った.
リーラーは,FBIの調査を 要求するジェフ・フレーク上院議員の 緊急要請が 怒りのある有権者を 落ち着かせるには十分ではないと疑っている.
"女性は昨日起きたことを忘れないだろう 明日も11月も忘れないだろう"と 先進的なグループMoveOnの代表者,カリーヌ・ジャン=ピエール氏は金曜日に語った.
金曜日の朝,抗議者たちは上院の議会議室で"11月が来る!"と口笛を鳴らしました. 司法委員会を支配する共和党が,カバノウ氏の候補を承認したにもかかわらず,
独立政治分析家のStu Rothenbergは,ニュースサイトに語った.
高いと言われているが,それは本当だ.
しかし,特に郊外の不決の電気職人や 18歳から29歳の若い有権者では, 投票率がもっと高くなるかもしれません.
フォードが公の証言を出す前でさえも 連邦最高裁候補に対する性的嫌がらせの詳細を 分析者たちは 共和党が承認を続けるなら 反対反応が起こるかもしれないと 予想していました
共和党は混乱している. 共和党の元委員長マイケル・スティールが先週,NBCニュースに語った.
選挙委員会や最終投票や カバノウが選出されるかどうかだけでなく,共和党がどう対処したか,どう対処したかということも問題です.
いずれにせよ フォードとカバノウの証言で アメリカ人は 信じられる人分断に 悩んでいるようです カーバノウの支持率は 低いのです
YouGovの新しい調査によると 41%の回答者が フォードの証言を 肯定的に信じたり 恐らく信じたりした一方で 35%が 肯定的に信じたり 恐らく信じたりしたそうです
さらに38%が,カバノウが証言中に 嘘をついたと 疑っていると答えました. Fordについては,30%が同じことを言いました.
フレイク氏の主張に伴い FBIはフォード氏と 他の容疑者 デボラ・ラミレス氏との 捜査を進めています
フォードは先週上院司法委員会で 誓約書の下で証言しました 17歳のとき 酔っぱらって襲われたと
ラミレス氏は 最高裁候補が 1980年代にイェール大学でのパーティーで 彼女の生殖器を露呈したと主張しています
ウェブの発明者が ウェブの新型インターネットを立ち上げようとしています
世界規模のウェブの発明者ティム・バーナーズ・リーが フェイスブックやアマゾンやグーグルと競争する スタートアップを立ち上げています
テクノロジー伝説の最新プロジェクトである Inruptは オープンソースのプラットフォームである Berners-Lee Solidから 起源を持つ企業です
ユーザーがデータをどこに保管するか ユーザーがアクセスできる情報や情報を 選択できるようにします
Fast Companyとの独占インタビューで Berners-Leeは Inruptの背後にある意図は "世界を支配する"と冗談を言いました
スタートアップの話をしました
史上最高の瞬間です
このアプリはSolidの技術を活用して,個人個人データオンラインストア (POD) を作成することができます.
連絡先やタスクリスト カレンダー 音楽帳など 個人や専門の道具なども含まれます
Googleドライブ,Microsoft Outlook,Slack,Spotifyが ブラウザで同時に使えるようにしています
オンライン個人データストアの特性は,誰がどの種類の情報にアクセスできるかは 完全にユーザーの選択にあります.
会社はこれを"データによる個人エンパワーメント"と呼んでいます
Inruptのアイデアは,会社のCEOであるジョン・ブルースによると,Solidを誰もが利用できるようにするために適切なリソース,プロセス,スキルを導入することです.
同社は現在,バーナーズ・リー,IBMが購入したセキュリティプラットフォームであるブルース,プロジェクトに働くために雇用されたスタッフの開発者,およびボランティアプログラマのコミュニティで構成されています.
この週から世界中のテクノロジープログラマは Inruptのサイトで利用できるツールを使って 独自の分散型アプリを 作成できるようになります
ベルナーズ・リーは,彼や彼のチームは,FacebookやGoogleに,彼らのビジネスモデルが一夜にして完全に崩壊するような, 完全な変革を導入すべきか否かを, 指示しないと言いました.
許可を求めていない
ビジネスにエネルギーとエコシステムを供給し,Solidから構築された新しいウェブの品質と整合性を保護するものです. ネットワークは,Solidから構築された新しいウェブの質と整合性を保護します.
1994年 バーナーズ・リーは マサチューセッツ工科大学で 世界ウェブコンソーシアムを設立し インターネットを変革しました
ここ数ヶ月間 バーナーズ・リーは ネットワーク中立性に関する議論の 影響力のある声でした
Inruptの立ち上げ後も,バーナーズ・リーはWorld Wide Web Consortium,Web Foundation,Open Data Instituteの創設者兼運営者として残る.
"この新しいウェブ時代について 私は非常に楽観的です"とバーナーズ・リー氏は付け加えました
ベルナード・ヴァン:偉大な戦いの聖職者 ヴィクトリア十字を授与
イギリス教会で唯一の聖職者であり 第一次世界大戦で 戦闘員として ヴィクトリア十字を授与された人物が 100年後に故郷で記念されました
軍中尉バーナード・ヴァン牧師は 1918年9月29日にベルレングリスとレホーコートでの攻撃で 賞賛を得ました
しかし4日後 狙撃手に撃たれ 死んだ彼は イギリス軍の最高名誉勲章を 獲得したことを知りませんでした
土曜日は,ノースアンプトンシャー州ラシュデンで 記念碑が2人の孫に 打ち上げられました
孫の1人 マイケル・ヴァンは 石が公の賞を受賞した100周年記念日に オープンされたことは "素晴らしく象徴的"だと語りました
ロンドン・ガゼットによると 1918年9月29日 ヴァン中尉は 霧の中を 兵隊を聖クエンティン運河を横断させ 激しい戦車砲火に遭いました
突撃線に駆けつけ "最も勇敢な"で 線を前進させました 独発砲で3発を撃ち落とした前に
ヴァン中尉は1918年10月4日に ドイツの狙撃手に殺された 戦争の終わりにわずか1ヶ月前でした
72歳のマイケル・ヴァンは 祖父の行動が "自分には決してできないこと"であり "謙虚さを感じる"ことだと言いました
彼は兄弟であるジェームズ・ヴァン博士と共に ブロントウッド帝国青年バンドが 挙行した花束を 落とした
マイケル・ヴァンは"このパレードに参加できて本当に光栄だ"と言い, "本当のヒーローの価値は,多くの人々の支持によって証明される"と付け加えた.
MMAファンは夜中 ベラター206を見に徹した
想像してみてください 夜中 目を覚まして 有名なベルレーター206を見ていましたが その瞬間を 見ることが出来ませんでした
サンホセからの番組は13戦を 含む6戦をメインカードに載せました そして夜にイギリスで放送され チャンネル5で生中継されました
午前6時,ゲガード・ムーザーシとロリー・マクドナルドが戦いを準備していた時,イギリスではテレビ視聴者が驚いており,ペッパ・ピッグが画面に登場しました.
戦闘のために夜明けまで 起きていた後も 腹を立てていた人もいます
Twitterでファンが子供向けアニメへの移行を"不快な冗談"と表現した.
政府の規定では朝6時には 番組は適切ではないので 子供向けに 放送しました"と 放送について尋ねられたベルラターのマーケティング・コミュニケーション担当の 副社長デイブ・シュワルツは言いました.
豚をむ え
ベルレーター社長のスコット・コーカーは 将来,英国視聴者を対象に 番組を制作すると述べた.
コーカーは"リプレイを考えると 解決策を見つけられるかもしれない"と答えました
しかし,そこは日曜日の朝6時です. そして,私たちの時間帯では日曜日,彼らの時間帯では月曜日までに解決ができません.
でも,そのことに取り組んでいます.
番組が変わりると メッセージが沢山届いて 誰も友好的ではなかった
解決しようとしていたのですが 技術的な問題だと考えました
しかしそれは政府の問題でした
次回は起こらないと約束します.
普段の6戦ではなく 5戦に絞り込みました ファンのために 沢山の試合をしようとしました
悪い状況だ
トム・デイリーは 性的性のために 劣等感を感じた
オリンピック水泳選手のトム・デイリーは 自分の性性によって 他人に劣っていると感じて育ったと語っていますが それが成功の動機を与えてくれました
24歳の彼は高校生になるまで 誰もが私と同じではないことに気づかなかったと語りました
ラジオ4の"Desert Island Discs"の初回番組でローレン・ラバーン主催で ゲイの権利について声を上げることで 他人に希望を与えてきたそうです
彼はまた,親になったことで オリンピックの優勝が気にかけないようになったと語りました.
長いこと番組を主催してきた キルスティ・ヤングは 病気の休暇を取った
ラバーネの最初の番組で自己紹介をすると,デイリーは"男の子と女の子を両方好きだったことは社会的に受け入れられない"という理由で,成長するにつれて誰よりも"劣った"と感じたと語りました.
"今の自分とは違うと感じるのは 成功を収める力とエネルギーを 与えてくれたものなんだ"
性的傾向が判明したら 失望させないように やってみたいと 言ったのです
オリンピックで2度銅メダルを獲得した彼は LGBTの活動家として有名になり,今年オーストラリアのコモンウェルス・ゲームで,同性愛を非犯罪化するよう多くの国に呼びかけました.
発言したのは 余計に不幸で 余計な結果のない オープンな生活を送ることができて 他人に希望を与えたいからです
3度の世界選手は2013年に出会った アメリカ人監督のダスティン・ランス・ブラックに恋に落ちたことが 驚きだと語りました
ダレーは昨年 20歳年上のオスカー受賞者と 結婚しましたが 年齢の違いが問題ではないと語っています
若い時に こんなに多くのことを経験する時― 彼は14歳の時に初オリンピックに出場し 3年後に父親が癌で亡くなりました― 同じ年齢の誰かが 同じような高みも低く経験することは 難しいと語りました
6月に両親になった息子の名前は ロバート・レイ・ブラック・ダレーです ダレーは"自分の視点が変わった"と言いました
"もし去年私に尋ねたら 金メダルを獲得すべきだった"と答えました
オリンピックの金メダルより大切なものがある
オリンピックの金メダルはロビーだ
彼の息子は 2011年に脳がんと診断されて40歳で亡くなった父親のロバートの名前と同じです.
デイリーは父親が死ぬことに 納得できなかったと答えました そして最後に尋ねたのは 2012年のロンドンへのチケットが 持っていたかどうかでした
"前列にいるために すぐここには来ない"と伝えられなかった
"呼吸が止まったとき 私は彼の手を握っていましたが,彼が実際に止まって死んでしまうまで,彼は勝てないとは気づいていませんでした"と彼女は言いました.
翌年 デイリーは2012年のオリンピックに出場し 銅メダルを獲得した.
"私はただ,それが私の人生の夢だったことを知っていました - オリンピックで自宅の観客の前で泳ぐこと,これほど素晴らしい感覚はない"と彼女は言いました.
これは彼の最初の曲 - Heather Smallの Proud - の選択にもインスピレーションを与えました. これはオリンピックの準備において彼にとって特別な意味を持ち,今でも彼の肌を痛ませています.
デゼルトアイランド・ディスクは BBCラジオ4で放送されます.
サイクリングの苦境で,ミッケルソンは Ryder Cupのベンチに
アメリカ人フィル・ミッケルソンは 記録的な記録を記録します 週末にはライダーカップで47回目となる試合をします しかし 運が悪いマイルストーンになるのを防ぐために 身体回復が必要です
ミッケルソンは2年生大会で12回目で 記録的な勝利を収めたが 隊長ジム・フューリックから 4ボールと4つの試合で 締め出された
5度のチャンピオンがアメリカでよくやっているように 舞台の中心にいるのではなく チアリーダーとして活動し ランジで自分のプレーを磨き 悩みを解決したいと願って 過ごしました
キャリアの最強のときでさえ ドライバーの中で最強ではなかった 48歳の彼は 難易度が高いゴルフ・ナショナルに 適していない. 難易度が高いコースは 誤った打撃を定期的に罰する.
試合は不快だったとしても ミッケルソンは 9日目の試合で 優勝したイギリスオープン選手の フランチェスコ・モリナリと対戦します 彼は今週の4試合を 全員で勝利するために トミー・フリートウッドとチームを組んだのです
アメリカが12試合目の初戦で4ポイント落として 熱狂的にスタートすれば ミッケルソンの試合は 決定的な試合になるかもしれません
フリクは彼の人間を信頼していると言ってるが それ以上は言えない
今日も自分の役割が十分理解され 肩をたたき 腕を振り回し 明日には準備ができると言いました は話してくれました
自信が持てる
彼は名人堂に 入った人物で 過去にも今週にも チームに多くの貢献をしました
2試合もプレイするなんて 想像もできなかったでしょう
もっと想像していたのですが こんな感じで 出来上がりました
他の人と同じように参加したいのです
ミッケルソンは日曜日に ナイク・ファルドの記録を 破る
レーダーカップでのキャリアは 終わりを迎えるかもしれません 彼の記録は 遠くまで 追いつかれませんでした
ミッケルソンは18勝20敗7敗を記録しています フリックは彼の存在がチームに 持てる価値があると主張しています
彼は面白くて 皮肉で 賢い人で 嘲笑を好み 会議室で素晴らしい人だと説明しました
更に若い選手たちは 今週も楽しんで 彼と戦いました 楽しかったでしょう
遊びだけじゃなかった
ヨーロッパの代表トーマス・ビヨーンも 優位性がすぐに失われるのを知っています
ヨーロッパの代表トーマス・ビヨーンは 経験から知っているが レイダーカップ最終日の個人対戦で 大きく勝った場合 簡単に不快なレースに 変わる可能性がある.
デンマーク人選手は1997年のバルデラマでの試合でデビューし,セヴェ・バルレステロスが指揮するチームはアメリカ人より5ポイント差にもかかわらず,141⁄2-131⁄2で勝利し,最小限の優位性でゴールラインに到着した.
バルデラマでは負け,バルデラマでは勝利したけど,少しだけだった"と2018年のクラス選手が金曜日に5対3で,昨日10対6でレ・ゴルフ・ナショナルで勝利した様子を見て,
だから歴史は 私と私のチームに 終わっていないことを証明してくれるでしょう
明日は全力を尽くす
ちゃんとやり直す必要がある
板に点が刻まれるまで 終わらない
我々の目標はトロフィーを勝ち取ろうということで,それに集中しなければなりません.
私はいつも自分のチームの12人だけに集中しますが 反対側にいるのは 世界最高のゴルファーです
ゴルフの厳しいコースで 両親がどう走ったか嬉しくて 博恩はこう付け加えました "自分には勝てないだろう"
明日の挑戦は違う
明日は個別公演です 違うことです
チームメイトと一緒にいることは 楽しいことですが ひとりでいると ゴルフの能力は 試されることがあります
これは選手たちに伝えたいメッセージです 明日,自分のベストを出す必要があるのです
仲間を忘れてしまうのです 彼もそこに行って 力を発揮しなければならないからです
バイヨーンとは異なり チームではなく 個別パフォーマンスが一番良い選手を 目指すJim Furykは 4点3点のジョーダン・スピースとジャスティン・トーマスを除いて
フーリクは最後の日の試合で 両側にいました ブルックリンで優勝したチームの一員だったのに ヨーロッパでメディナ・ミラクルに負けたのです
"全ての言葉を覚えている"とコメントした. 1999年のベン・クレンスハウ隊長が最後の日に選手を率いた方法について.
明日は12試合が予定されていますが ブルックリンやメディナでやったように すぐ出場したいのです
試合が進むにつれ プレッシャーは中間試合に上がります
訓練を順応的にして 子どもたちを順番に並べます 明日こそ魔法をやってみましょう
トーマスは反攻を率いて ローリー・マクリロイとトップマッチを 対戦し ヨーロッパのポール・ケイシー,ジャスティン・ローズ,ジョン・ラーム,トミー・フリートウッド,イアン・ポウルターと 順番を合わせた
この順序を選んだのは 終盤まで 順序が整っているから"と バイヨンは個人対決の選考について語りました
ドイツの新しい軍艦は再び遅延した
地元メディアによると,ドイツ海軍最後の艦は2014年に冷戦時代の古い軍艦を入れ替えるために発注される予定だったが,システム障害と高額なコストにより少なくとも来年までは出航しない.
軍報道官を引用した Die Zeit紙によると,新型バデン・ヴルテンベルク級の艦船であるラインランド・パルツの入荷は 2019年上半期まで延期された.
2014年に海軍に入隊する予定でしたが 難易度が上がり 難易度は低下しました
2007年に海軍から注文された4隻のバデン・ヴルテンベルグ級艦は,古いブレメン級艦を 置き換えることになる.
強力な砲弾や 防空ミサイルや 防水ミサイルなど 搭載されるでしょう 潜伏技術も搭載されます レーダーや赤外線や音信信号などです
更に重要な特徴は,より長い維持期間です.新しいフリガーは国内港から2年ほど離れた場所で使用できるはずです.
しかし,この遅れは,ドイツが海外の力を発揮できるという 革新的な戦艦が, 役目を果たすまでに時代遅れになると意味している,と Die Zeit紙は指摘する.
運が悪かったタイプF-125は 昨年,ドイツ海軍が正式な 委託を拒否し,ハンブルグのブローム・ボス造船所に戻したことで ニュースになった.
納入後 建造者に返還された初めてのことです
返還の理由についてはほとんど知られていませんが ドイツのメディアは 戦闘任務で使えなくなるような 重要な"ソフトウェアとハードウェアの欠陥"を指摘しています
ソフトウェアの欠陥は特に重要だった. バデン・ヴルテンベルグ級の船は,約120人の船員で操縦されるため,古いブレメン級の船のスタッフの半分しかいない.
さらに,この船は重すぎることが判明し,これにより性能が低下し,海軍による将来のアップグレードの可能性も制限されています.
ラインランド・パファルツは7000トンで,ドイツが第二次世界大戦で使用した類似の級の船の2倍だと考えられています.
欠陥のあるハードウェアを別にすると プロジェクト全体のコスト (クルーの訓練を含む) も重要な問題になっています
初期220億ユーロから310億ユーロ (3.6億ドル) に達したようです
新しいフリゲートに関する問題は,ドイツの海軍力の減少に関する最近の警告に照らして特に重要になっています.
今年初めに,軍務大臣のハンス・ピーター・バートルズは,海軍には実際に"使用可能な艦船が不足している"と認めた.
軍縮された古い船は新しい船で置き換えられず,この問題は時間の経過とともに大きく悪化したと,この役人は述べた.
彼の後悔は,バデン・ヴルテンベルク級のフリゲートのうちのどれも海軍に加わることができなかったことです.
ナショナル・トラストはコウモリの秘密の生活を監視しています
スコットランド・ハイランドの 牧場で行われた新しい研究で 蝙蝠が食べ物を手に入れるために 視力をどのように利用するかを明らかにしようとしています
発見により 唯一の存在する飛ぶ哺乳類の 行動が明らかになり 将来の保護活動に 導きとなるだろうと期待しています
ナショナル・トラスト・フォー・スコットランドの研究者は ウェスター・ロスにあるインベレウ・ガーデンズで の耳やドーベントン・バットのほか 普通のコウモリやソプラノを調査します
特別記録機が 敷地内の重要な場所に設置され 季節中のバットの活動を追跡します
NHSのスタッフとボランティアも携帯探知器を使って移動式調査を行います
専門家による音の分析により 蝙蝠の鳴き声の頻度と それぞれの種の行動が決定されます
巣の地図と報告が作成され 詳細なスケールでの行動の表が作られます
NTSの自然保護顧問であるロブ・デワールは この結果が どのバットにとって最も重要な生息地と どの種がどのように利用しているのかを 明らかにすることを望んでいます
この情報は 草原の整備などの 居住管理の利点を決定し 蝙蝠や関連生物にとって 最適な森林を維持する方法に役立ちます
スコットランドとイギリスでは 蝙蝠の個体数は 過去100年に大きく減少しました
建築や開発によりバットが危険にさらされ 巣を荒らし 巣を壊しています
風力タービンや照明も脅威となりうるし 蚊帳紙や建物の化学処理や 家猫の攻撃も危険です
蝙蝠は本当に盲目ではありません
しかし夜間狩猟の習慣により 獲物を捕獲する際には耳の方が目よりも役に立ちます
複雑な生態位置測定技術を使って 昆虫やその軌道上の障害物を 特定します
NTSは 270以上の歴史ある建物 38の重要な庭園 76,000ヘクタールの土地を 管理しています
訓練を受けた10人の専門家が 定期的に調査を行い 防犯台を検査し 時には救出も行います
スコットランドでは10種のバットのうち8種が棲んでいるダンフリーズ・ギャロウェイのスローアエア・アセットで スコットランドの最初のバット専用の保護区を設立しました
土地の管理者 デヴィッド・トンプソンは この土地が理想的な土地だと主張しています
ここスレイブには大きなバットエリアがある,彼は言った.
古い建物や 古い木々 そして良い生息地があります
しかしまだ多くのことがわかっていませんので ここや他の施設で 取り組んでいる研究により 彼らの成長に必要なものについて よりよく理解できるようになります
養殖を行う前にバットをチェックすることが重要だと強調し, 単一の母を無意識に破壊すると 400匹の雌と幼生が死亡し,おそらく全住民が絶滅する可能性がある.
保護されています 殺害したり 嫌がらせしたり 邪魔したり 巣を破壊したりするのは違法です
スコットランドのバット保護財団の責任者 エリザベス・フェーレルは 市民に助けを募らせました
私たちはまだ多くのことを学ばなければならない は,私たちの多くの種について,彼らの集団がどうなっているかわからない
弁護士がドイツ紙を訴える
クリスティアーノ・ロナウドは,彼のレイプの告発を"偽ニュース"と称し,人々が彼の名前で宣伝したいと主張した.
彼の弁護士は,彼の起訴を公表した ドイツの週刊『Der Spiegel』を訴える準備を整えている.
ユベントスのポルトガル人前手は 2009年にラスベガスホテルで アメリカ人女性カトリン・マヨルガを強姦したとして起訴されました
また,金曜日に"Der Spiegel"は,事件を黙秘するために 375,000ドルを支払ったと告発した.
容疑が発せられた後数時間で142百万のフォロワーに投稿されたインスタグラムのビデオで 33歳のロナウドは 声明を"偽ニュース"と非難した.
違う 違う 違う
5回目のゴールデンバールはカメラに向かって言います
広告を出すために 私の名前を使おうとしている
それは普通だ
彼らは私の名前で有名になりたいが これはゲームの一部だ
幸せで大丈夫です"と笑顔で足球選手は付け加えた.
ロイターによると,ロナウドの弁護士は,ドー・スピーゲル紙に訴える準備をしており,
弁護士のクリスチャン・シュェルツは,この選手は"プライバシー侵害の重さに相当する損害賠償"を求めると述べています. これは,おそらく過去数年の最も重大な個人権利侵害の一つである.
2009年6月 ラスベガスにあるPalms Casino Resortのスーツで 事件が起きたとされています
クラブで出会った後に ローナウドとマイオルガは ルーナウドの部屋に戻り ルーナウドが彼女を部暴力に 晒したとネバダ州クラーク郡の 裁判所に提出された証言によると
ローナウドは"99%の"いい子"で"%の"が失望した"いい子"だと 膝をたたいて言ったと マヨルガは主張している.
文書によると ローナウドは 性的関係があったと確認したものの それは同意によるものだと
また,彼女は警察や病院へ行き,負傷写真が撮られたが,その後和解合意に同意した. 彼女は"報復に怯え",そして"公然と屈辱を受ける"という恐れを抱いていた.
34歳の彼女は,事故の被害に 傷ついたままだと主張し,合意を覆そうとしている.
この夏にイタリアのユベントスに 契約を結びました ユベントスは1億ユーロで
ブレグジット:英国は自動車メーカーを失って永遠に後悔する
英国は"ブレグジット後,世界自動車生産のリーダーとしての地位を失って永遠に後悔するかもしれない"と 産業大臣グレッグ・クラークは言いました.
また,英国がEUを合意なく離脱し,その結果ダービーの近くのバーナストン工場での生産が一時停止するという,トヨタUKのBBCへの声明について"懸念"を示した.
合意が必要だと クラーク大臣は言いました
合意なしのブレグジットで国境の遅れが雇用に影響を与える可能性があると 自動車メーカーが主張しています
トヨタ・オーリスとアベンシスの製造所であるバーナストンの工場は,昨年約15万台の自動車を生産し,その90%が欧州連合の他の地域へ輸出された.
"イギリスが3月末にEUを離脱すれば,我々の工場の生産は停止するだろう"と,トヨタ社のバーンストン・CEOのマービン・クックは言いました.
他の英国自動車メーカーも,国境を越えた貿易の仕組みに関する合意なしの離脱を懸念しており,ホンダ,BMW,ジャガーランドローバーも含まれています.
例えばBMWは,Brexit後にオックスフォードのミニ工場を"ヶ月間閉鎖すると主張しています.
重要な懸念は 合意なしのブレグジットで 製造業者にとって 供給チェーン上のリスクです
トヨタの生産ラインは"just in time"というコンセプトに基づいて運営されており,英国とヨーロッパのサプライヤーから注文車に部品が37分ごとに到着しています.
もし3月29日に英国がEUを合意なく離脱したら 国境での不便が起こり 遅れや欠陥が起こりかねないでしょう
トヨタはダービシャーの工場で"日以上の価値の物資を保有することは不可能だとし 生産は停止すると発表した.
クラーク大臣は,EUとの将来の関係に関する Theresa Mayの計画は,国境での不便を回避するために 精密に設計されていると主張しています.
合意が必要で,現在の成功だけでなく,この機会を掴むための 最良の合意をしたい"とBBCラジオ4の"今日"番組で語った.
トヨタだけでなく 他の自動車メーカーからも 証明されています 成功した配送チェーンを 継続できるようにならなければなりません
トヨタは生産がどれくらい止まるのか 明らかにしていないが 長期的にはコストが増加すると 工場の競争力や雇用を 低下させる可能性があると警告している.
工場の代表者を務めるピーター・ツワワラリスは24年間バーナストンで働きました 労働者は非常に心配しています 私の経験では 削減された仕事では 復帰しません
政府報道官は"我々は,EUとの将来の関係を明確に,信頼性のある計画で提案した"と語りました.
トランプとロゼンシュタインの会談は 再び延期される可能性があると ホワイトハウスは言う.
ドナルド・トランプが ロッド・ロゼンスタイン副司法長官と 交渉する際の 危機的な会合は "週間延期される"と ホワイトハウスは日曜日に述べた.
ロゼンシュタインは,ロバート・ミュラー特別検察官の 選挙へのロシアの介入,トランプの顧問とロシアの関係, 大統領の司法妨害の調査を監督しています.
トランプが司法長官を解雇し ミュラー氏の独立性を脅かす可能性は 数ヶ月間ワシントンで噂を煽りました
この月中にニューヨーク・タイムズは ロゼンシュタインが トランプ大統領との 会話を録音するバグを 履いて25条目の修正で大統領を 排除しようとしていると報じました
ロゼンスタインは否定した.
しかし,先月,彼はホワイトハウスへ行き,辞任すると噂されました.
その代わりに トランプ氏との会合が 水曜日に決定しました その際トランプ氏はニューヨークの国連にいました
トランプ大統領はロゼンシュタインを解雇しないように 提案しましたが 議事会は延期されました 議事会で証言した女性であるクリスティン・ブレシー・フォード博士と カバノウ氏が証言した事件が 突っ込みません
金曜日にトランプ大統領は FBIがカバノウに対する質問を"週間調査するよう命じました これによって上院の最終投票はさらに遅れました
日曜日にトランプの広報担当者 サラ・サンダースが フォックスニュースに登場しました
ローゼンスタインとの会合について聞かれた時 彼女はこう言いました "日付は決まっていない 今週かもしれないが 最高裁の状況を考えると もう一週間延期されるだろう
報道の更新を続けるでしょう
ジャーナリストの中には この主張に異議を唱える人もいます 9月10日以来 サンドースはホワイトハウスで記者会見を行っていないのです
司会者のクリス・ウォレスが 理由を尋ねました
サンドースは,ブリーフィングの不足はテレビ記者が"自己紹介"を嫌っているからではないと主張した.
直接的な接触が 頻発する可能性があると示唆しています
大統領は,これまで以上に質問と答えのセッションを 開催していると,彼は述べ,証拠を提示せず",数字を検証した"と付け加えた.
記者会見は続くでしょうが 報道機関がアメリカ大統領に直接質問する機会があれば 私に話すよりもずっと良いでしょう
プレスブリーフィングを入れ替えて アメリカ大統領と話すことができます
トランプはホワイトハウスを出て行ったり 訪問した高官との公開会や記者会見に参加したりすると 定期的に質問に答えます
記者会見はめったにない.
今週ニューヨークで 大統領は ジャーナリストのグループに 奇妙で無邪気な演説をしました
保健大臣は,欧州のNHS労働者に手紙を書いて,ブレグジットへの懸念を述べています.
スコットランドのNHSで働くEU職員に 国の感謝を述べて ブレグジット後も残ることを望んでくれました
スコットランド議員のジェーン・フリーマンは,英国がEUを離脱する6ヶ月前にもう"つ手紙を送りました.
スコットランド政府は,分散公共サービスで働くEU国民にとって,安定居住者 (settled status) の申請費用を担うことを約束している.
フレーマンは書きました "この夏の間,英国とEUは,ブレグジット交渉を継続し,秋の決定に至ります.
しかし,英国政府は,合意なしのシナリオも準備しています.
皆さんのため 心配すべき時期です
だから今日,私は,すべてのスタッフの貢献に感謝を述べたいと思います.
EU全体から来た同僚は 医療の働きを強め,改善する貴重な経験とスキルを 提供し,患者やコミュニティに恩恵をもたらします
スコットランドは確かにあなたの故郷です そして私たちはあなたがここにいることを強く望んでいます
クリスティーン・アバークロミーが頭部に損傷したため 緊急手術を受けました
テネシー州立タイガースの守備手クリスティオン・アバークロンビーは テンネシーンのマイク・オーガン紙の報道によると テンネシー州立タイガースの守備手クリスティオン・アバークロンビーは テンネシー州立タイガースの試合で 頭部に怪我を負い 31-27で敗れた後 緊急手術を受けた.
監督ロッド・リードは記者団に 怪我をさせた事故は 休憩前だったと伝えました
リードは"彼は戦場から離れ 意識を失い"
医療従事者と医療従事者は アバークロミーに 酸素を補給し 床に載せました
テネシー州立大学の幹部は ナッシュビルWSMVのクリス・ハリスに アバークロンビーの手術を報告しました
ハリスは"被害の種類や規模については まだ報告されていません"と付け加え "テネシー州は彼がいつ負傷したか 調べています"
アバークロンビーは2年生で ティネシー州立大学で Illinoisから引っ越して 初めて入学した
試合を退場する前は5回戦を打った.この試合で彼は18回戦を打った.
外国からの購入者は,イギリスで不動産を購入する際の税金課税が高くなる
外国からの購入者は 英国で不動産を購入する際の 税金課税が高くなり,追加的な現金流はホームレスを支援するために利用される.
この動きは,若い有権者へのコービンの取り組みの成功を無効にします
スタンプ税の上昇は,英国で税金を払わない納税者に適用される
財務省は,無家事を助けるために,年間1億2千万ポンドを調達する予定です.
外国からの購入者は,イギリスで不動産を購入する際の税金を増やし,その追加的な現金流はホームレスを支援するために使用されると,テレサ・メイ首相が今日発表しました.
この動きは,ジェレミー・コービンの若手投票者を誘致する取り組みを,より安価な住宅とより高い収入を提供するという約束で, 失敗させようと試みたものとして見なされます.
スタンプ税の上昇は,英国で税金を払わない個人や企業に適用され,追加資金は,ホームレス問題に対処するための政府の取り組みを支援します.
2年前に導入された高額な二階建て住宅やバイ・トゥ・レート (買取・賃貸) 住宅の税額は,現在の切符税に加え,3%以上になる可能性があります.
財務省は,この動きによって年間1億2千万ポンドも調達できると予測しています
ロンドンで新築された建物の13%が 英国に居住しない市民によって購入されており,価格が上昇し,初住者にとって不動産市場への入口が困難になっています.
首都の多くの裕福な地域は 海外の買い手が多く州外で過ごすため "ゴーストシティ"になっています
この新しい政策は ボリス・ジョンソン氏が 住居税を削減して 若者が最初の家を買うのを助けるよう 要求した数週間後です
建設業者が土地を没収して高価格に保ちると非難し,首相のメイ首相に 住宅税を放棄して 英国の不動産問題を解決するよう促しました
カービン議員は 住宅市場改革の提案を 発表しました レンタル規制や不当な家出の廃止などです
建物の建設に対する 議会の権限も強化したい
メイ首相はこう言いました "去年 私はイギリス夢を 復活させることにコミットすると言いました それは新しい世代が より良い生活を送るべきだと
住宅市場を回復させる必要があります
イギリスはここに住み 働きたいと願う人々へ 常に開放的になります
しかし,英国以外の居住者や外国企業にとって,英国在住者にとって,家を買うことが,同じくらい簡単だとしたら,それは公平ではありません.
住宅を持つという夢は多くの人にとって 遥か遠く離れていて ホームレスの尊厳は現実のままです
ジャック・ロス: "スコットランドをリードしたい"
サンドランドの監督 ジャック・ロス氏は,彼の"最高の願望"は,いつかスコットランドの監督になるという.
42歳のスコットランド選手は リーグ1で3位にランクインしている 北東部のチームを 再び上位に導くという挑戦に 惹かれています
彼は今夏 スタジアム・オブ・ライトにやってきました セント・ミレンを監督して スコットランド・プレミアシップで優勝した後です
足球選手として祖国代表をしたいと願っていました
"Bシリーズでプレーしただけで 終わりだ"とロスは BBCのスコットランド放送のSportsoundに語った.
私は子供の頃 父とハンプデンで スコットランドを見ながら育ちました
しかし,それはチームマネージャーとして成功する限りです.
サンドルランドのロスの前任者はディック・アドボカート,デヴィッド・モエス,サム・アラディース,マーティン・オニール,ロイ・キーーン,ガス・ポエット,そしてパウロ・ディ・キャニオである.
アロア・アスレティックの元監督は,バーンズリーやイプスwichタウンからの提案を拒絶した上で,
チームをプレミアリーグに 戻せる能力で 評価されます
クラブの構造と設備を考えると,間違いなくプレミアリーグに属していると言えるだろう"と宣言した.
簡単なことではありませんが チームを立て直すことができれば 成功を収められると信じています
ロスの監督のキャリアは 3年前 ダンバートンでアシスタントコーチとして 15ヶ月ハーツの副コーチとして
その後,アロアが3級に落ちたのを救い,セントミレンを退団の危機から次のシーズンにチャンピオンシップに導いた.
ロスは今 クラブのクライド,ハートルプール,ファルキーク,セントミレン,ハミルトン・アカデミカルで プレーした頃よりも ずっと快適だと主張しています
これはおそらく 真の転換点だったと彼女は言う.
選手ではなく マネージャーの役割が 私に合ったものだと信じていました
奇妙なことに 私はよく働きました 収入を得て 良い結果を得ました
でもゲームは辛いもの
週に何度も 直面する事がある
ストレスや仕事のプレッシャーで 苦しんでいるけど 管理は良好なようだ
私はいつも監督をしたいと願っていました そして今 私は指揮をしていて 人生で今まで以上に安心しています
9月30日 (土) のスポーツサウンドで インタビューを聞くことができます
ある研究によると 酒の飲み時間としては 土曜日の5時半です
暑い夏の波は 困った英国パブに 収入を増やし 飲食店に 懸念をもたらしました
パブやバーの売上高は7月に2.7%増加し レストランの売上高は4.8%減少した.
CGAのピーター・マーティンは データをまとめると こうコメントしています "日差しの強さとイングランドがワールドカップに長く参加したため 7月は6月のような状況で パブ店は2.8%以上で レストランは最もひどく影響を受けました"
6月の食堂の減少は1.8%で,7月には悪化しました
飲酒が多く行われているパブやバーは 安定した結果を示し 飲食店の減少よりも 均質な増加を示しました
飲食店ほど暑くないけどね 熱は消えた
飲み物のために外へ出かけたいと 思っていたようです
飲酒店や飲酒店での販売は月間6.6%上昇し 食品消費は3%減少しました
RSMのリクリエーション・レシピエンス・アナリストのポール・ニューマンはこう述べています "この結果は4月末以来の傾向を継続しています
気候や主要な社会やスポーツイベントの影響は 小売市場での販売において 重要な要因であり続けます
驚くことではありませんが 年間4.8%の売上減少が 継続的なコストプレッシャーに加えられ 特に重荷となるでしょう
長い暑い夏は 飲食店業者のために 最悪な時期には来なかったでしょう 8月に楽しんだ 穏やかな気温が 必要な休息を 与えてくれるか 時間は 教えてくれるでしょう
パブやレストランの売上高は 7月に2.7%増加し ブランドの販売台数が減ったことが反映されました
イギリスのパブ,バー,レストランの販売追跡会社Coffer Peach Trackerは,47の事業グループから販売データを集めて分析し,合計売上高は9億ドル以上で,業界をリードしています.
5人に1人の子どもが 親から隠す秘密のソーシャル・ネットワークアカウントを持っています
調査によると 5人に"人の子どもは 11歳くらいの子供もいますが 親や教師から隠している 秘密のソーシャルメディアアカウントがあります
平均的な学生2万人を対象とした調査で フェイスブックが増加したことが明らかになりました
ニュースでセクシュアルなコンテンツが投稿される恐れが強まりました
20%の生徒が親に示すための"メイン"アカウントを持っていると答えました
5人に"人の子どもは 11歳くらいの若者でも ソーシャルメディアアカウントを 作り出し 大人からは隠しています
フォト共有サイトインスタグラムの"偽のInstagramアカウント"が急速に増加していることが明らかになりました.
このニュースは性的内容が投稿される恐れを 増やした.
20%の学生が 両親に示すための"メイン"アカウントを 管理していると答えていますが プライベートなアカウントを 維持しています
13歳の娘の秘密サイトを偶然発見した母親は 少女が他人に"強姦する"と勧めているのを発見しました
デジタルアワーネス・UKと HMC (Headmasters and Headmistresses Conference) の調査によると 11歳から18歳の若者の40%が 2つのアカウントを保有しており その半数以上が個人アカウントを持っていると認めています
HMCのMike Buchananはこう述べています "多くの若者が親や教師が見つけられないオンライン空間を作り出す誘惑に 陥っているのは 恐ろしいことです"
エイリッド・ドイルが スコットランド陸上競技協会の 代表者となる
Eilidh Doyleは,Scottish Athleticsの理事会の非執行メンバーに選出されました.
ドイールはスコットランドの最も飾られた陸上選手で,IOC会長イアン・ビッティは,この指名がスポーツ管理者にとって過去10年間の国際経験から恩恵を受ける大きな機会だと述べた.
Eilidhはスコットランドや英国,そして世界の陸上競技界で 深い尊敬を受けています.
ドイルはこう述べました "私は選手たちの声として 行動することを楽しみにしています そしてスコットランドでのスポーツを リードし 貢献できることを期待しています"
1996年のアトランタオリンピックで200メートルと400メートルで優勝し4つのオリンピック金メダルで,現在BBCの評論家でもあるアメリカ人は,一時的な性病発症で歩けない状態になりました.
ツイッターで"月前 筋梗塞になりました
歩けなかった
医者は 回復の期間や 期間が決まると言いました
疲れ果てた作業でしたが 私は完全に回復し 歩き方を学びました 今日も素早く動いています
励ましメッセージありがとうございました!
乳母と牛を比較する広告で ネットの世論が分断される
乳搾り会社がネット上で 乳母と牛を比較した広告で 意見が分かれました
消費者向けテクノロジー企業Elvieは"世界初の静かな可用乳幼児用乳房"の発売を記念して ユーモアな音楽ビデオを公開しました
4人の実身の母親が牛の飼育場で踊っています その曲には"牛乳を吐いたけど何もない"と"気づかなかったら これは乳ではなくて 乳房だ"といった曲があります
合唱団は続けます "放っておいて 放っておいて 子供たちに食べさせ 放っておいて 女にミルクを飲ませて"
しかし,同社のフェイスブックページに掲載された広告は ネット上で論争を引き起こしました.
動画は77,000回以上視聴され,数百件のコメントが寄せられ,視聴者の中には様々な反応が寄せられ,多くの方が乳業の恐怖を強調していると主張しています.
牛を製品宣伝に使ったのは 不幸な決断でした
赤ちゃんは生まれた数日で盗まれるとか,と書いた人がいます. 赤ちゃんは,赤ちゃんの赤ちゃんの赤ちゃんに
乳母エルヴィーは 母乳ブラの下を 慎重に履く
女性は"母親と赤ちゃんの両方にとって 明らかにトラウマです"とコメントしています
赤ちゃんを育てる母親のための乳幼児用品の宣伝に 使うべきではありませんか?
"これは本当に無意味な広告だ"と
女性は"面白い"とさえ認めました
"これは素晴らしいアイデアだ
まだ乳母でいるなら 欲しい
乳房を引っ張ったとき 私はまるで牛のように感じました
広告は少し軽蔑的ですが 現実とは遠く離れていません
"これは素晴らしい製品だ"と誰かが書いた.
別の人は"これは乳母乳を (仕事やトイレで) 使っている母親たちのための面白い広告で,彼らは"牛"のように感じます"とコメントしました.
牛乳産業を褒め 批判する目的ではありません"
ビデオの最後に 女性は胸に 礼儀正しく 押し付けられた乳首で踊っているのが見えます
キャンペーンを基にしたコンセプトは 乳房を吸う多くの女性が 牛のように感じられるという考えに基づいています
乳母乳を抽出する際には 完全に静かで 線や管も持たないもので 乳母乳ブラに収められ 女性が自由に動き回り 赤ちゃんを抱きしめ 放り出したりできます
マザー・パートナー兼ECDのAna Balarinは"Elvie乳房は 挑戦的で大胆な発売に値する 革新的な製品です
牛乳を吸う女性と牛乳を吸う女性を比較することで 牛乳の挑戦をすべて強調し 楽しそうで簡単に知られる方法で 新しい牛乳がもたらす 素晴らしい自由を 示したいのです"
乳母エルヴィーのニュースになったのは初めてじゃない
ロンドンファッションウィークで 2人の母親が この服を着て デザイナーのマータ・ジャクボウスキーさんの 歩道に立たされました
移民の子どもたちは 静かにテキサス国境のテントタウンに集まっています
移民の子どもたちの数は急増しています しかし毎月国境を越える割合は 比較的変わっていません 部分的にはトランプ政権の厳しい言動と政策が 移民の子どもたちの世話を難しくしているからです
保護者の多くは通常 違法移民で 保護者の提供によって 国内に残る可能性を脅かす恐れがあります
リスクは 6月に連邦当局が 保護者や家族成人の指紋を 取られ 移民当局に渡されると発表したとき 増えました
先週,移民税務局の マシュー・アルベンツ高官は 国会に訴えました 独り子育児を申し出た人を 何十人も逮捕したと
逮捕された人の70%は 犯罪歴がないと 後に確認しました
"養子縁組をする人の80%近くや その家族には 違法入国者がいて その大半は犯罪の外国人です
追いつき続けています"とアルベンツ氏は言いました.
収容所での職員によると, 収容された子どもたちのうち何人かは 60日という標準的な期間を過ぎ, 拘留から"ヶ月以内に裁判に出なければならないという 規則が導入されました.
多くの人は 面談ではなく ビデオ会議で 移民裁判官に 法的地位の訴えをします
援助を受ける資格がないと判断された者は すぐさま退会されます
寄託児施設で働く子どもたちが言うには 寄託児施設で働く子どもたちが 長くいるほど 精神的不安や鬱病に苦しむリスクが高く 暴力的な怒りや逃亡の試みが 引き起こされる可能性が高いという事です
この立場を支持する人は トンリロのような大きな施設では 子どもの不安信号を無視するのが 簡単だと主張しています
感情的に準備したり 友人に挨拶したりする時間を与えずに キャンプ場へ子どもたちを連れて行くことは すでに多くの子どもたちが 直面しているトラウマを 加えると付け加えています
シリアは,アメリカ,フランス,トルコの占領軍に,
国連総会での演説で 外務大臣のワリド・アル・ムアレムは シリア難民に 紛争が8年째 続いていたにもかかわらず 家に帰るように呼びかけました
副首相を務めるムアレムは,外国軍がシリアを不法に占領していることを,テロとの戦いという名で"それに従って扱われる"と述べた.
"彼らは条件を問わず,即座に撤退しなければならない"と,彼は集会に語った.
ムアレムはシリアでは"テロとの戦争はほぼ終わった"と強調し,2011年以来36万人以上が死亡し,何百万人もの人々が家を出た.
彼は,ダマスコは"シリア全土をテロリスト集団と"違法な外国駐留"から解放するまで"この聖戦を続ける"と強調した.
アメリカはシリアに約2000人の兵士を配置しており, 主にシリアのクルド軍と,バシャール・アサド大統領に反対するアラブ軍に訓練・支援をしています.
フランスには戦争で壊滅したこの国で 1,000人以上の兵士が 現地にいる.
難民問題について,ムアレムは難民の帰還に有利な条件があると述べ",一部の欧米諸国"が難民を故郷から遠ざけようとする"根拠のない恐怖"を煽っていると非難した.
"我々は国際社会や人道団体に 難民の帰還を 促進するために介入するよう要請した"と強調した.
"人道問題しかなくとも 政治化されている"
アメリカと欧州連合は,シリアの復興支援は,アサドと反政府勢力との間に戦争終結の政治的合意が達成されるまで,停止すると警告した.
国連外交官は,最近ロシアとトルコが イドリブで緩衝地帯を確立する合意を締結したことで, 政治的交渉が継続できる機会が生まれていると主張しています.
ロシアとトルコの合意により 3百万人が住むこの地方に ロシア支援のシリア軍が大規模な攻撃を 避けることができたのです
しかしムアレムは,合意には"明確な期限"があることを強調し,アルカイダと関連したアルヌスラ戦線を含むジハード派を標的とする軍事行動が"根絶される"ことを希望した.
国連派遣Staffan de Misturaは,シリアの戦後憲法草案を書き,選挙の準備をするために,政府と野党のメンバーで構成された新しい委員会を,すぐに招集することを希望しています.
ムアレムは,シリア政府の委員会への参加条件を述べ,グループの作業は,いかなる干渉もなしに"現行の憲法の条文の見直し"に限定されるべきだと述べた.
なぜトランプが2期目の大統領選を勝ち取るのか
この論理では トランプは2020年に再選されるでしょう 恐らく多くの自由派の視聴者が期待しているように トランプの大統領任は 不正申し立てやスキャンダルによって 早期に終わらない限りです
"史上最も劇的な大統領決勝"となるでしょう
現時点では 観客の反応は 鈍いようには見えません
2014年以来 ファーストナイト視聴率は CNNでは105万人に倍になり MSNBCでは1600万人に ほぼ3倍になりました
ニュース番組は4年前の1700万人に比べて大きく増加し MSNBCの"The Rachel Maddow Show"はニュース番組の視聴率を上回り 3億5千万人に達しました
"それは説明できないものだから 引き寄せられるような火事だ"と ABCのテレビドラマ"Designated Survivor"のショウランナーであるニール・バーは言います.
優秀な戯曲の作家で 『Just the Funny Parts: And a Few Hard Truths About Sneaking Into the Hollywood Boys' Club』の著者である ネル・スコヴェルは 別の説を持っています
2016年の選挙前ボストンのタクシーでの レースを思い出してください
運転手はトランプに投票すると言った.
彼女は彼にその理由を尋ねた.
"笑わせるから"と
混沌は楽しいものです
もちろん他のテレビ番組とは異なり ワシントンでの出来事の流れは ロー対ウェイド判決の将来や 移民の家族が再会できるかどうか そして世界の経済の健康状態を 決定する可能性があります
しかしニュースを見ないのは 贅沢品で 贅沢品は 贅沢品で 贅沢品は 贅沢品で
しかし,知識ある市民としての義務を超えて,ボブ・ウッドワードが"恐怖"という本に書いた詳細な研究,ポール・マナフォートの1万5千ドルのオスロウシカの皮ジャケット ("で覆われた服"と"ワシントン・ポスト"はコメント) とストーミー・ダニエルズがトランプの解剖部分について描いた醜い描写の意味について議論する専門家グループを6時間連続でフォローしている.
スーパーマリオを見ても 考えない状態になる
"彼の番組がリアリティ・ショーみたいに見えるのは 毎晩ニュースが出てくるから"と"パウンスターズ"の著者であり,Wheelhouse EntertainmentのCEOである Brent Montgomeryは,トランプ氏の番組の演員やストーリーの日常的な展開について語っています (N.F.L.が金正恩を称賛しているとは違います).
失敗しても 失敗しても 失敗しても
今週は カウアイの北海岸で マイク・フライスに会いに行きました 晴れがとても良い日でしたが 30度近くでした 彼は自宅に閉じこもって MSNBCを視聴していましたが CNNを録音していました
望遠鏡から離れられませんでした 連邦上院司法委員会と 最高裁の不確実な未来を 直面していた時です
フリースはこうコメントしました "昔は馬鹿げた番組を 放送していたのを覚えています "これは西洋文明の終わりの始まりだ"と 人々は言いました
"冗談だと思ってたけど 本当だよ"
ビジネスや政治やマスメディアなど 様々な話題で タイムズ紙に執筆している エイミー・チョジックは "Chasing Hillary"という著書を書いています
選挙の最中期に外国の資金が流入
選挙区の再編により 選挙区の2人が同じ選挙区に 参画する事が 驚くことではありません
ペンシルバニアの近年の改定は 民主党のコンロ・ラムを 舞台に現わしました 彼は去年の春の特別選挙で 別の地区で 選挙で勝利しました
ラムは共和党のキース・ロスフスに 競い合っています 彼は現在 旧ペンシルバニア州第12区を代表しています
ペンシルバニア州最高裁が 1月に旧選挙区の選挙区が共和党に有利に 憲法に反して操作されたと裁いた後 地図が再設計されました
17区選挙は 民主党・民主党・議会選挙委員会 (DCCC) と共和党・共和党・共和党・共和党 (NRCC) の 財政部門の激しい対立を 引き起こした選挙戦でした
ラムはペンシルバニア州で有名になりました 3月の特別選挙で ペンシルバニア州第18選挙区で 圧倒的な勝利を収めました
その選挙区は10年以上共和党員に 占められていましたが ドナルド・トランプ大統領は 20ポイントで勝ったのです
政治評論家は民主党にわずかな優位性を与えた.
アメリカは中国を支持しているため,エルサルバドルを罰しようと考えましたが,
外交官はドミニカ共和国とパナマが既に北京を承認したと指摘し ワシントンの抵抗はほとんどなかった.
2017年6月 パナマのフアン・カルロス・バララ大統領とトランプ大統領との 比較的親密な会談が行われました トランプ大統領は パナマでホテルも持っていましたが パートナーがトランプ組織の幹部を 退去させました
国務省の関係者は"台湾を承認しないという最近の決定"に伴い,エルサルバドル,ドミニカ共和国,パナマからの米外交使節を 呼び戻すことにした. 国務省のヘザー・ナウアート報道官は先月発表した声明でこう述べた.
しかし制裁の決定は 2017年にアメリカから約1億4000万ドルもの麻薬密輸対策や開発支援や経済支援を受けたエルサルバドルに対してのみ行われた.
提案された制裁には 援助の削減やビザの制限が含まれます 中央米の失業率や殺人率が高いこの国にとって 懸念すべきです
内部会議の連続の後 北米・中央米の関係者は 安全保障と経済繁栄を中心とした 高レベル会議を延期し 昨年同様の会議を開催しました 移民が米国へ進まないようにする試みにおける一歩として見られました
しかし9月中旬には,高官たちは,この会議を継続することを明らかにし,エルサルバドルに対する制裁を完全に放棄する.
副大統領マイク・ペンスが 会議の議長を務めるよう 任命されました 10月中旬まで予定されています 外交官によると この会議が 政権にとって重要なことだと
そして3人の米特使は エルサルバドル パナマ ドミニカ共和国に 落ち着いて帰国しました ワシントンの非難や罰などを受けずに
ホワイトハウスのボルトン代言者は 3人の米関係者と 2人の外交官が 内部決定について 匿名で話すことに同意した 議論の詳細についてはコメントを拒みました
政府の関係者からの情報で 確認されましたが 名前は明かさなかったのです
歴史を勉強しなさい
特別の検察官であるロバート・ミュラーは トランプ大統領を司法妨害罪で起訴する 報告書を公表するそうです 十分な証拠があるようです
噂によると,ミュラー捜査は トランプ大統領選挙戦中のロシアとの  possible 勾配を明らかにするものです
議会が民主党に 移転すれば トランプは選挙人や 同僚の陪審員に 再び候補を募る準備をしている間に 非難に答える必要があります
分からないことはたくさんあります.そして,私はトランプの倒れは,ヨーロッパの同僚の倒れは避けられないと断言するつもりはありません.
大西洋の両岸で 闘いが続く期間を決める 選択が迫ります
1938年 ドイツの官僚は 欧米諸国が彼を止め モンハンでチェコスロバキアを支持すれば ヒトラーをクーデターに 巻き込もうとしていました
その際,我々は 虐殺を避けられる機会を逃すことに失敗しました
歴史はこうした転換点を中心に 民主主義の不屈な進路が加速するか遅延するかについて 展開しています
アメリカ人は現在 様々な問題に直面しています
トランプがムラー捜査の 運命を支配する ロッド・ロゼンスタイン副司法長官を 解雇するとしたら?
ロゼンシュタインの立場は この新聞が昨年 トランプ大統領を盗聴する 秘密の提案を したことで 複雑になりました
ロゼンスタインは"タイムズ"紙の報道は 偽りだと主張している.
"もし,FBIの再調査が 完全で公正でないか, レイプ未遂と偽証の 信頼できる容疑にもかかわらず, 最高裁で成立するなら,
そして何より 中間選挙で トランプに責任を持たせられる議会に投票するのでしょうか?
この試練を乗り越えなければ 民主主義は長い冬を 迎える準備をしなければならない
でもプラハで学んだ教訓は 乗り越えられると思わせる
私の母はチェコスロバキア系ユダヤ人でした 私の大使館を占領したナチス政権によって アウシュビッツに強制送還されました
彼女は生き延び アメリカに引っ越し 60年後には サバットのろうそくをスワスティックで点けさせました
このような遺産を手にして 私は未来を楽観的に見ています"
ブルッキングス研究所のノーマン・アイゼン (Norman Eisen) は ワシントンにある市民責任と倫理のための団体の会長で 『The Last Palace: Europe's Turbulent Century in Five Lives and One Legendary House』の著者です
レンジャーズのグラハム・ドランスは ヴィーン・ラピッドとの戦いに楽観的だ
チェンジ・ランジャースは木曜日に オーストリアに勝利し スペインのヴィリアリアルに 勝てば ユーロパリーグのグループGに 格闘できるチャンスがある
膝の怪我のため シーズン初戦をプレイしたグラハム・ドランスは ヴィリアリアルとの2-2の試合で 試合をスタートしましたが この結果により レンジャーズは大きなことを成し遂げることができると考えています
"僕たちにとってこれは良い結果だったんだ. ヴィリアレールは良いチームだからね" 31歳の選手は言った.
"試合は良い結果で ポイントを勝ち取りました
勝てることもありましたが 結局のところ 公平な結果でした
彼らは最初の半時間でより良く,一方,我々は第2回でよりよくプレーした.
木曜日はまたヨーロッパの大会です
3点を獲得したいのですが,難しい試合になります. なぜなら,我々の相手は,最後の試合で良い結果を得ました. しかし,観客の支持のおかげで,我々は失望させないでしょう.
昨年は確かに 怪我やクラブでの変化により 困難でしたが 今度は ポジティブです
チームは元気で 選手たちは楽しんでおり 準備は順調です
"昨年の問題を忘れて 未来を考えられる"
長期介護のコストを心配している女性
回答者は どんな支援を受けたいのか 明確に考えていますが 家族でこの問題を 抱える人は少ないのです
ナショナワイドの調査で回答した人の約半数は 長期介護費用について 夫婦と話し合っていると答えています
子供に話したのは10%です
ナショナライドの生命保険副社長 ホリー・スナイダーによると "人々は家族から介護を望みますが その話をしません"
スタート地点はここです
配偶者や子供たちと話し合いなさい. 必要なことを事前に伝えなければ,家族を準備できない.
相談をするなら 相談相手と家族と一緒に どこに治療を受けたいか 決めてください これらの要因が費用に影響します
財務カウンセラーを雇って 費用の支給を相談してください
長期介護の資金調達には 従来の保険保険や 代償価値のあるハイブリッドライフ保険が含まれるかもしれません 保険料を支払える限り 保険料を支払います
死ぬ際の法的闘争を避けるために必要な書類を用意してください
医療代理人を任命して 信頼する人が医療の管理を担い コミュニケーションができない場合 医療従事者があなたの願いを 満たしてくれるようにしてください
金融代理店の利用も検討してください
信用できる人を選び 財務上の決断を担当し 支払いができない場合 支払いを確認できます
細かいことを忘れないでください 高齢の親が病院に急いでいると想像してください
薬やアレルギーに関する質問に 答えられるでしょうか?
この情報を詳細に書き留めてください.
"お金の問題だけじゃない 医者って誰だ?"とマーティンは尋ねます
"どんな薬があるの?
誰が犬を世話をするの?
"どんな事態にも備えてください"
イルフラコンブで,気圧ライフルで何度も撃たれた男
一人は夜を過ごして 歩いて帰宅する途中で 圧縮式大砲で 何度か撃たれました
被害者は40代で デーボンのイルフラコンブにある オックスフォード・グローブ地区で 胸,腹部,手に銃弾を浴びた
警察は,この銃撃事件を"偶然の行動"と説明した.
被害者は襲撃者を 見たことがない
警官は目撃者を捜しています
インドネシアの地震と津波
公式情報によると,金曜日にインドネシアのパルーで起きた地震と津波で少なくとも384人が死亡した.
連絡は切れており,救助担当者は7.5の震源に近いパルーの北部のドンガラ県から連絡を得ることができませんでした.
災害後,パルーから1万6千人以上が避難しました.
島内にあるパルーとドンガラについて 重要な情報をお見せします
パルーは,スラウェシ島の西海岸の狭い湾の端に位置し,2017年に約379,800人の人口を持つ中央スラウェシ州の首都である.
地震と津波の被害を受けたとき 町は40周年を祝っていました
ガラはスラウェシ島の北西に 300km (180マイル) 以上の海岸線を横切る州です.
県に属する行政地域であるレジェンスには,2017年に約299,200人の住民が住んでいた.
漁業と農業は中央スラウェシ省と特に東ガル沿岸地域の経済の主な支えです
省内ではニッケル鉱業も重要な産業ですが,主にスラウェシの反対岸のモロワリに集中しています.
インドネシアの災害対策局によると パルーとドンガラは 過去100年間で数回津波に襲われました
1938年 津波で200人以上が死亡し,数百軒の家屋が破壊されました
1996年に東ガル西部の9人死亡した津波がまた発生しました
インドネシアは太平洋の火の帯と呼ばれる 地震地帯にあり,地震が頻繁に発生します.
ここ数年の地震と津波の 規模は以下の通りです
2004年12月26日,スマトラ北部のアチェ省西海岸で強震が起こり,津波が発生し,インド洋沿岸14カ国で22万6千人が死亡しました.
2005年: 3月末から4月上旬に,スマトラの西海岸に一連の地震が発生しました.
島は南極の島で 死亡しています
2006年: 6.8の規模で地震がインドネシア最大の島ジャワの南部で発生し,津波が南海岸に襲い 700人を殺しました.
2009年:西スマトラ省の首都パダング市近くで 7.6 級の地震が発生.
犠牲者は1,100人以上だった.
2010年:スマトラ沖のメンタワイ島に 7.5の規模で地震が起こり 10メートルの津波が発生し,数十の村が破壊され,約300人が死亡しました.
2016年: 軽度の地震がアチェヒのピディ・ジャヤ県に襲い 2004年の地震と津波の被害を思い出した人々の間で破壊とパニックを引き起こしました
この場合は津波は起きませんでしたが 100人以上が瓦で死にました
2018年 インドネシアの観光島ロンボックで地震が起き 500人以上が死亡.
地震は数千の建物を破壊し,何千人もの観光客を一時的に停止させた.
サラ・ペイリン (女性) の長男が 家庭内暴力で逮捕されました
アラスカの元知事兼副大統領候補 サラ・ペイリン (Sarah Palin) の長男 トラック・ペイリン (Track Palin) が 暴行容疑で逮捕されました
アラスカ州警察が土曜日に発表した 報告によると 29歳のPalinは 嫌疑された家庭内暴力で 逮捕に抵抗した容疑で 逮捕されました
報告によると 知り合いが警察に電話して 犯罪を報告しようとすると 携帯を手に取りました
パリンはマット・スー・プレトrial施設に移され 保証金500ドルと KTUUが報告した.
放送局によると 彼は土曜日に裁判に出席し "絶対無実"と宣言した.
パリンは3つの罪で起訴される 懲役1年 罰金25万ドル
刑は1日懲役と2000ドルの罰金です
パリンは犯罪で 起訴されているのは初めてじゃない
2017年12月 父のトッド・ペイリンに暴行した罪で起訴されました
母親のサラ・ペイリンが 警察に電話して 襲撃の報告をした
この件は現在アラスカ州ベテラン裁判所で 審理中です
2016年1月 事件に関連して 暴行,犯罪の報告を妨害し, 酔っぱらったまま銃を所持した罪で起訴されました
彼氏の女友は,彼に顔を殴ったと告げた.
サラ・ペイリンは2016年にイラクでの戦時後のストレス症候群と 息子の暴力的な行動が関連しているとして退役軍人団体から批判を受けました
インドネシア地震と津波:数百人死亡
インドネシアのスラウェシ島で金曜日に起きた地震で少なくとも384人が死亡しました.
規模7.5の地震は津波を引き起こし,何千もの家を破壊しました.
電気と通信が故障し 犠牲者数は数日後には増加する見込みです
地震はインドネシアの首都ジャカルタの北東にある中央スラウェシ沖で発生しました
衝撃の瞬間を映し出す動画がソーシャルメディアで流れている.
津波が海岸に襲った時,数百人がパルーのビーチでパーティーに集まりました.
連邦検察はニューヨークのテロ容疑者に対し 特別死刑を要請している
ニューヨークの連邦検察官は 8人の死亡を招いたテロ攻撃の犯人 サイフゥロ・サイポフに 死刑を言い渡すよう要求しています 1953年以来連邦犯罪で死刑が執行されていない 珍しい判決です
30歳のサイポフは 10月にホームデポからレンタルしたトラックで 下マンハッタンにある西側高速道路の自転車道を 通り過ぎ歩行者や自転車に乗ったと 非難されています
検察は,死刑判決を正当化するために, サイポフが8人を"意図的に"殺害し, "意図的に"重傷を負わせたことを証明しなければならない.
裁判所の文書によると この2つの罪は 死刑に処せられる
攻撃から数週間後 連邦検事会がSaipov氏を起訴した 22件の罪状に 8件の殺人罪と 組織犯罪で通常使われる殺人罪と 暴力行為と自動車破壊罪が含まれています
検察は,この攻撃は"真の計画と意図"を必要とすると述べ,サイポフが実行した方法を"残酷で残酷で堕落した"と表現した.
予備告知には"Sayfullo Habibullaevic Saipovは Diego Enrique Angelini, Nicholas Cleves, Ann-Laure Decadt, Darren Drake, Ariel Erlij, Hernan Ferruchi, Hernan Diego Mendoza, Alejandro Damian Pagnuccoの家族や友人たちに 損害や傷害,損失をもたらしました"と書かれています
犠牲者の5人はアルゼンチン出身の観光客だった.
ニューヨーク南部地区が 最後の死刑判決を 追及して 10年経ちました
裁判の相手はカリド・バーンズです 2人の麻薬密売者を殺害した容疑で 起訴されましたが 2009年9月に終身刑に処されました
1953年にニューヨークで最後の死刑執行が行われました 連邦裁判で 暗殺されたのは 諜報による陰謀で起訴された 夫婦のユリウスとエテル・ローゼンバーグです 2年前には冷戦中に ソ連に情報を提供したことで起訴されました
ローゼンバーグ夫妻は1953年6月19日に電動椅子で亡くなりました
裁判所の記録によると ウズベキスタン出身のサイポフは 攻撃後数日か数ヶ月間 悔悟の兆候を示さなかったそうです
警察によると,彼は捜査官の前で,自分の行動に誇りを持っていると語っています.
起訴によると サイポフは 携帯電話でISISの映像を見た後に 攻撃を遂行することを決めたと当局に語った.
病院の部屋にISIS旗を掲げようとも言いました
22件の罪に 罪を認めない
連邦検察のデイビッド・パットンは サイポフを代表する弁護士で 検察の決定に"明らかに失望"していると述べた.
"有罪と無償で終身刑を言い渡すよりも 死刑を求める決断は 関係者全員のトラウマを 長くするだけだと考えています"と パットンは言いました
裁判官は,この事件について,
トーリ党議員がNIGEL FARAGEを 脱欧交渉のリーダーに
ナイジェル・ファラージはトーリー党の会議で抗議した際に "人民軍を動員する"と誓いました
首相の党の議員がEU交渉を彼の手にするべきだと提案したとき,首相は,政治家たちはユーロ懐疑主義者の"圧力を感じなければならない"と発言しました.
3月に保守党の議員ピーター・ボーン (Peter Bone) はバーミンガムで,もしファラージーがブレグジット大臣なら,イギリスは"すでに欧州から外れている"と述べた.
しかし,メイが直面する課題は, 深く分裂した党の立場を和解させようと試みるという点です. ロンドンで別々の反ブレグジット抗議に参加した,欧州に残留を支持する保守党が強調しました.
首相は,ブレグジット支持者,欧州連合の離脱者などから攻撃を受けながら,チェッカーズ計画を実行しようとしています.
連合国は,強い集団的な反発にもかかわらず,ブリュッセルとの合意の試みを継続し,ユーロ懐疑論者と労働党を,メイが提案するものと"混乱"のどちらかを選択させることを主張しています.
ソリハルで開かれたLeave Means Leaveの集会で ボーン氏はチェッカーズプランを放棄することを宣言しました
彼は,ブリュッセルとの交渉の指揮をファラージーに任せると提案した.
"今頃はヨーロッパから離れていただろう"と彼女は言った.
ウェリングボロウ議員は"私はブレグジットを支持するが,チェッカーズ計画には立ち去らねばならない"と付け加えた.
欧州連合に反対する理由を説明すると 彼はこう言いました "我々は従順になるために世界戦争に参加したのではない.
国内で法律を施行したい"
ボーン氏は2016年の投票によって世論が変わるとの見解を否定し",イギリス人が考えを変えて欧州に残りたいという考えは完全に間違っている"と述べた.
保守党のBrexit支持者アンドレア・ジェンキンズ議員も行進に参加し 記者たちに"私は首相に 国民に耳を傾けなさいと言うだけです
チェッカーズ計画は一般大衆には好ましくないし 反対派も投票しないし 選挙で当選できるように 投票を求めて 街を歩いている 党や活動家の支持も得られない
チェッカーズプランを忘れて 耳を傾けよう"
メイへのメッセージで "首相は約束を守れば 職を維持できる"と付け加えた.
選挙でファラージは政治家たちが2016年の国民投票で下された決定を裏切るなら "圧力を感じられる"必要があると述べた.
"今,それは我々,人民,そして我々の政治階級との間の信頼の問題だ"と彼は言った.
"彼らはブレグジットを裏切ろうとしているし,我々は今日ここにいて,彼らにそれを許さないと伝えたい"
熱狂的な群衆へのメッセージで 彼は付け加えた "私は,我々の政治階級が ブレグジットを裏切ろうとしている圧力を感じさせたい.
我々は,この国の国民軍を動員するつもりで, ブレグジットに投票した国民軍を動員するつもりで, 我々は独立し,自立し,誇り高いイギリスになるまで, 立ち止まることはないでしょう".
一方,欧州に残留を支持する人々は 2時間間の市内集会を前に バーミンガムの街頭でデモを行いました
活動家たちは,この週末に結成された後,保守党を,ブレグジット旗に押し付けました.
保守党は会議の開幕時に 党のアプリで セキュリティ上の問題を抱えていたと 嘲笑した
"カナダ+プラス協定のITシステムと技術を アイルランドに設置できると言う人たちです 国境なき国境や国境なき貿易"
偽物だ
よいブレグジットは存在しない"と締めくくりました
ウォーレン氏は大統領選を 真剣に考えている
アメリカ上院議員エリザベス・ウォーレン氏は,11月の選挙後,大統領候補になるかどうか真剣に考えるだろうと宣言した.
ボストン・グローブ紙によると マサチューセッツ州民主党上院議員は 土曜日に マサチューセッツ西部で開かれた市議会で 自身の将来について語りました
ウォーレン氏はトランプ大統領を批判している. 2016年のトランプ選挙の共同議長を務めた共和党のジェフ・ディールに 対抗して11月に再選を競っている.
2020年にトランプに挑戦するという考えは 長い間 話題にありました
選挙人集会で選挙人との 36回目の会合でした トランプ大統領が就任して以来です
参加者の1人が大統領選に 候補を立てるか尋ねました
ウォーレン氏は"女性がワシントンに来て 政府を整えるべき時だ"と答えました "女性が最高に立つことを意味している"
LSU・シムズ選手の殺人容疑で逮捕
ルイジアナ州バトンルージュ警察は 疑者を逮捕したと発表した. 金曜日にLSUバスケットボール選手の Wayde Simsが殺された.
バトンルージュ警察は 20歳のディートン・シンプソンの逮捕を ETニュースで11時発表しました
金曜日に彼は殺人映像を公開し 映像に映る男性の身元を特定するために 支援を求めました
20歳のシムズは 金曜日の朝早くに 南部の大学校舎の近くで 撃たれて殺された.
"Wayde Simsは銃撃による頭部傷で死亡"と 247Sportsの Murphy J. Paul警察長は語った.
ウェイドは友人を弁護して シンプソンに撃たれた
尋問を受けると シンプソンは 犯罪現場に銃を持っていて ウェイド・シムスを撃ったと認めた
事件もなく逮捕され 東バトンルージュ警察署に拘束された
2m2の少年選手で バトンルージュで育ちました シムズは去年のシーズン 32試合に出場し 10試合をスタートし 平均で17.4分5.6ポイント2.9リバウンドを記録しました
ロシアGP:ルイス・ハミルトンが世界タイトルに接近 チーム命令でセバスチャン・ベッテルに勝利
バルテリ・ボッタスが同志のルイス・ハミルトンより先に 準優勝した土曜日には メルセデスチームの命令が レースに大きく影響する事がすぐに明らかになりました
ボッタスはポールから スタートを良くし ハミルトンは最初の2周間に ベッテルから 攻撃を受け
ベッテルが最初に停車し ハミルトンを後方渋滞に追い込み 決定的な動きをします
メルセデスはその次のラウンドでストップを行い,ベッテルの後ろにトラックに戻った.しかし,ハミルトンは,フェラーリドライバーが3番目のカーブで防衛するために2回転した後,内部を通過するのを防ぐことを試みるいくつかの車輪対車輪のアクションの後,彼を越えてしまった.
マックス・ヴェルスタッペンがスタートしたのは 格子線の最下からですが 最初のラウンドの終わりには 21歳の誕生日に 7位でした
レースの大半を車輪交換の場で停まらずに走った後,キミ・ライコネンを抜いて4位を勝ち取り 速く走ろうとした.
しかし,結局は44周目にピットストップをすることになり,残りの8周ではペースを上げ,4位となるライコネンを越えることができなかった.
"今日は大変な日だ 週末を通してヴァルトリが 素晴らしい仕事をしたから 乗り切らせてくれて とても親切だったんだ
チームも素晴らしい仕事をして 1位と2位を獲得しました"とハミルトンは言いました.
身体言語の悪い例
土曜日の集会で ドナルド・トランプ大統領は 最高裁候補ブレット・カヴァナウを レイプ未遂で起訴した クリスティン・ブレシー・フォードの手紙の内容を公表しなかったと主張したことで 上院議員ディアン・ファインスタインを嘲笑しました
ウェストバージニアの集会で 大統領は フォード氏の証言について 直接言及しませんでしたが 議会で起きていることは "卑劣で 悪くて 嘘つき"であることを示しています
"何が起こるか,そして,ここ数日間,上院で起きていること, 怒っている,卑劣で,悪い,嘘つきの人々"
報道が広まるという 明らかな兆候がある時 責任者は"いや 私じゃない"と言うのです
絶対にできない"
覚えてる?
ディアン・フェインスタイン ニュースを出した?
文書の内容を明かした?
違うわ 違うわ
"私はそうしなかった"
待って
明らかにした...いや,明らかにしたんじゃない"と,上院議員を真似て付け加えた.
フォードがカバノウを起訴した手紙は 7月にフェインシュタインに送られ 9月初旬に公開されましたが フェインシュタインは 秘密の報道が事務所から漏れることを否定しています
"私はフォード教授の主張を隠さなかったが 彼女の話を明かさなかった" フェインシュタインは委員会に対し
"秘密にしてほしいと頼まれたので 秘密にしておいた"
しかし,彼の否定は,大統領にとって信じがたいことではありません. 彼は土曜日の夜,集会でこうコメントしました. "これはただの体言語の悪い例です.
"いやいや でもこれは見たことのない ひどい体言語だ"
3人の女性から性的暴行の申し立てをされた最高裁候補者を 擁護し続けて 大統領は民主党がこれらの申し立てを 自分の目的のために利用していることを示唆しました
"彼らはあらゆる手段で 権力を取り戻そうとしている"
権力と支配を取り戻すために誰を凌駕するか気にしない"とメディアイトが報じた.
エリートリーグ:ダンディー・スターズ 5-3 ベルファスト・ジャイアンツ
パトリック・ドワイヤーがジャイアントスに 2ゴールを
ダンディー・スターズは 金曜日のエリートリーグ戦で ベルファスト・ジャイアンツに負けて 復戦戦を5-3で勝利しました
巨人はすぐに2ゴールの先を行く パトリック・ドワイヤーとフランシス・ボヴィリアーの投球で
マイク・サリバンとジョーダン・カウニーは ドワイヤーがジャイアントスをリードする前に チームを引き分けさせた
フランソワ・ブーハードはダンディの対戦を 引き分けしました ルカス・ランドヴァルド・ニールセンの2ゴールは 勝利を告げたのです
ベルファストで2対1でダンディーに勝利した
この2チームは今シーズン4回戦ったが 巨人は最初の3勝を勝ち取った
ドワイヤーは3分35秒でケンドル・マクフォールのアシストで 初めてのゴールを決めたのに対し ボウビリアーは4分後 デヴィッド・ラザフォードのアシストで 倍投した.
試合の初期はかなり熱狂的でしたが サリバンがホームチームを 13:10で引き戻し マット・マーカードトが 15:16でコウニーにアシストを
ドワイヤーは Giantsの勝利を宣言し 半期の終わりに 試合の2番目のゴールを決めた
試合は再戦し ボーチャードは27分37秒で戦略的な操作で 引き分けを回復しました
カウニーとチャールズ・コルコランはニールセンの行動に寄与し,ダンディーが後半に初めて試合先を行き,後半半半に5点目のゴールを決めた.
この時点で 5試合のうち4試合を 負けたジャイアントズは 金曜日にミルトン・ケインズで 試合をします
飛行管制官が死去し 数百人の乗客が地震から逃れるようにした
インドネシアの航空管制官が 命を落とした後に 英雄として称賛される
津波が発生したため,800人以上が死亡し,多くの方々が行方不明になりました.
震災は引き続き続いています. パルー市では多くの住民が瓦の中に閉じ込められています.
しかし仲間が命を救うために逃げていたにもかかわらず 21歳のアンソニアス・グナワン・アグンは パルーのムティアラ・シス・アル・ジュフリ空港の 制御塔で座り 恐怖で揺れていました
飛行場にいたバティックエア 6321便が 安全に離陸できるようにしました
崩壊すると思った時に 監視塔から飛び降りた
病院で死去した.
アウトラクションの販売は,日本国内で,日本国内で,日本国内で,
カリマンタンにあるバリクパパンから ヘリコプターで別の町の大きな病院に 運び出しました
残念ながら彼は今朝  helikopterがパルーに到着する前に亡くなりました
"これは私たちにとってとても悲しいニュースです"と彼女は付け加えました
一方,当局者は死者が数千人になると懸念しており,国家災害対策庁は,ドンガラ,シジ,ブートンなどにアクセスが制限されていると報告しています.
"死者数は増加する見通しです. 多くの遺体がまだ残骸の中にあり,他の遺体は追いつくことは不可能です"とNEWSのスポークスマン,Sutopo Purwo Nugrohoは説明します.
6メートルほどの波がパルーを襲い 葬儀が予定されています
軍用・商業用航空機が 援助や食料を運んでいる
35歳の母親である Risa Kusuma はSky Newsにこう語った. "毎分救急車が遺体を運んでいる.
清潔な水は稀だ.
店内はどこでも 盗まれています"
インドネシアの国際赤十字の責任者 ジャン・ゲルファンドは CNNにこう語った. "インドネシア赤十字は生き残った人々を助けるために全力を尽くしているが,何が見つかったのかは分からない.
悲劇的な状況ですが もっとひどい状況になるかもしれません"
インドネシアのジョコ・ウィドド大統領は日曜日にパルーに到着し 軍隊に言いました "皆さんに昼夜をかけて 避難作業を完了させてください
準備はできましたか?"と CNNは報じています
インドネシアでは既に1年以内に 隆坡で地震が起き 550人が死亡しました
マイクロネシアの飛行機事故:エア・ニウギニは,今,ラグナ事故で1人が行方不明だと主張
航空会社は,乗っていた乗客と乗組員全員が救出したと発表し,現在1人が行方不明だと主張しています.
Air Niuginiの土曜日のニュースによると 乗客1人が 欠席しているそうです
航空会社は現地当局や病院と調査員と 連絡をとっていると確認しました
航空会社は 乗客の詳細,例えば年齢や国籍の要求に すぐには反応しなかった.
事故の後に,地元の船は他の乗客と乗組員を救出しました. 飛行機はチューク島の空港に着陸しようとしていた.
公式情報によると 金曜日に7人が病院へ送られました
航空会社は6人の乗客を 病院に運んでおり 全員安定状態だと発表しました
事故の原因と正確な順序は未だ不明である.
航空会社と海軍によると 飛行機は滑走路に 届かなかったため 湖に墜落したそうです
目撃者によると,飛行機は滑走路を飛び越えた.
乗客のビル・ジェイネスは 飛行機が非常に低い空間に 降ったと報告した.
"本当に幸運だった"とジェイネスは言いました
ジェイネスはさらに説明しました 彼と他の乗客は 水の中を歩いて 飛行機の緊急出口までたどり着いたのです
飛行助手たちは慌てて叫びました 彼は頭部に軽い打撃を受けました
アメリカ海軍は,近隣で船橋を整備する作業をしていた船員が,飛行機が約30メートル (100フィート) の水中に沈む前に,船を駆け込み,人を岸へ運び出すために救助したとも報告しています.
航空安全ネットワークのデータによると 過去20年間で 111人が PNGに登録された航空会社の飛行機事故で死亡しましたが どれも Air Niuginiには 影響しませんでした
分析師が燃え尽きる女を 描き直した
2014年にミシシッピ州で女性を 焼いてしまったという容疑で 起訴された男に対する 再審の証拠が 土曜日に発表されました
司法省の分析官であるポール・ローレットは 諜報分析の専門家として 何時間も証言しました
陪審員に説明しました 携帯電話のデータを利用して 容疑者Quinton Tellisと 被害者のJessica Chambersの 動きを 記録したそうです
ローレットは複数の携帯電話の位置情報を 入手したと報じました テロはチェンバースが殺された夜 チェンバースと一緒だったと
記録が 携帯電話をチェンバースと 持っていたと証明した時 彼は友人マイケル・サンフォードと 交際していたと証言した
サンフォードは土曜日に法廷に来て その日市外で証言した
検察が彼に テルリスがあの夜サンフォードのトラックに 乗っていたことを本当だと言ったのかと尋ねると 彼は"私のトラックがナッシュビルにいたから 嘘をついている"と答えました
もう一つの不一致は テリスが チェンバースが死んだ2週間前に 彼と知り合っていたという事だ
携帯のデータによると 知り合いは"週間しかなかった
ローレットは説明しました チェンバースが死んだ後 テリスは チェンバースのメッセージや電話 電話や連絡先を 携帯から削除したそうです
"彼は彼女の人生から 消した"とハイルは言った
弁護団は日曜日に 締めくくりの議論を始める.
裁判官は判決を 陪審員に当日後旬に 渡す予定だ
ハイス・ブレッド:意識のヒップホップとは?
ヒップホップ・トリオは 楽曲にポジティブなメッセージを 入れることで セクシュアリティに対する否定的な見方に 挑戦したいと考えています
ブリストルのグループThe High Breedは ヒップホップは政治メッセージや社会問題を訴える 起源から離れていたと主張しています
元の原点に戻り 意識的なヒップホップを 作ろうとしているのです
FugeesやCommonなどのアーティストが 最近イギリスで 再び流行り始めています アカラやローキーなどのアーティストが 復活しました
もう一人の黒人?
ニューヨークの保育士が"人種差別"の文字で 解雇したカップルを訴える
ニューヨーク市で ある保育士が 夫婦を訴えました 母親が"もう一人の黒人"だと 文句を言うテキストメッセージが 誤って届いたので 差別的に解雇されたというのです
要求を"強奪"と 称して人種差別を否定しています
2人の子供の母親であるリンシー・プラスコ・フラックスマンは 2016年に初勤した新しい保育士のジゼル・モリスが黒人であることを知ると 失望を表明しました
"もう一人の黒人"と夫へのメッセージで プラスコ・フラックスマンさんは言いました
しかし夫に送る代わりに 2回以上 モーリスさんに送った
ニューヨーク・ポストによると 間違えを悟った後 "恥ずかしい"Plasco-Flaxmanさんは Mauriceさんを解雇し 前面のアフリカ系アメリカ人保育師に不満を抱いてフィリピン人の子供を 妊娠していると告げたのです
モーリスの労働費を支払って タクシーで送ってくれました
モーリスは夫妻を訴えて 解雇されたため 初めの契約なしの 6ヶ月間のフルタイム労働のために 日給350ドルを 要求しています
"彼らが理解してほしいのは,彼らがこんな風に振る舞うことは許されない"と彼女は金曜日にポストに語った.
差別という非難に対して 両親はモリスを解雇することは 唯一すべきことだと答えました 侮辱した後に 彼女を信用できないのではないかと 恐れていたからです
"妻がメールで 意図していないことを言ったの
彼女は人種差別主義者ではない.
ポーストに言っています. "我々は人種差別主義者ではありません.
"間違って親に虐待されたら 子供を託すつもりですか?
あなたの赤ん坊?
違うと思う"
要求を"強奪"と比べると プラスコ氏は妻がわずか2ヶ月で産まれており "非常に困難な状況"にあると訴えました
"そんな風に人を怒らせることはできない"
金融アドバイザーも言いました "これはとても優しい行為ではない"
訴訟が進行中である間,公の意見裁判所は,夫妻をソーシャルメディアで非難し,彼らの行動と論理を厳しく批判しました.
文書によると パディントン誌の編集者は 読者が話す熊を 気に入らないのではないかと 心配していたそうです
本が受け入れられた直後に生まれたボンドの娘のカーン・ヤンケルは この手紙について こうコメントしています "本が出版される前に初めて本を読んだ人の立場に立つのは簡単ではありません.
"パディントンが成功したのは 分かってくれて嬉しい"
遊戯熊に触発された児童本を執筆する前にBBCでカメラマンとして働いていた父親が,彼の作品が拒否されたことを好まなかったと発言し,昨年彼の死後,その60周年の出版記念日は"悲しい"と付け加えた.
パディントンについて 彼女は"家族にとって非常に重要な人物"と説明します 父親は彼の成功に わずかに誇りを持っていたと付け加えます
"彼はかなり穏やかな男で,自惚れした人ではなかった"と彼は言う.
"しかしパディントンには とても現実的な存在でした 息子が達成した事を誇りに思うようなものです
パディントン氏の成功を 解釈していたと思います
想像力によって作られたものですが 功績はパディントン自身に 与えられています
亡くなる娘に電話で告別しました
降ったとき 娘は緊急に ニースの Louis Pasteur 2 病院に運ばれました 医師は彼女を救おうと試みましたが 失敗しました
"ナッドは何度も電話して 状況が深刻で 娘が生き延びられないと 言いました"
"それから彼女は電話して 数分で死ぬと告げた
やってみました
"タシ,君を愛してるよ"
すぐに会える
私はあなたと一緒にいる
医者が心臓を動かすために 処方した薬の効果は 徐々に衰え始めていました
彼女は少し前に死んだし,終わりだった.
待たせていましたが 起きていたことは知っていました
文句を言ったり 叫び泣いたりすることはありませんでした 家族や人々と囲まれていたからです
気をつけなければならなかった"
エドナン・ラペルーズ夫人は 娘の死を悲しんで 乗客と一緒に飛行機に乗り込みました
"誰も知らなかった"と彼女は言います
"ずっと泣いてただけ
説明するのは難しいのですが 飛行機に乗っている間に ナッドに 信じられないほどの同情を感じました
私の愛と理解が必要だと考えました
どれだけ愛していたか知っていました"
橋の自殺を防ぐために 悲しんでいる二人の女性からの チケット
恋人が自殺した二人の女性が 自殺を防ぐために 努力しています
ウェールズにある橋に 励みメッセージと電話番号のカードを貼り付けました
デイビスの息子 タイラーは 13歳で 鬱病に苦しんで 18歳で自殺しました
"毎日私が感じているような 気持ちを 両親にさせたくない"
45歳のリドニーに住むデイビスは 息子が 笑顔で 魅力的なシェフだったと語っています
"笑顔をよくしたから みんなが彼を知っていた"
部屋に光が照らされるといつも言われました"
しかし亡くなる前 彼は仕事を辞めました 鬱病が彼を"とても暗い場所に"追い込んだからです
2014年 11歳のタイラーの弟が 自殺後 彼を見つけました
デイビスは"連鎖効果が起こるのではないかと 心配している"と答えています
メッセージは"友だちでも 誰かに相談できる人がいることを知らせる"ものです
孤立してはいけないのです 話し合う必要があります"
デイビスの長年の友人である ハンフリーズは 15年付き合っていたパートナーマークを亡くしました 彼の母親が亡くなる直後です
"あなたは彼が落ち込んでいるか 落ち込んでいるか 言ってないわ"
"クリスマスの数日前には 彼の態度が変わったことに気づきました
クリスマスデーに 底を打ったんです 子供たちがプレゼントを開けるときに 目を向けて見ないんです"
彼の死は 処理しなければならなかった 大きなトラウマでした "家族を傷つけた
切り裂かれた
"でも私たちは戦い続けなければなりませんでした"
失敗するとしたら,無料の 116 123 (イギリス・アイルランド) に電話したり,jo@samaritans.org にメールしたり,Samaritans のウェブサイトをご覧ください.
ブラット・カバノウの将来は不透明 FBIは捜査を開始
"もしあなたが要求したように進めるなら 時間と範囲を制限した調査で合意に達できると思います" フレイク氏は土曜日に言いました.
なぜカバノウと共和党支持者は FBIの捜査を 望まないのか?
時期が決まっていたから 嫌がるんです
11月6日の中期選挙まで 5週間しか残らず 予想通り共和党が負けたら 最高裁に選出される候補者を 獲得する力に 大きく弱まるでしょう
ジョージ・W・ブッシュは上院議員に電話して 支持するよう促しました 川越はブッシュのホワイトハウスで働いた人物で 川越はブッシュの秘書だった妻アシュリーと出会いました
FBIが報告書を 完成させた後 どうなるのか?
共和党51名と民主党49名で 議会で投票されます
明らかに,カバノウは上院で少なくとも50票を獲得し,副大統領マイク・ペンスに 遅延をなくして最高裁に 承認されるようになるでしょう.
北朝鮮の政治難民数は金正恩が"減"
韓国では7年前に金正恩が政権を握った以来, 韓国から政治庇護を求める北朝鮮人の数は減ったと, 韓国国務院議員が言う.
韓国の統一省のデータによると,昨年1,127人の難民が2011年には2,706人だった.
朴氏は,主な理由として,北朝鮮と中国の国境の規制強化と,不法移民の関税を挙げている.
平壌は公言をしていない.
北朝鮮からの難民の圧倒的多数は 最終的に韓国国籍を 受け取りました
韓国戦争が終結して以来3万人以上の北朝鮮人が 国境を不法に越えてきたとソウルは言います
多くは中国を通り抜けます. 北朝鮮との国境は, 防護が厳しい非軍事地帯 (DMZ) よりも長く, 簡単に渡れる.
中国では難民ではなく 違法移民とみなし 強制送還もされています
北と南の関係は,技術的にはまだ戦争状態ですが, ここ数ヶ月間,かなり改善しています.
この月,両国は平壌で会合を開き,停滞している非核化交渉について話し合った.
これは6月にシンガポールで米大統領ドナルド・トランプと金正恩が 歴史的な会合をした後です 朝鮮半島を核兵器から解放するために 協力することに合意しました
しかし,北朝鮮のリ・ヨンホ外相は,米国による制裁を批判し,
"米国への信頼がなければ,国家安全保障は保証できない. このような状況下では,我々は一方的な軍縮を第一に進めることはできない"と,リ氏はニューヨークで国連総会で語った.
ナンシー・ペロシーはブレット・カヴァノウを "ヒステリック" と呼んで 最高裁には適していないと訴えた
少数派のリーダーナンシー・ペロシーは最高裁候補のブレット・カヴァナウを "ヒステリック"と呼び,彼はその職に特異的に適していないと訴えました.
テキサス州オースティンで行われた Texas Tribune Festivalのインタビューで
"もし女性が同じように振る舞ったなら  истеリックだと呼ばれたと思う"と ペロシは木曜日に上院司法委員会でカバノウ氏が発言したことについて言いました
明らかに感動したカバノは ティーンエイジャーの時 カーディ・フォード教授をセクハラしたという 容疑を否定しました
演説の初め カバノフは 感情に溢れ 泣き叫ぶほどでした 家族や高校時代の話をしながら 涙が喉にこみこみしていました
また,民主党の委員会を明示的に非難し,彼の非難を"ヒラリー・クリントンが2016年の大統領選挙で負けたことを怒った自由主義者が組織した 馬鹿げた,協調した誹謗中傷キャンペーン"と非難した.
皮ロシは,カバノウの証言が最高裁に 参画できないことを証明していると信じています.
"彼は自分の発言で自分を排除したと思います. クリントン氏や民主党の発言もそうでした"
支持された場合 カバノウを起訴しようとすると聞かれると ペロシは反対を表明し 民主党が衆院で多数派になる場合も 明らかにしました
"議会やFBIに真実を語らないなら 最高裁の役目だけでなく 議長を務める裁判所の役目も 果たせないと思う"と 皮ロシは言いました
カバノウは現在 連邦連邦裁判所で 裁判官を務めています
民主党の女性として カーバナウが安価医療法や ロー対ウェード裁判に 反対するかもしれないことに 懸念を示しました 彼は保守的な裁判官だと考えられているからです
承認審理では,カバノは, 裁判所の決定を撤回する意図について, 疑問を回避しました.
皮ロシは"偏見のある истеーリックな人を 最高裁に連れて行き この判決が肯定的な結果をもたらすと 期待することはできません"と発言しました
女性はそれを使わなければなりません
怒りの激しい話で 涙を流すだけで 抜け出せないのです
"怒っているとき 私たちは泣く" 45年後にシュタインムが私に言いました
"変なことは思わないわね"
"どこかの経営者だった女性が 助けてくれました 彼女は怒ったときも泣いていたそうです でも彼女は怒って泣き始めたときも 話し相手に こう言う方法を 開発していました "泣いているから悲しんでいると思うかもしれない
"でも私は怒っている"
そして,彼は続けました.
"素晴らしいアイデアだ"と
涙は怒りの表現として許されるのは 根本的に理解されていないからです
男性が多数いるオフィスで働いていた時の 最も鮮明な思い出は 怒りの暴動で泣き出したときです 年上の女性で いつも少し怖がっていた 凍ったマネージャーが 私の首を掴んで 階段を引っ張りました
"泣くのを 見せないで"と
"怒っていることは知らない
悲しんでいると思うし 手に取れたから喜んでいるんだ"
当時民主党のコロラド州議員だった パトリシア・シュローダーは 大統領選でゲイリー・ハートと協力しました
1987年,モンキー・ビジネスという船で ハートの異性愛が発見され 競馬を辞めなければならなかったとき 失望したシュレッダーは 大統領選を自ら 目指すべきでない理由はないと考えました
"実際は 慎重に考えない決断だった" 30年後の彼の笑みで
"もう7人の候補が走っていたので もう1人の候補は必要ないでしょう"
"白雪姫と7人の矮人"と 呼ばれていた
選挙運動が進行中だったため シュレッダーは資金調達に遅れを重ねて 2百万ドルの資金調達ができない限り 候補を挙げないと誓いました
失敗した事だった
男性候補者に1000ドルをくれた支援者の何人かは 250ドルしか返さないと 気付きました
"割引が取れると思う?"と彼女は思った.
公式選挙運動を 始めないという演説をしたとき 感情に圧倒された (支持者への感謝, 資金や選挙人より代表者を 探し出すのが難しくなった制度に対する失望, 性的差別に怒った) 感情は激しく揺れ動いた.
"私は神経崩れを 感じていました" メディアの反応を想起して シュレッダーは言いました
"Kleenexは私の企業スポンサーだと思われるかもしれません
墓碑に書いてあるものについて 考えていたのを覚えています
"泣いた"とか
中国とアメリカの貿易戦争が 北京に有利になる
貿易戦の開幕口は激しく,戦いが終わることは遠くないが,専門家たちは,両国との対決が長きにわたり北京にとって有利である可能性があると言う.
ドナルド・トランプ米大統領は 今年初めて 中国の主要輸出品に 税金を課し 太陽光パネルや鋼材やアルミニウムなどに 警告を出したそうです
最も顕著なエスカレーションは今週,中国から輸入される商品の半分に関税を課すという 200億ドル以上の商品に対する新たな関税で起こりました.
北京は毎回同様の措置を講じています 最近は6000億ドル相当のアメリカ商品に 5%から10%の関税を課しました
中国はアメリカに 攻撃を繰り返す約束をしており 世界第二の経済大国として すぐには 立ち戻る可能性は低いのです
ワシントンが諦めれば 要求に応える必要がありますが 公開でアメリカに屈するのは 習近平大統領にとって 恥ずかしいことです
しかし専門家たちは,もし北京がトランプを正しく弾くなら,米国との貿易戦争の圧力が長期的に見れば,中国に好影響を与え,両国の経済相互依存を減らす可能性があると考えている.
"ワシントンや北京の急激な政策決定が 両国経済崩壊の 初期条件を整える可能性は これまで認められていたよりもはるかに危険だ"と  Center for New American Securityのアジア研究員 アビゲイル・グレースは言う.
シリアは難民の帰還に"準備ができている"と外相
シリアは難民の帰還を準備しており 7年以上の戦争で荒廃した国を復興するための支援を要請しています
外国大臣ウリド・アル・ムアレムは国連総会で 国の状況は改善していると宣言しました
"テロとの闘いにおいて,今,地域情勢は安定し,安全になった"と彼女は述べた.
政府がテロによる被害を 回復しつつあり 状況を正常化しています
テロや一方的な経済措置によって 難民が自発的に帰国し 生活の質も 損なわれている状況です
国連の推定では,2011年の紛争以来 シリア人を逃亡した人が550万人以上います
シリアで暮らす600万人が人道援助を必要としています
破壊された国を復興するための支援を喜んで受け入れるだろう.
しかし,彼は,条件付きの援助を 受け入れない,と強調した.
ヨーロッパがパリライダーカップで勝利
欧州チームは,フランスパリ外にあるル・ゴルフ・ナショナルで,アメリカチームを17.5対10.5で倒して2018ライダーカップを勝ち取った.
アメリカはヨーロッパで6連敗し 1993年以来ヨーロッパでライダーカップを 優勝していない.
デンマークのトーマス・ビヨーンが チームをリードし アメリカを倒すために 14.5 ポイントを獲得した結果 ヨーロッパが優勝しました
優勝戦のほとんどを戦った チャンピオン・アメリカ・フィル・ミッケルソンは 勝負の第16ホールで ティーを投げました
イタリアのゴルファーが全てのターンで輝き 史上5-0-0の記録を残した4人の選手の1人となりました 1979年に現在の形式で初めて開催された以来です
アメリカ人ジョーダン・スピースは 5&4で敗れ ヨーロッパ代表のダンのトップランク下位のトーボヨーン・オレセンに敗れました
世界一流選手 ダスティン・ジョンソンは 2対1で イングランド代表のイアン・ポウルターに 降板しました
8回参加したスペインのサージオ・ガルシアは 優勝記録を記録し 25,5点でヨーロッパ選手として最高記録を記録しました
"普段は泣かないけど 今日は泣かないとダメだ"
難しい年でした
トーマスに感謝しています 私を選んでくれて 私を信じてくれて
優勝してよかった
チームにとって勝利であり,貢献できたことを嬉しく思います"と 感動したガルシアはヨーロッパでの勝利を宣言しました
勝者はアメリカン・ゴルフの伝説 タイガー・ウッズ 2対1で勝った同胞のジョン・ラムです
"彼の試合を見て育ったことを考えると タイガー・ウッズを倒したことに本当に誇りに思います" 23歳のラームは言いました.
ウッズはフランスで4試合も負けたが 今ではライダーカップで13勝21敗3引きだ
奇抜な統計です 彼は史上最高の選手で 14つのメジャーリーグで優勝しています ジャック・ニクラウスに次いでいます
週末はフェアウェイを 探していたアメリカ代表は パトリック・リード ジャスティン・トーマス トニー・フィナウを除いて 全大会で最高レベルのゴルフをしていました
アメリカ隊のジム・フューリック隊長は チームが落胆した結果 "戦ったからといって 誇りに思う"と語りました
今朝,ヨーロッパチームにプレッシャーをかけました
我々はこの機会を捨てた.
トーマスさんを褒めよ.
彼は偉大な船長だ.
12人の選手全員がとても良い成績をあげました
組織を改め アメリカ・ピGAとライダーカップ委員会と 協力して進めます
私は12人の少年たちを愛しています そして彼らの隊長であることを誇りに思います
頑張った
"でも彼らは僕たちより上手くやった"
ピンレス,マナティ,サラソタで 濃度が下がった
報告によると タンパ湾の部分で 赤の濃度が 減少しているようです
FWCによると 濃度が低下しているような 斑点花開き状態が ピネラス,マナテ,サラソタ,シャーロット,コリア郡の地域で見られます
赤潮の花はピネラス郡北からリー郡南まで 約130マイルの海岸線に広がっています
斑点はヒルズボロ郡から 約10マイル離れたところにあるが 先週よりも少ない地域にある
赤い潮はパスコ郡でも見られました
先週,ピネラス郡または沿岸部で 低濃度から高濃度へ ヒルズボロ郡沖で 低濃度から高濃度へ マナテ郡で 低濃度から高濃度へ サラソタ郡または沿岸部で 低濃度から高濃度へ シャーロット郡で 低濃度から高濃度へ リー郡または沿岸部で 低濃度へ コリアー郡で
呼吸器刺激の症例は ピネラス,マナテ,サラソタ,リー,コリア郡で報告されています
先週はフロリダ州北西部で 症例は報告されませんでした
