ウェールズ議会は 浮世者のように見えるのが心配です
ウェールズ議会議員 (Member of the Welsh Parliament) の称号を変更する提案が,一部の議員に不安をもたらしている.
懸念は,評議会の名称をウェールズ議会に 変更する計画から生まれています.
党派全体で議員は 嘲笑される恐れがある.
労働党の議員は,彼の党は"TwpとPwpに合っている"と心配していると言いました.
ウェールズ以外の読者にとって,ウェールズ語で twp は狂気, pwp は.
プライド・クライム党の議員は,党全体が"不満"を抱いていると述べ,この問題について別の提案を提出した.
ウェールズ保守党の議員は,彼の党は"名前の変更について"オープンに考えていたと述べたが,MWPとMuppet (むぷち) の違いはほとんどないと指摘した.
この文脈では,ウェールズ語の w は,アイスランドの u と類似して表記されていることに注意してください.
名称変更を提案する法案を立てている理事会は",理事会メンバーの名前に関する最終決定はもちろんメンバー自身に任せられる"と述べた.
ウェールズ政府法 (2017年) は,ウェールズ議会に名称変更の権限を与えた.
6月に評議会は,世論調査の結果を公表し,評議会をウェールズ議会に招集することを強く支持した.
評議会の議員の称号については,評議会はWMP (ウェールズ議会メンバー) を選定したが,世論調査ではMWPが最も支持された.
議長エリン・ジョーンズ (Elin Jones) は数週間以内に 議案を提出する予定で 合意に達することは困難である.
改革の第一歩は,理事会の運営方法にも,委員の退任規則や委員会組織など,他の変更も含みます.
議員は,法案の議論が始まる時に,そのタイトルについて最終投票を行うことができます.
マケドニア人は,国の名前の変更について投票する
投票者は日曜日に,彼らの国の名前を変えるか否かを投票します.
この問題は 近隣のギリシャと数十年にわたる紛争を解決しようと 投票にかけられました ギリシャはマケドニアという 独自の州を持っています
アテネは長い間,北の隣人の名前が,その領土に対する主張に等しいと主張し,EUやNATOへの加盟申請に何度も反対してきた.
マケドニアの大統領,ギョルゲ・イバノフは,名前の変更に関する投票に反対し,選挙を有効とみなさないと述べた.
しかし,首相のゾラン・ザエフを含む投票支持者は,この名称変更はEUやNATO加盟にかかる代償だと主張している.
教会の鐘は,ハーレムの教会が困難を被っている
"昔は街角にバーや教会があった"とアダムズ氏は言いました
今日,どちらもそこに見つかっていない.
負荷が減るのは当然だと 彼は言いました
"人は別な方法で出会う"と
酒場はもはや 定期的に集まる街の中心ではなくなった
教会については,彼は資産売却から得られる資金が 期待されるほど長く続かないと心配し,遅かれ早かれ リーダーが 再び元に戻るだろうと心配しています.
隣接する村の残った避難所を救うのに役立つ人がいない 住宅に教会を入れ替えるかもしれないと
これらの建物でアパートを購入する人の圧倒的多数は白人になると彼は言いました. したがって,これらの教会が完全に閉鎖されるのを加速させるでしょう. なぜなら,これらのアパートに引っ越す人々のほとんどは,これらの教会に会員になる可能性が低いからです.
両教会もハーレムが黒人中心地になる前に白人教会によって建てられたものであった - 1870年にメトロポリタン・コミュニティ教会が建てられ,その後10年後にセント・マーティン教会が建てられた.
最初の白人のメソッド教会は 1940年代に崩壊しました
近くのテレバレーの コミュニティが 建物を受け継ぎました
チェコの教会は チェコの従業員を雇うか昇進させるよう 要求する125番街の店員を 誘拐した.
1939年に火災により 建物が大幅に損傷しましたが ジョンソン氏のお前の会衆のメンバーは 建物を修復する計画を立てました
ジョンソン卿の息子で後継者である セラ・デイビッド・ジョンソンは この鐘を"貧しい人々の鐘"と呼んだ
7月にこの時計を演奏した専門家が 文化財と 独特の歴史楽器と 呼び名づけました
ミシガン大学の研究者ティファニー・ングは この鐘は 世界初の 黒人ミュージシャン ディオニシオ・A・リンドが演奏した鐘だと指摘しました しかし 18年前にリバーサイド教会の大きな鐘に 移りました
彼は,彼の部屋で彼の部屋を離れて歩いていた.
ここ数ヶ月間 建築家や建設業者が セントマーティンにやってきました 教会や教区の指導者が 雇った人もいます
教会の管理者による教会評議会は 7月に司教に手紙を書いて 司教が送った建築家や建設業者を雇いませんでしたが 司教は 司教の費用を 支給しようとしていたのではないかと懸念を表明しました
抗議者の何人かは 司教堂の透明性の欠如に不満を言っていました
カリフォルニア州で13歳の少年がクジラに捕獲された
政府の報道によると,13歳の少年が サボット狩りの初日に カリフォルニアでロブスターを捕まえたときに サメが襲って傷つけました
襲撃は7時前だった エンシニタスのビーコンビーチの近く
チャッド・ハメルはサンディエゴのKSWBTVに 同僚と土曜日の朝30分ほど 掘り出していたと伝えました 少年が助けを叫んだのを聞いて 仲間と共に水面から助けに 渡ったそうです
ハメルは最初はロブスターを捕まえたという興奮だと考えていたが 少年が叫んだのが わかった "噛まれた!"
噛まれた!
骨が全て裂けていた"とハメルは少年に近づいた時に見たことを語りました
私はみんなに"水中から出て来い!"と叫んだ. ハメルが付け加えた.
少年はヘリコプターで サンディエゴの Rady Children's Hospital に運ばれ 重傷を負っています
少年を襲ったサメの種類は不明です
沿岸警備隊の長,ラリー・ジャイルズは記者会見で,数週間前にこの地域でサメが目撃されたと伝えましたが,それは危険なサメではありませんでした.
被害者は上部に重傷を負ったと ゲイルズは付け加えた
警官は調査と安全のため 48時間間の ポントビーチからエンシニタスのスワミビーチまでの 沿岸を閉鎖しました
ザメの種類は135種類以上ですが ほとんどが危険ではないと 報告しています
ブランドは,英国で,
サインズベリーズはブーツ,スーパードラッグ,デベンハムと 競争する計画だ ショッピングモール様式の化粧品店と 訓練された支援スタッフを
これは,英国の2.8億ドル規模の 化粧品市場への 入り口の計画の一部で, ファッションや家庭用品の販売が減少する一方, 成長を続けています. 国内11店舗で試作され,成功すれば,来年より多くの店舗に展開されます.
化粧品への投資は,以前はテレビやマイクロレンジや家用品に使われていた 棚を利用するスーパーマーケットの方法の一部です
サインズベリーズは,その化粧品の選択を倍増し,3,000種類まで増やそうとしている. ブランド品をRevlon,Essie,Tweezerman,Dr.PawPawに初めて追加する.
LOreal,Maybelline,Burts Beesの既存の商品も,ブーツなどの店舗に似た標識されたエリアで追加される.
店内はブティック・コスプレの販売も再開する予定で 商品の大半がベーガン向けになる予定ですが 若い消費者がますます要求しています
さらに,香水店はSainsbury'sの2つの店舗で 試料販売を開始します. 前者は,南ロンドンのクロイドンで先週オープンし,
オンラインショッピングや消費者が近所の店舗で 日々の食料を少量に購入する傾向が増加しているため 超市は人々に近づくために より多くの努力をしなければならないのです
サインズベリーCEOのマイク・クープは,店舗はモールにますます似合うだろうと述べ,同社は低価格のアルディやリドルに サービスや食品以外の商品を より多く提供することで 競争しようとしている.
サインズベリーズは数百店舗に アルゴス店を設置し 2年前に両店を買収したことで 売上げを上げ 収益性を高めるとともに ハビタット店も数多く導入しました
店の前回の 化粧品や薬剤の 復旧は失敗でした
2000年頃,Sainsbury'sはBootsと提携を試みたが,大手市場での薬剤販売の収益をどのように分配すべきかについての論争のために終了した.
この新しい方針は,Sainsbury'sが3年前に 281店舗の薬局を LloydsのオーナーであるCelesioに 125億ポンドで売却した結果です
政策では ロイドスは4つの店舗にラッシェ・ポセイやヴィッチーを含む豪華ブランドを4つの店舗に追加することで この計画に役割を果たす.
ソーセージ店のマーケティング担当者ポール・ミルズ・ヒックス氏はこう言いました "私たちは 顧客環境を改善するために 化粧品店のデザインを変えました
専門的な訓練も行っています 専門的なコンサルティングも行います
ブランドの選択はあらゆるニーズを満たすように設計されています 素晴らしい環境と便利な場所が 古いショッピング習慣を変える 魅力的な化粧品店にします
ピーター・ジョーンズ 監督はハリ・ウィロビーの 1100万ポンド契約を 破棄した
ドラゴンズ・デンのスター ピーター・ジョーンズは ニュース番組のホリー・ウィロビーの 11億ポンド契約を 辞め,ITVと新たな契約を 検討した後に 脱退した.
ウィロビーは家具やアセスメントのブランド トルーリーに時間がない
企業にはグウィン・パルトローのブランドである "Goop" との類似点がありました
"この朝の番組の出演者"の37歳のウィロビーは Instagramで決定を発表しました
ドラゴンズ・デンのスター ピーター・ジョーンズに 残されたのは 痛ましいことですが ブランド・ライフスタイル・カンパニーを 終盤に辞めて マークス・スペンサーと ITVとの 刺激的な契約を することにしました
報道によると,ジョーンズは火曜日に商界の拠点であるバッキンガムシャーにある ビジネス・アームの 会議の場にいたと伝えられ, 番組の人気者によると, 家庭用品やアセサリーのブランド"Truly"の 販売時間は不足しており,
会社にはグウィン・パルトローのブランド"Goop"と 比較されていて ウィロビーの資産を倍増させようとしていましたが 推定価値は1100万ポンドです
37歳のウィロビがInstagramで引退を発表した時 トルーリーはイギリスから飛び出して多くの夏の家の一つに泊まりました
弁護士は"ホリーの優先順位は トゥルーリだった"と
この仕事は20年もの間 収入を得られる仕事でした
彼女の辞任の決定は,誰もが完全に開かれた紙にしました.
火曜日に何が起こったのか 誰も信じられなかった ラインが市場に出すまでには
販売する準備ができている. 
専門家は,英国で最も人気のあるスターの一人である"この朝"の広告の 断絶が,製品投資の多さから,パッドやキャンドルから衣類や家用品まで, 企業に何百万ドルも奪い, 販売をさらに妨げると考えています.
長い友好関係も 終わってしまうかもしれません
3人の母親のウィロビーと夫のダン・ボールドウィンが ジョーンズと妻のトーラ・カップと 10年間親しい友人でした
ウィロビーは2016年にCappと共にTrulyを設立し,52歳のジョーンズは3月に取締役会長に就任した.
ジュリアンは夏休みを過ごし ジョーンズはテレビ製品製造会社 ボールドウィン社の40%を保有しています
ウィロビーはM&Sブランドの公式代表となり,ITV番組"Im a Celebrity"の主催者としてAnt McPartlinの代わりとなる.
友人ジョーンズは昨夜言いました "彼のビジネスについて何も言いたくない"
難しい議論 恋に落ちた
メディアの批判を受け 発言は大統領にふさわしくないと 多くの人が思うことでした 北朝鮮指導者の庭に ポジティブに発言したことで
なぜトランプ大統領は 余裕をなくしたのでしょうか?
"とトランプは記者による声を高揚した.
ほら,何も残してない
彼は,トランプが6月にシンガポールで開かれた最初の会合を北朝鮮の核軍縮に向けた大きな一歩だと呼んだ後,金氏は2度目の会合に興味を示したと指摘した.
しかし,核兵器廃絶の交渉は止まった.
6月のシンガポール会議から3ヶ月以上経った今,北朝鮮の最高大使であるリ・ヨンホは,国連総会で国際指導者たちに,北朝鮮が核兵器化に向けた最初のステップに対して,米国から"適切な対応"を受けていないと,土曜日に語った.
代わりに 圧力を維持するために 貿易相手を 押し付け続けると彼は言いました
トランプは演説で,よりポジティブでした.
"北朝鮮と仲良くなりそうだ"
朝鮮との戦争に 行くつもりだった
数百万人が命を落としていたでしょう
今では,私たちは素晴らしい関係です.
彼は,金氏との関係を改善する彼の努力が, ポジティブな結果をもたらしたと言いました. ミサイル実験が停止し,人質が解放され, 陸軍兵士の遺体が帰国しました.
また彼はキムとの関係を話す際の 異常な態度も指摘しました
"大統領みたいに振る舞うのは簡単だ"とトランプは言いました "ただ,その場の外に1万人が 足場に入ろうとしているのに対し,そこに200人がいただけ"とトランプは前方の群衆を指さしました
インドネシアの島で洪水と地震が 被害を及ぼし,数百人が死亡
例えば ロンボクで地震が起きた後 国際援助団体は 援助を必要としていないと告げられました
ラムボクの住民の10%以上が避難を余儀なくされましたが 緊急事態は宣言されませんでしたが 国際連合が救援活動を開始する前提です
悲しいことに,多くの場合,彼らは国際機関からの援助を求めないことを明示しているので,これは難しい"とSumbung氏は言いました.
援助団体はパルーに派遣するチームを 組んでいるものの 外国人の援助者が いつこの地域に 到着できるかは 明らかではない.
災害管理局のスポークスマンであるスートーポ氏は,インドネシア当局がパルーの状況を評価し,国際機関が援助活動に 協力すべきかどうかを検討していると語った.
インドネシアでは地震が頻繁に起きていますが 防災の準備が ひどくありません
防波堤はアチェ州に設置されていますが 他の海岸線ではほとんど見られません
警告が発せられたにもかかわらず,パルーの防波艦の 警戒は死者数を増やしたようです
理想的な状況でも インドネシアの多くの島々を 移動することは困難です
自然災害は計画がさらに複雑になる
病院は地震被害者を助けるため ロンボク港に停泊した.
選挙運動の第一歩として,インドネシアの廃れた道路を修復し,道路と鉄道に莫大な資金を投入しています.
資金不足がヨコ氏の政権を苦しめているが,選挙は来年開催される.
イスラム系が保守的な宗教に 移行しているインドネシアでは 継続的な宗教間の緊張も 抱えています
千人以上が死亡し 何万人も避難させられた イスラム教徒とキリスト教徒のギャングが 剣や弓や弓などの原始兵器で 街中で戦った
ルーズ・リバプール・スターリッジがチェルシーに 対戦
ダニエル・ストリッジは,ロンドン・スタンフォード・ブリッジで8月8日の試合で89分でリバプールにゴールして,
チェルシーから30m離れたところで シェルダン・シャキリから送られた
球を左に回し 棒に向かって 狙いをつけようとしました
球はゴールから高く飛び,右角に向かいました
球はケッパ・アリザバラガを 跳ね飛ばして 網に突入しました
スタリッジはリバプールFC.comに"このポジションにたどり着くために シャクのような選手は常に できるだけ遠くまでプレーするんだ"と話す.
                
チェルシーは半戦で1対0でリードしました ベルギーのスター・エデン・ハザードが25分でゴールしました
攻撃でチェルシー選手は 足の裏でマテオ・コバッチッチに 球を投げ クラブの真ん中からリバプールへ 飛び込みました
コーバチッチは,ボールが速やかに中から中へ流れます.
素晴らしい振りで ハザードを投げた
ハザードが守備隊を追い抜いて左足でゴールに ランニングした
リバプールとナポリは プレミアリーグ準々決勝戦を 水曜の3時に行う
チェルシーは木曜の3時00分に ウェデトンの対戦をします
インドネシアの洪水で死亡者数は832人
インドネシアの地震と洪水による死者数は832人になったと,災害管理局は日曜日の早朝に発表した.
支援団体 (WHO) の広報担当者,Sutopo Purwo Nugrohoは記者会見で,金曜日の地震で,建物が崩壊し,多くの人々が埋もれ,海面は6メートルに達した.
38万人を超えるパルー市は 崩壊した建物の屋根が覆われていた
女性が刺され,32歳の男性が逮捕
殺人捜査が始まりました 今朝,マーセイズのビルケンヘッドで女性の遺体が発見されたのです
傷のある女性 44歳 男性はジョンストリートのグレイソン・メイズから 逮捕されました
警察は,この地域の住民に 何か見たか聞いたか報告するよう呼びかけています.
捜査担当のブライアン・オハガンはこう言いました "調査は始まったばかりですが 疑わしい物を見たか聞いたか 知っている人は皆 連絡してください"
カーカメラで何か撮影した人は 連絡してください 重要な情報を得られるかもしれません
警察の広報担当者は 死亡した女性はビルケンヘッドに住んでいたと確認しました
午後には,この女性を知っていると思われた人が来て, 今朝の彼女の発見について尋ねました.
捜査は継続中です 警察は被害者の親戚に連絡を出すよう 努力していると伝えています
グレイソン・メウスの電車運転手さんは 部屋に戻ろうとしたのですが 警察は誰も入ったり出たりできないと告げたのです
彼は何が起こったか知ると,言葉もなくなりました.
住民は,再び入るまでに 数時間かかると告げられています
警察官が男に言うように 周囲は犯罪現場だ
泣いている女性がステージにやってきました.
"これは恐ろしい"と 繰り返すばかりです
2時頃には 警官の車両が2台 標識された警察署の内側と 1台が 標識外の場所でした
警官たちは 標識された地域を監視し 住宅を監視していました
情報を持っている人は,直接メールで@MerPolCCにメールしたり,101に電話したり,匿名で電話番号を 0800 555 111 に電話したり, 9月30日以降の 247 番号を入力してください.
議会がクロムウェルに 追放されたのは 歴史を改造した 非難される最新記念碑です
禁止すれば 詩的な正義になるのです タリバンが イングランドで 文化や宗教を巡る 沢山の場所で 熱狂的な清教徒たちを 破壊したからです
しかしクロムウェル協会は クリック氏の提案を "ファシスト"と"歴史を改造しようとする試み"と非難した.
クロムウェル協会の会長であるジョン・ゴールドスミスはこう言いました "彫像を撤去する議論が続いていた中,ウェストミンスター宮殿の外にある オリバー・クロムウェルの彫像が戦いに挑むのは避けられないことでした
文化への反乱はクロムウェルの命令でも 実行でもありませんでした
恐らくクロムウェルの過ちは 前の世紀の彼の祖先トーマスの行動に 犠牲になるかもしれない
光的なクロムウェルの像は 19世紀時代の象徴であり 多くの人が称賛に値する人物の歴史の一部です
ゴールドスミスは"サンデー・テレグラフ"にこう語った. "クロムウェルは,多くの方々に,おそらく,今日よりも, 19世紀後半に,
この記述が完全に正しいかどうかは 歴史的に議論されています
しかし 17世紀半ばの紛争が 我々の国の発展を形作ったことは確かです クロムウェルは その紛争の一方を代表する 著名な人物です
国の守護者として彼のことを称え 記念すべきです
豚が中国の農夫を襲って殺す
豚が中国南西部市場で 農夫を襲い殺したと報道されています
元という姓でしか呼ばれていない男性は,水面から血が流れて,水面から血が流れて,グアイ州立リュパンシュイ市内の市場から発見された.
豚の飼育者が豚にワクチンを注入する準備をします 2005年5月30日 中国青海省のシンニング市
周りのユナン州から叔父と水曜日に 市場で15頭の豚を売るために 旅行したそうです
翌朝 叔父は彼の死体を見つけ 近くの豚の巣のドアが開いているのを見た
血の口がついた大きな穴があったそうです
裁判の結果,250キロのゴムが農夫を殺したと報告されています
"私の叔父さんの足は血と傷つきていました" ウ氏はそのことをGuiyang Evening Newsに語った.
監視カメラの映像では ユアンが午前4時40分に 市場へやってきて 豚に餌をあげているのが見えます
彼の遺体は"時間後に発見された
殺害した動物は ユアンや彼の叔父さんのものではなかった
市場経営者は Evening Newsに 豚が閉じ込められ 警官が現場で証拠を集めている間に 他の誰かを攻撃しないように されたと伝えました
報道によると ユアン氏と市場経営者は 彼の死に対する賠償金について 交渉中です
豚が人間に襲撃した事例は 記録されていますが 珍しい例です
2016年 マサチューセッツ州で 豚が妻と夫を襲い 家にいた男性を 重傷させました
10年前 ウェールズ農家の300キロの豚が トラクターに引っ張られ 妻が放り出すまで
2012年にオレゴン州の農家が豚に食われた後 マニトバ州の別の農家は CBCニュースに 豚は通常攻撃的ではないが 血を流すことで 攻撃的な気持ちを覚える可能性があると語りました
遊びをしているだけだ
遊び好きで 興味があるんだ 誰にも傷つけたくない
敬意を払うだけ"と
ローズ・ハリケーンによる残骸は,アメリカ南西部に 大量の雨を降らせています
予報通り ローズはメキシコ北部の海湾を 越えてきて 弱くなっています
しかし,ローザは,今後数日間,メキシコ北部とアメリカ南西部に 洪水をもたらす可能性がある 豪雨を起こすでしょう.
ロザは,東海岸時間 (日) 朝5時頃, 極上1級風力136キロメートルに達し, メキシコのプンタ・ユージニアから南西600キロメートルほど離れた場所にありました.
ローザは日曜日に北へ移動する
太平洋を横断して 形成され 東へ向かい アメリカ西海岸に向かいます 熱帯嵐としてバイエルン州に 接近するローザは 月曜日に 熱帯嵐として 北へ向かい 南西部に 大きく広がる熱帯嵐を 伴います
ローズは月曜日にメキシコの一部で 25cm の降水を伴います
熱帯雨林は降水と混じり 降水量は南西圏に広がります
地域的な降水量は2.5〜10cmで 危険な急洪や土壌の動かし方 そして砂漠化の可能性を 引き起こします
熱帯の大震災は 地域によっては 1時間あたり 5~10cmの降水量をもたらします 特にネバダ州南部とアリゾナ州では
南西部の一部地域では 5~10cmの降水が予想されています 特にアリゾナ州の大半では
熱帯雨の分布により急激な洪水や悪化が起こりうるのです
熱帯雨の危険性がある場合 砂漠に歩いて行かないように 強く勧められています
豪雨は 暴風雨に変え 暴風雨は 嵐や灰嵐に
降温が近づいてきたため 南カリフォルニア沿岸部の一部に 地元的な排水が発生します
排泄物も"cmくらいで 土壌や道路を少し動かす可能性があります
雨季初の降水です
熱帯雨林は日曜から月曜まで アリゾナに接近し 月曜から火曜まで 雨が広がる
火曜日には4州に 豪雨が降る
北極圏が冷却するにつれて 10月の温度はアメリカ全土で大きく変わりますが 温帯は温かいままです
短距離で大きな熱波を起こすこともあります
熱帯雨林の例をご覧下さい 熱帯雨林は南北の南北に広がっています
ミズーリ州カンザスシティとネブラスカ州オマハの間で 温度差は7度近くで
次の数日間 続く暑い季節は 再び広がり始めます
熱帯地帯は10月になると 暖かい始めになると予想されています 南部の平原から北東の州まで 温度が25°C以上になると予想されています
火曜日にはニューヨーク市は摂氏25度に達する気温が予想されています 平均より約6度高い気温です
長期気象予報によると 10月上旬には 平均より高温が 東部に予想されています
ブロート・カヴァナウの尋問を2千万人以上の人が 視聴した
20万人以上が 周二,最高裁に任命された 裁判官ブレット・カヴァーナウの 感動的な証言と 1990年代に起きた 性的虐待の容疑を 提起した女性クリスティン・ブレシー・フォードの 証言を視聴しました
一方,政治の緊張は続い,テレビ局は金曜日のニュース放送を休止しました. アリゾナ州上院議員ジェフ・フラークは FBIの調査を1週間延長する法案を提案しました.
フォードは上院司法委員会に 川ノが酔って彼女を襲い 学校のパーティーで裸にしようとした事を 確信していると語った
感情的な証言で,カヴァーナーは,それが起こらなかったと確信していた.
裁判はニールソンの金曜日の視聴者数 20.4万人よりも 多いでしょう
会社はCBS,ABC,NBC,CNN,Fox News Channel,MSNBCの視聴率を推奨しました
インタビューを放送した他のテレビ局は,PBS,C-SPAN,Fox Business Networkなど,数字はすぐに入手できませんでした.
また,ニールソンはオフィスでの人々の評価を測るのに苦労しています.
足球決勝やアカデミー賞の 観客の大きさです
ニールセンによると 全日放送されたインタビューは フォックス・ニュースチャンネルで視聴者数が 5.69 万人以上で 番組の視聴者数は
ABCは326万人の視聴者数で2位でした
ニュース番組は,CNNの2.52億視聴者でした.
裁判後も 熱意は強かった
フレイクは金曜日の試合の中心でした
この共和党議員の事務所が 川内議員に投票すると発表した後 CNNとCBSのカメラマンは 金曜日の朝,抗議者が彼を呼んでいるのを見て 映像を撮影しました
CNNの生中継で 恥をかきたてられたまま 数分 黙って座りました
ある女性が言いました "私はあなたの前に立っている"
国民に真実を語っていると思うか?
群衆は彼に言った",あなたは力を持っているのに,多くの女性が育てるのに立っている".
フレイクは事務所に声明を出したと伝え 窓口が閉まる前に 委員会で発言したいと宣言した
司法委員会が カワナウの候補を上院選に 推薦するかどうかを 決定した際は
フレイクはFBIが来週 候補者に対する起訴を 検討する限り 拒否すると言ったが 民主党の少数派はそう主張している
フレイクは友人である 民主党上院議員のクリス・クーンズと 話し合った結果 部分的に納得した
フレイクは,クーーンズと,その後,他の議員と話し合った結果,決定を下しました.
明らかに共和党は調査なしでカバナウを承認する 十分な票を持っていなかった
トランプ大統領は FBIの調査を承認した.
英国首相のメイは,批判者に対し,ブレグジットで"政治の遊び"をしていると非難する.
首相テレザ・メイは"英国の将来について"政治的に"遊んでいる"と非難し,EU離脱を批判する者を,英国人の利益に背くと非難した.
2018年9月29日,英国首相テレサ・メイが英国バーミンガムで開催された保守党会議に出席.
紙の表紙のインタビューの隣に掲載された別のインタビューで,ボリス・ジョンソン,彼女の元外相は,いわゆる"チェッカーズ・プラン"を否定し,英国とEUが互いの関税を引き下げるべきという提案は"完全に背道"だと述べた.
警官がディートン・シンプソンを逮捕
警察は,LSUで野球選手だった 20歳の Wayde Simsの 致命的な銃撃事件で
20歳のディートン・シンプソンは 2度目の殺人で逮捕され 刑務所に入れられたと バトンルージュ警察は伝えています
警官はシムズとシンプソンの 喧嘩の映像を公開し シムズが 運動中にメガネをなくしたと言った.
警察は現場で 眼鏡を発見し シンプソンの遺伝子を発見したと伝えました CBSの WAFB局によると
警官は,シンプソンは Waydeを撃ち殺したと 証言した.
彼の弁護士によると 35万ドルの保険が 設けられていたそうです
東バトンルージュ郡検事事務所は 金曜日に緊急報告を出した. 死因は頭部と首の下部の銃弾による.
警官は,ルイジアナ州警察,刑事捜査局,サザン大学警察,そして地元市民に 逮捕を促した捜査に協力していただき ありがとう.
LSUのスポーツ会長 ジョー・アレーヴァは 警官たちに 努力と正義の為に感謝した
シムズは20歳だった
2mのフローバーは バトンルージュで育ちました 父のウェインもLSUで野球をしていたのです
彼は昨シーズンの試合で 5.6 ポイントと 2.6 アソシートを平均した.
ウェイドの死で"ショック"と語りました ウェイドの死で"ショック"と語りました
"これは常に心配すべきことだ"とウェイドは言いました
メキシコシティを火山が灰で覆う
ポポカテペトル火山の灰が メキシコの首都南部に届きました
米国国立災害予防センターは,土曜日にメキシコの都市に 熱帯火山から離れることを勧告しました 24時間以内に183件のガスと灰が噴出したので 熱帯火山の活動が激化し,
震動と震動を観測した
ソーシャルメディアの画像では,Xochimilcoなどのメキシコシティの街区の車窓に 灰が埋まっていることが示されています.
地質学者は,首都から南東72キロメートルに位置する火山の活動が増加していることに気づいています 2017年9月にメキシコ中央を襲った 7.1 級地震以来です
ドン・ゴヨと呼ばれるこの火山は1994年から活動しています
独立の投票の記念日前に警察がカタルーニャ独立運動に衝突
6人が逮捕されました. 独立運動の抗議者が警察と衝突し,数千人がカタルーニャ独立選挙の1周年を記念して抗議しました.
仮面を被った分離主義者の集団は 警官を卵で殴り 暗い塵の霧を散らした粉末を 旅人でいっぱいだった通りに投げました
暴動は翌日にも起こりました 警察は暴力を抑えるために 棒を振るいました
独立運動団体は"忘れないで 許さないで"と 何時間も叫んだが 反対派は"スペインに長寿!"と叫んだ
14人が,抗議行動で受けた軽度の怪我のために,治療を必要としていたと,地元のメディアは報じている.
カタロニア自治区では10月1日の国民投票が マドリード当局によって違法とされ,カタロニア独立運動が歓迎された1年後の今,緊張が続いている.
投票者の大半は独立を希望したが,投票率は低い.分離に反対する多数派は選挙を無視した.
カタルーニャ当局によると,昨年,警察が選挙を阻止しようとすると,ほぼ1000人が死亡しましたが,これは紛争を引き起こしました.
独立党派は金曜日の夜を夜に過ごし,警察の支持の抗議を阻止した.
反対派は進み,しかし,別の道を行くことにしました.
68歳の電気工人ナルシス・テルメスは妻と共に分離運動に参加し,カタルーニャが独立する希望がなくなったと宣言しました.
昨年は最高の瞬間だった
"結婚するなんて 幸せで泣いているのを見てきたけど 今は断食してるんだ"
カタロニアの独立党は去年12月の地方選挙で必要な勝利を収めたものの,今年も自粛を余儀なくされず,多くの著名な指導者が,選挙の企画や独立宣言の役割のために,自発的に亡命か裁判を待っていたまま拘束されている.
警官支持の抗議を電話で録音した42歳の機械工のジョアン・プイグ氏は 紛争を招いたのは両州の政治家だと語った.
"緊張はどんどん高まっている"と彼は言った
カタルーニャの9人の指導者の中で1人であるオリオル・ユンケラス氏は,昨年末から刑務所で裁判を待っていた.
"欧州選挙での私の出馬は,スペイン政府が民主的な基準を落とし,抑圧している状況を非難する最良の方法だ"と彼は言った.
ローランドリー: 家に車を運転した男を逮捕
33歳 34歳 39歳の3人が 逮捕されました
事件は英国時間7時30分ごろ,
検察官のボブ・ブレミングスは 門や建物自体も 損傷したと説明しました
銃弾は車に向かって 横から射た可能性もあります
ランジャーズに1対0の勝利
ドリー・メンガの最初のゴールは,リビングストンの勝利を保証しました
ローバーリーグから降格したリビングストンのチームは ランジャーズに負けた. そしてスティーブン・ジェラードは 18試合で2度目の負けた.
マーク・ドリー・メンガが優勝し ゲイリー・ホルトのチームは 2位で ヒーバーニアンと戦います
プレミアリーグで優勝していない ゲラードは 8点先のハーツと戦います
その試合は木曜日に ヨーロッパのラピッドウィーンと
一方,リビングストンはまだリーグで 6勝で無敗で, ヘルト監督は,昨月,ケニー・ミラーを代わって以来,
リビングストンは 苦手な客に チャンスを逃す
ゴルフが終わるまで 長く待たねばならなかったが ランジャーの骨格の弱さは 深刻な問題を引き起こした
スコット・ロビンソンは突破したが 打つ際は遅れた アラン・リスゴウは 防守を突破して グレッグ・ハルケットの ショットボールを迎えた後 ショットを飛ばした.
ゲストは レンジャーズに 静かに 試合をさせました 適切な場所では ゲストに 問題を起こさせる可能性があることを知っていました
そして,それが重要な目標の達成でした.
ランジャースは追加要求を受け リビングストンは市場機会を創造する上で働いた デクラン・ギャラガーとロビンソンは 共同でメンガを助け, 送球を受け取り, センターから得点した.
ランジャースがボールを握っていたが 守備は破れなかった 守備のライアム・ケリーは 力を入れなかった
2分後半も続きましたが アルフレド・モレロスはケリーから守りを取りました
スコット・ピットマンはランジャーズのゴールマーカー アルン・マクグレゴールの足で止められた リスゴウはリビングストンの攻撃でゴールから射撃した
疑惑はリビングストンの指名に 絶えず届いたが,却下され, 2つの疑惑の要求は - 補佐のグレン・ミドルトンに対するハルケットの弁護と 1つの手 - 却下された.
明な"リビングストン"の分析
アラスダール・ラモン,BBCスコットランドの記者 トニー・マカロニ・スタジアム
素晴らしいパフォーマンスと結果です
普通の人のために 彼らは素晴らしい存在で 成長のあらゆる期待を上回る存在でした
チームメイトや選手のスタイルは リーグ復帰以来 ほとんど変わっていないが ホルトは チームを統合したことで 賞賛に値する
彼は多くのヒーローを擁していた
防守は完璧に準備が整いましたが メンガは コナー・ゴールドソンとジョー・ウォラルを 追いかけていました
しかし,ランジャーは,インスピレーションが不足していた.
ゲラードの指揮下では 素晴らしいプレーをしましたが 期待を裏切りました
攻撃を終わらせるのに苦労し 唯一の回に1回 ホームズのフェルスを開けることができました
エドゴンはコローニで 混同した歓迎を受け
土曜日 (9月29日) は,トルコとドイツの首脳がベルリンで朝食を食べたとき,空は明るく笑顔でした.
これは,エルドアン大統領がドイツを訪問した最後の日だ.
人権,報道の自由,トルコのEU加盟など問題で対立が起きています
その後,エルドアン氏は新しい巨大なモスクを 開幕するために コローニーへ行った.
この都市はトルコ自国の外ではトルコ系人口の多くを擁している.
警察は2万5千人の人々がモスクの前で集まるのを防ぐために セキュリティ対策を講じましたが 支持者が大勢が 近くで大統領に会いに集まっていました
抗議する数百人の反エルドアン人 (多くのクルド人) も,エルドアン氏の政策とドイツ政府の彼を招待する決定を非難し,声を上げました.
この2つの反対派は この訪問者がどれほど論争を巻き起こしているかを反映しています しかし彼はドイツのトルコ人の一部によって英雄として称賛され
デプトフォード事故 バイク運転手1人が車に衝突死
ロンドンで自転車運転手が車に衝突して死亡.
事故は英国時間10時15分頃 デプトフォードの街道で起きた
運転手は車を止めて 救急隊が救助したのですが 事故で死亡しました
この事故は2ヶ月後でした 事故現場から1キロ離れたチルダー通りで 事故で2人の自転車運転手が死亡しました
警察は容疑者の身元を特定し 遺族に連絡する作業を進めています
道路を閉鎖し バスも運転禁止し 運転手には 周辺を避けるよう指示されています
ロングラートン刑務所: 暴動で6人の警備員が負傷
刑務所の管理局によると, 警備員6人が 暴徒が男性刑務所に侵入して負傷した.
ウォーチェスターシャーのロング・ラートン刑務所では 暴動が起きた.
竜巻の特殊部隊が 暴動を鎮めるために 現地に呼び寄せられた 8人の囚人が傷を負い 刑務所の片隅にしかいない.
警備員たちは 顔に軽度の傷を負ったため 慰められました
特別訓練を受けた警備員が 長期監獄で 進行中の事件を 処理するために呼び出されました
6人の従業員が負傷で休職しました
刑務所では暴力は起きていない. 責任者は警察に引き渡され, 刑務所でさらに多くの時間を過ごせるようになることを明確にしています.
ロングラートン刑務所には 500人以上の囚人がいます 国内で最も危険な犯罪者を含む
6月に,監獄の監事が囚人が襲い撃したため 病院へ送られることが発表されました.
そして去年の10月 治安警察が 現地へ呼び出され 治安が悪化した事件で バイヤードボールで 従業員を襲った事件が 起きたのです
フォニックス,ラスベガス,ソルトレイクシティに 嵐の風が降り注いであります
熱帯雨林がアリゾナに侵攻するのは稀ですが 恐らく来週初めになると ローズ風の残骸が 南西部を襲い 洪水が起こりかねないでしょう
州気象庁は既に西アリゾナ州とネバダ州南西部,南東部,カリフォルニア州,ユタ州,そしてフェニックス,フラグスタフ,ラスベガス,ソルトレイクシティなどに 月曜日と火曜日に予報を出した.
ローザは火曜日にフェニックスに直行し 月曜には到着する
フォニックス市気象庁はツイッターで 1950年以降 20の嵐が 熱帯嵐や大嵐の レベルを維持したと発表しました
カトリーナ (1967) はアリゾナ州国境から40キロ以内だった.
州内の気象観測センターの最新予報では 5~10cmの降水が予想されています アリゾナ州モゴロン・リムでは 15cmの降水が予想されています
クラシー山脈の中部やグレートバシンを含む西南部の他の地域では2.5〜5cmの降水が起こり,単発降水が10cmまでなる可能性がある.
洪水に遭う危険がない人にとっては ローザの発見は 祝福の種かもしれません 地域は 深刻な干ばつに苦しんでいます
洪水が大きな被害をもたらすかもしれませんが 干ばつが南西に広がっているため 被害の一部は有益になります
乾燥管理局によると アリゾナ州では40%以上が 非常干旱の状況にあるというのに その2番目に高い状態だそうです
"まずは,ローザはメキシコのバジャカリフォルニアの森に 降り注ぐ.
ローザは,まだ日曜日の朝,最大風速136km / hで, 嵐として分類され,プンタ・ユージニア,メキシコの南に620km, 北に向かって移動し, 時速19km / h.
嵐は太平洋の冷たい海を横切って 勢いを弱める
予報によると,この嵐は,月曜日の午後か月曜日の夜に メキシコに降り注ぐ.
メキシコの地域では 豪雨が起こり 洪水が起こりうる可能性があります
"バジャカリフォルニア州とソノラの北西部では 7.5〜15cmの降雨が予想されており,最大25cmの降雨が予想されている"と Weather.comの発表は述べている.
熱帯嵐としてメキシコ北部を襲い 火曜日の朝早くにアリゾナ州に侵攻し 熱帯風潮としてアリゾナ州を襲い 火曜日の夜遅くには南ユタ州に到着します
"ローズやその残骸からの 最悪の脅威は,バジャカリフォルニア,ソノラ州北西部,南西部砂漠地帯の 非常大雨だ"と,アメリカ防災局は言う.
この降水により 生命を脅かす洪水や 砂漠の土壌の動かし方 山岳地帯の荒れが起こり
ミッドソマー・ノートン事件 4人の逮捕
3人の若者と20歳の男性が 暗殺未遂容疑で逮捕されました 16歳の少年がソマーセットで ナイフ傷で発見された後です
少年が負傷して発見されました イングランド時間 土曜日の午前4時頃
病院へ送られており 状態は"安定"とされています
17歳の少年,2人の18歳,20歳の男性が ラドストック地区で夜間に逮捕されました
警察は,電話記録を持っている目撃者に 証言を要請しています
トランプ氏は,カバノウは民主党の怒りを感じていたと
"カバノウ判事を支持する投票は 民主党の残酷で汚い行動に 反発する投票だ"と トランプ氏はウェストバージニア州ウィーリングで 支持者集会で語った.
トランプ大統領は,カバノウは,民主党の怒りを感じて,その間ずっと,候補者候補に任されました.
カバノウは木曜日に議会で証言し クリスティン・ブレシー・フォードが10年前 双方が10代だった時に 性的暴行したと主張した事を 否定した.
フォードは,彼の主張について委員会にも証言しました.
大統領は土曜日に言いました "共和党は先日,カバノウ氏の 才能と人格と勇気を見ました"
"カバノウ判事の承認は 現代で最も優秀な弁護士の1人 素晴らしい公務員としての経歴を持つ弁護士の承認です"
大統領は,共和党支持者が中期選挙に参加する重要性を強調し,カバノウ氏の指名に 直接言及しました.
人生で最も重要な選挙の5週間です
"私はプロポーズするつもりはないけど,本当にやるよ"と彼は言った.
だから私は,偉大な候補者のために戦います.
トランプは民主党が"制約"と"阻害"を 目指していると主張しました
共和党の副議長がCNNにインタビューしたところ,
インドネシアの地震と洪水で数百人が死亡し,死者は増えそうだ
インドネシアのスラウェシ島で地震と海浪が起き,少なくとも384人が死亡し,多くの人々が海に漂い,当局者は土曜日に報告した.
金曜日は,数百人がパルーのビーチで 祭りのために集まっていた.夕方には,海面に6メートルの波が押し寄せ,大勢の人たちを海に投げ出し,あらゆるものを破壊しました.
震災は7.5の地震で発生した
"昨日の台風が起きた時,人々はまだ海岸にいて,すぐに避難しなかったので,命を落とした"とインドネシア災害管理局のスポークスマンであるSutopo Purwo Nugrohoはジャカルタで開かれた情報会議で語った.
"この波は一人で来たのではなく,車,木頭,家を押し流し,陸上のあらゆるものを襲った"とヌグロホは言う.
洪水から逃れるために 木に登って生き残った人もいました
約16,700人がパルーの24の施設に避難しました
災害管理局が公開した空中写真には 破壊された建物や商店, 廃墟と廃れた橋, 水に囲まれたモスクが 沢山見えました
土曜日は海辺の町を震撼させ続けました
震災は2.4百万人の地域を震撼させました
インドネシア食品技術局は,金曜日の大地震で発生したの震力は,第二次世界大戦中の広島市に落とした原子爆弾の200倍もの大きさだと声明で述べた.
都市が長川の端に位置し 流域が薄くなり 洪水が大きくなっていた可能性が高いと 報告は指摘しています
ヌグロホは"被害は甚だ"と伝え,数千の家や病院,ショッピングセンター,ホテルが崩壊した.
倒壊した建物の破片に 囚われた遺体がいくつか見つかったと報告し 540人が負傷し 29人が行方不明だと付け加えた.
ヌグロホは,地震発生地点に近いPaluから北300kmの海岸線で死傷と物事の被害が大きい可能性があると述べた.
通信は完全に停止し,ドンガラからの情報は得られていない,とヌグロホは言った.
赤い十字は声明で"300,000人以上の人々が住んでいます"と伝え,従業員やボランティアが 対応地域へ向かっていると付け加えました.
赤い十字は"これは悲劇だ"と宣言した.
警報が発せられた間に 洪水が訪れたと公務員たちが言ったのに 警報が発せられなかったため 警報機関が土曜日に批判されました
ソーシャルメディアで公開されたビデオでは,建物の上の階から叫び声が聞こえ,下下の通りで洪水が近づいていると警告している.
数分後 海岸に波が押し寄せ 建物や車を押し流します
映像の確認はできませんでした
地震と洪水により パウロの電気通信が切れており 援助活動が 計画的に進められることは困難になりました
軍方によると,ジャカルタや他の都市から 援助物資を飛行機で送るようになっており, 現地の人たちは食糧や他の必要品を急需している.
空港は救援のためだけに 再び開かれていますが 10月まで閉鎖されます
ユコ・ウィドド大統領は 日曜日にパルーの難民キャンプを訪問する予定です
インドネシアの洪水で死亡者数は800人を超え
状況がとても悪い
ワールドビジョンの東ガルエのスタッフは,健康状態でパルー市に避難し,事務所の外の公園に設置されたテントに避難しました.
"人々は多くの家を 壊れたところを見た"と彼は言った.
状況がとても悪い
援助団体が困難な支援活動を始めていますが,専門知識のある外国人の援助者がパルーへの旅を妨げられていると 嘆いている人もいます
インドネシアの規制では 災害地域が災害地域と 宣言された場合にのみ 外国からの資金や 供給や 労働者が 到着することが許されています
まだ完成していない.
"これは依然として地方災害地帯だ"とインドネシア赤十字の代表者,オリア・アリアニは言いました.
政府がこれを災害地域と 宣言すると外国の援助を受けることができますが まだ発表されていません
金曜日の地震と洪水の後 プラウに第二の夜が訪れたとき 遺失した遺族の友人や家族は 遺族が自然災害の予兆を 悲しくする奇跡の物語の一つになることを 期待していました
土曜日に,小さな男の子が 捕食から救われました.
日曜日に救助隊員が 母親の遺体を横にして 2日間 瓦の中に閉じ込められていた女性を救助しました
インドネシアのスライドフレーズチームのコーチであるゲンドン・スバンドノは,今月初めにインドネシアで終了したアジア選手権で,現在欠けている2人のスライドフレーズ選手のコーチを務めていた.
ロア・ロア・ホテルに閉じ込められたのは 彼の学生たちだ マンダギ氏も
"この種の経験があるので 感情的な負担も負っています"
ゲンドン氏は,ロア・ロア・ホテルが崩壊したとの ニュースが出た後数時間以内に,彼は,パルーに滞在し,ビーチフェスティバルに参加した選手たちに 絶望のWhatsAppメッセージを送ったと報告しました.
しかし彼のメッセージは 青ではなく 灰色でした
メッセージが届かなかったことを意味していると思います"と彼は言いました
盗人は26,750ドルを ニューポート・オン・ザ・リーブにある高速バンクで盗んだ
金曜日の朝 盗人は26,750ドルを ブルークの従業員から盗んだ
警官デニス・マッカーティは 声明で"運転手は 公園の高速道路を走行していたので 充電をしていました"と説明しました
仕事をしている間に 別の男が 裏から駆けつけられて 送金のために用意されていた 財布を盗んだ
警視庁は,目撃者が 容疑者の何人かを 逃亡しているのを目撃したとのことです.
容疑者に関する情報があれば ニューポート警察に電話してください 859-292-3680
名前を変えて"Ye"
ラッパー・カニエ・ウェストが名前を変えて"Ye"と
ツイッターで"以前はカニエ・ウェストとして知られていたベラン"とツイートした.
ウェスト (41) は,しばらく前から Yeと呼ばれており, 6月にリリースされた8枚目のアルバムにこの名前を使っています.
この変更は,彼が新しいアルバム"Yandhi"を発表した予定の"Saturday Night Live"への出演に先行する.
番組のプロデューサーは"感情的な理由で辞めた"とコメントした.
ウェストは以前,この名前は彼にとって宗教的な意味があると言っていましたが,それは彼の現在の名前にも短縮されています.
"聖書の中で最もよく使われる言葉"『あなた』です"とウェストは今年初めにラジオの司会者に彼のアルバム名について話したときに言いました
だから私はあなただ 私は僕だ これが僕だ
カーネーから "独り"へと変わりました "Ye"は "私たち"の中の善と悪と 混乱を反映するものです
作品の内容は,
彼は名前を変えた有名なロバリストの"人です
ショーン・コンブスはパフ・ダディ,P・ディディ,ディディと呼ばれているが,今年彼はラブとブラザー・ラブと呼ばれたほうがいいと発表した.
ウェストの元同僚である JAY-Zは ストラップとのついたり 抜けたりして 名前も書き込みました
選挙で選ばれたメキシコの大統領は 民間人を攻撃しないという
メキシコの大統領選のアンレス・マヌエル・ロペス・オブラドールは 市民に対して 武力行使を決してしないと宣言しています この国はすぐに 生徒に対する血のまみれの50周年を記念します
土曜日にトラテロルコ広場で ロペス・オブラドールは 軍隊を決してメキシコ人を抑圧するために 使わないと誓いました
1968年10月2日,平和な抗議デモが広場で 軍に撃たれ,左派学生運動がロマニア全土で根付いていた時, 300人までが殺害されました
ロペス・オブラドールは,すべての学生に月額助成金を与え,さらに多くの無料の公立大学を設立することで,メキシコの若者を支援すると約束しています.
彼は失業と学力不足が 若者を犯罪に誘導していると語っています
アメリカは人工知能の投資を倍増すべきです
中国が人工知能の分野に 積極的になってきている今 アメリカは人工知能の研究に 投資する額を倍増すべきだと 発明家でAI研究者のカイ・フー・リー氏は言います Google,マイクロソフト,Appleで働いた人です
この推薦は 米国政府の様々な部門が人工知能に関する 発表を発表した後で 発表されましたが アメリカには公式な総合的な人工知能計画はありません
しかし中国政府は昨年 計画を発表しました 2030年までにAIイノベーションを率いる国を目指します
AI研究への資金を倍増するのは良いスタート地点です. 他の国々はアメリカに比べてずっと遅いので,次の大発見を見たいと思います.Lee氏は言いました.
資金の倍増は 次のAIの大発見がアメリカで起こる可能性を倍増させる可能性があると 本週 CNBCにインタビューした上で Lee氏は言いました
本月Houghton Mifflin Harcourt社で出版された"AIスーパーパワーズ:中国,シリコンバレーと新世界秩序"の著者である Lee氏は,中国の主要AI企業の一つであるFace++に投資している Sinovation VenturesのCEOです.
1990年代にカーネギー・メルロン大学でAIシステムに取り組んで オセロでアメリカ最高の俳優賞を受賞し その後マイクロソフト研究所のCEOで Googleの中国部門の社長になりました
リー氏は,米国政府による ロボット競技のような,以前の技術競技について語り,次回の競技はいつ開催されるか尋ねました.
リー氏は"米国では政府からの助成金を得るために 科学者はしばしば苦労しなければならない"と語りました
中国が最大の思想を狙っているのは中国ではなく,企業だ,Leeは言った.
Facebook,Google,その他多くのテクノロジー企業は 近年,AIに携わる大学院の天才を募集しています
移民政策の変更もアメリカがAI研究を強化するのに役立つかもしれないと Lee氏は言いました.
"人工知能の博士号を持つ人は 自動的に居留許可証を 取得すべきだと私は考えています"と彼は言いました
中国議会は2017年7月に 将来のAI計画を公表しました
中国自然科学研究所は大学で働く人々に対して 資金を提供していますが これは米国における国家科学財団や政府機関と似ていますが 中国では科学の質が劣っています
今年初めに国防総省は 産業と教育機関との連携を図る AIセンターを設立し ホワイトハウスはAIに関する特別委員会を 設立すると発表した.
今月,DARPAは AI Nextというプロジェクトに 20億ドルを投資すると発表しました
NSFは毎年1億ドル以上人工知能研究に費やしています
一方 米国では人工知能の安全管理を 制定する法案が 制定されて数ヶ月も経ちましたが 進展はありませんでした
マケドニア国民投票で,国の名称を変更するかどうかを決める
マケドニアの住民は,EU・NATO加盟申請を封鎖したギリシャとの長年の紛争を解決するために,日曜日に国民投票で,その国の名称を"北マケドニア共和国"に変更するか否かを投票した.
ギリシャはマケドニアという名前の地方を保有し,北の隣国の名前のことは,その領土に対する主張を意味すると主張し,そのため,NATOやEUへの加盟を否定している.
ギリシャとマケドニアは,この新しい名称を基に合意に達したが,民族主義的な反対派は,この変更は,スラブ系の大半のマケドニア人のアイデンティティを傷つけるだろうと主張している.
投票には参加しないと大統領ジョージ・イバノフが言っています 投票を無視するキャンペーンは投票率が50%に達するかどうか疑いを引き起こしています
投票の質問は"ギリシャとの合意でNATOとEUに加盟したいですか?"
首相のゾラン・ザエフを含むこの名称変更を支持する人々は,EUやNATOなどの同盟に加盟するためにマケドニアが支払った報酬が公平だと主張する.
"今日,私はマケドニアの若者のために,彼らの未来について投票するために来ました. それは,私たち全員の安全な生活を意味しているからです.
法律上拘束力のない結果ですが 多くの議員が 法律に組み込もうと宣言しています
名称変更には議会の3分の2の承認が必要になる
選挙委員会によると 午後1時までに 異常なことは報告されていない
しかし投票率はわずか16%で 2016年の最後の議会選挙では登録有権者の66%が投票したのに比べて34%でした
"私は子供たちのために投票した.私たちの場所はヨーロッパにある"と首都スコプェの 62歳の投票者ゴーゼ・タネフスキーは言いました.
マケドニアの首相,ゾラン・ザエフ,妻,ゾリカ,息子ドゥシュコが,マケドニアの国民投票で,その国の名称を変更すべきか否かを投票した.しかし,それはNATOと欧州連合への入国を可能にするだろう.
スコピエの議会の前で 54歳のウラジミール・カヴァルダルコフは 投票を無視する人々によって設置されたテントの前で 小さなステージを準備し 椅子を作りました
我々はNATOとEUを尊重しているが,我々はサービスドアの向こう側を通ってではなく,頭を高くして加盟したいとカヴァルダルコフは言った.
貧しい国だが,尊厳に満ちた国だ.
ギリシャは,ロシアや中国に目を向け,ユーラシア同盟に加わります.
首相ザエフは,NATO加盟が,失業率20%を超えるマケドニアに必要な資金を供給すると述べています.
投票後にザエフは"80%以上の国民がEUとNATOを支持している"と答えた.
承認は未来を決めるものだと言いました
マケドニアの政策調査機関が月曜日に発表した調査によると,投票者の30%から43%が国民投票に参加する見込みですが,これは最低限値以下です.
投票予定者の57%が日曜日に投票する予定だと示した.
回答者の70%は"はい"と答えました
国民投票が成立するには 50%の票率と 1票の支持が必要です
投票が成立しない場合,それは昨年5月に成立した以来,西側諸国への政府の政策に対する最初の深刻な打撃を意味する.
監督は,この試合を待っています.
セルジオ・アグエロとラヒム・スターリングは イングランド・マンチェスターのエティハド・スタジアムで 2対0でバクテリアを倒した
アゲロは65分でゴールで 馬鹿げたように簡単に見せました
アルゼンチン・フローバーは 攻撃の始まりに フィールドの中央で 送迎しました
3人のブライトンの守備隊を突破して オープンフィールドへ出た
アグエロは緑の衣装を着た4人の守備者たちに囲まれました
守備隊の1人を抜いて ブライトンの戦場で数人を抜いて
そして左に投げて スターリングを見つけた
イングランド・フロワーが最初のタッチを利用し アグエロにボールを返した. アグエロは右足でブライトンのゴールマーカー マチュー・ライアンに右側から打った.
"アゲロは足の問題を抱えている"と シティの監督 ペップ・グアディオラは記者団に語った.
試合時間は55分60分と 約束した
それからこんなことが起きました
幸運なことに,彼はこの瞬間ゴールしました.
しかし,スターリングが,プレミアリーグで青い球に 初めてのゴールをくれた.
そのゴールは29分にやって来た.
アゲロはその攻撃で ブリントン・フェール・ハムの中心に 送られてきた
素晴らしい左翼の長ボールで レロイ・サネに
サネは数回ボールを蹴り スターリングに 球団の長を投げました
スタジアムから出場直前に 球をネットに投げました
チェンジリーグの試合は チェンジリーグの試合です チェンジリーグの試合は チェンジリーグの試合です
ロッキーズとの試合を
ナショナルは決勝戦から 排除されたので 予選を迫る理由は ありませんでした
しかし,競争力のあるシェルザーは,日曜日にコロラド・ロッキーズと戦って 投げるのを望んでいます. しかし,ロッキーズがまだ決勝戦に 行く機会がある場合のみです.
ロキースは金曜日のナショナルの5-2で ワイルドカードを獲得した. しかし,彼らはまだ彼らの最初のリーグタイトルを得るために探しています.
免費でも デンバーで電気を浴びせられるし チームも今年最高の試合を 迎える
なぜそんな状況で 競争したくないのか?
ナショナルはまだ 日曜日の試合の 投手発表を待っていますが シェルザーが投げるという 予想は出ています
34回目の試合をスタートするシェルザーは 木曜日に練習を始める予定で 日曜日は通常休み日です
ワシントンでは18-7で 2.53の ERAと 300の風取りを記録しています
トランプはウェストバージニアを訪問
大統領は,共和党支持者が中期選挙に参加する重要性を強調した際,
準備は完了しました
人生で最も重要な選挙の5週間です
"私は候補を募らないけど 候補を募るよ だから私は素晴らしい候補者のために 闘うつもりだ"
トランプはさらに言いました "この恐ろしい過激な民主党のグループを見てください 今起こっていることがわかります
野蛮で邪悪な手段で 権力を取り戻そうと決心しています
権力や支配を得るためには 誰を攻撃するか 気にしないのです 権力や支配を欲しがるだけです
民主党は 阻止し 制圧する 努力をしていると
"ここ4日間で 明らかになった"と 民主党は"怒って 悪く 酷く 嘘つきだ"と
民主党の参院議員のディアン・ファインスタインを名前に呼び 観客の大声で大声で声を上げました
答えを覚えてますか?
文書をロックしたのはあなたですか?
ほら
いや,いや,待ってたんだ... ひどい体操だった,見たことない
労働党はもはや 軽蔑的な教会ではない
心の底から話すのは 許されない
私の党のモメント運動が 指示をくれたとき 驚くことではありません
労働党の議員の中で 私が一番最後です 発言しただけで歓迎されないと 言われた人が多いのです
私の議員のジョアン・ライアンも ユダヤに対する偏見を強く批判したため 同じような扱いをされました
私の場合は ジェレミー・コービンと 意見が違うから 提案されました
経済政策の責任,国家安全保障,ヨーロッパに関する問題, カーディニストの様な問題, ジェレミーが前任の指導者に 反対した問題でした.
金曜日のノッティンガム・イーストの会議の発表は "会議が 客観的で 効果的になることを望みます"と書かれています
労働党議員として8年間 働いた中で 金曜の会議は 必ずその通りでした
残念ながら今日では多くの会議では その音色がなく 穏やかで良い政治の約束は 忘れ去られてしまったのです
労働党では意見の分岐がなく,すべての意見が党のリーダーが受け入れられるかどうかによって判断されていることがますます明らかになっています.
ジェレミーのリーダーシップが始まってすぐには 以前は私と同じような政治観を 持っていたと思われていた同僚が 私を完全に変えて 国家安全保障やEU市場について これまで決して同意しなかった見解を 支持するよう期待するようになりました
私が公に話すたびに - 何と言っても関係ない - ソーシャルメディアで私の反省を訴える 批判的な発言が続きます 中央政権を否定し,私は労働党員ではいけないと言われました
これは私の経験だけではありません
私は同僚より 運が良かったと知っています 意見のほとんどは政治的なものです
セクハラや偏見の被害に 日々苦しんでいる人々の 専門性や決意に 憧れますが 終わらないのです
この政治時代に 最も失望させるのは 攻撃や侮辱が日常生活の一部になっていることです
カービンは先週,労働党は 寛容な文化を 守るべきだと言いました.
真実とは,私たちはもはや親切な教会ではなく, 不信の提案や選挙規則の変更によって,党は狭くなっていくということです.
この2年間 私は多くのアドバイスを受けています 体重を減らして 体重を上げないようにと
しかし私は政治に参加することを選んだわけではありません
32年前に学生の頃 労働党に加わったときから ターチャー政権の怠慢に駆られ 学校を荒廃させました 私は市議会や議会で 必要な人のための より良い公共サービスを 求めてきました
私は政治の見方を 隠さなかった
私の政策を疑うことは ありませんし 既存の指導者たちと 意見が違うことも
金曜日の提案を支持した皆さんに 申し上げたいのは 国がブレグジットに向かい 家や事業や公共サービスに 損害を与える中で 労働党のリーダーへの忠誠心に 時間を費やしたいと 思うのは理解できないということです
しかし私の唯一のメッセージは ノッティンガム・モメントではなく 私の選挙区にいる皆様に 労働党員であろうとそうでないにせよ 私は誇りを持って皆さんのために働きます 政治的不条理や 政治的不条理の脅威は皆さんの最善の利益のために 行動することを妨げないことを約束します
クリス・レスリー,ノッティンガム・イーストの議員
勝利のメロース:
2点の遅れた touchdownは 決勝を左右したかもしれないけど 間違いなくアールは 勝利を勝ち取った
リストの上位で 10人中でも唯一の 未敗チームです
最終的には,彼らの強い防衛と チャンスをよりうまく利用することで, 勝者となったのです. そしてピーター・マーチーのコーチは,満足する権利がありました.
我々はこれまで戦いに厳しい対抗を受け,まだ敗戦していないので,私は満足しなければならない",彼は言った.
メルローズのロビン・クリスティはこう言いました "褒められるべきことだが 彼らは我々よりもチャンスをうまく利用した"
マーク・グラント・アンダーソンは 14分後にアーヤーを突破し フレイザー・クリモが攻撃を繰り返した. しかし,ウォリアーズと試合をプレイできるスコットランドの前部に黄色の板がかかると,メルローズは数字を話させて,ジェイソン・バゴットがタッチゴールを打った.
クリモはアアルのリードを 幅を伸ばした. そして,半前キックでゴールし, 半期の17-5でアアールをリードした.
しかし,メルローズはパトリック・アンダーソンの力とタッチで 後半をスタートしました バゴットが攻撃を繰り返して 目標を5ポイントに縮めた後です
グレはその後,ルアリッド・ノットに重傷を負い,試合を中止させられたため,長い休みを必要とした.その後,アールはスタッフォード・マクダウォールのタッチマークでリードをさらに強化した. クリモが攻撃を繰り返した.
イエローカードが与えられ メロースは再び ブルース・コルヴィンのタッチで 勝利を収めた
しかし,ホームズは強烈な復讐を遂げました スチュアン・ハッチンソンは 球のないクリモを 追い抜いたため 黄色いカードを被ったとき マックファーソンは 追加質問の後,アアルの攻撃の後ろにタッチゴールをしました
クリモは再戦後も 再び攻撃を繰り返した. カイル・ローがデヴィッド・アンストロングを 追い出し,グレゴール・ヘンリーに送った.
スタートアップのスターは 飲食業界で新しいキャリアをスタート
ニュースで紹介された"レストラン経営責任者"の 転職を決定したようです
56歳のキエランは BBCのドラマ『人気のジャク・ジャルヴィス』で 役を演じています
双子団は9シーズンが最終シーズンになると発表しました そして,キアーナン氏は,
公式記録によると 彼はAdriftmorn LimitedのCEOです
俳優はこの件について何も言いたくなかったが,スコットランド・サンの報道官は,キーナンがグラスゴー市の"活気あるレストラン業界"に参加したいと強く主張した.
海洋は我々のものだ:海岸のないボリビアは,裁判所が太平洋への道を開くことを期待している
艦隊の基地は 警備員が監視しています
公営建物は青い旗を掲げている.
ティティカカ湖からアマゾン川まで 海岸は"海への権利"と標識されています
復元する義務があります
しかしボリビアの他の地域では 19世紀 血のまみれの戦争でチリに奪われた海岸線の 遺跡は 鮮やかに記憶されています 太平洋を再び航海したいという願望も
この希望は おそらく何十年にも渡る中で 最も強いものです ボリビアは5年間の裁判の後 10月1日にハーグ国際裁判所の判決を 待っている中です
"ボリビアは強さ,団結精神,無敵精神を備えている.そして,当然,肯定的な考えで判決を待っています"とボリビア外交官ロベルト・カルザディラは言いました.
ボリビアの多くの人々が国際司法裁判所の判決を 国内各地で大きな画面で監視し 何十年もの困難な交渉の後 チリがボリビアに海へのアクセスを 与えるべきという要求に賛成する 判決を期待しています
また,来年の選挙で争いになるインディアン系 Evo Morales大統領にとって,月曜日の判決は重要なものです.
"我々は太平洋に戻る"と8月末に約束した.
しかし,一部の分析者は,この裁判がボリビアに有利になる可能性が低いと考えており,そうすればほとんど変化しないだろう.
オランダを拠点とする裁判所は シレに土地を譲渡する権限を持っていないし,判決は交渉の結果に影響を与えないと決めています.
判決が判決された6ヶ月後になってきたという事実は,この事件は"複雑ではなかった"ことを示唆している.
ボリビアが過去4年間 進歩を遂げていないのではなく 逆転を遂げているのかもしれません
ボリビアの現政権は,海へのアクセスを盗んだ"とザラテは言った.
モラレスの軍事的発言は,シレの善意を奪った,と彼女は言った.
ボリビアとシレは いつか交渉を続けるでしょうが これ以降は大変でしょう
両国は1962年以来 大使を交代していない
ボリビアの代表で,ハーグで活動しているエドゥアルド・ロドリゲス・ヴェルトゼ元大統領は,裁判所の判決が異常な速さで 決定されたという考えに反対した.
"月曜日はボリビアがシレとの新たな関係を開く ユニークな機会となり,両国の利益のために 139年に及ぶ紛争を終わらせることができる"と強調した.
カルザディラは,ロマノアメリカで最も人気のある大統領の一人であるモラレスが,この問題を政治上の優位性として利用していることも否定した.
ボリビアは決して太平洋へのアクセス権を放棄しない"と付け加えた.
裁判は過去を直すための機会です
北朝鮮は,米国を信頼できない限り, 核兵器を売りたくないと言う.
北朝鮮のリ・ヨンホ外相は,ワシントンを信頼できないなら,決して核兵器を放棄しない,と宣言した.
リー氏は土曜日に国連総会で演説した.
彼は,アメリカを,シンガポールで,首脳会議で約束したことを実行するよう呼びかけた.
声明は米米国務長官のマイク・ポンペオが シンガポールで北朝鮮の金正恩氏と 会談から3ヶ月以上後に 核交渉を再開する様子です
貿易禁止の継続と,朝鮮戦争の終結宣言に対する米国の反対は,朝鲜を屈服させるだろう,という考えは"夢"だとリ氏は言う.
ワシントンは,平壌がまず核廃棄に明確な措置を取らない限り,この声明を承認しない.
キムとドナルド・トランプは2度目の会見を希望しています
しかし北朝鮮が安全を確保するための唯一の手段として 武器を撤収する事を 真剣に考えているのかという疑問は 深刻です
ポンペオは,金氏とトランプの次の会合の準備のために,来月平壌を訪問する予定です.
パリのファッションショーで 最新のヘッドウェアを公開 近くのファッションショップに発売
帽子屋さんを大きくしたいなら 太陽から完全に隠れたいなら 探す必要がありません
デザイン家であるヴァレンティノとトム・ブラウンは パリファッションウィークでファッション界に登場した SS19のモデルのために サイズアップの様々なカラー帽子を展示しました
この夏にはインスタグラムに 素晴らしい帽子の写真が 投稿され デザイン家が デザインした新しい帽子を ファッションショーで展示しています
ヴァレンティノの作品は 羽のような広い羽根を被った 大きな明るい茶色の帽子でした
オーバーサイズの他の配列には,水が石をかぶったもの,シドカルの帽子,そしてパイナップスさえ見えましたが,これらのものは頭部を温めるように設計されていません.
トム・ブラウンは 変な仮面を 導入しました の週に ちょうどいいタイミングで
色々なマスクは 顔面が合わさって ハンニバル・レクターに似ていた
"つは呼吸器とメガネのついた 具に似ていて もう"つはパン状の氷を溶かすもの
流行を狙っているなら 運はいい
専門家は,近所のファッションショップで 超大型の帽子が売れるかもしれないと予測しています
大帽子も La Bombaの足元に 届く. 60cm以上の重さを持つ木の帽子で,
ソーシャルメディアで流れる 超粗大な帽子の背後のタイトルは 衣装のシーンで登場する別の大きなフォロワーのインスピレーションでした  スタム製のビーチバッグは 泳いでいるモデルとほぼ同じサイズでした
色のストリートカサ ライトバッグと白い革のハンドルで パリのファッションウィークで La Riviera SS10のFataline Jacquemusのメインでした
著名なファッションデザイナー ルーク・アーミテージは FEMAILにインタビューでこう語った. "来年の夏には,大きな帽子やビーチバッグがファッションショップに登場するのを期待している - デザイナーがこんなに大きな影響力を持つなら,オーバーサイズのアクセサリーへの需要を無視するのは難しいだろう.
ジョン・エドワード:世界市民にとって 言語能力は必須
スコットランドの私立学校は生徒の優秀な成績で有名で,2018年には新しい,素晴らしいテスト成績が続いていて,スポーツ,芸術,音楽,その他のコミュニティー分野での個人およびグループによる参加がさらに強化されています.
スコットランド全土に3万人の生徒がいて,スコットランド独立学校評議会 (SCIS) が保護しており,生徒や親に最高のサービスを提供しています.
民間学校は 学生を高等教育や 選択した職業や グローバル市民としての地位に 備えさせようとしています
特別プログラムで 作り上げ 教えられる教師として 現代の言語は 学校で 引き続き人気の科目になります
ネルソン・マンデラが言ったように "人に理解できる言語で話しかけると その人の心に触れる"
母語で話すと 彼の心に響くのです
これは重要な思い出です 英語だけでは他国の人々との関係を築き 信頼関係を築くことはできません
今年のテスト結果は 私立学校で成績が上がる生徒の割合が 最も高い言語がトップにあることを示しています
68%の外国語を学んだ生徒がAを取った
SCISの74の学校から収集されたデータによると 72%の生徒が Aの成績で マンダリン語を学びました 一方 ドイツ語学習者の72%, フランス語学習者の69%, スペイン語学習者の63%が Aの成績で 勉強しました
これはスコットランドの私立学校が 外国語を 支援していることを示しています 外国語は子供や若者が将来 確実に必要とする 必須スキルです
現在,言語は,選択的に,私立学校のカリキュラムや他の場所で,科学的な科目 (科学,技術,工学,数学) と同じ地位に置かれています.
2014年に英国雇用・スキル委員会が調査したところ 雇用者が雇用困難だと 指摘する理由のうち 17%が 言語能力の欠如にあると判明しました
だから,言語能力は,若者を将来の仕事のために準備するために,ますます重要になってきています.
言語能力がますます必要になってきている今 この能力は 混雑した世界において不可欠です
どんな職業を選んでも 外国語を学ぶことが 将来に大きな利点になりますが それは生涯にわたる知識です
外国人と直接交流できる能力は 複数身を持つ人に 競争の優位性を与えるでしょう
2013年にYouGovが調査した イギリスの4千人以上の成人のうち 75パーセントが コミュニケーションに適した言語を話せなかったそうです フランス語だけが 2文字のプロサで話せる言語で 15%でした
だから現代の子どもたちは 言語学習に早急に投資することが重要です
特に新興市場では 労働の多重性は 子供たちに より良い雇用機会を与えます
スコットランドでは学校によって教えている言語が異なります
特定の学校はより古典的な新言語に焦点を当てます. 他の学校では,マンダリンや日本語などの言語が2020年までに英国にとって最も重要なと考えられています.
子どもの興味がどこであれ 専門教師のいる私立学校では いつでも言語を選択できます
スコットランドでは,私立学校は,子どもたちを準備し,将来がどんなに良いものであれ,成功するために必要なスキルを備える学習環境を提供することに コミットしています.
この時代に,世界規模のビジネス環境の中で,言語は国の未来にとって不可欠であり,教育にも反映されなければなりません.
現代の言語は コミュニケーションの国際的能力として 認識されるべきです
私立学校はスコットランドの若者たちに 選択肢や多様性や優位性を 提供し続けます
やってみないと
ジョン・エドワーズはスコットランド私立学校理事会の議長です
レブロンはサンディエゴで Lakersの初戦を
待ち時間も終わりました レイカーズ代表のレブロン・ジェームズが
レイカーズ・コーチのルーク・ウォルトンは,ジェームズが サンディエゴで開幕試合で プレーすることを発表しました.
どれくらいの時間プレーするかはまだ決まっていない.
"1分以上も短く48. "ウォルトンはラッカーズ公式サイトで
レイカーズの報道担当者 マイク・トルデルはツイッターで ジェームズが限られた期間でプレーする可能性があると伝えた.
先週練習の後 ジェームズは 6試合のスケジュールについて聞かれました
"この時点で 準備のためには 予選戦をしない"
ウェストバージニアのトランプ大統領選挙の タイムラインとYouTubeチャンネル
ドナルド・トランプ大統領は 選挙戦の会合を 数回開催します 最初の会議は今夜 ウェストバージニア州ウィーリングで行われます
会議は来週予定されている5つの会議の1つで テネシー州とミシシッピ州を含む フレンドリーな場所にも立ち寄ります
選挙が中止され,トランプは来年の中間選挙の支持を高めようとしています. 11月の選挙で共和党が議会を支配を失う恐れがあるからです.
ウェストバージニアでトランプの選挙集会が何時? ネットで視聴するには?
トランプのウイリングでの会合は 2018年9月29日 (土) 午後7時より始まります
ウェストバージニア州でのトランプの会合は YouTubeで視聴できます
連邦最高裁に任命された裁判官の裁判は 緊張が激しい中で 裁判を担当した可能性が高いが 連邦連邦捜査局が捜査を進めている間 上院の承認投票は 1週間間 待たせられていた
しかしトランプの会議の主な目的は 11月の選挙で 共和党が苦戦する状況から 立ち直る手助けです
選挙運動のメッセージは,来週開催される5つの会議は,共和党が上院と議会で保有する多数を保ち,増やすために,志願者や支持者を集めるためだと,ロイター報道によると,
"議会のコントロールは大統領計画に不可欠で,選挙期間が始まると同時に,できるだけ多くの州を訪問する"とトランプの選挙活動担当者はロイターに語った.
ウェズバンコ・スタジアムで開催される この試合は オハイオ州とペンシルバニア州から 応援者が集まると予想され 報道はピッツバーグのメディアから 報道される予定だと ウェストバージニア・メトロ・ニュースが報じている.
土曜日の会合は,トランプ氏が今月西バージニア州を訪問した2回目となる. 2016年に州で40%以上の差で勝利した.
トランプは,西バージニア州上院共和党候補のパトリック・モリスシーを 支持しようとしていますが, 投票で落下しています.
"大統領が来て彼の支持率を上げようとするのは モリッシーにとって良いことではない"と ロイター報道によると,西バージニア大学政治学者のサイモン・ヘッダー氏は述べた.
2018年ライダーカップ チーム・アメリカが戦いを続ける 選手権戦いの希望を 維持する
3つの単調な回転の後 週末の4試合は レイダーカップのレースに 必要だったかもしれません
勝負の流れは 発明されたスポーツの考え方であり 選手たちはそれを信じています この様な競技では決してそうではありません
どこに成功している?
"彼らは6ポイントのリードで 今度は4ポイントです だから今度は成功は我々にあると思います" ジョーダン・スピースは今日のレースに打ち上げられた時言いました
ヨーロッパは4つ前線で 12つ余り残っています
スピエスは"アメリカ人は 勢いが弱っている"と 言っており スピエスは4点から3点ずつ プレーした ジャスティン・トーマスの 格好も期待できる
スピエスは,非常に素晴らしいことをやってきました. 率いて,彼の例を示して.
歓声は リングの進路に上がり 彼は重要なパッドを 投げて4点の試合を 守りました 彼とトーマスは2点落下していたので
15ホールの試合で勝利を収めた彼のパウターは 似たような歓声を受けました アメリカがまだ勝利する 可能性があると信じているような歓声です
"自分のゲームについて深く考えなければならない"とスピースは言いました
選手たちはこれしかできない
18ホールで得点
スピースとトーマスより2日間の得点数が多いのは フランチェスコ・モリナロとトミー・フリートウッドです
この奇妙で素晴らしいヨーロッパカップルは 4試合中4勝し 何も間違えていません
週末の午後は学校に通う唯一のカップルでした しかし,彼らはまた,土曜日の朝,金曜日の午後,そして金曜日の朝の9ホール場での学校に通うのを避けました
試合の流れと 観客の熱狂的な反応は 明らかに彼らが日曜日に勝つべきチームであることを示しています ヨーロッパのチームに勝利を収められるように フレートウッドやモリナリほど 強い選手はいません
利点は2つの穴で同時にやってみることです
しかし,まだヨーロッパチームの勝利について話すのは早すぎる.
バッバ・ワトソンとウェブ・シンプソンは セルジオ・ガルシアと 軽やかに対戦しました
スコッリと最初の9の穴の2つのダブルが スペイン人と豚を 穴に掘り込み 抜け出せなかった
でも日曜日は 誰もあなたを穴から 引き上げられない
4つのボールと4つのゲームは 近くで見るにはとてもエキサイティングです カップルの間の交流や 助言や 助言をしないこと そして 試合のスケジュールが瞬時に変わるからです
ヨーロッパはこれまでチームとして 優位にプレーしており 最終戦の前線をかなり走っていますが この四分の一は アメリカチームも 疑われていた戦力を 持っていることを示しました 特に他のアメリカチームも
10-6のリードで ファイナル戦の最終日
ヨーロッパのリードは 10-6でアメリカに勝った 4輪戦から
巨人チーム トミー・フリートウッドと フランチェスコ・モリナリが 攻撃をリードし 困ったタイガー・ウッズを 2勝で倒し リー・ゴルフ・ナショナルで 4点を獲得しました
トーマス・ビヨーンズ・ヨーロッパ代表が 2年前にハゼルタイン・スタジアムで 負けた優勝を 奪おうとしている中,
アメリカは4試合で 2勝を勝ち ポイント差を上回らなかった
ジム・フューリックのチームは 12試合で8点を勝ち 優勝を勝ち取りました
フリーツウッドはヨーロッパ初出隊で 4連勝し,彼はモリナリと 素晴らしい週末の後 モリウッドと呼ばれた.
ウォーズとパトリック・リードを 4人戦で倒した後 チームメイトとして 5-4で ウォーズと米新人 ブライソン・デシャンボウを倒した
週末の2試合で勝った ウッズは 素晴らしいプレーを繰り返しましたが 29試合のうち19試合は 4勝4敗で 7勝連続で負けてしまいました
ジャスティン・ローズは午前中の四角球で疲れ果てたが チームメイトのヘンリック・ステンソンと4角球で再会し ダスティン・ジョンソンとブルックス・コプカを 2-1で倒した
しかしパリの南西に 穏やかで 晴れた日に ヨーロッパは 楽観的ではなかった
3回優勝したゴルフ選手 ジョーダン・スピースとジャスティン・トーマスは 2点でアメリカ人をリードした
スペインのジョン・ラームとイアン・ポウルターに2対1で勝利し,その後,ポウルターとロリー・マクロイに4対3で勝利した.
レイダーカップの歴史上 チームが4点差で勝ったのは2度だけですが フューリックのチームは 優勝を勝ち取るには 引き分けしか必要ありません
2日間も2番目だったのに 日曜日の攻撃は 極端なものだと思う
北朝鮮は"信頼の余地がない"と 片方的な軍縮を主張
北朝鮮の外相は土曜日に国連に,貿易禁止が継続していることは,米国に対する不信を深め,北朝鮮がそのような状況下で核兵器を単独で放棄することは不可能だと語った.
リー・ヨンホは国連総会で,北朝鮮が過去1年間で,核実験やミサイル実験を停止し,核実験場を閉鎖し,核兵器開発や核技術の開発を停止することを約束して,多くの善意行動を取ったと述べた.
"しかし,米国からの対応は全くない"と彼は言った.
アメリカへの信頼がなければ,我が国の安全保障は保証されない. このような状況下では,我々が最初に核を片っ端に降ろすことは不可能だ.
リー氏は,北朝鮮が核軍縮を 段階的に進めると報われるような 政策へのワシントンの反対について,よくある北朝鮮の不満を繰り返したものの,彼の発言は,平壌が以前行ってきたように,一方的な核軍縮を 完全に否定していないという点で,特別なものに見えた.
リー氏は,6月12日にシンガポールで開かれた,米国大統領と北朝鮮の指導者の最初の会談で,金正恩とドナルド・トランプが共同声明を発表し,金正恩が北朝鮮の核軍縮を推進すると宣言し,トランプは北朝鮮の安全保障を約束した.
北朝鮮は1950年から1953年の朝鮮戦争に 公式な終結を図る手段を探しているが,米国は,平壌がまず核兵器を放棄しなければならないと主張している.
ワシントンも北朝鮮に対する厳しい貿易禁止を緩和する 要求に抵抗している.
国連は,核兵器の廃絶を第一に要求し,貿易禁止措置を用い,戦争を終わらせたいとの宣言を反対し,圧力を増やしている"とリ氏は述べた.
禁令が我々を制圧するなんて 知らない人の夢だ
しかし問題は 貿易禁止が継続していることです
リー氏は,金氏とトランプの 2度目の会合の計画について言及しませんでした.
その代わりに,大臣は,過去5カ月間に金氏と韓国の指導者ムーン・ジェインの3回会合について言及し,さらに"この核廃絶協定の当事者が米国ではなく南朝鮮だったら,朝鮮半島の核廃絶問題にはこの問題はないだろう"と付け加えた.
しかし,リ氏の演説のトーンは,昨年国連総会で,北朝鮮が米国本土を狙うミサイルの発射を, "悪魔の大統領"トランプが,キムを"自爆ミサイル"と呼んだ後,避けられないと発言したときと,大きく異なっていました.
昨年トランプは北朝鮮を"破壊する"と脅しましたが 今年では北朝鮮が核兵器を全て破壊するまで 貿易禁止措置は続くと宣言しながら 軍縮に向けた 勇気ある行動として 国連で金氏を称賛しました
川普大統領は水曜日に "この件には時間制限はない"と答えました "2年,3年,5ヶ月かかっても 大したことない"
中国とロシアは国連安全保障理事会が平壌に報いるべきだと主張している.
しかし,米米国務長官のマイク・ポンペオは,国連安全保障理事会で4日,こう言いました: "安全保障理事会の禁止措置は, 完全な核廃棄が実現し,確認されるまで継続しなければならない".
国連安全保障理事会は 平壌の核開発やミサイル開発への資金調達を阻止するため 2006年から北朝鮮との貿易禁止を延長することに合意した.
ポンペオは国連総会でリと会談し,次の月また平壌を訪問し,第二の会合の準備を行うと伝えた.
ポンペオは今年3度北朝鮮を訪問しましたが,最後の訪問はうまくいきませんでした.
7月に平壌を去り 成功したと宣言しましたが 数時間後には北朝鮮は な要求をすると非難しました
北朝鮮は本月,ムーンと会談し,米国が対応するならば,ミサイル基地と核施設を閉鎖すると約束した.
彼は,金氏は,彼が求めている"対応"はトランプがシンガポールに約束した安全保障と,ワシントンとの正常な関係への措置だと考えていたと述べた.
ハーバード大学は 十分な休憩で授業を受けています
ハーバード大学の新しい研究で 学生全員に睡眠を 増やしたことで 学生たちの夜中起きて勉強する傾向が 増えていることを 刺激しようとしています
ある調査によると 世界一流の大学で 学生たちは 自己の基本について ほとんど何も知らないことが多いそうです
ハーバード医学部睡眠医学教授で ブライハム・アンド・ウイメンズ病院の専門家である チャールズ・チェイスラーは このプログラムを作ったのですが アメリカで初めてだと考えています
睡眠不足が学習に与える影響について講演した後に このコースを考えるアイデアを 思いつきました
授業の終わりに ある女の子がやってきて言いました "なんでこんなことを言うようになったの?
睡眠の重要性が誰にも教えられなかったと彼女は言いました 驚いたことに 彼はテレグラフにこう言いました
この学期が初めて開催され, 学生たちは,良い睡眠が 勉強やスポーツの成績,そして健康に 役立つという基本的なことを学びます
ハーバード医学部精神医学部教授で 医療担当責任者でもあるポール・バレーラは 学生たちの週間の睡眠不足が 原因で このコースを導入したと言いました
授業は"時間程度で,様々な活動が含まれます.
部屋の写真です 部屋の写真です 部屋の写真です 部屋の写真です 部屋の写真です 部屋の写真です 部屋の写真です 部屋の写真です 部屋の写真です 部屋の写真です 部屋の写真です 部屋の写真です 部屋の写真です 部屋の写真です
2つ目の部分では 長期にわたる睡眠不足が 心臓発作,脳卒中,うつ病,がんのリスクを高める という説明がされています
授業の場を地図に描いた 便利な記号が 参加者に日常の習慣を考えるよう促します
学生の行動も変わらないでしょう
しかし私たちは 喫煙が健康に与える影響を 知る権利があるように 子どもにも知るべきだと考えています"と教授は付け加えました
徹夜学習を謳う文化は今も残っていると 彼は言う. 現代の技術と学生への圧力が 睡眠不足を増加させる問題だと付け加えた.
十分な質の高い睡眠を 確保することは ストレスや疲労や不安を 防ぐための 学生の"秘密の武器"でなければならない と 彼は言いました 肥満を避けるためにさえもです 睡眠不足は 脳の食欲を高め 身体が疲労に陥るからです
カリフォルニアの19歳の化学と物理の学生である Raymond Soは, Czeisler教授にこのコースを組み立てることに協力しました 彼は昨年,ハーバード大学で最初の年の教授の授業に参加していました
その授業が目を開けたと語りました そして学校全体に 授業を招くよう 促されました
彼は次のステップとして,すべての修士号生に大学に入る前に同様のコースを 修了するよう求めることを望んでいます
チェイスラー教授は 学生に睡眠時の目覚め時計を セットし 覚醒させることを勧めました 電子画面やLEDの 青い光の有害な影響を 考慮して 睡眠に障害を招く 睡眠障害を 引き起こします
リンガース1-0 メンガのマークがジェラルドの男たちを撃ち落としている
ランジャースは1試合で1対0で敗れ ドリー・メンガのゴールを 負けた
イブラックスチームは2月にセントジョンストーンで勝利した後に最初の試合で勝利を収めようとしたが,ゲイリー・ホルトのチームはジェラード監督の18試合で2回目の敗戦を招いた.彼らは現在ラドブロークス・プレミアリーグのトップであるハートスに8点落としている.
半番前7分でメンガがゴールし ランジャースは 力を失い 引き合わせの機会もなかった
ランジャーは6位に下がり リビングストンは3位に上がり ヒバーニアンにゴール差しか残っていない
ランジャースは, ランジャースのキャラム・スペンスが 投球者から物体を投げられたため, 頭部損傷のため, 治療を受けなければなりませんでした.
ゲラードは8つの変更をして アイルを倒し ベトフリードカップの準優勝に 勝った
しかしホルトは,同じライフ11のチームを保持し, 先週ハートズから ランクアップされた. そして,彼は彼の訓練されたチームメイトが, 反対にどのように勝利したかに満足していた.
ランジャーはもっとボールを持っていたかもしれないけど リビングストンは チャンスを生み出しました
試合開始のわずか2分で得点すべきだったが メンガの最初の投球で スコット・ピットマンは アラン・マクグレゴールのゴールに突入したが ショットは逃げた.
ケーガン・ジェイコブスの長時間質問が 終わりに クラッグ・ハルケットに届いたが 仲間のアラン・リスゴウが ショットを飛ばした
ランジャーは試合を制圧し 試合の最終3分の3は 信頼よりも希望に 動かされたようだ
アルフレド・モラレスも 試合の終わりに 勝負を決めたと 確信していました スティーブン・ローレスと 試合が終わると 裁判官のスティーブン・トムソンは コロンビア人の主張を 拒否しました
ランジャースは最初の半期の2発だけ得点を残したが イブラックス・ゴール・オブ・ザ・ヘッドのライアム・ケリーは 簡単にLassana Coulibalyのショットと Ovie Ejariaのショットを守ることができなかった.
利ヴィのチャンスが 34分目に来たとしても 相手が優れていたにもかかわらず 勝ち取ったのは 絶対的に 勝ち取ったことではないが 忍耐力によってしかなかった
ランジャーは再び,Jacobsから長い追加質問から何もしない.
スコット・アーフィールドは 抵抗しなかった. デクラン・ガラガーが スコット・ロビンソンにボールを送った時, スコットは落ち着いて,メンガにボールを送った.
ゲラードは半々ライアン・ケントを クオリバリーの代わりに 入れ替えた. チェンジはモレロスの後衛が 入れ替わった瞬間にも 効果があった. しかしケリーは急いで突っ込み, ショットを締めくくくった.
リビングストンは,ゲストに好きなゲームを プレイするよう強要し続けました. そしてリトゴーとハルケットは,それぞれが長時間放送を 互いの足元にしました.
ホルトのチームは最後の数分でリードを伸ばせるはずだったが マクグレーゴーは利他がコーナーからゴールに走る前に ジェイコブスのチャンスを奪った.
ランジャーの副監督のグレン・ミドルトンも ランジャーの副監督のグレン・ミドルトンも ランジャーの副監督のグレン・ミドルトンも ランジャーの副監督のグレン・ミドルトンも ランジャーの副監督のグレン・ミドルトンも ランジャーの副監督のグレン・ミドルトンも ランジャーの副監督が ランジャーの副監督が ランジャーの副監督が ランジャーの副監督が ランジャーの副監督が ランジャーの副監督が ランジャーの副監督が ランジャーの副監督が ランジャーの副監督が ランジャーの副監督が ランジャーの副監督が ランジャーの副監督が ランジャーの副監督が ランジャーの副監督が ランジャーの副監督が ランジャーの副監督が ランジャーの副監督が ランジャーの副監督が ランジャーの副監督が ランジャーの副監督が ランジャーの副監督が ランジャーの副監督が ランジャーの副監督が ランジャーの副監督が ランジャーの副監督が ランジャーの副監督が ランジャーの副監督が ランジャーの副監督が ランジャーの副監督が ランジャーの副監督が ランジャーの
アルマナック ゲイガーカウンターを発明した男
日の目です 1882年9月30日 136年前の今日です そして今から136年後の今日です 未来学者ヨハネス・ウィルハム・ハンズ・ゲイガーが ドイツで生まれた日です
ゲイガーが発明した 放射線を測定する方法が ゲイガー計と呼ばれる装置を 導き出しました
ゲーガー計は,それ以来科学界に定着し,またポップカルチャーでも人気がありました.例えば,1950年の映画"ベルズ・オブ・コロナド"では,ロイ・ロジャースとデール・エヴァンスが科学者として異様な役割を果たしました.
男:これは何だ?
これはゲイガー測定器で 放射性物質を検出するために使われます
このヘッドフォンを着せると 岩の放射性物質による原子の影響を 感じることができます
今,本当に鳴っている!
ハンズ・ゲイガーは63歳の誕生日に数日残って 1945年に亡くなりました
しかし彼の名前の発明は 生き残ります
新しい抗がん剤は 免疫系に 危険な細胞を 識別するよう 教えることができる
新しい抗がん剤は 免疫系に 危険な細胞を識別し 殺す方法を教えます
ワクチンは免疫系に 危険な細胞を認識させる 治療の一環として
治療には 患者の免疫細胞を取り出し 実験室で 改造する
癌細胞には多くのタンパク質が含まれていますが 患者の体内に注入されます
実験段階のワクチンは 様々な種類の癌を患う患者で 効果を示しています
ある女性は18ヶ月以上かけて 卵巣がんを治しました ワクチンは免疫細胞に 危険な癌細胞を識別するよう教えます
この方法は 患者の免疫細胞を取り出し 検査室で改変して HER2と呼ばれるタンパク質を検出し その細胞を患者の体に戻すものです
メリーランド州ベスデスの 米国がん研究所の Jay Berzofsky教授は"我々の結果はワクチンが非常に有効であることを示しています"と言いました
乳癌や卵巣癌,肺癌,結腸癌など 様々な癌の 成長を阻害します"と Berzofsky教授は言います
癌細胞を攻撃する免疫細胞を患者の体から取り出すような 治療法が ある種類の白血球の治療に効果がありました
カニエ・ウェストはSNLで出演した後に長時間トランプを支持した演説を行い,MAGAのマグカップを着ました.
終わりが悪かった
カニエ・ウェストは ショートカットされた後 スタジオで ショートカットされた
"Ghost Town"の第3曲を披露し "Make America Great"のデールハウスを着用した後に 彼は民主党を批判し トランプ氏を支持した.
白人男性に何度も言われました "トランプは人種差別主義者だから どうして好きになるの?"
"人種差別を心配していたら,もうずっと前からアメリカから 移送されていただろう"
SNLはハリウッドのスター マット・デイモンが セクハラに関するクリスティン・ブラシー・フォードの訴状について 議会の審理委員会で 証言したブリッツ・カヴァーナウを 冗談で嘲笑した 番組をスタートさせた
放送されなかったが,ビデオは ユーモア作家クリス・ロックによって ソーシャルメディアに公開された.
ロックがこのビデオを公開して ウエストを愚弄したかは 確かではない
ウェストは,観客に,彼の帽子の選択のために,後ろからひどい接待を受けたと訴えていた.
        
"この子と一緒にステージに上がってはいけない"と
首を絞り込んだ!
"私は穴の中にいる"と彼は言った. "ワシントン・エクサミナー"の報道によると.
ウェストは続けて"穴を見たいですか?" と言いました "スーパーヒーローの格好を身につけます" "だからといって私に命令なんてできないのです"
試して
番組の評価は少なくとも2回 観客の怒鳴りを受け,SNLの役者達は不快な様子を見せたと Variety紙によると,ある観客が新聞に語った.
ウェストは歌手アリオナ・グランデの代わりとして出演するよう依頼されていたが,彼女の恋人ラッパーマック・ミラーは数日前に亡くなった.
ウェストは"I Love it"を歌いながら プレアーボトルのように着て ステージで多くの人を驚かせた
保守党のカンダース・ターナーが支持を寄せた彼女はツイッターで"最も勇敢な魂のひとり,多くの抵抗をありがとう"とコメントした.
しかし,チャットテレビのキャレン・ハンターさんはツイッターで,ウェストは"自分らしく"いって,とても素晴らしいことをしている,とコメントしました.
しかし,私は,自分のコミュニティに有害な思想を 支持し,広めていると感じる人に (音楽や服を買ったり,芸術を 支援したり) 報酬をあげることを選択しました.
彼は自由だ
"私たちもそう"と彼女は付け加えた.
番組の前には,ラッパーはツイッターで名前変更を発表し,彼は以前はカニエ・ウェストとして知られていたヴァンだと述べた.
名前を変えて,パフ・ダディ,パフィー,P・ディディとして知られるディディの足跡をたどる最初のアーティストではない.
もう一人のラッパー,スヌープ・ドッグも,自分をスヌープ・ライオンと呼び,音楽の神々であるプリンスを忘れてはならない. 彼は自分の名前をシンボルに変えて,後に自分をプリンスとして知られていたアーティストと呼んだ.
ベルファストのレストランで ナイフで刺された後 殺人未遂容疑
45歳の男性が殺人未遂で起訴されました 火曜日にベルファスト東部のレストランで 刺された男性です
事件はBallyhackamoreで起きたと警察は言う.
被告は月曜日にベルファストの法廷に 登場する予定です
検察は起訴を審議する
"王冠のスター キット・ハリントン" "毒性の男性主義を批判"
キット・ハリントンさんは HBOの暴力的な冒険ドラマ『ゲーム・オブ・ザ・クラウンズ』で ジョン・スノウの役で有名です
しかし31歳の俳優は 男性ヒーローのイメージを批判し こう言うのです "この様な役は 青少年が尊敬を得るためには 厳しい人間である必要があると感じます"
"何か間違っていた"と語りました. #MeTooの時代における男性毒性の問題をどう対処すべきか,と疑問に思いました.
キット氏は,最近,クローネーション選手の 31歳のローズ・レスリーと結婚しました. 彼はこの問題をどう対処すべきかについて 強い意見を持っていると認めました.
私個人的に,今思うのは,男性に何が起こったのか?
現代の男性たちに教えられたことは?
キット氏はテレビが 毒性の高い男性性の 増加の一部を 引き起こしていると考えています テレビの男性的な登場人物が原因です
彼はさらに言いました "何が受け継がれ 何が教えられるのか?
テレビや街頭で教えられていることは 何で 若い男の子たちは 男らしくあるべきだと 感じさせるのでしょうか?
現代における最も重要な問題の一つだと思います どうすればこれを変えられるのか?
明らかに若い男性に何か問題があるからです
また,インタビューで,次の夏にシーズン終了後,他のどのドラマにも出演しないことを認め,足の戦場と馬も手に入れたと語った.
11月から キットは"トルー・ウェスト"の 再現役で 出演します サム・シェパードによる映画で 映画制作者と 泥棒の弟の物語を語ります
最近彼は,トロニア大会に出場したことで 最高のことは妻のローズに会ったことだと言いました.
"妻に会ったのはこの番組で 将来の家族や人生を 教えてくれたんだ"
ロゼはエミー賞受賞番組で キットが演じた ジョン・スノウの恋人 イェグリテを演じた
2018年6月に結婚した.
HIV/エイズ:中国では新規感染が14%増加
中国ではHIV感染者や便秘者の割合が 14%増加したと報告されています
保健当局によると 820,000人以上が感染しています
2018年第2四半期だけで 約4万人の新規感染が報告されました
新型感染症のほとんどは 性行為によるもので 感染した人の数は以前より大きくなりました
かつては,HIVは中国の一部で 感染した血液の寄付によって急速に広がっていました
一方,この方法でHIVを感染する人の数は再びほぼゼロに減少しました. 中国の保健職者がユナン省の会議で言いました.
しかし HIV感染者や死亡者数は 毎年10万人増えています
中国LGBTコミュニティでは,性感染症が深刻な問題です.
中国では1997年以来同性愛が違法ではないが,LGBTに対する差別は依然として顕著である.
国内では 規制が厳しくなっており 研究によると 70~90%の男性が 他の男性とセックスすると 結婚するそうです
多くの感染は 婚活中の不十分な避妊によるものです
2003年から 中国政府はHIV治療薬の普及を 約束し始めています
マキシン・ウォーターズは 従業員が共和党議員の 文書を漏洩した事を否定し 危険な嘘と 共産主義を批判している
連邦上院議員マキシン・ウォーターズは 土曜日に,共和党上院議員3人の個人情報を 従業員がWikipediaのページに公開したという主張を否定しました.
ロサンゼルス民主党の議員は この発言は"極右派"の 反対派やウェブサイトから来ていると答えました
"嘘 嘘 そして もっと ひどい嘘"と Watersはツイッターで声明を出した.
公開された情報には 南カロライナ州議員のリンジー・グラハム ユタ州議員のマイク・リーとオーリン・ハッチの住所と電話番号が含まれていたそうです
連邦最高裁に任命された裁判官の セクハラ容疑で 審議が始まっている間に 匿名による情報がネットに公開されました
医者は3人の上院議員が カワナウに質問した後で やって来た
Gateway PunditやRedStateなどの コンテンツサイトは 情報の提供者のIP番号が Watersの事務所と関連しており 従業員の情報を公開していると発表しました
"この根拠のない主張は 完全に誤りで 嘘だ"とウォーターズは続けた.
誤った告発によって個人情報や安全が 脅かされている私の従業員は 情報の漏洩の責任は全く負いません
この根拠のない主張は 完全に誤りであり 嘘です
ウォーターの声明はすぐにネット上で批判され ホワイトハウスの元報道官 アラ・フレイシャーも批判されました
"この否定は怒りに満ちている"とフレイシャー氏は書きました
それは議会に座る資格がないことを示唆します.
理由もなく非難されたら 怒りを発せてはならない
抵抗は許されない
非難者の理由を問うことは許されない.
落ち着いて考えなければならない
フレイシャーは,ウォーターの反応を 批判する民主党の批判と比較した. 批判者は,川越判事が木曜日の裁判で 怒りを感じていたと批判した.
川普大統領選挙の共和党候補 オマール・ナバロもツイッターで意見を表明した.
"本当なら大したことよ"
声明でウォーターズは 事務所が 適切な当局や警察に 虚偽の主張を報告したと述べた.
被害者が発見され 責任が問われるよう努めます 恥辱的で危険で 従業員全員を傷つける行為です
ローアン・アトキンソン監督の映画レビューは 薄弱な結果
イギリスが登場する新しい映画で ブレグジットに言及するのが 慣れ親しんだことになり 2003年に『ジョニー・イングリッシュ』で始まった 『ジョニー・イングリッシュ・リボーン』で復活した 『ジョニー・イングリッシュ・リボーン』で復活した
このカンクウィスは,我々がどれほど悲惨な存在なのかを に描き,この国の新たな輸出手段になるのか?
そうであろうと,この々とした,貪欲な,そしてなジョニー・イングリッシュは, 再び,全てを乱す許可を 獲得しました. 彼の名前は,何よりも,彼が非英語圏の展示のために作られた創作作品であることを示しています.
彼はもちろん 賢明な諜報員で 魅力的なキャラクターを装っているが クルーズーとミスター・ビーンのダッシュと 2012年のロンドンオリンピックの 開幕式で "Chariots of Fire"のノートを演奏した男との わずかな混同だ
また,アトキンスンがかつて忘れられたバークレイカードのテレビ広告で演じた 旅人であり謎の世界市民を元に作られた.
この最新作のジョニー・イングリッシュには 良い点も二つあります
チェロペットに囲まれた 帽子にはヘリコプターが 載っていました
アトキソンは明らかに彼のユーモアを表現していますが ユーモアはかなり弱く 奇妙に表面的に見えます 特に James Bond や Mission Impossible のようなより真剣な映画も ユーモアを絶え間なく提供しているからです
笑い方は大人のものより 子供向けに されているようです そしてジョニー・イングリッシュが 描いた冒険は アトキンソンの"Mr. Bean"の 静かなユーモアほど 想像力や集中力が 持たれていないと思いました
この映画のテーマは イギリスが深刻な危機にあるということです
ハッカーがイギリスの秘密諜報機関に侵入し 監視中のスパイをはじめとする 全ての英国諜報員の身元を 明らかにしました しかし残念ながら ケビン・エルドンは その役にはほとんど出ていません
傲慢で論争の的になり 政治的敵意が強烈で 危機に瀕している首相の最終段階です エマ・トンプソンは テレサ・メイを思い出させる役を尽くしていますが 脚本にはあまり 興味がありません
秘書たちは全てのスパイが 危険にさらされていると伝え 聖なる石に座った人を 探さねばなりません
そしてジョニー・イングリッシュが登場します 彼は良い学校の校長ですが スパイになるための秘密の教えも与えています スパイ学校をスクール・オブ・ロックに似たものにしました
緊急会議のためにホワイトホールに呼び戻され,ベン・ミラーが再現する退屈な元同僚であるボフと会います.
ボフは結婚して妻は潜水艦の船長ですが 活気のある役目では ヴィッキー・ペッパーディンは 輝くのを許さないのです
陛下の任務に 手を尽くしたスパイ・テックが 再び登場し オフィエル・ブルレトフと会います
同時に首相は テクノロジー業界で 魅力的な億万長者の 魔法の魔法に魅せられ イギリスのコンピュータ問題を 解決できると主張しています 悪いジェイソン・ヴォルタ ジェイク・レイシーが演じている
イングリッシュとボフは 豪華なフランス料理店で 調理員としてパンチを点け 豪華なヴォルタの川に潜入して 惨事を招くのです そしてイングリッシュは リアルなレンズを使って ヴォルタの家の内側を 見ようとすると すべてが逆転します
締めくくりには何も残されていないが 鮮明で活気のある映像は 幼稚な部分も欠けている
平均的な質の素材だ
そして他のジョニー・イングリッシュ映画と同様に 私は考えました "イギリス映画業界は ロアン・アトキンソンに 彼の才能に合った役を 任せるだろうか?"
労働党は,イギリスで4日労働週を計画していることを否定し, 5日労働週と同じ賃金で働いています.
労働党は,ジェレミー・コービン率いる, 根本的な計画を考えている. イギリス人は週4日働くことができるが, 5日労働で給料がもらえる.
報道によると 党はAI革命による 節約を経営者に利用させ 労働者に"日余りの休暇を与えることを 望んでいると言われています
労働者は3日間の長期休暇を享受し 給料が減らないようにできるのです
筋によると,このアイデアは 党の経済計画と 労働者の利益向上への政策に 合致する.
労働組合議会は労働者が経済の変化を利用するための4日労働時間の短縮を支持している.
労働党の上級幹部がサンデー・タイムズに語った. "政策改正の発表は年末までに予定されている.
労働党の政策に合致する目標です 労働党は,労働者を助ける経済改革の取り組みに
労働党はこのアイデアを支持する最初の政党ではありませんが,グリーン党は2017年の選挙キャンペーンで4日労働週を約束しました.
しかし,この目標は労働党全体に支持されていない.
労働党の広報担当者は言った: "週4日は党の方針にはないし,党はそれを導入することを検討していない.
陰謀部商務大臣ジョン・マクドネルが 先週,労働党の会議で 経済の社会革命を 提案しました
マクドネル氏は 農産物の"未知の経営者"や"農作物収集者"から 権力を取り戻す決意を示しました
シェード・ミニストリーの計画では,水道会社の株主は, 株式を全部返還できない可能性があり, 労働党政権は, 誤りのために"減額"を課す可能性があります.
企業取締役会に労働者を配置する計画も承認し 共同所有基金を設立し 民間企業の資産の10%を 従業員に譲り渡し 年間500ポンドの利益を得られる計画も承認した
リンジー・グラハムとジョン・ケネディは 60分間で カーナウに関するFBIの調査が
裁判官ブレット・カヴァーナウに対するFBIの捜査は 最高裁に任命される最終投票に 少なくとも1週間もの混乱をもたらし 共和党上院議員の支持を撤回させる可能性が疑われています
"60分"の記者 スコット・ペリーが"日曜日に放送されるインタビューで 共和党議員のジョン・ケネディとリンジー・グラハム議員に 意見を変えるような情報があるか尋ねました
ケネディは南カロライナ州よりオープンだった
"もちろん"とケネディは言った
裁判が始まると カバノー判事と話をしたと言った
告発された後 電話で"やったの?"と訊いた
彼は決心的で 堅固で 断固とした人物でした
しかしグラハムの投票は 変わっていないようです
"私はブレット・カヴァーナウについて 決断を下しました 決断を変えるには 信じられないほどの 訴えが必要でした"
"フォード博士,何が起こったのか分かりませんが,私は知っている.ブレットは断固として否定しました"とグラハムは付け加え,クリスティン・ブレシー・フォードを訴えました.
名前は誰も確認できませんでした
この事件は 36年前のものです
変化するものは何もない
国際市民デーとは何か? 貧困を減らすために何かした?
"グローバル・シチズン・フェスティバル"は,毎年開催される音楽イベントで,世界中の貧困を撲滅する,
この7年目となる国際都市祭は 数万人がセントラルパークに集まっています ジャネット・ジャクソンやカーディ・Bやショーン・メンデスなどの音楽を聴くだけでなく 2030年までに貧困をなくすという 真の目標への意識を高めます
2012年に初めて開催された世界都市デー (World Urban Day) は,グローバル・ポブリティ・プロジェクト (Global Poverty Project) の一部で, 貧困を撲滅する取り組みを拡大することで, 貧困を撲滅したいという国際的団体が活動しています.
コンサート参加者は無料のチケット (VIPチケットの購入者以外) を獲得するには プロジェクトや活動 (ボランティア活動,世界指導者へのメール,電話,その他の有効な手段) を完了する必要があります
しかし,この12年の目標達成に向けて,この祭典はどんな成果を上げているのでしょうか?
オンラインの要求リストにサインしたり Twitterでメッセージを送ったりすることで 重要なことをしていると感じているのです. オンラインの要求リストにサインしたり Twitterでメッセージを送ったりすることで,
グローバル・シチズンは2011年以来,様々な目的のために支援者によって1千9百万以上の行動を記録したと報告しています.
この取り組みにより 世界各国首脳は 2030年までに225億人を超える人々の 生活に影響を与える 約束と目標に 3千5億ドル以上の資金を投入することができました
2018年初頭,このグループは,その活動により390件のコミットメントと発表を記録し,少なくとも1000億ドルを投資または調達しました.
このグループは,資金調達によって,これまでに世界全体で6億4千9千万人に 直接影響を与えたと推定しています
子どもの健康を向上させるための投資団体であるThe Power of Nutritionが 主な貢献をしており,Rwandaへの支援として3500万ドルを寄付すると約束しました.
英国政府,支援者,世界中の政府,そして皆さんのような国際市民の支援で 労働栄養という社会的な不公平を過去のものにする事が出来ます』と 2018年4月にロンドンでのコンサートで講演したThe Power of Nutritionの代表者 トレイシー・ウルマンは語った.
また,このグループは,英国が母親と子供たちの栄養を改善すべきだと訴える5000件のメッセージが送信された後, 政府が5百万人の女性と子供たちに栄養を向上させる"栄養の力"というプロジェクトに資金を提供することを発表しました.
グループウェブサイトの FAQの1つは "なぜ貧困をなくすことができるのか?"
Global Citizenはこう答えました "それは長くて難しい仕事になるでしょう.
しかし,私たちは限界に達します. 公民権運動や人種差別廃止運動が 前に行ったように,私たちは強くなるのです.
今年のイベントには ジャネット・ジャクソン,ザ・ウィークンド,ショーン・メンデス,カーディ・B,ジャネル・モナエなどが参加します.
アメリカは海兵隊を"障害物"として ロシアのエネルギー輸出を阻むために使うかもしれない
"もし必要なら,ワシントンは,ロシアが中東を含む市場を 攻撃するのを防ぐために海兵隊を活用するかもしれない"と,ライアン・ジンケ国務長官が言う.
シンケは,ロシアがシリアへの援助を,特にその国の合法的な政府のために働いているので,新しい市場を探求する提案だと主張した.
筋によると,彼は"中東に存在する理由は,東欧や南欧と同じエネルギー取引をしたいからです"
公式な発表によると 予防策や対策が用意されています
海兵隊は海路の開放を保証し,必要に応じて,そのエネルギーが市場へ流入しないようにする障壁を設けるために使えます"と彼は言いました.
シンケは,米国で"エネルギー消費者の声"と呼ばれるチャリティー団体である"消費者エネルギー同盟"の招待会で ゲストに呼びかけました
彼はさらにワシントンによる ロシアとイランとの 対処を比較し 類似点を示しました
"イランとロシアの経済選択肢は エネルギー資源の利用を減らして,それを他のエネルギー資源に置き換える"と彼は言った.
この発表はトランプ政権が欧州への天然ガス輸出を拡大し,欧州の消費者に安価な選択肢であるロシアを代替したいという方針に続く.
これを行うために,トランプ政権の官僚,ドナルド・トランプ大統領を含む,ドイツが"不適切な"北流2号線建設計画への関与をやめさせようと試みた. トランプ大統領は,ベルリンをモスクワの"捕虜"にするだろうと述べた.
11億ドル規模の"ノルドストリーム2"電路が 現在の電路の輸送能力を2倍に増やし,110億立方メートルにするという 莫斯コは繰り返し主張してきた.
ロシアは,ワシントンのこの計画に対する強い反対は,単に経済的理由から進み,不公平な競争の例だと主張している.
"私はエネルギーが圧力をかける手段であってはならないと,消費者が供給を選択すべきだと,我々は同意すると思います"とロシアエネルギー大臣アレキサンダー・ノバクは9月にモスクワで米エネルギー大臣リック・ペリーと会談した後,述べた.
アメリカの立場は,この計画へのコミットメントを 確認したドイツから批判されています
ドイツの主要な産業団体であるドイツ産業連合 (BDI) は,EUの政策とベルリンとモスクワの双方向合意を 変えないよう米国に呼びかけています.
"我々のエネルギー源を外国の支配に 強い不満がある"とドイツ産業連合 (BDI) のディーター・ケンプフ会長は,最近ドイツ・メルケル首相とロシア・プーチン大統領との会合の後,語った.
2020年の大統領選を真剣に検討すると彼女は言う
マサチューセッツ州上院議員のエリザベス・ウォーレン氏は,土曜日に,中間選挙後,大統領候補を 真剣に検討すると述べた.
ウォーレン氏は,彼女は,マサチューセッツ州ホーリーオークの市民集会で 候補を考案することを確認した.
"女性たちがワシントンに来て,政府を整える時だ"と彼女は言った.
11月6日以降 私は大統領選を真剣に検討する
ウォーレン氏は会場でドナルド・トランプ大統領について語り,彼は国を間違った方向に導くと発言しました.
"ドナルド・トランプが民主主義に何をしているのか心配している"と彼女は言いました
ウォーレン氏はトランプ氏と最高裁に任命された 裁判官ブレット・カバノウ氏を批判した上で 容赦なく発言しています
金曜日にウォーレン氏はツイッターで "もちろん投票前に FBIに調査を依頼しなければならない"とコメントした.
しかし,木曜日に発表された世論調査によると,ウォーレンズ郡の有権者の大半は,彼女が2020年に出馬すべきではないと考えている.
マサチューセッツ州では,58%の有権者が 議員が候補をしないべきだと 答えています 選挙調査によると サフフーク大学政治研究センター/ボストン・グローブ
32%が彼女の候補を支持すると答えた.
投票結果では,元州長デヴァル・パトリックの候補がより支持され,38%が彼の候補を支持し,48%が反対した.
2020年の大統領選候補として議論された他の人気民主党人には,元副大統領ジョー・バイデンとバーモント州上院議員バーニー・サンダースも含まれています.
ビデンは1月に公式決定をすると発表した. Associated Pressの報道によると.
サラ・ペイリンがトランプ大統領選挙で トラック・ペイリンが 衝撃的な発言を
26歳のトラック・パリンは9月に入隊して1年間イラクにいました
逮捕され,自宅暴行で起訴されました
"息子は帰国した後に大変な状況にある. ショックを受け,兵士たちが帰国する精神的な傷を負っている他の家族と共に,私はいる"と彼女はオクラホマ州トゥルサでドナルド・トランプの選挙集会で語った.
ポールンは彼の逮捕を "部屋の象"と呼び "息子と他の戦士たちは ほんの少し違って帰ってくる"と語りました "彼らは頑固で 軍隊や空軍,他の軍団の仲間が 国のためにやったことを 尊重しているかどうか疑問に思っています"
彼は月曜日にアラスカ州ワシラで 逮捕され 女性に対する家庭内暴力 家庭内暴力の報告を妨害し 酒精中の銃を所持した罪で起訴されました
18州とワシントンD.C.が 難民政策への挑戦を支持
ギャングや家庭内暴力の被害者を 亡命させないという 政策に 法律上の挑戦を 支持する州は11州とワシントン州があります
18州と市の議員が 金曜日にワシントンD.C.に 司法報告書を提出し 政策に反対する難民を支援した.
連邦法に違反する 市民権連合の訴訟の 起訴者の名前は公表されていません
彼女は夫と暴力的な息子が ギャングの一員だったと訴えましたが 7月20日にアメリカ政府当局が 亡命申請を拒否しました
彼女はテキサス州で 拘束された
グレースの弁護団は,ギャングや家庭内暴力が 増加している地域として,エルサルバドル,ホンジュラス,グアテマラを挙げました.
新しい難民ガイドラインは 2014年に移民控訴委員会が 国内暴力から逃れた未登録移民に 難民申請を許可した判決を 撤回するものです
ワシントン州検事Karl Racineは 金曜日に声明を発表し ニュー・ポリシーは 連邦法や国際法に 何十年も続くことを無視していると述べた.
連邦法では,すべての申請の決定は 申請の事実と状況に基づいて行われることを要求しており,この方針は,この規則に違反しています"と裁判所の報告書は述べています.
弁護士はさらに,移民への入国拒否政策は米国経済に悪影響を及ぼし,移民が企業を立ち上げ,重要な労働力を提供する傾向があると報告した.
司法長官ジェフ・セッションズが 6月に 移民裁判官に 家庭内暴力やギャング暴力の 被害者を 庇護することを停止するよう命じました
"人種,宗教,国籍,社会集団への属性,政治観念を理由に迫害されたために故郷を離れた人は 難民申請できる"とセッションズは6月11日の政策発表で述べた.
医療は 世界中で日々 直面する 深刻な問題さえも 解決する手段ではありません
パルーで生存者を捜す急行救助隊 死者数は2倍になった
生き残る人にとって 状況はますます厳しいものになります
"気温は高まっている"と 35歳の母親のリサ・クスマは パルー市の救急センターで 病んでいる息子を慰めながら言いました
病院は死体を運ぶ
清潔な水はほとんどない.
住民は破壊された家に戻り 持ち物を水中に探して 発見したものを救おうとした.
数百人が負傷し 病院は 混雑し 被害を受けています 規模は7.5の地震で
背中や肩を骨折したドウィ・ハリスを含む負傷者の何人かは, パルーの軍用病院の外で横たわっていました.
彼は妻と娘と 5階のホテルの部屋を震災が襲った時のことを 涙を流して話しました
時間を無駄にしました
壁に押し上げられたと思います"とハリスは Associated Pressに語った.
助かりに叫んだ妻が聞こえたが 声は消えた
彼女と娘に何が起こったか 分からない
安全なことを願ってる
アメリカ大使館は中国を非難する 海外の報道で
中国政府の新聞が米国紙で4つの広告を掲載し,両国間の貿易の相互利益について議論した1週間後,米国大使は北京が米国メディアを利用して不正を広めていると非難した.
ドナルド・トランプ米大統領は,米国11月6日の議会選挙に中国が干渉しようとしていると非難した後に,この日,米国では,中国紙がニュースを掲載した.
トランプ氏の北京が米国議会選挙に介入しようとしたとの主張は,米国当局者がロイターに語ったことで,ワシントンが中国を圧迫する 拡大キャンペーンの一段階として宣伝されました.
外国政府が 貿易を促す広告を出すのは 普通のことですが 北京とワシントンは 貿易戦争が激化しつつあり 両国間の輸入品に 関税を課しています
中国と米国の専門家によると,貿易戦争初期に中国の報復関税は,トランプの共和党を支持するアイオワ州などの州に住む移民を傷つけるように設計された.
農業製品の輸出を中国に多くするアイオワ州長を務めたテリー・ブランスタッドは 北京がアメリカ労働者,農家,企業を傷つけたと訴えました
ブランスタッドは日曜新聞『Des Moines Register』の記事で"中国は我々の自由なメディアで 暴行を報道することで 迫害を拡大している"とコメントした.
"中国政府は,アメリカが愛している言論の自由と,アメリカの報道の自由を, 広めるために, 広告を掲載しています"と,ブランスタッド氏は記しています.
"反対に,北京の路上にある新聞棚には抗議の言葉がほとんどなく,中国共産党の支配下にあるメディアが中国経済政策を懸念する中,中国人の意見が異なるという事実が反映されていない"と書き込んだ.
彼はまた 中国最大の新聞の一つが 彼の記事を掲載する申し出を 拒否したことも付け加えましたが その新聞はどの新聞なのかは 明らかにしませんでした
専門家らは,共和党が女性投票者を 半期の選挙で 騙していると警告しています.
専門家たちは,特に女性の反応が 激しいことを警告しています. 共和党の多くの支持者が, 性的暴行の申し立てを 解決した最高裁に任命されたブレット・カヴァーナウを 支持しているからです.
この件で 強い感情が広がっており 共和党の多数派は 投票を開始したいと 公に表明しています
"この物には代わらない"と,シリア大学のマクスウェル・スクールで政治学教授であるグラント・リーラーは,土曜日に発表された記事でThe Hillに語った.
リーハーは,アリゾナ州共和党上院議員の ジェフ・フラークが FBIの調査を 激怒した有権者を冷静にするため 緊急に呼び出すことは 間違いだと主張した.
"女性は昨日起きたことを忘れない 明日も忘れない 11月も忘れない"と 自由団体の MoveOnの代表者 カリン・ジャン=ピエールは金曜日に語った.
金曜日の朝,抗議者たちは"11月が近づいてきた!"と叫んで参院の廊下を巡り 裁判委員会を統括する共和党が,カヴァナウ氏の指名に 賛成を表明した.
投票者の熱意と熱意は 圧倒的に高まるだろう"と独立の政治学者のStu Rothenbergはニュースサイトに語った.
熱意が上がったと言われますが それは本当です
しかし,特に女性投票者,特に郊外住民, 18-29歳の若い投票者,大統領を嫌がる,しかし投票しない人の割合は,もっと高いかもしれません.
分析者は共和党がカバナウを承認するよう 強く主張するならば 逆転を予想していました フォードの証言でも同様です フォードが性的暴行を申し立てたと
"共和党にとって大きな破局だ"と共和党全国委員会議員の元マイケル・スティルは先週NBCニュースに語った.
"問題は委員会投票や最終投票や カワナウが同席するかどうかだけでなく,共和党がどう対応したか,どう対応したかということでもある"と,民主党の選挙支援団体"プライアリティズ・アメリカ"のGuy Cecil氏は記者会見で語った.
しかし,アメリカ人はフォードとカバノウの証言で 誰が信じられるか 意見が分かれていて,圧倒的な多数が後者の意見を支持しているようです.
YouGovの最近の調査によると 41%の回答者が フォード氏の証言を 肯定的にまたはおそらく信じると答え 35%が カーナウ氏の証言を 肯定的にまたはおそらく信じていると答えています
さらに38%の回答者は カワナウが証言で 嘘をつく可能性が高いと 信じていると答えました
フレイクから電話を受けた FBIはフォード氏と 少なくとも2人の女性について調査中です
フォードは先週上院裁判官の証言で カバノウが17歳の時に彼女を襲ったと証言し 酒に酔っていたと証言しました
ラミレスによると カバノーは1990年代にイェール大学で パーティーに行った時に 彼女の前でオオスをしていたそうです
インターネットの発明者はGoogleとFacebookと競争するために 新しいインターネットを始める計画です
インターネットの発明者ティム・バーナーズ・リーが Facebook,Amazon,Googleと競争するスタートアップを設立する
テクノロジー大手の最新プロジェクトである Inruptは オープンソースのソフトウェアである Solidをベースに 開発されています
ユーザーが自分のデータがどこに保管されているか ユーザーがどの情報にアクセスできるかを 選択できるようにします
Fast Companyのインタビューで Berners-Leeは冗談で Inruptの目的は"宇宙の危機"だと言いました
今すぐやる必要がある"と彼は自動車会社について言いました.
史上最高の瞬間です
このアプリはSolidの技術を使用して,人々が独自の"個人データオンラインショップ"またはPODを作成できるようにします.
連絡先や予定表,カレンダー,音楽や その他の個人用や仕事用デバイスのリストがあります
Googleドライブ,Microsoft Outlook,Slack,Spotifyが ブラウザで同時に機能しているようなものです
個人データストアの特性は ユーザーがどの情報にアクセスできるかは 完全に決定することです
企業では"個人情報選択"と 呼んでいます
会社のCEOのジョン・ブルースによると,Inruptのアイデアは,Solidを誰もが利用できるようにするためのツール,プロセス,適切な知識を提供することです.
現在 会社にはバーナーズ・リー,IBMが買収した セキュリティエンジニアのブルース, プロジェクトに協力するプログラマーと ボランティア・プログラマがいます
この週から世界中の技術開発者は Inruptのウェブサイトで利用できるツールを使って 独自のアプリを作成できます
ベルナーズ・リー氏は,彼と彼のチームは,FacebookやGoogleとの交渉をすべきではないと述べました.
許可を頼む必要はない
ビジネス・エコシステムにエネルギーを与え,Solidで構築された新しいウェブの誠実さと品質を守ることを目的としている.
1994年にバーナーズ・リーが マサチューセッツ工科大学で 世界ウェブコンソーシアムを設立して インターネットを革命させたのです
ここ数ヶ月間,バーナーズ・リーはネットの公平性に関する議論の 影響力のある声になっています.
オープンデータ研究所のウェブ財団であるワールド・ワイド・ウェブ・コンソーシアムの 創設者兼社長として 続けます
"インターネットの次の時代には楽観的だ"とバーナーズ・リー氏は付け加えた.
バーナード・ヴァン: 司祭,第一次世界大戦のヴィクトリア・クロス受賞者
イギリスで唯一の牧師が ヴィクトリア十字を受賞した. 世界第一次世界大戦で, 100年後,故郷で,兵士として,
軍中尉のセラ・ベルナード・ヴァンは1918年9月29日にベルレングリスとレハウコートでの攻撃で十字軍勲章を受賞した.
しかし4日後に狙撃手によって殺害され 勲章が授与されたことは ありませんでした
2人の遺族が土曜日にノースアンプトンシャー郡ラッシュデンで 記念碑を立ち上げた
彼の孫の1人 マイケル・ヴァンは 記念碑が彼の祖父の記念碑から 100年正確に 開かれることは "素晴らしく象徴的"だと語りました
ロンドン・ガゼット紙によると,ヴァン少将は1918年9月29日に,彼の軍団を指揮し, 密度の高い霧の中, パラシュートと機関砲の激しい攻撃を受け,
後に彼は射撃線に走り込み 勇気を発揮して 隊列をリードし 仲間の一方のパラシュートに 攻撃し 3人の兵士を倒しました
軍曹は戦いの終わりに"ヶ月前だった1918年10月4日に ドイツの狙撃撃手に殺された.
72歳のマイケル・ヴァンは 祖父の英雄主義は "私が決してできないこと" "謙虚にさせるもの" と言いました
彼は兄弟であるジェームズ・ヴァン博士と共に ブレントウッド帝国青年バンドが率いた の後に花束を飾りました
マイケル・ヴァンは"この行進に参加できて光栄です"と語りました. "多くの人の支援によって,真のヒーローの才能が表れます"と付け加えました.
MMAファンは夜中 ベルラター 206を見に徹した
想像してみてください 夜中起きて ベラター206の 豪華な映像を 見ていたのに 主要な映像を見られませんでした
サンホーゼの戦いは13戦目で 6戦が主役で 全夜放送され イギリスのチャンネル5で放送された.
午前6時 ゲガード・ムーサシとロリー・マクドナルドが 戦う準備をしている間に イギリスの視聴者は 予想外に 番組が"豚の鳴き声"に 変わってしまいました
戦闘を見に徹した後,不満を抱いた人もいました
Twitterの"人のユーザーは 子どものための素材の使い方を"ジョークの病気"と表現しています
公式の規則では,朝6時には視聴者が視聴できないので,子供向けの番組に切り替わなければならなかった"とベラター通信副マーケティング担当担当者 デイブ・シュワルツは,番組に誘われた.
豚のゴミだ
ベルラターのCEOのスコット・コーカーは 予定を改め,将来はイギリス視聴者を考慮すると述べた.
復演を考えると 解決できると思う"とコーカーは言いました
しかし,ここでは日曜日の朝6時です. そして,私たちの時間では,月曜日になるまで,解決できません.
でも,我々はそれをやっている.
信じられないよ 放送が切れた時 メッセージが沢山送られてきました
解決しようとしていたのですが 技術的な問題だと考えました
しかしそうではなく 公的な問題でした
次は起こらないと約束する
普段の6戦ではなく5戦に絞りましたが 頑張って勝ったんです
運が悪かった
トム・ダレーは"性不平等"を感じる
オリンピックダイバーのトム・デイリーは 成長する頃は 人と向き合う機会が 欠けていたと語っていますが それが彼を成功させるきっかけでした
24歳のデイリーは 批判学校に通うまで 自分は"他者とは違う"と気づかなかったと語っています
ラジオ4の番組『Desert Island Discs』で,ローレン・ラバーンと出演したダリーは,他者に希望を与えるために同性愛者の権利について語ると述べた.
彼はまた,親としての役割がオリンピックに勝つという彼の興味を消したと言いました.
番組主催者のキルスティ・ヤングは 病気のため 数ヶ月休みを取っています
デイリーはラバーネの初回に出演し,彼が子供の頃は"男と女の両方から好きになるのは社会では受け入れられない"という理由で"他の誰よりも小さい"と感じたと述べた.
彼はこう言いました "今日まで 自分を無価値だと思い 違っているという感覚は 私に力を与え 成功させる力を与えてくれました"
性的傾向が明らかになったとき 失望させないように 証明したいと願ったそうです
双子のオリンピック銅メダルはLGBTの支持者として活躍し,オーストラリアの連邦大会での参加をきっかけに,同性愛合法化を求める国々に呼びかけました
罰を受けずに 公然と生きられるのは 幸運だと感じて 他人に希望を与えたいと 願っていたそうです
3連覇の選手は2013年に初めて出会ったアメリカ映画監督ダスティン・ランス・ブラックに恋に落ちたことを驚きだと語った.
ダレーは昨年 20歳年上のオスカー受賞者と 結婚しましたが 年齢の違いが問題ではなかったと 言いました
"若い時にこんなことを経験する"― 14歳で初オリンピックに出場し 3年後に父親が癌で亡くなり― 同年代の同級生が 同じような成功と困難を経験するのは 難しいと彼は言いました
6月に息子を養子にした ロバート・レイ・ブラック・ダレーは ダレーの意見が 完全に変わりました
"昨年の僕に聞けば 金メダルを勝ち取る事だ"
オリンピックで金メダルより重要なことがたくさんある
ロビーは私のオリンピックの金メダルです.
息子は 2011年に40歳で脳がんで亡くなった父親のロバートに 頭を捧げています
デイリーは父親が死ぬことに 納得できなかったと答えました そして彼が最後に尋ねたのは 2012年のロンドン大会の チケットがもらえたかどうかでした
"前列に座るほど長生きしない"と彼に伝えられなかった
息が止まると私は彼の手を握り 息が止まって死んだときまで 私は彼が勝てないと 認めなかった"
翌年,デイリーは2012年のオリンピックに出場し 銅メダルを獲得した.
"私はずっと夢見てきたことだけを知っていました オリンピックのホームスタジアムで観客の前で 飛び込むこと"
初の曲"Proud"のヒエザー・スモールが オリンピックのインスピレーションとなり をかいた曲でした
砂漠島ディスクは BBCラジオ4で放送されます.
レイダーカップのベンチに座って死去
アメリカ人フィル・ミッケルソンは 記録を記録する 記録を記録する 記録を記録する 記録を記録する
ミケルソンは12回目で 競技場から離れる予定で 審判のジム・フューリックの決定により 競技場から離れる予定です
アメリカがこれまで何度もしてきたように ハザーの中心ではなく 5連覇の選手は 試合を直すため 試合場で 練習をしたり 試合を直すため 練習をしたりします
48歳のミケルソンは 直接射撃した選手ではありませんし レー・ゴルフ・ナショナル・ゴルフコースの 優秀な選手でもありません 悪いショットで 罰を受けるのはよくあります
ゴルフ場自体は 挑戦的なだけでなく ミッケルソンは日曜日の9試合目で イギリスオープン優勝のフランシス・モリナリと 戦うことになるでしょう モリナリとトミー・フリートウッドは 4試合とも優勝している
アメリカは12試合目で4点落下し 試合が順調に始まれば ミッケルソンの試合は 決勝戦になるかもしれない
フォリュックは夫に信頼を表明したが,それ以外はほとんど言えなかった.
彼は今日果たすべき役割を完全に理解し,私の背中を叩き,私を抱きしめて 明日準備ができると言った",とフューリックは言った.
彼は自信が溢れている.
彼はホール・オブ・フォースで チームに大きな貢献をしてきました
2試合も 予想していなかった
想像していたより多く,しかし,それは終わった,そして我々は,この道を行く必要があると考えた.
彼は,他の誰よりも外に出たい.
ミッケルソンは日曜日にRyder Cupで ニック・ファルドの記録を 破る
これはライダーカップの 終焉を告げるかもしれない 彼の記録上の2つの記録に 匹敵する記録はない
ミケルソンは18勝20敗7敗を記録しているが フーリクは彼の存在がチームに 明らかに影響を与えていると言った
笑いが気になる 冷たい顔で 熱い人で 笑いを浮かべてくれるのが好きで チームルームにいてくれて嬉しい"と説明しました
少年たちは今週も彼を 楽しませてくれたと思うし 楽しかった
彼はゴルフ以上のことを教えてくれる
トーマス・ビヨーン,欧州のリーダー 進歩はすぐに消える
欧州の代表トーマス・ビヨンは 経験から知っているが ライダーカップの最終日までの 勝負は 簡単に不快な経験に変わる.
デンマーク人は1997年にバルデラマで初戦を行った. フォロワーセヴェ・バルレステロスの指揮下にあるチームはアメリカ人を5点上回っていたが, 141⁄2-131⁄2の勝利で最短のスコアで勝利を収めた.
"バルデラマでは大きなリードだったし ブルックリンでは負け,バルデラマでは勝利したけど,ただただただ"と 2018年の5勝3敗を目にしてきたBjornは言いました.
この話は 私とチーム全員に 終わってないことを示してくれる
明日,全員で出場する
行って,正しいことをしよう.
テーブルに全てのレベルが表示されるまで 終わらない
目標があるんだ 優勝を目指すんだ
いつもこう言っていますが 私はチーム12人だけに集中していますが 反対側のチームには 世界最高のゴルファーがいるのです
選手たちの厳しい場での対応に満足したビヨンはこう付け加えた: "この点では決して自分より前には行かない.
明日は,すべては違う.
明日は個人の業績が重要で それは別の問題です
仲間と一緒に遊ぶのは素晴らしいことですが ひとりで遊ぶのは ゴルフの能力が試されるものです
明日選手たちに 伝えたいのは 明日選手に 最高の成績をあげることです
今,あなたは仲間を残す そして彼は自分の最高のゲームもプレイする必要があります.
ビョーンとは異なり,彼の親父ジム・フューリックは,彼の選手がチームよりも個別試合で勝っているように努める.
ブルックリンで勝利を収めたが,ヨーロッパがメディーナで奇跡を成し遂げた時,敗れた.
"私は全ての言葉を覚えている"と答えました 1999年に亡くなったベン・クレンスハウが 選手を最後の日に 押し進めた時のことを
明日は12試合が決まるが ブルックリンやメディナで起きたように 早くスタートしたい
成長するにつれて プレッシャーはゲームの中心部に広がります
選手を順番に並べて 明日一番いいと思うように プレーさせました
トーマスは,最初の試合でロリー・マクイルロイと戦って,最初の試合でポール・ケイシー,ジャスティン・ローズ,ジョン・ラーム,トミー・フリートウッド,イアン・ポウルターと戦って,ヨーロッパ選手としてプレーする.
私は,この順番にこれらの選手を選んだ. 彼らはすべてカバーしていると思うから.
ドイツの新戦艦が再び遅延
ドイツ海軍最新艦は2014年に建設され 旧冷戦時代の艦船を 置き換えることになっていたが, システム障害と高騰するコストにより 来年1月まで完成しないと 現地の報道によると.
Baden-Wuerttemberg級の新艦の船長である"Rheinland-Pfalz"の建造は 2019年上半期まで延期されたと 海軍報道官は Die Zeit紙に語った.
艦隊は2014年に海軍に投入される予定でしたが 発注後深刻な問題が プロジェクトを妨害しました
2007年に海軍から注文された4隻のバデン・ワルテンベルグ級艦は,年老いたブレメン級艦を代替する.
強力なパラシュート,多発の防空ミサイル,艦これの防空ミサイル, 戦闘機, 低周波のレーダー,赤外線,音響装置を備える必要がある.
更に重要な特徴は,より長い使用寿命です. 最新の船は,故郷の港から2年ほど遠ざけられるはずです.
しかし,この最新型の艦隊は,ドイツが海上での力を発揮できるという噂が続いています.
F125戦艦は昨年 ニュースになった. ドイツ軍は公式に 逃亡者を受け入れることを拒否し,
海軍は初めて 納品後に船を製造元に返却しました
離婚の理由はほとんど知られていなかったが,ドイツのメディアは,多くの女性が ソフトウェアや機械に重症で,戦艦を戦場に送る場合は役に立たないと語っていた.
ソフトウェアのギャルは特に重要だった. バルテムバーグ級の艦は120人の乗組員によって操縦される.これはブレメン級の艦の半分に満たない.
また,船の重さは 徐々に減り,艦の性能が低下し,将来 艦隊の補修能力も 低下していることが分かりました
7000トン重の海水艦は,第二次世界大戦でドイツが使用した類似の級の艦の2倍だと考えられています.
機械の欠陥に加えて プロジェクト全体のコスト - 訓練も含めて - が問題になり始めています
計310億ユーロ (3.6億ドル) に達したと伝えられ,当初は220億ユーロだった.
最新の艦隊を苦しめる問題は 特に重要なことであり ドイツの海上優勢が減少するとの警告を 伴っている.
今年初めに,ドイツ議会の防衛委員会長のハンズ・ピーター・バートルズは 海兵隊は実際に 艦隊の艦隊として機能していると認めた.
代表は,老廃船が退役して 代わる船が来ないので,この問題は時間とともに解決したと述べた.
彼は,バデン・ワルテンベルク軍の命令が 海軍の使用に利用できないことを嘆いた.
保護団体 皮の秘密の生活をスパイ
スコットランド半島の田舎で 新たに研究されたのは 皮の塊が 餌のために 土地を利用する方法を 調べることです
この発見は 鳥類類類の行動に 新たな光を当て 将来の保護活動に 役立つと期待されています
この研究はスコットランド国立自然保護協会の 研究者によって行われ ウェスター・ロスにあるインヴェルウェーの庭園で 異なる種類の皮のブロックを観察します
特別記録装置が 地域の主要地点に設置され 季節的に皮の表情を監視します
医療機関やボランティアも 手持ちセンサーで 監視を行います
専門家は全ての録音を分析して 鳴き声の頻度や 皮膚のブロックの分泌量 どの種が何をしているのかを 調べます
地域規模での行動の詳細な画像を 作成するために 居住地地図と報告が 発行されます
NTSの野生生物保護顧問である ロブ・デワールは この結果によって どの種の生息地が 皮肉類にとって 最も重要で どの種が どのように利用されているかを 明らかにできると考えています
この情報は,生息地の管理のコストを決定するのに役立ちます. 例えば,を作ること,そして,レザーブロックや他の関連種のための森林管理の最良の方法.
スコットランドやイギリスでは 皮膚の塊が 過去100年に大幅に減少しています
巣を荒らし 住居を減少させる 建設や開発が 脅威となっています
風力や光も危険です 飛行機の紙や建築物の化学処理や 猫の攻撃も危険です
皮の塊は盲目ではありません
しかし,夜に捕獲する習慣があるため,目よりも耳の方がはるかに役立ちます.
岩石分析技術を使って 昆虫や物体を探します
国の歴史上の建物の270棟, 38の公園, 7万6000ヘクタールの土地を 管理するNTSは,真皮ブロックを非常に真剣に受け止めている.
組織には10人の専門家がいて 定期的な検査や 群れの調査や 時折救助活動も行っています
協会はスコットランド初の唯一の 草原を 設立しました スコットランドの10種の草原のうち8種が 住んでるダンフリーズとガロウェイの ザ・トレイブ農園です
農園の監督者のデイヴィッド・トンプソンは 農園は理想的な場所だと考えています
"スリーブ周辺は 革ブロックの植え付けに適した場所だ"
古い建物,多くの木々,そして多くの良い住居があります.
しかし 革ブロックについては まだ多くのことが分かっていませんので ここや他の場所で 解明できるのは 洗浄に必要なものなのです
飼育場での整備前に 皮のブロックをチェックすることが重要だと強調しました 巣の1つを無意識に破壊すると 400匹の雌性および幼生皮が死に 地域のすべての皮のブロックが死亡します
保護されているので 殺害したり 攻撃したり 邪魔したり 巣を破壊したりすることは禁じられています
スコットランドでバット保護団体 (Bat Conservation Trust) の代表であるエリザベス・フェーレルは 市民に助けを求めています
"まだ多くのことが学ばれていないし どれだけ多くの種がうまくいくのか分からない"
レイプの申し立てを否定するロナウドの弁護士は ドイツの雑誌を訴える
クリスティアーノ・ロナウドは,強姦の申し立てを"偽ニュース"と呼び,彼の名前を使って"注目を集める"という.
彼の弁護士は,この非難を報道したドイツ新聞『Der Spiegel』を訴える予定だ.
ポルトガル・ユヴェンツスの前衛は 2009年にラスベガスホテルで アメリカ人女性カトリーン・マヨルガを強姦したとして起訴されました
事件について黙っていたため 375,000ドルを支払ったと報じられている.
投稿された数時間後,33歳のロナウドは142百万のフォロワーにインスタグラムライブで 偽ニュースだと伝えた.
違う 違う 違う
"今日言ったことは偽ニュースだ"と5度目の世界選手はカメラに言いました
この人たちは私の名前を使って 注目したいのです
普通のことです
私の名前を使って有名になりたいけど それは仕事の一部だ
私は幸せで,すべて大丈夫です"と選手は笑顔で付け加えた.
ロナウドの弁護士は,ドー・スピーゲル紙に"プライバシーに関する疑惑の不当な公開"と非難した訴訟を 準備しているとロイター報道機関が報じた.
弁護士のクリスチャン・シュェルツは,ロナウドが"過去数年の最も重大な個人権侵害"である"犯罪の重さ"に相当する罰金を要求すると述べた.
この事件は2009年6月に プラムズホテル・カジノの スーツケースで 起きたとされています
クラブで出会った後 ローナウドとマイオルガは ローナウドの部屋に戻り ローナウドが彼女を に強姦したと 文書によると
ローナウドは"99%の善良な人間"と訴えた. 誘惑に屈したのは"%だった.
文書によると ローナウドはカップルの性行為に同意したものの 双方とも同意した
マヨルガは警察に連絡し,病院で自分の行動の写真を撮らせたが,結局は裁判外での和解を認めた.
事件の衝撃を受け 休止を決意したそうです
レイプが起きたと伝えられた時,ロナウドはマンチェスター・ユナイテッドからレアル・マドリードに 移籍寸前だった. そして,夏にはイタリアの巨人ユヴェに 移籍し,1億ユーロの契約を締結した.
ブレグジット:イギリスは自動車メーカーを永遠に失う
英国が"英国が"脱欧後,自動車業界における世界リーダーとしての地位を失えば,永遠に"見捨てられる"と,グレッグ・クラーク貿易大臣は言う.
彼は"Toyota UKがBBCに,英国がEUを離脱すれば,契約なしでは,ダービーの近くのバーナストン工場で一時的な生産を停止すると伝えたことは,非常に懸念すべきことだ"と付け加えた.
"我々は契約が必要だ"とクラーク氏は言った.
自動車メーカーが"合意なしのブレグジットで 国境の損失がもたらす影響は 雇用損失になる"と警告した.
トヨタ・オーリスとアベンシス自動車を製造するバーナストン工場は,昨年15万台近くを生産し,その90%が欧州連合の他の国へ輸出された.
"英国がEUを離脱すれば,3月末には工場に生産台が設置されるだろう"と,トヨタ社のバーナストン・CEOのマービン・クックは言いました.
他の英国自動車メーカーは,EU離脱が合意なしに行われるという懸念を表明しており,ホンダ,BMW,ジャガーランドローバーもそうである.
例えばBMWは,ブレグジット後"ヶ月以内にオックスフォードのミニ工場を閉鎖すると述べている.
自動車メーカーの懸念は 合意なしの離脱が現実になれば チェーンリスクが 引き起こされると言われています
トヨタの生産ラインは"最後の瞬間"の受注に基づいています. 注文製造の車では,部品は英国とEUの両国のストアから37分ごとに配達されます.
3月29日にEUを離脱しても 合意なしには 国境の混乱が起こり 業界は 供給不足や 供給不足を招く可能性があると 考えている
トヨタは,そのダービシャーの工場で"日以上の生産を可能にしてはなりません.
国境に関するこうした見方を防ぐために 特にお旨に策定されたTheresa Mayの Chequers Plan for Future Relationship with the EUを掲げていると,Mr. Clark氏は述べた.
我々は取引が必要です.我々は最高の取引を得たいのです. それは,私たちが今成功するだけでなく,利用できる機会として,我々を可能にします.
実験データから,トヨタだけでなく,他のメーカーも, 極めて効果的なリサイクル方法で 進めなければならないことを示しています.
トヨタは,生産がいつまで停止するかは言えなかったが,長期的にはコスト上昇が工場の競争力を低下させ,最終的には雇用を削減すると警告した.
工場の労働組合の信徒である24年労働者のピーター・ツワワリスは 従業員の不安が 増えていると語りました "私の経験では 職がなくなれば 戻らない"
政府の広報担当者はこう言いました "我々はEUとの将来の関係を詳細で包括的な計画で示した"
トランプとロゼンシュタインの交渉は 再び延期されるかもしれないと ホワイトハウスは言う
ホワイトハウスは日曜日に,ドナルド・トランプと ロッド・ロゼンスタインの重要な会合を "週間の間に延期"すると発表しました.
ロゼンシュタインは,選挙におけるロシアの不正, トランプ大統領とロシアの間の関係, そして,大統領の正当な行動への 妨害を調査する,
ワシントンでは数週間前から トランプが副検察官を 解雇するのではないかと噂されていて ミュラー氏の独立は 脅かされている.
この月初めにニューヨーク・タイムズ紙は ロゼンスタインがトランプ氏との会話の録音装置を 持っていくことを議論したと報じました そして憲法25条で 大統領を退任させる可能性を 議論しました
ロゼンスタインはこれらの主張を否定した.
しかし,先月,彼はホワイトハウスを訪れた. 辞任を計画しているとの知らせの中で.
その代わりにトランプ氏との会合が発表されましたが 彼はニューヨークの国連で
トランプ大統領はロゼンシュタインを 解雇することを望まないと述べたが 議事会は議事堂司法委員会で開かれる 審理の際には 開催されなかったため 延期された.
金曜日にトランプ大統領は FBIの調査を命じました 連邦議会の投票はさらに遅れました
サラ・サンダー,トランプの広報担当者, フォックス・ニュース・サンデーで放送されました.
ローゼンスタインとの会合について尋ねられた時 彼女はこう言いました "まだ予定はないが 今週になるかもしれない
メディアに知らせるのも 嬉しいです
報道関係者は,Sandersが9月10日以降ホワイトハウスで記者会見をしていないという 意見に異議を唱えている.
番組監督のクリス・ウォレスが なぜそうなったのか尋ねました
サンドースは,少数の会議はテレビ記者が"視覚性"を持っていることに不満があるからではないと述べたが,彼女は"彼らが視覚性を持っていることに同意している"と述べた.
直接的な関係が拡大する兆候を示した.
大統領はこれまでどの大統領よりも多くのメディアの質問に答えています"と彼女は語った.
メディアは大統領に直接質問する機会があれば 私に話すよりもずっと良いでしょう"
ここ数週間で多くのことを行っています 報道会議を代替して 大統領と話すことができます
トランプはホワイトハウスを出て行けば質問に答えるり,訪問する他の指導者との公聴会や記者会見に参加する.
彼とメディアでの対談は稀だ
大統領は今週ニューヨークで 記者団の前で 恥ずかしながらも 時には奇妙な態度をとった
保健大臣は,EUのスコットランド保健医療機関に手紙を書いて,
保健大臣はスコットランド国立衛生局 (NHS Scotland) に勤務するEU職員に手紙を書いて,国民の感謝を述べ,英国離脱後も継続してほしいと願っています.
ジューン・フリーマンは6ヶ月以内に英国がEUを離脱する時に手紙を送った.
スコットランド政府は既に公務員として働くEU国民に対する 労働許可申請費用の負担を約束しています
フリーマン氏は手紙で"この夏,EUと英国との脱欧交渉が続い,秋に決定が期待されている.
イギリス政府は,合意が成立しない場合の準備も行っています.
皆さんのため 非常な不確実な時期です
だから,私は,どんな国籍であれ,すべての従業員の仕事を,どれほど評価しているか,改めて強調したいと思います.
EUや海外のパートナーが 重要な経験と知識を持ち込み 医療の強化と改善に貢献し 患者やコミュニティの利益にも貢献します
スコットランドは本当にあなたの家です そして私たちはあなたがここにいることをとても望んでいます
クリスティーン・アバークロンビーは 頭痛で 緊急手術を受けました
テネシー州立タイガースの ラインナップ選手のクリスティアン・アバークロンビーは 31-27で敗れた ヴァンダービルト・コモドレスで 頭部を傷つけ 緊急手術を受けています
テネシー州立大学のロッド・リード校長が 半日前には 衝撃が大きくなると記者団に語った.
"彼は横線にやってきて 倒れた"
コーチと医療従事者が 横線でアバクロンビーを酸素で 治癒させました
テネシー州立大学院の 代表者 クリス・ハリスは ナッシュビルWSMVの 放送局に アバークロンビーの手術を ヴァンダービルト病院で 完了したと伝えた.
ハリスは,事故の種類や重さについてはまだ多くの情報が得られず,テネシー州は事故の時期を把握しようとしていると付け加えた.
アバークロンビーは高校の最終年生で テキサス州立大学から 移籍した後の テネシー州立大学で
退場前は5回でした 合計18回でした
外国からの購入者は,イギリスで不動産を購入する際,高額な手数料を請求される.
海外の買い手は イギリスの不動産を購入する際の 優待料を高く引き上げられ 余分な資金はホームレス支援に 使われる
行動は,若い有権者を誘うためのコービン氏のキャンペーンを無効にする
税金を払わない人は 増税される
連邦は年収1億2千万ポンドを 提供する予定です
外国からの購入者は 英国で不動産を購入する際の 優待料を上げます 収入はホームレス支援に 使われる予定です
この動きは,ジェレミー・コービンの若者を誘うキャンペーンを 低価格の住宅と高所得者への税金で 失敗させようとする試みだと考えられます
税金を払わない個人や企業は 高い報酬を支払う必要があり 余分な金はホームレス支援のための政府の活動に 使われるでしょう
この増加は,現在の給与額に加え,2年前に追加住宅や賃貸住宅の賃上げを計上すると,最大3%になる可能性があります.
政府の予測では 年間12000万ポンドの 収入を得られるでしょう
ロンドンの新築住宅の13%が 外国から購入されていると推定されていますが これは物価上昇を引き起こし 初めて不動産を購入する人の市場への参入を困難にします
首都の多くの経済地域は 海外で過ごす外国人買い手の数で "ゴーストタウン"になっています
この新しい政策は ボリス・ジョンソン氏が 助成金削減を呼びかけ 数週間後になっており より多くの若者が 最初の家を手に入れるようにするためです
彼は大手建設業者が土地を購入して高額に不動産価格を上げていると非難し,英国"住宅赤字"を解決するために,マイの安価住宅の配当を廃止するよう促した.
コービン氏は住宅改革を 発表しました 住宅賃貸制度や 住宅賃貸の撤去などです
また,新しい家を建てる権限を 議会に与えたいと考えています
テレサ・メイはこう言いました "去年 私は最初の任期に 自身の生涯を 英国の夢を 復活させることに捧げると言いました "新しい世代がより良い生活を送るべきだ"
住宅市場を修復するのも必要です
イギリスの門は,ここに住み,働いて,人生を築きたい人にとって, 常に開かれています.
しかし,外国人が,海外に本社を置く企業に,イギリス人のように簡単に家を買うことは,正しくありません.
多くの人にとって 自宅の夢は遥か遠くなり ホームレスの恥は現実のものになりつつあります
ジャック・ロス: "私の最大の目標はスコットランドを訓練すること"
サンドルランドの監督ジャック・ロス氏は "いつかスコットランド代表の監督になるのが私の"最高の目標"だと語っています
42歳のスコットランド選手は 挑戦を受け リーグ3位にランクインした ノース・イーストに 新鮮な足球を送る
彼はサンダーランドに引っ越した. 彼はサンダーランドに引っ越した.
選手として国のためにプレーしたいと思いました
膝の怪我をすると,終わりだ"とロスはBBCスコットランドのスポーツサウンドに語った.
でも私は子供の頃 父と一緒に ハンプデンでスコットランドを見ていました いつも引き寄せられたものがあります
でも,その機会は,チームをうまく訓練すればしか得られない.
サンドルランドの前任監督はディック・アドボカート,デヴィッド・モイエス,サム・アラディース,マーティン・オ・ニール,ロイ・キーネ,ガス・ポエット,パウロ・ディ・キャニオなど.
アロア・アスレティック・クラブの元監督は 偉大なクラブで有名な名声を 追うことを恐れていないと言いましたが 彼は以前 バーンズリーとイプスwichタウンで コーチングの仕事を断っていました
とにかく,私は,このクラブをリーグに戻せるか,という考えで,自分の成功を測るつもりです.
"このクラブはプレミアリーグで2度目のホームだ" "構造と施設のせいで"
簡単に彼を引き出すことはできませんが クラブに戻れば ここでの成功だと 思うかもしれません
ロスは3年しかコーチング経験がない. ダンバートンで1年,そしてハーツのチームで15ヶ月.
彼はアルロアがサードリーグに転落した状態から回復するのを助け,後期にリーグに転落したセントミレンをリーグチャンピオンに変えた.
ロスは今,自分が クライド,ハートルプール,ファルキーク,セントミラーン,ハミルトン・アカデミカルでプレーしたときに 感じたよりも自信があると言います
"それはおそらく本当のタイムマシンだった"と彼はアルロアのコーチになった時のことを語ります
コーチングは私にとって 適当だと確信していました プレーよりも
奇妙なことに 私はとても成功していました 収入もかなりありました
でも 変化は難しいかもしれません
週に1回 沢山の事を経験する
仕事のストレスやプレッシャーは まだ続いていますが コーチングは私にとって ぴったりだと思います
私はいつもトレーニングをしたいと願っていました そして今 私はトレーニングをしていて 成人した生涯の中で 自分を良く感じたことはありません
9月30日 (日) のSportsoundの番組で インタビューを視聴できます
投票によると,ビールが飲める最高の時間とは 土曜日の5時半です
この夏の熱波は,英国でバジルの富裕層を 脅かしている一方で,レストランチェーンに 圧力をかけています.
パブやバーの営業は7月に2.7%増加しましたが レストランの営業は4.8%減少しました
ビジネスコンサルティング会社CGAのピーター・マーティン氏は 統計をまとめました "日差しが続くことと イングランドがワールドカップで予想外の成功を収めたことにより 7月は6月のようなパターンで バーサロは2.8%上昇しましたが レストランの売上げはさらに下がりました
6月にレストランの販売は1.8%減り 7月に再び悪化しました
酒屋やバーは 酒類を販売する店で 酒屋やバーは 酒屋が売れ始め 酒屋が売れ始め 酒屋が売れ始め 酒屋が売れ始め 酒屋が売れ始め 酒屋が売れ始め 酒屋が売れ始め 酒屋が売れ始め 酒屋が売れ始め 酒屋が売れ始め 酒屋が売れ始め 酒屋が売れ始め 酒屋が売れ始め 酒屋が売れ始め 酒屋が売れ始め 酒屋が売れ始め 酒屋が売れ始め 酒屋が売れ始め 酒屋が売れ始め 酒屋が売れ始め 酒屋が売れ始め 酒屋が売れ始め 酒屋が売れ始め 酒屋が売れ始め 酒屋が売れ始め 酒屋が売れ始め 酒屋が売れ始め 酒屋が売れ始め
飲食店は太陽に晒されても 焼却はあまりなかった
飲みに行くだけだったようです.
パブやバーの飲み物販売は前月比6.6%増加しましたが 飲食販売は3%減少しました
RSMのポール・ニューマン氏はこう述べています "この結果は4月末以来の動きを 延ばしている"
重要な社会イベントやスポーツイベントの影響や天気も 市場外での販売の最大の要因です
驚くことではありませんが 営業コストの上昇に伴い 営業額が月間4.8%低下するのは 厳しいものです
熱い夏は食堂にとって 悪い時期ではないでしょう 8月のような温度の上昇が 改善するかどうかを 明らかにする時間があります
パブやレストランの売上高は 7月新設店を算出すると 2.7パーセント増加しました.
Coffer Peach Trackerは イギリスのパブ・レストラン・業界を監視する会社で 47の事業団体からデータを収集し分析しています 合計で9億ドルをかけて 業界基準となっています
5人に1人の子どもが 親から隠す秘密のソーシャルメディアアカウントを持っています
11歳未満の5人に"人の子どもが 親や教師から隠す秘密のソーシャルメディアアカウントを持っていると 調査結果が示しています
学生2万人を対象とした調査で オンラインのインスタページの利用率が増加したことが示されました
ニュースで セクシュアルなコンテンツが 公開されるという懸念が高まりました
両親に示した口座を
11歳未満の5人に"人は 秘密のソーシャルメディアアカウントを 作成しています
学生20,000人を対象とした調査で,Instagramのアカウントの"%"が急増したことが示されました.
ニュースで話題になっているのは セクシュアルなコンテンツの公開です
学生の20%は 両親に示すための 清潔な口座と 秘密の口座も持っていたと答えました
13歳の娘の秘密のウェブサイトを 覗いてみると 少女が他の少女を レイプに誘うのを 見つけました
デジタルアワーネス・UKと HMCの調査によると 11歳から18歳の子供たちの40%が 2つのアカウントを所有しており 半分は秘密のアカウントを持っていると認めています
HMCのMike Buchanan会長はこう言いました "多くの若者が親や教師が見つけられないような オンライン環境を作り出そうとするのは 憂鬱なことなのです"
エイリッド・ドイルが スコットランド陸上競技委員会で 選手たちの声になる
エイリッド・ドイルが スコットランド陸上委員会に 選出されました 理事長として
ドイルはスコットランドで最も成功した女子スポーツ選手で 委員会委員長イアン・ビティは この指名がスポーツのリーダーにとって 過去10年間の国際経験から 恩恵を受ける素晴らしい機会だと述べた
Eilidhはスコットランドや英国や国際スポーツ界で尊敬されているし,委員会に選ばれたらスコットランドのスポーツが大きな利益を得ると確信している"と Beattieは言いました.
ドイルはこう言いました "スポーツ選手の立場を代表して話すことに 熱心でいて, スコットランドでスポーツを前進させるために 貢献できることを願っています"
1996年のアトランタオリンピックで2200メートルと400メートルで優勝したアメリカ人は 4つのオリンピックメダルを獲得し,現在BBCの定期ゲストです.
""ヶ月前に脳卒中を起こした.
歩けなかった
医者は私の回復が どれだけなのか 時間が決めるだろうと言いました
苦労したけど 完全に回復し 歩き直し 今日も運動を始めました
励ましの言葉ありがとうございました
母乳ポンプと牛を比較した広告が ネットで論争を巻き起こした
乳房ポンプの製造会社は 乳母と乳母牛の広告で ネット上で話題になっています
エルヴィー社は"世界初の音響式外用式乳房ポンプ"と称されるものを宣伝する広告を 制作しました 音楽映画をモチーフにして この新しい乳房ポンプが乳児を産む母親たちに与える自由を 描写しています
4人の実身の母親が とで満たされた箱の中で踊りながら 歌っています テーブルの上には "私はミルクを飲んでいますが 毛がないんです" "気づかなかったら 牛乳ではなく 胸です"
添付紙はこう続けます "ポンプ,ポンプ,子供たちに餌をあげよう ポンプ,ポンプ,クリスマスからミルクを汲み上げよう"
しかし,Facebookの広告はネット上で話題になりました.
ビデオには77,000のビューと数百のコメントがあり,視聴者の反応は相違しており,多くの視聴者は"牛乳産業の騒動"に 気づいてしまったと語っています.
牛を使ってこの商品を宣伝するのは 本当に悪い決断です
"牛乳を産むために 牛乳を産む必要がある"と記されている. "牛乳は産まれてから数日後に取り去られる"と記されている.
胸パックが胸支架に ぴったりと収まる (Elvie/Mother)
別の視聴者は"母親と子供にとって とても辛い"と書いた.
でも,なぜ赤ちゃんを抱える母親のための 胸パンの広告に使うのか?
もう"人は"この広告は時代遅れだ"と付け加えた.
広告の反対に 反対派もいたし ある女性は"この曲は 味い"と認めた.
素晴らしいアイデアだと思います
胸に赤ちゃんを 抱いていたらこんなものを買っていた
牛のように牛乳を抽出した気分でした
広告はちょっと変だけど 通り通りにしてみた
"これはすごい作品だ"と観客の1人が書いた.
"これは楽しい広告で 母乳を抽出する母親に 向けられているんです (職場やトイレの中でも) "
これは乳業を称賛したり 非難したりする広告ではありません
広告の最後に 女性は皆 胸蓋に胸パンを巻いて踊っているのが分かります
この広告の背景にあるのは 多くの女性が乳を抽出すると 腹がすくむような気分になるというものです
胸にぴったりと 収められていて 女性の動きや赤ちゃんの抱きしめや 放り出さえできます
マザー社の共同経営者兼社長 アナ・バラーンは"エルヴィーのポンプは 革命的な製品で 注目すべき宣伝を すべきだ"と語りました
女性を牛と比べることで 胸パンの課題を 強調し 新しい胸パンが どんなに自由になるのか 楽しく わかりやすく見せたいと思いました
エルヴィーのポンプがニュースになったのは初めてじゃない
ロンドンファッションウィークでは 2人の母親が デザイナーマータ・ジャクボウスキーさんの ファッションショーに出席し 服を着ていました
移民の何百人も 静かにテキサス国境のキャンプに移動
移民の子どもたちの数は 急激に増加しています 国境を越えて月ごとに渡る子供たちの数は わずかに変わっていませんが その理由の一つは トランプ政権の厳しい政策や政策が 児童の受容を難しくしているからです
養子縁組の親は通常 国内での滞在を危険にさらす恐れで 登録されていない移民で 養子縁組を申し出ています
6月に 政府の発表により リスクは高まりました 代理人親や家庭内の人には 指紋を押さえて 移民局に届けると言われました
先週,移民局の マシュー・アルベンツ長官が上院で証言したところ, 独身子育ての申請者を 逮捕したそうです.
逮捕された人の70%は 起訴されていないと 後に確認されました
養子や養子縁組の親の80%近くは 違法入国者で 多くは不法移民で 犯罪歴があります
"我々はその人達の捜索を続けます"とアルベンツ氏は言いました
保護者の関係者によると,保護者の保護者らは,保護者の保護を60日以内に制限し,保護者の保護を1ヶ月以内に要求する新しい規則を発表した.
移民裁判官の前に 立ち向かうために ビデオ会議を介して 直接ではなく 法的立場を主張します
国内に入国できないと判断された子どもたちは すぐには国外に送られ
保護者の報告によると 保護者の長期間滞在により 子どもの不安や鬱は増加し 暴力や逃亡傾向が 引き起こされる可能性があります
支援者はこう言いました "トーニッロのような大きな施設では この問題の方が多いでしょう 子供が困っているのに 誰も気づかないでしょう
精神的準備や友人に別れを告げることなどせずに 子どもの住居を 移転させることは 今も多くの子どもたちが 苦しんでいる ショックを 加えることになると 付け加えたのです
シリアはアメリカ,フランス,トルコの チームを撤退させる
シリアの外交大臣のウリド・アル・ムアレムも 国連総会演説で シリアの難民は 国内で戦争が8年째 始まっているにもかかわらず 家に帰るべきだと述べた.
また副首相を務めるムアレムは,外国軍がシリアに不法に駐留しており,彼らはテロリストと戦っているという偽りの前提で,それに従って扱われるだろうと述べた.
議会に訴えた"即座に,条件なく撤退せよ"
ムアレムは,シリアで"テロとの戦い"がほぼ終結したと強く主張し,2011年以来36万人以上が死亡し,何百万人もの人々が家を出た.
彼はダマスカス政府に対し シリア全土を テロリストや不法外国勢力から 清掃するまで この神聖な戦いを続けると述べた.
アメリカはシリアに約2000人の兵士を配置しており,その多くは,大統領バシャール・アサドと戦うクルド軍とシリアのアラブ軍の両方を訓練し助言しています.
フランスはこの戦争に巻き込まれた国に1000人以上の軍隊を配置しています
難民の件では,ムアレムは,難民が帰還できる条件が十分だと述べ,難民を遠ざけさせる"無理由の恐怖を広める"ことを"いくつかの西欧諸国"に教えました.
我々は国際社会と人道団体を呼びかけて 彼らの帰還を促進するよう呼びかけました"
民主主義は人間主義でしかないべきものから 生まれています
アメリカと欧州連合は,シリアの復興に資金を提供しないと警告している. アサドと紛争終結の議論が政治合意に達しなければ.
首脳は,ロシアとトルコが最近合意した 紛争の最後の大きな要塞の近くに 中立地帯を設置するという合意は,政治的対話の継続のための機会を創造したと述べた.
ロシアとトルコの間の合意により,ロシアが支援するシリア軍の大規模な攻撃が 3百万人の住民のこの地方に阻止されました.
しかし,ムアレムは,合意には"明確な期限"があることを強調し,アルカイダと関連したヌスラ戦線を含むジハード派を対象とした軍事行動が,彼らを排除することを希望した.
国連大使のスタファン・デ・ミストラは,シリアの戦争後の憲法を調印し,選挙の準備をするために,政府と反政府からなる新しい委員会との最初の会合に 参加することを望んでいます.
ムアレムは,シリア政府の委員会への参加条件を提示し,その仕事は"現政権の決定を無視すること"に限定されるべきだと述べ,あらゆる不正行為に注意を喚起した.
選挙で2度目の選挙で勝利する理由
この推論では,トランプ氏は2020年の再選で勝利するであろうが,多くのリベラル派の視聴者が期待しているように,起訴や衝撃が大統領職を終わらせる限りは,
間違いなく 大統領生涯で最も劇的な終わりです
観客は疲れの兆しがない
2014年以来,最高視聴率は CNNでは2倍以上に増えて 1.050万人になり,MSNBCではほぼ3倍になり,160万人になりました.
フォックス・ニュースは最高視聴率で平均で240万人を記録しており,ニールセンによると4年前の視聴率で170万人から増加しており,MSNBCの番組"The Rachel Maddow Show"は重要なニュースナイトで最高視聴率で350万人を記録している.
"これは我々が理解できないものだから 引き寄せられる火事だ"と 番組主催者ニール・バエーは言いました "議会が攻撃された後に 大統領になる政府内部の職員について"
経験豊富な漫画家で 『Just the Funny Parts: And a Few Hard Truths About Sneaking Into the Hollywood Boys" Club』の著者であるネル・スコヴェルは 別の推測をします
2016年の選挙前ボストンでタクシーで行ったことを覚えています
運転手はトランプ氏に投票すると言った.
"なぜ?"と彼女は尋ねた.
"彼は笑うために来たから" スコヴェルさんは言いました
混乱の中に楽しいものがある
しかしテレビで流されているものとは違って ワシントンでの話が ルー・ウェイド裁判の決定や 移民の家族の再結成や 世界経済の健全性に影響します
傍観する余裕は 享有する最高の特権を持つ人々だけにあります
しかし,この6時間目で,ボブ・ウッドワードが"Fear"の著書で 直接情報提供者 (Foreign sources) を利用したことを 議論する専門家グループ,あるいはポール・マナフォートが着ていた1万5千ドルのオスカーシマのジャケット (ワシントン・ポストによると,このジャケットはで覆われている) と,ストーミー・ダニエルズの正確な体内診断の結果を 議論する市民としての知識が,これ以上あります.
少なくとも私は再び同じ目でスーパーマリオを見ることはありません.
"彼がやっていることの"つは,現実のエピソードのような感じがします. 彼は毎晩あなたに何かを与えてくれます"と,Wheelhouse EntertainmentのCEOで"Pawn Stars"の作家のBrent Montgomeryは,トランプの番組の労働力や日常的なストーリーの変化について語っています.
線を落とすのは無理だ
フライス氏と連絡を取った時 カウイの北海岸にある自宅の外は 晴れが26度でしたが 彼は家に留まり CNNを撮っている間に MSNBを見ていました
脱却することはできなかった 特別にブレット・カヴァーナウが 上院司法委員会で証言し 最高裁の将来が 危機に瀕していた時
昔はこんなクレイジーな作品を作っていたのを覚えています "これは西欧文明の終わりの始まりだ"と フレイス氏は言いました
冗談だと思っていましたが 本当のことを言っているんです
ビジネス,政治,メディアの記事を執筆し 自身の自叙伝『Chasing Hillary』を執筆しています
流出の資金は,中世の最も狭い選挙
驚くことではありません ペンシルバニア州17区は 選挙区の改定により 資金が流入しています 2人の議員が同じ選挙区に 参画しました
新たに改造されたピッツバーグ地区は 民主党のコンロ・ラムを代表します 彼は去年の夏の特別選挙で 2区で勝利しました
ラムは共和党のキース・ロスフス議員に 競い合います 彼はペンシルバニア州旧12区の議員で 17区の選挙に 強い反対をされています
選挙区の地図は ペンシルバニア州最高裁が 1月に 旧選挙区を共和党に有利に 構成し 憲法違反だと裁いた後 改定されました
選挙区17の選挙は,両党の主要な資金提供者,民主党選挙委員会 (DCCC) と共和党選挙委員会 (NRCC) の間で選挙資金調達競争の始まりとなりました.
ラムはペンシルバニアで有名になった. 3月に18区の特別選挙で, 勝利した結果,
共和党は10年以上もこの議席を争っていたが ドナルド・トランプ大統領は 20ポイントの差で勝利した.
政治学者は民主党に少し先を行かせた.
アメリカは中国への支援を理由にエルサルバドルを罰しようと考えましたが 撤回しました
政治家たちは,ドミニカ共和国とパナマが,ワシントンの反対に,北京をすでに認めていたことに気づきました.
トランプ氏は2017年6月にパナマの元大統領フアン・カルロス・ヴァレラと会合を行い,共同経営者がトランプ政権を排除するまでパナマのホテルに泊まりました.
国務省は,台湾を承認しないという"最近の決定"により,エルサルバドル,ドミニカ共和国,パナマの米国大使を呼び戻すことにした. 国務省のヘザー・ナウエルト報道官は今月初めに声明を発表した.
しかし,制裁はエルサルバドルに対してのみ検討され,2017年に薬物規制,開発活動,経済支援を含む援助活動のために140万ドルを米国から受け取ったと推定されています.
金融支援の削減や 居住許可の制限などを含む 制裁は 中央米の国にとって 痛ましいものでした 失業率も高い殺人率も高いからです
内閣の会合が続く中,アメリカと中央米の代表団は,安全と経済繁栄に関する会議を延期し,昨年行われた類似の会議の続きを予定しており,米国への移民を抑えるための措置の前進だと考えられていた.
しかし9月中旬には 代表団のトップが 会議を継続することを 明らかにし,エルサルバドルに対する制裁の疑念を 終わらせました
副大統領マイク・ペンスが10月中旬に開催される会議を 代表として呼び出そうとしているのは 政権にとって重要だと 報道によると
3人の米大使は,ワシントンから新たな厳しいメッセージや制裁を受けずに,エルサルバドル,パナマ,ドミニカにも静かに戻った.
ホワイトハウスのボルトン氏の広報担当者は 3人の米代表が語った議論について 詳細を述べるのを拒否しました 2人の外来者も含まれます
政府の関係者による 外部取材で確認されました 取材者名も明かされませんでした
歴史を学ぶ
次の衝撃的な事件は 特別の検察官のロバート・ミュラーが 司法妨害の行為について 報告したものです しかし その主張には 公共の証拠が 沢山あります
また,ミュラー氏はトランプ氏の選挙運動が ロシアと協力して選挙を攻撃したかどうかを調べる調査も行っているそうです.
議会が反対派に支配されれば トランプは選挙人との再会や 選挙人同等権力の再会を 準備する中で 責任を持つことになるかもしれません
しかし,これは非常に不確実で,トランプ氏の倒れは間違いない,と,ヨーロッパで彼の同僚の倒れも間違いないと,私は主張しません.
大西洋の両岸で どのくらいの期間続くか決める選択が 迫っています
1938年 ドイツの内閣は,もし西側が支持して,ミュンヘンでチェコスロバキア人を支援すれば,ヒトラーを政権から奪う準備ができていた.
失敗してしまい 悲惨な事態を避けました
民主主義の不安定な進歩の 速さや阻害を物語っています
アメリカ人は今,このような重要な点に直面しています.
トランプ氏がロッド・ロゼンスタインを 追放したらどうする? ミュラー氏の捜査を 統制する人物だ
ロゼンシュタインは この新聞が昨年 秘密の録音を提案し 大統領の不適格性を議論したと報じた後 状況が悪化しました
ロゼンスタイン氏はタイムズの報道が 誤りだと言っています
FBIが新たに要求した Brett Kavanaughの捜査が 徹底的で公正でないか 性的暴行と不誠実な証言の 疑いがあるにもかかわらず 司法長官に任命された場合 どう反応する?
そして何よりも,トランプ氏に責任を与える議会を 選挙で選べますか?
このテストに失敗すれば 民主主義は長い冬を 耐えなければならない
でも,私は,私たちは落ちないと思います. プラハで学んだ教訓のために.
私の母もチェコスロバキア出身のユダヤ人で 私の元駐在区の ナチス政権によって アウシュビッツに送られました
彼女は生き残り アメリカに引っ越し 60年後 のテーブルに サバースタウンのろうそくを点けさせました
このような遺産を手にして 私は未来を楽観的に見ないといけない
ブルッキングス研究所のNorman Eisen氏は,ワシントンDCの市民責任と倫理のための団体で,Citizens for Responsibility and Ethicsの会長であり, 『The Last Palace: Europe's Turbulent Century in Five Lives and One Legendary House』という本を書いています.
ランジャーズのグラハム・ドランス 楽観的な試合
ランジャースは4日,ラピッド・ウィーンと対戦する. オーストリアの勝利により,彼らはGグループに昇格する強い位置に立つ.
膝の怪我により グラハム・ドーランスの初戦は 防守に欠かせられ 2-2で終わった ビリアリアルとの試合まで続きましたが ランジャースは 試合の成果を活用して 改善できると考えています
"この得点が良かったよ.ヴィリアレールは強いチームだからね"と31歳のドランスは言った.
試合は何かを成し遂げられると信じながら スタートしたけど ポイントを取ったんだ
勝てばよかったかも でも全体的に見ると 引き分けは公平だった
半々勝ったし 2番目には強くなって 勝った
ヨーロッパのリーグでは木曜は重要な夜だ
3点も得たいと思うけど 難しい試合になるわ 最後の試合でうまくやったから でも観客の応援で 負けて良い結果が出せる
昨年は大変でした 怪我もあって クラブの変化もあって でも今はいい気分です
チームもいい 選手も楽しんで 練習もいい
期待して,今度はもっと進んで,最後のシーズンを乗り越えて,成功する.
退職金貯金を失う恐れで 睡眠不足をしている女性
回答者は自分のケアを どうしたいか 明確に考えていたが,家族に相談したのは ほとんどなかった.
国民全体の半数以上が 長期介護の費用について 夫婦に相談したと回答しました
子どもの話をするのは10%だけでした
"家族に介護してもらいたいけど 適切な行動をとらない"とNationwideの副社長は言いました
これが始まりだ
夫婦と子供に話してください. 十分な準備をしておらずに,家族に介護の準備ができなくなります.
介護の場所や時間については 相談をしてください 費用は大きく異なります
財務相談員を相談してください: 財務相談員も,この費用を支払う方法を考えることができます.
長期保険の支払い選択肢には 長期保険の従来の保険や 保険料を現金で支給する混合保険や 自費保険があります
法的書類を準備する: 法的紛争を事前に回避する
医療診断担当者を雇って,あなたの健康診断を担当する人を任命し,あなたが直接述べることができない場合は,医療従事者があなたの要求に応えるようにしてください.
資金提供の代理店も検討してください
あなたが信用する人を選び,自分のために決心し,自分でできない場合は,自分のために支払いをします.
細かいことを思い出してください 両親が病院へ急行中だとしましょう
薬やアレルギーに関する質問に答えられますか?
準備が整うように 詳細を書き込みましょう
医療の質も重要だ"とマーティン氏は言いました
薬は?
誰が犬を監視する?
計画を持って
イルフラコンブで多発砲で撃たれた男
散歩から帰宅する途中で 銃弾で何度も撃たれた
被害者は50代 男性で デーボンのイルフラコンのオックスフォード・グローブ地区で 胸部,骨盤,手中に撃たれました
議員は,この銃撃事件を,英国時間2時30分頃,
被害者は襲撃者を 見なかった
被害者は致命的ではない. 警察は目撃者を呼んでいる.
インドネシアの地震と洪水
インドネシアのパルー市で金曜日に起きた大地震と洪水で少なくとも384人が死亡し,死者数は増加すると当局者は述べた.
連絡が切れたため 救援活動家たちは パルーの北にある 震源に近い東ガル県から 連絡が取れませんでした
災害が起きた後,パウロでは1万6千人以上が避難しました
島のPaluとDonggalaについて 重要な情報をお見せします
プラウは,スラウェシ島の西海岸にある狭い湾の底に位置する中央スラウェシ州の首都である. 2017年の推定人口は379,800人.
地震と洪水が襲ったとき その町が成立40周年を迎えていました
島は,スラウェシ島の北西部の海岸線で380キロメートル以上をカバーする郡です.
県内行政区であるシズラは,2017年に299,200人の人口を推定している.
漁業と農業は中央スラウェシ州の主要な産業であり,特に東ガラの沿岸地域です.
省内でもニッケル鉱山は重要ですが 砂利の反対の海岸にあるモロワリで 最も多く採掘されています
インドネシア災害管理局によると,パルーとドンガラは過去100年に渡り 洪水によって襲われてきました
1938年,洪水の被害で 200人以上が死亡し,数百軒の家屋が破壊されました
1996年,東ガル西部の洪水で 9人が死亡しました
インドネシアは太平洋の熱帯地帯にあり 地震が頻繁に起こります
ここ数年の主要地震と洪水は
2004年 12月26日,北スーマトラ州アチェ州の西海岸で大地震が起こり,14カ国で洪水が起こし,インド洋沿岸部で226,000人が死亡しました.そのうちの半分以上がアチェ州でした.
2005年: 3月末から4月初旬に,スーマートゥー州西海岸に一連の強い地震が発生.
島は南スルー島で 数百人が死亡
2006年: 6.8 規模で地震がインドネシアで最も人口が多い島であるヨウウの南部を襲い,南海岸に洪水が襲い,ほぼ700人が死亡.
2009年:西スモートル州の首都パダング市近くで 7.6の地震が発生.
"100人以上が死亡しました
2010年: モンタワイ諸島の一つ,スーマートゥール近くの地震で10メートル高の洪水が発生し,多くの村を破壊し,約300人を殺害した.
2016年: 地方地震がアチェ州のピディエジャヤ県を襲い 破壊や恐怖を招いた 2004年の地震と洪水による被害を 追悼する
この時点で,洪水は発生しなかったが,建物が崩壊して 100人以上が死亡.
2018年: インドネシアの観光島ロンボックで地震.500人以上が死亡.
地震は数百の建物を破壊し,何千人もの観光客が島に一時的に閉じ込められました.
家庭内暴力の容疑で逮捕された
アラスカ州知事兼大統領候補の 長男である トラック・パリンが 身体的暴行で逮捕されました
アラスカ州ワシラ州出身の29歳のパリンは 嫌疑され,逮捕を阻害し,逮捕を阻害したとして逮捕されました. アラスカ州警察の報告書は土曜日に公表されました.
警察の報告によると パリンは 犯行を報告するために 警察に電話しようとすると 携帯を友人に奪ったそうです
パリンはマット・スー警察署に 拘束され 裁判の待機中です KTUUの報道によると 500ドルの金銭保証金で 拘束されています
ニュースによると,彼は土曜日に裁判に出席し,有罪か無罪か判断するために 要求されたときに,彼は無罪,不純であると宣言しました.
パリンは3つのA級違反で起訴され 懲役1年以下の罰金25万ドルを科せられる
また,B級違反で起訴され, 懲役1日と2000ドルの罰金があります.
パリンが起訴されたのは初めてじゃない
2017年12月 父のトッド・パリンに暴行したとして起訴されました
彼の母親サラ・パリンは 襲撃の報告をするために 警察に電話した.
この件はアラスカ州立軍人裁判所で 審理中です
2016年1月,彼は事件に関連して,家庭内暴力,家庭内暴力の報告を妨害し,アルコール中毒で武器を所持した罪で起訴されました.
彼氏のガールフレンドは,彼が彼女の顔を殴ったと主張している.
サラ・パリンは2016年に イラクでの息子の軍事任務後の暴力行為について 衝撃的な議論を唱えた後に 兵士の支援団体から批判を受けました
インドネシアの地震と洪水:数百人が死亡
インドネシアのスラウェシ島で金曜日に地震が発生し,少なくとも384人が死亡しました.
震災は地震の原動力となり 何千もの家屋を破壊しました
電気と通信は 機能していない. 死者数は数日後には増加する.
この地震はインドネシアの首都ジャカルタから北東にあるスラウェシ島の真ん中部にありました
事件の映像がソーシャルメディアで流れている.
百人もの人々がパルーのビーチフェスティバルに集まっていたとき 波が海岸に押し寄せた
検察はニューヨーク市で テロ容疑者に対する 珍しい死刑を求めた
ニューヨークの検察は,ニューヨーク市で8人を殺害した テロ事件の容疑者,サイフッロ・サイポフに死刑を言い渡すよう要求しています.
30歳のサイポフは 10月にダウンマンハッタンにある 西側高速道路沿いの自転車道で 歩行者や自転車運転者を襲った
検察は,死刑を正当化するために, 検察は, 検察は, 検察は, 検察が, 検察が, 検察が, 検察が, 検察が, 検察が, 検察が, 検察が, 検察が, 検察が,
この2つの罪は 裁判の記録によると 死刑になる可能性があります
攻撃後数週間で 連邦裁判所は 犯人を起訴した22件の起訴を 起訴した. そのうちの8件の容疑は 犯罪目的の殺人罪で 起訴される.
攻撃は"多大な計画"と訴えた 検察側は サピオフ氏の行為を"恐ろしい,残酷,不道徳"と表現した
遺言書には",Sayfullo Habibullaevic Saipovは,身体的傷害,損害,そして,友人達,家族や友人達への喪失を招いた"と書かれています.
犠牲者の5人はアルゼンチンから来た観光客だった.
ニューヨーク州南部が 死刑判決を 適用して以来 10年になります
容疑者 カリド・バーンズは 2人の麻薬密売者を殺害した罪で有罪判決を受け 2009年9月に終身刑に処せられました
最後の死刑執行は1953年にニューヨークで 裁判が行われたもので 裁判は2年前に冷戦中にソ連をスパイとして 非難された夫婦の ユリウスとエテル・ローゼンバーグの裁判で 行われました
1953年6月19日,夫妻は電動椅子で処刑されました
事件後数日か数ヶ月間 悔悟の兆しも示さなかったと 裁判所の文書によると
捜査官に"自分の行動に 申し訳ない"と訴えたと 警察は言う.
容疑者によると,Saipovは,ISISのビデオを携帯で見た後に 攻撃のアイデアを出したと当局に語った.
病院の部屋でISIS旗を掲げることを要求したそうです
彼は22の主張に無実を宣言している.
検察の決定に"明らかに失望"していると,Saipovの公務員弁護団の1人,David Pattonは語った.
死刑を申請する決定は,無期間の終身刑の判決に賛成する代わりに,この事件による衝撃を関係者全員に延ばすだけだと考えます パットンは言いました.
裁判は,この事件の証拠として,
保守党議員は,NIGEL FARAGEが,ブレグジット交渉を主導すべきだと主張している.
ナイジェル・ファラージーは,保守党の会議で, "人民軍"を動員すると約束した.
この元UKIPのリーダーがEUの懐疑的な立場から 政治家たちが プレッシャーを受けるべきだと主張し,Theresa Mayの議員の1人がEUとの交渉を率いるべきだと提案した.
保守党のピーター・ボーン氏は バーミンガムのデモで,英国が"今,脱退するだろう"と発言しました.
しかし,メイが直面する 深い対立を解決する難題は,EU離脱を望む保守派が,街で2つの反ブレグジットデモに参加したことで,さらに明らかになりました.
首相はチェッカー計画を正しい方向に進めようと努力し 支持者,反対者,EUの批判を受けています
連合党は,反対にもかかわらず,ブリュッセルとの合意を 目指す努力を続けると主張し,Brexitに反対する人々や労働党を,彼女の計画と不確実性との選択に 追い込む.
ボーン氏は ソリハールでの "Leave Means Leave"のデモで "Chequers"を廃止したい"と宣言しました
議長は,FARAGE氏がブリュッセルとの交渉に参加し,責任を取るべきだと提案した.
"もし彼が支配者だったら,今すぐ出かけていただろう"
ウェリングボロ議員は"私はブレグジットを支持するけど チェッカー計画には 手を出さなくちゃいけない"と付け加えた.
彼はEUに反対を表明し こう言いました "我々は他の国々のために 世界戦争に参加しない
国の法律を自分で書きたい
ボーン氏は,2016年の選挙以来,世論が変わったという証拠を示し",イギリス国民が意見を変えて,静かさを望むという考えは,まったく真実ではない"と述べた.
保守派のブレグジット支持者アンドレア・ジェンキンスは 抗議デモに参加し 記者団にこう言いました "簡単に言いたいのは 首相よ 国民に耳を傾けなさい
チェッカー計画は国民に好かれないし 反対派も支持しない 党員や街頭で投票する活動家にも好かれない
やってみろ チェックの計画をやめ 耳を傾けよう
メイに直接メッセージを送った上で,彼女はさらに"首相は約束を守れば仕事を続けます"と付け加えた.
政治家たちは2016年の投票後の決定を 背負うなら プレッシャーを受けるだろうと言いました
今,これは我々―人民―と我々の政党との間の信頼の問題だと彼は言った.
彼らはブレグジットを裏切ろうとしているのです そして今日ここに集まったのは 彼らにこう言わせるためです "我々はあなた方にそれを許さない"
群衆へのメッセージで 彼は付け加えた. "私は,あなたの政党が,ブレグジットに失望しているときに,プレッシャーを感じさせたい.
我々はこの国で国民軍を動員し ブレグジットで勝利を収めたのです そして独立し 自治する 誇り高いイギリスになるまで 休むことはありません
同時期に,EU支持者がビルミンガムでデモ行進を行い, ダウンタウンで2時間間の抗議集会が終わりました.
活動家の小さなグループが 週末に結成された後,反ブレグジットの保守派旗を掲げました.
労働党のアドニス・ローバードは 会議が開かれた時に党の電話帳に セキュリティ上の問題が出てきたため 保守党を嘲笑しました
"カナダ+プラス,国境なき国境,アイルランドとの国境なき自由貿易のための コンピュータシステムと技術が全て使える"と
完全にショックだ
"良いブレグジットなんてない"と彼は言った.
ウォーレン氏は大統領選を真剣に検討する.
アメリカ上院議員のエリザベス・ウォーレン氏は""月の選挙後,大統領選への候補を真剣に検討する"と表明した.
"ボストン・グローブ"の報道によると マサチューセッツ州民主党議員は "土曜日に西マサチューセッツ州議会で"
ウォーレン氏はドナルド・トランプ大統領を批判している. 彼は11月にトランプの2016年のマサチューセッツ選挙の共同指導者である共和党のジェフ・ディールに再選を申し出ている.
2020年にトランプ大統領に 候補になる可能性が 疑われるようになりました
土曜日の午後 ホリオークでの会議は トランプ大統領が就任して以来,選挙区の住民との市民会議として開催された 36回目でした.
会場にいた誰かが大統領候補を立てるつもりか尋ねた.
ウォーレン氏は言いました "ワシントンに女性が来て 政権を整えるべき時だ" "女性をリーダーにすべきだ"
LSUのシムズに致命的な銃撃事件で逮捕
ラウジアナ州バトンルージュ警察は 疑いの1人を逮捕したと発表した. 容疑者は,LSU野球選手のWayde Sims.
バトンルージュ警察は 20歳のディートン・シンプソン氏を 逮捕したと発表しました
金曜日の銃撃事件の映像を公開し 映像に写っている男性を 特定するために支援を要請した
20歳のシムズは 金曜日の朝 南部大学校舎の近くで 銃撃された.
"ウェイド・シムズは 頭部に銃弾で撃たれ 死んだ" 247スポーツの報道によると,警察長官マーフィー・J・ポール氏は土曜日に記者会見で語った.
ウェイドは友人を守って シンプソンに撃たれた
交際相手は 事件現場にいたと 証言し 銃を手に Wayde Sims を撃ったと認めた
シンプソンは無事に逮捕され 東バトンルージュ警察署の 監禁された.
2メートル6センチのシムズは バトンルージュで育ちました. 32試合に出場し,そのうちの10試合は先季初戦でプレーし,平均17分4秒,5.6ポイント,2.9アシストを記録しました.
ロシアGP:ルイス・ハミルトンが世界チャンピオンに近付いてる セバスチャン・ヴェッテルがチームから指示を受けて 優勝座を彼に譲った
バルテリー・ボッタスがルイス・ハミルトンより先を 乗ったのは 明らかでした 週末のレースの準備は メルセデスチームからの指示が レースに大きく貢献するということです
ボッタスはレースに良いスタートを遂げ,最初の2つの曲がりで自分の位置を守って,チームメイトと戦いを挑むためにハミルトンをほとんど追い出しました
ヴェッテルは最初に進み ハミルトンがレースの終わりに レースを進めるようにしました
メルセデス車は1周後 に落ちてベッテルに落とし出し ハミルトンは3回目で防衛を試みたため 内部を外すことに迫られた 激しい衝突の後 脱出しました
マックス・ヴァルスタッペンは チームから遅れてスタートし 21歳の誕生日に レース1回戦の終わりに 7位でした
彼はレースの大半をリードし,タイヤを交換して 4位まで進んだ.
彼は44周で最終的に溝に入りましたが,残りの8周でスピードを上げることができず,ライコンは4位となりました.
今日は大変な日だ バルテリーは週末に 素晴らしい成績をあげてくれた
この成果を出すためにチームは素晴らしい努力をしてきた"とハミルトンは言いました.
ひどい体操だった
ドナルド・トランプ大統領は,上院議員ディアンヌ・ファインスタインを 嘲笑しました. 彼女は,最高裁に任命されたブレット・カヴァーヌに 性的暴行の申し立てを 提出したクリスティン・ブレシー・フォードの手紙を 公開しなかったと主張したからです.
大統領はウェストバージニアの集会で 演説しましたが フォードの証言を 直接論じることはありませんでした 議会での事件は 国民が 気ない 暴れていて 検証不能だと 指摘したのです
唯一起こりうる素晴らしいことは 長老の会場で過去数日間 起きていることです 怒りを目にする時 怒っている人や 傷ついた人や 残酷で不当な人を見るときです"
顔を見たら 嘘を言うけど "いや,やったんじゃない"
私はそれをしなかった.
覚えてる?
ディアンヌ・ファインスタイン 解消してくれ
答えを覚えてください ファイルを開けると―
違うわ
黙ってはいけない
ゆっくり待って
"いや,いや,いや,いや"と彼は言った.
フォード氏からカバノウに対する非難を明らかにした手紙は 7月にフェインスタインに送られ 9月上旬に公開された.フェインスタイン氏は,その文書が彼女の事務所から来たとは否定した.
"私はフォード博士の主張を隠さなかった. 彼女の話を隠さなかった" フェインシュタインは委員会に対し,
彼女は私の中でそれを保持するように私に要求し,私は彼女が私に要求するようにした.
しかし彼女の否定は 大統領に好評を得なかったようです 土曜日の会議で 大統領は言いました "本当におっしゃるが これはひどい演技だった"
隠し事はなかったかもしれない でもそれは私が見た中で最悪の体操だった
大統領は3人の女性による性的暴行の容疑で 起訴されたブレット・カヴァーナウの 弁護を継続し 民主党がその訴えを 利害に利用していると指摘しました
どんな手段を使っても 権力を取り戻す決意です
暴力や絶望の姿を見ることができます 傷つけられた人,権力を得るために 支配しなければならない人など気にしていません"とメディアの報道によると 大統領は言いました
エリートリーグ ダンディー・スターズ 5-3 ベルファスト・ジャイアンツ
パトリック・ドワイヤーがジアンツに2ゴールを ダンディに
ダンディー・スターズは 金曜日のエリートリーグ戦で ベルファスト・ジャイアンツに負けた結果を補足し 5-3で勝利しました
ジャーナリズムは 2点前後でした パトリック・ドワイヤーとフランシス・ボウビリアのゴールを
マイク・サリバンとジョーダン・カウニーは 試合を引き分けました ドワイヤーがギアンツを倒して
フランソワ・ブーチャードはダンディに 対戦を勝ち取りました. そして,ルカス・ランドヴァルト・ニルセンの2つのゴールは,彼らの勝利を保証しました.
エリートリーグでアダム・キーフのチームにとって3回目の敗戦だった.しかし,それは2 - 1でダンディーに勝利した.
シーズン4試合目で 巨人は3勝を勝ちました
ドワイヤーは4分前半で最初のゴールで ケンドル・マックファールのスタンドで 3:35で ダーヴィッド・ラザフォードがスタンドで ボウビリアが4分後2倍になった
試合はスタートからずっと続いていたが サリバンが1時10分でホームズを復活させ, カウニーは15分後にマット・マーカードトのスタンドで 引き分けを決めた.
ドワイヤーは半場前には 巨人隊を倒すことにしました 試合の第2ゴールを 打つことで
チームも回復し,ボチャードは27分前半で1人差で再対戦した.
カウニーとチャールズ・コルコランは協力し,ニールセンの助力を借りて,ダンディーを第1回で2番目後半に倒し,最後の1分の1で5番目で勝利を収めた.
巨人は5試合4敗で 金曜日にミルトン・ケインズと戦います
航空管制官が命を賭け 飛行機に乗っている数百人の乗客が 地震から逃れる
インドネシアの航空管制官が,数百人の乗客を乗せた飛行機を安全に起飛させるために命を捧げたことで,英雄として称賛されています.
金曜日にスラウェシ島で地震が起き,海浪が発生した. 800人以上が死亡し,多くの方々が行方不明になっている.
巨大な余震が続いています パルー市では 多くが瓦に覆われています
21歳のアンソニアス・グナワン・アグンは パルーのムティアラ・シス・アル・ジュフリ空港の 制御塔から逃れようとしたが 逃げようとしなかった.
震災が起きた時,飛行路上にいたバティック航空の便632"が安全飛行できるように 停止した.
制御塔から飛び降りた
病院で亡くなった
オーストラリアのABCニュースによると,インドネシア航空局の広報担当者Yohannes Sirait氏は,彼の決定により数百人の命が救われた可能性があると述べた.
病院の別の都市へ送るため ヘリコプターで移動しました
残念ながら,彼は今朝,ヘリコプターがパルーに到着する前に亡くなりました.
この知らせを聞いてとても悲しい"と付け加えた.
災害管理局によると,死亡者数は1,000人を超えると 懸念されています. 交通はドンガラ,シギ,ブートンに制限されています.
死亡者数は増加し続けているとみられる. 多くの遺体は,まだ廃墟の中にあり,そこに到達することができない.
6メートルの波がパルーに 大きな被害をもたらした. しかし,日曜日に葬儀が行われる.
軍や旅客機が 救援物資を運ぶ
35歳の母親であるリサ・クズマは スカイ・ニュースにインタビューでこう言いました "毎分救急車が死体を持って来る.
清潔な水はほとんどありません
店頭も盗まれた
インドネシアの国際赤十字の責任者,ヤン・ゲルファンドはCNNにインタビューでこう語った. "インドネシア赤十字は生存者を捜すのに熱心に取り組んでいますが,彼らはそこに何を見つけるか分からない.
悲劇ですが 悪化する可能性があります
ユコ・ウィドド大統領は日曜日にパルーに到着し 軍隊に言いました "私は皆さんに昼夜をかけて 輸送に関する全ての作業を完了するようお願いします"
"準備はいいですか?"と CNNの報道が言いました
今年初めにインドネシアのロンボク島で地震が起き 550人以上が死亡しました
マイクロネシアの飛行機事故:エア・ニウジニは,飛行機がローンの上空を突っ飛ばした後に1人が行方不明だと報告
航空会社は,マイクロネシアのロン島に 飛び降りた飛行機を 運んでいたのですが,すでに47人の乗客と乗組員全員を 救出したと伝えましたが,現在1人が行方不明だと発表しています.
Air Niuginiは声明で,土曜日の午後から,男性乗客の脱出は知られていないと発表した.
航空会社は 当局や病院や調査機関と 協力して この男を見つけようとしています
航空会社は,乗客の年齢や国籍などの詳細についての質問にすぐに答えなかった.
飛行機がチャーク島空港に着陸しようとすると水面に突っ込み 乗客と乗組員を救出するために 地元のボートが駆けつけられました
担当当局は7人が病院に 送られたと金曜日に発表しました
航空会社は6人の乗客が 病院で待っていたと伝え 乗客の健康状態は安定していると伝えました
事故の原因や正確な順序は不明です
航空会社と海軍も 飛行機が滑走路前半に 墜落したと発表しました
目撃者は飛行機が走行線を過ぎたと 疑いました
アメリカ人の乗客のビル・ジェイネスは 飛行機の飛行距離が非常に低いと報告しました
"本当に良かった"とジェイネスは言った.
ジェイネスは 他の人たちと一緒に 水中を潜り込み 沈んでいる飛行機の 緊急出口を見つけることができました
飛行士たちは怯え 叫びながら 軽度の頭痛を被ったと 報告しました
アメリカ海軍は,船橋を直す作業をしていた海兵隊員が,飛行機が30メートルほど深い水に沈む前に,浮遊艇を使って救助も手伝ったと報告しました
航空安全局のデータによると 過去20年間で PNGの航空会社に 墜落した乗客が111人死亡しましたが どれも Air Niuginiには 関係ありません
専門家が描いた 女性の焼身時の時線
検察は2014年にミシシッピ州女性を 焼いてしまったと告発された男を 復審した際に 裁判を締めました
司法省の専門家ポール・ローレットは 情報の分析の専門家として 何時間も 裁判所で働きました
裁判官は 起訴者の29歳のクイントン・テリスと 19歳の被害者の ジェシカ・チェンバースの 移動記録を 携帯電話で記録した
ロウレット氏は,数台の携帯電話から 位置情報を入手したと伝えました. 死亡した夜,テリスはチェンバースと一緒だった.
記録によると 携帯電話は チェンバーの所にあると判明し 彼は友人マイケル・サンフォードの所にいたと 言われた時 警察はサンフォードに 連絡を求めた
サンフォードは土曜日に証言し その日町には居なかったと証言した
検察がテリスが あの夜サンフォードの車に乗っていたと 本当なのかと尋ねると サンフォードは"嘘だ"と言いました 私の車はナッシュビルにいたからです
もう"つの不一致は ティリスがチェンバースを 知っていたと 証言した事でした
電話記録によると"週間しか知り合っていない
ローレットは,チェンバースが亡くなった後, テリスは彼女の携帯から テキスト・メッセージ,電話,連絡先を 削除したと語った.
"彼は彼女の人生を絶った"とハレは言った.
守護隊は日曜日に 決定演説を予定しています
裁判官は その日の後には判決が 来るのを期待していると言いました
意識的にホップホップとは何か?
ヒップホップ3人は音楽にポジティブなメッセージを 充てることで音楽に対する否定的な考え方を 克服したいと考えています
ブリストルのThe High Breedは ヒップホップは政治的なメッセージと社会的な問題から 離れていたと主張しています
元の場所を探し出し 意識的なヒップホップを 再び普及させたいのです
ファンタジーのFugeesやCommonのようなアーティストは 最近イギリスで アカラやローキーなどのアーティストによって 動き回っています
もう一人の黒人?
ニューヨーカーでは 両親が離婚を訴える
ニューヨークの養子院が 違法結婚を訴える 母親から メールが来て 明らかに黒人だと文句を言った
法律を"金融規制"と 比較する.
2人の母親であるリンシー・プラスコ・フラックスマン氏は,2016年に初めて職場に出勤したときに,新しい胎児であるジゼル・モリスが黒いことが判明したことに不満を表明した.
プラスコ・フラックスマン夫人は夫にメールを送った
しかし夫にメッセージを送る代わりに 2回 モーリスさんにメッセージを送ったのです
誤りを発見したモリスさんは 恥ずべきPlasco-Flaxmanを施し, 肥満の元胎児が病気で, フィリピン人女性を期待していると報じた.
モーリスさんは1日働いたのに 給料をもらって ウーバーで帰宅した
モーリスは,この夫婦を訴えており,契約書が署名されていないのに,最初から6ヶ月間雇われた仕事に対して,違反税として,毎日350ドルを請求しています.
私は彼らに,こんなことをすべきではないと示したい"と彼女は金曜日のポストのインタビューで語った.
夫婦は 偏見の主張を否定し モーリスを退社させることは 正しいことだと主張しています 虐待をされた後に 彼女を信用できないと感じたからです
嫁が彼女に 伝えようとしなかったメッセージを 送ってくれた
偏見はない
偏見を持つ人はいません"と夫のジョエル・プラスコはポストに語った.
しかし,誰が子供たちを 誰かに委ねてくれるでしょう? 愚かさを表した後に, 驚くことでもありません.
赤ちゃんを産んだ?
ほら ほら ほら
プラスコは"不妊"と 法律を比較し 妻が7ヶ月前に 非常な状況にあったと 言った
こんな状態で 誰かを襲うつもり?
投資業界で働いているPlascoはこう言いました
裁判は続いていますが ソーシャルメディアで 暴行され 恥をかかせています
"パディントン誌の編集者は 話す熊が読者に 好みにならないと 懸念していた"
承認後すぐに生まれたボンドの娘のカーレン・ヤンケルは この手紙についてこう言いました "出版前に初めて読んだ人の立場に立つのは難しい.
面白いことに パディントンが成功していることが分かった
彼女は,彼女の父親が小さなおもちゃ熊についての子供向けの本を書くきっかけになる前にBBCで写真家として働いていたことを述べ,彼の作品の拒否を非常に肯定的に受け止めた.
パディントンについては "家族にとってとても重要な人物"と表現し 父は彼の成功に 静かに誇りを示したと付け加えた.
"彼はとても静かな人で 普段はしゃべらない"と彼女は言いました
パディントンが彼にとって とても現実的な存在だったから それはまるで 子供が何かを成し遂げた時と似ています
パディントン氏の成功に 彼はそんな見方をしたと思います
パディントンは彼の創造と想像力でしたが 彼は常にパディントンを称賛しました
娘が死にかけていたので 電話で告別しました
到着時に 娘はニースのルイ・パストル2号病院に 運ばれていました 医師たちは 命を救うため 尽力しましたが 失敗でした
Nadは定期的に電話して,彼女の状態がひどくて,生き延びるとは思えなかったと教えてくれた,とEdnan-Laperouseさんは言いました.
後にナッドが電話して2分以内に死ぬと告げた
そして私はそれをしました
私は言った,Tashi,私はあなたをとても愛しています,私の愛.
すぐにお会いします
私はあなたと一緒にいます.
医者が心拍数を上げようと 処方した薬が 徐々に効力を失い 身体から排出され始めました
彼女は死んでいたばかりで,この体は降伏していた.
待たせていましたが 起こることは全て分かっていました
家族や他の人に囲まれていたので 泣き叫ぶことも 泣くこともできなかったのです
制御しなければならなかった
エドナン・ラペルーズ夫人は娘の死を悲しみながら 飛行機に乗りました 乗客たちは 彼女の人生の困難を全く知りませんでした
"誰も何も知らなかった"と彼女は言った.
涙が絶えることなく流れた
説明が難しいのですが 飛行機の中で 私はナッドに とても同情しました
彼には私の愛と理解が必要だった
私は彼が彼女を愛していたことを知っていた.
悲しむ女性たちが 橋にメッセージを掲げ 自殺防止のために
恋人が自殺を試みた2人の女性は 今,他者の命を救うために努力しています
ウェールズにある橋に メッセージが貼られています 励ましメッセージや電話番号で 呼び出し,助けを求めています
デイビスさんの息子 タイラーは 13歳で 鬱病に苦しんで 18歳で自殺しました
"毎日私が感じているような 気持ちを 両親にさせたくない"
45歳のデイビスさんは 息子が 笑顔で成功している料理人だと語っています
笑顔をよくしていた
笑みはどんな部屋でも明るくすると言われました
彼は死ぬ前に 仕事を止めました 深い闇の中に 沈められていたからです
2014年 11歳のタイラーが 弟の自殺を発見しました
デイビスさんは言いました "結果が来るのを 絶えず心配している"
デイビスさんは メッセージを作りました 人々に 他人と話すことも 友達と話すことも できるようになります
座って何も言わないで - あなたは誰かと話をする必要があります.
ハンフリーズ夫人は デイビス夫人と何年も付き合っていました 母親が亡くなり直後 15歳のパートナーマークを亡くしました
"彼は病気や鬱などについて何も言わなかった"
クリスマス前数日,彼の性格が変わったことに気づきました.
クリスマスデーに彼は最悪の状態でした 子供たちがプレゼントを開けるときには,彼は彼らの目を見なかったのです.
両親は彼の死が大きな衝撃だったと伝えましたが 乗り越えなければならないと伝えました "この事件は家族を傷つけた"
分かつぞ
しかし私たちは 耐え忍び 闘わなければなりません
困った場合は,無料で 116 123 (イギリス・アイルランド) に電話してください. jo@samaritans.org にメールしてください. または,このサイトをご覧ください.
ブラット・カヴァナウの未来は 青い線に繋がっています FBIが調査を進めています
彼が要求したようなことを得ることができたら― 時間と規模を制限した調査― 合意に達するかもしれないと思った"とFlake氏は土曜日に語った.
なぜ川越氏と共和党支持者は FBIの捜査を 拒否したのでしょうか?
タイミングで動いている
11月6日の中期選挙まで あと5週間しか残らず 共和党が予想通り 失敗すれば 候補者を最高裁に 選出する試みが 大きく失敗する
ジョージ・W・ブッシュは上院議員に電話をして 支持するよう呼びかけています 川ノ氏はブッシュのホワイトハウスで働いていたのですが 彼の妻のアシュリーと出会ったのは 彼を通してです 彼女はブッシュの秘書でした
FBIが調査報告を公表したら?
参院で投票が予定されています 51人の共和党と49人の民主党が 議席を保持しています
議員の投票率が50票以上になるかどうかは まだ決まっていないが 副大統領マイク・ペンスに 公平な投票をさせられる
北朝鮮を逃れる人の数は 減した
北朝鮮から南へ逃れる人の数は7年前に金正恩が政権を握った時から減少した.
韓国の統一委員会からのデータによると,昨年1,127人が脱出した 2011年には2,706人だった.
韓国と中国の国境警備を強化し 人身売買業者に課す高額な手数料を 重要視した.
平壌は公式な声明をしていない.
北朝鮮を逃れる人々の大半は 韓国国籍を申請しています
韓国政府は1953年に朝鮮戦争が終結して以来,北朝鮮から3万人を超える人々が国境を不法に越えてきたと報告しています.
ほとんどの人が中国に逃げるが 国境は北朝鮮と最も長く 南北の国境は北朝鮮と最も簡単に 国境を越えるのが容易だ
中国では難民は難民ではなく 違法移民とみなされ 頻繁に帰還させられます
朝鮮と北朝鮮の関係は 軍事的にまだ戦争状態にあるが ここ数ヶ月間 劇的に改善した.
この月初めに,両国の首脳は平壌で会合し, 主に核軍縮交渉の延期について議論した.
これは6月に米大統領ドナルド・トランプと金正恩がシンガポールで 歴史的な会合をした後でした 核のない朝鮮戦争に向けて 協力することに合意したものです
しかし,土曜日に,北朝鮮のリ・ヨンホ外相は,アメリカ企業に,それ以来の進展が不足していることを教えました.
"アメリカへの信頼がなければ,我が国の安全保障は確実ではない. このような状況下では,我々が核兵器を最初に一斉に降ろすことは不可能だ"と,リ氏はニューヨークで国連総会で語った.
ナンシー・ペロシーはブレット・カバノウを"母性病"と称し 最高裁の職に就く資格がないと非難
議会のマイノリティーリーダーナンシー・ペロシーは 最高裁に任命されたブレット・カバノウを "不妊病"と呼び 最高裁に任せるには 太りすぎると言いました
"テキサス・トリビューン・フェスティバル"で
"もし女性がこんなことをしたなら 母乳病と呼ばれただろう"と 思うしかなかったと ペロシーは言いました
カバノーは,若年頃,クリスティン・ブラシー・フォード博士を性的暴行したとされた主張を,強く否定した.
オープニングスピーチでは カバノは感情的になり 家族や学校時代の話をすると 泣き叫ぶことも 喉にパンチをかかることもありました
また,公然と委員会内の民主党を非難し,彼の指控を"不名誉で計画的な殺人"と称し,ヒラリー・クリントンが2016年の大統領選に負けたことを怒っていたリベラル派によって計画された.
ネルソン・ペロシーは,カバノウの証言は,彼が民主党に偏っていることを示したため,最高裁で働くことができないことを証明した,と答えた.
"彼の発言や クリントン夫人や民主党への攻撃は 職に不合格だ"と彼女は言いました
民主党が上院で多数を獲得すれば,カバノウを解任させようとするのかと聞かれたとき,ペロシーは答えなかった.
"もし彼が議会やFBIに真実を語らないなら 彼は最高裁の役目だけでなく 役目も果たせない"とペロシは言いました
ワシントンDCの上訴裁判所で 裁判官を務めています
民主党の立場では,アファシブルケア法やロー・ウェイドの堕胎法に対する 川普の決定に懸念があると付け加えた.
尋問中 カワノフは 裁判所の決定を 撤回するかどうか 疑問を回避した
"これは母親病で偏見のある人の 最高裁に訴える時ではない"とペロシーは言いました
女性はそれを利用しなければなりません
熱意が湧いてくる数ヶ月や数年の 正当な言葉です だから涙を流さずに 消えることはありません
"怒るときは泣く" 45年後にストイネム夫人が言いました
珍しいことじゃないと思うけどね
更に彼女は言いました "ある経営者の女性から 沢山の助けをいただきました 彼女は怒っているときも泣くそうです でも彼女は技術を開発しました 怒って泣くときも 介護者に こう言うんです "泣いているから 悲しんでいると思うかもしれません"
怒ってる
そして彼女は泣いてただけ
素晴らしいと思いました
涙は怒りを表現する許容の部分です 涙は根本的に誤解されているからです
前回の仕事での最も鮮明な思い出は 男性が多いオフィスで 涙を流していた時のことです 涙を吐き出せなかった 怒りで 女性がやってきて 私の首を握りました 彼女はいつも少し怖かった 冷たい上司で 階段を引っ張り出してくれました
"泣くのを 見せないで"と彼女は私に言いました
怒ってるなんて知らない
彼らはあなたが愚かだと思って 喜んであなたを手に入れた
ジョージ・ハートの大統領選の際 パトリシア・シュローダーは 民主党のコロラド州議員の 仲間でした
1987年 ハート氏はモンキー・ビジネス (アパスピル) という船で 暴行を犯して 候補を退けたとき 怒って スクローダーさんは 候補を考える理由がないと 思ったのです
30年後 彼女は笑って言いました "これはよく考えられなかった決断だ"
候補者は7人いたのに もう1人必要だった
誰かがこれを"白馬と7人の小人"と呼んだ
選挙運動が遅かったため 募金に遅れていました 2百万ドルの募金がない限り 候補は出ないと言いました
負け戦だった
男性に1000ドルを寄付した支援者のうち 彼女には250ドルしか返っていないと 気付きました
"彼らは私に割引をもらっていると思うのか?"と彼女は思った.
選挙人ではなく 選挙人への目を向け 資金調達を困難にする制度に対する憤り 人種差別に憤り 涙を流しました 選挙人ではなく 選挙人への目を向け 選挙人ではなく 選挙人への目を向け 選挙人への目を向け 選挙人への目を向け 選挙人への目を向け 選挙人への目を向け 選挙人への目を向け 選挙人への目を向け 選挙人への目を向け 選挙人への目を向け 選挙人への目を向け 選挙人への目を向け 選挙人への目を向け 選挙人への目を向け 選挙人への目を向け 選挙人への目を向け 選挙人への目を向け 選挙人への目を向け 選挙人への目を向け 選挙人への目を向け 選挙人への目を向け 選挙人への目を向け 選挙人への目を向け 選挙人への目を向け 選挙人への目を向け 選挙人への目を向け 選挙人への目を向け 選挙人への目を向け 選挙人への目を向け 選挙人への目を向け 選挙人への目を向け 選挙人への目を向け 選挙人への目を向け 選挙人への目を向け
"私は神経発作を起こしたと思われます"と メディアの反応を思い出したシュレッダーさんは言いました
クラネックスは私の力強いパートナーだと思われる
石に書いてあるのは何か?
泣いていた?
北京にとって良いかもしれない理由
米国と中国の貿易戦争の最初の発砲は 栄誉に満ちていました 戦争は終わってはいませんが 専門家によると 長期的には 北京にとって有利な関係になるかもしれません
ドナルド・トランプ米大統領は今年初めに 太陽電池,鉄鋼,アルチウムを含む中国の主要輸出品に関税を課し,最初の警告を発しました
最大の増税は今週,200億ドル (150億ドル) の商品に追加された関税で,中国から米国に輸入される製品のほぼ半分に課税されます.
北京は毎回同じ方法で返事をし 最近は6000億ドル相当のアメリカ商品に 5%から10%の関税を課しました
中国は米国の関税に 反応していると言われており 世界第二の経済は 近い将来 追いつく可能性は低い.
ワシントンを説得するには 要求を放棄する必要がありますが 習近平大統領にとって アメリカに公然と屈するのは 屈辱の種です
しかし専門家によると,北京が正しい立場なら,米国との貿易戦争の圧力は,長期間の中国に対して好ましい影響をもたらす可能性がある.
"ワシントンや北京の急行的な政治決定が 他の国の経済を崩壊させるような状況を引き起こしうるという事実は, 観客が以前認めていたよりもはるかに危険だ"と,ニューアメリカン・セキュリティセンターのアジア研究者のAbigail Graceは言う.
シリアは難民の帰還を準備していると外相が語る
シリアは難民が自発的に帰還し 7年間の戦争で惨めな状態にある国を再建するための支援を要請する準備を整えていると宣言しています
外国大臣のワリド・アル・ムアレムが国連総会で演説し,
"今日,地球上の状況は安定し,安全です. テロとの闘いの成果のおかげで",と彼は言いました.
政府がテロリストが 根付いた地域を 建設することで 常態を回復させています
テロや経済政策の片方性によって 難民が 逃亡し 労働生活を妨げられた国へ 喜んで帰還する準備が整っています
2011年にシリアで戦争が始まってから およそ550万人が 難民として逃亡したと推定されています
更に600万人が救助を必要としています
アル・ムアレムはシリア当局が同国を再建する支援を喜んで受け入れるだろうと述べた.
しかし,彼は,彼らが条件付き援助や,反乱を支援する国からの援助を受け入れてはならないと強調しました.
ヨーロッパのライダーカップを勝ち取った
欧州チームは,フランスのパリ郊外にあるル・ゴルフ・ナショナルで,アメリカチームを16分5秒で倒し,2018年のライダーカップを勝ち取った.
アメリカはヨーロッパで6連敗し 1993年以来ヨーロッパでライダーカップを 優勝していない.
デンマークのトーマス・ビヨーン監督のチームで 優勝し アメリカを倒すために必要な 14.5 ポイントを獲得しました
アメリカ代表のフィル・ミッケルソンは 試合中最も苦労した選手で 16番のパール3で 首を水面に投げ フランチェスコ・モリナリに負けた
イタリアのゴルファーモリナリは全ての試合で割れ目を見せており,この大会が現在の形式で始まった1979年以来,5-0-0の成績を記録した4人のうち1人となった.
アメリカ人ジョーダン・スピースは5&4でデンマークのトーボイーン・オレセンに負けたが,彼はヨーロッパ代表のランキングで最下位だった.
世界トップのダスティン・ジョンソンは 2対1でイングランド出身のイアン・ポウルターに負けた
8回ライダーカップでプレーしたスペインのセルジオ・ガルシアは 25,5のキャリアランキングで 優勝したヨーロッパ選手となった.
普段は泣かないけど 今日は泣けない
厳しい年だった
私は私を選んだと私に信じて,トーマスに感謝しています.
杯を取り戻してとても嬉しいわ
チームのことで,助けられることに嬉しかった"と,感動的なガルシアは,ヨーロッパでの勝利の後,言いました.
彼はジョン・ラームのを自分の国に直し, ゴルフの伝説のタイガー・ウッドスを 2&1で勝った.
"タイガー・ウッズに勝ったことをとても誇りに思っていました. 私は彼のことを見て育ちました" 23歳のラームは言いました.
フランスを代表した4試合を全て負けた ウッズは 13-21-3の記録で レーダーカップ戦に勝利した.
歴史上最高の選手の1人にとって 驚くべき結果です 14つのメジャーリーグ優勝を収めた後 ジャック・ニコラスに次ぐ2人目です
週末はアメリカ代表が 試合中 試合中 試合中 パトリック・リード ジャスティン・トーマス トニー・フィナウを除いて 試合中 試合中 試合中 試合中 試合中 試合中 試合中 試合中 試合中 試合中 試合中 試合中 試合中 試合中 試合中 試合中 試合中
アメリカ代表のジム・フューリックは チームでのパフォーマンスに失望して言いました "私は誇りに思う 彼らは戦った"
午前中にヨーロッパに圧力をかけました
落下した
トーマスのために上を担当します.
彼は素晴らしいリーダーだ
彼の12人の選手は皆とても良いプレーをしている.
再び一緒に  PGAで働くつもりだ レーダーカップ委員会で
私は12人を愛しています そして彼らのリーダーであることを誇りに思います
引き上げなければならない.
彼らは我々よりうまくプレーした.
ピンラス,マナティ,サラソタで 密度が下がる
テキサス州で 野生動物保護委員会が発表した最新情報は タムパ湾の部分で 野生動物が 密度が低下していることを示しています
FWCによると ピンレス,マナティ,サラソタ,シャーロット,コリア郡の 特定の地域では 枯れ木の花が 減少していることが報告されています
ザラザラバはピネラス州北からリー郡南まで 約200キロの海岸線を横切っています
希ルスボロ郡から10キロほど離れた場所に 独特の花が咲いていますが 先週よりも少ない場所です
パスコ郡でも 花が報告されています
ピネラス郡の周辺で中程度の密度が報告されました ヒルズボロ郡の海岸線外で 低から高密度まで マナティ郡の海岸線外で 非常に低から高密度まで サラソタ郡の海岸線内や シャーロット郡の海岸線内 非常に低から中程度の密度まで リー郡の海岸線内や リー郡の海岸線外で 非常に低から高密度まで
呼吸器不全はピネラス,マナティ,サラソタ,リー,コリアー郡で報告されています
呼吸障害は過去1週間で 報告されていません
