A jobboldali populisták győzedelmeskednek Ausztriában , 29 százalékuk van
Az első parlamenti választások első eredményei szerint az osztrák parlamenti választások a jelen nagy koalíció mindkét pártjának érzékelhető gyengülését és a jobboldali populista pártok jelentős lendületét hozták .
Az Osztrák Néppárt ( ÖVP ) , ahol a jelenlegi vezető , Wilhelm Molterer pozícióját súlyosan megrázzák , különösen nagy veszteségeket szenvedett .
Ezzel szemben a Szövetség Ausztria Jövője ( BZÖ ) kampányvezetője , Jörg Haider karintiai kormányzó diadalmas visszatérést készül készíteni a nemzeti politikába .
Az előzetes eredmények szerint a szociáldemokrata párt ( SPÖ ) továbbra is a legerősebb az országban 29,8 százalékos szavazattal , azonban a legutóbbi 2006-os választások óta 5,5 százalékot veszített .
Az ÖVP , amely 25,6 százalékos veszteségével közel kilenc százalékot veszített , még rosszabbul járt .
Ezek a legrosszabb eredmények mindkét nagy pártnak az osztrák háború utáni történelemben , és különösen a Néppártnak , akik sürgették az előrehozott választásokat , ez szó szerint katasztrofális eredmény .
Július elején , amikor az ÖVP kilépett a koalícióból , a Néppárt még mindig jelentős előnnyel vezetett az SPÖ-nél a szavazások során .
A szavazók azonban nyilvánvalóan megbüntették őket , amiért hagyták , hogy a kormány lepényhalat hagyjon .
Az eredményekre adott első reakciókban már spekulációk is voltak a pártvezető és a jelenlegi alkancellár , Wilhelm Molterer lemondásáról .
A megfigyelők azt várják , hogy ez már a pártvezetés rendkívüli ülésén megtörténhet hétfőn .
Egy ilyen fejlemény minden bizonnyal leegyszerűsítené az utat a választási eredmények egyre valószínűbb kihasználása felé , azaz az SPÖ és az ÖVP nagy koalíciójának megújítása felé .
A jobboldali populista pártok megerősödése miatt - a Szabadság Párt ( FPÖ ) a szavazatok 18 százalékát , a BZÖ tizenegy százalékát szerezte meg - ugyanakkor a szociáldemokraták az 1999-es év megismétlődésétől való félelemnek adtak hangot , amikor a Néppárt megegyezett a populistákkal ( a FPÖ még akkor is egységes volt , 2005-ben elszakadt a BZÖ-től ) egy közös kormányra , amely végül szankciókat váltott ki az Európai Unióból .
Haider , aki már bejelentette , hogy hajlandó együttműködni bármely féllel , és feltételezi , hogy visszatér Bécsbe a nemzeti politikába , nyilvánvalóan számít erre a fejlődésre .
A Zöld Párt is bekerült a parlamentbe , de kisebb veszteség érte , és az osztrák pártok közül a harmadik helyről az ötödik helyre esett vissza .
A többi párt nyilvánvalóan nem érte el a négy százalékot , és nem jutott be a parlamentbe .
Schwarzenberg : Az Indiával való kapcsolatok romolhatnak
Karel Schwarzenberg külügyminiszter szerint , ha nem lesz lehetséges az Indiában a bogarak illegális gyűjtésével megbízott cseh tudósok problémájának megoldása , akkor a cseh-indiai kapcsolatok bizonyos romlása történhet .
A miniszter ezt a nyilatkozatot tette New Yorkban , miután ma találkozott indiai kollégájával , Pranab Mukherjee-vel .
" Ha nem oldják meg , akkor igen , akkor egy bizonyos romlás történne , " mondja a cseh oldalról kezdeményezett találkozót követően .
A tárgyalások után Mukherjee azt mondta , hogy a végrehajtó hatalomnak nehéz volt beavatkoznia a bírósági ügyekbe .
Mindazonáltal azt mondta , hogy Petr Švácha esetében , akit felmentettek a vádak alól és bírsággal büntették , a központi kormány tárgyalhat a Darjeelingben lévő önkormányzattal , amelynek joghatósága alá tartozik .
" A problémája megoldható " - mondta a miniszter .
Mukherjee szerint Emil Kučera számára az lenne a legjobb , ha három év börtönbüntetésre ítélnék , hogy fellebbezzen a felsőbb hatóságoknál .
Aztán kérheti , hogy engedjék szabadon óvadék ellenében , és várja meg az ítéletet a börtönön kívül , magyarázta .
Schwarzenberg megerősítette , hogy a tárgyalásokon a társa is ezt mondta .
" Azt javasolja , hogy a magasabb bírósághoz forduljon , akkor lehet , hogy megbocsát neki " - mondta a cseh diplomácia vezetője .
Az egyetlen módja , hogy a cseh fél is részt vegyen az ügyben , hogy az elítélt egyének " illetékes jogi támogatást " - mondta az indiai miniszter .
Ugyanakkor azt mondta , hogy az indiai fél máris ilyen típusú segítséget nyújt számukra .
" A legnagyobb érdekünk , hogy fenntartsuk a legjobb kapcsolatokat Indiával , amelyeknek régóta hagyománya van .
Az indiánok is elismerik ezt , " Schwarzenberg mondta .
Ugyanakkor , ahogy a cseh sajtóügynökségnek is elmondta , partnere előtt hangsúlyozta , hogy Csehország nagy jelentőséget tulajdonít a cseh entomológusok problémájának .
" Komolyan úgy gondoljuk , hogy a cseh tudósok letartóztatása és vádemelése súlyos hiba " - jelentette ki .
A miniszter nem válaszolt arra a kérdésre , hogy kapott -e ígéretet az indiai oldalról , hogy folytatja az ügyet .
Azt mondta , hogy „ Már jó néhány ígéretet kaptam ” .
Cseh játékvezetők csata óceán fenekén
Ausztráliát és a környező tengeri területeket ábrázoló elektronikus fali térkép felé halad .
Azonban nem érdekli a kontinens , hanem egy kis pont elveszett a kék az óceán .
" Ez a sziget , és vele együtt az óceán feneke , Ausztráliához tartozik .
Ugyanakkor a terület olyan nagy , mint maga a kontinens,"mondja Luigi Santosuosso olasz ügyvéd , aki az ENSZ Ocean Affairs és a Tengerjogi Osztályának harminc fős alkalmazottakhoz tartozik .
Főnöke , a részleg igazgatója , Václav Mikulka cseh ügyvéd követi , amit mond , és alkalmanként hozzátesz valamit .
A munka iránti lelkesedés és lelkesedés dominál itt .
Az óceánfenék egy eddig kevéssé ismert természeti kincsekben gazdag világot rejt .
Lehetőség van olaj , ércek és más ásványi anyagok felkutatására , de eddig ismeretlen élő szervezetek megtalálására is , amelyek kulcsfontosságúak például a rák gyógyításának kifejlesztéséhez .
A földrésznél nagyobb padló
A part menti országok ma heves versenybe kezdtek az új víz alatti területért .
Azaz , az ENSZ egyezség szerint kihasználják azokat a jogokat , amelyekben 1982-ben megállapodtak Montego Bay-ben , Jamaikában .
Ez elsősorban az úgynevezett kontinentális polc területe , amely gyakran több száz kilométerre van az adott ország partjaitól .
A megállapodás szerint az adott országnak kizárólagos joga van a kontinentális polc összes erőforrásaira .
" Egyszerűen , a kontinentális polc az óceánfenék részének tekinthető , amely a kontinens természetes folytatása a tenger alatt és annak szubstratumában .
A part menti tenger határánál is túlnyúlt , gyakran még az úgynevezett kizárólagos gazdasági övezet kétszáz tengeri mérföldjének szélén is " - magyarázza Mikulka .
A Continental-polc korlátairól szóló kérelmet az adott ország által a Bizottsághoz benyújtott kérelemnek számos költséges felmérésen és mérésen alapuló tudományos és műszaki dokumentációval kell alátámasztania .
Ez az eredménye sok éves előkészítő munka .
" Az egyik feladatunk , hogy a Bizottságnak jogi és speciális technikai segítséget nyújtsunk .
A Bizottság eddig öt kérést tárgyalt meg Oroszországból , Brazíliából , Ausztráliából , Írországból és Új-Zélandról .
Eddig csak az utolsó három ország volt sikeres " - tette hozzá Mikulka .
A közelmúltban Ausztrália sikerét , amely elsőként bővítette víz alatti területét , világszerte regisztrálták .
De Új-Zéland is szerzett - az óceánfenék területe , amelyet a bizottság elismerte , körülbelül 1,6 millió négyzetkilométer , azaz durván hatszor nagyobb , mint maga az ország .
Mindkét ország dollármilliókat fektetett a földmérésbe .
A profit , ami az óceánfenék jövőbeni hasznosításából származik , reményeik szerint felbecsülhetetlen lesz .
Más országok is fokozatosan benyújtják kérelmeiket .
Tíz évük van , attól a pillanattól kezdve , hogy ratifikálták a " Montego Bay-i megállapodást " .
Ahol a kontinentális talapzat véget ér , ott kezdődik az óceán fenekének területe , amelyet a megállapodás az emberiség közös örökségének nyilvánít .
Itt már nincs egyetlen ország sem kizárólagos pozíciója .
Az e területen a bányászati jogokat a nemzetközi intézmény által létrehozott megállapodás biztosítja .
" De az óceán feneke nem Klondike " , mondja Mikulka igazgató túlzottan , hozzátéve , hogy " az egyes területek jogilag egyértelműen körülhatárolt , és a rendszer rögzítve van a szerződések . "
Cseh a Csendes-óceánon
Az óceánfenék egy része jelenleg Csehországhoz tartozik .
A korábbi keleti blokk más országaival is megosztja az " Interoceanmetal " közös szervezet részeként .
Megállapodással ez a szervezet , mint több más ország befektetői , 1991-ben megkapta az úgynevezett " úttörő befektető " státuszt .
A ClarionClipperton zónában bányászati célra van engedélyezve a Csendes-óceánon , amely Mexikó , Hawaii és Kiribati között fekszik .
A befektető által vizsgált terület valamivel nagyobb , mint az egykori Csehszlovákia .
Az óceán feneke ott masszív , egyfajta víz alatti modell a Tátrában .
" Lehetséges , hogy az enyém ott egy teljes területe 75.000 négyzetkilométer .
A terület gazdag hely a nikkel , réz , kobalt és mangán tartalmú polimetal betongyűjtés számára " - mondja egy másik ügyvéd , Pakshi Rajan Indiából .
A macedón ügyvéd a hadosztályból , Rober Sandev , egy ilyen belátást hoz a bemutatásra .
Úgy néz ki , mint egy kis krumpli , vagy egy kis fantázia , a mitikus séma , amely a legenda szerint életre keltette a Golem .
Német különleges erők jelen a túszmentő
A túszdráma megoldásában az egyiptomi kormány segítséget kért Németországtól , amely szakértőket küldött .
Amikor a nyomásra került sor , a különleges erők készen álltak , de a szolgáltatásaikra végül nem volt szükség .
Egyre több részlet merül fel az Egyiptomban elrabolt tizenegy európai turista felszabadításának körülményei kapcsán .
A német szövetségi védelmi és belügyminisztérium szerint a német különleges erők közvetve részt vettek a mentőakcióban .
A mentés során jelen voltak a Szövetségi Fegyveres Erők ( Bundeswehr ) és a Német Szövetségi Rendőrség ( Bpol ) és GSG 9 és Légi Gárda különleges egységei , a minisztériumok szóvivői hétfő este , valamint a Szövetségi Bűnügyi Rendőrség ( BKA ) tagjai és a Technikai Segélyek Ügynökségének ( THW ) logisztikai szakértői .
A német erőkre azonban nem volt szükség , mivel a foglyok elhagyták a túszokat és elmenekültek , amikor megtudták , hogy a túszokat erőszakkal fogják kiszabadítani .
Az egyiptomi kormány elfogadta a Németország által felajánlott segítséget , hogy a német erőkre támaszkodjanak a hadművelet során .
Szerencsére nem jutottunk el idáig , mondta a német belügyminisztérium szóvivője .
Az öt németből , öt olaszból , egy román nőből és nyolc egyiptomi társukból álló utazási csoportot szeptember 19-én megtámadták és elrabolták Egyiptom déli részén .
Miután Egyiptom déli részén , egy sivatagi régióban elrabolták őket , a túszokat oda-vissza vitték Egyiptom , Líbia , Szudán és Csád határvidékére .
A mai napig az őrizetesek kiléte ismeretlen , akárcsak a mentési részletek vagy a lehetséges váltságdíjak .
Az egykori túszok biztonságban megérkeztek Kairóba , eközben .
Steinmeier német külügyminiszter azt mondta , hogy a német nagykövetség gondozására bízták őket .
Nem kommentálta a mentés részleteit .
Berlinben nem adtak azonnali tájékoztatást a Németországba való visszatérésükről .
A német ` Bild ' újság szerint az öt turista és a különleges erők felszállnak egy Airbusra a Német Légierőnél , amely állítólag kedden érkezik Németországba .
Az Egyesült Államok Képviselőháza elutasítja a kimenekítést
A 700 milliárd dolláros mentőcsomag a pénzügyi piacok számára alig sikerült átadni az Egyesült Államok Kongresszusának két kamarájának első ülésén .
A Dow Jones orrugrást hajtott végre .
227-206-os szavazattal a képviselőház elutasította a kormány pénzügyi piacokra vonatkozó mentőcsomagját .
George W. Bush elnök és mindkét fél vezető tisztviselőinek minden fellebbezése ellenére sem sikerült többséget elérni a programhoz , amelynek célja a pénzügyi piacok káoszának megfékezése volt .
Egy drámai kampányban a támogatók kétségbeesetten próbálták meggyőzni a kritikusokat a 700 milliárd dolláros terv érdemeiről .
Barney Frank , az egyik fő demokrata tárgyaló , kérte a képviselők jóváhagyását , annak ellenére , hogy népszerűtlen terv volt .
Nehéz politikai jóváhagyást szerezni egy olyan dolog megelőzésére , ami még meg sem történt , ” – ismerte el .
A szavazás még folyamatban volt , a Dow Jones több mint hat százalékkal , azaz 600 ponttal esett vissza .
A befektetők aggódnak , hogy a kormány megmentése sikertelen lesz .
A szavazás vége előtt röviddel felépült , csak hogy újabb orral ugorjon , amikor az elutasítást nyilvánosságra hozták .
A szakértők most további súlyos turbulenciákat várnak a nemzetközi pénzügyi piacokon .
Ahhoz , hogy a tervet végrehajtsák , mind a Képviselőház , mind a Szenátus jóváhagyása szükséges .
Utazási irodák jelentés növekedése a foglalásokban
Jó tél lesz a német utazási irodáknak , nyilvánvalóan :
Egy felmérés szerint a következő hónapokra vonatkozó foglalások forgalma jelentősen megnőtt az előző évhez képest - a téli szezonban akár 30 százalékkal is .
A gyenge gazdaság kilátásai ellenére a németek utazási étvágya továbbra is romlatlan , egy felmérés szerint .
A téli szezonban történő foglalások esetében az utazási irodák forgalma 31 százalékkal nőtt az előző év azonos időszakához képest - jelentette a Német Utazási Szövetség ( DRV ) hétfőn Berlinben .
A GfK piackutató cég szerint az őszi hónapokban is nőtt a foglalások száma .
Az utazási irodák a forgalom körülbelül tizenegy százalékkal nőttek október és 2007 között , mondta a DRV.
Az eredmények a GfK számain alapulnak , amely 1200 német utazási iroda foglalási adatait dolgozza fel havonta , és ezeket használja fel a piac egészére vonatkozó előrejelzések készítéséhez .
A foglalások 2008 augusztusáig tartanak .
Mivel a gyenge dollár , különösen az Egyesült Államokba való utazások voltak a kereslet , a DRV mondta .
Ezen a területen a foglalások körülbelül egyharmadával nőttek , azt mondta .
Ezenkívül rámutatott Spanyolországra , Törökországra és Görögországra , hogy a németek , valamint a hazai régiók körében népszerű .
Az all inclusive utazások különösen keresett-after , DRV elnök Klaus Laepple mondta .
Az energia és az élelmiszerárak emelkedése fényében költségük az ügyfelek számára kiszámíthatóbb volt , mint az egyedileg szervezett nyaralásoké,”mondta Laepple .
A fogyasztók pénzt takaríthatnak meg a koraibird vagy all-inclusive kedvezmények , többek között , Laepple mondta .
Mivel a nyári hónapok is nagyon jól voltak lefoglalva , az előző évhez képest újabb forgalomnövekedés várható , bár egy másik felmérés szerint az előző évhez képest süllyedt el az utazó németek száma .
Az első alkalom az Oktoberfesten
Tavaszi-törés-és après-ski-stílusú találatok ismétlési módban , sör egy literes bögrék és hírességek designer Dirndln .
Egy Wiesn Debut .
Gyakorlatilag , Susanne Kronzucker és én nem sok közös van bennünk .
Szőke , TV műsorvezető , és egy szabott Dirndl-t visel .
Sötét hajam van , diák vagyok , és a ruhám használt .
De van egy dolog , ami összeköt minket : Már a Wiesn alig három perc , és már a fotósok zsúfolt körülöttünk , és pillanatfelvétel el , töltse fel a memóriakártyák - nagyon hízelgő , és ez az első látogatás a Wiesn , a boot .
Így szerzel barátokat .
A cheapo Dirndl úgy tűnik , hogy a munkáját végzi .
Egy Wiesn turista általában székhelye északra ` Weisswurst egyenlítő , " hogy kényelmes érzés rajta hagyományos bajor ruhában hagyott sok kívánnivalót a mai napig .
De ha egyszer megérkezett Theresienwiese , ez nem olyan rossz , mint az összes .
Szinte mindenki visel Dirndl vagy Lederhosn; senki sem néz ki undorodott vagy zavarba jött - ez teljesen normális .
Csak a Dirndl kötényem rajzolt furcsa pillantásokat a csokoládé-banán eladóra .
Egy müncheni asszony felhívta a figyelmemet , hogy rosszul kötöttem meg a kötényt:,Bal oldalon elérhető , középen szűz , jobb oldalon elkötelezett , hátul özvegy . '
Furcsamód , hátulról balra húzom a kötényem .
" Úgy néz ki , mint egy jó " , mondja , és nevet .
Mások kevésbé törődnek a finom flörtölési technikákkal , és egyszerű filc kalapokat viselnek , amelyek azt mondják : " Túl részeg ahhoz , hogy öltözzön " , és anélkül , hogy megkérdeznék , mutassák meg az embereknek meztelen hátukat .
A fiatalember az exhibicionista hozzáállás hívják Bob , Angliából származik , és ez az első alkalom , hogy az Oktoberfest , valamint .
Nagyon szépnek találja , hosszú nyújtható ` oooo'-val .
Ezt mondja nekem , miután megszabadult a korábbi " Maß " -tól .
Közvetlenül az egyik tűzoltócső mellett , amit mindenki szeméttelepnek néz .
Szóval Bob egyike a hírhedt " Wildbiesler " -nek .
Mások nem elég szerencsések ahhoz , hogy így veszítsék el az alkoholt .
Éjjel nyolckor , rengeteg mentős nyüzsög a helyszín körül , és a szegény csajokat figyelik .
A mentősök mindig csomagokban jelennek meg - mindig négyen vannak egyszerre , egy fedett hordágyat cipelve sátorról sátorra .
Úgy működik , mint a legtöbb Wiesn látogató : Ha üres , akkor fejjel , és amikor tele van , jönnek vissza .
Nem látod , ki van a koporsókban .
Az egyik mentős felkiáltott , amikor rákérdeztem , és eltűnt a tömegben .
A rendőrség által megnevezett baleset áldozata
Egy 63 éves gyalogos nőt , aki meghalt a kórházban , miután elütötte egy jármű Essexben , elneveztek .
Carole Paulson , a Brentwood-i Chelmsford Road-ról , részt vett a péntek délutáni balesetben a Shenfield Road-on , a városban .
A Queen's Hospital-ba vitték , Romfordba , de később meghalt .
A baleset után egy 51 éves férfit tartóztattak le gondatlan vezetés gyanújával .
Azóta rendőri óvadék ellenében kiengedték .
Törökország egyre szélesebb diplomáciai horizonton
Jóval azelőtt , hogy Törökország az Európai Unióhoz akart volna csatlakozni , az európai hatalmak már nagyon várták , hogy mélyen behatolhassanak Törökország hátországába .
A Boszporusz keleti oldalán , talán 20 lépésnyire Ázsiától , áll az egyik legszebb emléke ennek a bukott császári ambíciónak .
A Hydarpasha vasútállomást Otto Ritter és Helmut Conu tervezte neo-reneszánsz stílusban .
Legalábbis az útikönyvek ezt mondják .
Az épület a platformok végén ül , és minden sarkában torony áll , amely az egész világot keresi , mint valami tartományi német városháza .
A kő koszos .
Az egész épület kissé romlik .
De amint a páncélozott jegyirodában van , nincs kétség a vállalkozás nagyságáról , amelynek ez volt a legnyugatibb kapuja .
Az állomást 1908 augusztusában nyitotta meg egy német konzorcium , az Anatolia-Bagdad Corporation .
Németország , a császári játék kései vendége , célja , hogy megvalósítsa a Közel-Kelet uralására irányuló törekvéseit ezen a Damaszkuszba , Bagdadba és azon túlra tartó vasút révén , amely ma Szaúd-Arábia .
De Németország birodalmi törekvései az első világháború alatt alapultak .
Vasútjait Arábiai Lawrence és arab rendhagyó emberei támadták meg .
A hidegháború fagyos határai által okozott viszonylagos elszigeteltség a környező területektől megszűnt .
A brit és a dominóerők Egyiptomból indultak , és a törököket és német szövetségeseiket kitoloncolták Palesztinából és Szíriából .
És rossz híreket is kaptunk a Hyderpasha állomásról .
1917-ben egy lőszerszállító vonat felrobbant , és felrobbantotta a bonyolult tetőt .
Török források szerint szabotázs volt .
Azóta lassan elpárolgott , nagyrészt elkerülte a történelem .
De ma , ez a vasúti átjáró Anatóliába és minden keletre mutat , szimbolikusan legalább arra szolgál , hogy kiemelje Törökország egyre szélesebb diplomáciai horizontját .
A kormányzó Igazságügyi és Fejlesztési Párt - az AKP - egy teljesen új külpolitikát alakított ki az ország számára .
A hidegháború fagyos határai által okozott viszonylagos elszigeteltség a környező területektől megszűnt .
Most már van egy új elkötelezettségi politika .
A török kormány jó kapcsolatokat ápol Izraellel és Szíriával , a Hamász és Fatah palesztin frakcióival , Irakkal és Iránnal , és természetesen az Európai Unióval és az Egyesült Államokkal .
Az új külpolitika paramétereinek felmérése érdekében felszálltam az éjszakai alvó török fővárosba , Ankarába , hogy meglátogassam az AKP egyik vezető külpolitikai szakértőjét , Suat Kiniklioglu török parlamenti képviselőt .
Másnap reggel - mintegy tíz és fél órával később - egy olyan út után , amely a híres The Night Mail dokumentumfilm régi világbeli ritmusát eredményezte , megérkeztem a török fővárosba - egy új világi állam új városaként javasoltam , amely hátat fordít az oszmán múltnak .
De az AKP ismert iszlamista gyökereivel paradigmaváltást jelent a török konszenzusban .
Nyugaton is gyanakvást keltett , leginkább Washingtonban .
Egy taxi elvitt az AKP főhadiszállására , egy ultra-modern kő- és acélszerkezet-célú-épületbe , egy fejlődő külvárosban , félkész bevásárlóközpontokkal és hatalmi központokkal körülvéve , ahol az üzleti öltönyös középvezetők - férfiak és nők egyaránt - találkoztak , hogy kora reggel üzleteket kössenek .
Suat Kiniklioglu szinte bármely más európai politikai párt jobbközép politikusa lehetett volna .
Öltöny , nyakkendő , biztos vagyok benne , hogy még Blackberryt is csomagolt .
„ A párt külpolitikájának célja , hogy Törökországot újra integrálja közvetlen szomszédságába .
A hidegháború egy anomália volt , " mondta nekem .
Törökországot elvágták a hátországától .
Ma egyszerre kellett keletnek és nyugatnak néznie .
Nem volt az egyik vagy a másik eset .
Mindkettő kellett .
" De egy bizonyos ponton , " kérdeztem , " Törökország kénytelen lehet választani ? "
" Törökország " , mondta , " nem akart szembenézni ezzel a döntéssel . "
Hangsúlyozta , hogy szinte mindenki , akivel itt beszéltem , szinte teljesen elszavalt : Törökország nemcsak a Közel-Kelethez , hanem a Kaukázushoz és a Fekete-tengerhez fűződő kapcsolatai ugyanolyan előnyökkel járnak Európa és az Egyesült Államok számára , mint Törökország számára .
Törökország a fedélzeten , az üzenet úgy tűnik , hogy Európa egésze metaforikusan lovagolni ezeket a vasútvonalakat keletre Ázsia és a Közel-Kelet felé .
A Hydarpasha állomáson , egy újabb nagy álmatlan éjszaka után , eszembe jutott az a két német úriember , Herr Ritter és Herr Conu , akik látták ezt az épületet 100 évvel ezelőtt .
Milyen meglepődve vették volna észre , hogy Európa közel-keleti ambíciói nagy részben Törökország kezében vannak .
És ahogy vártam a terminálnál , hogy a komp visszavigyen a Boszporuszon keresztül , eszembe jutott , hogy akkoriban Törökországot mindig Európa beteg emberének hívták .
Akkor legalább nem tűnt sok kétségnek , hogy melyik kontinensnek kellene igényt tartania erre a lenyűgöző országra .
Vernon Handley és William Woodruff – Wikipédia
Mark Brown írja : Ahogy Guildford zenei igazgatója 1962-től , Vernon " Tod " Handley ( gyászjelentés , szeptember 11 ) volt felelős a Guildfordi Filharmonikus Zenekar és kórus .
A város zenei programjának részeként a következő évben megalapította csodálatos ifjúsági kórusát , a Proteust .
A 21-es éveikben kellett volna lennie , de mire a Proteus 1979-ben elénekelte a finálét , sokan a 20-as éveik végén jártak , nem voltunk hajlandóak lemondani a kórusról .
A " Proteus " ( a mitológiai alakváltó ) név a kórus hajlandóságát és képességét jelentette , hogy kezelje a neki bemutatott zenét , legyen szó madrigálról vagy Messiaenről , akár kíséret nélkül , akár teljes zenekarral .
Az ilyen ifjúsági kórus által létrehozott zenei sokoldalúság gyakran megdöbbentő , mindig izgalmas volt , és mindez annak az egy embernek az inspirációjából és a zene iránti lelkesedésből fakadt , amely az évek során teljesen állandó maradt .
Tod gyakran mondta nekünk , hogy " hagyjuk , hogy a zene önmagáért beszéljen " .
Azt mondaná : " A zeneszerző tudja , mit akar .
Minden benne van a zenében .
Akkor énekelj ! "
A bot technikája teljesen világos és precíz volt , bár soha nem diktatórikus , sem florid .
Bármilyen zenei színvonalat is választott , mindig magasabbra emelte .
John Frayn Turner írta :
Ha bármelyik karmestert lovaggá ütötték volna , az Vernon Handley volt .
Jól ismertem a két évtized alatt , 1962 és 1982 között vezette a Guildfordi Filharmonikusokat .
Az elmúlt 40 évben több mint 100 koncertjét vizsgáltam , és őszintén mondhatom , hogy soha nem csalódtam egyetlen - és sokszor inspirálta őket .
Tod Handley-nek volt egy ritka kombinációja a nagyság és a szerénység között .
Utálta a karmestereket , akik szavaival élve egyszerűen " felsólymoltak egy vagy két jól ismert harci lovat a világ minden tájáról " .
Sokan hiányolni fogjuk .
William Woodruff
John Beckett professzor írja :
William Woodruff ( szept 25 ) gyászjelentése szerint „ 1946-ban folytatta a gazdaságtörténetet Oxfordban , és 1950-ben Houblon-Norman kutató ösztöndíjas lett ... miközben egyidejűleg BSc , MA és PhD tanulmányokra tanult ” .
Ez a Woodruff szerzőjének Beyond Nab End című műve alapján következik , de nem helyes .
1946-1953 között a Nottinghami Egyetemen tanított gazdaságtörténetet , majd a brit gumiiparról doktori disszertációt szerzett , J. D. Chambers professzor felügyelete alatt , majd 1958-ban a brit gumiipar címmel jelent meg .
1950-51-ben az Egyesült Államokban Houblon-Norman ösztöndíjjal , 1952 nyarán pedig az Illinois , Harvard és New York egyetemeken dolgozott .
1953-ban végleg elhagyta Nottinghamet Illinois-ba .
Hogy Woodruff miért választotta a fényes pályát karrierje ezen részén , az ismeretlen .
J. Vincent Resino a Filológiai Karon
" Ajánlom José Vicente Resino " Flamenco y vida " kiállítását , mert a dokumentumfilm stílusban készített fekete-fehér fotói rendkívüliek .
A fotók felhívták a figyelmemet az egyszerűségük és erejük miatt , amelyek továbbítják , mindig különös figyelmet fordítanak az alanyokra .
Egy kiállítás , amely mély érzéseket kelt .
Resino képes megragadni a mágikus pillanatokat . "
Második támadás a Honda szuper-eladásáért
Jövő novemberben a Honda elindítja a második Jazz modellgeneráció marketingjét .
Ha az előző modellt már a magas lakhatóság jellemezte , akkor ez az új minivan egy belső térrel rendelkezik .
Ezenkívül finom mechanikával van felszerelve , amely növeli a vezetési kényelmet és lehetővé teszi az üzemanyag-megtakarítást .
Forradalom helyett evolúció .
Ez a Honda Jazz második generációja .
Míg esztétikailag az új Jazz úgy néz ki , mint az előző modell , a kisbuszban bekövetkezett változások számosak .
Többek között érdemes rámutatni innovatív dizájnjára , új platformjára , nagyobb méretére és szép új mechanikájára .
Mindenesetre , mielőtt továbblépnénk az új modell elemzéséhez , hasznos lehet rámutatni arra , hogy ez az új Jazz csak hat évvel az első generáció belépése után jön .
Ezért az első megfigyelés során figyelembe kell venni , hogy a Honda gyorsabban megújította ezt a modellt , mint a többi vállalat általában .
Még ha a Jazz modell kevésbé ismert is Európában , mint más piacokon , az értékesítés szempontjából továbbra is jelenség marad .
Ez Japán esetében is így van , ahol a Jazz volt 2002-ben a legkelendőbb autó , és 2008-ban is .
Épp ott , majdnem egymillió darab Jazz-t adtak el a modell bemutatásáról .
A második piac az Öreg kontinens volt , mintegy félmillió darabot adtak el hat év alatt .
A számok ellenére a Honda úgy véli , hogy ez az új Jazz még nagyobb forgalmat fog elérni a szegmensben .
Tehát , ha 2007-ben a japán cég eladott összesen 83.000 egység ebből a modellből , 2009-ben becslések szerint körülbelül 100.000 autó lesz . Ez előrelátható , hogy az eladások 17% -kal emelkednek csak az európai piacon .
A spanyol piacot illetően a Honda 2002 óta összesen 8000 Jazz-t értékesített , ami a spanyolországi vállalat teljes forgalmának 6,7% -át teszi ki .
Az új generáció megjelenésével a spanyolországi cégért felelős vállalat várhatóan mintegy 2000 darab Jazz-t fog eladni egy éven belül .
Az új Honda Jazz érkezése valószínűleg lehetővé teszi , hogy nagymértékben csökkentsék az eladások csökkenését Spanyolországban .
A márkaért felelős személyek az év végére összesen 22 000 eladott egységgel , azaz 4 000 egységgel kevesebbel várják a vásárlást , mint 2007-ben , 16%-os csökkenéssel .
Az értékesítés növekedése ellenére a Honda növelte piaci részesedését Spanyolországban , elérve az 1,8% -ot , szemben az előző év 1,6% -ával .
Ugyanakkor a japán vállalat 2010-ben várhatóan eléri a 2% -ot .
Ennek elérése érdekében a Honda magabiztos egy másik új modelljében .
Ez az Insight , egy hibrid , ötajtós kompakt autó , 4,37 méter hosszú . A japán cég reméli , hogy világszerte 200.000 darabot ad el ebből a modellből , egy éven belül .
A piacok és a japán gyártók becslései szerint az Insight eladásának 50%-a az Egyesült Államokból érkezik , míg a fennmaradó 50% mind az Ókontinensről , mind Japánból .
Az Insight kereskedelmi bevezetését a jövő év elején tervezik , röviddel a modell januári Valenzában történő bemutatását követően .
Az első generációhoz képest az új Jazz teljes egészében fejlődött .
Most eléri a 3,90 méter hosszú ( öt centiméterrel nagyobb ) , 1,69 méter széles ( két centiméterrel nagyobb ) és a tengelyközi 2,50 méter , öt centiméterrel növelve .
Az 1,52 méter magas , még mindig változatlan maradt .
A méretével együtt lakható belseje nőtt az űrben .
Ez az előny elsősorban az új platformból ered , másrészt az üzemanyagtartály központi helyen történő bevezetéséből , amely megoldást már az előző Jazz-ben is elfogadtak .
A csomagtér kapacitása – dupla alsó térfogata – 399 literre emelkedik , ami 19 literrel nagyobb kapacitást jelent az első generáció számára .
Megjegyzendő , hogy ezek a Honda Jazz 1.4 mérései , míg a csomagtér kapacitása az 1.2 modellben mindössze 379 liter .
Egyéb fejlesztések - a külső elemek , például a hátsó led vagy a panoráma üveg felszerelésének lehetősége mellett - a hátsó ülésekhez való jobb hozzáférést érintik .
Ajtók , amelyek lehetővé teszik a hozzáférést a hátsó ülések , nyitott most szögben 80 fok , míg 67 fok az első modell .
Ezen kívül minden motor elég új ebben a második generációs autók .
A forgalomba hozatal idején ez a kis modell 1,2 vagy 1,4 literes benzinmotorral érkezik .
Mindkét mechanikai rendszer tartalmazza az i-VTEC technológiát , amely alacsonyabb üzemanyag-fogyasztást tesz lehetővé , kevesebb szén-dioxid-kibocsátást termel , optimalizálja a mechanikai finomításokat , és ugyanakkor minden fázisában nagy nyomatékot tart fenn .
Az 1,2 literes változat 6000 fordulat/perc sebességgel 90 LE teljesítményt ér el , maximális forgatónyomatéka 114 Nm . 4900 fordulat/perc .
A korábbi Jazz-ben elért 78 lóerőhöz mindössze 5,3 liter üzemanyagra van szükség , és 125 gramm CO2-kibocsátás-egyenértéket termel .
Az előző meghajtáshoz képest , amely az első generációs modellben 83 LE-t használt , az új 100 LE-t használhat .
Az 1,4 literes Jazz 100 lóerővel 5,4 liter üzemanyagot és 128 gramm CO2-t bocsát ki .
Egy ' bee-car ' , hogy elkerülje az ütközéseket .
A balesetek megelőzésére szolgáló technológiák kifejlesztése során a Nissan ezúttal a természet , és különösen a méhek inspirálták .
A japán cég létrehozott egy robotot , amely utánozza a méhek repülését , elkerülheti a baleseteket .
Ez a Bio-mimetikus Autó Robot Drive , vagy BR23C , az első lépés a projekt technológiák ütközések megelőzésére .
A Nissan Motor Co. fejlett műszaki központjának mérnökei ezt a kis robotot a japán rangos Tokiói Egyetem Tudományos Kutatási és Technológiai Központjával együttműködve fejlesztették ki .
Kazuhiro Doi , a Public Relations for the Technology , Research and Development of Brand Management igazgatója szerint a BR23C a Nissan által gyártott négy terület biztonsági pajzsának bővítése .
Ez a robot célja , hogy javítsa a képességét , hogy megakadályozzák ütközések a járművek által termelt a cég .
A repülés során minden méh létrehozza saját ovális személyes terét , amely nagyon hasonlít a Nissan által kifejlesztett biztonsági pajzshoz .
De a legfontosabb elem a méhek összetett szemei , amelyek minden irányban látnak , extra 300 fokos szögben , lehetővé téve a rovar számára , hogy megszakítás nélkül repüljön a személyes térben .
Újra létrehozni ezeket a vizuális funkciókat , mérnökök kifejlesztették , amit meghatározott lézeres lokátor ( lézeres távolság kereső ) .
Ez a mechanizmus érzékeli az akadályokat 2 méteren belül , és egy sugarú legfeljebb 180 fok előtt a BR23C , kiszámítja a távolságot , hogy a tárgy , és küld egy jelet a mikroprocesszor a fedélzeten , amely azonnal lehetővé teszi , hogy megakadályozza az ütközést .
" Amikor akadályt észlel , a kis robot utánozza a méhek mozgását és azonnal megváltoztatja az irányt , ha a kerekeket jobbra vagy szélesebb szögben fordítja az ütközés elkerülése érdekében .
A legnyilvánvalóbb különbség bármely létező rendszer esetében a kitérő cselekedete , amely teljesen ösztönös .
" Ha nem így lenne , a robot nem tudna elég gyorsan reagálni az akadályok elkerülésére " - magyarázza Andoh Tosiyuki , a Mobilitási Laboratórium igazgatója és a projekt főmérnöke .
A méhekkel ellentétben a robot nem térhet el felfelé vagy lefelé , vagy akár átlósan . Csak két dimenzióban mozoghat , és a kerekei felé fordulhat . Nyilvánvalóan nem futhat végtelen irányba és módon , mint a méhek .
Emiatt a Nissan a gyorsítási és lassítási funkciók mellett egy forgási funkciót is használt , hogy lehetővé tegye a kis robot számára az ütközések elkerülését .
" Ennek az eszköznek csak néhány másodpercenként kell feldolgoznia az új információkat , és ezekből az adatokból kell eljárnia .
Nem igényel semmilyen információt , vagy használja az intuitív logika az előzetes manőverek . Emiatt lehet menni megszakítás nélkül szállított csak néhány tucat KB memória .
Ez talán meglepő , de nem gigabájtokról vagy mega memóriáról beszélünk . "
Ez az első lépés az ütközések megelőzésére szolgáló új technológiák kifejlesztése felé , a Nissan reményeink szerint tíz éven belül bevezetik az autókban a standard funkciót .
A robot lítium-polimer elemeket használ , amelyek könnyebbek és tartósabbak , mint a lítium-ion tipológia .
Egy további alkalmazás a jövőben lehet az integráció ezt a technológiát a GPS műholdas navigátor , hogy a vezető egy adott helyre , elkerülve az akadályokat az út mentén .
Ne remegjen , mielőtt kölcsönkérelmet nyújt be
El kell ismernünk , hogy az Egyesült Államok Pénzügyminisztériuma , amely meglehetősen jó fővárosokat birtokol , hogy cselekedjen , biztosan nem hiányzik a tehetség .
Miután szembe kell néznie a válsággal , és megakadályozzák az amerikaiak , hogy csaltak szemét hitelek bankok kétségek a fizetésképtelenség , létrehozott egy szórakoztató és oktatási játék az internet-felhasználók számára . Ez a " Bad Credit Hotel " .
Más szóval , a " Hotel a rossz kreditek " ... vagy a problémákat .
A szálloda komor aspektusa , különösen recepciósának célja , hogy az embereket ne csak egyszer , hanem kétszer vagy háromszor is gondolkodásra késztesse , mielőtt kölcsönkérelmet igényelne .
És mindenekelőtt , hogy alaposan gondolja át , hogy hol kérelmező azt . Ez valószínűleg a játék elsődleges célja .
Természetesen ez a rendszer számos hasznos információt nyújt , de meglehetősen kevés részletet kínál .
Ez sokkal inkább egy tizenéves weblap , mint egy webhely a nagyközönség számára .
Mi történik , ha befejezed a játékot ?
Nos , egy álomszoba jelenik meg a hotelben .
Még mindig valami , mert a vásárlás egy házat… jobb , ha hagyja .
A Morgan Stanley megnyitotta a MUFG-nak a fővárosát
A Morgan Stanley bejelentette , hogy belép a Mitsubishi UFJ Financial Group ( MUFG ) asztalkörébe , amely Japán első bankja , aki kilenc milliárd dollárt költ tőkéjének 21% -ára , olyan hírekre , amelyeket a részvényárak hirtelen csökkenése fogadott .
Egy héttel az ideiglenes megállapodás leleplezése után a két bank kifejtette , hogy a MUFG a Morgan Stanley részvényeinek 9,9% -át 25,25 dollár áron vásárolná meg , összesen három milliárd dollárért .
Az eladási ár augusztus 31-én az értékpapírok értékének 19%-ánál kevesebb .
A MUFG további hatmilliárd dollárt fektet be a konvertibilis címek megvásárlásába , amely garantált hozamot biztosít 10% -kal és 31,25 dollár átváltási árral .
Morgan Stanley megerősítette , hogy a teljes művelet 29 dollár átlagáron alapulna , vagyis 28%-kal a jelenlegi ár felett .
A Morgan Stanley részvényei azonban 6,79%-kal csökkentek 23,07 dollárra , 17:00 körül .
" Ez a stratégiai szövetség fontos lehetőséget jelent Morgan Stanley banki státuszba való átállásának felgyorsítására " - mondta John Mack , az amerikai csoport vezérigazgatója .
Morgan Stanley elfogadta ezt az új státuszt a múlt héten , amely lehetővé teszi , hogy diverzifikálja tevékenységét , de át kell mennie a Federal Reserve hatóságán .
A MUFG-vel kötött szövetség azt is megerősíti , hogy a jelenlegi pénzügyi válság arra kényszerítette a Wall Street legnagyobb tagjait , hogy sokkal óvatosabb hozzáállást alkalmazzanak , mint korábban .
A hétfői részletek azt mutatják , hogy a megállapodást az elmúlt napokban módosították : az előző hétfőn Morgan bejelentette , hogy a részvényeinek 20% -át eladja a japánoknak körülbelül 8,5 milliárd dollárért .
" Egy héttel ezelőtt , elmagyarázta Toshihide Mizuno , ügyvezető igazgatója MUFG Tokióban " azt gondoltuk , hogy a részvétel teljes egészében áll a közönséges részvények .
De a jelenlegi gazdasági és piaci helyzetben azt reméltük , hogy minimalizálhatjuk a kockázatokat és megvédhetjük a hátunkat . "
A Morgan Stanley értékpapírjainak a súlyozott átlagára alapján a MUFG 7%-kal a könyv szerinti értékük alatt fizet .
És a tranzakció eredményeként a hígítás körülbelül 20% -os bevételek egy részvény .
A megállapodás értelmében a MUFG az általa preferált értékpapírok felét évente rendes részvényekre alakíthatja át , ha azok az átváltási árfolyamnál több mint 50%-kal , egy adott időszakra 47 dollárral kereskedtek .
A Morgan Stanley biztosítja , hogy a MUFG által biztosított tőke lehetővé teszi a befektetési lehetőségek megragadását , a mérleg megerősítését és likviditásának növelését .
A csoport szóvivője azonban nem volt hajlandó részletezni a két új szövetséges stratégiai projektjeit .
A MUFG befektetése után a Morgan Stanley tőkemutató-szintet jósol Tier One körülbelül 15% , az iparág egyik legjobbja .
Morgan azt mondta , hogy "jelentősen " csökkentette mérlegét augusztus vége óta .
Az utóbbi hetek nehéznek bizonyultak a csoport számára , amely a részvényárának felét elolvasztotta , miközben a biztosítási költségek az adósság nemteljesítésének kockázata ellen szárnyaltak .
Ez a költség csökkent hétfőn , de továbbra is egy új magas szinten , mintegy 12% .
A múlt héten a Goldman Sachs , az egyetlen másik nagy befektetési bank a Wall Streeten a Bear Stearns és a Lehman Brothers és a Merrill Lynch felvásárlása után , bejelentette , hogy 15 milliárd dollárt gyűjtött , részben Berkshire Hathaway , a Warren Buffett csoport .
Rafael Correa Quito-ban hétfőn .
A huszonegyedik századi szocializmus körül újjáépíteni .
Ez a venezuelai Hugo Chávez , a bolíviai Evo Morales és az ecuadori Rafael Correa közös projektje .
Ezen a vasárnapon , mint társaik és barátaik , ez a harmadik , hogy a szavazásra egy tervezetet egy új alkotmányt .
A feladat elvégzéséhez a szavazók 64%-a igennel szavazott a népszavazásra , a hivatalos eredmények szerint a szavazatok 80%-a alapján .
Az eredmények alapján a " nem " 28%-ot kapott , a szavazatok 7%-a érvénytelen , 0,7%-a pedig üres szavazat volt .
Az Alkotmánytervezet elfogadásához a szavazatok felét , plusz egyet kell kapnia .
Vasárnap két közvélemény-kutatás zajlott le a szavazóhelyiségeken kívül , és egy nem kormányzati szervezet nagy győzelmet jelentett be a 63% és 70% közötti tartományban lévő " igen " -nek .
Rafael Correa vasárnaptól hétfőig azt állította , hogy az éjszaka folyamán győzött az alkotmánytervezete .
Az " Alkotmány olyan elsöprő győzelmet aratott " , biztosította , hogy az ecuadoriakat a Guayaquil-i kormányközpontban , Quito-tól 280 km-re délnyugatra dicsérik .
Természetesen Rafael Correa-t Chavez és Morales , de chilei kollégája , Michelle Bachelet is gratulálta .
A közvéleménykutatás , amelyet békésen az Amerikai Államok Szervezete ( OAS ) ellenőrzése alatt tartottak , 444 pontban szerepelt , amelyek megszilárdították az elnök által támogatott " új szocializmust " .
Az alkotmánytervezet az állam gazdaság feletti hatalmát tartja fenn , fenntartva azt egy olyan ország „ fejlesztési tervének ” , amely elsősorban az olaj külföldi vállalatok általi kitermeléséből és az emigránsoknak küldött külföldi pénzből él .
A 2006-ban megválasztott Correa által támogatott projekt nagyobb hatáskörökkel ruházza fel az államfőt , amely akár két egymást követő négyéves időtartamot is betölthet , és képes lesz feloszlatni a Közgyűlést .
Correa már bejelentette , hogy ezt a hatalmat 2009 februárjában új mandátumra fogja használni .
Az alkotmány megerősíti az ingyenes egészségügyi szolgáltatások és oktatás elvét is , amelyet az elnök 13,9 millió lakosú országban kezdett létrehozni , ahol a lakosság 50% -a a szegénységi küszöb alatt él .
Előrevetíti a külföldi csapatok jelenlétének tilalmát , amely megszünteti a Quito és Washington közötti megállapodást , hogy Ecuador az amerikai kábítószer-ellenes műveletek indítási bázisaként szolgáljon .
A 19 túszt Csádban engedték szabadon .
Egy egyiptomi kommandós osztag támadást indított a tizenegy turista és nyolc kíséretük elrablói ellen tíz nappal ezelőtt .
Kairóban vannak .
A tizenegy európai turistát és nyolc egyiptomi kíséretüket , akiket tíz napig tartottak fogva a sivatagban , hétfő délután sértetlenül visszavitték az egyiptomi fővárosba .
Reggel egy egyiptomi kommandós engedte ki őket Csádban .
Úgy tűnik , a túszok 1530 óra körül érkeztek egy speciális repülőn az al-Maza katonai bázisán , ami a kairói nemzetközi repülőtérhez kapcsolódik .
Azonnal át lettek helyezve , anélkül , hogy beszélhettek volna a sajtóval , helikopterrel a maadi kórházba , Kairó egyik lakóövezetébe , hogy vizsgálatokat végezzenek .
Jó egészségben vannak , és " nem fizettek váltságdíjat " a fogvatartóknak " , jelentette ki az egyiptomi idegenforgalmi miniszter , Zoheir Garanna , az aszfalton .
Szeptember 19-én fogták el egy szafarin , egy 4x4-es szafarin , az Ouanat-hegy lábánál , Egyiptom , Szudán és Líbia határán , ezt a túszcsoportot 35 ismeretlen emberrabló dobálta át egyik rejtekhelyről a másikra .
Ez magában foglalja a 11 turista - öt olasz , öt német és egy román - és nyolc egyiptomi : két idegenvezetők , négy vezető , a határőrség és az igazgató az ügynökség Aegyptous , szervezője a szafari .
Egy egyiptomi biztonsági tisztviselő azt mondta , hogy a különleges erők 30 tagja , két helikopter fedélzetén , hajnal előtt éjszaka indította a támadást .
" Tűzharc alakult ki , és az emberrablók fele meghalt , a másik fele elmenekült " , mondta a tisztviselő , aki névtelenséget kért .
Azt mondta , hogy az egyiptomi különleges erők 150 tagját , a " gyors reagálás " egységet Szudánba küldték , ahol német és olasz kommandósok támogatását kapták .
Franco Frattini , az olasz diplomáciai testület vezetője Belgrádban , ahol jelenleg is van , megemlíti az olasz titkos ügynökök és a különleges erők szerepét .
" Fel kell ismernünk , hogy ezt az eredményt a titkosszolgálatoktól , a különleges erőktől származó embereink professzionalizmusával és hatékonyságával értük el " - mondta , további részletek nélkül .
Azt is tagadta , hogy váltságdíjat fizetett volna .
Az előző napon a szudáni hadsereg azt állította , hogy elfogott egy 4x4-es járőrkocsit , amelynek a fedélzetén fogva tartottak hat embert , köztük a csádi fejet , és kettőt letartóztattak .
A hadsereg azt állította , hogy kapcsolatban álltak egy dárfúri lázadó csoporttal , a Szudáni Felszabadítási Mozgalom-Unity-vel ( SZLA-U ) , amit ez a mozgalom azonnal tagadott .
Levelek - A kultúra csendes többsége
A kultúra finanszírozásával kapcsolatos vita került a címlapra , és magával ragadta ezt a választási kampányt .
Jó .
De kulturális életünk egy része mindig feledésbe merül .
Ki fogja elítélni a kis múzeumok , levéltárak , régészeti vagy nemzeti történelmi helyek számára nyújtott nyomorúságot , amelyek finanszírozásra éheztek ?
Melyik politikus meri emlékeztetni a szövetségi kormányt , hogy elhanyagolja műemlékeit és örökségi épületeit ?
Quebec-ben , Kanadában , nincs olyan törvény , amely ténylegesen megőrizné az örökségünket ?
Tudta , hogy a francia kormány három és fél millió eurót szentel csak a Loire-völgyi Chinon kastély helyreállítására ?
Amerikai szomszédaink az alkotmányban azt írták , hogy az örökségvédelem az amerikai kultúra része , és hogy az örökséget minden polgárnak , minden megválasztottnak és minden kormányzati szervnek , és ezt együtt kell védenie .
A Quebeci Társaságok Szövetsége ( Federation of Societies of Quebec history ) , legalább 40 000 önkéntes , akik 211 ügynökségben gyűjtöttek gyűjtéseket a történelem , az örökség , az archívumok és a genealógia témájában , a történelem kutatásával , megőrzésével , kevés pénzzel , magánarchívumokkal és a régészeti maradványok megőrzésével foglalkoznak .
Ők gyakran az örökségünk őrzői , akik kétségbeesés energiájával tiltakoznak , amikor a fejlesztők és építők elindítják buldózereiket a régi épületeink és elfeledett temetők ellen .
Mikor lesz fórum a történelem és az örökség számára ?
A Fortis bankot részben a Benelux államok államosították
A Benelux államok részleges állami kivásárlással segítik Fortist , a belga-holland bankot , amely az amerikai hitelezési válság utóhatása miatt az első európai pénzügyi intézmény , amely a magyar érdekeltségű bank- és biztosítótársaságba 11,2 milliárd eurót fektet be .
A hét végén a belga , a luxemburgi és a holland kormány a legmagasabb szinten konzultált erről a kérdésről , az Európai Központi Bank elnökével és az Európai Bizottság versenybiztosával .
Az euróövezeten belül a Fortis az első olyan bank , amelyet az elmúlt 12 hónapban hullámokban közeledő nemzetközi pénzügyi válság sújtott , így bizonyos szempontból a meghozott döntések precedensnek tekinthetők .
A vasárnap esti döntés értelmében minden kormány 49 százalékos részesedést vesz fel a Fortis bankokban a saját országában .
A bank minden bizonnyal eladja a tét egy részét , különösen a biztosítási tevékenységeket , amelyeket tavaly vásárolt a holland ABN Amro-tól .
A Fortis részvényei a múlt héten mélyre süllyedtek , majd a hét második felében komoly válság jelei jelentek meg a cégnél .
Az elemzők egyetértenek abban , hogy a bank - 85 000 alkalmazottjával - túl nagy ahhoz , hogy csődbe menjen .
A bank részvények 12%-kal csökkentek pénteken , ami a rekord legalacsonyabb szint 14 éven keresztül .
A részvények értéke január óta kétharmadával csökkent .
A jelenlegi részvényárakat figyelembe véve a vállalatcsoport teljes piaci tőkéje 14 milliárd euró körül van , azonban a vállalatvezetők szerint ez nem tükrözi a valóságot .
A vezetés a tengerentúli bizonytalanságokat hibáztatja - amelyek az amerikai 700 milliárd dolláros csomag elfogadásához kapcsolódnak - a Fortis részvények bukásáért .
A részvények hétfőn enyhe emelkedést mutattak .
Filip Dierckx-et nevezték ki pénteken a bank új vezérigazgatójává .
A pénzügyi intézet is keresett magánvásárlókat , de eddig nem tettek érdemi ajánlatot .
A belga kormány korábban kijelentette , hogy a befektetőknek nincs okuk aggódni , nem veszítik el a pénzüket .
A bank ügyfelei között eddig nem alakult ki pánik , nem történt banki rohanás .
A Fortisnak saját banki telephelye van Magyarországon , és bérbeadó cégeket is felvásárolt .
A következő címkéjű bejegyzések mutatása :
Az amerikai élet- és egészségbiztosító társaságok gyakran megtagadják a biztosítás eladását néhány polgárnak , a kábítószer-vásárlási adatok miatt .
Az adatvédelmi szakemberek attól tartanak , hogy az adatpiac ellenőrizhetetlenné válik .
" Létezik egy adatvédelmi program , amely az érintett személy engedélyét igényli a gyógyszerre felírt adatok felhasználásához .
Függetlennek kell lennie , különben a róka fogja őrizni a tyúkólat " , A Washington Post idézi Richard Dicket , a gyógyszerrendelések nyomon követésére alkalmazandó program fejlesztőjét .
A biztosító társaságok döntenek a biztosítási díjról és a kártérítés összegéről a kérelmező beteg állapotától függően , és ha túl kockázatosnak ítélik , nem nyújtanak biztosítást .
A korábban orvosi vizsgálat elvégzésére elküldött ügyfelek , és a szerződés megkötésére csak a szűrési eredmények fényében került sor .
Dick tíz évvel ezelőtt sokkal olcsóbb módszert fejlesztett ki : a vásárló azonosítószáma alapján könnyen felismerhető az elmúlt 18 hónapban az ügyfél által vásárolt gyógyszerek típusa , így a program önmagában is levonhatja a következményeket a jelentkező betegségeit és egészségi állapotát illetően .
Például a rendszeresen vásárol nagy dózisú koleszterin-csökkentő gyógyszerek gyakorlatilag arra utal , hogy a fogyasztó kezelhetetlenül magas vérzsír-szint , amelynek eredményeként ez a személy azonnal kerül egy magasabb kockázati kategóriába .
A programnak különböző változatai vannak a kereskedelemben , némelyikük még a kockázati tényezőt is meghatározza , így a biztosító társaságnak nincs más dolga , mint a papírmunka , bár kisebb nehézségek merülnek fel .
Az egyik hátránya az a tény , hogy egyes gyógyszerek több célra is felhasználhatók , például egyes orvosi képletek a migrén , hőhullámok vagy akár depresszió kezelésére szolgálnak .
Az utóbbi az üzleti biztosítók szempontjából jelentős kockázatnövelő tényező , míg a másik kettő nem .
Vannak olyan konkrét cégek , amelyek az adatok megszerzésével és feldolgozásával foglalkoznak , és engedélyt kérnek a betegtől , mielőtt megszerzik a szükséges információkat a gyógyszertárakból .
Ők már kötelesek erre , bár korábbi kudarcaikat nem büntették .
Egyes vállalatok még a laboratóriumi vizsgálatok eredményeit is feldolgozzák , és összekapcsolják azokat a kábítószer-fogyasztási adatokkal . Így pontosabb információkat tudnak nyújtani a betegek egészségi állapotáról .
Egyre több vállalat fér hozzá az adatokhoz , és ezzel párhuzamosan egyre nehezebbé válik használatuk ellenőrzése .
Az egészségügyi adatvédelemről külön törvény van , de hatálya csak az egészségügyi szolgáltatókra és a biztosítótársaságokra terjed ki .
A törvénytervezetet , amely az adatszolgáltatással foglalkozó vállalatok felett ellenőrzési jogkört biztosít a hatóságoknak , benyújtották a Kongresszusnak .
Dick Richard rájön , hogy ez nem elég : ezért fejlesztette tovább programját , amely most korlátozza az adattovábbítást az érintett kifejezett hozzájárulása miatt .
Egy másik kérdés , hogy a kérelmező nem utasíthatja el a hozzájárulást , különben a biztosító társaságok nem kötnek velük szerződést .
Így tyúkok , bizonyos fokig , továbbra is függ a jóindulat a róka .
Global Marseille Menu
Európai Unió és India páros kereskedelem
Mivel az Európai Unió és India egymás kereskedelmi partnerei , a kilencedik csúcstalálkozó napirendjét is ez a kérdés uralta , a többi , főként globális problémán kívül .
Ma Franciaország-India csúcstalálkozót is tartanak , különösen az atomenergia együttműködéséről .
Bár az Európai Unió elismeri , hogy India egy feltörekvő demokratikus világhatalom , amelyet a nemzetközi ügyekben nagyobb beleszólásnak kellene adni , a tagállamok még nem tudtak megegyezésre jutni arról , hogy támogatják -e Újdelhi ENSZ Biztonsági Tanácsban való állandó tagságát .
Ezért ezt a kérdést nem erőltették a tegnapi Marseille-ben megrendezett kilencedik csúcstalálkozó során .
Nicolas Sarkozy francia elnök , mint az Unió soros elnöke , José Manuel Barroso bizottsági elnök és Javier Solana külpolitikai vezető üdvözölte Manmohan Singhet , és beleegyezett , hogy megduplázza , azaz több mint 100 milliárd euróra emeli a kereskedelmi forgalmat 5 év alatt .
Mivel 2000 és 2007 között 25 milliárdról 55 milliárdra nőtt az áruk cseréje , ez nem túl ambiciózus célkitűzés .
Ennek megfelelően 26 meglévő kétoldalú polgári légi közlekedési egyezményt hoztak létre Indiával , ami azt jelenti , hogy a légi közlekedés szárnyalhat a jövőben .
India 2009 végéig szándékozik aláírni az Unióval kötött szabadkereskedelmi megállapodást .
Sarkozy megígérte , hogy felgyorsítja a harmonizációt .
A cél az egyensúly megtalálása , miközben India az EU első számú kereskedelmi partnere , ugyanakkor Újdelhi csak kilencedik helyen áll az EU-partnerek listáján .
A csúcstalálkozó a globális kérdésekre összpontosított :
Az afganisztáni és pakisztáni helyzetről , valamint a terrorizmusról . Az utóbbit mindkét fél elítélte , és sürgette az ENSZ-konferencia összehívását .
A dohai kereskedelmi forduló befejezését is felgyorsították , bár mindkét fél felelős az eddigi kudarcért .
Az EU megerősítette , hogy fenntartja energia- és éghajlat-politikai programját , azaz 2020-ig legalább 20 százalékkal csökkenteni kívánja a légszennyező anyagok kibocsátását .
India ezzel egyetértett , és azzal a céllal , hogy a jövő évi klímakonferencián globális megállapodás szülessen , és 2050-ig 50 százalékkal csökkentsék az üvegházhatású gázok kibocsátását .
További cél volt az élelmiszerárak növekedésének megakadályozása , és a pénzügyi válság felülvizsgálatára nemzetközi konferencia kiírása .
Az indiai miniszterelnök ma kétoldalú találkozóra megy a francia fővárosba , ahol szándékában áll megállapodni az atomenergia békés felhasználásáról .
Párizs arra számít , hogy a francia vállalatok 20 milliárd euró értékben fognak nukleáris reaktorokat építeni Indiában .
A hírügynökségi információk szerint a megállapodás 15 évig lenne érvényben .
Több mint háromszáz olasz szerkesztő Frankfurtban
Az olasz szerkesztők erős jelenléte a Frankfurti Nemzetközi Könyvvásáron .
Több mint háromszáz olasz szerkesztő lesz jelen a Buchmesse hatvanadik évfordulóján , amely a szerzői jogok cseréjének legfontosabb nemzetközi eseménye .
A frankfurti Nemzetközi Könyvvásár erre az alkalomra több mint hétezer kiállítóra számít , 101 különböző országból , akik a vásár 171 790 méteres négyzetét foglalják el , több mint 403 ezer címmel , és Törökország lesz a díszvendég .
Francesco Maria Giro , a Kulturális Örökségért és Tevékenységért Felelős Minisztérium az olasz kormányt képviseli az olasz pavilon avatóünnepségén : Olaszország valójában egy olasz standdal rendelkező intézményként lesz jelen – 264 méteres négyzet alakú kiállítótérrel .
A következő sajtótájékoztató lesz a Buchmesse 5.0 pavilonjának Room Struktur-jában : ez lesz az az alkalom , ahol számok , trendek és az olasz könyvkiadás státuszának áttekintése kerül bemutatásra .
Az adatok szerint a külföldi szerzők könyveknek egyre csökkenő jelentősége van az olasz termelésben , különösen a felnőttek és gyermekek esetében .
Megtaláltuk Steve Fossett repülőjét , a milliomos egy éve tűnt el .
Megtalálták Steve Fossett repülőgépének roncsát , a milliomost , aki 2007. szeptember 3-án tűnt el , miközben a nevadai sivatag felett repült .
A roncsot egy fennsíkon találták 3000 méter magasságban , Sierra Nevada területén , a Mammoth Lakes-ben , Kalifornia és Nevada határán .
A repülőgép belsejében azonban nem voltak emberi maradványok .
A Madera megyei seriff , John Anderson , eloszlatta a további kételyeket : " A repülőgép található , küldtünk egy csapatot , és most már megerősítést nyert , hogy ez az , amelyen Steve Follett repült az eltűnése napján " - mondta egy sajtótájékoztatón .
A seriff ezután rámutatott , hogy sem a gépen , sem a környéken nem találtak emberi maradványokat .
A 63 éves milliomos februárban halt meg .
Az Amerikai Nemzeti Közlekedési Biztonsági Hivatal ( NTSB ) jelentése szerint néhány órával a roncs észlelése után egy nyomozócsoportot küldtek , amely azonosította a repülőgépet : ez a Bellanca 8KCAB , amely 2007. szeptember 3. óta eltűnt , amikor Fossett Nevadában Yeringtonból egy három órás repülésre szállt fel .
Tegnap , Kaliforniában , nem messze a Nevadai határtól , Fossett személyes tárgyait egy pár találta meg a Mammoth Lakes-i házuk közelében .
A tárgyak két dokumentum , Fossett nevén , mindkettő az Illinois-i Szövetségi Légügyi Hivatal által kiadott , némi készpénz , és egy pulóver .
Fossett keresését egy hónappal az eltűnése után lefújták .
A milliomos szerzett magának helyet a történelemben köszönhetően egy sor világrekordot .
2002-ben , hatodik próbálkozása alkalmával , ő lett az első férfi , aki a világ körüli utat egy hőlégballonnal , kéthetes szóló repüléssel fejezte be .
Három évvel később a világkörüli utat repülővel tette meg leszállás nélkül .
Számos lemeze közül 15 445 méterrel repülnek az Andok felett , de egy másodpilótával .
Glk , a reklám , amely nem vár rád
Egy SUV , amely kívül esik a normákon , és az eredeti kialakítást meghatározó vonalak , bőséges felületek és tiszta vágott sarkok határozzák meg .
Röviden , ez a GLK , a legújabb kiegészítője a " kompakt " off-road járműveknek a csillagos gyártótól , amellyel a Mercedes-Benz megpróbált friss levegőt engedni ebbe az ágazatba .
Jobb , mert a jellemzői nem a hagyományos normák , az üzenet kísérő bevezetése a GLK SUV is váratlan és nem hagyományos , akkor lesz elérhető a Mercedes-Benz bemutatótermekben jövő október 17-től .
Az új jármű bemutatását kísérő reklámkampány tehát egy új kommunikációs módszert indít el , amely magában foglal egy futurisztikus 3D-s hirdetőtáblákat is , amelyeket először Olaszországban használnak egy autómárka .
A projekt nagy plakátok , mozgásba három különböző fázisban , amely uralja a központi milánói bevásárló utca , Corso Como , amíg a 15. november .
Az új típusú kommunikáció első fázisa az autó sztereoszkópikus látásban történő bemutatásával kezdődik , és a Corso Como szomszédságában elosztott speciális szemüvegeknek köszönhetően az új SUV valódi méretű és 3D formátumban látható .
Valójában , ha megnézzük a képet , az ember azt az érzést fogja érezni , hogy az autó kiáll a plakátból .
Ezt követően az innovatív Elumina 8 technológia segítségével az új GLK minden részletét különböző időpontokban világítják meg , majd egyetlen képként újra kell alakítani .
Kétségek nélkül , Mercedes , ezen a reklámon keresztül , próbál valami újat bevezetni a hagyományos autóipari reklám területén .
Sikerülni fog ez a képlet , hogy provokálja az érdeklődést a jövőben a vevők ? Majd meglátjuk .
Itt van , hogy kik az olasz huligánok
A Tri-Veneto , lehet , hogy tilos részt sportszerelvények ( Daspo ) .
De kik azok a 150-200 ember , akikből Olaszország most szégyelli magát ? Az " Ultras Italia " csoport tagjai , akik évek óta támogatják a nemzeti labdarúgó-válogatottat , és eddig az igazság ismert , soha nem okozott nagyobb problémákat .
Soha nem ütközött az ellenfél rajongóival .
A csoport jobb szárnyon van .
A promóterek a Tri-Veneto-tól jöttek .
Verona , Padova , Trieszt és Udine .
Ezekhez csatlakozott néhány kis csoport ( a valóságban nagyon kevés tag ) Campagnia és Puglia .
A zászlóik háromszínűek , a milicisták származási városával : szombaton levették őket , így nem tudták azonosítani őket .
Angol rajongóktól veszik fel az ötleteiket .
Bulgáriában igazi nácikat , a Levski csoportot találtak .
A FIGC az olasz szurkolók rendelkezésére bocsátott 144 jegyet a mérkőzésre : mind személyes , így könnyen ellenőrizhető .
És a Belügyminisztérium Viminale-ben valójában ellenőrizte őket : azok közül a csoportok közül , akik Szófiába mentek , egyiket sem tiltották be , egyik sem volt tilos a stadionba járnia .
Négy olasz támogatót , akik korábban stadiont érintő bűncselekményeket követtek el , valójában visszautasítottak , és nem engedték , hogy elmenjenek .
Most a Belügyminisztérium arra vár , hogy elolvashassa a hivatalos feljegyzéseket , amelyeknek a bolgár rendőrségtől kell érkezniük , mielőtt lépéseket tenne : ebben az esetben legalább öt évre tiltható a letartóztatottak vagy a zavargások során azonosítottak .
Nemzetközi száműzetés , amely megtiltja nemcsak az olaszországi stadionok , hanem egész Európa jelenlétét is .
A huligánjaink , röviden , nem lépnének be egy másik stadionba .
Szerencsére .
De most van félelem az emulációtól : azaz , hogy mások is csatlakoznak ahhoz a kicsivel több mint százötven .
" Azonnal el kell oltanunk ezt a tűzvészet , és nem legitimálnunk azokat , akik így viselkednek " , érvényesítenünk kell azokat a Viminale-i Minisztériumban .
Tehát " szemek nyitva , különösen azért , mert a nemzeti csapat játszik szerdán Lecce " .
Puglia valójában van egy kis magja Ultras Italia támogatók .
Holnap a Csillagvizsgáló találkozik , kedden a CASMS-szel , amely számíthat az AISE egy részére , azaz a titkosszolgálatra , amely pontosan a stadionok problémáit kezeli .
" A Duce-Duce kórus és a kar a Mameli himnusz alatt kinyúlt ? Bulgáriában ez nem bűncselekmény . "
Ezek Domenico Mazzilli gondolatai ( nagy csalódással kifejezve ) , aki néhány héttel ezelőtt a Viminale Obszervatórium igazgatója volt ( ő kapta meg a pozíciót , amelyet eredetileg Francesco Tagliente , majd Felice Ferlizzi tartott ) .
Korábban Mazzilli volt a trieszti rendőrség vezetője , ahol az Ultras Italia 2002-ben alapított támogatóinak magja van .
Igaz , mondja Mazzilli , hogy Bulgáriában nem bűn a Duce-nak kántálni , de a 150-200 rajongó viselkedése biztosan szégyenletes .
" Nem vagyok szociológus - hozzáteszi a Observatory n.1 - a bűncselekményt abban az országban kell beidézni , ahol az incidens történik .
Eddig ez a csoport a vonalakon belül maradt , most látni fogjuk , hogy mi történt valójában , és értékelni fogjuk a jövőbeni referenciaként .
De beszéljünk a Mameli himnusz fütyüléséről is : ez nem bűncselekmény Bulgáriában , de ha szabadna mondanom , ez nem jó modor ... " .
