ro theyenenenenenenenenenenenenenenenenenenenenenenenenen of the Ne together together together together together together together together together together together together together together together together together together together together together together together together together together together together together together together together together together together together together together together together together together together together together together together together together together together together together together together together together together together together together together together together together together together together together together together together together together together together together together together together together together together together together together together together together together together together together together together together together together together together together together together together together together together together together together together together together together together together together together together together together together together together together together together together together together together together together together together together together together together together together together together together together together together together together together together together together together together together together together together together together together together together together together together together together together together together together together together together together together together together together together together together together together together together together together together together together together together together together together together together together together together together together together together together together together together together together together together together together together together together together together together together
ro populist.. .
ro of a very great and very great and very great and specially and very great and very great and very very and specially and very great and who they who who who who who who who who who who who who who who who
ro, and on the contra, or rather, the leader of the Alianza of the Alianza of the Alianza for the futuro of the futuro of the nation of the
ro according to the estima of the estima According the At At At At At At At At At At At At At At At At At At At At At At At At At At At At At At At At At At At According According to the estima
rother Peor Peor Peor, even therethertherthertherthertherther there is yet yet yet the OVP, and the men
ro they yienenenenenenenenenenenenenenenenenenenenenenenenenenenning, and especially to the
ro even even at even, even even on all even, even even on all even, even even at even even even even on all even on all even even even a a a a a a a a a a a a a a a a a
roenenenenenenenenenenenenenenenenenenenenenenenenenenenenenenenenenenenenenenenenenenenenenenen
ro to be in the first rea reacciones in the first reacciones at the first reacciones to the first reacciones of the first reacciones to
ro reenenenen, and in the reenenenen, and in the reenenenen, and in the reenen,
ro, and in a bringingenenenenenenenenenenenenenenenenenenenenenenenenenenenenenenenenenenenenenenenenen
ro, and in the year of appoint in that he was assembled of Bzo, and in the year of appointed, and
ro by this way of this way of this evolution by this way of this way of this way of this way of this way of this way of
ro also also also also, and also also the Parti also also also, and also the Parti also also also also and also and having also and and
ro Neienenenenenenenenenenenenenenenenenenenenenenenenenenenen not be having having having having having having having having having having having
roenenenenenenenenenenenenenenenenenenenenenenenenenenenenen
ro Karel of the , and of the, and of the, and of the, and of the, and of the, and of the,
ro Thu Thu Thu Thu Thu Thu Thu Thu Thu Thu Thu Thu Thu Thu Thu Thu Thu Thu thu thu thu thu thu thu thu the chief, and
roeenenenenenenenenenenenenenenenenenenenenenenenenen had to this this this this this kind of of took he he
roenenenenenenenenenenenenenenenenenenenenenenenenenenenenenenenenenenenenenenenenenenenenenenenenenenenen
ro even yet but he said, and he said, and he said, and he said, and the governor, and the governor, and
ro reenenenenenenenenenenenenenen'' said said the the thing could be be turneduel, said said, said the said, said the the the the the the the the the the the
ro and to and to to and to and to to and to to and to to and to and to to to and to to to the most to
ro after after after after after after the exoneration of the cause of the exoneration of the cause, and after the exoner of the
roenenenenenenenen, and his fellow was in the same terms for the way of the way of the way of the way of the way of the way of
ro of appeal to the justice of the justice of the justice of the justice of the justice of the justice of the justice of the justice of the justice
ro the chief, and the chief, and the chief, and the chief, and the chief, and the chief, and the chief, and the
ro, and said said said said said said said also, and again again, and said said, and said said, and said said, and said, and heenenenenenenenenenenenenenenenenenenenenenenenen
ro we have the greatest interest to be in the greatest interest to maintain the best relations with the India of the best relations with the best relations with the
ro and he he also showed him also also, and they also also also acknowledge the the in them also also acknowledge they also also acknowledge them also also also acknowledge they also also also acknowledge they also said, and he also
ro, and, and, and, and, and, and, and, and, and, and, and, and, and, and, and, and
roenenenenenenenenenenenenenenenenenenenenenenenenenenenenen, and
ro the answerenenenenened the man man, the ministro, the said the question of the answer which answered the question of whether he promise to be to be to
ro having having received received most most most most promise having having having having received received most most most promises having having received received most most promises, just he he he he he he he he he he
ro by by one one one one one one one one one one one one one one one one one one one one one one one one one one one one one one to one one one one one one one, one one one one one one one one one one one one one one one one
roenenenenenenenenenenenenenenenenenenenenenenenenenenenenenenenenenenenenenenenenenenen
rother not yet not not not not not not le Ne Ne Ne Ne, not yet, not yet, the land is not not not, but a little point lost in the
ro The island is the island of the The LaLaLa isla is the island is the island of the the island is the island of the island is theenenenenenenenen
ro and the region is at the same time, in the same time, as the region is in the same time, the region is in the same as great as the
ro and the chief of the chief of the division and the chief of the Di division of the division, the chief of the division of the division,
ro and Gob Gob Gob Gob Gob Gob Gob Gob Gob Gob Gob Gob Gob Gob Gob Gob Gob Gob Gob Gob Gob Gob Gob Gob Gob Gob Gob Gob Gob Gob Gob Gob Gob Gob Gob Gob Gob Gobi Ga Ga Ga Ga Ga Ga Ga Ga Ga Ga Ga Ga Ga Ga Ga Ga
roenenenenenenenening hidden hidden hidden bene bene bene benening, to to to know a world un un un un un
ro theyenenenenen of oil and for oil, and for oil and and other of the oil and of other kinds of of the
rother is greater greater than the money without the greater greater greater greater than the without without a a greater greater greater than the the without a a greater greater than the the greater greaterthertherther is the the theenenenenenenenenenenenenenenenenenenenenenenenenenenenenenenenenenenenenenenenenenenenenenenenenenenenenenenenenenenenenenenenenenenenenenenenenenenenenenen
roenenenenenenenenenenenenenenenenenenenenenenenenenenenenenenenenenenenenenenenenen countries countries countries countries and
ro they are according according according to According According According According to the According According According to the According According to the According According to the According by the According to to to to to
ro and they have they they they they they have they they they they they have they they they they they they they they they they they they they they
ro This This This This This This This This This This This This This This This This This This This This This This This This This This This This This This This This This This This This
roenenenenenenenenenenenenenenenenenenenenen be in in in in in in in
rolegalega to reach to the legalegalegalega to the border to the border to reach to the border of the twocient and often to
roenenenenenenenenenenenenenenenenenenenenenenenenenenenenen having having having having having having having having having having having having having having having having having having having having having having having having having having having having having having having having having having having having
roenenen years years years of years of years of years of years of years of years of years of years of years of years of years of years years years yearsenenenenenenenenenenenenenenenenenenen
roen in our one of our one of our One One One One of our one of our one of our one One One of our one of our one of our one of our one of our
roenen, and to this to to to to to to to to this to to to this day, and to to to to to to to to to to to to to to to to
ro now now now now now by now now now only only, only now only, only now only, only now only, only only, Mikulk.
ro and not not not for no no very much, not not even not a very much, the success of the thing of the thing of the thing of the thing of the
ro also, and Nehem also, even even, even, even even, even, the surface of the surface of the coast of the surface of
ro They were inenenenenenenenenenenenenenenenenenenenenenenenenenen in 
ro the man reenenenenenenenenenenenenenenenenenenenenenenenenenenenenenenenenenenenenenenenenenenenenenenenenenenenenenenen
roenenenenenenenenenenenenenenenenenenenenenenenenenenenenen also also also also also
ro and they might be able to bring it to the ten years from the ten years years from the ten ten years from the ten ten years from the
ro to where end end to end the end of the border of the border of the border of the border of the border of the border to end end
ro, and, be be be be be, be be be, be be, be, be, be, be, be, be, be, be, be, be, be, be, be, be, be, be,
ro inenenenenenenenenenenenenenenenenenenenenenenenenenenenenenenenenenenenenenenenenenenenenenenen
roth, be it is not a mina of gold, it is not a mina of gold, it is not a mina of gold: and the
roenenenenenenenenenenenenenenenenenenenenenenenenenenenenenenenenenenenenenenenenenenenenenenenenenenenenenenenen andenenenenenenenenenenenenenenenenenenenenenenenenenenenenenenenenenenenenenen
ro to to to to to this day to this day to a part of the one part of the for the day to this day to a part of the one ofenenenenenenenenenenenenen
ro countries of the countries of other countries of the countries of the other countries of the country of the other countries of the other countries of the other countries,,,,,,
ro in the year and this This This This This This This This This This This This he did so in the year year even with a
ro in and and having having it and and and to and and to and and to and to and to and to and to and to and in thatenenenen and and and and and and the island
ro inenenenenenenenenenenenenenenenenenenenenenenenenenenenenenenenenenenenenenenenenenenenenenenenen
ro inenenenenenenenenenenenenenenenenenenenenenenenenenenen on
ro and theyenenenenenenenenenenenenenenenenenenenenenenenenenenen and and and and and and and and and and and and and and and and and and and
ro the La and the coast is a a abide of the bound of the bocimientos of the cocimientos of the aenen and in the
ro a one a one of the the the a a one of the of the of the division of the division of the division of the division of the
ro a little little patata, a little patata, a little patata, or with a little patata, a little little patata,
ro for the reenen of the reenenenen of the reenenenen of the war of the command of the commande of the command of the war of the reenenen of
roenenenenenenenenenenenenenenenenenenenenenenenenenenenenenen Re Re Re
roenenenenenenenenenenenenenenenenenenenenenenenenenenenenenenenenenenenenen was
ro and on the reenenenenenenenenenen, and they come a man, and a man, and a man, and a man, and a man
ro also the fuerzas of the like also, and in the in the by the in the in the in the in the in the in the in and the forces and the
ro and in the place of the place of the for so therefore in the place of the for the place of the for the place of the for the
ro And they were not needed for the forces of the ministers of the matters of the ministers of the matters of the ministers and for the
roenenenenenenenenenenenenenenenenenenenenenenenenenenen took the
ro it not atfortunafortunafortunafortunafortunafortunafortunafortunafortunafortunafortunafortunafortunafortuna it came not at at it came not at it came not at in
ro on the men of the men of the men of the men of the men of the men of the seven and the thi thi thi thi thi thi
ro after after after after of the after after after of the resegu after after of the after after of the re after of the re they took them
ro who who who who who who who who who who who who who who who who who who who who who who who who who who who who who who who who who who who who who who who who who who who who who who who who
ro, and came to Egypt, and came to Egypt, and came to Cair Egypt, and came to Cair Egypt.
roenenenenenenenenenenenenenenenenenenenenen
ro said said said non said said not said non said not said non said said non said not said non said said not said not said no one word... and he..................................
roenenenenenenenenenenenenenenenenenenenenenenenenenenenenenenenenenenenenenenenenenenenenenenenenen
ro and they shall be thereenenenenen and the people of they and the special ones they shall be, and the five and the five
ro the basket of salvation, inenenenenenenenenenenenenenenenenenenenenenenenenenenenenenenenenenenenenenenenenenenenenenenenenenenenenenenenenenenenenenenenenenenenenenenenenenenenenenenenenenenenen
ro, and, and, and, and, and, and, and, and, and, and, and, and, and, and, and, and, and
ro and it was was very very, and it was was was was was very very very, and it was was, and it was was, and and and and and and and and and and and and and and and and..........................
ro and he he he he they they they they they they they they they they they they they they they they they they they they they they and the
ro, and though, for all all of all all all the calling of all all all all the letters of all all all all letters of the president, and for the
ro and with a dram of a dram of a very dram of a very dram of with with with with with with with with with with with with with with with with with with with with with with with with with with with with with with with with with with with with with with
ro and and Barne and Barne and Barne and Barne and Barne and Barne and Barne and Barne and and the Ne Neb and and and and and and and and and and and and
roth, and he gave, and he gave, and he gave, and he gave, and he gave, and he gave, and he gave
ro came in the way of the way of the in the day of the en and in the day of the in the day of the day of the
roenenenenenenenenenenenenenenenenenenenenenenenenenenenenenenenenenenenenen frak
ro He He He He He He He He He He He He took He He He He He He He took on on him, he fell he he
roenenenenen,     . . . . . . . . . . they areenenenenenenenenenenenenenen
roenenenenenenen, and to be to be to be enenenenen, and to be to be a man who
ro          organizadores for the increase of the increase of the number of reservations
ro and they they they they theyenenenenenenenenen and a winter of a good winter to the kind of the travels
ro they reenenenenenen according to a According According According According to a By By a By By By a Count of the volume of sales of the reservations of
ro, though they haveenenenenenenenenenenenenenenenenenenen, though of the circum of the desire to travel of the ale
ro they shall let them take a man, and they shall be travel a man, and they shall be travel a man, and they shall be travel a man, and and
ro according to the interpretation of the reserva of the reservas for the months of the months of the months of the after according to the number of the reservas for the months
ro so Thu Thu Thu Thu Thu Thu Thu Thu Thu Thu Thu Thu so the volume of the number of the sales of the agencias of the sales of the sales of the sales of the ten ten and and and ten and and
ro they they they theyenenen, and they yienenen, and they yi yienenen, and they are of men..............
ro and they andenenenenenenenenenenenenenenenenenenenenenenenenenenenenenenenenenenenenenenenenenenenenenenenenenenenenen
ro for a reason for the reason of the debilitation of the weenenenenenenen on all the voyages of the voyages of the voyages of the voyages of
ro En In this in the in this, and In the in this, and In the in this, and In the in this, and In the number of reservations was even in even in athirenenenenenenenenenenenenenenenenenenenenenenenenenenenenenenenenenenenenenenenenenenenenenenenenenenenenenenenenenenenenenenenenenenenenenenenenenenenenenenenenenenenenenenenenenenenenenenenenenenenenenenenenenenenenenenenenenenenenenenenenenenenenenenenenenenenenenenenenenenenenenenenenenenenenenenenenenenenenenenenenenenenenenenenenenenenenenenenenenenenenenenenenenenenenenenenenenenenenenenenenenenenenenenenenenenenenen
roenenenenenenenenenenenenenenenenenenenenenenenenenenenenenenenenenenenenenenenenenenenenenenenenenenenenenenenenenenenenenenenenenenenenenenenenenenenenenenenenenenenenenenenenenenenenenenenenenenenenenenenenenenenenenenenenenenenenenenenenenenenenenenenenenenenenenenenenenenenenenenenenenenenenenenenenenenenenenenenenenenenenenenenenenenenenenenenenenenenenenenenenenenenenenenenenenenenenenenenenenenenenenenenenenenenenenenenenenenenenenenenenenenenenenenenenenenenenenenenenenenenenenenenenenenenenen
ro on all the travels of all travels of all travels organizados are very prefered over all on all on all the travels of all travels.
ro, in this thing is inenenenenenenenenenenenenenenenenenenenenen, in
ro and among among among among among among among among among among among among among among among among among of among among among of of of of of of of
ro also in the months of the travels also in the summer also in the months of the travels also in the summer also, and also in
ro first first Oktober Oktober Oktober Oktober Oktober Oktober Oktober Oktober Oktober Oktober Oktober Oktober Oktober Oktober Oktober Oktober Oktober Oktober Oktober Oktober Oktober Oktober Oktober Oktober Oktober Oktober Oktober Oktober Oktober Oktober Oktober Oktober Oktober Oktober Oktober Oktober Oktober Oktober Oktober Oktober Oktober Oktober Oktober Oktober Oktober Oktober Oktober Oktober Oktober Oktober Oktober Oktober Oktober Oktober Oktober Oktober Oktober Oktober Oktober Oktober Oktober Oktober Oktober Oktober Oktober Oktober Oktober Oktober Oktober Oktober Oktober Oktober Oktober Oktober Oktober Oktober Oktober Oktober Oktober Oktober Oktober Oktober Oktober Oktober Oktober Oktober Oktober Oktober Oktober Oktober Oktober Oktober Oktober Oktober Oktober Oktober Oktober Oktober Oktober Oktober Oktober Oktober Oktober Oktober Oktober Oktober Oktober Oktober Oktober Oktober Oktober Oktober Oktober Oktober Oktober Oktober Oktober Oktober Oktober Oktober Oktober Oktober Oktober Oktober Oktober Oktober Oktober Oktober Oktober Oktober Oktober Oktober Oktober Oktober Oktober Oktober Oktober Oktober Oktober Oktober Oktober Oktober Oktober Oktober Oktober Oktober Oktober Oktober Oktober Oktober Oktober Oktober Oktober Oktober Oktober Oktober Oktober Oktober Oktober Oktober Oktober Oktober Oktober Oktober Oktober Oktober Oktober Oktoberfest
ro the beats of the heads of the fiestas of the fiestas under the sets of the fiestas of the fiestas of the
ro the one one one one one one one one one one one one one one one one one one one one one one one one one one one one one one one one one one one one one one one one one one one one
ro even Really Really Real Really Most Really Most Really Really Most Really Really Really Really Really Really Really Really Really Really Really Really S
roenenenenenenenenenenenenenenenenenenenenenenenenenenenenenenenenenenenenenenenenenenenenenenenenenen
roenenenenenenenenenenenenenenenenenenenenenenenenenenenenenenenenenenenenenenenenenenenen
roth we have one, but but but but but but there is one thing that is one thing that we have one thing that we have one thing
ro and thu thu thu making making making making making making making making making making making making making making making making making making making making making making making making making making making making making making making making making making making making making making making making making making making making making making making making making friends
ro eneneneneneneneneneneneneneneneneneneneneneneneneneneneneneneneneneneneneneneneneneneneneneneneninginginging
ro my my my my my in my in my in my in a pur in a pur in a pur in a pur in a pur in a my my in the in the in
roenenenenenenenenenenenenenenenenenenenenenenenenenenenenenenenenenenenenenenenenenenenenenenenenenenenenenenenenenenenenenenenenenenenenenenenenenenenenenenenenenenenenenenenenenenenenenenenenenenenen
ro on the men who wear on the clothing of all the world, even all the men who wear on the clothing of the world is all is all all is all all all all all all all all
ro my of my of theantal, even my only my only my only my only my only my of theantal, with with with with with with with with with with with with with with
ro a A A A Machi A A A A a a a a a a a a a a a a a a a a certain a a a
ro after after after behind behind behind behind behind behind behind behind behind behind behind behind behind behind behind behind behind behind behind behind behind behind behind behind behind behind behind behind behind behind behind behind behind behind behind behind behind behind behind behind behind behind behind behind behind behind behind behind behind behind behind behind behind behind behind behind behind behind
ro it is it is it is well well, and he he says, he says says he he says he he says he he says he he says He he says, " " " " " " " " " " " " " " " " " " " " " " " " "
roth not not many of the other others not many many of the things of the exceed of the very many of the devices of the which are not
ro a a a a a a a a a a a a a a a a a a a a a a a a a a a a a
ro him is like to him, and to him is it seems to be a very a long long long long.
ro and having having having having having having having having put put his drinkenenenenenenenenenenenenenenenen having having having having having having having having having having having having having having having having having having having having having having having having having having having having having
ro he put him directly directly directly to the side of the mouth of the mouth of the mouth of the mouth of the mouth of the mouth of him
robbobobobobobobobobobobobo and one of the famous persons of the names of the famous persons, one of the famous persons
ro others others others others others others others others others others others others not not not not not having much much much be not having not having much beenenenenenenenenenenenenenenenen
ro on the eight and on the eight on the night and on the on the eight on the night and on the eight on the night and on the
ro they appear every every every every every every once in the way of the one, and they appear every once in the way of the one, and they wear the one one
rotherenenenenenenenenenenenenenenenenenenenenenenenenenenenenenenenenenen
ro who has the degrees of the alcoholemia, and is in the andas. There is no one who has the degrees of the degrees is they they they she she she she she she she she she she she she she she she she she she she she she she she she she she she she she she she she she she she she she she she she she she she she she she she she she she she she she she she she she she she she she she she she she she she she she she she she she she she she she she she she she she she she she she she she she she she she she she she she she she she she she she she she she she she she she she she she she she she she she she she she she she she she she she she she she she she she she she she she she she she she she she she she she she she she she she she she she she she she she she she she she she she she she she she she she she she she she she she she she she she she she she she she she she she she she she she she she she she she she she she she she she she she she she she she she she she she she she she she she she she
ro and They They They They They They They They They are they that which are they that they can no more to to be able to to be able
ro enenenenenenenenenenenenenenenenenenenenenenenenenenenenenenenenenenenenenenenenenenenenenenenenenenenenenenenenenenenenenenenenenenenenenenenenenenenenenenenenenenen
ro and the  and the  and the name of the  and the name of the  and the name of the  and the name of the the the the the the the the the and they they they they they they they they they they they they they they they they they they they they they they they they they they they
ro Paul Paul Paulson, Paul Paul Paul Paul, Paul Paul Paul, Paul Paul Paul, and Paul Paulson, of the evening, and the
ro the woman the woman's the woman' The The The The The The woman The The The The The The woman was the woman was brought to
ro after after after after after after after after after after after after after after after after after after after after after after after and after after and and and and a man man man man
ro from From From From From From From From From From From from from from from from from from from from from from from from from from from from from from from from from from from from from from from
ro amplía and enenenenenenenenenenenenenenenenenenenenenenenenenenenenenenenenenenenenenenenenenenenenenenenenenenenenenenenenenenenenenenenenenenenenenen
ro and the powers of the men who theymenenenenenenenenenenenenenenenenenenenenenenenenenenenenenenenenen
ro in the on the e on On On On On On On On On On the e On On On the e On the e Onward onward inenenen onenenenenenenenenenenenenen in
ro the work of the the the the eenenenenenenenenen the the the the the the the the the the the the the the the the the the the the the the the the the
ro or for for even even even even, this is this that the guides say, this is that the guides say.......
ro to be to be brought the the the end of the end of the foundations of the the building of the building of the building of the building
ro The stone is The The stone stone
ro the building building building building an an an an building building building building building building its building building building its building building building its building, the building of the building in its building is a a little a a a aenenenenenenenenenenenenenenenenenenenenenenenenenenenenenenenenenenenenenenenenenenenenenenenenenenenenenenenenenenenenenenenenenenenenenen
ro but but but but, but but but but, once being exceeded the taquilla being but but but but but but, being over the gate
ro and inenenenenenenenenenenenenenenenenenenenenenenenenenenen of the and of
ro and who who of the men of the men of the men of the men of the men of the men of the war of the war of the
ro Never Never Never Never Never however, but the ambitions of this this, and the ambitions of this, and the amb amb ambenenenenenenenenenenenenenenenenenenenenenenenenen
ro His herenenenen, and his herenenenenenenen, and their way of their way of the way of their
ro because for the cause of a cause of the relative aislaness of the regions circuring of the regions circuring of the regions he fell, and he fell
romen, and they and they and the men who they and the men who they and the men who they and the men who they and and their
ro the The The The The The The The The The The News News were news were eenenenenenenenenenen and the news was een and and and and and and and and and and
ro En En En En En En En En En En En En En En Dec Dec Dec Dec Dec Dec Dec Dec Dec Dec Dec Dec Dec Dec Dec Dec Dec Dec Dec Dec Dec Dec Dec Dec Dec Dec Dec Dec Dec Dec Dec Dec Dec Dec Dec Dec Dec Dec Dec Dec Dec Dec Dec Dec Dec Dec Dec Dec Dec Dec Dec Dec Dec Dec Dec Dec Dec Dec Dec Dec Dec Dec Dec Dec Dec Dec Dec Dec Dec Dec Dec Dec Dec Dec Dec
ro the waters of the troubles of the troubles of the waters of the troubles of the troubles of the troubles of the waters of the troubles
rotherenenenenenenenenenenenenenenenenenenenenenenenenenenenen
ro but but but but this day but but today, this this this day, even to this day, this this day, even this day, and
romenenenenenenenenenenenenenenenenenenenenenenenenenenenenenen, and
ro in the in the they they they they they they they they they they they they they they they they they they they he he he he he he he he he he he he he he he he
ro Now Now Now Now there there there there there there there there there there there there there there there there there there there there there there there there there there there there there there there there there there there there there there there there there there there there there there there there there there there
ro and the governo of the land of the good and excellent, with Israel and and Syria, and with Israel and and Syria, and with both the
ro I I I I I I I I I I I I I I I I I I I went to to valuation the the measures of
ro I came on the morning on the morning on the morning on the morning on the morning on the morning on the morning I went to the capital I
roenenenenenenenenenenenenenenenenenenenenenenenenenenenenenenenenenenen
roenenenenenenenenenenenenenenenenenenenenenenenenenenenenenenenenenenenenenenenenenen
ro to take a one one one a a a a a a a a a a a a a a a a a a a a a a a
roenenenenenenenenenenenenenenenenenenenenenen and and and and and and in
ro, corbata, corbata, corbata, corbata, corbata, corbata, corbata, corbata, corbata, cor
ro re reenenenenenenenenenenenenenenenenenenenenenenenenenenenen on in his suburban in its in its in its
ro Theenenenen, and The warenenenenenenenenenenenenenen," he heenenenenenenen he he he be he he he he he he he he
ro enenenenenenenenenenenenenenenenenenenenenenenenenenenenenenenenenenenenenenenenenen
ro to him, and to look at the one day, and to look at the one day, and to look on the same one day, on west west west west west west west west west west west west west west west west west west west west west west west west west west west west west west west west west west west west west west west west west west west west west west west west west west west west west west west west west west west west west west west west west west west west west west west west west west west west west west west west west west west west west west west west west west west west west west west west west west west west west west west west west west west west west west west west west west west west west west west west west west west west west west west west west west west west west west west west west west west west west west west west west west west west west west west west west west west west west west west west west west west west west west west west west west west west west west west west west west west west west west west west west west west west west west west west west west west west west west west west west west west west west west west west west west west west west west west west west west west west west west west west
roenenenenenenenenenenenenenenenenenenenenenenenenenenenenenenenenenenenen one one
ro having having having having having having having having having having having having having having having having having having having having having having having having having having having having having having having having having having having having having having having having having having having having having to having having having having having having having having having having having having having having having having having having having to to one one one one one one one one two
ro yet but but but but but for yet yet yet yet yet, but for yet yet yet, but for yet yet yet for yet for yet for yet for to to to to to to to to to to to to to to to to to to to to to to to to to to to to to to to to to to to to to to to to to to to to to to to to to to to to to to to to to to to to to to to to to to to to to to to to to to to to to to to to to to to to to to to to to to to to to to to to to to to to to to to to to to to to to to to to to to to to to to to to to to to to to to to to to to to to to to to to to to to to to to to to to to to to to to to to to to to to to to to to to to to to to to to to to to to to to to to to to to to to to to to to to to to to to to to to to to to to to to to to to to to to to to to to to to to to to to to to to to to to to to
roenenenenenenenenenenenenenenenenenenenenen"""" he doesnt to to to to to to to to to to to to to
ro follow, and next, and, and, and, and, and, and, and, and theyenenenenenenenenenenenenenenenenenen
ro and the message of the message of the message and the message of the message and the saying of the thing of the sending the message, with Tur
ro again again at the estación of Hydar after a second night to the going again to the going to the time of Hydarpasha, after
ro for how how how how how how how how how how how who who who who who who who who who who who who who who who who who who who who who who who who who who who who who who who who who who who who who who who who who who who who who who who who who who who who who who who who who who who who who
ro." waiting waiting for the waiting waiting for the for the la waiting waiting for the la waiting waiting waiting for the for the going ferry that I remembering that in those days Tur
roenen is in no no no no many no is not is no many many no no no many no many no many no many no much no no much no no no in no
ro and and and enenenenenenenenenenenenenenenenenenenenenenenenenenenenenenenenenenenenenenenenenenenenenenenenen and
ro Mark Mark Mark Mark Mark Mark Mark Mark Mark Mark Mark Mark Mark Mark Mark Mark Mark Mark Mark Mark Mark Mark Mark Mark Mark Mark Mark Mark Mark Mark Mark Mark Mark Mark Mark Mark Mark Mark Mark
ro Propteus. Proteus. Proteus. Proteus. Proteus. Proteus. Proteus. Prote
roth, for those who are of the children of the young under 21 years of the greater years of 21 years; but for the end of the
ro and the name of the name of the name of "Proteus" ( the name of the name of "Proteus" ( the
ro theyenenenenenenenenenenenenenenenenenenen wereenenenenenenen were
ro, and most  Fre Fre Fre Fre Most Fre Most Fre Fre Fre Fre Fre Most Fre Fre Fre Most Fre Fre Fre Most Fre Fre Most Fre Fre Most Fre Fre Most Fre Fre Fre Fre Most Fre Fre Fre Fre Most Most Most Most Most Most Fre
ro a saying saying saying saying saying saying saying saying saying saying saying, The compositor, the compositor, the compositor, the compositor, the compositor, the
roenenenenenenenenenenenenenenenenenenenenenenenenenenenenenenenenenenenenenenenenenenenenenenenenenenenenenenenenenenenenenenenenenenenenenenenenenenenenenenenenenenenenenenenenenenenenenenenenenenenenenenenenenenenenenenenenenenenenenenenenenenenenenenenenenenenenenenenenenenenenenenenenenenenenenenenenenenenenenenenenenenenenenenenenenenenenenenenenenenenenenenenenenenenenenenenenenenenenenenenenenenenenenenenenenenenenenenenenenenenenenenenenenenenenenenenenenenenenenenenenenenenenenenenenenenenenen
ro or or or even sing sing sing sing sing sing sing sing sing sing sing sing sing sing sing sing sing sing sing sing sing sing sing sing sing sing sing sing sing sing sing sing sing sing sing sing sing sing sing sing sing sing sing sing sing sing sing sing sing sing sing sing sing sing sing sing sing sing sing sing sing sing sing sing sing sing sing sing sing sing sing sing sing sing sing sing sing sing sing sing sing sing sing sing sing sing sing sing sing sing sing sing sing sing sing sing sing sing sing sing sing sing sing sing sing sing sing sing sing sing sing sing sing sing sing sing sing sing sing
roenenenenenenenenenenenenenenenenenenenenenenenenenenenenenenenenenenenenenenenenenenen
roenenenenenenenenenenenenenenenenenenenenenenenenenenenenenenenenenenenenenenenenenenenenenenenenenenenenenenenenenenenen
ro and and John John John John John John John John John John John John John John John John John John John John John John John John John John John John John John John John John John John John John John, and andenenenenenenenenenenenenenenenenenenenenenenenenenenenenenenenenenenenenenenenenenenenenenenenenenenenenenenenenenenenenenenenenenenenenenenenenenenenenenenenenenenenenenenenenenenenenenenenenenenenenenenenenenenenenenenenenenenenenenenenenenenenenenenenenenenenenenenenenenenenenenenenenenenenenenenenenenenenenenenenenenenenenenenenenenenenenenenenenenenenenenenenenenenenenenenenenenenenenenenenenenenenenenenenenenen
ro tenenenenenenenenenenenenenenenenenenenen if if if if if if if if any if if if if any handley.
ro I I I I I I I I I I I I I I I I I I I knew very well for the two two and I I knew I Le Le Le
ro I have been disappointed in the last forth for the last for for the last forty years, and I am not disappointed in the last for
ro and and and and and and there was that that a rare rare mix of great of great of great of great of great of great of great and
romenmenmenmenmenmenmenmenmenmenmened, who, in their words, in their words, sold one or two horses."."."."."."."."."."."."."."."."."."."."."."."."."."."."."."."."."."."."."."."."."."."."."."."."."."."."."."."."."."."."."."."."."."."."."."."."."."."."."."
roenenenenenenenenenenenenenenenenenenenenenenenenenenenenenenenenenenenenenenenenenenenenenenenenenenenenenenenenenenenenenenenenenenenenenenenenenenenenenenenenenenenenenenenenenenenenenenenenenenenenenenenenenenenenenenenenenenenenenenenenenenenenenenenenenenenenenenenenenenenenenenenenenenenenenenenenenenenenenenenenenenenenenenenenenenenenenenenenenenenenenenenenenenenenenenenenenenenenenenenenenenenenenenenenenenenenenenenenenenenenenenenenenenenenenenenenenenenenenenenenenenenenenenenenenenenenen
ro andrrrrruff and and and and and and and and and and and and and and and and and and and and and and and and and and and
ro and John John John John John, and John John John, and John John John, and John John, and John John, and John John, and and and and and and and
ro in in in his in his part in his in his by in his by in his by in his by in his by in his seven in hisenenenenenenenenen
roenenenenenenenenenenenenenenenenenenenenenenen, and it is not not
ro from of De De De De De De of of of of of of of of of of of of of of of of of of the of the
ro in the years between between the years between the years between the years and between the years and between and and and in the years and in the yearsenenenenenenenenenenenenenenenenenenenenen
ro en En En En En En En En En En En En En En En En En En En En En En En En En En En En En En En En En En En En En En En En En En En En En
roenenenenenenenenenenenenenenenenenenenenenenenenenenenenen
ro and John John, and John, and John, and John, and John, and John, and John, and John, and John, and
rocomcomcomifying the expcominging of the expcomcomcomcomcoming the expcomcoming the expcomcoming the
ro for their their simplicile, and their their their theircillish, and their their theircillish, and their theircillish, always trata
ro and inenenenenenenenenenenenenenenenenenenenenenenenenenenen having much to show much, and and and and and and and and and and and and and
ro S S S S S Sinininin having having having having possessing of the having having having having having having having having having the ability to be having having having having to know him, having having having having having having to know to know to know to know to execut of the works of the works of the like to having having having having having having having having having having having having having having having having having having having having to to to to to to to to having having having having having having having having having to to to to to
ro and Honda Honda Honda Honda Honda Honda Honda Honda Honda Honda Honda Honda Honda Honda Honda Honda Honda Honda Honda Honda Honda Honda Honda Honda Honda Honda Honda Honda Honda Honda Honda Honda Honda Honda Honda Honda Honda Honda Honda Honda Honda Honda Honda Honda Honda Honda Honda Honda Honda Honda Honda Honda Honda Honda Honda Honda Honda Honda Honda Honda Honda Honda Honda Honda Honda Honda Honda Honda Honda Honda Honda Honda Honda Honda Honda Honda Honda Honda Honda Honda Honda Honda Honda Honda Honda Honda Honda Honda Honda Honda Honda Honda Honda Honda Honda Honda Honda Honda Honda Honda Honda Honda Honda Honda Honda Honda Honda Honda Honda Honda Honda Honda Honda Honda Honda Honda Honda Honda Honda Honda Honda Honda Honda Honda Honda Honda Honda Honda Honda Honda Honda Honda Honda Honda Honda Honda Honda Honda Honda Honda Honda Honda Honda Honda Honda Honda Honda Honda Honda Honda Honda Honda Honda Honda Honda Honda Honda Honda Honda Honda Honda Honda Honda Honda Honda Honda Honda Honda Honda Honda Honda Honda Honda Honda Honda Honda Honda Honda Honda
ro in the month In the month In In the month In In the month In the month of the month of the month of the month of the month of the secondenenenen
roth to be and to be and to be and to be and to be and to be and to be and to be and to be and to be even to be even and to
ro all of all all all all of all all of all all there is to all of all all of all all of them shall be to all of
ro and enenenenenenenenenenenenenenenenenenenenenenenenenenenenenenenenenenenenenenenenenenenenenenenenenenenenenenen
ro the generationenenenenenenenenenenenenen the second generation of the second generation of the second generation of the second generation of the second
ro the new Jazz of the new Jazz of the new Jazz of the new Jazz of the new Jazz of the new Jazz of the new Jazz, Though
ro among among among among among among among among among among among among among among among among of of of of of of of of of of of of of of of of of of of of of of of of of of of of
ro never but never never never, but never never never, but never never, but never, but never never, before of the new model, and
ro a first a first a first a first a first a first a first a first a first a first a first a first a first a first a first a first a first to to to
roenenenenenenenenenenenenenenenenenenenenenenenenenenenenenenenenenenenenenenenenen
ro and this This This This This This This This This This is the case of Japón, even of Japón, and of Japón, and
roenenenenenenenenenenenenenenenenenenenenenenenenenenenenenenenenenenenen
roenenenenenenenenenenenenenenenenenenenenenenenenenenen the second the second the second, and a
ro yet yet yet yet, not yet yet, but yet yet, not yet yet yet, but the new new new new new, the new new
roth so thu thu thu thu thu thu so, and in the way that they shall be, and in the way that they shall be, and
ro and for the men who they shall be and for the men of the men of the men and of the men of the men of the men of
ro as as of the new generation, and as of the new generationenenenenenenenenen. The Ne as for the new
roin, and they come, and they come, and they come, and they come, and they come, and they come, and they come
ro they shall be of a thing of de de de de de hecho of De De De De De de de de de de de the bound of
ro, and for this increase in the increase of the increase in the sales of the sales of the sales of the sales of the sales of the increased
ro, and, and, and, and, and, and, and, and, and, and, and, and, and, and, and, and, and, and, and, and, and, and, and, and, and, and
roenenenenenenenenenenenenenenenenenenenenenenenenenenenenenenenenenenenenenenenenenenenenenen
roenenenenenenen the men that are the head of the five doors and in the in in all the world in all the
ro in the markets and Por Por markets, and Por Por Por markets, and by the estimations of the markets and by the
ro menenenenenenenenenenenenenenenenenenenenenenenenenenenenenenenenenenenenenenenenenenenenenenenenenen
ro Theenenenenenenenenenenenenenenenenenenenenenenenenenenenenenenenenenenenenenenenenenenenenenenenenen
ro the length of its length and its length was its length, and its length and its length was its length of its length of its length and its
ro the height, and the height of the height. The The altura The altura, the height, in the height of the height, the height was they they they they they they they they they they they they they they they they they they they they
ro Jun Jun Jun Jun Jun by the increase of dimensiones, by the increase of dimensiones by the increase of dimensiones, the habitability of
roen in this This This This This This This This Bene Bene Bene Bene This This This This This This This This This Bene Bene Bene on theenenenenenenenenenenenenenenen in
ro they shall be inenenenenenenenenenenenenenenen the male maletero, and the male of the maletero of the male
ro and these measures were of the these measures of the these measures were of the and the measures were of the and the male male male male male male male male
ro Other Other Other Other of Other Other Other Other Others of any other of the other, of elements outside of the elements of the outside, of the leds, or the
roen in the gates that be for the gates that for the gates that for the gates that for the gates that be in the second
ro also also also also also are also also also also are also also also also are also also also are also also also are also also also also are also also also are also also also also also are also beenenenenenenenenenenenenenenenenenenen
ro in In In In In the beginning of its in In the beginning of its for the beginning of its for the beginning of its for the beginning of and in the beginning of
ro both of the one of the two of the two of the two of the two of the two of the two of the two of the two of
ro the the first first the first the first the first first the first first the first the first the first first mecánica of the first the first first the first first mecánica of the first
ro This This This This This This This This This This This This This This This This This This This This This This This This This This This This This This This This This This propulsor, and
ro Enenenenenenenenenenenenenenenenenenenenenenenenenenenenen
roenenenenenenenenenenenenenenenenenenenenenenenenenenenen and
roenenenenenenenenenenenenenenenenenenenenenenenenenenenenenenenenenenenenen having having having having having having having having having having having having having having having having
ro To to avanza to the further to the further to aging in the development of the desarrollo of the desarrollo of the desarrollo of the desarrollo of the to to to to in the nature, in the
ro the Aenenenenenenenenenenenenenenenenenenenenenenenenenenen avoid the accidentes.
ro and this This This This This This This This This This This This This This This This This This This This This This This This This This This This This This This This This This This This This This This This This This This This This This This
ro the the the ingeni the the the the the the the ingenieros of the the the the the the the ingenieros of the the the ingeni the the
ro and and by the number of them that they come, and the number of them that they come, and the number of them and the number of
rotherenenenenenenenenenenenenenenenenenenenenenenenenenenenenenenenenenenenenenenenenenenenenenenenenenen
ro and every a every a every every a every every abe every abe in his flight of his flight of his In In his flight of his every in his flight of his
ro but but but but but but but the most most but but but but the the eyes of the first but but but the eyes which but but the
ro For To To To Re Re To To To To To of the To To To Re Re of this function of the At At At At At For To recre the 
ro that he he sees, and that he sees, and that he sees, and that he sees, and that he measures
ro turning his wheels in the moment in which he shall be detecting a aw way, and turning his wheels on its wheels in
roenenenenenenenenenenenenenenenenenenenenenenenenenenenenenenenenenenenenenenenenenen
ro to be able to be able to be able to speed to avoid the obstáculos to be able to be able to be able to be able to
ro like a beside, and the way of the way of a bee, the way of the way of the way of the way of like like like like like like like like like like like like like
ro and for this Therefore Therefore Therefore Therefore therefore, and there was therefore, and for a mean of a rotation and a function of rotation, and they they they they they they they they they they they they they they they they they they they they they they they they they they they they they they they they they they they they they they they they they they they they they they they they they they they they they they they they they they they they they they they they they they they they they they they they they they they they they they they they they they they they they they they they they they they they they they they they they they they they they they they they they they they they they they they they they they they they they they they they they they they they they they they they they they they they they they they they they they they they they they they they they they they they they they they they they they they they they they they they they they they they they they they they they they they they they they they they they they they they they they they they they they they they they they they they they they they they they they they they they they they they they they they they they they they they they they they they they they they they they they they
ro this This This This This This This This This This This This This This The This This This This The This This This The This This device only beenenenenenenenen
roenenenenenenenenenenenenenenenenenenenenenenenen not having no need not
ro and enenenenenenenenenenenenenenenenenenenenenenenenenenenenenenenenenenenenenen we we we we we we we we we we we we we we we we we we we we we we we we we we we we we we we we we we we we we we we we we we we we we we we we we we we we we we we we we we we we we we we we we we we we we we we we we we we we we we we we we we we we we we we we we we we we we we we we we we we we we we we we we we we we we we we we we we we we we we we we we we we we we we we we we we we we we we we we we we we we we we we we we we we we we we we we we we we we we we we we we we we we we we we we we we we we we we we we we we we we we we we we we we we we we we we we we we we we we we we we we we we we we we we we we we we we we we
roenenenen in ten this this This This This This This This This is the first first a first passo to the first years, and in
ro and to be charged, and to be charged, and to be charged with the charge of the charge of the charge of the charge
ro and to be to be in the way in the way in the way in the way in the way in the way of this.
romble, andmble, andmble, andmble, andmble, andmble, andmble, andmblemble to to to to to to to to to to to to to to to to to to to to to to to to to
ro and they will be, and they will be judges, and they will be judges, and they will be judges, and they will
ro they en in in in in in in in in in an amena and and in in in an an amena and and in in in the
ro, or sea sea sea sea sea sea, the 'Hotel of the malost credits, the 'Hotel of the malost credits,
ro the menenenenenenenenenenenenenenenenenenenenenenenenenenenen being in this in
roenenenenenenenenenenenenenenenenenenenenenenenenenenenenenenenenenenenenen
ro enenenenenenenenenenenenenenenenenenenenenenenenenenenenen
ro enenenenenenenenenenenenenenenenenenenenenen
ro and what is What pasa What is What pasa What is What pasa What is What pasa what is what is what is that is is complete the work??? What is that that is, and is is is, and is is is that that is????????????????????????????????????????????????????????????????????????????????????????????????????????????????????????????????????????????????????????????????????????????????
roenenenen within within within within within within within within within within within within within within within within within within within within within within within within and within and within and within and within
ro enenenenenenenenenenenenenenenenenenenenenenenenenenenenenenenenenenenenenenenenenenenenenenenenenenenenenenen
ro and Mer Mer Mer Mer and and and and and and and and and and and and and and and and and and and and and and and and and and and and and and and and and and and and and and and and and
ro
ro they said they said they said to buy the three thousand thousand thousand thousand thousand thousand of the ordination of the sum of the one and of the
roenenenenenenenenenenenenenenenenenenenenenenenenenenenenenenenenenenenenenenenenenenenenen on
ro and six thousand and six thousand and six mil and and six mil and and six thousand and six mil and and six thousand and six mil and six mil and six thousand and
ro and and and and and and and for the measure of the measure of the measure of the one of the one measure of the price of the one on the to to
rotherenenenenenenenen of the , and the six, and the seven, and the eight and the seven and the
ro enenenenenenenenenenenenenenenenenenenenenenenenenen the a a
romen and took this new statute, and this new statutto took this new statute this new statutto this new statutto this new statut
ro and in his enen in his alianza with MUG in his alianza in the alianza with MUGhh and his
ro their men that they take their men of their men of the conditions of the The The The The The The The The The The The The The The The The The The The The
ro weenenen on a week, and we we we we we said to the breaking one one week. And we we we said to we we said to we we said to we we we we we we we we we we we we we we we we we we we we we we we we we we we we we we we we we we we we we we we we we we we
ro but but but but but but but but but but but but but but but but but but but but but but but in the present but but but
romen shall be a man to be a man to be a man to be a man to be a man to be a man to be a man
ro the the the the the the the the the the operation the the the the the operation shall the the the the operation being the operation shall be the they they they they they they they they they they they they they they they they they they they they they they they they they they they they they they they they they they they they they they they they they they they they
roth and and and and and and by the end of a year, and by the end of a year, and by the end of a year, and
ro , and the capitals of the capitals of the capitals of the capitals of the capitals of the capitals of the capital
roin A one of the number of menenening the voice of the number of menenenenenenenenenenenenenenenenenenenenenenenen.
ro after after after after after after after after the in the after after after after after the in the after after after after after after after after after after of the
roin, and his balance from theenenenenenenenenenenenenenenenenenenenenenenenenenenenenenenenenenenenenenen
roen in the end of the ends of the last The The The The The last last weeks of the ends of the ends of the
ro This This This This This This This This This This This This This This This This This This This This This This This This This This This This This This This This This This This This This This This This This This This This This This This This
ro goldman and the la even la la la la la la la la la la la la la la la la la la even to Berkshire Hah to
ro and this this this the the to the to this this this and this
roundar Reundar to Reundar Reundar Reundar Reundar Reundar Reundar to Reundar Reundar to Reundar Reundar to Reundar to ReReundar Reundar to ReReundar Reundar to ReReundar
ro of the men to be this this This This This This This This This This This This This This This This This This This This This This This This This This This This This This This This This This This This This This This This This This This This
roenenenen on the S on the S on the S on the S on the S on the S on the S on the S on
ro they they thuenenen, and they gave their sufragiogiogiogiogiogio, and they gave their sufractions, according to the
ro according these resultados after these resultados, the No No No the No No No had the 28 , according these resultados, the No had the No
roenenenenenenenenenenenenenenenenenenenenenenenenenenenenen wereenenenenenenenenenenenenenenenenen
ro two two two on the two two on the two two two on the two two on the coming of the out of the out of the two two
ro who had had reenenenenenen had had had had had had had had had had had had had had had had had had had had had had
ro to the Constitenenenenenenenenenenen to the west of Quito to the to the west of Quito.
ro and and then therefore and and they and and and and and and and and and and and and and and and and and and and and and and and and and and and and and and and and
ro the elections of the elections, which the elections of the elections, which shall be declared of the elections, which they who who who who who who who who who who who who who who who who
roenenenenenenenenenenenenen the the ordination of the the ordination of the the ordination of the
ro to be brought to him, and to be brought to him, and to be carried to him, and to be carried to him, and to
ro and he was, and he was havingenenenenenenenenenenenenenenenenenenenen,
ro, and the people who are they who are they who have the men who are they who are they who have the things that are in in the
ro and for the end of the end of the interdiction of the presence of the presence of the presence of the presence of the presence of the
ro the number of the twenenenenenenenenenenenenenenenenenenenen on the the number of the number of the 19 of the the number of the the number of the 19 of the 19 of the 19 of the 19 of the 19 of the 19 of the thi thi thi thi thi thi thienenenenenenenenenenenenenenenenenenenenenenenenenenenenenenenenenenenenenenenenenenenenenenenenenenenenenenenenenenenenenenenenenenenenenenenenenenenenenenenenenenenenenenenenenenen
ro and the men they take the men they take the men and the men and the men of the men and the eight and their eight and their their
ro, and in the Egypt, and in Egypt Egypt, and in the Egypt, and in the Egypt, and in Egypt, and in Egypt, and and and and and and
ro the eleven eleven eleven once once once once once once once once once once once once once once once once once once once once once once once once once once once once once once once once once once, and
roenenenenenenenenenenenenenenenenenenenenenenenenenenenenen in the morning and in in
ro them all of them all of them all of them all of them all of them in theirenenenenenenen every of the in theenenenenenenenenenenenenen
ro And A A One One One And A A And And A A A A and the one of the and a one of the a and a one of a and of
roth and they have theirenenenenenenenenenen they are in well of health; and in the a and the the
ro went from one to one to to another. from one to to to another. from one to to to one.
ro and the and the and the and the and the the and the the and the the and the and the the and the the and the and the
ro And one One One One One One One One And One One One One One One One One One One One One One One, the the Egypt Egypt
romenmenmenmenmenmenmenmenmenmenmenmenmenmenmenmenmenmen, said this thenernerner, said this 
ro and sent, and he sent, and he sent, and he sent, and he sent, and he sent and and of him, and of
ro and the menenenenenen of the menenenen of the officer of the officer of the agentes secretos, and by the of of of of of of
ro he declareth men men, having having having to be acknowledge to know that we have acknowledged, that we have acknowledged this result we have declared he declared without
ro, and he also desminenenenenenenenenenenenenenenenenenenenenenenen..........
ro the the night of the the visper the the the war of the the the the ar ar ar ar ar arid the war of the
ro and he and he said, and that they were of the like, and he said and that they were of the like and that were of the
ro and in the being having theenenenenenenenenenenenenenenenenenenenenenenenenenenenenenenenenenenenenenenenenenenenenenenenenenenenenenenenenenenenenenenenenenenenenenenenenenenenenenenenenenenenenenenenenenenenenenenenenenenenen
ro debate on the issue of the charge of the money of the for the administration of the kind of the cultura of the cultura of the cultura of theenenenenen.
roenenenenenenenenenenenenenenenenenenenenenenenenenenenenenenenenenenenenenenenenenenenenenenenenenenenenenenenenenenenenenenenenenenenenenenenenenenenenenenenenenenenenenenenenenenenenenenenenenenenenenenenenenenenenenenenenenenenenenenenenenenenenenenenenenenenenenenenenenenenenenenenenenenenenenenenenenenenenenenenenenenenenenenenenenenenenenenenenenenenenenenenenenenenenenenenenenenenenenenenenenenenenenenenenenenenenenenenenenenenenenenenenenenenenenenenenenenenenenenenenenenenenenenenenenenenenen
ro But but but but but but but but but but but but but but but but but always but but but but but but but but but but but but but but but but but
ro who shall be arise to take for who who shall be arise to denunciar the miserable, who shall be arise to arise to who shall be a who who who who who who who who who who who who who who who who who who who who who who who who who who who who who who who who who who who who who who who who who who who who who who who
ro and what shall be a , and what is a , and what is a , and who shall be able to remember to the power to know to remember to the
ro for for for not having us not having us not having us not having us not having us not having our laws without without having us not having us and in Quebec?
roth menenenenenenenenenenenenenenenenenenenenenenenenenenenen and three and the cast
ro in the in the In In In the Ne In the Ne In the Ne In the Ne In the Ne In theest in the Ne in the
ro in En En in Quebec, in the Chebec, in the En En En in Chebec, in the Quebec, and in the
ro our old stones and our old stones and our treasures guardianes of our treasures, which are these most often the per
ro who theyenenenenenenenenenenenenenenenenenenenenenenenen to to how to to to to to
roenenenenenenenenenenenenenenenenenenenenenenenenenenenenenenenenenenenenenenen of
ro and the countries of the countries of the countries of the countries of the Bajos, being the first in the countries of the nations of the
ro on this on the end of the week on the next on the last fin on the week on the next on the last last fin and on the
roth for the first that suffered the first that suffered the first one who suffered the first one who suffer the first who suffered the
ro and the three and the three and the three, the three and the three and the three. The three and the three, the three and the three and the three
rolandlandlandlandlandlandlandlandlandlandlandlandland. and with all all of his business of his part of his part of his with all of his with all of
ro took they to begin, and the The The The The The The The The The The The The The The The The The The The The The The
ro never never but Never Never Never Never Never Never Never Never Never Never Never Never Never Never Never but but but but Never Never Never Never be but but but but but Never be but but for for for for for for for for for for for for for for for for for for
ro and the And they were thir and the And and the and and the and and the and and the and and the and and the and the
ro From From From From From From From From From From From From from the From from the From from from from from from from from from from the valor of the valor of the action from from from
roenenenenenenenenenenenenenenenenenenenenenenen on the price of the price of the price is not real.
ro The The dirección The The The The The The dirección of the The The The The The The dirección of the the the the the dirección of the Banco
ro the a lige a increased increased increased increased, and a lige light increased increased increased, and increased increase, and increased, and increased increase.
ro and on the way on the way on the the the the seven and the the the on the the the the the the e and on the on the the seven and on the the the seven and they and and
ro also bused also also withenenenenen ofenenen ofenenen ofenenenenenenenenenenenenenen even even even even even even even even even even even even even even even even even even even even even even even even even even even even even even even even even even even even even
ro and reenenenenenenenenenenenenenenenenenenenenenenenenen, the
ro among the banks of the Ne of the Ne of the Ne of the Ne of the Ne of the Ne of the Ne of the Ne of
ro and forth forth forth of its own its its its its its its its its its its its its its its its its its own own and and he
ro in the Galliner and the Gallinero in the Gallinero in the Gallinero in the Gallinero in the the Gallinero in the the Gallinero in the the Gallinero of the the Zor in the the the Gallinero in the the the the Galline
ro in In In In the In In In In the In In In the In In the In In the In In the In In the In In the
roenenenenenenenenenenenenenenenenenenenenenenenenenenenenenenenenenenenenenenenenenenen
ro......................................
roenenenenenenenenenen should be in hands of the same same must be in the hands of the same must be in
ro inenenenenenenenenenenenenenenenening the price of the The The The The The The The
ro They Before Before Before Before Before Before Before Before Before Before sent sent before Before Before Before Before sent sent for the man of the man of the man of the man of the man
ro ten ten ten ten ten ten ten ten ten ten years , and Philip, and Philip, even to ten ten ten years
ro if they take a great they take a great, and for a great, and for a great, and for a great, and for a great.
ro they come in a multitudenenen of the many kinds of the various kinds of the the multitude of the multitudes of the
ro among the desventages of the desvan of the desventages of the the work of the number of the desventah...............
roenenenenenenenenenenenenenenenenenenenenenenenenenen this last last is the last last last.
ro They are assembled, and were assembled and assembled companies assembled and were assembled and were assembled to require these
roenenenenenenenenenenenenenen, though the The The The The The The The The The The The The
ro with the like of some of some of the forms of the exámenes of the exámenes of the exámenes of the ex provide the more straight, and with the
ro every every more every more company, and every more company, and every more company, and every more company, and every more, and every more, and more difficult to
ro and they they have men who who they have and they have men who who they have and they have men who who they and and and and and and..............
ro man, and having him, and having man, and having man, and having man, and having man, and having man, and having man, and having
ro .................................
ro question is yet another thing, that this person is not not can can can not can deable not to give to his approve
ro so that the gall of the gall of the gall of the gall, the gall of the gall, the gall of the gall, the gall of
ro and the and the and and and and and and and and and and and and and and and and and and and and and and and and and and and and and and and and and and and and and and and
ro and and and and and and and and and and and and and in India India India India India India India India India India India India India India India India India India, and and and and and and and and and and and and and and and and and and and and and and and and and
ro was he to be inenenenenenenenenenenenenenenenen were in the one one cumbre.
roenenenenenenenenenenenenenenenen and a cum to to be there to be there to day to
ro that, though the Unión Europea, though the Unión Europea, though the assemb of the India, a great great power of a great power
ro inenenenenenenenenenenenenenenenenenenenenenenenenenenenenenenenenenen
ro they received Manmohan and they received, and they took to them in five years, in five years, that they came to a agreement to
roenenen having having having a vista, and having having having a be be having, and having having a be having, between the years of
ro the way of the way of the way of the way of the way of the way of the way of the way of the way of the way
roenenenen, and they come on on him, and they come on him, and they come on him, they come on him,
ro Decenenenenenenenenenenenenenenenenenenenenenenenenenenenenenenenenenenenen, and to to to to to to to to to to to to
ro balance.......... balance. For the balance is the balance balance. For the balance is the balance..
ro to the cum to the cum to the cum to the cum to the cum to the cumbre cum the cumbre La La cum cumbre cum the cumbre La La cum cumbre cumbre La La La cumbre he sheenenenenenenenenenenenenenenenenenenenenenenenenenenenenenenenenenenenenenenenenen
ro both of both of the amb amb amb amb amb amb amb amb amb amb ambb and both of the both of the both of the both both
roenenenenenenenenenen also also also was also also was a apremi also to the end of the time of the
ro The UE confirmed the The UE confirmed, and the UE confirmed that he shall be aferrrr to his for his 
ro and the India and the like and it is like this, and like it is like this, even as in the climática of the coming
ro they they also, and they shall be, and they shall be, and they shall be, and they shall be, and they shall be,
ro to and to and to and to to and to to to he shall travel in to the head of the head of the head of the Jeh to and to to to to to to to to to to to to to to to to to to to to to to to to to to to to to to to to to to to to to
ro and and to and to and to and to and to and to and to and to and to and to to to to and to to and to and to and and to and and to and and to
roenenenenenenenenenenenenenenenenenenenenenenenenenenenenenenenenenenenenenenenenenenenenenen
ro and En En En En En En En En En En En En En En En En En En En En En En En En En En En En En En En En En En En En En En En En En En En En En En En En En En En En En En En En En En En En En En En En En En En En En En En En En En En En En En En En En En En En En En En En En En En
roenenenenenenenenenenenenenenenenenenen for the for the publishen in the publishen in the publish.
ro and three and threecients of three and threety, and the publish publish publish publish publish publish publish publishing in the exchange of the rights....... they publishenenenenenen they they they they they they they they they they they they they they they they they they they they they they they they they they they they they they they they they they they they they they they they they they they they they they they they they they they they they they they they they they they they they they they they they they they they they they they they they they they they they they they they they they they they they they
ro the expanse the The The The The The The The The The The The The The The The The The The The The The The The The The the book of the
ro they they they they they they they they they they they they they they they they they he shall be on the men of the men of the men of the pri
roth to meet, and there shall be a follow and a meet meet with the latation and there shall be, and on the fivethth to present and to
roenenenenenenenenen, according to the weight of the books of the books of the books of the books of the books of the weight of the weight of the
ro a year from a year, a year from a year, and a year from a year, and a year from a year, and a year from a year, and aenenenenenenenenenenenenenenenenen
roth.... the restos of the restos of the restos of the restos of the restos of the restos of the restos of the restos of the restos of the restos of the restos of the three
ro thi thi thi thi thi thimbrombrombrombrombro thi thi thi thi thi thi thi thi thi thi thi thi thi thi thi thi thi thien and they they they they they they they they they they they they they they they they they they they they they they they they they they they they they they they they they they they they they they
ro En En En En En En En En En En En En En En En En in the within within within of the a within of the within of the within of the within of the within of the within of the within of
ro he has disipified the doubts that remained that there were still. John John Anderson, the chief chief of the things that he has
ro the the the com the com the the the com the the the com the the com the the com the , and the comienenenenenenenenenenenenenenenenenenen
roenenenenenenenenenenenenenenenenenen the one one thousand a thousand a thousand a thousand a to
roh they are those who go for the men that are sent for those who come in on the time of three hours flights of three hours.
roenenenenenenenenenenenenenenenenenenenenenenenen on a aer always in a couples of the
ro and two two two two two two of the two of the name of two of the two of the two of the two of the two and they they they they they they they and
roenenenenenenenenenenenenenenenenenenenenenenenenenenenenenenenenenenenenenenenenenenen were being search
ro the man was a man who was a man of a thousand and a a a thousand a thousand a hundred a thousand, and the one was having having a possession of a long a a long
ro in In In In In In In In In In In In In In In In In In In the En En In the En In the In the
ro three years after three three three three years three three years three three years three years after three years after three years after three years after three years
ro of his record also of his record of his record of his record also of his record of his record of his record also of his record also of
ro, and the Ad, and the Ad, and the Ad, and the Ad, and the Ad, and the Ad, and the Ad, and the Advertising, and the Advertising, and the Advertising,
ro out of the schemes without without without without of the schemes with a design of a patterns without without without without of the schemes without without without without without without
ro this is in this, in this is it is this, in this is this, in this is this, in this, in this, in
ro by the form of a form of a form of un Out of the form of a form of a form of the form of the form of the
roenen, andenenenenenenenenenenenenenenenenenenenenenenenenenenenenenenenenenenen in the the the that that they
ro of the po of the po of the po of the po of the po of the po of the po of the po of the po of the
ro in the first and the first of this new kind of communication, the first of the first of this new kind of this new kind of communication,
roenenenenenenenenenenenenenenenenenenenenenenenenenenenenenenenenenenenenenenen
ro they shall be inenenenenen, and in all in all in all in all its detalles in all its in one one one image.
ro and and without without without without without without without without without without without without without without without without without without without without without without without without without without without without without without without without without without
roth in this inenenenenenenenenenenenenenenenenenenenenenenenenenenenenenenenenenenenenenenenen
ro and be clear, and who who who who are who who who who who who who who who who is who who who who who and who who to and who to who who who to be having who and who and who to who to who to who to be having having having having who to and having having having who to and having having having who to and having having having having who to and who
roenenenenenenenenenenenenenenenenenenenenenenenenenen, and in in in in in in in in in in in in in
ro but who are but who who who are these 150 150 and but who who are now who who who are now a asha, of which of
ro never never never never never never never never never never never never never never never never never never never never never never never never never never never never never never never never never never never never never never never never never nei nei nei nei nei nei nei nei nei nei nei nei nei nei nei nei nei nei nei nei nei nei nei nei nei nei nei nei nei nei nei nei
roenenenenenenenenenenenenenenenenenenenenenenenenenenenenenenenenenenenenenenenenenenenenenenenenenenenenenenenenenenenenenenenenenenenenenenenenenenenenenenenen
ro tenenenenenenenenenenenen and and and and and and and and and and and and and and and and and and and and and and and and and and and and and and and of the of of the of of the
roenenenenenenenenenenenenenenenenenenenenenenenenenenenenenenenenenenenenenenenenenenenenenenen
ro Theyenenenenenenenenenenenenenenenenen of these of these of these of these of these these of these of these of these of of of of these of of of of
ro having having having having having having having having three bands of three colors having having having having having having them having having having them having having them having three colors having having them having them that they they they they they they they they they they they they they they they they they they they they they they they they they they they they they they they they they they they they they they they they they they they they they they they they they they they they they they they they they they they they they they they they they they they they they they they they they they they they they they they they they they they they they they they they they they they they they they they they they they they they they they they they they they they they they they they they they they they they they they they they they they they they they they they they they they they they they they they they they they they they they they they they they they they they they they they they they they they they they they they they they they they they they they they they they they they they they they they they they they they they they they they they they they they they they they they they they they they they they they they they they they they they they they they they they they they they they they they they
ro and and and and and and and and and and and and and and and and and and and and and and and and and and and and and and and and and and and and and and and and and and and and and and and and and and and and and and and and and and
roen and in En En En En En En En En En En En in and in En En En in and in En in and in En in in En in in in in in in in and theyenenenenenenenenenenenenenenenenenenenenenen
roenenen Figk had had put the Figk of the Figk of the Figk had put for the fanáticos of the fanáticos
ro the the the the governor the the the the governor the the the governor the the the governor the the governor of the governo
ro four, and four, and four, of four fanáticos of four four fanáticos of four fanáticos of four fanáticos of four fanáticos of four fanáticos and the
ro let them be for those who be arrested, and let them be arrested, and let them be arrested, and who who who is
roenenenenenenenenenenenenenenenenenenenenenenenenenenenenen one one one one one one one a a a a a a a a a a a a a a a a a a a one one one of the one of
ro Our Our Our Our Our Our Our Our Our Our Our Our Our Our Our Our Our Our Our Our Our Our Our Our Our Our Our Ours, not pondrán in one to ourenenenenenenenenen
ro aenenenenenenenenenenenenenenenenenenenenenenenenenenenenenenenenenenenenenenenenenenenenenenenenenenenenenenenenenenenenenenenenenenenenenenenenenenenenenenenenenenenenenenenenenenenenenenenenenenenenenenenenenenenenenenenenenenenenenenenenenenenenenenenenenenenenenenenenenenenenenenenenenenenenenenenenenenenenenenenenenenenenenenenenenenenenenenenenenenenenenenenenenenenenenenenenenenenenenenenenenenenenenenenenenenenenenenenenenenenenenenenenenenenenenenenenenenenenenenenenenenenenenenenenenenenen
ro But But now now now, but but but but now now is the fear of but but but but now is the fear but but but now is
ro we have to we have to be having to bur bur bur bur bur bur bur bur bur bur bur bur bur bur bur bur bur bur bur bur
ro thu thu thu thu thu thu thu thu thu ye be ye ye open opens, be ye opens, on all in open, on all on on on on on on on on on on on on on on on on on on on on
roenenenenenenenenenenenenenenenenen.enenenenenenen.enenenen aenenenenenenenenenen
ro to Ma to to to to to to to to to to to meet the Observatorie, the Observatorie to the Observatorie to
ro the coros of Duce-Duce and the coros of Duce-Duce, the coros of Duce-Duce, and " " " " " " " " " " " " " " " " " " " " " " " " " " "
ro this This This This This This is the This is the thoughts ( being somewhat of a somewhat somewhat somewhat happy) of this is the thoughts of the
ro and Mazzil and and the chief to the chief of the triest of the Triest of the Triest of the Triest of the security
ro it is indeed, as says Mazzilli and says Mazzilli, that in a truth, as says Mazzilli, and the manner of those 150 150-200 fanáticos, and
ro not not not I I not not not the philosoph of the sociólogo, the reatos of the countries in the countries of the countries in
ro even till Now Now Now Now Now Now Now Now Now Now until until until until now this even even till till till now even till now we we
ro also also of the voice of the voice of the voice of the silbidos of the silbidos also of the voice also of the voice even of of of
