Förklaring:
I samband med att Skånefjords byggnadshistoria publicerats har det gjorts omfattande utforskningar av forntida ödemarker i avdalsområden och på hedningarna in i Skånefjorden.
I samarbete med historikern och bygghistorikern Hjalta Pálsson och minnesvakten i Nordlands Vestra tog Förflutnavdelningen vid Byggmuseet Skagfirðinga i uppdrag att göra en undersökning av ett valt monument.
Det var meningen att bestämma ålder och m.m. form av minnen, men i vissa fall även om det handlade om minnen.
Naturvårdsverket Nordväst deltog också i projektet där dess anställd Helgi Páll Jónsson hjälpte till med analys av gisslan, men han arbetade med forskning för sin B.A. avhandling "Gisslan i Skagafirden".
Vidare analyserade Magnús Sigurgeirsson en bild av en församling som gjordes vid förbygd Tungu i Vesturdal och följer hans rapport om analysen som en tillägg.
Hjalti Pálsson har hittat platsen för valet under sina undersökningsresor, men han har letat efter byar och slott som är namngivna i källor men deras placering har inte varit känd.
I Arna och Paulus' jordbok beskrivs staden Fögruhlíd så här: "Fögruhlíd.
Öknen fram från Nyjabæ, har varit öde under många år, men det finns synliga byggnadsmärken, fält om tunnor och tofteleffärer.
Det är en förfärlig idé att bygga i en situation där det inte finns någon mark så nära att man kan odla.
Annars är våra trädgårdar anmärkningsvärt goda både sommar och vinter". - Árni Magnússon & Páll Vídalín, 1930-65.
Omkring 8,5 km framför Abe, 350 m högt och omkring 250 m framför Hjálmarsselslæk finns två gil, den yttre fullgröna och mycket bredare än den södra gilden halvgröna.
Bland dem finns en myg tunga eller geir, 25-30 meter bred, men med en knö.
Under dessa skott ner i Santa Claus-båken är det en dim och jordskåp torpeder och trädgårdslag.
Toppisken är ett gräsväxtsmedel som verkar kunna identifiera fyra rum i toppingen och har varit ca 10x8 meter på ytan.
Omkring 10 m utanför (norra) toftan finns ett svagt jordskadat trädgårdslag, delvis på en höjd i längd och vid vid tunneln.
Parken ligger ungefär öst-väst och är ca 15 meter lång.
Det finns en djup grotta precis norr om toffeln.
Jökulsannen har utgrävt i dussintals, om inte hundratals, meter land och har brutit grunden helt upp till toftarna och är där cirka 10 meter hög (Hjalti Pálsson, 2007).
Den här platsen verkar ha försvunnit förbi rökbakten.
Hela området är täckt av rotsgröna och det var omöjligt att se tungan eller utsträckningen av toft med någon säkerhet.
För att beskriva:
Förstbosättning Fagrahlíd i Östdal i Skagafirden.
Bilden är från en undersökning i öster som gjordes i en toalettvägg.
Förklaring:
Den så kallade Herpisgerden sträcker sig längs södra Hofsár, och går direkt mot Hrafnholli öster om Hjaltadalsár, några hundra meter öster om floden, men från gerden är omkring hundra meter upp till melnen.
Det kan ha funnits en stad här.
Området har varit ett starkt tungland, mestadels rund, som dock är fördjupat söderut ovanpå muren, men det är fortfarande tydligt odlat i landet inom tungland.
Man kan gissa att parken är på ungefär en hektar.
Den är lång och stor och full av höjder i det land där den står, verkar ha varit rätt eller kanske slakteri från Holum, även om ingen trädgård syns.
Den går österut och västerut. Dörren vänder sig västerut mot Grävgården.
En total längd på cirka 21 meter.
Från toft till båda sidor ligger toft cirka 20 meter lång.
- Det är ett äldre hus.
En klar valgård ligger fast öster om byggnadsvåningen.
Öster om parken, strax söder om östra änden av den nämnda toftar, ligger en annan lång ruin, mycket äldre och vänder nord och syd, också omkring 22-23 meter lång till yttre, uppdelad i tre eller fyra högar, 5-6 meter breda till yttre.
Rustningen är så obegriplig att det är svårt att identifiera vilka hus det är.
Några meter öster om huvudhuset och vallarten finns en stor fyrkantig toft, ca 8x9 meter stor, snarare oklar i betydelsen och kan inte ha varit ett hus, snarare rätt.
Den är en oklar minne av de tre tvättarna.
Alla dessa tabeller är stora, märkliga och missförstådda.
De trädgårdar som ligger söder om toffarna är faktiskt trefaldiga, och vid de sydvästra ändarna ser de ut som små jordtoffar.
Förklaring: Militär verksamhet - skärm 1 i tunggården - norrgården Skärm 1 - i "tunggården" Skärm 1 togs in i tunggården österut.
Den var 180 cm lång, 60 cm bred och cirka 80 cm djup.
Nedanför gräsroten fanns en halv centimeter tjock svart gräsmatta, H1766.
En orörd födselskikt [2] om 10-15 cm tjock låg direkt under gräsroten ner till torvväggen.
Torvväggen [4] var tydlig efter ändarna på skärden, tjock i mitten och ca 50 cm hög.
I källaren fanns två identifierbara smältmedel, H1104 och H1300.
Det fanns mycket lera i torven och ovanför väggarna utåt i skogen fanns en 10 cm tjock lins med lera och sand.
Under torvväggen fanns något lika tjockt rotat torv [5] om 15 cm tjockt.
Den var rödfärgad med H1104-linser.
Den här rotade torven låg så rakt ovanpå H1300 och rörde sig inte.
Under H1300 fanns en 10 cm tjock stillastående födelsestrål ned till H1104 som också var stillastående.
Det fanns inga tecken på människoliv under H1300.
Förklaring:
En stenvägg har laddats upp, möjligen på 1400-talet eller 1500-talet.
Det var inte möjligt att se att parken hade återuppbyggts, vilket kan ha gjort att den inte hade varit i bruk på mycket länge.
Den har fallit långt innan 1766 års fall.
Byggnaden som grävdes upp i verkar vara en utomhuslokation snarare än en bostad och verkar ha byggts samtidigt som tungan.
Byggnaden byggdes efter 1300, men föll och avfördes långt innan 1766 föll.
Förklaring:
Nylandet är en öken som ligger mellan Grinda i Deildard Valley i öster och Ennis på Höfdastrand i norr.
Den äldsta referensen om staden finns i ett köpbrev från 1500-talet då marken såldes till Hólastóli, men då var den värderad till 25 hundra.
I jordbok från 1709 är jorden dubbel och värderad till 35 procent (Jartabók Árna Magnússon och Páls Vídalín X, s. 244) men 40 procent när den såldes från stolen 1802.
I Johnsens jordbok från 1847 är jorden däremot värderad till 36 procent.
Nu [2013] ägs Nylanden av Laugabols ehf (Vetmäleboken Skagafjarðar nr 161/2007).
Nuvarande stenhård ligger på Langahol omkring 60 meter söder om Bæjarhóli där man fortfarande kan se uppgrunda ruiner av torvstaden.
Här stod den gamla staden tills nuvarande bostadshus byggdes 1942.
Hyrning eller avbyggnad är inte nämnt i jordbok från 1709, men ändå har rester av två sådana funnits i landegången.
Men det var kvarlevor av ett okänt byl, en tungart och en tofta som låg i Nylandishvammi vid Deildardalsjön, strax söder om Deildardalsvägen.
Ingólfur Jónsson, en bonde på Nyland, lät i sin jordbrukstid jämna både toftarna och trädgården med jordyta och ville odla potatis där, men det blev inget av dessa planer (Svanhildur Gudjónsdotter, muntlig källkod 2013).
Kolonialskott kallas så för tungartade och tuftade skott ungefär 300 meter ut och upp från stadshus på Nyland, strax ovanför trädgårdar.
Det finns muntliga påståenden, men inga skriftliga bevis för dessa sagor.
Det sägs att det fanns ett fårhus där, men det finns inga pålitliga uppgifter om den.
På kolonialskott finns det grön tonfisk.
Vid första anblicken ser man en tydlig tomt omges av en valentinegröna tun som är ungefär 0,7 hektar stor.
Den fanns i Nylandskotien fram till efter 1900-talet, i alla fall fram till 1945, och flyttades hem på häst till sommaren (Svanhildur Gudjónsdotter, muntlig källkod 2013).
Den är förlorad i trädgårdar men är tydlig i större delen, särskilt i norra och östra delar.
Till söder är den nya trädgården byggd över den äldre, som är ganska stor och uppenbarligen inte har laddats runt någon stuga.
En liten arkeologisk undersökning gjordes på minar i Colonial Scotland.
De fyra borgarna togs i och runt det avsedda stadshuset.
Under de toffa fårskorna upptäcktes resterna av ett gammalt stadsställe, som troligen var i bruk före år 1104.
Den gamla gräsmattan var ren och kontrollerad.
Tunga muren var ca 60 cm hög och innehöll torv med mycket av H3-gödseln men inga vittne av 1104 eller 1300 gödseln.
Inga spår var synliga över eller upp mot väggen.
Det var därför inte möjligt att ge en mer tydlig tidpunkt, även om det är osannolikt att 1104 inte finns i en åska om den upptäcktes när den föll.
Det minsta roset i den yngre trädgården undersöktes också.
Torven i trädgården kunde inte identifieras, men den har byggts på H1104s fjädermark.
Han är dock inte så ung, med tanke på hur smart han är.
Förklaring:
Det har funnits en by på platsen från 1100-talet, och den är troligen mycket tidig.
Den by som är uppkallad efter området är byggd efter 1104, troligen senare.
Det är nog det som ligger i den lilla tungan.
För att beskriva:
Grotta på Möl utanför och väster om den gamla Tungaard på västra kanten av Neulandskott.
Förklaring:
Förstörelse och avfall III 2008.
"Trädgårdshus" i Holahaga i Holla-landet i Hjalt Valley.
Ett undersökningsbeslut fattades i en forntida toft i Holahaga i landet Hólastaad i Hjaltadal.
Det finns inga uppgifter om en by med detta namn (de. Gardhus), men i närheten av monumenten kallas de så kallade Gardhusagil och Gardhusaskriga.
På platsen finns tydliga rester av äldre gruvor, men man kan också hitta rester av maträtt eller annan slags vete, t.ex. senare tiders slakterier.
De ligger främst i ett bastu ovanför och väster om Hjaltadalsår omkring en kilometer in i Hofi och är mycket jordskakade.
Det är en lång toft, ca 20 meter lång, och liknar två toftor eller en toft avskräcka hennes väst.
Över dessa toftor finns två yngre toftor, eventuellt kvarlevor av slakterier eller rätter.
För att beskriva:
Begravd i en skaldöme i Hollahage.
- Se nordväst.
Skärm 1 - tagits i nordväst förkortad väggen av möjlig skåltopp Skärm togs i nordväst förkortad sida av längden av toppet.
En mur av torv upptäcktes, där det finns kvar grepp av grönblått gräs, så kallad landstorm, som föll år 872.
Det talades också om en förhistorisk Heklugoschka i väggen.
Själen i skåpet sänktes ner på rester av svart golv under en kollaps från en vägg eller taktorg.
Golvet var ett svart, fet golv, cirka fem till sju centimeter tjockt, med kol, brända ben och grälande åskan.
Över golvflaggen fanns då cirka 10 cm av orörlig betesmark, men ovanför den låg en smältning från Hekla från 1104 och 1300.
Lagen låg upp till den södra muren, och muren har fallit innan 1104 föll.
Ingen mjukhet hittades över väggen eller kollaps från den norr om det inte så låg en mycket tunn svart mjukhet under gräsrotsnörden i skogen.
Det kan vara en spådom från Hekla som föll 1766.
Förklaring:
Det handlar om ett förråd, en skål, som troligen började användas strax efter landstörtningen, men som deponerades någon gång före 1104.
Det syntes inte att en trädgård hade liggt runt om byggnaden, men många trappor har fallit i den omgivande brytningen och kan därför markera trädgården och fler byggnader som är borta.
Förklaring:
Läkaren nämns först i mitten av 1400-talet, men arkeologiska fynd visar att det har funnits människor där sedan tidernas början.
Jordbruket på marken upphörde 1958 och marken är nu en del av Ennis land och hon utnyttjar den (Buggdasaga Skagafjarðar V. Bindi, sidor 269-270).
Inga byggnader står kvar, men stadshallen är fortfarande tydlig.
En trädgård syns delvis västerut och norr om stadshuset, och två tofflor ligger vid dess västra sida.
Omkring 20 - 50 meter norr om stadshuset finns skogskåp, forntida monument, skåltoffrar och andra byggnadsrester.
Tunga och tungan togs och en undersökningssnitt grävdes i skåptoppen.
För att beskriva:
Läkare i Världsväsendet.
Rättegång är öster om skådespelet.
- Se söderut.
Förklaring:
Den så kallade Herpisgerden sträcker sig längs södra Hofsár, och går direkt mot Hrafnholli öster om Hjaltadalsár, några hundra meter öster om floden, men från gerden är omkring hundra meter upp till melnen.
Det kan ha funnits en stad här.
Området har varit ett starkt tungland, mestadels rund, som dock är fördjupat söderut ovanpå muren, men det är fortfarande tydligt odlat i landet inom tungland.
Man kan gissa att parken är på ungefär en hektar.
Den är lång och stor och full av höjder i det land där den står, verkar ha varit rätt eller kanske slakteri från Holum, även om ingen trädgård syns.
Den går österut och västerut. Dörren vänder sig västerut mot Grävgården.
En total längd på cirka 21 meter.
Från toft till båda sidor ligger toft cirka 20 meter lång.
- Det är ett äldre hus.
En klar valgård ligger fast öster om byggnadsvåningen.
Öster om parken, strax söder om östra änden av den nämnda toftar, ligger en annan lång ruin, mycket äldre och vänder nord och syd, också omkring 22-23 meter lång till yttre, uppdelad i tre eller fyra högar, 5-6 meter breda till yttre.
Rustningen är så obegriplig att det är svårt att identifiera vilka hus det är.
Några meter öster om huvudhuset och vallarten finns en stor fyrkantig toft, ca 8x9 meter stor, snarare oklar i betydelsen och kan inte ha varit ett hus, snarare rätt.
Den är en oklar minne av de tre tvättarna.
Alla dessa tabeller är stora, märkliga och missförstådda.
De trädgårdar som ligger söder om toffarna är faktiskt trefaldiga, och vid de sydvästra ändarna ser de ut som små jordtoffar.
Närmare beskrivning: Militärverksamhet - skärm 2 i toft vid tungan - östern Skärm 2 - i toft påsatt tungan vägg
Den andra delen av den inre tofväggningen var sedan inbyggd på en fyrkantig tof som var ett österligt tunganord.
Under gräsrotsgrunden upptäcktes en 0,5 cm tjock svart gräsmatta, H1766.
Under den låg en 5 cm tjock födsel [2] ner på toffvägg.
Muren [3] var av torv som innehöll den spårade Hekla 1300.
Torvväggens horn [4] fanns i toftet, men inga tecken på golvflagg.
Förklaring:
En stenvägg har laddats upp, möjligen på 1400-talet eller 1500-talet.
Det var inte möjligt att se att parken hade återuppbyggts, vilket kan ha gjort att den inte hade varit i bruk på mycket länge.
Den har fallit långt innan 1766 års fall.
Byggnaden som grävdes upp i verkar vara en utomhuslokation snarare än en bostad och verkar ha byggts samtidigt som tungan.
Byggnaden byggdes efter 1300, men föll och avfördes långt innan 1766 föll.
Förklaring:
Marbellyland ligger närmast Ölandsselland i Seljadalen i östra delen.
Den går från Glumsgili till Strangaljek, ungefär 2,5 km på väg.
Landbok 1709 säger: "Landets stilla ställning i Seldal, men inte till fördel för avlägsnande, för andra förbrukar landet i otacksamhet".
Det är tyvärr inte uppenbart vilka som använder marken "utan tacksamhet" eller om andra har det i besittning eller bara utnyttjar det.
Seltovstenarna ligger 210 meter nedför Glummsgili i Seljadal och har fönsterfulla toftor.
Den är ca 10x7 meter, verkar dela sig i fem livsgörelser och har ganska glatt väggar.
Några meter västerut ligger kvarren, 3x8 meter i ytan, men strax framför dem verkar det ha funnits ett litet hus, ca 2x2 meter.
Sälen är nära hemlandet till Glumsgilsläkern, landar därför i Ölandsselllandet och måste ha lagts ner där med tillstånd från Ölandsbunden, om inte läkaren har ändrat sin kurs.
När Steinars Torfsson var ung på Höga Stationer fanns det ett högt högt högt högt högt högt högt högt högt högt högt högt högt i floden.
Det är en slät grund och en fin stuga.
(Bygdasiga Skagafjarðar VII. Hofshreppur, 189)
För att beskriva:
Marble-säljaren i Seljadal.
Titta österut.
Förklaring:
Arbetet har varit en del av bygghistorien från början, men nu har fyra stora volymer av den publicerats.
Byggnadshistorien är i sin tur annorlunda i att den lägger större vikt vid stadens gamla historia och studerar alla former av arkeologi som kan tillföra den.
I de två sista volymerna av byggnadshistorien finns detaljerade avsnitt om den antika byggnaden i de östra och de västra delerna, och där är sammanvävda en historisk sammanfattning samt resultat av arkeologiska undersökningar som har skett på de aktuella platserna.
Den antika bystädningen Risamýra nämns i en forntida dokumentation, men den exakta platsen för stadsstaden är okänd.
I bok IV om byggnadshistorien i Skagafjarðar (sid. 172-173) finns en sannolikhet om var staden kan ha varit.
Landskapet norr om Réttarholti, väster om Héraðsvatnen och öster om Thormótsholten är en enorm flod, fullständigt förvandlad till något som kallas för en jätteorm.
I ett arkiv finns ett brev om Risamyr från år 1369 då biskop John skalli utfärdade ett beslut om äganderätt till kyrkan på Risamyras mark, "som ropade på Guds namn, amen".
Det framgår inte klart om Risamyrir var ett landsbygde eller en öken, men ovanstående urskrifter nämner "Risamyrirlandet" som visar att Risamyrir tidigare var en by, men år 1369 förmodligen utplånat för länge sedan och landet gick delvis under Bjarnastaad och på något sätt Flygmyra.
Ordet är inte längre känt, men var kommer att vara annat än det platta landet under Thormóðsholts ned till Vötnum.
Biskop Risamýri ansåg att den låg under Flygmurens stol och hade använts där i årtionden.
Vi har varit där sommartid men hästade i vintertid i mer än 40 år.
Det är därför lättast att anta att Risamýri låg i Bjarnastadaland eller till och med av vissa ansågs vara en del av det land som då verkar ha ägts av Magnús Grímsson, som då har bott i Bjarnastadaland.
Han fick "ingen motbevisad ledning ... för att visa upp Bjarnastaad" och Risamýri dömdes därefter under Flygmyres dom.
Som framgår av en omräkning av Bjarnstad har de varit storländer i forna tider men är inte längre.
Om det inte är klart på annat sätt, så är det relevant, men jorden har under en tid haft land väster om Provinsvatten.
Men det är inte så det har varit under de senaste århundradena.
Flygmön har länge vetat att landet ligger väster om Tormödsholten, väster om den nuvarande motorvägen.
Det är också viktigt att notera att jorden i Rättvisans hål ursprungligen var en förflyttning, byggd ur Flygfåglarnas land.
I sin sökning efter "Risamyrland" har registrar [Hjalti Pálsson] hittat Skoppen, som nämns ovan, som är cirka 60 meter lång, ganska djup och som är eftersatt av gamla järnvägar.
På hallen finns ett byggnadsområde, cirka 35 meter långt och upp till 9 meter brett, med åtminstone fyra tofflor med några meter mellanrum, tre av dem synliga men den som är lite olik.
Den södra delen är helt tom för väggar, men det är tydligt att det finns människor på marken".
(Bygdaga Skagafjarder, IV, sidorna 172-173).
För att beskriva:
Risamyrir förort i landet Rättarholt i Akrahreppi.
Se sydost över den gröna skeppshål.
Förklaring:
Mitthusaselland är det första selandet inom byggnaden i Deildardal, väst, det enda som inte är i Väst eller Östdal/Seljadal.
Den är från Högstadsmärken till Bjarkarå, Tungu Mountain Track.
Den norra gränsen anges i landmärken i Midthuis.
"Under och utanför högsta stationerna, från öronvakt vid Afréttara.
"Därmed en direkt väg till Grænadrag och därefter en syntur i bergskanten utanför Bjarkarskål".
År 1709 upphörde de medelhushållna bönderna att ha fängelse i Deildard Valley.
I landbokarna står det: "Situation i Deildard Valley västerut, där man kallar Björk på jorden, men kan inte utnyttja den eftersom den är för långt bort för att få tag i utom de starkaste människorna".
Mödhusasel ligger ca 405 meter utanför Bjarkarana, på en lång grotta nedan på plattan vid bräckets fot, i anslutning till stadsdelen i Stafni.
På den är det en hel del grönskande saltvatten, och strax utanför den finns en 8 meter lång kvior.
I närheten av hålen finns andra saltfiskar, trisspinnar, som är totalt cirka 16 meter långa.
(Bygdasaga Skagafjarder, vol. VII. Hofshreppur, 186).
För att beskriva:
En bild av en toft i mitthuset.
Se söderut.
Förklaring:
Sedan 2003 har Byggdasaga Skagafjarðar och Byggdasa Skagfirðingar genomfört ett gemensamt forskningsprojekt som fokuserar på att registrera och undersöka de äldsta stadsdelarna i Skagafjarðar, med särskild inriktning på provinsens släp och bergsområden.
Arbetet har varit en del av bygghistorien från början, men nu har fyra stora volymer av den publicerats.
Byggnadshistorien är i sin tur annorlunda i att den lägger större vikt vid stadens gamla historia och studerar alla former av arkeologi som kan tillföra den.
I de två sista volymerna av byggnadshistorien finns detaljerade avsnitt om den antika byggnaden i de östra och de västra delerna, och där är sammanvävda en historisk sammanfattning samt resultat av arkeologiska undersökningar som har skett på de aktuella platserna.
Resten av en gammal stadsställe, så kallad Gerdis (65°35'315/19°18'940), ligger cirka 400 meter ovanför staden i Flyumyrhvammi.
Det har länge funnits arbetshus och så var det fram till 1960.
År 1856 fanns det 30 hus i god skick.
En liten tunna höjdes där fram till mitten av 1900-talet.
Det finns en del av de två skattemyndigheterna, men det finns en stor del av den mänskliga befolkningen som är större än de som är belägna i skattemyndigheterna.
Men det var bara ett hus som stod till slut, det som visas i den södra delen av tornet.
Det är en betydande gräsbåge och bildas en liten vål i slottet men allt söker slut syn norrut.
Här blir staden Whammur naturlig eftersom miljön bildar en vidsträckt Whammur.
Den brygga som ligger under oss, kallad Hallen, slutar inte från stan upp till höjden.
Upp från källan, ovanför källan, finns några märkbara muskler och klappskor och en slinga kommer ner som kallas här för källan.
Den faller norr om Gerda och är samtidigt stadshjälp hemma i Flygmyrhvammi.
Den gamla tungan är rik på söder och uppåt och en liten nedåt norr, verkar bara krossa ut för läkaren på en liten parti för att vattenspelet skulle vara inom tungan.
Läkaren är ca 40 meter utanför den avsedda stadshuset.
Nedanför kan man inte se tungan med någon bestämd slutpunkt.
Det finns tre ställen där det är svårt.
För det första om markera de verkstäder som utan tvekan har byggts ovanpå i stadsdelen, eftersom det är det bästa huset och bildar ett litet stadshus (65°35'315/19°18'940) med manverkande kvarter på ett mycket stort område.
De gamla toftarna ligger rakt söderut, söder om Tungaard (65°35'300/19°18'915).
Nedan i tunneln, ett steg ned från stadshuset, ligger det tredje toftområdet (65°35'296/19°18'958).
Det fanns en gruv från 2000-talets mastor, men det finns mer toft än en gruv.
Djävulen kommer fram framför grottan och den har antagligen ligit under den.
Byggnaden på Gerda har länge varit i förglömdhet och därmed namnet på staden.
En 1713-bok säger om denna plats: "Förrådets situation är omringad så att det kan ha funnits någon som någonsin har byggt där.
(Jarna i Magnusson och Paul Vidalins år, s. 187).
Det finns olika bevis för att det här är den äldsta stadsorten, staden Hvamm, som sedan någon gång har flyttats ovanför, ned från hvamminen, men namnet har bevarats.
För att beskriva:
En bild av en förrymd by i Akrahreppa.
Vikt är västerut.
Provinsvatten visas ovanpå bilden och staden längst till höger är Rätthålet.
Förklaring:
Spaná är den minsta staden i Unadal, norr om Unadalár.
Det finns många stadsdelar, fortfarande mycket glada, och många utomhusutbyggnader i och utanför Tunisien.
En kraftfull valgård ligger ovanför tunneln under Spánárholen, den främre delen torvsköljd men den yttre delen gjord av klippor, och sträcker sig cirka hundra meter ned till skärmplanet.
Tunen har varit betydligt stor, på den torra, grönska spanskpromenaden, hård men delvis löst.
Spana blev förstörd 1921 och det finns inga hus kvar.
Marken ägs nu av Upprekstrarförbundet Unadalsafréttar och en del av Unadalsafréttar (Världsregister nr 4756).
Spanska tycks ha varit utplånade under medeltiden.
Det är okänt när landet först byggdes, men Holastoll verkar ha förvärvat landet på 1500-talet.
Jorden uppträder för första gången i Stole's 1525-register, då räknat med huslösa skärslakor.
En källa berättar att Bessason, en byborgare i Hofi, hade ett spanska hus som hyres från Holm i mitten av 1500-talet och hade ett själe där medan han bodde i Hofi (Landskrivning på National Archives 2 (72) B).
Jord har byggts om under andra hälften av 1700-talet, då den är upptagen i Holastols räkenskaper år 1666, och i Jordbok 1709 sägs att den byggdes av jord för 40 år sedan, dvs. före 1670.
I landbok 1709 bedöms Spanien endast till 6 procent och är undernärt, vilket utan tvekan beror på landsvårigheter och stor oron.
I Johnsens jordbok från 1847 sägs jorden vara 6 hundra, men nedanför räknas den som 8 hundra av en riksdomare.
År 1849 var "Spanish agriculture by present glory 8 hundred" (Jurnal 1849 nr 78).
Under sommaren 2013 togs flera björkkorn i Spanien.
Det finns tecken på byggnader som upptäcktes redan på 1000-talet, och till och med tidigare.
Byggnaden kan ha varit nedlagd redan på 1200-talet.
Även om det kan ha funnits någon byggnad, t.ex. haft en sjel efter byggnaden avvecklades på 1200-talet men innan den byggdes om på 1700-talet.
För att beskriva:
Kári Gunnarsson i skåpskåp utanför finanshuset.
- Se nordösterut.
Förklaring:
Hårsa var en avflykt från Shadowbergs, och stod norr om samnamnet på i Deildard Valley västerut, mellan Shadowbergs och Stafshols.
Hur stor landområden den förbilagda platsen hade är oklart, förutom tunneln, som definieras av den antika tunggården.
Så illa att det inte finns några skriftliga uppgifter om Hrappsár före 1831, utom en nationalhistoria som verkar ha sitt ursprung i de första århundradena av den isländska kolonialismen.
Dessa sagor fanns i manuskript från åren 1368 och 1428, som tyvärr har försvunnit.
Hrappsa nämns inte i Jordböckerna 1709, vilket måste anses ovanligt men kan ändå ha en förklaring.
Skyggen var utplånade år 1709, och därför kunde ingen på jorden känna igen platsen.
- Det verkar som om han glömt det.
Olaf Olavius' resebok från 1777 kan inte heller Hrappsår i uppgiften om ödemarken i Hofshreppi.
Byn byggdes 1831 och var bosatt med vila fram till 1872, då Hrappsa gick i ruiner och har inte byggts sedan dess.
Hrappsår nämns nedan i Johnsens jordtal från 1847, men där sägs att prästen nämner byleignen Hrappså, men andra uppgifter om staden är inte kända och därför är den inte i jordtalen själv (Johnsen Jordtal 1847, s. 270).
Bygden ligger strax ovanför vägslutan (Deildardalsvägen västerut) som ligger mellan Shadow Mountain och Stafshols, fast framför Hrappsárskruven.
Tunen är i en liten hall, grön men tät och har aldrig slätts.
Inom tungan finns några fönster av toft från ett 1800-tals bostadshus, men även modeller för äldre toft.
Rånet har varit borta från stadens centrum när den första stadsbygningen byggdes, och idag ligger en del av tunneln och tungan under floden.
Det är inte bra att veta när en skrivare gick över tunneln och bröt tungan.
Men det är tydligt att invånarna i Hrappsár på 1800-talet inte har sett någon anledning att ladda upp den.
Staden har uppenbarligen fått sitt namn från floden som ligger vid dess sida, men har längsnatts av Hrapsa men i senare år gått ner i Hrafnsjön.
I en örnregister från 1938 används namnet Hrappsárnið, men i Jord- och bostadsuppgifter från 1953 heter staden Hrafnsá.
I en anmälan från 1839 sägs det att utanför Hrappsána stod nybyggnaden Hrappsa (Sýzlen og anmälan II, s. 137).
På 1900-talet kallades det för "Happys, Hrafnsårkot".
I en örnefärskrift sägs det att det är vanligt att Hrafnsárkotsnamnet används av lokalbefolkningen (Örnefskriften av Rósmundar Ingvarssonar).
Steg ett.
Snöen renades i den nordvästra tungan där jordmynt hade bildat rosten i den.
Snitten rensades upp och grävdes ca 40 cm ner för trädgården för att komma ner på orörlig mark.
I den här formen upptäcktes en 50 cm hög torvvägg som byggdes efter år 1104.
H1104-granen verkade stilla under väggen men under den fanns så rotat torv med H3-granen, ungefär 8-10 cm tjock bunk.
Det är vanligt att man använder torv eller jord för att puka under en vägg så att underlaget är så slätt som möjligt för att förklara torvfröet.
Det måste vara intressant att se hur 1104 tycktes ligga över denna orubblighet.
Så låten har fallit samtidigt som muren byggdes upp.
Det kan dock ha legat i en torv som har nått över den grotta som grävdes.
Det är dock uppenbart att tungan först har laddats efter 1104 års förödande fall, men i den här gången kom det inte fram några oroande tecken på en annan förödande, varken i torget eller ovanför parken.
Steg 2
Den andra uppblåsningen var renad i en autokonservativ tandgård.
Här fanns jordlag som liknade i form 1, förutom att parken där uppenbarligen hade varit giltig fram till efter 1300.
Den här lampan från 1300 fanns i torget ovanpå trädgården.
Det var omöjligt att fastställa jordvägar i den nedre delen av muren, där vatten samlades i ett skott, och medicinska spräng från trädgårdsmuren gick runt muren på den här platsen.
Förklaring:
Det är tydligt att byggnaden har upptäckts på Hrappsa på 1100-talet och tidigare, och var skåliga, rätta och halvcirkulära trädgårdslag de äldsta byggnadsmärkena inom tunnen.
Men den här bron visar att Hrapsa var ett stadsdel efter 1104 och fram till 1400-talet.
De som tror att det är byggt ligger under 1800-talsbygden.
Det är uppenbart att staden var i ruiner under en lång tid innan den återuppbyggdes under några decennier på 1800-talet.
För att beskriva:
Slå in den nordvästra floden på Hrappsa.
Titta upp.
Förklaring:
Det lägsta landskapet i västra Unadal tillhörde landet Tungala på Höfdastrand.
Det är ungefär 180 hektar.
Området av Tunglaskalalandet norrut, mot Bjarnastagadagerå, är enligt en landmärkesbok från 1890, "på Puntskride, tagna riktning upp i berget".
I Johanns Ólafsson's armband finns en detaljerad beskrivning av dessa tecken: "Från Bjarnastagdagardis landmärken, som var av stor sten vid Unadalsjön, i en bak så kallad Puntskride, synhåll i Kisukinn nedför Kisu-berget och rakt upp på berget".
Svå skålar är den västra Unadalsar, ovanpå en fullständig bukt, ut mot Spanskjorden.
Det finns manövrerade kvarlevor på åtta ställen, några mycket gamla, andra synligen mycket yngre.
Den här storheten ser ut som en stadsväxt.
Den är i sju hål och växer i den för att minnas starkare och grönare än omgivningen som säger att den inte kan vara mycket äldre än 200 år, högst 300 år.
Omkring 40 meter ovanför ligger ett stort antal små skatthus.
I fyra andra ställen finns det små hus eller gårdar.
Sommaren 2013 genomfördes en minimerad fossilundersökning med kärnbor på Tjunglaskalasele.
Det var svårt att få acceptabla resultat eftersom brädet ofta hamnade på en sten innan det gick ner så att det var acceptabelt.
Det var därför inte möjligt att bestämma åldern på stadsborna.
Men dess avstånd och skott från 1766 visade att murarna hade byggts efter att den hade fallit.
Vid sidan av var det grus och jordbävningar i de gamla byggnadernas väggar, där man kunde se åtminstone två rum.
Det var en förrådshus som byggdes, och den är troligen avlagd 100-200 år innan staden byggdes uppåt.
Där släpptes en tät, mossig golv med kolstrå som tydligen har varit en bostad.
Det fanns 15 cm av stillastående fjäderfä ovanpå dessa minimer.
Torf som framträdde där i val var med Heklugjóskna från 1104 och dess väggar laddade efter att den föll.
Det kan ha varit en minnesbok om tre bostadsperioder.
En arkeolog tolkade det som att det ursprungligen fanns en källare, uppförd efter 1104, men sannolikt övergiven på 1400-talet eller 1500-talet.
Kopfatot kan ha varit kopplat till en lokal säll eller en lokal gård efter att den äldre sällen har avlagrat sig.
På 1800-talet har det varit en kortvarig växt.
En bygghistoriker minns att han hört någon tala om tungskåp.
Det kan ha varit namnet på den stad där det kortvarigt höll rum på 1700-talet eller på 1800-talet, men det finns inga dokumenterade uppgifter om detta.
Det är inte ett ställe som är mer bebodligt i form av gräs och skog än det är ett ställe som är mer urban.
(Bygdaga Skagafjarðar VII. Hofshreppur, 268).
För att beskriva:
- Det är en villa över stadshuset.
- Se nordösterut.
Förklaring:
Förstörelse och avfall III 2008.
Skogsbrott i landet Vitvik i Vitvik.
Höllakot förekommer först i källor tillsammans med Viðvík och Kvígildis¬hóli i en sammanställning av Höllastols stad från 1388, där det räknas upp jordar som ägs av Hölsta (Íslenskt forntidsmuseum, III:410).
I en annan uppgift från 1449 om Holasstates egendom är Västvik med i Holakoti.
I en artikel i en arkkant skriver Margeirs Jónsson: "Holakot, som är ett uråldrigt öde - ligger i Västviken, men byggdes om omkring 1920.
Den antika maten på Holocaust var 20 hdr. och omkring 1388 fanns 3 märken i ett vädö.
Genom ett kungligt dekret av den 8 maj 1805 tilldelades Östersund "medan den är i förgrunden" förvaltning av distriktet och har sedan dess följt fastlandet".
(Förteckning av Arna, av Margeir Jonsson, Ornaföreningen i Island, s. 3).
Sverris Björnsons örneföregående berättelse säger: "Upon the sun [Holakotssund] finns en smörgås som heter Holakot, som hänvisar till beskrivningen av Margeirs Jónsson
(Förteckning av Sverrir Björnsson, Orninsinstitutet i Island, s. 3).
Hockey måste ha varit på gång 1921-1934.
I Holakoti kan man se rester av en tunggård och byggnadsvägar för både det sista kotbåtet som stod där och även funna aktiva gamla monument inom tunggården som ingen dokumentation finns om.
Totalt tog man tre undersökningar av Holocaust och ett antal nukleostomiska prover för att ytterligare åldersklassifiera monumenten.
För att beskriva:
Skjutdjuret, två.
Förvandling av Hoolacot till Hills Valley.
Skit två togs i den nordvästra delen av tungan.
Det visade sig att det fanns minst två byggnadslinjer i parken.
Det verkar som om parken delvis hade kollapsat när 1104 föll.
Det är möjligt att trädgården har laddats om, men ingen spår hittades ovanpå trädgården själv och inga tecken på 1104 spår i torven.
Den nedre delen av parken var laddad av aska som innehöll slit av fin svart goss - det kan vara en gosslag från Vatnamökla som föll omkring 1000 e.Kr.
Förklaring:
Bjarnstater är ökenområden i Unadalen, på 140 meter över havet.
Landet ligger mellan Bjarnastaðaar och Tungufjalls utanför men Spánardals och Spánarns framför.
På land till Grundland på utsidan, höga berg ovanpå, Spaná på insidan och Unadalså på nedan möter Tunglaskalasselland och Bjarnastaðagerði.
Bjarnastaad nämns för första gången i 1449 men då var jorden i Hålastols ägo.
Det blev till en ödeläggelse 1947 och alla hus där är redan nedlagda.
Marken officiellt lade sig i bruk 1961 (Bygdåten Skagafjarðar VII vol. 281).
För att beskriva:
Tromsporten på Bjarnstad.
- Se nordväst.
Förklaring:
Hagakot är en ödemark och var den främsta staden i östra Bergen i senare århundraden.
Jorden var inte ett lagligt hem på 1800-talet, utan en slags husvård från Holm och hade inga angivna landmärken.
Det var ett bostadsområde mellan 1862-1888.
Staden låg under den norra delen av Hagaberget, rakt nedför Tröllkonosetet, som är en kittelbrun säte i mitten av norr på bergskedjan.
I Hagakoti finns tre fastigheter som fortfarande finns, och de byggdes i mitten av 1900-talet.
På toppen och botten av den gamla tunneln finns en toft som inte verkade vara av penninghus.
Totta var fyrdelad och borkärnorna hade tagits in i dess väggar och golv.
Betydelsen: Tecken på en eldstad tyder på att det handlar om en mänsklig bostad.
Det har antagligen varit bebott på platsen under 1700-talet, möjligen fram till under 1800-talet.
För att beskriva:
Ett fantastiskt hotell på Hagakoti i Hollahaga.
Se nordväst.
Förklaring:
Läkaren nämns först i mitten av 1400-talet, men arkeologiska fynd visar att det har funnits människor där sedan tidernas början.
Jordbruket på marken upphörde 1958 och marken är nu en del av Ennis land och hon utnyttjar den (Buggdasaga Skagafjarðar V. Bindi, sidor 269-270).
Inga byggnader står kvar, men stadshallen är fortfarande tydlig.
En trädgård syns delvis västerut och norr om stadshuset, och två tofflor ligger vid dess västra sida.
Omkring 20 - 50 meter norr om stadshuset finns skogskåp, forntida monument, skåltoffrar och andra byggnadsrester.
Tunga och tungan togs och en undersökningssnitt grävdes i skåptoppen.
För att beskriva:
Läkare i Världsväsendet.
En skithög i en skål, botten av slakten.
Skiten begravdes i den östra utsidan av en avloppsvagn eller skålbyggnad i Läkjars hemstad.
Omkring 5 cm under gräsroten[1] kom hönan H1300 rörlig men ingen människa kunde ses i födseln[2] ovanför den.
Mellan 1300 och 1104 som också låg orörlig i slaget var en flockmuldarlag [3] med små flagg av 1104 och mosskydrift men annars mycket liten tecken på människobefödelse.
H1104 låg i en två centimeters tjock hög ovanpå en torvvägg som framträdde västerut i skogen och låg något mer dimmer efter hela formen.
Omkring 2 cm av stillastående fjädermull [4] fanns mellan källan och den övre delen av torvväggen men upp till 20 cm fjädermullslag [4] över avfall från väggen [5] men den har avfall österut.
Det verkar alltså som om byggnaden slutade före 1104 och det är inte möjligt att säga när den byggdes.
Förklaring:
Byggnaden är avstängd något före år 1104, men dess väggar verkar ha fallit då.
De angav att det handlade om ett förrådshus, och utformningen av toffeln antyder också att det handlade om en skåltoffel.
Det finns lite bevis för att det fanns någon som bodde där efter att huset föll eller för att det inte var över till 1104.
Det är inte säkert att det betyder att det har varit byggt där, men det verkar som om det inte var det.
Fler referenser finns om byggnaden mellan 1104 och 1300 men inte mycket.
Förklaring:
År 2013 undersöktes ett antal platser i Hofshreppa i samband med projektet Eyðabyggd och avdalder Skagafjarðar (VII).
Fokus på minnen i Deildardal och Unadal var följande:
att söka och lokalisera forntida boningar, slott och andra monument som kan fylla upp i kunskapen om byggnadshistorien i Skagafjörður.
Att granska de valda minernas ålder genom att använda undersökningsbeslut och/eller borkamp som tagits i trädgårds- och torvväggar för att fastställa ålder och eventuell byggnadsfas.
Det finns också test av toftgolv för att avgöra om det är en mänsklig bostad.
att främja och uppmärksamma minnen så att de kan förutseas i planeringen och genomförandet.
För att beskriva:
Titta in i Unadal från Piggles.
Titta österut.
Förklaring:
Hårsa var en avflykt från Shadowbergs, och stod norr om samnamnet på i Deildard Valley västerut, mellan Shadowbergs och Stafshols.
Hur stor landområden den förbilagda platsen hade är oklart, förutom tunneln, som definieras av den antika tunggården.
Så illa att det inte finns några skriftliga uppgifter om Hrappsár före 1831, utom en nationalhistoria som verkar ha sitt ursprung i de första århundradena av den isländska kolonialismen.
Dessa sagor fanns i manuskript från åren 1368 och 1428, som tyvärr har försvunnit.
Hrappsa nämns inte i Jordböckerna 1709, vilket måste anses ovanligt men kan ändå ha en förklaring.
Skyggen var utplånade år 1709, och därför kunde ingen på jorden känna igen platsen.
- Det verkar som om han glömt det.
Olaf Olavius' resebok från 1777 kan inte heller Hrappsår i uppgiften om ödemarken i Hofshreppi.
Byn byggdes 1831 och var bosatt med vila fram till 1872, då Hrappsa gick i ruiner och har inte byggts sedan dess.
Hrappsår nämns nedan i Johnsens jordtal från 1847, men där sägs att prästen nämner byleignen Hrappså, men andra uppgifter om staden är inte kända och därför är den inte i jordtalen själv (Johnsen Jordtal 1847, s. 270).
Bygden ligger strax ovanför vägslutan (Deildardalsvägen västerut) som ligger mellan Shadow Mountain och Stafshols, fast framför Hrappsárskruven.
Tunen är i en liten hall, grön men tät och har aldrig slätts.
Inom tungan finns några fönster av toft från ett 1800-tals bostadshus, men även modeller för äldre toft.
Rånet har varit borta från stadens centrum när den första stadsbygningen byggdes, och idag ligger en del av tunneln och tungan under floden.
Det är inte bra att veta när en skrivare gick över tunneln och bröt tungan.
Men det är tydligt att invånarna i Hrappsár på 1800-talet inte har sett någon anledning att ladda upp den.
Staden har uppenbarligen fått sitt namn från floden som ligger vid dess sida, men har längsnatts av Hrapsa men i senare år gått ner i Hrafnsjön.
I en örnregister från 1938 används namnet Hrappsárnið, men i Jord- och bostadsuppgifter från 1953 heter staden Hrafnsá.
I en anmälan från 1839 sägs det att utanför Hrappsána stod nybyggnaden Hrappsa (Sýzlen og anmälan II, s. 137).
På 1900-talet kallades det för "Happys, Hrafnsårkot".
I en örnefärskrift sägs det att det är vanligt att Hrafnsárkotsnamnet används av lokalbefolkningen (Örnefskriften av Rósmundar Ingvarssonar).
För att beskriva:
- Den gamla rätt till lycka.
- Se norrut.
Förklaring:
En arkeologisk undersökning gjordes i en av de förlorade kyrkmarken i Miklabyar i Akrahreppi.
Namnet på staden är hemligt, men denna beskrivning finns i Byggnadshistorien Skagafjarðar IV. volym där det handlar om jord i Akrahreppi.
En av fyra avbytelser av Miklabörden var föremål för Jadar.
Jordbok 1713 kan innehålla följande: "Tredje föreläsning, förstörd med samma mot som säger om Miklabejarkot ... "
Under åren 1753-1757 bodde Grímur Jónsson och Guðrún Gottskálksdotter från Hreiðarsstationer i Svarfaðardal i Jaðri, men hon var äldste syster till Þorvaldar Gottskálksson, präst på Miklaby 1747-1762, och halvsyster till Gottskálks Blander på Mitt-Grund.
Andra invånare i Jajar är okända, och det verkar som om en tjurfull präst lät sin syster och magen bygga sig över den gamla ödemarken.
Konstigt nog har modern människa glömt var den förgängliga jorden slutade.
Men i förhållande till omgivningen måste en plats vara ganska trolig utan några sanna belägenheter.
I nordöstra hörnet av den gamla tunneln kallas Huxhall, södra Bæjarlækjar och ovanför motorvägen.
Där går den gamla tangaren över hålet till toppen.
Här stod finanshus framåt under andra hälften av 1900-talet och kan fortfarande ses med tydliga tecken, två finanshus som sträckte sig ut och söderut, en i ena men jämnt mellan (65°30'500/19°17'575).
Det är på kanten av tunneln och mycket troligt att det är en stad, nära till stadens läkare.
Men det har upptäckts monument som visar på en föråldrad by i Micropolitan.
Ha en regional vattna när du har brutit bort en del av tunan, t.ex. upp till hälften.
Det finns en halv ring av det gamla tangården och en liten del av stadshuset.
En mycket gammal toftalagring finns på en plats i den nordöstra delen av landet.
Den längd som vattnet har till stor del avlägsnat, och som markeras B i den här bilden, är mer grön än omgivningen.
Det visar att det inte har funnits någon människa i många århundraden, till exempel i ett gammalt stadshus.
Den här typen av kulturen kan vara i bruk i 200-300 år.
Det är inte klart om den första avblicken är samma som nämns i Jordens bok eller om det handlar om en femte avblivelse.
Den 10 juli 2007 utfördes en uråldring av fornlevorna på platsen". (Hjalti Pálsson (skrivare) 2007: Byggdasaga Skagafjarðar IV. Bind.
- Skådespelarnas förhistoriska förening.
För att beskriva:
En okänd förort i Akrabstan.
Två skott togs, en i tungan och en i tuppen.
Tunga muren är laddad efter 1300 men det finns ingen spår över den så det var omöjligt att mäta den övre åldersgränsen.
Samma sak kan sägas om den toft som sköldet togs i, det var inte möjligt att identifiera att den byggdes där före 1300.
Staden är alltså troligen byggd efter 1300, men förstörd innan 1713 skrevs Jordbok av Magnússon och Páls Vídalín.
Förklaring:
Kärnorna togs från Grafarsels toft i Deildard Valley.
Det finns många minnesmärken på slottet, både gamla släp och kvarlevor av en by som fanns där under mitten av 1800-talet.
Grafarsel ligger ca 450 meter in i Bjarkar-floden, ner till Grafar-flodens bukt.
Seljadals nämns för första gången i en handelsbok från slutet av 1400-talet och vafallet är ett namn som är mycket gammalt.
Det är inte omöjligt att bönder i dalen eller på Höfðastrand redan under de första århundradena byggde, hade en sjel inom byggnaden i Deildardal (Islenska forntidspappersällskapet III, s. 488).
Om säl i Deildardal säger Páll Erlendsson i en anslagsavgörande från 1839: "Alla Öslandsheldar, Gröf, Enni och Hof [äger egen sällskap], de två sista i Unudalnen, de andra i Deildardal.
Tårn används nu, förutom från Gravmånad varje sommar.
De har lagts av på grund av avstånd, många av dem av överdriven last, och hittills aldrig betalat för några kostnader.
Man gräver till det och driver dit pengar och okunnig häst, och uppståndelseslandet är inget annat än sellandet självt . . ".
De mest betydande är kvarlevorna av det 1800-talets stadsbyggnad, som delvis ligger ovanpå kvarlevorna av äldre byggnader.
Den yngsta stadens toft stod överst och högst upp på minnen på en dallad holm och var markerade för tre rum i staden, medan de östligaste kvarlevorna av staden var resterna av en matpark.
Kofatóft ligger några meter söder om matparken och har varit den yngsta i sitt liv.
I ruinerna som staden står på kan man se minst tre grott.
Det var en form av gravning öster om den.
Omkring 8 meter nordost om matgården fanns kvarlevor av äldre sällskap, men inga yngre byggnader låg över den.
Det fanns minst tre rum och en hel del ångest.
De var mycket nära till flodens kant och var därför i riskzonen.
Väggarna var mycket jordskakade.
Några av kärnorna togs i minnesarket.
De flesta landade direkt på stenar under ytan och det fanns mycket sten i väggarna av både yngre och äldre toft.
Det var omöjligt att bestämma åldern på de tre stenarna som lyckades komma upp.
Omkring 4 meter norr om seltoffarna fanns avlägsna kvier som tillhörde seltoffarna.
Omkring 30 meter norr om den yngsta stadsdelen fanns kvarlevor av två utomhus, en skattkammare och en last.
De två utomhushusen hade välbygda väggar och det var uppenbart att de hade trädgårdar.
De här villaerna är från 1800-talet.
- Jag är en flicka.
Man kunde inte bestämma åldern på minnen på Grafarsel.
För att beskriva:
Titta på Grafarsels toft.
- Se österut.
Förklaring:
En oljusig park som sträcker sig från öst till väst över Ástungu mellan Kolbeinsdalsár och Hjaltadalsár i Skagafirði.
För att beskriva:
En parkplats mellan Hjaltadalsår och Kolbeinsdalsår i Skagafirdet.
- Se nordösterut.
Förklaring:
I sin resa (Olafur Olavius (1965)) nämns staden Ytri-Heljará och sägs där att den har tagit av i vattenväg.
Helåret nämns också i Gudmundshistorien.
Staden har varit okänd men vid undersökningar i samband med byggnadshistorien har man undersökt seltoster i Bjarnastaads land, på Heljarar.
Vid ytterligare en undersökning av platsen sommaren 2008 framkom kvarlevor av äldre minnen, i tillägg till tydliga seltofter.
De ligger i den nordligaste delen av årklotet, men Stjärnan har tydligen tidigare rört norr om årklotet men rört söder om det.
Närmare undersökningar visade att floden hade tagit bort delar av de gamla stenarna, och man kunde rensa upp den gamla stenarna i flodbågen för att studera monumenten ytterligare.
För att beskriva:
Minnena vid Heljarens böcker i Kolbeinsdal.
- Se sydost.
Förklaring:
Stafshol är vid munnen av Deildardals i söder men ansågs i forna tider vara Höfdastrandar.
Nu är Stafsholl allmänt sagt den lägsta staden i Deildardal, södra Deildardalsår.
Staden ligger i nordväst om den så kallade Staffhullskakeln.
Stadsnamnet är skrivet antingen Stafshol eller Stafnshol.
Den äldsta referensen om staden finns troligen i Landsmålen, där det nämns Oddleifs stav.
Hans föräldrar var Hrafna-Flóki och Gró, syster till Höfða-Tórðar, men Oddleifur bodde i Stafshol och delade med Hjaltasonu på Hofi i Hjaltadal.
I landtagsbokerna nämns också Arnors, son till Nafar-Helga, landtagare vid Grindli i Flöden, Arnors strid mot Fredleif på Stafshol.
Det är därför utan tvekan ett spanskord som är det ursprungliga namnet på staden.
Marken har i alla fall varit privat i många århundraden, men Oddleifar, Hrafna-Flókason, verkar ha varit den första ägaren, enligt Landnabooks.
Namnet på marken finns inte i Holastols sammanslagning från 1388 och den kom förmodligen inte till Stolet förrän på 1500-talet.
Ståhål var en av de områden som de höga biskoparna hade för sig och ofta köpte och sålde.
I 1700-talet och senare i 1700-talet var jordens majestät 24 procent, och i senare tid var den 20 procent.
I ett landbok från 1709 nämns ett förlevande från Stafshol, som då redan hade förgått: "Hjáleigugrey har varit här en gång, och den enda gräsmatta som den lokala jordbrukaren lät falla, sägs man ha varit 20 eller 30 eler.
Här får man inte bygga mer än jorden till skada.
Den här gången har du antagligen varit på en plats som heter Staff Hall Stage strax under Staff Hall.
Det finns en vit trädgård runt två byggnader.
Minnesbeskrivning
Tungagården är ganska storslagen, upp till en meter i höjd och ca 2 meter bred.
Den omger en tunnisplats som ligger ca 100 meter från N-VA och ca 60 meter där den är bredast.
En grov park [3] verkar då täcka området strax söder om det möjliga stadshuset.
Om tunneln har utvidgats eller minskats någon gång eller om den har uppdaterats, kan inte sägas.
Som sagt, det finns två hål i tunneln.
Den västra hallen är troligtvis en stadshall, 21x6 meter i diameter, men inte formad för fönster av byggnadslinjer på den, men släp i hallen tyder på att det var tvärskiftade eller tredjekartade toft [2].
På den södra sidan av tunneln finns två tveksamma toftor, troligen de stektare som namnet kommer ifrån.
De två torgtornen ligger i linje med den större, sydvästra, och är ca 11 x 3 meter stora.
Den nordöstra fasten är en mindre toft som är 8x4 meter stor.
Båda toftarna är uppenbarligen mycket yngre byggnader än tungan och toftarna på den tänkta stadshuset.
I västra delen av tangarden finns en oåterkallelig forntida toft som är 6x5 meter och som är grädd av långgrönsaker.
Kärnorna togs in i en tandgårdsmur, nämligen stadshuset, och det gamla toftet utanför tandgården.
Endast fem av de fem borken togs, eftersom resultaten var ganska avgörande.
Kärnorna i trädgården pekade på att den byggdes efter 1104 men lagrades före 1300 som låg rörligt över trädgården.
Det var samma sak med kärnan som togs från stadshuset, men där kom det fram rester av människoliv, kol och mossa.
Även toftan utanför tungan verkar ha fallit före 1300.
Den förgängliga "bärgen" som nämns i Jordens bok har varit övergiven sedan länge när den kastades ner.
Det kan dock inte uteslutas att någon by har funnits där under en kort tid efter att den by som tillhörde tomten hade avvecklats.
Förklaring:
Staden som avgränsas av en tunggård på Stafshólsstekk har byggts efter 1104 och tunggården har i alla fall fallit innan 1300 års fall.
För att beskriva:
Se in i Deildard Valley från Koti i Stafns land.
Titta österut.
