Populisti di destra trionfano in Austria, hanno il 29% dei voti
Secondo i primi risultati preliminari delle elezioni anticipate al Parlamento austriaco, si è verificato un sensibile indebolimento di entrambi i partiti dell'attuale grande coalizione e un significativo impulso per i partiti populisti di destra.
Il Partito popolare austriaco (ÖVP), dove la posizione dell'attuale leader, Wilhelm Molterer, è stata gravemente scossa, ha subito perdite particolarmente grandi.
Al contrario, il leader della campagna dell'Alleanza per il futuro dell'Austria (BZÖ), il governatore carintiano Jörg Haider, si prepara a un ritorno trionfale alla politica nazionale.
Secondo i risultati preliminari, il Partito Socialdemocratico (SPÖ) rimane il più forte del paese con il 29,8% dei voti, tuttavia ha perso il 5,5% dei voti dalle ultime elezioni del 2006.
L'ÖVP, che con il suo 25,6% perde quasi il 9% dei voti, ha fatto peggio.
Sono i peggiori risultati di entrambi i grandi partiti nella storia austriaca del dopoguerra, e in particolare per il Partito popolare, che ha sollecitato le elezioni anticipate, è letteralmente un risultato catastrofico.
All'inizio di luglio, quando l'ÖVP si è ritirato dalla coalizione, il Partito popolare aveva ancora un vantaggio significativo sul SPÖ nei sondaggi.
Gli elettori, però, apparentemente li punirono per aver lasciato che il governo si scostasse.
Nella prima reazione ai risultati, si è già parlato di una possibile dimissione del capo del partito e attuale vice-cancelliere Wilhelm Molterer.
Gli osservatori prevedono che questo potrebbe avvenire già alla riunione straordinaria della leadership del partito di lunedì.
Un tale sviluppo semplificherebbe certamente il cammino verso il ricorso sempre più probabile ai risultati delle elezioni, cioè il rinnovo della grande coalizione di SPÖ e ÖVP.
Tuttavia, tenuto conto del rafforzamento dei due partiti populisti di destra - il Partito della Libertà (FPÖ) ha ottenuto un 18 per cento preliminare e il BZÖ un undici per cento dei voti - allo stesso tempo, i socialdemocratici hanno espresso il timore di una ripetizione dell'anno 1999, quando il Partito popolare si è accordato con i populisti (il FPO era ancora unito in quel momento, si è separato dal BZÖ nel 2005) su un governo comune, che alla fine ha provocato sanzioni dall'Unione europea.
Haider, che ha già annunciato di essere pronto a collaborare con qualsiasi partito e che presume di tornare a Vienna alla politica nazionale, sta evidentemente facendo affidamento su questo sviluppo.
Anche il Partito dei Verdi è entrato in Parlamento, ma ha subito una leggera sconfitta e è passato dal terzo al quinto posto tra i partiti politici austriaci.
Evidentemente nessuno degli altri partiti ha superato il marchio del 4% e è entrato in parlamento.
Schwarzenberg: le relazioni con l'India potrebbero peggiorare
Secondo il ministro degli Esteri Karel Schwarzenberg, se non sarà possibile risolvere il problema degli scienziati cechi incriminati in India per la raccolta illegale di scarafaggi, potrebbe verificarsi un certo peggioramento delle relazioni ceco-indiane.
Il ministro ha fatto questa dichiarazione a New York dopo l'incontro di oggi con il suo omologo indiano, Pranab Mukherjee.
"Se non si risolve, allora sì, allora si verificherebbe un certo peggioramento", afferma dopo la riunione avviata dalla parte ceca.
Dopo i negoziati, Mukherjee ha detto che era difficile per il potere esecutivo intervenire in materia giudiziaria.
Tuttavia, ha detto che nel caso di Petr Švácha, che è stato assolto dalle accuse e sanzionato con una multa, il governo centrale può negoziare con il governo locale di Darjeeling, sotto la cui giurisdizione si trova la questione.
"Il suo problema potrebbe essere risolto", disse il ministro.
Secondo Mukherjee, sarebbe meglio per Emil Kučera, condannato a tre anni di prigione, fare appello alle autorità superiori.
Può quindi chiedere di essere rilasciato su cauzione e attendere il verdetto fuori dalla prigione, ha spiegato.
Schwarzenberg ha confermato che anche il suo partner ha detto questo durante i negoziati.
"Si raccomanda di ricorrere a un tribunale superiore, allora sarebbe possibile graziarlo", ha detto il capo della diplomazia ceca.
L'unico modo in cui la parte ceca può essere coinvolta in tutta la questione è fornire agli individui condannati "un sostegno legale competente", ha detto il ministro indiano.
Allo stesso tempo, ha detto che la parte indiana sta già fornendo loro aiuti di questo tipo.
"È nel nostro interesse mantenere le migliori relazioni con l'India, che ha una lunga tradizione.
Anche gli indiani lo riconoscono", ha detto Schwarzenberg.
Allo stesso tempo, come ha detto all'agenzia Czech Press, ha sottolineato di fronte al suo collega che la Repubblica ceca dà grande importanza al problema degli entomologi cechi.
"Consideriamo davvero che l'arresto e l'accusa di questi scienziati cechi siano un grave errore", ha dichiarato.
Il ministro ha evitato di rispondere alla domanda se avesse ricevuto una promessa dalla parte indiana di proseguire l'affare.
Ha semplicemente dichiarato: "Ho già ricevuto parecchie promesse".
Arbitri cechi lottano per il fondo dell'oceano
Si avvicina alla mappa elettronica che mostra l'Australia e le zone marittime circostanti.
Tuttavia, non è interessato al continente, ma in un piccolo punto perso nel blu dell'oceano.
"Questa isola, e con essa il fondo oceanico che la circonda, appartiene all'Australia.
Allo stesso tempo, l'area è grande quanto il continente stesso", dice l'avvocato italiano Luigi Santosuosso, che fa parte del team di trent'impiegati della Divisione delle Nazioni Unite per gli Affari Oceanici e il Diritto del Mare.
Il suo capo, il direttore della divisione, l'avvocato ceco Václav Mikulka, segue quello che dice e occasionalmente aggiunge qualcosa.
Qui è prevalente l'entusiasmo e l'entusiasmo per il lavoro.
Il fondo oceanico ospita un mondo finora poco conosciuto, ricco di risorse naturali.
È possibile trovare petrolio, minerali e altri minerali, ma anche organismi viventi finora sconosciuti che sono la chiave per lo sviluppo, ad esempio, di una cura per il cancro.
Un piano più grande del continente
Oggi i paesi costieri hanno iniziato a competere con forza per il nuovo territorio sottomarino.
In altre parole, secondo un accordo delle Nazioni Unite, essi usano i diritti concordati nel 1982 a Montego Bay, in Giamaica.
Si tratta principalmente della zona della cosiddetta piattaforma continentale, che spesso si estende fino a diverse centinaia di chilometri dalla costa del paese in questione.
Secondo l'accordo, tale paese ha il diritto esclusivo di sfruttare tutte le risorse della piattaforma continentale.
"La piattaforma continentale è considerata la parte del fondo oceanico che costituisce il naturale proseguimento del continente sotto il mare e il suo substrato.
Si estendeva oltre il bordo del mare costiero, spesso anche oltre il bordo delle duecento miglia nautiche della cosiddetta zona economica esclusiva", spiega Mikulka.
La richiesta presentata dal paese alla Commissione sui limiti della piattaforma continentale deve essere corredata di documentazione scientifica e tecnica basata su numerosi e costosi studi e misurazioni.
È il risultato di molti anni di lavoro preparatorio.
"Uno dei nostri ruoli è fornire alla commissione assistenza tecnica e legale specializzata.
La Commissione ha finora discusso cinque richieste, provenienti da Russia, Brasile, Australia, Irlanda e Nuova Zelanda.
Solo gli ultimi tre di questi paesi hanno avuto successo finora", aggiunge Mikulka.
Recentemente il successo dell'Australia, che fu la prima a espandere il suo dominio subacqueo, è stato registrato in tutto il mondo.
Ma la Nuova Zelanda ha anche guadagnato - l'area del fondo oceanico che la commissione le ha concesso è di circa 1,6 milioni di chilometri quadrati, cioè circa sei volte più grande della dimensione del paese stesso.
Entrambi i paesi hanno investito milioni di dollari nella rilevazione.
I profitti che deriveranno dall'utilizzo del fondo oceanico in futuro saranno, sperano, inestimabili.
Anche altri paesi faranno gradualmente presentazione delle loro richieste.
Essi hanno tempo fino a dieci anni dal momento in cui hanno ratificato l'accordo di Montego Bay.
Laddove termina la piattaforma continentale, inizia l'area del fondo oceanico dichiarata dall'accordo "patrimonio comune dell'umanità".
Qui nessun paese ha più alcuna posizione esclusiva.
I diritti di estrazione in questa zona sono concessi mediante l'accordo stabilito dall'istituzione internazionale.
"Ma il fondo dell'oceano non è Klondike", dice esageratamente il direttore Mikulka, aggiungendo che le sue "aree individuali sono legalmente chiaramente delimitate e il loro regime è ancorato nei contratti".
Cechi nel Pacifico
Parte del fondo oceanico appartiene attualmente alla Repubblica ceca.
La condivide con altri paesi dell'ex blocco orientale come parte dell'organizzazione comune "Interoceanmetal".
Con un accordo, questa organizzazione, come gli investitori di diversi altri piccoli paesi, ha acquisito nel 1991 lo status di cosiddetto "investitore pioniere".
È autorizzata a estrarre le miniere nella zona di ClarionClipperton nell'Oceano Pacifico, che si trova tra il Messico, le Hawaii e Kiribati.
La superficie oggetto di indagine dell'investitore è leggermente superiore all'ex Cecoslovacchia.
Il fondo oceanico è aspro, è una sorta di modello subacqueo dei monti Tatra.
"È possibile estrarre miniere su una superficie complessiva di 75.000 chilometri quadrati.
L'area è ricca di materiali polimetallici contenenti nichel, rame, cobalto e manganese", dice un altro avvocato, Pakshi Rajan, dell'India.
L'avvocato macedone della divisione, Rober Sandev, ne dimostra una concreta.
Sembra una piccola patata o, con un po' di fantasia, il mitico Shem, che, secondo la leggenda, ha dato vita al Golem.
Forze speciali tedesche presenti al salvataggio degli ostaggi
Per risolvere la crisi degli ostaggi, il governo egiziano aveva chiesto aiuto alla Germania, che aveva inviato gli esperti.
Quando la pressione si è spinta, le forze speciali erano pronte, ma i loro servizi non erano richiesti alla fine.
Sono sempre più noti i dettagli delle circostanze che hanno portato alla liberazione degli undici turisti europei rapiti in Egitto.
Secondo i ministeri federale della Difesa e dell'Interno tedesco, le forze speciali tedesche hanno partecipato indirettamente alla missione di soccorso.
Gli specialisti delle Forze Armate Federali (Bundeswehr) e membri della Polizia Federale Tedesca (Bpol) e delle sue unità speciali GSG 9 e Air Guard sono stati presenti al salvataggio, hanno detto lunedì sera i portavoce dei ministeri, nonché membri dell'Ufficio Federale della Polizia Penale (BKA) e esperti logistici dell'Agenzia di Soccorso Tecnico (THW).
Le forze tedesche, tuttavia, non erano necessarie, hanno detto, perché i rapitori abbandonarono gli ostaggi e fuggirono quando si accorsero che gli ostaggi stavano per essere liberati con la forza.
Il governo egiziano aveva accettato l'aiuto offerto dalla Germania per contare sulle forze tedesche come sostegno durante l'operazione.
` Fortunatamente, non è giunto a questo punto', ha detto un portavoce del Ministero federale dell'Interno tedesco.
Il gruppo di viaggio composto da cinque tedeschi, cinque italiani, una rumena e otto compagni egiziani era stato imboscato e rapito il 19 settembre nel sud dell'Egitto.
Dopo il loro rapimento in una regione deserta nel sud dell'Egitto, gli ostaggi erano stati trasportati avanti e indietro nella regione di confine tra Egitto, Libia, Sudan e Ciad.
Fino ad oggi, l'identità dei rapitori rimane sconosciuta, così come i dettagli sul salvataggio o su possibili riscatti.
Gli ex ostaggi sono arrivati al Cairo sani e salvi.
Il ministro degli Esteri tedesco Steinmeier ha detto che sono stati affidati alla cura dell'ambasciata tedesca.
Non ha commentato i dettagli del salvataggio.
A Berlino non è stata data alcuna informazione immediata sul loro ritorno in Germania.
Secondo il quotidiano tedesco `Bild', i cinque turisti e le forze speciali devono salire a bordo di un Airbus della Forza Aerea tedesca, che dovrebbe arrivare in Germania martedì.
La Camera dei Rappresentanti degli Stati Uniti rifiuta il salvataggio
Il pacchetto di salvataggio da 700 miliardi di dollari per i mercati finanziari non è stato approvato dalla prima delle due camere del Congresso degli Stati Uniti.
Il Dow Jones ha fatto un picco.
Con un voto di 227 a 206 contro, la Camera dei Rappresentanti degli Stati Uniti ha respinto il pacchetto di salvataggio del governo per i mercati finanziari.
Nonostante tutti gli appelli del presidente George W. Bush e dei principali funzionari di entrambi i partiti, non è stata raggiunta alcuna maggioranza per il programma che doveva contenere il caos nei mercati finanziari.
In una campagna drammatica, i sostenitori avevano fatto disperati tentativi per convincere i critici dei meriti del piano da 700 miliardi di dollari.
Barney Frank, uno dei principali negoziatori democratici, aveva chiesto l'approvazione ai rappresentanti, anche se era un piano impopolare.
` È difficile ottenere l'approvazione politica per la prevenzione di qualcosa che non è ancora accaduto', ha ammesso.
Mentre il voto era ancora in corso, il Dow Jones ha visto un calo di oltre il 6 per cento, o 600 punti.
È stato causato dalle preoccupazioni degli investitori che il salvataggio del governo potrebbe fallire.
La Commissione ha deciso di non presentare proposte di risoluzione.
Gli esperti si aspettano ora ulteriori forti turbolenze nei mercati finanziari internazionali.
Per poter attuare il piano, è necessaria l'approvazione sia della Camera dei Rappresentanti che del Senato.
Agenzie di viaggio segnalano un aumento delle prenotazioni
Sarà un buon inverno per le agenzie di viaggio tedesche, evidentemente:
Un sondaggio dice che il fatturato delle prenotazioni per i prossimi mesi è aumentato notevolmente rispetto all'anno precedente - per la stagione invernale fino al 30 per cento, addirittura.
Nonostante le prospettive di una debole economia, l'appetito dei tedeschi per i viaggi rimane intatto, dice un sondaggio.
Per le prenotazioni durante la stagione invernale, le agenzie di viaggio hanno registrato un aumento del fatturato del 31 per cento rispetto allo stesso periodo dell'anno precedente, ha riferito lunedì a Berlino la German Travel Association (DRV).
Secondo la società di ricerca di mercato GfK, anche nei mesi autunnali si è registrato un aumento delle prenotazioni.
Le agenzie di viaggio hanno registrato un aumento del fatturato dell'11% circa per ottobre rispetto al 2007, ha dichiarato il DRV.
I risultati si basano sui dati della GfK, che ogni mese elabora i dati delle prenotazioni di 1200 agenzie di viaggio tedesche e li utilizza per fare proiezioni per il mercato nel suo complesso.
Sono comprese le prenotazioni di viaggi effettuate fino all'agosto 2008.
A causa del dollaro debole, i viaggi negli Stati Uniti erano particolarmente richiesti, ha detto il DRV.
In questo settore, le prenotazioni sono aumentate di circa un terzo, ha detto.
A parte questo, la Commissione ha sottolineato che la Spagna, la Turchia e la Grecia sono popolari tra i tedeschi, così come le regioni nazionali.
I viaggi all-inclusive sono particolarmente richiesti, ha detto il presidente della DRV Klaus Laepple.
Alla luce dell'aumento dei prezzi dell'energia e dei prodotti alimentari, il loro costo è stato più calcolabile per i clienti rispetto a quello delle vacanze organizzate individualmente", ha affermato Laepple.
I consumatori potrebbero risparmiare denaro tramite sconti anticipati o all-inclusive, tra gli altri, ha detto Laepple.
Poiché anche i mesi estivi sono stati molto ben prenotati, ci sarà un altro aumento del fatturato rispetto all'anno precedente, ha detto - anche se un altro sondaggio riferisce che il numero di tedeschi in viaggio è diminuito rispetto all'anno precedente.
La mia prima occasione all'Oktoberfest
Hits di primavera e dopo-ski in modalità ripetizione, birra da tazze da un litro e celebrità nel design Dirndln.
Un Wiesn Debut.
Tecnicamente, Susanne Kronzucker e io non abbiamo molto in comune.
E' bionda, conduttrice televisiva e indossa un Dirndl fatto su misura.
Ho i capelli scuri, sono una studentessa e il mio vestito è di seconda mano.
Ma c'è una cosa che ci collega: siamo al Wiesn da appena tre minuti, e già i fotografi si stanno affollando intorno a noi e scattando, riempiendo le loro schede di memoria - molto lusinghiero, ed è la mia prima visita al Wiesn, per cominciare.
E' cosi' che si fanno gli amici.
Il Dirndl a buon mercato sembra fare il suo lavoro.
Per un turista di Wiesn, che abita solitamente a nord dell'equatore del "Weisswurst", il senso di comfort che si prova indossando un abito tradizionale bavarese lasciava ancora molto da desiderare.
Ma una volta arrivati a Theresienwiese, non è poi così male.
Quasi tutti indossano Dirndl o Lederhosn; nessuno sembra disgustato o imbarazzato - è tutto del tutto normale.
Solo che il mio grembiule Dirndl ha fatto guardare in modo strano il venditore di cioccolata e banane.
Una donna di Monaco mi ha fatto notare che avevo legato il grembiule nel modo sbagliato: ` Disponibile a sinistra, vergine al centro, impegnata a destra, vedova dietro".
Tiro furtivamente il grembiule da dietro a sinistra.
"Sembra giusto", dice e ride.
Altri sono meno interessati alle tecniche di flirt sottile e indossano semplici cappelli di feltro che dicono `Too drunk to get dressed' e, senza essere invitati, mostrano alle persone il loro sedere nudo.
Il giovane con l'atteggiamento eshibitionista si chiama Bob, e viene dall'Inghilterra, ed è la sua prima volta all'Oktoberfest.
Lo trova "grande", con un "suo" lungo.
Mi dice questo dopo essersi liberato del "Mass" che aveva prima.
Proprio accanto a una di quelle tappe di fuoco che tutti prendono per discariche.
Quindi Bob è uno di quei famigerati "Wildbiesler".
Altri non sono abbastanza fortunati da perdere l'alcol in questo modo.
A ore otto di notte, decine di paramedici stanno affollando la zona, curando i poveri binger.
Gli operatori sanitari vengono sempre in gruppi, sempre in quattro, portando una barella coperta da una tenda all'altra.
Funziona come la maggior parte dei visitatori di Wiesn: quando è vuoto, se ne vanno, e quando è pieno, tornano.
Non si vede chi è dentro le bare del BAC.
` Sono quelli che non possono più', gridò uno dei paramedici quando gli chiesi, scomparendo nella folla.
Victima dell'incidente nominata dalla polizia
Una pedona di 63 anni, morta in ospedale dopo essere stata investita da un veicolo in Essex, è stata identificata.
Carole Paulson, di Chelmsford Road a Brentwood, è stata coinvolta nell'incidente venerdì pomeriggio a Shenfield Road in città.
E' stata portata all'ospedale della Regina, a Romford, ma poi è morta.
Dopo l'incidente un uomo di 51 anni è stato arrestato con il sospetto di guida imprudente.
Da allora è stato rilasciato su cauzione.
L'ampliamento degli orizzonti diplomatici della Turchia
Molto prima che la Turchia cercasse di aderire all'Unione europea, le potenze europee erano desiderose di penetrare profondamente nell'entroterra della Turchia.
Sul lato orientale del Bosforo, forse a soli 20 passi dall'Asia, si trova una delle più belle reliquie di questa ambizione imperiale fallita.
La stazione ferroviaria di Hydarpasha è stata progettata da due architetti tedeschi Otto Ritter e Helmut Conu nello stile neo-rinascimentale.
Almeno è quello che dicono le guide.
L'edificio si trova all'estremità delle piattaforme con una torre in ogni angolo anteriore che guarda tutto il mondo come un municipio tedesco di provincia.
La pietra è sporca.
L'intero edificio è in decomposizione.
Ma una volta all'interno della biglietteria voltata, non c'è dubbio sulla grandezza dell'impresa di cui questo era il gateway più occidentale.
La stazione fu aperta nell'agosto 1908 da un consorzio tedesco, la Anatolia-Baghdad Corporation.
La Germania, che era un ritardato nel gioco imperiale, intendeva realizzare le sue ambizioni di dominare il Medio Oriente per mezzo di questa ferrovia che andava da Damasco a Baghdad e oltre, fino a quella che oggi è l'Arabia Saudita.
Ma le ambizioni imperiali tedesche si infondarono durante la prima guerra mondiale.
Le sue ferrovie furono attaccate da Lorenzo d'Arabia e dai suoi irregolari arabi.
L'isolamento relativo dalla regione circostante, generato dai confini congelati della Guerra Fredda, è andato in rovina.
Le forze britanniche e dominiche avanzarono dall'Egitto e spinsero i turchi e i loro alleati tedeschi fuori dalla Palestina e dalla Siria.
E c'era anche una brutta notizia per la stazione di Hyderpasha.
Nel 1917 un treno di munizioni esplose distruggendo il suo elaborato tetto.
Fonti turche dicono che è stato un sabotaggio.
Da allora è lentamente svanita, in gran parte ignorata dalla storia.
Ma oggi, questa porta ferroviaria per l'Anatolia e per tutti i punti orientali, serve - almeno simbolicamente - a sottolineare l'allargamento degli orizzonti diplomatici della Turchia.
Il partito di giustizia e sviluppo al governo - l'AKP - ha elaborato una politica estera completamente nuova per il paese.
Il relativo isolamento dalla regione circostante, generato dai confini congelati della Guerra Fredda, è scomparso.
Ora c'è una nuova politica di impegno.
È notevole che il governo turco abbia buone relazioni con Israele e la Siria, con le fazioni palestinesi di Hamas e Fatah, con l'Iraq e l'Iran e, naturalmente, con l'Unione europea e gli Stati Uniti.
Per valutare i parametri di questa nuova politica estera, sono salito a bordo della notte-sleeper per la capitale turca Ankara, per visitare uno dei principali esperti di politica estera dell'AKP, il parlamentare turco Suat Kiniklioglu.
La mattina seguente - circa dieci ore e mezza dopo - dopo un viaggio tremendo lungo le strade che hanno prodotto le cadenze del vecchio mondo del famoso documentario The Night Mail, sono arrivato nella capitale turca - proposta come nuova città per un nuovo stato secolare che intende voltare le spalle al passato ottomano.
Ma l'AKP, con le sue radici islamiste, rappresenta un cambiamento di paradigma nel consenso turco.
Ha suscitato qualche sospetto in Occidente, soprattutto a Washington.
Un taxi mi ha portato alla sede dell'AKP, una struttura ultramoderna in pietra e acciaio - costruita appositamente - in un sobborgo in via di sviluppo, circondata da centri commerciali a metà costruiti e pasticcerie di potenza dove i dirigenti di livello medio in abiti da uomo e donna si riunivano per fare affari al mattino presto.
Suat Kiniklioglu avrebbe potuto essere un politico di centro-destra appartenente a quasi tutti i partiti politici europei.
Abito, cravatta, sono sicuro che aveva anche un Blackberry.
"L'obiettivo della politica estera del partito è ora di reintegrare la Turchia nel suo immediato vicinato.
La Guerra Fredda era un'anomalia", mi disse.
La Turchia era stata tagliata fuori dal suo territorio.
Oggi doveva guardare verso est e verso ovest allo stesso tempo.
Non era un caso di una o dell'altra.
Doveva fare entrambe le cose.
"Ma sicuramente a un certo punto", chiesi, "la Turchia potrebbe essere costretta a scegliere?"
"La Turchia", disse, "non voleva dover affrontare questa scelta".
Ha poi sottolineato un punto che quasi tutti coloro con cui ho parlato qui hanno quasi memorizzato: i legami della Turchia non solo con il Medio Oriente, ma con il Caucaso e con il Mar Nero sono tanto a beneficio dell'Europa e degli Stati Uniti quanto della Turchia.
Con la Turchia a bordo, il messaggio sembra essere che l'Europa nel suo complesso può metaforicamente guidare quelle linee ferroviarie verso est verso l'Asia e il Medio Oriente.
Tornato alla stazione di Hydarpasha, dopo un'altra notte di insonni, ho pensato ai due signori tedeschi, Herr Ritter e Herr Conu, che avevano visto costruire questo edificio 100 anni fa.
Come sarebbero stati sorpresi di scoprire che le ambizioni dell'Europa mediorientale potrebbero ora, in gran parte, essere nelle mani della Turchia.
E mentre aspettavo al terminal il traghetto che mi avrebbe portato di nuovo attraverso il Bosforo, mi sono ricordato che in quei giorni la Turchia era sempre stata chiamata "l'uomo malato d'Europa".
Allora almeno non sembrava esserci molta dubbio su quale continente avrebbe dovuto rivendicare questo affascinante paese.
Vite ricordate: Vernon Handley e William Woodruff
Mark Brown scrive: Come direttore musicale di Guildford dal 1962, Vernon "Tod" Handley (obituario, 11 settembre) era responsabile della Guildford Philharmonic Orchestra and Choir.
Come parte del suo piano musicale per il quartiere, l'anno successivo fondò il suo meraviglioso coro giovanile, Proteus.
Doveva essere per i giovani sotto i 21 anni, ma quando il Proteus cantò il suo finale nel 1979, molti di noi avevano quasi 20 anni, e ci rifiutammo di abbandonare il coro.
Il nome "Proteus" (il mitologico mutaforma) rappresentava la volontà e la capacità del coro di affrontare qualsiasi musica gli fosse presentata, sia madrigal che Messiaen, sia senza accompagnamento che con orchestra completa.
La versatilità musicale prodotta da un tale coro giovanile era spesso sorprendente, sempre eccitante, e tutto ciò era dovuto all'ispirazione di quell'uomo e all'entusiasmo per la musica che è rimasto assolutamente costante nel corso degli anni.
Quante volte ci ha detto Tod di "lasciare che la musica parli da sola".
Diceva: "Il compositore sa cosa vuole.
E' tutto nella musica.
Allora cantatela!"
La sua tecnica con il bastone era assolutamente chiara e precisa, sebbene mai dittatoriale, né florida.
Qualunque fosse il livello musicale, lo elevava sempre ancora di più.
John Frayn Turner scrive:
Se c'e' un direttore che dovrebbe essere nominato cavaliere, e' stato Vernon Handley.
Lo conoscevo bene durante i due decenni che diresse la Filarmonica di Guildford dal 1962 al 1982.
Negli ultimi 40 anni, ho recensito più di 100 suoi concerti e posso dire onestamente che non sono mai stato deluso da uno solo - e molte volte ispirato da loro.
Tod Handley aveva quella rara combinazione di grandezza e modestia personale.
Odiava i direttori d'orchestra che, secondo le sue parole, "haccarono uno o due cavalli da guerra ben noti in tutto il mondo".
Mancherà a molti di noi.
William Woodruff
Il professor John Beckett scrive:
Il suo necrologio di William Woodruff (25 settembre) afferma che "nel 1946 riprese la storia economica a Oxford e nel 1950 divenne un Houblon-Norman Research Fellow... mentre contemporaneamente studiava per un BSc, un MA e un PhD".
Questo deriva dalla nota dell'autore di Woodruff in Beyond Nab End, ma non è corretto.
Dal 1946 al 1953 è stato docente di storia economica presso l'Università di Nottingham, durante il quale ha completato una tesi di dottorato sull'industria della gomma britannica, sotto la supervisione del professor J. D. Chambers, e successivamente pubblicata nel 1958 come The British Rubber Industry.
Passò il 1950-51 negli Stati Uniti con una borsa di studio Houblon-Norman, e l'estate del 1952 presso le università dell'Illinois, di Harvard e di New York.
Nel 1953 lasciò Nottingham per sempre per l'Illinois.
Non si sa perché Woodruff abbia scelto di nascondere questa parte della sua carriera.
J. Vincent Resino presso la Facoltà di Filologia
"Consigliamo la mostra di José Vicente Resino "Flamenco y vida", perché le sue fotografie in bianco e nero, scattate in stile documentario, sono straordinarie.
Le foto mi hanno attirato l'attenzione per la loro semplicità e potenza che trasmettono, trattando sempre i soggetti con particolare attenzione.
Una mostra che mostra sentimenti profondi.
Resino è in grado di catturare momenti magici".
Secondo attacco per la Honda super-vendita
Il prossimo novembre Honda lancerà la seconda generazione di Jazz.
Se il modello precedente era già caratterizzato da un'elevata abitabilità, questo nuovo minivan ha uno spazio interno più ampio.
Inoltre, è dotato di una meccanica fine che aumenta il comfort di guida e consente di risparmiare carburante.
Evoluzione invece di rivoluzione.
Questa è la seconda generazione di Honda Jazz.
Mentre esteticamente la nuova Jazz assomiglia al modello precedente, le modifiche apportate al minivan sono numerose.
Tra gli altri, vale la pena sottolineare il suo design innovativo, la nuova piattaforma, le dimensioni maggiori e le meccaniche piuttosto nuove.
Comunque, prima di analizzare il nuovo modello, potrebbe essere utile sottolineare che questo nuovo Jazz arriva solo sei anni dopo l'entrata della prima generazione.
Pertanto, una prima osservazione dovrebbe considerare che Honda ha rinnovato questo modello più rapidamente di quanto facciano di solito le altre società.
Anche se il modello Jazz è meno conosciuto in Europa che in altri mercati, rimane un fenomeno in termini di vendite.
Questo è il caso del Giappone, dove il Jazz è stato l'auto più venduta nel 2002 e anche nel 2008.
Solo lì, quasi un milione di unità di Jazz sono state vendute dal lancio del modello.
Il secondo mercato è stato il Vecchio Continente, con circa mezzo milione di unità vendute in sei anni.
Nonostante questi numeri, Honda ritiene che questo nuovo Jazz aumenterà ulteriormente le sue vendite nel segmento.
Se nel 2007 la società giapponese ha venduto un totale di 83.000 unità di questo modello, nel 2009 si stima che saranno circa 100.000, il che prevede un possibile aumento delle vendite del 17% solo nel mercato europeo.
Per quanto riguarda il mercato spagnolo, Honda ha venduto un totale di 8.000 unità di Jazz dal 2002, corrispondente al 6,7% delle vendite totali della società in Spagna.
Con l'arrivo della nuova generazione, i responsabili della società in Spagna si aspettano di vendere circa 2.000 unità di Jazz entro un anno.
L'arrivo della nuova Honda Jazz renderà probabilmente possibile questo, riducendo in larga misura il calo delle vendite in Spagna.
Infatti, i responsabili del marchio prevedono di arrivare alla fine dell'anno con un totale di 22.000 unità vendute, cioè 4.000 unità in meno rispetto al 2007, con una diminuzione del 16%.
Nonostante l'aumento delle vendite, Honda ha anche aumentato la sua quota di mercato in Spagna, raggiungendo l'1,8% rispetto all'anno precedente, che è stato dell'1,6%.
Allo stesso tempo, la società giapponese prevede di raggiungere il 2% nel 2010.
Per raggiungere questo obiettivo, Honda è fiduciosa di un altro nuovo modello.
Questa è Insight, un'auto ibrida a cinque porte, lunga 4,37 metri, e la società giapponese spera di vendere circa 200.000 unità di questo modello in tutto il mondo entro un anno.
Secondo le stime dei mercati e dei produttori giapponesi, il 50% delle vendite di Insight verrà dagli Stati Uniti, mentre il restante 50% sarà sia dal Vecchio Continente che dal Giappone.
Il lancio commerciale di Insight è previsto per l'inizio del prossimo anno, poco dopo la presentazione del modello all'interno dell'azienda a gennaio a Valenza.
Rispetto alla prima generazione, il nuovo Jazz è cresciuto in tutta la sua interezza.
Ora raggiunge 3,90 metri di lunghezza (cinque centimetri in più), 1,69 metri di larghezza (due centimetri in più) e il suo interasse 2,50 metri, con un incremento di cinque centimetri.
La sua altezza di 1,52 metri è rimasta invariata.
Insieme alla sua dimensione, il suo interno abitabile aumentò nello spazio.
Tale vantaggio deriva, in primo luogo, dalla nuova piattaforma e, in secondo luogo, dall'introduzione del serbatoio di carburante in una posizione centrale, soluzione già adottata nella precedente Jazz.
Inoltre, la capacità del bagagliaio - doppio volume inferiore - sale a 399 litri, con una capacità di 19 litri maggiore rispetto alla prima generazione.
Si noti che queste sono le misure della Honda Jazz 1.4, mentre la capacità del bagagliaio del modello 1.2 è di soli 379 litri.
Altri miglioramenti - oltre agli elementi esterni, come il led posteriore o la possibilità di montare il vetro panoramico - riguardano il miglioramento dell'accesso ai sedili posteriori.
Le porte che permettono l'accesso ai sedili posteriori, aperte ora con un angolo di 80 gradi, rispetto ai 67 gradi del primo modello.
Inoltre, tutti i motori sono abbastanza nuovi in questa seconda generazione di auto.
Al momento della commercializzazione, questo modello sarà dotato di motori a benzina da 1,2 o 1,4 litri.
Entrambi i sistemi meccanici includeranno la tecnologia i-VTEC, che consente un consumo di carburante minore, produce meno emissioni di anidride carbonica, ottimizza i perfezionamenti meccanici e, allo stesso tempo, mantiene un motore ad alta coppia in tutte le sue fasi.
La versione da 1,2 litri raggiunge una potenza di 90 CV a 6000 giri/min con una coppia massima di 114 Nm a 4900 giri/min.
La propulsione - che nel precedente Jazz ha raggiunto i 78 CV - ha bisogno di soli 5,3 litri di carburante e produce circa 125 grammi di emissioni di CO2 equivalenti.
Rispetto alla propulsione precedente, che nel modello di prima generazione utilizzava 83 CV, il nuovo può sfruttare 100 CV.
La 1.4 Jazz con 100 CV raggiunge una combinazione di 5,4 litri di carburante e 128 grammi di CO2 emessi.
Una "carro-ape" per evitare collisioni
Lo sviluppo delle tecnologie per la prevenzione degli incidenti, ha ispirato Nissan questa volta, dalla natura, e specialmente dalle api.
Una società giapponese ha creato un robot che, imitando il volo delle api, può evitare incidenti.
Questo è il Bio-Mimetic Car Robot Drive, o BR23C, il primo passo per progettare tecnologie per la prevenzione delle collisioni.
Gli ingegneri del Centro Tecnico Avanzato della Nissan Motor Co. hanno sviluppato questo piccolo robot in collaborazione con il Centro di Ricerca Scientifica e Tecnologia della prestigiosa Università di Tokyo in Giappone.
Secondo Kazuhiro Doi, direttore generale delle relazioni pubbliche per la tecnologia, la ricerca e lo sviluppo della gestione del marchio, il BR23C è un'espansione dello scudo di sicurezza delle quattro aree prodotte da Nissan.
Questo robot è destinato a migliorare la capacità di prevenire le collisioni nei veicoli prodotti dall'azienda.
Durante il volo, ogni api crea il suo spazio ovale personale che è molto simile allo Scudo di Sicurezza sviluppato da Nissan.
Ma l'elemento più importante è costituito dagli occhi composti dell'ape, che possono vedere in tutte le direzioni con un angolo extra di 300 gradi, permettendo all'insetto di volare senza interruzione all'interno del suo spazio personale.
Per ricreare queste caratteristiche visive, gli ingegneri hanno sviluppato quello che hanno definito un localizzatore laser (Laser Range Finder).
Questo meccanismo rileva gli ostacoli entro 2 metri e un raggio fino a 180 gradi davanti al BR23C, calcola la distanza dall'oggetto e invia un segnale al microprocessore a bordo che consente di prevenire immediatamente la collisione.
"Quando il piccolo robot rileva un ostacolo, imita i movimenti dell'ape e cambia immediatamente direzione girando le ruote in un angolo più alto o più a destra per evitare la collisione.
La differenza più evidente con qualsiasi sistema esistente è la sua azione evasiva che risulta essere totalmente istintiva.
"Se non fosse così, il robot non sarebbe in grado di reagire abbastanza velocemente da evitare gli ostacoli", spiega Toshiyuki Andoh, direttore del Laboratorio di Mobilità e ingegnere capo di questo progetto.
A differenza delle api, il robot non può deviare verso l'alto o verso il basso, o anche diagonalmente. Può muoversi solo in due dimensioni e nella direzione in cui le sue ruote possono girare. Ovviamente, non può correre in direzioni e modi infiniti come fanno le api.
Per questo motivo, Nissan ha utilizzato una funzione di rotazione oltre alle funzioni di accelerazione e decelerazione, per consentire al piccolo robot di evitare collisioni.
"Questo dispositivo deve elaborare nuove informazioni ogni pochi secondi e agire da questi dati.
Non è necessario memorizzare alcuna informazione né utilizzare la logica intuitiva delle manovre precedenti, per questo può andare senza interruzioni alimentato solo da poche decine di KB di memoria.
Questo potrebbe sorprendere, ma non stiamo parlando di gigabyte o mega di memoria".
Questo è il primo passo verso lo sviluppo di nuove tecnologie per la prevenzione delle collisioni, una tecnologia che Nissan spera sarà introdotta nelle auto come caratteristica standard entro dieci anni.
Il robot utilizza batterie al litio-polimero, più leggere e più durevoli rispetto alla tipologia agli ioni di litio.
Un'applicazione aggiuntiva in un futuro potrebbe essere l'integrazione di questa tecnologia con il navigatore satellitare GPS per portare il conducente a una destinazione specifica, evitando gli ostacoli lungo il percorso.
Non temere prima di richiedere un prestito
Dobbiamo riconoscere che il Dipartimento del Tesoro degli Stati Uniti, che possiede abbastanza buoni capitali per agire, non manca certamente di talento.
Dovendo affrontare la crisi e impedire che gli americani vengano truffati con prestiti spazzatura da banche sotto dubbi di insolvenza, è stato creato un gioco divertente ed educativo per gli utenti di Internet.
In altre parole, l'"hotel dei cattivi crediti"... o dei problemi.
L'aspetto oscuro di questo hotel e, in particolare, della sua receptionista, mira a spingere le persone a riflettere non solo una volta, ma due o anche tre volte prima di richiedere un prestito.
E soprattutto, pensare molto attentamente a dove richiederlo.
Questo sistema fornisce certamente alcune informazioni utili, ma offre piuttosto pochi dettagli.
E' molto piu' un sito per adolescenti che un sito per il pubblico in generale.
Cosa succede se finisci il gioco?
Beh, una stanza da sogno appare all'interno dell'hotel.
E' ancora qualcosa, perché quando si compra una casa... è meglio lasciarla.
Morgan Stanley apre il suo capitale a MUFG
Morgan Stanley ha annunciato l'ingresso al round di tavola di Mitsubishi UFJ Financial Group (MUFG), la prima banca del Giappone, che spenderà nove miliardi di dollari per ottenere il 21% del suo capitale, notizia che è stata ricevuta da un forte calo dei prezzi delle azioni.
Una settimana dopo aver svelato un accordo provvisorio, le due banche hanno spiegato che MUFG avrebbe acquistato il 9,9% delle azioni di Morgan Stanley al prezzo di 25,25 dollari, per un totale di tre miliardi di dollari.
Il prezzo di vendita è inferiore al 19% del valore dei titoli al 31 agosto.
MUFG investirà sei miliardi di dollari in più nell'acquisizione di titoli convertibili che offrono un rendimento garantito del 10% e un prezzo di conversione di 31,25 dollari.
Morgan Stanley ha affermato che l'operazione complessiva si baserebbe su un prezzo unitario medio di 29 dollari, ovvero il 28% superiore al prezzo attuale.
Tuttavia, le azioni di Morgan Stanley hanno perso il 6,79% a 23,07 dollari intorno alle 17:00 GMT.
"Questa alleanza strategica costituisce un'importante opportunità per accelerare la transizione di Morgan Stanley allo status di holding bank", ha dichiarato John Mack, amministratore delegato del gruppo americano.
Morgan Stanley ha adottato questo nuovo status la scorsa settimana, che dovrebbe consentirgli di diversificare le sue attività, ma deve passare attraverso l'autorità della Federal Reserve.
L'alleanza con MUFG conferma anche che l'attuale crisi finanziaria ha costretto i più grandi nomi di Wall Street ad adottare un atteggiamento molto più cauto di prima.
Le modalità presentate lunedì mostrano che l'accordo è stato modificato negli ultimi giorni: il lunedì precedente, Morgan aveva appena annunciato che avrebbe venduto fino al 20% delle sue azioni ai giapponesi per circa 8,5 miliardi di dollari.
"Una settimana fa, ha spiegato Toshihide Mizuno, direttore esecutivo della MUFG di Tokyo", pensavamo che la partecipazione sarebbe stata interamente composta da azioni ordinarie.
Ma tenuto conto dell'attuale situazione economica e del mercato, speravamo di ridurre al minimo i rischi e di proteggere le nostre spalle".
In base al prezzo medio ponderato, MUFG pagherà per i suoi titoli Morgan Stanley un valore inferiore del 7% al loro valore contabile.
La transazione comporterà una diluizione del 20% circa degli utili per azione.
L'accordo prevede che la MUFG possa convertire annualmente metà dei suoi titoli privilegiati in azioni ordinarie se questi sono negoziati oltre il 50% in più del prezzo di conversione, ovvero circa 47 dollari per un determinato periodo.
Morgan Stanley assicura che il capitale fornito dalla MUFG le consentirà di cogliere opportunità di investimento, rafforzare il suo bilancio e aumentare la sua liquidità.
Un portavoce del gruppo, tuttavia, si è rifiutato di fornire dettagli sui progetti strategici dei due nuovi alleati.
Dopo l'investimento di MUFG, Morgan Stanley prevede un tasso di capitale di primo livello di circa il 15%, uno dei migliori del settore.
Morgan ha dichiarato di aver ridotto "significativamente" il suo bilancio dalla fine di agosto.
Le ultime settimane sono state difficili per il gruppo, che ha visto la metà del prezzo delle sue azioni sciogliere mentre i costi di assicurazione contro il rischio di default sul suo debito sono saliti in alto.
Il costo è diminuito lunedì, ma è rimasto a un nuovo livello elevato, intorno al 12%.
La scorsa settimana, Goldman Sachs, l'unica grande banca di investimento sopravvissuta a Wall Street dopo la bancarotta di Bear Stearns e Lehman Brothers e l'acquisizione di Merrill Lynch, ha annunciato di aver raccolto 15 miliardi di dollari, in parte da Berkshire Hathaway, il gruppo di Warren Buffett.
Rafael Correa a Quito lunedì.
La ricostruzione intorno alla Repubblica del socialismo del ventunesimo secolo.
Questo è il progetto congiunto del venezuelano Hugo Chávez, Evo Morales della Bolivia e l'ecuadoriano Rafael Correa.
Questa domenica, come le sue controparti e amici, è la terza volta che si vota un progetto di nuova Costituzione.
Missione compiuta dal momento che il 64% degli elettori ha votato "sì" al referendum, secondo i risultati ufficiali basati sull'80% dei voti.
Sulla base di questi risultati, il "no" ha ottenuto il 28%, il 7% dei voti non validi e lo 0,7% dei voti in bianco.
Per essere approvato, il progetto di Costituzione dovrebbe ottenere la metà dei voti più uno.
Domenica, due sondaggi condotti al di fuori dei seggi elettorali e un'organizzazione non governativa avevano annunciato una grande vittoria per il "sì", tra il 63% e il 70%.
Rafael Correa aveva dichiarato durante la notte di domenica a lunedì la vittoria del suo progetto di costituzione.
"La Costituzione ha trionfato così schiacciante", ha assicurato, lodando gli ecuadoriani nella sede del governo a Guayaquil, 280 km a sud-ovest di Quito.
Naturalmente, Rafael Correa è stato congratulato da Chavez e Morales, ma anche dalla sua controparte cilena Michelle Bachelet.
Il sondaggio, condotto pacificamente sotto il controllo dell'Organizzazione degli Stati Americani (OEA), ha rilevato nel suo testo 444 punti che consolidano il "nuovo socialismo" proposto dal presidente.
Il progetto di costituzione sancisce il potere dello Stato sull'economia, riservandogli la "pianificazione dello sviluppo" di un paese che vive principalmente dall'estrazione di petrolio da parte di società straniere e dal denaro straniero che inviano ai loro emigrati.
Il progetto, sostenuto da Correa, eletto nel 2006, conferisce anche maggiori poteri al capo dello Stato, che può ricoprire fino a due mandati consecutivi di quattro anni e potrà sciogliere l'Assemblea.
Correa ha già annunciato che userebbe quel potere per cercare un nuovo mandato nel febbraio 2009.
La Costituzione consolida anche il principio di servizi sanitari e di istruzione gratuiti che il presidente ha iniziato a stabilire in questo paese di 13,9 milioni di abitanti, dove il 50% della popolazione vive sotto la soglia di povertà.
La proposta di risoluzione è stata approvata dalla Commissione e dalla Commissione, e la Commissione ha adottato una proposta di risoluzione.
I 19 ostaggi sono stati rilasciati in Ciad
Una squadra di commando egiziana ha lanciato un assalto contro i rapitori degli undici turisti e delle loro otto scorte catturate dieci giorni fa.
Sono al Cairo.
Gli undici turisti europei e le loro otto scorte egiziane tenuti prigionieri per dieci giorni nel deserto sono stati rimpatriati il lunedì pomeriggio senza ferite nella capitale egiziana.
La mattina, sono stati rilasciati da un comando egiziano in Ciad.
Apparentemente in forma, gli ostaggi sono arrivati intorno alle ore 1530 a bordo di un aereo speciale alla base militare di al-Maza, collegata all'aeroporto internazionale del Cairo.
Sono stati immediatamente trasferiti, senza poter parlare con la stampa, in elicottero all'ospedale di Maadi, un sobborgo residenziale del Cairo, per essere sottoposti a esami.
Sono in "buona salute" e "non è stato pagato alcun riscatto" ai rapitori", ha dichiarato il ministro egiziano del turismo, Zoheir Garanna, sulla pista.
Capito il 19 settembre durante un safari in un 4x4 ai piedi del monte Ouanat ai confini con Egitto, Sudan e Libia, questo gruppo di ostaggi era stato scagliato da un nascondiglio all'altro da 35 sequestratori sconosciuti.
Il gruppo è composto da 11 turisti - cinque italiani, cinque tedeschi e un rumeno - e da otto egiziani: due guide, quattro autisti, un guardia di frontiera e il direttore dell'agenzia Aegyptous, organizzatrice del safari.
Un funzionario della sicurezza egiziana ha detto che 30 membri delle forze speciali, trasportati a bordo di due elicotteri, avevano lanciato l'assalto durante la notte poco prima dell'alba.
"Ci fu uno scambio di fucili, e metà dei sequestratori fu uccisa, l'altra metà fuggì", ha detto l'ufficiale che ha chiesto di rimanere anonimo.
Ha detto che 150 membri dell'unità "risposta rapida" delle forze speciali egiziane sono stati inviati nel Sudano nel suo complesso, dove hanno ricevuto il sostegno di commando tedeschi e italiani.
Il capo del corpo diplomatico italiano a Belgrado, Franco Frattini, ha menzionato il ruolo svolto dagli agenti segreti italiani e da elementi delle forze speciali.
"Dobbiamo riconoscere che abbiamo raggiunto questo risultato grazie alla professionalità e all'efficacia dei nostri uomini dei servizi segreti, delle forze speciali", ha detto, senza ulteriori dettagli.
Ha anche rifiutato di pagare un riscatto.
Il giorno prima, l'esercito sudanese aveva affermato di aver intercettato un veicolo di pattuglia 4x4 a bordo del quale erano i rapitori, uccidendo sei, tra cui il capo ciadita, e arrestando due.
L'esercito ha affermato che erano collegati a un gruppo ribelle in Darfur, il Sudan Liberation Movement-Unity (SLA-U), cosa che questo movimento ha immediatamente negato.
Lettere - La maggioranza silenziosa della cultura
Un dibattito sul finanziamento della cultura è stato un tema di prima pagina e ha coinvolto la campagna elettorale.
- Bene, bene.
Ma un settore della nostra vita culturale rimane sempre dimenticato.
Chi si farà avanti per denunciare la miseria che si concede ai piccoli musei, archivi, siti archeologici o storici nazionali che sono affamati di fondi?
Quale politico osa ricordare al governo federale che sta trascurando i suoi monumenti e edifici patrimoniali?
Nel Quebec, in Canada, non abbiamo leggi concrete che preservino efficacemente il nostro patrimonio?
Sapete che il governo francese ha stanziato tre milioni e mezzo di euro solo per il restauro del castello di Chinon nella Valle della Loira?
I nostri vicini americani hanno scritto nella Costituzione del loro paese che la protezione del patrimonio è parte della cultura americana e che tale patrimonio deve essere protetto da tutti i cittadini, tutti gli eletti e tutti i dipartimenti governativi, e questo, in cooperazione.
In Quebec, la Federazione delle Società di Storia del Quebec, almeno 40 000 volontari raggruppati in 211 agenzie per la storia, il patrimonio, gli archivi e la genealogia si occupano di ricercare la storia, di preservare, avendo pochi fondi, pile di archivi privati e di preservare resti archeologici.
Spesso sono i guardiani del nostro patrimonio, che protestano con l'energia della disperazione quando gli sviluppatori e i costruttori lanciano i loro bulldozer contro i nostri vecchi edifici e i nostri cimiteri dimenticati.
Quando ci sarà un forum sulla storia e il patrimonio?
Fortis banca parzialmente nazionalizzata dai governi del Benelux
I tre paesi del Benelux hanno deciso di investire 11,2 miliardi di euro nella banca belga-olandese Fortis, che è il primo istituto finanziario europeo in difficoltà a causa dell'effetto della crisi dei prestiti americani.
Alla fine di questa settimana, il governo belga, il governo lussemburghese e quello olandese hanno tenuto consultazioni su questo tema al più alto livello, con il presidente della Banca centrale europea e il commissario alla concorrenza della Commissione europea.
Fortis è la prima banca dell'Eurozona colpita dalla crisi finanziaria internazionale che si avvicina in ondate negli ultimi dodici mesi, e quindi, da un certo punto di vista, le decisioni prese possono essere considerate precedenti.
Secondo la decisione presa domenica sera, ogni governo prenderà una quota del 49% delle banche Fortis nei rispettivi paesi.
La banca venderà certamente una parte delle sue partecipazioni, in particolare le attività assicurative, che ha acquistato l'anno scorso dall'olandese ABN Amro.
Le azioni di Fortis hanno iniziato a precipitare profondamente la scorsa settimana, poi nella seconda parte della settimana sono comparsi segni di una grave crisi nella società.
Gli analisti concordano sul fatto che la banca - con i suoi 85 000 dipendenti - è troppo grande per poter andare in bancarotta.
Le azioni della banca sono scese del 12% venerdì, il livello più basso da 14 anni.
Il valore delle azioni è sceso di due terzi da gennaio.
Considerando i prezzi delle azioni attuali, il valore complessivo del capitale di mercato del gruppo è di circa 14 miliardi di euro.
La direzione incolpa le incertezze all'estero - legate all'accettazione del pacchetto americano di 700 miliardi di dollari - per la caduta delle azioni di Fortis.
Le azioni hanno mostrato un leggero aumento lunedì.
Filip Dierckx è stato nominato venerdì nuovo amministratore delegato della banca.
L'istituto finanziario stava anche cercando acquirenti privati, ma finora non è stata fatta alcuna offerta sostanziale.
Il governo belga ha dichiarato in precedenza che gli investitori non avevano motivo di preoccuparsi, non avrebbero perso i loro soldi.
Non è emerso finora alcun panico tra i clienti della banca; non si è verificata alcuna corsa bancaria.
Fortis ha un proprio stabilimento bancario in Ungheria e ha anche acquistato società di leasing.
La volpe nella gallina
Le compagnie di assicurazione sulla vita e sulla salute americane spesso rifiutano di vendere assicurazioni ad alcuni cittadini, a causa dei dati relativi agli acquisti di farmaci.
Gli esperti in materia di protezione dei dati temono che il mercato dei dati diventi incontrollabile.
"Esiste un programma di protezione dei dati che richiede il consenso dell'interessato per poter utilizzare i dati relativi alle prescrizioni di farmaci.
Dovrebbe essere indipendente, altrimenti la volpe sarà alla guardia della gallina", cita il Washington Post Richard Dick, sviluppatore del programma applicabile per il monitoraggio delle prescrizioni di farmaci.
Le compagnie di assicurazione decidono la tariffa assicurativa e l'importo da pagare in caso di danni in funzione della condizione sanitaria del cliente richiedente e, se ritengono troppo rischioso, non forniscono assicurazione.
I clienti richiedenti venivano inviati per un esame medico e il contratto era concluso solo in base ai risultati dello screening.
Dick ha sviluppato un metodo molto più economico dieci anni fa: sulla base del numero di identificazione del cliente, si può facilmente individuare il tipo di farmaci acquistati dall'utente negli ultimi 18 mesi, in modo che il programma possa trarre da solo le conseguenze per quanto riguarda le malattie del richiedente e la sua condizione di salute.
Per esempio, il caso di acquistare regolarmente grandi dosi di farmaci per ridurre il colesterolo si riferisce praticamente al fatto che il cliente ha un livello di grasso nel sangue insanabilmente elevato, di conseguenza questa persona sarebbe immediatamente messa in una categoria di rischio più elevato.
Il programma ha varie versioni nel commercio, alcune di esse definiscono persino il fattore di rischio, quindi la compagnia assicurativa non ha altro da fare che la documentazione, anche se sorgono difficoltà minori.
Uno degli svantaggi è il fatto che alcuni farmaci possono essere utilizzati per diversi scopi, ad esempio alcune formule mediche sono per trattare emicrania, ondate di calore o anche depressione.
Quest'ultimo è un fattore di aumento del rischio significativo dal punto di vista degli assicuratori aziendali, mentre gli altri due non lo sono.
Ci sono aziende specifiche che si occupano di ottenere e elaborare dati e chiedono il permesso al paziente prima di acquisire le informazioni necessarie dalle farmacie.
Sono già obbligati a farlo, anche se i loro precedenti errori non sono stati penalizzati.
Alcune aziende elaborano persino i risultati degli esami di laboratorio e li collegano ai dati relativi al consumo di droga, in modo da fornire informazioni più accurate sulla condizione di salute dei pazienti.
Sempre più imprese hanno accesso ai dati e, parallelamente, il controllo del loro utilizzo diventa sempre più difficile.
Esiste una legge specifica sulla protezione dei dati sanitari, ma il suo ambito di applicazione riguarda solo i prestatori di assistenza sanitaria e le compagnie di assicurazione.
Il disegno di legge che conferisce alle autorità il potere di ispezione sulle società che si occupano di fornitura di dati è stato presentato al Congresso.
Dick Richard si rende conto che non è sufficiente: per questo ha ulteriormente sviluppato il suo programma, che ora limiterebbe il trasferimento dei dati in quanto richiede il consenso espresso dell'interessato.
È un'altra questione, tuttavia, che il richiedente non possa rifiutare il consenso, altrimenti le compagnie di assicurazione non concluderanno contratti con lui.
Quindi, in una certa misura, le galline continueranno a dipendere dalla benevolenza della volpe.
Menù marsigliese globale
Dubliamento degli scambi commerciali tra l'Unione europea e l'India
Poiché l'Unione europea e l'India sono i principali partner commerciali dell'altra, l'ordine del giorno del nono vertice è stato dominato anche da questa questione oltre ad altri problemi, principalmente globali.
Oggi si terrà anche un vertice Francia-India, in particolare sulla cooperazione nell'energia nucleare.
Sebbene l'Unione europea riconosca che l'India è una potenza democratica emergente, che dovrebbe avere più voce in capitolo negli affari internazionali, gli Stati membri non sono ancora riusciti a raggiungere un accordo sul fatto di sostenere o meno l'adesione permanente di New Delhi al Consiglio di sicurezza delle Nazioni Unite.
La questione non è stata quindi imposta durante il nono vertice, organizzato ieri a Marsiglia.
Il presidente francese Nicolas Sarkozy, presidente rotante dell'Unione, il presidente della commissione, José Manuel Barroso, e il capo della politica estera, Javier Solana, hanno accolto il primo ministro indiano Manmohan Singh e hanno convenuto di raddoppiare, ossia di aumentare a oltre 100 miliardi di euro, il flusso commerciale in 5 anni.
Poiché gli scambi di merci sono passati da 25 miliardi a 55 miliardi tra il 2000 e il 2007, questo non è un obiettivo troppo ambizioso.
Di conseguenza, sono state armonizzate legalmente le 26 convenzioni bilaterali in materia di aviazione civile con l'India, il che significa che il traffico aereo potrà essere avviato in futuro.
L'India intende firmare l'accordo di libero scambio con l'Unione entro la fine del 2009.
Sarkozy ha promesso di accelerare l'armonizzazione.
L'obiettivo è trovare il bilanciamento mentre l'India è il primo partner commerciale dell'UE, mentre Nuova Delhi ha solo il nono posto nella lista dei partner dell'UE.
Il vertice si è concentrato sulle questioni globali:
La Commissione ha inoltre adottato una risoluzione sulla situazione in Afghanistan e in Pakistan, nonché sul terrorismo, che è stato condannato in ogni sua forma da entrambe le parti e che ha invitato a convocare la conferenza delle Nazioni Unite.
Il completamento del Doha Trade Round è stato accelerato, anche se entrambe le parti sono responsabili del fiasco finora verificatosi.
L'UE ha confermato di mantenere il suo programma per l'energia e il clima, il che significa che intende ridurre le emissioni di inquinanti atmosferici di almeno il 20% entro il 2020.
L'India ha accettato questo obiettivo e ha anche deciso di raggiungere un accordo globale alla conferenza sul clima, che si terrà l'anno prossimo, e di ridurre le emissioni di gas serra del 50% entro il 2050.
Un altro obiettivo era quello di prevenire l'aumento dei prezzi alimentari e si è appoggiato l'invito a una conferenza internazionale per esaminare la crisi finanziaria.
Il Primo Ministro indiano sta andando oggi ad una riunione bilaterale nella capitale francese, dove intende giungere ad un accordo sull'uso pacifico dell'energia nucleare.
Parigi si aspetta che le società francesi ricevano contratti per la costruzione di reattori nucleari in India per un valore di 20 miliardi di euro.
Secondo le informazioni dell'agenzia di stampa, l'accordo sarebbe in vigore per 15 anni.
Oltre trecento editori italiani a Francoforte
Presenza di redattori italiani alla Fiera Internazionale del Libro di Francoforte.
Più di trecento editori italiani saranno presenti al sessantesimo anniversario della Buchmesse, la più importante manifestazione internazionale per lo scambio dei diritti d'autore.
La Fiera Internazionale del Libro di Francoforte si aspetta per questa occasione oltre sette mila espositori provenienti da 101 paesi diversi che occuperanno i suoi 171 790 metri quadrati di terreno con oltre 403 mila titoli esposti e la Turchia sarà l'ospite d'onore.
Francesco Maria Giro, sottosegretario al Ministero del Patrimonio e delle Attività Culturali, rappresenterà il governo italiano alla cerimonia di inaugurazione del Padiglione Italiano: l'Italia sarà infatti presente come istituzione con uno stand italiano di 264 metri quadrati di spazio espositivo.
Successivamente, nella Sala Struktur del padiglione 5.0 della Buchmesse, si terrà la conferenza stampa, in cui verranno presentati dati, tendenze e una panoramica dello stato dell'editoria italiana.
Secondo i dati, si registra una progressiva diminuzione dell'importanza dei libri di autori stranieri nella produzione italiana, in particolare per adulti e bambini.
Abbiamo trovato l' aereo di Steve Fossett , il milionario scomparso un anno fa .
Il relitto dell'aereo di Steve Fossett, il milionario scomparso il 3 settembre 2007 mentre sorvolava il deserto del Nevada, è stato ritrovato.
I relitti sono stati trovati su un altopiano a 3000 metri di altitudine, nella zona di Sierra Nevada dei Mammoth Lakes, al confine tra California e Nevada.
All'interno dell'aereo, però, non c'erano resti umani.
Lo sceriffo della contea di Madera, John Anderson, ha dissipato tutti i dubbi: "L'aereo è stato localizzato, abbiamo inviato una squadra, e ora abbiamo conferma che è quello su cui Steve Follett stava volando il giorno in cui è scomparso", ha detto in una conferenza stampa.
In seguito, lo sceriffo ha sottolineato che non sono stati trovati resti umani né sull'aereo, né nelle zone circostanti.
Il milionario, 63 anni, è stato dato per morto a febbraio.
L'American National Transportation Safety Bureau (NTSB) ha riferito che alcune ore dopo il relitto è stata spuntata una squadra di indagine, che ha identificato l'aereo: è il Bellanca 8KCAB, che è scomparso dal 3 settembre 2007, quando Fossett decollò da Yerington in Nevada per un volo di tre ore.
Ieri, sempre in California, non lontano dal confine con il Nevada, alcune cose personali di Fossett sono state trovate da una coppia vicino alla loro casa a Mammoth Lakes.
Gli articoli sono due documenti a nome di Fossett, entrambi emessi dall'amministrazione federale dell'aviazione dell'Illinois, un po' di contanti e una maglietta.
La ricerca di Fossett e' stata sospesa un mese dopo la sua scomparsa.
Il milionario si era guadagnato un posto nella storia grazie a una serie di record mondiali.
Nel 2002, al suo sesto tentativo, divenne il primo uomo a completare il giro del mondo in un palloncino: un volo da solo di due settimane.
Tre anni dopo fece il giro del mondo in aereo senza atterrare.
Tra i suoi numerosi record, c'è anche il volo a 15.445 metri, sopra le Ande, ma con un co-pilota.
Glk, la pubblicità che non ti aspetta
Un SUV che non è conforme alle norme, con un design originale definito da linee decisive, ampie superfici e curve pulite.
In breve, si tratta del GLK, l'ultima aggiunta ai veicoli fuoristrada "compatti" del produttore stellato, con cui Mercedes-Benz ha cercato di far entrare un fiato d'aria fresca in questo settore.
Proprio perché le sue caratteristiche sono fuori dalle norme tradizionali, il messaggio che accompagna il lancio del SUV GLK sarà anche inaspettato e non convenzionale, sarà disponibile negli showroom Mercedes-Benz dal prossimo 17 ottobre.
La campagna pubblicitaria che accompagnerà il debutto del nuovo veicolo darà vita a un nuovo metodo di comunicazione che include anche una campagna futuristica di cartelloni pubblicitari 3D, utilizzati per la prima volta in Italia da un marchio automobilistico.
Un progetto di grandi cartelloni pubblicitari, avviato in tre fasi diverse, che dominerà la più centrale strada commerciale milanese, Corso Como, fino al 15 novembre.
La prima fase di questo nuovo tipo di comunicazione inizierà con una presentazione della vettura in visione stereoscopica e grazie a speciali occhiali distribuiti nel quartiere di Corso Como sarà possibile vedere il nuovo SUV in dimensioni reali e in formato 3D.
Infatti, guardando l'immagine si avrà la sensazione che l'auto spunta fuori dal poster.
Successivamente, grazie all'utilizzo dell'innovativa tecnologia Elumina 8, tutti i dettagli del nuovo GLK saranno illuminati in vari momenti e poi ricomposti come un'unica immagine.
Senza dubbio, Mercedes, con questo annuncio, sta cercando di introdurre qualcosa di nuovo nel campo convenzionale della pubblicità automobilistica.
Infine, vorrei chiedere se la Commissione, in quanto membro del Consiglio, è disposta a prendere una decisione in merito alla proposta di direttiva.
Ecco chi sono i teppisti italiani
Il Tribunale ha deciso di non applicare la legge del 30 giugno 1990 che vieta l'esclusione di un membro della famiglia di un membro della famiglia di un membro della famiglia di un membro della famiglia di un membro della famiglia di un membro della famiglia di un membro della famiglia di un membro della famiglia di un membro della famiglia di un membro della famiglia di un membro della famiglia di un membro della famiglia di un membro della famiglia di un membro della famiglia di un membro della famiglia di un membro della famiglia di un membro della famiglia di un membro della famiglia di un membro della famiglia di un membro della famiglia di un membro della famiglia di un membro della famiglia di un membro della famiglia di un membro della famiglia di un membro della famiglia di un membro della famiglia di un membro della famiglia di un membro della famiglia di un membro della famiglia di un membro della famiglia di un membro della famiglia di un membro della famiglia di un membro della famiglia di un membro della famiglia di un membro della famiglia di un membro della famiglia di un membro della famiglia di un membro della famiglia di un membro della famiglia di un membro della famiglia di un membro della famiglia di un membro della famiglia di un membro della famiglia di un membro della famiglia di un membro della famiglia di un membro della famiglia di un membro della famiglia.
Ma chi sono quelle 150-200 persone di cui l'Italia si vergogna oggi?
Non ha mai avuto problemi con i fan avversari.
L'estrazione del gruppo è a destra.
I promotori sono di Tri-Veneto.
Da Verona, Padova, Trieste e Udine.
A questi si sono uniti alcuni piccoli gruppi (in realtà, molto pochi) provenienti dalla Campagna e dalla Puglia.
Hanno bandiere tricolori con la città di origine dei militanti: sabato, queste sono state tolte in modo che non potessero essere identificate.
Prendono le loro idee dai tifosi inglesi.
In Bulgaria trovarono dei sostenitori che erano veri nazisti, il gruppo Levski.
La FIGC aveva messo a disposizione dei tifosi italiani 144 biglietti per la partita: tutti personali, quindi facilmente verificabili.
E il Ministero dell'Interno di Viminale aveva effettivamente controllato tutti: tra quei gruppi che andavano a Sofia nessuno era stato vietato, nessuno era stato vietato di frequentare uno stadio.
Quattro tifosi italiani, che avevano precedenti reati legati allo stadio, avevano infatti rifiutato i biglietti e non potevano andare.
Ora il Ministero dell'Interno sta aspettando di poter leggere i documenti ufficiali, che dovrebbero arrivare dalla polizia bulgara prima di intervenire: in questo caso è possibile bandire per cinque anni almeno i sostenitori che sono stati arrestati o quelli che sono stati identificati durante i disordini.
Un bando internazionale che vieta la presenza non solo negli stadi italiani, ma in tutta Europa.
I nostri hooligans, in breve, non sarebbero entrati in un altro stadio.
- Per fortuna.
Ma ora c'è la paura dell'emulazione: cioè che altri si uniscano a poco più di centocinquanta.
"Dobbiamo immediatamente spegnere questo conflagramento e non legittimare coloro che si comportano in questo modo", affermano quelli del Ministero a Viminale.
Quindi, "occhi ben aperti, soprattutto perché c'è la nazionale che gioca mercoledì a Lecce".
In Puglia esiste infatti un piccolo nucleo di sostenitori di Ultras Italia.
Domani si riunisce l'Osservatorio, martedì il CASMS che può contare su una sezione dell'AISE, cioè il servizio segreto, che si occupa esattamente dei problemi negli stadi.
"Il coro Duce-Duce e il braccio allungato durante l'inno Mameli?
Sono questi i pensieri (espressi con grande delusione) di Domenico Mazzilli, che da poche settimane è direttore dell'Osservatorio del Viminale (è arrivato al posto che inizialmente ricopriva Francesco Tagliente e poi Felice Ferlizzi).
Mazzilli era stato in precedenza capo dell'amministrazione della polizia di Trieste, dove esiste un nucleo di sostenitori di Ultras Italia, fondato nel 2002.
Mazzilli dice che in Bulgaria non è un crimine cantare inni al Duce, ma il comportamento di quei 150-200 tifosi è stato certamente vergognoso.
"Non sono sociologo - aggiunge il numero 1 dell'Osservatorio - il reato dovrebbe essere imputato nel paese in cui si verifica l'incidente.
Finora questo gruppo è rimasto all'interno delle linee, ora vedremo cosa è realmente successo e lo valuteremo per un riferimento futuro.
Ma parliamo anche del fischietto all'inno di Mameli: non è un crimine in Bulgaria, ma, se mi è permesso dirlo, non è buona educazione ... ".
