Vítězství pravicových populistů v Rakousku: celkem 29%
Zpozorovatelné oslabení obou stran v velké koalici a výrazné posílení pravicových populistických stran vedlo podle prvních předběžných výsledků k předčasným parlamentním volbám v Rakousku v neděli.
Většinou se jedná o politické záležitosti, které jsou v rámci politického procesu zcela zcela zcela zcela zcela zcela zcela zcela zcela zcela zcela zcela zcela zcela zcela zcela zcela zcela zcela zcela zcela zcela zcela zcela zcela zcela zcela zcela zcela zcela zcela zcela zcela zcela zcela zcela zcela zcela zcela zcela zcela zcela zcela zcela zcela zcela zcela zcela zcela zcela zcela zcela zcela zcela zcela zcela zcela zcela zcela zcela zcela zcela zcela zcela zcela zcela zcela zcela zcela zcela zcela zcela zcela zcela zcela zcela zcela zcela zcela zcela zcela zcela zcela zcela zcela zcela zcela zcela zcela zcela zcela zcela zcela zcela zcela zcela zcela zcela zcela zcela zcela zcela zcela zcela zcela zcela zcela zcela zcela zcela zcela zcela zcela zcela zcela zcela zcela zcela zcela zcela zcela zcela zcela zcela zcela zcela zcela zcela zcela zcela zcela zcela zcela zcela zcela zcela zcela zcela zcela zcela zcela zcela zcela zcela zcela zcela zcela zcela zcela zcela zcela zcela.
Naopak volební vůdce Unie pro budoucnost Rakouska (BZÖ), Jörg Haider, místní předseda Kärnten, připravuje triumfační návrat do národní politiky.
Podle předběžných výsledků je nejsilnější stranou v zemi sociální demokracie (SPÖ) s 29,8% hlasů, ale ve srovnání s posledními volbami v roce 2006 ztrácí 5,5%.
Ještě horší je to pro ÖVP, který s 25,6% ztrácí téměř 9% hlasů.
To jsou nejhorší výsledky těchto dvou velkých stran v rakouské poválečné historii a především doslova katastrofický výsledek lidových stran, které vyvolalo předčasné volby.
Ještě na začátku července, kdy ÖVP opustila koalici, měli lidové v preferencích před SPÖ značnou výhodu.
Ale voliči je očividně potrestal, protože zkazili vládu.
Už v prvních reakcích na výsledky byly spekulace o možném odstoupení předsedy strany, vicevčele Wilhelma Montereera.
Pozorovatelé se domnívají, že by to mohlo nastat už v pondělí během mimořádného shromáždění vedení strany.
Tento vývoj by možná měl usnadnit cestu k stále pravděpodobnějšímu výstupu z volebního výsledku, tedy k obnově koalice SPÖ a ÖVP .
O posílení obou pravicových populistických stran - liberálové (FPÖ) získali předem 18% a BZÖ 11% hlasů - ale sociální demokraté zároveň odhalili obavy z dalšího roku 1999, kdy se populisté dohodli s lidmi na kolektivní vládě (FPÖ bylo tehdy ještě jednotné, v roce 2005 se oddělilo od BZÖ), což bylo dokonce důvodem sankcí ze strany Evropské unie.
Na tomto vývoji zjevně hraje Haider, který již prohlásil, že je připraven spolupracovat s jakoukoli stranou a předpokládá návrat do Vídně v národní politice.
Do parlamentu se dostala i Strana zelených, která se ale mírně snížila, přičemž mezi rakouskými politickými stranami klesla z třetího na páté místo.
Žádná jiná strana zjevně nepřekročila hranici 4% a nepřišla do parlamentu.
Schwarzenberg: Vztah s Indií se může ochladit
Pokud se nedojde k řešení problému s českými vědci, kteří byli obviněni z nelegálního sběru škarabejí v Indii, podle českého ministra zahraničí Karla Schwarzenberga by došlo k určitému ochlazení česko-indických vztahů.
Ministr to zmínil v New Yorku po setkání s indickým protějškem Pranab Mukherjee.
"Pokud se to nevyřeší, pak se jistě něco zchladne", konstatoval po schůzi, která se konala na české iniciativě.
Mukherjee po jednáních řekl, že výkonná moc se nemůže do právních záležitostí vměšovat.
Nicméně uvedl, že v případě Petra Šváchu, který byl zpronevěřen a potrestán pokutou, může centrální vláda vyjednávat s místním v Dardjeeling, což je v její jurisdikci.
"Vaš problém by mohl být vyřešen", řekl ministr.
Podle Mukherjeeho by bylo lepší, kdyby Emil Kučera, odsouzený k tříletému vězení, šel na vyšší místo.
Pak může požádat o propuštění na kauci a počkat na rozsudek na svobodě.
Schwarzenberg potvrdil, že jeho partner se vyjadřoval stejným způsobem během jednání.
"Poručujeme odvolání k Nejvyššímu soudu, pak bude možné získat milost", řekl šéf české diplomacie.
Jediný způsob, jak se do toho může zapojit Česká strana, je poskytnout odsouzeným "schopnou právní podporu", tvrdil indický ministr.
Současně řekl, že podobná podpora již byla poskytována indickou stranou.
"Jsme nejvíce zainteresováni v udržení dobrých vztahů, které jsme s Indií po mnoho let navázali.
To přiznávají i Indové", řekl Schwarzenberg.
Zároveň, jak řekl ČTK, před svým partnerem zdůraznil, že Česká republika dává velkou důležitost problému českých entomologů.
"Zajímáme se o to, že je to opravdu hluboká chyba, že jsou tito české vědci uvězněni a obviněni", prohlásil.
Minister se vyhýbal otázce, zda získal od indické strany slib, že se o to postará.
"Dostal jsem relativně mnoho slibů", jen konstatoval.
Český soudce v bitvě o mořské dno
Přibližuje se elektronické mapě na zdi, na které je nakresleno Austrálie a přilehlé mořské oblasti.
Ale nezajímá ho kontinent, ale malá místa ztracená v modrém oceánu.
"Ostrov patří Austrálii a spolu s ním i okolní mořské dno.
Tato oblast je stejně velká jako kontinent sám, říká italský právník Luigi Santosuosso, který je součástí 33 pracovníků OSN pro otázky oceánů a námořní práva.
Jeho šéf, český právník, ředitel divize Václav Mikulka, sleduje jeho výpověď a občas něco dodává.
Ovládá to touhu pracovat a nadšení.
Mořské dno stále skrývá málo známý svět bohatý na přírodní zdroje.
Můžete najít ropu, kovové nerosty a další minerály, ale také živé organismy, které dosud nebyly známy, které mají klíč k objevu léků proti rakovině.
Největší dno na pevnině
Pobřežní státy se začaly zajímat o podmořské území.
Podle OSN, tedy využívají zákonů, které se dohodly v roce 1982 v Montego Bay na Jamajce.
Jedná se především o oblast tzv. kontinentální plochy, která se často táhne několik set kilometrů od pobřeží daného státu.
Podle úmluvy má výhradní právo na všechny zdroje na kontinentální ploše.
"Slovem kontinentální plocha se rozumí část mořského dna a jeho podloží, které je přirozeným prodloužením kontinentu pod mořem.
Takzvaná výlučná ekonomická zóna se rozkládá za územní moře, často přes 200 námořních mil", vysvětluje Mikulka.
Žádost, kterou země předkládá Komisi pro stanovení rozměru kontinentální plochy, musí být doplněna o velmi rozsáhlou technicko-vědeckou dokumentaci založenou na mnoha nákladných průzkumech a měření.
Je to výsledek mnoha let příprav.
"Jedním z našich úkolů je poskytovat komisi právní a technickou pomoc.
Komise se dotýkala 5 žádostí, které pocházejí z Ruska, Brazílie, Austrálie, Irska a Nového Zélandu.
Jen poslední tři nominace byly úspěšné", dodává Mikulka.
Nedávný úspěch Austrálie, která výrazně rozšířila své námořní majetky, se odráží po celém světě.
Ale i Nový Zéland na to přišel - plocha mořského dna, která mu byla předložena komisí minulý týden, je asi 1,6 km2, tedy zhruba šestkrát větší než samotný stát.
Obě země investovaly do výzkumu miliony dolarů.
Zisk, který jim budouce zásoby z mořského dna přinášejí, bude, jak se slibují, neocenitelný.
Další státy budou postupně předkládat své požadavky.
Mohou tak dělat po dobu deseti let od ratifikace "Montego Bay Convention".
Tam, kde končí kontinentální plocha, začíná oblast oceánského dna, kterou úmluva prohlásila za společný světový dědictví".
Žádný stát nemá tu exkluzivní postavení.
Právo na těžbu v této oblasti je uděleno touto mezinárodní institucí stanovenou v této úmluvě.
"Ale mořský dno není Klondike", říká exageruje ředitel Mikulka, "jehož jednotlivé části jsou právně vymezeny a jejich režim je stanoven smluvně".
České námořnictvo v Pacifiku
Část mořského dna dnes patří také České republice.
Sdílí ji s dalšími státy bývalého sovětského bloku v rámci společné organizace "Interoceanmetal".
V roce 1991 získala tato společnost, stejně jako investoři z několika dalších států, status tzv. "pionierského investora" podle úmluvy.
Má právo na těžbu v oblasti Clarion Clipperton v Pacifiku mezi Mexikem, Havajskými ostrovy a Kiribati.
Oblast, kterou investor prozkoumal, je o něco větší než bývalá Československo.
Dno je rozbité, je to skoro podmořská replika Tatry.
"Může se těžit na celkové ploše 75 000 čtverečních kilometrů.
Tato oblast je bohatá na polymetaly obsahující nikl, měď, kobalt a mangan", vysvětluje indický právník Pakshi Rajan.
Dělník z Makedonské divize Rober Sandev přináší s sebou náležející artefakt, který je třeba ukázat.
Vypadá to jako malý brambor nebo trochu fantazijní, legendární schéma, jako v legendě o probuzení Golema.
Německé speciální jednotky byly přítomny při osvobození rukojmí.
Egyptská vláda požádala Německo o pomoc při osvobození rukojmí. Odborníci se pak dostali.
Když se situace stala kritickou, speciální jednotky byly připraveny, ale neintervolují.
O okolnostech propuštění 11 evropských rukojmí, které byly uneseny, nám přichází stále více podrobných informací.
V záchranné operaci, jak uvádí ministerstvo obrany a ministerstvo vnitra, se podílely německé speciální jednotky.
Kromě specialistů z armády na místě byli jednotky GSG9, federální letecká policie, federální trestní úřad a logističtí odborníci z technické instituce.
Jak oznámil mluvčí ministerstva v pondělí večer, německé jednotky nepřišly, protože únosci, vzhledem k nebezpečí násilného zásahu, propustili rukojmí a utekli.
Egyptská vláda přijala pomoc, kterou jim nabídli Němci, aby se spojili jako pomoc přímo na místě.
"Nebylo to štěstí", říká mluvčí ministerstva vnitra.
Útočníci unesli 19. září v jižním Egyptě skupinu cestujících: 5 Němců, 5 Italů, jednu Rumunsku a 8 jejich egyptských doprovodů.
Po únosu v pustině v jižním Egyptě byli rukojmí deportováni do oblasti na hranici mezi Egyptem, Libyi, Súdánem a Chadem.
Identita únosců zůstala tajná až do konce, stejně jako podrobnosti o jejich propuštění nebo možných výkupních platbách.
Mezitím se osvobození dostali do Káhiry v dobrém stavu.
Steinmeier řekl, že osvobození rukojmí jsou pod ochranou německé ambasády.
Neřekl nám o detailech propuštění.
V Berlíně nebyly žádné informace o tom, kdy se vrátí do Německa.
Podle listu Bild, 5 turistů a speciální jednotky by měly odletět vojenským Airbusem a dorazit v úterý do Německa.
Americký sněmovna odmítla balíček na záchranu.
První komora amerického Kongresu právě zrušila balíček na záchranu finančních trhů ve výši 700 miliard dolarů.
Dow Jones klesl.
S 206 hlasy proti 227 americký Sněmovna reprezentantů odmítla vládní záchranný balíček pro finanční trhy.
Navzdory výzvám amerického prezidenta George W. Busha a předních politiků z obou stran nebyl k dispozici žádný hlas pro program, který by měl zastavit chaos na finančních trzích.
V dramatickém akci se jeho stoupenci zoufale snažili přesvědčit kritiky o závažném balíčku 700 miliard dolarů.
Barney Frank, jeden z vedoucích osob, který vedl jednání, přiměl poslance k souhlasu, i když plán byl nepopulární.
È difficile avere riconoscenza per evitare qualcosa, che non è ancora arrivata..
Během voleb padl Dow Jones o více než 6 procent, nebo o 600 bodů.
Důvodem investorů byl strach, že státní záchranný balíček by mohl selhat.
Zlepšila se před koncem hlasování a pak, po oznámení bankrotu, zase zhroutila.
Odborníci nyní očekávají další vážné turbulence na mezinárodních finančních trzích.
Aby program mohl vstoupit v platnost, musí mít souhlas jak s komorou, tak s senátem.
Provozovatelé zaznamenávají rostoucí počet rezervací
Vypadá to, že to bude dobrá zima pro německé turisty.
Podle jedné studie se výnosy z rezervací cest v příštích měsících v porovnání s předchozím rokem výrazně zvýšily - v zimním období dokonce o více než 30%.
Přestože je situace slabá, je podle průzkumu v Německu stále silná touha cestovat.
V zimním období se cestovní kanceláře zvýšily o 31% oproti předchozímu roku, uvedl v pondělí v Berlíně německý sdružení pro cestovní ruch DRV.
Podle průzkumu market research institute GfK jsou rezervační kvóty zvýšeny i pro podzimní měsíce.
Přebytek cestovních kanceláří v říjnu v porovnání s rokem 2007 by tedy činil přibližně 11%, uvedla DRV.
Předpokladem pro tyto výsledky jsou údaje GfK, který měsíčně analyzuje údaje o rezervacích 1200 německých cestovních kanceláří a vypracovává statistické projekce pro celý trh.
Do této části by se rovněž měly zahrnout cestovní rezervace provedené do konce srpna 2008.
Vzhledem k slabé ceně dolaru je obzvláště požadováno cestování do USA, uvádí DRV.
Tady by se zvýšilo rezervace o asi třetinu.
Další oblíbenými destinacemi pro Němce by byly Španělsko, Turecko, Řecko a také místa uvnitř Německa.
Především cestovní ruch s celkovým obsahem je vysoce ceněný, vysvětlil prezident DRV Klaus Laepple.
Vzhledem k rostoucím nákladům na energii a potraviny by tyto náklady byly "lepším způsobem vypočítány pro zákazníky než pro individuálně organizovanou dovolenou".
Spotřebitelé by mohli ušetřit peníze, mimo jiné díky slevám na předčasné rezervace nebo nabídkám s vším, jak vysvětlil Laepple.
I v letních měsících se zaznamenaly dobré počty rezervací, takže opět došlo k přebytku tržeb oproti předchozímu roku - i když podle dalšího průzkumu počet Němců, kteří se rozhodli pro cestu, klesl oproti předchozímu roku.
Můj první den na Oktoberfestu
Ballermannovy hity, pivo z jednoho litru a VIP v škrábnutých Dirndlnech.
Debut ve Wiesn
Susanne Kronzuckerová a já vlastně nemáme moc společného.
Je blondýna, moderátorka a nosí speciální Dirndl.
Mám tmavé vlasy, jsem studentka a můj šat je z druhé ruky.
Ale máme jedno společné: za pouhé 3 minuty ve Wiesn se na nás fotografové vrhají a fotají, dokud nezaplní paměť fotoaparátů. To je velmi laskavé, a to při mé první návštěvě Wiesn.
Tak se stává kamarádka.
Ten levný Dirndl se zdá být na místě.
Jako turistka z Wiesn a skutečně obyvatelka severně od ekvátora bílého salámku, je smysl pro pohodlí v kostýmu/oblékání dodnes stále v mezích.
A když jsme přišli na Theresienwiese, nebylo to nic vážného.
Téměř všichni nosí Dirndl nebo kožené kalhoty; nikdo nevypadá znechuceně nebo trapně  vše naprosto normálně.
Jenom můj Dirndl má divný pohled na čokoládový banán.
Jedna jeptiška mi řekla, že jsem si na plášť nevzal správně. "Vlevo jsi svobodná, uprostřed jsi panna, vpravo jsi zasnoubená, za vdovou".
Najednou si to upravuju od zad doleva.
Dobře", říká a směje se.
Jiní méně plýtvají jemnými flirtovacími technikami a nosí střízlivé, ztuhlé, plátněné klobouky s nápisem "To drunk to get dressed!" a natáčí svůj nahý zadek na někoho, koho nepozvali.
Ten kluk s výstavními sklony se jmenuje Bob, pochází z Anglie a také poprvé navštívil Oktoberfest.
Považuje ho za "krásný", s nápisem "ooooo".
To mi říká, když se zbavil své šálky piva z litru vypil dříve.
Přímo vedle jednoho z těch žárovek, který si všichni myslí, že je to odpadkový skládek.
Bob je jeden z těch divokých "Wildbieslerů".
Jiní nemají to štěstí, že se tak zbaví alkoholu.
V osm hodin večer se po festivalu po celém náměstí pohybují sanitáři, kteří se musí starat o chudé lidi.
Postupně se objevují sestry, které přivádějí podél stánku jednu prádlo s krytým stánkem.
To funguje jako u většiny návštěvníků Wiesn: vyrazíte prázdní, vrátíte se plní.
Kdo leží pod plátnem v tomto rakvi, je v krvi, nevidíte.
"Des sind die, wos goarnimmer packn", křičí jeden z sanitářů a zmizí do šlamasty.
Oběť nehody identifikovaná policií
63letá žena, která zemřela v nemocnici poté, co ji zasahlo auto, když šla po Essex, byla identifikována.
Carole Paulsonová z Chelmsford Road v Brentwoodu byla zapletena ve střetu ve Shenfield Road ve městě.
Byla převezena do královské nemocnice v Romfordu, ale krátce nato zemřela.
Po nehodě byl 51letý muž zatčen na základě neohleduplného řízení.
Byl propuštěn na kauci.
Turecko rozšiřuje diplomatické horizonty
Dlouho předtím, než se Turecko pokusilo vstoupit do Evropské unie, se evropské mocnosti snažily proniknout hluboko do tureckého vnitrozemí.
Na východní straně Bosporu, asi 20 stop do Asie, leží jeden z nejkrásnějších relikvií této zklamané císařské ambice.
Hydarpasha vlaková stanice byla navržena německými architekty Otto Ritterem a Helmutem Conuem v neorenaciovém stylu.
To vám alespoň říkají turističtí průvodci.
Budova stojí na konci platformy s věží na každém rohu, která se dívá na svět jako německé provinciální města.
Kamenný je špinavý.
Celé budovy mírně zhoubné.
Ale jakmile se v kanceláři lístky ze stropu k sklepu, není pochyb o velikosti podnikání z toho, co bylo nejzápadnější průchod.
Stanice byla otevřena v srpnu 1908 německým konsorciem Anatolia-Baghdad Corporation.
Německo, které se brzdilo s imperiální hrou, chtělo uskutečnit své ambice ovládat Střední východ pomocí této železnice, která vedla do Damašku, Bagdádu a dále do dnešní Saúdské Arábie.
Ale cíle Německa se během první světové války zhroutily.
Jeho železnice byly napadeny Lawrenceem z Arábie a jeho neregulárními Araby.
Jejich izolace od okolního regionu, vytvořená ledovými hranicemi studené války, je již nadále
Britské a dominanční síly vystupovaly z Egypta a vytlačily Turky a jejich německé spojence z Palestiny a Sýrie.
A byly tam i špatné zprávy pro stanici Hyderpasha.
V roce 1917 vybuchl střelný vlak, který zničil její důmyslný střech.
Turecké zdroje tvrdí, že to byla sabotáž.
Od té doby pomalu upadl, a byl již zcela opomíjen historií.
Ale dnes je tento železniční průjezd do Anatolie a všechny východní body - přinejmenším symbolickě - důkazem stále většího diplomatického horizontu Turecka.
Vládnoucí strana spravedlnosti a rozvoje - AKP - vytvořila pro zemi úplně novou zahraniční politiku.
Související izolace od okolních regionů, vytvořená ledovými hranicemi studené války, je pryč.
Nyní je tu nová politika angažovanosti.
Zajímavé je, že turecká vláda má dobré vztahy s Izraelem a Sýrií, s palestinskými frakcemi Hamas a Fatah, s Irákem a Íránem a samozřejmě s Evropskou unií a Spojenými státy.
Abych odhadl parametry této nové zahraniční politiky, nastoupil jsem do pohovkové vagony do tureckého hlavního města Ankary, abych navštívil jednoho z hlavních odborníků na zahraniční politiku AKP, tureckého poslance Suata Kiniklioglu.
Další ráno - asi deset a půl hodiny později - po závodě po tratich, které produkovaly starověké podoby z slavného dokumentárního filmu The Night Mail, jsem dorazil do tureckého hlavního města - navrženého jako nové město pro stoletý stát, který se chystá otočit záda k své osmanské minulosti.
AKP se svými známými islámskými kořeny však představuje příkladný posun do tureckého konsenzu.
Vypovídal některé podezření na Západě, zejména ve Washingtonu.
Taxi mě odveze do ústředí AKP, ultramoderní stavby z kamene a oceli - postavené speciálně - v rozvojovém předměstí, obklopené středně postavenými obchodními centry a mocnými cukrovnami, kde se manažerové v obchodních komplexech - muži i ženy - scházejí, aby si ráno uzavřeli smlouvy.
Suat Kiniklioglu by mohl být středověkej politik z téměř každé jiné evropské politické strany.
Plný, kravata, určitě měl i Blackberry.
"Cílem strany zahraniční politiky je teď znovu začlenit Turecko do jeho nejbližších sousedů.
Studená válka byla anomálie", říká.
Turecko bylo odříznuto od jeho vnitrozemí.
Dneska musí dívat na východ i západ současně.
Nešlo o to, zda to bylo jedno nebo druhé.
Musí to být obojí.
"Ale jistě, že v určitém okamžiku", ptám se, "Turecko bude muset rozhodnout?"
"Turecko", říká, "nechce, aby se s tím vybírali".
Pak zdůrazňuje bod, který si téměř všichni, s nimiž jsem mluvil, zapamatovali: Spojení nejen s Blízkým východem, ale i s Kavkazem a kolem Černého moře je pro Evropu a USA stejně výhodné jako pro Turecko.
S Tureckem na palubě, zdá se, že poselství je, že celá Evropa může metaforicky jet po těch železničních tratích na východ přes Asii a do Středního východu.
Zpátky na stanici Hydarpasha, po další prázdné noci, myslím na ty dva německé pány, pana Rittera a pana Conua, kteří se dívali na tuto stavbu postavenou před 100 lety.
Jak by byli překvapeni, že evropské ambice pro Střední východ mohou být nyní do značné míry v rukou Turecka.
A zatímco čekám na terminál na trajekt, který mě vezme zpět přes Bosporus, vzpomínám si, že v té době bylo Turecko vždy nazýváno "chorobným mužem Evropy".
Pak se zdálo, že není pochyb o tom, který kontinent má nárok na tuto fascinující zemi.
Památné životy Vernona Handleyho a Williama Woodruffa
Mark Brown píše: jako hudební ředitel Guildfordu od roku 1962, Vernon "Tod" Handley (obrolia, 11. září) měl v úřadu Guildford Philharmonic Orchestra a sbor.
Jako člen své hudební schémy pro město, založil následující rok svůj úžasný mládežnický sbor, Proteus.
Měli jsme být mladší 21 let, ale když Proteus v roce 1979 zpíval svůj finál, bylo nám víc než dvacet - prostě jsme odmítli vzdát se sboru.
Jméno "Proteus" (mitologický bytost-movabil) představovalo dobrou vůli sboru a schopnost zvládnout vše, co hudba nabízela, ať už madrigaly nebo Messiaen, bez doprovodu nebo s celým orchestrem.
Hudobní všestrannost, kterou tak mladý sbor produkoval, byla často ohromující, vždy vzrušující, a to vše díky inspiraci tohoto muže a jeho nadšení pro hudbu, které zůstalo naprosto konstantní po celá léta.
Jak často nám Tod říkal, ať hudba mluví sama za sebe.
Řekl: "Kompositér ví, co chce.
Je to všechno tam, v hudbě.
Tak jí zpívej!"
Jeho technika použití hůlky byla naprosto jasná a přesná, ačkoli nikdy ne diktátorská ani květinová.
Ať už byl jakýkoliv standard, stále ho zvyšoval.
John Frayn Turner píše:
Kdyby se někdo stal rytířem, byl by to Vernon Handley.
Znal jsem ho velmi dobře během dvou desetiletí, kdy vedl Guildford Philharmonic od roku 1962 do roku 1982.
Za posledních 40 let jsem prozkoumal více než 100 jeho koncertů a mohu upřímně říci, že jsem se nikdy neshodl s žádným z nich - a mnohokrát jsem byl inspirován.
Tod Handley měl vzácnou kombinaci osobní velikosti a skromnosti.
Nenáviděl dirigenty, kteří, jak řekl, prostě "jezdí po světě na jednom nebo dvou známých bojových koních".
Tolik z nás ho bude chybět.
William Woodruff
Profesor John Beckett píše:
Váš nekrolog Williama Woodruffa (9.25) uvádí, že "v roce 1946 se vrátil do studií ekonomické historie v Oxfordu a v roce 1950 se stal výzkumníkem v Houblon-Norman... a zároveň studoval na titul v oboru vědy, literatury a PhD".
To vyplývá z poznámky autora Woodruffa v Beyond Nab End, ale není správná.
V letech 1946 až 1953 byl univerzitním lektorem ekonomické historie na univerzitě v Nottinghamu. V té době dokončil doktorskou práci o britském gumovém průmyslu, kterou dohlížel profesor J. D. Chambers a později publikoval v roce 1958 jako The British Rubber Industry.
V letech 1950-51 strávil v USA jako výzkumník v Houblon-Norman a léto 1952 na univerzitách v Illinois, Harvardu a New Yorku.
V roce 1953 odešel z Nottinghamu na trvalé pobyt do Illinois.
Proč Woodruff se rozhodl tuto část své kariéry zpracovat, to není známo.
J. Vincent Resino na Filologické fakultě
"Reklamuji výstavu José Vicente Resina "Flamenco y vida", protože jeho fotografie v černém a bílém, ve stylu dokumentárního filmu, jsou mimořádné.
Přitahovaly mě jejich jednoduchost a síla, která je přenáší, a zároveň se k hlavním postavám chovají s výjimečným respektem.
Výstava, která přenáší hodně citů.
Resino dokáže zachytit kouzelné okamžiky".
Druhý nálet na prodej Honda
V listopadu Honda zahájí prodej druhé generace modelu Jazz.
Pokud předchozí model byl již vybaven velkou ubytovací kapacitou, tento nový monovolumen má ještě větší vnitřní prostor.
Navíc je třeba vylepšit mechaniku, která zvyšuje pohodlí jízdy a šetří palivo.
Evolucie proti revoluci.
Tohle je druhá generace Hondy Jazz.
Ačkoli nový Jazz má velmi podobnou linii k předchozímu modelu, změny v tomto modelu jsou početné.
Mezi další věci, které stojí za zmínku, patří inovativní design, nová platforma, větší rozměry a nová mechanika.
Před přechodem k analýze nového modelu je však třeba poznamenat, že nový Jazz přichází šest let po vstupu první generace na trh.
První pozorování je tedy to, že Honda tuto formu obnovila v kratším čase než ty, které používají ostatní výrobci.
I když je model Jazz v Evropě méně známý než na jiných trzích, zůstává unikátním fenoménem v prodeji.
Přesně tak je to v Japonsku, kde byl Jazz nejprodávanějším autem v roce 2002 a také v roce 2008.
V Japonsku se od jeho uvedení prodalo téměř milion kusů.
Druhým trhem byl starý kontinent, který za šest let prodal asi půl milionu kusů.
Přesto Honda věří, že nový Jazz zvýší prodej v segmentu.
Pokud tedy japonská společnost v roce 2007 prodávala celkem 83 000 vozů tohoto modelu, v roce 2009 se odhaduje na 100 000 vozů, což znamená nárůst prodeje o 17% na evropském trhu.
Pokud jde o španělský trh, Honda od roku 2002 prodávala celkem 8 000 vozů Jazz, což odpovídá 6,7% celkového prodeje Hondy ve Španělsku.
Pokud jde o novou generaci, představitelé španělské pobočky očekávají, že prodat kolem 2000 kusů Jazz během roku.
Příchod nového Jazz umožní Hondě značně snížit pokles prodeje ve Španělsku.
V podstatě se předpokládá, že do konce roku bude prodáno celkem 22 000 vozidel, což je o 4 000 méně než v roce 2007, což je pokles o 16%.
Přestože se prodeje zvýšily, Honda zvýšila svůj podíl na trhu ve Španělsku, který dosáhl 1,8%, oproti 1,6% v loňském roce.
Navíc se japonská společnost očekává, že dosáhne 2% v roce 2010.
Honda se snaží dosáhnout tohoto cíle tím, že doufá v další nový model.
Jedná se o pětidveřový hybrid s kompaktním rozměrem Insight, který má délku 4,37 metru a který japonská společnost doufá, že prodá ročně kolem 200 000 kusů po celém světě.
Pro trhy a podle odhadů japonského výrobce bude 50% prodeje Insight v USA, zatímco zbývající poděleno mezi Starozemí a Japonsko.
Komerční uvedení Insight je plánováno na první měsíce roku, hned po jeho prezentaci společnosti v lednu v Valencii.
V porovnání s první generací, nový jazz vyrostl ve všech jeho částech.
Jeho délka dosahuje 3,90 metrů (pět centimetrů více), šířka 1,69 metrů (dva centimetry více) a rozchod 2,50 metrů, s nárůstem o pět centimetrů.
Výška však zůstala na 1,52 metrech.
Spolu s růstem velikosti se rozšiřuje i obytný prostor.
Tato výhoda vyplývá z toho, že na jedné straně je uvedena nová plošina, a na straně druhé z toho, že je uvedena centrální nádrž paliva, což bylo řešením i u předchozího modelu Jazz.
K dispozici je také dvoulůžkový zavazadlový prostor , který dosahuje 399 litrů, tedy o 19 litrů více než první generace.
Je třeba uvést, že toto jsou rozměry verze s motorem 1.4, a že kapacita zavazadla Honda Jazz 1.2 je 379 litrů.
Další zlepšení - kromě vnějších prvků, jako jsou zadní LED nebo možnost montáže panoramatického skla - se týká zlepšení přístupnosti zadních sedadel.
Dveře, které umožňují přístup k zadním pozicím, se totiž otevírají v úhlu 80 stupňů, oproti 67 stupňům první Jazz.
A také motory v této druhé generaci jazzu jsou nové.
Při uvedení na trh bude tento malý model nabízen v modelích s 1,2- a 1,4-litrovým benzínovým motorem.
Obě mechaniky zahrnují technologii i-VTEC, která umožňuje snížit spotřebu, produkovat méně emisí CO2, optimalizovat mechaniku a současně udržovat vysoký tok motoru ve všech jeho fázích.
Model o objemu 1,2 litru umožňuje využívat výkonu 90 koní při 6000 otáčkách s maximálním točivým proudem 114 Nm při 4 900 otáčkách.
Provoz , který v předchozích Jazzech dosahoval 78 koní, spotřebovává 5,3 litru paliva a vyzařuje emisí CO2 ve výši přibližně 125 gramů.
V porovnání s předchozím pohonem, který v prvním generačním modelu používal 83 koní, je nyní k dispozici 100.
Jazz 1.4 100 koní dosahuje kombinace 5,4 litru paliva a 128 gramů CO2 vyzařených.
"Bíčí vůz" pro zabránění kolize
V rámci vývoje technologií pro prevenci nehod se společnost Nissan inspirovala přírodou, zejména včely.
Japonská společnost vytvořila robota, který dokáže zabránit nehodám, když si vezme za příklad létání včel.
Je to bio-mimetický automobilový robotový pohon, nebo BR23C, což je první krok k technologiím pro předcházení srážkám.
Inženýři z Advanced Technical Center společnosti Nissan Motor Co. vyvinuli tohoto malého robota ve spolupráci s Centrem pro vědecký a technologický výzkum na prestižní univerzitě v Tokiu v Japonsku.
Podle Kazuhira Doiho, generálního ředitele pro PR pro technologii a výzkum a vývoj značky, představuje BR23C rozšíření čtyřoblastního bezpečnostního štítu vyráběného společností Nissan.
Tento robot má zlepšit schopnost předcházet kolize ve vozidle výrobce.
Během letu si každá včela vytváří svůj vlastní ovalní prostor, který je velmi podobný bezpečnostnímu štítu Nissan.
Ale nejdůležitější jsou včelí složité oči, které vidí ve všech směrech, a to na úhlu větší než 300 stupňů, a které umožňují hmyzu bez přerušení létat ve svém osobním prostoru.
Aby vytvořili tuto vizuální funkci, inženýři vyvinuli to, co nazvali laserem pro lokalizaci.
Tento mechanismus identifikuje překážky, které se nacházejí před BR23C v okruhu 2 metrů a maximálně 180 stupňů, vypočítá vzdálenost od objektu a vysílá signál na palubní mikroprocesor, který okamžitě umožňuje zabránit srážce.
"Moment, kdy malý robot objeví překážku, napodobí pohyby včely a okamžitě změní směr tím, že se otočí na kolečkach ve větší nebo větší úhlu, aby se zabránilo srážce.
Nejzřetelnější rozdíl s jakýmkoliv systémem je, že únikový manévr je zcela instinktivní.
"Bez toho by nebyl schopen reagovat dostatečně rychle, aby se vyhnul překážkám", vysvětluje Toshiyuki Andoh, ředitel Mobility Laboratory a hlavní inženýr tohoto projektu.
Na rozdíl od včely se robot nemůže pohybovat vzhůru nebo dolů, ani diagonálně, může se pohybovat pouze ve dvou dimenzích a ve směru, ve kterém se mohou otáčet jeho kola, a to bez využití nekonečných směrů a způsobů, jak to dělají včely.
Proto Nissan kromě zrychlení a zpomalení použil funkci otáčení, aby malý robot mohl vyhnout se srážkám.
"Tento přístroj potřebuje jen každých pár vteřin zpracovávat informace a jednat na základě těchto dat.
Nevyžaduje si paměť informací nebo intuitivní logiku předchozích manévrů, takže může fungovat bez přerušení a jen s několika desítkami KB paměti.
To může být překvapivé, ale my nemluvíme o gigabajtů paměti, a ani o mega".
Je to první krok k vývoji nových technologií pro okamžité předcházení srážkám, technologie, kterou Nissan doufá, že bude v automobilách běžná do deseti let.
Robot používá lithiové polymery, které jsou lehčí a odolnější než ty s lithiovými iony.
Dalším potenciálním budoucím využitím této technologie by mohlo být integrace vozidel s satelitním navigačním systémem GPS, který by vedl řidiče k cíli a předešel překážkám na cestě.
Tremor před žádostí o půjčku
Musíme uznat, že americké ministerstvo financí, kromě toho, že má dostatek kapitálu k zásahu, není zcela bez rozumu.
V souvislosti s krizí a aby se Američané nezaplatili za půjčky v bankách, které jsou v pochybných situacích, vytvořili zábavnou a poučnou hru pro internetové uživatele: "Hotel špatného úvěru".
Jinými slovy, hotel špatného úvěru... nebo problémů.
Témerný vzhled tohoto uspořádání, a zejména jeho recepční slouží k přiměním myslet ne jednou, ale dvakrát nebo dokonce třikrát před žádostí o půjčku.
A hlavně, kde to udělat, což je pravděpodobně hlavní cíl.
Informace, které hra poskytuje, jsou jistě užitečné, ale jsou málo detailní.
Je to spíš stránka pro teenagery než pro širokou veřejnost.
Co se stane, když dokončíte hru?
No, vypadá to, že je tu v hotelu pokoj pro svíčky.
Vždycky je to něco, protože koupit lepší dům se ani nemluví...
Morgan Stanley otevřel MUFG svůj kapitál
Morgan Stanley oznámil, že podepsal dohodu s Mitsubishi UFJ Financial Group (MUFG), první bankou v Japonsku, která bude investovat devět miliard dolarů do 21% podílu ve společnosti, což bylo oznámeno po výrazném poklesu jejích akcií na burze.
Týden po uzavření prozatímní dohody obě banky vysvětlily, že MUFG koupí 9,9% akcií Morgan Stanley za individuální náklady 25,25 dolarů, což je částka ve výši 3 miliard dolarů.
Cena stanovená je o 19% nižší než účetní hodnota cenných papírů k 31. srpnu.
MUFG dále investuje 6 miliard dolarů do nákupu cenných papírů, které jsou konvertibilní za konverzní cenu 31,25 dolarů, a zajistí tak výnos 10%.
Morgan Stanley uvedl, že celkové obchodování by se uskutečnilo na základě průměrné ceny 29 dolarů za cenný papír, což je o 28% nižší než jeho současná cena.
V páté hodině se ale podíly Morgan Stanley snížily o 6,79% na 23,07 dolarů.
"Tato strategická aliance představuje významnou příležitost pro urychlení přechodu Morgan Stanley do bankové holdingové společnosti", vysvětlil John Mack, generální ředitel americké skupiny.
Morgan Stanley přijal tento nový statut minulý týden, který by měl umožnit, aby se jeho akcie rozlišily, ale přesto by byly pod kontrolou Federálního rezervního systému.
Jeho spojenectví s MUFG také potvrzuje, že současná finanční krize nutí největší jména na Wall Street k mnohem opatrnějšímu jednání, než bylo dříve.
Z podmínek, které byly vymezeny v pondělí, vyplývá, že v posledních dnech byla dohoda změněna.
"Před týdnem v Tokiu Toshihide Mizuno, výkonný ředitel MUFG, vysvětlil: "Mysleli jsme si, že náš podíl bude tvořen výhradně běžnými akciemi.
Ale vzhledem k současnému stavu světové ekonomiky a trhu jsme se rozhodli minimalizovat rizika a chránit se".
Na základě vážené průměrné ceny MUFG získá dluhopisy Morgan Stanley za cenu nižší než jejich účetní hodnota o 7%.
A transakce by znamenala investici nejméně 20% vlastního kapitálu na zředěném základě".
Dohoda stanoví, že MUFG může během jednoho roku převést polovinu svých preferenčních dluhopisů na běžné akcie, pokud se v daném období tyto akcie prodávají o více než 50% pod stanovenou konverzní cenou, tedy kolem 47 dolarů.
V tomto ohledu je třeba uvést, že v případě, že by se společnost MUFG mohla stát státem, který je v této situaci, a to v případě, že by se společnost MUFG mohla stát státem, který je v této situaci, a to v případě, že by se společnost MUFG mohla státem, který je v této situaci, státem, který je v této situaci, a v případě, že by se společnost MUFG mohla stát státem, který je v této situaci, a v případě, že by se společnost MUFG mohla stát státem, který je v této situaci, a v případě, že by se společnost MUFG mohla stát státem, a v případě, že by se společnost MUFG mohla stát státem, která je v této situaci, by se měla stát státem, který je v této situaci, a v případě, že by se společnost MUFG měla státem, který je v této situaci, by se měla stát státem, který je v této situaci, a který by byl v této situaci, byl by byl státem, který by byl v této situaci.
Mluvčí skupiny však odmítl poskytnout podrobnosti o strategických plánech obou nových spojenců.
Po investici MUFG by Morgan Stanley měl tedy stanovit solventnostní koeficient Tier 1 ve výši přibližně 15%, což je jeden z nejlepších v oboru.
Morgan uvedl, že od konce srpna "výrazně" ulehčil svůj rozpočet.
Poslední týdny byly pro skupinu těžkou zkouškou, přičemž hodnota jejích akcií se snížila o polovinu a náklady na pojištění proti rizikům se zvýšily.
Cena se v pondělí opětovně vypočítala, ale zůstala na vysoké úrovni kolem 12%.
Minulý týden Goldman Sachs, jediný další "oběhlý" mezi velkými investičními bankami na Wall Street po pádu Bear Stearns a Lehman Brothers a po převzetí Merrill Lynch, oznámil, že získal 15 miliard dolarů, částečně od Berkshire Hathaway, skupiny Warren Buffett.
Rafael Correa v Quitu, v pondělí.
Založit republiku na socialismu právě v 21. století.
Toto je společný projekt Hugo Chaveza z Venezuely, Evo Moralese z Bolívie a Rafaela Correa z Ekvádoru.
V neděli, podle příkladu kolegů a přátel, dal hlas prezidentovi k návrhu nové ústavy.
Úkol splněn, protože podle oficiálních výsledků hlasovalo 64% voličů pro referendum, přičemž hlasovalo 80% lidí.
Podle těchto výsledků bylo "ne" 28%, zatímco 7% hlasů bylo nulové a 0,7% prázdné karty.
Aby byla ústava přijata, musí získat polovinu hlasů, plus jeden.
V neděli dva průzkumy, které byly provedeny při výběru volebních míst, a odhad neziskové organizace oznámily drtivé vítězství "ano" mezi 63% a 70%.
Rafael Correa navíc v noci mezi nedělní a pondělní noc prohlásil, že jeho návrh ústavy je vítězný.
"Sústava slavně zvítězila", řekl, když se radoval s Ecuadoriány v Guayaquil, 280 kilometrů jihozápadně od Quita.
Jako vždy, Chávez a Morales si radovali Rafaelovi Corréovi, stejně jako jeho čilská protějška Michelle Bachelet.
Hlasování, které proběhlo v klidu podle volební pozorovatelské mise Organizace amerických států (OAS), se zakládalo na 444 bodech, které by upevňovaly "nový socialismus", který prezident obhajoval.
Tento návrh ústavy zasvěcuje moc státu nad ekonomikou, a tak mu dává "plánování rozvoje" země, která žije v podstatě z ropy těžby velkými zahraničními společnostmi a následně z jejich měny.
Návrh, který navrhl Correa, který byl zvolen v roce 2006, dále uděluje větší moc hlavě státu, který bude volit na dvě po sobě jdoucí čtyřleté funkce a bude mít možnost rozpustit shromáždění.
Correa již oznámil, že hodlá tento návrh použít a znovu se uchystá na novou funkci v únoru 2009.
Ústava také potvrzuje bezplatné zdravotní péče a vzdělání, které prezident začal podporovat v této zemi s 13,9 miliony obyvatel, kde 50% obyvatel žije pod hranicí chudoby.
Také zakazuje přítomnost zahraničních vojsk, což ukončí dohodu mezi Quitem a Washingtonem o použití základny v Ekvádoru jako výchozí místa pro americké operace proti drogám.
19 rukojmí osvobozených v Čadu
Egyptské velitelství se rozhodlo zaútočit na únosce 11 turistů a jejich osmi doprovodů, kteří byli před deseti dny unesení.
Jsem v Káhiře.
Jedenáct evropských turistů a jejich osm egyptských doprovodů, kteří byli 10 dní v poušti, byli v pondělí odpoledne bezpečně převezeni do egyptského hlavního města.
Ráno je osvobodil egyptský komandos v Čadu.
Zřejmě v pořádku, rukojmí dorazili na vojenskou základnu v Almaze, poblíž mezinárodního letiště v Káhiře, kolem 15:30, na palubě speciálního letadla.
Vyloučeni byli bezprostředně, bez možnosti poskytnout žádné interview novinářům, na palubě helikoptéry do nemocnice v Maadi, rezidenční čtvrti v Káhiře, aby byli podrobeni testům.
Mají "dobré zdraví" a "odcizovatelům" nebyl zaplacen žádný výkupný, řekl na přistávací dráze egyptský ministr cestovního ruchu Zoheir Garanna.
Tato skupina rukojmí byla unesena 19. září během safari na 4x4 pod horou Ouanat, která hraničí s Egyptem, Súdánem a Libyi, a byla přesunuta z jednoho úkrytu do druhého 35 neznámými únosci.
Skupina se skládala z 11 turistů - pěti Italů, pěti Němců a jedné Rumunky - a osmi Egypťanů: dva průvodci, čtyři řidiči, pohraniční stráž a ředitel Aegyptous, agentury organizující safari.
Egyptský bezpečnostní úředník řekl, že 30 členů speciálních sil, kteří byli na palubě dvou vrtulníků, zahájily útok během noci, krátce před svítáním.
"Byla střelba, polovina únosců byla zabita, zatímco ostatní utekli", řekl úředník, který požádal o anonymitu.
Vysvětlil, že 150 členů egyptských speciálních sil z jednotky "svítidlo" bylo posláno do Súdánu, kde by je podporovali německé a italské komandosy.
Italský ministr zahraničí Franco Frattini zdůraznil z Belgradu důležitost role italských tajných agentů a speciálních sil.
Musíme uznat, že pokud jsme dosáhli tohoto výsledku, bylo to díky profesionálnosti a efektivitě našich lidí z tajných služeb, speciálních sil", řekl, aniž by dodal další podrobnosti.
A odmítl zaplatit výkupné.
Den předtím se sudánská armáda hlásila, že zachytila 4x4 vozidlo, ve kterém byli únosci a že jich zabilo šest, včetně čadského vůdce únosců, a dvě z nich zajala.
Podle armády jsou únosci spojení s organizací rebelů v Darfuru, hnutí pro osvobození Súdánu (SLA_U), což armáda okamžitě popřela.
Písmo - Ticha většina kultury
Na první straně je debata o financování kultury, na které se zaměřuje tato volební kampaň.
To je lepší.
Ale část našeho kulturního života zůstává vždy ve stínu.
Kdo se bude vyjádřit proti míňce peněz, které jsou poskytovány malým muzeím, archivům, archeologickým výkopům nebo historickým místům, které hladoví?
Jaký politik by se opovážil připomenout federální vládě, že zanedbává památky a historické budovy?
Že v Quebecu, stejně jako v Kanadě, nemáme skutečné zákony, které by skutečně zachovaly naše dědictví?
Věděli jste, že francouzská vláda vyplatí tři a půl milionu eur na obnovu samotného hradu v Chinonu v údolí Loiry?
U našich amerických sousedů je to ústava, která říká, že ochrana dědictví je součástí národní kultury a že toto dědictví musí být chráněno každým občanem, každou politickou autoritou a každým vládním oddělením, a to vše společným souhlasem.
V Québec, u Federace historických společností Québec, je nejméně 40 000 dobrovolníků, kteří, seskupení do 211 společností pro ochranu historického, genealogického, archivního a dědičného dědictví, zachovávají soukromé archivy a archeologické lokality.
Jsou to právě oni, kteří často brání naše dědictví, kteří protestují s energií zoufalství, když realitní podnikatelé a rozhodovací orgány přepadnou svými buldozery naše zapomenuté pozůstatky a hřbitovy.
Kdy bude historickému dědictví dostatečně náležitý prostor?
Beneluxské vlády znárodní část banky Fortis
Beneluxové státy pomohou prostřednictvím částečnénacionalizace belgiko-holandské banky Fortis, která poprvé v Evropě dostala potíže kvůli krizi na americkém úvěrovém trhu: tři země poskytnou finančnímu instituci 11,2 miliardy eur - pojištění s úroky také v Maďarsku.
Vlády Belgie, Lucemburska a Nizozemska se na konci týdne dohodly na nejvyšším stupni, včetně prezidenta Evropské centrální banky a evropského komisaře pro hospodářskou soutěž.
V eurozóně je první velkou krizí v rámci obtíží, o které se mezinárodní finanční trh hádají již více než rok, krize banky Fortis a z jistého hlediska mohou rozhodnutí přijatá v této souvislosti předběžné postavit.
Podle rozhodnutí přijatého v neděli v noci všechny tři státy budou mít téměř polovinu (49%) podílu banky v zemi.
Banka téměř jistě prodá část svých podílových podílových podílových podílových podílových podílových podílových podílových podílových podílových podílových podílových podílových podílových podílových podílových podílových podílových podílových podílových podílových podílových podílových podílových podílových podílových podílových podílových podílových podílových podílových podílových podílových podílových podílových podílových podílových podílových podílových podílových podílových podílových podílových podílových podílových podílových podílových podílových podílových podílových podílových podílových podílových podílových podílových podílových podílových podílových podílových podílových podílových podílových podílových podílových podílových podílových podílových podílových podílových podílových podílových podílových podílových podílových podílových podílových podílových podílových podílových podílových podílových podílových podílových podílových podílových podílových podílových podílových podílových podílových podílových podílových podílových podílových podílových podílových podílových podílových podílových podílových podílových podílových podílových podílových podílových podílových podílových podílových podílových podílových podílových podílových podílových podílových podílových podílových podílových podílových podílových podílových podílových podílových podílových podílových podílových podílových podílových podílových podílových podílových podílových podílových podílových podílových podílových podílových podílových podílových podílových podílových podílových podílových podílových na prode.
Minulý týden začaly akcie Fortisu s vertikálním poklesem, v druhé polovině týdne se objevily závažné signály krize.
Analytici se však shodují, že banka s 85.000 zaměstnanci je příliš velká na to, aby mohla zkrachovat.
Akcie banky klesly v pátek téměř o 12%, nejnižší bod za 14 let.
Od ledna se hodnota akcií snížila o více než dvě třetiny.
S ohledem na současné ceny akcií je celková hodnota kapitálu skupiny kolem 14 miliard eur, ale podle vedení banky není tato hodnota skutečná.
Výbor společnosti připisuje pád akcií Fortisu nejistotám mimoevropského trhu, které vyplynuly z přijetí amerického plánu o 700 miliardách dolarů.
V pondělí se cena pomalu znovu zvýšila.
V pátek byl Filip Dierckx jmenován novým výkonným ředitelem banky.
Finanční instituce také hledá soukromé kupce, ale zatím nikdo nepřichází s vhodnou nabídkou.
Belgická vláda již dříve zaručila, že investoři se nemusí obávat ztráty svých peněz.
Nepanikařili zákazníci banky, ani nebyly napadeny jejich pobočky.
V Maďarsku Fortis vlastní samostatné pobočky a také koupila leasingové společnosti.
Liss v kuřecím stodole
Pojišťovny životního a zdravotního pojištění v Americe často odmítají uzavřít pojištění na základě údajů o nákupu léků.
Odborníci na ochranu soukromí se obávají, že trh s daty se stane nekontrolovatelným.
"Existuje program ochrany soukromí, podle kterého je použití údajů o předpisových přípravcích v každém případě závislé na souhlasu dotyčné osoby.
Tento program musí být v nezávislých rukou, jinak je to jako svěřit kuřeci lišku", píše Washington Post, cituje Richarda Dicka, autora programu, který doporučuje dodržovat předpisy na léky.
Pojišťovny závisí na zdravotním stavu potenciálního zákazníka na pojistném poplatku a výši peněz, které by měl zaplatit v případě nehody, a pokud považují riziko za příliš vysoké, nezajišťují pojištění.
Kdysi se zákazník musel podstoupit lékařský prohlídku a smlouva byla uzavřena až po výsledku vyšetření.
Před 10 lety Dick vymyslel mnohem levnější postup: pomocí identifikačního kódu zákazníka můžete snadno získat informace z lékárny, které léky jste si v posledních 18 měsících koupili, a z toho můžete získat informace o tom, jaké onemocnění trpíte a jaké je vaše zdravotní stav.
Například pokud si pravidelně kupujete velké množství cholesterolových snížitelů, znamená to, že vaše hladina tuku v krvi je prakticky nezměnitelně vysoká a je klasifikována do nejvyšší rizikové kategorie.
V obchodě jsou různé verze programu, některé z nich také určují násobník rizika, takže pojišťovateli kromě papírové práce nezbývá mnoho, i když se vyskytují malé potíže.
Mezi kontra je, že některé léky jsou použitelné pro více účelů, např. některé látky jsou použitelné proti migréně nebo zápalu horka, ale jsou účinné i proti depresi.
Z pojišťovně-obchodního hlediska platí, že ta poslední je faktorem zvyšujícím riziko, zatímco první dvě ne.
Pro získávání a zpracování dat byly vytvořeny samostatné společnosti, které si před získáním potřebných informací od lékáren vyžadují souhlas pacienta.
Nyní je to nutí, i když dosud neúčtovali pokuty za nedbalost.
Některé společnosti v poslední době také zpracovávají výsledky laboratorních testů a propojují je s daty o spotřebě léků, aby mohly poskytnout přesnější obraz o zdravotním stavu pacientů.
Stále více firem má přístup k datům a současně bude stále obtížnější kontrolovat jejich využití.
Existuje zvláštní zákon o soukromí, ale jeho platnost se vztahuje pouze na zdravotní péči a pojištění.
Před Kongresem je návrh zákona, který dává úřadům pravomoc kontrolovat firmy, které se specializují na poskytování dat.
Richard Dick připouští, že to nestačí. Proto vyvinul program, který spojuje předání dat s souhlasem dotyčného.
Další věc je, že osoba, která je dotčena, nemůže tak moc odmítnout schválení, protože jinak pojišťovny smlouvu nedodávají.
A tak jsou konečně svěřeny vůli lišky.
Celosvětové menu v Marseille
EU a Indie zdvojnásobují obchod
Vzhledem k tomu, že Evropská unie a Indie jsou obchodními partnery, kteří se především vzájemně obchodují, byla i na jednání v rámci 9. summitu ovládána touto tématikou, kromě všech ostatních globálních otázek.
Dnes bude francouzsko-indický summit, který se bude zabývat především spolupráci v oblasti atomové energie.
Evropská unie uznává, že Indie se stává velkou demokratickou mocností, které by mělo být dáno větší hlas v mezinárodních záležitostech, ale členské země se dosud nedokázali rozhodnout, zda podporují nebo nepodporují Nový Dillí jako stálého člena Rady bezpečnosti OSN.
Takže na tomto tématu nebylo v noci v Marseille ani slovo.
Francouzský prezident Nicolas Sarkozy, předseda EU, předseda Komise José Manuel Barroso a vysoký představitel pro zahraniční věci Javier Solana se setkali s indickým premiérem Manmohanem Singhem, s nímž se dohodli na zdvojnásobení obchodu do pěti let, tedy na zvýšení obchodu na 100 miliard eur.
Vzhledem k tomu, že mezi lety 2000 a 2007 se obchod s zbožím zvýšil z 25 miliard na 55 miliard, není to příliš ambiciózní cíl.
V důsledku toho se z právního hlediska spojuje 26 bilaterálních dohod o civilním letu, takže i letecká doprava může v budoucnu začít.
Indie by chtěla do konce roku 2009 podepsat SVO s EU.
Sarkozy slíbil, že urychlí dohodu.
Cílem je vyrovnat, protože zatímco EU je hlavním obchodním partnerem Indie, New Delhi je jen devátým největším partnerem EU.
Summit věnoval pozornost globálním záležitostem.
Na situaci v Afghánistánu a Pákistánu a na terorismus, který obě strany odsoudili ve všech jeho formách a vyzvali k svolání konference OSN.
Vyzvali k ukončení obchodního kola v Doha, i když obě strany měly roli v jeho zkrachování.
EU potvrdila, že trvá na svém energetickém a klimatickém programu, tj. že by chtěla snížit emise škodlivých látek nejméně o 20% do roku 2020.
Také Indie souhlasí s tím, že by na příští konferenci o klimatu měla být uzavřena globální dohoda o snížení emisí skleníkových plynů o 50% do roku 2050.
Chtějí také zastavit rostoucí ceny potravin a podporují svolání mezinárodního zasedání, které by se zabývalo finanční krizí.
Indický premiér dnes odjíždí do francouzského hlavního města, kde se připravuje na dvoustrannou schůzku, kde bude podepsán smlouva o mírovém použití atomové energie.
V Paříži se doufá, že francouzské firmy obdrží zákaz ve výši 20 miliard eur na stavbu indických jaderných reaktorů.
Podle informací naší tiskové agentury by smlouva měla trvat 15 let.
Ve frankfurtu více než 300 italských vydavatelů
Silná přítomnost italských vydavatelů na Mezinárodní výstavě knih ve Frankfurtu.
Více než tři sta italských vydavatelů se zúčastní 60. ročníku Buchmesse, nejvýznamnějšího mezinárodního setkání pro výměnu práv.
Mezinárodní veletrh knih ve Frankfurtu čeká na tento ročník více než 7 tisíc vystavovatelů z 101 různých zemí, kteří budou obsadit 171.790 m2 veletrhu s více než 403 tisíci výstavami a s Tureckem jako čestným hostem.
Podsekretář ministerstva kulturních statků a kulturních aktivit Francesco Maria Giro zastupuje italskou vládu při slavnostním otevření italského pavilonu. Itálie bude institučně přítomna s Punto Italia - 264 čtverečních metrů výstavního prostoru.
Poté bude v pavilonu 5.0 v Room Struktur v Buchmesse konat setkání s tiskem, kde budou prezentovány čísla, trendy a perspektivy týkající se stavu vydavatelství v Itálii.
Podle údajů se váha knih cizích autorů na celkovou italskou produkci, a zejména knih pro dospělé a děti, postupně snižuje.
Našli jsme letadlo Steve Fossetta, miliardáře, který zmizel před rokem.
Zbývající letadlo Steve Fossetta, miliardáře, který zmizel 3. září 2007 během letu přes poušť v Nevadě, bylo nalezeno.
Zlomky byly nalezeny na výšce 3000 metrů v oblasti Mammoth Lakes v Sierra Nevada na hranici mezi Kalifornií a Nevádou.
V letadle však nebyly žádné lidské pozůstatky.
Šerif John Anderson z Madera County, který se vyjádřil proti pochybnostem, řekl: "Letoun byl lokalizován, poslali jsme tým, a nyní máme potvrzení, že je to přesně ten, na kterém letěl Steve Fossett v den, kdy zmizel", řekl v tiskové konferenci.
Šerif prohlásil, že v letadle ani v okolí nebyly nalezeny žádné lidské pozůstatky.
63letý miliardář byl údajně zabit v únoru.
Americký úřad pro bezpečnost dopravy (NTSB) oznámil, že několik hodin po zjištění vraku byla poslána vyšetřovací skupina, která pak identifikovala zařízení: jde právě o Bellanca 8kcab, která zmizela od 3. září 2007, kdy Fossett vzlétl z Yeringtonu v Nevádě na tříhodinový let.
Včera, stejně v Kalifornii, nedaleko hranic s Nevadou, byly některé osobní věci Fossetta nalezeny párem poblíž jejich domu v Mammoth Lakes.
Jsou to dva doklady ve jménu Fossetta, oba vydané z Illinois, peníze a svetry.
Fossettův výzkum byl přerušen měsíc po jeho zmizení.
Miliardář si získal místo v historii díky dlouhé sérii primátů.
V roce 2002, na šestém pokusu, se stal prvním člověkem, který dokončil oblet světa na vzduchové baloně: dva týdny samotného letu.
O tři roky později se vydal na bezstopkové letadlo kolem světa.
Mezi jeho rekordy patří i ten, že letěl na výšce 15 445 metrů nad Andes, ale s pomocným pilotem.
Glk, reklama, kterou nečekáš
Neobvyklý SUV s originálním designem, který je vymezen přísnými liniemi, širokými plochami a čistou úhly.
Jedná se o poslední z "kompaktu" offroadů, které Mercedes-Benz v tomto oboru chtěl přinést.
Právě kvůli obsahu mimo tradiční kanony bude neočekávané a nekonvenční i sdělení, které bude doprovázet uvedení Suv Glk, k dispozici v showroomech Mercedes-Benz od 17. října.
Reklamní batage, který bude doprovázet debut nového vozu, zahájí nový způsob komunikace i prostřednictvím futuristické kampaně 3D plakátů, kterou poprvé v Itálii využívá automobilová značka.
Projekt, který má tři různé fáze, bude dominovat největší nákupní ulici v Miláně, Corso Como, až do 15. listopadu.
První fáze tohoto nového typu komunikace začne prezentací vozu ve stereoskopickém pohledu a díky speciálním brýlím distribuovaným v blízkosti Corso Como bude možné vidět nový SUV v téměř reálném rozměru a ve třídimenzionálním formátu.
Když se na to podíváte, zdá se vám, že auto se zjevně vytrácí z reklamy.
Následně bude pomocí inovativní technologie Elumina8 nový Glk osvětlen v různých časech ve všech detailech, aby se pak znovu zkombinoval do jednoho obrazu.
Mercedes se s touto reklamou nepochybně snaží přivést něco nového do stereotypního prostoru automobilové komunikace.
Bude tento vzorec zajímat budoucí zákazníky?
To jsou italští hooligáni.
Triveneto, riskují Daspo.
Jsou to členové skupiny "Ultras Italia", která sleduje modrou národní soutěž už léta a která dosud, pravdou je, nikdy nepředstavila příliš mnoho problémů.
Ani se nikdy nesetkal s fanoušky.
Výběr skupiny je na pravé straně.
Podnikatelé jsou z Triveneto.
Z Verony, Padovy, Triest a Udine.
K těmto skupinám v Sofii se přidala malá skupina (ve skutečnosti jen několik jednotek) z Kampanie a Puglie.
Mají trojbarvové vlajky s rodnými městy militantů, které byly v sobotu večer odstraněny, aby se nedalo identifikovat.
Jsou inspirované anglickou fanouškou.
V Bulharsku našli fanouškovství skutečných nacistů, to je to, co Levski.
FIC poskytla italským fanouškům 144 vstupenek na zápas: všechny byly jmenovité, takže byly snadno kontrolovatelné.
A Viminale je všechny kontroloval: mezi těmi, kteří odjeli do Sofie, nebyl nikdo s probíhajícím Daspem, nikdo, kdo byl zakázán chodit do stadionu.
Čtyři fanoušci modrých, kteří měli záznamy o zločinech z stadionu, byli odmítnuti vstupenky a zabránili jim v přechodu.
Viminale čeká na dokumenty, které budou od bulharské policie a pak přijme opatření: v tomto případě je možné dát Daspo po dobu nejméně pěti let fanouškům, kteří byli zatčeni nebo kteří byli identifikováni v nepokojích.
Mezinárodní Daspo, který zakazuje navštěvovat nejen italské stadiony, ale celé Evropy.
Naši hooligáni už nikdy nevstoupí do stadionu.
Naštěstí.
Ale teď je tu strach z napodobování, že k těm málo přes 150 se přidá další.
"Musíme okamžitě uhasit tento požár a neoprávňovat ty, kteří se tak chovají", tvrdí z Viminale.
Takže, "Oči otevřené, zejména v předstihu zápasu národní reprezentace ve středu v Lecce".
V Puglii je totiž malé jádro podporovatelů Ultras Italia.
Zítra se sejde observatoř, v úterý Casms, který může počítat i s sekcí Aise, tedy tajných služeb, která se zabývá právě problémy ze stadionu.
"Duch-duchové a protáhlá ruka při hymnu Mameli?
Takto si myslí (vyjádřený ve skutečnosti nešťastným způsobem) Domenico Mazzilli, který je už několik týdnů ředitelem Viminale (zaujal místo, které předtím zastával Francesco Tagliente a poté Felice Ferlizzi).
Mazzilli byl dříve kvesorem v Trieste, kde je základ pro skupinu Ultras Italia, založenou v roce 2002.
Je pravda, jak říká Mazzilli, že v Bulharsku není trestný čin pohrdat vévodou, ale určitě chování těch 150-200 fanoušků bylo ostudné.
"Nejsem sociolog", dodává číslo jedna z Observatory. "Pokud jde o trestné činy, musí se tyto trestné činy připisovat v zemi, kde se to děje.
Doteď se tato skupina držela v klidu, teď se podíváme na to, co se stalo a vyhodnotíme to do budoucna.
Ale mluvíme také o pískách do hymnu Mameli: ani to není zločin, ale pokud dovolíte, není to výchova... "
