Vítězství populistické pravice v Rakousku, společně tvoří 29%
Předčasné volby do rakouského parlamentu přinesly podle prvních odhadů výrazný oslabení obou stran v současné velké koalici a výrazné posílení populistické strany na pravici.
Velké a zvláštní ztráty utrpěla rakouská lidová strana (OVP), kde se vážně otřásá pozice současného prezidenta Wilhelma Molterera.
Naopak vůdce Aliance pro budoucnost Rakouska (BZO), šéf vlády státu Karintsko Jörg Haider, připravuje svůj triumfalní návrat do národní politiky.
Podle přibližných výsledků zůstává Socialdemocracy (SPÖ) nejsilnější stranou v zemi s 29,8 procenty hlasů, takže ztrácí 5,5 procent hlasů ve srovnání s posledními volbami v roce 2006.
Horší je, že OVP ztrácí 25,6 procenta, téměř devět procent hlasů.
Jsou to nejhorší výsledky, doslova katastrofické, v historii těchto dvou velkých rakouských stran od poválečného období, a zejména pro lidové, kteří svolávali tyto předčasné volby.
Ještě na začátku července, když OVP opustila koalici, měli populisté v přednostní míře před SPO značnou výhodu.
Je však jasné, že voliči je potrestal za to, že nechali vládu ztroskotat.
Už při prvních reakcích na výsledky se vyslovily spekulace o odstoupení předsedy strany a až do dnešního dne i vice kancléře Wilhelma Molterera.
Pozorovatelé věří, že k tomu by se mohlo dojít již v pondělí na mimořádném zasedání předsednictví strany.
Takový vývoj by samozřejmě usnadnil cestu k konstantnímu a nejpřibližnějšímu výchozímu bodu volebních výsledků, tj. k obnovení velké koalice mezi SPO a OVP.
Vzhledem k tomu, že oba strany na pravici podporují populisty - liberálové (FPO) získali přibližně 18 procent a BZO jedenáct procent hlasů - a že sociální demokraté zároveň vyjádřili obavy z toho, že se opakuje stejné z roku 1999, kdy populisté vyjednávali s populisty (dříve FPO byla jednotkou, ale v roce 2005 se rozešla z BZO) o koaliční vládu, která nakonec vyvolala sankci ze strany Evropské unie.
Na tento vývoj se jasně vsadí Haider, který už oznámil, že je připraven spolupracovat s jakoukoli stranou a že se již vrací do Vídně, do národní politiky.
Zelená strana se také dostala do parlamentu, i když mírně prohrála a klesla z třetího na páté místo mezi rakouskými politickými stranami.
Žádná jiná strana jasně nepřekročila hranici čtyř procent a proto není součástí parlamentu.
Schwarzenberg: Vztah s Indií se může ochladit
Pokud se nedojde k řešení problému českých vědců, kteří byli obviněni v Indii z nelegálního sběru švábů, může dojít k ochlazení česko-indických vztahů, řekl ministr zahraničí Karel Schwarzenberg.
Tak to řekl ministr v New Yorku po setkání s indickým protějškem Pranab Mukherjee.
"Pokud by se to nevyřešilo, pak ano, pak ano, jistě by se došlo k ochlazení", konstatoval po schůzce, která byla organizována na české podnětu.
Mukherjee řekl po setkání, že do právních záležitostí se těžko může vměstit výkonný úřad.
Nicméně uvedl, že v případě Petra Šváchu, který byl osvobozen od obvinění a potrestán pokutou, může vláda vyjednávat s místní vládou v Darjiling, v jejíž jurisdikci je věc.
"Vaš problém by mohl být vyřešen", řekl ministr.
Pro Emila Kučera, odsouzeného k tříletému vězení, by podle Mukherjeho bylo nejlepší, kdyby se odvolal na nejvyšší instanci.
Poté může požádat o osvobození od důvodu a čekat na rozsudek, vysvětlil.
Schwarzenberg potvrdil, že jeho kolega se vyjádřil ve stejných termínech během setkání.
"Radím, abyste se obrátili na Nejvyšší soud a potom by bylo možné dát mu milost", řekl šéf české diplomacie.
Jediný způsob, jak může česká strana vstoupit do věci, je získat odsouzenému "schopnou právní podporu", prohlásil indický ministr.
Na druhou stranu řekl, že takový druh podpory už získává indická strana.
"Máme nejvyšší zájem o udržení nejlepších vztahů s Indií, které mají dlouhou tradici.
To si uvědomují i Indiáni", řekl Schwarzenberg.
Navíc, jak řekl ČTK, zdůraznil před svým kolegou, že Česká republika považuje problém českých entomologů za velmi důležitý.
"Považujeme za opravdu strašlivou chybu uvěznění a odsouzení těchto českých vědců", oznámil.
Ministr se vyhýbal odpovědi na otázku, zda dostal od indické strany slib, že se o věc postará.
"Přijal jsem dostatek slibů", jen konstatoval.
Český arbitr se bojuje na mořském dně
Přibližuji se k elektronické mapě na zdi, která zobrazuje Austrálii obklopenou mořem.
Nezajímá ho však kontinent, ale malý ztracený bod v modrém oceánu.
"Ostrov patří Austrálii a spolu s ním i okolní mořské dno.
Region je zároveň tak velký jako jeden kontinent", říká italský právník Luigi Santosuosso, který patří k třicetčlennému týmu, který pracuje v Divizi OSN pro otázky oceánského a mořského práva.
Jeho šéf, ředitel divize, český právník Václav Mikulka, sleduje výstavu a někdy i doplňuje ji.
Ovládá tento temperament a pracovní nadšení.
Mořské dno skrývá až dodnes málo známý svět bohatý na přírodní zdroje.
Najdete tam ropu a další minerální suroviny, ale také dosud neznámé organismy, které jsou klíčem k vývoji léků proti rakovině.
Dno je větší než pevná země
Země s pobřežím se dnes začali vehementně hájit o nové území pod mořem.
Podle smlouvy OSN využívají práva, která byla dohodnuta v roce 1982 v Montego Bay na Jamajce.
Jedná se v podstatě o tzv. kontinentální hranici, která se někdy táhne několik set kilometrů od pobřeží dané země.
Podle Smlouvy má výhradní práva na všechny zdroje na kontinentální hranici.
"Jenže kontinentální okraj je část mořského dna a jeho povrchu, což je přirozené pokračování kontinentu pod vodou.
Vystupuje až na hranici pobřeží a často až na hranici 200 námořních mil, tedy čistě ekonomická zóna", vysvětluje Mikulka.
Žádost, kterou daná země předloží Komisi o vymezení vnějších hranic kontinentálního okraje, musí být předána s vědeckou technickou dokumentací založenou na výzkumech a opatřeních.
Je to výsledek řady let přípravy.
"Jednou z našich úkolů je zorganizovat odbornou komisi pro technickou a právní pomoc.
Komise zatím vyřizovala pět žádostí z Ruska, Brazílie, Austrálie, Irska a Nového Zélandu.
Zatím se podařilo dosáhnout pouze v posledních třech zemích", dodává Mikulka.
Nedávno se Austrálie stala první zemí, která rozšířila své mořské nadvlády.
Nicméně, i Nový Zéland to dokázal - plocha mořského dna, kterou mu komise udělila minulý týden, je 1,6 milionu čtverečních kilometrů, což je téměř šestkrát větší než velikost samotného státu.
Obě země investovaly miliony dolarů do jeho výzkumu.
Zisky z využití mořského dna budou, jak slíbíte, neocenitelné.
Další státy také postupně podávají své žádosti.
Mohou tak učinit do deseti let od doby, kdy ratifikovali "Montego Bayskou smlouvu".
Tam, kde končí kontinentální okraj, začíná oblast oceánského dna, která byla vyhlášena smlouvou jako "společný dědictví lidstva".
Tady už žádná země nemá výlučné postavení.
Právo na hospodářské působení v těchto oblastech je řízeno smlouvami, které byly uzavřeny mezinárodními institucemi.
"Mořské dno však není žádná zlatá mina", zdůrazňuje ředitel Mikulka a dodává, "že jeho oddělené oblasti jsou legálně a jasně omezeny a jeho režim je definován smlouvou".
České námořnictvo v Pacifiku
A dnes část mořského dna patří také České republice.
Je rozdělen s dalšími zeměmi tehdejšího Východního bloku v rámci společné organizace "Interoceanmetal".
Tento stát to dosáhl v roce 1991 s smlouvou o investorích, stejně jako několik dalších států, které se nazývají "pioniérský investor".
Má schopnost vybuchnout v oblasti ClarionClipperton v Tichém oceánu, mezi Mexikem, Havajskými ostrovy a Kiribati.
Oblast, kterou investor chce prozkoumat, je o něco větší než bývalé Československo.
Důl je hrubý, je to něco jako mořská replika Tatrů.
"Můžeme vykořisťovat plochu o celkové rozloze 75.000 čtverečních kilometrů.
Tato oblast je bohatá na polymetalické betonové ložiska obsahující nikl, měď, kobalt a mangan", dodává indický právník Pakshi Rajan.
Macedónský zaměstnanec divize, Rober Sandev, nám přináší příklad tohoto druhu konkrétnosti.
Připomíná nám malého brambora nebo trochu fantazijního Šema, který podle legendy oživoval Golema.
Během osvobození rukojmí bylo na místě akce německé speciální jednotky.
Aby řešila krizi s rukojmími, požádala egyptská vláda Německo o pomoc - přišli odborníci.
Když se situace stala vážnou, velitelství speciálních sil bylo připraveno, ale operace nebyla provedena.
Stále více detailů o okolnostech propuštění 11 evropských turistů v Egyptě.
Podle údajů ministerstva obrany a ministerstva vnitra se do záchranné akce nepřímo podílely i německé speciální síly.
Na místě propuštění byli tedy odborníci z německé armády, stejně jako úředníci GSG 9, letadlové jednotky federální policie, Federálního úřadu pro trestní vyšetřování a také odborníci v oblasti logistiky technické charitativní instituce.
Jak informovali mluvčí ministerstva v pondělí večer, německé síly nebyly potřeba, protože únosci, když si uvědomili násilné osvobození, propustili své vězně a utekli.
Egyptská vláda přijala pomoc Německa, aby ji použila jako podporu na místě.
"Naštěstí ten okamžik nepřišel", řekl mluvčí federálního ministerstva vnitra.
19. září v jižním Egyptě útočníci unesli cestující skupinu, která se skládala z pěti Němců, pěti Italů, rumunky a osmi egyptských doprovodů.
Po únosu v jižní egyptské pouštní oblasti byli rukojmí deportováni na hranice mezi Egyptem, Libyi, Sudánem a Čadem.
Identita únosců zůstala do konce neznámá, stejně jako podrobnosti o propuštění nebo možných výkupních platbách.
Mezitím lidé, kteří byli zachráněni, přijeli do Káhiry v bezpečí.
Steinmeier řekl, že osvobození rukojmí jsou pod ochranou německého velvyslanectví.
Neřekl ani slovo o detailech osvobození.
V Berlíně se neobjevily žádné informace o jejich návratu do Německa.
Podle listu "Bild" musí 5 turistů a speciálních jednotek vrátit se Airbusem německých leteckých sil a dorazit do Německa v úterý.
Sněmovna reprezentantů USA nepopustila balíček záchrany
První komora amerického Kongresu se stěží zklamala velkým balíčkem záchrany finančních trhů ve výši 700 miliard dolarů.
Dow Jones prudce klesl.
Sněmovna reprezentantů Spojených států odmítla vládní balíček na záchranu finančních trhů 227 hlasy proti 206.
Navzdory všem výzvám prezidenta George W. Busha a bývalých politiků z obou stran se nedostalo většiny pro program, kterým by měl být omezen chaos na finančních trzích.
Zúfající zastánci se ještě dramaticky snažili přesvědčit své kritice, aby přijali velký balíček ve výši 700 miliard dolarů.
Barney Frank, vůdce demokratických jednání, požádal poslance o hlasování, i když plán není tak populární.
"Je těžké získat politické schválení, aby se zabránilo něčemu, co se ještě absolutně nestalo", přiznal.
Už během hlasování Dow Jones klesl na více než 6 procent nebo na 600 bodů.
Důvodem byly obavy investorů, že státní záchranný balíček by mohl selhat.
Na konci hlasování odpočíval a po tom, co se jeho neúspěch stal veřejným, opět upadl.
Odborníci očekávají další vážné turbulence na mezinárodních finančních trzích.
Aby byl program účinný, musí být schválen jak Sněmovnou reprezentantů, tak Senátem.
Organizátoři zaznamenávají nárůst počtu rezervací
Zdá se, že je to dobrá zima pro německé cestovní kanceláře:
Podle jednoho průzkumu se objem prodeje rezervací cest pro následující měsíce zvýšil ve srovnání s minulým rokem - i v zimním období o více než 30 procent.
Podle jednoho průzkumu, i přes oslabenou situaci, přesto si Němci přejí cestovat.
Jak informovala v pondělí německá cestovní asociace (DVR) v Berlíně, s rezervacemi cest na zimní sezónu cestovní kanceláře zaznamenaly objem prodeje, který je o 31 procent vyšší ve srovnání se stejným obdobím loňského roku.
Podle výzkumu market research institutu GfK se rezervy pro podzimní měsíce již zvýšily.
Objem prodeje cestovních kanceláří v říjnu byl tedy téměř o jedenáct procent vyšší než v roce 2007, uvádí DVR.
Základem výsledků jsou údaje GfK, které jsou informace analyzovány o rezervacích v 1200 cestovních kancelářích a vypočítány přibližně pro celý trh.
Získané údaje jsou rezervace cest realizované do konce srpna 2008.
Kvůli oslabenému kurzu dolaru jsou zejména cesty do Spojených států ve velké poptávce, informoval DRV.
V tomto případě se počet rezervací zvýšil téměř na třetinu.
Nejoblíbenějšími místy pro Němce nejsou pouze Španělsko, Turecko a Řecko, ale i německé regiony.
Především organizované cesty jsou velmi oblíbené, vysvětluje Klaus Laepple, prezident DRV.
Vzhledem k tomu, že ceny energie a potravin rostou, jsou cestovní náklady v tomto případě "lepším způsobem vypočítatelné pro zákazníka než během individuální cesty".
Společnost Laepple uvedla, že spotřebitelé mohou mezi jinými věcmi ušetřit peníze díky slevám na předčasné rezervace nebo nabídkám All-Inclusive.
Také v letních měsících byly cesty dobře rezervované, takže objem prodejů oproti loňskému roku opět vzrostl - ačkoli podle další studie počet Němců, kteří cestovali, oproti loňskému roku klesl.
Můj první Oktoberfest
Hity z slavností pod otevřeným nebem v nekonečném lázně, pivo v litrových džbáních a slavné osoby oblečené v tradičních bavorských kostýmech designérů.
Debut v stanovišti.
Susanne Kronzuckerová a já vlastně nemáme moc společného.
Je blondýna, moderátorka v televizi a nosí tradiční bavorský oblek.
Mám tmavé vlasy, jsem studentka a moje šaty jsou už opotřebované.
Ale máme jednu věc společnou: jakmile jsme v táboře, fotografové se k nám vrhli a naplnili své paměťové karty s fotkami - je to velmi pochlebné, zejména proto, že jsem poprvé na Oktoberfestu.
Tak se stává přátelství.
Laciný bavorský tradiční oblek se zdá být plně v pořádku.
Vlastně jako turistka na Oktoberfestu z severního Německa, můj pocit pohody v tradičním bavorském obleku byl dodnes omezený.
Ale když se dostaneme na Prado de Teresa, tak to není nic moc.
Téměř každý nosí tradiční bavorské oblečení nebo kožené kalhoty; nikdo z nich se nezdá být si všimnout nebo cítit nepříjemné - vše je naprosto normální.
Jen můj plášť dostává divné pohledy vedle čokoládového banánového stánku.
Jedna munichská paní mi upozornila na můj předprst, který jsem oblékla špatně: "levá strana je svobodná, polovina je panna, na pravé straně je zasnoubená, vzadu je vdova".
Bože, teď se zavážu do zad na levé straně.
"Dobře", říká se smíchem.
Ostatní si nevšímají mnoha jemných metod flirtování a nosí čepice s nápisem "To drink to get dressed!" a bez žádosti ukazují svůj svobodný zadek.
Jeden mladý kluk, který se chová tak, že je to projev, se jmenuje Bob, je z Anglie a je také poprvé na Oktoberfestu.
On to považuje za "gorgeous", což je velmi dlouhé "o".
Řekl mi to, když si dal k sobě sklenici s litrem piva, které právě vypil.
Dal ho přímo k požárníku, většina si myslí, že je to odpadkový koberec.
Takže Bob je jeden z těch slavných lidí, kteří umí hodně pít.
Ostatní nemají štěstí a nemohou tolik pít.
V osm hodin večer se sanitární skupiny běží po místě oslav a mají se starat o chudé opilce.
Toaleti se objevují v skupině - najednou jsou to vždy čtyři lidé, kteří přinášejí pokryté chodby z jednoho stanu do druhého.
To funguje jako u většiny návštěvníků: přijedou střízliví, vracejí se opilí.
Nevidíte, kdo trpí stupněm alkoholie a je na chodbách.
"Jsou to ti, kteří "neumí víc", odpověděl mi sanitář, který odpověděl na mou otázku a zmizel v rozruchu.
Policie identifikovala oběť nehody
Identifikována 63letá chodkyně, která zemřela v nemocnici poté, co ji zasahlo vozidlo v hrabství Essex.
Carole Paulsonová z Chelmsford Road ve městě Brentwood byla zapletena do nehody, která se stala v pátek odpoledne na Shenfield Road.
Žena byla převezena do Queen's Hospital v Romfordu, ale později zemřela.
Po nehodě byl 51letý muž zatčen na podezření z pohřešované jízdy.
Od té doby byl propuštěn na kauci.
Turecko rozšiřuje diplomatické obzory
Dlouho předtím, než se Turecko pokusilo o členství v Evropské unii, evropské mocnosti si přicházely s touhou proniknout do jeho vnitrozemí.
Na východní straně Bosporu, možná jen 20 kroků dovnitř Asie, leží jeden z nejzajímavějších pozůstatků zkázy imperiální ambice.
Hydarpasha vlaková stanice byla navržena dvěma německými architekty, Otto Ritter a Helmut Conu, v neorenesančním stylu.
Alespoň to říkají průvodci.
Budova je umístěna na konci plošin a má před sebou dvě věže, jedna pro každý roh, což vypadá na typické německé radnici.
Kamenný je špinavý.
Budova ve vašem komplexu je trochu zkažená.
Ale jakmile se přenesla do kupy, bylo jasné, že to byla ta nejzápadnější brána.
Stanice byla otevřena v srpnu 1908 německým konsorciem Anatolia-Bagdad Corporation.
Německo, které bylo pozdě na imperiální hru, mělo ambici ovládnout Střední východ přes tuto železnici, která se táhla až do Damašku, Bagdádu a dále do dnešní Saúdské Arábie.
Ambie tohoto imperiálního Německa však během první světové války selhaly.
Jeho železnice byly napadeny Lawrenceem z Arábie a jeho neregulárními Araby.
Vzhledem k relativní izolaci okolních regionů, způsobené zmrzlými hranicemi studené války, se
Britské nadvlády a když se jednotky dostaly do Egypta, vytlačily Turky a jejich německé spojence z Palestiny a Sýrie.
Zlá zpráva byla i pro stanici Hyderpasha.
V roce 1917 vybuchl střelný vlak, který zničil jeho vylepšený střech.
Turecké zdroje komentovaly, že šlo o sabotáž.
Od té doby stanice postupně upadla a zůstala mimo dějiny.
Dnes však tato železnice, brána do Anatolie a do všech východních center, slouží - přinejmenším symbolickě - k podtržení vůle Turecka rozšířit své diplomatické obzory.
Vládnoucí Strana spravedlnosti a rozvoje - AKP - plánovala novou zahraniční politiku pro zemi.
Relativní izolace okolních regionů, vytvořená zmrzlými hranicemi z doby studené války, je pryč.
Nyní je tu nová politika spolupráce.
Turecká vláda má výborně dobré vztahy s Izraelem a Sýrií, s oběma palestinskými frakcemi Hamasu a Fatahu, s Irákem a Íránem a samozřejmě s Evropskou unií a Spojenými státy.
Abych si posoudil parametry této nové zahraniční politiky, nasedl jsem na lůžko a odjel do turecké hlavní města Ankary, abych navštívil jednoho z vůdců AKP, odborníka na zahraniční politiku, tureckého premiéra Suata Kiniklioglu.
Další den ráno - asi o deset a půl hodiny později - po rozrušeném výletu, který vyvolal kadence starého světa ve slavném dokumentárním filmu The Night Mail, jsem dorazil do tureckého hlavního města - nového města, které mělo vládnout novému sekulárnímu státu, daleko od osmanské minulosti.
AKP, s jasnými islamistickými kořeny, však představuje paradigmatickou změnu v tureckém konsensu.
který vzbudil nějaké podezření na Západě a zejména ve Washingtonu.
Taxi mě odveze do ústředí AKP, ultramoderní stavby z kamene a oceli - postavené ad hoc - v rozvojovém předměstí, obklopené středně postavenými obchodními centry a "mocnými cukráři", kde se střední třída manažerů v obchodních kostýmech - muži a ženy - schází v první hodině ráno, aby se dohodli/udělali obchod.
Suat Kiniklioglu by mohl být středověkej politik téměř jakékoliv strany v Evropě.
Oblek, kravata, jsem si jistý, že on ještě má Blackberry.
"Cílem zahraniční politiky strany je znovu začlenit Turecko do jeho bezprostředního sousedství.
Studená válka byla anomálie", říká.
Turecko bylo odříznuto od vztahů s jeho vnitrozemím.
Dneska se musí dívat na východ i západ.
Není to případ, pokud to není na jednu nebo na druhou stranu.
Musí to udělat obojí.
"Ale jistě v určitém okamžiku", ptám se, "Turkey by mohla být nucena zvolit? "
"Turecko", odpovídá, "nechce se s tím vybrat".
Dále zdůrazňuje bod, který mi téměř všichni, s nimiž jsem do té doby mluvil, recitovali téměř na paměti: vztahy, které Turecko má nejen s Blízkým východem, ale i s Kavkazem a celým Černým mořem, jsou prospěšné pro Evropu a Spojené státy, stejně jako pro Turecko.
Zdá se, že s Tureckem na palubě může Evropa v rámci svého komplexu metaforicky postavit ty železniční linky, které otevřou svět k východní Asii a Střednímu východě.
Opět na Hydarpasha Station, po druhé noci bez spánku, se mé myšlenky vracejí k těm dvěma německým pánům, pánům Ritterovi a Conuovi, kteří byli svědky výstavby této budovy před 100 lety.
Jak by vás překvapilo, že evropské ambice v Středním východě jsou dnes do značné míry v rukou Turecka?
A čekám na terminál na trajekt, který mě vezme zpět přes Bosor, a pamatuju si, že v té době se Turecko považovalo za "chorobného muže Evropy".
Není tedy pochyb o tom, na kterém kontinentu se tato fascinující země musí stáhnout.
Životy, které si pamatujeme: Vernon Handley a William Woodruff
Mark Brown píše: jako hudební ředitel Guildfordu od roku 1962, Vernon "Tod" Handley (vlevo, 11. září) byl zodpovědný za Guildfordský filharmonický orchestr a sbor.
Jako součást hudebního projektu pro město, v následujícím roce založil svůj nádherný mládežnický sbor, Proteus.
Měl to být pro mladší 21 let, ale když Proteus zpíval svůj závěr v roce 1979, někteří z nás byli už na konci 20. let - jen jsme odmítli jít až do sboru.
Jméno "Proteus" (mitologická bytost měnící tvary) představovalo vůli a schopnost sboru hrát jakoukoliv hudbu, která mu byla představena, ať už madrigál nebo Messiaen, bez ohledu na to, zda je bez doprovodu nebo s kompletním orchestrem.
Hudobní všestrannost, kterou tento mladý sbor vyráběl, byla často překvapující, vždy vzrušující, a to vše díky jeho inspiraci a nadšení pro hudbu, které zůstalo naprosto konstantní po celá léta.
Tod nám často říkal, že musíme nechat hudbu mluvit sama za sebe.
Řekl by: "Kompositér ví, co chce.
Je to všechno v hudbě.
Takhle se jen zpívá!"
Jeho hůl byla vždy naprosto jasná a přesná, ale nikdy ne mocná, ani příliš květná.
Ať už byl hudební skandál jakýkoliv, vždy skončil na ještě vyšší úrovni.
John Frayn Turner píše:
Jestli by nějaký řidič měl být gentleman, tak to je Vernon Handley.
Znal jsem ho velmi dobře během dvou desetiletí, kdy vedl Guildfordskou filharmonii od roku 1962 do roku 1982.
Zvláště za posledních 40 let jsem si prošel více než 100 jeho koncertů a mohu upřímně říci, že jsem nikdy nebyl zklamaný žádným z nich.
Tod Handley měl tu vzácnou kombinaci velikosti a extrémní osobní skromnosti.
Nenáviděl řidiče, kteří, jak řekl, "prodávali jen jednoho nebo dva velmi známé válečné koně po celém světě".
Bude nám chybět.
William Woodruff
Profesor John Beckett píše:
ve svém pokračování William Woodruff (25 září) tvrdíte, že "v roce 1946 se znovu začal učit ekonomickou historii v Oxfordu a v roce 1950 získal Houblon-Normanův výzkumný stipendium... současně studoval na bakalářský titul, magisterský a doktorský titul".
To se dozvídáme z poznámky autora Woodruffa v Beyond Nab End, ale není to úplně správné.
V letech 1946 až 1953 byl profesorem ekonomické historie na Nottinghamské univerzitě, během které dokončil doktorskou práci o britském průmyslu kaučuku, kterou dohlížel profesor J.D. Chambers a později publikoval v roce 1958 pod názvem The British Rubber Industry.
V letech 1950-51 strávil ve Spojených státech, kde si užíval Houblon-Normanova stipendium, a v létě 1952 na univerzitách v Illinois, Harvardu a New Yorku.
V roce 1953 definitivně opustil Nottingham pro Illinois.
Důvod, proč Woodruff se rozhodl tuto část své kariéry přehlédnout, zůstává neznámý.
J. Vicente Resino na Filologické fakultě
"Doporučuji výstavu Jose Vicente Resina "Flamenco a život", protože jeho fotografie v černém a bílém, dokumentární styl, jsou fantastické.
Všimla jsem si jejich jednoduchosti a síly, které přenášejí, vždy zacházející s hlavními postavami s velkým respektem.
Výstava, která ukazuje hodně citů.
Resino dokáže zachytit magické momenty".
Druhý cvik pro superprodávajícího Hondy
V listopadu začne Honda prodávat druhou generaci Jazz.
Pokud předchůdce již měl širokou ubytovatelnost, tento nový monovolumen představuje ještě větší vnitřní prostor.
Navíc jsou na to použity vylepšené mechaniky, které zvyšují pohodlí a šetří palivo.
Evolucie proti revoluci.
Takhle vypadá druhá generace Hondy Jazz.
Ačkoli nový Jazz je esteticky velmi podobný modelu, které se děje, změny v tomto monovolumu jsou četné.
Mezi další prvky patří inovativní design, nová platforma, větší rozměry a nové mechaniky.
Před analýzou nového modelu je však třeba poznamenat, že nový Jazz přichází šest let po uvedení první generace na trh.
První poznámkou je tedy, že Honda tuto formu obnovila v kratším čase než ostatní výrobci.
I když je Jazz v Evropě méně známý, na jiných trzích je tento model prodejní fenomén.
Tak je tomu v Japonsku, kde byl Jazz nejprodávanějším vozem v roce 2002 a také v roce 2008.
Přesně v Japonsku se od jeho uvedení prodalo téměř milion kusů Jazzu.
Druhým trhem byl starý kontinent, který za šest let prodal asi půl milionu kusů.
Nicméně Honda si přeje, aby tento nový Jazz umožnil zvýšit prodej v rámci segmentu.
Zatímco v roce 2007 japonská firma prodávala celkem 83 000 vozů modelu Jazz, v roce 2009 se odhaduje na 100 000 vozů, což by znamenalo růst o 17% na evropském trhu.
Na španělském trhu Honda od roku 2002 prodávala celkem 8 000 vozů modelu Jazz, což představuje 6,7% celkového prodeje Hondy ve Španělsku.
Pokud jde o novou generaci, představitelé španělské pobočky doufají, že v průběhu celého roku prodat 2000 kusů Jazz.
Příchod nového Jazz umožní Hondě značně zmírnit pokles prodeje ve Španělsku.
V podstatě se lidé zodpovědní za značku očekávají, že do konce roku prodá celkem 22 000 kusů, což je o 4 000 méně než v roce 2007, což je pokles o 16%.
Přestože se prodej zvýšil, Honda zvýšila svůj podíl na trhu ve Španělsku, dosáhla 1,8%, oproti 1,6% v loňském roce.
Japonský podnik rovněž očekává, že dosáhne 2% v roce 2010.
Honda se snaží dosáhnout tohoto podílu tím, že se spoléhá na další nový model.
Jedná se o pětidveřový kompaktní hybrid Insight, který má délku 4,37 metru a jehož japonská společnost očekává, že prodá kolem 200 000 kusů ročně po celém světě.
Podle odhadů japonského výrobce bude 50% prodeje Insight vyráběno ve Spojených státech, zatímco zbývající procento bude rozděleno mezi Starý kontinent a Japonsko.
Komerční uvedení Insight je naplánováno na první měsíce roku, po jeho prezentaci v měsíci lednu ve Valencii.
S ohledem na první generaci, nový Jazz roste ve všech jeho částech.
Její délka dosahuje 3,90 metrů (pět centimetrů více), šířka 1,69 metru (dva centimetry více) a vzdálenost mezi osy až 2,50 metru, což znamená nárůst o pět centimetrů.
Výška se však nemění a je 1,52 metrů.
Spolu s růstem rozměrů roste i obytnost vnitřku.
Tento zisk je způsoben na jedné straně novou plochou a na straně druhé zavedením centrálního palivového skladu, což bylo řešením také u předchozího modelu Jazz.
Kapacita kufru - který má systém s dvojitým dnem - se zvyšuje na 399 litrů, což je o 19 litrů více než kapacita kufru první generace.
Je třeba poznamenat, že tyto měření jsou z verze s motorem 1.4, protože kapacita kufru Honda Jazz 1.2 je 379 litrů.
Dalšími vylepšeními - kromě vnějšího vybavení, jako jsou zadní LED nebo možnost montování panoramatického skla - je zlepšení přístupu k zadním sedadlům.
Dveře, které vedou do druhého řádku, mají úhel otevření 80 stupňů, oproti 67 stupňům prvního Jazzu.
Noví motory jsou také ve druhé generaci Jazzu.
Při zahájení prodeje bude mít tento malý model dva benzinové pohonné jednotky o objemu 1,2 a 1,4 litru.
Obě mechaniky obsahují technologii i-VTEC, která dosahuje nižší spotřeby, méně emisí CO2, dosahuje vynikajícího mechanického zpracování a zároveň dosahuje vysokého páru v celém režimu motoru.
První mechanika o objemu 1,2 litru má výkon 90 koní při 6000 otáčkách s maximálním párem 114 Nm při 4 900 otáčkách.
Tento pohon - který v předchozím Jazz dosahoval 78 koní - má spotřebu 5,3 litru a emise 125 gramů CO2.
O předchozí generaci se jedná o 83 koní, nyní je to 100.
Tento Jazz 1.4 o výkonu 100 koní dosahuje kombinované spotřeby 5,4 litru a 128 gramů CO2.
'Pleví vůz' se brání kolize
Aby se pokročilo v rozvoji technologií pro prevenci nehod, byl Nissan tentokrát inspirován přírodou, konkrétně včely.
Japonská společnost vytvořila robota, který se vycházejí z letu včel a zabraňuje nehodám.
Toto je Bio-mimetický automobilový robotový pohon, nebo BR23C, který představuje první krok v technologiích pro předcházení kolize.
Inženýři z Advanced Technical Center společnosti Nissan Motor Co. vyvinuli tohoto malého robota ve spolupráci s Centrem pro výzkum pokročilé vědy a technologií na prestižní univerzitě v Tokiu v Japonsku.
Podle Kazuhira Doiho, generálního ředitele pro PR pro technologii a výzkum a vývoj značky, BR23C je prezentován jako rozšíření čtyřoblastního bezpečnostního štítu společnosti Nissan.
Tento robot má posílit schopnost předcházet kolize vozidel značky.
Během letu si každá včela vytváří svůj vlastní ovalně tvarovaný prostor, který je velmi podobný Nissan Safety Shield.
Ale nejdůležitější jsou včelí složité oči, které jsou schopny vidět ve všech směrech více než 300 stupňů, což jí umožňuje bez přerušení létat do svého osobního prostoru.
Aby se tato vizuální funkce znovu objevila, inženýři navrhli laserový lokaliser (Laser Range Finder).
Tento systém detekuje překážky, které se nacházejí do vzdálenosti dvou metrů v okruhu 180 stupňů před BR23C, vypočítá vzdálenost k tomuto objektu a pošle signál palubnímu mikroprocesoru, který okamžitě přispívá k prevenci srážky.
"Moment, kdy si malý robot všimne překážky, napodobí pohyby včely a okamžitě změní směr tím, že obrátí kola na rovný nebo větší úhel, aby se zabránilo srážce.
Největší rozdíl od všech stávajících systémů je, že únikový manévr je zcela instinktivní.
Kdyby tomu tak nebylo, nebyl by schopen reagovat dostatečně rychle, aby se vyhýbal překážkám", vysvětluje Toshiyuki Andoh, ředitel Mobility Laboratory a hlavní inženýr tohoto projektu.
Na rozdíl od včely se robot nemůže pohybovat nahoru nebo dolů ani diagonálně. Může se pohybovat pouze ve dvou dimenzích a ve směru, který mu umožňuje otáčet kola, a ne v nekonečných směrech a způsoby jako včely.
Proto Nissan použil funkci otáčení, kromě zrychlení a zpomalení, aby malý robot zabránil srážkám.
"Tento přístroj potřebuje pouze zpracovávat informace každých pár sekund a jednat podle těchto dat.
Nepotřebuje ukládat informace ani intuitivní logiku předchozích manévrů, takže může fungovat nepřetržitě s pouhými pár desítkami KB paměti.
Možná vás to překvapí, ale my tady nemluvíme o gigách paměti, ani o megách".
Je to první krok k vývoji nových technologií pro okamžité předcházení srážkám, technologie, kterou Nissan předpovídá, že bude uvedena do sériových vozů do deseti let.
Robot používá lithiové polymérové baterie, které jsou lehčí a trvalejší než lithiové iontové rozpětí.
Další možnou budoucí aplikací této technologie by mohlo být integrace jednotky s satelitním navigačním systémem GPS, který by vedl řidiče k cíli a předešel překážkám na cestě.
Před hypotékou se třesejte
Je třeba uznat, že americké ministerstvo financí, kromě toho, že má spoustu tekutiny na injekci, není bez vynalézavosti.
V souvislosti s krizí a aby se Američané nechali vybírat do hypoték, které jsou v bankách s pochybnými úvěry, vytvořili zajímavou a informativní hru pro prohlížeče: Bad Credit Hotel.
Takže "Hotel špatných kreditů" nebo "Hotel zmatků".
Nešťastný aspekt tohoto ubytování a zejména jeho recepce je, že se musíte jednou, dvakrát, dokonce i třikrát zamyslet, jestli je čas požádat o úvěr.
A hlavně, kde to udělat, což je pravděpodobně jeho cíl.
Je pravda, že máte užitečné informace, ale ne příliš detailní.
Je to spíš stránka pro teenagery než pro veřejnost.
Co když hra skončí?
No, tak se objeví senový pokoj uvnitř hotelu.
Něco je něco, protože koupit lepší dům ani jsme nemluvili...
Morgan Stanley prodává podíl japonské MUFG
Morgan Stanley oznámil vstup Mitsubishi UFJ Financial Group (MUFG), první japonské banky, do svého kapitálu, která vyplatí devět miliard dolarů, aby získala 21 % svého kapitálu, což byla zpráva, která byla přijata s prudkým poklesem jejího obchodního kurzu.
Týden poté, co objevili dočasnou dohodu, obě banky vysvětlily, že MUFG bude kupovat 9,9% obecných akcií Morgan Stanley za cenu 25,25 dolarů za jednotku, tedy částku tří miliard dolarů.
Dohodnutá cena je nižší než 19% účetní hodnoty cenných papírů k 31. srpnu.
MUFG investuje dalších 6 miliard dolarů do nákupů konvertibilních cenných papírů, což mu zajistí 10% návratnost a konverzní cenu 31,25 dolarů.
Morgan Stanley uvedl, že celkové obchodování by se mělo uskutečnit na základě ceny za jednotku měření ve výši 29 dolarů, což je o 28 % vyšší než jeho současná hodnota.
Akcie Morgan Stanley nicméně ztrácely 6,79% na 23,07 dolarů v 17:00 GMT.
"Tato strategická aliance představuje významnou příležitost k urychlení přechodu Morgan Stanley k statusu bankovního holdingu", vysvětlil Juan Mack, generální ředitel americké skupiny.
Morgan Stanley přijal tento nový statut minulý týden, který by mu měl umožnit diverzifikovat své aktivity, ale on to dělá pod autoritou Federálního rezervního systému.
Její spojenectví s MUFG také potvrzuje, že současná finanční krize nutí největší jména na Wall Street k mnohem opatrnějšímu chování než dříve.
Podmínky předložené minulý pondělí také ukazují, že dohoda byla v posledních dnech změněna: minulý pondělí Morgan oznámil, že prodá až 20% svých akcií Japoncům za téměř 8,5 miliardy dolarů.
"Před týdnem", vysvětlil v Tokyu Toshihide Mizuno, výkonný ředitel MUFG, "mysleli jsme, že by se podílovost skládala jen z běžných akcií.
Ale vzhledem k současnému stavu ekonomiky a trhu jsme chtěli minimalizovat rizika a krýt se".
Na základě vážené průměrné ceny zaplatí MUFG své dluhopisy Morgan Stanley o 7% pod jejich účetní hodnotu.
A operace se bude promítat v rozpuštění přibližně o 20% zisku na akci.
Dohoda stanoví, že MUFG bude moci během jednoho roku převést polovinu svých preferenčních cenných papírů na běžné akcie, pokud se tyto akcie během určitého období prodávají o více než 50% nad jejich převodní cenu, tedy o 47 USD více nebo méně.
Morgan Stanley tvrdí, že kapitál poskytnutý MUFG mu umožní využít investiční příležitosti, posílit svůj rozvah a zvýšit svou likviditu.
Mluvčí skupiny však odmítla poskytnout podrobnosti o strategických projektech obou nových spojenců.
Po investici MUFG by Morgan Stanley měl vykazovat solventnostní rámec Tier 1 přibližně 15%, což je jeden z nejlepších v tomto odvětví.
Morgan musel od konce srpna hodně zmírnit svůj účetní rozvahu.
Poslední týdny byly pro skupinu vyčerpávající, protože její burzovní obchodní hodnota klesla o polovinu, zatímco náklady na zabezpečení proti riziku vad nad dluhem se prudce zvyšovaly.
Tento náklad klesal minulý pondělí, ale zůstal na vysoké úrovni, kolem 12%.
Minulý týden Goldman Sachs, jediný další "přeživší" velkých investičních bank na Wall Street po bankrotů Bear Stearns a Lehman Brothers a nákupu Merrill Lynch, oznámil, že získal 15 miliard dolarů, částečně pro Berkshire Hathaway, Warren Buffettův tým.
Rafael Correa v Quitu, tento pondělí.
Znovuzaložit republiku kolem socialismu 21. století.
Je to společný projekt Venezuela Huga Cháveza, Bolivie Evo Moralese a Ekvádora Rafaela Correa.
V neděli, podle příkladu svých kolegů a přátel, je to třetí den, kdy se hlasovalo o návrhu nové ústavy.
Mise splněna, protože 64% voličů hlasovalo pro referendum, podle oficiálních výsledků, které se týkaly 80%.
Podle těchto výsledků "ne" získala 28%, 7 % hlasů byly nulové a 0,7% byly prázdné hlasy.
Aby byl návrh ústavy přijat, musel získat polovinu hlasů plus jeden.
V neděli dva průzkumy provedené na východě z volebních míst a počítání ze strany nevládní organizace oznámili, že "ano" vyhralo, odhadováním mezi 63% a 70%.
Rafael Correa také v noci od neděle do pondělí prohlásil vítězství svého návrhu Ústavy.
"Konstituce překonána", řekl, když blahopřál Ekvádorcům, kteří vedou vládu v Guayaquil, 280 kilometrů jihozápadně od Quita.
Rafael Correa byl tak blahopřátel Chavezem a Moralesem, ale také jeho čilskou kolegou Michaelou Bacheletovou.
Volby, které se budou konat v naprostém klidu, podle pozorovatelské mise Organizace amerických států (OAS), se týkaly 444 bodů, které upevňují "nový socialismus", který prezident obhajoval.
Návrh ústavy znamená zvýšení moci státu nad ekonomikou, a to tím, že mu je vyhrazeno "plánování rozvoje" země, která žije v podstatě díky těžbě ropy ze strany zahraničních společností a díky měně, kterou posílají emigranti.
Návrh, který vede Correa, zvolený v roce 2006, rovněž poskytuje posilované pravomoci hlavě státu, který může vykonávat až dva po sobě jdoucí mandáty po čtyři roky a bude mít možnost rozpustit Shromáždění.
Correa už oznámil, že využije tuto moc a bude usilovat o nové funkční období v únoru 2009.
Ústava dále upevňuje princip bezplatné zdravotní péče a vzdělávání, který prezident začal zavádět v této zemi s 13,9 miliony obyvatel, ve které 50 % obyvatel žije pod prahem chudoby.
Konečně se stanoví zákaz přítomnosti zahraničních vojsk, což ukončí dohodu mezi Quitem a Washingtonem o využití ecuadoriánské základny jako výchozí místa pro americké operace proti drogám.
V Čadu propuštěno 19 únosců
Egyptské velitelství zahájilo útok na únosce 11 turistů a jejich osmi doprovodů, kteří byli před deseti dny zajatí.
Jsou v Káhiře.
Jedenáct evropských turistů a jejich osm egyptských doprovodů, kteří byli před deseti dny unesení v poušti, dorazili v egyptské hlavní městě bez zranění poté, co byli v pondělí odpoledne propuštěni.
Ráno je osvobodily egyptské speciální jednotky v Čadu.
Všichni vypadali dobře, když přijeli v 15:30 na palubě speciálního letadla na vojenskou základnu v Al Maza, která je vedle mezinárodního letiště v Káhiře.
Helikoptery je okamžitě přepravily do nemocnice v Maadi, rezidenčním předměstí Káhiry, aby podstoupily lékařské testy, takže nebyli schopni mluvit s novináři.
"Jsou v dobrém zdravotním stavu" a "nikdy nebylo vyplaceno žádné výkupné" únoscům, prohlásil na letišti egyptský ministr cestovního ruchu Zoheir Garana.
19. září padli do rukou 35 neznámých únosců, kteří je uchytili při safari na silnici v pouštní oblasti pod horou Ouanat, na hranici Egypta, Súdánu a Libye, a od té doby se stěhovali z jednoho Zulu do druhého.
Skupinu tvořilo jedenáct turistů - pět Italů, pět Němců a jedna Rumunka - a osm Egypťanů: dva průvodci, čtyři řidiči, pohraniční stráž a ředitel cestovní agentury Aegyptous, který byl odpovědný za organizaci safari.
Egyptský bezpečnostní úředník uvedl, že 30 členů speciálních sil, přepravovaných na palubě dvou vrtulníků, zahájilo útok během noci před svítáním.
" Došlo k střelbě a polovina únosců byla zabita, ostatní utekli", řekl jeden z úředníků, který si ponechal jméno.
Podle něj bylo 150 členů egyptských speciálních sil z jednotky "ráž" posláno do Súdánu, kde měli podporu německých a italských komandosů.
Italský ministr zahraničí Franco Frattini se v Belgradu zmínil o roli tajných agentů a členů italských speciálních sil.
"Musíme uznat, že jsme dosáhli tohoto výsledku díky profesionalismu a efektivitě našich mužů z tajných služeb, speciálních sil", prohlásil bez podrobností.
A také popřel výkupné.
Předchozí den sudánská armáda prohlásila, že během hlídky zajela todrén, na kterém byli únosci, a že jich zabila šest, včetně čadského velitele a zatkla dva.
Tvrdil také, že jsou spojeny s rebelskou skupinou v Darfuru, Hnutí pro osvobození Sudánu-Jednotě (SLA-U), což tato skupina okamžitě popřela.
Písma - Tichá většina kultury
Debata o financování kultury se stala hlavním tématem a zabírá aktuální volební kampaň.
Takhle to bude lepší.
Ale jeden aspekt našeho kulturního života zůstává vždy zapomenutý.
Kdo se postaví a bude vypovídat o mizerných penězích, které jsou rozdávány malým muzeím, archivům, archeologickým výkopům nebo národním historickým místům, které umírají hlady?
Jaký politik se opovažuje připomínat federálnímu vládě, že zanedbává své památky a historické budovy?
Proč nemáme skutečné zákony, které by skutečně zachovaly naše dědictví, jako v Kanadě a v Quebecu?
Věděla jsi, že francouzská vláda věnuje tři a půl milionu eur na obnovu pouze zámku Chinon v údolí Loiry?
V USA je v ústavě napsáno, že ochrana dědictví je součástí americké kultury a že toto dědictví musí být chráněno všemi občany, všemi zvolenými a všemi vládními oddělenostmi, a to vše v souladu.
V Quebecu, ve federaci historických společností Québecu, se nejméně 40 000 dobrovolných lidí, seskupených ve 211 společnostech historie, dědictví, archivů a genealogie, stará o to, aby se v historii podívala, aby s malou penězi uchovala hromady soukromých archivů a uchovala archeologické pozůstatky.
Jsou to ti, kteří jsou často strážnými psy našeho dědictví, kteří energicky a zoufale protestují, když developerové a správci házejí buldozery na naše staré kameny a naše zapomenuté hřbitovy.
Kdy? Památník pro dějiny a dědictví?
Nizozemské vlády znárodňují část Fortis Bank.
Nizozemské státy - první v Evropě - pomohou s nacionalizací belgiko-holandské banky Fortis, která je v nouzi kvůli účinku hypotékární krize na americkém trhu: všechny tři země podporují tuto finanční a pojišťovací instituci, která má také obchody v Maďarsku, celkem o 11,2 miliardy eur.
Tento víkend vedly vlády Belgie, Lucemburska a Nizozemska konzultace na nejvyšší úrovni s prezidentem Evropské centrální banky a odpovědným za hospodářskou soutěž Evropské komise.
Fortis Bank je první, kdo v rámci mezinárodní finanční krize, která probíhala v několika vlnách před více než rokem, utrpěl krizi v eurozóně, a proto rozhodnutí přijatá ve vztahu k Bankě mohou být v jistém smyslu považována za precedens.
Podle rozhodnutí přijatého v neděli ráno budou tři státy kupovat zhruba polovinu (49 procent) majetku, který banka vlastní ve své oblasti.
Banka jistě prodá část svých podniků, mezi nimiž jsou zejména činnosti - především pojišťovny - zakoupené minulý rok od holandského ABN Amró.
Akcie Fortisu začaly minulý týden silně klesat a do druhé poloviny týdne se již v instituci viděly významné známky krize.
Analytici se však shodují, že s 85 tisíci zaměstnanci je tato banka příliš velká, aby se mohla nechat zbankrotovat.
Akcie společnosti se v pátek propadly o 12 procent, což je nejnižší bod za posledních 14 let.
Od ledna se hodnota akcií snížila o více než dvě třetiny.
Při současných cenách akcií je celková hodnota kapitálu skupiny na trhu kolem 14 miliard eur, ale podle vedoucích pracovníků společnosti to není skutečné.
Ředitelství banky připisovalo prudký pokles akcií Fortisu nejistotám na americkém trhu v souvislosti s schválením amerického balíčku na 700 miliard dolarů.
V pondělí se akcie již mírně zvedly.
V pátek byl jmenován Filip Dierckx jako nový generální ředitel banky.
Banka také hledá soukromé investory, ale zatím nikdo neposkytl konkrétní nabídku.
Belgická vláda již dříve ujišťovala, že investoři se nemusí bát, že neztratí své peníze.
Mezi zákazníky banky se zatím nenarazila žádná panika, nikdo neútočil na bankovní kanceláře, aby si vybral peníze.
Fortis má vlastní pobočku v Maďarsku a také koupil leasingové společnosti.
Fox v kuřecího domu
Ve Spojených státech, když životní a zdravotní pojišťovny vidí údaje o nákupu léků, často odmítají podepsat pojišťovací smlouvu.
Odborníci na ochranu osobních údajů se obávají, že trh s osobními údaji se stane nekontrolovatelným.
"Existují programy ochrany osobních údajů, které při použití údajů z receptů ve všech případech souvisejí s souhlasem dané osoby.
Musí být v nezávislých rukou, protože jinak "připustíme kuřecí dům lišku", cituje Washington Post Richarda Dicka, návrháře programu pro sledování lékařských předpisů.
Pojišťovny určují cenu pojištění a částku odškodnění podle zdravotního stavu klienta, a pokud si myslí, že je to příliš riskantní, prostě se do smlouvy nedopustí.
Dříve poslali klienta na lékařskou kontrolu a podepsali s ním smlouvu, když už věděli výsledek kontroly.
Před deseti lety Dick vymyslel mnohem levnější postup: s identifikačním číslem zákazníka snadno získává z lékárny seznam léků zakoupených za poslední rok a půl a samotný program vyvodí závěr o nemocích a zdravotním stavu zákazníka.
Například pokud pravidelně užíváte velké dávky tablet na snížení cholesterolu, znamená to, že máte téměř nevyléčitelně vysoký hladin tuku v krvi, takže jste okamžitě zařazen do vyšší rizikové kategorie.
Obíhají mnoho verzí programu, některé dokonce stanoví číslo rizika, takže pojišťovna kromě správy nemá co dělat, i když existují malé potíže.
Mezi nevýhody programu patří například to, že některé léky jsou víceúčelové, například některé látky slouží jak k léčbě bolesti hlavy, tak k léčbě horka, a dokonce i jako antidepresiva.
To druhé je pro pojišťovny významným faktorem zvyšujícím riziko, zatímco to druhé ne.
Pro konzultaci a zpracování těchto údajů byly vytvořeny speciální společnosti, které před získáním potřebných informací od lékáren požadují souhlas pacienta.
Úřady je k tomu nucují, i když jim zatím nebyla uložena žádná pokuty za nedbalost.
Některé společnosti v poslední době také vypracovávají výsledky laboratorních testů a připojením k údajům o užívání léků získávají přesnější informace o zdravotním stavu pacienta.
Stále více společností má přístup k těmto datům a současně je stále obtížnější kontrolovat jejich využití.
Existují zákony o ochraně osobních údajů o zdraví, ale platí pouze pro pojišťovny a poskytovatele zdravotních služeb.
Kongres už má návrh zákona, který dává autoritě právo kontrolovat společnosti specializované na poskytování osobních údajů.
Dick Richard uznává, že to není dostatečné, a proto vyvinul svůj program, který bude vyžadovat specifické souhlasy od osoby, která poskytne své vlastní osobní údaje.
Je to jiná věc, že takový člověk nemůže odmítnout jeho schválení, protože jinak pojišťovny s ním nepodepíší smlouvu.
Takže slepice jsou přesto vystaveny dobré vůli lišky.
Celkové menu v Marseille
Evropská unie zdvojnásobuje obchod s Indií
Vzhledem k tomu, že Evropská unie a Indie jsou vzájemně obchodními partnery, tento problém a další témata, která jsou většinou globální, dominovali na jednání 9. summitu.
Dnes se také koná francouzsko-indický summit, který se bude zabývat zejména spolupráci v oblasti jaderné energie.
Přestože Evropská unie uznává, že Indie je velkou rozvojovou demokratickou mocností, která by měla mít větší hlas a hlas v mezinárodních záležitostech, členské země dosud nebyly schopny dosáhnout společného názoru, zda by měly podporovat Nový Dillí jako stálého člena Rady bezpečnosti OSN.
Na devátém summitu, který se včera začal v Marseille, se o tom nemluvil.
Francouzský prezident Nicolas Sarkozy, předseda EU, předseda Komise José Manuel Barroso a hlavní zástupce pro zahraniční politiku Javier Solana přijali premiéra Indie Manmohana Singha, se kterým dospěli k dohodě o zdvojnásobení obchodního obchodu do pěti let, tedy o zvýšení jeho výše na více než sto miliard eur.
Vzhledem k tomu, že mezi lety 2000 a 2007 se obchod s zbožím zvýšil z 25 miliard na 55 miliard, není to příliš ambiciózní cíl.
V tomto smyslu se právně harmonizovalo 26 existujících bilaterálních smluv o civilním letectví s Indií, takže i letecká doprava bude moci létat v budoucnu.
Indie chce do konce roku 2009 podepsat dohodu o volném obchodu s Unií.
Sarkozy slíbil urychlit jednání.
Cílem je rovnováha, protože zatímco EU je hlavním obchodním partnerem Indie, New Delhi je jen devátým obchodním partnerem Unie.
Summit věnoval pozornost globálním záležitostem.
Obě strany odsoudili situaci v Afghánistánu a Pákistánu a terorismus - ve všech jeho formách - a naléhavě vyzvali k svolání konference OSN.
Také bylo urychleno ukončení obchodního liberalizačního kola v Dohá, ačkoli obě strany nesou velkou odpovědnost za jeho neúspěch.
EU potvrdila, že se bude držet svého energetického a klimatického programu, tj. že chce do roku 2020 snížit znečišťující emise nejméně o dvacet procent.
Také Indie s tím souhlasí, stejně jako na příští roce na klimatické konferenci, která by měla dosáhnout globální dohody a snížit produkci skleníkových plynů do roku 2050 o padesát procent.
Chtějí také bránit rostoucím cenám potravin a podpořili svolání mezinárodní konference, která by probíhala v rámci přezkumu finanční krize.
Hlavní představitel Indie dnes odjede do francouzského hlavního města, kde - na dvoustranném setkání - podepíše dohodu o mírovém použití jaderné energie.
Paříž doufá, že francouzské společnosti obdrží zakázky v hodnotě 20 miliard eur na stavbu jaderných reaktorů.
Podle zpráv z agentury by smlouva měla trvat 15 let.
Ve Frankfurtu více než tři sta italských vydavatelů
Silná přítomnost italských vydavatelů na mezinárodní výstavě knih ve Frankfurtu.
Více než tři sta italských vydavatelů se zúčastní 60. ročníku Buchmesse, nejvýznamnějšího mezinárodního setkání pro výměnu práv.
Mezinárodní výstava knih ve Frankfurtu očekává více než 7 tisíc vystavovatelů z 102 různých zemí, kteří budou obsadit 171.790 čtverečních metrů výstavy s více než 403 tisíci výstavami a s Tureckem jako čestným hostem.
V rámci slavnostního otevření italského pavilonu bude italskou vládu zastupovat náměstek ministra kulturních statků a činností Francisco Maria Giro. Itálie bude institucionálně a skutečně přítomna s jedním bodem Itálie - 264 m2 výstavního prostoru.
Poté bude v pavilonu 5.0 Buchmesse v Room Struktur konat setkání s tiskem, kde se představí čísla, trendy a perspektivy o stavu vydavatelství v Itálii.
Podle údajů se váha knih zahraničních autorů na celkovém italském produkci, a zejména knih pro dospělé a dospívající, postupně snižuje.
Našli jsme letadlo Steve Fossetta, milionáře, který zmizel před rokem.
Zbytky letadla Steve Fossetta, milionáře, který zmizel 3. září 2007 během letu nad Nevadskou pouští, byly nalezeny.
Zlomky byly nalezeny na vyvýšeném plošině ve výšce 3000 metrů v oblasti Mammoth Lakes v horách Nevady na hranici mezi Kalifornií a Nevádou.
Vnitřku letadla nebyly žádné lidské pozůstatky.
"Letoun byl nalezen, poslali jsme jednotku a nyní máme potvrzení, že je to přesně to, nad čím letěl Steve Fossett v den jeho zmizení", řekl v tiskové konferenci.
Komisař prohlásil, že na palubě ani v okolí nebyly nalezeny žádné lidské zbytky.
Milonář, 63 let, byl předpokládán za mrtvého v únoru.
Americký úřad pro bezpečnost dopravy oznámil, že několik hodin po zjištění zbytků byla vyslána vyšetřovací jednotka, která identifikovala zařízení: je to typické zařízení Bellanca 8kcab, rozptýlené od 3. září 2007, kdy Fossett vzlétl z Yeringtonu v Nevádě na tříhodinový let.
Včera, stále v Kalifornii, nedaleko od hranice Nevady, byly některé osobní pozůstatky Fossetta nalezeny párem poblíž jeho domu v Mammoth Lakes.
Jsou to dva doklady s Fossettovým jménem, oba vydané Federálním leteckým úřadem v Illinois, hotovost a svátek.
Hledání Fossetta bylo přerušeno měsíc po jeho zmizení.
Milionář si získal místo v historii díky dlouhé sérii prvotříd.
V roce 2002, na šestém pokusu, se stal prvním člověkem, který dokázal obletět svět v vzduchovém balónu: dva týdny samotného letu.
O tři roky později jsem se vydal na cestu kolem světa bez přestávek.
Mezi jeho rekordy patří i ten, že letěl na výšce 15 445 metrů nad Andes, ale s kopilotem.
Glk, reklama, kterou nečekáš
UAV mimo schémata s originálním a dobře zavedeným designem s definovanými liniemi a určitými úhly.
Jedná se o poslední zrod mezi "kompaktními" terénovými dodávkami z domu hvězdy, s nimiž se Mercedes-Benz snažil dát nové okno v tomto sektoru.
Právě z důvodu neobvyklého obsahu bude neočekávané a nekonvenční oznámení, které bude doprovázet uvedení modelu Glk, který bude k dispozici v výstavních sálech Mercedes-Benz od 17. října.
Reklamní kampaň, která doprovázela debut nového vozu, zahájila nevídaný způsob komunikace prostřednictvím reklamní kampaně ve 3D, poprvé použité v Itálii automobilovou značkou.
Projekt s maxi-plakaty, rozdělený do tří různých fází, který bude dominovat hlavní ulici milánského nákupního centra, avenue Como, do 15. listopadu.
První fáze tohoto nového typu komunikace začíná představením vozu ve stereoskopické verzi a díky speciálním brýlím distribuovaným na avenue Como bude možné vidět nové SUV v téměř reálných rozměrech a ve třírozměrném formátu.
Když se podíváte na obrázky, máte pocit, že auto vyjde z plakátu.
Následně bude pomocí inovativní technologie Elumina8 nová Glik v různých časech osvětlena ve všech detailech, aby se opět skládla do jednoho obrazu.
Mercedes se s touto reklamou nepochybně snaží přivést něco nového do stereotypu automobilové komunikace.
Dokáže tento vzorec zajmout zájem budoucích kupujících? Uvidíme.
Je jasné, kdo jsou italští hooligáni.
V Trivenetu se hraje zákaz přístupu k sportovním manifestacím.
Jsou to členové skupiny "Ultras Italia", která po léta sleduje italskou národní stranu a která dosud, abych řekl pravdu, nikdy nevytvářela příliš mnoho problémů.
A nikdy se nesetkali s fanoušky soupeře.
Výběr skupiny je na pravé straně.
Podnikatelé jsou z Triveneta.
Z Verony, Padovy, Trieste a Udine.
K těmto z Sofie byla přidána malá skupina (v podstatě jen několik jednotek) z Kampanje a z Puglie.
Mají trojbarvové vlajky, kde je vyznačeno město původu militantů: v sobotu večer byly odstraněny, aby nebyly identifikovány.
Inspirují anglické fanoušky.
V Bulharsku našli skupinu skutečných nacistických fanatiků, ty z Levskiho.
FICC poskytla italským fanouškům 144 vstupenek na zápas: všechny byly již s jmény, takže byly snadno kontrolovatelné.
A ministr vnitra je všechny kontroloval: mezi těmi, kteří vyšli do Sofie, nebyl žádný s Daspo (zákazem přístupu k sportovním událostem) v té době, žádný, který by mu byl zakázán navštěvovat stadion.
Čtyři italští fanoušci, kteří měli záznam o zločinu v stadionech, byli odmítnuti vstupenky a také cestování.
Nyní čeká ministerstvo vnitra na čtení aktů, které přijdou z bulharské policie, aby se rozhodlo: v tomto případě je možné dát Daspo (zákaz přístupu k sportovním událostem) na nejméně pět let fanouškům, kteří byli zatčeni nebo kteří byli identifikováni v nepořádcích.
Mezinárodní Daspo (zákaz přístupu k sportovním událostem), který brání návštěvě nejen italských stadiónů, ale i těch z celé Evropy.
Naši hooligáni už nikdy nevstoupí do stadionu.
Naštěstí!
Ale teď je tu strach z napodobování: aby se k těm pěti desítkám přidali další.
"Musíme okamžitě uhasit tento požár a nelegitimovat toho, kdo se takto chová", tvrdí z ministerstva vnitra.
Proto "s očima otevřenými", zejména s ohledem na zápas v národní soutěži ve středu v Lecce".
V Apulii je také malé jádro podporovatelů Ultras Italia.
Zítra se sejde Observatorium, v úterý Cams, který může mít také sekci Aise (informační a bezpečnostní agentura, to znamená tajná služba, která se zabývá vlastními problémy ve stadionech.
"Ducé-Duce a zvednutí ruky při hymně Mameli?
Takto se domnívá (vyjádřený nešťastným způsobem) Domenico Mazzilli, který je už několik týdnů ředitelem Observatoria ministerstva vnitra (přesně za něj působil Francesco Tagliente a poté Felice Ferlizzi).
Mazzilli byl šéfem veřejné bezpečnosti v Trieste, kde je jádro podporovatelů skupiny Ultras Italia, založené v roce 2002.
Je pravda, jak říká Mazzilli, že v Bulharsku není trestný čin oslavit Duce, ale ano, chování těch 150-200 fanoušků bylo ostudné.
"Nejsem sociolog", dodává číslo 1 z Observatoře. "V zemích, kde se to děje, se zločiny připisují.
Doteď se tato skupina chovala dobře. Teď se podíváme, co se stalo, a budeme to brát v úvahu pro budoucnost.
Ale promluvme také o pískání na hymnu Mameli: také to není zločin, ale pokud dovolíte, nejsou to ani výchova... "
