Trionfo dei populisti di destra in Austria, hanno il 29 per cento del totale
Secondo i risultati preliminari, le elezioni anticipate in Austria hanno significativamente indebolito i due partiti che formano l'attuale grande coalizione e hanno notevolmente rafforzato i partiti populisti.
Il Partito popolare austriaco (ÖVP), dove la posizione dell'attuale presidente Wilhelm Molterer è seriamente minacciata, ha subito perdite particolarmente significative.
Il leader elettorale dell'Unione per il futuro dell'Austria (BZÖ), il governatore della Carinzia Jörg Haider, invece, sta preparando un ritorno trionfale sulla scena politica nazionale.
Secondo i risultati preliminari, i Socialisti (SPÖ) rimangono, con il 29,8% dei voti, la prima forza politica del paese, tuttavia, rispetto alle elezioni del 2006, hanno perso il 5,5%.
L'ÖVP, che con il 25,6% ha perso quasi il 9% dei voti, ha finito ancora peggio.
Si tratta dei peggiori risultati dei due grandi partiti del dopoguerra, in particolare per il partito popolare, che ha indotto le elezioni anticipate, il risultato è letteralmente catastrofico.
All'inizio di luglio, quando l'ÖVP si è ritirato dalla coalizione, il partito popolare aveva un notevole vantaggio sul SPÖ.
Ma gli elettori li puniscono evidentemente per aver lasciato che il governo crollasse.
Dalle prime reazioni ai risultati, si è parlato di una possibile dimissione del capo del partito e attuale vice-cancelliere Wilhelm Molterer.
Gli osservatori ritengono che questo possa accadere già lunedì, durante il consiglio straordinario della direzione del partito.
Tale evoluzione faciliterebbe a priori la strada verso l'esito dell'elezione che rimane il più probabile, ossia il rinnovo della grande coalizione SPÖ e ÖVP.
Tuttavia, con il rafforzamento dei due partiti populisti di destra - i Liberi (FPÖ) avrebbero ottenuto l'18% e il BZÖ l'11% dei voti - i socialisti hanno espresso simultaneamente il timore di una ripetizione del 1999, quando il Partito popolare si è accordato con i populisti (al tempo il FPÖ era ancora unito, il BZÖ si è separato da esso nel 2005) su un governo comune, che ha persino suscitato sanzioni da parte dell'Unione europea.
Haider, che ha già dichiarato di essere pronto a collaborare con qualsiasi partito e che prevede di tornare a Vienna, sulla scena politica nazionale, apparentemente posta su questa evoluzione.
L'ultimo partito ad avere accesso al Parlamento sono stati i Verdi, che hanno però perso un po' e sono tornati dal terzo al quinto posto tra i partiti politici austriaci.
Evidentemente nessun altro partito ha superato il limite del 4% e ha raggiunto il parlamento.
Schwarzenberg: "Le relazioni con l'India rischiano di raffreddarsi"
Se non si riuscirà a risolvere il problema dei ricercatori cechi accusati in India di raccolta illegale di scarafaggi, secondo il ministro degli Esteri ceco Karel Schwarzenberg, si potrebbe verificare un certo raffreddamento delle relazioni ceco-indiane.
Il ministro ha dichiarato questo oggi a New York, dopo aver incontrato il suo omologo indiano Pranab Mukherjee.
"Se il problema non fosse risolto, allora sì, si sarebbe verificato un certo raffreddamento", ha affermato dopo la riunione, realizzata in seguito a un'iniziativa ceca.
Mukherjee ha detto, uscendo dai colloqui, che il potere esecutivo potrebbe difficilmente intervenire in questioni giudiziarie.
Tuttavia, ha detto che nel caso di Petr Švácha, che è stato scartato dall'accusa e condannato a multa, il governo centrale può negoziare con il governo locale di Darjeling, poiché il caso è sotto la giurisdizione del Darjeling.
"Il suo problema potrebbe essere risolto", ha detto il ministro.
Mukherjee ha detto che la soluzione migliore per Emil Kučera, condannato a tre anni di prigione, sarebbe stata quella di fare appello a un tribunale superiore.
Quindi potrebbe chiedere la liberazione su cauzione e attendere il giudizio in libertà, ha spiegato.
Schwarzenberg ha confermato che il suo partner ha espresso lo stesso parere anche durante i colloqui.
"Il suo consiglio è di fare appello a un tribunale superiore, e quindi potrebbe essere graziato", dice il capo della diplomazia ceca.
L'unico modo in cui la parte ceca può intervenire in questo caso è fornire ai condannati "un sostegno legale competente", ha detto il ministro indiano.
Ha anche detto che l'India aveva già dato loro aiuto.
"Desideriamo soprattutto mantenere con l'India le migliori relazioni, che hanno una tradizione che dura da molti anni.
Anche gli indiani lo riconoscono", ha detto Schwarzenberg.
Allo stesso tempo, come ha detto a ČTK, ha sottolineato al suo collega che la Repubblica ceca dà molta importanza al problema che si è verificato nelle entomologie ceche.
"Consideriamo l'incarcerazione e l'accusa di questi ricercatori cechi come un grande errore", ha dichiarato.
Il ministro ha evitato di chiedere se avesse ottenuto dall'India la promessa di occuparsi del caso.
"Ho già ricevuto un numero abbastanza grande di promesse", ha detto solo.
Un ceco arbitro nella lotta per il fondo del mare
Si avvicina a una mappa elettronica a parete, che mostra l'Australia e le zone marine adiacenti.
Non si interessa del continente, ma di un piccolo punto perduto nel blu dell'oceano.
"L'isola appartiene all'Australia, come il fondo marino adiacente.
"La zona di cui si tratta è grande quanto il continente stesso", dice il giurista italiano Luigi Santosuosso, membro della squadra di 30 membri della divisione delle Nazioni Unite per gli affari oceanici e il diritto del mare.
Il suo capo, il direttore della divisione, il giurista ceco Václav Mikulka, segue la presentazione e la completa di tanto in tanto.
L'atmosfera è caratterizzata da un'entusiasma e da un grande impegno.
Il fondo marino nasconde un mondo finora poco conosciuto, ricco di risorse naturali.
In essi si possono trovare petrolio, minerali e altre risorse minerali, ma anche organismi viventi finora sconosciuti, che potrebbero contenere la chiave per lo sviluppo di un farmaco contro il cancro.
Un fondo più vasto della terra ferma
I paesi costieri hanno iniziato a aspirare con forza a nuovi territori sottomarini.
Secondo un accordo delle Nazioni Unite, che è stato concordato nel 1982 a Montego Bay, in Giamaica, i musulmani usano i loro diritti.
Si tratta soprattutto della zona della cosiddetta piattaforma continentale, che spesso si estende per centinaia di chilometri dalla costa del paese in questione.
Secondo la convenzione, quest'ultima può rivendicare in modo esclusivo tutte le risorse della piattaforma continentale.
"Per semplificare, la parte del fondo marino e del sottosuolo che costituisce un'estensione naturale del continente sotto il mare è considerata come una piattaforma continentale.
Si estende oltre i confini del mare costiero, spesso anche oltre le duecento miglia marine che rappresentano il cosiddetto yone economico esclusivo", spiega Mikulka.
La domanda presentata dalla Commissione per la fissazione dei confini esterni della piattaforma continentale deve essere corredata da una vasta documentazione scientifica e tecnica, basata su numerose e costose ricerche e misurazioni.
È il risultato di diversi anni di lavori preparatori.
"Uno dei nostri ruoli è quello di fornire alla commissione un aiuto giuridico e scientifico-tecnico.
Finora la commissione ha esaminato cinque domande, quelle della Russia, del Brasile, dell'Australia, dell'Irlanda e della Nuova Zelanda.
Finora solo gli ultimi tre paesi sono stati esiti", aggiunge Mikulka.
Il successo dell'Australia, che è stata la prima a espandere notevolmente le sue possessioni sottomarine, ha recentemente fatto eco a livello mondiale.
Anche la Nuova Zelanda ha acquisito territorio: l'area del fondo marino, assegnata alla Commissione la scorsa settimana, è di 1,6 milioni di chilometri quadrati, che rappresenta sei volte l'area del paese.
Entrambi i paesi hanno investito milioni di dollari nelle prospezioni.
I benefici che trarranno in futuro dall'esplorazione del fondo marino saranno, secondo loro, inestimabili.
A poco a poco, altri paesi faranno loro la richiesta.
Potranno farlo entro dieci anni dalla ratifica della "Convenzione di Montego Bay".
Lì, dove finisce la piattaforma continentale, inizia la zona del fondo oceanico, dichiarata da convenzione "patrimonio comune dell'umanità".
In questo caso nessun Stato ha più una posizione esclusiva.
Il diritto di estrazione in questa zona è assegnato da un'istituzione internazionale istituita da un accordo.
"Ma non ci facciamo errori, il fondo marino non è un Klondike", dice esagerando il direttore Mikulka, precisando che "le sue zone sono chiaramente definite e il loro regime è ancorato in un contratto".
Cechi nel Pacifico
Oggi anche la Repubblica Ceca possiede una parte del fondo marino.
La Comunità la condivide con altri Stati dell'ex blocco dei paesi dell'Est nell'ambito dell'organizzazione comune "Interoceanmetal".
Nel 1991 la Comunità ha ottenuto, in virtù della convenzione, lo status di "investitore pioniere", come gli investitori di alcuni altri Stati.
Ha il diritto di estrazione nella zona di ClarionClipperton nell'Oceano Pacifico, tra il Messico, le isole Hawaii e Kiribati.
L'area prospettata dall'investitore è leggermente superiore all'area dell'ex Cecoslovacchia.
Il fondo è agitato, è una sorta di replica sottomarina dei Tatra.
"È possibile estrarre su un'area di 75.000 chilometri quadrati.
L'area è ricca di minerali polimetallici contenenti nichel, rame, cobalt e manganese", ha detto Ind Pakshi Rajan, un altro giurista.
Rober Sandev, un funzionario della divisione in Macedonia, ci dà un esempio di questo.
Ricorda una patata, o, con un po' di immaginazione, il mitico Shoem, che secondo la leggenda animava il Golem.
Le forze speciali tedesche erano sul posto per liberare gli ostaggi.
Il governo egiziano aveva chiesto l'aiuto della Germania per risolvere la crisi degli ostaggi - gli esperti sono venuti.
Quando la situazione divenne seria, le unità speciali erano pronte, ma non si sono mai messe in azione.
Sempre più dettagli sono stati rivelati sulle circostanze della liberazione di 11 turisti europei rapiti in Egitto.
Secondo le indicazioni del Ministero dell'Interno e del Ministero della Difesa, anche le forze speciali tedesche hanno partecipato indirettamente all'operazione di salvataggio.
In questo modo, al luogo della liberazione erano presenti specialisti dell'esercito federale, funzionari del GSG 9, della squadra aerea della polizia federale e dell'ufficio della polizia criminale federale, nonché esperti di logistica del Technischen Hilfwerk.
Secondo quanto riferito lunedì sera dal portavoce dei ministeri, le forze tedesche non sono state richieste, poiché i prigionieri hanno lasciato i loro ostaggi e sono fuggiti quando hanno riconosciuto l'imminenza di una liberazione con la forza.
Il governo egiziano avrebbe accettato l'aiuto offerto dalla Germania per integrarlo sul posto come forza di sostegno.
"Fortunatamente non è successo fino a quel punto", ha dichiarato un portavoce del Ministero dell'Interno federale.
Gli aggressori avevano rapito nel sud dell'Egitto il gruppo di turisti composto da cinque tedeschi, cinque italiani, un rumeno e otto compagni egiziani.
Dopo essere stati rapiti nel deserto del sud dell'Egitto, gli ostaggi sono stati spostati in barca nella zona di confine tra l'Egitto, la Libia, il Sudan e il Ciad.
L'identità dei sequestratori è rimasta fino ad ora poco chiara, così come i dettagli della liberazione o dei possibili pagamenti di riscatto.
Intanto, quelli che furono salvati arrivarono al Cairo in tutta sicurezza.
Steinmeier ha dichiarato che gli ostaggi liberati sono sotto la protezione dell'ambasciata tedesca.
Non ha detto nulla sui dettagli della liberazione.
A Berlino, per il momento, non è stata data alcuna informazione sulla data del loro ritorno in Germania.
Secondo la rivista Bild, i cinque vacanzieri e le forze speciali dovrebbero essere partiti su un Airbus dell'aeronautica e arrivare in Germania martedì.
La Camera dei Rappresentanti degli Stati Uniti rifiuta il piano di salvataggio
La prima camera del Congresso americano ha fatto fallire un piano di salvataggio dei mercati finanziari da 700 miliardi di dollari.
Il Dow Jones era precipitato nell'abisso.
Con 227 voti contro 206, la Camera dei Rappresentanti degli Stati Uniti ha respinto il piano di salvataggio a favore dei mercati finanziari del governo.
Nonostante le richieste del presidente degli Stati Uniti George W. Bush e dei politici di entrambi i partiti, il programma che avrebbe dovuto ridurre il caos dei mercati finanziari non ha ottenuto la maggioranza.
In una manovra drammatica, i sostenitori avevano cercato disperatamente di convincere gli oppositori della fondatezza di questo pesante piano da 700 miliardi di dollari.
Barney Frank, un rappresentante democratico durante il dibattito, aveva chiesto ai deputati di votare in favore, anche se il piano era impopolare.
"È difficile ottenere un riconoscimento politico per evitare qualcosa che non è ancora successo", ammetteva.
Durante il voto, il Dow Jones era in calo di oltre il 6%, o 600 punti.
La ragione era la preoccupazione degli investitori che il piano di salvataggio statale potesse capovolgere.
È salito poco prima della fine del voto, per poi, dopo l'annuncio del fallimento, scendere di nuovo.
Gli esperti prevedono ora nuove e gravi turbolenze sui mercati finanziari internazionali.
Per entrare in vigore il programma è necessario l'approvazione sia della Camera dei deputati che del Senato.
Gli organizzatori segnalano un aumento dei booking
Dovrebbe essere un buon inverno per le agenzie di viaggio tedesche:
Per quanto riguarda le prenotazioni per i prossimi mesi, secondo uno studio, il fatturato è aumentato notevolmente rispetto all'anno precedente - per la stagione invernale, addirittura di oltre il 30 per cento.
Nonostante le prospettive di breve periodo, la voglia di viaggiare dei tedeschi rimane insaziabile, secondo lo studio.
Per quanto riguarda le prenotazioni per la stagione invernale, le agenzie di viaggio hanno registrato un fatturato superiore al 31 per cento rispetto allo stesso periodo dell'anno precedente, come ha riferito lunedì a Berlino la Federazione tedesca delle agenzie di viaggio (DRV).
Secondo l'indagine dell'Istituto di Ricerca dei Mercati GfK, i numeri delle prenotazioni sono già in aumento nei mesi autunnali.
Il numero delle vendite sarebbe aumentato di circa l'11% rispetto al 2007, secondo la DRV.
Le fonti di questi risultati sono i dati del GfK, che analizza ogni mese i dati delle prenotazioni di 1200 agenzie di viaggio e fa stime per il mercato globale.
Le prenotazioni di viaggi effettuate dalla fine di agosto 2008 sarebbero registrate.
A causa del basso valore del dollaro, i viaggi verso gli Stati Uniti sarebbero particolarmente richiesti, ha dichiarato la DRV.
In questo caso, l'aumento delle prenotazioni sarebbe di circa un terzo.
Inoltre, la Spagna, la Turchia e la Grecia, come la nostra terra, sarebbero destinazioni particolarmente desiderate dai tedeschi.
I viaggi organizzati sono particolarmente richiesti, ha spiegato il presidente della DRV Klaus Laepple.
In considerazione dei prezzi in aumento dell'energia e dei prodotti alimentari, i costi sarebbero qui "più facilmente calcolabili per il cliente che per un viaggio organizzato individualmente".
I consumatori possono risparmiare denaro grazie ad offerte come le riduzioni sulle prenotazioni anticipate o le offerte All Inclusive, ha spiegato Laepple.
Anche i mesi estivi sono stati molto contenuti, tanto che si registrerà un nuovo aumento delle vendite rispetto all'anno scorso - anche se secondo un altro studio il numero di tedeschi che hanno intrapreso un viaggio è diminuito rispetto all'anno precedente.
La mia prima volta alla festa della birra
I successi di Ballermann o Apres-Ski in continuo, birra in pizzette al litro e celebrità in costumi di stilisti tirolesi.
Un evento alla festa della birra.
Suzanne Kronzucker e io non abbiamo molto in comune.
E' bionda, è una presentatrice televisiva e indossa un costume tipicamente tirolano.
Ho i capelli scuri, sono una studentessa e il mio vestito è usato.
Ma c'è una cosa che ci unisce: appena tre minuti al Beer Party, e i fotografi ci stanno già scagliando addosso e riempiendo la loro cartolina di memoria - molto lusinghiero, e questo è il mio primo viaggio al Beer Party.
E' così che si fanno gli amici.
Il costume tirolese a buon mercato sembra essere riuscito a raggiungere il suo scopo.
Come turista della festa della birra e abitante normalmente a nord dell'equatore del Weißwurst, il mio senso di benessere nel costume tradizionale era finora limitato.
Ma una volta in Piazza Teresa, tutto è meno di mezzo.
Quasi tutti indossano un costume tirolese o pantaloni in pelle; nessuno sembra sbalordito o vergognoso - è assolutamente normale.
Solo il mio abito tirolese ha ricevuto qualche sguardo strano al banco delle banane-choco.
Una bavarese mi dice che ho legato male il mio braccialetto: "a sinistra significa libero, al centro vergine, a destra sposata, alla seconda vedova".
Discretamente, sto girando la mia cicatrice da dietro a sinistra.
"È meglio così", mi dice e ride.
Altri non si preoccupano tanto di queste tecniche di flirt e indossano semplici cartelloni con scritto "Too drunk to get dressed!" e mostrano il loro sedere nudo senza essere invitati.
Il giovane con un atteggiamento espositivo si chiama Bob, arriva dall'Inghilterra e viene per la prima volta alla festa della birra.
E' "grande", con un "ooooo" lungo.
Mi racconta tutto dopo aver preso una goccia.
Proprio accanto a quella bocca di fuoco che tutti credono sia un bidone.
Bob è uno di quei famigerati "pisci selvatici".
Altri non hanno la fortuna di potersi liberare dell'alcol in questo modo.
Verso le otto di sera, scaglie di soccorritori corrono sulla piazza della festa e devono curare i poveri alcolizzati.
Gli infermieri sono più che mai in gruppo, sempre in quattro, che trascinano le loro cuscini di tenda in tenda.
E' così che funziona per la maggior parte dei visitatori della festa della birra: vai vuoto, torni pieno.
Chi riposa nella bara dei ubriachi sotto la tovaglia non è visibile.
"Sono quelli che non possono più inghiottire", mi gridò uno dei soccorritori in risposta alla mia domanda e poi scomparve nella lotta.
Vittima di un incidente identificata dalla polizia
Una pedona di 63 anni, morta in ospedale dopo essere stata investita da un veicolo, è stata identificata.
Carole Paulson, di Chelmsford Road a Brentwood, è stata coinvolta nell'incidente di venerdì pomeriggio, in città, su Shenfield Road.
Fu portata al Queen's Hospital, Romford, ma morì.
A seguito dell'incidente, un uomo di 51 anni è stato arrestato per sospetto di guida pericolosa.
E' stato rilasciato su cauzione.
La Turchia amplia i suoi orizzonti diplomatici.
Molto prima che la Turchia pensasse di entrare nell'Unione europea, le potenze europee erano impazienti di penetrare nel suo paese.
Sul lato est del Bosforo, forse a 20 passi dall'Asia, si trova uno dei resti più raffinati della sua caduta ambizione imperiale.
La stazione di Hydarpasha è stata progettata in stile neo-rinascimentale da due architetti tedeschi, Otto Ritter e Helmut Conu.
Almeno questo è quello che ci dicono le guide.
Il monumento è disposto a cavallo sul fondo delle piattaforme, dotate di torri di osservazione a ogni angolo, come alcuni municipi di provincia tedesca.
Le pietre sono sporche.
L'edificio è in rovina.
Ma una volta all'interno della cassa a billetteria, non abbiamo più dubbi sulla grandezza dell'azienda, che rappresenta un passaggio verso ovest.
La stazione fu inaugurata nell'agosto 1908 da un'associazione tedesca, la Anatolia-Baghdad Corporation.
La Germania, ritardata nel gioco dell'imperialismo, voleva realizzare le sue ambizioni medievali di dominio grazie a questa ferrovia che arriva a Damasco, Baghdad e alla terra più conosciuta come Arabia Saudita.
Ma le ambizioni imperiali tedesche crollarono durante la prima guerra mondiale.
Le sue ferrovie furono attaccate da Lawrence d'Arabia e dai suoi irregolari arabi.
Il relativo isolamento della regione circostante, causato dai confini gelati della Guerra Fredda, è finito.
I britannici e le forze dell'impero si spingono oltre l'Egitto e spingono i turchi e i loro alleati tedeschi fuori dalla Palestina e dalla Siria.
Ma c'era anche una brutta notizia per la stazione di Hyderabad.
Nel 1917 un treno carico di munizioni esplose distruggendo il suo sottile tetto.
Le fonti turche affermano che si tratta di un sabotaggio.
Da allora, è lentamente andata in rovina, immersa nei tormenti della storia.
Ma oggi, il passaggio ferroviario verso l'Anatolia e tutti i punti orientali, almeno in modo simbolico, serve a sottolineare l'allargamento dei confini diplomatici della Turchia.
Il Partito per la Giustizia e lo Sviluppo, il AKP, ha creato una nuova politica estera per il paese.
L'isolamento relativo della regione circostante, causato dai confini gelati della Guerra Fredda
Ora è tempo di una nuova politica degli impegni.
Il governo turco ha relazioni notevoli con Israele e la Siria, con le fazioni palestinesi di Hamas e Fatah, con l'Iran e l'Iraq, e naturalmente con l'Unione europea e gli Stati Uniti.
Per valutare i parametri di questa nuova politica estera, mi sono imbarcato in un carro letto in direzione della capitale turca, Ankara, per visitare il parlamentare turco dell'AKP Suat Kiniklioglu, uno degli esperti in politica estera.
Il mattino seguente, dopo un viaggio di 10 ore e mezza, scosso su binari rumorosi, il cui ritmo ricordava il vecchio mondo del famoso documentario The Night Mail, arrivai finalmente nella capitale turca, presentata come una nuova città di un nuovo stato secolare, voltando le spalle al suo passato tedesco.
Ma l'AKP, con le sue radici islamiste ben note, rappresenta un esempio di cambiamento del consenso turco.
Ha sospettato l'Occidente, e in particolare Washington.
Mi hanno accompagnato in taxi al quartier generale dell'AKP, una struttura ultramoderna, costruita appositamente in pietra e acciaio, in un quartiere in via di sviluppo, circondato da centri commerciali a metà costruiti e da numerose pasticcerie in cui i middle manager in costume e cravatta - uomini e donne - si incontrano per le loro attività mattutine.
Suat Kiniklioglu avrebbe potuto essere un politico di centro-destra di qualsiasi altro partito in Europa.
Un costume, una cravatta e ha anche una Black Berry.
"lo scopo di questa politica estera è ora di riintegrare la Turchia nel suo immediato vicinato.
La guerra fredda era un'anomalia", ha detto.
La Turchia è stata tagliata fuori dal suo paese.
Ora deve guardare ad est e ad ovest allo stesso tempo.
Non è stato così per nessuno dei due.
Doveva fare entrambe le cose.
"Ma, ecco, a un certo punto, ho chiesto se la Turchia non dovrebbe scegliere".
"La Turchia", ha detto, "non vuole dover scegliere tra le due".
Ha poi sottolineato un aspetto che quasi tutti quelli con cui ho avuto modo di parlare mi hanno ricordato: la ferrovia turca non va solo verso il Medio Oriente, ma anche verso il Caucaso e intorno al Mar Nero, quindi è un vantaggio tanto per l'Europa e gli Stati Uniti quanto per la stessa Turchia.
Con l'integrazione della Turchia, il messaggio sembra descrivere un'Europa che viaggia metaforicamente su ferrovie verso l'Asia e il Medio Oriente.
Tornato alla stazione di Hydarpasha, dopo un'altra notte senza sonno, ho pensato ai due tedeschi, Herr Ritter e Herr Conu, che hanno seguito la costruzione di questo edificio 100 anni fa.
Sarebbero stati sorpresi di vedere che le ambizioni europee in Medio Oriente potrebbero essere, in gran parte, nelle mani della Turchia.
Mentre aspettavo al terminal il traghetto per il Bosforo, mi sono ricordato il periodo in cui la Turchia era stata definita "il malato d'Europa".
Almeno, non c'è più dubbio sul continente che potrebbe rivendicare questo paese affascinante.
Memorie di Vernon Handley e William Woodruff.
Mark Brown scrive: Direttore musicale presso Guildford dal 1962, Vermon "Tod" Handley (morto l'11 settembre) era responsabile della Guildford Philharmonic Orchestra and Choir.
Parte del suo progetto musicale per la città, fondò l'anno successivo il fantastico coro giovanile, Proteus.
Il coro doveva includere i meno di 21 anni, ma prima che Proteus potesse cantare la sua ultima canzone nel 1979, molti di noi che avevamo più di 20 anni rifiutavano di abbandonare il coro.
La denominazione "Proteus" (che cambiava forma a seconda della mitologia) rappresentava la volontà e l'abilità del coro di gestire qualsiasi tipo di musica gli fosse presentata, sia essa madrigal o messianica.
La versatilità musicale prodotta da un coro così giovane era spesso impressionante, sempre eccitante, e tutto grazie all'ispirazione di un solo uomo, e al suo entusiasmo per la musica, che è rimasto costante nel corso degli anni.
Ricordate quanto Tod ci diceva di "lasciare che la musica parli da sola".
"Il compositore sa cosa vuole".
È tutto qui, nella musica.
Allora cantate!"
La sua tecnica di bastone era assolutamente chiara, precisa, anche se mai dittatoriale o apparente.
Qualunque fosse il suo livello musicale, lo elevava molto più in alto.
John Frayn Turner scrive:
Se c'è un autista che deve essere nominato cavaliere, è Vernon Handley.
L'ho conosciuto bene dal 1962 al 1982, quando dirigeva la Guildford Philharmonic.
Negli ultimi 40 anni ho rivisitato più di cento dei suoi concerti, e posso dire con onestà che nessuno di loro mi ha mai deluso - e, in alcuni casi, mi hanno persino ispirato.
Tod Handley possedeva una combinazione così rara di grandezza e di modestia personale.
Odiava i conducenti che, secondo lui, "si concentrano solo su alcune persone".
Mancherà a molti di noi.
William Woodruff
Il professor John Beckett scrive:
La sua necrologia di William Woodruff (morto il 25 settembre) dice che "nel 1946 aveva ripreso gli studi di storia economica a Oxford e nel 1950 divenne membro di Houblon-Norma research, mentre faceva un BSc, un MA e un PhD".
Questo è quello che è venuto da una lettera dell'autore di Woodruff in Beyond Nab End, ma non è corretto.
Dal 1946 al 1953 è stato professore di storia economica all'Università di Nottingham, e al tempo stesso stava completando una tesi di dottorato sulla plastica britannica, sotto la supervisione del professor J.D. Chambers; questa fu poi pubblicata nel 1958 con il titolo The British Rubber Industry.
Negli anni '50 e '51 negli Stati Uniti, studiò all'Houblon Norman, e nell'estate del 1952, presso le università dell'Illinois, Harvard e New York.
Nel 1953 lasciò Nottingham per l'Illinois.
Il motivo per cui Woodruff ha scelto di nascondere questa parte del suo passato rimane sconosciuto.
J. Vicente Resino presso la Facoltà di Filosofia
"Ricomando l'esposizione di José Vicente Resino "Il Flamenco e la vita" perché le sue fotografie in bianco e nero, uno stile documentario, sono fantastiche.
Mi hanno colpito per la loro semplicità e la forza che trasmettono e perché trattano sempre i protagonisti con grande rispetto.
Un'esposizione che trasmette molti sentimenti.
Resino sa catturare momenti magici".
Secondo attacco per le supervendite di Honda
Nel mese di novembre Honda inizierà la commercializzazione della seconda generazione del modello Jazz.
Se il suo predecessore aveva già una buona abitabilità, questo nuovo monovolume dispone di uno spazio interno ancora più ampio.
A questo si aggiungono alcuni meccanismi raffinati, che rendono la guida più comoda e permettono di risparmiare più benzina.
Una evoluzione contro una rivoluzione.
Quindi questa è la seconda generazione della Honda Jazz.
Sebbene esteticamente la nuova Honda Jazz presenti una linea molto simile al modello precedente, i cambiamenti introdotti in questo monovolume sono numerosi.
Tra questi, un design innovativo, una nuova piattaforma, dimensioni maggiori e nuovi motori.
Tuttavia, prima di esaminare il nuovo modello, è necessario sottolineare che questo nuovo Honda Jazz arriva sei anni dopo l'introduzione sul mercato della prima generazione.
In primo luogo si osserva che Honda ha rinnovato questo modello in un tempo più breve rispetto agli altri costruttori.
Anche se in Europa la Honda Jazz è meno conosciuta, questo modello è un fenomeno di vendita in altri mercati.
Questo è il caso del Giappone, dove la Honda Jazz è stata la vettura più venduta nel 2002 e nel 2008.
In Giappone, quasi un milione di Honda Jazz sono state vendute dal lancio.
Il Vecchio Continente, con circa un milione di auto vendute in sei anni, rappresenta il secondo posto.
Honda, tuttavia, sostiene che questo nuovo Jazz gli permetterà di aumentare le sue vendite in Europa.
Infatti, mentre nel 2007 la marca giapponese ha venduto 83.000 Honda Jazz, nel 2009 prevede di vendere 100.000 unità, il che rappresenterebbe una crescita delle vendite del 17% sul mercato europeo.
Sul mercato spagnolo Honda ha venduto 8.000 Jazz dal 2002, rappresentando il 6,7% delle vendite di Honda in Spagna.
I responsabili della filiale spagnola sperano di vendere 2.000 Jazz in un anno.
È proprio la uscita del nuovo Jazz che permetterà a Honda di compensare in gran parte il calo delle vendite in Spagna.
Infatti, i responsabili del marchio sperano di concludere l'anno con una vendita di 22.000 auto, cioè 4.000 auto in meno rispetto al 2007, ossia una diminuzione delle vendite del 16%.
Grazie a questo aumento delle vendite, Honda ha aumentato la sua quota di mercato in Spagna, raggiungendo una quota di mercato dell'1,8%, rispetto all'1,6% dell'anno scorso.
Il marchio giapponese spera di ottenere una quota di mercato del 2% nel 2010.
Honda spera di ottenere questa quota di mercato quando il nuovo modello uscirà.
Si tratta dell'Insight, un'ibbrida a cinque porte di dimensioni compatte - 4,37 metri di lunghezza - che la società giapponese spera di vendere circa 200.000 auto all'anno in tutto il mondo.
In base ai mercati e alle stime del produttore giapponese, l'Insight sarà venduto al 50% negli Stati Uniti, mentre l'altra metà sarà distribuita tra il Vecchio Contenitore e il Giappone.
Il lancio commerciale di Insight è previsto per i primi tre mesi dell'anno prossimo, dopo la presentazione al pubblico a Valencia nel mese di gennaio.
Rispetto alla prima generazione, il nuovo Jazz aumenta le sue dimensioni.
La sua lunghezza è di 3,90 metri (cinque centimetri in più), la sua larghezza è di 1,69 metri (due centimetri in più) e la distanza tra i suoi assi è di 2,50 metri, cioè un aumento di cinque centimetri.
Ma la sua altezza rimane uguale: 1,52 metri.
Le dimensioni aumentano e lo spazio interno aumenta.
Questo guadagno è dovuto, da un lato, all'introduzione di una nuova piattaforma e, dall'altro, all'introduzione di una riserva di benzina in posizione centrale, soluzione adottata anche per la Honda Jazz.
Allo stesso modo, la capacità del cofferino - che ha un sistema a doppio fondo  può contenere fino a 399 litri, 19 litri in più rispetto al cofferino della prima generazione.
Si deve notare che queste dimensioni sono quelle della versione con un motore 1.4L, poiché la capacità del cofanetto della Honda Jazz 1.2L è di 379 litri.
L'altra innovazione - oltre agli elementi esterni come i fari posteriori o il tetto panoramico - è l'accesso migliorato ai posti posteriori.
Le porte che danno accesso ai sedili posteriori hanno un angolo di apertura di 80 gradi, rispetto alle porte posteriori del primo Jazz che si aprivano ad un angolo di 67 gradi.
Anche i motori sono nuovi su questa seconda generazione di Jazz.
All'inizio della commercializzazione, questo modello sarà dotato di due propulsori a benzina da 1,2 e 1,4 litri.
Entrambi i motori sono dotati di tecnologia i-VTEC che riduce il consumo di benzina e le emissioni di CO2, rende il motore più potente e aumenta il ritmo del motore.
Il primo motore da 1,2 litri sviluppa potenza di 90 cavalli a 6.000 t/min e 114 Nm di torchio a 4.900 t/min.
Questo propulsore - che sulla precedente Jazz raggiungeva 78 cavalli - presenta un consumo di benzina di 5,3 litri al 100 km e emissioni di 125 grammi di CO2.
Il motore precedente, che nella precedente generazione aveva 83 cavalli, ora ha 100 cavalli.
Questa Honda Jazz 1.4L da 100 cavalli ha un consumo combinato di 5,4 litri per 100 km e emissioni di 128 grammi di CO2.
La 'carro api' che evita le collisioni
Per far progredire lo sviluppo delle tecnologie per la prevenzione degli incidenti, Nissan si è ispirata, questa volta, alla natura, in particolare alle api.
Una società giapponese ha creato un robot che, imitando il volo delle api, evita incidenti.
Si chiama Bio-Mimetic Car Robot Drive, o BR23C, e rappresenta il primo passo verso le tecnologie di prevenzione delle collisioni.
Gli ingegneri del Centro Tecnico Avanzato della Nissan Motor Co. hanno sviluppato questo piccolo robot in collaborazione con il Centro di Ricerca per le Scienze e le Tecnologie Avanzate della prestigiosa Università di Tokyo, in Giappone.
Secondo Kazuhiro Doi, direttore generale delle relazioni pubbliche per la tecnologia e la ricerca e lo sviluppo della gestione dei marchi, il BR23C rappresenta l'ascesa dello scudo di sicurezza Nissan.
Questo robot permetterà ai veicoli della marca di prevenire le collisioni.
Durante il volo, ogni api ha creato il suo spazio personale di forma ovale che assomiglia molto allo scudo di sicurezza Nissan.
Ma la cosa più importante è che l'ape ha gli occhi composti, capaci di vedere in un angolo di oltre 300 gradi in tutte le direzioni, permettendogli di volare senza interruzioni all'interno del proprio spazio personale.
Per ricreare questa funzione visiva, gli ingegneri hanno sviluppato un dispositivo chiamato laser range finder.
Il suo sistema rileva gli ostacoli a due metri di distanza e in un raggio di 180 gradi, calcola la distanza fino a quell'oggetto e invia subito un segnale al microprocessore per evitare l'ostacolo.
"Quando il robot avverte un ostacolo, imita i movimenti di un'ape e immediatamente cambia direzione, facendo girare le ruote di 90 gradi o più per evitare la collisione.
La differenza più grande rispetto a qualsiasi altro sistema esistente è che la manovra di fuga è totalmente istintiva.
Se fosse così, il robot non sarebbe in grado di reagire abbastanza velocemente per evitare gli ostacoli", spiega Toshiyuki Andoh, direttore del Laboratorio di spostamento e ingegnere principale di questo progetto.
A differenza delle api, il robot non può essere girato né in alto né in basso né in diagonale; può muoversi solo in due dimensioni e in base a ciò che le sue ruote gli permettono, non in infinite direzioni come le api.
Per questo motivo, Nissan ha utilizzato una funzione di rotazione, ma anche di accelerazione e decelerazione, in modo che il piccolo robot possa evitare gli ostacoli.
Ogni secondo, questo dispositivo deve solo elaborare informazioni e agire in base a queste informazioni.
Non ha bisogno di memorizzare le informazioni o le logiche intuitive di manovre precedenti, per cui può funzionare continuamente con solo poche decine di KB di memoria.
Può sembrare sorprendente, ma non stiamo parlando di giga-byte di memoria, o addirittura mega-byte".
Questo rappresenta il primo passo per lo sviluppo di nuove tecnologie di prevenzione istantanea delle collisioni, una tecnologia che, secondo Nissan, sarà introdotta nelle auto di serie entro un decennio.
Il robot funziona con batterie al litio polimero, che sono più leggere e durano più a lungo delle batterie al litio-ione.
Un'altra possibile applicazione di questa tecnologia potrebbe essere l'adattamento di questo dispositivo su un sistema di navigazione GPS satellitare per guidare il conducente fino alla sua destinazione evitando gli ostacoli sulla strada.
Hanno paura di essere ipotecati
Bisogna riconoscere che il Tesoro degli Stati Uniti, oltre ad avere un sacco di liquidità per fare piani, non è privo di geni.
In risposta alla crisi economica e per evitare che gli americani si imbarchino in mutui da banche di solvibilità, hanno creato un gioco per imparare a non fallire: 'Bad Credit Hotel'.
Significa "Hotel dei cattivi crediti" o storie.
L'aspetto triste di questa casa e in particolare del proprietario ci fa pensare più volte se sia il momento giusto per chiedere un prestito.
E soprattutto, dove farlo.
Certo, questo gioco fornisce informazioni utili ma poco dettagliate.
E' piu' un gioco per adolescenti.
E se il gioco finisce?
Poiché una camera da sogno appare all'interno dell'hotel.
Meglio di niente, visto che è impensabile comprarsi una casa
Morgan Stanley apre la sua capitale a MUFG
Morgan Stanley ha annunciato l'ingresso nel suo giro di lavoro di Mitsubishi UFJ Financial Group (MUFG), la prima banca del Giappone, che consegnerà nove miliardi di dollari per prendere il 21% del suo capitale, una novità accolta da un forte calo del suo prezzo di borsa.
Una settimana dopo aver rivelato un accordo provvisorio, le due banche hanno spiegato che MUFG avrebbe acquistato il 9,9% delle azioni ordinarie di Morgan Stanley al prezzo unitario di 25,25 dollari, per un totale di 3 miliardi di dollari.
Il prezzo utilizzato è inferiore del 19% al valore contabile dei titoli al 31 agosto.
MUFG investirà altri 6 miliardi di dollari nell'acquisto di titoli convertibili che offriranno un rendimento del 10% e un prezzo di conversione di 31,25 dollari.
Morgan Stanley ha precisato che l'operazione complessiva sarebbe stata effettuata su base di un prezzo unitario medio di 29 dollari, pari al 28% superiore al suo prezzo attuale.
La Morgan Stanley, tuttavia, aveva perso il 6,79% a 23,07 dollari alle 17:00 GMT.
"Questa alleanza strategica rappresenta un'importante opportunità per accelerare la transizione di Morgan Stanley verso lo status di holding bancario", ha spiegato John Mack, amministratore delegato del gruppo statunitense.
Morgan Stanley ha adottato questo nuovo statuto la scorsa settimana, che dovrebbe consentire di diversificare le sue attività ma che lo trasferi sotto l'autorità della Federal Reserve.
L'alleanza con MUFG conferma anche che l'attuale crisi finanziaria sta costringendo i più grandi nomi di Wall Street ad adottare un atteggiamento molto più prudente di prima.
I termini presentati lunedì mostrano inoltre che l'accordo è stato modificato negli ultimi giorni: lunedì scorso, Morgan aveva semplicemente annunciato che avrebbe venduto fino al 20% delle sue azioni al giapponese per circa 8,5 miliardi di dollari.
"Una settimana fa", ha spiegato a Tokyo Toshihide Mizuno, direttore esecutivo di MUFG, "pensavamo che la partecipazione sarebbe stata integralmente composta da azioni ordinarie.
Ma, tenuto conto della situazione economica e del mercato attuale, abbiamo voluto minimizzare i rischi e coprirci".
In base al prezzo medio ponderato, MUFG pagherà i suoi titoli Morgan Stanley al 7% al di sotto del loro valore contabile.
E l'operazione si tradurrà in una diluizione di circa il 20% del profitto azionario.
L'accordo prevede che MUFG possa convertire entro un anno metà dei suoi titoli preferenziali in azioni ordinarie se queste si scambiano più del 50% al di sopra del prezzo di conversione, ovvero circa 47 dollari, per un determinato periodo.
Morgan Stanley assicura che il capitale fornito da MUFG gli permetterà di cogliere opportunità di investimento, rafforzare il suo bilancio e aumentare la liquidità.
Una portavoce del gruppo ha rifiutato di fornire dettagli sui progetti strategici dei due nuovi alleati.
Dopo l'investimento di MUFG, Morgan Stanley dovrebbe avere un tasso di solvibilità di livello uno di circa il 15%, uno dei migliori del settore.
Morgan ha precisato di aver "significativamente" ridotto il suo bilancio dalla fine di agosto.
Le ultime settimane sono state difficili per il gruppo, che ha visto il suo prezzo del mercato crollare di metà mentre il costo dell'assicurazione per un rischio di default sul suo debito è aumentato.
Il costo è sceso lunedì, ma è rimasto a un livello elevato, intorno al 12%.
La scorsa settimana Goldman Sachs, l'unica banca di investimento di Wall Street ad essere sopravvissuta dopo la fallimento di Bear Stearns e Lehman Brothers e l'acquisto di Merrill Lynch, ha annunciato di aver raccolto 15 miliardi di dollari, in parte da Berkshire Hathaway, il gruppo di Warren Buffett.
Rafael Correa a Quito, lunedì.
Ristrutturare la Repubblica in base al socialismo del XXI secolo.
Questo è il progetto comune del venezuelano Hugo Chávez, del boliviano Evo Morales e dell'ecuatoriano Rafael Correa.
Questa domenica, come i suoi colleghi e amici, è il terzo a votare un progetto di nuova Costituzione.
Missione compiuta, visto che il 64% degli elettori ha votato "sì" al referendum, secondo i risultati ufficiali con l'80% dei voti.
Secondo questi risultati, il "no" ha ottenuto il 28%, il 7% dei voti erano nulli e lo 0,7% erano voti bianchi.
Per far passare il progetto di Costituzione, doveva ottenere metà dei voti più uno.
Domenica, due sondaggi effettuati all'uscita dei seggi e un conteggio di un'organizzazione non governativa avevano annunciato una grande vittoria del "sì", che si collocava tra il 63% e il 70%.
Rafael Correa aveva infatti rivendicato nella notte di domenica a lunedì la vittoria del suo progetto di Costituzione.
"La Costituzione ha trionfato in modo schiacciante", ha detto, congratulandosi con gli ecuatoriani presso il quartier generale del governatorato di Guayaquil, a 280 chilometri a sud-ovest di Quito.
Naturalmente, Rafael Correa è stato felicitato da Chávez e Morales, ma anche dalla sua controparte cilena Michelle Bachelet.
Il voto, che si è svolto con calma secondo la missione di osservazione dell'Organizzazione degli Stati americani (OAS), ha riguardato un testo di 444 punti che consolida il "nuovo socialismo" sostenuto dal presidente.
Il progetto di Costituzione consacra il potere dello Stato sull'economia, riservando a questo il "pianificazione dello sviluppo" di un paese che vive essenzialmente dall'estrazione di petrolio da parte di compagnie straniere e dalle valute inviate dagli emigrati.
Il progetto, guidato da Correa, eletto nel 2006, conferisce poteri rafforzati al capo dello Stato, che potrà esercitare fino a due mandati consecutivi di quattro anni e avrà la possibilità di sciogliere l'Assemblea.
Correa ha già annunciato che avrebbe usato questo potere e che si sarebbe candidato per un nuovo mandato nel febbraio 2009.
La Costituzione rafforza inoltre il principio di gratuità dei servizi sanitari e educativi che il presidente ha iniziato a introdurre in questo paese di 13,9 milioni di abitanti, dove il 50% della popolazione vive sotto il limite della povertà.
Infine, prevede il divieto di presenza di truppe straniere, ponendo fine all'accordo tra Quito e Washington per l'utilizzo di una base ecuadoriana come punto di partenza delle operazioni antidroga statunitensi.
19 ostaggi rilasciati in Ciad
Un comando egiziano ha lanciato un'assalto contro i rapitori degli 11 turisti e degli otto accompagnatori catturati dieci giorni fa.
Sono al Cairo.
Gli 11 turisti europei e gli otto compagni egiziani che erano stati tenuti prigionieri per dieci giorni nel deserto sono stati riportati nella capitale egiziana il lunedì pomeriggio.
La mattina dopo erano stati liberati da un comando egiziano in Ciad.
Apparentemente in forma, gli ostaggi sono arrivati alle 15:30 su un aereo speciale alla base militare di al-Maza, collegata all'aeroporto internazionale del Cairo.
Immediatamente, senza poter parlare con la stampa, sono stati trasportati in elicottero all'ospedale di Maadi, una periferia residenziale del Cairo, per essere esaminati.
Sono in "buona salute" e "non è stato pagato alcun riscatto" ai rapitori", ha detto sul palco il ministro egiziano del turismo, Zoheir Garanna.
Il 19 settembre, durante un safari in 4x4 ai piedi del monte Ouanat, ai confini tra Egitto, Sudan e Libia, il gruppo di ostaggi era stato spostato da un nascondiglio all'altro da 35 rapitori sconosciuti.
Il viaggio comprende 11 turisti - cinque italiani, cinque tedeschi e una rumena - e otto egiziani: due guide, quattro autisti, un guardia di frontiera e il direttore dell'agenzia egiziana che organizza il safari.
Un funzionario egiziano della sicurezza ha riferito che 30 membri delle forze speciali, trasportati da due elicotteri, hanno lanciato l'assalto nella notte appena prima dell'alba.
"Ci sono stati dei colpi di pistola, e metà dei rapitori è stato ucciso, gli altri sono fuggiti", ha detto l'agente che ha chiesto di rimanere anonimo.
Ha detto che 150 membri delle forze speciali egiziane dell'unità "Blitz" sono stati inviati in Sudan, dove hanno ricevuto il sostegno di commando tedeschi e italiani.
Il capo della diplomazia italiana, Franco Frattini, ha parlato di Belgrado, dove si trova, del ruolo svolto da agenti segreti e da elementi delle forze speciali italiane.
"Dobbiamo riconoscere che abbiamo raggiunto questo risultato grazie alla professionalità e all'efficienza dei nostri uomini dei servizi segreti, delle forze speciali", ha detto, senza dare ulteriori dettagli.
Ha anche negato il pagamento di un riscatto.
La giornata prima, l'esercito sudanese aveva affermato di aver intercettato durante una pattuglia un veicolo a quattro ruote in cui erano a bordo i rapitori, uccidendo sei, tra cui il capo del Ciad, e arrestando due.
L'esercito aveva affermato che erano legati a un gruppo ribelle del Darfur, il Movimento per la Liberazione del Sudan Unito (SLA-U), che il movimento ha immediatamente negato.
Lettere - La silenziosa maggioranza della cultura
Un dibattito sul finanziamento della cultura è in prima pagina e si sta occupando della campagna elettorale.
- E' meglio così.
Ma un aspetto della nostra vita culturale rimane sempre dimenticato.
Chi si alzerà per denunciare la miseria che si sta facendo a piccoli musei, archivi, scavi archeologici o siti storici nazionali che muoiono di fame?
Quale politico oserà ricordare al governo federale che trascura i suoi monumenti e gli edifici patrimoniali?
Che in Quebec, come in Canada, non abbiamo leggi concrete che proteggano effettivamente il nostro patrimonio?
Lo sapevate che il governo francese ha stanziato tre milioni e mezzo di euro per il restauro dell'unico castello di Chinon nella valle della Loira?
I nostri vicini americani hanno scritto nella loro Costituzione che la tutela del patrimonio è parte della cultura americana e che questo patrimonio deve essere protetto da tutti i cittadini, da tutti gli eletti e da tutti i dipartimenti del governo, e questo in concerto.
A Quebec, presso la Federazione delle Società di Storia del Quebec, almeno 40.000 volontari raggruppati in 211 società di storia, patrimonio, archivi e genealogia si occupano di indagare la storia, di preservare con tre sotto pile di archivi privati e di preservare resti archeologici.
Sono spesso i cani da guardia del nostro patrimonio, che protestano con energia disperata quando promotori e politici lanciano i loro bulldozer contro le nostre vecchie pietre e i nostri cimiteri dimenticati.
Quando si è creato un tribuno per la storia e il patrimonio?
I governi del Benelux nazionalizzano parte della banca Fortis
I paesi del Benelux hanno dato un aiuto di 11,2 miliardi di euro alla banca belgo-olandese, che è stata la prima banca europea ad essere in difficoltà a causa dell'effetto "neveball" della crisi del mercato del credito negli Stati Uniti, nazionalizzandola in parte.
Il governo belga, lussemburghese e olandese hanno raggiunto un accordo al più alto livello, facendo appello anche alla Banca centrale europea e al responsabile della concorrenza della Commissione europea.
Nella zona euro, la prima grande crisi nell'ambito della crisi finanziaria internazionale che si è intensificata per più di un anno è quella della banca Fortis, e in un certo senso le decisioni che verranno prese nel caso di questa banca serviranno da precedente.
In conformità con la decisione presa domenica sera, i tre Stati compreranno quasi la metà (al 49%) del capitale della banca in ciascuno dei paesi.
La banca venderà senza dubbio una parte delle sue partecipazioni, tra cui, in primo luogo, le attività, essenzialmente assicurative, che ha acquisito l'anno scorso dall'organizzazione olandese ABN Amro.
La scorsa settimana le azioni di Fortis hanno iniziato a cadere vertiginosamente. Nella seconda metà della settimana sono già stati rivelati gravi segni di crisi presso la banca.
Gli analisti concordano sul fatto che la banca, con gli 85.000 dipendenti, è troppo grande per essere lasciata andare in bancarotta.
Solo venerdì, le azioni della società sono scese del 12 per cento, raggiungendo il livello più basso di 14 anni fa.
Da gennaio le azioni sono scese di oltre due terzi.
Considerando il valore attuale delle azioni, il valore totale del capitale del gruppo è di circa 14 miliardi di euro, cosa che, secondo i dirigenti della società, non è realistica.
La direzione della società accusa l'incertezza di oltreoceano, in relazione all'adozione del piano di salvataggio americano da 700 miliardi di dollari, di essere stata la causa della caduta delle azioni di Fortis.
Lunedì, i giornali hanno già avuto un leggero aumento.
Venerdì, Filip Dierckx è stato nominato a capo della banca, come nuovo amministratore delegato.
Il fondo era anche alla ricerca di acquirenti privati, ma non aveva ancora ricevuto una proposta sul merito.
In precedenza il governo belga aveva annunciato che gli investitori non dovevano preoccuparsi, che non avrebbero perso i loro soldi.
Non si è avuta alcuna sensazione di panico tra i clienti della banca e nessuna agenzia è stata assaltata.
In Ungheria Fortis ha agenzie indipendenti e ha anche acquisito società di leasing.
Una volpe nel pollaio
In America le compagnie di assicurazione sulla vita e sulla salute spesso rifiutano di sottoscrivere un contratto di assicurazione con un candidato, sulla base di informazioni riguardanti i suoi acquisti di farmaci.
Gli esperti in materia di protezione dell'informazione temono che il mercato dei dati diventi incontrollabile.
"Esistono programmi di protezione dei dati che vincolano l'utilizzo delle informazioni relative alla prescrizione di farmaci, in ogni caso, all'accordo del soggetto interessato.
Questo tipo di programma deve essere in mani indipendenti, altrimenti è come affidare il suo pollaio a una volpe", ha ricordato Richard Dicket, il creatore del programma utilizzato per gestire le prescrizioni di farmaci, al Washington Post.
Le compagnie di assicurazione fanno in modo che il premio e il capitale assicurato in caso di danno dipendano dalla condizione sanitaria del cliente, e se ritengono che il rischio sia troppo grande, non lo assicurano nemmeno.
In passato, mandavano i candidati per un esame medico, e firmavano un contratto di assicurazione con loro solo dopo aver conosciuto i risultati.
Per dieci anni Dick ha trovato una procedura molto meno costosa: da un numero di identificazione, si può facilmente ottenere dalle farmacie i dati relativi agli acquisti di farmaci della persona negli ultimi diciotto mesi. Da questo, il programma determina da solo, quale malattia soffre la persona e quale è il suo stato di salute.
Per esempio, se questa persona acquista regolarmente dosi elevate di sostanze per ridurre il colesterolo, questo significa che ha un livello di grasso nel sangue estremamente elevato, il che la mette immediatamente in una categoria di rischio più elevato.
In questo caso, la Commissione ha deciso di non applicare il programma di assicurazione a tutti i tipi di assicurazione, ma ha deciso di non applicare il programma di assicurazione a tutti i tipi di assicurazione.
Tra i vantaggi di questo programma c'è il fatto che un farmaco può essere usato per diversi scopi, ad esempio alcuni miscugli possono essere usati per l'emicrania o per le fiamme di calore, ma possono anche essere efficaci per la depressione.
L'assicurazione è considerata da alcuni assicuratori come un fattore di rischio aggravante, mentre da altri non lo è.
Sono cresciute delle società che si occupano di ricerca e di analisi dei dati, che devono chiedere il consenso del paziente prima di raccogliere le informazioni necessarie dalla farmacia.
Ora sono costrette a farlo dalle autorità, anche se non sono state punite per le loro trasgressioni passate.
Recentemente, alcune aziende stanno anche elaborando i risultati di analisi in laboratorio e li collegano ai dati relativi al consumo di farmaci, in modo da poter fornire un quadro ancora più preciso dello stato di salute dei pazienti.
Sempre più aziende hanno accesso ai dati, e controllare l'utilizzo diventa sempre più difficile.
Esiste una legge distinta sulla protezione dei dati medici, ma il suo ambito di applicazione si estende solo ai medici e alle compagnie di assicurazione.
Un progetto di legge che allarga il circolo di controllo delle autorità sulle imprese specializzate nella fornitura di dati è attualmente sottoposto al Congresso.
Dick Richard riconosce che questo non è sufficiente e per questo ha sviluppato ulteriormente il suo programma, che condizionerebbe la trasmissione dei dati all'esclusivo consenso del soggetto interessato.
È un'altra questione se la persona interessata sia veramente libera di dare il suo consenso o meno, poiché se rifiuta, le compagnie di assicurazione non sottoscrivono un contratto di assicurazione con lei.
Così, alla fine, le galline dipendono dalla gentilezza della volpe.
Il menu generale di Marsiglia
L'Unione europea e l'India raddoppiano i loro scambi commerciali.
Poiché l'Unione europea e l'India sono importanti partner commerciali l'uno dell'altro, questo tema è stato anche l'oggetto principale dell'ordine del giorno del IX vertice, insieme ad altri problemi, in gran parte globali.
Oggi si terrà anche un summit Francia-India, in cui si parlerà soprattutto della cooperazione in materia di energia atomica.
L'Unione europea riconosce che l'India è una grande potenza democratica emergente che dovrebbe avere un più ampio diritto di parola nelle questioni internazionali, ma i paesi membri non sono ancora riusciti a concordare il loro sostegno a New Delhi per la sua candidatura come membro permanente del Consiglio di Sicurezza delle Nazioni Unite.
Non si è parlato troppo di questo problema ieri al nono summit di Marsiglia.
Il presidente francese Nicolas Sarkozy, l'attuale presidente dell'Unione, il presidente della Commissione José Manuel Barroso e il capo della diplomazia Javier Solana hanno accolto il primo ministro indiano Manmohan Singh, con il quale hanno concordato che, in cinque anni, raddoppieranno gli scambi commerciali, con un aumento di circa 100 miliardi di euro.
Considerando che tra il 2000 e il 2007 il commercio di merci è passato da 25 miliardi a 55 miliardi, questo non sembra un obiettivo troppo ambizioso.
In questo senso, hanno armonizzato legalmente i 26 accordi bilaterali con l'India in materia di voli civili, consentendo così di far crescere il commercio aereo in futuro.
L'India vorrebbe firmare un accordo di libero scambio con l'Unione entro la fine del 2009.
Sarkozy ha promesso di accelerare i negoziati.
L'obiettivo è quello di bilanciare la situazione con l'India, che è il primo partner commerciale dell'UE, e con New Delhi, che è solo il nono tra i partner dell'UE.
Il vertice ha dedicato l'attenzione a questioni globali.
La situazione in Afghanistan e in Pakistan è stata fortemente condannata, così come tutte le forme di terrorismo, e si è parlato dell'urgenza di tenere una conferenza delle Nazioni Unite su questo tema.
È stato anche chiesto di concludere il ciclo commerciale di Doha, anche se entrambi hanno un ruolo importante nel fallimento attuale.
L'UE ha confermato di rimanere fedele all'agenda per l'energia e il clima, in particolare per ridurre le emissioni di sostanze tossiche di almeno il 20% entro il 2020.
L'India è stata d'accordo anche su questo punto, e sul fatto che si dovrebbe passare a un mercato globale alla conferenza sul clima prevista per l'anno prossimo, e ridurre le emissioni di gas serra del 50% entro il 2050.
Vogliono anche impedire l'aumento dei prezzi dei prodotti alimentari e hanno sostenuto la convocazione di una riunione internazionale di lavoro per esaminare la crisi finanziaria.
Il capo dello Stato indiano è oggi in visita nella capitale francese, dove durante un incontro bilaterale si prepara a firmare un accordo sull'uso pacifico dell'energia atomica.
A Parigi si spera che le società francesi riceveranno ordini per un valore di 20 miliardi di euro per la costruzione di reattori nucleari indiani.
Secondo le informazioni dell'agenzia di stampa, l'accordo sarebbe durato 15 anni.
A Francoforte, più di trecento editori italiani
Presenza di editori italiani al Salone Internazionale del Libro di Francoforte.
Più di trecento editori italiani presenti alla 60a edizione della Buchmesse, il più importante appuntamento internazionale per lo scambio dei diritti.
Per questa edizione, l'International Book Fair di Francoforte ha atteso oltre 7 mila espositori provenienti da 101 paesi diversi, che occuperanno i 171.790 metri quadrati del Salone con oltre 403mila titoli esposti, con la Turchia come ospite d'onore.
Il sottosegretario del Ministero dei Beni e delle Attività Culturali, Francesco Maria Giro, rappresenterà il governo italiano alla cerimonia di inaugurazione del Papillon Italiano: l'Italia sarà presente in modo istituzionale, con un punto Italia di 264 mq.
Sarà seguito da un incontro con la stampa nella Room Struktur, al pappagallo 5.0 della Buchmesse: un'occasione per presentare i dati, le tendenze e le prospettive sulla posizione dell'editoria in Italia.
Secondo i dati, l'importanza dei libri di autori stranieri sta progressivamente diminuendo rispetto alla produzione italiana totale, e in particolare rispetto a quella per adulti e bambini.
Abbiamo trovato l'aereo di Steve Fossett, il miliardario scomparso un anno fa.
Il relitto dell'aereo di Steve Fosset, il miliardario scomparso il 3 settembre 2007 mentre volava nel deserto del Nevada, è stato ritrovato.
I resti sono stati trovati su un altopiano a 3000 metri d'altitudine, nella zona della Sierra Nevada dei Mammonth Lakes, al confine tra California e Nevada.
All'interno dell'aereo, però, non ci sono resti umani.
Lo sceriffo della contea di Madera, John Anderson, ha respinto ogni dubbio: "L'aereo è stato individuato, abbiamo inviato una squadra, e ora abbiamo conferma che è quello su cui Steve Fosset era in viaggio il giorno in cui è scomparso", ha detto in una conferenza stampa.
Il poliziotto ha detto che non sono stati trovati resti umani né sull'aereo né nei dintorni.
Nel mese di febbraio, il miliardario di 63 anni è stato considerato morto.
L'Ufficio per la Sicurezza dei Trasporti (NTSB) ha riferito che poche ore dopo aver individuato il relitto, una squadra di investigatori inviata sul posto ha identificato l'aereo: si tratta del Bellanca 8kcab, scomparso il 3 settembre 2007, quando Fosset decollava da Yerington nel Nevada per un volo di tre ore.
Ieri, ancora in California, non lontano dal confine del Nevada, alcuni degli effetti personali di Fosset sono stati ritrovati da una coppia vicino alla loro casa di Mammoth Lakes.
Sono due documenti con il nome di Fosset, entrambi rilasciati dall'Illinois Federal Aviation Administration, denaro contante e un pullover.
La ricerca di Fossett fu interrotta un mese dopo la sua scomparsa.
Il miliardario si era fatto un posto nella storia grazie a una lunga serie di record.
Al sesto tentativo, nel 2002, era diventato il primo uomo a completare il giro del mondo su un pallone aereo: due settimane di volo da solo.
Tre anni dopo aveva fatto un giro del mondo in aereo senza sosta.
Tra tutti i record, anche quello di aver volato a 15.445 metri di altezza sulle Ande, ma con un co-piloto.
Glk, la pubblicità che non ti aspettavi.
Un 4x4 eccezionale, di un design originale e ben definito, con linee segnate, ampie superfici e angoli chiari.
Ecco, in sintesi, Glk, l'ultimo dei "compatti" off road della casa stellare, con cui Mercedes-Benz ha cercato di dare un'aria di novità in questo settore.
Proprio per i suoi contenuti fuori standard, inaspettato e non convenzionale sarà la comunicazione che accompagnerà il lancio del 4x4 Glk, disponibile negli showroom Mercedes-Benz dal prossimo 17 ottobre.
Il colpo di rumore che accompagnerà l'avvio della nuova auto darà luogo ad una modalità di comunicazione inedita, attraverso una campagna futuristica di display in 3D, utilizzata per la prima volta in Italia da un marchio automobilistico.
Un progetto di maxi display, articolato in tre diverse fasi, che dominerà il cuore del centro commerciale milanese, Corso Como, fino al 15 novembre.
La prima fase di questo nuovo tipo di comunicazione prevede la presentazione della vettura in visione stereoscopica, e grazie a speciali occhiali distribuiti nei dintorni di Corso Como, sarà possibile vedere il nuovo 4x4 in dimensioni quasi reali e in formato tridimensionale.
Infatti, quando guardiamo l'immagine, sembra che la macchina sia fuori dal cartello.
Poi, attraverso l'uso della tecnologia innovativa Elimina8, il nuovo Glk verrà illuminato secondo i punti, in tutti i suoi dettagli, per poi ricomporsi in un'unica immagine.
È evidente che con questa pubblicità Mercedes cerca di introdurre qualcosa di nuovo nel campo stereotipato della comunicazione automobilistica.
Se riuscirà a suscitare l'interesse dei futuri acquirenti, vedremo.
Ecco chi sono i "hooligans" italiani.
Dal Triveneto rischiano il Daspo.
Ma chi sono quei 150-200 ragazzi e ragazze di cui l'Italia è vergognata ora? Sono membri dell'Ultras Italia, che segue la nazionale italiana da anni e che fino ad ora non ha mai creato grossi problemi.
Non aveva mai avuto problemi con i tifosi avversari.
L'estrazione del gruppo è a destra.
I promotori sono del Triveneto.
Verona, Padova, Trieste e Udine.
A Sofia si sono aggiunti piccoli gruppi (in realtà non molto numerosi) della Campania e della Puglia.
Avevano bandiere tricolori con la loro città natale: il sabato sera, furono tutti rapiti per non essere identificati.
Hanno preso l'ispirazione dalla tifoforia inglese.
In Bulgaria trovarono una vera e propria officina nazista, quella del Levski.
La FIC aveva messo a disposizione dei tifosi italiani 144 biglietti per la partita: tutti nominativi, quindi facilmente controllabili.
E il Viminal li aveva controllati tutti: tra quelli che erano partiti per Sofia, nessuno aveva un Daspo in corso, nessuno era stato vietato di frequentare uno stadio.
Quattro tifosi italiani, con precedenti di crimini in stadio, non hanno avuto diritto al biglietto e non sono stati autorizzati a viaggiare.
Ora il Viminal sta aspettando di leggere le azioni che arriveranno dalla polizia bulgara, e poi prenderà provvedimenti: in questo caso, potrebbe essere che i tifosi arrestati o identificati nei disordini facciano un Daspo per almeno cinque anni.
Un Daspo internazionale che vieta di frequentare gli stadi italiani, ma anche quelli europei.
In breve, i nostri hooligan non metteranno più piede nello stadio.
- Per fortuna.
Ma ora è il momento di imitare la paura: questo significa che altri potrebbero aggiungersi ai primi centocinquanta.
"Dobbiamo spegnere immediatamente questo incendio, e non legittimare chi si comporta in questo modo", sostiene il Viminal.
Quindi, "tenere gli occhi ben aperti soprattutto in vista della partita della nazionale di mercoledì a Lecce"
In Puglia si trova infatti un piccolo nucleo di sostenitori degli Ultras Italia.
Domani si riunisce l'Osservatorio, martedì il Casms che può anche contare su una sezione dell'Aise, cioè servizi segreti, che si occupano proprio dei problemi dello stadio.
"I cori Duce-Duce, e il braccio allungato durante l'inno di Mameli?
Questa è la opinione (espressa in modo davvero sgradevole) di Domenico Mazzilli, recentemente direttore dell'Osservatorio del Viminal (che ha preso il posto di Francesco Tagliente e poi di Felice Ferlizzi).
Mazzilli era stato prefetto a Trieste, dove risiede un nucleo di sostenitori del gruppo Ultras Italia, fondato nel 2002.
Mazzilli dice che in Bulgaria non è un crimine affittare Mussolini, ma è certo che il comportamento di questi 150-200 tifosi è stato vergognoso.
"Non sono un sociologo - aggiunge il numero 1 dell'Osservatorio - i crimini devono essere attribuiti nel Paese in cui si verificano.
Finora questo gruppo ha rispettato le regole, ora vedremo bene cosa è successo, e valuteremo per il futuro.
Ma parliamo anche dei fischi contro l'inno di Mameli: anche quelli non sono crimini, ma se mi permettete, non sono educati... "
