Triomphe de la droite populiste en Autriche, ensemble ils forment 29%
Les élections anticipées au Parlement autrichien ont, selon les premiers résultats approximatifs, entraîné un affaiblissement sensible des deux partis de la grande coalition actuelle et un renforcement marqué du parti de la droite populiste.
Les pertes particulières ont été lourdes pour le Parti populaire autrichien (OVP), où la position du président actuel, Wilhelm Molterer, est sérieusement mise en échec.
En revanche, le chef de l'Alliance pour l'avenir de l'Autriche (BZO), le chef du gouvernement de la Carinthie, Jörg Haider, prépare son retour triomphal dans la politique nationale.
Selon les résultats approximatifs, le SPÖ reste le parti le plus fort du pays avec 29,8% des voix, ce qui signifie qu'il perd 5,5 pour cent des voix par rapport aux dernières élections de 2006.
Le pire est encore le OVP qui perd 25,6%, près de 9% des voix.
C'est le pire résultat, littéralement catastrophique, de ces deux grands partis autrichiens depuis l'après-guerre et surtout pour les populaires qui ont convoqué ces élections anticipées.
En juillet, lorsque l'OVP a quitté la coalition, les populaires avaient un avantage considérable en matière de préférence par rapport au SPO.
Il est clair, cependant, que les électeurs les ont punis pour avoir laissé le gouvernement naufrage.
Déjà dans les premières réactions aux résultats, on a pu entendre des spéculations sur la démission du président du parti et, jusqu'à aujourd'hui, du vice-chancelier, Wilhelm Molterer.
Les observateurs pensent qu'il pourrait y arriver dès ce lundi lors de la réunion exceptionnelle de la présidence du parti.
Cette évolution faciliterait évidemment la voie vers le point de départ le plus proche et le plus constant des résultats électoraux, c'est-à-dire le renouvellement de la grande coalition entre SPO et OVP.
En raison du renforcement des deux partis de la droite populiste - les libéraux (FPO) ont remporté environ 18% et le BZO, 11% des voix - et des craintes exprimées par les sociaux-démocrates qu'il n'y ait une répétition de l'année 1999 lorsque le peuple a négocié avec les populistes (alors le FPO était une unité, mais en 2005 il s'est démembré du BZO) pour un gouvernement de coalition qui a finalement généré une sanction de l'Union européenne.
Haider, qui a déjà annoncé qu'il était prêt à collaborer avec n'importe quel parti, s'est engagé à retourner à Vienne, à la politique nationale.
Le Parti vert a également réussi à entrer au parlement, mais il a légèrement perdu et est passé de la troisième à la cinquième place parmi les partis politiques autrichiens.
Aucun autre parti n'a franchi clairement la limite des quatre pour cent et ne fait donc pas partie du parlement.
Schwarzenberg: les relations avec l'Inde pourraient se refroidir
Si le problème des scientifiques tchèques accusés en Inde de collecter illégalement des scarabées n'est pas résolu, les relations entre la République tchèque et l'Inde pourraient se refroidir, selon le ministre des Affaires étrangères Karel Schwarzenberg.
C'est ce qu'a déclaré le ministre à New York, après sa rencontre avec son homologue indien, Pranab Mukherjee.
"Si cela n'était pas résolu, alors oui, alors oui, il y aurait sûrement un refroidissement", a-t-il déclaré après la réunion organisée par la République tchèque.
Mukherjee a déclaré, après la rencontre, que dans les affaires juridiques, l'exécutif peut difficilement s'impliquer.
Il a toutefois déclaré que dans le cas de Petr Švácha, qui a été exempté d'accusation et puni d'une amende, le gouvernement peut négocier avec le gouvernement local de Darjiling dont la juridiction relève de l'affaire.
"Votre problème pourrait être résolu", dit le ministre.
Pour Emil Kučera, condamné à trois ans de prison, le mieux serait, selon Mukherjee, d'appeler les instances les plus hautes.
Il peut ensuite demander l'exonération de la cause et attendre en liberté le jugement, a-t-il expliqué.
Schwarzenberg a confirmé que son collègue s'était exprimé dans les mêmes termes lors de la rencontre.
"Il est conseillé d'appeler la Cour supérieure et ensuite il serait possible de faire grâce", a déclaré le chef de la diplomatie tchèque.
La seule façon pour la partie tchèque d'intervenir est d'obtenir un "soutien juridique compétent" pour le condamné, a déclaré le ministre indien.
Il a également déclaré que le soutien de ce type était déjà offert par la partie indienne.
"Nous avons un intérêt particulier à maintenir avec l'Inde de bonnes relations, qui ont une longue tradition.
Les Indiens le reconnaissent aussi", a commenté Schwarzenberg.
En outre, comme l'a dit ČTK, il a insisté auprès de son collègue sur le fait que la République tchèque considère le problème des entomologistes tchèques comme d'une grande importance.
"Nous considérons vraiment comme une grave erreur d'emprisonner et de condamner ces scientifiques tchèques", a-t-il annoncé.
Le ministre a évité de répondre à la question de savoir s'il avait reçu de la part indienne la promesse de s'occuper de la question.
"J'ai reçu beaucoup de promesses", a-t-il seulement déclaré.
Un tchèque arbitre une bagarre au fond de la mer
Je m'approche d'une carte électronique, et elle représente l'Australie entourée de mer.
Il ne s'intéresse pas au continent, mais à un petit point perdu dans l'océan bleu.
"L'île appartient à l'Australie et avec elle le fond marin qui l'entoure.
La région est, en même temps, aussi grande qu'un seul continent", explique l'avocat italien Luigi Santosuosso, qui fait partie de la équipe de trente membres de la Division des affaires océaniques et de la mer de l'ONU.
Son chef, le directeur de la Division, l'avocat tchèque Václav Mikulka, suit l'exposition et, parfois, la complète.
Il gouverne cette tendance et cet enthousiasme pour le travail.
Le fond marin cache jusqu'à ce jour un monde peu connu, riche en ressources naturelles.
On y trouve du pétrole et d'autres matières premières minérales, mais aussi des organismes jusqu'à présent inconnus qui sont eux-mêmes la clé du développement de médicaments contre le cancer.
Le fond est plus grand que la terre ferme
Les pays côtiers ont commencé aujourd'hui à se disputer avec véhémence les nouveaux territoires sous la mer.
Selon le traité de l'ONU, ils profitent des droits qui ont été convenus en 1982 à Montego Bay en Jamaïque.
Il s'agit essentiellement de la soi-disant bordure continentale qui s'étend parfois à quelques centaines de kilomètres de la côte du pays donné.
Il a, selon le traité, des droits exclusifs sur toutes les ressources de la rive continentale.
"Le bord continental désigne simplement la partie du fond marin et de sa surface qui est la continuation naturelle du continent sous l'eau.
Elle atteint jusqu'à la limite de la côte et souvent jusqu'à la frontière de 200 milles marins, c'est-à-dire une zone économique pure", explique Mikulka.
La demande de délimitation des limites extérieures de la frontière continentale présentée par le pays à la Commission doit être accompagnée d'une documentation technique scientifique fondée sur des recherches et des mesures.
C'est le résultat d'une série d'années de préparation.
"L'une de nos tâches est d'organiser une commission d'aide technique et juridique spécialisée.
La commission a jusqu'à présent traité cinq demandes de la Russie, du Brésil, de l'Australie, de l'Irlande et de la Nouvelle-Zélande.
Pour l'instant, seuls les trois derniers pays ont progressé", ajoute Mikulka.
Récemment, le succès de l'Australie a eu un impact mondial car elle a été la première à étendre essentiellement son domaine marin.
Mais la Nouvelle-Zélande a aussi réussi - la superficie du fond marin accordée par la commission la semaine dernière est de 1,6 million de kilomètres carrés, soit près de six fois la taille de l'État lui-même.
Les deux pays ont investi des millions de dollars dans leur étude.
Les bénéfices qui découleront de l'utilisation du fond marin seront, comme ils le promettent, inestimables.
D'autres États sont également en train de présenter leurs demandes.
Ils peuvent le faire jusqu'à dix ans après avoir ratifié le "Treaty de Montego Bay".
Là où se termine la frontière continentale, commence la région du fond de l'océan déclarée par un traité comme "héritage commun de l'humanité".
Ici, aucune nation n'a une position exclusive.
Le droit d'exploitation dans ces zones est géré par des traités établis par des institutions internationales.
"Le fond marin, cependant, n'est pas une mine d'or", souligne le directeur Mikulka, ajoutant que "ses zones séparées sont légalement et clairement restreintes et leur régime défini par contrat".
Les Tchèques dans le Pacifique
Aujourd'hui, une partie du fond marin appartient également à la République tchèque.
Il est distribué avec d'autres pays de l'époque du bloc de l'Est dans le cadre de l'organisation commune "Interoceanmetal".
Il l'a réalisé en 1991 avec un traité sur les investisseurs, comme quelques autres États, appelés "investisseur pionnier".
Il a le pouvoir d'exploser dans la zone de ClarionClipperton dans l'océan Pacifique, entre le Mexique, les îles Hawaï et Kiribati.
La zone à explorer par l'investisseur est un peu plus grande que l'ex-Tchécoslovaquie.
Le fond est accidenté, c'est une sorte de réplique marine des Tatras.
"On peut exploiter une surface d'une superficie totale de 75 000 kilomètres carrés.
La région est riche en gisements de polymétallurgie contenant du nickel, du cuivre, du cobalt et du manganèse", ajoute l'avocat indien Pakshi Rajan.
Un employé macédonien de la Division, Rober Sandev, nous apporte un échantillon de ce type de concrétisation.
Il nous rappelle une petite patate ou un peu fantôme, le Shem, qui, selon la légende, ressuscitait le Golem.
Pendant la libération des otages, le commandement des forces spéciales allemandes était sur les lieux.
Pour résoudre la crise des otages, le gouvernement égyptien avait demandé l'aide de l'Allemagne - des experts sont venus.
Lorsque la situation est devenue sérieuse, le commandement des forces spéciales était prêt, mais l'opération n'a pas été menée.
De plus en plus de détails sont connus sur les circonstances de la libération de 11 touristes européens en Égypte.
Selon les données du ministère de la Défense et du ministère de l'Intérieur, les forces spéciales allemandes ont également participé indirectement à l'action de sauvetage.
Ainsi, sur le lieu de la libération se trouvaient des spécialistes de l'armée allemande ainsi que des fonctionnaires du GSG 9, un escadron d'avions de la police fédérale, du Federal Bureau of Criminal Investigation ainsi que des experts dans le domaine de la logistique de l'institution caritative technique.
Les porte-parole des ministères ont rapporté lundi soir que les forces allemandes n'étaient pas nécessaires car les ravisseurs, se rendant compte d'une libération violente, ont laissé partir leurs prisonniers et se sont enfuis.
Le gouvernement égyptien a accepté l'aide de l'Allemagne pour l'utiliser comme soutien sur place.
"Heureusement, ce moment n'est pas venu", a déclaré un porte-parole du ministère fédéral de l'Intérieur.
Le 19 septembre, dans le sud de l'Égypte, les assaillants avaient enlevé un groupe de voyageurs composé de 5 Allemands, 5 Italiens, une Roumaine ainsi que leurs 8 compagnons égyptiens.
Après l'enlèvement dans la région désertique du sud de l'Égypte, les otages ont été déportés de part et d'autre dans la zone frontalière entre l'Égypte, la Libye, le Soudan et le Tchad.
L'identité des ravisseurs est restée inconnue jusqu'à la fin ainsi que les détails de la libération ou des paiements de rançon possibles.
Pendant ce temps, les personnes sauvées, saines et sauves, sont arrivées au Caire.
Steinmeier a dit que les otages libérés étaient sous la tutelle de l'ambassade d'Allemagne.
Il n'a pas dit un mot sur les détails de la libération.
Au début, il n'y avait aucune information à Berlin sur leur retour en Allemagne.
Selon le journal "Bild", 5 touristes et les forces spéciales doivent rentrer en Airbus de l'armée de l'air allemande et arriver en Allemagne mardi.
La Chambre des représentants des États-Unis n'approuve pas le plan de sauvetage
La première chambre du Congrès des États-Unis a failli faire échouer un grand plan de sauvetage de 700 milliards de dollars pour les marchés financiers.
Le Dow Jones est tombé très fort.
La Chambre des représentants des États-Unis a rejeté par 227 voix contre 206 le plan de sauvetage des marchés financiers.
Malgré les appels du président George W. Bush et d'anciens politiciens des deux partis, il n'a pas réussi à obtenir une majorité pour le programme qui devrait limiter le désordre sur les marchés financiers.
Avec une action dramatique, les défenseurs désespérés avaient encore tenté de convaincre les critiques d'accepter le grand paquet de 700 milliards de dollars.
Barney Frank, le chef des négociations démocrate, avait demandé aux députés de voter, même si le plan n'est pas si populaire.
"Il est difficile d'obtenir l'approbation politique pour éviter quelque chose qui n'a absolument pas encore eu lieu", a-t-il admis.
Le Dow Jones a déjà chuté de plus de 6%, soit 600 points, lors du vote.
La cause en était les inquiétudes des investisseurs que le plan de sauvetage pourrait échouer.
Il s'est reposé à la fin du vote et après que le défaut ait été rendu public, il a reculé.
Les experts s'attendent à d'autres turbulences graves sur les marchés financiers internationaux.
Pour que le programme entre en vigueur, il faut l'approbation de la Chambre des représentants et du Sénat.
Les organisateurs enregistrent une augmentation du nombre de réservations
On dirait que c'est un bon hiver pour les touristes allemands:
Selon une étude, le volume des ventes de réservations de voyages pour les prochains mois a augmenté par rapport à l'année dernière - même la saison hivernale de plus de 30%.
Selon une étude, malgré la crise économique, le désir des Allemands de voyager reste le même.
L'association de voyages d'Allemagne (DVR) à Berlin a rapporté lundi que les agences de voyages ayant réservé des voyages pour la saison hivernale ont enregistré un volume de ventes qui est supérieur de 31 pour cent par rapport à la même période de l'année dernière.
Selon une étude de l'institut de recherche des marchés GfK, les réserves pour les mois d'automne avaient déjà augmenté.
Ainsi, le volume des ventes des agences de voyages en octobre était presque 11% plus élevé par rapport à 2007, a rapporté le DVR.
Les résultats sont basés sur des chiffres de GfK qui sont des informations analysées sur les réservations dans 1200 agences de voyages et calculées pour l'ensemble du marché.
Les données recueillies sont les réservations de voyages effectuées jusqu'à la fin août 2008.
En raison du cours affaibli du dollar, les voyages aux États-Unis sont particulièrement demandés, a rapporté le DRV.
Dans ce cas, le nombre de réservations a augmenté de près d'un tiers.
Les destinations préférées des Allemands ne sont pas seulement l'Espagne, la Turquie et la Grèce, mais aussi les régions d'Allemagne.
Les voyages organisés sont particulièrement prisés, explique Klaus Laepple, président de la DRV.
En raison de l'augmentation des prix de l'énergie et de la nourriture, les frais de voyage sont "plus facilement calculés pour le client que lors d'un voyage individuel".
Les consommateurs peuvent notamment économiser de l'argent grâce à des réductions sur les réservations anticipées ou à des offres All-Inclusive, a expliqué Mme Laepple.
Les voyages étaient également bien réservés en été, de sorte que le volume des ventes par rapport à l'année dernière a encore augmenté - bien que, selon une autre étude, le nombre de Allemands effectuant un voyage, par rapport à l'année dernière, ait diminué.
Mon premier Oktoberfest est arrivé
Les hits des fêtes en plein air au Spa sans fin, la bière dans des pots d'un litre et les célébrités vêtues de costumes traditionnels bavarois de designers.
Un début dans une tente.
Susanne Kronzucker et moi n'avons pas vraiment beaucoup en commun.
Elle est blonde, la présentatrice de télévision et porte un costume traditionnel bavarde sur mesure.
J'ai les cheveux noirs, je suis étudiante et ma robe est déjà usée.
Mais il y a une chose qui nous unit: dès que nous sommes dans le camp, les photographes se précipitent vers nous et remplissent leurs cartes mémoire de photos - c'est très flatteur surtout parce que c'est ma première fois à Oktoberfest.
C'est comme ça qu'on se fait des amis.
Le costume traditionnel basse Bavière semble remplir son rôle.
En fait, en tant que touriste de l'Oktoberfest venant du nord de l'Allemagne, mon sentiment de bien-être dans un costume traditionnel bavarois était encore limité à ce jour.
Mais après être arrivé à la Prairie de Teresa, tout n'est plus si important.
Presque tout le monde porte le costume traditionnel bavarde ou des pantalons en cuir; aucun ne semble être remarqué ou se sentir désagréable - tout est absolument normal.
Seul mon écharpe reçoit des regards étranges à côté d'un stand de bananes au chocolat.
Une munichesse attire mon attention sur mon écharpe qui était mal habillée: "la partie gauche est célibataire, la moitié est vierge, la partie droite est fiancée, derrière elle est veuve".
Je me serre la main par derrière.
"C'est bon", dit-il en riant.
Les autres ne se soucient pas beaucoup des subtiles méthodes de flirt et portent des chapeaux sur lesquels il est écrit "To drink to get dressed!" et ils montrent, sans leur demander, leur cul nu.
Un jeune homme qui se comporte de façon exhibitionniste s'appelle Bob, il est d'Angleterre et c'est aussi sa première fois à l'Oktoberfest.
Il trouve ça "gorgeous", qu'il prononce avec un "o" très long.
Il me le dit après avoir mis à côté de lui son verre d'un litre de bière qu'il vient de boire.
Il l'a mis à côté de la bougie, la plupart pensent que c'est un bidon de déchets.
Alors Bob est l'un des célébrités qui savent boire beaucoup.
Les autres n'ont pas beaucoup de chance et ne peuvent pas consommer autant d'alcool.
Vers 8 heures du soir, les groupes de soins de santé courent dans la salle de fête et doivent s'occuper des pauvres ivrognes.
Les toilettes apparaissent en groupe à chaque fois - soudain, il y a toujours quatre personnes qui apportent les allées couvertes d'une tente à l'autre.
C'est comme pour la plupart des visiteurs: ils arrivent sobres, ils reviennent ivres.
On ne voit pas qui souffre des degrés d'alcoolisme et qui est dans les allées.
"Ce sont ceux qui ne peuvent plus", m'a répondu un infirmier en répondant à ma question et a disparu dans la confusion.
Victime d'accident identifiée par la police
La piétonne de 63 ans décédée à l'hôpital après avoir été frappée par un véhicule dans le comté d'Essex a été identifiée.
Carole Paulson, de Chelmsford Road, dans la ville de Brentwood, a été impliquée dans l'accident survenu vendredi soir sur Shenfield Road.
La femme a été emmenée à l'hôpital Queen's à Romford, mais elle est morte plus tard.
Après l'accident, un homme de 51 ans a été arrêté sous le soupçon de conduite imprudente.
Il a depuis été libéré sous caution.
La Turquie élargit ses horizons diplomatiques
Bien avant que la Turquie ne s'engage dans l'Union européenne, les puissances européennes avaient déjà cherché à pénétrer dans son intérieur.
Dans la partie orientale du Bosphore, peut-être à seulement 20 pas de l'Asie, se trouve l'un des vestiges les plus intéressants de l'ambition impériale désastreuse.
La gare d'Hydarpasha a été conçue par deux architectes allemands, Otto Ritter et Helmut Conu, dans un style néo-renaissance.
C'est du moins ce que disent les guides.
Le bâtiment est placé à l'extrémité des plates-formes et porte deux tours, une pour chaque coin, ressemblant à une mairie allemande typique.
La pierre est sale.
Le bâtiment de votre complexe est un peu délabré.
Mais une fois dépassé le guichet à voûte, il n'y a aucun doute de ce qui était la grandeur de l'entreprise que ce fut la porte la plus occidentale.
La station a été inaugurée en août 1908 par le consortium allemand Anatolia-Bagdad Corporation.
L'Allemagne, qui était en retard dans le jeu impérial, avait l'ambition de dominer le Moyen-Orient par ce chemin de fer qui allait jusqu'à Damas, Bagdad, et au-delà dans ce qui est aujourd'hui l'Arabie saoudite.
Cependant, les ambitions de cette Allemagne impériale ont échoué pendant la Première Guerre mondiale.
Ses chemins de fer ont été attaqués par Lawrence d'Arabie et ses Arabes irréguliers.
En raison de l'isolement relatif des régions environnantes, engendré par les frontières gelées de la guerre froide, il est tombé sous le
l'Empire britannique et quand les forces avancent en Égypte, elles poussent les Turcs et leurs alliés allemands hors de Palestine et de Syrie.
Les nouvelles étaient également mauvaises pour la gare de Hyderpasha.
En 1917, un train de munitions a explosé, détruisant son toit élaboré.
Les sources turques ont commenté qu'il s'agissait d'un sabotage.
Depuis, la station s'est détériorée et est restée à l'écart de l'histoire.
Mais aujourd'hui, ce chemin de fer, porte d'entrée vers l'Anatolie et tous les centres de l'Est, sert - au moins symboliquement - à souligner la volonté de la Turquie d'élargir ses horizons diplomatiques.
Le Parti de la justice et du développement au pouvoir - l'AKP - a planifié une nouvelle politique étrangère pour le pays.
L'isolement relatif des régions environnantes, engendré par les frontières gelées de la guerre froide, a disparu.
Il y a maintenant une nouvelle politique de collaboration.
Le gouvernement turc entretient d'excellentes relations avec Israël et la Syrie, avec les deux factions palestiniennes du Hamas et du Fatah, avec l'Irak et l'Iran et, bien sûr, avec l'Union européenne et les États-Unis.
Pour évaluer les paramètres de cette nouvelle politique étrangère, je me suis monté sur un lit et je me suis rendu à Ankara, la capitale turque, pour rendre visite à l'un des dirigeants de l'AKP, expert en politique étrangère, le Premier ministre turc Suat Kiniklioglu.
Le lendemain matin - environ dix heures et demie plus tard - après un voyage mouvementé, qui a produit les cadences du monde antique dans le célèbre documentaire The Night Mail, j'arrivai à la capitale turque - une nouvelle ville, pensée pour gouverner un nouvel État séculier, loin du passé ottoman.
Cependant, l'AKP, avec ses racines clairement islamistes, représente un changement de paradigme dans le consensus turc.
qui a suscité quelques suspicions en Occident et surtout à Washington.
Un taxi m'emmène au siège de l'AKP, une structure ultra-moderne en pierre et en acier - construite ad hoc - dans une banlieue en développement, entourée de centres commerciaux à mi-chemin et de " pâtisseries de pouvoir " où des dirigeants de la classe moyenne en costume d'affaires - hommes et femmes - se réunissent tôt le matin pour négocier.
Suat Kiniklioglu pourrait être un politicien de centre-droit de presque tous les partis en Europe.
Un costume, une cravate, je suis sûr qu'il a encore un Blackberry.
"L'objectif de la politique étrangère du parti est de réintégrer la Turquie dans son voisinage immédiat.
La guerre froide était une anomalie", me dit-il.
La Turquie a été coupée de ses relations avec l'intérieur.
Aujourd'hui, il doit regarder à la fois l'est et l'ouest.
Ce n'est pas une affaire si ce n'est pas vers l'un ou l'autre.
Il faut faire les deux.
"Mais sûrement à un moment donné", lui demande-t-il, "la Turquie pourrait être forcée de choisir?"
"La Turquie", répond-il, "ne veut pas faire face à ce choix".
Il souligne ensuite un point que presque tous ceux avec qui j'ai parlé jusqu'à présent m'avaient presque dit par cœur: les relations que la Turquie entretient non seulement avec le Moyen-Orient, mais aussi avec la région du Caucase et avec toute la mer Noire, sont un avantage pour l'Europe et les États-Unis, comme pour la Turquie elle-même.
Le message semble être: avec la Turquie à bord, l'Europe dans son ensemble peut, métaphoriquement, construire ces lignes de chemin de fer qui ouvrent le monde à l'Asie de l'Est et au Moyen-Orient.
De retour à la gare d'Hydarpasha, après une deuxième nuit sans sommeil, mes pensées reviennent aux deux seigneurs allemands, Herr Ritter et Herr Conu, qui avaient assisté à la construction de ce bâtiment, il y a 100 ans.
Vous seriez étonnés d'apprendre que les ambitions de l'Europe au Moyen-Orient seraient aujourd'hui largement entre les mains de la Turquie.
Et en attendant au terminal le ferry qui me ramènera par le Bosphore, je me souviens que dans ces jours-là, la Turquie était considérée comme "l'homme malade de l'Europe".
Il ne fait donc pas grand-chose de doute sur le continent sur lequel ce pays fascinant doit se revendiquer.
Des vies à retenir: Vernon Handley et William Woodruff
Mark Brown écrit: en tant que directeur musical de Guildford depuis 1962, Vernon "Tod" Handley (à gauche, 11 septembre) était responsable de l'Orchestre philharmonique de Guildford et du Chœur.
Dans le cadre du projet musical pour la ville, l'année suivante, il fonde son magnifique chœur de jeunes, Proteus.
C'était censé être pour les moins de 21 ans, mais au moment où le Proteus a chanté sa finale en 1979, plusieurs d'entre nous étaient en fin de 20 ans - nous refusons seulement de nous rendre au chœur.
Le nom de " Proteus " (l'être mythologique changeur de forme) représentait la volonté du chœur et la capacité d'exécuter n'importe quelle musique qui lui est présentée, que ce soit madrigal ou Messiaen, indépendamment du fait qu'il soit accompagné ou avec un orchestre complet.
La polyvalence musicale produite par ce chœur de jeunes était souvent surprenante, toujours excitante, et tout cela était dû à l'inspiration de cet homme et à l'enthousiasme pour la musique qui est resté absolument constant au fil des ans.
Tod nous a souvent dit de "laisser la musique parler par elle-même".
Il disait: "Le compositeur sait ce qu'il veut.
Tout est là, dans la musique.
C'est comme ça qu'il faut chanter !
Sa baguette était toujours absolument claire et précise, mais jamais imposante, ni trop fleurie.
Quel que soit le niveau musical, il finissait toujours à un niveau encore plus élevé.
John Frayn Turner écrit:
Si un chauffeur devait être un gentleman, c'est Vernon Handley.
Je l'ai connu très bien pendant les deux décennies où il a dirigé la Guildford Philharmonic de 1962 à 1982.
Surtout au cours des 40 dernières années, j'ai revu plus de 100 de ses concerts et je peux honnêtement dire que jamais, pour aucun, je n'ai été déçu  au contraire, j'ai souvent été inspiré par eux.
Tod Handley avait cette rare combinaison de grandeur et d'une extrême modestie personnelle.
Il détestait les conducteurs qui, selon lui, "vendent un ou deux chevaux de guerre très connus dans le monde entier".
Il nous manquera beaucoup.
Il est mort.
Le professeur John Beckett écrit:
Dans sa suite de William Woodruff (25 septembre) vous affirmez que "en 1946 il reprend ses études d'histoire économique à Oxford et en 1950 il remporte une bourse de recherche de Houblon-Norman... en même temps il étudie pour un baccalauréat, un master et un doctorat".
On apprend cela dans une note de l'auteur de Woodruff dans Beyond Nab End, mais ce n'est pas tout à fait exact.
De 1946 à 1953, il est professeur d'histoire économique à l'Université de Nottingham, période au cours de laquelle il complète une thèse de doctorat sur l'industrie du caoutchouc britannique, supervisée par le professeur J.D. Chambers, et publiée par la suite en 1958 sous le titre The British Rubber Industry.
Il passe les années 1950-51 aux États-Unis, bénéficiant d'une bourse de Houblon-Norman, et l'été 1952 aux universités de l'Illinois, de Harvard et de New York.
En 1953, il quitte définitivement Nottingham pour l'Illinois.
La raison pour laquelle Woodruff a choisi de passer à côté de cette partie de sa carrière reste inconnue.
J. Vicente Resino à la Faculté de philologie
"Je recommande l'exposition de José Vicente Resino "Flamenco et vie" parce que ses photographies en noir et blanc, style documentaire, sont fantastiques.
Ils m'ont attiré par leur simplicité et la force qu'ils transmettent, traitant toujours les protagonistes avec beaucoup de respect.
Une exposition qui montre beaucoup de sentiment.
"Réno peut saisir des moments magiques".
Deuxième tour pour le super vendeur Honda
En novembre, Honda lancera la commercialisation de la deuxième génération du Jazz.
Si son prédécesseur comptait déjà sur une grande habitabilité, ce nouveau monovolume présente un espace intérieur encore plus large.
De plus, des mécaniques raffinées améliorent le confort de conduite et permettent d'économiser du carburant.
Évolution contre révolution.
Voilà la deuxième génération de la Honda Jazz.
Bien que l'esthétique du nouveau Jazz présente une ligne très similaire au modèle qui se produit, les changements introduits dans ce monovolume sont nombreux.
Parmi les autres, il faut noter une conception innovante, une nouvelle plateforme, des dimensions plus grandes et de nouvelles mécaniques.
Cependant, avant d'analyser le nouveau modèle, il faut noter que ce nouveau Jazz arrive six ans après l'introduction sur le marché de la première génération.
Une première observation est donc que Honda a rénové ce modèle dans un délai plus court que celui utilisé par d'autres constructeurs.
Bien qu'en Europe, le Jazz soit moins connu, dans d'autres marchés ce modèle est un phénomène de ventes.
C'est le cas au Japon, pays où le Jazz a été la voiture la plus vendue en 2002 et aussi en 2008.
Près d'un million d'unités du Jazz ont été vendues depuis son lancement au Japon.
Le second marché a été celui du Vieux Continent, avec environ un demi-million d'unités en six ans.
Cependant, Honda entend que ce nouveau Jazz permette d'augmenter les ventes au sein du segment.
Ainsi, alors qu'en 2007 la firme japonaise a commercialisé un total de 83 000 unités du Jazz, en 2009 les estimations portent à 100 000 voitures, ce qui représenterait une croissance de 17% sur le marché européen.
En ce qui concerne le marché espagnol, Honda a commercialisé un total de 8 000 unités du Jazz depuis 2002, ce qui représente 6,7% du total des ventes de Honda en Espagne.
Quant à la nouvelle génération, les responsables de la filiale espagnole espèrent vendre 2.000 unités de Jazz en une année complète.
C'est précisément l'arrivée du nouveau Jazz qui permettra à Honda de pallier dans une large mesure la baisse des ventes en Espagne.
En effet, les responsables de la marque s'attendent à terminer l'année avec un total de 22 000 unités commercialisées, soit 4 000 de moins qu'en 2007, soit une baisse de 16%.
Malgré cette augmentation des ventes, Honda a augmenté sa part de marché en Espagne, atteignant 1,8%, contre 1,6% l'année dernière.
La firme japonaise espère également atteindre 2% en 2010.
Pour atteindre ce quota, Honda compte sur l'arrivée d'un nouveau modèle.
Il s'agit de l'Insight, un hybride compact de cinq portes, de 4,37 mètres de long, dont la compagnie japonaise espère commercialiser environ 200.000 unités par an dans le monde.
Par marché et selon les estimations du constructeur japonais, 50% des ventes de l'Insight seront réalisées aux États-Unis, tandis que le pourcentage restant sera réparti entre le Vieux Continent et le Japon.
Le lancement commercial de l'Insight est prévu pour les premiers mois de l'année, une fois sa présentation en société effectuée au mois de janvier à Valence.
En ce qui concerne la première génération, le nouveau Jazz grandit dans tous ses angles.
Sa longueur atteint 3,90 mètres (cinq centimètres de plus), sa largeur atteint 1,69 mètres (deux centimètres de plus) et la distance entre les axes atteint 2,50 mètres, ce qui représente une augmentation de cinq centimètres.
La hauteur, quant à elle, ne varie pas et se maintient à 1,52 mètres.
Avec l'augmentation des dimensions, l'habitabilité intérieure augmente également.
Ce gain est dû, d'une part, à l'inclusion d'une nouvelle plateforme et, d'autre part, à l'introduction du réservoir de carburant en position centrale, solution également adoptée sur le Jazz précédent.
De même, la capacité de la valise - qui dispose d'un système à double fond - s'élève à 399 litres, soit 19 litres de plus que la capacité de la valise de la première génération.
Il convient de noter que ces mesures sont de la version avec le moteur 1.4, car la capacité de la malle du Honda Jazz 1.2 est de 379 litres.
D'autres améliorations - en plus d'éléments extérieurs tels que des LED arrière ou la possibilité de monter le verre panoramique - sont une amélioration de l'accès aux places arrière.
Les portes qui donnent accès à la deuxième rangée ont un angle d'ouverture de 80 degrés, contre 67 degrés pour le premier Jazz.
Les moteurs de cette deuxième génération de Jazz sont également nouveaux.
Au début de sa commercialisation, ce petit modèle disposera de deux propulseurs à essence de 1,2 et 1,4 litres.
Les deux mécaniques intègrent la technologie i-VTEC qui permet une consommation réduite, émet moins de dioxyde de carbone, obtient un excellent raffinement mécanique et obtient en même temps un torque élevé sur l'ensemble du régime du moteur.
La première mécanique de 1,2 litre obtient une puissance de 90 chevaux à 6.000 tours avec un couple maximum de 114 Nm à 4.900 tours.
Ce propulseur - qui dans Jazz précédent atteignait 78 chevaux - présente une consommation de 5,3 litres et des émissions de 125 grammes de CO2.
En ce qui concerne le propulseur précédent, qui dans la génération précédente atteignait 83 chevaux, il en arrive maintenant à 100.
Ce Jazz 1.4 de 100 chevaux réalise une consommation combinée de 5,4 litres et 128 grammes de CO2.
La " voiture-abeille " qui évite les collisions
Pour faire avancer le développement de technologies de prévention des accidents, Nissan s'est inspiré, cette fois, de la nature, en particulier des abeilles.
Une société japonaise a créé un robot qui, en prenant comme base le vol des abeilles, évite les accidents.
C'est le Bio-mimetic Car Robot Drive, ou BR23C, qui est la première étape dans les technologies de prévention des collisions.
Les ingénieurs du Centre technique avancé de Nissan Motor Co. ont développé ce petit robot en collaboration avec le Centre de recherche en sciences et technologies avancées de la prestigieuse université de Tokyo, au Japon.
Selon Kazuhiro Doi, directeur général des relations publiques pour la technologie et la recherche et le développement de la gestion de la marque, le BR23C est présenté comme une extension du bouclier de sécurité de quatre domaines de Nissan.
Ce robot est destiné à renforcer la capacité de prévention des collisions des véhicules de la marque.
Pendant son vol, chaque abeille crée son propre espace personnel en forme d'ovale qui ressemble beaucoup au bouclier de sécurité Nissan.
Mais le plus important, ce sont les yeux composites de l'abeille, capables de voir à plus de 300 degrés dans toutes les directions, ce qui lui permet de voler sans interruption dans son propre espace personnel.
Pour reproduire cette fonction visuelle, les ingénieurs ont conçu ce qu'ils ont appelé un localisateur laser (Laser Range Finder).
Il détecte les obstacles situés à deux mètres de distance dans un rayon de 180 degrés devant le BR23C, calcule la distance jusqu'à cet objet et envoie un signal à un microprocesseur à bord qui se traduit immédiatement par la prévention de la collision.
" Au moment où il détecte un obstacle, le petit robot imite les mouvements d'une abeille et change immédiatement de direction en faisant tourner ses roues à un angle plus ou moins droit pour éviter la collision.
La principale différence avec les autres systèmes existants est que la manœuvre d'évasion est entièrement instinctive.
Sinon, le robot ne serait pas capable de réagir assez rapidement pour éviter les obstacles ", explique Toshiyuki Andoh, directeur du Laboratoire de Mobilité et ingénieur en chef du projet.
Contrairement à une abeille, le robot ne peut pas se détourner vers le haut ou vers le bas, ni en diagonale; il ne peut se déplacer que dans deux dimensions et dans la direction qui lui permettent de tourner ses roues et non dans des directions et des façons infinies comme les abeilles.
Pour cette raison, Nissan a utilisé une fonction de rotation, en plus de l'accélération et de la décélération, pour que le petit robot évite les collisions.
"Cet appareil ne doit traiter que des informations toutes les quelques secondes, et agir en fonction de ces données.
Il ne nécessite pas de stockage d'informations ni de logique intuitive de manœuvres précédentes, il peut donc fonctionner en continu avec seulement quelques dizaines de Ko de mémoire.
Cela peut vous surprendre, mais nous ne parlons pas de gigas de mémoire, ni même de méga".
C'est la première étape pour développer de nouvelles technologies de prévention instantanée des collisions, une technologie que Nissan prévoit être introduite dans les voitures de série dans dix ans.
Le robot utilise des batteries en polymères de lithium, qui sont plus légères et durent plus longtemps que la variété d'ions de lithium.
Une autre application possible de cette technologie pourrait être l'intégration de l'unité avec un système GPS de navigation par satellite pour guider le conducteur jusqu'à sa destination en évitant les obstacles sur la route.
Tremblez avant de vous hypothéquer
Il faut reconnaître que le département du Trésor des États-Unis, en plus d'avoir beaucoup de liquide pour faire des injections, n'est pas sans ingéniosité.
Face à la crise, et pour éviter que les Américains ne s'embarquent dans des hypothèques de merde dans des banques de solvabilité douteuse, ils ont créé un jeu amusant et informatif pour le navigateur: 'Bad Credit Hotel'.
C'est l'hôtel des mauvais crédits ou des désastres.
Le côté sombre de cet hébergement et surtout de son réceptionniste est de réfléchir une, deux, voire trois fois si c'est le moment de demander un crédit.
Et surtout, où le faire, ce qui est probablement son objectif.
Il a des informations utiles, mais peu détaillées.
C'est plus un site pour les adolescents qu'un site pour tout le public.
Et si le jeu est terminé ?
Il y a une chambre de rêve dans l'hôtel.
Quelque chose est quelque chose, parce que si on achète une meilleure maison, on ne parle pas...
Morgan Stanley vend une participation à MUFG japonais
Morgan Stanley a annoncé l'entrée en bourse de Mitsubishi UFJ Financial Group (MUFG), la première banque japonaise, qui décaissera neuf milliards de dollars pour acquérir 21 % de son capital, une nouvelle qui a été acceptée avec une forte baisse de sa cotation en bourse.
Une semaine après avoir découvert un accord provisoire, les deux banques ont expliqué que MUFG allait acheter 9,9% des actions ordinaires de Morgan Stanley au prix unitaire de 25,25 dollars, soit un montant de trois milliards de dollars.
Le prix convenu est inférieur à 19% de la valeur comptable des titres au 31 août.
MUFG investira six milliards de dollars supplémentaires avec l'achat de titres convertibles ce qui lui assurera un rendement de 10% et un prix de conversion de 31,25 dollars.
Morgan Stanley a précisé que l'opération globale serait effectuée sur la base d'un prix par unité de mesure de 29 dollars, soit 28 % au-dessus de son taux de change actuel.
L'action Morgan Stanley perdait néanmoins 6,79% à 23,07 dollars chacune à 17h00 GMT.
" Cette alliance stratégique constitue une opportunité importante pour accélérer la transition de Morgan Stanley vers le statut de holding bancaire ", a expliqué Juan Mack, directeur général du groupe américain.
Morgan Stanley a adopté cette nouvelle loi la semaine dernière, ce qui devrait lui permettre de diversifier ses activités, mais il passe sous l'autorité de la Réserve fédérale.
Son alliance avec MUFG confirme également que la crise financière actuelle force les plus grands noms de Wall Street à adopter un comportement beaucoup plus prudent qu'auparavant.
Les modalités présentées lundi dernier montrent en outre que l'accord a été modifié au cours des derniers jours: lundi dernier, Morgan avait annoncé qu'il vendrait jusqu'à 20% de ses actions aux Japonais pour près de 8,5 milliards de dollars.
" Il y a une semaine, a expliqué à Tokyo Toshihide Mizuno, le directeur général de MUFG, " nous pensions que la participation aurait été composée uniquement d'actions ordinaires.
Mais dans la situation actuelle de l'économie et du marché, nous avons voulu minimiser les risques et nous couvrir. "
Sur la base du prix moyen pondéré, MUFG paiera ses titres Morgan Stanley à 7% de moins de leur valeur comptable.
Et l'opération se traduira par une dilution d'environ 20% du bénéfice par action.
L'accord prévoit que MUFG pourra convertir dans un délai d'un an la moitié de ses titres privilégiés en actions ordinaires si ces actions sont vendues à plus de 50% au-dessus du prix de conversion, soit à 47 dollars environ, au cours d'une période donnée.
Morgan Stanley assure que les capitaux apportés par MUFG lui permettront de saisir des opportunités d'investissement, de renforcer son bilan et d'augmenter sa liquidité.
Une porte-parole du groupe a toutefois refusé de donner des précisions sur les projets stratégiques des deux nouveaux alliés.
Après l'investissement de MUFG, Morgan Stanley devrait afficher un ratio de solvabilité Tier 1 d'environ 15%, l'un des meilleurs du secteur.
Morgan a dû beaucoup assouplir son bilan depuis la fin août.
Les dernières semaines ont été épuisantes pour le groupe, qui a vu sa cotation boursière diminuer de moitié alors que le coût de la sécurité contre un risque de défauts sur sa dette déployait.
Ce coût a reculé lundi dernier mais est resté à un niveau élevé, autour de 12%.
La semaine dernière, Goldman Sachs, le seul autre " survivant " des grandes banques d'investissement de Wall Street après les faillites de Bear Stearns et Lehman Brothers et l'achat de Merrill Lynch, a annoncé avoir levé 15 milliards de dollars, en partie pour Berkshire Hathaway, le groupe de Warren Buffett.
Rafael Correa à Quito, ce lundi.
Refondation de la république autour du socialisme du XXIe siècle.
C'est le projet commun du Vénézuélien Hugo Chávez, du Bolivien Evo Morales et de l'Équateur Rafael Correa.
Ce dimanche, à l'exemple de ses collègues et amis, c'est le troisième qui mettait au vote un projet de nouvelle Constitution.
Mission accomplie puisque 64% des électeurs ont voté "oui" au référendum, selon les résultats officiels qui se réfèrent à 80% des suffrages.
Selon ces résultats, le "non" a obtenu 28%, 7 % des suffrages étaient des voix nulle et 0,7 % étaient des voix blanches.
Pour que le projet de Constitution soit adopté, il devait obtenir la moitié des suffrages plus un.
Dimanche, deux sondages effectués à la sortie des bureaux de vote et un décompte effectué par une organisation non gouvernementale avaient annoncé une large victoire du "oui", estimant entre 63% et 70%.
Rafael Correa avait également revendiqué dans la nuit du dimanche au lundi la victoire de son projet de Constitution.
" La Constitution a triomphé de façon écrasante ", avait-il assuré, félicitant les Équatoriens qui dirigent le gouvernement de Guayaquil, à 280 kilomètres au sud-ouest de Quito.
Ainsi, Rafael Correa a été félicité par Chavez et Morales mais aussi par sa collègue chilienne Micaela Bachelet.
Les élections, qui se dérouleront dans le calme, selon la mission d'observation de l'Organisation des États américains (OEA), se réfèrent à un texte de 444 points qui consolide le "nouveau socialisme" défendu par le président.
Le projet de Constitution implique l'augmentation du pouvoir de l'État sur l'économie, lui réservant la " planification du développement " d'un pays qui vit essentiellement grâce à l'extraction de pétrole par des entreprises étrangères et grâce à des devises envoyées par ses émigrés.
Mené par Correa, élu en 2006, le projet confère également des pouvoirs renforcés au chef de l'État, qui pourra faire jusqu'à deux mandats consécutifs de quatre ans chacun et aura la possibilité de dissoudre l'Assemblée.
Correa a déjà annoncé qu'il utiliserait ce pouvoir et qu'il prétendrait un nouveau mandat en février 2009.
La Constitution consolide également le principe de gratuité des services de santé et d'éducation que le président a commencé à instaurer dans ce pays de 13,9 millions d'habitants, dans lequel 50% de la population vit sous le seuil de pauvreté.
Il prévoit enfin l'interdiction de la présence de troupes étrangères, ce qui mettra fin à l'accord entre Quito et Washington pour l'utilisation d'une base équatorienne comme point de départ des opérations antidrogue américaines.
Les 19 personnes enlevées au Tchad ont été libérées
Un commandement égyptien a lancé l'assaut contre les ravisseurs des 11 touristes et de leurs huit compagnons capturés il y a dix jours.
Ils sont au Caire.
Les onze touristes européens et leurs huit compagnons égyptiens enlevés il y a dix jours dans le désert sont arrivés sans blessures dans la capitale égyptienne après avoir été libérés lundi après-midi.
Le matin, ils avaient été libérés par les forces spéciales égyptiennes au Tchad.
Ils étaient tous en forme à leur arrivée à 15h30 à bord d'un avion spécial à la base militaire d'Al Maza, à côté de l'aéroport international du Caire.
Des hélicoptères les ont immédiatement transportés à l'hôpital de Maadi, une banlieue résidentielle du Caire, pour des tests médicaux, et ils n'ont donc pas pu parler à la presse.
"Ils sont en bonne santé" et "aucune rançon n'a été versée" aux ravisseurs, a déclaré à l'aéroport le ministre égyptien du Tourisme, Zoheir Garana.
Le 19 septembre, ces otages ont été capturés par 35 kidnappeurs inconnus alors qu'ils se promenaient en safari sur toute la côte dans une zone désertique au pied du mont Ouanat, aux confins de l'Égypte, du Soudan et de la Libye, et ont depuis passé d'un Zulus à l'autre.
Le groupe était composé de onze touristes - cinq Italiens, cinq Allemands et une Roumaine - et huit Égyptiens: deux guides, quatre chauffeurs, un garde-frontière et le directeur de l'agence de voyages Aegyptous, chargé de l'organisation du safari.
Un responsable égyptien de la sécurité a indiqué que 30 membres des forces spéciales, transportés à bord de deux hélicoptères, avaient lancé l'assaut la nuit avant l'aube.
" Un échange de tirs s'est produit, et la moitié des kidnappeurs ont été tués, les autres ont fui ", a déclaré ce responsable qui a gardé l'anonymat.
Selon lui, 150 membres des forces spéciales égyptiennes de l'unité " éclair " ont été envoyés au Soudan, où ils ont eu le soutien de commandos allemands et italiens.
Le ministre italien des Affaires étrangères, Franco Frattini, a évoqué à Belgrade le rôle joué par les agents secrets et les membres des forces spéciales italiennes.
"Il faut reconnaître que nous avons obtenu ce résultat grâce au professionnalisme et à l'efficacité de nos hommes des services secrets, des forces spéciales", a-t-il déclaré sans entrer dans les détails.
Il a aussi démenti le paiement d'une rançon.
La veille, l'armée soudanaise a affirmé avoir intercepté lors d'une patrouille un train tout-terrain à bord duquel se trouvaient les ravisseurs, tuant six d'entre eux, dont le chef tchadien et arrêtant deux autres.
Il a également affirmé qu'ils étaient liés à un groupe rebelle du Darfour, le Mouvement pour la libération du Soudan-Unité (SLA-U), une affirmation immédiatement démentie par ce groupe.
Lettres - La majorité silencieuse de la culture
Un débat sur le financement de la culture fait les manchettes et occupe la campagne électorale en cours.
C'est mieux comme ça.
Mais un secteur de notre vie culturelle reste toujours oublié.
Qui se lèvera pour dénoncer les misérables sommes allouées aux petits musées, aux archives, aux fouilles archéologiques ou aux lieux historiques nationaux qui meurent de faim ?
Quel politicien osera rappeler au gouvernement fédéral qu'il néglige ses monuments et ses bâtiments historiques ?
Pourquoi n'avons-nous pas de véritables lois qui préservent effectivement notre patrimoine comme au Canada et au Québec ?
Saviez-vous que le gouvernement français consacre trois millions et demi d'euros à la restauration du château de Chinon dans la vallée de la Loire ?
Aux États-Unis, il est écrit dans leur Constitution que la protection du patrimoine fait partie de la culture des Américains et que ce patrimoine doit être protégé par tous les citoyens, tous les élus et tous les ministères du gouvernement, et tout cela, en concertation.
Au Québec, dans la Fédération des sociétés d'histoire du Québec, au moins 40 000 personnes bienveillantes regroupées en 211 sociétés d'histoire, de patrimoine, d'archives et de généalogie s'occupent de chercher dans l'histoire, de préserver à moindre coût des tas d'archives privées et de préserver des vestiges archéologiques.
Ce sont souvent les chiens gardiens de notre patrimoine qui protestent avec énergie et désespoir lorsque les promoteurs et responsables lancent leurs bulldozers sur nos vieilles pierres et nos cimetières oubliés.
Pour quand, un monument à l'histoire et au patrimoine ?
Les gouvernements néerlandais nationalisent une partie de la Fortis Bank.
Les États des Pays-Bas, les premiers d'Europe, vont aider à la nationalisation de la banque belgo-néerlandaise Fortis, en difficulté à cause de la crise hypothécaire sur le marché nord-américain: les trois pays vont soutenir au total 11,2 milliards d'euros cette institution financière et d'assurance qui exerce également des activités en Hongrie.
Ce week-end, les gouvernements de Belgique, du Luxembourg et des Pays-Bas ont tenu des consultations de plus haut niveau avec le président de la Banque centrale européenne et le responsable de la concurrence économique de la Commission européenne.
Fortis Bank est la première à avoir subi la crise de la zone euro dans le cadre de la crise financière internationale qui a eu lieu en plusieurs vagues il y a plus d'un an. Les décisions prises à l'égard de la Banque peuvent donc être considérées, dans un certain sens, comme des précédents.
Selon la décision prise dimanche matin, les trois États achèteront environ la moitié (49%) des biens que la Banque possède dans leur zone.
La Banque vendra certainement une partie de ses activités, notamment les activités - principalement d'assurance - achetées l'an dernier de l'ABN Amró néerlandaise.
Les actions du Fortis ont commencé une forte baisse la semaine dernière et pour la seconde moitié de la semaine, on voyait déjà d'importants signes de crise dans l'institution.
Cependant, les analystes s'accordent à dire que, avec ses 85 000 employés, cette banque est trop grande pour permettre sa faillite.
Les actions de la société ont chuté de 12% vendredi seulement, soit le plus bas point depuis 14 ans.
Depuis janvier, la valeur des actions a chuté de plus de deux tiers.
En observant les cours actuels des actions, la valeur totale du capital du groupe sur le marché est d'environ 14 milliards d'euros, mais selon les dirigeants de la société, ce n'est pas réel.
La direction de la Banque a attribué la chute brutale des actions du Fortis aux incertitudes du marché nord-américain en lien avec l'approbation du plan de paquet américain de 700 milliards de dollars.
Lundi, les actions ont déjà montré une légère hausse.
Le vendredi, Filip Dierckx a été nommé nouveau directeur général de la banque.
La Banque a également cherché des investisseurs privés, mais jusqu'à présent, personne n'a fait une offre concrète.
Le gouvernement belge avait déjà assuré que les investisseurs n'avaient pas à s'inquiéter, ils ne perdraient pas leur argent.
Les clients de la Banque n'ont pas paniqué jusqu'à présent, ils n'ont pas envahi les bureaux de la banque pour retirer leur argent.
Fortis a sa propre succursale en Hongrie et a également acheté des sociétés de leasing.
Le renard dans le poulailler
Aux États-Unis, les compagnies d'assurance vie et d'assurance santé, en voyant les données des achats de médicaments, refusent souvent de signer un contrat d'assurance.
Les spécialistes de la politique de la vie privée craignent que le marché des données personnelles ne devienne incontrôlable.
"Il existe des programmes de protection des données personnelles, qui associent l'utilisation des données des prescriptions dans tous les cas à l'approbation de la personne donnée.
Il doit être entre des mains indépendantes, car sinon, "nous confions le poulailler au renard" - cite le Washington Post Richard Dick, concepteur du programme de suivi des ordonnances médicales.
Les compagnies d'assurance font en sorte que le prix de l'assurance et le montant de l'indemnité dépendent de l'état de santé du client et si elles pensent que le risque est excessif, elles ne contractent tout simplement pas.
Ils ont envoyé le client à un contrôle médical et ont signé le contrat avec lui, sachant déjà le résultat du contrôle.
Il y a dix ans, Dick a inventé une procédure beaucoup moins coûteuse: avec le numéro d'identification du client, il obtient facilement des pharmacies la liste des médicaments achetés au cours des 18 derniers mois et le programme lui-même tire la conclusion sur les maladies et l'état de santé du client.
Par exemple, si vous prenez systématiquement de grandes doses de pilules pour réduire votre taux de cholestérol, cela indique que votre taux de graisse dans le sang est pratiquement incurablement élevé, vous étant immédiatement placé dans une catégorie à risque plus élevé.
De nombreuses versions du programme circulent, certaines établissant même un nombre de risques, de sorte que la compagnie d'assurance n'a guère à faire en plus de l'administration, bien qu'il y ait quelques difficultés à ce sujet.
Parmi les inconvénients du programme, on peut citer par exemple le fait que certains médicaments sont polyvalents, par exemple certaines substances servent à la fois à traiter les maux de tête et les vagues de chaleur, et même comme antidépresseurs.
Ce dernier est un facteur important d'augmentation du risque pour les compagnies d'assurance, tandis que le premier ne l'est pas.
Des sociétés spéciales ont été créées pour consulter et traiter ces données, qui, avant d'acheter les informations nécessaires auprès des pharmacies, demandent l'approbation du patient.
Les autorités les obligent déjà à le faire, même s'ils n'ont pas reçu de pénalité pour négligence jusqu'à présent.
Certaines entreprises ont récemment aussi compilé les résultats des tests de laboratoire et les ont combinés avec les données de consommation de médicaments pour obtenir des informations plus précises sur l'état de santé du patient.
De plus en plus d'entreprises ont accès à ces données et en même temps, il devient de plus en plus difficile de contrôler leur utilisation.
Il existe une loi exclusive pour la protection des données personnelles relatives à la santé, mais elle s'applique uniquement aux compagnies d'assurance et aux prestataires de services de santé.
Le projet de loi qui donne droit à l'autorité pour le contrôle des entreprises spécialisées dans la fourniture de données personnelles est déjà devant le Congrès.
Dick Richard reconnaît que cela est insuffisant: il a donc développé son programme, qui exigera l'approbation spécifique de la personne pour la fourniture de ses propres données personnelles.
Il est tout autre chose que cette personne ne puisse refuser son approbation, car sinon les compagnies d'assurance ne lui signeront pas le contrat.
Les poules sont néanmoins exposées à la bonne volonté du renard.
Menu général de Marseille
L'Union européenne double ses échanges commerciaux avec l'Inde
L'Union européenne et l'Inde étant des partenaires commerciaux réciproques, cette question, en plus des autres problèmes globaux, a dominé l'ordre du jour du neuvième sommet.
Un sommet franco-indien se tiendra également aujourd'hui, pour traiter principalement de la coopération dans le domaine de l'énergie nucléaire.
Bien que l'Union européenne reconnaisse que l'Inde est une grande puissance démocratique en développement qui devrait avoir plus de voix et de voix dans les affaires internationales, les pays membres n'ont pas encore pu parvenir à un dénominateur commun sur la question de savoir s'ils devraient soutenir New Delhi en tant que membre permanent du Conseil de sécurité de l'ONU.
Cette question n'a pas été abordée lors du neuvième sommet qui a débuté hier à Marseille.
Le président français Nicolas Sarkozy, président en exercice de l'UE, le président de la Commission José Manuel Barroso et le représentant principal de la politique étrangère Javier Solana ont reçu Manmohan Singh, premier ministre de l'Inde, avec qui ils ont conclu un accord pour doubler en cinq ans, soit augmenter à plus de cent milliards d'euros, leur échange commercial.
Compte tenu du fait que le commerce des marchandises a augmenté de 25 milliards à 55 milliards entre 2000 et 2007, ce n'est pas un objectif trop ambitieux.
Ils ont ainsi harmonisé juridiquement les vingt-six conventions bilatérales d'aviation civile existantes avec l'Inde, de sorte que le transport aérien pourra également voler dans le futur.
L'Inde souhaite signer le traité de libre-échange avec l'Union européenne d'ici à la fin de 2009.
Sarkozy a promis d'accélérer les négociations.
L'objectif est l'équilibre, car alors que l'UE est le premier partenaire commercial de l'Inde, New Delhi n'est que le neuvième parmi les partenaires commerciaux de l'Union.
Le sommet a porté son attention sur les questions mondiales.
Les deux parties ont condamné la situation en Afghanistan et au Pakistan et le terrorisme - sous toutes ses formes - et ont appelé à la tenue d'une conférence de l'ONU.
La conclusion de la phase de libéralisation du commerce de Doha a également été pressée, bien que les deux parties aient une grande responsabilité dans son échec.
L'UE a confirmé qu'elle tiendra à son programme énergétique et climatique, c'est-à-dire qu'elle veut réduire les émissions polluantes d'au moins 20% d'ici 2020.
L'Inde est également d'accord avec cela, tout comme la conférence sur le climat de l'année prochaine devrait être un accord mondial et réduire de 50% la production de gaz à effet de serre d'ici 2050.
Ils souhaitent également empêcher la hausse des prix des denrées alimentaires et ont soutenu la convocation d'une conférence internationale pour faire le point sur la crise financière.
Le chef du gouvernement indien se rendra aujourd'hui dans la capitale française, où il signera, lors d'une réunion bilatérale, un accord sur l'utilisation pacifique de l'énergie nucléaire.
Paris est confiant que les entreprises françaises recevront des commandes d'une valeur de vingt milliards d'euros pour construire des réacteurs nucléaires.
Selon des informations de l'agence de presse, l'accord serait pour une période de 15 ans.
À Francfort, plus de trois cents éditeurs italiens
Une forte présence des éditeurs italiens à la présentation internationale du livre à Francfort.
Plus de trois cents éditeurs italiens seront présents à la 60e édition de la Buchmesse, le plus important rendez-vous international pour l'échange de droits.
L'exposition internationale du livre de Francfort attend pour cette édition plus de 7 000 exposants de 102 pays différents qui occuperont les 171.790 mètres carrés de l'exposition avec plus de 403 000 titres en exposition et avec la Turquie comme invité d'honneur.
Le sous-secrétaire du ministère des biens et activités culturelles, Francisco Maria Giro, représentera le gouvernement italien lors de la cérémonie d'inauguration du pavillon italien: l'Italie sera institutionnellement et effectivement présente avec un point Italie - 264 mètres carrés d'espace d'exposition.
Une rencontre avec la presse sera ensuite organisée dans la salle Struktur du pavillon 5.0 de la Buchmesse: cette rencontre sera l'occasion de présenter des chiffres, des tendances et des perspectives sur l'état des éditeurs en Italie.
Selon les données, le poids des livres d'auteurs étrangers sur la production totale italienne, et en particulier celui des adultes et des adolescents, diminue progressivement.
On a retrouvé l'avion de Steve Fossett, le millionnaire disparu il y a un an.
Les restes de l'avion de Steve Fossett, millionnaire disparu le 3 septembre 2007 alors qu'il survolait le désert du Nevada, ont été retrouvés.
Les débris ont été trouvés sur un plateau à 3000 mètres d'altitude, dans la région des montagnes du Nevada de Mammoth Lakes, à la frontière entre la Californie et le Nevada.
À l'intérieur de l'avion, il n'y avait aucun restes humains.
Le commissaire du comté de Madera, John Anderson, a dissipé les doutes qui restaient encore: "L'avion a été localisé, nous avons envoyé une escouade, et nous avons maintenant la confirmation que c'est exactement ce sur quoi Steve Fossett volait le jour de sa disparition", a-t-il déclaré lors d'une conférence de presse.
Le commissaire a précisé qu'aucun corps humain n'a été retrouvé ni dans l'avion ni dans les environs.
Le millionnaire, 63 ans, a été déclaré mort en février.
Le bureau américain de la sécurité des transports a fait savoir que quelques heures après l'observation des restes, une équipe d'investigateurs a été envoyée pour identifier l'appareil: il s'agit du Bellanca 8kcab, dispersé depuis le 3 septembre 2007, lorsque Fossett a décollé de Yerington au Nevada pour un vol de trois heures.
Hier, toujours en Californie, non loin de la frontière du Nevada, des restes personnels de Fossett ont été retrouvés par un couple près de leur maison de Mammoth Lakes.
Il s'agit de deux documents au nom de Fossett, tous deux émis par la Federal Aviation Administration de l'Illinois, de l'argent en espèces et d'un pull.
La recherche de Fossett avait été interrompue un mois après sa disparition.
Le millionnaire s'était fait une place dans l'histoire grâce à une longue série de primes.
En 2002, à sa sixième tentative, il était devenu le premier Homme à faire le tour du monde en ballon aérostatique: deux semaines de vol solitaire.
Trois ans plus tard, j'avais fait le tour du monde en avion et sans escale.
Parmi ses records, il y a celui d'avoir volé à 15 445 mètres d'altitude, au-dessus des Andes, mais avec un copilote.
Glk, la publicité à laquelle vous ne vous attendez pas
Un Suv hors schéma avec une conception originale et bien établie avec des lignes définies et des angles déterminés.
C'est, en résumé, Glk le dernier né parmi les camionnettes tout terrain "compactes" de la maison de la star avec laquelle Mercedes-Benz a cherché à donner une fenêtre de nouveauté dans ce secteur.
En raison de son contenu hors du commun, la communication qui accompagnera le lancement du SUV Glk, disponible dans les salles d'exposition Mercedes-Benz à partir du 17 octobre prochain, sera inattendue et non conventionnelle.
La campagne publicitaire qui accompagnerait le début de la nouvelle voiture lancera une modalité inédite de communication à travers une campagne publicitaire en 3D, utilisée pour la première fois en Italie par une marque automobile.
Un projet avec des maxi-posters, articulé en trois phases différentes, qui dominerait la rue centrale du centre commercial milanais, avenue Como, jusqu'au 15 novembre.
La première phase de ce nouveau type de communication commencera avec la présentation de la voiture en version stéréoscopique et grâce à des lunettes spéciales distribuées sur l'avenue Como. Il sera possible de voir le nouveau SUV dans des dimensions presque réelles et en format tridimensionnel.
En effet, en regardant les images, vous aurez l'impression que la voiture sort de l'affiche.
Par la suite, grâce à l'utilisation de la technologie Elumina8 innovante, le nouveau Glk sera éclairé à des moments différents dans tous ses détails, pour se reconstituer en une seule image.
Il ne fait aucun doute que Mercedes, avec cette publicité, essaie d'introduire quelque chose de nouveau dans le stéréotype de la communication automobile.
Cette formule pourra-t-elle attirer l'attention des futurs acheteurs ?
On sait qui sont les hooligans italiens.
Dans le Triveneto, on joue l'interdiction d'accès aux manifestations sportives.
Mais qui sont ces 150-200 jeunes filles et garçons dont l'Italie est maintenant honteuse ? Elles font partie du groupe "Ultras Italia" qui suit depuis des années la National Italiana et qui jusqu'à présent, à vrai dire, n'avait jamais créé trop de problèmes.
Et ils n'avaient jamais rencontré les fans de leur rival.
L'extraction du groupe est à droite.
Les promoteurs viennent du Triveneto.
Il est venu de Verone, Padoue, Trieste et Udine.
À ceux de Sofia s'ajoute un petit groupe (quelques unités, en fait) de la Campanie et des Pouilles.
Ils ont des drapeaux de trois couleurs sur lesquels figure la ville d'origine des militants: samedi soir, ils ont été retirés pour ne pas être identifiés.
Ils inspirent les fans anglais.
En Bulgarie, ils ont trouvé un groupe de vrais fanatiques nazis, les Levski.
La FIGC avait mis à la disposition des supporters italiens 144 billets pour le match: tous déjà avec les noms, donc facilement contrôlables.
Et le ministre de l'Intérieur les avait tous contrôlés: parmi ceux qui étaient sortis pour Sofia, il n'y avait aucun avec un Daspo (interdiction d'accès à des événements sportifs) à ce moment-là, aucun qui lui avait interdit de fréquenter un stade.
Quatre supporters italiens, qui avaient des antécédents de délinquance dans des stades, ont été refusés de billets et de voyages.
Le ministère de l'Intérieur attend maintenant de lire les actes de la police bulgare pour prendre des mesures: dans ce cas, il est possible de donner le Daspo (interdiction d'accès à des événements sportifs) pour cinq ans au moins aux fans qui ont été arrêtés ou qui ont été identifiés dans les troubles.
Un Daspo international (interdiction d'accès aux événements sportifs) qui empêche de fréquenter non seulement les stades italiens mais aussi ceux de toute l'Europe.
Nos hooligans ne marcheront plus dans un stade.
Avec beaucoup de chance !
Mais maintenant, il y a la crainte de l'imitation: à ces cinquante quelques personnes, d'autres seront ajoutés.
"Nous devons éteindre immédiatement cet incendie et ne pas légitimer celui qui se comporte de cette façon", affirment les responsables du ministère de l'Intérieur.
C'est pourquoi, "les yeux bien ouverts" surtout en vue du match de la Nationale de mercredi à Lecce".
En Puglie, il y a aussi un petit noyau de supporters de l'Ultras Italia.
Demain, l'Observatoire se réunit, le mardi, les Cams qui peuvent compter aussi sur une section de l'Aise (agence d'information et de sécurité extérieure, c'est-à-dire le service secret, qui s'occupe des problèmes dans les stades.
"Les chœurs de Duce-Duce et le bras levé pendant l'hymne de Mameli ? En Bulgarie non c'est un délit ...".
C'est la pensée (exprimée de façon malheureuse) de Domenico Mazzilli, depuis quelques semaines le directeur de l'Observatoire du ministère de l'Intérieur (il a pris le poste qui était auparavant celui de Francesco Tagliente et après celui de Felice Ferlizzi).
Mazzilli avait été chef de la sécurité publique à Trieste où il y a un noyau de partisans du groupe Ultras Italia, fondé en 2002.
Il est vrai, comme le dit Mazzilli, qu'en Bulgarie il n'est pas un crime de célébrer le Duce mais oui, le comportement de ces 150-200 fans qui a été honteux.
"Je ne suis pas un sociologue", ajoute le n°1 de l'Observatoire, "les crimes sont attribués dans les pays où ils se produisent.
Jusqu'à présent, ce groupe s'est bien comporté. Nous allons voir ce qui s'est passé et nous en tiendrons compte pour l'avenir.
Mais parlons aussi des sifflements à l'hymne de Mameli: ceux-là aussi ne sont pas un délit, mais s'ils le permettent, ce ne sont pas non plus de l'éducation... "
