A jobboldal populistái győztek Ausztriában, 29 százalékot kaptak a teljes
Az előzetes eredmények szerint az előzetes parlamenti választások Ausztriában a jelenlegi nagy koalíció két pártjának jelentős gyengülését, valamint a populista pártok jelentős erősödését eredményezték.
Az osztrák Néppárt (ÖVP), ahol a jelenlegi elnök, Wilhelm Molterer pozíciója komoly veszélyben van, különösen nagy veszteségeket szenvedett.
Ezzel szemben a BZÖ (Ausztriai jövőért Szövetség) választási vezetője, Jörg Haider, a Kárint kormányzó, a nemzeti politikai színtérre ismét győzelmesen visszatér.
Az előzetes eredmények szerint a Szocialisták (SPÖ) továbbra is a 29.8 százalékos szavazatkal az ország első politikai ereje, de a 2006-os választásokhoz képest 5,5 százalékos szavazatcsökkenést értek el.
Az ÖVP, amely 25,6 százalékkal elveszítette majdnem a szavazatok kilenc százalékát, még rosszabbul végződött.
Ez a két nagy párt legszomorúbb eredménye a háború utáni időszakban, különösen a néppárt számára, amely a korai választásokat indította, a eredmény szó szerint katasztrofális.
Július elején, amikor az ÖVP kilépett a koalícióból, a Néppártnak jelentős előnyt ért az SPÖ-vel szemben.
A választók nyilvánvalóan megbüntetik őket, amiért hagyják, hogy a kormány összeomlásához jusson.
A kezdeti reakciók után a párt vezetője, a jelenlegi alelnök, Wilhelm Molterer esetleges lemondásáról spekuláltak.
A megfigyelők szerint ez hétfőn, a párt vezetőségének rendkívüli tanácskozásánál bekövetkezhet.
Az ilyen változás előzetesen megkönnyítené az út a választás legvalószínűbb eredményének eléréséhez, azaz a SPÖ és ÖVP nagykoalíció újjáépítéséhez.
Mindazonáltal, mivel a két jobboldal populista párt erősödött - a Szabadok (FPÖ) 18 százalékot és a BZÖ 11 százalékot kapott - a szocialisták ugyanakkor a 1999-es ismétlődését tartották, amikor a Néppárt megegyezett a populistákkal (az FPÖ akkor még egységes volt, a BZÖ 2005-ben szakított vele) egy közös kormányról, ami még az Európai Unió szankcióit is felkeltette.
Haider, aki már kijelentette, hogy kész együttműködni bármelyik párttal, és hogy a bécsi politikai színpadra való visszatérését tervezi, amely nyilvánvalóan a fejlődésre épül.
A legutolsó párt, amelyik bejutott a parlamentbe, a zöldek voltak, de a zöldek kissé vesztették, és az osztrák politikai pártok között a harmadik helyről az ötödikre esnek vissza.
Nyilvánvaló, hogy egyetlen párt sem lépett át a négy százalékos határon, és nem jutott be a parlamentbe.
Schwarzenberg: "A kapcsolatok Indiával hűvösödhetnek"
Ha a cseh kutatók indiai vádjait, hogy illegálisan szarackokat gyűjtöttek, nem oldják meg, akkor a cseh külügyminiszter, Karel Schwarzenberg szerint a cseh-indiai kapcsolatok egy kissé lecsillapodnak.
Ezt mondta a miniszter ma New Yorkban, miután találkozott Indiával, Pranab Mukherjee-val.
"Ha a problémát nem oldják meg, akkor igen, egy bizonyos hűtés következik be" - mondta a cseh kezdeményezéssel folytatott találkozó után.
Mukherjee azt mondta, hogy a tárgyalásokon kívül az ügyvezető hatalom aligha tudott beavatkozni a bírósági ügyekben.
A bíróság azonban megemlítette, hogy Petr Švácha ügyében, aki felmentett a vád alól és bírságot kapott, a központi kormány tárgyalhatott a helyi kormánysal, a Darjeling-rel, mivel a ügyet a helyi kormány joghatósága alá helyezték.
"A problémája megoldható" - mondta a miniszter.
Mukherjee szerint a legjobb megoldás Emil Kučera számára, akit három év börtönre ítélték, az lenne, ha fellebbeznének egy magasabb bírósághoz.
Ezért a bíróságon bírságot kérhet, és várhatja a szabad ítéletet, mondta.
Schwarzenberg megerősítette, hogy a társa a tárgyalások során is ugyanezt mondta.
"Azt javasolja, hogy a bíróságon fellebbezzenek, és akkor talán megbocsátják" - mondta a cseh diplomáciai vezető.
A cseh fél csak úgy tud beavatkozni a vádban, ha "igazságos jogi támogatást" nyújt a foglyoknak, mondta az indiai miniszter.
Azt is mondta, hogy már India is segített nekik.
"Főleg a legjobb kapcsolatot szeretnénk fenntartani Indiával, amely sok év óta fennálló hagyomány.
Az indiánok is ismerik ezt" - mondta Schwarzenberg.
Ugyanakkor, ahogy a ČTK-nak elmondta, hangsúlyozta a társának, hogy a Cseh Köztársaság nagy hangsúlyt fektet a cseh entomológiákban felmerült problémára.
"A cseh kutatók börtönbe vételét és vádatlása nagy tévedésnek tartjuk" - mondta.
A miniszter elkerült a kérdést, hogy India ígéretet kapott-e a dolog kezelésére.
"Még elég sok ígéretet kaptam", csak azt mondta.
Cseh bíró a tengerszélért vívott harcban
Egy elektronikus térképhez közeledett, amely Ausztráliát és a szomszédos tengeri területeket ábrázolta.
De nem a kontinensre, hanem egy kis pontra, ami eltéved az óceán kékjében.
"A sziget Ausztráliának tartozik, és a szomszédos tengerbe is.
Ez a terület ugyanakkor olyan nagy, mint maga a kontinens" - mondja Luigi Santosuosso olasz jogász, aki a Hivatal óceánügyi és tengeri jogügyi részlegének 30 tagú csapata tagja.
A vezetője, a részleg igazgatója, a cseh jogász Václav Mikulka, időnként követte a bemutatót és kiegészítette.
A munkaerő és a lelkesedés jellemzi a lakosság hangulatát.
A tengerfenék egy eddig kevéssé ismert, természeti erőforrásokkal gazdag világot rejti el.
Az olaj, ásványok és egyéb ásványi erőforrások, valamint az eddig ismeretlen élőlények is megtalálhatók, amelyek a rák elleni gyógyszerek kifejlesztésének kulcsát is tartalmazhatják.
A mély nagyobb, mint a szárazföld
A tengerparti államok napjainkban kezdtek erőteljesen törekedni az új tengeralattjáró területekre.
A nemzetközi egyezmény szerint a magyarok és a magyarok a jogukkal élnek, és ezt 1982-ben állapították meg a jamaikai Montego Bay-ban.
Ez a terület a kontinens-szekla, amely gyakran több száz kilométerre terjed a tengerparttól.
A megállapodás szerint az utóbbi kizárólagos jogot kap a kontinentális part felszíneire.
"A földfelszín a tengeri talaj és a tengeralatti talaj része, amely a kontinens természetes hosszabbítása a tenger alatt.
A tengeri határokon túlra terjed, gyakran a kétszáz tengeri mérföldnél is, ami az úgynevezett "kivéve gazdasági jón" jelent", magyarázza Mikulka.
A kérdéses ország kérelmét a Bizottsághoz a kontinensszeklafor külső határainak meghatározására, széles tudományos-technikai dokumentációval kell alátámasztani, amely számos költséges felderítésen és mérésen alapul.
Ez több év előkészítő munkája eredménye.
"Az egyik feladatunk, hogy jogi és tudományos-technikai segítséget nyújtsunk a bizottságnak.
Eddig a Bizottság öt kérelmet vizsgált meg, az Oroszországtól, Brazíliától, Ausztráliától, Írországtól és Új-Zélandtól.
Jelenleg csak a három utolsó ország volt sikeres" - tette hozzá Mikulka.
Ausztrália sikerét, amely elsőként jelentősen bővítette tengeralattjáró-tulajdonát, nemrégiben világszerte meghallgatták.
Új-Zéland is területet nyert - a bizottság múlt héten 1,6 millió négyzetkilométernyi tengeri talajt rendelett el, ami az ország hatszorosa.
Mindkét ország milliókat fektett be a kutatásokba.
A jövőben a tengerfenék kiaknázásából, ahogy azt a kutatók előre látják, óriási haszon lesz.
A további országok is fokozatosan kérelmeket fognak benyújtani.
Ezt a Montego Bay-i Egyezményt ratifikálása után tíz éven belül tehetik meg.
A kontinens-szekla végétől kezdődik az óceánfelszín, amelyet az emberiség közös örökségének nyilvánítottak.
Itt már egyetlen állam sem élvezi a kizárólagos helyzetet.
A területet a nemzetközi egyezmény által létrehozott intézmény adja ki a bányászati jogot.
"De ne tévedjünk, a tengeralat nem Klondike", - mondta Mikulka igazgató, aki túlzásba vette, és kifejtette, hogy "a területek pontosan meghatározottak, és a rendszerük szerződésben van rögzítve".
Csékek a Csendes-óceánon
A tengeri talaj egy része ma a Cseh Köztársaságé.
A régió más keleti blokk államaival osztja meg a közös "Interoceanmetal" szervezet keretében.
A megállapodás értelmében 1991-ben a cég, valamint néhány más állam befektetője a "pioneer investor" státuszba került.
A ClarionClipperton-ban, a Csendes-óceánban, Mexikó, a Hawaji-szigetek és a Kiribati között, nyertek.
Az investor által keresett terület a régió területét kissé meghaladja.
A talaj mozog, és ez egyfajta tetrai tengeralattjáró-replika.
"A teljes területük 75 000 négyzetkilométer.
A terület a nikkel, a réz, a kobalt és a mangánz polymetallit tartalmazó gazdag földterület", - jegyezte ki Ind Pakshi Rajan, egy másik jogász.
Rober Sandev, a makedóniai munkatársa egy példáját mutatja be.
A kis burgonyát, vagy, ha egy kis képzeletem van, a mitikus Shoem-t, amely a legendák szerint az életre keltette a Golem-ot.
A német különleges erők a helyszínen voltak a túszok felszabadításához.
Az egyiptomi kormány Németországtól kért segítséget a túszválság megoldásában - a szakértők jöttek.
Amikor a helyzet komoly lett, a különleges egységek készen álltak, de soha nem vettek részt.
Egyre több részlet derül ki az 11 európai turista szabadulásának körülményeiről, akiket Egyiptomban raboltak el.
A belügyminisztérium és a védelmi minisztérium szerint a német különleges erők is közvetve részt vettek a mentési akcióban.
A szabadulási helyszínen a szövetségi hadsereg szakemberei, a GSG 9, a szövetségi rendőrség légi járata, a szövetségi bűnüldözői hivatal és a Technischen Hilfwerk logisztikai szakértői is részt vettek.
A minisztériumi szóvivő hétfő este közölte, hogy a németek nem voltak a kiküldetésük, mivel a túszfogók elengedték a foglyokat, és elmenekültek, amikor felismerték, hogy a kényszerrel való felszabadítás közelgő.
Az egyiptomi kormány állítólag elfogadta a német támogatást, hogy a támogató erőként csatlakozzon a területre.
"A szerencsére ez eddig nem történt meg", mondta a szövetségi belügyminisztérium szóvivője.
Az elkövetőket, akik egy német, egy román, egy olasz és egy nyolc egyiptomi turistát raboltak el Dél-Egyiptomban.
A foglyokat a déli egyiptomi sivatagban elrabolták, majd átcsónakba szállították az egyiptomi, líbiai, szudáni és csádi határon.
A túszfogók személyazonosságát, valamint a felszabadítás és a lehetséges váltságdíjak részleteit eddig nem ismerték.
A megmentettek pedig biztonságban megérkeztek Kairóba.
Steinmeier azt mondta, hogy a szabadított túszok a német nagykövetség védelme alatt vannak.
Nem nyilatkozott a felszabadítás részleteiről.
Berlinben jelenleg nem adtak információt arról, hogy mikor tértek vissza Németországba.
A Bild magazin szerint az öt nyaraló és a különleges erők egy légierő Airbus-án szálltak fel és kedden érkeztek Németországba.
Az Egyesült Államok képviselőházának elutasította a mentési tervet.
Az amerikai kongresszus első kamarája majdnem elbuktatta a 700 milliárd dolláros pénzügyi piacok mentési tervet.
A Dow Jones a szakadékba zuhan.
227 szavazat 206-ra, az Egyesült Államok képviselőházában elutasították a kormány pénzügyi piacainak támogatására irányuló mentő tervet.
Bár George W. Bush amerikai elnök és a két párt vezetői mindenféle felhívást tettek, a pénzügyi piacok zűrzavarát elhárító program nem nyert többséget.
A párttagok egy drámai manőverben kétségbeesetten próbálták meggyőzni az ellenzőket arról, hogy a 700 milliárd dolláros tervek helyesek.
Barney Frank, a demokraták egyik képviselője a viták alatt, arra szólította a képviselőket, hogy szavazzanak a tervre, bár a terv nem volt népszerű.
"Nehéz politikai elismerést szerezni annak a megelőzésének, ami még nem történt meg", mondta.
A szavazás idején a Dow Jones több mint 6 százalékkal, vagyis 600 ponttal esett le.
Ennek oka az volt, hogy a befektetők aggódtak, hogy a kormány mentőcsomag elbukhat.
A szavazás vége előtt felugrott, de a bukás bejelentése után újra lecsúszott.
A szakértők most újabb súlyos zavargásokra számolnak be a nemzetközi pénzügyi piacokon.
A program hatályba lépése érdekében a Parlament és a Szenátus jóváhagyása is szükséges.
A szervezők egyre több foglalást jelentettek
Jó tél lesz a német utazási irodák számára:
A következő hónapok foglalásai tekintetében egy tanulmány szerint a forgalom jelentősen nőtt az előző évhez képest - a téli időszakra még több mint 30 százalékkal.
A tanulmány szerint a rövid távú kilátások ellenére a németek utazásra való vágyuk továbbra is telhetetlen.
A téli foglalásokkal kapcsolatban a utazási irodák forgalma 31 százalékkal nőtt az előző évhez képest, amint azt a német utazási irodák szövetsége (DRV) hétfőn közölte Berlinben.
A GfK piackutató intézet felmérés szerint már a nyári hónapokban is egyre nagyobb a foglalási szám.
A DRV szerint így a értékesítések száma mintegy 11 százalékkal nőtt a 2007-eshez képest.
A GfK-tól származó adatok alapján, amely havi szinten elemzi az 1200 utazási irodától származó foglalási adatokat, és becslést tesz az egész piacra vonatkozóan.
A 2008. augusztus végétől kezdődő utazási foglalásokra vonatkozó adatokat rögzítik.
A dollár gyenge értékének köszönhetően az Egyesült Államokba való utazás különösen keresett lenne, állította a DRV.
Ez a foglalások növekedése körülbelül egyharmad.
A németek különösen a Spanyolországot, Törökországot és Görögországot, valamint a hazánk területét keresték.
A szervezett utazásokra különösen nagy a kereslet, mondta Klaus Laepple, a DRV elnöke.
Az energia és az élelmiszerárak emelkedése miatt a költségek itt "egyszerűbben kiszámíthatóak a vevő számára, mint egy egyéni utazás esetében".
A fogyasztók többek között pénzt takaríthatnak meg az előzetes foglalások kedvezményével vagy az All Inclusive ajánlatokkal, mondta Laepple.
A nyári hónapokat is nagyon megtartották, így az értékesítési számok ismét növekedni fognak a tavalyihoz képest - bár egy másik tanulmány szerint a németek száma, akik utaztak, csökkent az előző évhez képest.
Az első alkalom a sörünnepen
A Ballermann vagy az Apres-Ski slágerek a szünet alatt, sör a picelitekben, és hírességek a tervező cipőn.
Egy esemény a sörünnepben.
Suzanne Kronzucker és én valójában nem sok közös bennünk.
Szőke, tévéadó, és egy szabott, tiroliai öltönyt visel.
Sötét hajam van, egyetemista vagyok, és a ruhám használt.
De egy dolog kötött össze minket: még csak három perc volt a sörünnepen, és már a fotósok is ránk ugráltak, és kitöltötték a memórialapjukat -- nagyon hízelgő, és ez az első látogatásom volt a sörünnepen.
Így szerzel barátokat.
A olcsó tirol-i jelmez úgy tűnik, elérte a célját.
Mint a sörünnepség turista és a Weißwurst-tól északra fekvő lakos, a hagyományos öltözékben való jólétem eddig korlátozott volt.
De amikor a Terézteremben vagyunk, minden félreértett.
Szinte mindenki tyrolean öltönyt vagy bőrnadrágot visel, senki sem néz ki borzalmasan vagy szégyenben - ez teljesen normális.
Csak a tyroli jelmezemen a szoptató banán-chocó standon találtak néhány furcsa pillantást.
Egy bávár nő rámutatott, hogy rosszul kötöttem a pólómat. "A bal oldalon szabad, a közepén szűz, a jobb oldalon házas, a hátsó özvegy".
A hátsó oldalról balra, titokban.
"Ez jobb", mondja, és nevet.
Mások nem is törődnek a flörtölés finom technikáival, és egyszerű jelvényeket viselnek, amelyekre az áll, hogy "Too drunk to get dressed!" és a meghívás nélkül feltűnnek a meztelen hátsóval.
A kiállító szellemű fiatalember Bob, Angliából érkezik, és először jön a sörünnepre.
Azt mondta, "nagyszerű", egy hosszú "ooooo"-val.
Ezt az egészet azután meséli el, hogy felépült a kábítóból, amit korábban ivott.
A tűzoltó mellett, amit mindenki szemétládának hisz.
Bob egyike a híres vad piszkosoknak.
Másoknak nem sikerül így megszabadulni az alkoholtól.
Kb. nyolcadikkor a mentőcsapatok a partin a piacon rohangálnak, és a részegekről kell gondoskodniuk.
A nővérek inkább csapatban jönnek, mindig négyen, és a sátorokat sátorokba húzzák.
A legtöbb sörünnepi vendég így működik: üresen megyünk, s tele sörrel jönünk vissza.
A piásak koporsójában, a lepedő alatt, nem láthatók.
"Azok, akik nem tudnak semmit lenyelni", kiabált az egyik mentő, és eltűnt a harcban.
A rendőrség azonosította a baleset áldozatát.
Egy 63 éves gyalogost azonosítottak, aki a kórházban halt meg, miután egy járműbe ütötte.
Carole Paulson, a Brentwood-i Chelmsford Road-ról, a Shenfield Road-i közúti balesetben volt részese péntek délután.
A nőket a Romfordban lévő Queen's Hospital-ba vitték, ahol később meghalt.
A baleset után egy 51 éves férfit tartóztattak le veszélyes vezetés gyanújával.
Azóta szabadon engedték, óvadékkal.
Törökország kiterjeszti diplomáciai látószögét.
Már azelőtt, hogy Törökország az Európai Unióhoz csatlakozott volna, az európai hatalmak már nagyon várták, hogy bejutjanak a törökországi hátterébe.
A Boszporos keleti oldalán, talán 20 lépéssel Ázsiától, van egy olyan finom maradvány, ami a bukott birodalmi ambícióját mutatja.
A hidarpasha pályaudvarot a német építészek, Otto Ritter és Helmut Conu tervezte.
Legalábbis ezt mondják a vezetők.
A műemlék a platformok hátulján áll, minden sarkán megfigyelőtorony van, mint egyes német tartományi városházak.
A kövek mocskosak.
Az egész épület romokban van.
De amikor a boltban vagyunk, nem kétséges, hogy milyen nagy a cég, ami egy nyugati átjáró.
A vasútállomást 1908 augusztusában nyitotta meg egy német szövetség, az Anatolia-Baghdad Corporation.
Németország, a nyugdíjas imperializmus, a középkori uralomra törekvő törekvéseit a vasút révén akarta megvalósítani, amely Damaszkuszba, Bagdadba és a Szaúd-Arábiába vezet.
De a német imperializmus törekvéseinek az első világháborúban volt vége.
A vasútvonalakat megtámadta Lawrence az Arab és az arabok.
A külháború hideg határok által okozott, a környéken lévő viszonylagos elszigeteltség véget ért.
A britek és a birodalmi erők elindultak Egyiptomon túl, és kitűzték a törököket és német szövetségeseiket Palesztinából és Szíriából.
De volt egy rossz hír is a Hyderpasha pályaudvarról.
1917-ben egy tüzelőanyagokkal teli vonat felrobbant, és lerombolta a finom tetőjét.
Török források szerint a támadás sabotázs volt.
Azóta lassan romlik, a történelem csöves része.
De ma a vasúti átjáró Anatolia felé és minden keleti pont felé - legalábbis jelképesen - a Törökország diplomáciai tágításának hangsúlyozására szolgál.
A kormányzó Igazságosság és Fejlesztési Párt, az AKP új külpolitikai tervet hozott az országra.
A külháború hideg határok miatt a környék viszonylagos elszigeteltségét
Most egy új kötelezettségvállalási politika ideje.
A török kormánynak csodálatos kapcsolatai vannak Izraellel és Szíriával, a palesztin Hamasz és Fatah frakcióival, Iránnal és Irával, és természetesen az Európai Unióval és az Egyesült Államokkal.
Hogy megvizsgáljam az új külpolitikai paramétereket, egy ágyaskocsiba szálltam, és a török fővárosba, Ankarába mentem, hogy meglátogassam a török AKP képviselőt, Suat Kiniklioglut, aki a külpolitikai szakértő.
Másnap reggel, 10 és fél órás utazás után, a zajos síneken, amelyek ritmusát a híres The Night Mail című dokumentumfilm régi világának emlékeztette, végül megérkeztem a török fővárosba - amelyet egy új városnak mutatnak egy új, évszázados államban, hátat fordítva a német múltjához.
De az AKP, a jól ismert iszlám gyökereivel, egy példa arra, hogy megváltozott a török konszenzus.
A Nyugatot gyanúsította, főleg Washington-t.
Egy taxival mentem az AKP központjához, egy ultramodern épülethez, amelyet kifejezetten kőből és acélból építettek, egy fejlődő környéken, körülvéve a félig épített bevásárlóközpontok és a sok sütő, ahol a feszes öltönyben öltözött középvezetők - férfiak és nők - találkoznak reggel üzleti ügyekért.
Suat Kiniklioglu lehetne egy középjobboldali politikus bármely más európai pártból.
Egy öltöny, egy nyakkendő, és még egy Black Berry is van.
"a külpolitika célja, hogy mostanra Törökországot visszahelyezze a közvetlen szomszédságába.
A hidegháború egy anomália volt" - mondta.
Törökországot elvágták a hátsó országtól.
Mostantól keletre és nyugatra kell nézni egyszerre.
Nem volt ilyen a kettőjük között.
Mindkettőt meg kellett tennie.
"de egy ponton azt kérdeztem, hogy Törökországnak nem kellene választania?"
"Törökország" - mondta - "nem akar választani a kettő között".
Aztán egy olyan dologra rámutatott, amit szinte mindenki, akivel beszéltem, lejegyezett: a török vasút nem csak a Közel-Keletre, hanem a Kaukázusba is vezet, és a Fekete-tenger körül is, így ez egy olyan előny Európának és az Egyesült Államoknak, mint Törökországnak.
Törökország integrációjával a üzenet úgy tűnik, hogy Európa metáforikusan vonatokon utazik Ázsiába és a Közel-Keletre.
Visszatértem a hidarpasha vasútállomásra, egy másik álmatlan éjszakán, és arra gondoltam, hogy a két német, Ritter úr és Conu úr, akik 100 évvel ezelőtt ezt az épületet látták.
Meglepődtek volna, ha megtudják, hogy a közel-keleti európai ambíciók nagy része Törökország kezében lehet.
A Boszporus-sziget átkelő kompra várva arra a időszakra gondoltam, amikor Törökországot "Európa betegének" nevezték.
Legalább már nincs kétség a kontinensről, amely ezt a lenyűgöző országot állíthatja.
Vernon Handley és William Woodruff emlékkönyve.
Mark Brown írja: 1962-ben volt Guildfordban zenei vezető, Vermon "Tod" Handley (Szeptember 11-én hunyt el) a Guildford Filharmonikus Zene és Zenefelének vezetője volt.
Már a városban is zenélni kezdett, és a következő évben megalapította a Proteus nevű fantasztikus ifjúsági kórust.
A kórusnak 21 év alattiakat kellett volna felvennie, de mielőtt Proteus 1979-ben elénekelte volna az utolsó dalát, sokan közülünk, akik 20 évnél idősebbek voltunk, nem akartunk kihagyni a kórust.
A "Proteus" (amely a mitológián keresztül változott) jelképezte a kórus készségét és képességét, hogy kezelje a kínált zene bármilyen formáját, legyen az madrigális vagy messiás.
Az ilyen fiatal kórus által előállított zenei sokoldalú gyakran lenyűgöző volt, mindig izgalmas, és ez csak egy ember ihletésének köszönhető, és a zenéhez való lelkesedésének, amely az évek során állandó maradt.
Emlékezzetek, hogy Tod hányszor mondta nekünk, hogy "Hagyjuk, hogy a zene beszéljen".
Azt mondaná: "A zeneszerző tudja, mit akar".
Minden ott van a zenében.
Akkor énekelj!"
A csípő technikája teljesen világos, pontos, bár soha nem volt diktátoros vagy látszólagos.
Bármilyen zenét is énekeltek, sokkal magasabbra emelte a zenét.
John Frayn Turner ezt írta:
Ha egy sofőrnek kell lovagnak lenni, az Vernon Handley.
Nagyon jól ismertem őt 1962 és 1982 között, amikor a Guildford Filharmonikusok vezetője volt.
Az elmúlt 40 évben több mint száz koncertjét néztem, és őszintén mondhatom, hogy egyik sem csalódott meg - és néhányszor még inspirált is.
Tod Handley-nek olyan ritka volt a nagyság és a személyes szerénység kombinációja.
Utálta a sofőröket, akik szerint "csak bizonyos emberekre koncentrálnak".
Sokan hiányozni fogják.
William Woodruff
John Beckett professzor ezt írta:
William Woodruff (Szeptember 25-én halt meg) nékról szóló megjegyzése szerint "1946-ban visszament az Oxford-i gazdasági történelemre, és 1950-ben Houblon-Norma kutatócsoport tagja lett, miközben BSc, MA és PhD-t végzett".
Ez a Woodruff író leveléből származik a Nab End túl, de ez nem helyes.
1946 és 1953 között gazdasági történelem professzora volt a Nottingham Egyetemen, és egyidejűleg egy brit műanyag-iparról szóló PhD-tiszét fejezett be, amelyet J.D. Chambers professzor vezetett; ezután 1958-ban a The British Rubber Industry címmel jelent meg.
Az 1950-es és 51-es években az Egyesült Államokban a Norman Houblonban tanult, 1952-ben pedig az Illinois, a Harvard és a New York-i egyetemeken.
1953-ban elhagyta Nottingham-t, és Illinois-ba költözött.
Miért választotta Woodruff, hogy elrejtse ezt a részt a múltjából, az ismeretlen.
J. Vicente Resino a filozófia egyetemen
"Javaslom José Vicente Resino "Flamenco és az élet" kiállítását, mert a fekete-fehér fotói, a dokumentum stílus, fantasztikusak.
A középpontba vettem őket az egyszerűségük és az erőteljességük miatt, és mert mindig nagy tisztelettel bánnak a főszereplőkkel.
Egy kiállítás, ami sok érzést hordoz.
Resino képes megragadni a mágikus pillanatait".
Második támadás a Honda eladásai miatt
Novemberben a Honda elkezdi a Jazz modell második generációjának forgalmazását.
Ha az elődje már jó lakhatóságot rendelkezett, az új monovolumen még nagyobb belső térrel rendelkezik.
Ezen kívül van néhány finom mechanika, ami növeli a kényelmet, és így több üzemanyagot takarít meg.
Egy fejlődés egy forradalommal szemben.
Tehát ez a második generációs Honda Jazz.
Bár az új Honda Jazz esztétikailag nagyon hasonló vonalban áll a korábbi modellhez, sok változás történt ebben a monovolumban.
Ezek között van az innovatív design, az új platform, a nagyobb méretek és az új motorok.
Mielőtt azonban megvizsgáljuk az új modellt, ki kell hangsúlyozni, hogy ez az új Honda Jazz hat évvel az első generáció forgalomba hozatása után érkezik.
Először is meg kell jegyezni, hogy a Honda rövidebb időn belül felújította ezt a modellt, mint a többi gyártó.
Bár Európában a Honda Jazz kevésbé ismert, más piacokon is értékesítési jelenség.
Ez a helyzet Japánban, ahol a Honda Jazz volt a legkeresettebb autó 2002-ben és 2008-ban is.
Japánban, közel egy millió Honda Jazzot adtak el azóta, hogy megjelent.
Az Ószövetségi kontinens, amely mintegy egymillió autót értékesített hat év alatt, a második helyen áll.
A Honda azonban azt állítja, hogy az új Jazz növelni fogja az európai értékesítését.
Így a japán márka 2007-ben 83 000 Honda Jazzot adott forgalomba, 2009-ben pedig 100 000 darabot szeretne eladni, ami 17%-os értékesítési növekedést jelent az európai piacon.
A spanyol piacon a Honda 2002 óta 8000 Jazzot értékesített, ami a Honda Spanyolországi értékesítésének 6,7%-át teszi ki.
A spanyolországi fiókhivatal azt reméli, hogy egy év alatt 2000 Jazz-t ad el.
A Honda az új Jazz kiadásával nagyban kompenzálja a Spanyolországi eladások csökkenését.
A márka vezetői ugyanis 22.000 autó eladásával remélik, azaz 4000 autóval kevesebb, mint 2007-ben, azaz 16%-os eladási csökkenéssel.
A Honda a legmagasabb értékesítéssel növelte a piaci részesedését Spanyolországban, elérve a tavalyi 1,6 százalékos piaci részesedést.
A japán márka szintén 2 százalékos piaci részesedést vár 2010-ben.
A Honda reméli, hogy ezt a piaci részesedést megkapja, amikor az új modell megjelenik.
Az Insight egy ötkapás, kompakt méretű hibrid, 4,37 méter hosszú, melynek segítségével a japán vállalat várhatóan évente mintegy 200.000 autót értékesít világszerte.
A piacokon alapuló, a japán gyártó becslése szerint az Insight értékesítésének 50%-a az Egyesült Államokban történik, míg a fennmaradó fele az Old Container és Japán között lesz elosztva.
Az Insight kereskedelmi forgalomba hozatalát a következő év első három hónapjában tervezik, miután Januárban Valenciaban bemutatják a nyilvánosságnak.
Az új Jazz az első generációhoz képest nagyobb méretű.
A hegy 3,90 méter (más 5 centiméter) hosszú, 1,69 méter (más 2 centiméter) széles, és 2,50 méter távolságra van a tengelyek között, ami 5 centiméterrel nagyobb.
A magasság azonban nem változik, 1,52 méter.
A méretek egyre nagyobbak, és a belső tér is.
Ez az előny az új platform bevezetése és a központi helyiségben lévő benzintartály bevezetése miatt van, ami a Honda Jazz esetében is alkalmazható.
Hasonlóképpen a szekrény kapacitása - amely kettős alvó rendszerrel rendelkezik - akár 399 literet is képes befogadni, 19 liter kapacitással több, mint az első generációs szekrény.
Meg kell jegyezni, hogy ezek a méretek a 1.4L motorral rendelkező változat méretei, mivel a Honda Jazz 1.2L csomagtartója 379 liter.
A másik újítás - a külső elemek mellett, mint a hátsó lámpák vagy a panorámás tető - a hátsó ülésekhez való hozzáférés javítása.
A hátsó üléshez vezető ajtók 80 fokos nyitási szögben vannak, a legelső Jazz hátsó ajtajának 67-ös nyitási szögével szemben.
Az erőforrások is újdonságok a második generációs Jazz-ban.
A kis modell első forgalomba hozatalakor két 1,2- és 1,4-literes benzin hajtóművel lesz felszerelve.
Mindkét motor rendelkezik az i-VTEC technológiával, amely csökkenti a benzinfogyasztást és a CO2 kibocsátást, ami erősebbé teszi a motort, és növeli a motor sebességét.
Az első 1,2 literes motor 90 lóerővel 6000 l/perc, és 114 Nm-os nyomatékkal 4,900 l/perc.
A motor - amely az előző Jazz-on 78 lóerőre emelkedett - 100 km-re 5,3 liter benzinfogyasztást és 125 gramm CO2 kibocsátást mutat.
A korábbi generáció 83 lóerővel rendelkező motorja most 100 lóerőre nőtt.
Ez a 100 lóerős 1.4 literes Honda Jazz 5,4 liter fogyasztást használ 100 km-re, és 128 gramm CO2 kibocsátást.
A "méhkocsik" a kocsik ütközésének elkerülése érdekében
A Nissan a balesetek megelőzésére szolgáló technológiák fejlesztésének előmozdítása érdekében a természetből, különösen a méhektől kapott eredményt.
Egy japán cég készített egy robotot, amely a méh repülését utánozza, és elkerülhet baleseteket.
A Bio-Mimetic Car Robot Drive, vagyis BR23C, az első lépés a kocsis megelőzés technológiáiban.
A Nissan Motor Co. Advanced Technical Center mérnökei a japán University of Tokyo Advanced Science and Technology Research Center-vel együttműködve készítették ezt a kis robotot.
Kazuhiro Doi, a Technológia és a Markákkal kapcsolatos Kutatás és Fejlesztés Közösségi Igazgatója szerint a BR23C a Nissan biztonsági pajzsának a felkelését jelenti.
Ez a robot lehetővé teszi a Mercedes-Benz járműveknek, hogy megelőzzék a kocsisütéseket.
A repülés során minden egyes méh saját, ovális alakú, személyes teret teremtett, ami nagyon hasonlít a Nissan biztonsági pajzsára.
De a legfontosabb a méh szemei, amelyek több mint 300 fokos szögben és minden irányban látnak, így a méh szünet nélkül repülhet a saját területein belül.
A mérnökök a látás funkcióját újra kifejlesztve, olyan berendezést fejlesztettek ki, amit lézeres távolságkeresőnek hívnak.
A számítógép felismerik a két méter távolságra lévő akadályokat, és a 180 fokos körzetben, kiszámítja a távolságot a tárgyhoz, és azonnal jelzést küld a mikroprocesszornak, hogy kerülje el az akadályt.
"Amikor az akadályt érzékeli, a kis robot a méh mozgását követi, és azonnal irányt változtat, 90 fokkal vagy annál nagyobb fokra fordítva a kerekét, hogy elkerülje a ütközetet.
A legnagyobb különbség minden más létező rendszerrel szemben az, hogy a menekülés teljesen ösztönös.
Ha ez így lenne, a robot nem tudna elég gyorsan reagálni, hogy elkerülje az akadályokat" - magyarázza Toshiyuki Andoh, a Repülés Laboratórium igazgatója és a projekt vezető mérnöke.
A robot a méhektől eltérően nem fordulhat felfelé, lefelé, vagy diagonálisan, hanem csak két dimenzióban, és csak a kerekek hatására mozoghat, nem pedig végtelen irányban, mint a méhek.
A Nissan ezért egy forgó funkciót használ, de felgyorsítást és lelassítást is, hogy a kis robot elkerülhesse az akadályokat.
Minden másodpercben csak információmal kell foglalkoznia, és az adat alapján kell cselekedni.
Nem kell az előzetes műveletek intuitív információ- és logikájának tárolnia, ezért csak néhány tucat KB memóriával tud folyamatosan működni.
Meglepő, de nem giga-baktumról beszélünk, és nem is mega-baktumról".
Ez az első olyan új, azonnali ütközésmegelőző technológiák fejlesztésének autója, mely a Nissan szerint 10 éven belül bevezethető a gyártási autókba.
A robotot lítium-polimer akkumulátorok működtetik, amelyek könnyebbek és hosszabb ideig tartanak, mint a lítium-ion akkumulátorok.
A technológia másik lehetséges alkalmazása a jövőben a GPS műholdas navigációs rendszerre való alkalmazása lehet, hogy a vezetőket a céljukhoz vezesse, elkerülve az út akadályait.
Félnek a hitelezéstől.
El kell ismernünk, hogy az Egyesült Államok kincstárának, azon kívül, hogy rengeteg pénz van a tervek kidolgozásához, nem hiányoznak a zseniák.
A válság idején, és hogy elkerüljék az amerikaiaknak a hitelkártyázást a hitelkártyázó bankoktól, egy játékot hoztak létre, hogy megtanulják, hogyan ne csődbe menjenek: a Bad Credit Hotel.
Vagyis a "Hotel of Bad Credit" vagy a "Historiák".
A lakás szomorú megjelenése, és különösen a szállodásvezető, sokszor arra késztet minket, hogy gondoljuk meg, hogy ez-e a megfelelő idő a kölcsönkérésre.
És a legfontosabb, hogy hol.
A játék hasznos információkat ad, de nem sok részletet.
Ez inkább egy tinédzserek számára szóló játék.
Mi a teendő, ha a játék véget ér?
Mivel egy álomszobát találtak a hotelben.
Jobb, mint semmi, mert elképzelhetetlen, hogy vásárolsz egy házat.
A Morgan Stanley tőkéjét a MUFG-nak nyitja
A Morgan Stanley bejelentette, hogy Japán első számú bankja, a Mitsubishi UFJ Financial Group (MUFG) 9 milliárd dollárt fizet a tőke 21 százalékának felvásárlására, ami a tőzsdei árfolyam jelentős csökkenésével jár.
Egy héttel a ideiglenes megállapodás közzétételét követően a két bank elmagyarázta, hogy a MUFG a Morgan Stanley 9,9%-os részvényeit vásárolja 25,25 dolláros egységárral, összesen 3 milliárd dollárért.
A felvett ár 19%-kal alacsonyabb a jegyek számviteli értékénél augusztus 31-én.
A MUFG további 6 milliárd dollárt fog fektetni a 10%-os megtérülést biztosító, 31,25 dolláros átváltási áron történő konvertíciós értékpapírok beszerzésébe.
A Morgan Stanley kifejtette, hogy az átlagos egységár 29 dollár, vagyis 28 százalékkal magasabb, mint a jelenlegi ár.
A Morgan Stanley részvénye azonban 6,79%-os veszteséget ért el 23,07 dollárnál, a GMT 17:00 körül.
"Ez a stratégiai szövetség fontos lehetőséget jelent a Morgan Stanley bank-holdingvállalat státusza átállásának felgyorsítására" - magyarázta John Mack, az amerikai csoport ügyvezető igazgatója.
A Morgan Stanley a múlt héten elfogadta az új státuszt, ami lehetővé teszi a vállalat számára, hogy diverzifikálódjon, de a Federal Reserve hatalmának alá kerüljön.
A MUFG-val való szövetség is megerősíti, hogy a jelenlegi pénzügyi válság arra kényszeríti a Wall Street legnagyobb neveket, hogy sokkal óvatosabb magatartást alkalmazzanak, mint korábban.
A hétfőn bemutatott részletek azt is mutatják, hogy az egyezséget az elmúlt napokban módosították: a múlt hétfőn a Morgan egyszerűen bejelentette, hogy a japán részvények 20%-át eladja a japánoknak, mintegy 8,5 milliárd dollárért.
"Egy héttel ezelőtt, Toshihide Mizuno, a MUFG ügyvezető igazgatója, azt mondta Tokióban, azt hittük, hogy a részesedés teljes egészében a részvényekből áll.
De a jelenlegi gazdasági és piaci helyzet miatt szeretnénk minimalizálni a kockázatokat és fedezni magunkat".
A MUFG a Morgan Stanley részvényeket a mértéke alatt 7%-kal fogja fizetni a súlyozott átlagár alapján.
És a tranzakció körülbelül 20%-os részvényköltségcsökkentést jelent.
A megállapodás értelmében a MUFG egy éven belül a preferenciális értékpapírjainak felét át tudná alakítani rendes részvényekre, amennyiben az adott időszak alatt a részvények a konverziós áratól, vagyis körülbelül 47 dollárnál több mint 50%-kal többet kereskednek.
A Morgan Stanley biztosítja, hogy a MUFG által nyújtott tőke lehetővé teszi a befektetési lehetőségek felvételét, az egyenlegének megerősítését és a likviditás növelését.
A csoport szóvivője azonban nem adta meg a két új szövetséges stratégiai tervei részleteit.
A MUFG befektetése után a Morgan Stanley-nek a Tier 1 hitelminősítési arányának a 15 százalék körül kell lennie, ami az ágazat egyik legjobbja.
Morgan elmondta, hogy "nagyon" csökkentette az éves mérlegét augusztus végétől.
Az elmúlt hetek nehézségek voltak a cég számára, mert a tőzsdei árfolyamuk felére esett, miközben a hitelkockázati biztosítási költségek emelkedtek.
A költség hétfőn visszaesett, de magas szinten maradt, körülbelül 12 százaléknál.
A Goldman Sachs, a legnagyobb befektetési bankok közül a másik "túlélő" a Bear Stearns és a Lehman Brothers csődje után, és a Merrill Lynch felvásárlása után, a múlt héten bejelentette, hogy 15 milliárd dollárt gyűjtött, részben a Warren Buffett Berkshire Hathaway-tól.
Rafael Correa Quitóban, hétfőn.
A republikát a 21. századi szocializmus köré alakítani.
Ez a közös terv a venezuelai Hugo Chávez, a boliviai Evo Morales és az ecuadori Rafael Correa.
Vasárnap, mint a kollégái és barátai, ő volt a harmadik, aki szavazott egy új alkotmánytervezetről.
A cél teljesült, mivel a választók 64%-a szavazott igennel a népszavazáson, a hivatalos eredmények szerint 80%-os szavazás.
A "nem" szavazat 28%-ot ért el, a szavazatok 7%-a nullával, a 0,7%-a pedig fehér szavazat volt.
Ahhoz, hogy a alkotmánytervezet elfogadódjon, az elnöknek felét kellett kapnia, plusz egyet.
Vasárnap két szavazóközpont-felmérés és egy nem kormányzati szervezet által végzett felmérés szerint a "igen" szavazók 63 és 70 százalék között nyertek.
Rafael Correa hétfőn este azt állította, hogy győzött az alkotmánytervezetében.
"A alkotmány lenyűgözően győzött", mondta, amikor gratulált a guayaquilban, a Quitótól 280 kilométerre délnyugatra fekvő kormányzói központban.
Természetesen Rafael Correát Chávez és Morales, valamint a chilei párttagja, Michelle Bachelet is dicsérte.
A szavazás, amely az Amerikai Államok Szervezetének (OAS) megfigyelő missziójának (OAS) szerint nyugodtan zajlott, egy 444 pontos szövegről szólt, amely megerősítette az elnök által támogatott "új szocializmust".
Az alkotmánytervezet az állam gazdasági hatalmát teszi lehetővé, és az államnak a "fejlesztési tervezést" bízza meg, egy olyan országban, ahol az olaj kivontja a külföldi vállalatokat, és a külföldiek küldi a külföldi pénzeket.
A 2006-ban megválasztott Correa vezetésével a tervezet megerősített hatalmat is biztosít az államfőnek, aki akár két egymást követő négyéves ciklust is el tud tölteni, és feloszthatja a parlamentet.
Correa már bejelentette, hogy ezt a hatalmat felhasználja, és újratöltésre indul 2009 februárjában.
Az Alkotmány megerősíti az ingyenes egészségügyi és oktatási szolgáltatások elvét, amelyet az elnök indított be a 13,9 millió lakosú országban, ahol a lakosság 50%-a él a szegénység küszöbén.
Végül a külföldi csapatok tartózkodásának betiltását írja elő, ami véget vet a Quito és Washington közötti megállapodásnak, amely szerint egy ecuadori bázis az amerikai drogellenes műveletek kiindulópontja.
19 túszot szabadítottak meg Tchádban
Egy egyiptomi parancsnokság támadást indított az 11 turista és 8 kísérő elrabolójára, akiket tíz nappal ezelőtt fogtak el.
Kairóban vannak.
A tizenegy európai turistát és nyolc egyiptomi kísérőjüket, akiket tíz napig fogságban tartottak a sivatagban, hétfő délután biztonságban visszahozták az egyiptomi fővárosba.
Reggelre egy egyiptomi parancsnokság szabadította őket Tchádban.
Úgy tűnik, a túszok jó állapotban érkeztek, 3:30 körül egy speciális repülőgéppel az al-Maza katonai bázisra, a Kairói Nemzetközi Repülőtéren.
Azonnal, a sajtó előtt való beszéd nélkül, helikopterrel szállították őket a Kairó lakóvárosában található Maadi kórházba, hogy vizsgálják meg őket.
"Jól vannak, és "nem fizettek kifizetést" a rablóknak" - mondta az egyiptomi turizmus miniszter, Zoheir Garanna a repülőterén.
Szeptember 19-én egy 4x4 safari alatt fogták el őket a Uanat-hegy lábánál, Egyiptom, Szudán és Líbia határán, és 35 ismeretlen emberrabló elrejtőzött őket.
A túrázókat 11 turista - öt olasz, öt német és egy román - és nyolc egyiptomi - két útmutató, négy sofőr, egy határőr és az Aegyptous ügynökség igazgatója, aki a szafari szervezését szervezte.
Egy egyiptomi biztonsági tisztviselő szerint 30 különleges erő, két helikopterrel, indította a támadást az éjfél előtt.
"Lövés történt, és a rablók fele meghalt, a többiek elmenekültek" - mondta a tisztviselő, aki nem akarta a nevét megnevezni.
Azt mondta, hogy az egyiptomi különleges erők 150 tagja, a "Fény" egységből, összesen Szudánba küldtek őket, ahol német és olasz parancsnokok támogatják őket.
Franco Frattini olasz külügyminiszter a belgrádi helyszínéről említette a titkos ügynökök és az olasz különleges erők szerepét.
"El kell ismernünk, hogy ezt a eredményet a titkosszolgálatunk, a különleges erők szakértelemének és hatékonyságának köszönhetjük" - mondta, nem adta meg a részleteket.
Azt is elutasította, hogy váltságdíjat fizessenek.
Azelőtt a szudáni hadsereg azt állította, hogy egy járőrjárat során elfogtak egy 4x4-es autót, amelyben a rablók voltak, és megöltek hat embert, köztük a cádiai vezetőt, és letartóztattak kettőt.
A hadsereg állította, hogy a két férfi kapcsolatban áll a Darfurban működő, a Szudáni Egyensúly-szabadítási Mozgalom (SLA-U) ellen, amit a mozgalom azonnal elutasított.
A levél - a kultúra csendes többsége
A kultúra finanszírozásáról szóló vita a főcímek közé tartozik és a jelenlegi választási kampányban is zajlik.
- Ez jó.
De a kulturális életünk egyik területe még mindig elfelejtett.
Ki fog felállni, hogy kijelentse a kis múzeumok, archívumok, régészeti felderítések vagy az ország történelmi helyeinek a szegénységet?
Milyen politikus merne emlékeztetni a szövetségi kormányt arra, hogy elhanyagolja a monumentumait és a történelmi épületeket?
Hogy Quebecben, mint Kanadában, nincs igazi törvényünk, ami tényleg megvédi a mi örökségünket?
Tudtad, hogy a francia kormány 3,5 millió eurót fordít a Chinon-i kastély helyreállítására a Loire völgyben?
Amerikai szomszédjainknak az alkotmányukban van írva, hogy a kulturális örökség védelme az amerikai kultúra része, és hogy ezt a kulturális örökséget minden állampolgár, minden választott képviselő és minden kormányhivatal együttesen kell megvédeni.
A Quebec-i Történelmi Társaságok Szövetsége (Fédération des sociétés d'histoire du Québec) legalább 40 000 önkéntes, 211 történelmi, örökség, archívum és családtörténeti társaságban foglalkozik a történelem feltárásával, a magán archívum halmazainak megőrzésével és a régészeti maradványok megőrzésével.
Ezek gyakran a gyülekezetünk örökségének őrkörei, akik a kétségbeesés energiájával tiltakoznak, amikor a fejlesztők és a döntéshozók a régi kőket és a felejtett temetőket tornyosítják.
Mikor lesz egy történelmi és kulturális előadó?
A Benelux-i kormányok a Fortis bank egy részét államosítják
A Benelux-államok a belga-holand banknak, mint az első európai banknak, amely a hitelpiaci válságnak az Egyesült Államokban okozott hólablája következtében szorongó helyzetbe került, részben segítettek, és részben államosították. A három ország 11,2 milliárd euró összegű támogatást nyújtott a magyarországi érdekeltségekkel rendelkező pénzügyi és biztosítási intézménynek.
A belga, a luxemburgi és a holland kormányok a hétvégén a legmagasabb szinten megállapodtak a dologban, és a Bizottságban is felkeresték az Európai Központi Bankot és a versenyügyért felelős személyt.
Az euróövezetben a Fortis banknak az első nagy válságot jelentette a nemzetközi pénzügyi válságban, amely több mint egy éve terjedt ki, és bizonyos szempontból a bank esetében hozott döntések példát képeznek.
A vasárnap este hozott döntés szerint a három állam a bank minden országában lévő tőkéjének közel a felét (49 százalékát) fogja visszavásárolni.
A bank kétségtelenül eladja részesedéseinek egy részét, amelyek között elsősorban a tavaly az ABN Amro holland szervezetétől vásárolt, elsősorban biztosítási tevékenységek szerepelnek.
A múlt héten a Fortis részvényei kezdtek el vertiginosan zuhanni, a hét második felében pedig már komoly jelzések jelentkeztek a bankban.
A szakértők egyetértenek abban, hogy a bank, melynek 85.000 alkalmazottja van, túl nagy ahhoz, hogy csődbe menjen.
Csak pénteken a cég részvényei 12 százalékkal esnek, a legalsó szintre 14 éve.
Január óta a részvények több mint kétharmadával csökkentek.
A részvények jelenlegi értékét figyelembe véve a csoport tőkeösszegének értéke körülbelül 14 milliárd euró, ami a vállalat vezetése szerint nem reális.
A vállalat vezetősége a 700 milliárd dolláros amerikai mentési terv elfogadásával kapcsolatos óceáni bizonytalanságot vádolja a Fortis részvények zuhantásának oka.
Hétfőn már a papírok is kisemelkedtek.
Pénteken Filip Dierckx lett a bank vezetője, új vezérigazgató.
A pénzügyi szervezet magánszemélyekhez is keresett, de még nem kapott ajánlatot a lényegére.
Korábban a belga kormány bejelentette, hogy a befektetőknek nem kell aggódniuk, nem fogják elveszíteni a pénzüket.
A bank ügyfelei között nem volt pánik, és nem támadtak meg egyik ügynökséget sem.
Magyarországon a Fortis független ügynökségekkel rendelkezik, és bérleti társaságokat is vásárolt.
Egy róka a barlangban
Az amerikai élet- és egészségbiztosítási cégek gyakran nem hajlandóak biztosítási szerződést kötni egy jelöltvel, az ő gyógyszervásárlásaival kapcsolatos információk alapján.
Az információvédelem szakértői attól tartanak, hogy az adatpiac nem lesz irányítható.
"Az adatvédelem programjai vannak, amelyek a gyógyszerrendeletre vonatkozó információk felhasználását minden esetben az érintettek hozzájárulásával kötik.
Az ilyen programoknak független kezekben kell lenniük, különben olyan, mintha egy róka kezébe adnák a madárházat" - emlékeztetett Richard Dicket, a Washington Post-ban a gyógyszerrendelethez használt programtervező.
A biztosítótársaságok a biztosítási díjat és a biztosítási tőkéjét a veszteség esetén a vásárló egészségétől függően határozzák meg, és ha úgy érzik, hogy a kockázat túl nagy, akkor még csak nem is biztosítják.
A múltban az orvosok orvosvizsgálatra küldték a jelöltet, és csak a vizsgálat eredményeit követően írtak alá biztosítási szerződést velük.
A Dick egy sokkal olcsóbb eljárást talált a tíz éve: egy azonosító számot használva, könnyen hozzáférhet a gyógyszertárakhoz az ember gyógyszervásárlásainak adatait a múlt 18 hónapban. Ebből a programon keresztül maga határozza meg, hogy milyen betegségben szenved az ember, és milyen az egészségi állapota.
Például, ha ez a személy rendszeresen magas dózisban vásárol koleszterinszint-csökkentőt, akkor ez a vérében rendkívül magas zsírszintre utal, ami azonnal magasabb kockázatcsoportba helyezi.
A program több változata is forgalomban van, néhányukban egyidejűleg határozzák meg a kockázati tényezőt, így a biztosítónak nincs több dolga a papírmunkától eltekintve.
A program hátránya, hogy egy gyógyszert különböző célokra használhatnak, például a fejfájás vagy a hőségérzés kezelésére, de a depresszió kezelésére is hatásosak lehetnek.
A biztosítók a biztosítást kockázatnövelő tényezőnek tartják, míg a többiek nem.
A kutatás és az adatelemzés terén fejlődő vállalatok a gyógyszertáraknál kell kérniük a beteg engedélyét, mielőtt a szükséges információkat összegyűjtötték volna.
Most már a hatóságok kényszerítik őket, még ha a múltban nem is büntetették őket.
Néhány cég mostanában a laboratóriumi vizsgálatok eredményeit is feldolgozza, és összekapcsolja azokat a gyógyszerhasználat adataival, így még pontosabb képet tud adni a betegek egészségi állapotáról.
Egyre több vállalat kap hozzáférést az adathoz, és ezzel egyidejűleg egyre nehezebb az adatok használatának ellenőrzése.
Külön törvény létezik az orvosi adatvédelemre vonatkozóan, de ez csak a szakemberekre és a biztosítókra terjed ki.
A Kongresszus előtt van egy törvényjavaslat, amely kiterjeszti a hatóságok ellenőrzési körét a speciális adatszolgáltató cégek tekintetében.
Dick Richard elismerte, hogy ez nem elég, ezért továbbfejlesztette a programját, amely a adatátvitelre a személy kizárólagos beleegyezését követeli.
Más kérdés, hogy az érintett személy valóban szabad-e beleegyezni, vagy sem, mivel ha nem, a biztosítók nem írnak alá biztosítási szerződést vele.
Így a csirkék végső soron a róka kedvességétől függnek.
Marseille általános menüje
Az Európai Unió és India kétszeresére növelte kereskedelmi forgalmát.
Mivel az Európai Unió és India egymás számára nagyon fontos kereskedelmi partnerek, ez a téma a kilencedik csúcstalálkozó napirendjén is uralkodott a többi, nagyrészt globális kérdés mellett.
Ma egy Francia-Indiai csúcstalálkozó is lesz, ahol az atomenergia-üggyel kapcsolatos együttműködésről fogunk beszélni.
Az Európai Unió elismerte, hogy India egy nagy, demokratikus fejlődő hatalom, amelynek nagyobb hangot kell adnia a nemzetközi ügyekben, de a tagországok még nem tudtak egyetérteni a New Delhi jelöltségének támogatásáról az ENSZ Biztonsági Tanácsának állandó tagjaként.
A csúcstalálkozóban, a Marseille-ben, nem is tartottak túl sok időt ezen a kérdésen.
Nicolas Sarkozy francia elnök, valamint az EU jelenlegi elnöke, valamint José Manuel Barroso bizottsági elnök és a diplomáciai miniszterelnök, Javier Solana fogadta Manmohan Singh indiai miniszterelnököt, akivel megállapodtak, hogy öt év alatt megduplázzák a kereskedelmet, ami több mint száz milliárd euróval nagyobb.
Tekintettel arra, hogy a 2000 és 2007 között az áruk kereskedelme 25 milliárd dollárról 55 milliárd dollárra nőtt, ez nem tűnik túl ambiciózus célnak.
A Bizottság a következőket javasolja: "A Bizottság a következő lépéseket tesz a következők érdekében:
India legkésőbb 2009 végén szeretne szabadkereskedelmi megállapodást kötni az Unióval.
Sarkozy megígérte, hogy felgyorsítja a tárgyalásokat.
A cél az, hogy egyensúlyba hozzuk a helyzetet az EU egyik legnagyobb kereskedelmi partnere, Indiával, és a másikkal, New Delhival, amely az EU partnerek között csak kilencedik helyen van.
A csúcstalálkozó a globális ügyekre fordította a figyelmet.
A pakisztáni és afganisztáni helyzetet, valamint a terrorizmus minden formáját erősen elítélte, és az ENSZ-konferencia sürgősségéről is beszélt.
A Dohá-i kereskedelmi ciklus befejezésére is felhívást tettek, bár mindkettő nagyban járul hozzá a jelenlegi kudarchoz.
Az EU megerősítette, hogy továbbra is hű az energia- és éghajlat-politikai programhoz, és hogy 2020-ig legalább 20 százalékkal szeretné csökkenteni a toxikus anyagok kibocsátását.
India is egyetértett ezzel, és azzal, hogy a jövő évi éghajlat-konferencián át kell lépni a globális piacra, és hogy a 2050-ig a zöldházhatású gázok kibocsátását 50 százalékkal kell csökkenteni.
Azt is szeretnék, hogy ne emelkedjenek az élelmiszerárak, és támogatják a nemzetközi munkaértekezlet összehívását a pénzügyi válság megvizsgálására.
Az indiai államfő ma a francia fővárosban van, ahol kétoldalú találkozóra készül, hogy aláírják az atomi energia békés használatára vonatkozó megállapodást.
Párizsban arra számítanak, hogy a francia cégek 20 milliárd euró értékű megbízást kapnak az indiai atomreaktorok építéséhez.
A hírügynökség információi szerint a megállapodás 15 évre szól.
Frankfurtban több mint 300 olasz kiadó
Nagy részvétel az olasz kiadók részéről a Frankfurt-i Nemzetközi Könyvkiállításon.
Több mint háromszáz olasz kiadó jelen van a 60. Buchmesse-n, a legjelentősebb nemzetközi rendezvényen a jogok cseréjében.
A Frankfurt-i Nemzetközi Könyvkiállítás ezen a napon több mint 7 ezer kiállítót vár 101 országból, akik a kiállítás 171.790 négyzetméterénél több mint 403 ezer könyvet fognak kiállítani, Törökország pedig a tiszteletbeli vendég.
A kulturális javak és tevékenységek minisztériumának titkára, Francesco Maria Giro fogja képviselni az olasz kormányt az olasz pillangó megnyitóján: Olaszország intézményesen jelen lesz, a Point Italia 264 négyzetméteres kiállítási térrel.
Ezt követően a sajtóközlemény a Büchmesse 5.0-as pillangóján, a Struktur szobában tartja, ahol az olasz kiadók számát, trendjét és kilátásait mutatják be.
Az adatok szerint a külföldi szerzői könyvek jelentősége a teljes olasz gyártáshoz képest, különösen a felnőttek és gyermekek számára, fokozatosan csökken.
Megtaláltam Steve Fossett repülőjét, a milliárdos, aki egy éve eltűnt.
Steve Fosset repülőgépe, a milliárdos, aki 2007. szeptember 3-án eltűnt, miközben a nevadai sivatagban repült, a hajót találták.
A törmelékeket egy 3000 méter magasságú síkságon találták a Sierra Nevada-i Mammonth-tók körzetében, a kaliforniai és nevadai határon.
A repülőn belül azonban nincs emberi maradvány.
A Madera megye seriffje, John Anderson a további kételyeket kitörölte: "A repülőgépet megtalálták, küldtük egy csapatot, és most megerősítettük, hogy ez az, amin Steve Fosset utazott a eltűnése napján", mondta egy sajtótájékoztatón.
A seriff szerint nem találtak emberi maradványt sem a gépen, sem a környéken.
Februárban a 63 éves milliárdot halottnak tartották.
Az Egyesült Államok közlekedési biztonsági iroda (NTSB) közölte, hogy néhány órával a hajótörés után a helyszínre küldött vizsgáló csapat azonosította a repülőgépet: a Bellanca 8kcab, amely 2007. szeptember 3-án tűnt el, amikor a Fosset felrepült Yeringtonból, Nevada államból egy három órás repülésen.
Tegnap még Kaliforniában, nem messze a nevadai határtól, egy pár talált Fosset személyes holmiját a Mammoth Lakes-i házuk közelében.
Két olyan dokumentum, ami Fosset nevét viseli, mindkettő az Illinois-i Federal Aviation Administration által, készpénz és egy pulóver.
Fossett kutatásai egy hónappal a eltűnése után szűntek.
A milliárdos a történelemben szerepet szerzett egy hosszú sorozat rekordjaival.
A hatodik kísérletére 2002-ben lett az első ember, aki a világ körüli repülést egy léggömbön végzett, két hetes egyedülálló repülés.
Három évvel később a világ körüli járatát végigrepült.
Az egyik rekord az volt, hogy 15 445 méter magasságra repült az Andok hegyein, de egy másodpilóta volt.
Glk, a reklám, amit nem vársz.
Egy különleges, eredeti, jól meghatározott, kiemelkedő vonallal, széles felületekkel és szoros szögekkel rendelkező 4x4.
Összefoglalva, ez a Glk, a sztárház legújabb kompakt off-road modellje, amellyel a Mercedes-Benz megpróbálta újító levegőt adni az ágazatban.
A 4x4 Glk bemutatóján a Mercedes-Benz showroomból október 17-től elérhető, nem normális, váratlan és nem hagyományos tartalmú kommunikáció.
Így az új autó megjelenésével járó reklámok egy újdonsült kommunikációs módhoz vezetnek, egy 3D-s hirdetési kampányon keresztül, amelyet először használ egy autó márka Olaszországban.
A maxi-tábla projekt három különböző szakaszban fog működni, ami november 15-ig a milánói Corso Como bevásárlóközpont szívében fog működni.
Az új kommunikációs mód első szakaszában a járművet sztereoszkópikus látásmódban mutatják be, és a Corso Como környékén elosztott speciális szemüvegek segítségével a 4x4 szinte valós méretű és háromdimenziós formátumban látható lesz.
Ha a képet nézzük, úgy tűnik, hogy a kocsi kiugrik a hirdetőtől.
Az új Glk-t az innovatív Elimina8 technológia segítségével a fények minden részletében a ponton keresztül világítják fel, majd egy képbe állítják.
A Mercedes nyilvánvalóan ezzel a reklámmal próbál valami újat bevezetni a gépjárművezetők sztereotípiás kommunikációs területén.
Vajon ez a képlet sikerül-e a jövőbeli vásárlók érdeklődését felkelteni?
Ezek az olasz huligánok.
Triveneto-ból a Daspot veszélyeztetik.
De kik azok a 150-200 fiú és lány, akik miatt most Itália szégyenkezik? Ők az "Ultras Italia" csoport tagjai, akik évek óta követik az olasz nemzeti csapatot, és akik eddig soha nem okoztak nagy problémát.
És soha nem volt összeütközés a másik fanokkal.
A csoport kivonása jobbra van.
A terjesztők a Trivenetóból jöttek.
Verona, Padua, Trieste és Udine.
Szófiában a kampányi és puciliai kis csoportok is (nem igazán) csatlakoztak.
Háromszínű zászlót viseltek, ahol a szülővárosuk volt. Szombat este mindet elrabolták, hogy ne tudjanak azonosítani.
Az angol tifoszéria alapján.
Bulgáriában találtak egy igazi náci szurkolóhelyet, a Levski-t.
A FIC az olasz rajongóknak 144 jegyet adott a meccsre: mindegyik névvel, és így könnyen ellenőrizhető.
És a Viminal minden egyes embert ellenőrizett: azok közül, akik Sofiába mentek, egyiküknek sem volt egy Daspo-ja, egyiküknek sem volt tiltva a stadionban lenni.
Négy olasz játékos, akiknek előélete volt a stadionban, nem voltak jogosultak a jegyre, és nem tudtak utazni.
Most a Viminal várja a bolgár rendőrség által benyújtott aktákat, majd lépéseket tesz: ebben az esetben a rendetlenségben letartóztatott vagy azonosított szurkolók legalább öt évig tölthetik a Daspo-t.
Nem csak az olasz, hanem az európai stadionokat is tiltja.
A lényeg, hogy a huligánok nem lépnek be a stadionba.
Szerencsére.
De most a félelem utánzásának ideje, ami azt jelenti, hogy mások is hozzáadódhatnak az első 150-hez.
"A tűz azonnal el kell tűzni, és nem szabad legitimálni az ilyen viselkedést" - állítja a Viminal.
Szóval, "megtartani a szemünket nyitva, különösen a szerdán Lecce-ben megrendezett nemzeti csapat meccs előtt".
Pugliában valóban van egy kis csoport az Olasz Ultras támogatóinak.
Holnap találkozik a megfigyelő, kedden a Casms, aki még az Aise-ból is számíthat, azaz titkosszolgálatok, akik éppen a stadion problémáival foglalkoznak.
"A Duce-Duce-kórus és a kar kihúzása a Mamelynél?
Ez a vélemény (amelyet nem igazán szívesen fejeznek ki) Domenico Mazzilli, a Nemzetközi Bűnügyi Ellenőrző Központ (Frencesco Tagliente és Felice Ferlizzi helyettesítője) nemrégiben adott.
Mazzilli korábban Trieste prefektusa volt, ahol az 2002-ben alapított Ultras Italia csoport támogatóinak egy magja lakik.
Igaz, ahogy Mazzilli mondja, Bulgáriában nem bűn bérelni Mussolini-t, de biztos, hogy a 150-200 tifoz viselkedése szégyenletes volt.
"Nem vagyok szociológus - hozzátette az Observatórium 1. számú száma - a bűncselekményeket a cselekmény országában kell elhelyezni.
Eddig ez a csoport a szabályokat követte, most pedig megnézzük, mi történt, és értékeljük a jövőre nézve.
De beszéljünk a memeli himnuszra való sípolásról is: ezek sem bűncselekmények, de ha megengeded, nem udvariasak...
