Vitorio dei populisti di destra in Austria, 29 per cento in totale
Secondo i primi risultati preliminari, le elezioni parlamentari in Austria, previste per domenica, hanno portato ad un sensibile indebolimento dei due partiti della grande coalizione e a un notevole rafforzamento dei partiti populisti di destra.
Il Partito popolare austriaco (ÖVP), dove la posizione dell'attuale presidente Wilhelm Molterer è stata gravemente oscillata, ha subito una perdita particolarmente forte.
Al contrario, il presidente dell'Alleanza per il Futuro dell'Austria (BZÖ), il capo della provincia di Carinthia, Jörg Haider, si prepara a un ritorno vincente nella politica nazionale.
Secondo i risultati preliminari, il Partito Socialdemocratico (SPÖ) rimane il partito più forte del paese con il 29,8% dei voti, ma ha perso il 5,5% dei voti rispetto alle ultime elezioni del 2006.
Ancora peggio è stato per l'ÖVP, che perde quasi il 9% dei voti con il 25,6%.
Questi due grandi partiti hanno ottenuto i peggiori risultati nella storia postbellica dell'Austria, e in particolare il Partito Popolare, che ha portato a elezioni anticipate, ha avuto un risultato letteralmente disastroso.
All'inizio di luglio, quando l'ÖVP uscì dalla coalizione, il Partito Popolare aveva un vantaggio significativo rispetto allo SPÖ secondo le sondaggi.
Ma i votanti hanno visibilmente punito per aver lasciato fallire il governo.
Già nelle prime reazioni ai risultati si è parlato di una possibile dimissione del presidente del partito e attuale vice-cancelliere Wilhelm Molterer.
Gli osservatori ritengono che questo possa avvenire già lunedì, durante la riunione straordinaria della presidenza del partito.
Questo sviluppo potrebbe facilitare la rilancio della grande coalizione tra SPÖ e ÖVP, che è sempre più probabile che si concludano con l'elezione.
Tuttavia, tenuto conto del rafforzamento dei due partiti populisti di destra - il Partito per la libertà dell'Austria (FPÖ) aveva ottenuto in precedenza l'18% dei voti e il BZÖ l'11% dei voti - i socialdemocratici hanno espresso il loro timore di una ripetizione del 1999 quando il Partito popolare ha raggiunto un accordo di governo comune con i populisti (il FPÖ era ancora unito, ha lasciato il BZÖ nel 2005), che ha provocato sanzioni anche da parte dell'Unione europea.
Haider, che ha già dichiarato di essere pronto a collaborare con qualsiasi partito, e che presumo possa tornare a Vienna nella politica nazionale, è chiaramente in attesa di questa soluzione.
Il Partito dei Verdi è entrato in Parlamento, ma ha perso un po' di popolarità e è sceso dal terzo al quinto posto tra i partiti politici austriaci.
Nessuno degli altri partiti ha superato il limite del 4% e non è entrato in Parlamento.
Schwarzenberg: "Le relazioni con l'India potrebbero raffreddarsi"
Se non si riesce a risolvere il problema dei ricercatori cechi denunciati per raccolta illegale di insetti, secondo il ministro degli Esteri ceco Karel Schwarzenberg, potrebbe verificarsi un certo raffreddamento delle relazioni ceco-indiane.
L'ha annunciato il ministro dopo aver incontrato il suo partner indiano, Pranab Mukherjee, a New York.
"Se non si risolve, sì, ci sarà un certo raffreddamento", ha affermato dopo la riunione, che si è svolta con incentivi cechi.
Mukherji ha detto dopo il processo che è difficile per il potere esecutivo intervenire nelle questioni giudiziarie.
Tuttavia, ha ricordato che, nel caso di Petr Švácha, che è stato scartato e condannato a una multa, il governo centrale può negoziare con la direzione locale di Darjeeling, che ha la competenza legale in materia.
"Il suo problema potrebbe essere risolto", disse il ministro.
Ma per Emil Kucera, condannato a tre anni di prigione, Mukherji ha detto che la cosa migliore sarebbe stata fare appello alla Corte Suprema.
Allora potrebbe chiedere il rilascio su cauzione e stare in libertà fino al giudizio, ha spiegato.
Schwarzenberg ha confermato che il suo partner ha espresso le stesse parole durante il processo.
"Ha proposto un ricorso alla Corte Suprema, allora sarebbe possibile scusarlo", ha detto il capo della diplomazia ceca.
L'unico modo in cui la parte ceca può intervenire è fornire al condannato "un'assistenza legale competente", ha detto il ministro indiano.
Ha inoltre detto che la parte indiana li ha già aiutati.
"Il nostro interesse primario è quello di mantenere le migliori relazioni con l'India, che hanno una lunga tradizione.
Anche gli indiani lo riconoscono", ha detto Schwarzenberg.
Allo stesso tempo, come ha detto al ČTK, ha sottolineato al suo partner che la Repubblica ceca attribuisce grande importanza al problema degli entomologi cechi.
"Consideriamo davvero grave il fatto che questi scienziati cechi siano stati imprigionati e accusati", ha dichiarato.
Alla domanda se avesse ricevuto un impegno da parte dell'India per occuparsi del caso, il ministro ha evitato di rispondere.
"Ho già ricevuto un certo numero di promesse", ha notato.
Giudici cechi nella battaglia per il fondo del mare
Vai alla mappa elettronica a parete che mostra l'Australia e le aree marine vicine.
Ma non è interessato al continente, è interessato a un punto che scompare nell'oceano blu.
"L'isola appartiene all'Australia, e con essa il fondo del mare adiacente.
"Il territorio è grande quanto il continente", dice Luigi Santosuosso, un avvocato italiano che fa parte di un gruppo di lavoro di 30 membri della Divisione delle Nazioni Unite per l'Oceano e il Diritto del Mare.
Il suo capo, Václav Mikulka, avvocato ceco e direttore della divisione, segue con attenzione le spiegazioni, che a volte aggiunge.
Qui ci sono lavoro e entusiasmo.
Il fondo marino nasconde un mondo ricco di risorse naturali, poco conosciuto finora.
Ci sono petrolio, minerali e altri minerali, ma anche organismi viventi sconosciuti, che potrebbero essere la chiave per sviluppare farmaci contro il cancro, per esempio.
Fondo marino superiore al suolo
I paesi costieri sono oggi in una forte competizione per nuove aree sottomarine.
Infatti, secondo la Convenzione delle Nazioni Unite, che è stata conclusa a Montego Bay, in Giamaica, nel 1982, essi hanno i loro diritti.
In primo luogo, si tratta dell'area chiamata "piana continentale", che spesso si estende fino a poche centinaia di chilometri dalle coste di un paese.
Secondo la convenzione, tale paese ha il diritto esclusivo di controllare tutte le sorgenti del piano continentale.
"Semplificando, consideriamo la scalata continentale come la parte del fondale e dello strato sottostante che costituisce la continuazione naturale del submarinato.
Si estende oltre i confini del mare costiero, spesso oltre i duecento chilometri di distanza della zona esclusiva economica", spiega Mikulka.
La domanda presentata dal paese al Comitato per la delimitazione dei confini esterni del Continente deve essere corredata di una documentazione scientifica e tecnica completa basata su numerose ricerche e misurazioni costose.
E' il risultato di molti anni di lavoro preparatorio.
"Uno dei nostri compiti è fornire assistenza legale e tecnica al comitato.
La commissione ha esaminato cinque domande, da parte della Russia, del Brasile, dell'Australia, dell'Irlanda e della Nuova Zelanda.
Solo gli ultimi tre paesi hanno avuto successo", aggiunge Mikulka.
Nel mondo, recentemente, si è sentito parlare del successo dell'Australia, che ha dato vita al primo grande sviluppo del suo paese sottomarino.
Ma anche la Nuova Zelanda ha vinto, con un'area di fondale assegnata al comitato di circa 1,6 milioni di chilometri quadrati, sei volte più grande del paese.
Entrambi i paesi hanno investito milioni di dollari nella ricerca.
I profitti derivanti dall'uso futuro del fondo marino, sperano, saranno inestimabili.
Altri paesi continuano a presentare le loro richieste.
Potranno farlo entro dieci anni dalla ratifica della Convenzione di Montego Bay.
Lì dove finisce il basamento continentale inizia l'area del fondo oceanico dichiarata "patrimonio comune dell'umanità" dalla Convenzione.
Non c'è più un paese esclusivo.
Il diritto di estrazione in questo settore è conferito dall'istituzione internazionale istituita dalla convenzione.
"Il fondo del mare, però, non è Klondike", dice esagerando il direttore Mikulka, "alcune delle sue aree sono chiaramente delimitate legalmente e il loro regime è fissato in un contratto".
Cacci nel Pacifico
Parte del fondo marino appartiene anche alla Repubblica Ceca.
È condiviso con gli altri paesi del vecchio blocco orientale nell'ambito della comune organizzazione "Interoceanmetal".
In base alla convenzione, nel 1991 questa organizzazione, come gli investitori di alcuni altri paesi, ha ottenuto il cosiddetto status di "investitore pioniere".
È autorizzato a produrre nella zona di ClarionClipperton nell'Oceano Pacifico, tra Messico, Hawaii e Kiribati.
L'area esaminata dall'investitore è leggermente più grande della ex Cecoslovacchia.
Il fondo del mare è un'immagine sotterranea di una specie di Tatra.
"Questo è un totale di 75.000 km2 di terreno da estrarre.
Il territorio è ricco di minerali polimetallici che contengono nichel, rame, cobalt e manganese", dice un altro avvocato hindù, Pakshi Rajan.
Rober Sandev, collaboratore della divisione in Macedonia, ci fornisce un altro esempio concreto.
Una patata, o con un po' di fantasia, un pergameno con le parole magiche che fanno vivere il Golem.
Le forze speciali tedesche sono state presenti durante il rilascio dei prigionieri.
Il governo egiziano ha chiesto l'aiuto della Germania per risolvere la crisi degli ostaggi - e gli esperti sono venuti.
Quando la situazione si è rivelata seria, le unità speciali erano pronte, ma non sono state messe in opera.
I dettagli del salvataggio di 11 turisti europei rapiti in Egitto stanno diventando sempre più diffusi.
Secondo i dati del Ministero della Difesa e del Ministero dell'Interno, le forze speciali tedesche hanno partecipato indirettamente all'operazione di soccorso.
Secondo quanto riportato, oltre agli esperti dell'esercito federale tedesco, sul luogo del salvataggio erano presenti anche gli addetti del GSG 9, della lista degli aerei della polizia federale tedesca, dell'ufficio penale federale e degli esperti logistici del servizio tecnico tedesco.
Secondo quanto riferito dal portavoce del ministero, il lunedì sera le forze tedesche non erano necessarie, poiché i prigionieri avevano lasciato scappare i loro prigionieri e poi fuggito quando avevano riconosciuto i segni di un violento rilascio.
Il governo egiziano ha accettato l'aiuto offerto dalla Germania per coinvolgerlo come forza di supporto sul campo.
"Fortunatamente, questo non è successo", ha dichiarato un portavoce del Ministero dell'Interno federale.
Gli attaccanti hanno rapito il 19 settembre un gruppo di turisti composto da cinque tedeschi, cinque italiani, una romena e otto accompagnatori egiziani nel sud dell'Egitto.
Dopo un rapimento nel deserto del sud dell'Egitto, gli ostaggi sono stati spostati lungo i confini tra Egitto, Libia, Sudan e Ciad.
L'identità dei prigionieri rimane ancora poco chiara, così come i dettagli del rilascio dei prigionieri o dei possibili pagamenti di riscatto.
I sopravvissuti arrivarono al Cairo sani e salvi.
Steinmeier ha detto che gli ostaggi liberati sono sotto la protezione dell'ambasciata tedesca.
Non ha detto nulla sui dettagli della sua liberazione.
A Berlino non ci hanno dato informazioni sul loro ritorno in Germania.
Secondo il quotidiano Bild, i cinque turisti e le forze speciali arriveranno in Germania martedì con un Airbus dell'Aeronautica Militare tedesca.
La Camera dei Rappresentanti degli Stati Uniti rifiuta il pacchetto di salvataggio.
La Camera bassa del Congresso degli Stati Uniti ha respinto a piccole percentuali il piano di salvataggio di 700 miliardi di dollari per i mercati finanziari.
Il Dow Jones è crollato.
La Camera dei Rappresentanti degli Stati Uniti ha respinto con 227 voti no, 206 sì, il pacchetto di salvataggio del governo per i mercati finanziari.
Nonostante le richieste del presidente George W. Bush e dei leader di entrambi i partiti, il programma per ridurre il caos dei mercati finanziari non ha ottenuto la maggioranza.
I sostenitori hanno cercato disperatamente di convincere i critici della necessità di un pacchetto da 700 miliardi di dollari con una battaglia drammatica.
Barney Frank, un capo dei negoziatori democratici, ha chiesto al Congresso di appoggiare il piano, anche se non è molto popolare.
"È difficile ottenere il sostegno politico per evitare qualcosa che non è ancora successo", ha ammesso.
La Dow Jones è scesa di oltre il 6 percento, 600 punti, durante il voto.
Gli investitori erano preoccupati che il pacchetto di salvataggio statale potesse fallire.
L'indice è salito poco prima della votazione, per poi scendere di nuovo dopo che il fallimento è stato reso pubblico.
Gli esperti prevedono ulteriori gravi turbolenze nei mercati finanziari internazionali.
Per entrare in vigore il programma deve essere approvato sia dalla Camera dei Rappresentanti che dal Senato.
I registi stanno registrando sempre più prenotazioni.
Un buon inverno per gli organizzatori turistici tedeschi.
Secondo uno studio, il traffico di viaggi per i prossimi mesi è aumentato notevolmente rispetto all'anno precedente, con oltre il 30 per cento per la stagione invernale.
Nonostante le scarse prospettive di crescita economica, la volontà dei tedeschi di viaggiare non è diminuita, secondo lo studio.
Le prenotazioni per la stagione invernale sono aumentate del 31% rispetto al periodo dell'anno precedente, ha riferito lunedì a Berlino la German Travel Association (DRV).
Secondo un'indagine dell'Istituto di ricerca di mercato GfK, anche il numero di prenotazioni nei mesi autunnali è più alto.
Il traffico degli uffici di viaggio nell'ottobre è stato dell'11% superiore a quello dell'ottobre 2007, secondo la DRV.
Tali risultati sono basati sui dati di GfK, che valuta i dati mensili di prenotazione di 1200 agenzie di viaggi tedesche e li estrapola all'intero mercato.
L'istituto ha preso in considerazione i viaggi effettuati fino alla fine di agosto 2008.
Il dollaro è stato debole, e le richieste sono state particolarmente per i viaggi verso gli Stati Uniti, ha riferito il DRV.
Qui il numero di prenotazioni è aumentato di un terzo.
Inoltre, i paesi preferiti dai tedeschi sono la Spagna, la Turchia e la Grecia, nonché i paesaggi nazionali.
"La maggior parte delle persone ha cercato di viaggiare organizzati", ha detto Klaus Laepple, presidente della DRV.
A causa dell'aumento dei costi energetici e alimentari, i costi dei viaggi organizzati sono "più prevedibili per i passeggeri che per i viaggi organizzati individualmente".
I passeggeri possono risparmiare denaro grazie a sconti su prenotazioni o offerte all inclusive, ha aggiunto Laepple.
Anche il tasso di prenotazioni nei mesi estivi è stato molto buono, e si può attendere un nuovo incremento del traffico rispetto all'anno precedente - anche se un altro studio rileva che il numero di viaggi effettuati da turisti tedeschi è inferiore rispetto all'anno precedente.
Il mio primo Oktoberfest
Ballerina senza sosta, con brani di birra e celebrità in stile.
Debata a Wiesnen.
Suzanne Kronzucker e io non abbiamo molto in comune.
E' bionda, è una presentatrice di TV e indossa un giubbotto a misura.
Io ho i capelli scuri, sono una studentessa e ho comprato il mio vestito al negozio di spogliarelli.
Ma c'è una cosa che ci unisce: siamo a Wiesne da meno di tre minuti, e i fotografi ci stanno già attaccando e riempiendo le loro schede di memoria - molto lusinghiero, e tutto questo durante la mia prima visita a Wiesne.
E' così che possiamo fare amicizia.
Sembra che il dirndli a buon mercato sia al suo posto.
Come turista di Wiesn, a nord dell'equatore formato da salsicce bianche, il mio senso di comfort è ancora limitato dal comportamento popolare.
Ma quando arriviamo a Theresienwies, non è così grave.
Quasi tutti indossano le scarpe o i pantaloni in pelle; nessuno sembra scontroso o imbarazzato - tutto è perfettamente a posto.
Lo sguardo strano al banco delle banane e' solo per il mio mantello di dirndli.
Una donna di Monaco mi dice che ho fatto un errore nel legare la mia benda: "Sei libera a sinistra, vergine in mezzo, e a destra, seduta, e in fondo, vedova".
Ho fatto la curvatura di nascosto.
"E' tutto a posto", dice e ride.
Altri mettono in risalto le tecniche di flirt delicato e indossano una semplice maglietta con scritto "Sono troppo ubriaco per vestirmi" e mostrano il loro sedere nudo senza essere richiesti.
Il giovane uomo con le sue caratteristiche eshibizioniste si chiama Bob, ed è anche il suo primo viaggio all'Oktoberfest.
Che trova molto fantastico, con un lungo "aaaaa".
Mi racconta tutto questo dopo aver sbarazzato del contenuto della sua bibita.
Proprio accanto a uno dei fuochi che tutti considerano un discarico.
Bob è uno dei famigerati "non-pijani".
Altri non sono così fortunati da liberarsi dell'alcol in questo modo.
Verso le otto di sera, gli ambulanti si schierano per il luogo e si occupano dei poveri parassiti.
I caregiver si presentano sempre in squadra, portando quattro persone al tempo, da una tenda all'altra, un letto coperto.
La cosa è la stessa che succede a molti visitatori di Wiesn: arrivo vuoto, uscita piena.
Non si vede chi è nella cassa d'alcol sotto il pignone.
"Questi sono quelli che sono completamente pronti", mi ha gridato uno dei sanitari, dopo la mia domanda, e poi nella sala di riprese.
La polizia ha identificato la vittima dell'incidente
La polizia ha identificato una donna di 63 anni, che è stata investita da un veicolo nell'Essex County e è morta in ospedale.
Carole Paulson, residente di Chelmsford Road, Brentwood, è stata uccisa venerdì pomeriggio a Shenfield Road, in città.
E' stato portato al Queen's Hospital di Romford, ma poi è morto.
Dopo l'incidente, un uomo di 51 anni è stato arrestato per guida imprudente.
Da allora è stato rilasciato su cauzione.
L'espansione dell'orizzonte diplomatico della Turchia
Molto prima che la Turchia avesse intenzione di aderire all'Unione Europea, le potenze europee erano ardenti nel desiderio di penetrare profondamente nella regione turca.
Sulla sponda orientale del Bosforo, forse a soli 20 passi dal confine europeo, si trova uno dei più grandi relitti di un'imperialismo fallito.
La stazione ferroviaria di Hydarpasha è stata progettata da due architetti tedeschi, Otto Ritter e Helmut Conu, in stile neo-Rinascimentale.
Almeno è quello che dicono i libri di viaggio.
L'edificio circonda le estremità dei palchi, con una torre ad ogni angolo anteriore, e sembra un municipio della campagna tedesca.
La pietra è sporca.
L'intero edificio sta diventando un po' buio.
Tuttavia, osservando l'interno del bigliettoio, è evidente che questo era il più occidentale dei porti per un'impresa di grande dimensione.
La stazione fu inaugurata nell'agosto 1908 dal consorzio tedesco Anatolia-Baghdad Corporation.
La Germania, il "futuro tardivo" delle conquiste, voleva realizzare le sue ambizioni di occupare il Medio Oriente con questa ferrovia che andava da Damasco a Baghdad fino all'attuale Arabia Saudita.
I tentativi tedeschi di conquista crollarono durante la prima guerra mondiale.
Le sue linee ferroviarie sono state attaccate da Lawrence Arabo e dai suoi guerriglieri arabi.
Il relativo isolamento dalle regioni circostanti, causato dai confini congelati della Guerra Fredda, è scomparso.
L'esercito coloniale britannico si ritirò dall'Egitto e cacciò i turchi e i loro alleati tedeschi dalla Palestina e dalla Siria.
La stazione di Hyderabad non è stata migliore.
Nel 1917 un treno di munizioni esplose e distrusse il tetto ben fatto dell'edificio.
Secondo le fonti turche, c'è stato un atto di sabotaggio.
Da allora, è andato in rovina e ha superato la storia.
Oggi, tuttavia, come porta ferroviaria verso l'Anatolia e l'intera regione orientale, la Turchia serve, almeno in senso simbolico, come orizzonte diplomatico in espansione.
Il Partito per la giustizia e lo sviluppo, il Partito per la giustizia e lo sviluppo, ha elaborato una politica estera completamente nuova per il paese.
Il relativo isolamento dalle regioni circostanti, causato dai confini congelati della Guerra Fredda, è scomparso.
La nuova politica è caratterizzata da impegno.
È notevole che il governo turco mantenga buone relazioni con Israele e la Siria, con i gruppi palestinesi di Hamas e Fatah, con l'Iraq, con l'Iran e, naturalmente, con l'Unione europea e gli Stati Uniti.
Volevo misurare i parametri della nuova politica estera, quindi sono salito su un treno notturno per Ankara, la capitale della Turchia, per visitare uno dei maggiori esperti di politica estera dell'AKP, il deputato turco Suat Kiniklioglut.
Il mattino seguente, dopo una notte di circa 10 ore e mezza, che ha dato il ritmo al famoso documentario del vecchio mondo "The Night Mail", sono arrivato nella capitale turca, la nuova città che è stata concepita come un simbolo del nuovo stato secolare che ha voltato le spalle al passato ottomano.
Tuttavia, l'AKP, che ha radici comunemente islamiche, rappresenta un cambiamento di paradigma nel consenso turco.
Questo ha suscitato qualche sospetto in Occidente, in particolare a Washington.
Mi sono imbarcata in un taxi per andare al quartier generale dell'AKP, un edificio ultramoderno in pietra e acciaio, progettato specificamente per questo scopo, situato in un quartiere suburbano in via di sviluppo, tra centri commerciali e caffè quasi finiti, dove i dirigenti medi, uomini e donne, in divisa, si incontrano per fare affari nelle prime ore del mattino.
Suat Kiniklioglu sarebbe stato un politico di centro-destra in qualsiasi altro paese europeo.
Indossava un cappotto, una cravatta e sono sicuro che aveva anche un Blackberry.
"L'obiettivo della politica estera del partito è aiutare la riintegrazione della Turchia nel suo ambiente diretto.
La guerra fredda ha sconvolto l'ordine", ha detto.
La Turchia si è isolata dal suo territorio.
Oggi ha dovuto girare verso est e verso ovest contemporaneamente.
Non poteva scegliere tra le due.
Doveva aprire in entrambe le direzioni.
"Ma è possibile che prima o poi sia costretto a scegliere?"
"La Turchia non ha mai voluto essere messa in una situazione di ritorno".
Ha poi sottolineato ciò che quasi tutti coloro con cui ho parlato qui hanno ripetuto quasi in modo meccanico: che le relazioni della Turchia non solo con il Medio Oriente, ma anche con i paesi del Caucaso e del Mar Nero sono utili all'Europa e agli Stati Uniti, come lo sono per la Turchia stessa.
È come se volessero trasmettere il messaggio che, in un senso, con la Turchia, tutta l'Europa può raggiungere l'Asia e il Medio Oriente attraverso quelle linee ferroviarie che vanno verso est.
Quando sono tornato alla stazione di Hydarpasha, dopo un'altra notte di gran parte sveglia, ho pensato a Herr Ritter e Herr Conur, quei due signori tedeschi che cent'anni fa hanno assistito alla costruzione di questo bellissimo edificio.
Che sarebbero rimasti sorpresi di sapere che le ambizioni dell'Europa del Medio Oriente sono ora in gran parte nelle mani della Turchia.
E mentre aspettavo il traghetto che mi avrebbe riportato sul Bosforo, mi sono ricordato che all'epoca la Turchia era chiamata "l'uomo malato d'Europa".
Almeno a quei tempi non c'era dubbio su quale continente avrebbe rivendicato questo paese emozionante.
Le memorabili vite di Vernon Handley e William Woodruff
Mark Brown scrive: "Dal 1962 come direttore musicale della Guildford, Vernon "Tod" Handley (obituario, 11 settembre) ha diretto la Guildford Philharmonic Orchestra e il suo coro.
Basandosi sui suoi piani musicali per la città, l'anno successivo fondò il suo meraviglioso coro giovanile, il Proteus.
I coristi avrebbero dovuto essere solo di età inferiore ai 21 anni, ma quando Proteus cantò la finale nel 1979 - molti di noi erano già nei loro ultimi 20 anni - non volevamo semplicemente lasciare il coro.
Il nome "Proteus" (il nome del mitologico metamorfo) era in linea con la determinazione e la capacità del coro di affrontare qualsiasi composizione fosse posta davanti a lui, sia esso un madrigal o un Messiaen; senza accompagnamento o con un'accompagnamento orchestrale.
La versatilità musicale di un coro così giovane è stata spesso sorprendente e sempre emozionante, e lo siamo grazie a un uomo che ha ispirato la nostra passione per la musica e che è rimasta invariata nel corso degli anni.
Quante volte Tod ci ha detto di "lasciare che la musica parli da sola".
Diceva sempre: "Il compositore sa cosa vuole.
E' tutto nel piano.
Quindi cantatela".
La tecnica di Karmeister è sempre stata perfettamente comprensibile e precisa, ma mai dittatoriale o eccessiva.
Qualunque fosse il livello musicale, lei lo ha sempre elevato.
John Frayn Turner ha scritto di lui:
Se c'era mai stato un comandante che avrebbe dovuto essere nominato cavaliere, era Vernon Handley.
L'ho conosciuto bene nei due decenni che ha condotto la Guildford Philharmonic dal 1962 al 1982.
Negli ultimi 40 anni ho scritto più di 100 recensioni dei suoi concerti, ma non ne ho mai deluso nessuno, e spesso mi ha fatto emozionare.
Tod Handley aveva una grandezza e una modestia insieme, cosa molto rara.
Odiava i capi che, secondo le sue parole, "semplicemente galoppaiano in tutto il mondo con uno o due famosi guerrieri".
Mancherà a molti di noi.
William Woodruff
Il professor John Beckett scrive:
Secondo il suo necrologo William Woodruff (25 settembre), "nel 1946 ha continuato gli studi di storia economica ad Oxford, e nel 1950 è stato assegnato alla Houblon-Norman Research Institute... mentre si preparava continuamente per ottenere il diploma di primo grado, il master's's's's's's's's's's's's's's's's's's's's's's's's's's's's's's's's's's's's's's's's's's's's's's's's's's's's's's's's's's".
Questo è un'opera di Woodruff intitolata "Beyond Nab End", ma è sbagliata.
Tra il 1946 e il 1953 ha insegnato storia economica all'Università di Nottingham, e nel frattempo ha completato la sua tesi di dottorato sulla rubrica britannica sotto la guida del professor J. D. Chambers, che è stata poi pubblicata nel 1958 con il titolo "The British Rubber Industry".
Nel 1950-51 si trovava negli Stati Uniti con una borsa Houblon-Norman, e nel 1952 in estate presso l'Illinois, la New York University e Harvard.
Nel 1953 lasciò definitivamente Nottingham e si trasferì in Illinois.
Non si sa perché Woodruff abbia abbellito questo periodo della sua carriera.
J. Vicente Resino in "Il braccio dei saggi"
"La mostra di J. Vicente Resino "Flamenco e vita" è una delle mie preferite perché le sue fotografie in bianco e nero, in stile documentario, sono impressionanti.
La loro semplicità e forza, e il rispetto per le persone nelle foto, mi hanno attirato.
Questa mostra è piena di emozioni.
Resino è un genio per immortalare momenti magici".
Secondo record di vendite per Honda
A novembre Honda inizierà a distribuire la seconda generazione del Jazz.
È vero che il suo predecessore aveva già un'ampia capacità di trasporto, ma la struttura dell'interno del nuovo modello è ancora più ampia.
Tutto questo, insieme a una meccanica sofisticata, rende la guida più comoda e aumenta il risparmio di carburante.
Evolversi contro rivoluzioni.
Ecco come appare la seconda generazione della Honda Jazz.
Anche se il nuovo Jazz è molto simile al suo predecessore, sono stati apportati numerosi cambiamenti interni.
Tra questi, ad esempio, il design innovativo, la nuova carrozzeria, le dimensioni maggiori e le nuove meccaniche.
Ma prima di passare alla descrizione dettagliata del nuovo modello, dobbiamo dirvi che il nuovo Jazz è stato lanciato sei anni dopo la prima generazione.
Quindi, prima di tutto, possiamo dire che Honda è riuscita a rinnovare questo modello in un tempo inferiore rispetto ad altri produttori.
Anche se in Europa il Jazz è meno conosciuto, in altri mercati ha registrato vendite record.
Per esempio, il Giappone, dove nel 2002 e nel 2008 il Jazz è stato il marchio di auto più richiesto.
In Giappone, per esempio, quasi un milione di pezzi di Jazz sono stati venduti dalla sua uscita.
Il secondo mercato era il Continente Veccho, con quasi mezzo milione di copie vendute in sei anni.
Ma Honda vuole continuare a aumentare il traffico nella regione con la nuova Jazz.
In questo senso, mentre nel 2007 la società giapponese ha venduto complessivamente 83.000 Jazz, per il 2009 si prevede che verranno vendute 100.000 auto, con un incremento del 17% sul mercato europeo.
Nel mercato spagnolo, Honda ha venduto 8000 Jazz dal 2002, rappresentando il 6,7% del suo totale di vendita in Spagna.
Per la nuova generazione, i dirigenti della filiale spagnola prevedono 2000 unità vendute in un anno.
Infatti, l'arrivo del nuovo Jazz alleverà notevolmente il calo del traffico Honda in Spagna.
I rappresentanti della società prevedono infatti 22.000 copie vendute entro la fine dell'anno, che è di 4000 meno rispetto al 2007, ovvero una diminuzione del 16%.
Nonostante le condizioni di vendita, Honda ha aumentato la sua quota di mercato in Spagna, passando dal 1,6% dell'anno precedente all'1,8%.
Nel 2010 vorrei aumentare questo tasso allo stesso modo, al 2%.
Honda spera di riuscire a farlo con l'introduzione di un nuovo modello.
Questa sarebbe stata Insight, un'ibbrida a cinque porte e di dimensioni compatte, lunga 4,370 mm, di cui la società giapponese avrebbe venduto 200.000 unità all'anno in tutto il mondo.
Secondo il produttore giapponese, il 50% della quota di mercato di Insight sarebbe stato rappresentato dagli Stati Uniti, mentre il resto sarebbe stato diviso tra il Continente Veccho e il Giappone.
La commercializzazione di Insight è prevista nei primi mesi dell'anno, dopo la presentazione ufficiale prevista per gennaio a Valencia.
Rispetto alla prima generazione, il nuovo Jazz è più spazioso in ogni aspetto.
La sua lunghezza è di 3900 mm (più di 5 cm), la sua larghezza è di 1690 mm (più di 2 cm) e il suo allungamento è aumentato di 5 cm, cioè di 2500 mm.
La sua altezza, invece, è costante di 1520 mm.
Oltre alle dimensioni, l'abitacolo è diventato più spazioso.
Il nuovo corpo e il serbatoio centrale garantiscono un maggiore spazio interno, una soluzione già nota nel precedente Jazz.
Inoltre, la capacità totale del bagagliaio, denominato "double-deck", è aumentata fino a 399 litri, ovvero 19 litri in più rispetto alla prima generazione.
Tuttavia, è opportuno che tali dimensioni si riferiscano al tipo dotato di motore 1,4, poiché la vettura Honda Jazz 1,2 ha un bagagliaio di 379 litri.
Si possono anche individuare alcune modifiche esterne, come i lampioni posteriori o il tetto panoramico opzionale e l'accessibilità dei sedili posteriori.
Inoltre, l'angolo di apertura delle porte per i sedili posteriori è aumentato di 80 gradi, rispetto all'angolo di apertura di 67 gradi del primo Jazz.
Anche i motori del Jazz di seconda generazione sono nuovi.
All'inizio della sua commercializzazione, questo piccolo modello può essere dotato di due motori da 1,2 e 1,4 litri.
Grazie alla tecnologia i-VTEC, il motore consuma ben più di quanto il precedente modello, ha meno emissioni di CO2 e un'ottima armonizzazione meccanica, pur offrendo prestazioni eccellenti in tutti i punti di vista.
Il motore da 1,2 litri ha una potenza di 90 cavalli a 6000 giri e un pino massimo di 114 Nm a 4900 giri.
Questo motore, che nella precedente Jazz aveva 78 cavalli, consuma 5,3 litri e emette 125 grammi di CO2.
L'altro motore, che nella precedente generazione aveva 83 cavalli, ora ha raggiunto i 100 cavalli.
Una Jazz da 100 cavalli da 1,4 consuma una media di 5,4 litri e emette 128 grammi di CO2.
La "carroccia" anti-collizione
Per sviluppare tecnologie anti-incidenti, Nissan si è ispirata alla natura, proprio nel mondo delle api, per la sua nuova invenzione.
Una società giapponese ha progettato un robot che imita il rombo delle api per evitare incidenti.
Potrebbe essere un dispositivo chiamato Bio-mimetic Car Robot Drive o BR23C, il primo passo per sviluppare tecnologie anti-collizione.
Gli ingegneri del Centro Tecnico Avanzato di Nissan Motor Co., in collaborazione con il prestigioso Centro di Ricerca Scientifica e Tecnologica Avanzata dell'Università di Tokyo, in Giappone, hanno costruito questo piccolo robot.
Kazuhhiro Doi, Brand Director per la R&D e le Pubbliche Relazioni Tecnologiche, ha definito il BR23C come un ulteriore ampliamento della cassa di sicurezza a quattro livelli di Nissan.
Il robot migliora la capacità di evitare incidenti dei prodotti della società.
In volo, ogni apio crea il suo spazio personale ovale, molto simile alla cassa di sicurezza Nissan.
Ma è molto più importante il ruolo dell'occhio composto della apica, che permette di vedere in tutte le direzioni a più di 300 gradi, permettendo alla apica di volare senza disturbi nel suo spazio personale.
Per imitare la funzione dell'occhio complesso, gli ingegneri hanno progettato un telescopio chiamato Laser Range Finder.
L'apparecchio, situato a 180° di visibilità davanti al BR23C, individua gli ostacoli a una distanza di 2 metri, calcola la loro distanza e invia un segnale al microprocessore a bordo che viene immediatamente trasformato in un'operazione di prevenzione dell'impatto.
"Quando viene rilevato un ostacolo, il robot imita i movimenti dell'ape e cambia immediatamente direzione, spostando le ruote ad un angolo maggiore o minore per evitare un incidente.
Il sistema si differenzia soprattutto dagli strumenti attualmente disponibili in quanto in questo caso la manovra di evasione avviene completamente automaticamente.
Senza di ciò, il robot non potrebbe reagire abbastanza velocemente per aggirare gli ostacoli", spiega Toshiyuki Andoh, direttore del Mobility Laboratory e ingegnere principale del progetto.
A differenza delle api, la manovra di aggiramento non deve essere né verso l'alto né verso il basso, né di dimensione, ma solo in due dimensioni e esclusivamente nella direzione della invertibilità delle ruote, cioè non in direzione e modo infiniti come avviene nelle api.
Ecco perché Nissan ha introdotto nella robot, oltre all'accelerazione e alla rallentamento, una funzione di rotazione per evitare collisioni.
"Questo strumento deve elaborare e reagire ai dati ogni pochi secondi.
Senza bisogno di memorizzare dati o di logica intuitiva basata su manovre precedenti, può funzionare senza interruzioni con solo poche decine di KB di memoria.
Potrebbe sembrare sorprendente, ma non è vero che non parliamo di gigabyte, e non parliamo nemmeno di megabyte di memoria.
Questo è il primo passo per sviluppare una tecnologia di prevenzione immediata dei collisioni che Nissan stima possa essere introdotta nelle auto di serie entro dieci anni.
Il robot funziona con batterie in polimero di litio, che sono più leggere e durevoli della versione in litio-ione.
In futuro, potrebbe essere possibile integrare l'unità con il sistema di navigazione satellitare GPS per portare la macchina verso il suo obiettivo senza ostacoli.
Paura del mutuo
Dobbiamo ammettere che l'Ufficio del Tesoro degli Stati Uniti non solo ha un sacco di denaro da investire, ma ha anche un senso comune.
Con la crisi in corso e per evitare che gli americani si attrappino alle rotte dei mutui con crediti discutibili, hanno creato un gioco informativo e divertente online chiamato "Bad Credit Hotel".
Questo è l'Hotel dei Cattivi Crediti, ovvero i Cuccioli.
La descrizione dell'alloggio e soprattutto della tristezza del ricevimento suggerisce di riflettere ancora una volta, due volte, anzi, tre volte, se è davvero ora di prendere un prestito.
E soprattutto dove chiedere un credito, perché probabilmente è il punto.
Le informazioni che si trovano sul sito sono davvero utili, ma non sono dettagliate.
È più per i ragazzi che per il pubblico.
Ma cosa succederebbe se aggiungessimo il gioco?
Per esempio, l'hotel potrebbe avere la stanza dei nostri sogni.
In effetti, è qualcosa, visto che non abbiamo il coraggio di pensare di comprare un appartamento...
Morgan Stanley apre la sua capitale per MUFG
Morgan Stanley ha annunciato di concedere una partecipazione alla Mitsubishi UFJ Financial Group (MUFG), la più grande banca giapponese, pagando 9 miliardi di dollari per il 21% del capitale della società, dopo che il prezzo delle azioni di Morgan Stanley è sceso notevolmente sul mercato.
Una settimana dopo la pubblicazione dell'accordo preliminare, le due banche hanno comunicato che MUFG acquisterà il 9,9% delle azioni di Morgan Stanley al prezzo di 25,25 dollari l'unico, per un totale di 3 miliardi di dollari.
Il prezzo accettato sarà inferiore del 19% al valore contabile dei titoli al 31 agosto.
L'Agenzia ha inoltre investito altri 6 miliardi di dollari nell'acquisto di titoli convertibili che offrono un rendimento del 10% e un tasso di conversione di 31,25 dollari.
Secondo la nota di Morgan Stanley, la transazione globale sarà effettuata a un tasso medio di 29 dollari, che è del 28% superiore al tasso attuale.
Tuttavia, il prezzo delle azioni di Morgan Stanley è sceso del 6,79% alle 17:00 GMT di Greenwich, chiudendo a 23,07 dollari.
"Questa alleanza strategica offre una grande opportunità a Morgan Stanley per accelerare la sua trasformazione in un'azienda di holding bancario", spiega John Mack, amministratore delegato del gruppo di società statunitensi.
Morgan Stanley ha approvato il nuovo status la scorsa settimana, che permette di diversificare le sue attività, ma che è sotto il controllo della Federal Reserve.
L'accordo con MUFG conferma ancora una volta che l'attuale crisi finanziaria richiede ancora più cautela da parte dei giganti delle società quotate a Wall Street.
Le condizioni annunciate lunedì indicano, comunque, che l'accordo è stato modificato negli ultimi giorni: il lunedì scorso Morgan ha solo annunciato che avrebbe venduto il 20% delle sue azioni alla società giapponese per circa 8,5 miliardi di dollari.
"Fino a una settimana fa pensavamo che la partecipazione sarebbe stata interamente costituita da azioni", ha spiegato Toshihide Mizuno, amministratore delegato della MUFG a Tokyo.
"In considerazione della situazione attuale del mercato e dell'economia, abbiamo voluto minimizzare e evitare i rischi".
In base al prezzo medio ponderato, MUFG paga per le azioni di Morgan Stanley un aumento del 7% rispetto al valore contabile.
La transazione comporta una riduzione del rendimento per azione di circa il 20%.
L'accordo prevede che, dopo un anno, la MUFG può convertire in azioni comuni la metà delle sue azioni preferenziali, qualora il loro tasso di negoziazione superi di oltre il 50% il tasso di conversione, ossia circa 47 dollari, per un determinato periodo.
La Banca ha inoltre dichiarato che la decisione di acquisto di una società di capitale non è stata adottata in base al principio di concorrenza.
Tuttavia, un portavoce del gruppo non ha voluto fornire informazioni precise sui piani strategici dei due nuovi alleati.
Dopo l'acquisizione di MUFG, Morgan Stanley dovrebbe aumentare il suo tasso di solvibilità di livello I di circa il 15%, diventando uno dei migliori del suo settore.
Morgan ha dichiarato che il suo bilancio è "definitivamente" migliorato dalla fine di agosto.
Le ultime settimane sono state molto difficili per il gruppo, con il prezzo delle sue azioni che è caduto di metà mentre il costo dell'assicurazione contro il rischio di non pagamento è salito alle stelle.
Tale costo è diminuito il lunedì, ma è rimasto elevato, intorno al 12%.
La sola grande banca d'investimento che è sopravvissuta dopo il fallimento di Bear Stearns e Lehman Brothers e l'acquisizione di Merrill Lynch è Goldman Sachs, che ha annunciato la scorsa settimana di aver raggiunto i 15 miliardi di dollari, parte di questi sono stati forniti da Berkshire Hathaway, il gruppo di Warren Buffett.
Dichiarazione di Rafael Correa di lunedì, Quito
La ricostruzione della Repubblica nello spirito del socialismo del XXI secolo.
È il piano comune di Hugo Chávez del Venezuela, Evo Morales del Bolivia e Rafael Corre dell'Ecuador.
Seguendo l'esempio dei suoi colleghi e amici, Correa ha espresso la sua idea di una nuova Costituzione.
Ha compiuto il suo compito con successo, con il 64% dei voti positivi nel referendum secondo i risultati ufficiali, che hanno riguardato l'80% dei voti.
Il 28% della popolazione ha votato per sesso, il 7% dei voti sono stati invalidi, mentre lo 0,7% è stato consegnato incompletamente dagli elettori.
Per approvare il progetto di costituzione era necessario il 50% + 1 dei voti.
Domenica, due sondaggi effettuati all'uscita dei seggi elettorali e un conteggio effettuato da un'organizzazione non governativa hanno dimostrato un enorme superamento dei voti "sì" con il 63% e il 70% rispettivamente.
Rafael Correa, per inciso, ha già parlato della vittoria del suo progetto di costituzione nella notte che scorre dal domenica al lunedì.
"La Costituzione ha ottenuto una sconvolgente vittoria", ha dichiarato, ringraziando gli ecuadoriani nella sua sede governativa di Guayaquil, 280 chilometri a sud-ovest di Quito.
Come è noto, Rafael Correa è stato congratulato da Chavez, Morales e dalla presidente cilena Michelle Bachelet.
Secondo un rapporto della missione di osservazione dell'Organizzazione degli Stati Uniti, il voto è stato condotto in un clima di calma, con un testo di 444 punti che riassume i principi del "nuovo socialismo" sostenuti dal presidente.
La proposta costituzionale mette il potere statale al servizio dell'economia, mantenendo il diritto dello Stato di "progettare lo sviluppo" di un paese che vive essenzialmente dall'estrazione di petrolio da parte di società straniere e dalla valuta inviata dagli emigranti.
Il progetto costituzionale di Correa, eletto nel 2006, conferma anche il potere del presidente, che può ottenere un mandato per un massimo di due mandati consecutivi e ha il diritto di dissolvere l'Assemblea.
Correa ha già annunciato di voler approfittare di questa opportunità e di volersi candidare di nuovo alla presidenza nel febbraio 2009.
La Costituzione include anche servizi sanitari e istruzione gratuiti, che il presidente ha già iniziato a implementare in un paese di 13,9 milioni di persone, la metà delle quali vive sotto il minimo di vita.
Infine, la Costituzione vieta la presenza di truppe straniere nel Paese, e questo potrebbe mettere fine all'accordo di Quito con Washington sull'uso di una struttura in Ecuador che serve da base per le misure antidroga statunitensi.
19 ostaggi liberati in Ciad
Un commando egiziano ha colpito i rapitori che avevano tenuto in ostaggio 11 turisti e gli otto accompagnatori per dieci giorni.
Gli ostaggi sono a Cairo.
Gli 11 turisti europei e gli otto accompagnatori egiziani sono stati tenuti in prigione nel deserto per dieci giorni, da dove sono stati trasportati senza ferite nella capitale egiziana lunedì pomeriggio.
Gli ostaggi sono stati liberati da un comando egiziano in Chad nel corso della mattinata.
Apparentemente in buone condizioni, sono arrivati in aereo alle 4:30 del pomeriggio alla base militare di al-Maza, che ha un collegamento diretto con l'aeroporto internazionale del Cairo.
I prigionieri sono stati vietati di parlare con la stampa e sono stati immediatamente trasferiti in un ospedale a Maadi, un quartiere residenziale nei sobborghi di Cairo, dove sono stati esaminati.
Gli ostaggi sono "in buona salute" e i rapitori "non hanno ricevuto alcun riscatto", ha dichiarato all'aeroporto il ministro egiziano del turismo, Zoheir Garanna.
I prigionieri sono stati catturati il 19 settembre ai piedi del monte Ouanat, ai confini tra Egitto, Sudan e Libia, dove partecipavano a un safari in terra, e sono stati poi trasportati da un rifugio all'altro da 35 ostaggi sconosciuti.
Il gruppo comprendeva 11 turisti (cinque italiani, cinque tedeschi e una romena) e altri otto egiziani: due guide, quattro autisti, un guardia delle frontiere e il direttore dell'agenzia di viaggio egiziana che organizza il safari.
Secondo un capo della sicurezza egiziana, un commando speciale di 30 uomini è arrivato in due elicotteri al luogo dove hanno attaccato i prigionieri appena prima dell'alba.
"Ci sono stati scontri di fuoco tra le truppe, metà dei rapitori è stato ucciso, gli altri sono fuggiti", ha affermato un capo che ha chiesto di non essere nominato.
Ha anche detto che un totale di 150 unità speciali sono state inviate in Sudan dalla Brigata del Fuoco egiziana, con l'aggiunta di comandanti tedeschi e italiani.
Il capo della diplomazia italiana, Franco Frattini, che è a Belgrado, ha sottolineato il ruolo degli agenti segreti e delle squadre speciali italiane.
"Dobbiamo riconoscere che questo risultato non sarebbe stato possibile senza l'intervento professionale ed efficace dei nostri agenti segreti e delle nostre squadre di azione", ha dichiarato, senza fornire ulteriori dettagli.
Ha anche negato che i prigionieri fossero stati ricompensati.
Il giorno prima, l'esercito sudanese aveva annunciato di aver arrestato durante un pattugliamento un veicolo da terra in cui erano passeggeri i rapitori, uccidendo sei di loro (tra cui il conducente del Chad) e arrestando due.
Secondo l'esercito, i prigionieri erano collegati a un'organizzazione ribelle darguriana, il Movimento per la Liberazione del Sudan (SLA-U), che è stato immediatamente smentito dall'organizzazione interessata.
Lettres - La "majorità silenziosa" della cultura
Il dibattito sul finanziamento della cultura è al centro delle notizie e della campagna elettorale in corso.
- E' un piacere.
Ma continuano a dimenticare un pezzo della nostra vita culturale.
Chi alzerà la voce per far luce sulle ridicole somme di denaro che vengono gestite da piccoli musei, archivi, scavi archeologici e monumenti storici nazionali, che sono sul punto di morire di fame?
Quale politico ha il coraggio di ricordare al governo federale che non si preoccupa dei suoi monumenti e dei suoi edifici patrimoniali?
O che non esistono leggi né in Quebec né in Canada che garantiscano la protezione efficace del nostro patrimonio culturale?
Lo sapevate che il governo francese ha investito tre milioni e mezzo di euro solo per restaurare il castello di Chinon, nella Loira?
E la Costituzione dei nostri vicini americani dice che la tutela del patrimonio culturale è parte della cultura americana, e che questo patrimonio deve essere protetto da ogni cittadino, da ogni rappresentante eletto e da ogni organo governativo in un'ottica di coordinamento.
Nell'ambito della Federazione delle Società di Storia del Québec (Fédération des sociétés d'histoire du Québec), 211 società di storia, patrimonio culturale, archiviazione e genealogia, oltre 40 000 volontari si impegnano nella ricerca della storia e nella conservazione di numerosi archivi privati e reperti archeologici con un budget minimo.
Spesso queste organizzazioni sono forti per proteggere la nostra eredità e protestano con la loro ultima forza quando gli imprenditori e i politici dirigono le loro bulldozer verso le nostre vecchie costruzioni e i nostri cimiteri dimenticati.
Quando mai qualcuno si metterà in piedi per proteggere il patrimonio storico e culturale?
Parte della banca Fortis viene statalizzata dai governi del Benelux
Con una parziale nazionalizzazione, i Benelux aiutano la banca belga-olandese Fortison, che è stata - come prima europea - in difficoltà a causa dell'effetto di rallentamento della crisi del mercato creditizio americano: i tre paesi sostengono con un totale di 11,2 miliardi di euro l'istituto finanziario e assicurativo che ha anche interessi in Ungheria.
Il governo belga, lussemburghese e olandese hanno discusso la questione a livello più alto alla fine della settimana, con il presidente della Banca centrale europea e il responsabile della concorrenza della Commissione europea.
La banca Fortis è la prima grande crisi della zona euro in un periodo di crisi dei mercati finanziari internazionali che dura da più di un anno, e le decisioni prese in merito alla banca possono quindi essere considerate in alcuni aspetti come precedenti.
Secondo la decisione presa domenica sera, quasi la metà (49%) delle proprietà della banca saranno acquistate da tutti e tre gli Stati.
La banca venderà sicuramente parte delle sue partecipazioni, in particolare le attività, in particolare assicurative, acquistate l'anno scorso dalla ABN Amro in Olanda.
Le azioni di Fortis hanno iniziato a cadere in picco la scorsa settimana, e nel secondo semestre l'istituto ha già manifestato gravi crisi.
Ma gli analisti concordano che con 85.000 dipendenti la banca è troppo grande per permettersi di andare in bancarotta.
I titoli della società sono crollati di circa il 12% solo venerdì, al minimo in 14 anni.
Dal gennaio, il valore delle azioni è sceso di oltre due terzi.
Il valore totale del capitale di mercato del gruppo, a prezzi attuali, è di circa 14 miliardi di euro, ma secondo i direttori di società non è realistico.
La direzione ha accusato l'incertitudine dei mercati esteri legata all'adozione del piano di pacchetto americano da 700 miliardi di dollari per la caduta delle azioni di Fortis.
Lunedì le carte sono già leggermente alzate.
Venerdì è stato nominato nuovo amministratore delegato della banca, Filip Dierckx.
L'istituto finanziario ha cercato clienti privati, ma nessuno ha mai fatto un'offerta valida.
Il governo belga ha già indicato che gli investitori non devono preoccuparsi, non devono perdere i loro soldi.
I clienti della banca non hanno mai avuto problemi di panico, non hanno mai avuto dei casi di rapina.
In Ungheria Fortis ha un'attività di conto indipendente e ha acquisito società di leasing.
Forza, per la gallina
In America, le compagnie di assicurazione sulla vita e sulla salute spesso rifiutano di contrarre l'assicurazione con chi richiede il farmaco sulla base dei dati che le persone hanno acquistato.
I professionisti della protezione dei dati temono che il mercato dei dati diventi incontrollabile.
"Esiste un programma di protezione dei dati che vincola l'utilizzo dei dati di prescrizione medica al consenso del soggetto interessato.
"Questo deve essere in mani indipendenti, altrimenti la gallina è in mano alla volpe", dice Richard Dicke, sviluppatore di un programma per monitorare le prescrizioni mediche, secondo il Washington Post.
Le compagnie assicurative fanno sì che il prezzo dell'assicurazione e il suo costo in caso di incidenti dipendano dalla condizione di salute del cliente candidato e, se il rischio è troppo elevato, non lo assicurano.
Un tempo, la persona veniva mandata in ospedale per un esame medico e il contratto veniva stipulato solo in base al risultato dell'esame.
Dieci anni fa Dick ha inventato un metodo molto più economico: le farmacie possono facilmente ottenere, tramite un numero di identificazione, le medicine che il cliente ha acquistato nel corso dell'ultimo anno e mezzo, e da questo programma può dedurre quale malattia ha e quale sia la sua condizione di salute.
Ad esempio, se si assume regolarmente dosi elevate di farmaci per ridurre il colesterolo, si può avere livelli di grasso nel sangue praticamente insormontabili, il che ci mette immediatamente in una categoria di rischio più elevato.
Sono in commercio varie versioni del programma, alcune delle quali definiscono anche un numero di multipli di rischio, lasciando all'assicuratore poco da fare oltre la documentazione, anche se si presentano delle piccole difficoltà.
Tra i suoi inconvenienti, alcuni farmaci possono essere utilizzati per più scopi, ad esempio alcuni composti possono essere utilizzati per la migraine o per le ondate di calore, ma sono efficaci anche per la depressione.
Il secondo è un fattore di aumento del rischio significativo per gli assicuratori commerciali, mentre il primo non lo è.
Sono state create società specializzate per raccogliere e elaborare i dati, che prima di ottenere le informazioni necessarie dalle farmacie, chiedono il consenso del paziente.
Ora sono obbligati a farlo dalle autorità, anche se finora non sono stati puniti per il loro omisso.
Alcune aziende hanno anche iniziato a elaborare i risultati dei test di laboratorio e a collegarli ai dati relativi al consumo di farmaci, per fornire un quadro ancora più accurato della salute dei pazienti.
Sempre più aziende hanno accesso ai dati, e controllare l'utilizzo diventa sempre più difficile.
C'è una legge specifica sulla protezione dei dati sanitari, ma si applica solo ai fornitori di servizi sanitari e alle compagnie di assicurazione.
Il Congresso ha presentato una legge che conferisce alle autorità il potere di controllare anche le aziende che si specializzano nella comunicazione di dati.
Dick Richard ha capito che non era sufficiente e ha quindi sviluppato un programma che vincolava la trasmissione dei dati al consenso espresso del soggetto interessato.
È un'altra cosa che il soggetto interessato non può rifiutare il consenso, altrimenti gli assicuratori non gli faranno un contratto.
Quindi i polli sono in qualche modo ispirati alla benignità della volpe.
Menù marseillaise globale
raddoppiamento del commercio tra l'Unione europea e l'India
Essendo l'Unione europea e l'India i principali partner commerciali dell'altro, questo tema è stato l'oggetto principale dell'ordine del giorno del IX vertice, insieme ad altri problemi in gran parte globali.
Oggi ci sarà anche un summit franco-indiano, che si concentrerà sulla cooperazione in materia di energia nucleare.
L'Unione europea riconosce che l'India è una grande potenza democratica emergente che dovrebbe avere un maggiore ruolo negli affari internazionali, ma i paesi membri non sono ancora riusciti a trovare un nomenclatore comune per sostenere la permanenza di New Delhi nel Consiglio di sicurezza delle Nazioni Unite.
La questione non è stata così sollevata al summit di Marsiglia, ieri, che è già il nono.
Il presidente francese Nicolas Sarkozy, in qualità di presidente dell'Unione, il presidente della Commissione José Manuel Barroso e il rappresentante dell'Unione europea per gli affari esteri Javier Solana hanno ricevuto il primo ministro indiano Manmohan Szingh, con il quale hanno concordato di raddoppiare il volume del commercio in cinque anni, pari a oltre 100 miliardi di euro.
Considerando che il suo commercio è aumentato da 25 miliardi a 55 miliardi tra il 2000 e il 2007, questo non è un obiettivo troppo ambizioso.
In base a ciò, sono stati riassunti, in senso giuridico, i 26 accordi bilaterali di aviazione civile con l'India, il che significa che il traffico aereo può anche volare in futuro.
L'India vuole firmare un accordo di libero scambio con l'Unione entro la fine del 2009.
Sarkozy ha promesso di accelerare la riunione.
L'obiettivo è quello di bilanciare il fatto che, mentre l'UE è il primo partner commerciale dell'India, New Delhi è solo il nono tra i partner dell'UE.
Il summit ha dedicato l'attenzione alle questioni globali.
La situazione in Afghanistan e in Pakistan, e il terrorismo, sono stati condannati da entrambe le parti in ogni loro forma e si è chiesto di convocare una conferenza delle Nazioni Unite.
Hanno anche chiesto di chiudere il ciclo commerciale di Doha, anche se entrambi hanno avuto un ruolo importante nel fallimento.
L'UE ha confermato la sua volontà di mantenere il suo programma per l'energia e il clima, ovvero di ridurre le emissioni di gas nocivi di almeno il 20% entro il 2020.
L'India ha accettato questo, come anche l'accordo globale che dovrebbe essere raggiunto alla prossima conferenza sul clima, per ridurre le emissioni di gas serra del 50% entro il 2050.
Vogliono anche fermare l'aumento dei prezzi dei prodotti alimentari e hanno sostenuto la convocazione di una conferenza internazionale per esaminare la crisi finanziaria.
Il premier indiano si reca oggi nella capitale francese, dove si sta preparando a negoziare un accordo bilaterale sull'uso pacifico dell'energia nucleare.
A Parigi si aspetta che le compagnie francesi ricevano un contratto da 20 miliardi di euro per costruire i reattori nucleari indiani.
Secondo i rapporti delle agenzie di stampa, l'accordo è stato stipulato per 15 anni.
Più di 300 case editrici italiane a Francoforte
I publisher italiani sono fortemente rappresentati al mercatino internazionale del libro di Francoforte.
Più di trecento case editrici italiane saranno presenti al più importante incontro internazionale sul diritto d'autore, la 60a fiera del libro.
Per l'edizione di quest'anno del Salone Internazionale del Libro di Francoforte, 7.000 espositori provenienti da 101 paesi, su una superficie di 171.790 mq, dove saranno esposti oltre 403.000 libri, saranno invitati dalla Turchia.
Il governo italiano sarà rappresentato al Pavilone italiano da Francesco Maria Giro, Segretario di Stato del Ministero dei Beni e Attività Culturali, che, attraverso l'istituzione di un unico Italia Pont, occuperà 264 mq di spazio espositivo.
L'inaugurazione sarà seguita da una conferenza stampa nella sala "Room Struktur" del padiglione 5.0 della Buchmesse, che offrirà anche l'occasione di presentare dati, tendenze e prospettive sulla situazione dell'editoria italiana.
I dati mostrano che il mercato italiano della pubblicazione continua a registrare una riduzione della percentuale di autori stranieri, in particolare nel settore delle pubblicazioni per adulti e per giovani.
Hanno trovato l'aereo del miliardario Steve Fossett, scomparso un anno fa.
I resti dell'aereo del miliardario Steve Fossett, scomparso il 3 settembre 2007 sopra il deserto del Nevada, sono stati ritrovati.
I relitti sono stati trovati a 3.000 metri di altezza, in una pianura nelle montagne della Sierra Nevada, che si estendono sul confine tra California e Nevada, nei pressi dei Mammoth Lakes.
Non sono stati trovati resti umani all'interno dell'aereo.
John Anderson, il sceriffo del Comune di Madera, ha dissipato ogni dubbio: "Dopo aver stabilito la posizione dell'aereo, abbiamo inviato una squadra e ora possiamo essere certi che si tratta dell'aereo in cui Steve Fossett volava il giorno della scomparsa", ha dichiarato in una conferenza stampa.
Il sceriffo ha anche confermato che non sono stati trovati resti umani né sull'aereo né nei dintorni.
Il miliardario di 63 anni è stato dichiarato morto a febbraio.
La NTSB ha comunicato che, poche ore dopo la scoperta del relitto, è stata convocata una commissione di indagine che è riuscita a identificare l'aereo e a stabilire che si trattava davvero della Bellanca 8kcab, scomparsa il 3 settembre 2007, il giorno in cui Fossett partì per un volo di tre ore da Yerington, nel Nevada.
Ieri, anche in California, non lontano dal confine del Nevada, una coppia ha trovato alcune delle sue cose personali vicino alla sua casa a Mammoth Lakes.
Due documenti a nome di Fosset, rilasciati dall'Illinois Federal Aviation Administration, un po' di denaro e un maglione.
La sua ricerca di Fossett è stata abbandonata un mese dopo la sua scomparsa.
Il miliardario ha compiuto numerosi traguardi che lo hanno fatto entrare nella storia.
Nel 2002, per il sesto tentativo, riuscì a fare il primo giro in una bolla intorno alla Terra: un volo solitario di due settimane.
Tre anni dopo, ha fatto un giro intorno alla Terra senza atterrare.
Tra i suoi numerosi record c'è quello di aver sorvolato gli Ande, a 15.445 metri, in compagnia di un co-pilota.
GLK, una pubblicità sconvolgente
Un'inusuale ma originale e decisamente modellata, nave hobbit, con grandi superfici e angoli puliti.
In poche parole, è l'ultima "carrocarro compact" Mercedes-Benz con cui l'azienda tedesca ha cercato di dare un nuovo slancio al mercato.
Proprio per questo contenuto diverso da quello tradizionale, la campagna di introduzione della SUV GLK, disponibile nelle sale di Mercedes-Benz dal 17 ottobre, sarà sorprendente e insolita.
La campagna pubblicitaria che accompagna la presentazione del nuovo veicolo è infatti basata su un mezzo di comunicazione mediatica fino ad ora sconosciuto, tra cui poster 3D utopistici, che in Italia non sono stati ancora utilizzati da una marca automobilistica.
La gigantesca manifestazione, che si svolgerà in tre fasi, dominerà il centro commerciale di Milano, il Corso Como, fino al 15 novembre.
La prima fase di tale nuovo tipo di comunicazione media inizia con la presentazione spaziale della vettura, che, grazie a speciali occhiali distribuiti nei pressi di Corso Como, renderà visibile il nuovo SUV in dimensioni quasi reali e in tre dimensioni.
Per chi lo guarda, sarà come se la macchina fosse fuori dal cartellone.
Poi, grazie all'innovativa tecnologia Elumina8, ogni dettaglio del nuovo GLK viene visualizzato, per poi essere riunito in un'immagine unificata.
Non c'è dubbio che con questa promozione Mercedes stia cercando di introdurre qualcosa di nuovo nel mondo della pubblicità stereotipata dell'industria automobilistica.
Se riusciremo a farle interessare i potenziali clienti, vedremo.
Vi mostreremo chi sono i bulli del calcio italiano
I ragazzi di Triveneto, probabilmente sono esclusi dai campi.
Ma chi sono questi 150-200 ragazzi e ragazze per i quali tutta l'Italia è vergognata? Sono membri di un gruppo chiamato "Ultras Italia", che ha seguito la nazionale per anni e che, a dire il vero, non ha causato troppo problemi.
Non hanno mai combattuto con i tifosi avversari.
Il nucleo del gruppo è a destra.
I principali organizzatori vengono da Triventò.
E anche da Verona, Padova, Trieste e Udinese.
A loro si sono uniti a Sofia piccoli gruppi dispersi (in realtà solo poche unità) provenienti da Campagna e Puglia.
Le bandiere italiane, con la città natale dei tifosi, venivano sventolate e le abbattevano il sabato per non essere identificabili.
Seguono l'esempio dei tifosi inglesi.
In Bulgaria, si trovavano di fronte a un vero e proprio fanatico nazista, i tipografi di Levski.
La Federazione italiana di calcio ha messo a disposizione dei tifosi italiani 144 biglietti, che erano a titolo di nominativi, per facilitare la verifica della squadra di tifosi.
Il Ministero dell'Interno controllava tutti: nessuno tra i partecipanti alla manifestazione di Sofia era in corso di processo, nessuno era stato vietato di visitare lo stadio.
Quattro tifosi italiani, con precedenti legati al calcio, sono stati rifiutati il biglietto e il viaggio.
Attualmente il Ministero dell'Interno attende i protocolli della polizia di Sofia, per poi prendere le misure necessarie: gli appassionati che sono stati arrestati o identificati durante le rivolte possono essere puniti con un divieto di cinque anni.
Si tratta di un divieto internazionale che riguarda la visita non solo degli stadi italiani, ma di tutti quelli europei.
I nostri bulli di football non possono entrare in nessun campo di calcio.
Per fortuna.
Ma dobbiamo anche temere che i bulli trovino dei seguaci, cioè che, oltre a 150 persone, ci siano altre che si uniranno a loro.
"Questo fuoco deve essere immediatamente distrutto, non deve essere scusato chi si comporta in questo modo", ha detto il Ministero dell'Interno.
Quindi, meglio tenere gli occhi aperti, soprattutto visto che il giorno della selezione, mercoledì, a Lecce, è vicino.
In Puglia c'è una piccola cellula che sostiene gli ultrati italiani.
Domani si terrà la riunione del Servizio di sorveglianza, e martedì la commissione di analisi della sicurezza degli eventi sportivi, che potrebbe contare su una divisione del Servizio di sicurezza interna, che si occupa di servizi segreti che si occupano di comportamenti di fan.
"Scanciare Duce-Duce e sventolare un braccio durante l'inno italiano?
Questo pensiero è stato espresso, in modo piuttosto sfortunato, da Domenico Mazzilli, che è stato nominato qualche settimana fa capo del servizio di osservazione del Ministero dell'Interno (il suo incarico era occupato da Francesco Tagliente e prima da Felice Ferlizzi).
Mazzilli era stato capo della polizia di Trieste, città in cui opera dal 2002 una cellula che sostiene il gruppo Ultras Italia.
Mazzilli dice che in Bulgaria non è vietato far vivere il Duca, ma questo ha reso il comportamento di quei 150-200 tifosi vergognoso.
Non sono un sociologo, ha aggiunto il primo uomo del servizio di sorveglianza, ma i crimini devono essere giudicati nel paese in cui sono stati commessi.
Finora questo gruppo non ha causato problemi, dobbiamo indagare su cosa sia successo e pensare a come procedere.
Ma parliamo anche un po' dell'inno italiano: non è un crimine, ma, se posso dirlo, non è educato...
