Sieg der populistischen Rechten in Österreich, zusammen 29%
Die Frühwahlen im österreichischen Parlament haben nach ersten schätzungsweisen zu einer deutlichen Schwächung beider Parteien der gegenwärtigen Großen Koalition und einer deutlichen Stärkung der populistischen Partei der rechten Seite geführt.
Die österreichische Volkspartei (OVP) hat große und besondere Verluste erlitten, da die Position des derzeitigen Präsidenten, Wilhelm Molterer, ernsthaft in Schwierigkeiten gerät.
Im Gegenteil, der Führer der Allianz für die Zukunft Österreichs (BZO), der Regierungschef des Landes Kärnten, Jörg Haider, bereitet sich auf seine triumphale Rückkehr in die nationale Politik vor.
Nach den ungefähren Ergebnissen bleibt die SPÖ mit 29,8 Prozent die stärkste Partei des Landes und verliert damit 5,5 Prozent der Stimmen im Vergleich zu den letzten Wahlen 2006.
Schlimmer noch, die OVP verliert 25,6 Prozent, fast neun Prozent der Stimmen.
Es sind die schlimmsten Ergebnisse, buchstäblich katastrophalen, in der Geschichte dieser beiden großen österreichischen Parteien seit dem Nachkriegszeitraum und besonders für die Volksparteien, die diese vorgezogenen Wahlen einberufen haben.
Noch Anfang Juli, als die OVP aus der Koalition austrat, hatten die Popularen einen beträchtlichen Vorteil gegenüber der SPO.
Es ist jedoch klar, dass die Wähler sie bestraft haben, weil sie die Regierung zum Scheitern gebracht haben.
Bereits bei den ersten Reaktionen auf die Ergebnisse gab es Spekulationen über den Rücktritt des Parteivorsitzenden und bis heute des Vize-Kanzlers Wilhelm Molterer.
Die Beobachter glauben, dass man dies schon am Montag bei der außerordentlichen Sitzung der Parteivorsitzungen erreichen könnte.
Die Kommission hat sich jedoch nicht darauf eingelassen, die von der Kommission vorgeschlagenen Maßnahmen zu ergreifen.
Da die beiden Parteien der populistischen Rechten - die Liberalen (FPO) haben rund 18 Prozent und die BZO elf Prozent der Stimmen gewonnen - und die Sozialdemokraten gleichzeitig ihre Befürchtungen ausgedrückt haben, dass sich das gleiche von 1999 wiederholen könnte, als die Volksparteien mit den Populisten verhandelten (damals war die FPO eine Einheit, aber 2005 wurde sie von der BZO zertrennbar) für eine Koalitionsregierung, die eine Sanktion der Europäischen Union erzeugte.
Auf diese Entwicklung setzt sich Haider, der bereits angekündigt hat, mit jeder Partei zusammenzuarbeiten und seine Rückkehr nach Wien, in die nationale Politik, zu übernehmen.
Auch die Grünen haben es geschafft, ins Parlament zu kommen, obwohl sie leicht verloren haben und von der dritten auf die fünfte Stelle unter den österreichischen politischen Parteien gefallen sind.
Keine andere Partei hat die Grenze von vier Prozent deutlich überschritten und ist daher nicht Teil des Parlaments.
Schwarzenberg: Beziehungen zu Indien könnten abklingen
Wenn das Problem der tschechischen Wissenschaftler, die in Indien beschuldigt wurden, Schaben illegal zu sammeln, nicht gelöst wird, könnte es zu einer Abkühlung der tschechisch-indianischen Beziehungen kommen, so der Außenminister Karel Schwarzenberg.
So erklärte der Minister in New York nach dem heutigen Treffen mit seinem indischen Amtskollegen Pranab Mukherjee.
"Wenn das nicht gelöst wird, dann ja, dann ja, dann wird es sicherlich zu dieser Abkühlung kommen", sagte er nach dem von der Tschechischen Republik organisierten Treffen.
Mukherjee sagte nach dem Treffen, dass die Exekutive in juristische Angelegenheiten kaum eingreifen kann.
Er erklärte jedoch, dass die Regierung im Fall von Petr Švácha, der von der Anklage befreit und mit einer Geldstrafe bestraft wurde, mit der Darjiling-Lokalregierung verhandeln könne, in deren Gerichtsbarkeit die Angelegenheit liegt.
"Ihr Problem könnte gelöst werden", sagte der Minister.
Für Emil Kučera, der zu drei Jahren Gefängnis verurteilt wurde, wäre es das Beste, so Mukherjee, der die höchsten Instanzen anruft.
Danach kann er die Freistellung der Sache beantragen und die Entscheidung in Freiheit abwarten, erklärte er.
Schwarzenberg bestätigte, dass sein Kollege sich während des Treffens in den gleichen Begriffen geäußert habe.
"Es ist ratsam, den Obersten Gerichtshof anzurufen, und dann wäre eine Gnade möglich", sagte der Chef der tschechischen Diplomatie.
Die einzige Möglichkeit, wie die tschechische Seite in die Sache eintreten kann, ist, den Verurteilten "kompetente rechtliche Unterstützung" zu gewinnen, sagte der indische Minister.
Er sagte, die indische Seite könne bereits solche Unterstützung erhalten.
"Wir haben ein großes Interesse daran, die besten Beziehungen mit Indien zu pflegen, die eine lange Tradition haben.
Die Indianer erkennen das auch", kommentierte Schwarzenberg.
Wie die ČTK sagte, betonte er gegenüber seinem Kollegen, daß die Tschechische Republik das Problem der tschechischen Entomologen sehr wichtig hält.
"Wir halten es für einen wirklich schrecklichen Fehler, diese tschechischen Wissenschaftler inhaftieren und verurteilen zu lassen", kündigte er an.
Der Minister entging der Antwort auf die Frage, ob er von der indischen Seite das Versprechen erhalten habe, sich um die Angelegenheit zu kümmern.
"Ich habe genug Versprechungen erhalten", sagte er nur.
Ein Tschechischer arbitriert einen Kampf auf dem Meeresgrund
Ich gehe zu einer elektronischen Wandkarte, die Australien mit dem Meer darstellt.
Er interessiert sich jedoch nicht für den Kontinent, sondern für einen kleinen Punkt im blauen Ozean.
"Die Insel gehört zu Australien und neben ihr auch der umgebende Meeresboden.
Die Region ist gleichzeitig so groß wie ein einziger Kontinent", sagt der italienische Rechtsanwalt Luigi Santosuosso, der zu den 30 Mitgliedern des UN-Teams für Ozean- und Meeresrecht gehört.
Ihr Chef, der Direktor der Abteilung, der tschechische Rechtsanwalt Václav Mikulka, verfolgt die Ausstellung und füllt sie manchmal aus.
Sie beherrscht diese Stimmung und Arbeitsucht.
Der Meeresboden verbirgt bis heute eine wenig bekannte, natürlichen Ressourcen reiche Welt.
Man findet dort Öl und andere Mineralrohstoffe, aber auch bis heute unbekannte Organismen, die selbst den Schlüssel zur Entwicklung von Krebsmedikamenten tragen.
Der Grund ist größer als die Festland
Die Küstenländer haben heute heftig Streit um neue Gebiete unter dem Meer begonnen.
Nach dem UN-Vertrag nutzen sie die Rechte, die sie 1982 in Montego Bay in Jamaika vereinbart haben.
Es handelt sich im Wesentlichen um die sogenannte Kontinentalküste, die sich manchmal einige hundert Kilometer von der Küste des jeweiligen Landes ausstreckt.
Der Vertrag gewährt ihm ausschließliche Rechte an allen Ressourcen der Festlandküste.
"Kontinentalrand ist einfach der Teil des Meeresbodens und seiner Oberfläche, der natürliche Fortsetzung des Kontinents unter Wasser ist.
Sie reicht bis an die Grenze der Küste und oft bis an die Grenze der 200 Meilen, also reine Wirtschaftszone", erklärt Mikulka.
Der Antrag des betreffenden Landes an die Kommission zur Abgrenzung der Außengrenzen des Kontinents sollte mit wissenschaftlich-technischen Unterlagen, die auf Untersuchungen und Maßnahmen beruhen, zusammen mitgeführt werden.
Es ist das Ergebnis einer Reihe von Jahren der Vorbereitung.
"Eine unserer Aufgaben ist es, eine Fachkommission für technische und rechtliche Hilfe zu organisieren.
Die Kommission hat bisher fünf Anträge von Russland, Brasilien, Australien, Irland und Neuseeland bearbeitet.
Bislang sind nur die letzten drei Länder erfolgreich", ergänzt Mikulka.
Vor kurzem hatte der Erfolg Australiens weltweiten Anklang, da er der erste war, der seine Meeresbeherrschung im Wesentlichen erweiterte.
Aber auch Neuseeland hat es geschafft - die Seebodenfläche, die die Kommission ihm letzte Woche zugesprochen hat, beträgt 1,6 Millionen Quadratkilometer, das heißt fast sechsmal so groß wie der Staat selbst.
Beide Länder investierten Millionen in ihre Studie.
Der Gewinn aus der Nutzung des Meeresbodens wird, wie sie versprechen, unbezahlbar sein.
Auch andere Staaten stellen nach und nach ihre Anträge ein.
Sie können dies bis zu zehn Jahren nach der Ratifizierung des "Montego Bay-Vertrags" tun.
Dort, wo die Festlandgrenze endet, beginnt die Region des Meeresbodens, die vom Vertrag als "gemeinsames Erbe der Menschheit" erklärt wurde.
Hier hat keine Nation eine exklusive Position.
Die Betriebsrechte in diesen Gebieten werden durch Verträge von internationalen Institutionen verwaltet.
"Der Meeresboden ist jedoch keine Goldmine", betont Direktor Mikulka und fügt hinzu, "dass seine getrennten Gebiete rechtlich und eindeutig eingeschränkt sind und seine Regelung durch Vertrag definiert ist".
Die Tschechen im Pazifik
Und heute gehört ein Teil des Meeresbodens auch zur Tschechischen Republik.
Sie wird mit anderen Ländern des damaligen Ostblocks innerhalb der gemeinsamen Organisation "Interoceanmetal" geteilt.
Die Kommission hat dies 1991 mit einem Investorenvertrag erreicht, wie einige andere Staaten, die als "Pionierinvestor" bezeichnet werden.
Er hat die Fähigkeit, in der ClarionClipperton-Region im Pazifischen Ozean zwischen Mexiko, den Hawaii-Inseln und Kiribati zu explodieren.
Die Investorenzone ist etwas größer als die ehemalige Tschechoslowakei.
Der Boden dort ist steil, es ist so etwas wie eine Tatra-Meeresreplik.
"Eine Fläche von insgesamt 75.000 Quadratkilometern kann ausgebeutet werden.
Die Region ist reich an Polymetallikonkrete, die Nickel, Kupfer, Kobalt und Mangan enthalten", ergänzt der indische Rechtsanwalt Pakshi Rajan.
Ein makedonischer Mitarbeiter der Division, Rober Sandev, bringt uns ein Beispiel für diese Art von Konkretität.
Er erinnert uns an eine kleine Kartoffel oder an den etwas phantastischen Shem, der legendär gesagt wurde, den Golem wiederbelebt.
Während der Befreiung der Gefangenen war das Kommando der deutschen Spezialeinheiten am Ort der Aktion.
Um die Geiselkrise zu lösen, hatte die ägyptische Regierung die Hilfe von Deutschland gebeten - die Experten kamen.
Als die Situation ernst wurde, war das Spezialeinheitskommando bereit, aber die Operation wurde nicht durchgeführt.
Es werden immer mehr Details über die Umstände der Freilassung von 11 europäischen Touristen in Ägypten bekannt.
Nach Angaben des Verteidigungsministeriums und des Innenministeriums waren auch die deutschen Spezialeinheiten indirekt an der Rettungsaktion beteiligt.
So waren an der Freigabestelle die Spezialisten der deutschen Armee sowie Beamte der GSG 9, Flugzeugsquadrille der Bundespolizei, des Bundesamts für Strafrechtsverfolgung sowie Experten im Bereich Logistik der technischen Wohltätigkeitsorganisation.
Wie die Ministerialsprecher am Montag Abend berichteten, waren die deutschen Streitkräfte nicht nötig, weil die Entführer, die eine gewaltsame Befreiung bemerkten, ihre Gefangenen losließen und entkamen.
Die ägyptische Regierung nahm die Hilfe Deutschlands an, um sie als Stütze vor Ort zu nutzen.
"Das war leider nicht der richtige Zeitpunkt", sagte ein Sprecher des Bundesministeriums für Inneres.
Am 19. September hatten die Angreifer in Süd-Ägypten eine Reisegruppe von 5 Deutschen, 5 Italienern, einer Rumänin und 8 ägyptischen Begleitern entführt.
Nach der Entführung in der Wüste im Süden Ägyptens wurden die Geiseln von einer Seite zur anderen in der Grenzzone zwischen Ägypten, Libyen, Sudan und Tschad abgeschoben.
Die Identität der Entführer blieb bis zum Ende unbekannt, ebenso die Details der Freilassung oder mögliche Lösegeldzahlungen.
Inzwischen kamen die Menschen, die gerettet wurden, gesund und unversehrt nach Kairo.
Steinmeier sagte, die befreiten Gefangenen seien unter der Obhut der deutschen Botschaft.
Er sagte kein Wort über die Details der Befreiung.
Zu Beginn gab es in Berlin keine Information über ihre Rückkehr nach Deutschland.
Laut "Bild" müssen 5 Touristen und die Spezialeinheiten in einem Airbus der Luftwaffe zurück in Deutschland am Dienstag ankommen.
Das US-Repräsentantenhaus lehnt das Rettungspaket ab
Das erste Haus des US-Kongresses hat ein großes Rettungspaket von 700 Milliarden Dollar für die Finanzmärkte mit Nachdruck verhindert.
Der Dow Jones ist sehr stark gefallen.
Das US-Repräsentantenhaus lehnte mit 227 zu 206 Stimmen das Rettungspaket der Regierung für die Finanzmärkte ab.
Trotz aller Aufrufe von Präsident George W. Bush und ehemaligen Politikern beider Parteien kam es nicht zu einer Mehrheit für das Programm, mit dem die Unordnung in den Finanzmärkten begrenzt werden sollte.
Mit dramatischer Aktion hatten die verzweifelten Verteidiger noch versucht, die Kritiker davon zu überzeugen, das große Paket von 700 Milliarden Dollar anzunehmen.
Barney Frank, der Leiter der demokratischen Verhandlungen, hatte die Abgeordneten gebeten, eine Abstimmung abzuhalten, obwohl der Plan nicht so beliebt ist.
"Es ist schwierig, politische Zustimmung zu bekommen, um etwas zu vermeiden, das noch absolut nicht passiert ist", gab er zu.
Bereits während der Abstimmung fiel der Dow Jones auf mehr als 6 Prozent oder 600 Punkte.
Die Ursache dafür waren die Sorgen der Investoren, dass das staatliche Rettungspaket scheitern könnte.
Er ruhte sich am Ende der Abstimmung aus und fiel, nachdem der Misserfolg bekannt wurde, wieder.
Experten rechnen mit weiteren schwerwiegenden Turbulenzen auf den internationalen Finanzmärkten.
Um das Programm in Kraft zu setzen, muss es sowohl vom Repräsentantenhaus als auch vom Senat genehmigt werden.
Die Organisatoren verzeichnen eine Zunahme der Reservierungen
Es scheint ein guter Winter für deutsche Reiseveranstalter zu sein:
Laut einer Studie stieg das Verkaufsvolumen von Reisebuchungen für die kommenden Monate im Vergleich zum Vorjahr - sogar die Wintersaison um mehr als 30 Prozent.
Eine Studie zeigt, daß der Reisegewille der Deutschen trotz der schwächeren Wirtschaftslage weiterhin so ist wie zuvor.
Wie die DVR in Berlin am Montag berichtete, verzeichneten die Reiseagenturen mit Reisebuchung für die Wintersaison ein Umsatzvolumen, das 31 Prozent höher ist als im Vergleich zum Vorjahr.
Nach einer Untersuchung des Marktanstalts GfK waren die Reserven für die Herbstmonate bereits gestiegen.
So war das Verkaufsvolumen der Reiseagenturen im Oktober im Vergleich zu 2007 fast elf Prozent höher, berichtete der DVR.
Die Ergebnisse basieren auf GfK-Zahlen, die Informationen über die Reservierungen von 1200 Reisebüros analysieren und für den gesamten Markt erfaßt.
Die erfassten Daten sind die Reisebuchungen bis Ende August 2008.
Aufgrund des geschwächten Kurses des Dollars sind vor allem Reisen in die Vereinigten Staaten sehr gefragt, berichtete der DRV.
In diesem Fall stieg die Anzahl der Reservierungen auf fast ein Drittel.
Die bevorzugten Destinationen der Deutschen sind nicht nur Spanien, die Türkei und Griechenland, sondern auch die Regionen Deutschlands.
Vor allem organisierte Reisen sind sehr beliebt, erklärt Klaus Laepple, Präsident des DRV.
Angesichts der steigenden Energie- und Nahrungsmittelpreise sind die Reisekosten hier "für den Kunden besser berechnet als für eine Einzelreise".
Unter anderem können Verbraucher mit Erstbuchungsrabatten oder All-Inclusive-Angeboten Geld sparen, erklärte Laepple.
Auch in den Sommermonaten waren die Reisen gut reserviert, so dass das Verkaufsvolumen im Vergleich zum Vorjahr wieder gestiegen ist - obwohl laut einer anderen Studie die Zahl der Deutschen, die eine Reise unternahmen, im Vergleich zum Vorjahr zurückgegangen ist.
Mein erstes Oktoberfest
Die Hits der Partys im Freien im endlosen Bad, das Bier in Liter-Gläsern und die berühmten Menschen in traditionellen bayerischen Designer-Anzügen.
Ein Debüt in einem Zelt.
Susanne Kronzucker und ich haben nicht viel gemeinsam.
Sie ist Blondine, die Moderatorin im Fernsehen und trägt ein maßgeschneidertes traditionelles bayerisches Kostüm.
Ich habe dunkle Haare, ich bin Student und mein Kleid ist schon getragen.
Aber es gibt eine Sache, die uns zusammenhält: Wir sind kaum noch im Zelt, die Fotografen sind schon auf uns gestoßen und haben ihre Speicherkarten mit den Fotos gefüllt - es ist sehr schmeichelhaft, vor allem, weil ich zum ersten Mal auf dem Oktoberfest bin.
So macht man Freunde.
Die billigste traditionelle bayerische Kleidung scheint ihren Zweck zu erfüllen.
Als Tourist auf dem Oktoberfest aus Norddeutschland war mein Wohlbefinden in traditionellen bayerischen Kleidern bis heute noch begrenzt.
Aber nach dem Treffen mit Teresa ist alles nicht mehr so schlimm.
Fast jeder trägt die traditionelle bayerische Anzug oder Lederhosen; keiner scheint zu beachten oder fühlen sich unangenehm - alles ist absolut normal.
Nur mein Vorderhaut bekommt seltsame Blicke neben einem Bananen- und Schokoladenstand.
Eine Münchnerin weckt meine Aufmerksamkeit auf meine falsche Schürze: "Die linke Seite ist unverheiratet, die halbe ist Jungfrau, die rechte Seite ist verlobt, hinter ist eine Witwe".
Oh Gott, jetzt schnallen wir uns von hinten nach links.
"Also gut", sagt er lacherisch.
Die anderen kümmern sich nicht um viele der subtilen Methoden des Flirts und tragen Hüte, auf denen steht: "To drink to get dressed!" und zeigen, ohne sie gefragt zu werden, ihren nackten Hintern.
Ein junger Junge, der sich auf eine exhibitionistische Art und Weise verhält, heißt Bob, er kommt aus England und ist auch zum ersten Mal auf dem Oktoberfest.
Er findet es "gorgeous", was er mit einem sehr langen "o" ausspricht.
Er erzählt es mir, nachdem er sein Glas mit einem Liter Bier, das er gerade getrunken hat, neben sich gelegt hat.
Sie legte ihn direkt neben die Feuerstelle, die meisten denken, das ist ein Müllton.
Dann ist Bob einer der berühmten Leute, die viel trinken können.
Die anderen haben nicht viel Glück und können nicht so viel Alkohol konsumieren.
Um acht Uhr in der Nacht laufen die Sanitätsgruppen durch die Party und müssen sich um arme Trunkenheiten kümmern.
Die Sanitäter tauchen immer in einer Gruppe auf - plötzlich sind es immer vier Personen, die die überdachten Gehwege von einem Zelt zum anderen bringen.
Das funktioniert wie bei den meisten Besuchern: Sie kommen nüchtern, kommen betrunken zurück.
Man sieht nicht, wer unter den Alkoholgraden leidet und auf den Gehwegen ist.
"Sie sind es, die nicht mehr können", antwortete mir ein Sanitäter, der meine Frage beantwortete und in Aufruhr verschwand.
Unfallopfer, identifiziert von der Polizei
Die 63-jährige Fußgängerin, die im Krankenhaus verstarb, nachdem sie von einem Fahrzeug in Essex getroffen worden war, wurde identifiziert.
Carole Paulson von Chelmsford Road in Brentwood war am Freitagnachmittag in den Shenfield Road-Unfall verwickelt.
Die Frau wurde in das Queen's Hospital in Romford gebracht, aber später starb sie.
Nach dem Unfall wurde ein 51-jähriger Mann unter dem Verdacht des fahrlässigen Fahrens festgenommen.
Seitdem ist er auf Kaution freigelassen worden.
Türkei erweitert ihre diplomatischen Horizonte
Schon lange bevor die Türkei die EU-Mitgliedschaft anstrebte, hatten die europäischen Mächte den Wunsch, in das Innere dieses Landes einzudringen.
Auf dem östlichen Teil des Bosporus, vielleicht nur 20 Schritte nach Asien, befindet sich eines der interessantesten Reliquien des verheerenden imperialen Ehrgeizes.
Der Bahnhof von Hydarpasha wurde von zwei deutschen Architekten, Otto Ritter und Helmut Conu, im neo-renaissanceistischen Stil entworfen.
Das sagen die Führer zumindest.
Das Gebäude ist an den Enden der Plattformen gebaut und hat zwei Türme, eine für jede Ecke, die alle einem typischen deutschen Stadtrat ähneln.
Der Stein ist schmutzig.
Das Gebäude in Ihrem Komplex ist etwas verfallen.
Aber sobald die Box-Volle überwunden, gibt es keinen Zweifel, was die Größe der Firma war, dass dies war die westlichste Tür.
Die Station wurde im August 1908 vom deutschen Konsortium Anatolia-Bagdad Corporation eröffnet.
Deutschland, ein "Latecomer" im imperialen Spiel, hatte den Ehrgeiz, den Nahen Osten durch diese Eisenbahn zu beherrschen, die bis nach Damaskus, nach Bagdad und darüber hinaus in der heutigen Saudi-Arabien führte.
Doch die Ambitionen dieses imperialen Deutschlands scheiterten während des Ersten Weltkriegs.
Seine Eisenbahnen wurden von Lawrence von Arabien und seinen unregelmäßigen Arabern angegriffen.
Die relative Isolierung der umliegenden Regionen durch die gefrorenen Grenzen des Kalten Krieges führte dazu, daß die
Als die britischen Truppen in Ägypten vorrückten, drängten sie die Türken und ihre deutschen Verbündeten aus Palästina und Syrien.
Die Nachrichten waren auch schlecht für die Station Hyderpasha.
1917 explodierte ein Munitionszug und zerstörte das ausgeklügelte Dach.
Die türkischen Quellen kommentierten, dass es sich um eine Sabotage handelte.
Seitdem ging die Station in Verfall und blieb außerhalb der Geschichte.
Heute aber ist die Eisenbahn, die Tür zu Anatolien und zu allen östlichen Zentren, - zumindest symbolisch - ein Zeichen für die Bereitschaft der Türkei, ihre diplomatischen Horizonte zu erweitern.
Die Regierungspartei Gerechtigkeit und Entwicklung - die AKP - hat eine neue Außenpolitik für das Land geplant.
Die relative Isolierung der umliegenden Regionen, die durch die gefrorenen Grenzen des Kalten Krieges entstanden war, ist verschwunden.
Jetzt gibt es eine neue Politik der Zusammenarbeit.
Die türkische Regierung pflegt hervorragende Beziehungen zu Israel und Syrien, zu den beiden palästinensischen Fraktionen Hamas und Fatah, zu Irak und Iran und natürlich zu der Europäischen Union und den Vereinigten Staaten.
Um die Parameter dieser neuen Außenpolitik zu bewerten, stieg ich auf ein Bett und ging in die türkische Hauptstadt Ankara, um einen der AKP-Führer, den Experten für Außenpolitik, den türkischen Ministerpräsidenten Suat Kiniklioglu, zu besuchen.
Am nächsten Morgen - etwa 10 und eine halbe Stunde später - nach einer unruhigen Reise, die in dem berühmten Dokumentarfilm "The Night Mail" die Geschwindigkeit der alten Welt hervorbrachte, kam ich in die türkische Hauptstadt an - eine neue Stadt, die für die Herrschaft über einen neuen, säkularen Staat gedacht war, weit weg von der ottomanischen Vergangenheit.
Die AKP mit ihren klar islamistischen Wurzeln stellt jedoch einen Paradigmenwechsel im türkischen Konsens dar.
Das hat in den Westen und besonders in Washington einige Verdacht geweckt.
Ein Taxi bringt mich zum AKP-Hauptquartier, eine hochmoderne Struktur aus Stein und Stahl - ad hoc gebaut - in einem Entwicklungsviertel, umgeben von halbwegs gebauten Einkaufszentren und "Machtkuchen", wo sich Manager der Mittelschicht in Geschäftsanzügen - Männer und Frauen - früh am Morgen treffen, um Geschäfte zu machen.
Suat Kiniklioglu könnte ein rechtszentrischer Politiker von fast jeder Partei in Europa sein.
Anzug, Krawatte, ich bin sicher, er hat noch ein Blackberry.
"Das Ziel der Partei ist es, die Türkei in ihre unmittelbare Nachbarschaft zurückzubringen.
Der Kalte Krieg war eine Anomalie", sagt er.
Die Türkei ist in ihren Beziehungen zu ihrem Inland abgeschnitten worden.
Heute muss er gleichzeitig nach Osten und Westen schauen.
Es ist kein Fall, wenn es nicht zu einem oder dem anderen geht.
Sie muss beides tun.
"Aber sicherlich irgendwann", frage ich, "könnte die Türkei gezwungen sein, zu wählen?"
"Die Türkei", antwortet er, "wollt diese Wahl nicht annehmen".
Ich möchte nun einen Punkt hervorheben, den mir bis dahin fast alle, mit denen ich gesprochen habe, auswendig gesagt haben: Die Beziehungen, die die Türkei nicht nur zum Nahen Osten, sondern auch zur Region des Kaukasus und zum gesamten Schwarzen Meer hat, sind ein Vorteil für Europa und die Vereinigten Staaten, und für die Türkei selbst.
Die Botschaft scheint zu sein: Mit der Türkei an Bord kann Europa in seinem Komplex metaphorisch jene Eisenbahnlinien aufbauen, die die Welt nach Ostasien und dem Nahen Osten öffnen.
Wieder im Bahnhof Hydarpasha, nach einer zweiten schlaflosen Nacht, kehren meine Gedanken zu den beiden deutschen Herren zurück, Herr Ritter und Herr Conu, die vor 100 Jahren beim Bau dieses Gebäudes mitgewirkt hatten.
Wie überrascht wären Sie, wenn Sie wüssten, daß die Ambitionen Europas im Nahen Osten heute weitgehend in den Händen der Türkei liegen?
Und ich warte am Terminal auf die Fähre, die mich über den Bosporus zurückbringt. Ich erinnere mich, dass man damals die Türkei als "Krankenmann Europas" betrachtete.
Es gibt also keine großen Zweifel, auf welchem Kontinent dieses faszinierende Land seine Rechte geltend machen soll.
Lebensgeschichte zu erinnern: Vernon Handley und William Woodruff
Mark Brown schreibt: Als Guildford-Musikdirektor seit 1962 war Vernon "Tod" Handley (links, 11. September) für das Guildford Philharmonic Orchestra und den Chor verantwortlich.
Als Teil des Musikprojekts für die Stadt gründete er im folgenden Jahr seinen großartigen Jugendchor, Proteus.
Es sollte für die Unter 21er sein, aber als Proteus 1979 sein Ende sang, waren einige von uns bereits 20 - wir weigerten uns nur, bis zum Chor zu gehen.
Der Name "Proteus" (das mythologische Wesen, das die Formen ändert) repräsentierte den Willen des Chores und die Fähigkeit, jede Musik, die ihm vorgelegt wurde, zu spielen, sei es Madrigal oder Messiaen, unabhängig davon, ob sie unbegleitet oder mit einem kompletten Orchester gespielt wurde.
Die musikalische Vielseitigkeit, die dieser Chor von Jugendlichen hervorbrachte, war oft überraschend, immer aufregend, und das alles war auf die Inspiration dieses Mannes zurückzuführen und auf die Begeisterung für Musik, die über die Jahre absolut konstant blieb.
Tod sagte uns oft, "Lass die Musik für sich sprechen".
Er würde sagen: "Der Komponist weiß, was er will.
Es ist alles da, in der Musik.
So singt man einfach!"
Seine Zange war immer absolut klar und präzise, aber nie aufdringlich oder zu blühend.
Was auch immer der musikalische Schritt war, er endete immer auf einem noch höheren Niveau.
John Frayn Turner schreibt:
Wenn ein Fahrer ein Gentleman sein sollte, dann Vernon Handley.
Ich kannte ihn sehr gut während der zwei Jahrzehnte, in denen er die Guildford Philharmonic von 1962 bis 1982 leitete.
Besonders in den letzten 40 Jahren habe ich mehr als 100 seiner Konzerte überprüft und kann ehrlich sagen, dass ich nie von einem davon enttäuscht wurde. Im Gegenteil, ich wurde oft von ihnen inspiriert.
Tod Handley hatte diese seltener Kombination aus Größe und äußerster persönlicher Bescheidenheit.
Er hasste die Fahrer, die, wie er sagte, "ein oder zwei weltbekannte Kriegspferde verkauften".
Wir werden ihn sehr vermissen.
William Woodruff
Professor John Beckett schreibt:
In seiner Fortsetzung von William Woodruff (am 25. September) schreibt er: "Er studierte 1946 wieder Wirtschaftsgeschichte in Oxford und gewann 1950 ein Houblon-Norman-Forschungsstipendium... gleichzeitig studierte er für einen Bachelor, einen Master und einen Doktorgrad".
Dies wird in einer Notiz des Autors von Woodruff in Beyond Nab End gelehrt, aber es ist nicht ganz korrekt.
Von 1946 bis 1953 war er Professor für Wirtschaftsgeschichte an der Universität Nottingham, während dessen Zeit er eine Doktorarbeit über die britische Kautschukindustrie abschloss, die von Professor J.D. Chambers überwacht wurde und später 1958 unter dem Titel The British Rubber Industry veröffentlicht wurde.
Er verbrachte die Jahre 1950-51 in den Vereinigten Staaten, genoss ein Stipendium von Houblon-Norman, und den Sommer 1952 an den Universitäten von Illinois, Harvard und New York.
1953 verließ er Nottingham für immer nach Illinois.
Warum Woodruff sich entschied, diesen Teil seiner Karriere zu übersehen, bleibt unbekannt.
J. Vicente Resino an der Philologie-Fakultät
"Ich empfehle die Ausstellung von José Vicente Resino "Flamenco y vida" weil seine Schwarz-Weiß-Fotografien, Dokumentar-Stil, fantastisch sind.
Sie haben mich für ihre Einfachheit und die Kraft, die sie vermitteln, aufmerksam gemacht, indem sie die Protagonisten immer mit viel Respekt behandelten.
Eine Ausstellung, die viel Gefühl zeigt.
Resino kann magische Momente einfangen".
Zweiter Rumpf für den Superverkauf von Honda
Im November wird Honda mit der Vermarktung der zweiten Generation des Jazz beginnen.
Der Vorgänger hatte bereits eine große Wohnraummöglichkeit, der neue Monovolumen bietet einen noch größeren Innenraum.
Hinzu kommen raffinierte Mechaniken, die den Fahrkomfort erhöhen und mehr Kraftstoff sparen.
Evolution gegen Revolution.
So ist die zweite Generation des Honda Jazz.
Obwohl der neue Jazz ästhetisch einer Modelllinie sehr ähnlich ist, sind die Änderungen, die in diesem Monovolumen eingeführt wurden, zahlreich.
Unter anderem ein innovatives Design, eine neue Plattform, größere Abmessungen und neue Mechaniken.
Bevor wir das neue Modell jedoch analysieren, ist zu bemerken, dass dieser neue Jazz sechs Jahre nach der Markteinführung der ersten Generation kommt.
Die Kommission stellt fest, dass die in der vorliegenden Entscheidung festgelegten Bedingungen nicht erfüllt sind.
Obwohl der Jazz in Europa weniger bekannt ist, ist er in anderen Märkten ein Verkaufsprinzip.
Dies ist der Fall in Japan, wo der Jazz 2002 und 2008 der meistverkaufte Wagen war.
In Japan wurden seit dem Start von Jazz gerade einmal etwa eine Million Einheiten verkauft.
Der zweite Markt war der der Alten Welt, mit rund einer halben Million Einheiten in sechs Jahren.
Honda will jedoch mit dem neuen Jazz den Absatz im Segment steigern.
Während 2007 die japanische Firma insgesamt 83.000 Jazz verkaufte, gehen die Schätzungen für 2009 auf 100.000 Autos aus, was auf dem europäischen Markt ein Wachstum von 17% bedeuten würde.
Im Falle des spanischen Marktes hat Honda seit 2002 insgesamt 8.000 Einheiten des Jazz verkauft, was 6,7% der gesamten Verkäufe von Honda in Spanien ausmacht.
Die spanische Niederlassung erwartet, dass die neue Generation von Jazz in einem ganzen Jahr 2.000 Einheiten verkaufen wird.
Gerade die Ankunft des neuen Jazz wird es Honda ermöglichen, den Rückgang der Verkäufe in Spanien weitgehend zu lindern.
Tatsächlich erwarten die Markenverantwortlichen, dass das Jahr mit insgesamt 22.000 verkauften Einheiten enden wird, was 4.000 weniger ist als 2007, ein Rückgang von 16%.
Trotz dieser Steigerung der Verkäufe hat Honda seinen Marktanteil in Spanien erhöht und erreicht 1,8%, gegenüber 1,6% im vergangenen Jahr.
Die japanische Firma erwartet ebenfalls, dass sie 2010 2% erreichen wird.
Um diesen Anteil zu erreichen, setzt Honda auf die Ankunft eines weiteren neuen Modells.
Es handelt sich um den Insight, einen fünf-Tür-Hybrid mit einer Länge von 4,37 Metern, von dem die japanische Firma erwartet, weltweit etwa 200.000 Einheiten pro Jahr zu verkaufen.
Nach Marktschätzungen des japanischen Herstellers werden 50% der Insight-Verkäufe in den Vereinigten Staaten erzeugt, während der restliche Prozentsatz zwischen dem alten Kontinent und Japan verteilt wird.
Der kommerzielle Start des Insight ist für die ersten Monate des Jahres vorgesehen, nachdem die Gesellschaft im Januar in Valencia vorgestellt wurde.
Im Vergleich zur ersten Generation wächst der neue Jazz in allen seinen Quoten.
Ihre Länge beträgt 3,90 Meter (fünf Zentimeter mehr), die Breite 1,69 Meter (zwei Zentimeter mehr) und die Achsabstand bis zu 2,50 Meter, was eine Zunahme von fünf Zentimetern bedeutet.
Die Höhe jedoch ändert sich nicht und bleibt bei 1,52 Metern.
Neben der Erhöhung der Größe wächst auch die Wohnfähigkeit im Inneren.
Dieser Gewinn ist auf die Einbeziehung einer neuen Plattform und die Einführung des zentralen Treibstoffstaubs zurückzuführen, was auch auf dem vorherigen Jazz angewandt wurde.
Die Kapazität des Kofferraums - mit einem Doppelboden - erhöht sich auf 399 Liter, 19 Liter mehr als der Kofferraum der ersten Generation.
Es ist zu beachten, dass diese Maße von der Version mit dem 1.4-Motor sind, da die Kofferraumkapazität des Honda Jazz 1.2 379 Liter beträgt.
Weitere Verbesserungen - neben Außenelementen wie hinteren LEDs oder der Möglichkeit, das Panorama-Glas zu montieren - sind eine Verbesserung des Zugangs zu den hinteren Plätzen.
Die Türen, die zur zweiten Reihe führen, haben einen Öffnungswinkel von 80 Grad, gegenüber den 67 Grad des ersten Jazz.
Auch die Motoren in dieser zweiten Generation des Jazz sind neu.
Zu Beginn der Vermarktung wird dieses kleine Modell mit zwei 1,2- und 1,4-Liter-Benzinantriebsantrieben ausgestattet sein.
Beide Mechaniken verfügen über die i-VTEC-Technologie, die einen geringeren Verbrauch, weniger CO2-Emissionen, eine hervorragende mechanische Verfeinerung und gleichzeitig einen hohen Motortorch über den gesamten Motorlauf erreicht.
Die erste 1,2 Liter-Mechanik erhält eine Leistung von 90 Pferden bei 6.000 Umdrehungen mit einem maximalen Torp von 114 Nm bei 4.900 Umdrehungen.
Dieser Antrieb - der in früheren Jazz 78 Pferde erreichte - hat einen Aufwand von 5,3 Litern und Emissionen von 125 Gramm CO2.
Der Vortrieb, der in der vorherigen Generation 83 Pferde erzielte, wird nun zu 100 Pferden.
Dieser Jazz 1.4 von 100 Pferden erreicht einen kombinierten Verbrauch von 5,4 Litern und 128 Gramm CO2.
Der "Bienenwagen", der Kollisionen verhindert
Um die Entwicklung von Technologien zur Verhütung von Unfällen voranzutreiben, hat sich Nissan diesmal von der Natur, insbesondere von Bienen, inspiriert.
Eine japanische Firma hat einen Roboter entwickelt, der, indem er den Flug der Bienen als Grundlage nimmt, Unfälle vermeidet.
Dies ist der Bio-Mimetic Car Robot Drive, oder BR23C, der den ersten Schritt in der Kollisionsverhütungstechnologie darstellt.
Die Ingenieure des Advanced Technical Centers der Nissan Motor Co. haben diesen kleinen Roboter in Zusammenarbeit mit dem Center for Advanced Science and Technology Research der renommierten Universität Tokio in Japan entwickelt.
Laut Kazuhiro Doi, Generaldirektor für Öffentlichkeitsarbeit für Technologie und Markenmanagementforschung und -entwicklung, wird der BR23C als Erweiterung des Nissan-Sicherheitsschilds aus vier Bereichen dargestellt.
Dieser Roboter soll die Kollisionsverhütungsfähigkeit der Fahrzeuge der Marke verstärken.
Während des Fluges erstellt jede Biene ihren eigenen, ovalen Raum, der dem Nissan-Sicherheitsschild sehr ähnelt.
Aber am wichtigsten sind die zusammengesetzten Augen der Biene, die über einen 300-Grad-Winkel in alle Richtungen sehen können, was ihr erlaubt, ununterbrochen in ihrem eigenen Raum zu fliegen.
Um diese visuelle Funktion wiederzugeben, entwickelten die Ingenieure einen sogenannten Laser-Range-Finder.
Er erfasst Hindernisse, die sich bis zu zwei Meter entfernt innerhalb eines Radius von 180 Grad vor dem BR23C befinden, berechnet die Entfernung bis zu diesem Objekt und sendet ein Signal an einen Mikroprozessor an Bord, das sich sofort in die Verhinderung der Kollision umsetzt.
"Wenn er ein Hindernis erkennt, wird der kleine Roboter die Bewegungen einer Biene nachahmen und sofort die Richtung ändern, indem er seine Räder in einem geraden oder höheren Winkel dreht, um den Zusammenstoß zu vermeiden.
Der größte Unterschied zu allen Systemen ist, dass die Flucht ganz instinktiv ist.
Sonst könnte der Roboter nicht schnell genug reagieren, um Hindernisse zu umgehen", erklärt Toshiyuki Andoh, Leiter des Mobilitätslabors und Leiter des Projektes.
Im Gegensatz zu einer Biene kann der Roboter nicht nach oben oder unten oder diagonal abbiegen; er kann sich nur in zwei Dimensionen und in der Richtung bewegen, die ihm erlaubt, seine Räder zu drehen und nicht in unendliche Richtungen und Wege wie Bienen.
Deshalb hat Nissan neben Beschleunigung und Verlangsamung eine Rotationsfunktion verwendet, damit der kleine Roboter Kollisionen vermeiden kann.
"Dieses Gerät muss nur alle paar Sekunden Informationen verarbeiten und auf diese Daten reagieren.
Es erfordert keine Speicherung von Informationen oder intuitive Logik von vorherigen Manöver, so dass es kontinuierlich mit nur ein paar Dutzend KB Speicher funktionieren kann.
Das mag überraschen, aber wir sprechen nicht von Gigas oder sogar Megas".
Dies ist der erste Schritt zur Entwicklung neuer Technologien zur sofortigen Kollisionsverhütung, eine Technologie, die Nissan vorausgesagt, in den nächsten zehn Jahren in den Serienwagen eingeführt werden soll.
Der Roboter verwendet Lithium-Polymer-Batterien, die leichter und länger halten als die Lithium-Ionen-Variante.
Eine weitere mögliche zukünftige Anwendung dieser Technologie könnte die Integration der Einheit mit einem GPS-Satellitennavigationssystem sein, um den Fahrer zu seinem Ziel zu führen und Hindernisse auf dem Weg zu vermeiden.
Zittern Sie vor der Hypothek
Man muss zugeben, daß das US-Finanzministerium, abgesehen von der großen Menge an Injektionsflüssigkeit, nicht ohne Verstand ist.
Angesichts der Krise und um zu verhindern, dass sich Amerikaner in Banken mit fragwürdiger Kreditwürdigkeit auf unnötige Hypotheken begeben, haben sie ein angenehmes und informatives Browser-Spiel geschaffen: "Bad Credit Hotel".
Das heißt, das Hotel der schlechten Kredite... oder der Chaos.
Der traurige Aspekt dieser Unterkunft und besonders der Rezeption ist, dass man sich einmal, zweimal und sogar dreimal überlegen muss, ob es Zeit ist, einen Kredit zu beantragen.
Und vor allem, wohin, was wahrscheinlich ihr Ziel ist.
Sie hat zwar nützliche Informationen, aber nur wenig Detail.
Es ist eher eine Webseite für Teenager als eine Website für das gesamte Publikum.
Was passiert, wenn das Spiel abgeschlossen ist?
Nun, es taucht ein Traumzimmer im Hotel auf.
Etwas ist etwas, weil wir nicht darüber reden, ob wir ein besseres Haus kaufen...
Morgan Stanley verkauft Beteiligung an die japanische MUFG
Morgan Stanley gab bekannt, Mitsubishi UFJ Financial Group (MUFG), die erste japanische Bank, sei in die Kapitalbeschaffung eingetreten. Die Bank werde neun Milliarden Dollar zur Übernahme von 21 Prozent des Kapitals zahlen.
Eine Woche nach der Entdeckung einer vorläufigen Vereinbarung erklärten beide Banken, MUFG werde 9,9 % der Morgan Stanley-Stammaktien zum Stückpreis von 25,25 Dollar kaufen, was einem Betrag von drei Milliarden Dollar entspricht.
Der vereinbarte Preis liegt unter 19% des Buchwerts der Anleihen zum 31. August.
MUFG wird sechs Milliarden zusätzliche US-Dollar in den Kauf von konvertierbaren Wertpapieren investieren, was ihm eine Rendite von 10% und einen Umrechnungspreis von 31,25 US-Dollar sichert.
Morgan Stanley stellte fest, dass die Gesamtoperation auf einem Preis je Maßeinheit von 29 Dollar basieren würde, d. h. 28 % über dem aktuellen Kurs.
Die Aktie Morgan Stanley verlor jedoch 6,79% auf 23,07 Dollar pro Stück um 17:00 Uhr GMT.
"Diese strategische Partnerschaft ist eine wichtige Gelegenheit, den Übergang von Morgan Stanley zum Holding-Bank-Status zu beschleunigen", erklärte Juan Mack, Geschäftsführer der amerikanischen Gruppe.
Morgan Stanley hat diese neue Satzung letzte Woche verabschiedet, was es ihm erlauben sollte, seine Aktivitäten zu diversifizieren, aber er macht es unter die Autorität der Federal Reserve.
Ihre Allianz mit MUFG bestätigt auch, dass die aktuelle Finanzkrise die größten Namen der Wall Street dazu zwingt, viel umsichtiger zu handeln als zuvor.
Die am Montag vorgelegten Modalitäten zeigen außerdem, dass die Vereinbarung in den letzten Tagen geändert wurde: Am Montag hatte Morgan angekündigt, bis zu 20% seiner Aktien an Japaner für fast 8,5 Milliarden Dollar zu verkaufen.
"Vor einer Woche", erklärte Toshihide Mizuno, der Geschäftsführer der MUFG, "dachten wir, dass die Beteiligung nur aus Aktien bestehen würde.
Aber angesichts der derzeitigen wirtschaftlichen und marktpolitischen Lage haben wir uns gewünscht, die Risiken zu minimieren und uns zu schützen".
Auf der Grundlage des gewogenen Durchschnittspreises zahlt MUFG seine Morgan Stanley-Anleihen um 7% unter ihrem Buchwert.
Und die Transaktion wird zu einer Verdünnung von rund 20% des Gewinns pro Aktie führen.
Die Vereinbarung sieht vor, dass MUFG innerhalb eines Jahres die Hälfte seiner bevorzugten Titel in Stammaktien umwandeln kann, wenn diese über einen bestimmten Zeitraum mehr als 50% über dem Umrechnungspreis, d. h. ca. 47 USD, verkauft werden.
Morgan Stanley versichert, dass die von MUFG bereitgestellten Kapital es ihm ermöglichen werden, Anlagemöglichkeiten zu nutzen, seinen Saldo zu stärken und seine Liquidität zu erhöhen.
Eine Sprecherin der Gruppe weigerte sich jedoch, die strategischen Vorhaben der beiden neuen Verbündeten näher zu erläutern.
Nach der Investition von MUFG sollte Morgan Stanley einen Tier-1-Solvenz-Ratio von rund 15% aufweisen, was zu den besten der Branche zählt.
Morgan muss seine Bilanz seit Ende August stark gelindert haben.
Die letzten Wochen waren anstrengend für die Gruppe, die ihre Börsennotierung halbiert hat, während die Kosten für die Sicherung gegen ein Risiko von Defekten auf ihre Schulden stiegen.
Diese Kosten gingen am vergangenen Montag zurück, blieben aber auf einem hohen Niveau, bei rund 12%.
Letzte Woche gab Goldman Sachs, der einzige "Überlebende" der großen Investmentbanken auf der Wall Street nach den Bankrott von Bear Stearns und Lehman Brothers und dem Kauf von Merrill Lynch, bekannt, 15 Milliarden Dollar gesammelt zu haben, teilweise für Berkshire Hathaway, die Gruppe von Warren Buffett.
Rafael Correa in Quito, dieser Montag.
Die Republik auf den Sozialismus des 21. Jahrhunderts zu gründen.
Dies ist das gemeinsame Projekt des Venezolaners Hugo Chávez, des Bolivianers Evo Morales und des Ecuadoriers Rafael Correa.
Dieser Sonntag, wie seine Kollegen und Freunde, ist der dritte, der einen Entwurf für eine neue Verfassung zur Abstimmung brachte.
Mission erfüllt, da 64% der Wähler laut offiziellen Ergebnissen für das Referendum "Ja" stimmten, was sich auf 80% der Stimmen bezog.
Nach diesen Ergebnissen erhielt das "Nein" 28%, 7 % der Stimmen waren Null- und 0,7% waren leere Stimmen.
Damit der Verfassungsprojekt verabschiedet werden konnte, musste er die Hälfte der Stimmen plus einen erhalten.
Am Sonntag hatten zwei Umfragen am Ende der Wahl und eine Zählung durch eine Nichtregierungsorganisation einen großen "Ja"-Sieg angekündigt, der zwischen 63% und 70% lag.
Rafael Correa hatte auch in der Nacht vom Sonntag bis Montag den Sieg seines Verfassungsentwurfs behauptet.
"Die Verfassung hat überwältigend gewonnen", hatte er versichert und die Ecuadorianer, die die Regierung in Guayaquil, 280 Kilometer südwestlich von Quito, leiten, gratuliert.
So wurde Rafael Correa von Chávez und Morales, aber auch von seiner chilenischen Kollegin Micaela Bachelet gratuliert.
Die Wahlen, die in voller Ruhe stattfinden werden, bezogen sich nach Angaben der Beobachtermission der Organisation der amerikanischen Staaten (OAS) auf einen 444-Punkte-Text, der den vom Präsidenten vertretenen "neuen Sozialismus" festigte.
Der Verfassungsentwurf beinhaltet die Erhöhung der Macht des Staates über die Wirtschaft, indem er ihm die "Entwicklungsplanung" eines Landes vorbehalten, das im Wesentlichen von der Ölförderung durch ausländische Unternehmen und von Währungen, die von seinen Emigranten geschickt werden, lebt.
Der 2006 gewählte Präsident Correa hat die Regierung mit dem Entwurf unterstützt.
Correa hat bereits angekündigt, diese Macht zu nutzen und sich für eine neue Amtszeit im Februar 2009 zu bewerben.
Die Verfassung festigt außerdem das Prinzip der kostenlosen Gesundheits- und Bildungsdienste, das der Präsident in diesem Land mit 13,9 Millionen Einwohnern einführen wollte, in dem 50 Prozent der Bevölkerung unter der Armutsgrenze leben.
Die Kommission hat sich in der Vergangenheit mit der Frage befaßt, ob die Kommission die Einführung von Maßnahmen zur Bekämpfung der Drogenbekämpfung in der Gemeinschaft unterstützt.
19 entführte Menschen wurden in Tschad freigelassen
Ein ägyptisches Kommando hat den Angriff auf die Entführer der 11 Touristen und ihrer acht Begleiter, die vor zehn Tagen gefangen genommen wurden, gestartet.
Sie sind in Kairo.
Die elf europäischen Touristen und ihre acht ägyptischen Begleiter, die vor zehn Tagen in der Wüste entführt wurden, kamen unversehrt in die ägyptische Hauptstadt an, nachdem sie am Montagnachmittag freigelassen worden waren.
Am Morgen wurden sie von ägyptischen Spezialeinheiten in Tschad befreit.
Sie alle sahen gut aus, als sie um 15:30 Uhr mit einem speziellen Flugzeug auf dem Militärstützpunkt Al Maza, neben dem internationalen Flughafen von Kairo, ankamen.
Helikopter brachten sie sofort zum Krankenhaus in Maadi, einem Wohnviertel in Kairo, um medizinische Tests durchzuführen, so dass sie nicht mit der Presse sprechen konnten.
"Sie sind gesund" und "keine Rettung wurde den Entführern gezahlt", erklärte der ägyptische Tourismusminister Zoheir Garana am Flughafen.
Am 19. September wurden die Geiseln von 35 unbekannten Entführern überfallen, während sie sich auf einer All-Terrain-Safari in einem Wüstengebiet am Fuße des Berges Ouanat am Rande von Ägypten, Sudan und Libyen aufhielten. Seitdem sind sie von Zulus zu Zulus umgezogen.
Die Gruppe bestand aus elf Touristen - fünf Italiener, fünf Deutsche und eine Rumänin - und acht Ägyptern: zwei Führer, vier Fahrer, ein Grenzschutzbeamte und der Leiter der Reiseagentur Aegyptous, der für die Organisation der Safari verantwortlich war.
Ein ägyptischer Sicherheitsbeauftragter sagte, 30 Mitglieder der Spezialeinheiten, die mit zwei Hubschraubern transportiert wurden, hätten den Angriff in der Nacht vor Tagesanbruch durchgeführt.
"Ein Schusswechsel kam ein, und die Hälfte der Entführer wurde getötet, die anderen sind geflohen", sagte dieser Verantwortliche, der seinen Namen nicht bekannt gab.
Er sagte, 150 Mitglieder der ägyptischen Spezialeinheiten der "Relâmpago"-Einheit seien nach Sudan geschickt worden, wo sie von deutschen und italienischen Kommandos unterstützt würden.
Die Kommission hat die Kommission und die Mitgliedstaaten mit dem Ziel beauftragt, die Maßnahmen zur Bekämpfung der Arbeitslosigkeit zu ergreifen.
"Wir müssen anerkennen, dass wir dieses Ergebnis dank der Professionalität und der Effizienz unserer Männer aus den Geheimdiensten, den Spezialeinheiten, erzielt haben", erklärte er, ohne in Einzelheiten einzugehen.
Außerdem hat er die Zahlung eines Lösegelds widerlegt.
Am Vorabend behauptete die sudanesische Armee, während einer Patrouille einen All-Terrain-Train, auf dem die Entführer waren, abgefangen zu haben, wobei sie sechs getötet hatte, darunter den tschadischen Chef, und zwei festgenommen hatte.
Er behauptete auch, sie seien mit einer Rebellengruppe aus Darfur, der Bewegung für die Befreiung des Sudans-Einheit (SLA-U), verbunden, eine Behauptung, die von dieser Gruppe sofort widerlegt wurde.
Letras - Die stille Mehrheit der Kultur
Eine Debatte über die Finanzierung der Kultur macht Schlagzeilen und nimmt den aktuellen Wahlkampf ein.
So ist es besser.
Aber ein Bereich unseres kulturellen Lebens bleibt immer vergessen.
Wer wird sich erheben, um die mißbrauchsreichen Summen zu verurteilen, die den kleinen Museen, den Archiven, den archäologischen Ausgrabungen oder den hungernden nationalen historischen Stätten zugeteilt werden?
Welcher Politiker wird es wagen, die Bundesregierung daran zu erinnern, ihre Denkmäler und historischen Gebäude zu vernachlässigen?
Warum haben wir keine wirklichen Gesetze, die unser Erbe effektiv schützen, wie in Kanada und Quebec?
Wussten Sie, dass die französische Regierung 3,5 Millionen Euro zur Restaurierung der Schloss Chinon im Loire Valley bereitstellt?
In den Vereinigten Staaten steht in ihrer Verfassung, dass der Schutz des Vermögens Teil der Kultur der Amerikaner ist und dass dieses Vermögens zu schützen ist, von allen Bürgern, allen gewählten Personen und allen Regierungsbehörden, und das alles in Zusammenarbeit.
In Quebec, im Verband der Quebec Historischen Gesellschaften, sind mindestens 40 000 Menschen, die sich in 211 Gesellschaften der Geschichte, des Erbes, der Archive und der Genealogie zusammengeschlossen haben, bemüht, in der Geschichte zu suchen, um viele private Archive zu erhalten und archäologische Spuren zu bewahren.
Sie sind oft die Hüterhunde unseres Kulturerbes, die mit Energie und Verzweiflung protestieren, wenn die Entwickler und Verantwortlichen ihre Bulldozer gegen unsere alten Steine und unsere vergessenen Friedhöfe werfen.
Für wann, ein Denkmal für Geschichte und Erbe?
Die niederländischen Regierungen verstaatlichen einen Teil der Fortis Bank.
Die Niederlande - die ersten in Europa - werden die belgisch-niederländische Bank Fortis, die aufgrund der Hypothekenkrisen auf dem nordamerikanischen Markt in Schwierigkeiten gerät, mit einer Nationalisierung unterstützen. Die drei Länder werden der Finanz- und Versicherungsinstitution, die auch Geschäfte in Ungarn betreibt, insgesamt 11,2 Mrd. Euro zur Seite stehen.
Am Wochenende führten die Regierungen von Belgien, Luxemburg und den Niederlanden hochrangige Konsultationen mit dem Präsidenten der Europäischen Zentralbank und dem für Wirtschaftswettbewerb zuständigen Kommissionsmitglied durch.
Die Bank Fortis ist die erste, die in der internationalen Finanzkrise, die sich in mehreren Wellen seit mehr als einem Jahr abspielt, die Krise in der Eurozone erlitten hat. Die Entscheidungen, die in Bezug auf die Bank getroffen wurden, können somit in gewisser Weise als Vorläufer angesehen werden.
Nach dem am Sonntag früh beschlossenen Beschluss werden die drei Staaten etwa die Hälfte (49 Prozent) der im Landgebiet der Bank befindlichen Immobilien kaufen.
Die Bank wird sicherlich einen Teil ihrer Geschäfte verkaufen, darunter vor allem die Aktivitäten - hauptsächlich Versicherungen -, die sie im vergangenen Jahr von der niederländischen ABN Amró gekauft hat.
Die Aktien des Fortis gingen letzte Woche stark zurück und in der zweiten Hälfte der Woche zeigten sich bereits wichtige Krisenzeichen in der Institution.
Die Analysten sind sich jedoch einig, daß die Bank mit ihren 85.000 Mitarbeitern zu groß ist, um sich in die Bankrottbahn zu stürzen.
Die Aktien der Firma sanken am Freitag um 12 Prozent, der niedrigste Wert seit 14 Jahren.
Seit Januar ist der Wert der Aktien um mehr als zwei Drittel gesunken.
Bei den aktuellen Aktienpreisen liegt der Gesamtwert des Marktkapitals der Gruppe bei rund 14 Milliarden Euro, aber laut den Führungskräften der Gesellschaft ist dies nicht real.
Die Bankleitung schrieb den plötzlichen Rückgang der Aktien von Fortis auf die Unsicherheiten des nordamerikanischen Marktes im Zusammenhang mit der Genehmigung des amerikanischen Paketplans von 700 Milliarden Dollar zurück.
Am Montag zeigten die Aktien bereits einen leichten Anstieg.
Am Freitag wurde Filip Dierckx zum neuen Geschäftsführer der Bank ernannt.
Die Bank suchte auch nach Privatinvestoren, aber bisher hat niemand ein konkretes Angebot gemacht.
Die belgische Regierung hatte bereits vorher versichert, dass die Investoren sich keine Sorgen machen müssten, sie würden ihr Geld nicht verlieren.
Bei den Kunden der Bank gab es bislang keine Panik, sie drangen nicht in die Bankbüros ein, um ihr Geld abzuheben.
Fortis hat eine eigene Niederlassung in Ungarn und hat auch Leasingunternehmen erworben.
Fuchs im Hühnerhof
In den Vereinigten Staaten lehnen Lebens- und Krankenversicherungsunternehmen, wenn sie die Daten über den Kauf von Medikamenten sehen, häufig die Versicherungsabschluss ab.
Die Datenschutzpolitik befürchtet, dass der Markt für personenbezogene Daten unkontrollierbar wird.
"Es gibt Programme zum Schutz personenbezogener Daten, die die Nutzung der Rezeptdaten in allen Fällen mit der Zustimmung der Person verbinden.
Er muss in unabhängigen Händen sein, denn sonst "verlassen wir den Hühnerhof dem Fuchs", zitiert die Washington Post Richard Dick, Designer des Programms zur Nachverfolgung von Medizinrezepten.
Die Versicherungsgesellschaften machen den Versicherungspreis und die Entschädigungsbetrag von der Gesundheit des Kunden abhängig, und wenn sie glauben, dass das Risiko zu hoch ist, dann machen sie einfach keinen Vertrag.
Zuvor schickten sie den Kunden zur ärztlichen Untersuchung und unterzeichneten mit ihm den Vertrag, nachdem sie das Ergebnis der Untersuchung bereits kannten.
Dick hat vor zehn Jahren ein viel günstigeres Verfahren erfunden: Mit der Kundenkennnummer bekommt er leicht von den Apotheken die Liste der Medikamente, die er in den letzten anderthalb Jahren gekauft hat, und das Programm selbst zieht die Schlussfolgerungen über die Krankheiten und den Gesundheitszustand des Kunden.
Wenn man beispielsweise regelmäßig hohe Dosen Cholesterin-Reduzierungspillen nimmt, zeigt das, dass der Blutfettstand praktisch unheilbar hoch ist, und man wird sofort in eine höhere Risiko-Kategorie eingestuft.
Es gibt zahlreiche Versionen des Programms, einige enthalten sogar eine Risikomenge, so daß die Versicherungsgesellschaft außer der Verwaltung kaum etwas zu tun hat, obwohl es hierbei kleine Schwierigkeiten gibt.
Zu den Nachteilen des Programms zählt beispielsweise, dass einige Medikamente mehrfach eingesetzt werden können. Zum Beispiel dienen bestimmte Substanzen sowohl zur Behandlung von Kopfschmerzen als auch von Hitzewellen und sogar als Antidepressiva.
Letzteres ist ein wichtiger Risikoerhöhungsfaktor für Versicherungsgesellschaften, während das erste nicht.
Für die Abfrage und Verarbeitung dieser Daten wurden spezielle Unternehmen gegründet, die vor dem Erwerb der notwendigen Informationen von den Apotheken die Zustimmung des Patienten verlangen.
Die Behörden zwingen sie dazu, obwohl sie bisher keine Strafe wegen Fahrlässigkeit erhalten haben.
Einige Unternehmen erstellen in letzter Zeit auch die Ergebnisse der Labortests und verbinden sie mit den Daten über den Verbrauch von Medikamenten, um genauer Informationen über den Gesundheitszustand des Patienten zu erhalten.
Immer mehr Unternehmen haben Zugang zu diesen Daten und gleichzeitig wird es immer schwieriger, deren Nutzung zu kontrollieren.
Es gibt ein ausschließliches Gesetz zum Schutz personenbezogener Gesundheitsdaten, das jedoch nur für Versicherungsunternehmen und Gesundheitsdienstleister gilt.
Der Kongress hat bereits ein Gesetzentwurf vorgelegt, das der Behörde das Recht gibt, die Unternehmen zu kontrollieren, die sich auf die Bereitstellung von persönlichen Daten spezialisiert haben.
Dick Richard erkennt an, dass dies nicht ausreicht: Deshalb hat er sein Programm entwickelt, das die spezifische Zustimmung der Person zur Bereitstellung ihrer eigenen persönlichen Daten erfordert.
Es ist eine andere Sache, daß dieser Person seine Zustimmung nicht ablehnen kann, denn sonst werden die Versicherungsgesellschaften den Vertrag nicht mit ihm unterzeichnen.
So sind die Hühner trotzdem dem guten Willen des Fuchs ausgesetzt.
Gesamtmenü von Marseille
Die Europäische Union verdoppelt ihren Handel mit Indien
Da die EU und Indien gegenseitige Handelspartner sind, dominierte dieses Thema neben den weitgehend globalen Problemen die Agenda des neunten Gipfels.
Heute wird auch ein französisch-indischer Gipfel stattfinden, der sich hauptsächlich mit der Zusammenarbeit im Bereich der Atomenergie befassen wird.
Obwohl die Europäische Union anerkennt, dass Indien eine große demokratische Entwicklungsmacht ist, die mehr Stimme in internationalen Angelegenheiten haben sollte, konnten die Mitgliedsländer noch nicht einen gemeinsamen Nenner darüber finden, ob sie New Delhi als ständiges Mitglied des UN-Sicherheitsrates unterstützen sollten.
Die Frage wurde nicht bei dem neunten Gipfel, der gestern in Marseille begann, behandelt.
Der französische Präsident Nicolas Sarkozy, EU-Schichtpräsident, der Kommissionspräsident José Manuel Barroso und der Leiter der Außenpolitik Javier Solana empfingen den indischen Ministerpräsidenten Manmohan Singh, mit dem sie eine Vereinbarung getroffen haben, ihren Handelsverkehr in fünf Jahren auf mehr als 100 Milliarden Euro zu verdoppeln.
Angesichts der Tatsache, daß der Warenverkehr zwischen 2000 und 2007 von 25 Mrd. auf 55 Mrd. gestiegen ist, ist dies kein übermäßig ambitioniertes Ziel.
Die 26 bestehenden bilateralen zivilen Luftfahrt-Abkommen mit Indien wurden somit rechtlich harmonisiert, so daß auch Luftverkehr in Zukunft fliegen kann.
Indien will bis Ende 2009 den Freihandelsabkommen mit der Union unterzeichnen.
Sarkozy hat versprochen, die Verhandlungen zu beschleunigen.
Das Ziel ist das Gleichgewicht, denn während die EU der wichtigste Handelspartner Indiens ist, ist New Delhi nur der neunte Handelspartner der Union.
Der Gipfel richtete seine Aufmerksamkeit auf globale Angelegenheiten.
Die beiden Seiten verurteilten die Situation in Afghanistan und Pakistan und den Terrorismus in allen seinen Formen und forderten die Einberufung einer UN-Konferenz auf.
Die Schlußfolgerung der Handelsliberalisierungsrunde in Doha wurde ebenfalls beschleunigt, obwohl beide Seiten große Verantwortung für ihren Misserfolg tragen.
Die EU hat bestätigt, dass sie sich an ihr Energie- und Klimaplan halten wird, d.h. bis 2020 will sie die Emissionen von Schadstoffen um mindestens zwanzig Prozent senken.
Indien ist ebenfalls damit einverstanden, wie es auch bei der Klimakonferenz im nächsten Jahr der Fall ist, dass bis 2050 ein globales Abkommen getroffen werden sollte, das die Produktion von Treibhausgasen um 50 Prozent senkt.
Sie wollen auch die steigenden Lebensmittelpreise behindern und unterstützten die Einberufung einer internationalen Konferenz zur Überprüfung der Finanzkrise.
Der indische Ministerpräsident reist heute in die französische Hauptstadt, wo er bei einem bilateralen Treffen ein Abkommen über die friedliche Nutzung von Atomenergie unterzeichnet.
Paris ist zuversichtlich, daß französische Unternehmen Aufträge im Wert von 20 Milliarden Euro für den Bau von Atomreaktoren erhalten.
Nach Nachrichtenagentur-Mitteilungen würde der Vertrag für eine Dauer von 15 Jahren bestehen.
In Frankfurt mehr als 300 italienische Verleger
Starke Präsenz der italienischen Verleger bei der internationalen Buchmesse in Frankfurt.
Mehr als 300 italienische Verleger werden die 60. Buchmesse, das wichtigste internationale Treffen für den Austausch von Rechten, besuchen.
Die internationale Buchmesse Frankfurt erwartet für diese Ausgabe mehr als 7tausend Aussteller aus 102 verschiedenen Ländern, die die 171.790 Quadratmeter der Messe mit mehr als 403tausend Titeln besetzen werden und die Türkei als Ehrengast.
Der Unterstaatssekretär des Ministeriums für Kulturgüter und Kulturaktivitäten, Francisco Maria Giro, wird die italienische Regierung bei der Eröffnungszeremonie des italienischen Pavillons vertreten. Italien wird mit einem italienischen Punkt - 264 Quadratmeter Ausstellungsfläche - institutionell und effektiv präsent sein.
Im Rahmen der Buchmesse wird eine Pressekonferenz im Raum Struktur in Halle 5.0 stattfinden, in der Zahlen, Trends und Perspektiven zum Stand der Verlage in Italien vorgestellt werden.
Die Daten zeigen, daß das Gewicht von Büchern ausländischer Autoren auf die gesamte italienische Produktion, insbesondere für Erwachsene und Jugendliche, zunehmend abnimmt.
Das Flugzeug von Steve Fossett, dem Millionär, der vor einem Jahr verschwunden war, ist gefunden.
Die Überreste des Flugzeugs von Steve Fossett, dem Millionär, der am 3. September 2007 verschwand, wurden gefunden, als es über der Nevada-Wüste flog.
Die Trümmer wurden auf einem Hochgebirge in der Mammoth Lakes-Region am Grenzpunkt zwischen Kalifornien und Nevada gefunden.
Im Flugzeug waren keine menschlichen Überreste zu finden.
Der Kommissar von Madera County, John Anderson, hat die noch bestehenden Zweifel beseitigt: "Das Flugzeug wurde gefunden, wir haben eine Truppe geschickt, und jetzt haben wir die Bestätigung, dass es sich um das gleiche ist, was Steve Fossett am Tag seines Verschwindens flog", sagte er in einer Pressekonferenz.
Der Kommissar hat darauf hingewiesen, dass keine menschlichen Reste auf dem Flugzeug oder in der Umgebung gefunden wurden.
Der 63-jährige Millionär wurde im Februar für tot gehalten.
Das amerikanische Büro für Verkehrssicherheit (NTSB) hat bekannt gegeben, dass einige Stunden nach der Sicht der Überreste eine Forschergruppe geschickt wurde, die das Gerät identifiziert hat: Es handelt sich um das Bellanca 8kcab, das seit dem 3. September 2007 verstreut ist, als Fossett von Yerington in Nevada für einen dreistündigen Flug abheben ließ.
Gestern, immer noch in Kalifornien, nicht weit von der Grenze von Nevada, wurden einige persönliche Überreste von Fossett von einem Paar in der Nähe ihres Hauses in Mammoth Lakes gefunden.
Es handelt sich um zwei Dokumente mit dem Namen Fossett, beide von der Federal Aviation Administration von Illinois ausgestellt, Bargeld und einen Pullover.
Die Suche nach Fossett wurde einen Monat nach seiner Vermisse abgebrochen.
Der Millionär hatte sich eine Stelle in der Geschichte durch eine lange Reihe von Erstlingen erobert.
2002 war er auf seinem sechsten Versuch der erste Mensch geworden, der die Welt in einem Luftballon umkreist: zwei Wochen einsamer Flug.
Drei Jahre später war ich die Welt umgelaufen, ohne Halt zu halten.
Zu seinen Rekorden gehörte auch der, der auf 15.445 Meter Höhe über den Anden geflogen war, aber mit einem Kopiloten.
Glk, die Werbung, die du nicht erwartest
Ein U-Boot, außerhalb der Schemata, mit einem originellen und gut etablierten Design, mit klaren Linien und bestimmten Winkeln.
Dies ist, kurz gesagt, Glk, das letzte Kind unter den "kompakten" All-Terrain-LKWs des Starhauses, mit denen Mercedes-Benz eine neue Möglichkeit in diesem Bereich zu schaffen suchte.
Die Mitteilung, die mit dem Start des SUV Glk einhergeht, wird aufgrund des außergewöhnlichen Inhalts unerwartet und nicht konventionell sein. Der SUV ist ab dem 17. Oktober in den Mercedes-Benz-Ausstellungsräumen erhältlich.
Die Werbekampagne, die mit dem Debüt des neuen Autos einherging, brachte eine noch nie dagewesene Kommunikationsmethode durch eine 3D-Werbekampagne ins Leben, die in Italien erstmals von einer Automobilmarke eingesetzt wurde.
Ein Projekt mit Maxi-Postern, das in drei verschiedenen Phasen angelegt ist und die zentrale Straße des Milaner Einkaufs, die Avenue Como, bis zum 15. November dominieren wird.
Die erste Phase dieser neuen Art der Kommunikation beginnt mit der Präsentation des Autos in stereoskopischer Version und dank spezieller Brille, die auf der Avenue Como verteilt wird.
Tatsächlich wird man sich bei den Bildern den Eindruck erwecken, als ob das Auto aus dem Poster herauskommt.
Anschließend wird der neue Glk durch die Nutzung der innovativen Elumina8­Technologie zu verschiedenen Zeiten in allen Details beleuchtet, um in einem einzigen Bild zusammengefügt zu werden.
Mercedes versucht zweifellos mit dieser Werbung etwas Neues in das Stereotyp der Automobilkommunikation einzuführen.
Wir werden sehen, ob diese Formel die Interessen zukünftiger Käufer wecken kann.
Es ist klar, wer die italienischen Hooligans sind.
Im Triveneto wird das Verbot des Zugangs zu Sportveranstaltungen gespielt.
Aber wer sind diese 150-200 Mädchen und Jungen, vor denen Italien sich jetzt schämt? Sie gehören zur Gruppe "Ultras Italia", die seit Jahren die italienische Nationalpartei verfolgt und die bis jetzt, um ehrlich zu sein, nie zu viel Probleme verursacht hat.
Und sie hatten sich auch nie mit den Fans des Gegners getroffen.
Die Gruppe ist rechts.
Die Entwickler kommen aus dem Triveneto.
Von Verona, Padua, Trieste und Udine.
Zu diesen in Sofia wurde eine kleine Gruppe (eigentlich nur wenige Einheiten) aus der Region Kampanien und aus Apulien hinzugefügt.
Sie haben dreifarbige Fahnen, auf denen die Heimatstadt der Militanten steht: Samstagabend wurden sie weggenommen, damit sie nicht identifiziert werden können.
Sie inspirieren die englischen Fans.
In Bulgarien haben sie eine Gruppe von echten Nazi-Fanatikern gefunden, die Levski-Fans.
Die FICH hatte den italienischen Fans 144 Tickets für das Spiel zur Verfügung gestellt: alle mit Namen, so dass sie leicht zu kontrollieren waren.
Und der Innenminister hatte sie alle bereits kontrolliert: Unter denen, die nach Sofia gegangen waren, gab es keinen mit einem Daspo (Verbot des Zugangs zu Sportveranstaltungen) zu diesem Zeitpunkt, keinen, der verboten war, ein Stadion zu besuchen.
Vier italienischen Fans, die vor einer Verletzung in Stadien verurteilt wurden, wurden nicht nur von der Fahrkarte befreit, sondern auch vom Reiseverbot.
Das Innenministerium wartet nun darauf, die Akten der bulgarischen Polizei zu lesen, um Maßnahmen zu ergreifen: Fans, die verhaftet wurden oder bei Unruhen identifiziert wurden, können in diesem Fall für mindestens fünf Jahre das Daspo (Eintrittsverbot bei Sportveranstaltungen) erhalten.
Das internationale Daspo (Verbot des Zugangs zu Sportveranstaltungen), das nicht nur die Besucher in italienischen Stadien, sondern auch in allen Stadien Europas verhindert.
Unsere Hooligans werden kein Stadion mehr betreten.
Zum Glück!
Aber jetzt besteht die Angst vor der Nachahmung: dass zu diesen wenigen fünfzig noch mehr hinzugefügt werden.
"Wir müssen sofort diesen Brand löschen und nicht legitimieren, wer sich in dieser Weise verhält", so das Innenministerium.
Deshalb "sich die Augen auf" vor allem im Hinblick auf das Spiel der Nationalmannschaft am Mittwoch in Lecce".
In Apulien gibt es auch einen kleinen Kern von Unterstützern von Ultras Italia.
Morgen findet das Observatorium statt, am Dienstag die Cams, die auch eine Abteilung der Aise (Agentur für Außen-Informationen und Sicherheit, also der Geheimdienst, die sich mit den Problemen in den Stadien befasst).
"Düse-Düse-Körper und der Arm im Hymn von Mameli? In Bulgarien ist es kein Verbrechen ...".
Dies ist der Gedanke (auf unglückliche Weise ausgedrückt) von Domenico Mazzilli, seit einigen Wochen Direktor des Observatoriums des Innenministeriums (er hat die Stelle eingenommen, die früher von Francesco Tagliente und danach von Felice Ferlizzi innehatte).
Mazzilli war der Chef der öffentlichen Sicherheit in Triest, wo sich ein Kern von Unterstützern der 2002 gegründeten Ultras Italia-Gruppe befindet.
Es ist wahr, wie Mazzilli sagt, dass es in Bulgarien kein Verbrechen ist, den Duce zu feiern, aber ja, das Verhalten dieser 150-200 Fans war beschämend.
"Ich bin kein Soziologe", fügt die Nr. 1 des Observatoriums hinzu. "Die Verbrechen werden in den Ländern, in denen die Tat geschieht, zugeschrieben.
Bis jetzt hat sich diese Gruppe gut verhalten. Wir werden sehen, was passiert ist, und das werden wir für die Zukunft berücksichtigen.
Aber lassen Sie uns auch von den Pfeifen zum Hymn von Mameli sprechen: Auch diese sind kein Verbrechen, aber wenn Sie es zulassen, sind sie auch keine Erziehung ... "
