दत्तात्रेय नगर निगम माध्यमिक विद्यालय के विद्यार्थियों ने काल्पनिक किला "दत्तगढ़" बनाकर अपनी कल्पना शक्ति का प्रदर्शन किया।
प्रिंसिपल संधिया मेधपल्लीवार के प्रोत्साहन से शिक्षकों और छात्रों ने मिट्टी से किला बनाया।
एमएनपीए शिक्षक संघ के अध्यक्ष राजेश गव्रे ने पुरस्कार प्रदान करते हुए स्कूल को सम्मानित किया।
रमेश सैटपुते ने किले की जांच की।
निखिल कवले, दर्शन गेडेकर, साहिल मेश्राम जैसे छात्रों ने किले के निर्माण में भाग लिया।
जिला कला शिक्षक संघ के अध्यक्ष नरेंद्र बराई, कैशियर शेखर वंसकर, गजानन मेहर के सदस्य अजय गुंडमवर ने छात्रों को मार्गदर्शन प्रदान किया।
नगरसेवक, रीता मुल ने शुभचिंतकों के संदेश प्रस्तुत किए।
रोहतक.अखिले भारतीय जनवादी महिला समिति और डीवाईएफआई ने संयुक्त रूप से नौकरियों में भ्रष्टाचार, धोखाधड़ी और डकैती के खिलाफ राज्यव्यापी अभियान शुरू किया।
इस राज्यव्यापी हस्ताक्षर अभियान के माध्यम से राज्य भर में 10 लाख (1 मिलियन) हस्ताक्षर एकत्र किए जाएंगे और राज्यपाल को सौंपे जाएंगे।
हस्ताक्षर अभियान शुक्रवार को नए बस स्टैंड पर शुरू हुआ।
इस अवसर पर एसएफआई के राज्य सचिव मनोज कुमार, अंजू, समिति के जिला सचिव, युवा परिषद के राज्य संयुक्त सचिव विनोद देशवाल, सुमित, अंजू, राकेश कुमार, गीता, सोनू, राजेश कुमार, संगीता, मीना, वीना मलिक, संगीता, हववा सिंह और अजीत उपस्थित थे।
शहर के बाहरी इलाके में स्थित मालोया गांव में एक बहुत ही दुखद घटना घटी, जहां एक नवविवाहित महिला ने पंखा से खुद को लटकवाकर आत्महत्या कर ली।
कोमल की शादी दो महीने पहले ही हुई थी।
पुलिस की जांच में पता चला कि कोमल अपनी वित्तीय स्थिति को लेकर चिंतित थी और इसलिए उसने यह कदम उठाया।
विवरण के अनुसार, कोमल की मृत्यु का विवरण तब सामने आया जब कोमल के एक चचेरे भाई ने उनके घर की तीसरी मंजिल पर सफाई करने के लिए जाना।
पंखा से लटकती हुई लाश को देखकर लड़की चिल्लाई और तुरंत ससुराल वालों को इसके बारे में सूचित किया।
कोमल को तुरंत सेक्टर-16 के मल्टी स्पेशलिटी सरकारी अस्पताल में ले जाया गया, जहां उन्हें पहुंचने पर मृत घोषित कर दिया गया।
कोमल के पति कुलविंदर बेरोजगार हैं।
आत्महत्या करने से पहले कोमल ने अपने बाएं हाथ पर हन्ना के साथ लिखा कि वह अपनी इच्छा से आत्महत्या कर रही हैं क्योंकि उनके जीवन में कठिनाइयां उनके लिए बहुत अधिक थीं।
प्राप्त विवरण के अनुसार, कोमल के पिता का कुछ साल पहले निधन हो गया था, उनकी मां मानसिक रूप से बीमार हैं और उनके भाई एक सरकारी स्कूल में पढ़ रहे हैं।
इस बीच पुलिस ने 16 सेक्टर के अस्पताल के शवगृह में शव रखा है।
केवल एक पोस्टमार्टम के बाद ही पुलिस मौत के वास्तविक कारण का पता लगा पाएगी।
श्रीलंका के चयनकर्ताओं ने न्यूजीलैंड के खिलाफ 10 नवंबर से होने वाली आगामी सीमित ओवरों की मैच श्रृंखला के लिए टीम के 16 सदस्यों का चयन किया है।
चयनकर्ताओं ने केवल एक नया चेहरा, 24 वर्षीय आशा प्रियंजना को शामिल किया है, जबकि उन्होंने दो साल बाद डिमुथ करुणाराठन को भी टीम में वापस बुलाया है।
श्रीलंकाई टीम 10 से 21 नवंबर तक कीवी के खिलाफ तीन वनडे और दो टी-20 मैच खेलेगी।
पहला और दूसरा वनडे मैच हंबनटोटा में खेला जाएगा, जबकि तीसरा वनडे मैच डंबुल्ला में खेला जाएगा।
दोनों टी-20 मैच पलकले में खेले जाएंगे।
यह एक ज्ञात तथ्य है कि इन दिनों शहर में चोरी बढ़ रही है।
पिछले कुछ दिनों में यह सातवीं घटना है।
सभी नवीनीकृत और वैध ड्राइविंग लाइसेंस (डीएल) 30 सितंबर तक प्रस्तुत किए गए हैं, बाकी अगले सप्ताह तक उपलब्ध कराए जाएंगे।
यह सूचना डीटीओ कार्यालय के डिलीवरी काउंटर पर रखी गई है।
यह स्पष्ट है कि डीटीओ कार्यालय स्वयं स्वीकार करता है कि डीएल एक महीने के बाद वितरित किए जाते हैं, जबकि सेवा अधिनियम में यह निर्दिष्ट किया गया है कि समय सीमा सात दिन है।
इसका अर्थ है कि आवेदन के सात दिनों के भीतर डीटीओ कार्यालय को तैयार डीएल को आवेदक को देना होगा।
अगर हम जमीनी हकीकत की बात करें तो स्थिति और भी खराब है।
बहुत से आवेदक ऐसे हैं जिन्हें 1 महीने के बाद भी डीएल नहीं दिया गया है।
दो से तीन महीने तक कार्यालय में आने-जाने वाले आवेदकों की संख्या अनगिनत है।
आपको पता चल जाएगा कि कार्यालय में स्थिति कितनी खराब है, क्योंकि डिलीवरी काउंटर पर नोटिस के बारे में डीटीओ अनिल गर्ग के पास कोई जानकारी नहीं है।
उनका दावा है कि डीएल दी गई समयसीमा के भीतर वितरित किए जा रहे हैं।
यह पूछे जाने पर कि यह नोटिस क्यों प्रदर्शित किया गया है, उन्होंने कहा कि उनके पास इस संबंध में कोई जानकारी नहीं है।
अमेरिकी अर्थव्यवस्था को राहत पैकेज के साथ समर्थन जारी रखने के लिए फेडरल रिजर्व द्वारा किए गए निर्णय ने विदेशी निवेशकों के बीच उत्साह पैदा किया है, जिसने बदले में घरेलू शेयर बाजार को गुरुवार को इतिहास बनाने में मदद की है।
बॉम्बे स्टॉक एक्सचेंज, सेंसेक्स, 130.50 अंक बढ़कर 21,164.52 अंक पर पहुंच गया और राष्ट्रीय स्टॉक एक्सचेंज 47.45 अंक बढ़कर 6299.15 अंक पर पहुंच गया।
उपभोक्ता वस्तुओं, बैंकिंग, धातु, तेल, प्राकृतिक गैस और बिजली के शेयरों ने बाजार को उठने में मदद की है।
सेंसेक्स में शामिल तीस कंपनियों में से केवल नौ ने घाटा दर्ज किया जबकि बाकी में लाभ हुआ।
पर्यावरण संरक्षण बोर्ड की जांच के बाद यह तथ्य सामने आया।
पिछले साल दिवाली के दौरान विभिन्न स्थानों पर हुई जांच में पता चला कि शोर प्रदूषण का स्तर 100 डेसिबल तक पहुंच गया है।
सामान्य दिन में यह आमतौर पर 55 डेसिबल होता है।
हर साल पटाखों या जोरदार डीजे संगीत के शोर के कारण शोर प्रदूषण का स्तर बढ़ता है।
सरकार द्वारा लगाए गए प्रतिबंधों के बाद भी लोग खुलेआम उच्च डेसिबल के क्रैकर बेचते और खरीदते रहे हैं।
उपरोक्त गतिविधियों का प्रबंधन और रोकथाम स्थानीय एस.डी.एम. की जिम्मेदारी है, लेकिन वे आवश्यकता होने पर भी इस जिम्मेदारी से बचते हैं।
पर्यावरण संरक्षण बोर्ड ने पिछले साल दिवाली के दौरान यातायात पुलिस स्टेशन के पास शोर प्रदूषण का माप किया था।
10 नवंबर को दिवाली से पहले विभिन्न समय पर जांच की गई थी।
न्यूनतम शोर का स्तर 72.5 डेसिबल और अधिकतम 83.6 डेसिबल पाया गया।
इसी तरह 13 नवंबर 2013 को दिवाली के दौरान ध्वनि का अधिकतम स्तर 87.7 डेसिबल और न्यूनतम 80 डेसिबल था।
दीपावली के दौरान अधिकतम 100.3 डेसिबल शोर प्रदूषण दर्ज किया गया और न्यूनतम 72.1 डेसिबल था।
सामान्य दिनों में ध्वनि प्रदूषण का अधिकतम स्तर 65 डेसिबल था, जबकि न्यूनतम 55 डेसिबल पाया गया।
दुर्भाग्य से, लोग बढ़ते शोर प्रदूषण के स्तर की परवाह नहीं करते और उच्च डेसिबल पटाखे खरीदते रहते हैं।
जागरण संवाददाता, आगरा: फतेहाबाद सड़क पर गुरुवार को एक घातक दिन था जब कई घातक दुर्घटनाएं हुईं।
ताजगंज के कलल खेदिया के पास पुलिस की जीप ट्रक से टकरा गई। इंस्पेक्टर आरपी सिंह यादव की मौत हो गई।
गुरुवार रात, नागला देवहन दौकी गांव में, एक ट्रक ने ग्रामीण हरिम को सड़क पार करते समय टक्कर मार दी।
उनकी मृत्यु के कारण गांव के लोगों ने फतेहाबाद की सड़क को अवरुद्ध कर दिया।
पुलिस घटनास्थल पर पहुंची और दो घंटे तक चलने वाले जाम को साफ कर दिया।
शव को शवगृह में रखने के बाद बामरूली कटारा पुलिस स्टेशन के कांस्टेबल रविंद्र और राम नरेश बाइक पर लौट रहे थे।
टोरा पुलिस स्टेशन के पास, बाइक ने केंद्रीय आरक्षण को टक्कर मार दी और दोनों घायल हो गए।
रात के लगभग दो बजे, बामरावली के प्रभारी कटारा चौकी और रजिस्ट्रार पाल सिंह यादव घायल कांस्टेबलों को जीप से दौकी ले जा रहे थे।
कलल खेदिया जा रहे थे कि एक ट्रक ड्राइवर, जो उनके आगे था, अचानक ब्रेक लगा दिया।
तेज गति से चलने वाली जीप ट्रक के पीछे टकरा गई।
जीप का सामने का भाग बुरी तरह क्षतिग्रस्त हो गया था।
चौकी के प्रभारी रजिस्टर पाल सिंह, जो सामने बैठे थे, तुरंत मारे गए।
चालक याकूब और कांस्टेबल अरविंद, रविंद्र और राम नरेश घायल हो गए।
अधिकारी मौके पर पहुंचे और घायलों को एसएन आपातकालीन इकाई में भर्ती कराया।
इंस्पेक्टर ताजगंज हरि मोहन ने बताया कि ट्रक चालक के खिलाफ मामला दर्ज किया गया है।
शुक्रवार को पुलिस लाइन पर निरीक्षक के शव को पूरा सम्मान दिया गया।
परिवार ने अंतिम संस्कार के लिए शव को मेनपुरी ले जाया।
दुर्घटना में मारे गए निरीक्षक, रजिस्टर पाल सिंह के परिवार का निवास कटारा जिले के मुख्य पुलिस स्टेशन, मेनपुरी में है।
मूल रूप से, वह ईटाह के मलाव से आया था।
उनके परिवार में दो बेटे और तीन बेटियां हैं।
उन्हें 3 दिन पहले ही नेहरू नगर हरिपर्वत से बामरूली कटारा स्थानांतरित कर दिया गया था।
हालांकि, गुरुवार को बिजली-निर्भर कारोबार पूरी तरह बंद हो गया।
यहां तक कि बैंकों और कार्यालयों का काम भी प्रभावित हुआ।
बिजली कटौती के कारण पूरे शहर में पानी की कमी थी।
मोबाइल सेवाएं और अन्य कार्य भी प्रभावित हुए।
इसके अलावा मंगलवार सुबह दोधा के सुईगावाड़ी के पास एक पेड़ के गिरने से एक टॉवर क्षतिग्रस्त हो गया।
उधमपुर से 132 केवी की लाइन पूरी तरह से टूट गई।
एनएचपीएस के अधिकारी और कर्मचारी बिजली आपूर्ति बहाल करने के लिए कड़ी मेहनत कर रहे थे।
एनएचपीसी के महाप्रबंधक अरविंद बट ने बताया कि बारिश के बावजूद स्टाफ ने बिजली लाइन की मरम्मत जारी रखी।
शाम 7.30 बजे बिजली आपूर्ति बहाल कर दी गई।
मुद्रास्फीति और कमजोर आर्थिक स्थिति के कारण सोने की थैलियों और सिक्कों की मांग कम हो गई है और इससे इसकी आकर्षण कम हो गया है।
दिल्ली में सोने की कीमत 31,400 रुपये प्रति 10 ग्राम थी। पिछले साल धनतेरस के दौरान यह कीमत 32,485 रुपये प्रति 10 ग्राम थी।
अखिल भारतीय रत्न और आभूषण महासंघ के अध्यक्ष हरश सोनी ने कहा, "कमजोर आर्थिक स्थिति और मुद्रास्फीति के कारण सोने की मांग में भारी गिरावट आई है।"
गीतांजलि समूह के अध्यक्ष और प्रबंध निदेशक मेहुल चौक्शी ने कहा कि सोने की बिक्री में 25 प्रतिशत की गिरावट आई है।
खरीदारों का रवैया बदल गया है।
हमें उम्मीद है कि इस वर्ष हीरे की बिक्री में 25 प्रतिशत की वृद्धि होगी।
पिछले वर्ष की तुलना में इस वर्ष सोने के दाम कम हुए हैं, लेकिन इस धनतेरस में ग्राहक चांदी को खरीदना पसंद करते हैं।
पीएसएस का प्रमुख मनमाने ढंग से बैठकें आयोजित करता है।
बंगाल के पीएसएस रामप्रसाद यादव ने यह आरोप लगाया है और पंचायत राज अधिकारियों से मांग की है कि मुख्यमंत्री को उनके कर्तव्यों से मुक्त किया जाए और सचिव के खिलाफ कार्रवाई की जाए।
उन्होंने कहा कि 4 जुलाई को उन्होंने सचिव और प्रमुख के बारे में शिकायत की थी और परिणामस्वरूप प्रमुख ने उन्हें निलंबित कर दिया था।
उन्होंने पंचायत राज के अधिकारियों को प्रमुख द्वारा की गई अनियमितताओं का प्रमाण प्रदान किया है।
उन्होंने कहा कि पीएसएस की आम बैठक 7 दिन पहले बुलाई गई थी, लेकिन 12 मई को हुई बैठक की जानकारी 8 मई को भेजी गई थी, जो बैठक से एक दिन पहले पीएसएस तक पहुंची थी।
3 जुलाई को हुई पीएसएस की बैठक के बारे में पंचायत स्तर की समिति के अधिकारी को जानकारी नहीं दी गई थी, इसलिए वे बैठक में शामिल नहीं हो सके।
उन्होंने आरोप लगाया कि प्रत्येक सदस्य को बैठक के मिनटों का सारांश भेजने की यह अधिनियम की आवश्यकता थी लेकिन ऐसा नहीं किया जाता है।
3 जुलाई की बैठक में, प्रमुख ने अपने निजी कार्यालय में 13वें वित्त आयोग के निधि को खर्च करने का निर्णय लिया।
इस मामले की जांच की मांग करते हुए उन्होंने 13वें वित्त आयोग के निधि के खर्च को रोकने का अनुरोध किया है।
जब धरती पर बुराई का उदय होता है और बुरे लोग निर्दोष लोगों को यातना देते हैं तो भगवान को इन बुरे लोगों को नष्ट करने के लिए अवतार लेना पड़ता है।
कंसा के अत्याचारों से मथुरा के लोगों को मुक्त करने के लिए भगवान कृष्ण का जन्म हुआ।
महंत नंद किशोर (गाऊ मानसा से) ने गुरुवार को श्रीमद् भागवत सप्ताह के दौरान भारत-पाकिस्तान सीमा पर लालेल सतवारी में लोगों को शांति की इच्छा के साथ भगवान कृष्ण के अवतार की कहानी सुनाई।
उन्होंने कहा कि भगवान कृष्ण ने अपने बचपन में भयानक राक्षसों को मारकर लोगों की शिकायतों को दूर किया।
महंत ने कहा कि आपको अपने मन में कमजोरी को प्रवेश नहीं करने देना चाहिए और अपना मन ईश्वर को समर्पित करना चाहिए।
लोगों को अल्लाह की याद से ही दुख दूर होता है।
उन्होंने कहा कि भारत की तुलना में पाकिस्तान में हीनता की भावना है, जो उन्हें बार-बार गलत रास्ते पर चलने के लिए मजबूर करती है।
उन्हें समझना चाहिए कि हर ऐसे कार्य से वे सीमा के दोनों ओर रहने वाले निर्दोष लोगों को नुकसान पहुंचा रहे हैं।
इस कथा से पहले सैकड़ों तीर्थयात्रियों ने सीमा पर शांति की इच्छा के लिए आयोजित हावन में प्रसाद चढ़ाया।
सैकड़ों तीर्थयात्री हावन और श्रीमद्कथा का रसपान लेने के लिए यहां आ रहे हैं।
लालेयाल सतवारी के सरपंच ने कहा कि इस स्थान पर आने वाले तीर्थयात्रियों के लिए एक लंगर का भी आयोजन किया गया है।
कथा पूरी हो जाएगी और शनिवार को हवाना को अंतिम अर्पित किया जाएगा।
कार्यालय संवाददाता, रूपनगर: भ्रष्टाचार के खिलाफ जन जागरूकता फैलाने के उद्देश्य से रूपनगर सतर्कता इकाई ने स्थानीय खालसा स्कूल में एक संगोष्ठी आयोजित की।
इसमें छात्रों और शिक्षकों के साथ आम जनता ने भी भाग लिया।
रूपनगर सतर्कता ब्यूरो के डीएसपी बलवीर सिंह ने कहा कि अगर आम जनता भ्रष्टाचार के खिलाफ सतर्क होती तो भ्रष्टाचार मुक्त समाज का निर्माण हो सकता है।
लोगों को प्रेरित करते हुए बलवीर सिंह ने कहा कि यदि कोई अधिकारी या कर्मचारी किसी काम के लिए रिश्वत मांगता है तो इसकी शिकायत सतर्कता विभाग को भेजी जा सकती है।
विभाग उस अधिकारी या कर्मचारी को निर्भयतापूर्वक और कानून की पूरी सीमा तक दंडित करेगा।
सुचा सिंह, सरसा नांगल, अमरजीत सिंह भुल्लर और सतर्कता निरीक्षक पाल सिंह ने संगोष्ठी को संबोधित किया।
उन्होंने कहा कि वर्तमान समय में भ्रष्टाचार एक प्रमुख समस्या के रूप में उभरा है।
समाज के प्रत्येक सदस्य को इस पर पूर्ण नियंत्रण रखने के लिए आगे आना पड़ा, क्योंकि भ्रष्टाचार की जड़ें अब इतनी गहरी हो गई हैं कि सरकार द्वारा अकेले कार्य करना इसे उजागर करना और इसे रोकना अब संभव नहीं है।
इस कारण से आम जनता को आगे आना होगा।
इस कार्यक्रम के आयोजकों द्वारा छात्रों और शिक्षकों को उपहार और मिठाई वितरित की गई।
आयोजक समिति के अध्यक्ष बाबा रंजीत सिंह ठाकुर ने कहा कि दिवाली खुशी और खुशी का उत्सव है।
अयोध्या के लोगों ने भगवान राम के निर्वासन से लौटने पर उनके स्वागत के लिए दीपक की तारों को प्रज्वलित किया था।
इस त्योहार को मनाने की परंपरा उस समय से शुरू हुई थी।
उन्होंने छात्रों से भगवान श्री राम के जीवन से प्रेरणा लेने की अपील की।
इस कार्यक्रम में बाल कृष्णा ठाकुर, रमेशचंद्र ठाकुर, उमादुत्त गौतम और रमेश ठाकुर भी मौजूद थे।
31 अक्टूबर को हैलोवीन को पूरी दुनिया में मनाया जाता था।
पश्चिमी देशों के कई लोग मानते हैं कि अपने पूर्वजों की आत्माओं को खुश रखना बहुत जरूरी है क्योंकि अगर ये आत्माएं परेशान हो जाती हैं तो वे नुकसान पहुंचा सकती हैं।
तो, वे इस दिन मनाते हैं।
हेलोवीन की पार्टी में वे बहुत ही असामान्य पोशाक पहने हुए देखे जा सकते हैं।
इतना ही नहीं, कई जगहों पर लोग हैलोवीन की पार्टियां भी आयोजित करते हैं, जहां लोग कई डरावने और अजीबोगरीब कपड़े पहनकर आते हैं।
एक ही हेलोवीन पार्टी में कई अजीब चेहरे देखने को मिलते हैं।
इनमें से कुछ बहुत डरावने हैं, जबकि अन्य बहुत मज़ेदार हैं।
देहरादून रोड में एक आतिशबाजी की दुकान में आग लगने से काफी हलचल मच गई है।
शुक्र है कि आग को समय पर नियंत्रित कर लिया गया।
देहरादून रोड पर दुर्गा मंदिर के पास उमेश सिंह ने अपने होटल के बाहर आतिशबाजी की दुकान लगा दी थी।
लगभग 8:30 बजे अचानक एक रॉकेट आतिशबाजी काउंटर पर उतरा।
कुछ ही समय में आतिशबाजी का काउंटर आग में डूबा हुआ था और आतिशबाजी के विस्फोटों के बीच पूरी दुकान जल गई थी।
उस समय दुकान में ग्राहक थे।
दुकान के मालिक ने अग्निशमन यंत्र और रेत का उपयोग करके आग बुझाने की कोशिश की।
इस बीच, अग्निशमन दल भी आ गया।
दुर्घटना में किसी को चोट नहीं आई।
आतिशबाजी की दुकान में आग लगने से स्थानीय लोगों में काफी हलचल मच गई।
दमकल अधिकारी दानी राम ने कहा कि आग को समय पर नियंत्रण में लाया गया।
इस घटना के बाद बाजार में दुकानदारों से सभी आवश्यक सुरक्षा उपाय करने के लिए सख्ती से अनुरोध किया गया है।
दक्षिण भारत के सिनेमाघरों के अलावा उनकी फिल्मों का सिंगापुर और मलेशिया के सिनेमाघरों में भी बड़ा प्रभाव पड़ता है।
अभिनेत्री का नाम अवनी मोदी है।
अवनी गुजरात के गांधीनगर जिले से हैं।
अवनी बचपन से ही अभिनय में रुचि रखती थीं, लेकिन कॉलेज तक वह अपनी अभिनय कौशल को ठीक करने में सक्षम नहीं थीं।
इस कारण से, उनके कॉलेज के पटकथा लेखक ने एक बार उन्हें कहा था, "अभिनय के बारे में भूल जाओ, क्योंकि आप अभिनय में ए भी नहीं समझते हैं।"
वह अपने स्कूल और कॉलेज की भीड़ में खो गई थी, लेकिन अब वह तमिल फिल्म उद्योग में गुजरात को बहुत प्रसिद्ध बना रही है।
हालांकि, मकान मालिक के आने पर पता चला कि लड़की उसकी रिश्तेदार है।
परिवार के सदस्य बाजार गए तो उन्होंने लड़की को घर पर छोड़ दिया और दरवाजा बंद कर दिया।
लड़की को एक काउंसलर और पुलिस की उपस्थिति में परिवार को सौंप दिया गया है।
सोनी देवी की 14 वर्षीय बेटी सुशील विश्वकर्मा के रिश्तेदार गिरिडीहा से उनके घर आए थे।
सोनी का पति मर गया है।
सुशील की पत्नी अंजलि शुक्रवार को बाजार गई और लड़की को घर में बंद कर रखा।
यहाँ, लड़की रोने लगी।
और शहर के लोग (उस वक्त) दौड़ पड़े
घर के आसपास के लोगों ने तुरंत पुलिस को इस मामले की सूचना दी।
काउंसलर अनुप साव पहुंचे।
अंजलि भी उस समय पहुंच चुकी थी।
उसने कहा कि यह लड़की उसकी रिश्तेदार थी।
चूंकि उसके परिवार की स्थिति बहुत अच्छी नहीं है, इसलिए हम उसकी देखभाल कर रहे हैं।
उनकी मां सुनीता देवी उर्फ सोनी और उनका परिवार गिरिडीह के बेलतंध गांव में रहते हैं।
उनके पिता मंटू विश्वकर्मा का निधन हो गया है।
सोनी, लड़की की मां और उसके चाचा प्रवीण लाल शर्मा को फोन पर झरिया आने के लिए कहा गया।
उसकी माँ और चाचा शाम को पहुंचे।
उनकी मां ने कहा कि उन्होंने अपनी बेटी को उनके रिश्तेदार सुशील विश्वकर्मा और उनकी पत्नी अंजलि के पास भेजा था।
काउंसलर और पुलिस की मौजूदगी में सोनी देवी ने अपनी बेटी को उसके रिश्तेदार के घर से ले जाया।
अंजलि ने कहा, "हम लड़की को हमारे साथ नहीं रख सकते।
अगर कुछ भी गलत हो गया होता तो हम असहाय होते।
घटना में टैक्सी चालक घायल हो गया।
उन्हें सुंदरनगर सिविल अस्पताल में भर्ती कराया गया है।
उसके दोनों पैर टूटे हुए हैं।
पुलिस ने टैक्सी चालक पर लापरवाही से गाड़ी चलाने का आरोप लगाया है और जांच शुरू कर दी है।
सुंदरनगर सिविल अस्पताल में पोस्टमार्टम के बाद शव को परिजनों को सौंप दिया गया।
सुबह करीब साढ़े तीन बजे जब टैक्सी सुंदरनगर के चतुरखाड़ी पहुंची तो चालक अचानक सो गया।
इस कारण तेज रफ्तार वाली टैक्सी राजमार्ग के किनारे स्थित एक यूकालिप्टस पेड़ से टकरा गई।
सियाल (मनाली) निवासी सुभाष चंद के पुत्र चन्द्र किरण और चालक गंगा देवी गंभीर रूप से घायल हो गए।
एक कार के पेड़ से टकराने की आवाज सुनकर, आसपास के निवासी घटनास्थल पर आए और तुरंत पुलिस को सूचित किया।
पुलिस काफी मुश्किल से गंगा और चंद्र किरण को क्षतिग्रस्त कार से निकालने में कामयाब रही और उन्हें सुंदरनगर सिविल अस्पताल ले गई।
डॉक्टरों ने गंगा देवी को मृत घोषित कर दिया।
गंगा मुंबई में अपनी बहन से मिलने जा रही थी, और इसलिए वह चंडीगढ़ जा रही थी, उस दोपहर बाद में एक उड़ान भरने के लिए।
इस मामले को उपनिरीक्षक सुरेन्द्र कुमार संभाल रहे हैं।
डी.एस.पी. कुलभूषण वर्मा ने इस त्रासदी की पुष्टि की।
छापेमारी टीम में एडीसीपी सिटी II अम्रीक सिंह पवार, एसीपी पश्चिम दिलबाग सिंह, एमएचओ कांत इकबाल सिंह और एक सौ से अधिक अन्य पुलिस अधिकारी शामिल थे।
जेल में तीन घंटे तक तलाशी ली गई, लेकिन पुलिस को न तो नशीली दवाएं मिली और न ही मोबाइल फोन।
तीन घंटे बाद पुलिस खाली हाथ लौटी।
तीनों सीटों के उम्मीदवारों की घोषणा की गई है।
पार्टी द्वारा जारी सूची में कैंट, उत्तर-मध्य, पूर्व, पतंजलि और बरगी विधानसभा सीटों से उम्मीदवार घोषित किए गए हैं।
भारतीय जनता पार्टी ने गुरुवार को 147 विधानसभा सीटों के लिए अपने उम्मीदवारों की घोषणा की है।
सूची में केवल वे नाम हैं जिनके बारे में पहले अटकलें लगाई गई थीं।
भाजपा द्वारा जारी की गई सूची के अनुसार, कान्ट से ईश्वरदास रोहानी, उत्तर-केंद्र से शरद जैन, पूर्व से आंचल सोनकर, पाटन-मजौली से अजय विष्णु और बरगी से प्रतिभा सिंह को शामिल किया गया है।
भाजपा द्वारा तैयार की गई सूची में उत्तर-मध्य और बरगी विधानसभा को छोड़कर, जो उम्मीदवार पहले ही चुने गए थे, उनमें से कुछ थे, जहां उम्मीदवारों को बदलने के लिए लंबे समय तक बातचीत जारी रही।
पूर्व विधानसभा सीट को छोड़कर अन्य सीटों के उम्मीदवार अपने-अपने सीटों के विधायक हैं।
केवल अंचल सोनकर पूर्व क्षेत्र के पूर्व विधानसभा सदस्य थे।
उम्मीदवारों की इस घोषणा के बाद, श्रमिकों ने अपने-अपने क्षेत्रों में जश्न मनाया।
विधानसभा के बाकी उम्मीदवारों के बारे में निर्णय दिवाली के बाद ही लिया जाएगा।
सूत्रों के अनुसार, जहां जाति के कारण कुछ विरोध या समस्याएं हैं, वहां विधानसभा सीटों पर नए उम्मीदवारों को अंतिम रूप दिया जा सकता है।
लगभग 276 पार्टी कार्यकर्ता शुक्रवार को दिल्ली जाकर विधानसभा के लिए स्थानीय उम्मीदवार को टिकट देने की मांग करेंगे।
ये सभी पार्टी कार्यकर्ता राष्ट्रीय अध्यक्ष राजनाथ सिंह, संगठन सचिव रामलाल, पूर्व अध्यक्ष नितिन गडकरी, एम.पी. के प्रभारी अनंत कुमार और राष्ट्रीय युवा विंग के अध्यक्ष अनुराग ठाकुर से मिलेंगे।
हालांकि, अधिकारियों ने खुदाई में किसी भी पत्थर के बारे में कुछ नहीं कहा है।
शबनम सरकार ने कहा है कि पत्थर मिल गया है और जैसे ही इसे तोड़ दिया जाएगा, एसएसआई अधिकारियों को खजाने के बारे में सच्चाई पता चल जाएगी।
मीडिया से बात करते हुए शोभन सरकार कई बार गुस्सा हो गए और अपने बयानों में भी बदलाव किया।
एक बार उन्होंने कहा था कि अगर यह ऑपरेशन सेना द्वारा किया जा रहा था तो सच्चाई पहले ही पता चल चुकी होगी।
उसी समय उन्होंने कहा, और यह कहकर सभी को चौंका दिया कि जब तक उन्हें खुदाई स्थल पर नहीं बुलाया जाता तब तक सोना नहीं मिलेगा।
जब उनसे उनकी टिप्पणी में अंतर के बारे में पूछा गया तो वे नाराज हो गए और उन्होंने सरकार और एसएसआई पर आरोप लगाना शुरू कर दिया, यह कहते हुए कि खुदाई स्थल पर वास्तव में क्या किया जा रहा है और मीडिया को वहां प्रवेश करने से प्रतिबंधित किया जा रहा है।
हमने खुदाई का लाइव प्रसारण करने की मांग की थी।
हालांकि, वह इस बात से सहमत थे कि एसएसआई की खुदाई टीम सही जगह पर खुदाई कर रही है, जैसा कि उन्होंने संकेत दिया था।
इस बीच, एक दिन के आराम के बाद एसएसआई टीम ने आज फिर से खुदाई शुरू की है लेकिन एक सेंटीमीटर भी प्रगति नहीं कर सकी है।
सहायक जिला कलेक्टर विजय शंकर दुबे ने कहा कि आज एसएसआई की टीम ने पूरे दिन 4.80 मीटर के क्षेत्र की सफाई की।
यदि टाटा वर्कर्स यूनियन टाटा स्टील कर्मचारियों के तिमाही विस्तार के मुद्दे का कोई स्थायी समाधान प्रदान करने में सक्षम नहीं है, तो महासचिव को एक त्वरित मांग बैठक की तारीख तय करनी होगी।
यदि ग्रेड संशोधन पर निर्णय समय ले रहा है, तो इन कर्मचारियों को कुछ अंतरिम राशि प्रदान करने के प्रयास किए जाएंगे।
इन दो मांगों के साथ करीब दस यूनियन सदस्यों ने शुक्रवार शाम महासचिव बी.के. दींदा से मुलाकात की और एक प्रस्ताव रखा।
बोलते हुए, दींदा ने कहा कि शुक्रवार को प्रबंधन और संघ के बीच विस्तार के मुद्दे पर चर्चा नहीं की जा सकी।
शनिवार को एक कार्यालय धारक की बैठक होगी, जिसमें इस मुद्दे पर चर्चा की जाएगी।
महासचिव से मिलने गए लोगों में गुलाम मोईनूद्दीन, मनजीत सिंह, सरोज पांडे, महेंद्र सिंह, धर्मेंद्र उपाध्याय, लाल बहादुर उपाध्याय, रविशंकर पांडे, मुनेश्वर पांडे और गिरीश शामिल थे।
कॉरपोरेट सेवा उप उपराष्ट्रपति शहर में थे लेकिन संघ के अधिकारियों से मिल नहीं सके।
इस मुद्दे पर शायद अब सोमवार को चर्चा होगी।
सभी समिति के सदस्य, साथ ही कर्मचारी भी कार्यालय के मालिकों से मिले और उन्हें अपनी समस्याओं के बारे में बताया।
इस पत्र में आवेदन पत्र के लिए आवेदन की तारीख के बारे में कोई सूचना प्रकाशित नहीं की गई थी, जिससे श्रमिकों में कुछ भ्रम पैदा हुआ।
दीपावली का त्योहार आज से शुरू हुआ है।
धनतेरस या छोटी दीपावली शुक्रवार को है।
दिवाली के घरों की सजावट के साथ-साथ सुंदर रंगोली भी आकर्षण का विषय हैं।
घरों के सामने या आंगन में सुंदर रेंगोलियां घरों को और भी सुंदर बनाती हैं।
इस अवसर पर हमने गुजरात की कुछ तस्वीरें चुनी हैं।
इन सुंदर रंगोली को बनाकर आप अपने घर को भी सुंदर बना सकते हैं।
इन अधिकारियों को पहले ही संयुक्त सचिव के पद पर पदोन्नत किया जा चुका है और उनके वर्तमान पदों को संयुक्त सचिव के स्तर पर अपग्रेड किया गया है।
नंगल जिले के दीपक वर्मा और अन्य ने फीस वृद्धि के खिलाफ उच्च न्यायालय में याचिका दायर की थी। अधिवक्ता धीराज चावला ने कहा कि उच्च न्यायालय से सूचना बीबीएमबी अधिवक्ता कुलदीप तिवारी से प्राप्त हुई थी।
इस सूचना के उत्तर की तारीख 12 नवंबर तय की गई है।
यह ध्यान दिया जाना चाहिए कि बीबीएमबी ने बीबीएमबी के छात्रों के लिए दो साल बाद फीस में वृद्धि पिछले महीने ही की थी।
इस कारण माता-पिता ने उच्च न्यायालय में अपील की।
दो साल पहले जब फीस बढ़ाई गई थी, तो माता-पिता ने इसके खिलाफ सड़कों पर प्रदर्शन किया और उसके बाद ही फीस में थोड़ी कमी आई।
जब फीस एक बार फिर बढ़ी तो माता-पिता गुस्से में आ गए।
नए कार्यकाल के 5 महीने बाद अचानक फीस में संशोधन से माता-पिता हैरान हैं।
बैठकों के बाद, माता-पिता ने स्कूल द्वारा उठाए गए कदमों के खिलाफ प्रदर्शन किया।
इसके बावजूद स्कूल ने कोई प्रतिक्रिया नहीं दी और आखिरकार माता-पिता को उच्च न्यायालय जाना पड़ा।
माता-पिता ने कहा कि फीस में बार-बार संशोधन करना उचित नहीं है।
इससे न केवल बच्चों की शिक्षा पर असर पड़ता है बल्कि माता-पिता के व्यवसाय पर भी असर पड़ता है।
मुख्यमंत्री ने कहा कि विकास कार्य को सरकारी कार्यों में पारदर्शिता के साथ किया जाना चाहिए।
उन्होंने कहा कि योजनाओं के कार्यान्वयन में कोई अनियमितता बर्दाश्त नहीं की जाएगी।
इससे पहले, ब्लॉक सहकारी अधिकारी को सभी पंचायतों को प्रदान किए गए बिलों की सूची, हरित क्रांति योजना के तहत श्रीविधि किसानों की सूची और इस योजना के तहत प्राप्त राशि की विस्तृत जानकारी प्रदान करने का निर्देश दिया गया था।
बैठक में यह आदेश दिया गया कि पैरा शिक्षकों को भवन निर्माण के कार्य में संलग्न नहीं किया जाएगा।
बीईईओ को ब्लॉक में निर्माणाधीन स्कूलों की सूची प्रदान करने के लिए कहा गया था।
स्वास्थ्य विभाग और सीडीपीओ की अनुपस्थिति में बैठक में शामिल होने के लिए आए प्रतिनिधियों को बैठक हॉल में बैठने की अनुमति नहीं दी गई।
सदन का निर्णय था कि विभाग के प्रतिनिधि केवल पूर्ण संख्या को पूरा करने के लिए बैठक में उपस्थित होते हैं और उन्हें पूरी जानकारी नहीं दी जाती है।
इस बैठक में आपूर्ति, पेयजल, स्वच्छता और स्वास्थ्य सहित कई विभागों की समीक्षा की गई।
इस बैठक में संसदीय प्रतिनिधि प्रो. प्रवीण चौधरी ने कहा कि सहकारी विभाग को हरित क्रांति के लाभार्थियों के लिए धनराशि प्रदान करनी चाहिए ताकि किसान आगे बढ़ सकें।
उन्होंने सहकारी विभाग की गतिविधियों की उच्च स्तरीय जांच पर जोर दिया।
हिटलर की आत्मकथा "मेन काम्फ" में लिखा है कि झूठ का आकार ही विश्वास का मुख्य कारण है।
लोग अपने मस्तिष्क की आदिम सादगी के कारण छोटे झूठ की तुलना में बड़े झूठ को अधिक आसानी से स्वीकार करते हैं।
आपातकाल के दौरान कांग्रेस नेता देवंत बरुआ ने "इंदिरा भारत है" का नारा दिया।
लेकिन ऐतिहासिक तथ्य अलग हैं।
राष्ट्र निर्माण का गौरवशाली इतिहास है।
भारत के लोगों ने अपने सक्रिय प्रयासों से देश को विश्व प्रसिद्ध बना दिया है।
दर्शन और संस्कृति के वैदिक ऋषि कपिल, बुद्ध, महावीर और शंकर ऐसे उल्लेखनीय पूर्वज हैं।
चंद्रगुप्त मौर्य, अशोक आदि जैसे राजवंश प्राचीन राष्ट्रीय एकता के उदाहरण हैं।
ऐसे कई प्रसिद्ध लोगों की सूची है जिन्होंने विदेशी सशस्त्र आक्रमणों और शासकों के खिलाफ लड़ाई लड़ी।
विवेकानंद, दयानंद, तिलक, गांधी, सुभाष, पटेल, लोहिया, बिपिनचंद्र, आंबेडकर आदि, भगत सिंह, चंद्रशेखर आजाद अमर शहीदों की एक लंबी सूची बनाते हैं, लेकिन कांग्रेस ने राष्ट्र निर्माण का श्रेय केवल नेहरू-गांधी परिवार को ही दिया है।
जितना बड़ा झूठ उतना ही प्रभावी है।
58 केंद्रीय योजनाओं में से 16 योजनाओं में राजीव गांधी का नाम है।
अन्य योजनाओं, पुरस्कारों, हवाई अड्डों और संस्थानों की सूची जो नेहरू परिवार के नाम से जुड़ी हुई है, लंबी है।
अब पब्लिक डिस्ट्रीब्यूशन सिस्टम यानी पीडीएस योजना का नाम भी इंदिरा गांधी के नाम पर रखने की तैयारी हो रही है।
ऐसे प्रतिष्ठित पुरुषों के नाम प्रेरणादायक रहे हैं।
इनका नामकरण सड़कों, विश्वविद्यालयों या हवाई अड्डों पर स्वागत है, लेकिन राष्ट्रीय राजधानी के अंतरराष्ट्रीय हवाई अड्डे की ग्रामीण आवास योजना को नामित करना किसी भी परिस्थिति में स्वीकार्य नहीं है।
सार्वजनिक वितरण प्रणाली पहले ही बदनाम हो चुकी है।
इस योजना के नाम पर वोट मांगने से कांग्रेस को कौन रोक रहा है?
लेकिन जब नामकरण की बात आती है तो नेहरू परिवार से परे देखने में क्या समस्या है?
प्रधानमंत्री मनमोहन सिंह और मुख्य विपक्षी दल के प्रधानमंत्री पद के उम्मीदवार नरेंद्र मोदी के बीच सरदार पटेल की महानता के बारे में कई प्रतिस्पर्धी तर्क आदान-प्रदान किए गए।
पटेल एक महान राष्ट्र निर्माता हैं।
उन्होंने 562 राज्यों को एक राष्ट्र में मिला दिया।
पटेल सभी के हैं, पूरे भारत के लोग उनसे प्यार करते हैं, लेकिन कांग्रेस ने उन्हें अपनी संपत्ति बना दिया है।
सार्वजनिक वितरण प्रणाली का नाम भी पटेल के नाम पर रखा जा सकता है।
इससे पटेल की अहमियत पर कोई असर नहीं पड़ेगा।
कांग्रेस लंबे समय से सत्ता में है।
इन योजनाओं का राजनीतिकरण कांग्रेस ने ही किया था।
कांग्रेस एक समय एक लोकतांत्रिक पार्टी थी, जिसमें तिलक, गोखले, गांधी, सुभाष, राजेंद्र प्रसाद, नेहरू, पटेल और मदन मोहन मालवीय जैसे लोकतांत्रिक नेता थे। 1950 से यह एक ही परिवार के नियंत्रण में आ गया है।
पार्टी और परिवार समानार्थी हो गए हैं।
परिवार और देश को समानार्थक घोषित करने के लिए 'इंदिरा इज इंडिया' का नारा बनाया गया था।
योजनाओं का नामकरण भी एक घरेलू मामला बन गया है।
सरकारी योजनाएं देश के करदाताओं के संचित राजकोष से संचालित होती हैं।
राष्ट्र का राजकोष कांग्रेस के किसी भी परिवार की संपत्ति नहीं है।
कांग्रेस के उदाहरण के अनुसार प्रत्येक पार्टी ने अपने-अपने प्रतीक बनाए।
क्षेत्रीय पार्टियां राजनेताओं के नाम पर अपनी इच्छा के अनुसार योजनाएं चलाती थीं।
हर किसी के पास आइकन होते हैं, लेकिन पार्टी आइकनों की सूची बढ़ती ही रही।
वर्तमान में हर छोटी या बड़ी पार्टी का अपना प्रतीक है।
सरकारी योजनाएं अमेरिका में राजनीतिक नेताओं के नाम पर नहीं चलती हैं।
भारत में उनका औचित्य दयनीय है।
केंद्र ने नेहरू परिवार के नाम पर सभी योजनाओं का श्रेय लेने की योजना बनाई है।
महात्मा गांधी, पटेल, सुभाष चंद्र बोस या भगत सिंह के नाम की योजनाओं को कांग्रेस की पहचान से नहीं जोड़ा जा सकता।
कांग्रेस अपनी विरासत से दूर हो गई है।
कांग्रेस के लिए केवल राहुल-सोनिया के उपदेश या संदेश काम करते हैं।
बेशक अन्य पार्टियां भी अपनी योजनाओं को इसी तरह से नाम देती हैं, लेकिन वे हर योजना के लिए एक परिवार के नाम पर नहीं टिकतीं।
सामाजिक कल्याण योजनाओं का राजनीतिकरण निंदनीय है।
उत्तर प्रदेश में वितरित लैपटॉप पर सपा प्रमुख की तस्वीर है।
बेशक, मतदाता बहुमत जीतने वाली पार्टी को नीति बनाने का अधिकार देते हैं।
सरकार अपने कर्तव्यों की योजना और कार्यान्वयन के लिए बाध्य है, लेकिन करदाता और मतदाता निश्चित रूप से सरकार को योजनाओं का नाम देने का अधिकार नहीं देते हैं।
मतदाताओं को राजनीति से नहीं, बल्कि सरकार से शासन की अपेक्षा है, और करदाताओं को राजकोष का उचित पारदर्शी उपयोग की अपेक्षा है।
राजकोष का दुरुपयोग संवैधानिक अपराध है।
किसी प्रकार का नामकरण प्रोटोकॉल विकसित करना होगा।
राजनीतिक नेता हर चीज का समाधान नहीं हैं।
भारत बहु-प्रतिभाशाली प्रतिभाओं से भरा हुआ है।
उच्च शिक्षा/अनुसंधान संस्थानों के नाम प्रतिभाशाली भारतीय वैज्ञानिकों के नाम पर रखे जाने चाहिए।
साहित्य, दर्शन या कला संस्थानों के लिए किसी दार्शनिक या प्रतिष्ठित लेखक का नाम सराहा जाएगा।
राजनीति में इतिहास की समझ की कमी है।
संविधान सभा में देश के नामकरण पर भी लंबी बहस हुई।
सेठ गोविंददास, कमलापति त्रिपाठी ने 'भारत' को आगे रखा।
भारत नाम को 38 और भारत को 51 वोट मिले।
मूल प्रश्न यह है कि योजनाओं के नामकरण पर गंभीरता से क्यों नहीं विचार किया जाता है?
राजनीति हमेशा इसमें क्यों शामिल होती है?
एक परिवार को इतना महत्व क्यों दिया जाता है?
सार्वजनिक रूप से स्वीकृत सामान्य नामों की सूची क्यों नहीं बनाई जाती?
सूची बनाने के लिए संसद और विधायिका की संयुक्त समितियों का भी उपयोग किया जा सकता है।
योजनाओं के नामकरण में राष्ट्रीय और राज्य दोनों स्तरों पर भारी लापरवाही क्यों है?
इस लापरवाही के कारण युवा पीढ़ी हमारे स्वतंत्रता सेनानियों के नाम भूल रही है।
विभिन्न प्रकार के हीरो होते हैं।
कुछ टीवी द्वारा बनाए गए हैं और ज्यादातर राजनीतिक पूर्वाग्रहों से प्रेरित हैं।
नामकरण एक संज्ञानात्मक अभ्यास है।
ऋग्वेद के ज्ञानसुक्ता में नामकरण को ज्ञान की शुरुआत कहा गया है।
योजनाओं का सही नाम देना प्रेरणादायक हो सकता है।
सामान्य ज्ञान पुस्तकों से महान लोगों के नाम याद रखना श्रम का काम है, लेकिन सरकारी योजनाओं, सड़कों या महत्वपूर्ण स्थानों को प्रेरणादायक व्यक्तित्वों के नाम पर नामित करना इतिहास की भावना को पुनर्जीवित करने का सबसे आसान साधन है।
गांधी नगर, पटेल हवाई अड्डा, अम्बेडकरपुरम या विवेकानंदपुरम जैसे नाम ऐतिहासिक प्रेरणा देते हैं।
दो-तीन महीने पहले किए गए एक हालिया सर्वेक्षण में यह पता चला कि देश के आधे गांव और शहर राम के नाम से जुड़े हैं।
देश, काल, संस्कृति, सभ्यता और इतिहास के नामकरण में अतिरिक्त सतर्कता की आवश्यकता है।
उनके नाम विशिष्ट अभिव्यक्ति और दृष्टिकोण के प्रतिनिधि बन जाते हैं।
दयानंद, विवेकानंद और गांधी के नाम क्रमशः सामाजिक सुधार, वैदिक दर्शन सत्य और अहिंसा के पर्याय हैं।
कांग्रेस के मित्रों से अनुरोध है कि वे एक ही परिवार के नामों की तलाश करने की अपनी लत को दूर करें।
भारतीय इतिहास में कई ऐसे नाम हैं जिनकी चमक सुनहरी होती है।
मोटर वाहन दुर्घटना दावों के न्यायाधिकरण ने महाराष्ट्र के पूर्व मंत्री श्रीकांत जिचकर के परिवार को 50.67 लाख रुपये का मुआवजा देने का आदेश दिया है, जो 2004 में सड़क दुर्घटना में मारे गए थे।
परिवार ने 25.82 करोड़ रुपये की मांग की थी।
परिवार ने कहा था कि महाराष्ट्र राज्य सड़क परिवहन निगम (एमएसआरटीसी) के बस चालक की लापरवाही के कारण 2 जून 2004 को जिचकर की मौत हुई थी।
एमएसआरटीसी को मुआवजा देने का आदेश देने के साथ ही ट्रिब्यूनल ने कहा कि बीमा कंपनी को कुछ भी भुगतान नहीं करना चाहिए क्योंकि कार खुद जिचकर की थी।
जिचकर के व्याख्याता मित्र श्रीराम धवध के परिवार को 21.60 लाख रुपये का मुआवजा भी मिलेगा।
उसी दुर्घटना में उनकी भी मृत्यु हो गई।
इसमें से लगभग 70 प्रतिशत राशि (₹ 15.12 लाख) एमएसआरटीसी द्वारा भुगतान की जाएगी।
जिचकर की कार के ड्राइवर को भी लापरवाही का दोषी पाया गया और इसलिए शेष 30 प्रतिशत (6.48 लाख रुपये) पूर्व मंत्री के परिवार द्वारा भुगतान किया जाएगा।
इस दौरान उन्होंने पार्टी समर्थकों और सदस्यों की संयुक्त गतिविधियों पर चर्चा की।
गोजमो संगठनात्मक समिति के अध्यक्ष तिलक गुरुंग ने कहा कि गोजमो प्रमुख ने विभिन्न मुद्दों पर चर्चा करने के लिए गुरुवार को अस्थायी कर्मचारी संगठन, स्थायी कर्मचारी संगठन और संगठन के भूटिया और तिब्बती सदस्यों से मुलाकात की।
इस मौसम में जुड़वां शहर के लोग अंधेरे में दिवाली मना सकते हैं।
जो लोग समय सीमा के भीतर बिजली का बिल नहीं चुका पाए हैं।
डिस्कनेक्शन नियत तिथि के 15 दिन बाद किया जा रहा है।
कैंट और बेबीयल सबस्टेशन से उपखंड संख्या एक और दो से सैकड़ों कनेक्शन डिस्कनेक्ट हो गए हैं।
इस कारण बिजली कार्यालयों में उपभोक्ताओं की भीड़ बढ़ रही है।
उपभोक्ता परेशान हैं।
समस्या यह है कि पावर कॉरपोरेशन अंश-भुगतान स्वीकार नहीं कर रहा है।
निगम बिल के 80 से 90% भुगतान को अंशतः स्वीकार कर रहा है।
उपखंड संख्या एक के कार्यालय में एसडीओ ने एक सूचना भी लगाई है जिसमें कहा गया है "आंशिक भुगतान जमा करने के लिए कहकर हमें शर्मिंदा न करें।"
अंबाला ऑपरेशन सर्कल के एसई के अनुसार, पावर कॉर्पोरेशन ने उपभोक्ताओं के बारे में दयालुता से सोचना बंद कर दिया है।
अब उन्हें अपनी आने वाली बिलों का भुगतान नियत तारीख में करना होगा, अन्यथा निगम बिल की नियत तारीख के 15 दिन बाद उनकी बिजली काट देगा।
अंबाला सर्कल को उत्तर हरियाणा विद्युत वितरण निगम से 102 करोड़ रुपये का लक्ष्य प्राप्त हुआ है।
सभी उप-विभागों के कार्यकारी अभियंता और एसडीओ को लक्ष्य को पूरा करने का आदेश दिया गया है।
31 अक्टूबर इस लक्ष्य के लिए समय सीमा थी और इसे पूरा नहीं किया जा सका।
शुक्रवार को सरकार ने सोने पर आयात शुल्क घटाकर प्रति 10 ग्राम 440 डॉलर कर दिया और चांदी पर आयात शुल्क बढ़ाकर 738 डॉलर प्रति किलोग्राम कर दिया।
यह परिवर्तन दोनों कीमती धातुओं के अंतरराष्ट्रीय मूल्य में उतार-चढ़ाव को ध्यान में रखते हुए किया गया है।
कीमती धातुओं के मूल्य पर सीमा शुल्क लगाया गया है।
दो दिन पहले सोने पर आयात शुल्क बढ़ाकर 442 डॉलर प्रति 10 ग्राम कर दिया गया था, जबकि चांदी की लागत मूल्य 699 डॉलर प्रति किलोग्राम पर स्थिर रखी गई थी।
आम तौर पर कीमती धातुओं की कीमतों की समीक्षा हर दो सप्ताह में की जाती है, लेकिन अंतरराष्ट्रीय कमोडिटी बाजार में अस्थिरता के कारण इन कीमतों में बदलाव किया गया है।
इस संबंध में आधिकारिक बयान के अनुसार, केंद्रीय उत्पाद शुल्क एवं सीमा शुल्क बोर्ड ने एक अधिसूचना जारी की है।
कीमती धातुओं के अलावा पीतल के टुकड़े की कीमत, जो कल तक 3,933 डॉलर प्रति टन थी, घटाकर 3,840 डॉलर प्रति टन कर दी गई है।
आयातित कच्चे वनस्पति तेलों जैसे सोया बीन तेल, आरबीडी पाम तेल और अन्य की कीमत में भी वृद्धि की गई।
जब बिना टिकट वाले यात्रियों पर कार्रवाई शुरू हुई तो यात्रियों की संख्या बढ़कर 39,000 हो गई।
जयपुर. यात्रियों की कमी के कारण रेलवे प्रशासन ने ट्रेनों में गहन जांच शुरू की और इसके परिणामस्वरूप एक ही महीने में यात्रियों की संख्या बढ़कर 39,000 हो गई है।
रेलवे प्रशासन का मानना है कि बिना टिकट के यात्री अब पकड़े जाने की चिंता कर रहे हैं और अब वे टिकट लेकर यात्रा कर रहे हैं।
रेलवे के सीपीआरओ, तरुण जैन ने कहा कि पिछले साल अक्टूबर महीने में आरक्षित श्रेणी में 9 लाख 75 हजार और अनारक्षित श्रेणी में 88 लाख 13 हजार यात्रियों ने यात्रा की।
इस साल अक्टूबर में बिना टिकट वाले यात्रियों के खिलाफ अभियान शुरू किया गया था, जिसके परिणामस्वरूप रिजर्व श्रेणी में 11,000 और गैर-रिज़र्व श्रेणी में 28,000 यात्रियों की वृद्धि हुई है।
इस वर्ष अक्टूबर महीने में आरक्षित श्रेणी में 9 लाख 86 हजार और अनारक्षित श्रेणी में 88 लाख 41 हजार यात्रियों ने यात्रा की है।
उन्होंने कहा कि रेलवे प्रशासन ने रेलवे स्टेशनों के प्रवेश और निकास पर, ट्रेनों के अंदर टिकटों की जांच शुरू कर दी है और एक डिवीजन के कर्मचारियों ने दूसरे डिवीजन के लिए टिकट की जांच की।
इसने अनधिकृत यात्रियों की संख्या कम कर दी है।
सुप्रीम कोर्ट के फैसले से आहत हुए ग्रामीण विकास मंत्री जयराम रमेश ने कहा कि अदालत द्वारा अपनी शक्तियों से अधिक का अभ्यास खतरनाक है।
गुरुवार को अदालत ने एक फैसले में कहा कि सिविल सेवकों को अपने राजनीतिक मालिकों के मौखिक आदेशों पर कार्य नहीं करना चाहिए।
जयराम ने शुक्रवार को कहा कि अदालतों के लिए अपनी शक्तियों से अधिक कार्य करना और अधिकारियों और सरकार का काम अपने हाथों में लेना सही नहीं है।
केरल के कन्नूर में आयोजित "मीट द प्रेस" में जयराम ने कहा कि यह कोई निर्णय नहीं है।
यह सर्वोच्च न्यायालय का मौखिक आदेश है।
इसके लिए केंद्र सरकार के सिविल सेवा स्थापना बोर्ड पहले से ही स्थापित है।
सेवानिवृत्त अधिकारियों के एक समूह के अचानक खुलासे के परिणामस्वरूप ऐसे कई निर्णय होंगे।
उन्होंने कहा, "यह एक खतरनाक प्रवृत्ति है जो सेवानिवृत्त अधिकारियों और सामाजिक कार्यकर्ताओं द्वारा बढ़ावा दी जाती है।
उन्होंने सुप्रीम कोर्ट पर जोरदार हमला करते हुए कहा, "सर्वोच्च न्यायालय देश में लोकतंत्र और एक खुला वातावरण चाहता है, लेकिन जब न्यायाधीशों की नियुक्ति की बात आती है तो सब कुछ अलग रखा जाता है।
उन्होंने उन अधिकारियों के खिलाफ दृढ़ता से खड़ा होकर कहा कि जो अधिकारी नौकरशाही के राजनीतिक प्रभुओं द्वारा अपमानित किए जाने के खिलाफ सर्वोच्च न्यायालय के हस्तक्षेप के लिए याचिका दायर करते हैं, वे बड़ी संख्या में सार्वजनिक हित याचिकाएं दायर कर रहे हैं, भले ही उन्होंने राजनीतिक प्रभुओं की बहुत अच्छी सेवा की थी जब वे पद पर थे।
अब, उनकी सेवानिवृत्ति के बाद वे अचानक यह तय कर लेते हैं कि सभी राजनेता पागल हैं।
कोन्नूर देश का पहला जिला है, जहां अब कोई भी परिवार भूमिहीन नहीं है।
केंद्रीय ग्रामीण विकास मंत्री जयराम रमेश ने घोषणा की है कि प्रत्येक गरीब परिवार के पास घर बनाने के लिए कम से कम 3 सेंट (लगभग 120 वर्ग मीटर) भूमि होनी चाहिए।
यह एक ऐतिहासिक कदम है।
उन्होंने सभी राज्यों से केरल राज्य में भूमि वितरण के उदाहरण से सबक सीखने की अपील की।
उन्होंने कहा कि ऐसे निर्णयों के लिए राजनीतिक इच्छाशक्ति और मजबूत निर्णय लेने की आवश्यकता होती है।
सात साल पहले, सुप्रीम कोर्ट ने पुलिस सुधार पर एक आदेश जारी किया।
यह आदेश इसी प्रकार का था।
अपने आप से पूछिए कि क्या उन आदेशों का पालन राज्यों में किया गया था?
अपराधी मोहनपुर-इटवा रोड पर खड़ा था, जो बोधगया-बकराउर पुल से होकर गुजरता है।
पुलिस स्टेशन के अधिकारी कन्हिया सिंह ने बताया कि ट्रक चोरों ने ट्रक चालक संजय यादव और क्लीनर के हाथ बांधकर उन्हें जंगल में रखा था।
गुरुवार को ट्रकों की गहन जांच की गई।
जब पुलिस बकराऊर-बोधगया पुल पर पहुंची तो चोर चोरी की गई ट्रक में भागने लगे।
पुलिस ने ट्रकों के साथ दो चोरों को भी पकड़ लिया।
बोधगया जिले के कुलहौरा गांव के दिनेश पासवान और धधनावा के प्रमोद को पुलिस ने आगे की पूछताछ के लिए हिरासत में लिया था।
पुलिस प्रमुख ने कहा कि इन अपराधियों का एक बड़ा गिरोह है।
प्रमोद इस गिरोह का मुख्य गुरु है।
प्रमोद ने अन्य अपराधियों के बारे में जानकारी दी।
प्रधानाध्यापक संजय कुमार, पुणेथ कश्यप, दीना नाथ, कुलदीप कुमार, पूनम शर्मा, सुनीता और मृदुला शर्मा और अन्य उपस्थित शिक्षकों ने छात्रों को उनकी उपलब्धियों पर बधाई दी।
इस दिवाली बाजार में विभिन्न प्रकार के पटाखे उपलब्ध हैं, जिन पर आपके पसंदीदा राजनेताओं के नाम हैं।
अगर आप सोनिया, मोदी और राहुल गांधी के नाम के पटाखे नहीं खरीदना चाहते हैं तो चिंता न करें, बाजार में नीतीश ब्रांड के पटाखे भी उपलब्ध हैं।
यदि आप अभी भी संतुष्ट नहीं हैं और इन नामों के बारे में आप में कुछ संदेह है, तो बाजार में अन्य विकल्प उपलब्ध हैं।
इस बार जब आप अपने बच्चों के लिए पटाखे खरीदने बाजार जाएंगे, तो आप खाली हाथ नहीं लौटेंगे।
यदि आप बिहार के मुख्यमंत्री नीतीश कुमार के नाम से पटाखे नहीं खरीदना चाहते हैं तो आप निश्चित रूप से पूर्व उपमुख्यमंत्री सुशील मोदी के नाम से ग्राउंड राउंड [S1] खरीदेंगे।
अगर आप अपने बच्चों के लिए किसी भी राजनेता के नाम के साथ कोई भी पटाखे नहीं खरीदना चाहते हैं, तो चिंता न करें। रामविलास पासवान विकल्प आपके लिए उपलब्ध है। हाँ, रामविलास पासवान पटाखे भी बाजार में उपलब्ध हैं।
अगर लालू यादव को चारा घोटाले के लिए सजा मिल रही है तो भी आपको चिंता करने की जरूरत नहीं है, अगर आप उनके साथ जश्न मनाना चाहते हैं तो चिंता न करें, आप अपने घर में लालू यादव के साथ दीपावली का आनंद ले सकते हैं!
इस समारोह में पूर्व प्रधानमंत्री इंदिरा गांधी को श्रद्धांजलि दी गई।
यह जानकारी स्कूल के प्रिंसिपल नैफ सिंह ने दी।
उन्होंने कहा कि शिक्षकों और प्रोफेसरों ने इंदिरा गांधी की एक तस्वीर पर फूल रखे।
हरियाणा में प्रगाति के पथ के विषय पर एक निबंध प्रतियोगिता का आयोजन किया गया।
मंजी लक्ष्मी ने प्रथम पुरस्कार और शिल्पा ने द्वितीय पुरस्कार जीता।
संघ के राज्य अध्यक्ष बृजमोहन गुप्ता ने सरदार पटेल और इंदिरा के बलिदानों पर अपने विचार छात्रों के साथ साझा किए।
उर्मिला मलिक, गीता गुप्ता, राजबीर सिंह और अमित गुप्ता को जूरी के सदस्यों के रूप में सम्मानित किया गया।
प्रधानाध्यापक ने हरियाणा की प्रज्ञा विषय पर जानकारी दी।
उनका मृत शरीर जल निकासी खाई के पास पाया गया था।
मृत युवक की पहचान हरीश गहलोत के रूप में की गई है।
युवक के शरीर में दो गोली के घाव मिले।
पुलिस ने शव को पोस्टमार्टम के लिए अस्पताल भेज दिया है और जांच शुरू कर दी है।
गुरुवार को सुबह करीब एक बजे पुलिस को सूचना मिली कि रोशन गार्डन क्षेत्र में जल निकासी खाई के पास एक युवक घायल पड़ा हुआ है।
जब पुलिस उस जगह पहुंची तो उन्हें मृत पाया गया।
तब उनकी पहचान धर्मपुरा जिले के रहने वाले हरीश के रूप में हुई।
युवक को कमर और कंधे में दो गोलियां लगी थीं।
हरीश ने दसवीं कक्षा की पढ़ाई बीच में ही छोड़ दी।
एक दिन वह एक बुरे काम में व्यस्त हो गया।
आखिरी बार जब लोगों ने उसे देखा था वह एक आदमी के साथ था.
पुलिस इस व्यक्ति को खोजने की कोशिश कर रही है, और यह भी पता लगाने की कोशिश कर रही है कि गुरुवार को युवक कहां था और उसकी मौत से पहले किसके साथ था।
जागरण संचार केंद्र, राजौरी: गुरुवार को विभिन्न विभागों के उदासीन सरकारी अधिकारियों की पकड़ के लिए आश्चर्यजनक तलाशी ली गई।
कोट्रांका के पी.एच.ई. विभाग में तलाशी के दौरान कार्यालय बंद पाया गया और कर्मचारी काम से अनुपस्थित थे।
वहां काम करने वाले एक कर्मचारी को निलंबित कर दिया गया, जबकि अनुपस्थित लोगों को कारण दिखाने के लिए नोटिस जारी किया गया।
जिला आयुक्त ने सरकारी कर्मचारियों की निगरानी के लिए कई टीमें बनाई हैं।
उनके आदेश पर गुरुवार को तहसीलदार और अन्य विभाग के अधिकारियों द्वारा आश्चर्यजनक तलाशी ली गई।
कोट्रांका तहसीलदार, इसरार अहमद मीर ने भी मुख्यालय में स्थित सरकारी कार्यालयों का आश्चर्यजनक दौरा किया।
कार्यालयों में, साथ ही कर्मचारियों में, कई उच्च अधिकारी अपने कर्तव्य से अनुपस्थित पाए गए।
उन्होंने अनुपस्थित अधिकारियों का नोट बनाकर जिला आयुक्त फकीर चंद भगत को भेजा।
जब कोतरंका तहसीलदार पी.एच.ई. विभाग पहुंचे, तो उन्होंने इसे बंद पाया।
कोई भी कर्मचारी उपस्थित नहीं था।
कोट्रांका अस्पताल में डॉक्टरों के अलावा 14 अन्य कर्मचारी अनुपस्थित पाए गए।
यहां तक कि बी.एम.ओ. भी अनुपस्थित थे।
इसके अलावा बी.डी.ओ. कार्यालय में दो अस्थायी कर्मचारियों के अलावा बी.डी.ओ. स्वयं और उनके कर्मचारी मौजूद नहीं थे।
सी.डी.पी.ओ. कार्यालय को एक निम्न रैंकिंग अधिकारी द्वारा संभाला जा रहा था।
कार्यालय के रजिस्टर में कर्मचारियों ने अगले दो दिनों के लिए खुद को उपस्थित बताया था।
इसके अतिरिक्त, सी.ए.डी.पी. कार्यालय में, केवल टी.एस.ओ. मौजूद पाया गया था। अन्य कर्मचारी अनुपस्थित थे।
एक निम्न रैंक का अधिकारी बागवानी कार्यालय का प्रबंधन कर रहा था, जबकि अन्य अधिकारी गायब थे।
तहसीलदार ने इन सभी अनुपस्थित कर्मचारियों की सूची तैयार की और जिला आयुक्त को भेजी।
इस बीच, मुख्य शिक्षा अधिकारी चौधरी लाल हुसैन ने बलजारालन जोन के कई स्कूलों का आश्चर्यजनक दौरा किया।
वली मोहम्मद काथा स्कूल में दोपहर के भोजन के प्रभारी हैं और उन्हें काम ठीक से नहीं करने के लिए निलंबित कर दिया गया है, जबकि श्री अब्दुल मजीद और चेरियन मिडिल स्कूल की शिक्षक सूरिया बेगम, शंकरि हाई स्कूल के सीआरपी जावेद आलम और बलजारालान मिडिल स्कूल के सीआरपी अजय कुमार को सभी को कारण दिखाने के लिए नोटिस जारी किया गया है।
डीआईईटी के प्रधानाध्यापक प्रदीप शर्मा ने थानामंडी क्षेत्र के स्कूलों में दोपहर के भोजन की जांच के लिए एक आश्चर्यजनक निरीक्षण किया।
थानामंडी क्षेत्र में निरीक्षण के दौरान, प्रिंसिपल ने दोपहर के भोजन में कुछ खामियां पाईं और इसलिए श्री प्रदीप शर्मा ने भोजन के प्रभारी अधिकारी और हेडमास्टर से दो दिनों के भीतर इन खामियों को ठीक करने के लिए कहा।
अपने विवादित भाषणों के लिए जाने जाने वाले पूर्व उप्र मंत्री राजाराम पांडे का गुरुवार देर शाम दिल का दौरा पड़ने से निधन हो गया।
राजराम पांडे की मृत्यु के बाद अखिलेश सरकार के मंत्रिमंडल विस्तार को स्थगित कर दिया गया है।
सूत्रों के अनुसार, मंत्री पद से हटाए जाने के बाद राजराम पांडे लगातार तनाव में थे।
कार्यक्रम के अनुसार अखिलेश यादव चौथी बार मंत्रिमंडल का फेरबदल करने वाले थे।
राजाराम पांडे को पता चला कि शुक्रवार को होने वाले मंत्रिमंडल के पुनर्गठन में उनका नाम शामिल नहीं किया गया है।
मुख्यमंत्री अखिलेश यादव से मुलाकात के बाद वह अपने राजभवन कॉलोनी निवास की ओर जा रहे थे और वहां पहुंचने के तुरंत बाद उन्हें उल्टी होने लगी और वे बेहोश हो गए।
उनके कर्मचारियों ने कहा कि उन्हें आधी रात के आसपास सिविल अस्पताल ले जाया गया, लेकिन वह रास्ते में ही मर गया।
अखिलेश यादव की सरकार में राजराम पांडे खादी और ग्रामीण उद्योग मंत्री थे और तीन बार प्रतापगढ़ के विश्वनाथगंज निर्वाचन क्षेत्र से विधायक रहे।
महिला अधिकारियों के बारे में उनके द्वारा की गई अपमानजनक टिप्पणी के कारण उन्हें 15 अप्रैल को मंत्रिमंडल से हटा दिया गया था।
एक कार्यक्रम में सुल्तानपुर डीएम की सुंदरता की प्रशंसा करते हुए उन्होंने कहा, "मैं बहुत भाग्यशाली हूं कि मैं दूसरी बार इस क्षेत्र के प्रभारी मंत्री बन गया हूं।
मुझे हमेशा एक सुंदर डी.एम. के साथ काम करने का मौका मिलता है।
जब मैंने पूर्व डीएम कामिनी चौहान रतन को देखा तो मुझे लगा कि उनसे ज्यादा सुंदर कोई महिला नहीं हो सकती, लेकिन नई डीएम (धनलक्ष्मी) उनसे भी ज्यादा सुंदर हैं।
उसकी आवाज भी बेहतर है".
राजाराम पांडे ने भी प्रतापगढ़ में कहा, "सड़कें हेमा मालिनी के गाल की तरह चमकने वाली हैं और अभी तक सिर्फ फेशियल हो रहा है।
इस कथन ने बड़ी हलचल मचाई।
चंडीगढ़: पंजाब सरकार ने पंजाब में एक तरफ एनआरआई पंजाबियों की संपत्ति की सुरक्षा के लिए विशेष विधेयक पारित किया है, वहीं दूसरी तरफ प्रवासी पंजाबियों को कनाडा में नई समस्याएं हैं।
कनाडा सरकार एनआरआई से उनकी संपत्ति से आय और पेंशन आदि के रूप में पंजाब या भारत से प्राप्त राशि के बारे में पूछताछ कर रही है।
एक विशेष इकाई के माध्यम से, संघीय सरकार ने कनाडा में पेंशन धारकों से अन्य देशों में उनकी संपत्ति से आय के बारे में पूछताछ की।
सरकार को विदेश से आए लोगों के बारे में इस तरह की शिकायतें और जानकारी मिल रही है, जो कनाडा में सभी वित्तीय लाभ प्राप्त कर रहे हैं।
कनाडा के कानून के अनुसार, कनाडा की नागरिकता प्राप्त करने के बाद विदेश से प्राप्त आय को उनकी कुल आय में जोड़ा जाना चाहिए, लेकिन लोग ऐसा नहीं कर रहे हैं।
कनाडा की नागरिकता प्राप्त करने के बाद भी पंजाब के हजारों लोगों ने अपने कनाडाई आयकर रिटर्न में पंजाब में संपत्ति और पेंशन लाभ आदि से अपनी आय घोषित नहीं की है।
कई राजस्व विभाग के अधिकारी लगातार कनाडाई चार्टर्ड एकाउंटेंट्स से मांग कर रहे हैं कि वे विदेशियों को अपनी आय जो वे दूसरे देशों में कमा रहे हैं, घोषित करने के लिए मजबूर करें ताकि वे कनाडा में कमा रही आय पर उचित कर की गणना कर सकें।
एसोसिएशन ऑफ सीनियर्स क्लब के एक प्रतिनिधिमंडल ने पंजाब के सांसद परम गिल से मुलाकात की और इस संबंध में उनके लाभों की सुरक्षा की मांग की।
परम गिल का कहना है कि उन्हें दी गई जानकारी के अनुसार, यदि कोई व्यक्ति इस मुद्दे के संबंध में किसी अन्य व्यक्ति के खिलाफ राजस्व कनाडा में शिकायत करता है तो उसकी आय की जांच की जा सकती है लेकिन उसके पास जांच के बारे में कोई ठोस जानकारी नहीं है।
इस प्रतिनिधिमंडल ने इससे पहले सांसद विक ढीलॉन से भी मुलाकात की और जल्द ही वे अन्य सांसदों और सांसद-सभासदों से भी मुलाकात करेंगे।
पंजाब सरकार ने पंजाब पट्टा विधेयक और कृषि भूमि (संशोधन विधेयक) और पंजाब भूमि पट्टा की सुरक्षा को एनआरआई की संपत्ति की सुरक्षा के लिए पारित किया।
सशस्त्र बलों के साथ एनआरआई अपनी भूमि की सुरक्षा प्रदान कर रहे हैं।
इस विधेयक के अनुसार, एक एनआरआई पंजाबी अपनी जमीन और घर-दुकान को एक निश्चित समय पर किराए पर ले सकता है।
वे उन्हें आवश्यक होने पर निश्चित सूचना देकर वापस ले सकते हैं।
किरायेदारों को रहने की अनुमति नहीं होगी और उनके पास कोई अन्य विकल्प नहीं होगा।
एनआरआई को एसडीएम को स्वामित्व का प्रमाण देना होगा और उन्हें अपनी आवश्यकताएं बतानी होंगी।
यह कानून पट्टे के पहले पांच वर्षों के लिए राहत प्रदान करता है।
लगभग डेढ़ करोड़ पंजाब के विभिन्न देशों में रहने वाले लोगों से आते हैं, जबकि उनकी संपत्ति अभी भी पंजाब में है।
वे पंजाब सरकार से अपनी संपत्ति की सुरक्षा की मांग करते रहते हैं।
इस दिन सोने, चांदी और बर्तन खरीदना लोकप्रिय है।
इस कारण से ही इन सामानों के विक्रेताओं ने अपनी दुकानें पहले ही सजा ली हैं।
दुकानदारों ने ग्राहकों को आकर्षित करने के लिए दुकान के अंदर और बाहर विभिन्न प्रकार के बर्तनों को प्रदर्शित किया है।
हालांकि, बाजार में उच्च मूल्य वृद्धि का प्रभाव स्पष्ट रूप से देखा जा सकता है।
हिंदू धार्मिक पुस्तक के अनुसार धनतेरस पर्व के दौरान धातु की वस्तुओं की खरीद का विशेष महत्व है।
लोग न केवल सोने-चांदी के छोटे-छोटे आभूषण खरीदते हैं बल्कि अपनी क्षमता के अनुसार पीतल-चांदी के बर्तन भी खरीदते हैं।
रसोई के बर्तन विक्रेता काली दास और मदन लाल ने कहा कि इस बार कीमतों में काफी वृद्धि हुई है।
स्टील, तांबे और पीतल की कीमतों में वृद्धि के कारण थोक वस्तुएं भी महंगी हो गई हैं।
उन्होंने कहा कि पिछले साल स्टील के बर्तनों की कीमत 120 से 140 रुपये प्रति किलोग्राम के बीच थी, लेकिन इस साल यह बढ़कर 150 से 200 रुपये प्रति किलोग्राम हो गई है।
इसी प्रकार पीतल की कीमत के अतिरिक्त तांबे के बर्तन भी महंगे हो गए हैं।
सबजी-मंडी में पूजा और अन्य पीतल की वस्तुओं के लिए इस्तेमाल की जाने वाली वस्तुओं को बेचने वाले विकास ने कहा कि जैसे-जैसे पीतल महंगा हो गया है, वैसे-वैसे पीतल से बनी वस्तुएं भी महंगी हो गई हैं।
ग्राहक बाजार में अधिक छोटी वस्तुएं खरीद रहे हैं।
औजार विक्रेता राजेश ने कहा कि इस बाजार में औजार की दुकानों की अधिकतम संख्या है।
दूर-दूर से आने वाले ग्राहक इस बाजार से सामान खरीदते हैं, लेकिन लोग कम सामान खरीद रहे हैं क्योंकि चीजें महंगी हो रही हैं।
उनका मानना है कि त्योहार के कारण बर्तन महंगे हो रहे हैं और बाद में सस्ते हो जाएंगे।
धनतेरस के अवसर पर खरीदारी के लिए शुक्रवार का पूरा दिन शुभ होता है।
ज्योतिषी वछस्पति के अनुसार, शुक्रवार, 1 नवंबर को सूर्योदय सुबह 6.41 बजे होगा।
इसके बाद सुबह 9.50 बजे वैधृत योग होता है, लेकिन ज्यादातर लोग इसकी अनदेखी करते हैं।
जो लोग इस योग को मानते हैं, वे इस समय खरीदारी से बच सकते हैं और जो लोग इस योग को अनदेखा करते हैं, वे खरीदारी कर सकते हैं।
उन्होंने कहा कि लोगों को इस दिन सोने, चांदी और अन्य धातु वस्तुओं को अपनी वित्तीय क्षमता के अनुसार खरीदना चाहिए।
समिति के सदस्यों ने लोगों से पटाखे न लगाने की अपील की है।
यह रैली बदवाला से हरिपुर कलसी गेट तक चली, जहां बच्चों ने लोगों से पर्यावरण बचाने की अपील की।
समिति के सदस्यों ने सभी से पटाखे लगाने के बजाय मिट्टी के दीपक जलाने को कहा और लोगों से पॉलीथीन बैग का उपयोग करने से बचने को भी कहा।
जुलाई से शुरू होने वाले इस कार्यक्रम में केंद्र सरकार के अधिकारियों को 90 प्रतिशत डीए मिलेगा जो केंद्र सरकार के अधिकारियों के डीए के बराबर है।
इससे पहले सितंबर में डी.ए. को 72% से बढ़ाकर 80% कर दिया गया था, जबकि डी.ए. में 8% की वृद्धि को मंजूरी दी गई थी।
इस प्रशासनिक निर्णय के बाद चंडीगढ़ राज्य सरकार के कर्मचारी बहुत खुश थे।
अन्य लोगों के अलावा, केंद्रशासित प्रदेश कर्मचारी और श्रमिक संघ के अध्यक्ष मनमोहन सिंह, महासचिव गोपाल दत्त जोशी, केंद्रशासित प्रदेश पावरवर्कर्स यूनियन के अध्यक्ष राम सरूप, उपाध्यक्ष विजय सिंह, इलेक्ट्रिकल लिफ्ट यूनियन के अध्यक्ष जसबीर सिंह और श्रम नेता मनमोहन सिंह ने प्रशासन द्वारा लिए गए इस निर्णय का स्वागत किया।
इस निर्णय के बाद कर्मचारियों को जुलाई से शुरू होने वाले DA का 10% मिलेगा।
इस अवसर पर श्रम नेताओं ने मांग की है कि बाल कल्याण परिषद के कर्मचारियों को भी 9 प्रतिशत के बजाय 90 प्रतिशत डी.ए. दिया जाए।
गुजरात के मुख्यमंत्री और भाजपा के प्रधानमंत्री पद के उम्मीदवार नरेंद्र मोदी ने अपनी कैबिनेट में 6 नए राज्य मंत्रियों को शामिल किया है।
भारी भार वाले विठल रादिया के बेटे सहित आधा दर्जन लोगों को हरी बत्ती मिली है. जयश सौराष्ट्र से हैं और हाल ही में कांग्रेस छोड़ने के बाद भाजपा में शामिल हुए हैं।
पूर्व उपमुख्यमंत्री नरहरि अमीन, जिन्होंने विधानसभा चुनाव से पहले कांग्रेस छोड़ दी थी और भाजपा में शामिल हो गए थे, को योजना आयोग का उपाध्यक्ष नियुक्त किया गया है।
इस मंत्रालय विस्तार को लोकसभा चुनावों के लिए मोदी की तैयारी के रूप में देखा जा रहा है।
वह अपने राजनीतिक हितों को बढ़ावा देने के लिए बहुत यात्रा कर रहे हैं।
पांच राज्यों का दौरा करने के बाद वह अधिक आक्रामक रैलियों, यात्राओं और बैठकों का आयोजन करेंगे।
इस तरह वह गुआह्रत को एक अटल किले में बदलना चाहता है।
