Trionfo dei populisti di destra in Austria, complessivamente arrivano al 29 per cento
Secondo i primi risultati provvisori, l'Austria ha ottenuto le elezioni anticipate di domenica, con un notevole indebolimento di entrambi i partiti della grande coalizione e un netto rafforzamento dei partiti di destra.
Le perdite sono state particolarmente forti per l'ÖVP, dove la posizione del precedente presidente Wilhelm Molterer è seriamente in pericolo.
Al contrario, il leader elettorale dell'Alleanza per il futuro dell'Austria (BZÖ), il governatore di Carinthia Jörg Haider, si prepara a un ritorno trionfale alla politica federale.
Secondo i risultati finora ottenuti, il Partito socialista democratico (SPÖ) rimane la forza più forte del paese con il 29,8% dei voti, ma perde il 5,5% rispetto alle ultime elezioni del 2006.
Ancora peggio è stato l'ÖVP, che ha perso quasi il 9% dei voti con il 25,6%.
Sono i risultati peggiori di questi due grandi partiti nella storia austriaca del dopoguerra, e soprattutto per il Partito popolare che aveva chiesto le elezioni anticipate, è un risultato davvero disastroso.
All'inizio di luglio, quando l'ÖVP si era ritirato dalla coalizione, il Partito popolare aveva un chiaro vantaggio sul SPÖ.
Ma i votanti hanno probabilmente punito il partito per aver fatto fallire il governo.
Già nelle prime reazioni ai risultati si è parlato di una possibile dimissione del presidente del partito e vicecancelliere Wilhelm Molterer.
Gli osservatori ritengono che questo potrebbe essere già il caso in una riunione straordinaria del consiglio di amministrazione del partito lunedì.
Un tale sviluppo potrebbe essere la via più probabile per uscire dal disastro elettorale, cioè per rinnovare la grande coalizione di SPÖ e ÖVP.
Ma, tenuto conto del rafforzamento dei due partiti di destra - i Libertari (FPÖ) hanno ottenuto per il momento l'18% dei voti e il BZÖ l'11% - i socialdemocratici hanno espresso il timore che si ripetesse il 1999 quando il PP aveva negoziato con i populisti (allora ancora unito, il FPÖ si era separato dal BZÖ nel 2005) per un governo comune, provocando persino sanzioni da parte dell'Unione europea.
È evidente che Jörg Haider si basa su questo sviluppo, che ha già dichiarato di essere pronto a collaborare con qualsiasi partito e di prevedere un ritorno a Vienna nella politica federale austriaca.
Il partito dei Verdi, che ha subito delle piccole perdite, è passato dal terzo al quinto posto tra i partiti politici austriaci.
Nessun altro partito ha probabilmente superato il terzo dei quattro per cento e quindi non è entrato in Parlamento.
Schwarzenberg: le relazioni con l'India potrebbero rallentare
Se non si riesce a risolvere il problema dei ricercatori cechi accusati in India di raccolta illegale di scarafaggi, il ministro degli Esteri ceco Karel Schwarzenberg ritiene che ciò potrebbe portare ad un certo raffreddamento delle relazioni ceco-indiane.
Il ministro ha sottolineato questo punto a New York dopo aver incontrato oggi il suo collega indiano Pranab Mukherdshi.
"Se non si risolve, allora certo, ci sarà un certo raffreddamento", ha dichiarato dopo una riunione organizzata su iniziativa ceca.
Mukherdshi ha detto dopo le conversazioni che in materia giudiziaria l'esecutivo ha difficoltà a intervenire.
Tuttavia, ha affermato che, nel caso di Petr Švácha, che è stato scartato dall'accusa e ha ricevuto una multa, il governo centrale vuole con il governo locale di Dardjiling, la cui giurisprudenza riguarda la questione.
"Il suo problema potrebbe essere risolto", ha detto il ministro.
Per Emil Kučera, condannato a tre anni di prigione, Mukherdshi ritiene che la cosa migliore sia fare appello in un tribunale superiore.
Potrebbe quindi chiedere il rilascio su cauzione e aspettare in libertà il suo verdetto, secondo il ministro.
Schwarzenberg ha confermato che il suo partner ha espresso la stessa opinione durante i negoziati.
"Ricorda un appello in tribunale superiore, allora sarebbe in grado di ottenere un'amnistia", ha detto il capo della diplomazia ceca.
L'unico modo in cui la parte ceca può intervenire in tutta la questione è quello di fornire al condannato "un'assistenza legale competente", ha affermato il ministro indiano.
Ma ha anche detto che questo aiuto è già stato offerto dalla parte indiana.
"Abbiamo un grande interesse a mantenere con l'India un buon legame che ha una lunga tradizione.
Anche gli indiani lo ammettono", ha aggiunto Schwarzenberg.
Al tempo stesso, secondo l'agenzia di stampa ceca ČTK, ha ribadito al suo collega che la Repubblica ceca dà grande importanza al problema degli entomologi cechi.
"Pensiamo davvero che sia un grosso errore arrestare e incriminare questi scienziati cechi", ha spiegato.
Alla domanda se avesse ricevuto l'impegno dell'India di occuparsi della questione, il ministro ha evitato di rispondere.
"Mi hanno già promesso parecchie cose", ha detto.
Un ceco giudica sulla lotta per il fondo del mare
Si avvicina a una mappa elettronica che mostra l'Australia e le zone marittime adiacenti.
Ma non è il continente che gli interessa, è un punto piccolo, perso nel blu dell'oceano.
"L'isola è parte dell'Australia e con essa anche il fondo marino adiacente.
L'area è grande quanto il continente stesso", dice il giurista italiano Luigi Santosuosso, che fa parte di un team di 30 persone della Divisione delle Nazioni Unite per gli Oceani e il Diritto del Mare.
Il suo capo, il direttore della divisione, il giurista ceco Václav Mikulka, segue e aggiunge talvolta l'interpretazione.
Qui ci sono il lavoro e l'entusiasmo.
Il fondo marino contiene un mondo finora poco conosciuto, ricco di risorse naturali.
In questo luogo si trovano petrolio, minerali e altre materie prime non rinnovabili, ma anche organismi viventi sconosciuti, che contengono, per esempio, la chiave per lo sviluppo di un farmaco contro il cancro.
Un fondale marino più grande della terraferma
I paesi costieri hanno dichiarato con forza la loro rivendicazione dei nuovi territori marittimi.
Infatti, essi esercitano i loro diritti in base a una convenzione delle Nazioni Unite, concordata a Montego Bay, in Giamaica, nel 1982.
Si tratta soprattutto della zona della cosiddetta scaffale continentale, che spesso si estende fino a qualche centinaio di chilometri dalla costa di un paese fino al mare.
Secondo la Convenzione, questo paese ha un diritto esclusivo su tutte le sorgenti della scaffala continentale.
"In parole semplici, la scaffalatura continentale è quella parte del fondale marino e delle sue pendici che costituisce un naturale proseguimento del continente sotto la superficie del mare.
Il traffico va oltre i confini del mare costiero, spesso anche oltre i duecento miglia di marcia della zona esclusiva economica", spiega Mikulka.
La domanda presentata dalla nazione interessata alla Commissione per la determinazione dei confini esterni della scaffala continentale deve essere corredata da una documentazione scientifica e tecnica completa, basata su numerosi studi e misurazioni costosi.
È il risultato di molti anni di preparazione.
"Uno dei nostri compiti è quello di fornire alla Commissione un supporto tecnico e giuridico.
La Commissione ha finora negoziato cinque proposte, provenienti da Russia, Brasile, Australia, Irlanda e Nuova Zelanda.
Finora solo i tre ultimi paesi hanno avuto successo", aggiunge Mikulka.
Recentemente, l'Australia ha avuto un successo internazionale, essendo stata la prima nazione a ampliare notevolmente i suoi mari.
Ma anche la Nuova Zelanda è un vincitore: l'estensione del fondale marino che la Commissione ha concesso al paese la scorsa settimana è di circa 1,6 milioni di chilometri quadrati, circa sei volte la dimensione del paese.
Entrambi i paesi hanno investito milioni di dollari nella ricerca.
I profitti che si troveranno nell'uso del suolo marino saranno, come promettono, inestimabili.
Anche altri Stati faranno progressivo presentazione delle loro domande.
Potete farlo per dieci anni dal momento in cui ratificate l'accordo di Montego Bay.
L'area del fondo oceanico, definita dalla Convenzione "patrimonio comune dell'umanità", si sviluppa all'estremità della scorta continentale.
Non c'è più stato che abbia una posizione speciale.
Il diritto di promuovere in questo settore è conferito da un'istituzione internazionale istituita dalla Convenzione.
"Il fondo marino non è un'area di miniera d'oro", afferma il direttore Mikulka, aggiungendo che "le singole aree sono definite legalmente e il sistema è stabilito in contratto".
Cechi del Pacifico
Oggi parte del fondo marino appartiene anche alla Repubblica Ceca.
La Comunità condivide il suo territorio con altri Stati dell'ex blocco orientale nell'ambito dell'organizzazione comune "Interoceanmetal".
Nel 1991 la convenzione ha conferito a questa società, così come agli investitori di alcuni altri Stati, lo status di "investitore pioniere".
L'organizzazione ha il diritto di coltivare nella zona ClarionClipperton nell'Oceano Pacifico tra Messico, Hawaii e Kiribati.
L'area da studiare dall'investitore è leggermente più grande della ex Cecoslovacchia.
Il fondo marino è suddiviso, è una sorta di tatra sul fondo marino.
"Si può estrarre su un'area complessiva di 75.000 chilometri quadrati.
L'area è ricca di materiali in polimetalli che contengono nichel, rame, cobalt e manganese", dice Pakshi Rajan, un altro giurista indiano.
Il macedone Rober Sandev, membro della divisione, ha portato con sé un esempio di questo tipo di concreto.
Ricorda una patata piccola o, con un po' di fantasia, il favoloso Schem che la leggenda del Golem ha dato vita.
Le forze speciali tedesche sono state presenti al momento del rilascio degli ostaggi.
Il governo egiziano aveva chiesto aiuto alla Germania per risolvere la crisi degli ostaggi, e gli esperti erano arrivati.
Quando la situazione si è aggravata, le forze speciali erano pronte, ma non sono intervenute.
I dettagli sulla liberazione di 11 turisti europei rapiti in Egitto sono sempre più noti.
Secondo i dati del Ministero della Difesa e dell'Interno, anche le forze speciali tedesche hanno partecipato indirettamente all'operazione di soccorso.
Secondo quanto emerge dalla relazione, il numero di persone che hanno partecipato al processo è stato di circa il 40% e il numero di persone che hanno partecipato al processo è di circa il 75%.
Come hanno detto i portavoce dei ministeri, la sera del lunedì, le forze tedesche non sono state necessarie perché i prigionieri hanno lasciato andare i loro prigionieri e sono fuggiti quando hanno percepito i segni di una liberazione violenta.
Il governo egiziano ha accettato l'aiuto offerto dalla Germania per coinvolgerla come forza di supporto sul posto.
"Fortunatamente non è successo", ha detto un portavoce del Ministero dell'Interno.
Gli attaccanti avevano rapito il 19 settembre nel sud dell'Egitto il gruppo di viaggiatori composto da cinque tedeschi, cinque italiani, una rumena e otto compagni egiziani.
Dopo essere stati rapiti in un deserto del sud dell'Egitto, gli ostaggi erano stati spostati in e fuori della zona di confine tra l'Egitto, la Libia, il Sudan e il Ciad.
L'identità dei prigionieri rimase alquanto chiara, così come i dettagli della liberazione o dei possibili pagamenti di riscatto.
I soccorsi sono arrivati al Cairo sani e salvi.
Steinmeier ha detto che gli ostaggi liberati sono in custodia dell'ambasciata tedesca.
Non ha commentato i dettagli del rilascio.
A Berlino non c'era alcuna informazione su quando sarebbero tornati in Germania.
Secondo il quotidiano Bild, i cinque turisti e le forze speciali dovrebbero essere portati via con un Airbus dell'aeronautica militare e arrivare in Germania martedì.
La Camera dei Rappresentanti degli Stati Uniti rifiuta il pacchetto di salvataggio
La prima camera del Congresso degli Stati Uniti ha fatto fallire a malapena il pacchetto di salvataggio dei mercati finanziari da 700 miliardi di dollari.
Il Dow Jones è andato in fondo.
Con 206 voti contro 227, la Camera dei Rappresentanti degli Stati Uniti ha respinto il pacchetto di salvataggio del governo per i mercati finanziari.
Nonostante le richieste del presidente George W. Bush e dei leader di entrambi i partiti, non c'è stata una maggioranza per il programma per ridurre il caos dei mercati finanziari.
In un'azione drammatica, i sostenitori avevano cercato disperatamente di convincere i critici del pacchetto da 700 miliardi di dollari.
Barney Frank, uno dei leader dei negoziatori democratici, aveva chiesto ai deputati di approvare il piano, anche se non era popolare.
"È difficile ottenere riconoscimento politico per aver evitato qualcosa che non è ancora successo", ha ammesso.
Nel corso del voto, il Dow Jones è crollato di oltre il 6%, o 600 punti.
La ragione era la preoccupazione degli investitori che il pacchetto di salvataggio del governo potesse fallire.
Si è ripreso poco prima della fine del voto, per poi cadere di nuovo dopo aver saputo di aver fallito.
Gli esperti si aspettano ulteriori gravi turbolenze sui mercati finanziari internazionali.
Per entrare in vigore il programma è necessario l'approvazione sia della Camera dei deputati che del Senato.
Organizzatori registrano un aumento delle prenotazioni
Sembra che sia un buon inverno per gli organizzatori di viaggi tedeschi:
Secondo uno studio, le prenotazioni di viaggi per i prossimi mesi hanno registrato un notevole aumento rispetto all'anno precedente, con un aumento del 30 per cento per la stagione invernale.
Nonostante le scarse prospettive di crescita economica, secondo uno studio, la passione per i viaggi dei tedeschi rimane insopportabile.
Per quanto riguarda le prenotazioni per la stagione invernale, i rice offices hanno registrato un aumento del 31 per cento rispetto al periodo dell'anno precedente, come ha comunicato il Deutsche Reiseverband (DRV) lunedì a Berlino.
Secondo l'indagine dell'istituto di ricerca del mercato GfK, anche per i mesi autunnali si sono registrati già incrementi di prenotazioni.
Per esempio, il fatturato delle agenzie di viaggio è salito dell'11% circa rispetto al 2007, ha riferito la DRV.
Questi risultati sono basati su dati della GfK, che valuta ogni mese i dati di prenotazione di 1200 agenzie di viaggio tedesche e li calcola per il mercato complessivo.
Si tratta delle prenotazioni di viaggi effettuate fino alla fine di agosto 2008.
A causa del debole tasso del dollaro, i viaggi negli Stati Uniti sono particolarmente richiesti, ha riferito la DRV.
Qui l'aumento delle prenotazioni è di circa un terzo.
Inoltre, la Spagna, la Turchia e la Grecia, nonché i paesi della Germania, sono le destinazioni più richieste dai tedeschi.
In particolare, i viaggi a pacchetto sono molto richiesti, ha dichiarato il presidente della Repubblica democratica di Germania Klaus Laepple.
In questo caso, in considerazione dell'aumento dei costi per l'energia e i prodotti alimentari, i costi "sono più prevedibili per il cliente che per le vacanze organizzate individualmente".
La Commissione ha inoltre adottato una proposta di direttiva che prevede che le misure di protezione dei consumatori siano adottate in modo da garantire che le persone che non sono in possesso di un'autorizzazione a scegliere tra i prodotti che sono in possesso di tale autorizzazione siano in grado di scegliere tra i prodotti che sono in possesso di tale autorizzazione.
Anche i mesi estivi sono stati molto ben prenotati, con un aumento del fatturato rispetto all'anno precedente - anche se secondo un altro studio il numero di tedeschi che hanno intrapreso un viaggio è diminuito rispetto all'anno precedente.
La mia prima Oktoberfest
Ballermann-Apres-Ski-Hits in infinito loop, birra da litri di vasetti e celebrità in design-dirndln.
Un debutto di Wiesn.
Susanne Crown e io non abbiamo molto in comune.
E' bionda, presenta la tv e indossa un cappello a misura.
Ho i capelli scuri, sono una studentessa e il mio vestito è di seconda mano.
Ma c'è una cosa che ci unisce: appena tre minuti sulla Wiesn, i fotografi ci scagliano addosso e si riempiono le schede di memoria - molto lusinghiero, e questo alla mia prima visita a Wiesn.
Ecco come si fanno gli amici.
Il dirt-che-sparisce sembra servire a suo scopo.
Come Wiesn-Touri, situata a nord dell'equatore del Bielswurst, il senso di benessere nella tuta si è mantenuto fino ad allora nei limiti.
Ma una volta arrivati sulla Terra di Theresienwiese, tutto è solo la metà di quello che è.
Quasi tutti indossano pantaloni in pelle o in pelliccia; nessuno guarda o tocca in modo disgustoso - tutto è del tutto normale.
Lo sguardo strano che ho sulla banana-cioccolato mi fa solo venire in mente.
Una donna di Monaco mi ha fatto notare che avevo legato il cappotto in modo sbagliato: "Sulla sinistra hoast libero, al centro vergine, sulla destra perdonato, dietro vedova".
Mi sto nascondendo la cerniera da dietro a sinistra.
"E' giusto", disse, ridendo.
Altri, invece, mettono meno sforzo per le tecniche di flirt sottile e indossano semplici cappelli di filone con scritto "To drunk to get dressed!" e stendono il sedere nudo verso chi non è stato invitato.
Il giovane uomo con gli atteggiamenti eshibitionistici si chiama Bob, viene dall'Inghilterra e è anche il primo a partecipare all'Oktoberfest.
Lui lo trova "grande", con un "ooooo" allungato.
Me lo dice dopo aver smesso di bere.
Proprio accanto a uno di quei fuochi che tutti credono sia un bidone di rifiuti.
Bob è uno di quei famigerati "Vildbies".
Altri non hanno la fortuna di liberarsi dell'alcol in questo modo.
Verso le otto del pomeriggio, i medici si schierano per la piazza, per curare i poveri traffici.
Gli infermieri sono sempre in gruppo, portando in quattro a volta un'altra tenda.
Come per la maggior parte dei visitatori di Wiesn, va bene, torna male.
Non si vede chi è nella promille sotto il piano.
"Questi sono quelli che noi prendiamo", mi gridò uno dei medici, e scomparve nel pasticcio.
Nome della vittima dell'incidente comunicato dalla polizia
Il nome di una pedona di 63 anni, morta in ospedale dopo essere stata investita da un veicolo nell'Essex, è stato reso noto.
Carole Paulson, residente a Chelmsford Road, Brentwood, è stata coinvolta nell'incidente avvenuto venerdì pomeriggio a Shenfield Road, nel centro della città.
E' stata portata al Queen's Hospital di Romford, ma poi è morta.
Un uomo di 51 anni è stato arrestato dopo l'incidente per sospetto di guida irresponsabile.
Nel frattempo è stato rilasciato su cauzione.
La Turchia amplia gli orizzonti diplomatici
Molto prima che la Turchia si proponesse di aderire all'Unione europea, le potenze europee erano interessate ad entrare in profondità nell'entroterra della Turchia.
Sul lato orientale del Bosforo, forse solo 20 passi all'interno dell'Asia, si trova uno dei più belli resti di questa fallita impero.
La stazione di Hydarpasha è stata progettata dagli architetti tedeschi Otto Ritter e Helmut Conu in stile neo-rinascimentale.
Almeno è quello che le guide ti dicono.
L'edificio è situato in modo equilibrato alla fine dei marciapiedi con una torre in ogni angolo della parte anteriore, e sembra quindi un qualche municipio provinciale tedesco.
La roccia è sporca.
L'intero edificio crolla.
Ma una volta che si è all'interno del volto del biglietto, non c'è dubbio sulla grandezza del progetto, il cui accesso più occidentale era questo.
La stazione fu aperta nell'agosto 1908 da un consorzio tedesco, la Anatolia-Bagdad Company.
La Germania, che era un ritardato nel gioco imperialista, doveva realizzare le sue ambizioni di dominare il Medio Oriente, attraverso un collegamento ferroviario a Damasco, Baghdad e oltre, fino a quello che è oggi l'Arabia Saudita.
Ma i progetti imperialisti della Germania crollarono durante la prima guerra mondiale.
Le sue ferrovie furono attaccate da Lawrence d'Arabia e dai suoi arabi.
Il relativo isolamento dalla regione circostante, generato dalle invincibili frontiere della guerra fredda, è scomparso.
Le forze britanniche si sono mosse dall'Egitto, spingendo i turchi e i loro alleati tedeschi dalla Palestina e dalla Siria.
E c'è stata anche una brutta notizia per la stazione di Hyderabad.
Nel 1917 un treno di munizioni esplose, distruggendo il suo tetto raffinato.
Le fonti turche dicono che è stato un sabotaggio.
Da allora è lentamente decaduto, largamente dimenticato dalla storia.
Oggi, tuttavia, questa linea ferroviaria serve, almeno simbolicamente, come porta d'ingresso in Anatolia e in tutto ciò che la circonda a est, per evidenziare l'ampliamento dell'orizzonte diplomatico della Turchia.
Il partito di giustizia e sviluppo, il AKP, ha introdotto una nuova politica estera per il paese.
Il relativo isolamento dalle regioni limitrofe, generato dalle frontiere della Guerra Fredda, è scomparso.
Ora si tratta di una politica di avvicinamento.
È notevole che il governo turco abbia buoni rapporti con Israele e la Siria, con le fazioni palestinesi Hamas e Fatah, con l'Iran e l'Iraq e, naturalmente, con l'Unione europea e gli Stati Uniti.
Per poter valutare i punti chiave di questa nuova politica estera, sono salito sul treno notturno per Ankara, la capitale turca, per incontrare uno dei maggiori esperti di politica estera dell'ACP, il deputato turco Suat Kiniklioglu.
La mattina dopo, circa dieci ore e mezza dopo aver percorso un viaggio incasinato sulle ferrovie che hanno prodotto il passo del mondo antico nel famoso documentario "The Night Mail", sono arrivato nella capitale turca, considerata come la nuova città per il nuovo progetto di stato secolare, che è quello di lasciare il passato ottomano.
L'AKP, tuttavia, nota per le sue radici islamiste, rappresenta un cambiamento di paradigma nell'unità turca.
Questo ha suscitato molta diffidenza in Occidente, in particolare a Washington.
Un taxi mi ha portato al quartier generale dell'AKP, un edificio di costruzione di pietra e acciaio, costruito in modo raffinato e ultramoderno, in un quartiere in via di sviluppo, circondato da centri commerciali e pub in cui manager di fascia media, uomini e donne, in costume, si riuniscono per concludere le prime operazioni della giornata.
Suat Kiniklioglu potrebbe essere un politico di centro-destra di quasi tutti i partiti politici europei.
Un abito, una cravatta, sono sicuro che ha anche un Blackberry in valigia.
"L'obiettivo della politica estera del partito è ora quello di reintegrare la Turchia con i suoi paesi vicini.
La guerra fredda è stata un'eccezione", mi racconta.
La Turchia era stata tagliata fuori dal suo territorio.
Oggi deve guardare allo stesso tempo verso est e ovest.
Non ci sarebbe né una né l'altra.
Dovrebbe fare entrambe le cose.
"Ma certamente, a un certo punto", chiesi, "la Turchia potrebbe essere costretta a decidere".
"La Turchia", ha detto, "non voleva affrontare questa decisione".
Ha poi fatto un punto che quasi tutti coloro con cui ho parlato hanno detto quasi di routine: le relazioni della Turchia, non solo con il Medio Oriente, ma anche con il Caucaso e con le regioni del Mar Nero, sono altrettanto vantaggiose per l'Europa e gli Stati Uniti quanto per la Turchia.
Con la Turchia a bordo, sembra essere il messaggio, l'Europa può, in un certo senso, andare su quelle stesse ferrovie verso est, verso l'Asia e il Medio Oriente.
Tornato alla stazione di Hydarpasa, dopo un'altra notte di gran parte insonne, ho pensato a quei due tedeschi, signor Knight e signor Conu, che avevano assistito alla costruzione di questo edificio 100 anni fa.
Come sarebbero stati sorpresi di sapere che le ambizioni europee in Medio Oriente potrebbero ora, in larga parte, essere nelle mani della Turchia.
E mentre attendevo al porto il traghetto che mi avrebbe riportato sul Bosforo, mi sono ricordato che in quei giorni la Turchia era sempre stata chiamata "l'uomo malato d'Europa".
Almeno allora non sembrava esserci molta dubbio su quale continente avrebbe dovuto rivendicare questo affascinante paese.
In memoria di Vernon Handley e William Woodruff.
Mark Brown scrive: "Come direttore musicale della Guildford dal 1962, Vernon "Tod" Handley (chiamato l'11 settembre) era responsabile della Guildford Philharmonic and Choir.
Come parte del suo programma musicale per la città, l'anno successivo fondò il suo grande coro giovanile, Proteus.
Era destinato ai giovani fino ai 21 anni, ma quando il coro cantò per l'ultima volta nel 1979, alcuni di noi erano già in età tediosa, rifiutando semplicemente di lasciare il coro.
Il nome "Proteus" (il mitologico mutaforma) rappresentava la disponibilità e l'abilità del coro di affrontare qualsiasi pezzo musicale che gli fosse presentato, sia esso un madrigal o il Messia, sia esso a cappella o con un'orchestra piena.
La versatilità musicale di un coro così giovane era spesso sorprendente, sempre emozionante, e era grazie esclusivamente all'ispirazione di quell'uomo e al suo entusiasmo per la musica, che non si è mai abbassato negli anni.
Quante volte la morte ci ha impedito di "lasciare che la musica parli da sola".
Diceva: "Il compositore sa quello che vuole".
È tutto nella musica.
Quindi canta".
Il suo modo di dirigere era assolutamente chiaro e preciso, mai dominante ma mai eccessivo.
Non importa quanto alto fosse il livello musicale, lui richiedeva sempre un livello ancora più alto.
John Frayn Turner scrive:
Se c'è un direttore che dovrebbe essere battuta per la battaglia, è Vernon Handley.
L'ho conosciuto bene negli ultimi due decenni, dal 1962 al 1982, quando dirigeva la Guildford Philharmonic.
Negli ultimi 40 anni ho scritto recensioni di oltre cento dei suoi concerti e posso dire sinceramente che non ne ho mai deluso uno solo, spesso sono stato ispirato da loro.
Tod Handley era quella rara combinazione di grandezza e modestia personale.
Odiava i direttori che, secondo lui, "semplicemente andavano a farsi compagnia di uno o due famosi show-horses del mondo".
Tanti di noi lo mancheranno.
William Woodruff
Il professor John Beckett scrive:
Nella sua lettera di memoria per William Woodruff (25 settembre) lei scrive che "nel 1946 egli riprese l'insegnamento di storia economica ad Oxford e nel 1950 ricevette una borsa di studio Houblon-Norman ... mentre studiava contemporaneamente per un BSc, un MA e un dottorato.
Questa è una conclusione di un'autrice nel libro di Woodruff "Beyond Nab End", ma non è vero.
Dal 1946 al 1953 fu docente di storia economica all'Università di Nottingham e durante questo periodo scrisse un dottorato sull'industria del rubino britannica sotto la supervisione del professor J.D. Chambers, che fu poi pubblicato nel 1958 come "The British Rubber Industry".
Fu negli Stati Uniti nel 1950-1951 nel corso di una borsa di studio Houblon-Norman, e trascorse l'estate del 1952 presso le università dell'Illinois, di Harvard e di New York.
Nel 1953 lasciò Nottingham definitivamente e andò in Illinois.
Non si sa perché Woodruff abbia voluto nascondere questa parte della sua carriera.
J. Vicente Resino presso la Facoltà di Filologia.
` raccomando l'esposizione di José Vicente Resino ` Flamenco e vita', perché le sue fotografie in bianco e nero, documentarie, sono fantastiche.
Mi hanno attirato la loro attenzione per la loro semplicità e per la forza che emettono, per come trattano sempre i protagonisti con rispetto.
Un'esposizione che mostra molte emozioni.
Resino sa trovare i momenti magici.
Secondo round di ottima vendita alla Honda.
A novembre Honda inizierà la commercializzazione della seconda generazione della Honda Jazz.
Mentre il suo modello precedente aveva un grande interno, questa limousine di grande spazio offre uno ancora molto più grande.
A questo si aggiungono le particolarità tecniche che rendono la guida ancora più comoda e permettono di risparmiare benzina.
cambiamenti prima della rivoluzione imminente.
Ecco la seconda generazione della Honda Jazz.
Anche se, esteticamente, il nuovo Jazz presenta una linea simile a quella del suo predecessore, le modifiche apportate a questa grande limousine sono numerose.
Tra le altre cose, si vuole sottolineare il design innovativo, la nuova flessibilità spaziale, le dimensioni più grandi della macchina e la nuova meccanica.
Tuttavia, prima di iniziare a analizzare il nuovo modello, bisogna dire che questo nuovo Jazz appare sei anni dopo l'arrivo sul mercato della prima generazione.
Secondo le prime osservazioni, Honda è riuscita a rinnovare questo modello in tempi più brevi rispetto agli altri produttori.
Anche se la Honda Jazz è meno conosciuta in Europa, questo modello è un fenomeno per quanto riguarda le sue vendite negli altri mercati.
Questo è un caso in Giappone, dove il Jazz è la vettura più venduta nel 2002 e nel corso del 2008.
Dopo l'arrivo del jazz sul mercato, circa un milione di modelli furono venduti solo in Giappone.
Il secondo mercato era il Continente Vecchio, con circa mezzo milione di auto vendute in sei anni.
Nonostante ciò, Honda cerca di aumentare le vendite del nuovo modello Jazz all'interno del segmento.
In questo modo, mentre nel 2007 la società giapponese ha venduto un totale di 83 000 modelli di Jazz, le stime attese sono di 10 000 auto, che rappresentano il 17% della crescita prevista sul mercato europeo.
Per quanto riguarda il mercato spagnolo, Honda ha venduto dal 2002 un totale di 8 000 modelli Jazz, pari al 6,7% delle vendite totali di Honda in Spagna.
Per quanto riguarda la nuova generazione di modelli, i responsabili delle filiali in Spagna prevedono di riuscire a vendere 2 000 modelli Jazz all'anno.
In particolare, l'arrivo del nuovo modello Honda Jazz permette di coprire la diminuzione delle vendite in Spagna.
In realtà, i dirigenti della marca sperano di concludere l'anno con un totale di 22 000 unità vendute, 4 000 auto in meno rispetto al 2007, un calo del 16%.
Nonostante questo incremento delle vendite, Honda ha aumentato la sua quota di mercato in Spagna rispetto all'anno precedente (1,6%) fino all'1,8%.
Allo stesso tempo, la società giapponese spera di raggiungere il 2 per cento nel 2010.
Per raggiungere questa quota, Honda punta all'arrivo di un nuovo modello.
Si tratta di Insight, un'auto ibrida a cinque porte e di dimensioni compatte di 4,7 metri di lunghezza, che l'azienda giapponese spera di vendere circa 200 000 modelli all'anno in tutto il mondo.
Secondo le stime di mercato del produttore giapponese, il 50% dei modelli Insight verrà venduto negli Stati Uniti, mentre la restante quota sarà distribuita nel Continente Veccho e in Giappone.
L'Insight è previsto per il primo mese dell'anno e sarà presentato per la prima volta al pubblico a Valencia nel mese di gennaio.
Per quanto riguarda la prima generazione, il nuovo jazz cresce in tutte le sue dimensioni.
La sua lunghezza è di 3,90 metri (più 5 centimetri), la sua larghezza è di 1,69 metri (più 2 centimetri) e la distanza tra gli assi è di 2,50 metri, il che porta a supporre che sia cresciuto di 5 centimetri.
L'altezza, invece, rimane invariata, a 1,52 metri.
Con l'aumento delle dimensioni, viene ampliato anche l'interno.
Questo successo è dovuto, da un lato, al nuovo programma di flessibilità spaziale e, dall'altro, alla posizione centrale del contenitore di carburante, soluzione utilizzata anche nel modello precedente di Jazz.
Anche la capacità del bagagliaio, che ha un sistema di doppia superficie di carico, raggiunge fino a 339 litri, ovvero 19 litri in più della capacità del bagagliaio della prima generazione.
Va sottolineato che tali misure sono previste per la versione con motore a benzina da 1,4 litri, poiché la capacità del bagagliaio della Honda Jazz con motore a benzina da 1,2 litri è di 379 litri.
Tra gli altri miglioramenti, oltre a elementi aggiuntivi come sedie in cuoio o la possibilità di inserire finestre panoramiche, viene offerto un miglior accesso ai posti.
L'angolo di apertura delle porte posteriori è di 80 gradi, mentre il primo jazz aveva solo 67 gradi.
Anche i motori della seconda generazione di Jazz sono nuovi.
All'inizio della sua commercializzazione, questo piccolo modello ha due versioni dei motori a benzina: 1,2 e 1,4 litri.
Entrambe le varianti hanno il sistema i-VTEC, che consente un basso consumo di carburante e minori emissioni di CO2, ha prestazioni tecniche eccellenti e, allo stesso tempo, offre un elevato rendimento di torsione per tutta la durata del motore.
La prima variante da 1,2 litri ottiene 90 CV a 6 000 giri con un torso massimo di 114 Nm a 4 900 min.
Questo motore a benzina - il precedente modello Jazz raggiunge 78 CV - ha un consumo di benzina di 5,3 litri e un'emissione di CO2 di 125 grammi.
Con riferimento al motore precedente, che nella precedente generazione aveva raggiunto 83 CV, ora riesce a raggiungere i 100 CV.
Il Jazz 100 PS 1.4 ha un consumo di benzina di 5,4 litri e 128 grammi di CO2.
` Auto-ape', che evita le collisioni
Per promuovere lo sviluppo delle tecnologie per la prevenzione degli incidenti, Nissan si è ispirata alla natura, o meglio alle api.
Una società giapponese ha sviluppato un robot che simula il comportamento di un branco di api e evita incidenti.
Questo robot è un Bio-Mimetic Car Robot Drive, o BR23C, e rappresenta il primo passo nella tecnologia per la prevenzione degli incidenti.
Gli ingegneri del Centro di Sviluppo Tecnico della Nissan Motor Co. hanno sviluppato questo piccolo robot in collaborazione con il Centro di Ricerca per la Scienza e la Tecnologia Avanzata della rinomata Università di Tokyo, in Giappone.
Secondo Kazuhiro Doi, direttore della tecnologia PR e della gestione del marchio R&D, il BR23C rappresenta un'estensione del quadrilatero di sicurezza Nissan.
Questo robot deve garantire che le auto di questa marca siano in grado di evitare le collisioni.
Durante il volo, ogni apica costruisce il proprio spazio di volo ovale, molto simile al segnale di sicurezza Nissan.
Ma soprattutto gli occhi sfaccettati delle api, che possono vedere in tutte le direzioni a un angolo di 300 gradi, permettono loro di volare senza disturbo nel loro spazio aereo personale senza interruzioni.
Per riprodurre la prospettiva di tutto il mondo, i tecnici hanno sviluppato il cosiddetto laser range finder (LRF).
Vede ostacoli situati a una distanza di 2 metri e un raggio di 180° davanti al BR23C, calcola la distanza dall'oggetto e invia un segnale a un microprocessore a bordo che viene immediatamente tradotto in segnale per evitare la collisione
` Al momento in cui si nota un ostacolo, il piccolo robot imita il volo dell'ape e cambia immediatamente direzione, girando le ruote a un angolo di 90° o più per evitare la collisione.
La differenza principale con gli altri sistemi è che questa manovra di evasione avviene assolutamente istintivamente.
Se non fosse così, il robot non potrebbe essere in grado di reagire con la velocità sufficiente per evitare gli ostacoli", spiega Toshiyuki Andoh, direttore del Laboratorio di Mobilità e ingegnere capo del progetto.
A differenza di un'ape, il robot non può andare in alto o in basso, né in alto; può muoversi solo in due dimensioni e nella direzione che gli permette di ruotare le sue ruote, e non in direzioni infinite e in modi infiniti come fanno le api.
Per questo motivo, oltre alle funzioni di accelerazione e frenata, Nissan ha utilizzato la funzione di rotazione per evitare che il piccolo robot si imbatta.
`Questo apparecchio ha bisogno di solo un paio di secondi per elaborare e agire in base alle informazioni.
Non richiede né l'informazione né la logica intuitiva delle manovre eseguite, quindi può funzionare continuamente con solo un paio di decine di KB di spazio di archiviazione.
Questo sembra sorprendente, ma non riguarda i GB, e nemmeno i MB di spazio.
Questo è il primo passo nello sviluppo di tecnologie per la prevenzione immediata delle collisioni, una tecnologia che Nissan prevede di introdurre nelle auto di serie nei prossimi dieci anni.
Il robot funziona con batterie al litio polimero, che sono più leggere e durano più a lungo di molte batterie al litio-ione.
Un'altra possibile applicazione di questa tecnologia potrebbe essere l'integrazione della unità con un sistema di navigazione GPS via satellite per guidare la guida verso la destinazione, evitando gli ostacoli sulla strada.
Sta tremando prima di essere gravata da un mutuo.
Bisogna riconoscere che il Dipartimento del Tesoro degli Stati Uniti, a parte il fatto di avere abbastanza liquidità per fornire il supporto, non è privo di abilità.
Prima della crisi e per evitare che i cittadini statunitensi fossero coinvolti nelle storie di mutui delle banche che si ritengono in grado di pagare, è stato sviluppato un gioco divertente e informativo per i surfisti di Internet: `Bad Credit Hotel'.
O forse l'hotel dei cattivi crediti o di chi ha paura.
Il terzo aspetto di questa struttura, e in particolare della sua receptionist, è quello di pensare una, due, forse tre volte se è il momento di non chiedere un prestito.
E soprattutto dove si può farlo, che è probabilmente anche l'obiettivo del gioco.
Certo, ha informazioni utili, ma senza dettagli.
E' un sito per i ragazzi, non un posto per tutti.
Cosa succederà se il gioco si estende?
Beh, quando arriva una camera da sogno in hotel.
Almeno un po', perche' non e' per comprare una casa migliore.
Morgan Stanley mette a disposizione il suo capitale per MUFG
Morgan Stanley ha annunciato l'ingresso nella sua società di Mitsubishi UFJ Financial Group (MUFG), che sarebbe la prima banca in Giappone a spendere 9 miliardi di dollari e ad assumere il 21% del suo capitale, un'innovazione dovuta a una forte caduta del suo prezzo sul mercato.
Una settimana dopo la pubblicazione di un accordo provvisorio, le due banche hanno dichiarato che MUFG acquisterà il 9,9% delle azioni ordinarie di Morgan Stanley al prezzo uniforme di 25,25 dollari, per un totale di 3 miliardi di dollari.
Il prezzo presunto è inferiore al 19% del valore di mercato dell'azione al 31 agosto.
MUFG investirà altri 6 miliardi di dollari nell'acquisto di azioni convertibili, che gli assicureranno un profitto del 10% e potranno essere rivendute al prezzo di 31,25 dollari.
Morgan Stanley ha dichiarato che il business mondiale sarà effettuato sulla base di un prezzo medio uniforme di 29 dollari, ovvero il 28% al di sopra del valore corrente.
Tuttavia, le azioni di Morgan Stanley sono scese del 6,79% a 23,07 dollari alle 17:00 GMT.
`Questa collaborazione strategica rappresenta un'importante opportunità per accelerare il passaggio di Morgan Stanley allo status di holding bancario', ha dichiarato John Mack, direttore generale del gruppo americano.
Morgan Stanley ha adottato questo status la scorsa settimana, che gli permetterà di espandere le sue attività in nuovi settori, ma sotto la supervisione della Federal Reserve.
Il suo collegamento con MUFG conferma anche che la crisi finanziaria attuale sta costringendo i più grandi nomi di Wall Street ad adottare un atteggiamento molto più cauto di prima.
Le modalità presentate lunedì mostrano inoltre che l'accordo è stato modificato nel corso degli ultimi giorni: il lunedì scorso Morgan aveva semplicemente dichiarato che avrebbe venduto fino al 20% delle sue azioni al Giappone per circa 8,5 miliardi di dollari.
`Una settimana fa', ha dichiarato a Tokyo Toshihide Mizuno, amministratore delegato della MUFG, ` pensavamo che la partecipazione sarebbe stata costituita interamente da azioni comuni.
Ma, tenuto conto della situazione economica e del mercato attuale, abbiamo voluto ridurre i rischi e proteggerci.
In base a un prezzo medio equilibrato, MUFG pagherà per le sue azioni di Morgan Stanley il 7% al di sotto del loro valore di mercato.
E il business si riprendrà con una riduzione dei profitti di circa il 20% per azione.
L'accordo prevede che MUFG potrà convertire in un anno metà delle sue azioni preferenziali in azioni ordinarie, se le ultime saranno sostituite entro un determinato termine per un valore superiore al 50% del valore venduto, ossia circa 47 dollari.
Morgan Stanley assicura che i fondi forniti da MUFG gli consentiranno di sfruttare le opportunità di investimento, rafforzare il suo bilancio e aumentare le sue vendite.
Un portavoce del gruppo ha rifiutato di fornire dettagli sui progetti strategici dei due nuovi alleati.
Dopo l'investimento di MUFG, Morgan Stanley dovrebbe essere in grado di registrare un tasso di liquidità di circa il 15%, uno dei migliori del settore.
Morgan ha dichiarato di aver ridotto notevolmente il suo bilancio dalla fine di agosto.
Le ultime settimane sono state difficili per il gruppo, che ha visto il suo prezzo scendere di metà mentre il prezzo dell'assicurazione contro la disoccupazione è salito in picco.
Il prezzo è diminuito il lunedì, ma è rimasto a un livello elevato, intorno al 12%.
Goldman Sachs, l'unico altro "superstite" delle grandi banche di investimento di Wall Street dopo il fallimento di Bear Stearns e Lehman Brothers e l'acquisto di Merrill Lynch, ha annunciato la scorsa settimana di aver ritirato 15 miliardi di dollari, in parte da Berkshire Hathaway, il gruppo di Warren Buffett.
Rafael Correa, lunedì a Quito.
La Repubblica deve essere fondata intorno al socialismo del XXI secolo.
È il progetto comune del venezuelano Hugo Chávez, del boliviano Evo Morales e dell'equatoriano Rafael Correa.
È stato il terzo a votare, questa domenica, il progetto di una nuova Costituzione, seguendo l'esempio dei suoi simili e amici.
La missione è stata compiuta, poiché secondo i risultati pubblici, che ammontano all'80% dei voti, il 64% ha votato "sì" nel referendum.
Secondo questi risultati, il 28% ha votato "no", il 7% delle schede erano invalide e lo 0,7% era stato consegnato vuoto.
Per l'approvazione del progetto di costituzione, occorre ottenere un voto superiore alla metà dei voti espressi.
Domenica, due sondaggi condotti all'uscita dei seggi e un conteggio di un'organizzazione non governativa avevano annunciato una chiara vittoria per `Sì', con un 63% al 70%.
La notte di domenica a lunedì, Rafael Correa aveva chiesto la vittoria del suo progetto di costituzione.
"La Costituzione ha trionfato in modo straordinario", aveva affermato in Guayaquil, sede del governo, a 280 chilometri a sud-ovest di Quito, congratulando gli ecuadoriani.
Naturalmente, Rafael Correa è stato congratulato da Chavez e Morales, ma anche dalla sua parente cilena Michelle Bachelet.
L'elezione, tenuta in segreto secondo la delegazione di osservazione dell'Organizzazione degli Stati americani (OAS), si è riferita a un testo di 444 punti per la salvaguardia del "nuovo socialismo", per il quale il presidente si batte.
Il progetto costituzionale trasferisce il potere dello Stato all'economia, conferendogli l'esclusivo diritto di "pianificazione dello sviluppo" in un paese che vive per lo più dell'estrazione di petrolio da parte di imprese straniere e delle valute estere che inviano emigrati.
Il progetto, promosso da Correa, eletto nel 2006, concede anche maggiori poteri al capo di Stato, che potrà esercitare fino a due mandati consecutivi di quattro anni e potrà dissolvere l'Assemblea nazionale.
Correa ha già annunciato di voler usare questo potere e di voler ricandidarsi al mandato nel febbraio 2009.
La Costituzione assicura inoltre i principi di assistenza sanitaria gratuita e istruzione, che il Presidente ha già iniziato a introdurre in questo paese di 13,9 milioni di abitanti, dove il 50% della popolazione vive sotto il limite della povertà.
Infine, essa prevede anche la proibizione della presenza di truppe straniere, ponendo fine all'accordo tra Quito e Washington sull'utilizzo di una base ecuatoriana come base di partenza per le operazioni antidroga americane.
19 ostaggi liberati in Ciad
Un comando egiziano ha lanciato un attacco contro i rapitori degli 11 turisti e degli otto compagni catturati dieci giorni fa.
Sono al Cairo.
L'11 turisti europei e gli 8 compagni egiziani, trattenuti per 11 giorni nel deserto, sono stati riportati nella capitale egiziana, sani e salvi, lunedì pomeriggio.
Il mattino dopo erano stati liberati da un comando egiziano in Ciad.
Apparentemente in buone condizioni, gli ostaggi sono arrivati in un aereo speciale alla base militare di al-Maza, vicino all'aeroporto internazionale del Cairo, intorno alle 15:30.
Sono stati portati direttamente, senza parlare con la stampa, su un elicottero all'ospedale di Maadi, un quartiere straniero del Cairo, per essere esaminati.
Tutti sono in ottima salute e non è stato pagato alcun riscatto ai rapitori', ha dichiarato il ministro egiziano del turismo, Zoheir Garanna, al campo di battaglia.
Dopo essere stati catturati il 19 settembre durante un safari in auto a terra ai piedi del monte Ouanat, nella zona di confine tra Egitto, Sudan e Libia, il gruppo di ostaggi è stato spostato da un nascondiglio all'altro da 35 rapitori sconosciuti.
Sono 11 i turisti - cinque italiani, cinque tedeschi e una rumena - e altri otto egiziani: due guide, quattro autisti, un guardia delle frontiere e il direttore dell'agenzia Aegyptus, organizzatrice del safari.
Un funzionario egiziano ha dichiarato che 30 membri delle forze speciali, a bordo di due elicotteri, hanno lanciato l'attacco di notte, poco prima dell'alba.
` I colpi sono caduti da entrambe le parti e metà dei rapitori è stato ucciso, gli altri sono fuggiti', ha detto l'agente, che ha voluto rimanere anonimo.
Ha dichiarato che un totale di 150 membri delle forze speciali egiziane sono stati inviati in Sudan, dove sono stati sostenuti da comandanti tedeschi e italiani.
Il capo della diplomazia italiana, Franco Frattini, ha riferito da Belgrado, dove si trova, del ruolo svolto da agenti segreti e da elementi delle forze speciali italiane.
"Dobbiamo riconoscere che questo risultato è stato ottenuto grazie alla professionalità e alla capacità dei nostri uomini dell'intelligence e delle forze speciali", ha spiegato senza ulteriori dettagli.
Ha anche negato che un riscatto fosse stato pagato.
La sera prima, l'esercito sudanese aveva affermato di aver fermato una pattuglia su un veicolo a terra in cui si trovavano i rapitori, uccidendo sei di loro, tra cui il capo di origine ciadita, e arrestando due.
L'esercito ha dichiarato che erano collegati a un gruppo ribelle di Darfur, il Movimento Libération du Soudan-Unité (SLA-U), che ha subito negato.
Lettere - La silenziosa maggioranza della cultura
Un dibattito sul finanziamento della cultura è un tema centrale della campagna elettorale.
- E' meglio così.
Ma un'area della nostra vita culturale rimane dimenticata.
Chi si alzerà per denunciare le miserabili somme concesse ai piccoli musei, agli archivi, agli scavi archeologici o ai siti storici nazionali che muoiono di fame?
Quale politico oserà ricordare al governo federale che trascura i suoi monumenti e le sue costruzioni di rilevanza culturale?
Che in Quebec, come in Canada, non ci sono leggi adeguate che proteggano efficacemente il nostro patrimonio culturale?
Lo sapevate che il governo francese ha stanziato 3,5 milioni di euro esclusivamente per il restauro del castello di Chinon, nella Loire?
I nostri vicini americani hanno la Costituzione del loro paese che dice che la tutela del patrimonio culturale è parte della cultura americana e che questo patrimonio culturale deve essere protetto da tutti i cittadini, da tutti i deputati e da tutti i distretti del governo, in comune accordo.
In Quebec, nell'associazione delle Società storiche del Quebec, almeno 40.000 volontari, riuniti in 211 società storiche, si impegnano a dedicarsi intensamente alla storia, a salvare con pochi soldi i numerosi archivi privati e a conservare i resti archeologici.
Sono anche spesso i cani da guardia del nostro patrimonio culturale, che protestano con la forza della disperazione quando i finanziatori e i responsabili politici scagliano i loro bulldozer sulle nostre vecchie pietre e i cimiteri dimenticati.
Quando ci sarà un palcoscenico per la storia e il patrimonio culturale?
I governi del Benelux nazionalizzano parti di Fortis Bank
Con una parziale nazionalizzazione, i paesi del Benelux vogliono aiutare la Fortis Bank, una banca belga-olandese che è stata turbolenta a causa della crisi finanziaria degli Stati Uniti: i tre paesi stanziano un totale di 11,2 miliardi di euro all'istituto bancario e assicurativo, che ha anche sedi in Ungheria.
I governi del Belgio, del Lussemburgo e dei Paesi Bassi hanno tenuto un incontro al più alto livello durante il weekend, insieme al presidente della Banca centrale europea e all'amministratore delegato dell'Autorità europea per la concorrenza.
In tale contesto, la Banca ha deciso di non presentare alcuna proposta di decisione in merito alla sua partecipazione all'accordo di cooperazione.
Secondo la decisione presa domenica sera, tutti e tre gli Stati acquistano le rispettive quote della banca pari a circa il 49%.
La banca è destinata a vendere una parte delle sue partecipazioni, in particolare le attività assicurative acquistate dall'ABN Amro olandese lo scorso anno.
Le azioni di Fortis hanno iniziato la scorsa settimana una dritta discesa, mentre nel secondo semestre si sono già manifestati scenari di crisi gravi.
Tuttavia, gli analisti concordano che la banca, con i suoi 85.000 dipendenti, è troppo grande per fallire.
I titoli dell'istituto sono scesi del 12% a un minimo di 14 anni venerdì.
Dal gennaio il valore delle azioni è sceso di oltre due terzi.
In base ai prezzi attuali, il valore di mercato del gruppo è pari a 14 miliardi di euro, cosa che, secondo la direzione, è irrealistica.
Secondo la direzione, il pacchetto di salvataggio americano di 700 miliardi di dollari e l'incertezza dei mercati che ne derivano sono la causa della discesa delle azioni di Fortis.
Il lunedì, però, i prezzi sono leggermente aumentati.
Il venerdì è stato nominato Filip Dierckx nuovo direttore generale della Banca.
L'ente monetario ha cercato un acquirente privato, ma non ha trovato un interessato con un'offerta concreta.
Il governo belga ha invece cercato di rassicurare gli investitori, dicendo che nessuno dovrebbe tremare per i propri soldi.
Non c'è stato alcun panico tra i clienti, non sono state assaltate le filiali della banca.
In Ungheria Fortis ha filiali indipendenti, ma chiama anche leasing come proprie.
Volpe in pollaio
In America, a causa del consumo di farmaci da parte di un individuo, le compagnie di assicurazione sulla vita e sulla salute spesso rifiutano di stipulare un contratto con un cliente.
Gli esperti della protezione dei dati temono che il mercato dei dati possa diventare incontrollabile.
"Ci sono programmi di protezione dei dati che in ogni caso collegano l'utilizzo dei dati dei medicinali al consenso del soggetto interessato.
"Questo dovrebbe essere in mano indipendente, altrimenti affidiamo le galline alla volpe", ha detto Richard Dick, sviluppatore del programma di tracciamento dei dati di prescrizione.
Le compagnie di assicurazione determinano i costi e gli importi dei pagamenti in caso di danni in funzione dello stato di salute del cliente e, se il rischio è troppo elevato, l'assicurazione non viene mai stipulata.
In passato, il cliente veniva mandato a fare un esame medico e il contratto veniva concluso solo in conoscenza dei risultati dell'esame.
Dieci anni fa Dick ha inventato un metodo molto più conveniente: basandosi sul numero di identificazione del cliente, ottiene dai farmaci i dati degli ultimi un anno e mezzo, cioè quali farmaci sono stati acquistati, e il programma calcola da questo quale malattia ha il cliente e quale sia il suo stato di salute.
Ad esempio, se compra regolarmente grandi quantità di farmaci per abbassare il colesterolo, si potrebbe concludere che il suo livello di grasso nel sangue è irrimediabilmente elevato, il che automaticamente lo metterebbe in una categoria a più alto rischio.
Ci sono diverse versioni del programma in circolazione - alcune definiscono addirittura un moltiplicatore di rischio, così che le compagnie di assicurazione devono fare solo più scartoffie, ma ci sono delle piccole difficoltà.
Uno degli svantaggi è che molti farmaci possono essere assunti per diversi scopi, come emicranie e brividi, ma anche per la depressione.
L'ultimo è un fattore di rischio elevato per gli assicuratori, mentre gli altri non lo sono.
Per la ricerca e l'elaborazione dei dati, sono state create società che prima di raccogliere i dati chiedono il consenso del paziente.
Intanto, sono obbligati a farlo per legge, anche se non sono stati finora puniti per omissioni.
Alcune aziende elaborano i risultati dei test di laboratorio e li combinano con i dati relativi al consumo di farmaci, per ottenere un quadro ancora più preciso della salute dei pazienti.
Sempre più aziende hanno accesso ai dati, e al tempo stesso è sempre più difficile controllarne l'utilizzo.
La legge sulla protezione dei dati specifica ai dati sanitari, tuttavia, ha un effetto limitato ai fornitori di servizi nel settore sanitario e alle compagnie di assicurazione.
La legge è già stata presentata al Congresso, che prevede che le autorità possano controllare anche le società di elaborazione dei dati.
Dick Richard ha capito che non è sufficiente, e quindi vuole sviluppare il suo programma in modo che i dati possano essere trasmessi solo con il consenso del soggetto interessato.
Un'altra questione è ovviamente che il soggetto interessato non può proibire l'accesso ai suoi dati, in quanto altrimenti le assicurazioni non concludono un contratto con lui.
E così le galline sono in qualche modo lasciate alla grazia della volpe.
Piano di cibo globale da Marsiglia
L'Unione europea e l'India raddoppiano il commercio
Poiché l'Unione europea e l'India sono i principali partner commerciali dell'altro, questo è stato il tema principale del nono vertice, oltre ad altri problemi globali.
Oggi si svolge anche il vertice franco-indiano, in cui si discute principalmente della cooperazione nel settore dell'energia nucleare.
L'Unione europea riconosce che l'India è una potenza democratica emergente che dovrebbe avere più voce e voce in capitolo in materia internazionale, ma fino ad ora gli Stati membri non sono riusciti a concordare se sostenere o meno la permanenza di New Delhi nel Consiglio di Sicurezza delle Nazioni Unite.
La questione non è stata discussa al nono summit di Marsiglia di ieri.
Il presidente francese e attuale presidente del Consiglio europeo Nicolas Sarkozy, il presidente della Commissione José Manuel Barroso e il capo diplomatico Javier Solana hanno accolto il primo ministro indiano Manmohan Singh, e si è raggiunto un accordo che prevede di raddoppiare il commercio nel corso dei prossimi cinque anni, portandolo a circa 100 miliardi di euro.
Considerato che tra il 2000 e il 2007 il commercio di beni è salito da 25 a 55 miliardi, questo obiettivo non è nemmeno così ambizioso.
In questo senso, anche i 26 accordi di aviazione civile con l'India sono stati legalmente riuniti in un accordo, così che in futuro anche il trasporto aereo sarà incentivato.
L'India intende firmare un accordo di libero scambio con l'Unione entro il 2009.
Sarkozy ha promesso di accelerare il patto.
L'obiettivo è quello di trovare un equilibrio tra l'UE e l'India, che è attualmente squilibrata: mentre l'Unione è il primo partner dell'India, New Delhi è solo il nono tra i partner dell'UE.
Il vertice è stato dedicato alle questioni globali.
La Commissione ha inoltre adottato una proposta di direttiva che prevede la creazione di un'agenzia di controllo delle esportazioni di prodotti agricoli e di prodotti alimentari, nonché la creazione di un'agenzia di controllo delle esportazioni di prodotti agricoli e di prodotti alimentari.
Anche il Doha Round dovrebbe essere concluso, con entrambe le parti responsabili del fallimento.
L'UE ha sottolineato che si attenga al suo programma per l'energia e il clima, ossia ridurre le emissioni di inquinanti di almeno il 20% entro il 2020.
Anche l'India ha accettato, come ha fatto anche la proposta di un compromesso globale al prossimo vertice sul clima, per ridurre le emissioni di gas serra del 50% entro il 2050.
Anche l'aumento dei prezzi dei prodotti alimentari dovrebbe essere combatto, e quindi entrambi sostengono la convocazione di una conferenza internazionale sulla crisi finanziaria.
Il capo del governo indiano è oggi in visita nella capitale francese, dove firmerà un accordo sull'uso pacifico dell'energia nucleare in un incontro bilaterale.
A Parigi, invece, si spera di ottenere un contratto da parte di società francesi per la costruzione di reattori nucleari in India, pari a 20 miliardi di euro.
Secondo i rapporti dell'agenzia, l'accordo dovrebbe durare 15 anni.
Oltre 300 editori italiani a Francoforte
Presenza di editori italiani alla Fiera Internazionale del Libro di Francoforte.
Oltre 300 editori italiani saranno presenti alla 60a Fiera del Libro, la più importante manifestazione internazionale per l'acquisto di diritti d'autore.
La fiera internazionale del libro di Francoforte, che si è svolta in questo anno, prevede oltre 7.000 espositori provenienti da 101 paesi, che si diffonderanno su 171.790 metri quadrati e presenteranno oltre 403.000 titoli.
L'assistente del Ministero dei Beni e delle Attività Culturali, Maria Giro, rappresenterà il governo italiano durante la cerimonia di apertura nella sala espositiva: l'Italia sarà rappresentata nella sala espositiva di 264 mq Punto Italia'.
Successivamente, una conferenza stampa presso la Room Structure, nella sala 5.0 del Salone del Libro, dove verranno discussi i dati, le tendenze e le prospettive relative all'editoria in Italia.
Secondo i dati, l'importanza dei libri di scrittori stranieri diminuisce nel complesso, ma in particolare nel settore degli adulti e dei giovani.
Richiamato il piccolo aereo del miliardario Steve Fossett, scomparso un anno fa
Il piccolo aereo di Steve Fossett, il miliardario scomparso in un volo sul deserto del Nevada il 3 settembre 2007, è stato ritrovato.
I pezzi sono stati trovati su un altopiano a 3000 m di altitudine, nella zona dei Mammoth Lakes della Sierra Nevada, tra gli Stati della California e del Nevada.
Ma all'interno dell'aereo non si trovarono resti umani.
Il sceriffo della contea di Madera, John Anderson, ha completamente smentito i suoi dubbi durante una conferenza stampa: "L'aereo è stato localizzato, e una squadra è stata inviata. Ora siamo certi che si tratta dell'aereo con cui Steve Fossett volava il giorno della sua scomparsa".
Il signor Anderson ha anche confermato che non sono stati trovati resti umani sull'aereo o nei dintorni.
Il miliardario di 63 anni è stato dichiarato morto a febbraio.
L'Ufficio per la sicurezza stradale (TSB) ha comunicato che poche ore dopo aver visto l'aereo, una squadra è stata inviata per identificare l'aereo: si tratta della Bellanca 8kcab, che è andata persa il 3 settembre 2007 dopo che Fossett era partito per un volo di 3 ore a Yerington, in Nevada.
Ieri, inoltre, in California, vicino al confine con il Nevada, sono stati ritrovati alcuni degli oggetti personali di Fossett da una coppia vicino alla loro casa a Mammoth Lakes.
Sono due documenti con il nome Fossett, entrambi rilasciati dalla Federal Aviation Administration dell'Illinois, contanti e un giubbotto.
La ricerca di Fossett era stata abbandonata un mese dopo la sua scomparsa.
Il miliardario si era imposto un posto nella storia con una lunga serie di record.
Nel 2002 è riuscito, nella sesta volta, a fare il primo giro del mondo in un palloncino: un volo solitario di due settimane.
Tre anni dopo, ha fatto il giro del mondo in un solo volo senza sosta con un aereo.
Tra i suoi numerosi record c'è anche un volo ad altezza di 15445 m sopra gli Ande, ma con un co-pilota.
Guarda, la pubblicità che non ti aspettavi
Un SUV che, per il suo design originale e la sua particolare linea, la sua superficie di scarico e i suoi chiari angoli, si distingue dai schemi tradizionali.
Mercedes-Benz ha cercato di dare un nuovo respiro al settore con questo off-roader.
Proprio per le sue caratteristiche eccezionali sarà insolito anche il progetto della Suv Glk, che sarà in mostra dal 17 ottobre nella showroom di Mercedes-Benz.
La pubblicità che accompagnerà l'uscita del nuovo modello sarà presentata anche in un nuovo costume, cioè in forma di campagna 3D. Questa è una novità nel settore automobilistico in Italia.
Un progetto di grande spesa, che si svolgerà in diverse fasi, che occuperanno il centro commerciale di Milano, il Corso Como, fino al 15 novembre.
La prima fase consisterà nella presentazione della vettura in forma, con occhiali 3D distribuiti nei pressi del Corso Como, che daranno un aspetto particolare all'intero veicolo: il nuovo SUV apparirà così, nelle sue dimensioni quasi reali, come un modello tridimensionale.
In effetti, la macchina apparirà dal poster su cui è dipinta.
La tecnologia Elumina8 permette di illuminare il nuovo lampo in tutti i dettagli, in diversi momenti, per riassemblarlo.
Non c'è dubbio che con questa pubblicità Mercedes si preoccupa di introdurre un nuovo tipo di pubblicità per autoveicoli in questo campo piuttosto stereotipato.
Ma riusciremo a suscitare l'interesse dei futuri acquirenti?
Ora è chiaro chi sono i "hooligans" italiani.
Sono venuti dal Triveneto, rischiano di essere banditi dallo stadio.
Chi sono questi 150-200 ragazzi e ragazze di cui tutta l'Italia si vergogna, che fanno parte del gruppo "Ultras Italia", che da anni segue la nazionale italiana e che, a dire il vero, fino a poco tempo fa non ha causato problemi seri?
Non c'è mai stato un conflitto con i fan avversari.
L'origine del gruppo è nel centro destro.
I finanziatori sono del Triveneto.
Verona, Padova, Trieste e Udine.
A Sofia si sono incontrati anche altri gruppi minori provenienti dalla Campania e dalla Puglia.
I militanti indossano i tricolori con le città dei militanti, ma sono stati rimossi sabato per evitare un'identificazione.
I suoi modelli sono i fan inglesi.
In Bulgaria, si è affrontato con una scena di fan veramente radicale di destra, quella di Levsky.
La FIGC aveva fornito ai tifosi italiani 144 carte del gioco, tutte scritte a nome e quindi facili da controllare.
Infatti, tutti sono stati controllati dal Viminal: nessuno di coloro che si sono recati a Sofia aveva un'azione di divieto di andare in un stadio.
Quattro tifosi della squadra italiana, già in difficoltà, sono stati negati il biglietto e il viaggio in Bulgaria.
Il Viminal sta ora aspettando i rapporti della polizia bulgara per iniziare ulteriori azioni: in questo caso i tifosi arrestati o identificati durante le rivolte possono aspettarsi un divieto di almeno cinque anni.
Si tratta di un divieto internazionale che impedisce l'accesso agli stadi in tutta Europa.
Quindi i nostri banditi non metteranno più piede in uno stadio.
- Per fortuna.
Ma ora, naturalmente, c'è la paura che i copiatori possano seguire poco più di 150 di questi.
"Questo incendio deve essere immediatamente estinto, e questo non dà alcuna possibilità di giustificare tale comportamento", afferma il Viminal.
"Occhi aperti soprattutto anche in vista della partita della nazionale di mercoledì a Lecce".
Perché in realtà, in Puglia c'è un piccolo nucleo degli ultra italiani.
Domani si riuniranno l'Osservatorio, il martedì i Casms, che possono contare su una parte dell'Aise, cioè le agenzie segrete che si occupano del problema della violenza allo stadio.
"Duce-duce e il braccio destro alzato durante l'inno di Mameli?
Questo è il pensiero di Domenico Mazzilli (chiaro senza gioia), che da poche settimane è direttore dell'Osservatorio del Viminal (ha preso il posto di Francensco Tagliente e poi di Felice Ferlizzi).
Mazzilli era stato il capo della polizia di Trieste, dove ora è nata una nucleo di sostenitori dell'Ultras Italia, fondata nel 2002.
È vero, dice Mazzilli, che in Bulgaria non è contro la legge lodare il Duce, ma senza dubbio il comportamento di queste 150-200 persone è stato un disonore.
"Non sono un sociologo" aggiunge il numero uno dell'Osservatorio "i crimini sono puniti nel paese in cui sono commessi.
Finora questo gruppo si è tenuto in freno, ma ora bisogna ripensare a ciò che è successo e a ciò che accadrà.
Ma parliamo anche dei fischi durante l'inno di Mamelis: anche questo non è un reato, ma mi permetta, manca l'educazione... ".
