Rechtspopulisten gewinnen in Österreich, insgesamt 29 Prozent
Die erste Vorlageergebnisse zeigen, dass die beiden Parteien der bisherigen Großen Koalition und die rechtsextremen populistischen Parteien sich deutlich verschlechtert haben.
Die österreichische Volkspartei (ÖVP), in der die Position des derzeitigen Präsidenten, Wilhelm Molterer, stark geschwankt ist, hat einen besonders starken Verlust erlitten.
Der Präsident der Bundesrepublik Österreich für die Zukunft (BZÖ) und Landespräsident der Region Kärnten, Jörg Haider, ist dagegen auf dem Weg zu einer erfolgreichen Rückkehr in die nationale Politik.
Nach den vorläufigen Ergebnissen bleibt die SPÖ mit 29,8 Prozent die stärkste Partei des Landes, verglichen mit den letzten Wahlen 2006 jedoch mit 5,5 Prozent.
Schlimmer noch, die ÖVP verliert mit 25,6 Prozent fast neun Prozent der Stimmen.
Diese beiden großen Parteien haben die schlimmsten Ergebnisse in der Geschichte Österreichs nach dem Krieg erzielt, und die Folkspartei, die vorgezogene Wahlen verursacht hat, hat die schlimmsten Ergebnisse.
Anfang Juli, als die ÖVP aus der Koalition austrat, hatte die Volkspartei laut Umfragen einen erheblichen Vorsprung vor der SPÖ.
Aber die Wähler bestrafen ihn offensichtlich, weil er die Regierung scheitern ließ.
Bereits in den ersten Reaktionen auf die Ergebnisse wurde spekuliert, dass Parteichef und derzeitiger Vize-Chancellor Wilhelm Molterer zurücktreten könnte.
Beobachter gehen davon aus, dass dies bereits am Montag bei der außerordentlichen Sitzung des Parteivorsitzes stattfinden könnte.
Diese Entwicklung dürfte den immer wahrscheinlicheren Ausweg aus dem Wahlergebnis erleichtern, nämlich die Wiederherstellung der Großen Koalition zwischen SPÖ und ÖVP.
Angesichts der Stärkung der beiden rechtspopulistischen Parteien - die Österreichische Freiheitspartei (FPÖ) hatte zuvor 18 Prozent der Stimmen und die BZÖ 11 Prozent - äußerten sich die Sozialdemokraten jedoch gleichzeitig besorgt, dass sich das Jahr 1999 wiederholen könnte, als die Volkspartei eine Vereinbarung mit den Populisten in einer gemeinsamen Regierung (die FPÖ war damals noch einheitlich, sie hatte sich 2005 von der BZÖ getrennt) getroffen hatte, was sogar Sanktionen durch die Europäische Union zur Folge hatte.
Haider, der bereits erklärt hat, dass er bereit ist, mit jeder Partei zusammenzuarbeiten, und ich nehme an, dass er in Wien in die nationale Politik zurückkehren kann, erwartet offensichtlich diese Lösung.
Die Grünen haben jedoch ihre Popularität etwas verloren und sind von Platz drei auf Platz fünf unter den österreichischen politischen Parteien zurückgegangen.
Keine der anderen Parteien überschritt die Grenze von vier Prozent und kam in das Parlament.
Schwarzenberg: Die Beziehungen zu Indien könnten abklingen
Wenn das Problem der Tschechischen Wissenschaftler, die wegen illegaler Insektenernte angeklagt wurden, nicht gelöst werden kann, könnte es nach Ansicht von Tschechischen Außenminister Karel Schwarzenberg zu einer Abkühlung der Beziehungen zwischen Tschechien und Indien kommen.
Das erklärte der Minister nach einem Treffen mit seinem indischen Partner Pranab Mukherjee in New York.
"Wenn das nicht gelöst wird, dann, ja, dann wird es eine gewisse Abkühlung geben", erklärte er nach dem von der Tschechischen Republik initiierten Treffen.
Nach dem Verfahren sagte Mukherji, dass es schwer sei, sich in Gerichtsangelegenheiten einzumischen.
Sie wies jedoch darauf hin, dass die Zentralregierung im Fall von Petr Švácha, der freigesprochen und mit einer Geldstrafe belegt wurde, mit der Darjeelinger Lokalregierung, deren Rechtsprechung die Sache angeht, verhandeln könne.
"Sein Problem könnte gelöst werden", sagte der Minister.
Für den drei Jahre Gefängnis verurteilten Emil Kučera ist es jedoch in den Augen Mukherji das Beste, wenn er eine Berufung bei einem Obersten Gericht einleiten will.
Dann könnte er sich um eine Freilassung gegen Kaution bewerben und freie Laufzeit haben, bis er verurteilt wird, erklärte er.
Schwarzenberg bestätigte, dass sein Partner sich während des Gerichts ähnlich geäußert hat.
"Er hat eine Berufung vor dem Obersten Gerichtshof vorgeschlagen, dann wäre es möglich, ihn freizulassen", sagte der Chef der tschechischen Diplomatie.
Der einzige Weg, wie die Tschechische Seite in die ganze Sache eingreifen kann, ist, dem Verurteilten "kompetente Rechtshilfe" zu gewähren, sagte der indische Minister.
Sie erklärte jedoch, dass die indische Seite ihnen bereits solche Hilfe leistet.
"Es liegt in unserem Interesse, die besten Beziehungen mit Indien zu erhalten, die eine langjährige Tradition haben.
Das erkennen auch die Inder", sagte Schwarzenberg.
Gleichzeitig betonte er gegenüber ČTK, dass sein Partner der Problematik der tschechischen Entomologen große Bedeutung beimteht.
"Wir halten es für einen schwerwiegenden Fehler, diese tschechischen Wissenschaftler inhaftieren und vor Gericht zu stellen", erklärte er.
Auf die Frage, ob die indische Seite die Angelegenheit behandeln würde, hielt der Minister die Antwort aus.
"Ich habe schon ziemlich viele Versprechungen bekommen", bemerkte er.
Tschechische Schiedsrichter im Kampf um den Meeresboden
Gehen Sie zu einer elektronischen Wandkarte, die Australien und die benachbarten Meeresgebiete zeigt.
Aber er interessiert sich nicht für das Land, sondern für einen Punkt im blauen Ozean.
"Die Insel gehört zu Australien und damit auch der benachbarte Meeresboden.
Das Gebiet ist aber so groß wie der Kontinent selbst", sagt Luigi Santosuosso, ein italienischer Rechtsanwalt, der mit dem 30-köpfigen Arbeitsteam der UN-Ozean- und Seerechtsdivision zusammenarbeitet.
Ihr Chef, der tschechische Rechtsanwalt Václav Mikulka, der Leiter der Division, beobachtet die Erläuterungen und ergänzt sie gelegentlich.
Hier herrscht Arbeit und Begeisterung.
Der Meeresboden verbirgt eine bislang kaum bekannte, reichhaltige Welt.
Dazu gehören Öl, Erze und andere Mineralien, aber auch bisher unbekannte Lebewesen, die den Schlüssel zur Entwicklung von Medikamenten gegen Krebs sein könnten.
Meerboden über dem Land
Küstenländer sind heutzutage in einem intensiven Wettbewerb um neue Unterwassergebiete.
Sie haben ihre Rechte nach dem UN-Abkommen, das 1982 in Montego Bay, Jamaika, vereinbart wurde.
Vor allem die so genannte Kontinentalfläche, die sich oftmals bis zu wenigen hundert Kilometern von der Küste des jeweiligen Landes entfernt.
Ein solches Land hat nach dem Übereinkommen das ausschließliche Recht auf alle Quellen der Kontinentalfläche.
"Kontinentaler Felsboden ist der Teil des Meeresbodens und der darunter liegenden Schicht, die eine natürliche Fortsetzung des Unterseelands ist.
Sie erstrecken sich über die Grenzen des Küstenmeeres, oft über 200 Meilen, die Grenze der sogenannten ausschließlichen Wirtschaftszone", erklärt Mikulka.
Der Antrag des betreffenden Landes an den Ausschuss für die Festlegung der Außengrenzen der Kontinentalebene muss mit einer umfangreichen wissenschaftlichen und technischen Unterlagen ergänzt werden, die auf zahlreichen kostenintensiven Forschungen und Messungen beruhen.
Das ist das Ergebnis vieler Jahre Vorbereitungsarbeit.
"Eine unserer Aufgaben ist es, dem Ausschuss rechtliche und fachliche Unterstützung zu leisten.
Bislang hat der Ausschuss fünf Anträge von Russland, Brasilien, Australien, Irland und Neuseeland geprüft.
Bislang haben nur die letzten drei Länder Erfolg gehabt", fügt Mikulka hinzu.
Die Welt hat sich kürzlich mit dem Erfolg Australiens gefreut, das sein Unterwasserland zuerst maßgeblich erweitert hat.
Aber auch Neuseeland gewann - das Seeboden, das ihm der Ausschuss zuteilte, beträgt etwa 1,6 Millionen Quadratkilometer, das ist sechsmal so groß wie das Land.
Beide Länder investierten Millionen von Dollar in die Forschung.
Sie hoffen, dass der Nutzen der zukünftigen Nutzung des Meeresbodens unbezahlbar sein wird.
Auch andere Länder stellen ständig Anträge.
Sie können dies innerhalb von zehn Jahren nach der Ratifizierung des Montego Bay-Übereinkommens tun.
Dort, wo die Kontinentalpflasterung endet, beginnt das Gebiet des Ozeanbodens, das vom Übereinkommen zum "gemeinsamen Erbe der Menschheit" erklärt wurde.
Hier ist kein Land mehr in einer Exklusivität.
Die Gewinnungsrechte in diesem Gebiet werden von der internationalen Einrichtung, die durch das Übereinkommen geschaffen wurde, bestimmt.
"Der Meeresboden ist jedoch nicht Klondike", übertreibt Direktor Mikulka, indem er sagt, dass "einige seiner Gebiete rechtlich klar begrenzt und in einem Vertrag geregelt sind".
Tschechische Flüchtlinge im Pazifik
Ein Teil des Meeresbodens gehört heute auch der Tschechischen Republik.
Diese werden mit den anderen Ländern des ehemaligen Ostblocks im Rahmen der gemeinsamen Organisation "Interoceanmetal" geteilt.
Diese Organisation erhielt 1991 den sogenannten "Pionier-Investor"-Status, wie Investoren aus einigen anderen Ländern.
Die Herstellung ist in der Zone ClarionClipperton im Pazifik zwischen Mexiko, Hawaii und Kiribati erlaubt.
Das von dem Investor untersuchte Gebiet ist etwas größer als das Gebiet des ehemaligen Tschechoslowakei.
Der Meeresboden ist dort, eine Art Unterwasser-Kopie der Tatra.
"Diese Gesamtfläche von 75.000 Quadratkilometern kann erzeugt werden.
Das Gebiet ist reich an polymetallischen Erzstoffen, die Nickel, Kupfer, Kobalt und Mangan enthalten", sagt ein anderer Hindusajurist, Pakshi Rajan.
Rober Sandev, Mitarbeiter der Division in Mazedonien, gibt uns ein weiteres konkretes Beispiel.
Sie erinnert mich an eine Kartoffel oder, mit ein wenig Phantasie, an ein Pergament mit den Zauberwörtern, die Golem zum Leben erwecken.
Deutsche Spezialeinheiten waren bei der Geisel befreiung anwesend.
Die ägyptische Regierung bat Deutschland um Hilfe bei der Lösung der Geiselkrise - und die Fachleute kamen.
Als die Situation ernst wurde, standen die Spezialeinheiten bereit, aber sie wurden nicht eingesetzt.
Die Freilassung von elf in Ägypten entführten europäischen Touristen wird immer mehr in den Blick gerückt.
Nach Angaben des Verteidigungsministeriums und des Innenministeriums waren auch indirekt deutsche Spezialeinheiten an der Rettung beteiligt.
Nach Angaben der Bundeswehr waren neben Fachkräften von GSG 9, Flugzeugregister der Bundespolizei und des Bundeskriminalamtes sowie Logistiker des Technischen Dienstes der Bundesrepublik Deutschland an der Entlassung teilgenommen.
Laut dem Ministeriumssprecher am Montag Abend waren die deutschen Truppen nicht notwendig, da die Gefangenen die Gefangenen entlassen und dann entkommen, als sie die Anzeichen einer gewaltsamen Entlassung erkannten.
Die ägyptische Regierung hat die Hilfe, die Deutschland angeboten hat, angenommen, um sie als Unterstützungskräfte vor Ort einzusetzen.
"Das ist glücklicherweise nicht geschehen", erklärte ein Sprecher des Bundesministeriums für Inneres.
Die Angreifer entführten am 19. September in Süd-Ägypten eine Touristengruppe von fünf Deutschen, fünf Italienern, einer Rumänin und acht ägyptischen Begleitpersonen.
Nach einem Entführungsfall in der Wüste in Süd-Ägypten wurden die Geiseln an den Grenzen zwischen Ägypten, Libyen, Sudan und Tschad herumgeschleppt.
Die Identität der Geiselnehmer ist bislang unklar, ebenso wie die Details der Befreiung der Geiseln oder die möglichen Lösegelder.
Die Überlebenden kamen inzwischen in Sicherheit nach Kairo.
Steinmeier sagte, die befreiten Gefangenen seien unter dem Schutz der deutschen Botschaft.
Er hat keine Details über die Freilassung gegeben.
In Berlin gab es keine Informationen darüber, wann sie nach Deutschland zurückkehren würden.
Laut Bild kommen die fünf Touristen und die Spezialeinheiten am Dienstag mit einem Airbus der Luftwaffe nach Deutschland.
Das US-Repräsentantenhaus lehnt das Rettungspaket ab.
Das Unterhaus des US-Kongresses hat mit einer kleinen Mehrheit das vorgeschlagene Rettungspaket für die Finanzmärkte von 700 Milliarden Dollar abgelehnt.
Der Dow Jones ist am Boden gesunken.
Das US-Repräsentantenhaus lehnte das Rettungspaket für die Finanzmärkte mit 227 Nein-Stimmen gegen 206 Ja-Stimmen ab.
Trotz der Aufrufe von US-Präsident George W. Bush und führenden Politikern beider Parteien, konnte das Programm, das das Chaos in den Finanzmärkten bekämpfen wollte, keine Mehrheit erhalten.
Die Unterstützer versuchten verzweifelt, die Kritiker über die Notwendigkeit des 700 Milliarden Dollar-Pakets in einer dramatischen Aktion zu überzeugen.
Barney Frank, ein demokratischer Verhandlungsführer, rief die Abgeordneten dazu auf, den Plan zu unterstützen, auch wenn er noch unpopulär ist.
"Es ist schwer, politische Unterstützung zu bekommen, um etwas zu vermeiden, das noch nicht geschehen ist", gab er zu.
Der Dow Jones ist während der Abstimmung um mehr als 6 Prozent und 600 Punkte gefallen.
Die Investoren waren besorgt, dass das staatliche Rettungspaket scheitern könnte.
Der Index stieg kurz vor Ende der Abstimmung, fiel dann wieder, nachdem der Scheitern bekannt wurde.
Experten rechnen mit weiteren schwerwiegenden Turbulenzen auf den internationalen Finanzmärkten.
Das Programm muss von der Abgeordnetenversammlung und dem Senat genehmigt werden, um in Kraft zu treten.
Die Regisseure registrieren immer mehr Reservierungen.
Ein guter Winter verspricht sich für die deutschen Reiseveranstalter.
Eine Studie ergab, dass der Verkehr für die nächsten Monate gegenüber dem Vorjahr deutlich gestiegen ist - mehr als 30 Prozent für die Wintersaison.
Trotz der schwachen Wirtschaftsperspektiven ist die Reisefreude der Deutschen nicht gesunken.
Bei den Buchungen für die Wintersaison verzeichneten die Reiseveranstalter einen Anstieg des Verkehrs um 31 Prozent gegenüber dem Vorjahreszeitraum, wie der Deutsche Reiseverband (DRV) am Montag in Berlin mitteilte.
Nach einer Untersuchung des Marktforschungsinstituts GfK sind die Buchungen bereits in den Herbstmonaten höher.
Der Verkehr der Reiseveranstalter im Oktober war um 11 Prozent höher als im Oktober 2007, berichtete die DRV.
Diese Ergebnisse basieren auf Daten von GfK, die die monatlichen Buchungsdaten von 1200 deutschen Reiseveranstaltern auswerten und dann auf den gesamten Markt extrapolieren.
Das Institut nahm die Reisen bis Ende August 2008 in Betracht.
Aufgrund des schwachen Dollarkurses waren Reisen in die USA besonders gefragt, berichtete die DRV.
Hier ist die Anzahl der Buchungen um ein Drittel gestiegen.
Besonders beliebt sind für die Deutschen auch Spanien, die Türkei und Griechenland sowie die heimischen Landschaften.
Die meisten Menschen wollten organisierte Reisen, sagte Klaus Laepple, Präsident der DRV.
Aufgrund der steigenden Energiekosten und der steigenden Nahrungsmittelkosten sind die Kosten für die organisierten Reisen "für die Passagiere besser berechnet als für die individuellen organisierten Reisen".
Die Passagiere könnten unter anderem mit Vorbuchungs- oder All-Inclusive-Rückkäufen Geld sparen, fügte Laepple hinzu.
Auch die Buchungsquote der Sommermonate war sehr gut, so dass ein weiterer Anstieg des Verkehrs gegenüber dem Vorjahr zu erwarten ist - obwohl eine andere Studie zeigt, dass weniger deutsche Touristen eine Reise unternahmen als im Vorjahr.
Mein erstes Oktoberfest
Immer wieder wiederholte Ballermann-Hits, Bier-Glas und Prominente in Design-Drängen.
Die Debatte in Wiesnen.
Suzanne Kronzucker und ich haben eigentlich nicht viel gemeinsam.
Sie ist blond, TV-Sprecherin und trägt eine maßgeschneiderte Ringe.
Ich habe dunkles Haar, bin Studentin und habe mein Kleid im Turk-Klub gekauft.
Aber es gibt eine Verbindung: Wir sind schon in weniger als drei Minuten auf Wiesne, und die Fotografen sind schon über uns und füllen ihre Speicherkarten - sehr schmeichelhaft, und das alles auf meinem ersten Besuch in Wiesne.
So können wir Freunde finden.
Scheint, als würde der billige Dürndel seinen Zweck erfüllen.
Als Tourist aus Wiesn, der nördlich von der Weißwurst-Equation liegt, ist mein Wohlbefinden noch durch die Volksbehauptung begrenzt.
Aber mit Theresienwiese ist es nicht mehr so schlimm.
Fast jeder trägt Schlitten oder Lederhosen; niemand sieht verärgert oder peinlich aus - alles ist in Ordnung.
Ich habe seltsame Blicke am Chocolate-Bananenstand, nur in meinem Dürndel-Bekleid.
Eine Frau aus München hat mir gesagt, dass ich die Decke falsch gefesselt habe: "Left gefesselt, frei, in der Mitte Jungfrau, rechts gefesselt, hinten Witwe".
Ich habe heimlich den Schalter von hinten nach links umgebunden.
"Das ist okay", sagt er und lacht.
Andere machen weniger Aufsehen aus den feinen Flirttekniken und tragen einfache Film-Taschen mit der Aufschrift "Ich bin zu betrunken, um mich zu kleiden" und zeigen ihren nackten Hintern, ohne sie gefragt zu werden.
Der exhibizionistische Junge heißt Bob und war ebenfalls zum ersten Mal bei Oktoberfest.
Was er sehr gut findet, wenn er lange "aaaaa" sagt.
Sie erzählt mir das alles, nachdem sie den Inhalt der Schnapsbecher entsorgt hat, die sie vorher getrunken hat.
Direkt neben einem der Feuerwerke, die alle als Müllhaufen betrachten.
Bob ist also einer der berüchtigten "nicht-Behindert-Behindert-Behindert".
Andere sind nicht so glücklich, sich so vom Alkohol zu befreien.
Um acht Uhr geht die Rettungskräfte durch die Gegend und sorgen für die armen Paare.
Die Pflegepersonal kommen immer in Teams auf - vier Personen tragen gleichzeitig ein überdachtes Schlittenbett von einem Zelt zum anderen.
Wie bei den meisten Wiesn-Besuchern funktioniert das: Eintritt leer, Abreise voll.
Wer in dem Alkoholkiste unter dem Schlitten liegt, sieht man nicht.
"Das sind die, die vollkommen bereit sind", rief einer der Sanitäter zu mir, als ich die Frage stellte, und dann in der Dreharbeitsstunde.
Die Polizei nannte den Unfallopfer
Die Polizei nennt die 63-jährige Frau, die in Essex County von einem Fahrzeug überfahren wurde und im Krankenhaus starb.
Die Brentwooderin Carole Paulson, eine Bewohnerin der Chelmsford Road, wurde am Freitag Nachmittag in der Stadt Shenfield entführt.
Sie wurde in das Queen's Hospital in Romford gebracht, wo sie später starb.
Nach dem Unfall wurde ein 51-jähriger Mann wegen fahrlässiger Fahrweise festgenommen.
Seitdem ist er auf Kaution entlassen worden.
Ausweitung des diplomatischen Horizonts in der Türkei
Lange bevor die Türkei die Absicht hatte, der Europäischen Union beizutreten, waren die europäischen Mächte sehr daran interessiert, tief in die Türkei einzudringen.
Auf der Ostseite des Bosporus, vielleicht nur 20 Schritte von der europäischen Grenze entfernt, steht eine der größten Reliquien des gescheiterten Imperiums.
Der Bahnhof Hydarpasha wurde von den deutschen Architekten Otto Ritter und Helmut Conu im Stil der Neurenaissance gebaut.
Das schreiben die Reiseführer.
Das Gebäude umschließt die Enden der Terrassen, mit einem Turm an jeder Vorderseite, und sieht aus wie ein deutsches Landhaus.
Der Stein ist schmutzig.
Das ganze Gebäude wird etwas dunkler.
Aber wenn man die Innenräume des Laden-Ticketbüros betrachtet, ist es offensichtlich, welch ein großes Unternehmen das westlichste Tor war.
Die Station wurde im August 1908 vom deutschen Konsortium Anatolia-Baghdad Corporation eröffnet.
Deutschland, die "spätere Zukunft" der Eroberung, wollte mit dieser Bahnstrecke von Damaskus über Bagdad bis nach Saudi-Arabien seine Ambitionen zur Eroberung des Nahen Ostens verwirklichen.
Die deutschen Eroberungsanstrengungen fielen während des Ersten Weltkriegs zusammen.
Seine Bahnstrecken wurden von Lawrence und arabischen Partisanen angegriffen.
Die relative Isolation von den umliegenden Regionen, die durch die eingefrorenen Grenzen des Kalten Krieges entstanden war, ist verschwunden.
Die britische Kolonialarmee zog sich aus Ägypten zurück und verdrängte die Türken und ihre deutschen Verbündeten aus Palästina und Syrien.
Die Hyderpasha Station war nicht besser.
1917 explodierte ein Munitionszug und zerstörte das schön gestaltete Dach des Gebäudes.
Die türkischen Quellen sagen, es sei Sabotage gewesen.
Seitdem ist es langsam in Verfall geraten und ist weit über die Geschichte hinausgegangen.
Heute jedoch dient die Türkei als Eisenbahn-Tor zu Anatolien und der gesamten östlichen Region - zumindest in symbolischer Hinsicht - als erweiterter diplomatischer Horizont.
Die Regierungspartei der AKP hat eine völlig neue Außenpolitik für das Land ausgearbeitet.
Die relative Isolation von den umliegenden Regionen, die durch die eingefrorenen Grenzen des Kalten Krieges entstanden war, ist verschwunden.
Die neue Politik ist geprägt von Engagement.
Bemerkenswert ist, dass die türkische Regierung gute Beziehungen zu Israel und Syrien, zu den palästinensischen Gruppen Hamas und Fatah, zu Irak, zu Iran und natürlich zu der Europäischen Union und den Vereinigten Staaten pflegt.
Ich wollte die Parameter der neuen Außenpolitik abwägen, also fuhr ich mit dem Nachtzug in die türkische Hauptstadt Ankara, um einen der führenden Experten für Außenpolitik der AKP, den türkischen Abgeordneten Suat Kiniklioglut, zu besuchen.
Am nächsten Morgen, nach etwa 10 und einem halben Stunden der Nacht, die zu der Zeit auch den Rhythmus des berühmten Dokumentarfilms über die alte Welt, "The Night Mail", gegeben hatte, kam ich in die türkische Hauptstadt, die als Symbol für den neuen weltlichen Staat, der der ottomanischen Vergangenheit den Rücken kehrt, gewidmet ist.
Die AKP mit ihren bekannten islamischen Wurzeln stellt jedoch einen Paradigmenwechsel im türkischen Konsens dar.
Das hat im Westen, besonders in Washington, etwas Verdacht geweckt.
Ich fuhr mit dem Taxi zum AKP-Hauptquartier, einem modernen Gebäude aus Stein und Stahl, das genau dafür gebaut wurde, in einem sich entwickelnden Stadtteil, zwischen halb fertiggestellten Einkaufszentren und Cafés, wo sich die mittleren Führungskräfte in den Kleidern treffen, Männer und Frauen, um am frühen Morgen Geschäfte zu machen.
Suat Kiniklioglu hätte es für einen Politiker mit mittlerer Rechte in jedem anderen europäischen Land getan.
Er trug einen Anzug, einen Schlips und ich bin sicher, er hatte sogar einen Blackberry dabei.
"Das Ziel der Partei ist die Integration der Türkei in die Umgebung.
Der Kalte Krieg hat die Ordnung umgestürzt", sagte er.
Die Türkei ist von ihrem Hinterland isoliert.
Heute musste er sich gleichzeitig nach Osten und Westen wenden.
Sie hatte keine Wahl.
Er musste in beide Richtungen gehen.
"Aber ist es möglich, dass er irgendwann eine Wahl haben muss?"
"Die Türkei wollte nie eine Rückkehr machen".
Er betonte dann, was fast jeder, mit dem ich hier gesprochen habe, fast maschinell wiederholt hat: Die Beziehungen der Türkei nicht nur zum Nahen Osten, sondern auch zu den Ländern im Kaukasus und am Schwarzen Meer sind für Europa und die Vereinigten Staaten von Amerika genauso von Vorteil wie für die Türkei selbst.
Es ist, als ob sie die Botschaft vermitteln wollten, dass mit der Türkei ganz Europa auf diesen Ostbahnlinien nach Asien und dem Nahen Osten gelangen kann.
Als ich wieder am Bahnhof von Hydarpasha war, nach einer weiteren, meistens wachen Nacht, dachte ich an Herr Ritter und Herr Conur, die beiden deutschen Herren, die vor 100 Jahren die Errichtung dieses prächtigen Bauwerks beobachteten.
Wie sie sich wundern würden, wenn sie wüssten, dass die Ambitionen Europas im Nahen Osten jetzt weitgehend in den Händen der Türkei liegen.
Und als ich im Hafen auf den Ferry wartete, um mich über den Bosporus zurückzubringen, erinnerte ich mich daran, dass man damals die Türkei den "Krankenmann Europas" nannte.
Zu dieser Zeit war es wenigstens nicht in Frage, welcher Kontinent diese aufregende Nation beanspruchen würde.
Die Lebensläufe von Vernon Handley und William Woodruff
Mark Brown schreibt: "Seit 1962 war Vernon "Tod" Handley (Neurotiker, 11. September) als Musiker und Leiter der Guildford Philharmonic Orchestra und Chor.
Aufgrund seiner musikalischen Pläne für die Stadt gründete er im folgenden Jahr seinen wunderbaren Jugendchor, den Proteus.
Die Vorgesetze waren, dass nur die unter 21 Jahre in den Chor eintreten sollten, aber als Proteus 1979 das Finale sang - viele von uns waren in unseren späten 20ern - wollten wir einfach nicht den Chor verlassen.
Der Name "Proteus" (der Name des mythologischen Gestaltwechsels) war in Übereinstimmung mit der Entschlossenheit und Fähigkeit des Chores, mit jedem Stück, das ihm vorgeführt wurde, fertig zu werden - sei es die Madrigal, ein Messiaen-Stück, ohne Begleitung oder mit großem Orchester-Führung.
Die musikalische Vielfalt eines so jungen Chores war oft erstaunlich und immer spannend, und wir schrieben das an den Mann, der uns inspiriert hat, und der unsere Leidenschaft für Musik über die Jahre ungebrochen hat.
Wie oft hat Tod gesagt, "Lass die Musik selbst sprechen".
Er sagte immer: "Ein Komponist weiß, was er will.
Es ist alles in der Quote.
Also singt es!"
Karmesters Technik war immer vollkommen verständlich und präzise, aber nie diktatorisch oder übertrieben.
Egal, was die Musikqualität war, er hat mich immer weitergeführt.
John Frayn Turner schrieb über ihn:
Wenn es je einen Führer gab, der einen Ritter verdient hätte, dann Vernon Handley.
Ich kannte ihn gut in den zwei Jahrzehnten, in denen er von 1962 bis 1982 die Guildford Philharmonic leitete.
Ich habe in den letzten 40 Jahren über 100 Kritiken zu seinen Konzerten geschrieben, aber nie hat es mich enttäuscht und oft begeistert.
Tod Handley hatte die Kombination von Größe und Bescheidenheit, was sehr selten ist.
Er hasste die Führer, die, wie er sagte, einfach "mit einem oder zwei bekannten Schlachtführern durch die ganze Welt galoppierten".
Wir werden ihn vermissen.
William Woodruff
Professor John Beckett schreibt:
Laut Ihrem Nachruf William Woodruff (September 25), "er studierte 1946 Wirtschaftsgeschichte in Oxford und wurde 1950 als Stipendiat des Houblon-Norman-Forschungsinstituts... weitergeleitet, um seinen Bachelor, seinen Master und seinen PhD zu erwerben".
Das ist aus den Schreibzetteln von Woodruff's "Beyond Nab End", aber es ist falsch.
Zwischen 1946 und 1953 lehrte er Wirtschaftsgeschichte an der Universität Nottingham, währenddessen schloss er unter der Leitung von Professor J. D. Chambers seine PhD-Dissertation über die britische Gummiindustrie ab, die 1958 unter dem Titel "Die britische Gummiindustrie" veröffentlicht wurde.
1950-51 war er mit einem Houblon-Norman-Stipendium in den USA und im Sommer 1952 an den Universitäten von Illinois, New York und Harvard.
1953 verließ er Nottingham und zog nach Illinois.
Es ist unklar, warum Woodruff diese Phase seiner Karriere so schön gemacht hat.
J. Vicente Resino im Weisenarm
"Ich empfehle die Ausstellung von J. Vicente Resino "Flamenco und Leben" wegen seiner beeindruckenden, schwarz-weißen, dokumentarischen Fotos.
Die Einfachheit und Kraft, die sie vermitteln, sowie der Respekt für die Menschen in den Fotos haben mich beeindruckt.
Diese Ausstellung ist durchdrungen von Emotionen.
Resino ist der beste Mann, der magische Momente in Erinnerung behält".
Zweiter Rekordverkauf bei Honda
Im November wird Honda die zweite Generation des Jazz anbieten.
Es ist wahr, dass der Vorgänger schon eine große Passagierzahl hatte, aber die Innenraumgestaltung des neuen Modells ist noch größer.
Dies alles in Verbindung mit ausgefeilter Mechanik, die das Fahren erleichtert und den Kraftstoffverbrauch erhöht.
Evolution gegen Revolution. Das ist die Wahrheit.
So sieht die zweite Generation des Honda Jazz aus.
Obwohl der neue Jazz sehr ähnlich aussieht, wurden viele interne Änderungen vorgenommen.
Dazu gehören zum Beispiel innovative Designs, neue Karosserie, größere Größen und neue Mechaniken.
Aber bevor wir uns mit der neuen Modell-Detail-Beschreibung beschäftigen, müssen wir Ihnen sagen, dass der neue Jazz sechs Jahre nach dem Markteintritt der ersten Generation erschien.
Zunächst einmal ist zu bemerken, dass Honda es geschafft hat, dieses Modell in kürzerer Zeit als andere Hersteller zu verändern.
Jazz ist zwar weniger bekannt in Europa, aber in anderen Märkten verkauft es Rekorde.
Ein Beispiel dafür ist Japan, wo 2002 und 2008 die Jazz die meistverkaufte Marke waren.
In Japan zum Beispiel haben sich seit dem Start der Jazz-Produktion fast eine Million Kopien verkauft.
Der zweite Markt war der Alte Kontinent, der in sechs Jahren fast eine halbe Million Exemplare verkaufte.
Dennoch will Honda mit dem neuen Jazz weiter den Verkehr in der Region steigern.
Während 2007 das japanische Unternehmen insgesamt 83.000 Jazz verkauft hat, wird mit dem Ziel gesetzt, bis 2009 100.000 Fahrzeuge zu verkaufen, was zu einem Wachstum von 17% für den europäischen Markt führen würde.
In Spanien hat Honda seit 2002 8000 Jazz verkauft, was 6,7% des gesamten Handels in Spanien ausmacht.
Bei der neuen Generation rechnen die Leiter der spanischen Tochtergesellschaft mit 2000 verkauften Exemplaren pro Jahr.
Tatsächlich wird die Ankunft des neuen Jazz den Rückgang des Honda-Verkäufers in Spanien stark lindern.
Die Vertreter des Unternehmens prognostizieren, dass bis zum Ende des Jahres 22.000 Exemplare verkauft werden, was einem Rückgang von 16% entspricht.
Trotz der Verkaufsbedingungen erhöhte Honda seinen Marktanteil in Spanien von 1,6% auf 1,8% gegenüber dem Vorjahr.
Ich möchte diesen Anteil bis 2010 auf 2% erhöhen.
Honda hofft, dies durch die Einführung eines neuen Modells zu erreichen.
Das wäre Insight, ein 5-Tür- und 4-Durchgangs-Hybrid, der von der japanischen Firma jährlich 200.000 Stück weltweit verkauft werden.
Der japanische Hersteller erklärte, dass die USA 50% des Marktanteils von Insight erwirtschaften würden, während der Rest zwischen dem alten Kontinent und Japan verteilt würde.
Die kommerzielle Einführung von Insight ist nach der offiziellen Vorstellung in Valencia im Januar in den ersten Monaten des Jahres geplant.
Im Vergleich zur ersten Generation ist der neue Jazz in jeder Hinsicht weitläufig.
Sie ist 3900 mm (5 cm länger), 1690 mm (2 cm breiter) und die Achsabstandsverlängerung ist um 5 cm (2 500 mm) gestiegen.
Die Höhe ist jedoch unverändert 1520 mm.
Neben den Größen hat sich der Raum auch erweitert.
Größere Innenräume werden durch die neue Karosserie und den zentralen Kraftstoffbehälter gewährleistet - eine Lösung, die schon im Vorjahr des Jazz bekannt ist.
Die Gesamtladekapazität des so genannten "Doppel-Floor"-Gutschbelages ist weiter gestiegen und beträgt derzeit 399 Liter, d. h. 19 Liter mehr als die Kapazität der ersten Generation.
Dies ist jedoch auch der Fall, da diese Größen für den Typ mit einem 1,4-Motor gelten, da der Kofferraum des 1,2-Motors des Honda Jazz 379 Liter beträgt.
Auch einige äußere Änderungen sind erkennbar, wie z. B. die Rear-Slide-Leuchten oder die optional panoramische Glasdachschutzdecke sowie die Erleichterung der Zugänglichkeit der Rücksitze.
Außerdem wurde der Öffnungswinkel der Türen für die hinteren Sitzplätze auf 80° erhöht, verglichen mit dem 67° des ersten Jazz.
Die Jazz-Motoren der zweiten Generation sind neu.
Bei der Inbetriebnahme kann dieses kleine Modell mit einem 2, 1,2 und 1,4 Liter-Antrieb ausgestattet werden.
Dank der i-VTEC-Technologie ist der Verbrauch von beiden Energien gegenüber dem Vorgängermodell günstiger, die CO2-Emissionen sind geringer und die mechanische Abstimmung hervorragend, während der Motor in allen Bereichen eine hervorragende Leistung liefert.
Die 1,2 Liter Leistung des Kraftwerks erzeugt 90 PS bei 6000 RPM und maximaler Druck bei 114 Nm bei 4900 RPM.
Dieser Motor - der im vorherigen Jazz 78 PS hatte - verbraucht 5,3 Liter und verursacht 125 Gramm CO2.
Der andere Motor, der in der letzten Generation 83 PS erzeugte, erreicht nun 100 PS.
Der 100 PS große Jazz verbraucht durchschnittlich 5,4 Liter und emittiert 128 Gramm CO2.
Der "Hähnchenwagen" für die Kollisionsvermeidung
Bei der Entwicklung von Unfallverhütungstechnologien hat sich Nissan in der Natur, genau in der Welt der Bienen, für seine neue Erfindung inspiriert.
Eine japanische Firma hat einen Roboter entwickelt, der das Schreien der Bienen imitiert und Unfälle vermeidet.
Vielleicht ist das Gerät, das wir Bio-Mimetic Car Robot Drive oder BR23C nennen, der erste Schritt in die Entwicklung von Kollisionsschutztechnologien.
Die Ingenieure des Advanced Technology Center der Nissan Motor Co. in Zusammenarbeit mit dem Advanced Science and Technology Research Center der renommierten Universität von Tokyo in Japan haben diesen kleinen Roboter gebaut.
Der BR23C ist eine weitere Erweiterung der Nissan-Vier-Level-Schutzhülle, wie sie von Kazuhhiro Doi, Markenleiter für Technologie-PR und Forschung und Entwicklung, definiert wurde.
Der Roboter verbessert die Kollisionsvermeidung der Produkte.
Während des Fluges bildet jede Biene ihren eigenen ovalen persönlichen Raum, der sehr ähnlich ist wie die Nissan Sicherheitskapsel.
Aber viel wichtiger ist die Rolle des zusammengesetzten Blickes der Biene, mit dem sie in allen Richtungen über 300 Grad sehen kann, und somit in ihrem eigenen Raum unbeschwert fliegen kann.
Um die Funktion des komplexen Auges nachzuahmen, entwickelten die Ingenieure einen Laser-Rangefinder.
Das Gerät erkennt Hindernisse im 180°-Blickbereich vor dem BR23C bis zu 2 m, berechnet deren Entfernung und sendet ein Signal an den On-Board-Mikroprozessor, das sofort in eine Kollisionsvermeidungsoperation umgewandelt wird.
"Wenn ein Hindernis erkannt wird, ändert der kleine Roboter seine Richtung, indem er die Bewegungen der Biene nachbildet und die Räder in einem kleineren oder größeren Winkel bewegt, um einen Zusammenstoß zu vermeiden.
Das System unterscheidet sich am meisten von den derzeit verfügbaren Instrumenten dadurch, dass die Umgehungsmanöver in diesem Fall vollständig automatisch erfolgen.
Sonst könnte der Roboter nicht schnell genug reagieren, um Hindernisse zu umgehen", erklärt Toshiyuki Andoh, Direktor des Mobilitätslabors und Leiter des Projekts.
Anders als bei Bienen darf der Umgehungszug nicht nach oben oder unten oder überwältigend, sondern nur in zwei Dimensionen und ausschließlich in Richtung der Umkehrbarkeit der Räder, d. h. nicht in unendlicher Richtung und Weise wie bei Bienen.
Deshalb hat Nissan neben der Beschleunigung und Verlangsamung auch eine Rotationsfunktion für den Roboter eingeführt, um Kollisionen zu vermeiden.
"Diese Maschine muss nur wenige Sekunden lang Daten verarbeiten und darauf reagieren.
Es braucht weder Datenspeicher noch intuitive Logik, die auf früheren Manöver basiert, so dass es mit nur ein paar Dutzend KB Speicher ohne Unterbrechung funktionieren kann.
Das mag überraschend klingen, aber es sind nicht wirklich Gigabyte, und wir sprechen nicht einmal über Megabyte Speicher.
Dies ist der erste Schritt zur Entwicklung von sofortiger Kollisionsvermeidungstechnologie, die Nissan in etwa zehn Jahre in Serienfahrzeugen einsetzen wird.
Der Roboter arbeitet mit Lithium-Polymer-Batterien, die leichter und langlebiger sind als die Lithium-Ionen-Version.
Eine weitere Anwendung in der Zukunft könnte die Integration des Geräts mit dem GPS-Satellitennavigationssystem sein, um das Fahrzeug ohne Hindernisse auf dem Weg zu seinem Ziel zu bringen.
Angst vor der Hypothek
Man muss zugeben, dass die US-Staatsanwaltschaft nicht nur über viel investierbares Geld verfügt, sondern auch über einen Mangel an Vernunft.
Aufgrund der Krise und um die Amerikaner nicht in die Schlupflochen der fragwürdigen Hypothekenbanken zu bringen, entwickelten sie ein unterhaltsames und informatives Online-Spiel namens "Bad Credit Hotel".
Das ist das Hotel der schlechten Kredite, das heißt, der der Falken.
Die Darstellung der Unterkunft und vor allem der Empfangs-Großmut lässt vermuten, dass man sich noch einmal, zweimal, ja sogar dreimal überlegen sollte, ob es wirklich jetzt an der Zeit ist, einen Kredit aufzunehmen.
Und vor allem, wo man einen Kredit aufnehmen kann, denn das ist wahrscheinlich der Zweck.
Die Informationen auf der Website sind zwar nützlich, aber nicht detailliert.
Es ist eher für Jugendliche als für die Öffentlichkeit.
Aber was wäre, wenn wir das Spiel ergänzen?
Das Hotel könnte zum Beispiel unser Traumzimmer sein.
Das ist doch was, denn wir können nicht mal träumen, eine Wohnung zu kaufen.
Morgan Stanley öffnet sein Kapital für MUFG
Morgan Stanley hat angekündigt, Mitsubishi UFJ Financial Group (MUFG) einen Anteil an der Gesellschaft zu vergeben. Die größte japanische Bank zahlt 9 Milliarden Dollar für 21% des Unternehmenskapitals, nachdem die Aktien von Morgan Stanley stark in der Börse gefallen sind.
Eine Woche nach der Bekanntgabe des Vorvertrags gaben die beiden Banken bekannt, dass MUFG 9,9% der Anteile an Morgan Stanley für 25,25 USD pro Stück erwerben würde, was einem Gesamtwert von 3 Mrd. USD entspricht.
Der Akzeptanzpreis liegt um mehr als 19% unter dem Wert der Wertpapiere am 31. August.
Die MUFG investiert weitere 6 Mrd. USD in die Anschaffung von konvertierbaren Wertpapieren, die ihr 10% des Ertrags bieten und einen Wechselkurs von 31,25 USD haben.
Nach Angaben von Morgan Stanley wird die globale Transaktion mit einem durchschnittlichen Kurs von 29 USD durchgeführt, der 28% über dem aktuellen Kurs liegt.
Dennoch fiel der Aktienpreis von Morgan Stanley um 17.00 Uhr Greenwich Mean Time um 6,79% und schloss damit bei 23,07 Dollar.
"Diese strategische Allianz bietet Morgan Stanley eine große Chance, den Wandel zum Bankholding zu beschleunigen", erklärt John Mack, Geschäftsführer der amerikanischen Unternehmensgruppe.
Morgan Stanley hat letzte Woche den neuen Status genehmigt, der es erlaubt, seine Geschäfte zu diversifizieren, während er gleichzeitig unter der Kontrolle der Federal Reserve steht.
Die Vereinbarung mit MUFG bestätigt erneut, dass die aktuelle Finanzkrise die Wall Street-Giganten noch mehr Vorsicht erfordert.
Die am Montag angekündigten Bedingungen zeigen, dass die Vereinbarung in den letzten Tagen geändert wurde: Am vergangenen Montag gab Morgan lediglich bekannt, dass es 20% seiner Anteile an der japanischen Firma für etwa 8,5 Milliarden Dollar verkaufen würde.
"Bis vor einer Woche dachten wir, dass die Beteiligung vollständig aus Stammaktien bestehen würde", erklärte Toshihide Mizuno, Geschäftsführer der MUFG in Tokio.
"Aufgrund der derzeitigen Markt- und Wirtschaftslage wollten wir jedoch mögliche Risiken minimieren und vermeiden".
Die MUFG zahlt für die Morgan Stanley-Aktien einen gewichteten Durchschnittspreis von 7% über dem Buchwert.
Die Transaktion führt zu einem Rückgang des Ertrags je Aktie um etwa 20%.
Die Kommission stellt fest, dass die Kommission die Vereinbarung mit dem Vertrag von Amsterdam nicht als unerläßlich erachtet hat.
Die Kommission stellt fest, dass die Kommission die Kommission nicht dazu veranlasst hat, die von der MUFG bereitgestellten Mittel zu verwenden, um die finanziellen und finanziellen Interessen der Unternehmen zu verbessern.
Der Sprecher der Gruppe wollte jedoch keine genauen Informationen über die strategischen Pläne der beiden neuen Verbündeten geben.
Nach dem Zusammenschluss von MUFG wird Morgan Stanley seine Tier-I-Lösungsquote um rund 15% erhöhen, was sie zu einer der besten in ihrem Sektor macht.
Morgan erklärte, dass sich seine Bilanz seit Ende August "bestimmt" verbessert habe.
Die letzten Wochen waren eine große Herausforderung für die Gruppe, da ihre Aktienpreise halbiert wurden, während die Kosten für ihre Versicherung gegen Zahlungsunfähigkeit in die Höhe stiegen.
Diese Kosten gingen am Montag zurück, blieben aber auf einem hohen Niveau von rund 12%.
Von den großen Investmentbanken, die nach dem Scheitern von Bear Stearns und Lehman Brothers und der Übernahme von Merrill Lynch noch einen Überlebenden haben, ist Goldman Sachs, das letzte Woche angekündigt hat, 15 Milliarden Dollar zu verdienen, von denen ein Teil von Berkshire Hathaway, der Warren Buffett-Firma, stammt.
Die Kommission hat die Kommission und die Kommission gebeten, die
Die Republik in der Art und Weise, wie sie im 21. Jahrhundert funktioniert.
Das ist der gemeinsame Plan von Hugo Chávez aus Venezuela, Evo Morales aus Bolivien und Rafael Corre aus Ecuador.
Im Spiegel seiner Kollegen und Freunde erklärte Correa am Sonntag seine Vorstellungen über die neue Verfassung.
Er hat seine Aufgabe erfolgreich erfüllt, da 64% der Wähler laut offiziellen Ergebnissen, die 80% der Stimmen betrafen, für den Referendum gestimmt haben.
28 Prozent der Bevölkerung stimmten mit Geschlecht, 7 Prozent der Stimmen waren ungültig, und 0,7 Prozent waren von den Wählern nicht ausgefüllt.
Der Verfassungsentwurf musste mit 50% + 1 Stimmen angenommen werden.
Beide Umfragen am Sonntag an den Ausgang der Wahlstellen und eine Zählung durch eine NGO zeigten einen enormen Überschuss der "Ja"-Stimmen mit 63% und 70%.
Rafael Correa hat übrigens schon am Sonntagabend über den Sieg seines Verfassungsentwurfs gesprochen.
"Die Verfassung hat einen überwältigenden Sieg errungen", erklärte er und dankte den Ecuadoriern in Guayaquil, seinem Sitz, 280 Kilometer südwestlich von Quito.
Wie bekannt, gratulierte Rafael Correas auch Chávez, Morales und die chilenische Präsidentin Michelle Bachelet.
Laut einem Bericht der Beobachtungsmission der Organisation der Amerikanischen Staaten (OAS) fand die Abstimmung in ruhiger Atmosphäre statt, wobei ein 444-Punkte-Text als Hauptthema der Abstimmung stand, der die Prinzipien des "neuen Sozialismus" zusammenfasste, die der Präsident verteidigt.
Die geplante Verfassung stellt die Staatsgewalt in den Dienst der Wirtschaft, wobei das Recht des Staates auf "Entwicklungsplanung" für ein Land, das im Wesentlichen von der Ölförderung durch ausländische Unternehmen und der Einwanderungswährung lebt, beibehalten wird.
Der 2006 gewählte Verfassungsentwurf von Correa bekräftigt auch die Macht des Staatspräsidenten, der für höchstens zwei aufeinanderfolgende Amtszeiten amtieren kann und das Recht hat, die Nationalversammlung aufzulösen.
Correa hat bereits angekündigt, diese Gelegenheit zu nutzen und wird sich im Februar 2009 erneut für das Amt des Präsidenten bewerben.
Die Verfassung beinhaltet auch kostenlose Gesundheitsdienste und Bildung, die der Präsident bereits in einem Land mit 13,9 Millionen Einwohnern und einer Bevölkerung, die unter dem Lebensstandard lebt, in Kraft setzt.
Und schließlich verbietet die Verfassung die Anwesenheit von ausländischen Truppen im Land, was den Vertrag zwischen Quito und Washington über die Nutzung eines Ecuadorianischen Gebäudes als Basis für US-Drogenmaßnahmen beenden könnte.
19 Geiseln in Tschad befreit
Ein ägyptisches Kommando schlug die Menschenräuber, die 11 Touristen und ihre acht Begleiter seit zehn Tagen als Geisel genommen hatten, ins Visier.
Die Gefangenen sind in Kairo.
Die 11 europäischen Touristen und ihre acht ägyptischen Begleiter wurden zehn Tage lang in der Wüste festgehalten, von wo sie am Montagnachmittag unversehrt in die ägyptische Hauptstadt gebracht wurden.
Die Gefangenen wurden in der Früh von einem ägyptischen Kommando in Chad befreit.
Sie kamen um 14:30 Uhr in gutem Zustand an, in einem Flugzeug, das zum Militärstützpunkt al-Maza kam, der direkt mit dem internationalen Flughafen in Kairo verbunden ist.
Die Gefangenen wurden verboten, mit den Presse zu sprechen und wurden sofort in ein Krankenhaus in Maadi, einem Wohngebiet in der Kairoer Umgebung, gebracht, wo sie untersucht wurden.
Die Gefangenen seien "gesund" und den Entführern sei "keine Lösegeld gezahlt worden", erklärte der ägyptische Tourismusminister Zoheir Garanna am Flughafen.
Die Gefangenen wurden am 19. September am Fuße des Berges Ouanat an der Grenze zwischen Ägypten, Sudan und Libyen gefangen genommen, wo sie eine Landfahrtsafari unternahmen, und dann von einem Versteck in das andere von 35 unbekannten Gefangenen verlegt.
Die Gruppe umfasste 11 Touristen (fünf italienische Männer, fünf deutsche Männer und eine rumänische Frau) sowie acht Ägypter: zwei Führer, vier Fahrer, ein Grenzschutzbeamte und der Leiter des Safari-Büros Aegyptous.
Ein ägyptischer Sicherheitschef berichtete, dass ein 30-köpfiges Sonderkommando mit zwei Helikoptern an die Stelle kam, wo sie kurz vor Sonnenaufgang die Geiselnehmer überfielen.
"Es gab einen Schuss zwischen den Truppen, und die Hälfte der Entführer wurden getötet, die anderen flohen", sagte der Führer, der nicht genannt werden wollte.
Er berichtete auch, dass 150 Spezialeinheiten aus der ägyptischen Blitzbrigade in den Sudan geschickt wurden, wo sie von deutschen und italienischen Kommandos ergänzt wurden.
Der italienische Diplomat Franco Frattini, der gerade in Belgrad ist, betonte die Rolle von Geheimagenten und italienischen Spezialeinheiten.
"Wir müssen anerkennen, dass wir dieses Ergebnis nicht ohne die professionelle und effektive Intervention unserer Geheimdienstleute und unserer Einsatzgruppen erzielt haben könnten", erklärte er, ohne weitere Details zu geben.
Er bestritt auch, dass die Hostage für die Rettung bezahlt wurden.
Am Tag zuvor hatte die sudanesische Armee angekündigt, dass sie während einer Patrouille ein Geländewagen, in dem die Kidnapper waren, festgenommen hatte, wobei sechs von ihnen (einschließlich des chadischen Fahrers) getötet und zwei festgenommen wurden.
Die Militärvertretung behauptete, die Gefangenen seien mit einer Darfurer Rebellenorganisation, der Sudan Liberation Movement (SLA-U), verbunden, was die betroffene Organisation sofort bestritt.
Lettres - Die "schweige Mehrheit" der Kultur
Die Debatte über die Finanzierung von Kultur steht im Mittelpunkt der Zeitungsgespräche und der laufenden Wahlkampagne.
Das ist gut so.
Aber ein Teil unseres kulturellen Lebens wird weiterhin vergessen.
Wer wird die Stimme erheben, um zu beleuchten, wie lächerlich die Summen für die Hunger-Grenz-Museen, die Archive, die Archäologischen Ausgrabungen und die National Historic Monuments sind?
Welcher Politiker hat die Gewalt, die Bundesregierung daran zu erinnern, dass sie sich nicht um ihre Denkmäler und Kulturerbe kümmert?
Oder dass es weder in Quebec noch in Kanada Gesetze gibt, die wirklich den Schutz unseres kulturellen Erbes gewährleisten?
Wussten Sie, dass die französische Regierung gerade einmal 3,5 Millionen Euro für die Restaurierung des Schlosses Chinon im Loire-Tal ausgegeben hat?
Und die Verfassung unserer amerikanischen Nachbarn sagt, dass die Schutz der Kulturerbe ein Teil der amerikanischen Kultur ist, und dass diese Erbe von jedem Bürger, jedem gewählten Abgeordneten und jedem Regierungsorgan koordiniert geschützt werden muss.
Im Rahmen der Fédération des sociétés d'histoire du Québec arbeiten 211 Gesellschaften für Geschichte, Kulturerbe, Archivarchive und Genealogie mit mehr als 40 000 Freiwilligen an der Erforschung der Geschichte und der Erhaltung der großen Zahl privater Archive und archäologischer Fundstücke mit einem minimalen Budget.
Oft verteidigen diese Organisationen unser Erbe mit allen Mitteln und protestieren mit der letzten Kraft, wenn sich die Bauherren und Politiker auf unsere alten Gebäude und vergessenen Friedhöfe richten.
Wann wird sich jemand für den Schutz des historischen und kulturellen Erbes einsetzen?
Die Benelux-Regierungen werden einen Teil der Fortis Bank verstaatlichen
Mit einer teilweisen Verstaatlichung unterstützen die Benelux-Staaten die belgisch-niederländische Bank Fortison, die als erste europäische Bank in Schwierigkeiten geraten ist, weil die amerikanische Kreditmarktkrise sie in die Knie gezwungen hat: Die drei Länder unterstützen mit insgesamt 11,2 Mrd. EUR das Finanz- und Versicherungsinstitut, das auch Beteiligungen in Ungarn hat.
Die belgische, die luxemburgische und die niederländische Regierung haben sich am Wochenende auf höchstem Niveau mit dem Präsidenten der Europäischen Zentralbank und dem Kommissionspräsidenten für Wettbewerbsfragen über den Fall unterhalten.
Fortis Bank ist die erste große Krise im Rahmen einer seit mehr als einem Jahr anhaltenden internationalen Finanzkrise in der Eurozone. Die Entscheidungen, die in ihrem Fall getroffen wurden, sind in gewisser Hinsicht beispielhaft.
Nach dem Beschluss, der am Sonntag abends getroffen wurde, kaufen alle drei Staaten fast die Hälfte (49 Prozent) der dort befindlichen Bank-Eigentümer auf.
Die Bank wird sicherlich einen Teil ihrer Beteiligungen verkaufen, insbesondere die Aktivitäten, die sie im vergangenen Jahr von der niederländischen ABN Amro erworben hat, insbesondere die Versicherungsaktivitäten.
Die Aktien von Fortis sind in der letzten Woche stark gefallen. In der zweiten Hälfte der Woche gab es bereits starke Krise.
Analysten sind sich jedoch einig, dass die Bank mit ihren 85.000 Mitarbeitern zu groß ist, um in Konkurs zu gehen.
Die Aktien des Unternehmens sind nur am Freitag um rund 12 Prozent gesunken, auf ein 14-jähriges Tief.
Seit Januar sind die Aktien um mehr als zwei Drittel gefallen.
Die Gesamtmarktkapitalisierung der Gruppe liegt bei den aktuellen Aktienpreisen bei rund 14 Mrd. EUR, was aber nach Ansicht der Konzernführer unrealistisch ist.
Die Führung hat die Unsicherheiten im Übersee-Markt, die mit der Annahme des US-Paket von 700 Milliarden Dollar verbunden waren, für den Fall der Fortis-Aktien verantwortlich gemacht.
Am Montag sind die Papiere schon etwas gestiegen.
Am Freitag wurde ein neuer Geschäftsführer, Filip Dierckx, zum Vorsitzenden der Bank ernannt.
Das Finanzinstitut hat auch private Käufer gesucht, aber bisher hat sich niemand mit einem guten Angebot gemeldet.
Die belgische Regierung hat bereits darauf hingewiesen, dass die Investoren nicht unruhig sein müssen, dass sie ihr Geld nicht verlieren.
Die Kunden der Bank haben keine Panik erlebt, die Konten wurden nicht überfallen.
In Ungarn hat Fortis eigenständige Konten und hat auch Leasinggesellschaften erworben.
Fuchs in einem Huhn
In den USA lehnen Lebens- und Krankenversicherungen oft den Antragstellern ab, sich auf die Daten von Medikamenten zu verlassen.
Datenschutzbeauftragte befürchten, dass der Datenmarkt unkontrollierbar wird.
"Es gibt ein Datenschutzprogramm, das die Nutzung von Verschreibungsdaten in jedem Fall an die Zustimmung der betroffenen Person anbinden soll.
Es muss in unabhängigen Händen sein, sonst überlässt man den Fuchs die Hühner", zitiert die Washington Post Richard Dicke, Entwickler eines Programms, das Medikamentenrezepte verfolgt.
Die Versicherungsgesellschaften legen den Versicherungsbetrag und die Unfallsumme auf den Gesundheitszustand des Antragstellers ab und schließen keine Versicherung mit dem Antragsteller ab, wenn sie das Risiko für zu hoch halten.
Früher wurde der Betroffene zur Untersuchung geschickt und der Vertrag wurde nur mit dem Ergebnis der Untersuchung abgeschlossen.
Vor zehn Jahren erfand Dick eine viel günstigere Methode, die es erlaubt, die Medikamente, die der Kunde in den letzten 18 Monaten gekauft hat, anhand seiner ID-Nummer bei den Apotheken zu ermitteln und von dort aus zu ermitteln, welche Krankheit er hat und welchen Gesundheitszustand er hat.
Wenn man beispielsweise regelmäßig hohe Dosen Cholesterin-Reduzierungsmittel einnimmt, ist das ein Hinweis auf eine praktisch unbehandelbare Blutfettrate, die einen sofort in die höhere Risiko-Kategorie bringt.
Es gibt mehrere Versionen des Programms, von denen einige auch Risikofaktoren festlegen, so dass der Versicherer nur noch wenig zu tun hat, wenn auch mit geringen Schwierigkeiten.
Einige Medikamente sind zwar für mehrere Zwecke geeignet, z. B. können manche Verbindungen gegen Migräne oder Hitzewallungen verwenden, aber sie wirken auch gegen Depressionen.
Die letztere ist für die Versicherungsgesellschaften ein erheblicher Risikoerhöhungsfaktor, die andere nicht.
Für die Erfassung und Verarbeitung dieser Daten wurden Firmen gegründet, die die Zustimmung des Patienten erfragen, bevor sie die erforderlichen Informationen von den Apotheken erhalten.
Die Behörden haben sie dazu veranlasst, obwohl sie bisher keine Strafe für ihre Versäumnisse verhängt haben.
Einige Unternehmen verarbeiten bereits heute die Ergebnisse von Labortests und verknüpfen sie mit den Daten über die Einnahme von Arzneimitteln, um ein noch genaueres Bild von der Gesundheit der Patienten zu erhalten.
Immer mehr Unternehmen haben Zugang zu Daten, und es wird immer schwieriger, die Nutzung zu kontrollieren.
Es gibt ein spezielles Gesundheitsdatenschutzgesetz, das nur für Gesundheitsdienstleister und Versicherer gilt.
Vor dem Kongress steht ein Gesetz, das den Behörden die Kontrolle über Unternehmen verleiht, die sich auf die Bereitstellung von Daten spezialisieren.
Dick Richard sieht, dass dies nicht ausreicht, und hat daher sein Programm weiterentwickelt, das die Übermittlung der Daten an die ausdrückliche Zustimmung der betroffenen Person bindet.
Es ist eine andere Sache, dass der Betroffene die Zustimmung kaum ablehnen kann, sonst werden die Versicherer keinen Vertrag mit ihm schließen.
Die Hühner sind also in gewisser Weise auf die Wohlwollen des Fuchs zurückzuführen.
Die globale Marseille-Menü
Die EU und Indien verdoppeln den Handel
Da die EU und Indien die wichtigsten Handelspartner sind, war dies neben den weitgehend globalen Problemen der Agenda des neunten Gipfels.
Heute wird auch ein französisch-indischer Gipfel stattfinden, der sich hauptsächlich auf die Zusammenarbeit im Atombereich konzentrieren wird.
Die Europäische Union erkennt an, dass Indien eine aufstrebende demokratische Großmacht ist, die mehr Einfluss auf internationale Angelegenheiten haben sollte, doch die Mitgliedstaaten haben noch nicht einen gemeinsamen Terminus gefunden, ob sie die Permanenz von Neu-Delhi im UN-Sicherheitsrat unterstützen sollen.
Die Frage wurde bei dem gestern in Marseille stattfindenden, nunmehr zum neunten Mal stattfindenden Gipfel nicht aufgeworfen.
Der französische Präsident Nicolas Sarkozy als EU-Ratspräsident sowie der Kommissionspräsident José Manuel Barroso und der Hohe Vertreter für Außen- und Sicherheitsfragen Javier Solana empfingen den indischen Ministerpräsidenten Manmohan Szingh, mit dem sie sich darauf geeinigt hatten, den Handelsverkehr in fünf Jahren zu verdoppeln und damit mehr als 100 Milliarden Euro zu erreichen.
Angesichts der Zunahme des Handels von 25 Milliarden Euro auf 55 Milliarden Euro zwischen 2000 und 2007 ist dies kein übermäßig ambitioniertes Ziel.
Die Kommission hat die Kommission mit der Feststellung der in Artikel 10 Absatz 2 der Verordnung (EG) Nr. 2111/2005 festgelegten Bedingungen in Bezug auf die Durchführung der Maßnahmen in diesem Bereich in Kenntnis gesetzt.
Indien will bis Ende 2009 ein Freihandelsabkommen mit der EU unterzeichnen.
Sarkozy hat versprochen, die Verhandlungen zu beschleunigen.
Die EU ist der wichtigste Handelspartner Indiens, während New Delhi nur der neunte ist.
Der Gipfel widmete sich globalen Angelegenheiten.
Die Situation in Afghanistan und Pakistan sowie der Terrorismus wurden von beiden Seiten in allen Formen verurteilt und die Einberufung einer UN-Konferenz gefordert.
Sie haben auch die Beendigung des Handelszyklus in Doha gefordert, obwohl beide große Anteile an dem bisherigen Misserfolg haben.
Die EU hat bestätigt, dass sie sich an ihrem Energie- und Klimaschutzprogramm hält, d. h. dass sie ihre Emissionen bis 2020 um mindestens 20 Prozent reduzieren will.
Indien hat sich darauf geeinigt, und es ist auch darauf hingewiesen, dass die nächste Klimakonferenz einen globalen Deal zur Reduzierung der Treibhausgasemissionen um 50 Prozent bis 2050 beschließen sollte.
Sie wollen auch den Anstieg der Nahrungsmittelpreise verhindern und unterstützen die Einberufung einer internationalen Konferenz zur Überprüfung der Finanzkrise.
Der indische Premierminister fährt heute in die französische Hauptstadt, wo er ein bilateraler Treffen über die friedliche Nutzung von Atomenergie abschließen wird.
In Paris ist der Wunsch, dass französische Unternehmen mit 20 Milliarden Euro für den Bau von Atomreaktoren in Indien beauftragt werden.
Nachrichtenagenturen berichten, dass der Vertrag für 15 Jahre läuft.
Über 300 italienische Verleger in Frankfurt
Die italienischen Verleger sind auf dem Frankfurter Internationalen Buchmarkt stark vertreten.
Mehr als 300 italienische Verlage sind an der wichtigsten internationalen Tagung für Urheberrecht, der 60. Buchmesse, teilzunehmen.
Die diesjährige Frankfurter Internationalen Buchmesse erwartet 7.000 Aussteller aus 101 Ländern, die auf einer Fläche von 171.790 Quadratmetern mehr als 403.000 Bücher präsentieren werden.
Die italienische Regierung wird bei der Eröffnung des italienischen Pavillons von Francesco Maria Giro, dem Staatssekretär des Ministeriums für Kulturerzeugnisse und Aktivitäten, vertreten, da Italien durch die Errichtung eines einheitlichen Italia Pont 264 Quadratmeter Ausstellungsfläche beanspruchen wird.
Die feierliche Eröffnung wird von einer Pressekonferenz im Raum Struktur der Buchmesse 5.0 gefolgt, in der Daten, Trends und Perspektiven zur Lage des italienischen Buchverlags vorgestellt werden.
Die Daten zeigen, dass der Anteil ausländischer Autoren auf dem italienischen Verlagsmarkt, insbesondere im Bereich der Publikationen für Erwachsene und Jugendliche, stetig abnimmt.
Das Flugzeug des Milliardärs Steve Fossett, das vor einem Jahr verschwunden war, wurde gefunden.
Die Trümmer des Flugzeugs des Milliardärs Steve Fossett, das am 3. September 2007 über der Nevada-Wüste verschwand, wurden gefunden.
Die Trümmer wurden auf einer Fläche von 3.000 Metern Höhe in der Nähe der Mammoth Lakes in den Sierra Nevada an der Grenze zwischen Kalifornien und Nevada gefunden.
Es wurden keine menschlichen Überreste im Flugzeug gefunden.
John Anderson, der Sheriff von Madera, sagte in einer Pressekonferenz, dass er alle Zweifel beseitigt habe: "Nachdem wir den Flugzeugstand festgestellt haben, haben wir ein Team entsandt, und wir können jetzt sicher sein, dass es das Flugzeug ist, auf dem Steve Fossett am Tag seiner Verschwundung flog".
Der Sheriff bestätigte, dass keine menschlichen Überreste auf dem Flugzeug oder in der Umgebung gefunden wurden.
Der 63-jährige Milliardär wurde im Februar für tot erklärt.
Die US-Verkehrssicherheitsbehörde NTSB berichtete, dass sie einige Stunden nach der Entdeckung des Roms eine Untersuchungseinheit einberief, die es geschafft habe, das Flugzeug zu identifizieren und festzustellen, dass es sich tatsächlich um die Bellanca 8kcab handelt, die am 3. September 2007 verschwand, dem Tag, an dem Fossett von Yerington, Nevada, auf einen drei-Stunden-Flug abfuhr.
Gestern wiederum in Kalifornien, nicht weit von der Grenze von Nevada, fand ein Paar einige persönliche Sachen von Fossett in der Nähe seines Hauses in Mammoth Lakes.
Zwei Fosset-Karte, ausgestellt von der Illinois Flugsicherung, etwas Geld und einen Pullover.
Ihre Suche nach Fossett wurde einen Monat nach ihrer Verwundung aufgegeben.
Der Milliardär hat mehrere Spitzen erreicht, mit denen er sich in die Geschichte eingeschrieben hat.
2002 gelang es ihm auf seinem sechsten Versuch, die Erde zum ersten Mal mit einem Ballon zu umfliegen: zwei Wochen allein.
Drei Jahre später hat er die Erde umkreist, ohne zu landen.
Zu seinen vielen Rekorden zählt der Überflug über die Anden, auf 15.445 Meter Höhe, den er mit einem Co-Pilot vollbrachte.
GLK, eine schockierende Werbung
Ein ungewöhnliches, aber originelles und eindeutig geformtes Hobbitfahrzeug mit großen Oberflächen und geklärten Ecken.
Kurz gesagt, das ist der neueste "Kompakt-Auto" von Mercedes-Benz, mit dem die deutsche Automobilherstellerin versucht hat, den Markt neu zu bewegen.
Aus diesem Grund wird die Markteinführung des SUV GLK, der ab dem 17. Oktober in den Mercedes-Benz-Ausstellungsräumen erhältlich ist, auch überraschend und ungewöhnlich.
Die Werbekampagne zur Vorstellung des neuen Fahrzeugs nutzt ein bisher unbekanntes Medienkontakt, unter anderem durch utopische 3D-Plakate, die in Italien noch nicht von einer Marke verwendet wurden.
Die riesige Plakate-Aktion, die aus drei Szenen besteht, wird bis zum 15. November die zentrale Einkaufsstraße von Mailand, den Corso Como, beherrschen.
Die erste Phase dieser neuen Art der Medienkommunikation beginnt mit einer Raumvorführung des Fahrzeugs, bei der das neue SUV mit Hilfe von Spezialglasschirmen, die in der Umgebung von Corso Como verteilt werden, in nahezu realen Größen und in drei Dimensionen zu sehen ist.
Der Betrachter des Bildes wird das Gefühl haben, als ob das Auto aus dem Plakat heraussteht.
Danach werden alle Einzelheiten des neuen GLK durch die innovative Elumina8-Technologie einzeln dargestellt, um dann zu einem einheitlichen Bild zusammengefügt zu werden.
Mercedes versucht mit diesem Promotion-Projekt, etwas Neues in die Werbewelt der Automobilindustrie einzuführen.
Wir werden sehen, ob das den Interessenten anspricht.
Wir zeigen Ihnen, wer die italienischen Fußball-Houligans sind.
Die Jugendlichen von Triveneto, die wahrscheinlich vom Rennen ausgeschlossen werden.
Aber wer sind diese 150 bis 200 Jungs und Mädchen, die jetzt ganz Italien beschämt machen? Die Mitglieder der Gruppe "Ultras Italia", die die Nationalmannschaft seit Jahren verfolgt und die, um ehrlich zu sein, bisher nicht zu viel Ärger bereitet hat.
Sie haben nie mit den anderen Fans gekämpft.
Der Kern der Gruppe ist rechts.
Die Hauptorganisatoren kommen aus Triventó.
Und auch von Verona, Padua, Trieste und Udine.
Zu ihnen kamen in Sofia kleinere, abgeschiedene Gruppen aus Kampanien und Puglien (in Wirklichkeit nur einige Einheiten).
Italienische Flaggen mit der Heimatstadt der Fans wurden geschwenkt, die am Samstag abgezogen wurden, um nicht identifizierbar zu sein.
Sie folgen dem Beispiel der englischen Fans.
In Bulgarien standen sie vor einer echten Nazi-Fanschaft, den Levski-Druckern.
Der italienische Fußballverband hat 144 Tickets an italienische Fans ausgegeben, die als Namenskarten zur Verfügung standen, um die Fansteams besser zu überprüfen.
Das Innenministerium hat alle überprüft: Es gab keinen, der vor Gericht stand, und niemand, dem der Besuch des Stadions verboten worden war.
Vier italienische Fans, die vor einer Fußballverhandlung verhaftet waren, wurden von der Tour abgelehnt.
Das Innenministerium wartet auf Protokolle der Polizei in Sofia, um dann die notwendigen Maßnahmen zu ergreifen: Fans, die während der Unruhen festgenommen oder identifiziert wurden, können bis zu fünf Jahre verboten werden.
Es handelt sich um ein internationales Verbot, das nicht nur auf italienische Stadien, sondern auf alle Stadien in Europa anwendbar ist.
Unsere Fußball-Huligen dürfen also keinen Fußballplatz betreten.
Zum Glück.
Aber wir müssen auch befürchten, dass die Schurken Anhänger finden, also dass sich diese knapp 150 Leute von anderen anschließen.
"Dieses Feuer muss sofort gelöscht werden, und derjenige, der sich so verhält, darf nicht entschuldigt werden", sagte das Innenministerium.
Also sollten wir unsere Augen offen halten, vor allem, da der Tag des Nationalmannschaftsspiels am Mittwoch in Lecce nahe kommt.
In Puglia gibt es eine kleine Zelle, die die italienischen Ultras unterstützt.
Morgen ist der Monitoring-Tag, und am Dienstag ist der Sicherheits-Sport-Tag, der auch einen Teil des Homeland Security-Dienstes sein kann, der sich mit der Beobachtung von Fan-Verhalten beschäftigt.
"Duce-Duce-Skandal und ein schwebender Arm während der italienischen Hymne?
Diese Idee wurde, in einer ziemlich unglücklichen Weise, von Domenico Mazzilli, der in den letzten Wochen zum Leiter des Überwachungsdienstes des Innenministeriums ernannt wurde (der Posten wurde von Francesco Tagliente und zuvor von Felice Ferlizzi inne).
Mazzilli war zuvor Polizeichef von Trieste, der Stadt, in der seit 2002 eine Zelle zur Unterstützung der Gruppe Ultras Italia tätig ist.
Mazzilli sagt, es sei nicht verboten, den Ducé zu spielen, aber das hat die 150 bis 200 Fans in Bulgarien zu einer Schande gemacht.
Ich bin kein Soziologe, fügte der Erste der Beobachtungsdienste hinzu, aber Verbrechen sollten in dem Land verurteilt werden, in dem sie begangen wurden.
Bis jetzt hat diese Gruppe keine Probleme verursacht, und wir müssen genau untersuchen, was passiert ist, und überlegen, wie wir weitermachen können.
Aber wir reden auch ein wenig über das Ausblasen der italienischen Hymne: das ist kein Verbrechen, aber, wenn ich das sagen darf, ist es auch nicht höflich... "
