Die Rechten in Österreich: 29%
Die spürbare Schwächung beider Parteien in der Großen Koalition und die starke Stärkung der rechtspopulistischen Parteien führten laut ersten vorläufigen Ergebnissen zu frühzeitigen Parlamentswahlen am Sonntag in Österreich.
Die österreichische Volkspartei, in der die Position des derzeitigen Präsidenten Wilhelm Molterer stark schwankt, hat besonders große Verluste erlitten.
Im Gegenteil, der Wahlführer der Union für die Zukunft Österreichs (BZÖ), der Präfekt von Kärnten Jörg Haider, bereitet sich auf eine triumphale Rückkehr in die nationale Politik vor.
Nach den vorläufigen Ergebnissen ist die Sozialdemokratische Partei (SPÖ) mit 29,8% der Stimmen nach wie vor die stärkste Partei des Landes, verringert sich aber um 5,5% gegenüber den letzten Wahlen 2006.
Noch schlimmer ist es für die ÖVP, die mit 25,6% fast 9% der Stimmen verliert.
Dies sind die schlimmsten Ergebnisse dieser beiden großen Parteien in der Geschichte Österreichs nach dem Krieg und vor allem das buchstäblich katastrophale Ergebnis der Volksparteien, die vorgezogene Wahlen veranlassten.
Noch Anfang Juli, als die ÖVP aus dem Bund austrat, hatten die Volksparteien einen deutlichen Vorsprung vor der SPÖ.
Aber die Wähler haben sie offenbar bestraft, weil sie die Regierung versenkt haben.
Bereits in den ersten Reaktionen auf die Ergebnisse gab es Spekulationen über den möglichen Rücktritt des Parteivorsitzenden, des Vize-Kanzlers Wilhelm Monterer.
Beobachter glauben, dass dies bereits am Montag bei der außerordentlichen Sitzung der Parteiführung geschehen könnte.
Diese Entwicklung dürfte den Weg zu einem immer wahrscheinlicheren Ausweg vom Wahlresultat erleichtern, nämlich zur Erneuerung der SPÖ-ÖVP-Koalition.
Die Sozialisten haben gleichzeitig die Besorgnis über eine weitere 1999 offenbart, als die Populisten sich mit den Völkern in einer Kollektivregierung vereinbarten (damals war die FPÖ noch vereint, 2005 trennte sie sich von der BZÖ), was sogar die EU-Sanktionen verursachte.
Die Kommission hat sich in der Vergangenheit mit der Frage befaßt, ob die Kommission die Einführung von Maßnahmen zur Bekämpfung der Arbeitslosigkeit in der Gemeinschaft unterstützen wird.
Die Grünen haben sich auch ins Parlament eingelassen, die aber leicht zurückgegangen sind und von der dritten auf die fünfte Stelle unter den österreichischen Parteien geraten sind.
Es ist offensichtlich, daß keine andere Partei die 4%-Grenze überschritten hat und nicht ins Parlament eingetreten ist.
Schwarzenberg: Beziehungen zu Indien könnten sich abkühlen
Wenn das Problem mit den tschechischen Wissenschaftlern, die beschuldigt wurden, Schaben in Indien illegal zu sammeln, nicht gelöst werden kann, würde es nach Ansicht des tschechischen Außenministers Karel Schwarzenberg zu einer Abkühlung der tschechisch-indianischen Beziehungen kommen.
Der Minister hat dies in New York nach seinem Treffen mit seinem indischen Amtskollegen Pranab Mukherjee gesagt.
"Wenn es nicht gelöst wird, dann wird es eine gewisse Abkühlung geben", sagte er nach dem von der Tschechischen Republik initiierten Treffen.
Mukherjee sagte nach den Verhandlungen, dass die Exekutive sich nur schwer in rechtliche Angelegenheiten einmischen könne.
Er erwähnte jedoch, daß die Zentralregierung in dem Fall von Petr Švácha, der von der Anklage freigesprochen und mit einer Geldstrafe bestraft wurde, mit dem örtlichen Amt in Dardjeeling verhandeln könne, was unter ihre Zuständigkeit fällt.
"Ihr Problem könnte gelöst werden", sagte der Minister.
Nach Ansicht Mukherjee wäre es besser, wenn Emil Kučera, der zu drei Jahren Gefängnis verurteilt wurde, eine höhere Instanz anspricht.
Dann kann er sich um eine Kaution bewerben und auf die Entscheidung warten.
Schwarzenberg bestätigte, dass sein Partner sich während der Verhandlungen in der gleichen Weise geäußert hat.
"Sie empfiehlt die Berufung vor dem Obersten Gericht, dann wird es möglich sein, Gnade zu erhalten", sagte der Chef der tschechischen Diplomatie.
Die einzige Möglichkeit, die Tschechische Seite einzubeziehen, ist, den Verurteilten "kompetente Rechtshilfe" zu gewähren, behauptete der indische Minister.
Sie sagte auch, dass die indische Seite bereits solche Unterstützung leistet.
"Wir haben ein großes Interesse daran, die gute Beziehung zu Indien, die wir seit vielen Jahren haben, zu erhalten.
Auch die Indianer geben das zu", erklärte Schwarzenberg.
Die Kommission hat sich jedoch nicht darauf eingelassen, die Kommission zu verpflichten, die von der Kommission vorgeschlagenen Maßnahmen zu ergreifen.
"Wir halten die Inhaftierung und Anklage dieser tschechischen Wissenschaftler für einen tiefgreifenden Fehler", erklärte er.
Der Minister weigerte sich, die Frage zu beantworten, ob er von der indischen Seite ein Versprechen erhalten habe, sich um die Angelegenheit zu kümmern.
"Ich habe relativ viele Versprechen bekommen", stellte er nur fest.
Ein tschechischer Richter im Kampf um den Meeresboden
Sie nähert sich der elektronischen Karte an der Wand, auf der Australien und die angrenzenden Meeresgebiete abgebildet sind.
Aber er interessiert sich nicht für den Kontinent, sondern für einen kleinen Punkt im blauen Ozean.
"Die Insel gehört zu Australien und zusammen mit ihr dem benachbarten Meeresboden.
Die Zone ist gleichzeitig so groß wie der Kontinent selbst, sagt der italienische Rechtsanwalt Luigi Santosuosso, der Teil eines Team von 33 Arbeitern der UN-Ozean- und Seerechtsdivision ist.
Sein Chef, der tschechische Rechtsanwalt Václav Mikulka, der Leiter der Abteilung, hat seine Darstellung verfolgt und hin und wieder etwas hinzugefügt.
Er beherrscht den Willen und die Begeisterung.
Der Meeresboden verbirgt noch heute eine wenig bekannte Welt voller natürlicher Ressourcen.
Man kann Öl, Metallmineralien und andere Mineralstoffe finden, aber auch lebende Organismen, die bisher unbekannt waren und die den Schlüssel zur Entdeckung der Krebsmedizin in sich tragen.
Der größte Grund des Festlandes
Küstenländer haben sich für Unterwasser interessiert.
Die UNO-Konvention sieht vor, daß sie die Gesetze nutzen, die 1982 in Montego Bay in Jamaika vereinbart wurden.
Dies betrifft vor allem die so genannte Festlandplattform, die sich oftmals bis zu mehreren hundert Kilometern von der Küste des betreffenden Staates entfernt.
Der ist nach dem Übereinkommen exklusiv an allen Ressourcen der Festlandfläche beteiligt.
"Kontinentalplatte ist der Teil des Meeresbodens und des Untergrundes, der eine natürliche Verlängerung des Kontinents unter dem Meer darstellt.
Die sogenannte Exklusivwirtschaftliche Zone erstreckt sich über das Hoheitsmeer, oft über 200 Seemeilen", erklärt Mikulka.
Die Anfrage, die das Land beim Ausschuss für die Festlegung der Größe der Festlandfläche vorlegt, muss mit einer sehr umfangreichen wissenschaftlichen und technischen Unterlagen, die auf zahlreichen kostenintensiven Untersuchungen und Messungen beruhen, begleitet werden.
Das ist das Ergebnis jahrelanger Vorbereitungen.
"Eine unserer Aufgaben ist es, der Kommission rechtliche und fachliche Hilfe zu leisten.
Die Kommission hat bisher fünf Anträge von Russland, Brasilien, Australien, Irland und Neuseeland bearbeitet.
Nur die letzten drei Nominierten waren erfolgreich", fügt Mikulka hinzu.
Der jüngste Erfolg Australiens, das seine Meeresbesitztümer erheblich erweitert hat, hat weltweit eine Resonanz erfahren.
Aber auch Neuseeland hat gewonnen - die Meeresfläche, die ihm die Kommission letzte Woche zugeteilt hat, beträgt etwa 1,6 Quadratkilometer, also etwa sechsmal so groß wie der Staat.
Beide Länder haben Millionen von Dollar in die Forschung investiert.
Der Gewinn, den sie in Zukunft aus dem Meeresboden ziehen werden, wird, wie sie versprechen, unbezahlbar sein.
Auch andere Staaten werden ihre Anträge schrittweise einreichen.
Sie können dies für zehn Jahre tun, seitdem die "Montego Bay Convention" ratifiziert wurde.
Wo die Festlandplatte endet, beginnt der Ozeanboden, der vom Übereinkommen zum gemeinsamen Kulturerbe der Menschheit erklärt wurde".
Hier hat kein Staat mehr eine exklusive Position.
Das Recht auf Gewinnung in diesem Gebiet wird von dieser internationalen Einrichtung gewährt, die durch das Übereinkommen geschaffen wurde.
"Aber der Meeresgrund ist nicht Klondike", sagt Direktor Mikulka übertrieben, "da seine einzelnen Teile rechtlich abgegrenzt und ihre Regelung vertraglich festgelegt ist".
Die Tschechen im Pazifik
Ein Teil des Meeresbodens gehört heute auch zur Tschechischen Republik.
Sie teilt es mit anderen Staaten des ehemaligen Sowjetblocks im Rahmen der gemeinsamen Organisation "Interoceanmetal".
Sie erhielt 1991 nach dem Übereinkommen, wie die Investoren aus wenigen anderen Staaten, den Status eines sogenannten "Pionierinvestors".
Er hat das Miningrecht in der ClarionClipperton-Zone im Pazifischen Ozean zwischen Mexiko, den Hawaii-Inseln und Kiribati.
Das von dem Investor erforschte Gebiet ist nur knapp größer als das ehemalige Tschechoslowakei.
Der Boden ist zerknittert. Es ist eine Art Unterwasserreplik von Tatry.
"Es ist möglich, über eine Gesamtfläche von 75 000 Quadratkilometern zu produzieren.
Die Region ist reich an Polymethylen, die Nickel, Kupfer, Kobalt und Mangan enthalten", erklärt ein anderer Anwalt aus Indien, Pakshi Rajan.
Ein Arbeiter der Makedonien-Abteilung, Rober Sandev, bringt ein Exemplar mit, um es zu zeigen.
Es sieht aus wie eine kleine Kartoffel oder ein bisschen fantasievoll, ein legendäres Schema, wie in der Legende vom Erwachen des Golems.
Deutsche Spezialeinheiten waren bei der Befreiung der Gefangenen anwesend.
Die ägyptische Regierung hatte Deutschland um Hilfe bei der Befreiung der Geiseln gebeten. Die Experten kamen dann.
Als die Situation kritisch wurde, standen die Spezialeinheiten bereit, aber sie griffen nicht ein.
Die Situation der 11 europäischen Geiseln wird immer detaillierter.
Die Rettungsaktion wurde vom Verteidigungs- und Innenministerium mit deutschen Spezialeinheiten durchgeführt.
Neben den Spezialisten der Armee waren die GSG9-Einheiten, die Bundesflüchtlingspolizei, das Bundeskriminalbüro sowie die Logistik-Experten der Technischen Einrichtung anwesend.
Der Sprecher der Ministerien sagte am Montag Abend, die deutschen Einheiten hätten nicht eingegriffen, weil die Entführer die Gefahr einer Gewaltintervention in Angesicht genommen hätten und die Geiseln entlassen hätten.
Die ägyptische Regierung hat die Hilfe der Deutschen angenommen, um sich als Hilfe direkt vor Ort zu vereinen.
"Wir sind nicht glücklich geworden", sagt ein Sprecher des Innenministeriums.
Angreifer haben am 19. September in Süd-Ägypten eine Gruppe von Reisenden entführt: 5 Deutsche, 5 Italiener, eine Rumänierin sowie ihre 8 ägyptischen Begleiter.
Nach der Entführung in einem Wüstengebiet in Süd-Ägypten wurden die Geiseln in die Grenzzone zwischen Ägypten, Libyen, Sudan und Tschad abgeschoben.
Die Identität der Entführer blieb bis zum Ende geheim, ebenso wie die Details der Befreiung oder mögliche Lösegeldzahlungen.
Die Befreiten sind inzwischen in Kairo in gutem Zustand angekommen.
Steinmeier sagte, die befreiten Gefangenen seien unter dem Schutz der deutschen Botschaft.
Er hat sich nicht zu den Details der Freilassung geäußert.
In Berlin gab es keine Information, wann sie nach Deutschland zurückkehren würden.
Nach Angaben der Zeitung "Bild" sollten die 5 Urlauber und die Spezialeinheiten mit einem Airbus der Militärluftwaffe abfliegen und am Dienstag in Deutschland ankommen.
Das US-Abgeordnetenhaus lehnt das Rettungspaket ab.
Die erste Kammer des US-Kongresses hat gerade das 700 Milliarden Dollar-Rettungspaket für die Finanzmärkte gescheitert.
Der Dow Jones ist runter.
Mit 206 Stimmen zu 227 lehnte das US-Repräsentantenhaus das Rettungspaket für die Finanzmärkte ab.
Trotz der Aufrufe von US-Präsident George W. Bush und führenden Politikern beider Parteien gab es keine Mehrheit für das Programm, mit der das Chaos der Finanzmärkte aufgehalten werden sollte.
In einer dramatischen Aktion versuchten die Unterstützer verzweifelt, die Kritiker von dem schweren 700 Milliarden-Dollar-Paket zu überzeugen.
Barney Frank, einer der Verhandlungsführer, drängte die Abgeordneten auf Zustimmung, auch wenn der Plan unbeliebt war.
È difficile avere riconoscenza per evitare qualcosa, che non è ancora arrivata..
Während der Wahl fiel der Dow Jones um mehr als 6 Prozent oder 600 Punkte.
Die Investoren hatten Bedenken, daß das Rettungspaket scheitern könnte.
Er erholte sich vor Ende der Abstimmung, und dann, nach der Ankündigung des Bankrottes, brach er wieder zusammen.
Experten erwarten nun weitere schwere Turbulenzen auf den internationalen Finanzmärkten.
Die Kommission hat sich in der Vergangenheit mit der Frage befaßt, ob die Kommission die Vorschläge des Rates für die Verwirklichung des Binnenmarktes in der Gemeinschaft annehmen kann.
Die Veranstalter verzeichnen steigende Buchungszahlen
Es sieht so aus, als würde es für die deutschen Touristen ein guter Winter werden.
Eine Studie zeigt, daß der Umsatz der Reisebuchung in den kommenden Monaten gegenüber dem Vorjahr deutlich gestiegen ist - für die Wintersaison sogar um mehr als 30%.
Trotz schwacher Wirtschaftslage ist die Reisefreude der Deutschen nach einer Umfrage weiterhin stark.
Bei den Reiseverleihungen für die Wintersaison verzeichneten die Reiseverleiher eine Steigerung um 31% gegenüber dem Vorjahreszeitraum, wie der DRV-Verband am Montag in Berlin mitteilte.
Nach der Studie des Marktforschungsinstituts GfK sind die Buchungsquoten auch für die Herbstmonate bereits gestiegen.
Der Überschuss der Reiseveranstalter im Oktober 2007 betrug damit rund 11%, berichtete der DRV.
Die Voraussetzung für diese Ergebnisse sind die Zahlen des GfK, das monatlich die Buchungsdaten von 1200 deutschen Reisebüros analysiert und statistische Projektionen für den gesamten Markt erstellt.
Außerdem würden die Reisebuchungen bis Ende August 2008 eingeschlossen sein.
Aufgrund der schwachen Dollarquote seien Reisen in die USA besonders gefragt, berichtete DRV.
Hier würde der Anstieg der Buchungen auf etwa ein Drittel liegen.
Außerdem würden die Deutschen besonders nach Spanien, der Türkei und Griechenland und nach Orten innerhalb Deutschlands reisen.
Insbesondere All-Inclusive-Reisen sind hoch bewertet, erklärte DRV-Präsident Klaus Laepple.
Angesichts der steigenden Kosten für Energie und Lebensmittel wären die Kosten hier "besser für die Kunden als für einen individuell organisierten Urlaub berechnet".
Die Verbraucher könnten Geld sparen, unter anderem durch Rabatte für reservierungen, die sehr früh vorgenommen werden, oder durch alles-inklusive Angebote, erklärte Laepple.
Auch die Sommermonate hätten gute Buchungszahlen verzeichnet, so dass es im Vergleich zum Vorjahr wieder einen Umsatzüberschuss gegeben hätte - obwohl eine weitere Studie zeigte, dass die Zahl der Deutschen, die eine Reise unternahmen, gegenüber dem Vorjahr zurückgegangen sei.
Mein erstes Mal auf dem Oktoberfest
Hits von Ballermann, ein-Liter-Beer und VIPs in gepressten Dirndlns.
Ein Debüt im Wiesn
Susanne Kronzucker und ich haben eigentlich nicht viel gemeinsam.
Sie ist blond, TV-Moderatorin und trägt einen maßgeschneiderten Dirndl.
Ich habe dunkles Haar, ich bin Studentin und mein Kleid ist gebraucht.
Aber wir haben eine Sache gemeinsam: In nur 3 Minuten in Wiesn, sind die Fotografen schon auf uns losgegangen und haben Fotos gemacht, bis sie die Erinnerung der Kameras gefüllt haben. Das war sehr schmeichelhaft, und das bei meinem ersten Besuch in Wiesn.
So macht man Freunde
Der billige Dirndl scheint seinen Zweck zu erreichen.
Als Tourist in Wiesn und tatsächlich Nordwestlicher der Weißwurst-Wurst, bleibt das Wohlfühlen im Kostüm bis heute in Grenzen.
Aber wenn wir in Theresienwiese sind, ist es nichts Schlimmes.
Fast jeder trägt Dirndl oder Lederhosen; niemand sieht widerstammt oder verlegen aus  alles ist völlig normal.
Nur der Schirm meines Dirndl erhält seltsame Blicke auf den Bananen-Chocolate-Stand.
Eine Nonne weist darauf hin, dass ich den Schirm falsch gefesselt habe: "Links bist du frei, in der Mitte sind sechs Jungfrauen, rechts bist du engagiert, hinter einer Witwe".
Ich habe mir den Schlauch von hinten nach links angelegt.
"Okay", sagt er und lacht.
Andere verschwenden weniger subtile Flirttekniken und tragen bescheidene Fellshütten mit der Aufschrift "To drunk to get dressed!" und strecken ihren nackten Hintern gegen einen Uninvited.
Der Junge mit den präsentativen Neigungen heißt Bob, er kommt aus England und besucht auch das Oktoberfest zum ersten Mal.
Sie findet ihn "großartig", mit einem "ooooo" -Schlag.
Das erzählte mir, nachdem er sich von seinem Bierbottel von einem Liter vor dem trinken los.
Direkt neben einem dieser Brennstoffe, den alle für einen Müllstaub halten.
Bob ist also einer dieser berüchtigten Wildbiesler.
Andere haben nicht das Glück, sich so vom Alkohol zu befreien.
Gegen 8 Uhr gehen die Krankenpfleger, die sich um die armen Beonen kümmern, in Scharen auf den Festplatz.
Die Krankenschwestern tauchen jedes Mal in einer Gruppe auf. Immer wieder ziehen sie ein Stellband mit Zelt in Zelt.
Das funktioniert wie bei den meisten Besuchern des Wiesn: Sie gehen leer, kommen voll zurück.
Wer unter dem Teller liegt, in diesem Blutkoffer, ist nicht zu sehen.
"Des sind die, wos goarnimmer packn", rief einer der Sanitäter und verschwand in der Unordnung.
Unfallopfer, identifiziert von der Polizei
Eine 63-jährige Frau, die im Krankenhaus starb, nachdem sie von einem Fahrzeug überfahren wurde, als sie in Essex unterwegs war, wurde identifiziert.
Carole Paulson von Chelmsford Road in Brentwood, wurde am Freitagnachmittag in den Unfall auf der Shenfield Road in der Stadt verwickelt.
Sie wurde ins Queen's Hospital in Romford gebracht, aber kurz darauf starb sie.
Nach dem Unfall wurde ein 51-jähriger Mann wegen fahrlässiger Fahrweise verhaftet.
Er wurde auf Kaution freigelassen.
Die Türkei erweitert ihre diplomatischen Grenzen
Lange bevor die Türkei die EU-Beitrittsansprüche einlegte, waren die europäischen Mächte bestrebt, tief in das türkische Hinterland einzudringen.
Auf der östlichen Seite des Bosporus, vielleicht 20 Schritte in Asien, befindet sich eine der schönsten Reliquien dieses gescheiterten imperialen Ehrgeizes.
Der Bahnhof von Hydarpasha wurde von den deutschen Architekten Otto Ritter und Helmut Conu im Neorenaissance-Stil entworfen.
Das sagen Ihnen die Reiseleiter zumindest.
Das Gebäude steht zwischen den Enden der Plattformen mit einem Turm an jeder Ecke und schaut auf die Welt wie einige deutsche Provinzgemeinden.
Der Stein ist schmutzig.
Das ganze Gebäude ist leicht verfallen.
Aber einmal in der Ticket-Büro von der Decke bis zum Ventil, gibt es keinen Zweifel an der Größe der Unternehmung von dem, was war der westlichste Passage.
Die Station wurde im August 1908 von einem deutschen Konsortium, der Anatolia-Baghdad Corporation, eröffnet.
Deutschland, ein Nachzügler am imperialen Spiel, wollte seine Ambitionen umsetzen, den Nahen Osten zu beherrschen, und zwar durch diese Eisenbahn, die nach Damaskus, nach Bagdad und weiter in das heutige Saudi-Arabien führte.
Aber die imperialen Ambitionen Deutschlands gingen im ersten Weltkrieg unter.
Seine Eisenbahnen wurden von Lawrence von Arabien und seinen unregelmäßigen Arabern angegriffen.
Die damit verbundene Isolierung von der umliegenden Region, die durch die eisigen Grenzen des Kalten Krieges entstanden ist, ist vorbei.
Britische und dominierende Kräfte trieben aus Ägypten und drängten die Türken und ihre deutschen Verbündeten aus Palästina und Syrien.
Und es gab auch schlechte Nachrichten für die Station von Hyderpasha.
1917 explodierte ein Munitionszug, der das ausgeklügelte Dach zerstörte.
Türkische Quellen sagen, es war Sabotage.
Seitdem ist er langsam in Verfall geraten, weitgehend überholt von der Geschichte.
Aber heute dienen dieser Bahnstoß nach Anatolien und alle Punkte im Osten - zumindest symbolisch - dazu, die immer größeren diplomatischen Horizonte der Türkei hervorzuheben.
Die Regierungspartei für Gerechtigkeit und Entwicklung - die AKP - hat eine ganz neue Außenpolitik für das Land geschaffen.
Die damit verbundene Isolation von den umliegenden Regionen, die durch die eisigen Grenzen des Kalten Krieges entstanden war, ist vorbei.
Jetzt gibt es eine neue Politik der Engagement.
Die türkische Regierung hat bemerkenswert gute Beziehungen zu Israel und Syrien, zu den palästinensischen Fraktionen Hamas und Fatah, zu Irak und Iran und natürlich zu der Europäischen Union und den Vereinigten Staaten.
Um die Parameter dieser neuen Außenpolitik zu ermitteln, fuhr ich mit dem Schlafwagen nach Ankara, der türkischen Hauptstadt, um einen der führenden Experten für Außenpolitik der AKP, den türkischen Abgeordneten Suat Kiniklioglu, zu besuchen.
Am nächsten Morgen - etwa zehn und eine halbe Stunde später - nach einem Schwunglauf auf den Pisten, die die alten Weltbilder des berühmten Dokumentarfilms "The Night Mail" hervorbrachten, kam ich in die türkische Hauptstadt - vorgeschlagen als eine neue Stadt für einen jahrhundertealten Staat, der seine Rücken auf die ottomanische Vergangenheit wenden wollte.
Die AKP mit ihren bekannten islamischen Wurzeln stellt jedoch eine beispielhafte Veränderung des türkischen Konsens dar.
Er hat in den Westen einige Verdacht aufgebracht, besonders in Washington.
Ein Taxi bringt mich zum AKP-Hauptquartier, eine hochmoderne Struktur aus Stein und Stahl - eigens gebaut - in einem Entwicklungsviertel, umgeben von mittlerweile errichteten Einkaufszentren und Mählerwarenhäusern, wo Geschäftsleute - Männer und Frauen - sich morgens treffen, um Verträge abzuschließen.
Suat Kiniklioglu könnte ein Mitte-Rechts-Politiker von fast jeder anderen politischen Partei in Europa sein.
Komplett, T-Shirt, sicher auch ein Blackberry.
"Der Zweck der Außenpolitik ist es, die Türkei wieder in ihre nächsten Nachbarn zu integrieren.
Der Kalte Krieg war eine Anomalie", sagt er.
Die Türkei wurde von ihrem Inland abgeschnitten.
Heute muss er gleichzeitig nach Osten und Westen schauen.
Es war nicht der Fall eines oder des anderen.
Es muss beides sein.
"Aber sicherlich wird die Türkei irgendwann eine Entscheidung treffen müssen?"
"Die Türkei", sagt er, "wollt sich diese Wahl nicht stellen".
Er betont dann einen Punkt, den fast jeder, mit dem ich hier gesprochen habe, auswendig gesagt hat: Die Verbindungen des Vereinigten Königreichs nicht nur zum Nahen Osten, sondern auch zum Kaukasus und rund um das Schwarze Meer sind für Europa und die Vereinigten Staaten von Amerika genauso von Vorteil wie für die Türkei.
Mit der Türkei an Bord scheint die Botschaft zu sein, dass ganz Europa metaphorisch die Eisenbahnlinien nach Osten durch Asien und den Mittleren Osten fahren kann.
Zurück am Bahnhof Hydarpasha, nach einer weiteren Nacht ohne Zeit, denke ich an die beiden deutschen Herren Herr Ritter und Herr Conu, die sich dieses Gebäude angesehen hatten, das vor 100 Jahren gebaut wurde.
Wie überrascht würden sie sein, wenn sie herausfinden würden, daß die Ambitionen Europas im Nahen Osten jetzt weitgehend in den Händen der Türkei liegen.
Und während ich am Terminal auf den Fährzeug wartete, der mich über den Bosporus zurückbringt, erinnere ich mich, dass man damals immer die Türkei als "Krankenmann Europas" bezeichnet hat.
Dann schien es wenigstens nicht zu zweifeln, welcher Kontinent Anspruch auf dieses faszinierende Land erheben sollte.
Erinnerte Leben: Vernon Handley und William Woodruff
Mark Brown schreibt: Als Guildford-Musikdirektor seit 1962 hatte Vernon "Tod" Handley (Tod, 11. September) die Guildford Philharmonic Orchestra und den Chor in der Leitung.
Als Mitglied seines Musik-Schemas für die Stadt gründete er im folgenden Jahr seinen wunderbaren Jugendchor, Proteus.
Es sollten unter 21 sein, aber als Proteus 1979 sein Finale sang, waren viele von uns über 20 - wir wollten einfach nicht auf den Chor verzichten.
Der Name "Proteus" (das mythologische Wesen-Wechsel) repräsentierte den guten Willen des Chores und die Fähigkeit, alles zu bewältigen, was die Musik zu tun hatte, sei es Madrigals oder Messiaen, ohne Begleitung oder mit dem ganzen Orchester.
Die musikalische Vielseitigkeit, die ein so junger Chor hervorbrachte, war oft erstaunlich, immer aufregend, und das alles wegen der Inspiration dieses Mannes und der Begeisterung für Musik, die über die Jahre absolut konstant blieb.
Wie oft hat uns Tod gesagt, "Lasst die Musik für sich sprechen".
Er sagte: "Der Komponist weiß, was er will.
Es ist alles da, in der Musik.
Also singe es!"
Seine Technik beim Einsatz des Stöcks war absolut klar und präzise, obwohl sie nie diktatorisch oder blühend war.
Was auch immer der Musikschlüssel war, er hob ihn immer höher.
John Frayn Turner schreibt:
Wenn man einen Dirigenten zum Ritter ernennen sollte, dann Vernon Handley.
Ich kannte ihn sehr gut während der zwei Jahrzehnte, in denen er die Guildford Philharmonic von 1962 bis 1982 leitete.
In den letzten 40 Jahren und mehr habe ich mehr als 100 seiner Konzerte betrachtet und kann ehrlich sagen, dass ich nie mit einem einzigen von ihnen uneins war - und oftmals von ihnen inspiriert wurde.
Tod Handley hatte diese seltene Kombination aus Größe und persönlicher Bescheidenheit.
Er hasste Dirigenten, die, wie er sagte, einfach "eine oder zwei bekannte Schlachtpferde um die Welt reiten".
So viele von uns werden ihn vermissen.
William Woodruff
Professor John Beckett schreibt:
Ihr Nachruf von William Woodruff (September 25) besagt, dass "er 1946 wieder Wirtschaftsgeschichte studierte, und 1950 wurde er als Wissenschaftler an der Hochschule Houblon-Norman... und studierte gleichzeitig einen Bachelor of Science, einen Bachelor of Arts und einen PhD".
Das geht aus der Bemerkung des Autors von Woodruff in Beyond Nab End hervor, aber sie ist nicht korrekt.
Von 1946 bis 1953 war er Dozent für Wirtschaftsgeschichte an der Universität Nottingham. In dieser Zeit schloss er eine PhD-These über die britische Gummiindustrie ab, die von Professor J. D. Chambers überwacht wurde und 1958 als The British Rubber Industry veröffentlicht wurde.
Er verbrachte 1950-51 in den USA als Forscher an der Houblon-Norman, und den Sommer 1952 an den Universitäten von Illinois, Harvard und New York.
1953 verließ er Nottingham für immer nach Illinois.
Warum Woodruff sich für diesen Teil seiner Karriere entschied, ist unbekannt.
J. Vincent Resino an der Fakultät für Philologie
"Ich empfehle die Ausstellung von José Vicente Resino "Flamenco y vida", weil seine Schwarz-Weiß-Fotografien im Dokumentar-Stil außergewöhnlich sind.
Sie haben mich für die Einfachheit und Kraft, die sie vermitteln, geworben, während sie die Protagonisten mit besonderer Achtung behandeln.
Eine Ausstellung, die viel Gefühl vermittelt.
"Resinus kann magische Momente festhalten".
Zweiter Überfall auf die Honda-Übersätze
Im November wird Honda die zweite Generation des Jazz-Modells auf den Markt bringen.
Während das Vorgängermodell bereits mit großer Behausbarkeit ausgestattet war, hat dieser neue Monovolume einen noch größeren Innenraum.
Hinzu kommt eine ausgefeilte Mechanik, die den Fahrkomfort erhöht und den Kraftstoff sparsam macht.
Evolution gegen Revolution.
Das ist die zweite Generation des Honda Jazz.
Obwohl der neue Jazz ästhetisch der des Vorgängers sehr ähnlich ist, gibt es viele Änderungen an diesem Kleinwagen.
Unter anderem ist es erwähnenswert, dass ein neues Design, eine neue Plattform, größere Größen und neue Mechaniken entstanden sind.
Bevor wir jedoch auf das neue Modell eingehen, ist es hilfreich zu beachten, daß dieser neue Jazz sechs Jahre nach dem Markteintritt der ersten Generation erscheint.
Daher ist eine erste Bemerkung, dass Honda dieses Modell in kürzerer Zeit als die von anderen Herstellern verwendeten Modelle erneuert hat.
Obwohl das Jazz-Modell in Europa weniger bekannt ist als in anderen Märkten, ist es ein einzigartiges Verkaufserscheinungsbild.
Das ist genau der Fall in Japan, wo der Jazz 2002 und 2008 der meistverkaufte Wagen war.
In Japan selbst wurden seit dem Start fast eine Million Jazz-Einheiten verkauft.
Der zweite Markt war der Alte Kontinent, mit etwa einer halben Million Einheiten in sechs Jahren.
Trotz dieser Zahlen glaubt Honda, dass der neue Jazz den Absatz im Segment steigern wird.
So hat das japanische Unternehmen 2007 insgesamt 83.000 Fahrzeuge dieses Modells verkauft, für 2009 werden Schätzungen zu 100.000 Fahrzeugen ergeben, was auf einen Umsatzanstieg von 17% auf dem europäischen Markt beruht.
Im spanischen Markt hat Honda seit 2002 insgesamt 8.000 Jazz verkauft, was 6,7% der gesamten Verkäufe von Honda in Spanien entspricht.
Die spanische Niederlassung erwartet, daß die neue Generation von Jazz im Laufe des Jahres rund 2.000 Einheiten verkaufen wird.
Die Ankunft des neuen Jazz wird Honda erlauben, den Rückgang der Verkäufe in Spanien erheblich zu verringern.
Die Unternehmen rechnen damit, dass bis zum Jahresende insgesamt 22.000 Fahrzeuge verkauft werden, das heißt 4.000 weniger als 2007, was einem Rückgang von 16% entspricht.
Trotz des Umsatzes stieg Honda sein Marktanteil in Spanien auf 1,8%, gegenüber 1,6% im Vorjahr.
Außerdem erwartet das japanische Unternehmen, dass es 2010 2% erreichen wird.
Honda setzt auf ein weiteres neues Modell, um das zu erreichen.
Es handelt sich um den Insight, einen 5-Tür-Hybrid mit einer Länge von 4,37 Metern, von dem das japanische Unternehmen weltweit jährlich etwa 200.000 Einheiten verkaufen will.
Für die Märkte und nach Schätzungen des japanischen Herstellers werden 50% der Verkäufe von Insight in den USA erfolgen, während der restliche Anteil zwischen dem alten Kontinent und Japan verteilt wird.
Der kommerzielle Start von Insight ist für die ersten Monate des Jahres geplant, kurz nach der Vorstellung im Januar in Valencia.
Im Vergleich zur ersten Generation ist der neue Jazz in allen seinen Teilen gewachsen.
Seine Länge beträgt 3,90 Meter (fünf Zentimeter mehr), seine Breite 1,69 Meter (zwei Zentimeter mehr) und seine Querschnittseite 2,50 Meter, wobei er um fünf Zentimeter erhöht wird.
Die Höhe blieb jedoch bei 1,52 Metern unverändert.
Zusammen mit der Größerung wird auch das Wohnraum erweitert.
Dieser Vorteil ergibt sich einerseits aus der Einführung einer neuen Plattform und andererseits aus der Einführung des zentralen Tankes, was auch im vorherigen Jazz-Modell der Fall war.
Außerdem steigt die Kapazität des mit doppeltem Hintergrund ausgestatteten Kofferraums auf 399 Liter, d.h. 19 Liter mehr als die Kapazität der ersten Generation.
Es ist zu beachten, dass dies die Maße der 1.4-Motor-Version sind und dass die Kofferraumkapazität des Honda Jazz 1.2 379 Liter beträgt.
Weitere Verbesserungen - neben den Außenelementen wie den Rücklichtleuchten oder der Möglichkeit, das Panorama-Glas zu montieren - betreffen eine Verbesserung der Zugänglichkeit der Rücksitze.
Die Türen, die den Zugang zu den hinteren Positionen ermöglichen, öffnen sich mit einem Winkel von 80 Grad, verglichen mit den 67 Grad der ersten Jazz.
Außerdem sind auch die Motoren in dieser zweiten Generation des Jazz neu.
Bei der Markteinführung wird dieses kleine Modell in den Modellen mit 1,2 und 1,4 Liter Benzinmotoren angeboten.
Beide Mechaniken beinhalten die i-VTEC-Technologie, die den Verbrauch senkt, weniger CO2-Emissionen erzeugt, die Mechanik optimiert und gleichzeitig den Motor in allen Phasen mit hohem Torch hält.
Das 1,2 Liter-Modell ermöglicht eine Leistung von 90 PS bei 6.000 Runden mit einem maximalen Torpedo von 114 Nm bei 4.900 Runden.
Der Antrieb , der in den früheren Jazz 78 Pferdestärken erreichte, verbraucht 5,3 Liter Kraftstoff und produziert CO2-Emissionen von etwa 125 Gramm.
Im Vergleich zu dem früheren Antrieb, der im ersten Generation 83 Pferdestärke verwendete, sind jetzt 100 zur Verfügung.
Die 100 PS-Jaz 1.4 erreicht eine Kombination von 5,4 Litern Kraftstoff und 128 Gramm CO2 Emission.
Das "Bienenwagen" zur Kollisionsvermeidung
Bei der Entwicklung von Technologien zur Verhütung von Unfällen hat sich Nissan auf die Natur, insbesondere auf die Bienen, zurückgegriffen.
Eine japanische Firma hat einen Roboter entwickelt, der, indem er den Flug von Bienen zum Beispiel nimmt, Unfälle vermeiden kann.
Es ist der Bio-Mimetic Car Robot Drive, oder BR23C, der erste Schritt in Richtung Kollisionsverhütungstechnologien.
Die Ingenieure des Advanced Technical Center der Nissan Motor Co. haben diesen kleinen Roboter in Zusammenarbeit mit dem Center for Scientific and Technological Research der renommierten Universität Tokio in Japan entwickelt.
Nach Ansicht von Kazuhiro Doi, Generaldirektor für PR für Technologie und Brandmanagementforschung und -entwicklung, ist der BR23C eine Erweiterung des von Nissan hergestellten vierbereitigen Sicherheitsschilds.
Dieser Roboter soll die Kollisionsverhütungsfähigkeit der Fahrzeuge des Herstellers verbessern.
Während des Fluges erstellt jede Biene ihren eigenen ovalen Raum, der dem Sicherheitsschild von Nissan sehr ähnlich ist.
Aber am wichtigsten sind die zusammengesetzten Augen der Biene, die in alle Richtungen mit einem Winkel von mehr als 300 Grad sehen können und die dem Insekt erlauben, in seinem eigenen Raum ununterbrochen zu fliegen.
Um diese visuelle Funktion wiederzugeben, entwickelten die Ingenieure einen so genannten Laser-Location-Finder.
Dieser Mechanismus erkennt Hindernisse, die sich im Umkreis von zwei Metern und mit einer Amplitude von maximal 180 Grad vor dem BR23C befinden, berechnet die Entfernung vom Objekt und sendet ein Signal an einen Bordmikroprozessor, der sofort die Kollision verhindern kann.
"Wenn der kleine Roboter eine Hindernis erkennt, imitiert er die Bewegungen einer Biene und ändert sofort die Richtung, indem er die Räder um einen geraden oder größeren Winkel dreht, um den Zusammenstoß zu vermeiden.
Der offensichtlichste Unterschied zu jedem Assistenzsystem ist, dass die Flucht ganz instinktiv ist.
"Wenn das nicht der Fall wäre, könnte der Roboter nicht schnell genug reagieren, um Hindernisse zu vermeiden", erklärt Toshiyuki Andoh, Direktor des Mobilitätslabors und Leiter des Projektes.
Im Gegensatz zu einer Biene kann der Roboter nicht nach oben oder unten abweichen, noch nicht einmal diagonal; er kann sich nur in zwei Dimensionen und in der Richtung bewegen, in der seine Räder sich drehen können, und er nutzt nicht die unendlichen Richtungen und Wege, wie es Bienen tun.
Deshalb hat Nissan neben der Beschleunigung und Verlangsamung eine Rotationsfunktion verwendet, damit der kleine Roboter Kollisionen vermeiden kann.
"Dieses Gerät muss nur alle paar Sekunden Informationen verarbeiten und auf diese Daten basieren.
Es erfordert keine Speicherung von Informationen oder die intuitive Logik der vorherigen Manöver, so dass es ununterbrochen und mit nur ein paar Dutzend KB Speicher funktionieren kann.
Das mag überraschen, aber wir sprechen nicht von Gigabytes Speicher, und wir sprechen auch nicht von Mega".
Dies ist der erste Schritt zur Entwicklung neuer Technologien zur sofortigen Kollisionsverhütung, eine Technologie, die Nissan hofft, in den nächsten zehn Jahren in den Automobilen als Standard zu verwenden.
Der Roboter verwendet Lithium-Polymer-Batterien, die leichter und langlebiger sind als die Lithium-Ionen-Batterie.
Eine weitere potentielle zukünftige Anwendung dieser Technologie könnte die Integration der Fahrzeuge mit einem GPS-Satellitennavigationssystem sein, um den Fahrer an seinen Zielort zu bringen und dabei Hindernisse zu vermeiden.
Er zittert vor dem Kreditantrag
Die Kommission hat sich in der Vergangenheit mit der Frage befaßt, ob die Kommission die Kommission unterstützt, die die Kommission unterstützt.
Angesichts der Krise und um zu verhindern, dass sich Amerikaner mit Kreditpfänden in Banken beschäftigen, die in Frage kommen, haben sie ein unterhaltsames und lehrreiches Spiel für Internetnutzer geschaffen: "Bad Credit Hotel".
Das heißt, das Hotel der schlechten Kredite... oder der Probleme.
Die düstere Erscheinung dieser Anordnung und insbesondere seiner Rezeptionist dient dazu, Sie zu überlegen, nicht einmal, sondern zweimal oder sogar dreimal, bevor Sie einen Kredit beantragen.
Und vor allem, wo man es tun soll, was wahrscheinlich das Hauptziel ist.
Die Informationen, die das Spiel liefert, sind zwar nützlich, aber nicht sehr detailliert.
Es ist eher eine Webseite für Teenager als eine Webseite für die breite Öffentlichkeit.
Was passiert, wenn man das Spiel beendet?
Nun, es gibt ein Sonogladen im Hotel.
Es ist immer noch etwas, denn es wird nicht einmal von einem besseren Haus gesprochen.
Morgan Stanley eröffnet MUFG sein Kapital
Morgan Stanley hat eine Vereinbarung mit der Mitsubishi UFJ Financial Group (MUFG), der ersten Bank in Japan, unterzeichnet, die neun Milliarden Dollar in eine Beteiligung von 21% an der Gesellschaft investieren wird.
Eine Woche nach dem Abschluss eines vorläufigen Abkommens erklärten die beiden Banken, die MUFG werde 9,9% der Anteile an Morgan Stanley zu einem Einzelpreis von 25,25 Dollar kaufen, was einem Betrag von drei Milliarden Dollar entspricht.
Der festgelegte Preis liegt 19% unter dem Buchwert der Anleihen am 31. August.
Die MUFG wird außerdem 6 Mrd. USD in den Erwerb von Wertpapieren investieren, die zum Umrechnungspreis von 31,25 USD umgewandelt werden können, was eine Rendite von 10% gewährleistet.
Morgan Stanley hat erklärt, dass die Gesamtgeschäftsaufnahme auf einem durchschnittlichen Kurs von 29 USD je Aktie erfolgen würde, was einem Anteil von 28% unter dem aktuellen Kurs liegt.
Gegen 17.00 Uhr war der Wert von Morgan Stanley jedoch um 6,79% auf 23,07 Dollar gefallen.
"Diese strategische Allianz ist eine wichtige Gelegenheit, den Übergang von Morgan Stanley zu einer Bankholding-Gesellschaft zu beschleunigen", erklärte John Mack, Geschäftsführer der amerikanischen Gruppe.
Morgan Stanley hat diese neue Satzung letzte Woche verabschiedet, die es ihm erlauben soll, seine Aktien zu differenzieren, aber sie unter die Kontrolle der Federal Reserve zu bringen.
Seine Allianz mit der MUFG bestätigt auch, dass die aktuelle Finanzkrise die größten Namen der Wall Street dazu zwingt, eine weitaus vorsichtigeren Haltung einzunehmen als zuvor.
Die am Montag festgelegten Modalitäten zeigen auch, daß das Abkommen in den letzten Tagen geändert wurde: Am vergangenen Montag hatte Morgan lediglich den Verkauf von 20% seiner Aktien an den japanischen Großkonzern für 8,5 Milliarden Dollar angekündigt.
"Vor einer Woche erklärte Toshihide Mizuno, Geschäftsführer der MUFG, in Tokio: "Wir dachten, dass unsere Beteiligung ausschließlich aus Aktien bestehen würde.
Aber angesichts der aktuellen Situation in der Weltwirtschaft und im Markt haben wir uns entschieden, die Risiken zu minimieren und uns zu schützen".
Auf der Grundlage des gewogenen Durchschnittspreises wird MUFG die Morgan Stanley-Anleihen zu einem Preis erwerben, der 7% unter ihrem Buchwert liegt.
Die Transaktion würde eine Investition von mindestens 20% des Eigenkapitals auf verdünnter Basis bedeuten".
Die Vereinbarung sieht vor, dass die MUFG innerhalb eines Jahres die Hälfte ihrer Vorzugsschuldverschreibungen in Stammaktien umwandeln kann, wenn diese in einem bestimmten Zeitraum mehr als 50% unter dem festgelegten Umrechnungspreis, also bei etwa 47 USD, gehandelt werden.
Die Kommission stellt fest, dass die Kommission die Kommission nicht dazu veranlasst hat, die von der MUFG bereitgestellten Mittel zu verwenden, um die finanziellen und finanziellen Interessen der Unternehmen zu berücksichtigen.
Ein Sprecher der Gruppe weigerte sich jedoch, die strategischen Pläne der beiden neuen Verbündeten zu erläutern.
Nach der Investition der MUFG dürfte Morgan Stanley daher einen Solvenzfaktor von rund 15% festlegen, der einer der besten in der Branche ist.
Morgan hat erklärt, dass sie ihre Haushaltsbilanz seit Ende August "deutlich" gelockert habe.
Die letzten Wochen haben die Gruppe sehr stark belastet, da der Wert ihrer Aktien halbiert wurde und die Kosten für die Risikoversicherung in die Höhe stiegen.
Die Kosten stiegen am Montag zurück und blieben jedoch auf einem hohen Niveau von rund 12%.
Letzte Woche gab Goldman Sachs, das einzige weitere "Überlebende" der großen Investmentbanken auf der Wall Street nach dem Zusammenbruch von Bear Stearns und Lehman Brothers und der Übernahme von Merrill Lynch, bekannt, 15 Milliarden Dollar gesammelt zu haben, teilweise von Berkshire Hathaway, der Warren Buffett-Gruppe.
Rafael Correa ist in Quito, wir sind am Montag.
Die Republik auf einem sozialistischen System im 21. Jahrhundert zu gründen.
Dies ist das gemeinsame Projekt von Hugo Chávez aus Venezuela, Evo Morales aus Bolivien und Rafael Correa aus Ecuador.
Am Sonntag, im Gefolge seiner Kollegen und Freunde, gab er den Vorschlag für eine neue Verfassung.
Das ist eine Aufgabe, die erfüllt wurde, da nach den offiziellen Ergebnissen 64% der Wähler bei einem Referendum mit 80% "Ja" stimmten.
Nach diesen Ergebnissen waren die "Nein"-Stimmen 28%, während 7% der Stimmen null waren und 0,7% keine Stimmen abgaben.
Damit die Verfassung verabschiedet wird, muss sie die Hälfte der Stimmen plus eins erhalten.
Am Sonntag hatten zwei Umfragen am Ende der Wahl und eine Schätzung einer Nichtregierungsorganisation einen überwältigenden Sieg des "Ja"-Stimmungsgesprächs mit 63 bis 70 Prozent angekündigt.
Rafael Correa hatte in der Nacht zwischen Sonntag und Montag den Sieg seines Verfassungsentwurfs behauptet.
"Die Verfassung hat glorreich triumphiert", hatte er versichert, als er die Ecuadorianer im Gouverneurschaft von Guayaquil, 280 Kilometer südwestlich von Quito, begrüßte.
Wie immer haben sich Chávez und Morales Rafael Correa beglückwünscht, ebenso wie seine chilenische Amtskollegin Michelle Bachelet.
Die Abstimmung, die nach Angaben der Wahlbeobachtungsmission der Organisation der amerikanischen Staaten (OAS) in aller Ruhe stattfand, beruhte auf einem 444-Punkte-Text, der den vom Präsidenten vertretenen "neuen Sozialismus" festigen sollte.
Diese Verfassung verankert die Macht des Staates über die Wirtschaft und beschränkt die "Entwicklungsplanung" eines Landes auf ihn, das im Wesentlichen von der Ölförderung großer ausländischer Unternehmen und damit ihrer Währung lebt.
Der 2006 gewählte Präsident Correa hat den Staatschef mit mehr Befugnissen ausgestattet, der für zwei aufeinanderfolgende Amtszeiten von vier Jahren gewählt werden kann und die Möglichkeit hat, die Versammlung aufzulösen.
Correa hat bereits angekündigt, diesen Änderungsantrag zu nutzen und seine Kandidatur für eine neue Amtszeit im Februar 2009 erneut zu beantragen.
Die Verfassung sieht auch die Freigabe von Gesundheits- und Bildungsdiensten vor, die der Präsident in diesem Land mit 13,9 Millionen Einwohnern, in dem 50% der Bevölkerung unter der Armutsgrenze leben, zu fördern begonnen hat.
Die Kommission hat sich in diesem Zusammenhang mit der Kommission befaßt.
Die 19 Gefangenen in Tschad befreit
Ein ägyptisches Kommando hat die Entführer der 11 Touristen und ihrer acht Begleiter, die vor zehn Tagen entführt wurden, angegriffen.
Ich bin in Kairo.
Die 11 europäischen Touristen und ihre acht Begleiter, die zehn Tage lang in der Wüste gefangen gehalten wurden, wurden am Montagmittag gesund in die ägyptische Hauptstadt zurückgebracht.
Am Morgen wurden sie in Tschad von einem ägyptischen Kommando befreit.
Die Gefangenen sind wohl in guter Verfassung, und kamen um 3.30 Uhr in einem Sonderflugzeug zum Militärstützpunkt Almaza in der Nähe des internationalen Flughafens in Kairo.
Sie wurden sofort in einem Hubschrauber, ohne dass sie eine Presseinterview geben konnten, in das Krankenhaus in Maadi, einem Wohngebiet von Kairo, gebracht, um dort untersucht zu werden.
Sie seien "in guter Gesundheit" und es sei kein Lösegeld an die "Entführer" gezahlt worden, erklärte der ägyptische Tourismusminister Zoheir Garanna auf der Landebahn.
Diese Gruppe von Geiseln, die am 19. September während einer 4x4 Safari am Fuße des Berges Ouanat, an der Grenze zu Ägypten, Sudan und Libyen, entführt wurden, wurden von einem Versteck zum anderen von 35 unbekannten Entführern getrieben.
Die Gruppe bestand aus 11 Touristen  fünf Italiener, fünf Deutschen und einer Rumänierin  und 8 Ägyptern: zwei Führer, vier Fahrer, ein Grenzschutzbeamte und der Direktor von Aegyptous, der Safari-Organisationsagentur.
Ein ägyptischer Sicherheitsbeauftragter sagte, 30 Mitglieder der Spezialeinheiten, die mit zwei Hubschraubern an Bord waren, hätten den Angriff während der Nacht, kurz vor Tagesanbruch, gestartet.
"Es gab Schüsse, die Hälfte der Entführer wurden getötet, während die anderen entkommen sind", sagte der Verantwortliche, der auf anonymität verzichtete.
Er erklärte, 150 Mitglieder der ägyptischen Spezialeinheit "Blitz" seien nach Sudan geschickt worden, wo sie von deutschen und italienischen Kommandos unterstützt würden.
Die Kommission hat die Kommission und die Kommission in ihrer Stellungnahme zur Verwirklichung der Ziele der Europäischen Union in den kommenden Jahren mit großer Unterstützung unterstützt.
Wir müssen zugeben, dass wir dieses Ergebnis dank der Professionalität und Effizienz unserer Geheimdienstleute, unserer Spezialeinheiten, erzielt haben", sagte er, ohne weitere Details zu erläutern.
Außerdem hat er die Zahlung eines Lösegeldes abgelehnt.
Am Tag zuvor hatte die sudanesische Patrouillen-Armee behauptet, sie hätten ein 4x4 mit den Entführern abgefangen und sechs von ihnen getötet, darunter den führenden Chadianer, und zwei von ihnen gefangen genommen.
Die Armee behauptet, die Entführer seien mit einer Rebellenorganisation aus Darfur, der Befreiungsbewegung des Sudan (SLA_U), verbunden, was die Armee sofort bestreitet.
Die schweigende Mehrheit der Kultur
Auf der Titelseite steht eine Debatte über die Finanzierung der Kultur, auf die sich der aktuelle Wahlkampf konzentriert.
Das ist besser.
Aber ein Teil unseres kulturellen Lebens bleibt immer im Schatten.
Wer wird sich dafür äußern, daß die kleinen Museen, die Archiven, die Archäologen oder die hungernden nationalen historischen Stätten mit den geringsten Beträgen ausgestattet werden?
Welcher Politiker wird es wagen, die Bundesregierung daran zu erinnern, dass sie Denkmäler und historische Gebäude vernachlässigt?
Dass wir in Quebec, wie in Kanada, keine richtigen Gesetze haben, die unser Erbe tatsächlich schützen?
Wussten Sie, dass die französische Regierung 3,5 Millionen Euro für die Restaurierung des Schlosses Chinon im Loire-Tal bereitstellt?
Bei unseren amerikanischen Nachbarn ist es die Verfassung, die besagt, daß der Schutz des Vermögens Teil der nationalen Kultur ist und daß dieses Vermögens selbst von jedem Bürger, jeder politischen Autorität und jeder Abteilung der Regierung geschützt werden muß, und das alles im gemeinsamen Einvernehmen.
In Quebec, bei der Fédération des sociétés historiques du Québec, sind mindestens 40 000 Freiwillige, die in 211 Gesellschaften zur Erhaltung des historischen, genealogischen, archivalen und kulturellen Erbes zusammengefasst sind, mit vier Geldgeldern private Archive und archäologische Stätten erhalten.
Sie sind es, die oftmals unser Erbe verteidigen, die mit der Energie der Verzweiflung protestieren, wenn Immobilienbetreiber und Entscheidungsträger unsere vergangenen Überreste und Friedhöfe mit Bulldozern angreifen.
Wann wird der richtige Platz für Geschichte und Erbe eingeräumt?
Die Benelux-Regierungen verstaatlichen einen Teil der Fortis-Bank
Die Benelux-Staaten unterstützen durch die teilweise Verstaatlichung der belgisch-niederländischen Bank Fortis, die wegen der Krise des amerikanischen Kreditmarktes als erste in Europa in Schwierigkeiten geraten ist. Die drei Länder werden dem Finanzinstitut 11,2 Mrd. Euro zur Verfügung stellen.
Die Regierungen von Belgien, Luxemburg und den Niederlanden haben sich am Wochenende auf höchstem Niveau geeinigt, wobei auch der Präsident der Europäischen Zentralbank und der Europäische Kommissar für Wettbewerb beteiligt waren.
Die erste große Krise in der Eurozone, die seit mehr als einem Jahr in den Schwierigkeiten der internationalen Finanzmärkte zu verzeichnen ist, ist die der Bank Fortis, und in gewisser Weise können die Entscheidungen, die hierzu getroffen wurden, einen Vorgang bilden.
Nach dem Beschluss, der am Sonntag abends getroffen wurde, werden alle drei Staaten fast die Hälfte (49%) des Anteils an der Bank im Land halten.
Die Bank wird fast sicherlich einen Teil ihrer Beteiligungen verkaufen, darunter vor allem die vor einem Jahr erworbenen Assets, vor allem Versicherungswerte, der niederländischen ABN Amro.
Die Aktien von Fortis hatten in der vergangenen Woche mit einem vertikalen Rückgang begonnen, dann traten in der zweiten Hälfte der Woche ernsthafte Anzeichen einer Krise des Instituts auf.
Analysten sind sich jedoch einig, daß die Bank mit 85.000 Mitarbeitern zu groß ist, um in den Bankrott zu gehen.
Die Aktien der Bank sind am Freitag um fast 12 Prozent gefallen, der niedrigste Wert seit 14 Jahren.
Seit Januar ist der Wert der Aktien um mehr als zwei Drittel gefallen.
Der Gesamtkapitalwert der Gruppe liegt bei den aktuellen Aktienpreisen bei rund 14 Mrd. Euro, aber nach Ansicht der Bankchefs ist dieser Wert nicht real.
Die Unternehmensmeister schrieben den Rückgang der Fortis-Aktien auf die Unsicherheiten des Marktes außerhalb Europas zurück, die sich aus der Akzeptanz des US-Planes von 700 Milliarden Dollar ergeben.
Am Montag ging der Wert langsam wieder auf.
Am Freitag wurde Filip Dierckx zum neuen Geschäftsführer der Bank ernannt.
Das Finanzinstitut hat auch private Käufer gesucht, aber bisher hat sich niemand mit einem würdigen Angebot gemeldet.
Die belgische Regierung hatte bereits zuvor versichert, dass die Investoren keine Angst haben sollten, ihr Geld zu verlieren.
Die Kunden der Bank haben keine Panik ausgelöst, die Filialen wurden nicht überfallen.
In Ungarn hat Fortis eigenständige Niederlassungen und hat auch Leasingfirmen erworben.
Der Fuchs im Hühnerhof
In Amerika lehnen Lebens- und Krankenversicherer, basierend auf den Daten der Medizinkäufe der Menschen, oft den Abschluss einer Versicherung ab.
Datenschutz-Experten befürchten, dass der Datenmarkt unkontrollierbar wird.
"Es gibt ein Datenschutzprogramm, wonach die Verwendung von Medikamentenrezeptdaten in jedem Fall von der Zustimmung der betroffenen Person abhängt.
Das Programm muss in unabhängigen Händen sein, sonst ist es wie die Hühnerhaus-Verwaltung an den Fuchs". - zitiert die Washington Post Richard Dick, den Autor des Programms, um den Arzneimitteln zu folgen.
Die Versicherungsgesellschaften legen die Versicherungsgebühr und die Höhe der Schadenersatzzahlung auf den Gesundheitszustand des eventuellen Kunden ab und schließen keine Versicherung ab, wenn sie das Risiko für zu hoch halten.
Früher musste der Kunde einen Arztbesuch machen und der Vertrag wurde erst nach dem Ergebnis des Tests geschlossen.
Dick hat vor 10 Jahren eine wesentlich kostengünstigere Methode erfunden: Sie können sich anhand des ID-Codes des Kunden leicht von den Apotheken informieren, welche Medikamente er in den letzten anderthalb Jahren gekauft hat, und von diesem Programm erfahren, welche Krankheiten er hat und in welchem Gesundheitszustand er sich befindet.
Wenn Sie beispielsweise regelmäßig große Mengen an Cholesterinreduzierenden Medikamenten kaufen, bedeutet das, dass Ihr Blutfettgehalt praktisch unbeständig hoch ist und Sie in die höchste Risiko-Kategorie eingestuft werden.
Im Handel gibt es verschiedene Versionen des Programms, einige bestimmen auch den Risiko-Multiplizer, so daß dem Versicherer außer der Papierarbeit nicht viel bleibt, auch wenn es kleine Schwierigkeiten gibt.
Einige Medikamente sind für mehrere Zwecke geeignet, z. B. einige Verbindungen können gegen Migräne oder Hitzewallungen eingesetzt werden, aber sie sind auch wirksam gegen Depressionen.
Die letztere gilt als Risikoerhöhung aus Versicherungs- und Handelssicht, die ersten beiden nicht.
Für die Erhebung und Verarbeitung von Daten wurden eigene Unternehmen gegründet, die die Zustimmung des Patienten verlangen, bevor sie die erforderlichen Informationen von den Apotheken erhalten.
Die Behörden zwingen sie nun dazu, obwohl sie bisher keine Strafen wegen Fahrlässigkeit verhängt haben.
Einige Unternehmen verarbeiten auch die Ergebnisse der Labortests und verknüpfen sie mit den Daten über den Verbrauch von Arzneimitteln, um ein genaueres Bild von den Gesundheitszuständen der Patienten zu erhalten.
Immer mehr Unternehmen haben Zugang zu Daten, und gleichzeitig wird es immer schwieriger, deren Nutzung zu kontrollieren.
Es gibt ein eigenes Privatheitsgesetz, das aber nur für Krankenhäuser und Versicherungen gilt.
Vor dem Kongress steht ein Gesetz, das den Behörden die Kontrolle über Unternehmen, die sich auf Datendienste spezialisieren, verleiht.
Richard Dick gibt zu, dass dies nicht genug ist. Deshalb hat er ein Programm entwickelt, das die Übermittlung von Daten mit der Zustimmung der Betroffenen verbindet.
Die Kommission hat sich in der Vergangenheit mit der Frage befaßt, ob die Kommission die Richtlinie über die Verringerung der Zulassung von Versicherungsunternehmen in den Mitgliedstaaten in Kraft gesetzt hat.
So sind die Hühner schließlich der Gnade des Fuchs anvertraut.
Gesamtmenü in Marseille
Die EU und Indien verdoppeln den Handel
Da die EU und Indien vor allem einander gegenüber handeln, war auch der 9. Gipfel überwiegend auf diesem Thema, neben allen anderen globalen Problemen, ausgerichtet.
Heute wird ein französisch-indischer Gipfel stattfinden, dessen Hauptthema die Zusammenarbeit im Atombereich ist.
Die Europäische Union erkennt an, daß Indien zu einer großen demokratischen Macht wird, der mehr Stimme in den internationalen Angelegenheiten gegeben werden sollte, aber die Mitgliedsländer haben sich noch nicht entschieden, ob sie New Delhi als ständiges Mitglied des UN-Sicherheitsrates unterstützen.
Die Kommission hat sich in der Tat nicht für die Erweiterung der Gemeinschaft eingesetzt.
Der französische Präsident Nicolas Sarkozy, der amtierende Präsident der Union, der Kommissionspräsident José Manuel Barroso und der Hohe Vertreter für Auswärtige Angelegenheiten Javier Solana empfingen den indischen Ministerpräsidenten Manmohan Singh, mit dem sie sich darauf geeinigt haben, den Handel in fünf Jahren zu verdoppeln, d. h. auf 100 Mrd. Euro zu erhöhen.
Angesichts der Tatsache, daß der Warenhandel zwischen 2000 und 2007 von 25 auf 55 Milliarden gestiegen ist, ist dies kein zu ambitioniertes Ziel.
Die 26 bilateralen zivilen Flugvereinbarungen wurden somit rechtlich vereinheitlicht, so daß auch der Luftverkehr in Zukunft einen Aufschwung finden kann.
Indien möchte bis Ende 2009 den Freihandelsabkommen mit der Union unterzeichnen.
Sarkozy hat versprochen, den Deal zu beschleunigen.
Das Ziel ist es, die Lage auszugleichen, denn während die EU Indiens größter Handelspartner ist, ist New Delhi nur der neunte unter den EU-Partnern.
Der Gipfel widmete sich der globalen Angelegenheiten.
Die Situation in Afghanistan und Pakistan und Terrorismus, der von beiden Seiten in allen seinen Formen verurteilt wurde, und die Einberufung einer UN-Konferenz forderten.
Sie haben die Abschlussphase der Handelsrunde in Doha gefordert, obwohl beide Seiten eine Rolle bei der Niederlage dieser Runde gespielt haben.
Die EU hat bestätigt, dass sie sich an ihrem Energie- und Klimaplan hält, nämlich dass sie die Emissionen schädlicher Stoffe bis 2020 um mindestens 20% senken will.
Auch Indien stimmt zu, dass ein globales Abkommen bei der Klima-Konferenz im nächsten Jahr getroffen werden sollte, um die Treibhausgasemissionen bis 2050 um 50 Prozent zu reduzieren.
Sie wollen auch die steigenden Lebensmittelpreise bremsen und haben die Einberufung eines internationalen Treffens zur Prüfung der Finanzkrise unterstützt.
Der indische Premierminister reist heute in die französische Hauptstadt, wo er sich für ein bilaterelles Treffen bereit macht, um einen Vertrag über die friedliche Nutzung von Atomenergie zu unterzeichnen.
In Paris wird gehofft, daß französische Unternehmen einen Auftrag von 20 Milliarden Euro erhalten, um die indischen Kernreaktoren zu bauen.
Nach Informationen unserer Presseagentur wird der Vertrag 15 Jahre dauern.
In Frankfurt über 300 italienische Verleger
Die italienischen Verleger waren auf der Internationalen Buchmesse in Frankfurt stark vertreten.
Über 300 italienische Verleger werden die 60. Buchmesse, das wichtigste internationale Riecherverhandlungsgeschäft, besuchen.
Die Internationale Buchmesse Frankfurt erwartet in dieser Ausgabe mehr als 7 000 Aussteller aus 101 verschiedenen Ländern, die die 171.790 Quadratmeter der Messe mit über 403.000 Exponaten besetzen werden und die Türkei als Ehrengast.
Der Untersekretär des Ministeriums für Kulturerbe und Kulturaktivitäten, Francesco Maria Giro, wird die italienische Regierung bei der Eröffnungsfeier des italienischen Pavillons vertreten. Italien wird mit einem Punto Italia - 264 Quadratmeter Ausstellungsfläche - institutionell präsent sein.
Im Rahmen der Pressekonferenz im Raum Struktur in Hall 5.0 der Buchmesse werden Zahlen, Trends und Perspektiven zum Stand des Verlags in Italien vorgestellt.
Nach den Daten nimmt das Gewicht von Büchern ausländischer Autoren auf die gesamte italienische Produktion, insbesondere auf die für Erwachsene und Kinder, allmählich ab.
Das Flugzeug von Steve Fossett, dem Milliardär, der vor einem Jahr verschwunden ist, ist gefunden.
Das Flugzeugrumpf von Steve Fossett, dem Milliardär, der am 3. September 2007 verschwand, wurde gefunden, als er über die Nevada-Wüste flog.
Die Trümmer wurden auf einem Hochgebirge in der Sierra Nevada-Region von Mammoth Lakes an der Grenze zwischen Kalifornien und Nevada gefunden.
Innerhalb des Flugzeugs gab es jedoch keine menschlichen Überreste.
Der Sheriff von Madera County, John Anderson, vermied die noch bestehenden Zweifel: "Das Flugzeug wurde lokalisiert, wir haben ein Team geschickt, und jetzt haben wir die Bestätigung, dass es genau das ist, was Steve Fossett am Tag des Verschwindens flog", sagte er in einer Pressekonferenz.
Der Sheriff sagte, dass keine menschlichen Reste im Flugzeug oder in der Umgebung gefunden wurden.
Der 63-jährige Milliardär wurde im Februar für tot erklärt.
Das US-amerikanische Büro für Verkehrssicherheit (TSB) teilte mit, dass einige Stunden nach der Beobachtung des Abfalls ein Team von Ermittlern geschickt wurde, das das Gerät identifizierte: Es handelt sich um das Bellanca 8kcab, das seit dem 3. September 2007 verschwunden ist, als Fossett von Yerington in Nevada für einen dreistündigen Flug abflugte.
Gestern, ebenfalls in Kalifornien, nicht weit von der Grenze von Nevada entfernt, wurden einige persönliche Sachen von Fossett von einem Ehepaar in der Nähe ihres Hauses in Mammoth Lakes gefunden.
Es handelt sich um zwei Dokumente mit dem Namen Fossett, beide von der Federal Aviation Administration von Illinois, Geld und ein Hemd.
Fossets Suche wurde einen Monat nach seinem Verschwinden abgebrochen.
Der Milliardär hatte sich eine Stelle in der Geschichte durch eine lange Reihe von Primaten verdient.
2002 war er auf seinem sechsten Versuch der erste Mensch geworden, der die Welt mit einem Luftballon umkreist hat: zwei Wochen allein.
Drei Jahre später war er ohne Halt um die Welt geflogen.
Zu seinen vielen Rekorden gehört auch der, der auf 15.445 Meter Höhe über den Anden geflogen ist, aber mit einem Co-Pilot.
Glk, die Werbung, die du nicht erwartest
Ein außergewöhnlicher U-Boot mit einem originellen Design, klar definiert durch starke Linien, große Flächen und klare Ecken.
Dies ist, kurz gesagt, der Glk, der jüngste der "Kompakt" Offroad-Modelle des Starhauses, mit dem Mercedes-Benz versucht hat, neue Wege in diesem Bereich zu gehen.
Gerade wegen seiner außerhalb der traditionellen Kanonen enthaltenen Inhalte wird die Mitteilung, die mit dem Start des Suv Glk einhergehen wird, ab dem 17. Oktober in den Mercedes-Benz Showrooms erhältlich sein.
So wird die Werbe-Batterie, die mit dem Debüt des neuen Fahrzeugs einhergehen wird, eine neuartige Kommunikationsmethode auch durch eine zukunftsweisende 3D-Plakatenkampagne starten, die in Italien zum ersten Mal von einer Automobilmarke verwendet wird.
Das Projekt ist ein großes Hobbyprojekt, das in drei Phasen geführt wird und bis zum 15. November die zentrale Einkaufsstraße in Mailand, Corso Como, dominieren wird.
Die erste Phase dieser neuen Art der Kommunikation beginnt mit der Vorstellung des Autos in stereoskopischer Sicht und dank spezieller Brille in der Nähe von Corso Como wird es möglich sein, den neuen SUV in fast realer Größe und dreidimensionalem Format zu sehen.
Wenn man das Bild ansieht, hat man den Eindruck, das Auto stehe aus der Plakette.
Anschließend wird der neue Glk mit Hilfe der innovativen Technologie Elumina8 in verschiedenen Zeiten in allen Details beleuchtet und dann in einem einzigen Bild zusammengefügt.
Mit dieser Werbung versucht Mercedes zweifellos, etwas Neues in den stereotypen Bereich der Automobilkommunikation einzuführen.
Wird diese Formel die Interessen der künftigen Käufer wecken?
Das sind die italienischen Hooligans.
Die von Triveneto riskieren das Daspo.
Aber wer sind diese 150-200 Jungs und Mädchen, vor denen ganz Italien sich jetzt schämt? Sie gehören zur Gruppe "Ultras Italia", die seit Jahren die blaue Nationalmannschaft verfolgt und die bisher, um ehrlich zu sein, nie zu großen Problemen geführt hat.
Er hatte sich auch nie mit anderen Fans angefochten.
Die Gruppe ist rechts.
Die Entwickler kommen aus Triveneto.
Von Verona, Padua, Triest und Udine.
Zu diesen in Sofia kamen noch kleine Gruppen (eigentlich nur wenige) aus Kampanien und Apulien.
Sie haben dreifarbige Fahnen mit den Städten der Militanten, die am Samstagabend entfernt wurden, um nicht identifiziert zu werden.
Sie sind von der englischen Fan-Show inspiriert.
In Bulgarien fand man eine Fan-Sammlung von echten Nazis, die von Levski.
Die italienischen Fans hatten 144 Tickets für den Spiel zur Verfügung gestellt: alle waren namentlich und daher leicht zu überprüfen.
Und der Viminale hatte sie alle überprüft: Unter denen, die nach Sofia gingen, gab es niemanden mit einem laufenden Daspo, niemanden, der von einem Stadion abgehalten worden war.
Vier Blaue-Fans, die vor Stadiumverbrechen festgehalten hatten, hatten ihre Fahrkarte verweigert und ihre Übertragung verhindert.
Jetzt wartet der Viminale auf die Akten, die von der bulgarischen Polizei kommen, und wird dann Maßnahmen ergreifen: In diesem Fall kann das Daspo für mindestens fünf Jahre an Fans gegeben werden, die verhaftet wurden oder bei Unruhen identifiziert wurden.
Ein internationaler Daspo, der nicht nur die italienischen Stadien, sondern die gesamten europäischen Stadien verbietet.
Unsere Hooligans werden kein Stadion mehr betreten.
Zum Glück.
Aber jetzt gibt es die Angst vor der Nachahmung: dass zu den knapp 150 noch mehr hinzugefügt werden.
"Wir müssen diesen Brand sofort löschen und nicht legitimieren, wer sich so verhält", behaupten sie vom Viminale.
Also, "Bitte, die Augen offen, vor allem im Hinblick auf das Nationalteam-Spiel am Mittwoch in Lecce".
In Apulien gibt es eine kleine Gruppe von Anhängern der Ultras Italia.
Morgen findet die Beobachtungsstelle statt, am Dienstag die Casms, die auch auf eine Abteilung der Aise, also der Geheimdienste, zählen können, die sich mit Stadionproblemen befaßt.
"Duce-Duce-Chor und der Arm ausgestreckt während der Hymne von Mameli?
Dies ist der Gedanke (in einer wirklich unglücklichen Weise ausgedrückt) von Domenico Mazzilli, seit einigen Wochen Direktor des Viminale-Observatoriums (er hat den Platz eingenommen, der zuvor von Francesco Tagliente und dann von Felice Ferlizzi war).
Mazzilli war zuvor Kwartier von Triest, wo es einen Kern von Unterstützern der 2002 gegründeten Ultras Italia-Gruppe gibt.
Es ist wahr, wie Mazzilli sagt, dass es in Bulgarien kein Verbrechen ist, den Duce zu beleidigen, aber das Verhalten dieser 150-200 Fans war beschämend.
"Ich bin kein Soziologe", fügt die Beobachtergruppe Nr. 1 hinzu. "Die Verbrechen müssen in dem Land verübt werden, in dem sie stattfinden.
Bis jetzt hat sich diese Gruppe nicht aufgehalten. Wir werden nun genau sehen, was passiert ist, und für die Zukunft bewerten.
Aber wir reden auch von den Pfeifen zur Mameli-Hymne: Auch das ist kein Verbrechen, aber wenn ich das erlaube, ist es keine Erziehung... "
