Die rechten -@ wing Populisten triumphieren in Österreich, haben insgesamt 29 Prozent.
Nach den ersten vorläufigen Ergebnissen der frühen Parlamentswahlen in Österreich haben zu einer spürbaren Schwächung der Both-Parteien in der gegenwärtigen großen Koalition geführt und einen erheblichen Auftrieb für die rechten -@ wing populistischen Parteien geführt.
Besonders große Verluste erlitten die ÖVP, in der die Position des gegenwärtigen Chefs, Wilhelm Molterer, stark geschwächt wird, hat besonders große Verluste erlitten.
Umgekehrt bereitet der Wahlkampf der Allianz for die Zukunft Österreichs (BZÖ), Kärntner Governor Jörg Haider, eine triumphierende Rückkehr zur Nationalpolitik vor.
Nach den vorläufigen Ergebnissen ist die Sozialdemokratische Partei (SPÖ) nach wie vor die stärkste im Land Hölle 29,8 Prozent der Stimmen, However, hat sie 5,5 Prozent der Stimmen verloren seit den letzten Wahlen im Jahr 2006.
Mit 25,6 Prozent verliert der ÖVP fast neun Prozent der Stimmen fast neun Prozent der Stimmen.
Das sind die schlechtesten Ergebnisse der bunten großen Parteien in der österreichischen Post -@ war Geschichte, und insbesondere die Volkspartei, die auf die vorgezogenen Wahlen gedrängt hat, ist buchstäblich ein katastrophales Ergebnis.
Anfang Juli, als die ÖVP aus der Koalition ausstieg, hatte die Volkspartei bei den Wahlen immer noch einen bedeutenden Vorsprung bei der SPÖ.
Die Wähler, die However, bestrafen sie offenbar vor den Augen, dass sie die Regierung schwebt.
Bei den ersten Reaktionen auf die Ergebnisse gab es bereits Spekulationen über einen möglichen Rücktritt des Parteivorsitzenden und aktuellen vice -@ chancellor Wilhelm Molterer.
Beobachter gehen davon aus, dass dies bereits auf der außerordentlichen Sitzung der Parteiführung am Montag stattfinden könnte.
Eine solche Entwicklung würde sicherlich den Weg zu einem zunehmend wahrscheinlicheren Rückgriff aus den Wahlergebnissen, d. h. der Erneuerung der großen Koalition aus SPÖ und ÖVP.
Angesichts der Stärkung der unteren rechten -@ wing populistischen Parteien - die Freiheitliche Partei (FPÖ) gewann vorläufige 18 Prozent und BZÖ elf Prozent der Stimmen - however, gleichzeitig äußerten die Sozialdemokraten Fear einer Wiederholung der However 1999, als die Volkspartei die Populisten stimmte.
Haider, der bereits angekündigt hat, dass er bereit ist, alle Parteien zu arbeiten und davon ausgeht, dass er nach Wien zurückkehren wird, um nach Wien zurückzukehren, setzt offensichtlich auf diese Entwicklung.
Die Grünen Partei kam ebenfalls ins Parlament, erlitt jedoch einen leichten Verlust und fiel unter den österreichischen politischen Parteien vom dritten zum Fünfter.
Offensichtlich hat keine der other-Partei die Grenze überschritten und ist ins Parlament gekommen.
Schwarzenberg: Die Beziehungen Indien könnten sich verschlimmern
Wenn es nicht möglich sein wird, das Problem der in Indien angeklagten Tschekh-Wissenschaftler zu lösen, die illegale Ansammlung von Karel Schwarzenberg zu lösen, könnte es zu einer gewissen Verschlechterung der Beziehungen zwischen Czech -@ indischen Beziehungen kommen.
Der Minister gab diese Erklärung in New York nach dem heutigen Treffen seines indischen Amtskollegen Pranab Mukherjee.
"Wenn es nicht gelöst wird, dann würde es eine gewisse Verschlechterung geben", sagt er nach dem von tschechischer Seite eingeleiteten Treffen.
Nach den Verhandlungen sagte Mukherjee, dass es der Exekutive schwierig sei, in Gerichtsangelegenheiten einzugreifen.
Nichtsdestotrotz sagte er, dass im Fall von Petr Švácha, der von den Anklagen befreit wurde und die Hölle bestraft, die Zentril-Regierung in Darjeeling aushandeln kann, die Gerichtsbarkeit der Matter gehört.
"Sein Problem konnte gelöst werden", sagte der Minister.
Mukherjee zufolge wäre es der beste For Emil Kučera, der zu drei Jahren Haft verurteilt wurde, die höchsten Behörden zu beschwichtigen.
Er kann dann die Freilassung gegen Kaution beantragen und das Urteil außerhalb des Gefängnisses warten, erklärte er.
Schwarzenberg bestätigte, dass sein Parteiner dies während der Verhandlungen auch gesagt hatte.
"Er empfiehlt, sich an ein hochrangiges Gericht anzurufen, dann wäre es möglich, ihn zu entschuldigen", sagte der Chef der tschechisch-Diplomatie.
Die einzige Art und Weise, wie sich die tschechische Seite in das gesamte Matter einmischen kann, besteht darin, den verurteilten Personen zu helfen, "kompetente Legal", sagte der indische Minister.
Gleichzeitig sagte er, dass die indische Seite ihnen bereits Hexenhilfe dieser Art gewährt.
"Es liegt in Or größtem Interesse, die besten Beziehungen zu pflegen, Hei Indien haben eine lange Tradition.
Die Inder erkennen dies auch an, "sagte Schwarzenberg.
Gleichzeitig betonte er, wie er der Presseagentur Czech sagte, vor seiner Parteiner, dass die tschechische Republiken dem Problem der Czech Entomologen große Bedeutung beimesse.
"Wir stellen die Festnahme und Anklage dieser tschechische Wissenschaftler wirklich als ein schwerer Fehler", erklärte er.
Der Minister vermeidete eine Antwort auf die Frage nach dem Whethther, die er von der indischen Seite versprochen hatte, das Matter zu verfolgen.
Er sagte lediglich: "Ich habe bereits eine Reihe von Versprechen erhalten."
Tschechen Schiedsrichter Kampf vor Meeresfluten
Er bewegt sich in Richtung einer elektronischen Wandkarte, die Australien und die umgebenden Meeresgebiete abbildet.
However, er interessiert sich nicht für den Kontinent, sondern für einen kleinen Punkt, der im Blau des Ozeans verloren geht.
"Diese Insel, und hei sie das Meer umgibt, gehört zu Australien.
Gleichzeitig ist das Gebiet so groß wie der Kontinent selbst ", sagt der italienische Rechtsanwalt Luigi Santosuosso, der zum 30 -@ member Team der Abteilung for Ocean Affairs and the Seerecht angehört.
Sein Chef, die Division director, Tschech Juryer Václav Mikulka, folgt seinen Äußerungen und fügt gelegentlich etwas hinzu.
Zest und Enthusiasmus For Arbeit dominieren hier.
Die Meeresflöte unterirrt also kaum bekannte Welt rich in natural Ressourcen.
Es ist möglich, Öl, Erze und Örrrmineralien zu finden, aber auch unbekannte lebende Organismen, die den Schlüssel zum Beispiel für die Entwicklung eines Heilungsfor cancer cancer halten.
Ein Hochwasser als der Kontinent
Coastal-Länder haben heute begonnen, sich vehement mit dem neuen Unterwater-Gebiet zu konkurrieren.
Das heißt, nach einem UN-Abkommen nutzen sie die Rechte, die sie 1982 in Montego Bay, Jamaika, vereinbart wurden.
Dies ist hauptsächlich der Bereich des sog.
Gemäß dem Abkommen hat dieses Land das ausschließliche Recht auf alle Ressourcen des Kontinental Regals.
"Ganz einfach, wird das Kontinental Regal als der Teil der Meeresflutung betrachtet, die natural Fortführung des Kontinents under das Meer und sein Substratum.
Sie erreichte über den Rand des Kaistalischen Meeres, oft sogar über den Rand der 200 Seemeilen der so -@ exklusiven Wirtschaftszone genannt, erklärt Mikulka.
Der Antrag, den das betreffende Land der Kommission über die Grenzen des Festlandes an die Kommission richtet, muss durch wissenschaftliche und technische Unterlagen unterstützt werden, die auf vielen kostspieligen Untersuchungen und Messungen basieren.
Sie ist das Ergebnis jahrelanger Vorbereitungsarbeit.
"Eine der Aufgaben ist es, der Kommission Hexlegal Legal und spezialisierte technische Unterstützung zur Verfügung zu stellen.
Die Kommission hat also fünf Anträge aus Russland, Brasilien, Australien, Irland und Neuseeland diskutiert.
Nur die letzten drei dieser Länder waren erfolgreich, so far. "Mikulka fügte hinzu.
Kürzlich der Erfolg Australiens, Which war der erste, der seine Unterwater Domain, wurde weltweit registriert.
Aber auch Neuseeland hat gewonnen - das Gebiet des Hochwasserwassers, das die Kommission ihr zugegeben hat, beträgt etwa 1,6 Millionen Quadratkilometer, das heißt etwa sechsmal groß als die Größe des Landes selbst.
Botsche Länder investierten Millionen Dollar in Umfragen.
Der Gewinn, der sich aus der Nutzung der Meeresflutkatastrophe ergeben wird, wird hoffentlich unbezahlbar sein.
Auch die Other-Länder werden ihre Anträge schrittweise einreichen.
Sie haben bis zu dem Zeitpunkt, als sie das "Abkommen von Montego Bay" ratifiziert haben, um dies zu tun.
Wo das Kontinentalregal endet, beginnt das Gebiet des Hochwassers, das durch das Abkommen zum "gemeinsamen Erbe der Menschheit" erklärt wurde.
Hier hat kein Land eine Exklusivposition.
Bergungsrechte in diesem Bereich werden durch die von der internationalen Institution geschlossenen Vereinbarung gewährt.
"Aber das Hochwasser ist kein Klondike", sagt Direktor Mikulka übertrieben und fügt hinzu, dass seine "Individualgebiete rechtlich eindeutig abgrenzen und ihr Regime in Verträgen verankert sei."
Tschechen im Pazifik
Ein Teil der Meeresflutkatastrophe gehört derzeit zur Tschechisch-Republik Tschechien.
Es teilt sie die Hexen other-Länder des Former Ostblocks als Teil der gemeinsamen Organisation "Interoceanmetal".
Einvernehmlich erhielt diese Organisation, wie die Investoren von several kleinen other Ländern, 1991 den Status eines so -@ namens "Pionierinvestior".
Es ist autorisiert, mich in der Zone ClarionClipperton im Pazifischen Ozean, wo zwischen Mexiko, Hawaii und Kiribati liegt.
Das von den Investoren untersuchte Gebiet ist etwas größer als die Former Tschechoslowakei.
Das Meereswasser ist dort zerklüftete, es ist eine Art Unterwassermodel der Tatra.
"Auf einer Gesamtfläche von 75.000 Quadratkilometern ist möglich.
Das Gebiet ist ein Rich Ort, der die Sammlung poly -@ metal Betonungen mit Nickel, Copper, Cobalt und Mangan ", sagt Another lawyer lawyer lawyer lawyer, Pakshi Rajan aus Indien.
Das mazedonische Gesetz aus der Teilung, Rober Sandev, zeigt ein Such-Konkretion.
Es sieht aus wie ein kleiner Kartoffelor, Hexe ein wenig Phantasie, das Mythikal, die Legende nach, hat den Golem zum Leben erweckt.
Deutsche Spezialstreitkräfte sind bei der Geiselrettung
Bei der Lösung der Geiselkrise hatte die ägyptische Regierung von Deutschland um Hilfe gebeten - wo die Experten einsandte.
Als es hart kam, waren die Spezialstreitkräfte bereit, aber ihre Dienste waren am Ende nicht erforderlich.
Über die Umstände der Befreiung der elf europäischen Touristen, die in Ägypten entführten europäischen Touristen.
Nach Angaben des Bundesverteidigungs- und Interior nahmen mittelbar deutsche Spezialeinheiten an der Rettungsmission teil.
Experten der Bundeswehr und Mitglieder der Bundeswehr Federal Criminal (BKA) und der Spezialeinheiten GSG 9 und der Spezialeinheiten GSG 9 und Air Guard waren bei der Rettung, sagten Sprecher der Ministerien, sowie Mitglieder des Federal Criminal Polizeiamtes (BKA) und Logistikexperten der Agentur für Technical Relief (THW).
Die deutschen Streitkräfte seien nicht nötig, however, sagten sie, weil die Gefangener ihre Geiseln verlassen und flohen, als ihnen bewusst wurden, dass die Geiseln bald gewaltsam befreit werden würden.
Die ägyptische Regierung hatte die von Deutschland angebotene Hilfe akzeptiert, um sich während der Operation auf die deutschen Truppen zu verlassen.
"Zum Glück ist es nicht gekommen", sagte ein Sprecher des Bundesministeriums des Interior.
Die aus fünf Deutschen, fünf Italienern, einer rumänischen Frau und ihren acht ägyptischen Begleitern bestand, war am September 19 im ägyptischen Schlamm von Ägypten verbrannt und entführt worden.
After ihre Entführung in einer Wüstenregion in der Schale von Ägypten, Libyen, Sudan und Tschad.
Bis heute ist die Identität der Gefangener unbekannt, ebenso wie die Details über den Rettungsperfen für mögliche Lösungsansätze.
Inzwischen sind die Geiseln der Geiseln sicher und gesund in Kairo angekommen.
Der deutsche Außenminister Steinmeier sagte, sie seien der Fürsorge der deutschen Botschaft betraut worden.
Er hat sich nicht zu den Einzelheiten der Rettung geäußert.
In Berlin wurden keine unmittelbaren Informationen über ihre Rückkehr nach Deutschland gegeben.
Laut der deutschen Tageszeitung 'Bild' sollen die fünf Touristen und die Spezialeinheiten in einen Airbus der deutschen Luftwaffe einfahren, soll am Dienstag in Deutschland ankommen.
Anträge auf Rettung des US-Repräsentantenhauses
Das 700 Milliarden Dollar Rettungspaket vor den Finanzmärkten kam in der ersten der beiden Kammern des US-Kongresses knapp nicht vorbei.
Der Dow Jones nahm eine Nase -@ tauchen.
Wie ein Votum von 227 zu 206 Gegenstimmen lehnte das US-Repräsentantenhaus das Rettungspaket der Regierung vor den Finanzmärkten ab.
Trotz aller Appelle von Präsident George W. Bush und führender Funktionäre von Both-Parteien: Trotz aller Appelle von Präsident George W. Bush und führender Funktionäre von Both-Parteien wurde keine Mehrheit erreicht.
In einem dramatischen Wahlkampf hatten Anhänger verzweifelte Versuche unternommen, die Kritiker von den Leistungen des 700 Milliarden Dellar-Plans zu überzeugen.
Barney Frank, einer der wichtigsten demokratischen Verhandlungspartner, hatte die Vertreter for approval aufgerufen und dachte sogar, es sei ein unpopulärer Plan.
"Es ist schwer, polititical approval for die Verhinderung von etwas, das noch nicht geschehen ist", räumte er ein.
Während der Abstimmung noch im Gange war, fiel der Dow Jones einen Rückgang um mehr als sechs Prozent, d. h. 600 Punkte.
Ursache dafür ist die Sorge der Investoren, dass die staatliche Rettungsaktion scheitern könnte.
Es erholte sich kurz vor dem Ende der Abstimmung, nur um another Nase -@ tauchen, wenn die Ablehnung öffentlich gemacht wurde.
Experten erwarten jetzt further schwere Turbulenzen auf den internationalen Finanzmärkten.
Vor dem geplanten Plan ist die Zustimmung des Repräsentantenhauses und des Senats erforderlich.
Bericht über Travel Agenturen in den Bookings
Es wird ein guter winter for for deutsche Travel Agenturen sein, offensichtlich:
Eine Umfrage besagt, dass der Turnover der Buchungen in den kommenden Monaten deutlich gestiegen ist gegenüber der vorhergehenden year die Wintersaison um bis zu 30 Prozent sogar.
Trotz der Aussichten auf eine schwache Wirtschaft bleibt der Appetit der Deutschen, sagt eine Umfrage.
Bei Buchungen während der Wintersaison, haben travel Agenturen einen Anstieg der Turnover um 31 Prozent gegenüber dem gleichen Zeitraum der vorherigen year, so berichtete der Deutsche Travel Association (DRV) am Montag in Berlin.
Dem Marktforschungsunternehmen GfK zufolge sind auch in den Herbstmonaten gestiegen.
Die Bundesregierung hat einen Anstieg der Turnover um etwa elf Prozent for October gegenüber 2007, sagte die DRV.
Die Ergebnisse basieren auf den Zahlen der GfK, die jeden Monat die Buchungsdaten von 1200 deutschen Travel-Agenturen verarbeitet und für Projektionen.
Inbegriffen sind Travel Buchungen, die am 2008 durchgeführt werden.
Aufgrund eines schwachen Dellar waren vor allem Reisen in die Vereinigten Staaten gefragt, sagte die DRV.
In diesem Bereich seien die Buchungen um etwa ein Drittel gestiegen, sagte es.
Abgesehen davon wurden Spanien, die Türkei und Griechenland als Popularität unter den Deutschen sowie domestierenden Regionen bezeichnet.
Alle -@ inklusivreisen wurden besonders gesucht -@ after, sagte DRV Präsident Klaus Laepple sagte.
Angesichts steigender Energie- und Lebensmittelpreise waren ihre Kosten "besser kalkulierbare Kunden als die von individuell organisierten Ferien", sagte Laepple.
Die Verbraucher könnten Geld durch frühen -@ bird or alle -@ bird or alle -@ inclusive Rabatte, unter anderem, sagte Laepple.
Da die Sommermonate sehr gut -@ gebucht worden waren, würde es another Anstieg der Turnover gegenüber der vorhergehenden year, sagte er - although another Umfrage berichtet, dass die Zahl der Deutschen im Vergleich zu der vorherigen year gesunken ist.
Mein erstes Mal beim Oktoberfest
Spring -@ break- und après -@ ski -@ style Hits im Wiederholmodus, beer von einem -@ litre Trüge und Prominenten im Designer Dirndln Dirndln.
Eine Wiese Debut.
Technisch gesehen haben Susanne Kronzucker und ich nicht viel gemeinsam.
Sie ist blond, ein TV-Host und trägt eine tailor -@ made Dirndl.
Ich habe dunkles Haar, bin Student, und mein Kleid ist zweite @.
Aber eines verbindet uns: Wir waren schon knapp drei Minuten auf der Wiesn, und schon pendeln die Fotografen um uns herum und schnapshots, füllen ihre Speicherkarten - sehr schmeichelnd, und es ist mein erster Besuch in der Wiesn, um zu booten.
So können Sie Freunde machen.
Der Cheapo Dirndl scheint sein Job zu tun.
For a Wiesn touristische gewöhnlich north des "Weisswurst equator", das angenehme Gefühl tragen traditional bayerische Garb hatte bis heute zu wünschen übrig gelassen.
Aber sobald die Theresienwiese angekommen ist, ist es nicht so schlimm.
Fast jeder trägt Dirndl or Lederhosn; niemand sieht empört Or in Verlegenheit - alles ist völlig normal.
Nur meine Dirndl Schürze zog seltsame Blicke auf die Schokolade -@ bananenvendor.
Eine Münzfrau hat mich darauf aufmerksam gemacht, dass ich die Schürze falsch gebunden habe: "links verfügbar, Jungfrau in der Mitte, rechts begangen, rechts, hinter Witwen."
Furchtvoll ziehe ich meine Schürze von hinten nach links.
"schaut nach rechts", sagt sie, und lacht.
Andere sind weniger besorgt über subtile Flirting-Techniken und wänr einfache Filzschutzverfahren, die sagen "Zu betrunken, um sich kleiden zu können" und den Menschen ohne zu veranlassen, ihre nackt hinter sich zu zeigen.
Der junge Mann hei die Ausstellung heißt Bob, kommt aus England, und es ist sein erstes Mal auf dem Oktoberfest, auch.
Er findet es "wunderschön," hei ein langes -@ gedehnt "ooooo".
Er erzählt mir dieses Recht, indem er sich von dem "Maß" distanziert, das er zuvor hatte.
Gleich neben einem dieser Feuerstecker, dass jeder die For Mülldeponien irrt.
Also ist Bob einer dieser berüchtigten "Wildbiesler".
Andere sind nicht ganz glücklich enough, um den Alkohol auf diese Weise zu verlieren.
Die Nacht um acht Uhr gehen, verwärmen viele Paramediker den Standort und kümmern sich um die Poor-Binger.
Die Mediker immer Apper in den Packungen - es gibt immer four zu einer Zeit, die den überdachten Streckcher vom Zelt bis zum Zelt.
Es funktioniert wie die meisten Wiesen: Wenn es leer ist, gehen sie zurück, und wenn sie voll ist, kommen sie zurück.
You sehe nicht, wer sich in den BAC-Särgen befindet.
"Es sind diejenigen, die nicht mehr nehmen können", rief einer der Paramediker, als ich ihn danach fragte und verschwand in der Menge verschwand.
Unfallopfer von der Polizei benannte Opfer
Eine 63 -@ year -@ year -@ year -@ year -@ year -@ year -@ year -@ year -@ alte Frau, die in Essex von einem Fahrzeug getroffen wurde.
Carole Paulson, von der Chelmsford Road in Brentwood, war am Freitag Nachmittag an der Shenfield Road in der Stadt beteiligt.
Sie wurde zu Königin 's Hospital, Romford gebracht, aber later starb.
After der Unfall wurde ein 51 -@ year -@ year -@ year -@ year -@ year -@ year -@ year -@ year -@ year -@ year -@ year -@ alter Mann verhaftet.
Er wurde seither wegen polizeilicher Kaution freigelassen.
Der zunehmende diplomatische Horizont der Türkei
Lange bevor die Türkei der Europäischen Union beitreten wollte, waren die europäischen Mächte, tief ins Hinterland der Türkei einzudringen.
Auf der östlichen Seite des Bosporus, vielleicht nur 20 Schritte nach Asien, steht eine der schönsten Reliquien dieses gescheiterten imperialen Ambition.
Der Bahnhof Hydarpasha wurde von zwei deutschen Architekten Otto Ritter und Helmut Conu im neo -@ Renaissance entworfen.
Zumindest ist es, was die Führer you sagen.
Das Gebäude sitzt am Ende des Bahnhofs ein Handtuch in der Eakh seiner vorderen Ecken sieht wie ein deutsches Rathaus.
Der Stein ist schmutzig.
Das gesamte Gebäude ist leicht hinfällig.
Aber einmal innerhalb der Gewölbe ist das westlichste Tor.
Der Bahnhof wurde im August 1908 von einem deutschen Konsortium, der Anatolien -@ Baghdad Corporation eröffnet.
Deutschland, ein Latecomör des Imperial-Spiels, wollte seine Ambitionen verwirklichen, den Nahen Osten durch die Eisenbahn nach Damaskus, Bagdad und darüber hinaus bis hin zum heutigen Saudi Arabien.
Aber Deutschlands imperiale Ambitionen scheiterten während der World War I.
Seine Eisenbahnstrecken wurden von Lawrence von Arabien und seinen Arab angegriffen.
Die relative Isolierung von seiner umgebenden Region, ausgelöst durch die eingefrorenen Grenzen des Kalten War, ist verschwunden
Britische und Herrschaftskräfte zogen aus Ägypten und drängten die Türken und ihre deutschen Verbündeten aus Palästina und Syrien.
Und es gab auch schlechte Nachrichten for Hyderpasha Station.
1917 sprengte ein Munitionszug in die Luft und zerstörte.
Türkische Quellen sagen, es war Sabotage.
Seitdem hat er sich langsam abgeformt, weitgehend von der Geschichte umgangen.
Aber heute dient dieses Eisenbahn-Tor nach Anatolien und zu allen östlichen Punkten - zumindest symbolisch - den wachsenden diplomatischen Horizont der Türkei.
Die regierende Partei für Gerechtigkeit und Entwicklung - die AKP - hat dem Land eine völlig neue Außenpolitik geschaffen.
Die relative Isolierung von seiner umgebenden Region, ausgelöst durch die eingefrorenen Grenzen des Kalten War, ist verschwunden.
Jetzt gibt es eine neue Politik des Engagements.
Bemerkenswerterweise unterhält die türkische Regierung gute Beziehungen zwischen Israel und Syrien, hei die palästinensischen Gruppierungen von Hamas und Fatah, Hexe Irak und Iran und natürlich hämmt die Europäische Union und die Vereinigten Staaten.
Um die Parameter dieser neuen Außenpolitik zu beurteilen, habe ich den Nachtschlaf in die türkische Hauptstadt Ankara, um einen der führenden außenpolitischen Experten der AKP, den türkischen Abgeordneten Suat Kiniklioglu, zu besuchen.
Am nächsten Morgen - etwa zehneinhalb Stunden Later - after eine jolgende Fahrt entlang der Strecken, die die alten Welkader des berühmten Dokumentarfilms The Night Mail produzierte, kam ich in der türkischen Hauptstadt - schlug als neue Stadt einen neuen säkulären Staat vor, der osmanischen Vergangenheit den Rücken zu kehren.
Aber die AKP ihre wohl-@ bekannten islamistischen Wurzeln stellen einen Paradigmenwechsel im türkischen Konsens dar.
Es hat im Westen zu gewissen Misstrauen geführt, insbesondere in Washington.
Ein Taxi brachte mich zum Hauptquartier der AKP, eine ultra -@ modern steinen und stolzen Struktur - Zweck -@ built - in einem sich entwickelnden Vorort, umgeben von halb -@ erbauten Einkaufszentren und Power -@ patisseries, wo sich Mittelmanager in Geschäftsanzügen - Both Männer und Frauen - zusammentreffen, um am frühen Morgen Geschäfte zu treffen.
Suat Kiniklioglu hätte ein Zentrum -@ rechte Politiker von fast jeder other polititical Partei in Europa sein können.
Suit, Krawatte, ich bin mir sicher, er war sogar Packung eines Blackberry.
"Ziel der Außenpolitik der Partei ist es nun, die Türkei wieder in ihre unmittelbare Nachbarschaft zu integrieren.
Der kalte War war eine Anomalie ", erzählte er mir.
Die Türkei war vom Hinterland abgeschnitten worden.
Heute musste es gleichzeitig nach Osten und Westen schauen.
Es ging nicht darum, daß ein Or den Örren.
The room was very clean and comfortable.
"Aber sicher irgendwann", fragte ich, "könnte die Türkei gezwungen sein, sich zu entscheiden?"
"Die Türkei", so sagte er, "wollte sich dieser Entscheidung nicht stellen müssen."
Er betonte dann einen Punkt, den fast alle, mit dem ich hier gesprochen habe, fast alle, mit dem ich hier gesprochen habe, fast unbemerkt gesagt: Die Beziehungen der Türkei nicht nur zum Nahen Osten, sondern zum Kaukasus und zum Schwarzen Meer sind für Europa und die Vereinigten Staaten ebenso wie für die Türkei.
Sehen Sie sich die Türkei an, die Botschaft scheint zu sein, dass Europa als Ganzes diese Eisenbahnlinien metaphorisch nach Asien und in den Nahen Osten fahren kann.
Zurück am Bahnhof Hydarpasha, weit schlaflose Nacht, dachte ich an die beiden deutschen Herren Ritter und Herrn Conu, die vor 100 Jahren gesehen hatten, wie dieses Gebäude gebaut wurde.
Sie hätten überrascht, dass die Ambitionen Europas im Nahen Osten jetzt zum großen Teil in den Händen der Türkei liegen.
Und als ich an der Endstation wartete, um mich über den Bosporus zurückzubringen, erinnerte ich mich daran, dass die Türkei damals immer als "kranker Mann Europas" bezeichnet worden war.
Zumindest gab es keinen Zweifel darüber, ob der Kontinent dieses faszinierende Land Anspruch auf Anspruch nehmen sollte.
Leben erinnerte sich: Vernon Handley und William Woodruff
Mark Brown schreibt: Wie Guildfords musical director aus dem Jahr 1962, war Vernon "Tod" Handley (obituary, Sept 11) für das Guildford Philharmonic Orchester und Chor.
Im Rahmen seines musikalischen Schemas gründete er in der nächsten year seinen wundervollen Youth Chor, Proteus.
Es sollte for under -@ 21s sein, aber als der Proteus 1979 sein Finale sang, waren several von uns in den späten 20er Jahren - wir haben uns einfach geweigert, den Chor aufzugeben.
Der Name "Proteus" (die mythological Form -@ changer) repräsentierte die Bereitschaft und Fähigkeit des Chors, die Dinge zu behandeln, Whether madrigl or Messiaen, Whether unbegleitete or Hexe Vollorchester.
Die Vielseitigkeit, die von such einem Youth Chor hervorgebracht wurde, war oft erstaunlich, immer spannend, und das war auf die Inspiration dieses Mannes und die Begeisterung der Musik zu verdanken.
Wie oft wurde uns Tod gesagt: "Lassen Sie die Musik vor sich gehen."
Er würde sagen: "Der Komponisten weiß, was er will.
Es ist alles da in der Musik.
Also singen sie! "
Seine Technik war absolut sauber und präzise, nachdenklich never diktatorial, nor florid.
Das musical Standard, hob er es immer sogar hochgradig.
John Frayn Turner schreibt:
Wenn irgendein Leitfaden hätte gemessen werden sollen, dann war es Vernon Handley.
Ich kannte ihn während der zwei Jahrzehnte lang die Guildford Philharmonic von 1962 bis 1982 leitete.
Over in den letzten 40 -@ odd Jahren, habe ich mehr als 100 seiner Konzerte überprüft und ich kann ehrlich sagen, dass ich never enttäuscht Hexe ein einziges - und oft von ihnen inspiriert.
Tod Handley hatte diese seltene Kombination aus Größe und persönlicher Bescheidenheit.
Er hasste Dirigenten, der, in seinen Worten, hat einfach ein Or zwei gut -@ bekannte Wachpferde auf der ganzen Welt ".
Er wird von so vielen von uns vermissen werden.
William Woodruff
Professor John Beckett schreibt:
Your Obituary von William Woodruff (September 25) stellt fest, dass er "1946 die Wirtschaftsgeschichte in Oxford wieder aufgenommen hat und 1950 ein Houblon -@ Norman forch Fellow wurde... während er gleichzeitig einen BSc, einen MA und einen Doktortitel studiert."
Dies ergibt sich aus Woodruff 'Author' s Nob 'in Beyond Nab End, aber es ist nicht richtig.
Von 1946 bis 1953 war er Dozent für Wirtschaftsgeschichte an der Universität Nottingham, während der Wirbelszeit promovierte er eine Doktorarbeit über die British Gumber Industrie, unter der Leitung von Professor J. D. Kammern und später 1958 als The British Rubber Industry veröffentlicht wurde.
Er verbrachte 1950 -@ 51 in den USA für eine Houblon -@ Norman und den Summer von 1952 an den Universitäten Illinois, Harvard und New York.
Im Jahre 1953 verließ er Nottingham dauerhaft vor Illinois.
Warum Woodruff diesen Teil seiner Karriere Over zu glänzen, ist unbekannt.
J. Vincent Resino an der Fakultät für Philologie
"Ich empfehle die Ausstellung von José Vicente Resino" Flamenco y vida ", denn seine Schwarz-Weiß-Fotografien, die im dokumentarischen Stil aufgenommen wurden, sind außergewöhnlich.
Die Fotos zogen meine Aufmerksamkeit wegen ihrer Einfachheit und power which übertragen, immer die Themen hei particular Aufmerksamkeit.
Eine Ausstellung, die tiefes Gefühl vermittelt.
Resino ist in der Lage, magiische Momente einzufangen. "
Zweiter Angriff auf Honda s super -@ Verkauf
Nächstes November Honda wird die Vermarktung der zweiten Generation Jazz Model Generation.
Wenn das vorhergehende Model bereits durch high Bewohnbarkeit gekennzeichnet war, hat dieser neue Minivan einen interior wider Raum.
Darüber hinaus ist es ausgestattet, hei eine feine Mechanik, die den Fahrkomfort erhöht und ermöglicht es, Fuel zu sparen.
Evolution statt Revolution.
Dies ist die zweite Generation von Honda Jazz.
Während der neue Jazz ästhetisch wie das vorhergehende Model aussieht, sind Veränderungen am Minibus zahlreich.
Unter anderem ist es worth, innovatives Design, neue Plattform, Bigger Größe und ziemlich neue Mechanik.
Jedenfalls, bevor Sie fortfahren, um das neue Model zu analysieren, kann nützlich sein, um darauf hinzuweisen, dass dieser neue Jazz kommt nur sechs Jahre vor dem Eintritt der ersten Generation.
Daher sollte eine erste Bemerkung folgen, dass Honda dieses Model schneller erneuert hat, als es die meisten Firmen der Fall ist.
Auch wenn das Jazz Model in Europa weniger bekannt ist als in den other-Märkten, bleibt es doch ein Verkaufsargument.
Dies ist der Fall von Japan, wo Jazz die beste -@ verkaufte Car im 2002 und auch während dieses 2008.
Gerade dort wurden fast eine Million Jazzeinheiten aus der launkh des Model verkauft.
Der zweite Markt war der alte Kontinent, wo etwa eine halbe Million verkaufte Einheiten in sechs Jahren verkauft wurden.
Trotz dieser Zahlen glaubt Honda dieser neue Jazz seinen Umsatz im Segment noch weiter steigern wird.
Wenn das japanische Unternehmen im Jahr 2007 einen Gesamtbetrag von 83.000 Einheiten dieses Model verkauft hat, wird es im Jahr 2009 etwa 10.000 Autos sein, was eine mögliche Umsatzsteigerung von 17% allein auf dem europäischen Markt voraussieht.
In Bezug auf den spanischen Markt, Honda verkauft eine Gesamtmenge von 8.000 Stück Jazz seit 2000, was entspricht 6,7% des Gesamtverkaufs der Firma in Spanien entspricht.
Sehen Sie, dass die neue Generation kommt, der verantwortungsbewusste Schwester, die spanische Firma, innerhalb eines Augenblicks rund 2.000 Jazzeinheiten verkaufen.
Die Ankunft des neuen Honda Jazz wird es wahrscheinlich ermöglichen, indem die Absatzsenkung in Spanien erheblich reduziert wird.
In der Tat erwarten die Verantwortlichen for die Marke, bis zum Ende der year eine Gesamtmenge von 22.000 verkauften Einheiten, das sind 4.000 Einheiten weniger als im Jahr 2007, eine Verringerung von 16%.
Honda hat trotz des Umsatzzuwachses seinen Marktanteil in Spanien erhöht und erreichte 1,8%, verglichen mit den letzten 1,6%.
Gleichzeitig rechnet das japanische Unternehmen mit einer Reaktion auf die 2% im Jahr 2010.
Um dies zu erreichen, Honda vertraut another neue Model seiner.
Dies ist Insight, ein Hybrid fünf -@ door Kompaktcar, 4,37 Meter lang.
Den Märkten und den Schätzungen der japanischen Hersteller zufolge werden die 50% des Verkaufs von Insight aus den Vereinigten Staaten kommen, während die restlichen 50% aus dem alten Kontinent und Japan stammen.
Die Kommal launkh von Insight ist geplant für die frühen nächsten year, kurz vor der Präsentation des Model innerhalb des Unternehmens im Januar in Valenza.
Im Vergleich zur ersten Generation ist der neue Jazz in seiner Gesamtheit gewachsen.
Sie erreicht jetzt 3,90 Meter Länge (fünf Zentimeter mehr), 1,69 Meter Breite (zwei Zentimeter mehr) und seine Durchachse 2,50 Meter.
Die Höhe von 1,52 Metern blieb unverändert unverändert.
Together hГ ¤hlt die Größe, sein bewohnbares Interior im Weltraum.
Dieser Vorteil ergibt sich in erster Linie aus der neuen Plattform und zum anderen aus der Einführung des Fülltanks an einer Zentril-Position, die bereits im vorherigen Jazz übernommen wurde.
Moreover, die Kapazität des Rumpf - ein doppeltes Untervolumen - steigt auf 399 Liter, eine Kapazität von 19 Liter bigger gegenüber der ersten Generation.
Dies sind die Massnahmen der Honda Jazz 1.4, während die Kapazität des Rumpf in model 1.2 nur 379 Liter.
Other-Verbesserungen - neben external-Elementen, such, da der Rear die Möglichkeit zur Montage des Panoramas führte - betreffen den verbesserten Zugang zu Rücksitzsitzen.
Türen which erlauben den Zugang zu Rücksitzsitzen, öffnen Sie jetzt einen Winkel von 80 Grad, verglichen mit 67 Grad in der ersten Model.
Darüber hinaus sind alle Motoren in dieser zweiten Generation von Autos ziemlich neu.
Zum Zeitpunkt der Vermarktung wird dieses kleine Model eine Benzinmotoren von 1,2 kg kommen.
Both Mechanik Systeme umfassen die i -@ VTEC, die einen Fuel-Verbrauch erlaubt, weniger Kohlendioxidemissionen, optimiert die mechanischen Veredelung und halten gleichzeitig den High Drehmomentmotor in allen seinen Phasen.
Die 1,2 Liter Version erreicht ein Power von 90 PS bei 6000 U / min ein maximales Drehmoment von 114 Nm. bei 4900 U / min.
Der Antrieb - wie im vorherigen Jazz erreichte den 78 PS - benötigt lediglich 5,3 Liter Fuel und erzeugt etwa 125 Gramm CO2 -Emissionen.
Im Vergleich zum vorherigen Antrieb, Which in der ersten -@ generation model verwendet 83 PS, kann die neue, den Vorteil von 100 PS nutzen.
Der 1,4 Jazz Hp erreicht eine Kombination aus 5,4 Litern Fuel und 128 Gramm CO2 emittiert.
Ein 'Bie -@ car', um Kollisionen zu vermeiden
Bei der Entwicklung der Technologien, die die Unfallverhütung von Unfällen war, wurde Nissan diesmal von der Natur und vor allem von den Bienen inspiriert.
Das japanische Unternehmen hat einen Roboter geschaffen, der die Flucht von Bienen nachahmt, Unfälle vermeiden kann.
Dies ist das Bio -@ mimetic Car Robot Drive, or BR23C, der erste Schritt hin zu Projekt-Technologien, um Kollisionen zu verhindern.
Die Ingenieure des Advanced Technical Centre Nissan Motor Co. haben diesen kleinen Roboter in Zusammenarbeit mit dem Centre for Scientific Research und Technologie der renommierten Universität Tokio in Japan entwickelt.
Nach Kazuhiro Doi, General director von Public Relations for Technologie, Forschung und Entwicklung des Markenmanagements, ist das BR23C eine Erweiterung des Sicherheitsschild der von Nissan produzierten four Bereiche.
Dieser Roboter soll die Fähigkeit zur Verhinderung von Kollisionen in den von der Firma produzierten Fahrzeuge verbessern.
Während des Fluges schafft each Bienen einen eigenen Oldtimer, der dem von Nissan entwickelten Schutzschild ähnelt.
Das wichtigste Element ist jedoch durch die zusammengesetzten Augen der Bienen, Schweiß kann in alle Richtungen einen zusätzlichen 300 Grad Winkel sehen, so dass das Insekt zu fliegen Hexen keine Unterbrechung innerhalb seines Personals.
Um diese Visualfunktionen neu zu gestalten, entwickelten Ingenieure das, was sie als Laser Locator (Laser Range Finder) definiert haben.
Dieser Mechanismus erkennt Hindernisse innerhalb von 2 Metern und einen Radius bis zu 180 Grad vor der BR23C, berechnet den Abstand zum Objekt und sendet eine Beschilderung an das Mikroprozessor an Bord, der sofort verhindert.
"Wenn ein Hindernis entdeckt, imitiert der kleine Roboter die Bewegungen der Bienen und wechselt sofort die Richtung, indem er die Räder in einem rechten or wider Winkel dreht, um die Kollision zu vermeiden.
Der offensichtlichste Unterschied macht jedes existierende System ist seine ausweichende Wirkung, die völlig instinktiv.
"Wäre es nicht so, wäre der Roboter nicht in der Lage, schnell zu reagieren, um Hindernisse zu vermeiden", erklärt Toshiyuki Andoh, Direktr des Laboratory of Mobility and Chief Engineer dieses Projekts.
Im Gegensatz zu einer Bienen kann der Roboter nicht nach unten abweichen, sogar diagonal, er kann sich nur in zwei Dimensionen bewegen und in die Richtung bewegen, in die sich die Räder drehen können.
Aus diesem Grund hat Nissan neben den Beschleunigungs- und Verlangsamungsfunktionen eine Rotationsfunktion verwendet, um dem kleinen Roboter Kollisionen zu vermeiden.
"Dieses Gerät braucht nur alle paar Sekunden neue Informationen zu verarbeiten und aus diesen Daten zu handeln.
Um das intuitive Logic der Prior Manöver nutzen zu können, muss keine Information or gespeichert werden.
Das mag überraschen, aber wir sprechen nicht von Gigabyte or Megabyte. "
Dies ist der erste Schritt zur Entwicklung neuer Technologien vor der Verhinderung von Kollisionen, eine Technologie Nissan Hoffnungen wird in Autos als Standard in zehn Jahren eingeführt.
Der Roboter verwendet Lithium -@ polymer Batterien, Which sind leicht und haltbarer als die Lithium--@ ion Typologie.
Eine Zusatzapplikation in Zukunft könnte die Integration dieser Technologie sein, die den GPS-Satellitennavigator zu einem speziellen Ziel zu bringen und dabei Hindernisse entlang des Patches zu vermeiden.
Shudder vor der Anwendung von for einen Kredit
Wir müssen erkennen, dass es dem Finanzministerium der Vereinigten Staaten, das über relativ gute Hauptstädte verfügt, sicherlich nicht an Talent mangelt.
Mit der Krise konfrontiert zu werden und zu verhindern, dass die Amerikaner Hexenmüll von Banken betrogen werden, zweifeln Zweifel an Insolvenz, hat ein lustiges und erzieherisches Spiel geschaffen. Das ist "schlechte Credit Hotel".
Mit anderen Worten, der "Hotel der schlechten Credits..." Or der Probleme.
Der düstere Aspekt dieses Hotel und insbesondere seines Empfängnisses zielt darauf ab, die Menschen dazu zu bewegen, nicht nur einmal, sondern zweimal zu denken, bevor sie einen Kredit vergeben werden.
Und vor allem, sehr sorgfältig darüber nachzudenken, wo man ihn aufbringt, ist wahrscheinlich das primäre Ziel des Spiels.
Sicherlich bietet dieses System serienmäßig nützliche Informationen, bietet aber rather wenige Details.
Es ist much mehr eine Web-Seite for Teens als eine Website vor dem general public.
Was passiert, wenn Jou das Spiel vervollständigen?
Nun, ein Traum -@ Zimmer erscheint im Hotel.
Es ist immer noch etwas, denn über den Kauf eines Hauses... better es zu verlassen.
Morgan Stanley öffnete seine Kapital für MUFG
Morgan Stanley hat seinen Eintritt in die Tischrunde der Mitsubishi UFJ Financial Group (MUFG) angekündigt, der ersten Bank Japans, die neun Milliarden Dollar ausgeben wird, um 21% ihrer Kapital zu erhalten, Nachrichten, die durch einen starken Preisrückgang der Aktienkurse erhalten wurden.
Eine Woche später haben die beiden Banken erklärt, dass die MUFG 9,9% der Aktien von Morgan Stanley zu einem Preis von 25,25 Dollar kaufen würde, was sich auf drei Milliarden Dollar belaufen.
Der Verkaufspreis beträgt weniger als 19% des Wertes der Wertpapiere am 31. August.
MUFG investiert weitere sechs Milliarden Dollar in den Erwerb von Wandeltiteln, wodurch ein gesicherter Ertrag von 10% erreicht wird und einen Umrechungspreis von 31,25 Dollar.
Morgan Stanley bestätigte, dass die Gesamtoperation auf einem durchschnittlichen Preis von 29 Dollar basieren würde, d. h. 28% über dem aktuellen Preis.
However, Morgan Stanley Aktien verloren 6,79% unter 23,07 Dollar um 17: 00 GMT.
"Dieses strategische Bündnis stellt eine wichtige Gelegenheit dar, den Übergang von Morgan Stanley zum Status einer Bank zu beschleunigen", sagte John Mack, CEO der amerikanischen Gruppe.
Morgan Stanley hat diesen neuen Status letzte Woche angenommen, was es ihm ermöglichen sollte, seine Aktivitäten zu diversifizieren, aber er muss die Autorität der Federal Reserve durchringen.
Das Bündnis der MUFG bestätigt auch, dass die aktuelle Finanzkrise die größten Namen an der Wall Street dazu zwang, eine vorsichtigere Haltung einzunehmen.
Die Modalitäten, die am Montag vorgestellt wurden, zeigen, dass das Abkommen in den letzten Tagen geändert wurde: Am vergangenen Montag hatte Morgan angekündigt, dass bis zu 20% seiner Anteile an den japanischen Nebel etwa 8,5 Milliarden Dollar verkaufen würde.
"Vor einer Woche, erklärte Toshihide Mizuno, Exekutivdirektor der MUFG in Tokio", dachten wir, dass die Beteiligung vollständig aus gewöhnlichen Aktien besteht.
Aber angesichts der aktuellen Lage der Wirtschaft und des Marktes hofften wir, die Risiken zu minimieren und die Rückschläge zu schützen. "
Basierend auf dem gewichteten Durchschnittspreis zahlt MUFG seine Morgan Stanley Wertpapiere 7% unter ihrem Buchwert.
Und die Transaktion wird zu einer Verwässerung von rund 20% Ergebnis führen.
Die Vereinbarung sieht vor, dass MUFG die Hälfte seiner bevorzugten Wertpapiere jährlich in normale Aktien umwandeln kann, wenn diese mehr als 50% über dem Umrechungspreis gehandelt werden, etwa $47 Mio. in einem bestimmten Zeitraum.
Morgan Stanley versichert, dass die von der MUFG gewährte Kapital es ermöglichen wird, Investitionsmöglichkeiten zu ergreifen, seine Bilanz zu stärken und ihre Liquidität zu erhöhen.
Ein Sprecher der Gruppe, however, weigerte sich, Details zu den strategischen Projekten der beiden neuen Verbündeten anzugeben.
After die Investition der MUFG, Morgan Stanley prognostiziert eine Kapitalquote Tier eins von etwa 15%, einer der besten in der Branche.
Morgan sagte, dass seine Bilanz seit Ende August "erheblich" reduziert haben.
In den letzten Wochen waren die Gruppe schwierig, wie die Hälfte des Aktienpreises verschmolzen war, während die Versicherungskosten gegen das Risiko eines Zahlungsausfalls seiner Schulden in die Höhe schossen.
Diese Kosten verringerten sich am Montag, blieben aber bei einem neuen Hgh level, etwa 12%.
Letzte Woche kündigte Goldman Sachs, die einzige überlebende Major-Investmentbank an der Wall Street, den Konkurs von Bear Stearns und Lehman Brothers und Merrill Lynch, bekannt, dass sie 15 Milliarden Dollar, teilweise aus Berkshire Hathaway, der Gruppe von Warren Buffett, 15 Milliarden Dollar aufgebracht zu haben.
Rafael Correa am Montag in Quito.
Neuaufbau rund um die Republiken des zwanzigsten Jahrhunderts Sozialismus des ersten Jahrhunderts.
Dies ist das gemeinsame Projekt des venezolanischen Hugo Chávez, Evo Morales aus Bolivien und des ecuadorianischen Rafael Correa.
Dieser Sonntag ist wie seine Kollegen und Freunde der dritte, der über einen Entwurf einer neuen Verfassung abstimmen lässt.
Die Mission erfüllt seit 64% der Wähler mit "Ja" stimmten, laut offiziellen Ergebnissen auf der Grundlage von 80% der Stimmen mit "Ja" stimmten.
Auf der Grundlage dieser Ergebnisse erhielt das "Nein" 28%, 7% der Stimmen waren ungültig und 0,7% waren leere Stimmen.
Vor dem Entwurf einer Verfassung, der angenommen werden soll, sollte er die Hälfte der Stimmen plus eins erhalten.
Am Sonntag haben zwei Umfragen vor den Wahllokalen durchgeführt und eine Organisation, die nicht -@ Governmental einen großen Sieg vor dem "Ja", der zwischen 63% und 70% angekündigt.
Rafael Correa hatte in der Nacht von Sonntag bis Montag den Sieg seines Verfassungsentwurfs beansprucht.
Die „Verfassung hat so überwältigend triumphiert“, so versicherte er die Ecuadorianer im Regierungsquartier in Guayaquil, 280 km südwestlich von Quito.
Natürlich wurde Rafael Correa von Chavez und Morales, aber auch von seinem chilenischen Amtskollegen Michelle Bachelet gratuliert.
Die Umfrage, Which wurde friedlich durchgeführt, die Prüfung der Organisation Amerikanischer Staaten (OAS), abgedeckt in ihrem Text 444 Punkte, die Konsolidierung der "neuen Sozialismus", die vom Präsidenten befürwortet.
Der Verfassungsentwurf verankert das Power des Staates, der Wirtschaft, indem er die "Entwicklungsplanung" eines Landes vorbehält, das hauptsächlich von der Ölförderung durch ausländische Unternehmen und das ausländische Geld, das sie an ihre Emigranten schicken, lebt.
Das Projekt wurde von Correa, gewählt im Jahr 2006 gewählt, bietet auch große Befugnisse an das Staatsoberhaupt, kann bis zu zwei aufeinander folgende Legislaturperiode tragen und wird in der Lage sein, die Versammlung aufzulösen.
Correa hat bereits angekündigt, dass er dieses power nutzen würde, um ein neues Mandat im Februar zu suchen.
Die Verfassung festigt auch den Grundsatz der kostenlosen Gesundheitsversorgung und der Bildung, den der Präsident in diesem Land mit 13,9 Millionen Einwohnern, in dem 50% der Bevölkerung unterhalb der Armutsgrenze lebt, begonnen hat.
It also includes the prohibition of the presence of foreign Truppen, which will terminate the agreement between Quito and Washington for using Ecuador as a launch base for U.S. Antidrogenoperationen.
Die 19 Geiseln wurden im Tschad freigelassen.
Eine ägyptische Kommandokommando startete vor zehn Tagen einen Angriff auf die Entführer der elf Touristen und ihre acht begangenen acht Begleiter.
Sie befinden sich in Kairo.
Die elf europäischen Touristen und ihre acht ägyptischen Begleiter, die zehn Tage in der Wüste gefangen gehalten wurden, wurden am Montagnachmittag unbeschadet in die ägyptische Hauptstadt zurückgeschickt.
Am Morgen wurden sie von einem ägyptischen Kommando im Tschad freigelassen.
Offenbar kamen die Geiseln rund 1530 Stunden an Bord eines Spezialflugzeugs auf der Militärbasis von al -@ Maza, die am internationalen Flughafen Kairo angeschlossen ist.
Sie wurden unverzüglich, ohne sich an die Presse wenden zu können, ohne sich an die Presse wenden zu können, ohne sich an die Presse wenden zu können, ohne sich an die Presse wenden zu können.
Sie befinden sich in „guter Health“ und „kein Lösegeld wurde an die Gefangener gezahlt“, erklärte der ägyptische Ministerium for for Tourismus, Zoheir Garanna, auf dem Tarmac.
Auf dem September 19 während einer Safari in einem 4x4 am Fuße des Mount Ouanat an den Grenzen Hexen Ägypten, Sudan und Libyen, war diese Gruppe von Geiseln von einem Verfluchtsort in Another von 35 unbekannten Entführern umgeworfen worden.
Es umfasst 11 Touristen - fünf Italiener, fünf Deutsche und ein Rumänischer - und auch acht Ägypter: zwei Führer, Four Fahrer, eine Border und der Direktor der Agentur Aegyptous, Organisator der Safari.
Ein ägyptischer Sicherheitsbeamter sagte, dass 30 Mitglieder der Spezialstreitkräfte, die an zwei Hubschraubern mitgetragen haben, den Angriff in der Nacht kurz vor dem Morgengrauen gestartet hätten.
"Es folgte ein Feueraustausch, und die Hälfte der Entführer wurden getötet, der Anderer floh die Hälfte floh", sagte der Beamter, der Anonymität anforderte.
Er sagte, dass 150 Mitglieder der ägyptischen Spezialeinheit "Schnellreaktionseinheit" in den Sudan insgesamt entsandt worden sind, wo sie Unterstützung von deutschen und italienischen Kommandos erhielten.
Der Leiter des italienischen diplomatischen Korps Franco Frattini in Belgrad, wo er sich derzeit befindet, erwähnte die Rolle der italienischen Geheimagenten und Elemente der Spezialeinheiten spielen.
"Wir müssen anerkennen, dass wir dieses Ergebnis durch die Professionalität und Effektivität der Leute aus dem Geheimdienst, den Spezialkräften, den Spezialkräften, erreicht haben", sagte er, ohne Details.
Er verweigerte auch, ein Lösegeld zu zahlen.
Am Tag zuvor hatte die sudanesische Armee behauptet, ein 4x4-Patrouillenfahrzeug an Bord von Which abgefangen zu haben, sechs, darunter der tschadische Kopf, und zwei festgenommen.
Die Armee behauptete, sie seien an eine Rebellengruppe in Darfur, der sudanesischen Befreiungsbewegung -@ Einheit (SLA -@ U), etwas, was diese Bewegung sofort verweigert hat.
Briefe - Die schweigende Mehrheit der Kultur
Eine Debatte über die Finanzierung der Kultur machte Schlagzeilen und diese Wahlkampagne.
Gut.
Aber ein Sektor des kulturellen Lebens bleibt immer vergessen.
Wer wird kommen, um das Elend anzuprangern, das kleinen Museen, Archiven, Archäological or national historical Stätten gewährt wird, wo sie hungrig finanziert werden?
Welcher Politiker wagt es, die Regierung der Föderation daran zu erinnern, dass sie ihre Denkmäler und Kulturdenkmäler vernachlässigt?
In Quebec, in Kanada, haben wir keine Rechtsvorschrift, die das Erbe wirklich bewahren?
Wussten Sie, dass die französische Regierung dreieinhalb Millionen Euro aufwendet, nur die Wiederherstellung des Schlosses von Chinon im Loire-Tal?
Die amerikanischen Nachbarn Our haben in der Verfassung ihres Landes geschrieben, dass der Schutz des Erbes Teil der amerikanischen Kultur ist und dass das Such-Erbe von allen Bürgern, allen gewählten und allen Regierungsabteilungen geschützt werden muss, und dies in der Operation co -@.
In Quebec, der Vereinigung der Gesellschaften Quebec Geschichte, haben sich mindestens 40 000 Freiwillige in 211 Agenturen versammelt.
Sie sind oft die Hüter des Or Erbes, die gegen die Energie der Verzweiflung protestieren, wenn Entwickler und Bauunternehmer ihre Bulldozer gegen alte Gebäude und vergessene Friedhöfe abwenden.
Wann wird es ein Forum für Geschichte und Erbe geben?
Die teilweise von den Benelux-Regierungen teilweise verstaatlicherer Fortis Bank
Die Benelux-Staaten helfen Fortis, der belgischen @ Dutch Bank - was ist das erste europäische Finanzinstitut aufgrund des folgenden -@ through Effekt der amerikanischen Kreditkrise in Schwierigkeiten geraten ist - durch einen parteienrückkauf.
Ende dieser Woche haben die Regierungen Belgiens, Luxemburg und die niederländische Regierung mit höchster Dehnung befragt, an denen der Präsident der Europäischen Central Bank und der Wettbewerbskommissar der Europäischen Kommission beteiligt waren.
Innerhalb der Eurozone ist Fortis die erste Bank, die von der internationalen Finanzkrise in den letzten 12 Monaten getroffen wurde.
Under der Entscheidung am Sonntagabend wird each Regierung einen 49% Anteil an Fortis Banken in ihren jeweiligen Ländern übernehmen.
Die Bank wird sicherlich einen Teil ihrer Beteiligungen verkaufen, insbesondere die Versicherungsaktivitäten, wie sie vom Holländischen ABN Amro gekauft hat.
Die Fortitis Aktie begann letzte Woche stark zu fallen, dann im zweiten Teil der Woche Anzeichen einer schweren Krise im Unternehmen.
Analysten sind sich einig, dass die Bank - die 85 000 Beschäftigten - zu groß ist, als dass sie bankrott gehen könnte.
Der Anteil der Bank fiel am Freitag um 12%, was ist der Rekordniedrigste Level vor 14 Jahren.
Der Wert der Aktien ist seit Januar um zwei Drittel zurückgegangen.
Das Unternehmen However sagt, dass dies nicht der Realität entspricht.
Das Management wirft den Unsicherheiten in Übersee die Schuld auf, die mit der Annahme des amerikanischen Pakets in Höhe von 700 Milliarden US-Dollar verbunden ist -, trägt den Rückgang der Fortis-Aktien.
Die Bestände verzeichneten am Montag einen leichten Anstieg.
Filip Dierckx wurde am Freitag zum neuen Chief Executive Office der Bank ernannt.
Auch das Financial Institut suchte nach privaten Käufern, aber es wurde kein substanzielles Offer gemacht.
Die belgische Regierung erklärte, dass die Investoren keinen Grund zur Sorge hätten, dass sie ihr Geld nicht verlieren würden.
Bei den Kunden der Bank ist kein Paniker entstanden; es hat keinen Bankeissturm gegeben.
Fortis hat ein eigenes Bankinstitut in Ungarn und hat auch Leasinggesellschaften gekauft.
Fox Im Henhouse
Die amerikanischen Lebens- und Krankenversicherungsgesellschaften weigern sich oft, aufgrund ihrer Kaufdaten zum Kauf von Medikamenten zu verkaufen.
Datenschutzexperten befürchten, dass der Datenmarkt unkontrollierbar wird.
"Es gibt ein Datenschutzprogramm, das die Zustimmung der betroffenen Person in Order zur Verwendung der verschreibungspflichtigen Medikamente erfordert.
Es sollte unabhängig sein, sonst wird der Fuchs bewachen -@ Haus, "Die Washington Post zitiert Richard Dick, Entwicklung des Programms anwendbaren for Tracking Medikamente Verschreibungen.
Die Versicherungsgesellschaften entscheiden über die Versicherungsgebühr und den zu zahlenden Betrag im Falle eines Schadens je nach dem heiklen Zustand des angewendeten Kunden, und wenn sie diese zu riskant sind, bieten sie keine Versicherung.
Früher wurden die anwendbaren Kunden zur Durchführung einer ärztlichen Untersuchung geschickt, und der Vertrag wurde nur im Lichte der Untersuchungsergebnisse abgeschlossen.
Dick entwickelte vor zehn Jahren eine Mamm-Kaper-Methode: Aufgrund der Identifikationsnummer der Kundennummer kann die Art der Medikamente, die der Kunde in den letzten 18 Monaten gekauft hat, leicht zu erkennen, so dass das Programm die Konsequenzen für die Erkrankung und ihren Heilungszustand selbst ziehen kann.
Der Fall, bei dem regelmäßig große Dosen an Cholesterinspiegel -@ Reduktionsmedikamente bezieht sich praktisch auf die Tatsache, dass das Customer unbehandelbar Blutfettlevel versteckt hat, da diese Person sofort in eine hohe Risikokategorie geraten würde.
Das Programm hat verschiedene Versionen im Handel, einige davon definieren sogar den Risikofaktor, so dass die Versicherungsgesellschaft nichts anderes zu tun hat, als die Papierkram, es entstehen.
Einer der Nachteile ist die Tatsache, dass einige Drogen verwendet werden können for several, for Beispiel einige medical Formel sind, um Migräne, Hitwellen or sogar Depression zu behandeln.
Die Latter eins ist ein signifikantes Risiko -@ zunehmend factor aus der Sicht der Geschäftsversicherer, während die other zwei nicht.
Es gibt spezific-Firmen, die mit der Beschaffung und Verarbeitung von Daten umgehen, und sie bitten um Erlaubnis des Patienten, bevor sie die erforderlichen Informationen von den Apotheken erhalten.
Sie sind bereits dazu verpflichtet, denken, dass ihre bisherigen Fehlschläge nicht bestraft worden sind.
Einige Unternehmen verarbeiten sogar die Ergebnisse von Laboruntersuchungen und verbinden diese an die Daten des Drogenkonsums, so dass sie genauere Informationen über den Zustand des Patienten liefern können.
Immer mehr Unternehmen erhalten Zugang zu den Daten, und in der Parallel wird die Kontrolle ihrer Verwendung immer schwieriger.
Es gibt ein spezific Gesetz zum Schutz der Health-Pflege, aber sein Anwendungsbereich umfasst nur Health-Pflegedienstleister und Versicherungen.
Das Gesetz über die Bereitstellung von Inspektion power for for for for die Behörden over Unternehmen, die Hex-Datenvorgabe, ist dem Kongress vorgelegt worden.
Dick Richard erkennt, dass es sich nicht um enough handelt. Deshalb hat er sein Programm further entwickelt.
Es ist anothrr-Frage, daß der Antragsteller seine Zustimmung nicht wirklich verweigern kann, sonst werden sie von den Versicherungsgesellschaften keinen Vertrag abschließen.
Hühner werden also bis zu einem gewissen Grad vom Wohlwollen des Fuchs abhängen.
Global Marseille Menu
Die Europäische Union und Indien verdoppeln den Handel
Da die Europäische Union und Indien führende Handelspartner von each other sind, wurde die Agenda des Ninth-Gipfels neben den Problemen, die vor allem global, dominiert.
Heute findet auch ein Frankreich -@ Indien Gipfel statt, vor allem über nuclear power co -@.
Though die Europäische Union erkennt an, dass Indien eine sich entwickelnde demokratische Welt -@ power, wer sollte mehr Mitspracherecht in internationalen Angelegenheiten, die Member Staaten haben noch nicht in der Lage, eine Vereinbarung noch Whether zur Unterstützung der permanenten Mitgliedschaft von Neu Delhi im UN-Sicherheitsrat or nicht.
So wurde diese Matter während des gestrigen Ninth-Gipfels, der gestern in Marseille organisiert wurde, nicht gezwungen.
Der französische Präsident Nicolas Sarkozy als rotierender Präsident der Union, der Ausschussvorsitzende José Manuel Barroso und der Chef der Außenpolitik Javier Solana begrüssen den indischen Premierminister Manmohan Singh und stimmten überein, den Handelsfluss innerhalb von fünf Jahren auf über 100 Milliarden Euro zu erhöhen.
Da sich der Warenaustausch zwischen 2000 und 2007 von 25 Milliarden auf 55 Milliarden erhöht hat, ist dies kein übertrieben ehrgeiziges Ziel.
Dementsprechend wurden 26 bestehende bilaterale Abkommen über die Zivilluftfahrt in Indien gesetzlich harmonisiert, was bedeutet, dass der Luftverkehr in Zukunft fließen kann.
Indien beabsichtigt, das Freihandelsabkommen bis Ende des 2009 zu unterzeichnen.
Sarkozy versprach, die Harmonisierung zu beschleunigen.
Das Ziel besteht darin, das Gleichgewicht zu finden, während Indien an erster Stelle der EU ist, während Neu-Delhi nur den Ninth-Platz auf der Liste der EU-Partner hat.
Der Gipfel konzentrierte sich auf Fragen der Globalisierung:
Zur Lage in Afghanistan und Pakistan sowie zum Terrorismus: Der Latter wurde von Both in jeder Form verurteilt und zur Einberufung der UN-Konferenz aufgefordert.
Der Abschluss der Doha-Handelsrunde wurde ebenfalls beschleunigt, und überlegte Both-Parteien sind verantwortlich für das Fiasko so far.
Die EU bestätigte, ihr Energie- und Klimaprogramm beizubehalten, was bedeutet, die Absicht zu haben, die Emissionen von Luftschadstoffen um mindestens 20% bis 2020 zu senken.
Indien stimmte zu, dies ebenso wie das Geschehen, um auf der Klimakonferenz auf eine globale Vereinbarung zu reagieren und die Treibhausgasemissionen bis zum 2050 Prozent zu senken.
Another-Goal sollte das Wachstum der Lebensmittelpreise verhindern, und es wurde eine internationale Konferenz zur Überprüfung der Finanzkrise unterstützt.
Der indische Premierminister wird heute zu einem bilateralen Treffen in der französischen Kapital teilnehmen, bei dem er beabsichtigt, eine Einigung über die friedliche Nutzung von Nuklear power power zu erzielen.
Paris erwartet französische Unternehmen, dass Aufträge für den Bau von Kernreaktoren in Indien im Wert von 20 Milliarden Euro vergeben werden.
Nach Informationen der Nachrichtenagentur wäre das Abkommen spätestens 15 Jahre in Kraft.
Over dreihundert italienische Redakteure in Frankfurt
Starke Präsenz italienischer Herausgeber auf der Internationalen Buchmesse in Frankfurt.
Mehr als dreihundert werden die italienischen Redakteure am sechzigsten Jubiläum der Buchmesse, der wichtigsten internationalen Veranstaltung, die den Austausch von Urheberrechten, vertreten sein.
Die International Buchmesse in Frankfurt erwartet dieses Ereignis over siebentausend Aussteller aus 101 verschiedenen Ländern, die die 171 790 m ² Fläche der Erde Hexe over 403 Tausend Titel, und die Türkei wird Gast der honour sein.
Francesco Maria Giro, der Untersekretär für Kultur Kulturerbe und Aktivitäten Ministerium wird die italienische Regierung bei der Eröffnungsfeier des italienischen Pavillons vertreten: In der Tat wird Italien als Institution einen italienischen Stand vertreten sein - 264 m ² Fläche.
Im Folgenden findet die Pressekonferenz im Raum Struktur des Pavilion 5.0 der Buchmesse statt: Hier werden Zahlen, Trends und einen Blick auf den Status des italienischen Verlagswesens vorgestellt.
Den Daten zufolge nimmt die Bedeutung der Bücher ausländischer Autoren in der italienischen Produktion zunehmend ab, insbesondere bei Erwachsenen und Kindern.
Gefanden das Flugzeug von Steve Fossett, der Millionär verschwand vor einer Hie.
Das Wrack des Flugzeugs Steve Fossett, des Millionärs, der am 3. September 2007 während des Fliegens in der Wüste Nevada, wurde gefunden.
Das Wrack wurde auf einem Plateau auf 3000 m Höhe im Gebiet der Sierra Nevada Mammoth Seen, am Border zwischen Kalifornien und Nevada.
Im Flugzeug, However, gab es keine menschlichen Überreste.
Der Sheriff von Madera County, John Anderson, hat alle noch verbliebenen Zweifel zerstreut: "Das Flugzeug wurde aufgestellt, wir haben ein Team entsandt, und jetzt haben wir bestätigt, dass es derjenige ist, der Steve Follett am Tag, an dem er verschwunden war", sagte er in einer Pressekonferenz.
Später wies der Sheriff darauf hin, dass auf dem Flugzeug keine menschlichen Überreste gefunden wurden.
Der 63 Jahre alte Millionär wurde im Februar aufgegeben.
Der American National Transport Safety Bureau (NTSB) berichtete, dass einige Stunden vor dem Wrack festgestellt wurde, dass ein Ermittlungsteam entsandt wurde, das dann das Flugzeug identifiziert hat: Es ist die Bellanca 8KCAB, der Wirbelsturm seit dem 3. September 2007 vermisst wurde, als Fossett von Yerington in Nevada aus einem Drei-Hausflugzeug startete.
Gestern, immer in Kalifornien, nicht aus der Border Hexe Nevada, wurden einige personal-Effekte zu Fossett gehörten von einem Paar Nör ihres Hauses in Mammoth Seen gefunden.
Es handelt sich um zwei Dokumente im Namen von Fossett, Both von der Federal Aviation Administration of Illinois, etwas Bargeld und ein Sweatshirt.
Der Searkhfor Fossett wurde von einem verschwundenen Month abgerufen, den er verschwunden war.
Der Millionär hatte sich dank einer Reihe von Weltrekorden einen Platz in der Geschichte erworben.
Im Jahr 2002 wurde er, als erster Mann die Weltreise in einem Heißluftballon absolviert: einem zwei -@ wochen-Solloon.
Drei Jahre später machte er die Weltreise mit dem Flugzeug ohne Landung.
Unter seinen vielen Rekorden fliegt auch auf 15.445 Metern über den Anden, aber ein co -@ Pilot.
Glk, die Werbung, die nicht auf you wartet.
Eine SUV Which liegt außerhalb der Normen, die durch entschlossene Linien, breite Oberflächen und saubere geschnittene Ecken definiert ist.
Kurz gesagt, dies ist GLK, die neueste Ergänzung zu den "kompakten" off -@ Straßenfahrzeuge der Star-Hersteller, Hexenmeister Mercedes -@ Benz versucht hat, eine Frischluft frischer Luft in dieses Sektor einzulassen.
Gerade weil seine Merkmale nicht den traditionellen Normen entsprechen, wird auch die Botschaft, die den Launkh des GLK SUV auch unerwartet und unkonventionell, wird sie in Mercedes -@ Benz ab dem nächsten October 17th in Mercedes -@ Benz erhältlich sein.
So wird die Werbekampagne, die das Debüt des neuen Fahrzeugs begleitet, eine neue Kommunikationsmethode, die auch eine futuristische Kampagne von 3D-Plakaten, die for das erste Mal in Italien von einer car Marke verwendet.
Ein Projekt großer Plakatplatten, die in drei verschiedenen Phasen in Bewegung gesetzt werden, Which wird die meisste zentrianische Einkaufsstraße, Corso Como, bis zum 15th November.
Die erste Phase dieser neuen Art der Kommunikation beginnt eine Präsentation des Cr in stereoskopischen Visionen, und dank der in der Nähe des Corso Como verteilten Spezialgläser wird es möglich sein, den neuen SUV in echtem Format und 3D-Format zu sehen.
Wenn man sich das Bild anschaut, bekommt man das Gefühl, dass der Kar aus dem Poster hervortritt.
Danach werden durch den Einsatz der innovativen Technologie Elumina 8 alle Details des neuen GLK zu verschiedenen Zeiten beleuchtet und dann zu einem einzigen Bild neu komponiert.
Zweifellos versucht Mercedes, durch diese Werbung, etwas Neues in das conventional Bereich der Automobilwerbung einzuführen.
Wir werden sehen.
Hier sind die italienischen Hooligans?
der Tri -@ Veneto, der die Teilnahme an Sportspielen (Daspo) verboten werden kann.
Aber wer sind die 150 -@ 200 Leute, für die sich jetzt schämen, die Italien schämen, und sie gehören zu der Gruppe "Ultras Italia", die schon seit Jahren die Fußballmannschaft unterstützt und bis jetzt, wie man es nennen kann.
Neither hat es ever aufeinander prallte Hexe gegensätzliche Fans.
Die Extraktion der Gruppe erfolgt rechts.
Die Promoter sind von Tri -@ Veneto.
Von Verona, Padua, Triest und Udine.
Zu diesen haben sich einige kleine Gruppen (in Wirklichkeit nur sehr wenige Mitglieder) aus Campagnia und Apulien angeschlossen.
Sie haben Tricolour-Fahnen die Heimatstadt der Kämpfer auf sie: Am Samstag wurden diese abgezogen, damit sie nicht identifiziert werden konnten.
Sie greifen ihre Ideen von englischen Fans auf.
In Bulgarien fanden sie Anhänger, die real Nazis, die Levski Gruppe.
Die FRegierungskonferenz hatte zur Verfügung der italienischen Fans 144 Eintrittskarten für die Match: alle personal, also leicht zu überprüfen.
Und das Ministerium für Interior in Viminale hatte sie alle überprüft: Unter den Gruppen, die nach Sofia reisen, wurde keiner verboten, ein Stadion zu besuchen.
In der Tat ist es nicht so, dass es sich hier um ein Problem handelt.
Nun wartet das Ministerium für Interior darauf, die offiziellen Aufzeichnungen lesen zu können, was von der bulgarischen Polizei kommen sollte, bevor Maßnahmen ergreift: In diesem Fall ist es möglich, mindestens fünf Jahre zu verbieten, die während der Unruhen festgestellt wurden.
Eine internationale Verbannung verbietet nicht nur die Teilnahme von Stadien in Italien, sondern auch in ganz Europa.
Our Hooligans, kurz gesagt, würde nicht enter another Stadium.
Zum Glück.
Aber jetzt gibt es eine gewisse Nachahmung: das heißt, dass andere sich diesem wenig mehr als hundertfünfzig anschließen.
"Wir müssen diesen Flächenbrand sofort herausbringen und nicht diejenigen legitimieren, die sich so verhalten", behaupten die im Ministerium von Viminale.
Also,, die Augen weit offen, vor allem da am Mittwoch das Team National am Mittwoch in Lecce spielt. "
In Apulien gibt es einen kleinen Kern von Ultras Italia Anhänger.
Morgen trifft sich die Beobachtungsstelle, am Dienstag der CASMS, wo man sich auf einen Abschnitt des AISE verlassen kann, das heißt den Geheimdienst, wo genau die Probleme in Stadien umgeht.
"Der Chor Duce -@ Duce und der Arm breiteten sich während der Mameli-Hymne aus?
Dies sind die Gedanken (zum Ausdruck Hexe große Enttäuschung) von Domenico Mazzilli, der ab ein paar Wochen, der Direktor der Beobachtungsstelle des Viminale ist (er erreichte den Posten, der ursprünglich von Francesco Tagliente gehalten wurde und dann von Felice Ferlizzi gehalten).
Früher war Mazzilli Leiter der Polizeiverwaltung in Triest, wo es einen Kern von Anhängern des im Jahr 2002 gegründeten Ultras Italia gibt.
Es stimmt, sagt Mazzilli, dass es in Bulgarien kein Verbrechen ist, dem Duce Hymnen zu hören, aber das Verhalten dieser 150 -@ 200 Fans beschämend.
"Ich bin kein Soziologe - fügt die N.1 der Beobachtungsstelle - das Verbrechen sollte in dem Land begangen werden, in dem der Vorfall auftritt.
Bis jetzt ist diese Gruppe innerhalb der Grenzen geblieben, jetzt werden wir sehen, was tatsächlich passiert ist, und wir werden sie in Zukunft bewerten.
Aber lassen Sie uns auch über das Peitschen der Mameli-Hymne sprechen: Das ist auch kein Verbrechen in Bulgarien, aber wenn ich sagen darf, ist es keine guten Manieren.... "
