Rechtspopulisten triumphieren in Österreich, kommen auf 29 Prozent
Nach den ersten vorläufigen Ergebnissen der vorgezogenen Parlamentswahlen in Österreich kam es zu einer spürbaren Schwächung beider Parteien in der derzeitigen großen Koalition und einem deutlichen Aufschwung für die rechtspopulistischen Parteien.
Besonders große Verluste musste die Österreichische Volkspartei (ÖVP) hinnehmen, wo die Position des derzeitigen Chefs Wilhelm Molterer stark erschüttert wird.
Umgekehrt bereitet der Wahlkampfleiter des Bündnisses für die Zukunft Österreichs (BZÖ), der Kärntner Landeshauptmann Jörg Haider, eine triumphale Rückkehr in die Bundespolitik vor.
Laut vorläufigem Endergebnis bleibt die Sozialdemokratische Partei (SPÖ) mit 29,8 Prozent der Stimmen zwar stärkste Kraft im Land, hat aber seit der letzten Wahl 2006 5,5 Prozent der Stimmen verloren.
Noch schlechter schnitt die ÖVP ab, die mit 25,6 Prozent fast neun Prozent der Stimmen einbüßte.
Dies sind die schlechtesten Ergebnisse der beiden großen Parteien in der österreichischen Nachkriegsgeschichte, und insbesondere für die Volkspartei, die auf vorgezogene Wahlen drängte, ist es buchstäblich ein katastrophales Ergebnis.
Anfang Juli, als die ÖVP aus der Koalition ausschied, hatte die Volkspartei in den Umfragen noch einen deutlichen Vorsprung vor der SPÖ.
Die Wähler allerdings haben sie offenbar dafür abgestraft, dass sie die Regierung scheitern ließen.
In ersten Reaktionen auf die Ergebnisse gab es bereits Spekulationen über einen möglichen Rücktritt des Parteichefs und jetzigen Vizekanzlers Wilhelm Molterer.
Beobachter rechnen damit, dass dies bereits bei der außerordentlichen Sitzung der Parteiführung am Montag geschehen könnte.
Eine solche Entwicklung würde den Weg in Richtung des immer wahrscheinlicheren Rückgriffs auf das Wahlergebnis, also der Erneuerung der großen Koalition aus SPÖ und ÖVP, sicherlich vereinfachen.
Angesichts des Erstarkens beider rechtspopulistischer Parteien - die Freiheitliche Partei (FPÖ) erzielte vorläufige 18 Prozent und das BZÖ elf Prozent der Stimmen - äußerten die Sozialdemokraten jedoch gleichzeitig die Angst vor einer Wiederholung des Jahres 1999, als sich die Volkspartei mit den Populisten (die FPÖ war damals noch vereint, sie spaltete sich 2005 vom BZÖ ab) auf eine gemeinsame Regierung einigte, was schließlich Sanktionen der Europäischen Union provozierte.
Haider, der bereits angekündigt hat, mit jeder Partei zusammenzuarbeiten und davon ausgeht, dass er nach Wien in die Bundespolitik zurückkehren wird, setzt offensichtlich auf diese Entwicklung.
Die Grünen zogen ebenfalls in den Landtag ein, mussten aber einen leichten Verlust hinnehmen und fielen unter den österreichischen Parteien vom dritten auf den fünften Platz zurück.
Keine der anderen Parteien schaffte es offenbar über die Vier-Prozent-Marke in den Bundestag.
Schwarzenberg: Beziehungen zu Indien könnten sich verschlechtern
Laut Außenminister Karel Schwarzenberg könnte es zu einer gewissen Verschlechterung der tschechisch-indischen Beziehungen kommen, wenn es nicht gelingt, das Problem der tschechischen Wissenschaftler zu lösen, die in Indien wegen illegaler Käfersammlungen angeklagt sind.
Diese Erklärung gab der Minister nach dem heutigen Treffen mit seinem indischen Amtskollegen Pranab Mukherjee in New York ab.
"Wenn es nicht gelöst wird, dann ja, dann wird es eine gewisse Verschlechterung geben", sagte er nach dem von tschechischer Seite initiierten Treffen.
Nach den Verhandlungen sagte Mukherjee, dass es für die Exekutive schwierig sei, sich in rechtliche Angelegenheiten einzumischen.
Dennoch sagte er, dass im Fall von Petr Švácha, der von den Vorwürfen freigesprochen und mit einer Geldstrafe bestraft wurde, die Zentralregierung mit der Lokalregierung in Darjeeling verhandeln kann, der die Angelegenheit untersteht.
"Sein Problem könnte gelöst werden", sagte der Minister.
Mukherjee zufolge wäre es das Beste für den zu drei Jahren Gefängnis verurteilten Emil Kučera, sich an höhere Behörden zu wenden.
Er könne dann beantragen, auf Kaution freigelassen zu werden und außerhalb des Gefängnisses auf das Urteil warten, erklärte er.
Schwarzenberg bestätigte, dass sein Partner dies auch während der Verhandlungen gesagt habe.
"Er empfiehlt, sich an ein höheres Gericht zu wenden, dann wäre es möglich, ihn zu begnadigen", sagte der tschechische Chefdiplomat.
Die einzige Möglichkeit für die tschechische Seite, sich in die ganze Angelegenheit einzumischen, sei, den Verurteilten "kompetente rechtliche Unterstützung" zu gewähren, sagte der indische Minister.
Gleichzeitig sagte er, dass die indische Seite ihnen bereits Hilfe dieser Art zur Verfügung stelle.
"Es liegt in unserem größten Interesse, die besten Beziehungen zu Indien aufrechtzuerhalten, die auf eine lange Tradition zurückblicken.
Das erkennen auch die Inder an ", sagte Schwarzenberg.
Gleichzeitig betonte er gegenüber der Tschechischen Presse, dass die Tschechische Republik dem Problem der tschechischen Entomologen große Bedeutung beimisst.
"Wir betrachten die Verhaftung und Anklage dieser tschechischen Wissenschaftler wirklich als schweren Fehler", erklärte er.
Der Minister vermied es, die Frage zu beantworten, ob er von indischer Seite die Zusage erhalten habe, die Angelegenheit weiter zu verfolgen.
Er erklärte lediglich: "Ich habe schon einige Zusagen erhalten".
Tschechische Schiedsrichter kämpfen um Meeresboden
Er tritt auf die elektronische Wandkarte zu, die Australien und die umliegenden Meeresgebiete zeigt.
Er interessiert sich jedoch nicht für den Kontinent, sondern für einen kleinen Punkt, der sich im Blau des Ozeans verliert.
"Diese Insel und mit ihr der Meeresboden, der sie umgibt, gehören zu Australien.
Gleichzeitig ist das Gebiet so groß wie der Kontinent selbst ", sagt der italienische Anwalt Luigi Santosuosso, der zum dreißigköpfigen Team der UN-Abteilung für Meeresangelegenheiten und Seerecht gehört.
Sein Chef, der tschechische Anwalt Václav Mikulka, folgt seinen Worten und fügt gelegentlich etwas hinzu.
Hier dominieren Arbeitsfreude und Arbeitsfreude.
Der Meeresboden beherbergt eine bisher wenig bekannte Welt, die reich an natürlichen Ressourcen ist.
Es ist möglich, Öl, Erze und andere Mineralien zu finden, aber auch bisher unbekannte lebende Organismen, die beispielsweise den Schlüssel zur Entwicklung eines Heilmittels gegen Krebs in der Hand halten.
Eine Etage größer als der Kontinent
Die Küstenländer haben heute begonnen, vehement um das neue Unterwassergebiet zu konkurrieren.
Das heißt, laut einem UN-Abkommen nutzen sie die Rechte, auf die sie sich 1982 in Montego Bay, Jamaika, geeinigt haben.
Dabei handelt es sich vor allem um das Gebiet des sogenannten Kontinentalsockels, der sich oft mehrere hundert Kilometer von der Küste des jeweiligen Landes entfernt erstreckt.
Gemäß dem Abkommen hat dieses Land das ausschließliche Recht auf alle Ressourcen des Festlandsockels.
"Einfach genommen wird der Kontinentalsockel als der Teil des Meeresbodens betrachtet, der die natürliche Fortsetzung des Kontinents unter dem Meer und seinem Untergrund darstellt.
Es reichte über den Rand des Küstenmeeres hinaus, oft sogar über den Rand der 200 Seemeilen der so genannten ausschließlichen Wirtschaftszone hinaus ", erklärt Mikulka.
Der Antrag, den das betreffende Land an die Kommission über die Grenzen des Festlandsockels stellt, muss durch wissenschaftliche und technische Unterlagen gestützt werden, die auf vielen kostspieligen Erhebungen und Messungen beruhen.
Sie ist das Ergebnis jahrelanger Vorarbeit.
"Eine unserer Aufgaben besteht darin, der Kommission rechtlichen und fachlichen technischen Beistand zu leisten.
Die Kommission hat bisher fünf Anträge aus Russland, Brasilien, Australien, Irland und Neuseeland erörtert.
Nur die letzten drei dieser Länder waren bisher erfolgreich ", fügt Mikulka hinzu.
Vor kurzem wurde der Erfolg Australiens, das als erstes Land seine Unterwasserdomäne erweiterte, weltweit registriert.
Aber auch Neuseeland hat zugelegt - die Fläche des Meeresbodens, die die Kommission dem Land zugestand, ist rund 1,6 Millionen Quadratkilometer groß, also etwa sechsmal so groß wie das Land selbst.
Beide Länder investierten Millionen Dollar in die Vermessung.
Der Gewinn, der sich aus der zukünftigen Nutzung des Meeresbodens ergibt, wird, so hoffen sie, unbezahlbar sein.
Auch andere Länder werden ihre Anträge nach und nach einreichen.
Sie haben vom Zeitpunkt der Ratifizierung des "Montego Bay Agreement" an bis zu zehn Jahre Zeit, dies zu tun.
Wo der Kontinentalsockel endet, beginnt das Gebiet des Meeresbodens, das in dem Abkommen zum "gemeinsamen Erbe der Menschheit" erklärt wird.
Hier hat kein Land mehr eine exklusive Stellung.
Bergbaurechte in diesem Bereich werden durch das von der internationalen Institution geschlossene Abkommen gewährt.
"Aber der Meeresboden ist kein Klondike", sagt Direktor Mikulka übertrieben und fügt hinzu, dass seine "einzelnen Bereiche rechtlich klar abgegrenzt und ihr Regime in Verträgen verankert sind".
Tschechen im Pazifik
Ein Teil des Meeresbodens gehört derzeit der Tschechischen Republik.
Es teilt es sich mit anderen Ländern des ehemaligen Ostblocks als Teil der gemeinsamen Organisation "Interoceanmetal".
Diese Organisation hat, wie die Investoren mehrerer kleiner anderer Länder, 1991 den Status eines so genannten "Pionier-Investors" erlangt.
Sie darf in der ClarionClipperton-Zone im Pazifik zwischen Mexiko, Hawaii und Kiribati Minen abbauen.
Das vom Investor untersuchte Gebiet ist etwas größer als die ehemalige Tschechoslowakei.
Der Meeresboden dort ist zerklüftet, es ist eine Art Unterwassermodell des Tatra-Gebirges.
"Dort kann auf einer Gesamtfläche von 75.000 Quadratkilometern abgebaut werden.
Das Gebiet ist eine reiche Fundstelle für die Sammlung von Polymetallkonkretionen, die Nickel, Kupfer, Kobalt und Mangan enthalten ", sagt ein weiterer Anwalt, Pakshi Rajan aus Indien.
Der mazedonische Anwalt der Division, Rober Sandev, bringt eine solche Konkretion mit, um sie zu demonstrieren.
Es sieht aus wie eine kleine Kartoffel oder, mit etwas Fantasie, der mythische Saum, der der Legende nach den Golem zum Leben erweckte.
Deutsche Spezialkräfte bei Geiselbefreiung dabei
Bei der Lösung der Geiselkrise hatte die ägyptische Regierung Deutschland um Hilfe gebeten - das die Experten entsandte.
Als es hart auf hart kam, standen die Spezialeinheiten bereit, aber ihre Dienste waren am Ende nicht erforderlich.
Immer mehr Details werden zu den Umständen der Befreiung der elf in Ägypten entführten europäischen Touristen bekannt.
Nach Angaben des Bundesverteidigungsministeriums und des Innenministeriums waren deutsche Spezialeinheiten indirekt an der Rettungsaktion beteiligt.
Spezialisten der Bundeswehr sowie Angehörige der Bundespolizei (Bpol) und ihrer Spezialeinheiten GSG 9 und Luftwaffe seien bei der Rettung dabei gewesen, sagten Sprecher der Ministerien am Montagabend sowie Mitglieder des Bundeskriminalamtes (BKA) und Logistikexperten des Technischen Hilfswerks (THW).
Die deutschen Streitkräfte seien aber nicht erforderlich gewesen, weil die Geiselnehmer ihre Geiseln im Stich gelassen hätten und geflohen seien, als sie mitbekommen hätten, dass die Geiseln gewaltsam befreit werden sollten.
Die ägyptische Regierung hatte die von Deutschland angebotene Hilfe angenommen, um sich während der Operation auf die deutschen Streitkräfte als Unterstützung zu verlassen.
"Zum Glück ist es nicht dazu gekommen", sagte ein Sprecher des deutschen Innenministeriums.
Die Reisegruppe aus fünf Deutschen, fünf Italienern, einer Rumänin und ihren acht ägyptischen Begleitern war am 19. September im Süden Ägyptens aus dem Hinterhalt überfallen und entführt worden.
Nach ihrer Entführung in einer Wüstenregion im Süden Ägyptens waren die Geiseln in der Grenzregion zwischen Ägypten, Libyen, dem Sudan und dem Tschad hin- und hergetragen worden.
Bis heute ist die Identität der Entführer ebenso unbekannt wie Details zur Rettung oder zu möglichen Lösegeldern.
Die ehemaligen Geiseln sind unterdessen wohlbehalten in Kairo angekommen.
Der deutsche Außenminister Steinmeier sagte, sie seien in die Obhut der deutschen Botschaft übergeben worden.
Zu Einzelheiten der Rettung äußerte er sich nicht.
In Berlin gab es keine unmittelbaren Informationen über ihre Rückkehr nach Deutschland.
Nach Informationen der "Bild" -Zeitung sollen die fünf Touristen und die Spezialeinheiten in einen Airbus der deutschen Luftwaffe steigen, der am Dienstag in Deutschland eintreffen soll.
US-Repräsentantenhaus lehnt Rettungspaket ab
Das 700 Milliarden Dollar schwere Rettungspaket für die Finanzmärkte ist in der ersten der beiden Kammern des US-Kongresses knapp gescheitert.
Der Dow Jones hat einen Sturzflug hingelegt.
Mit 227 zu 206 Stimmen lehnte das US-Repräsentantenhaus das Rettungspaket der Regierung für die Finanzmärkte ab.
Allen Appellen von Präsident George W. Bush und führenden Funktionären beider Parteien zum Trotz wurde keine Mehrheit für das Programm erreicht, das das Chaos an den Finanzmärkten eindämmen sollte.
In einem dramatischen Wahlkampf hatten Unterstützer verzweifelt versucht, die Kritiker von den Vorzügen des 700-Milliarden-Dollar-Plans zu überzeugen.
Barney Frank, einer der wichtigsten demokratischen Verhandlungsführer, hatte die Abgeordneten um Zustimmung gebeten, obwohl es sich um einen unpopulären Plan handelte.
"Es ist schwierig, politische Zustimmung für die Verhinderung von etwas zu bekommen, das noch nicht passiert ist", räumte er ein.
Während die Abstimmung noch im Gange war, fiel der Dow Jones um mehr als sechs Prozent oder 600 Punkte.
Grund dafür waren die Sorgen der Anleger, dass die Rettungsaktion der Regierung scheitern könnte.
Sie erholte sich kurz vor dem Ende der Abstimmung, nur um dann, als die Ablehnung öffentlich wurde, einen weiteren Sturzflug zu unternehmen.
Experten erwarten nun weitere schwere Turbulenzen an den internationalen Finanzmärkten.
Damit der Plan umgesetzt werden kann, ist die Zustimmung sowohl des Repräsentantenhauses als auch des Senats erforderlich.
Reisebüros melden Anstieg der Buchungen
Offensichtlich wird es ein guter Winter für deutsche Reisebüros:
Laut einer Umfrage ist der Buchungsumsatz für die kommenden Monate im Vergleich zum Vorjahr deutlich gestiegen - für die Wintersaison sogar um bis zu 30 Prozent.
Trotz der Aussicht auf eine schwache Konjunktur bleibt die Reiselust der Deutschen einer Umfrage zufolge ungetrübt.
Bei den Buchungen in der Wintersaison verzeichneten die Reisebüros ein Umsatzplus von 31 Prozent im Vergleich zum Vorjahreszeitraum, wie der Deutsche Reiseverband (DRV) am Montag in Berlin mitteilte.
Auch in den Herbstmonaten gab es nach Angaben des Marktforschungsunternehmens GfK einen Buchungsanstieg.
Reisebüros hätten für Oktober im Vergleich zum Vorjahr ein Umsatzplus von rund elf Prozent verzeichnet, teilte der DRV mit.
Die Ergebnisse basieren auf den Zahlen der GfK, die monatlich die Buchungsdaten von 1200 deutschen Reisebüros verarbeitet und daraus Prognosen für den Gesamtmarkt ableitet.
Darin enthalten sind Reisebuchungen, die bis August 2008 getätigt wurden.
Aufgrund des schwachen Dollars seien vor allem Reisen in die USA gefragt, teilte der DRV mit.
In diesem Bereich seien die Buchungen um rund ein Drittel gestiegen, hieß es.
Abgesehen davon wies sie darauf hin, dass Spanien, die Türkei und Griechenland bei den Deutschen ebenso beliebt seien wie die inländischen Regionen.
Besonders gefragt seien Pauschalreisen, sagte DRV-Präsident Klaus Laepple.
Angesichts steigender Energie- und Lebensmittelpreise seien deren Kosten "für die Kunden kalkulierbarer als die von individuell organisierten Urlauben", sagte Laepple.
Die Verbraucher könnten unter anderem durch Frühbucherrabatte oder All-inclusive-Rabatte Geld sparen, sagte Laepple.
Da auch die Sommermonate sehr gut gebucht gewesen seien, werde es im Vergleich zum Vorjahr ein weiteres Umsatzplus geben - obwohl laut einer weiteren Umfrage die Zahl der reisenden Deutschen im Vergleich zum Vorjahr gesunken sei.
Mein erstes Mal auf der Wiesn
Frühjahrs- und Après-Ski-Hits im Wiederholungsmodus, Bier aus Ein-Liter-Bechern und Promis im Designer-Dirndln.
Ein Wiesn-Debüt.
Technisch haben Susanne Kronzucker und ich nicht viel gemeinsam.
Sie ist blond, Fernsehmoderatorin und trägt ein maßgeschneidertes Dirndl.
Ich habe dunkle Haare, bin Studentin, und mein Kleid ist aus zweiter Hand.
Aber eines verbindet uns: Wir sind gerade mal drei Minuten auf der Wiesn, und schon drängen sich die Fotografen um uns herum und schießen Schnappschüsse, füllen ihre Speicherkarten - sehr schmeichelhaft, und obendrein ist es mein erster Wiesn-Besuch.
So lernt man Freunde kennen.
Das billige Dirndl scheint seinen Job zu machen.
Für einen Wiesn-Touristen, der sich normalerweise nördlich des Weißwurstäquators aufhält, ließ dieses gemütliche Gefühl in traditioneller bayerischer Tracht bisher zu wünschen übrig.
Aber auf der Theresienwiese angekommen, ist es gar nicht so schlimm.
Fast alle tragen Dirndl oder Lederhosn, keiner sieht angeekelt oder verlegen aus - das ist alles völlig normal.
Nur meine Dirndlschürze warf schräge Blicke auf den Schoko-Bananen-Verkäufer.
Eine Münchnerin machte mich darauf aufmerksam, dass ich die Schürze falsch gebunden hatte: "Links verfügbar, in der Mitte Jungfrau, rechts engagiert, hinten verwitwet".
Verstohlen ziehe ich meine Schürze von hinten nach links.
"Sieht gut aus", sagt sie und lacht.
Andere kümmern sich weniger um subtile Flirttechniken und tragen einfache Filzhüte mit der Aufschrift "Zu betrunken, um sich anzuziehen" und zeigen Menschen ohne Aufforderung ihr nacktes Hinterteil.
Der junge Mann mit der exhibitionistischen Attitüde heißt Bob, kommt aus England und ist auch zum ersten Mal auf der Wiesn.
Er findet es "herrlich", mit einem langgezogenen "ooooo".
Das sagt er mir, nachdem er sich von dem "Maß" befreit hat, das er vorher hatte.
Direkt neben einem dieser Feuerwerkskörper, die jeder für Müllhalden hält.
Bob ist also einer dieser berüchtigten "Wildbiesler".
Andere haben nicht das Glück, den Alkohol auf diese Weise zu verlieren.
Um acht Uhr in der Nacht wimmeln Dutzende Sanitäter durch die Gegend und kümmern sich um die Armen.
Die Sanitäter erscheinen immer im Rudel - es sind immer vier auf einmal, die eine überdachte Bahre von Zelt zu Zelt tragen.
Es funktioniert wie bei den meisten Wiesn-Besuchern: Wenn es leer ist, gehen sie raus, und wenn es voll ist, kommen sie wieder.
Man sieht nicht, wer sich in den BAC-Särgen befindet.
"Das sind die, die es nicht mehr aushalten können", schrie einer der Sanitäter, als ich ihn danach fragte, und verschwand in der Menge.
Unfallopfer von der Polizei genannt
Eine 63-jährige Fußgängerin, die im Krankenhaus starb, nachdem sie in Essex von einem Fahrzeug angefahren worden war, wurde namentlich genannt.
Carole Paulson von der Chelmsford Road in Brentwood war am Freitagnachmittag auf der Shenfield Road in der Stadt in den Unfall verwickelt.
Sie wurde in das Queen 's Hospital in Romford gebracht, starb aber später.
Nach dem Unfall wurde ein 51-jähriger Mann wegen des Verdachts der fahrlässigen Tötung festgenommen.
Inzwischen wurde er gegen Kaution freigelassen.
Die Erweiterung des diplomatischen Horizonts der Türkei
Lange bevor die Türkei der Europäischen Union beitreten wollte, waren die europäischen Mächte begierig darauf, tief in das türkische Hinterland vorzudringen.
Auf der östlichen Seite des Bosporus, vielleicht nur 20 Schritte nach Asien, steht eines der schönsten Relikte dieses gescheiterten imperialen Ehrgeizes.
Der Hydarpascha-Bahnhof wurde von den beiden deutschen Architekten Otto Ritter und Helmut Conu im Stil der Neurenaissance entworfen.
Das sagen zumindest die Reiseführer.
Das Gebäude sitzt am Ende der Bahnsteige, an jeder seiner vorderen Ecken steht ein Turm, der wie ein provinzielles deutsches Rathaus in die ganze Welt blickt.
Der Stein ist schmutzig.
Das ganze Gebäude verfällt leicht.
Aber einmal im Gewölbekeller angekommen, besteht kein Zweifel an der Großartigkeit des Unternehmens, dessen westlichstes Tor dies war.
Die Station wurde im August 1908 von einem deutschen Konsortium, der Anatolien-Bagdad Corporation, eröffnet.
Deutschland, ein Nachzügler im imperialen Spiel, beabsichtigte, seine Ambitionen, den Nahen Osten zu beherrschen, durch diese Eisenbahnverbindung nach Damaskus, Bagdad und darüber hinaus in das heutige Saudi-Arabien zu verwirklichen.
Doch Deutschlands imperiale Ambitionen scheiterten während des Ersten Weltkriegs.
Seine Eisenbahngleise wurden von Lawrence von Arabien und seinen arabischen Widersachern angegriffen.
Die relative Isolation von der umgebenden Region, hervorgerufen durch die eingefrorenen Grenzen des Kalten Krieges, ist verschwunden.
Britische und britische Truppen rückten aus Ägypten vor und verdrängten die Türken und ihre deutschen Verbündeten aus Palästina und Syrien.
Und auch für den Sender Hyderpascha gab es schlechte Nachrichten.
1917 sprengte sich ein Munitionszug in die Luft und zerstörte sein kunstvolles Dach.
Türkische Quellen sprechen von Sabotage.
Seitdem ist sie langsam verwischt und weitgehend von der Geschichte übergangen worden.
Heute jedoch dient dieses Eisenbahntor zu Anatolien und allen Punkten im Osten - zumindest symbolisch - dazu, den sich erweiternden diplomatischen Horizont der Türkei hervorzuheben.
Die regierende Partei für Gerechtigkeit und Entwicklung - die AKP - hat eine völlig neue Außenpolitik für das Land entworfen.
Die relative Isolation von der umliegenden Region, die durch die eingefrorenen Grenzen des Kalten Krieges hervorgerufen wurde, ist verschwunden.
Jetzt gibt es eine neue Politik des Engagements.
Bemerkenswerterweise unterhält die türkische Regierung gute Beziehungen zu Israel und Syrien, zu den palästinensischen Gruppen der Hamas und Fatah, zum Irak und Iran und natürlich zur Europäischen Union und den Vereinigten Staaten.
Um die Parameter dieser neuen Außenpolitik einzuschätzen, bestieg ich den Nachtschlaf in die türkische Hauptstadt Ankara, um einen der führenden außenpolitischen Experten der AKP, den türkischen Abgeordneten Suat Kiniklioglu, zu besuchen.
Am nächsten Morgen - etwa zehneinhalb Stunden später - kam ich in der türkischen Hauptstadt an, die nach einer turbulenten Fahrt auf Schienen, die die Kadenzen der alten Welt des berühmten Dokumentarfilms The Night Mail produzierten, als neue Stadt für einen neuen säkularen Staat vorgeschlagen wurde, der der osmanischen Vergangenheit den Rücken kehren will.
Aber die AKP mit ihren bekannten islamistischen Wurzeln stellt einen Paradigmenwechsel im türkischen Konsens dar.
Sie hat im Westen, vor allem in Washington, ein gewisses Misstrauen ausgelöst.
Ein Taxi brachte mich zum Hauptquartier der AKP, einer hochmodernen Stein- und Stahlkonstruktion - speziell gebaut - in einem sich entwickelnden Vorort, umgeben von halb errichteten Einkaufszentren und Power-Patisserien, wo sich mittlere Manager in Business-Anzügen - Männer und Frauen - trafen, um frühmorgens Geschäfte zu machen.
Suat Kiniklioglu hätte ein Mitte-Rechts-Politiker aus fast jeder anderen politischen Partei in Europa sein können.
Anzug, Krawatte, ich bin sicher, er hat sogar einen Blackberry gepackt.
"Das Ziel der Außenpolitik der Partei besteht nun darin, die Türkei wieder in ihre unmittelbare Nachbarschaft zu integrieren.
Der Kalte Krieg war eine Anomalie ", erzählte er mir.
Die Türkei war von ihrem Hinterland abgeschnitten.
Heute musste er gleichzeitig nach Osten und Westen schauen.
Es ging nicht um das eine oder das andere.
Sie musste beides tun.
"Aber irgendwann", fragte ich, "könnte die Türkei gezwungen sein, sich zu entscheiden?"
"Die Türkei", sagte er, "wollte sich dieser Entscheidung nicht stellen müssen".
Anschließend betonte er einen Punkt, den fast jeder, mit dem ich hier gesprochen habe, fast auswendig vorgetragen hat: Die Verbindungen der Türkei nicht nur zum Nahen Osten, sondern auch zum Kaukasus und rund um das Schwarze Meer sind für Europa und die Vereinigten Staaten ebenso von Vorteil wie für die Türkei.
Mit der Türkei an Bord, so scheint die Botschaft zu sein, kann Europa als Ganzes metaphorisch diese Eisenbahnlinien ostwärts in Richtung Asien und Naher Osten befahren.
Zurück am Hydarpascha-Bahnhof dachte ich nach einer weiteren weitgehend schlaflosen Nacht an die beiden deutschen Herren Herr Ritter und Herr Conu, die den Bau dieses Gebäudes vor 100 Jahren beobachtet hatten.
Wie überrascht wären sie gewesen, als sie feststellten, dass Europas Ambitionen im Nahen Osten nun zu einem großen Teil in den Händen der Türkei liegen könnten.
Und während ich am Terminal auf die Fähre wartete, die mich zurück über den Bosporus bringen sollte, erinnerte ich mich daran, dass die Türkei damals immer "der kranke Mann Europas" genannt worden war.
Damals schien es zumindest keine großen Zweifel zu geben, welcher Kontinent Anspruch auf dieses faszinierende Land erheben sollte.
Erinnerte Leben: Vernon Handley und William Woodruff
Mark Brown schreibt: Als Musikdirektor Guildfords ab 1962 hatte Vernon "Tod" Handley (Nachruf vom 11. September) die Leitung des Guildford Philharmonic Orchestra and Choir inne.
Im Rahmen seines Musikprogramms für den Stadtteil gründete er im nächsten Jahr seinen wunderbaren Jugendchor Proteus.
Es sollte eigentlich für Unter-21-Jährige sein, aber als die Proteus 1979 ihr Finale sangen, waren einige von uns Ende 20 - wir weigerten uns einfach, den Chor aufzugeben.
Der Name "Proteus" (der mythologische Formwandler) verkörperte die Bereitschaft und Fähigkeit des Chores, sich mit jeder Musik auseinanderzusetzen, die ihm dargeboten wurde, ob Madrigal oder Messiaen, ob unbegleitet oder mit vollem Orchester.
Die musikalische Vielseitigkeit eines solchen Jugendchores war oft erstaunlich, immer aufregend, und alles war der Inspiration dieses einen Mannes und der Begeisterung für die Musik geschuldet, die über die Jahre absolut konstant blieb.
Wie oft hat uns der Tod gesagt, wir sollten "die Musik für sich selbst sprechen lassen".
Er würde sagen: "Der Komponist weiß, was er will.
Es steckt alles in der Musik.
So sing es! "
Seine Taktstock-Technik war absolut klar und präzise, wenn auch nie diktatorisch oder blumig.
Was auch immer das musikalische Niveau war, er hat es immer noch höher gelegt.
John Frayn Turner schreibt:
Wenn ein Dirigent zum Ritter hätte geschlagen werden sollen, dann Vernon Handley.
Ich kannte ihn gut während der zwei Jahrzehnte, die er von 1962 bis 1982 das Guildford Philharmonic leitete.
In den letzten etwa 40 Jahren habe ich mehr als 100 seiner Konzerte rezensiert und ich kann ehrlich sagen, dass ich von keinem einzigen enttäuscht war - und mich oft von ihnen inspirieren ließ.
Tod Handley hatte diese seltene Kombination aus Größe und persönlicher Bescheidenheit.
Er hasste Dirigenten, die, wie er es ausdrückte, einfach "ein oder zwei bekannte Kriegspferde auf der ganzen Welt verhätschelten".
Er wird von so vielen von uns vermisst werden.
William Woodruff
Professor John Beckett schreibt:
In Ihrem Nachruf auf William Woodruff (25. September) heißt es: "1946 nahm er die Wirtschaftsgeschichte in Oxford wieder auf und wurde 1950 Houblon-Norman Research Fellow... während er gleichzeitig einen BSc, einen MA und einen PhD erwarb".
Dies ergibt sich aus Woodruffs Notiz in Beyond Nab End, aber es ist nicht richtig.
Von 1946 bis 1953 war er Dozent für Wirtschaftsgeschichte an der Universität Nottingham. Während dieser Zeit schloss er unter der Leitung von Professor J. D. Chambers eine Doktorarbeit über die britische Kautschukindustrie ab, die 1958 unter dem Titel The British Rubber Industry veröffentlicht wurde.
Er verbrachte 1950-51 ein Houblon-Norman-Stipendium in den USA und den Sommer 1952 an den Universitäten von Illinois, Harvard und New York.
1953 verließ er Nottingham endgültig und ging nach Illinois.
Warum Woodruff sich entschied, diesen Teil seiner Karriere zu beschönigen, ist unbekannt.
J. Vincent Resino an der Philologischen Fakultät
"Ich empfehle die Ausstellung" Flamenco y vida "von José Vicente Resino, weil seine Schwarz-Weiß-Fotografien im dokumentarischen Stil außergewöhnlich sind.
Die Fotos zogen meine Aufmerksamkeit wegen ihrer Einfachheit und Kraft auf sich, die übermitteln und die Motive immer mit besonderer Aufmerksamkeit behandelten.
Eine Ausstellung, die tief empfunden wird.
Resino ist in der Lage, magische Momente einzufangen ".
Zweiter Angriff auf Hondas Super-Verkauf
Im kommenden November wird Honda die Vermarktung der zweiten Jazz-Modellgeneration starten.
War das Vorgängermodell bereits durch eine hohe Bewohnbarkeit gekennzeichnet, bietet der neue Minivan innen mehr Platz.
Darüber hinaus ist er mit einer Feinmechanik ausgestattet, die den Fahrkomfort erhöht und Kraftstoff spart.
Evolution statt Revolution.
Dies ist die zweite Generation des Honda Jazz.
Während der neue Jazz ästhetisch wie das Vorgängermodell aussieht, gibt es am Minivan zahlreiche Veränderungen.
Hervorzuheben sind unter anderem das innovative Design, die neue Plattform, die größere Größe und die ziemlich neue Mechanik.
Bevor wir uns der Analyse des neuen Modells zuwenden, sei darauf hingewiesen, dass dieser neue Jazz erst sechs Jahre nach dem Markteintritt der ersten Generation erscheint.
Eine erste Beobachtung sollte daher sein, dass Honda dieses Modell schneller erneuert hat, als es die anderen Unternehmen normalerweise tun.
Auch wenn das Jazz-Modell in Europa weniger bekannt ist als in anderen Märkten, bleibt es ein Phänomen, was die Verkäufe angeht.
Dies ist der Fall in Japan, wo der Jazz 2002 und auch in diesem Jahr 2008 das meistverkaufte Auto war.
Allein dort wurden seit der Markteinführung des Modells fast eine Million Exemplare des Jazz verkauft.
Der zweite Markt war der alte Kontinent mit rund einer halben Million verkauften Einheiten in sechs Jahren.
Trotz dieser Zahlen glaubt Honda, dass der neue Jazz seine Verkäufe in diesem Segment noch weiter steigern wird.
Wenn das japanische Unternehmen also im Jahr 2007 insgesamt 83.000 Stück dieses Modells verkauft hat, wird es im Jahr 2009 schätzungsweise rund 100.000 Autos sein, was allein auf dem europäischen Markt ein mögliches Absatzplus von 17% erwarten lässt.
Auf dem spanischen Markt hat Honda seit 2002 insgesamt 8.000 Jazz verkauft, was 6,7% des Gesamtabsatzes des Unternehmens in Spanien entspricht.
Mit der neuen Generation rechnen die Verantwortlichen in Spanien damit, innerhalb eines Jahres rund 2.000 Jazz-Exemplare abzusetzen.
Die Ankunft des neuen Honda Jazz wird es wahrscheinlich möglich machen, indem er die Absatzrückgänge in Spanien weitgehend verringert.
Tatsächlich erwarten die Markenverantwortlichen bis zum Jahresende 22.000 verkaufte Einheiten, das sind 4.000 Einheiten weniger als 2007, mit einem Rückgang von 16%.
Trotz des Umsatzanstiegs hat Honda auch seinen Marktanteil in Spanien gesteigert und 1,8% erreicht, verglichen mit 1,6% im letzten Jahr.
Gleichzeitig rechnet das japanische Unternehmen damit, 2010 die 2% -Marke zu erreichen.
Um dies zu erreichen, setzt Honda auf ein weiteres neues Modell seiner.
Das ist Insight, ein fünftüriger Hybrid-Kompaktwagen mit 4,37 Metern Länge, von dem das japanische Unternehmen innerhalb eines Jahres weltweit rund 200.000 Stück verkaufen will.
Den Schätzungen der Märkte und japanischen Hersteller zufolge werden die 50% des Insight-Verkaufs aus den Vereinigten Staaten kommen, während die restlichen 50% sowohl aus dem alten Kontinent als auch aus Japan stammen werden.
Die kommerzielle Markteinführung von Insight ist für Anfang nächsten Jahres geplant, kurz nach der Präsentation des Modells innerhalb des Unternehmens im Januar in Valenza.
Im Vergleich zur ersten Generation ist der neue Jazz in seiner Gesamtheit gewachsen.
Er erreicht jetzt 3,90 Meter Länge (fünf Zentimeter mehr), 1,69 Meter Breite (zwei Zentimeter mehr) und seine Achse 2,50 Meter, plus fünf Zentimeter.
Seine Körpergröße von 1,52 Metern blieb unverändert.
Mit der Größe wuchs auch das bewohnbare Innere.
Dieser Vorteil ergibt sich erstens aus der neuen Plattform und zweitens aus der Einführung des Kraftstofftanks an zentraler Stelle, eine Lösung, die bereits im vorherigen Jazz verwendet wurde.
Zudem wächst das Kofferraumvolumen - ein doppeltes Untervolumen - auf 399 Liter, ein um 19 Liter höheres Volumen als in der ersten Generation.
Dabei handelt es sich um die Maße des Honda Jazz 1.4, während der Kofferraum im Modell 1.2 lediglich 379 Liter fasst.
Weitere Verbesserungen - neben externen Elementen wie der Fond-LED oder der Möglichkeit, das Panoramaglas zu montieren - betreffen den verbesserten Zugang zu den Rücksitzen.
Türen, die den Zugang zu den Rücksitzen ermöglichen, öffnen sich jetzt in einem Winkel von 80 Grad, verglichen mit 67 Grad im ersten Modell.
Außerdem sind alle Motoren in dieser zweiten Generation ziemlich neu.
Zum Marktstart wird der Kleinwagen mit einem Benziner von 1,2 oder 1,4 Litern ausgeliefert.
Zu beiden mechanischen Systemen wird die i-VTEC-Technologie gehören, die einen geringeren Kraftstoffverbrauch ermöglicht, weniger Kohlendioxidemissionen produziert, die mechanischen Veredelungen optimiert und gleichzeitig in allen Phasen einen Motor mit hohem Drehmoment aufrechterhält.
Die 1,2-Liter-Version erreicht eine Leistung von 90 PS bei 6000 U / min und ein maximales Drehmoment von 114 Nm bei 4900 U / min.
Der Antrieb - der im bisherigen Jazz die 78 PS erreichte - verbraucht lediglich 5,3 Liter Kraftstoff und produziert etwa 125 Gramm CO2-Äquivalent.
Im Vergleich zum bisherigen Antrieb, der in der ersten Generation 83 PS hatte, kommt der Neue auf 100 PS.
Der 1.4 Jazz mit 100 PS kommt auf eine Kombination aus 5,4 Litern Kraftstoff und 128 Gramm CO2-Ausstoß.
Ein "Bienenauto" zur Vermeidung von Kollisionen
Bei der Entwicklung der Technologien zur Vermeidung von Unfällen ließ sich Nissan dieses Mal von der Natur und vor allem von Bienen inspirieren.
Das japanische Unternehmen hat einen Roboter entwickelt, der den Flug von Bienen nachahmt und so Unfälle vermeiden kann.
Dies ist der Bio-mimetische Car Robot Drive, oder BR23C, der erste Schritt, um Technologien zur Vermeidung von Kollisionen zu projizieren.
Die Ingenieure des Advanced Technical Centre der Nissan Motor Co. haben diesen kleinen Roboter in Zusammenarbeit mit dem Zentrum für wissenschaftliche Forschung und Technologie der renommierten Universität Tokio in Japan entwickelt.
Laut Kazuhiro Doi, General Director of Public Relations for the Technology, Research and Development of Brand Management, ist der BR23C eine Erweiterung des Sicherheitsschilds der vier von Nissan produzierten Bereiche.
Dieser Roboter soll die Fähigkeit verbessern, Kollisionen in den vom Unternehmen produzierten Fahrzeugen zu verhindern.
Während des Fluges schafft jede Biene ihren eigenen ovalen persönlichen Raum, der dem von Nissan entwickelten Schild der Sicherheit sehr ähnlich ist.
Aber das wichtigste Element sind die zusammengesetzten Augen der Biene, die mit einem zusätzlichen Winkel von 300 Grad in alle Richtungen sehen können, wodurch das Insekt ohne Unterbrechung innerhalb seines persönlichen Raums fliegen kann.
Um diese visuellen Merkmale nachzubilden, entwickelten Ingenieure einen von ihnen definierten Laser-Locator (Laser Range Finder).
Dieser Mechanismus erkennt Hindernisse innerhalb von 2 Metern und einem Radius von bis zu 180 Grad vor dem BR23C, berechnet die Entfernung zum Objekt und sendet ein Signal an den Mikroprozessor an Bord, das eine Kollision sofort verhindert.
"Wenn der kleine Roboter ein Hindernis erkennt, ahmt er die Bewegungen der Biene nach und ändert sofort die Richtung, indem er die Räder im rechten oder breiteren Winkel dreht, um eine Kollision zu vermeiden.
Der offensichtlichste Unterschied zu jedem bestehenden System ist sein Ausweichmanöver, das zu völliger Instinktlosigkeit führt.
"Wenn dem nicht so wäre, könnte der Roboter nicht schnell genug reagieren, um Hindernissen auszuweichen", erklärt Toshiyuki Andoh, Direktor des Labors für Mobilität und Chefingenieur dieses Projekts.
Im Gegensatz zu einer Biene kann der Roboter weder nach oben noch nach unten oder auch nur diagonal abweichen. Er kann sich nur in zwei Dimensionen und in die Richtung bewegen, in die sich seine Räder drehen können.
Aus diesem Grund hat Nissan zusätzlich zu den Beschleunigungs- und Verzögerungsfunktionen eine Rotationsfunktion eingeführt, damit der kleine Roboter Kollisionen vermeiden kann.
"Dieses Gerät muss nur alle paar Sekunden neue Informationen verarbeiten und aus diesen Daten handeln.
Es braucht keine Informationen zu speichern oder die intuitive Logik früherer Manöver zu nutzen. Aus diesem Grund kann es ohne Unterbrechung laufen, die nur von ein paar Dutzend KB Speicher bereitgestellt wird.
Das mag überraschen, aber wir sprechen nicht von Gigabyte oder einem Mega-Speicher ".
Dies ist der erste Schritt zur Entwicklung neuer Technologien zur Vermeidung von Kollisionen, von denen Nissan hofft, dass sie innerhalb von zehn Jahren serienmäßig in die Autos eingebaut werden.
Der Roboter verwendet Lithium-Polymer-Batterien, die leichter und langlebiger sind als die Lithium-Ionen-Batterie.
Eine weitere Anwendung in einer möglichen Zukunft könnte die Integration dieser Technologie mit dem GPS-Satellitennavigator sein, um den Fahrer an ein bestimmtes Ziel zu bringen und Hindernissen auf dem Weg auszuweichen.
Schaudern Sie, bevor Sie einen Kredit beantragen
Wir müssen erkennen, dass es dem Finanzministerium der Vereinigten Staaten, das über recht gute Hauptstädte zum Handeln verfügt, gewiss nicht an Talent mangelt.
Sich der Krise zu stellen und zu verhindern, dass die Amerikaner von insolvenzzweifelnden Banken mit Papierkrediten betrogen werden, schuf ein lustiges und lehrreiches Spiel für Internetnutzer. Das ist "Bad Credit Hotel".
Mit anderen Worten, das "Hotel der faulen Kredite"... oder der Probleme.
Der düstere Aspekt dieses Hotels und insbesondere seiner Rezeptionistin zielt darauf ab, die Menschen dazu zu bringen, nicht nur ein-, sondern zweimal oder sogar dreimal nachzudenken, bevor sie einen Kredit beantragen.
Und vor allem darüber nachzudenken, wo man sich bewirbt, das ist wahrscheinlich das primäre Ziel des Spiels.
Sicherlich liefert dieses System einige nützliche Informationen, bietet aber nur wenige Details.
Es ist viel mehr eine Webseite für Teenager als eine Seite für die breite Öffentlichkeit.
Was passiert, wenn Sie das Spiel beenden?
Nun, im Inneren des Hotels taucht ein Traumzimmer auf.
Es ist immer noch etwas, denn über den Kauf eines Hauses... besser, es zu verlassen.
Morgan Stanley öffnete sein Kapital für die MUFG
Morgan Stanley hat seinen Eintritt in die Tischrunde der Mitsubishi UFJ Financial Group (MUFG) angekündigt, der ersten Bank Japans, die neun Milliarden Dollar ausgeben wird, um 21% ihres Kapitals zu erhalten - Nachrichten, die von einem steilen Kursverfall der Aktien aufgenommen wurden.
Eine Woche nach der Bekanntgabe einer vorläufigen Vereinbarung erklärten die beiden Banken, dass MUFG 9,9% der Morgan Stanley-Aktien zu einem Preis von 25,25 Dollar, insgesamt also drei Milliarden Dollar, kaufen würde.
Der Verkaufspreis beträgt am 31. August weniger als 19% des Wertes der Papiere.
MUFG wird zusätzlich sechs Milliarden Dollar in den Erwerb von Wandeltiteln investieren, die eine gesicherte Rendite von 10% und einen Wandlungspreis von 31,25 Dollar bieten.
Morgan Stanley bestätigte, dass das Gesamtgeschäft auf einem durchschnittlichen Stückpreis von 29 Dollar oder 28% über dem aktuellen Preis basieren würde.
Die Aktien von Morgan Stanley verloren gegen 17: 00 Uhr MESZ allerdings 6,79 Prozent auf 23,07 Dollar.
"Diese strategische Allianz stellt eine wichtige Gelegenheit dar, den Übergang von Morgan Stanley zur Holdingbank zu beschleunigen", sagte John Mack, der CEO des amerikanischen Konzerns.
Morgan Stanley hat diesen neuen Status letzte Woche angenommen, was es ihr ermöglichen sollte, ihre Aktivitäten zu diversifizieren, aber sie muss die Autorität der Federal Reserve durchlaufen.
Seine Allianz mit der MUFG bestätigt auch, dass die gegenwärtige Finanzkrise die größten Namen an der Wall Street zu einer viel vorsichtigeren Haltung gezwungen hat als zuvor.
Die am Montag vorgestellten Modalitäten zeigen, dass das Abkommen in den letzten Tagen geändert wurde: Am Montag zuvor hatte Morgan angekündigt, bis zu 20% seiner Aktien für etwa 8,5 Milliarden Dollar an die Japaner zu verkaufen.
"Vor einer Woche", erklärte Toshihide Mizuno, Exekutivdirektor der MUFG in Tokio, "dachten wir, dass die Beteiligung ausschließlich aus Stammaktien bestehen würde.
Aber angesichts des gegenwärtigen Zustands der Wirtschaft und des Marktes hofften wir, die Risiken zu minimieren und unseren Rücken zu schützen ".
Basierend auf dem gewichteten Durchschnittspreis wird MUFG für seine Morgan Stanley-Papiere 7% unter ihrem Buchwert bezahlen.
Und die Transaktion wird zu einer Verwässerung von rund 20% Gewinn pro Aktie führen.
Die Vereinbarung sieht vor, dass MUFG jährlich die Hälfte seiner Vorzugsaktien in Stammaktien umwandeln kann, wenn diese mehr als 50% über dem Wandlungspreis gehandelt werden, etwa 47 USD für einen bestimmten Zeitraum.
Morgan Stanley versichert, dass das von der MUFG bereitgestellte Kapital es ihr ermöglichen wird, Investitionsmöglichkeiten zu ergreifen, ihre Bilanz zu stärken und ihre Liquidität zu erhöhen.
Ein Sprecher der Gruppe weigerte sich jedoch, Details zu den strategischen Projekten der beiden neuen Verbündeten zu nennen.
Nach der Investition von MUFG prognostiziert Morgan Stanley eine Kernkapitalquote von etwa 15%, eine der besten in der Branche.
Morgan teilte mit, seine Bilanz seit Ende August "signifikant" reduziert zu haben.
Die letzten Wochen waren schwierig für den Konzern, der die Hälfte seines Aktienkurses dahinschmelzen sah, während die Versicherungskosten gegen das Risiko eines Zahlungsausfalls seiner Schulden in die Höhe schnellten.
Diese Kosten reduzierten sich am Montag, blieben aber auf einem neuen Höchststand von rund 12%.
Letzte Woche gab Goldman Sachs, die einzige überlebende große Investmentbank an der Wall Street nach dem Bankrott von Bear Stearns und Lehman Brothers sowie der Übernahme von Merrill Lynch bekannt, 15 Milliarden Dollar aufgebracht zu haben, teilweise von Berkshire Hathaway, der Gruppe von Warren Buffett.
Rafael Correa am Montag in Quito.
Der Wiederaufbau rund um die Republik des einundzwanzigsten Jahrhunderts Sozialismus.
Dies ist das gemeinsame Projekt des Venezolaners Hugo Chávez, Evo Morales aus Bolivien und des Ecuadorianers Rafael Correa.
Wie ihre Amtskollegen und Freunde ist sie an diesem Sonntag die dritte, die einen Entwurf für eine neue Verfassung zur Abstimmung stellt.
Mission erfüllt, da 64% der Wähler laut offiziellen Ergebnissen, die auf 80% der Stimmen beruhen, mit "Ja" für das Referendum gestimmt haben.
Auf Grundlage dieser Ergebnisse erhielt das "Nein" 28%, 7% der Stimmen waren ungültig und 0,7% waren leere Stimmen.
Damit der Verfassungsentwurf angenommen werden kann, muss er die Hälfte der Stimmen plus eine bekommen.
Am Sonntag hatten zwei außerhalb der Wahllokale durchgeführte Meinungsumfragen und eine Nichtregierungsorganisation einen großen Sieg der "Ja" -Stimmen zwischen 63% und 70% verkündet.
Rafael Correa hatte in der Nacht von Sonntag auf Montag den Sieg seines Verfassungsentwurfs für sich beansprucht.
Die "Verfassung hat so überwältigend triumphiert", versicherte er und lobte die Ecuadorianer im Regierungssitz in Guayaquil, 280 km südwestlich von Quito.
Natürlich wurde Rafael Correa von Chavez und Morales, aber auch von seiner chilenischen Amtskollegin Michelle Bachelet beglückwünscht.
Die Umfrage, die friedlich unter der Kontrolle der Organisation Amerikanischer Staaten (OAS) durchgeführt wurde, umfasste in ihrem Text 444 Punkte, die den vom Präsidenten befürworteten "neuen Sozialismus" konsolidieren.
Der Verfassungsentwurf verankert die Macht des Staates über die Wirtschaft, indem er ihm die "Entwicklungsplanung" eines Landes vorbehält, das hauptsächlich von der Ölförderung durch ausländische Unternehmen und dem ausländischen Geld lebt, das sie an ihre Emigranten schicken.
Unterstützt von Correa, der 2006 gewählt wurde, verleiht das Projekt auch dem Staatsoberhaupt mehr Befugnisse, das bis zu zwei aufeinander folgende Amtszeiten von vier Jahren ausüben und die Versammlung auflösen kann.
Correa hat bereits angekündigt, dass er diese Macht nutzen wird, um sich im Februar 2009 um ein neues Mandat zu bemühen.
Die Verfassung konsolidiert auch das Prinzip der kostenlosen Gesundheitsversorgung und Bildung, das der Präsident in diesem Land mit seinen 13,9 Millionen Einwohnern, in dem 50% der Bevölkerung unterhalb der Armutsgrenze leben, eingeführt hat.
Es sieht auch das Verbot der Anwesenheit ausländischer Truppen vor, wodurch das Abkommen zwischen Quito und Washington über die Nutzung Ecuadors als Ausgangsbasis für US-amerikanische Anti-Drogen-Operationen beendet wird.
Die 19 Geiseln wurden im Tschad freigelassen
Ein ägyptisches Kommando startete einen Angriff auf die Entführer der elf Touristen und ihrer acht Begleiter, die vor zehn Tagen gefangen genommen worden waren.
Sie befinden sich in Kairo.
Die elf europäischen Touristen und ihre acht ägyptischen Begleiter, die zehn Tage in der Wüste gefangen gehalten wurden, sind am Montagnachmittag unversehrt in die ägyptische Hauptstadt zurückgekehrt.
Am Morgen wurden sie von einem ägyptischen Kommando im Tschad freigelassen.
Scheinbar passend trafen die Geiseln gegen 1530 Uhr an Bord eines Spezialflugzeugs auf dem Militärstützpunkt al-Maza ein, der an den internationalen Flughafen von Kairo angeschlossen ist.
Sie wurden sofort, ohne mit der Presse sprechen zu können, per Hubschrauber in das Krankenhaus in Maadi, einem Vorort von Kairo, gebracht, wo sie untersucht wurden.
Sie seien bei "guter Gesundheit" und es sei "kein Lösegeld" an die Geiselnehmer gezahlt worden, erklärte der ägyptische Tourismusminister Zoheir Garanna auf dem Rollfeld.
Diese Gruppe von Geiseln wurde am 19. September während einer Safari in einem Geländewagen am Fuße des Berges Ouanat an der Grenze zu Ägypten, dem Sudan und Libyen gefangen genommen und von 35 unbekannten Entführern von einem Versteck zum nächsten geschleudert.
Es umfasst 11 Touristen - fünf Italiener, fünf Deutsche und einen Rumänen - sowie acht Ägypter: zwei Reiseführer, vier Fahrer, einen Grenzschützer und den Direktor der Agentur Aegyptous, die die Safari organisiert.
Ein ägyptischer Sicherheitsbeamter sagte, 30 Mitglieder der Spezialeinheiten, die an Bord zweier Hubschrauber waren, hätten den Angriff in der Nacht kurz vor Tagesanbruch gestartet.
"Es kam zu einem Schusswechsel, und die Hälfte der Entführer wurde getötet, die andere Hälfte floh", sagte der Beamte, der um Anonymität bat.
Er sagte, dass 150 Mitglieder der ägyptischen Spezialeinheit "schnelle Reaktion" in den gesamten Sudan entsandt wurden, wo sie von deutschen und italienischen Kommandos unterstützt wurden.
Der Leiter des italienischen diplomatischen Korps Franco Frattini in Belgrad, wo er sich derzeit aufhält, erwähnte die Rolle italienischer Geheimagenten und Elemente der Spezialeinheiten.
"Wir müssen anerkennen, dass wir dieses Ergebnis durch die Professionalität und Effektivität unserer Männer von den Geheimdiensten, von den Spezialeinheiten erreicht haben", sagte er ohne weitere Details.
Er bestritt auch, ein Lösegeld gezahlt zu haben.
Am Tag zuvor hatte die sudanesische Armee behauptet, ein Patrouillenfahrzeug mit Geländewagen, in dem sich die Entführer befanden, abgefangen, sechs Menschen getötet, darunter den tschadischen Regierungschef, und zwei festgenommen zu haben.
Die Armee behauptete, dass sie mit einer Rebellengruppe in Darfur, der Sudan Liberation Movement-Unity (SLA-U), in Verbindung stünden, was diese Bewegung umgehend dementierte.
Buchstaben - Die schweigende Mehrheit der Kultur
Eine Debatte über die Finanzierung der Kultur machte Schlagzeilen und hat diesen Wahlkampf in den Griff bekommen.
Gut.
Aber ein Sektor unseres kulturellen Lebens bleibt immer in Vergessenheit geraten.
Wer wird sich melden, um das Elend anzuprangern, das kleinen Museen, Archiven, archäologischen oder nationalen historischen Stätten zuteil wird, denen es an Finanzmitteln mangelt?
Welcher Politiker wagt es, die Bundesregierung daran zu erinnern, dass sie ihre Denkmäler und denkmalgeschützten Gebäude vernachlässigt?
In Quebec, in Kanada, haben wir keine echten Gesetze, die unser Erbe wirksam schützen?
Wussten Sie, dass die französische Regierung allein für die Restaurierung des Schlosses von Chinon im Loire-Tal dreieinhalb Millionen Euro aufwendet?
Unsere amerikanischen Nachbarn haben in die Verfassung ihres Landes geschrieben, dass der Schutz des Kulturerbes Teil der amerikanischen Kultur ist und dass ein solches Erbe von allen Bürgern, allen Gewählten und allen Regierungsabteilungen geschützt werden muss, und dies in Zusammenarbeit.
In Quebec, der Föderation der Gesellschaften für Geschichte Quebecs, kümmern sich mindestens 40.000 Freiwillige in 211 Behörden für Geschichte, Erbe, Archive und Genealogie um die Erforschung der Geschichte, um die Erhaltung, Verfügbarkeit von wenigen Mitteln, Stapel privater Archive und die Bewahrung archäologischer Überreste.
Oft sind sie die Wächter unseres Erbes, die mit der Energie der Verzweiflung protestieren, wenn Bauunternehmer und Erbauer ihre Bulldozer gegen unsere alten Gebäude und unsere vergessenen Friedhöfe schleudern.
Wann wird es ein Forum für Geschichte und Erbe geben?
Fortis-Bank von Benelux-Regierungen teilweise verstaatlicht
Die Benelux-Staaten helfen Fortis, der belgisch-niederländischen Bank - die als erstes europäisches Finanzinstitut aufgrund der Nachwirkungen der amerikanischen Kreditkrise in Schwierigkeiten geraten ist - durch einen teilweisen staatlichen Buyout. Die drei Länder haben vereinbart, 11,2 Milliarden Euro in das Banken- und Versicherungsunternehmen mit ungarischen Interessen zu pumpen.
Ende dieser Woche haben sich die belgische, die luxemburgische und die niederländische Regierung auf höchster Ebene mit dem Präsidenten der Europäischen Zentralbank und dem Wettbewerbskommissar der Europäischen Kommission zu diesem Thema beraten.
Innerhalb der Eurozone ist Fortis die erste Bank, die in den letzten 12 Monaten in Wellen von der internationalen Finanzkrise getroffen wurde. Daher können die getroffenen Entscheidungen von einem gewissen Standpunkt aus als Präzedenzfälle betrachtet werden.
Nach der am Sonntagabend getroffenen Entscheidung wird jede Regierung einen Anteil von 49 Prozent an den Fortis-Banken in ihren jeweiligen Ländern übernehmen.
Die Bank wird mit Sicherheit einen Teil ihrer Anteile verkaufen, insbesondere die Versicherungsaktivitäten, die sie im vergangenen Jahr von der niederländischen ABN Amro gekauft hat.
Die Fortis-Aktien brachen letzte Woche tief ein, dann tauchten in der zweiten Wochenhälfte Anzeichen einer ernsthaften Krise im Unternehmen auf.
Analysten sind sich einig, dass die Bank mit ihren 85 000 Mitarbeitern zu groß ist, um sie pleite gehen zu lassen.
Die Aktien der Bank fielen am Freitag um 12% und damit auf den niedrigsten Stand seit 14 Jahren.
Der Wert der Aktien ist seit Januar um zwei Drittel gefallen.
Unter Berücksichtigung der aktuellen Aktienkurse beläuft sich der gesamte Marktwert des Konzerns auf rund 14 Milliarden Euro. Dies spiegelt jedoch nicht die Realität wider, sagen die Firmenchefs.
Das Management macht die Unsicherheiten in Übersee - die mit der Annahme des amerikanischen 700-Milliarden-Dollar-Pakets verbunden sind - für den Kursverfall der Fortis-Aktien verantwortlich.
Die Aktien legten am Montag leicht zu.
Filip Dierckx wurde am Freitag zum neuen Vorstandsvorsitzenden der Bank ernannt.
Das Geldinstitut war auch auf der Suche nach privaten Käufern, aber es wurde bisher kein substanzielles Angebot unterbreitet.
Die belgische Regierung hatte zuvor erklärt, die Anleger hätten keinen Grund zur Sorge, sie würden ihr Geld nicht verlieren.
Unter den Kunden der Bank ist bisher keine Panik ausgebrochen, es hat keinen Ansturm auf die Banken gegeben.
Fortis hat in Ungarn eine eigene Bank und auch Leasinggesellschaften aufgekauft.
Fuchs im Hühnerstall
Die amerikanischen Lebens- und Krankenversicherungen weigern sich aufgrund ihrer Medikamentenkaufdaten häufig, einigen Bürgern Versicherungen zu verkaufen.
Datenschützer fürchten, dass der Datenmarkt unkontrollierbar wird.
"Es gibt ein Datenschutzprogramm, das die Einwilligung der betroffenen Person erfordert, um die Medikamentenrezeptdaten zu verwenden.
Sie sollte unabhängig sein, sonst bewacht der Fuchs den Hühnerstall ", zitiert die Washington Post Richard Dick, den Entwickler des Programms zur Überwachung von Arzneimittelverschreibungen.
Die Versicherungsgesellschaften entscheiden je nach Gesundheitszustand des antragstellenden Kunden über die Versicherungssumme und die Höhe des zu zahlenden Schadens, und wenn sie es für zu riskant halten, bieten sie keine Versicherung an.
Früher wurden die antragstellenden Kunden zu einer medizinischen Untersuchung geschickt, und der Vertrag wurde nur unter Berücksichtigung der Screening-Ergebnisse geschlossen.
Dick hat vor zehn Jahren eine viel billigere Methode entwickelt: anhand der Identifikationsnummer des Kunden kann die Art von Medikamenten, die der Kunde in den letzten 18 Monaten gekauft hat, leicht erkannt werden, so dass das Programm selbst die Konsequenzen hinsichtlich der Krankheiten und des Gesundheitszustandes des Antragstellers ziehen kann.
Beispielsweise bezieht sich der regelmäßige Kauf hoher Dosen cholesterinsenkender Medikamente praktisch auf die Tatsache, dass der Kunde einen unbehandelbar hohen Blutfettspiegel aufweist, wodurch diese Person sofort einer höheren Risikokategorie zugeordnet würde.
Im Handel gibt es verschiedene Versionen des Programms, von denen einige sogar den Risikofaktor definieren, so dass die Versicherungsgesellschaft nichts weiter zu tun hat als den Papierkram, obwohl kleinere Schwierigkeiten auftreten.
Einer der Nachteile ist die Tatsache, dass einige Medikamente für verschiedene Zwecke verwendet werden können, zum Beispiel sind einige medizinische Rezepturen zur Behandlung von Migräne, Hitzewellen oder sogar Depressionen.
Letzterer ist aus Sicht von Unternehmensversicherern ein signifikanter Risikofaktor, während die beiden anderen dies nicht sind.
Es gibt spezielle Unternehmen, die sich mit der Beschaffung und Verarbeitung von Daten befassen und die den Patienten um Erlaubnis fragen, bevor sie die notwendigen Informationen von den Apotheken erhalten.
Sie sind bereits dazu verpflichtet, obwohl ihre früheren Versäumnisse nicht bestraft wurden.
Manche Unternehmen verarbeiten sogar die Ergebnisse von Laboruntersuchungen und verknüpfen diese mit Medikamentenkonsumdaten. So können sie genauere Informationen über den Gesundheitszustand der Patienten liefern.
Immer mehr Unternehmen erhalten Zugriff auf die Daten, und gleichzeitig wird die Kontrolle ihrer Nutzung immer schwieriger.
Es gibt ein spezielles Gesetz zum Datenschutz im Gesundheitswesen, dessen Geltungsbereich jedoch nur Gesundheitsdienstleister und Versicherungsunternehmen umfasst.
Der Gesetzesentwurf zur Übertragung von Kontrollbefugnissen an die Behörden über Unternehmen, die mit der Bereitstellung von Daten befasst sind, wurde dem Kongress vorgelegt.
Dick Richard erkennt, dass dies nicht ausreicht: Deshalb hat er sein Programm weiterentwickelt, das nun die Datenübertragung einschränken würde, wenn dafür die ausdrückliche Zustimmung der betreffenden Person erforderlich ist.
Es ist allerdings eine andere Frage, dass der Antragsteller seine Zustimmung nicht wirklich verweigern kann, andernfalls werden die Versicherungsgesellschaften keinen Vertrag mit ihm abschließen.
Hühner werden also bis zu einem gewissen Grad weiterhin auf das Wohlwollen des Fuchses angewiesen sein.
Globales Marseille-Menü
Europäische Union und Indien verdoppeln Handel
Da die Europäische Union und Indien untereinander führende Handelspartner sind, stand neben anderen, hauptsächlich globalen Problemen auch dieses Thema im Mittelpunkt des neunten Gipfels.
Heute wird auch ein französisch-indischer Gipfel stattfinden, insbesondere über die Zusammenarbeit im Bereich der Atomkraft.
Obwohl die Europäische Union anerkennt, dass Indien eine aufstrebende demokratische Weltmacht ist, der in internationalen Angelegenheiten mehr Mitspracherecht eingeräumt werden sollte, konnten sich die Mitgliedsstaaten noch nicht darauf einigen, ob sie die ständige Mitgliedschaft Neu Delhis im UN-Sicherheitsrat unterstützen oder nicht.
Auf dem neunten Gipfel, der gestern in Marseille stattfand, wurde diese Angelegenheit also nicht erzwungen.
Der französische Präsident Nicolas Sarkozy als rotierender Präsident der Union, der Ausschussvorsitzende José Manuel Barroso und der außenpolitische Chef Javier Solana begrüßten den indischen Premierminister Manmohan Singh und vereinbarten, den Handelsfluss innerhalb von fünf Jahren zu verdoppeln, d.h. auf über 100 Milliarden Euro zu erhöhen.
Da der Warenaustausch zwischen 2000 und 2007 von 25 Milliarden auf 55 Milliarden angestiegen ist, ist dies kein übermäßig ehrgeiziges Ziel.
Dementsprechend wurden 26 bestehende bilaterale Abkommen mit Indien über die zivile Luftfahrt rechtlich harmonisiert, was bedeutet, dass der Luftverkehr in Zukunft flügeln kann.
Indien strebt die Unterzeichnung des Freihandelsabkommens mit der Union bis Ende 2009 an.
Sarkozy versprach, die Harmonisierung zu beschleunigen.
Das Ziel besteht darin, das Gleichgewicht zu finden, während Indien der wichtigste Handelspartner der EU ist, während Neu Delhi auf der Liste der EU-Partner nur den neunten Platz einnimmt.
Der Gipfel konzentrierte sich auf globale Fragen:
Zur Lage in Afghanistan und Pakistan sowie zum Terrorismus. Letzterer wurde von beiden Seiten in jeder Form verurteilt und die Einberufung der UN-Konferenz gefordert.
Auch der Abschluss der Doha-Handelsrunde wurde beschleunigt, obwohl bisher beide Parteien für das Fiasko verantwortlich sind.
Die EU bestätigte, ihr Energie- und Klimaprogramm aufrechtzuerhalten, was bedeutet, die Absicht zu haben, die Luftschadstoffemissionen bis 2020 um mindestens 20 Prozent zu senken.
Indien stimmte dem ebenso zu wie dem Ziel, auf der im nächsten Jahr anstehenden Klimakonferenz ein globales Abkommen zu erreichen und die Treibhausgasemissionen bis 2050 um 50 Prozent zu senken.
Ein weiteres Ziel war es, den Anstieg der Lebensmittelpreise zu verhindern, und ein Aufruf zu einer internationalen Konferenz zur Überprüfung der Finanzkrise wurde unterstützt.
Der indische Premierminister reist heute zu einem bilateralen Treffen in die französische Hauptstadt, wo er eine Vereinbarung über die friedliche Nutzung der Atomkraft treffen will.
Paris rechnet damit, dass französische Unternehmen den Zuschlag für den Bau von Atomreaktoren in Indien im Wert von 20 Milliarden Euro erhalten.
Nach Informationen der Nachrichtenagentur soll das Abkommen 15 Jahre lang in Kraft sein.
Über dreihundert italienische Redakteure in Frankfurt
Starke Präsenz italienischer Herausgeber auf der Internationalen Buchmesse in Frankfurt.
Mehr als dreihundert italienische Redakteure werden beim sechzigsten Jubiläum der Buchmesse anwesend sein, der wichtigsten internationalen Veranstaltung für den Austausch von Urheberrechten.
Die Internationale Buchmesse in Frankfurt erwartet zu diesem Anlass über siebentausend Aussteller aus 101 verschiedenen Ländern, die auf 171 790 qm Ausstellungsfläche über 403 Tausend Titel ausstellen werden. Ehrengast ist die Türkei.
Francesco Maria Giro, Staatssekretär für Kulturerbe und Aktivitäten, wird die italienische Regierung bei der Einweihungszeremonie des italienischen Pavillons vertreten: Italien wird als Institution mit einem italienischen Stand vertreten sein - 264 Quadratmeter Ausstellungsfläche.
Es folgt die Pressekonferenz im Raum Struktur des Pavillons 5.0 der Buchmesse: Hier werden Zahlen, Trends und ein Ausblick auf den Status der italienischen Verlagsbranche präsentiert.
Den Daten zufolge nimmt die Bedeutung von Büchern ausländischer Autoren in der italienischen Produktion, insbesondere für Erwachsene und Kinder, zunehmend ab.
Vor einem Jahr verschwand das Flugzeug des Millionärs Steve Fossett
Das Flugzeugwrack des Millionärs Steve Fossett, der am 3. September 2007 während eines Fluges über der Wüste von Nevada verschwand, wurde gefunden.
Die Wrackteile wurden auf einem Plateau in 3000 Metern Höhe in der Sierra Nevada im Gebiet der Mammoth Lakes an der Grenze zwischen Kalifornien und Nevada gefunden.
Im Flugzeug befanden sich jedoch keine menschlichen Überreste.
Der Sheriff von Madera County, John Anderson, hat alle verbleibenden Zweifel zerstreut: "Das Flugzeug wurde geortet, wir haben ein Team entsandt, und jetzt haben wir die Bestätigung, dass es das Flugzeug ist, mit dem Steve Follett am Tag seines Verschwindens flog", sagte er auf einer Pressekonferenz.
Danach wies der Sheriff darauf hin, dass weder im Flugzeug noch in der Umgebung menschliche Überreste gefunden wurden.
Der 63 Jahre alte Millionär war im Februar für tot erklärt worden.
Wie die amerikanische Verkehrssicherheitsbehörde NTSB mitteilte, wurde einige Stunden nach der Entdeckung des Wracks ein Untersuchungsteam entsandt, das das Flugzeug identifizierte: Es handelt sich um die Bellanca 8KCAB, die seit dem 3. September 2007 vermisst wird, als Fossett in Yerington in Nevada zu einem dreistündigen Flug abhob.
Gestern wurden in Kalifornien, nicht weit von der Grenze zu Nevada, einige persönliche Gegenstände von Fossett von einem Paar in der Nähe ihres Hauses in den Mammoth Lakes gefunden.
Bei den Gegenständen handelt es sich um zwei Dokumente auf den Namen Fossett, die beide von der Federal Aviation Administration of Illinois ausgestellt wurden, etwas Bargeld und ein Sweatshirt.
Die Suche nach Fossett wurde einen Monat nach seinem Verschwinden abgebrochen.
Der Millionär hatte sich dank einer Reihe von Weltrekorden einen Platz in der Geschichte gesichert.
Im Jahr 2002 gelang ihm bei seinem sechsten Versuch als erstem Mann die Weltumrundung im Heißluftballon: eine zweiwöchige Alleinfahrt.
Drei Jahre später legte er die Weltreise mit dem Flugzeug ohne Landung zurück.
Zu seinen vielen Rekorden gehört auch das Fliegen in 15.445 Metern Höhe über den Anden, allerdings mit einem Co-Piloten.
Glk, die Werbung, die Sie nicht erwartet
Ein SUV außerhalb der Norm mit einem originellen Design, das durch klare Linien, großzügige Oberflächen und sauber geschnittene Kurven gekennzeichnet ist.
Kurzum: Es handelt sich um den GLK, den jüngsten Zuwachs der "kompakten" Geländewagen des Starherstellers, mit dem Mercedes-Benz versucht, frischen Wind in diesen Sektor zu bringen.
Gerade weil seine Merkmale außerhalb der traditionellen Normen liegen, wird die Botschaft, die mit der Markteinführung des GLK-SUV einhergeht, auch unerwartet und unkonventionell sein: Ab dem 17. Oktober wird er in den Showrooms von Mercedes-Benz zu haben sein.
So wird die Werbekampagne, die die Premiere des neuen Fahrzeugs begleiten wird, eine neue Kommunikationsmethode auslösen, zu der auch eine futuristische Kampagne von 3D-Plakatwänden gehört, die zum ersten Mal in Italien von einer Automarke verwendet wird.
Ein Projekt großer Werbetafeln, das in drei verschiedenen Phasen in Gang gesetzt wurde und bis zum 15. November die zentralste Einkaufsstraße Mailands, den Corso Como, dominieren wird.
Die erste Phase dieser neuen Art der Kommunikation wird mit einer Präsentation des Autos in stereoskopischer Sicht beginnen, und dank spezieller Brillen, die in der Nähe des Corso Como verteilt werden, wird es möglich sein, das neue SUV in echter Größe und 3D-Format zu sehen.
Tatsächlich bekommt man beim Betrachten des Bildes das Gefühl, dass das Auto aus dem Plakat herausragt.
Anschließend werden durch den Einsatz der innovativen Technologie Elumina 8 alle Details des neuen GLK zu verschiedenen Zeiten ausgeleuchtet und anschließend zu einem einzigen Bild zusammengesetzt.
Zweifellos versucht Mercedes mit dieser Werbung etwas Neues in den herkömmlichen Bereich der Automobilwerbung einzuführen.
Ob es mit dieser Formel gelingen wird, das Interesse zukünftiger Käufer zu wecken, werden wir sehen.
Das sind die italienischen Hooligans
des Tri-Veneto, dem der Besuch von Sportveranstaltungen (Daspo) verboten werden kann.
Aber wer sind diese 150-200 Menschen, für die sich Italien jetzt schämt? Sie gehören zur Gruppe "Ultras Italia", die seit Jahren die Fußballnationalmannschaft unterstützt und bis jetzt, ehrlich gesagt, noch nie größere Probleme verursacht hat.
Ebenso wenig ist es jemals zu Zusammenstößen mit gegnerischen Fans gekommen.
Die Abwanderung der Gruppe ist rechtsgerichtet.
Die Projektträger kommen aus Tri-Venetien.
Von Verona, Padua, Triest und Udine.
Dazu gesellen sich einige kleine Gruppen (in Wirklichkeit nur sehr wenige Mitglieder) aus Campagnia und Apulien.
Sie tragen Trikolore-Fahnen mit der Herkunftsstadt der Militanten: Am Samstag wurden diese abgenommen, so dass sie nicht identifiziert werden konnten.
Sie greifen ihre Ideen von englischen Fans auf.
In Bulgarien fanden sie Anhänger, die echte Nazis waren, die Levski-Gruppe.
Die FIGC hatte den italienischen Fans 144 Eintrittskarten für das Spiel zur Verfügung gestellt: alle persönlich, also leicht kontrollierbar.
Und das Innenministerium in Viminale hatte sie alle überprüft: Von den Gruppen, die nach Sofia reisten, war keine verboten, keine durfte ein Stadion besuchen.
Vier italienischen Fans, die zuvor Stadiondelikte begangen hatten, wurden die Eintrittskarten verweigert und am Weitergehen gehindert.
Jetzt wartet das Innenministerium darauf, die offiziellen Aufzeichnungen lesen zu können, die von der bulgarischen Polizei eintreffen sollten, bevor es Maßnahmen ergreift: In diesem Fall ist es möglich, mindestens die Anhänger, die verhaftet wurden oder die während der Unruhen identifiziert wurden, für fünf Jahre zu verbieten.
Eine internationale Verbannung, die nicht nur den Besuch von Stadien in Italien, sondern in ganz Europa verbietet.
Kurz gesagt, unsere Hooligans würden kein weiteres Stadion betreten.
Glücklicherweise.
Aber jetzt gibt es Angst vor Nachahmung: Das heißt, dass sich andere zu den wenig mehr als einhundertfünfzig gesellen.
"Wir müssen diesen Flächenbrand sofort löschen und nicht diejenigen legitimieren, die sich so verhalten", versichern die Mitarbeiter des Ministeriums in Viminale.
Also "Augen auf, zumal die Nationalmannschaft am Mittwoch in Lecce spielt".
In Apulien gibt es tatsächlich einen kleinen Kern von Anhängern der Ultras Italia.
Morgen trifft sich die Beobachtungsstelle, am Dienstag die CASMS, die auf einen Teil der AISE zählen kann, das ist der Geheimdienst, der genau die Probleme in den Stadien bearbeitet.
"Der Chor Duce-Duce und der ausgestreckte Arm während der Mameli-Hymne? In Bulgarien ist das kein Verbrechen"....
Dies sind die (mit großer Enttäuschung ausgedrückten) Gedanken von Domenico Mazzilli, der seit ein paar Wochen Direktor der Sternwarte des Viminale ist (er hat das Amt erreicht, das zunächst Francesco Tagliente und dann Felice Ferlizzi innehatten).
Zuvor war Mazzilli Leiter der Polizeiverwaltung in Triest, wo sich ein Kern von Anhängern der 2002 gegründeten Ultras Italia befindet.
Es stimmt, sagt Mazzilli, dass es in Bulgarien kein Verbrechen ist, Hymnen auf den Duce zu singen, aber das Verhalten dieser 150-200 Fans war sicherlich beschämend.
"Ich bin kein Soziologe", fügt die Nummer 1 des Observatoriums hinzu, "das Verbrechen sollte dem Land angelastet werden, in dem sich der Vorfall ereignet hat.
Bis jetzt ist diese Gruppe innerhalb der Grenzen geblieben, jetzt werden wir sehen, was tatsächlich passiert ist, und wir werden es als zukünftigen Bezugspunkt auswerten.
Aber lassen Sie uns auch über das Pfeifen der Mameli-Hymne sprechen: Auch das ist in Bulgarien kein Verbrechen, aber, wenn ich sagen darf, es sind keine guten Manieren "....
