A jobboldali populisták győzelme Ausztriában, összesen 29 százalék
A két párt jelentős gyengülése az eddig nagy koalíció és a jobboldali populista pártok jelentős megerősítése a vasárnapi előzetes parlamenti választások első eredményeinek köszönhetően Ausztriában.
Különösen súlyos veszteségeket szenvedett az osztrák Néppárt (ÖVP), ahol súlyosan megdöbbent a jelenlegi elnök, Wilhelm Molter álláspontja.
Az Ausztria jövőjének szövetségének (BZÖ) választási vezetője, Jörg Haider korotán kormányzója győzelmet arat a nemzeti politikába.
Az előzetes eredmények szerint a szociáldemokrata párt (SPÖ) továbbra is a legerősebb párt az országban, 29,8 százalékos szavazattal, de az utóbbi 2006-os választások ellen 5,5 százalékos szavazatot veszít.
Még rosszabb lett az ÖVP, amely 25,6 százalékkal vesztette a szavazatok közel kilenc százalékát.
Ez a két nagy párt legrosszabb eredménye az osztrák háború utáni történelemben, és különösen a korai választásokat indító népszavazóknál, szó szerint katasztrofális eredmény.
Még július elején, amikor az ÖVP kilépett a koalícióból, a népszavazók jelentős előrelépést szereztek a SPÖ-nél.
A választópolgárok azonban nyilvánvalóan büntetik őket azért, mert megengedték a kormány összeomlását.
Már az eredményekre adott első reakciókban spekulációk merültek fel a párt elnöke és a jelenlegi alkancellár, Wilhelm Molter lehetséges lemondásáról.
A megfigyelők szerint ez hétfőn a párt elnökségének rendkívüli ülésén is előfordulhat.
Az ilyen fejlemények látszólag megkönnyítik az utat a választási eredmény egyre valószínűbb kimenetelére, azaz a nagy SPÖ és ÖVP koalíció helyreállítására.
Mivel mindkét jobboldali populista párt megerősödött - a szabad párt (FPÖ) előzetesen 18 százalékot és a BZÖ 11 százalékot szerzett - a szociáldemokraták ugyanakkor aggodalmukat fejezték ki az 1999-es ismétlés miatt, amikor a népszavazók egyetértettek a populistákkal (amikor még az FPÖ egységes volt, 2005-ben elszakadt a BZÖ-től) a közös kormányról, amely még az Európai Unió szankcióit is kiváltotta.
Ezt a fejleményt nyilvánvalóan a Haider fogadta el, aki már kijelentette, hogy készen áll arra, hogy bármilyen párttal együttműködjön, és elvárja, hogy visszatérjen Bécsbe a nemzeti politikába.
A Zöldek pártja a parlamentbe jutott, de könnyen elvesztette magát, és az osztrák politikai pártok között a harmadik és az ötödik helyen esett.
A többi párt egyáltalán nem lépett túl a 4 százalékos határon, és nem jutott be a parlamentbe.
Schwarzenberg: az indiai kapcsolatok hidegebbé válhatnak
Ha nem sikerül megoldani a problémát a cseh tudósok, akik Indiában vádolják a jogellenes gyűjtés, a cseh külügyminiszter Karl Schwarzenberg szerint bizonyos hűtést a cseh-indiai kapcsolatok.
A miniszter azt mondta New Yorkban, miután ma találkozott indiai kollégájával, Pranab Mukherjeivel.
"Ha ez nem megoldódott, akkor igen, akkor bizonyos hűtés következett volna be" - mondta a cseh kezdeményezésről tartott találkozón.
Mukherjei a tárgyalások után azt mondta, hogy a végrehajtó hatalom nehéz beavatkozni a bírósági ügyekben.
Mindazonáltal kijelentette, hogy Peter Šváchy ügyében, akit a vádakból mentesültek és bírsággal büntetnek, a központi kormány tárgyalhat a Dárdžiling helyi kormányával, amelynek joghatóságába tartozik az ügy.
„A probléma megoldható” – mondta a miniszter.
Emile Kucher számára, akit három év börtönbüntetésre ítéltek, Mukherjee szerint a legjobb lenne, ha felsőbbrendű bírósághoz fordulna.
Aztán kérheti a szabadon bocsátását a garanciára, és a bírósági ítéletre várhat a szabadságra, magyarázta.
Schwarzenberg megerősítette, hogy partnere a tárgyalások során is kifejtette magát.
"A fellebbezést javasolja a legfelsőbb bírósághoz, akkor lehetne megbocsátani" - mondta a cseh diplomácia vezetője.
Az egyetlen módja annak, hogy a cseh párt belépjen az egész ügybe, az, hogy „kompetens jogi támogatást” nyújtson az elítélteknek – mondta az indiai miniszter.
Ugyanakkor azt is elmondta, hogy az indiai párt is ilyen segítséget nyújt nekik.
"A legnagyobb érdeklődésünk az, hogy Indiával fenntartjuk a legjobb kapcsolatokat, amelyek hosszú hagyományokkal rendelkeznek.
Az indiaiak ezt is elismerik” – mondta Schwarzenberg.
Ugyanakkor, ahogy azt a CTK mondta, partnere előtt hangsúlyozta, hogy a Cseh Köztársaság nagy jelentőséggel bír a cseh entomológusok problémájára.
"Tényleg mély hiba ezeknek a cseh tudósoknak a letartóztatása és vádolása" - mondta.
A választ arra a kérdésre, hogy kapott-e az indiai párt ígéretét a dolgok megvitatására, a miniszter elkerülte.
„Nagyon sok ígéretet kaptam” – tette hozzá.
Csehország elítélte a tenger alján való küzdelmet
Hozzáfér a fal elektronikus térképre, amely bemutatja Ausztráliát és a szomszédos tengeri területeket.
Azonban nem a kontinens érdekli, hanem a kék óceánban elveszett kis pont.
"A sziget Ausztráliához tartozik, és vele együtt a szomszédos tenger alján is.
A térség ugyanolyan nagy, mint a kontinens” – mondta Luigi Santosuosso olasz ügyvéd, aki az ENSZ Óceán- és Tengerjogi Tanszékének 30 tagú munkatársa.
A főnök, a divízió igazgatója, a cseh ügyvéd Václav Mikulka figyelemmel kíséri az értelmezést, és néha kiegészíti.
Itt uralkodik a munkahelyi izgalom és lelkesedés.
A tenger alján rejtőzik egy eddig kevéssé ismert világ, gazdag természeti erőforrások.
Itt megtalálható az olaj, a bányák és más ásványi nyersanyagok, de még ismeretlen élő szervezetek is, amelyek magukban hordozzák a kulcsot például a rák elleni gyógyszer kidolgozásához.
A talaj nagyobb, mint a talaj
A tengerentúli államok ma új tengeralattjáró területet kértek.
Az Egyesült Nemzetek Egyezménye szerint az Egyesült Nemzetek az 1982-ben a Jamajka-i Montego-öbölben megállapodott jogai érvényesülnek.
Ez elsősorban az úgynevezett kontinentális szelf terület, amely gyakran több száz kilométerre fekszik az adott ország partjaitól.
Az Egyezmény értelmében kizárólagos joggal rendelkezik a kontinentális szelf összes forrására.
Egyszerűen fogalmazva, a kontinentális sál mögött a tengerszint és a tengerszint azon része van, amely a tenger alatti kontinens természetes folytatása.
A part menti tenger határain túl, gyakran két száz tengeri mérföld határán túl, az úgynevezett kizárólagos gazdasági övezetben” – magyarázza Mikulka.
Az ország által a kontinentális szelf külső határainak meghatározására irányuló bizottsági kérelemnek számos költséges felmérésen és mérésen alapuló átfogó tudományos és műszaki dokumentációval kell rendelkeznie.
Ez az évek előkészítő munkájának eredménye.
„Az egyik feladatunk, hogy jogi és szakmai technikai segítséget nyújtsunk a Bizottságnak.
A Bizottság eddig öt kérelmet tárgyalt: Oroszországot, Brazíliát, Ausztráliát, Írországot és Új-Zélandot.
Eddig csak az utóbbi három ország sikeres volt” – tette hozzá Mikulka.
A világbemutató a közelmúltban megjegyezte Ausztrália sikereit, amely elsőként jelentősen bővítette tengeralattjáró tartományát.
Új-Zéland is megszerezte, a tengerdő területe, amelyet a Bizottság a múlt héten elismerett, körülbelül 1,6 millió négyzetkilométer, vagyis körülbelül hatszor nagyobb, mint az állam mérete.
Mindkét ország több millió dollárt fektetett be a felmérésbe.
Az a nyereség, amelyet a tenger alján való felhasználásból a jövőben elárasztanak, ígéretük szerint becsülhetetlen lesz.
A kérelmeket más országok is fokozatosan benyújtják.
Ezt tíz évig megtehetik, miután megerősítették a Montego-öböl-egyezményt.
Ott, ahol a kontinentális szelf véget ér, megkezdődik az óceán alsó része, amelyet egy egyezmény "az emberiség közös örökségének" nyilvánított.
Itt már egyetlen állam sem rendelkezik kizárólagos státusszal.
Ebben a területen a bányászati jogot az egyezmény által létrehozott nemzetközi intézmény adja meg.
"A tengeri aljzat azonban nem Klondajk" - mondja Mikulka vezérigazgatója, és azt mondja, hogy "az egyes területek jogilag egyértelműen meghatározzák, és a rendszerük szerződéses módon megalapozott".
Csehek a Csendes-óceánban
A tengerszint részét ma a Cseh Köztársaság is magában foglalja.
Megosztják őket az egykori keleti blokk többi államával az „Interoceanmetal” közös szervezet keretében.
1991-ben az egyezmény értelmében, valamint néhány más állam befektetői, az úgynevezett „előrejelző befektető” státuszt kapták.
A ClarionClipperton zónája a Csendes-óceánban található, Mexikó, a Hawaii-szigetek és a Kiribati között.
A befektetők által vizsgált terület egy kicsit nagyobb, mint a volt Csehszlovákia.
Az alján van egy tag, ez egyfajta tengeralattjáró replika Tater.
„Ebben a területen 75 000 négyzetkilométeres területen lehet kihasználni.
A terület a nikkel, a réz, a kobalt és a mangán tartalmú polimetal betonok gazdag helyszíne" - mondja Ind Pakshi Rajan, egy másik jogász.
A macedón divízió munkatársa, Robert Sandev egy ilyen konkrét példát mutat be.
Emlékszik egy kis burgonyára, vagy egy kis fantáziára, egy bájos shemo-ra, amely a legenda szerint Golema-t életre kelte.
A német speciális hadsereg a foglyok felszabadításán dolgozott.
Az egyiptomi kormány segítséget kért Németországból a foglyok válságának megoldásában - a szakértők megérkeztek.
Amikor a helyzet megrongálódott, a különleges egységek készen álltak, de a kiküldetés nem történt.
Az Egyiptomban elrabolt 11 európai turista szabadon bocsátásának további részleteit fokozatosan nyilvánosságra hozták.
A védelmi minisztériumok és a belügyminisztériumok adatai szerint a német különleges erők is közvetve részt vettek a mentési akcióban.
A minisztériumok szerint a felszabadítás helyszínére mind a szövetségi hadsereg szakértői, mind a német rendőrség terrorellenes csoportjának GSG9, a szövetségi rendőrség, a szövetségi bűnügyi hivatal, valamint a Technisches Hilfswerk logisztikai szakértői voltak.
A két minisztérium szóvivője közölte, hogy hétfőn délután nem volt szükség a német erőkre, mert a foglyok elhagyták a foglyokat, és elmenekültek, amikor észlelték az erőszakos felszabadulás jeleit.
Az egyiptomi kormány szerint Németország által kínált segítséget támogató erőként fogadta el a helyszíni fellépéshez.
„Szerencsére ez nem történt meg” – mondta a szövetségi belügyminisztérium egyik szóvivője.
A támadók öt németből, öt olaszból, egy románból és nyolc egyiptomi útmutatójából álló utazó csoportot fogtak el szeptember 19-én Dél-Egyiptomban.
Miután elraboltak egy sivatagi régióban Dél-Egyiptomban, a foglyok az Egyiptom, Líbia, Szudán és Csád határterületén költöztek.
A rablók személyazonossága az utolsó pillanatig nem volt világos, valamint a felszabadulás vagy a váltságdíj lehetséges kifizetése részletei.
Jelenleg a megmentés Káhirában rendben van.
Steinmeier miniszter elmondta, hogy a szabadon bocsátott foglyok a német nagykövetség gondozása alatt állnak.
A felszabadítás részleteit nem nyilatkozta.
Berlinben egyelőre nincs információ arról, hogy a mentők mikor térnek vissza Németországba.
A "Bild" újság szerint mind az öt turista különleges erőkkel a német légierő egyik Airbus repülőgépe lesz, és kedden érkezik Németországba.
Az amerikai képviselőház elutasította a mentőcsomagot
Az Egyesült Államok Kongresszusának első kamrája a 700 milliárd dollár értékű pénzügyi piacok mentési csomagját a közel többséggel lezuhanták.
A Dow Jones index súlyosan csökken.
Az Amerikai Egyesült Államok képviselőháza 206-227-es szavazattal elutasította a pénzügyi piacok mentési csomagját.
Az Egyesült Államok elnökének, George W. Bushnak és mindkét fél vezető politikusának minden kihívása ellenére a pénzügyi piacok káoszának enyhítésére irányuló programhoz nem került sor a többség.
Drámai akcióval a rajongók kétségbeesetten megpróbálták meggyőzni a 700 milliárd dolláros csomag kritikáját.
Barney Frank, az egyik demokratikus tárgyaló, a szavazás előtt felszólította a képviselőt, hogy hozzájáruljon, bár, ahogy kifejtette, a terv nem népszerű.
„Nehéz politikai elismerést szerezni azért, hogy elkerüljünk valamit, ami még nem történt meg” – mondta.
Még a szavazás során is több mint hat százalékkal, vagyis 600 ponttal csökkent a Dow Jones index.
Ennek oka a befektetők aggodalma volt, hogy az állami mentőcsomag összeomlik.
Nem sokkal a szavazás végét megelőzően az index értéke emelkedett, hogy a csomag összeomlásáról szóló értesítés után ismét szigorúan csökkenjen.
A szakértők most még komoly turbulenciákat számolnak a nemzetközi pénzügyi piacokon.
Ahhoz, hogy a program hatályba lépjen, a képviselőház és a szenátus beleegyezésére van szükség.
Az utazási ügynökök figyelmeztetnek a foglalások számának növekedésére
Úgy tűnik, hogy a tél jó lesz a német idegenforgalmi vállalkozók számára:
Egy tanulmány szerint az utazási foglalások a következő hónapokban jelentősen megnövekedett az árbevétel az előző évhez képest - a téli szezonban még több mint 30 százalékkal.
A gyenge gazdasági növekedés ellenére a németek az utazás iránti vágyai megmaradnak.
A téli foglalások esetében az utazási irodák 31 százalékkal emelkedtek a tavalyi időszakhoz képest, amint azt a német utazási szövetség (Deutscher Reiseverband, DRV) hétfőn Berlinben közölte.
A GfK Piackutató Intézet felmérése szerint már az őszi hónapokban is megnövekedett a foglalások száma.
A DRV szerint az árbevétel októberben körülbelül 11 százalékkal magasabb volt, mint 2007-ben.
Ezeknek az eredményeknek az alapja a GfK számai, amely havonta 1200 német utazási ügynökség foglalási adatait értékeli, és interpolálja őket a teljes piacra.
Ez az eredmény magában foglalja a 2008 augusztusának végéig tartott utazások foglalását.
A dollár alacsony árfolyama miatt elsősorban az Egyesült Államokba utazásokra van szükség, közölte a DRV.
Az utazások esetében a foglalások növekedése körülbelül egyharmadát teszi ki.
Ezenkívül a németek számára különösen keresett célpontok Spanyolország, Törökország és Görögország, valamint a hazai vizek.
Elsősorban a szervezett kirándulások folyamatban vannak, mondta a DRV elnöke, Klaus Laepple.
Figyelembe véve az energia- és élelmiszer-költségek növekedését, a költségek "az ügyfél számára könnyen kiszámíthatók, mint egyéni szabadságon".
A Laepple megmagyarázta, hogy a fogyasztók többek között pénzt takaríthatnak meg a korai foglalás vagy az all-inclusive ajánlatok kedvezményeinek használatával.
Még a nyári hónapokban is nagyon jó volt a foglalások száma, így az előző évhez képest ismét magasabb forgalom lesz - bár egy másik tanulmány szerint a németek száma, akik utaztak, az előző évhez képest csökkent.
Az első Oktoberfest
Végtelenül megismétlődő popcorn, sör a tapaszok és prominenti a vágás a híres tervezők.
Első alkalommal a sörfőzde.
Susanne Kronzucker és én nem sok a közös.
Ő egy szőke, televíziós moderátor, és visel egy csendes fülbevaló.
Én sötét hajam van, diák vagyok, és a ruhám a secondhandból származik.
Egy dolog azonban összeköti minket: még nem vagyunk három percig a sörpályán, és a fényképészek és a memóriakártyák gyorsan kitöltenek bennünket, mert az első alkalommal vagyok az Oktoberfestben.
Így lehet barátságos lenni.
Úgy tűnik, hogy az én olcsó vágás teljesítette a célját.
Itt vagyok turistaként, és a klobás egyenlőtér északi részén élek, így az én kényelemérzetem egy kicsit korlátozott volt.
De miután megérkezett Theresienwiese minden jobb, mint gondoltam volna.
Szinte mindenki női vágást vagy bőrös nadrágot visel; senki sem nézi magát szégyenteljesen vagy szégyenteljesen érintve - minden teljesen normális.
Különleges kilátások a csokoládéban lévő banánszalagon csak a csokorom gyűjti.
Egy müncheni asszony figyelmeztet arra, hogy rosszul kötöttem: „A bal oldalon szabad vagy, a közepén virágos vagy, a jobb oldalon megadva, a hátsó oldalon örökkévaló.”
A hátsó oldalról balra kereszteződnek.
„Jól” mondja, és nevet.
A mások finom flörtölési technikákkal nem foglalkoznak annyira, és egyszerű téglalapú kalapokat viselnek a "To drunk to get dressed!" felirattal, és az áthaladó meztelen hátizsákra szorítanak.
Az ilyen exhibicionista hajlamú fiatalember neve Bob, Angliából származik, és az Oktoberfestre is először érkezett.
Úgy tűnik neki "gorgeous", hosszabbított "óóó".
Ezt meséli el, miután megkönnyebbült az éppen ivott mázról.
Közvetlenül az egyik a hidrantok, amelyekről mindenki úgy gondolja, hogy ezek a hulladékkerékek.
Bob tehát az egyik félelmetes "Wildbiesler", ahogyan azt Bajorországban nyilvánosan szabadon vizelőknek nevezik.
A többi szerencsét, hogy megszabadulni az ilyen módon az alkohol nem.
Körülbelül nyolcadik este futnak a területen, ahol az Oktoberfest kerül megrendezésre, csúnya egészségügyi dolgozók, akiknek gondoskodniuk kell a szegény részegek.
Az egészségügyi szakemberek mindig a tálcákban jelennek meg - négyben fedett hordozókat viselnek a tálról a tálcára.
Úgy működnek, mint a legtöbb látogató söröket: üres ott, tele újra vissza.
Aki az ágyak alatt fekszik, az nem látható.
"Ez csak te, aki már nem tud tovább" - válaszol a kérdésemre az egyik egészségügyi szakember, és eltűnik a tömegben.
A rendőrség közzétette a baleset áldozatainak nevét
A 36 éves nő nevét közzétették, aki egy kórházban halt meg, miután egy autó ütközött össze Essexben.
A Brentwood-i Shenfield Road-i baleset péntek délután Carole Paulsonot érintette a Chelmsford Road-ból.
A lányt Romfordban a Queen's Hospital kórházba szállították, de később meghalt.
A baleset után egy 15 éves férfit tartóztattak le gyanúja miatt.
A rendőrség garanciáján már szabadon bocsátották.
Tovább bővül a török diplomáciai horizont
Hosszú ideig, mielőtt Törökország elkezdte megpróbálni csatlakozni az Európai Unióhoz, az európai hatalmak mélyen behatoltak a török zsákmányba.
A Bosznia keleti partján, talán csak húsz lépés Ázsiában, az egyik legjobb emlékmű ez a sikertelen birodalmi ambíció.
A Hydarpaša vasútállomást két német építész Otto Ritter és Helmut Conu tervezte a neorenesáns stílusban.
Ezt mondják a turisztikai útmutatók.
Az épület ül kerekül a végére az utódok a torony minden sarkában az átkelés, a kilátás a megkülönböztetés valamilyen tartományi német városháza.
A kő piszkos.
Az egész épület lassan összeomlik.
De amint egy személy belép a csúszott pénztárgépbe, már nem lehet kétségbe vonni a vállalat méretét, amelynek legnyugati kapuja az állomás volt.
1908. augusztusában megnyitotta az állomást az Anatoliai-Baghdadi Társaság német konzorciumja.
Németország, amely későn részt vett a birodalmak játékában, szándékozott megvalósítani a Közel-Keleten való uralkodásra irányuló törekvéseit ezen a vasútvonalon keresztül, amely Damaszkuszba, Bagdadba és továbbra is Szaúd-Arábiába vezetett.
De a német birodalmi ambíciók az első világháború alatt összeomlottak.
A kollégiumokat az arábiai Lawrence és rendellenes csapatai támadják.
Relatív elszigeteltség a környező területektől, amelyet a hidegháború fagyasztott határai okoznak, eltűnt
A brit és a gyarmatosító csapatok Egyiptomból léptek előre, és elnyomják a törököket és a német szövetségeseiket Palesztinából és Szíriából.
És a Hydarpaša állomás számára is rossz hírek jöttek.
1917-ben egy lőszivattyú robbanása elpusztította a tetőjét.
A török források szerint ez sabotázás volt.
Azóta fokozatosan elterjedt, és a történelem elkerülte.
Ma azonban ez a kapu Anatóliába és tovább keletre szolgál - legalábbis szimbolikusan -, hogy hangsúlyozza a török diplomácia bővülő horizontját.
Az Igazságosság és Fejlesztés kormányzó pártja (AKP) teljesen új külpolitikát hozott létre az ország számára.
A környező területektől származó viszonylagos elszigeteltség, amelyet a hidegháború fagyott határai okoztak, eltűnt.
Most egy új politika folyik - Törökország elkötelezett.
Érdekes, hogy a török kormány jó kapcsolatokkal rendelkezik Izrael és Szíria, a palesztin frakciók Hamasz és Fatah, Irak és Irán, és természetesen az Európai Unió és az Egyesült Államok.
Annak érdekében, hogy megvizsgáljam ennek az új politikának paramétereit, éjszakai vonaton indultam Ankara török fővárosába, ahol találkoztam az AKP egyik vezető külpolitikai szakértőjével, a török képviselővel, Suatem Kiniklioglom.
Másnap reggel - körülbelül tíz és fél óra múlva - a híres Éjszakai Posta című dokumentum ősi világ ritmusait emlékeztető vonalakon haladó kirándulás után megérkeztem a török metropoliszba, melyet egy szekuláris állam új városaként terveztek, aki vissza akar térni az ottomán múltjához.
Az AKP azonban jól ismert iszlamista gyökerével a török konszenzus paradigmájának áthaladását jelenti.
Nyugaton felmerült a gyanú, főleg Washingtonban.
A taxik elvezette engem az AKP fő táborába, egy rendkívül modern kő- és fémépülethez, amelyet szándékosan építettek a fejlődő elővárosban, és amelyet félreépített kereskedelmi házak és hatalmi kereskedelmi üzletek körül forgatnak, ahol a kereskedelmi ruhák középső menedzserei - férfiak és nők - találkoznak, hogy korai reggeli üzleteket végezzenek.
Suat Kiniklioglu nyugodtan központi jobboldali politikus lehet majdnem bármely más európai politikai pártból.
A bőrönd, a nyaklánc, biztos vagyok benne, hogy a Blackberry is volt.
„A párt külpolitikájának célja, hogy Törökországot a legközelebbi környékébe integrálja.
A hidegháború anomália volt” – mondta.
Törökországot eltávolították az elzáródásuktól.
Ma egyszerre keletről és nyugatról kell nézni.
Ez nem volt választás.
Mindkettőt meg kellett tennie.
"De biztosan eljön az idő," megkérdeztem, "mikor Törökországnak meg kell döntenie?"
“Törökország – mondta – nem akarta, hogy ilyen döntést hozzon.”
Aztán hangsúlyozta, amit szinte mindenki, akivel itt beszéltem, majdnem emlékezetes módon mondott: a török kapcsolatok nemcsak a Közel-Kelettel, hanem a Kaukázussal és a Fekete-tenger környékével is ugyanolyan előnyökkel járnak Európának és az Egyesült Államoknak, mint Törökországnak.
A fedélzeten lévő Törökországgal úgy tűnik, hogy egész Európa, metaforikus módon, ezeket a pályákat keletről Ázsiába és a Közel-Keletről vezetheti.
Visszatérve a Hydarpaša állomásra, miután az éjszaka többnyire felébredt, azt gondoltam, hogy a két német Mr. Ritter és Mr. Con, akik figyelték, hogy ez az épület száz évvel ezelőtt épült.
Milyen meglepődni fognak, ha felfedeznék, hogy az európai törekvések a Közel-Keleten most jelentősen a törökök kezében vannak.
És amikor a kikötőben vártam a Bosznia-Hercegovinán át visszatérő hajót, emlékszem arra, hogy azokban a napokban Törökországot "Európa beteg embere" nevezték.
Tehát úgy tűnik, hogy legalább akkor nem volt sok kétség, hogy melyik kontinensnek joga van erre a lenyűgöző országra.
Emlékezetes életek: Vernon Handley és William Woodruff
Mark Brown írja: Mint Guildford zenei vezetője 1962-től, Vernon "Tod" Handley (nekrológus, szeptember 11-én) volt felelős Guildford Filharmonikus Orkestra és Szövetség.
A körzeti zenei terv részeként egy kiváló Proteus ifjúsági testületet alapított egy évre.
21 évesnek kellett lennie, de az időben, amikor Proteus 1979-ben énekelt utoljára, néhányan közel 30 évesek voltak - egyszerűen elutasítottuk a testületet.
A név "Proteus" (mitológiai alakváltozó) képviselte a gyülekezet hajlandóságát és képességét, hogy bármilyen zenét, amelyet bemutatott neki - akár madrigaly vagy Messiaen, akár önállóan, akár az egész zenekar.
Az ilyen fiatal testület által létrehozott zenei alkalmazkodás gyakran lenyűgöző volt, mindig izgalmas, és mindez az egyetlen ember inspirációjának és a zene iránti lelkesedésnek köszönhető, amely az egész idő alatt teljesen változatlan maradt.
Milyen gyakran csak Tod azt mondta nekünk, hogy „engedjük, hogy a zene önmagáért beszéljen”.
Azt mondta: „A szerkesztő tudja, mit akar.
Ez az egész a zene.
Ezért énekeljetek!”
A taktov technikája teljesen világos és pontos volt, de nem volt sem diktátoros, sem virágos.
Bárhol is volt a zenei szabvány, mindig is felemelte.
John Frayn Turner írja:
Ha valamilyen vezérigazgatónak a lovagnak kellett lennie, akkor Vernon Handley volt.
Két évtizede ismertem őt, amikor a Guildford Filharoministát 1962 és 1982 között vezette.
Az elmúlt mintegy 40 évben több mint 100 koncertjét felülvizsgáltam, és őszintén mondhatom, hogy soha nem csalódtam egyikükkel - és sokszor inspiráltak.
Tod Handley volt egy ilyen nagyszerű kombinációja a méret és a személyes alázatosság.
Nem gyűlölte az irányítókat, akik, az ő szavai szerint, egyszerűen "egy vagy két csúszdát húztak a világon".
Sokan közülünk hiányoznak.
William Woodruff
John Beckett professzor ezt írja:
A nekrológus, William Woodruff (25. szeptember) azt állítja, hogy "1946-ban visszatért az Oxfordi Gazdasági Történelemhez, és 1950-ben a Houblon-Norman kutatóvá vált ... miközben a BSc, a MA és a PhD tanulmányait folytatta".
Ez a szerző Woodruff Beyond Nab End megjegyzésén alapul, de ez nem pontos.
1946-tól 1953-ig a Nottinghami Egyetemen tanította a gazdasági történelmet, és abban az időben a professzor J. D. Chambers által vezetett brit gumiabroncsipar disszertációját végezte, majd 1958-ban a British Gumiabroncsipar kiadványaként adta ki.
Valójában az 1950-51 éveket a Houblon-Norman kutatóként töltötte Amerikában, és az 1952 nyarán az Illinois, a Harvard és a New York Egyetemen.
1953-ban véglegesen elhagyta Nottinghámot, és Illinoisba költözött.
Nem ismert, hogy Woodruff miért ment át karrierjének ezt a részét.
J. Vicente Resino a Filozófiai Karban
„Jossi Vicente Resina „Flamenco és az élet” kiállítását ajánlom, mert dokumentumfilmjei fekete-fehér fotók csodálatosak.
Az egyszerűséggel és az erőteljes lövéssel, amellyel a nézőket érinti, valamint a figyelmet és a tiszteletet a fényképezőgépek iránt.
A kiállítás, amely sok érzést mutat.
A Resino képes megragadni a mágikus pillanatokat.
A Honda második alkalommal támad a bestsellerével
A Honda novemberben megkezdi a Jazz második generációjának értékesítését.
Ha ennek az egyszemélyes járműnek az elődje már jelentős teret rendelkezett, most még tágabb belső teret kínál.
Ehhez a fejlett motorok csatlakoznak, amelyek növelik a vezetés kényelmét és lehetővé teszik az üzemanyag megtakarítását.
A forradalom helyett az evolúció.
Ez a Honda Jazz második generációja.
Annak ellenére, hogy az esztétikai szempontból az új Jazz vonalak nagyon hasonlítanak az előző modellekhez, sok változás történt ebben az egyszemélyes autóban.
Emlékeztetni kell például az innovatív designra, az új platformra, a nagyobb dimenziókra és az új motorokra.
Még mielőtt új modellt vizsgálnánk, meg kell jegyezni, hogy az új Jazz hat évvel az első generáció bevezetését követően érkezik a piacra.
Ezért az első dolog, amit észre fogunk venni, az az a tény, hogy a Honda rövidebb időre volt szüksége a modell megújításához, mint más gyártók.
Bár Európában a Jazz kevésbé ismert modell, más piacokon az értékesítés jelenségévé vált.
Ez a helyzet Japán, az ország, ahol a Jazz volt a legeladottabb autó 2002-ben, valamint ebben az évben 2008-ban.
Japánban a Honda Jazz forgalomba hozatalát követően közel egymillió darab értékesült.
A második piac a régi kontinens, amely mintegy félmillió darab eladott hat év alatt.
A Honda azonban arra törekszik, hogy az új Jazz növelje az értékesítéseket a kategóriájában.
Míg a japán vállalat 2007-ben összesen 83 000 Honda Jazz-t értékesített, 2009-ben becslések szerint 100 000 autót számolnak be, ami az európai piacon 17% -os növekedést jelent.
A spanyol piacon a Honda 2002 óta összesen 8000 Jazz-t értékesített, ami a Honda Spanyolországban eladott értékének 6,7 százalékát jelenti.
Ami az új generáció JAZZ-t illeti, a spanyol fióktelep vezetői várják a 2 000 darab értékesítését egész évben.
Az új Jazz megjelenése lehetővé teszi a Honda számára, hogy jelentősen enyhítse az eladások spanyolországi csökkenését.
Az autógyártó vezetői így de facto várják az év végét, összesen 22 000 darab értékesítéssel, ami 4 000-rel kevesebb, mint 2007-ben, és 16%-os csökkenést jelent.
Az eladások növekedése ellenére a Honda a spanyol piaci részesedését 1,8 százalékra emelte, a tavalyi 1,6 százalékra.
2010-ben a japán cég várhatóan elérheti a 2 százalékot.
Ahhoz, hogy elérje ezt a részesedést, a Honda a következő új modelljének sikerére támaszkodik.
Ez a Honda Insight, egy 4,37 méteres kompakt méretű öt ajtós hibrid, amiből a japán cég évente mintegy 200 000 darab értékesítést ígér.
A piacok tekintetében a japán gyártó becslései szerint az Insight 50% -át az Egyesült Államokban értékesítik, míg a fennmaradó százalékot a régi kontinens és Japán osztja meg.
A Hondy Insight eladása várhatóan a jövő év első hónapjaiban kezdődik, miután januárban jelent meg a közönségnek Valenciában.
Az első generációhoz képest az új Jazz minden dimenziója megnövekedett.
Hosszúsága 3,9 méterre emelkedett (öt centiméterrel több), szélessége 1,69 méterre (két centiméterrel több) és a csomópont 2,5 méterre emelkedett, ami öt centiméterrel meghosszabbítást jelent.
A magasság viszont nem változott, és még mindig 1,52 méter.
A méretek megnövekedésével a belső tér is megnövekedett.
Ezt az előnyt az új platform használatával és az üzemanyag-tartály tárolásával érte el az előző Honda Jazz-nál már használt autó közepén.
Emellett a kétszemélyes alagrendszerrel rendelkező poggyászterem 399 literre emelkedett, 19 literrel több, mint az első generációs poggyászterem.
Meg kell jegyezni, hogy ezek a dimenziók a 1.4 motoros verzióban fordulnak elő, mivel a Honda Jazz 1.2 poggyászterülete 379 liter.
A külső elemek mellett – például a hátsó LED fények vagy a panorámás tetővel való felszerelés lehetősége – könnyebb a hátsó ülésekhez való hozzáférés.
A második üléssorozathoz vezető ajtók 80 fokos nyitási szöget biztosítanak az első Jazz-modellhez képest 67.
A második generációs Honda Jazz új motorokkal is rendelkezik.
Kezdetben ez a kis modell két 1,2 és 1,4 literes benzinmotorral lesz elérhető.
Mindkét motor az i-VTEC technológiát használja, amely alacsonyabb fogyasztást, alacsonyabb szén-dioxid-kibocsátást és kiváló teljesítményt nyújt a motorrendszerben, miközben a motor teljes körű forgalmával rendelkezik.
Az első 1,2 literes motor teljesítménye 90 lóerő 6 000 fordulatnál, maximális forgási teljesítménye 114 Nm 4 900 fordulatnál.
Ez a motor - amely az előző generációs Jazz 78 lóerővel rendelkezett - 5,3 liter fogyasztással és 125 gramm CO2-kibocsátással rendelkezik.
Az előző generációs motorhoz képest, amely az előző generációs motorhoz képest 83 lóerőt ért el, jelenleg 100 lóerőt ért el.
A Honda Jazz 1.4 100 lóerős teljesítménye 5,4 liter kombinált fogyasztást és 128 gramm CO2-kibocsátást jelent.
"A méh autója" megakadályozza az ütközéseket
A katasztrófavédelmi technológiák fejlesztésének előrelépéséhez a Nissan ezúttal a természetben, nevezetesen a méhekben inspirált.
Ez a japán vállalat olyan robotot hozott létre, amely a méhek repülésének mintáját veszi figyelembe, így megakadályozza a csapadékot.
Ez a Bio-mimetic Car Robot Drive, vagyis a BR23C, amely az első lépés a csapadékmegelőzési technológiákban.
A mérnökök központja a technológiai fejlődés Nissan Motor Co. robotok fejlesztették együttműködve a központja a tudományos és technológiai kutatás a rangos japán Tokiói Egyetem.
Kazuhir Doie, a márka technológiájának, kutatásának és fejlesztésének főigazgatója szerint a BR23C a Nissan biztonsági pajzs négy zónájának bővítéseként jelenik meg.
A robot feladata, hogy erősítse az esőzés megelőzésének képességét a márka járműveiben.
A repülés során minden méz létrehozza a saját személyes oval alakú helyét, amely nagyon hasonlít a Nissan biztonsági pajzsához.
A legfontosabb azonban a összetett méh szemek, amelyek képesek látni minden irányban a szögben több mint 300 fok, ami lehetővé teszi a méhek repülni a személyes térben megállás nélkül.
A vizuális funkció létrehozásakor a mérnökök azt tervezték, amit a lézer lokalizátornak (Laser Range Finder) neveztek.
A BR23C előtt 180 fokos körben két méteres távolságig tartó akadályokat rögzíti, kiszámítja az objektum távolságát, és jelzést küld a fedélzeti mikroprocesszornak, amely azonnal a kollíziós figyelmeztetőnek adja át.
"Amikor az akadályt észlelik, a robot utánozza a méhek mozgását, és azonnal megváltoztatja az irányt a kerekek jobb vagy még nagyobb szögre forgatásával, hogy megakadályozzák az ütközést.
A legnagyobb különbség bármely meglévő rendszerhez képest az a tény, hogy az összes mozgó manőver teljesen ösztönös.
Ha nem így lenne, a robot nem reagálna elég gyorsan, hogy elkerülje az akadályokat" - magyarázza Toshiyuki Andoh, a Mobil Laboratory igazgatója és a projekt főmérnöke.
A robot, ellentétben a méhekkel, nem mozog felfelé és lefelé, akár diagonálisan, mozgása csak két dimenzióra korlátozódik, és az irányra, amely lehetővé teszi a kerekek forgatását, de nem végtelen számú irányban és lehetőségben, mint a méheknél.
Ezért a Nissan a gyorsítás és a lassítás mellett a rotációs funkciót is használta, hogy megakadályozza a robotok összeomlását.
"A készüléknek csak néhány másodpercenként kell feldolgoznia az információkat, és ezeknek az adatoknak megfelelően meg kell őriznie magát.
Nem igényel információt vagy logikai intuíciót az előző manőverekből, ami lehetővé teszi, hogy két tucat kB memóriával szünet nélkül működjön.
Lehet, hogy meglepődni fog, de a memóriában nem beszélünk giga-ról vagy mega-ról.”
Ez az első lépés az új, azonnali csapadékmegelőzési technológiák fejlesztésében, a technológia, amelyben a Nissan tíz év múlva várja a sorozatgyártást.
A robot a lítium polimer akkumulátorokat használja, amelyek könnyebbek és hosszabb ideig tartanak, mint a lítium-ion akkumulátorok.
A technológia további lehetséges jövőbeli kihasználása a GPS műholdas navigációs rendszerbe való beépítése, amely a járművezetőket a cél felé vezetheti, miközben elkerülheti az út akadályait.
Élvezze a félelmet, mielőtt hipotekát kapna
El kell ismerni, hogy az Egyesült Államok Pénzügyminisztériuma, amellett, hogy elegendő tőkével rendelkezik az injekciók elosztására, nem hiányzik a találékonyság sem.
A válság előtt, és annak érdekében, hogy megakadályozzák az amerikaiak számára, hogy kockázati jelzálogokat vegyenek fel a kétes fizetőképességgel rendelkező bankoknál, az interneten népszerű tudományos játékot hozott létre a "Bad Credit Hotel".
Nem a rossz hitelek szállodája, nem a rossz hitelek szállodája.
A szálloda, és különösen a recepció úgy néz ki, sötét, hogy egy ember egyszer, kétszer és háromszor gondolkodik, hogy van-e az ideje, hogy kölcsönöket kérjen.
És különösen akkor, ahol kérni, ami valószínűleg az ő szándéka.
Az a tény, hogy a játék tartalmaz hasznos információkat, bár nem túl részletes.
Ez az oldal inkább a fiatalok számára alkalmas, mint az egész közönség számára.
Mi történik, ha a játék véget ér?
A szálloda belsejében egy álomszoba jelenik meg.
Legalábbis valami, mert a ház megvásárlásáról inkább nem beszélünk...
Morgan Stanley megnyitja a MUFG tőkét
A Morgan Stanley bankszámla bejelentette, hogy a Mitsubishi UFJ Financial Group (MUFG), a legnagyobb japán bank, amely kilenc milliárd dollárt költ a tőke 21% -ának megszerzésére.
Egy héttel azután, hogy felfedezték az előzetes megállapodásukat, a két bank elmagyarázta, hogy a MUFG a Morgan Stanley részvényeinek 9,9%-át 25,25 dollár egységes áron kívánja megvásárolni, ami összesen három milliárd dollár értékű bevételt jelent.
A megállapodott ár 19 %-kal alacsonyabb, mint az értékpapírok számviteli értéke augusztus 31-én.
A MUFG további 6 milliárd dollárt fektet be a konvertálható értékpapírok megszerzéséhez, amelyek 10% -os bevételt biztosítanak, és amelyek árfolyamát 31,25 dollárra becsülik.
Morgan Stanley megmagyarázta, hogy az egész művelet 29 dollár átlagos egységes áron történik, ami 28% -kal alacsonyabb, mint a jelenlegi árfolyam.
A Morgan Stanley részvényei 6,79 százalékot vesztettek, és 23.07 dollárra emelkedtek a Greenwich-idő körül.
"Ez a stratégiai egyesülés fontos lehetőséget kínál a Morgan Stanley átmenetének felgyorsítására a bankholding státuszra" - magyarázta John Mack, az amerikai csoport vezérigazgatója.
A Morgan Stanley a múlt héten elfogadta az új jogszabályt, amely lehetővé teszi, hogy tevékenységét megváltoztassa, ugyanakkor a Federal Reserve Bank felügyelete alá helyezi.
A MUFG-vel való egyesülés azt is megerősíti, hogy a jelenlegi pénzügyi válság arra kényszeríti a Wall Street legnagyobb esztétikáját, hogy sokkal óvatosabb megközelítést alkalmazzon, mint korábban.
A hétfőn bemutatott feltételek többek között azt mutatják, hogy a megállapodást az elmúlt néhány napban módosították: a múlt hétfőn Morgan csak bejelentette, hogy a japánok részvényeinek 20 százalékát körülbelül 8,5 milliárd dollárért adja el.
"Egy héttel ezelőtt úgy gondoltunk - magyarázta Tokióban Tošihide Mizuno, a MUFG vezérigazgatója -, hogy a részvételünk kizárólag a szokásos részvényekből áll.
Azonban a jelenlegi gazdaság és a piaci helyzet figyelembevételével a kockázatok minimálisra csökkentésére és fedezésére törekszünk.”
A mérsékelt átlagár alapján a MUFG a Morgan Stanley értékpapírokról 7% -kal kevesebbet fizet, mint a számviteli értékük.
A művelet eredményeképpen a részvényből származó nyereség körülbelül 20% -kal csökken.
A megállapodás előírja, hogy az MUFG egy év múlva átalakíthatja preferenciális értékpapírjainak fele rendszeres részvényekre, ha az utóbbiak egy bizonyos időtartamra 50 %-kal meghaladják az árfolyamot, vagyis körülbelül 47 dollárért.
Morgan Stanley biztosítja, hogy a MUFG által hozott tőke lehetővé teszi, hogy kihasználja a befektetési lehetőségeket, erősítse az egyensúlyát és növelje készpénzét.
A csoport szóvivője azonban elutasította a két új szövetséges stratégiai projektekkel kapcsolatos részletes tájékoztatást.
A MUFG befektetését követően a Morgan Stanley a Tier One 15 %-os fizetési arányával büszkélkedhet, azaz az egyik legjobb az iparágban.
Morgan megmagyarázta, hogy augusztus végétől "érzékenyen" csökkentette a mérlegét.
Az elmúlt hetek kihívást jelentettek a csoport számára, mivel a tőzsde árfolyama felére esett, míg az adóssággal összefüggő fizetésképtelenségi kockázat elleni biztosítási költségek drasztikusan emelkedtek.
Ezek a költségek hétfőn fordítva alakultak ki, de továbbra is magasak, körülbelül 12%.
A múlt héten a Goldman Sachs, a Wall Street nagy befektetési bankok egyetlen túlélője a Bear Stearns és a Lehman Brothers összeomlása és a Merrill Lynch megvásárlása után bejelentette, hogy 15 milliárd dollárt választott ki, részben a Berkshire Hathaway-től, a Warrena Buffett-csoporttól.
Rafael Correa hétfőn Quitóban.
Újraépíteni a köztársaság körül a szocializmus a XXI. században.
Ez a közös projekt a venezuelai Hugo Chávez, a bolíviai Eva Morales és az ecuadori Rafael Correy.
A harmadik jelölt a múlt vasárnap, a kollégái és barátai példáján, új alkotmánytervezetet nyújtott be a szavazásra.
És a küldetése teljesül, mivel a szavazók 64 százaléka, a hivatalos eredmények szerint a szavazatok 80 százaléka, a népszavazáson „igen” szavazott.
A szavazatok 28 százalékát, a szavazatok 7 százaléka érvénytelen, a szavazatok 0,7 százaléka üres volt.
Annak érdekében, hogy az alkotmányjavaslatot elfogadják, a szavazatok felét plusz egy szavazatot kellett kapnia.
A választókerületek keleti részén végzett két felmérés és a nem kormányzati szervezet becslése a vasárnap egyértelmű „igen” győzelmet megjósolt, 63 és 70 százalék között.
Rafael Correa vasárnap és hétfő éjszakáján az alkotmánytervezet győzelmét követelte.
"Az alkotmány az egész vonalban győzött" - mondta, és üdvözölte az ecuadoriaknak a Guayaquil kormányzat székhelyén, 280 kilométerre délnyugatra Quitától.
Ő maga is megértette, hogy Rafael Correa kapott üdvözleteket Chavez és Morales, de a chilei társa, Michelle Bachelet.
Az Amerikai Államok Szervezetének (OEA) megfigyelési küldetése szerint a szavazás csendben zajlott, a 444 pontra vonatkozó szövegre vonatkozott, amely az elnök által elősegített „új szocializmus” felépítésére irányul.
Az Alkotmányjavaslat az állam hatalmát a gazdaság felett megtisztítja azzal, hogy megvédi az ország „fejlesztési tervezését”, amely elsősorban a külföldi vállalatok által kivitelezett olajból és a külföldi bevándorlók által küldött devizáról él.
A Correou által védett javaslat, amelyet 2006-ban választottak ki, továbbá kiterjeszti az államfő hatáskörét, amely két egymást követő négyéves mandátumot hajt végre, és lehetőséget kap arra, hogy feloldja a parlamentet.
Correa már bejelentette, hogy kihasználja ezt a hatáskört, és 2009 februárjában új mandátumra jelentkezik.
Az alkotmány többek között megerősíti az ingyenes egészségügyi ellátás és az oktatás elvét, amelyet az elnök 13,9 millió lakosú országban kezdett bevezetni, ahol a lakosság 50% -a a szegénység határa alatt él.
Végül a külföldi hadseregek jelenlétének tilalmát is számolja, és ezzel megszünteti a Washington és Quit között létrejött megállapodást az ecuadori bázis használatáról az amerikai kábítószer-ellenes műveletek kiindulópontjaként.
Csehországban szabadon engedték a 19 rablót
Az egyiptomi hadsereg támadással 11 turistát és nyolc tagú kíséretét fogták el, akiket tíz nappal ezelőtt fogtak el.
Ők a Kairóban vannak.
Tizenegy európai turista és nyolc egyiptomi útmutatója, akiket tíz napig őrizetbe vették a sivatagban, hétfőn élőben és egészségesen szállították az egyiptomi fővárosba.
Csádban egyiptomi parancsnok szabadon engedték őket.
A támadók 15:30 körül érkeztek, nyilvánvalóan jó formában, egy speciális repülőgépen az al-Maza katonai bázisra, a Kairó nemzetközi repülőtérének szomszédságában.
Azonnal szállították, anélkül, hogy lehetőséget kapnának a sajtóban, helikopterrel a Maadi kórházba, a Kairó szomszédos rezidenciájába, hogy orvosi vizsgálatokat végezzenek.
"Teljesen egészségesek" és "a rablóknak semmilyen váltságdíjat nem fizettek" - mondta az egyiptomi idegenforgalmi miniszter, Zohejr Garrana a repülőtér útvonalán.
Szeptember 19-én őrizetbe vételétől fogva egy négykerekes járműben, az Uanat-hegyen, Egyiptom, Szudán és Líbia határain, egy csoport foglyokat az egyik rejtőzködésből a másikba 35 ismeretlen rabló hajtott végre.
A csoport 11 turista - öt olasz, öt német és egy román - valamint nyolc egyiptomi: két útmutató, négy sofőr, egy határőr, az Aegyptous ügynökség igazgatója, a szafari szervezője.
Egy egyiptomi biztonsági egység vezetője azt mondta, hogy a helyszínhez közeledő 30 különleges egység tagja, akik két helikoptert hajtottak végre, az éjszaka folyamán, közvetlenül a reggelt megelőzően elindultak.
"A lövöldözés megtörtént, a rablók fele meghalt, a többiek pedig elmenekültek" - mondta a forrás, aki azt akarta, hogy névtelen maradjon.
Megjegyezte, hogy összesen 150 egyiptomi speciális erők tagjait a "Blesk" egységből Szudánba küldték, ahol a német és az olasz parancsnokságok támogatását kapták.
Franco Frattini, az olasz diplomácia vezetője Belgrádból, ahol jelenleg tartózkodik, megemlítette a titkos ügynökök és az olasz különleges erők tagjainak szerepét.
"Meg kell ismernünk, hogy ezt az eredményt a titkosszolgálatunkból származó személyek professzionalitása és hatékonysága révén érte el" - hangsúlyozta.
Azt is elutasította, hogy a váltságdíjat kifizették.
A szudáni hadsereg a múlt héten bejelentette, hogy a rendőrség a négykerekű járművet tartóztatta le, amelynek fedélzetén rablók voltak, és hat embert öltek meg, köztük a csád parancsnokot, és kettőt letartóztattak.
A hadsereg azt állította, hogy összekapcsolódtak a Darfur-i lázadók csoportjával, a Szudán felszabadítási mozgalommal (SLA-U), amit az említett mozgalom azonnal elutasított.
Levelek - Csendes többség a kulturális üdülőhely
A kulturális finanszírozásról szóló vita az újságok oldalát palackos címekkel tölti be, és a jelenlegi választási kampány témája.
Minél jobban.
A kulturális életünk egyik területe azonban továbbra is elhanyagolható.
Ki fog felkelni, hogy a kis múzeumokhoz, archívumokhoz, régészeti ásatásokhoz és a nemzeti emlékhelyekhez, amelyek éhínségben halnak?
Milyen politikusok mernek arra emlékeztetni a szövetségi kormányt, hogy elhanyagolják emlékműveit és történelmi épületüket?
Hogy Quebecben, mint Kanadában, nincs olyan törvényünk, amely valóban védi a kulturális örökségünket?
Tudtad, hogy a francia kormány három és fél millió eurót fordít a Loira-völgyben található Chinon-kastély helyreállítására?
Az amerikai szomszédok esetében az Alkotmányban meg van írva, hogy a kulturális örökség védelme az amerikai kultúra részét képezi, és hogy ezt a örökséget minden állampolgár, minden választott képviselő és minden körzeti szervezet, együttműködve, meg kell védeni.
Québecben, a Québec Történelmi Társaságok Szövetségében, legalább 40 000 önkéntes, 211 Történelmi Társaság, Emlékművek, Archívumok és Gyermektudományi Társaság, arra törekszik, hogy felfedje a történelmet, megőrizze a magán archívumok gyűjteményét, és megőrizze a régészeti maradványokat egy pár apró.
Gyakran ezek a társaságok őrző kutyák a műemlékek, akik kétségbeesetten tiltakoznak, amikor a promótorok és a vezetők dobják ki a buldozerek a régi kövek és elfelejtett síremlékek.
Mikor várjuk a történelem és a műemlékek tribunáját?
A Benelux kormányai a Fortis bank állami részét
A Benelux államok részleges állampolgársággal segítenek a belga és holland Fortis banknak, amely az első Európában, amely az amerikai jelzálogpiac válságának terjedő hatása miatt bajba került: három ország támogatja a pénzügyi és biztosítási intézményt, amelynek tőke részesedése Magyarországon is van, 11,2 milliárd euróval.
A legmagasabb szinten megállapodtak a belga, a luxemburgi és a holland kormányok ezen a hétvégén az Európai Központi Bank elnöke és az európai versenybiztos részvételével.
A Fortis bank az első az euróövezetben, amely a nemzetközi pénzügyi piacok válsága alatt, amely már több mint egy éve hullámos, nagy válságba került, és az ügyben hozott döntéseket bizonyos tekintetben precedensnek tekinthetjük.
A vasárnap este született határozat értelmében mindhárom állam a bank vagyonának majdnem fele (49 százalék) megvásárolja.
A bank minden bizonnyal eladja a tőke részesedéseinek egy részét, különösen az ABN Amro holland banktól tavaly megvásárolt - főleg a biztosítási - tevékenységeket.
A Fortis részvényei tavaly jelentősen csökkentek, a hét második felében a válság súlyos jelei jelentek meg az alkotmányban.
Az elemzők azonban egyetértenek abban, hogy 85 ezer alkalmazottjával a bank túl nagy ahhoz, hogy csődbe kerüljön.
A cég értékpapírei csupán pénteken 12 százalékkal estek, a 14 éves minimumra.
Január óta a részvények értéke több mint kétharmaddal csökkent.
A jelenlegi részvényárak miatt a csoport teljes piaci tőke értéke körülbelül 14 milliárd euró, de a vállalat vezetői szerint ez nem valóságos.
A vállalat vezetése egyébként a Fortis részvényeinek csökkenésével kapcsolatos bizonytalanságot a tengerentúli piacon azzal kapcsolatos, hogy elfogadta a 700 milliárd dolláros amerikai csomagot.
Hétfőn már enyhén emelkedtek a részvények.
Pénteken Filip Dierckx új vezérigazgatót neveztek ki a bank elnöki tisztségére.
A Pénzügyi Intézet magánvállalatokat is kereste, de komolyabb ajánlatgal még senki sem jelentkezett.
A belga kormány már korábban bejelentette, hogy a befektetőknek nem kell aggódniuk, nem fogják elveszíteni a pénzt.
A bank ügyfelei között még nem tört ki pánik, és a fióktelepek nem támadtak meg.
Magyarországban a Fortis bank külön fióktelepe van, és több leasing céget is megvásárolt.
Szarvas a csirkében
Élet- és egészségbiztosítási cégek Amerikában az adatok alapján az emberek vásárlás gyógyszerek gyakran elutasítják a lehetőséget, hogy a kérelmező biztosítási szerződést.
Az adatvédelmi szakértők attól tartanak, hogy az adatpiac ellenőrizhetetlen lesz.
„Van egy adatvédelmi program, amely minden esetben a gyógyszerre vonatkozó adatok felhasználását az érintett személy engedélyével köti össze.
Az önálló ember kezében kell lennie, különben a csirkét a lilióra bízjuk" - idézi a Washington Post Richard Dick-t, a gyógyszeres előírások nyomon követésére irányuló program szerzőjét.
A biztosítási társaságok a biztosítási események esetén kifizetett biztosítási díjat és összegeket az érdekelt személy egészségügyi állapotától függenek, és amennyiben a kockázat túl nagynak minősül, a biztosítás nem zárható ki vele.
Korábban az érintetteket orvosi vizsgálatra küldték, és csak akkor kötötték a szerződést, ha tudták az eredményüket.
Tíz évvel ezelőtt Dick sokkal olcsóbb eljárást találott: az azonosító szám alapján az ügyfél a gyógyszertárakból könnyen megtudja, hogy milyen gyógyszereket vásárolt az elmúlt egy és fél évben, amiből a program maga is kimondja, milyen betegségben szenved és milyen állapotban van.
Például, ha rendszeresen nagy mennyiségű koleszterincsökkentő gyógyszert vásárol, ez arra utal, hogy gyakorlatilag ellenőrizhetetlenül magas a vérzsírszintje, ami azonnal a magasabb kockázatú kategóriába sorolja.
A program számos változata folyik forgalomba, egyesek egyidejűleg a kockázati tényezőt határozzák meg, így a biztosítási társaságnak a papírozáson kívül szinte nincs munkája, bár apró nehézségek merülnek fel.
A hátrányok közé tartozik, hogy a leckter gyógyszereket több célra is használhatják, egyes vegyületek például migrén vagy forró hullámok ellen használhatók, de hatékonyak a depresszió ellen is.
Ezek a kereskedelmi biztosító cégek szempontjából jelentős kockázatnövekedési tényezőt jelentenek, míg az elsősorban említett nehézségek nem jelentenek.
Az adatok megkeresése és feldolgozása céljából külön társaságokat hoztak létre, amelyek a gyógyszertáraktól a szükséges információkat megelőzően engedélyt kérnek a betegtől.
A hatóságok erre már kényszerítik őket, bár nem büntették meg őket a korábbi gondatlanságuk miatt.
Néhány cég a közelmúltban már dolgozik a laboratóriumi vizsgálatok eredményeit, amelyek összekapcsolják a gyógyszerek adatait, ami lehetővé teszi a betegek egészségügyi állapotának még pontosabb képét.
Az adatokhoz egyre több vállalat fér hozzá, ugyanakkor az adatok használatának ellenőrzése egyre bonyolultabb lesz.
Az egészségügyi adatok védelmére vonatkozó külön törvény létezik, de hatékonysága csak az egészségügyi szolgáltatókra és a biztosítási vállalkozásokra vonatkozik.
A törvényjavaslat, amely felhatalmazza a hatóságokat az adatkezelési szakirányú vállalkozások ellenőrzésére, a Kongresszus előtt áll.
Richard Dick elismeri, hogy ez nem elegendő: ezért a programját úgy fejlesztette ki, hogy az adatátvitelt az érintett személy kifejezett beleegyezésével köti össze.
Egy másik dolog az, hogy a szóban forgó engedélyt alig elutasíthatja, különben a biztosító cégek nem kötnek vele szerződést.
Tehát a csirkék mégis kissé jóindulatúan a csirkékre utalnak.
Globális marseille menü
Az EU és India megduplázza a kereskedelmet
Mivel az Európai Unió és India egymás vezető kereskedelmi partnerei, ez a téma a kilencedik csúcstalálkozóról a legmagasabb szintű tárgyalásokon kívül más, főként globális kihívásokon is uralkodott.
A mai napon megrendezésre kerül a francia-indiai csúcstalálkozó, amely elsősorban az atomenergia területén folytatott együttműködésről szól.
Az Európai Unió ugyanis elismeri, hogy India egy fejlődő demokratikus hatalom, amelynek nagyobb lehetőséget kell biztosítani a nemzetközi ügyekben való beszédre, de a tagállamok még nem találtak közös kinevezőt az ENSZ Biztonsági Tanácsának New Delhi állandó tagságának támogatására vonatkozóan.
Ezt a kérdést még nem tárgyalták meg a tegnapi, már kilencedik, Marseille-i csúcstalálkozón.
Nicolas Sarkozy francia elnök, az Európai Bizottság elnöke, José Manuel Barroso és Javier Solana külpolitikai főképviselője üdvözölte Manmohan Singh indiai miniszterelnököt, akivel megállapodtak arról is, hogy a kereskedelem az öt év alatt megduplázódik, vagyis több mint 100 milliárd euróra emelkedik.
Mivel a 2000 és 2007 között az áruk cseréje 25 milliárdról 55 milliárdra emelkedett, ez nem túl ambiciózus cél.
Ennek a jele a jogi szempontból a polgári légi közlekedésre vonatkozó, Indiával már meglévő huszonhat kétoldalú megállapodás összehangolt, így a jövőben a légi közlekedés is zöld lesz.
2009 végéig szeretnénk szabadkereskedelmi megállapodást kötni az EU-val.
Sarkozy megígérte, hogy a tárgyalások felgyorsulnak.
A cél az, hogy kiegyensúlyozzák az egyensúlyt, míg az EU India első kereskedelmi partnere, New Delhi az EU partnerei között a kilencedik helyen áll.
A csúcstalálkozó figyelmet fordított a globális kérdésekre is.
A helyzet Afganisztánban és Pakisztánban, illetve a terrorizmus - a két fél minden formájában elítélte és felszólította az ENSZ konferenciájának gyors összehívását.
A Dauhai kereskedelmi tárgyalások körének befejezését is indították, bár mindkettő jelentős részesedéssel rendelkezik a korábbi kudarcában.
Az Európai Unió megerősítette, hogy ragaszkodik az energia- és éghajlat-politikai programjához, ami azt jelenti, hogy 2020-ra legalább 20 százalékkal szeretne csökkenteni a káros anyagok kibocsátását.
Ezzel egyetértett India is, valamint abban, hogy a jövő évi éghajlat-konferencián globális megállapodást kell kötni, és 2050-re az üvegházhatást okozó gázok termelését 50 százalékkal kell csökkenteni.
Mindkét fél azt is szeretné, hogy megakadályozzák az élelmiszerárak emelkedését, és támogassa a pénzügyi válság elemzésére vonatkozó nemzetközi konferencia meghívását.
Az indiai miniszterelnök ma érkezik a francia fővárosba, ahol kétoldalú találkozón tárgyalnak az atomenergia békés felhasználására vonatkozó kereskedelemről.
Párizs úgy véli, hogy a francia cégek 20 milliárd euró értékű indiai nukleáris reaktorokat építenek.
Az ügynökség jelentései szerint a megállapodás 15 évig érvényes.
Frankfurtban több mint háromszáz olasz kiadó
Nagy részvétel az olasz kiadók a nemzetközi könyvkiállításon Frankfurtban.
Több mint háromszáz olasz kiadó vesz részt a Buchmesz 60. kiadásában, a jogcserére vonatkozó legfontosabb nemzetközi találkozón.
A frankfurti Nemzetközi Könyvkiállítás több mint hét ezer kiállítót vár ebben a kiadásban egy száz különböző országból, akik 171,790 négyzetméteres kiállítást tartanak, több mint négyszázháromezer címet látni, Törökország tiszteletbeli vendégként.
Francesco Maria Giro kulturális miniszterhelyettese képviseli az olasz kormányt az olasz pavilon megnyitó ünnepségén: Olaszország valójában intézményi módon részt vesz az olasz központ (Punto Italia) - 264 négyzetméteres kiállítási területen.
Következik a nyomtatási találkozó a Room Struktur Buchmesse a pavilon 5.0-ban: ez lesz a lehetőség, hogy bemutatja a számokat, trendeket és kilátásokat a kiadói állapota Olaszországban.
Az adatok szerint a külföldi szerzők könyveinek jelentősége a teljes olasz termeléshez képest egyre csökken, főleg a gyermekek és a felnőttek számára készült irodalom miatt.
Megtalálták Steva Fossetta repülőgépét, aki egy évvel ezelőtt eltűnt
Megtalálták Steve Fossett repülőgép maradványait, aki 2007. szeptember 3-án eltűnt a Nevada sivatagán.
A ráncokat háromezer méteres magasságban, a Mammoth Lakes területén, a Sierra Nevada-ban, a kaliforniai és a Nevada határán találták meg.
Azonban a repülőn belül nem voltak emberi maradványok.
A Madera megye sheriffje, John Anderson feloldotta a kételyeket, amelyek továbbra is fennmaradtak: "A repülőgépet megtalálták, egy csapatot küldtünk oda, és most biztosak vagyunk benne, hogy pontosan az a hely, ahol Steve Fossett repült azon a napon, amikor eltűnt" - mondta egy sajtótájékoztatón.
A szakértő hangsúlyozta, hogy nem találtak emberi maradványokat sem a repülőgépen, sem a környéken.
A 63 éves milliomosot február óta halottnak tartják.
Az amerikai közlekedési biztonsági hivatal (Ntsb) bejelentette, hogy néhány órával a törések felismerése után nyomozó csapatot küldtek, amely végül azonosította a repülőgépet: pontosan a Bellanca 8kcab, amely 2007. szeptember 3-án eltűnt, amikor a Fossett Yerington-ból indult Nevadából egy háromórás repülésre.
Tegnap, még Kaliforniában, nem messze a Nevada határától, néhány Fossett személyes tárgyát egy pár találták a Mammoth Lakes lakóhelyük közelében.
Ez két Fossett nevű dokumentum, mindkettő Illinois Federal Aviation Administration által kiadott, a készpénzről és egy kabátról.
Fossett keresése egy hónappal az eltűnése után megszűnt.
A milliárdos megszerezte a helyét a történelemben a hosszú gyűjtemény elsődleges.
2002-ben, a hatodik kísérlet, ő lett az első ember, aki befejezte az utat a világ körül egy légballon: két hét repülni egyedül.
Három évvel később repült a világon repülővel és leszállás nélkül.
Számos rekordja közé tartozik a 15.445 méteres magasságú járat, az Andák felett, bár kopilotával.
Glk, a reklám, amit nem vársz
Egy szokatlan Suv eredeti kialakítással és pontosan meghatározott döntő vonalakkal, széles felületekkel, pontos sarokkal.
Ez az utolsó született Glk a "kompakt" csillagház jeepekből, amellyel a Mercedes-Benz megpróbálta újításokat hozni az ágazatba.
A nem hagyományos feldolgozásnak köszönhetően váratlan és nem hagyományos a kommunikáció, amely a Suv Glk forgalomba hozatalát kísérte, és amely október 17-től elérhető lesz a Mercedes-Benz showroomokban.
Így a reklámkampány, amely az új jármű debütálását kísérte, nem hivatalos kommunikációs módot is elindít a futurisztikus 3D-s plakátkampánynak köszönhetően, amelyet először Olaszországban használnak az autó márkájára.
A projekt maxi plakátok, három különböző szakaszban, uralkodik a fő milánói kereskedelmi osztály, Corso Como, november 15-ig.
Az új típusú kommunikáció első fázisa az autó sztereoszkópos látásban való bemutatásával kezdődik, és a Corsa Como közelében elosztott speciális szemüvegek segítségével az új Suv majdnem valós dimenziókban és háromdimenziós formátumban látható lesz.
Valójában, ha megnézi a képet, akkor a benyomást, hogy az autó kijön a plakátból.
Ezután az innovatív Elumina8 technológiának köszönhetően az új Glk minden apróságában különböző pillanatokban megvilágosodik, majd újra egy képbe kerül.
A Mercedes kétségtelenül arra törekszik, hogy ezzel a reklámmal valami újat vezessen be a sztereotípiás autókommunikáció területére.
Lehetséges-e, hogy ez a módszer felhívja a jövőbeli ügyfelek érdeklődését?
Most már tudjuk, hogy kik az olaszok.
A Trivenetből a Daspo kockáztatja.
Ki azok a 150-200 fiúk és lányok, akiket Olaszország most szégyell? Ők a "Ultras Italia" csoport részét képezik, amely évek óta a Nazionale azzurra-t nézi, és amely eddig, igazából, soha nem tett túlzott problémákat.
Soha nem találkozott az ellenfél rajongóival.
A csoport orientációja jobboldali.
Az alapítók a Trivenetből származnak.
Veronából, Padovából, Terstából és Udineből.
Sófiában csatlakoztak hozzájuk a Campania és Puglia csoportjai (valójában kevés csoport) is.
Három színű zászlókkal rendelkeznek, amelyeken a résztvevők eredetének városai jelennek meg: szombat este eltávolították őket, hogy ne felismerjék őket.
Engedélyezik az angol rajongókat.
Bulgáriában megtalálták a valódi náci rajongók, Levsky.
A Figc az olasz rajongók rendelkezésére bocsátott 144 jegyet a mérkőzésre: minden név szerint, így könnyen ellenőrizhető.
És Viminale valójában ellenőrizte őket: azok között, akik elindultak Szófia, nem volt senki a folyamatban lévő Dasl, senki, akinek tilos lenne meglátogatni a stadionokat.
Négy kék rajongó, akik korábban bűncselekményeket követtek el a stadionból, elutasították a jegyet, és tilos a mérkőzés.
Most Viminale várja, hogy olvassa el a híreket, hogy jön a bolgár rendőrség, majd megtesz intézkedéseket: Ebben az esetben lehetséges, hogy a Daspo legalább öt évig a rajongók, akik letartóztatták, vagy azok, akik azonosították a kirekesztés során.
Nemzetközi Daspo, amely tilos látogatni nem csak az olasz stadionok, hanem az egész Európában.
A szurkolók már nem mennek egyetlen stadionra sem.
A szerencsére.
Azonban most van egy félelem az emulációtól: ez azt jelenti, hogy több mint százötvenet adnak hozzá.
"Meg kell szüntetnünk ezt a tüzet, és nem kell igazolni azokat, akik így viselkednek" - mondta a Viminal.
Szóval, "megfelelően nyitott szemek, főleg azért, mert a nemzeti mérkőzés a szerdán Leci".
Pont Puglia-ban van egy kis támogató központ.
Holnap találkozik az Osservatorio, kedden a Casms, amely számíthat egy részét az Aise, ez egy titkos szolgálat, amely gondoskodik a problémák a stadionokban.
"A Vezető-Vezető testületek és a Mameli himnusz idején feszült karok? Bulgáriában ez nem bűn...".
Ez a gondolat Domenic Mazzilli (kifejezve valóban kevés szerencsés módon), aki néhány hétig a Viminal Observatory igazgatója (megkapta a helyet, amely korábban Francesco Tagliente és később Felice Ferlizzi volt).
A Mazzilli korábban Terstben volt, ahol az 2002-ben alapított Ultras Italia támogatói középpontja található.
Igaz, ahogy Mazzilli azt mondja, hogy Bulgáriában nem bűnös megünnepelni a vezetőket, de természetesen ezeknek a 150-200 rajongónak a viselkedése szégyen.
„Nem vagyok szociológus – tette hozzá Osservatorská jednička – a bűncselekmények az országhoz tartoznak, amelyben megtörténtek.
Eddig ez a csoport a határokon maradt, most jól megnézzük, mi történt, és értékeljük a jövőben.
De beszéljünk a Mameli himnuszánál is: ez sem bűncselekmény, de ha megengedjük, az nem nevelés.”
