A jobboldali populisták győzelme Ausztriában, összesen 29 százalék
Az első előzetes eredmények szerint a korai parlamenti választások Ausztriában mindkét párt észrevehető gyengülést eredményeztek a jelenlegi nagy koalícióban, és a jobboldali populista pártok számára jelentős ösztönzést eredményeztek.
Az osztrák Néppárt (ÖVP), ahol a jelenlegi vezető, Wilhelm Molterer álláspontját súlyosan megdöbbentették, különösen nagy veszteségeket szenvedett.
Éppen ellenkezőleg, az osztrák jövőért szövetség (BZÖ) kampányvezetője, Jörg Haider karintói kormányzó a nemzeti politikába való győztes visszatérésre készül.
Az előzetes eredmények szerint a Szociáldemokrata Párt (SPÖ) továbbra is a legerősebb az országban a szavazatok 29,8 százaléka, azonban elveszítette a szavazatok 5,5 százalékát az utóbbi választások óta 2006-ban.
Az ÖVP, amely 25,6 százalékával a szavazatok közel 9 százalékát vesztette, még rosszabbodott.
Ezek mindkét nagy párt legrosszabb eredményei az osztrák háború utáni történelemben, és különösen a Néppárt számára, amely a korai választásokat sürgette, szó szerint katasztrofális eredmény.
Július elején, amikor az ÖVP elhagyta a koalíciót, a Néppárt még mindig jelentős szerepet játszott a SPÖ-ben a felmérésekben.
A szavazók azonban nyilvánvalóan büntették őket, mert elengedték a kormány áradását.
Az eredményekre adott első reakciókban már spekulációk merültek fel a pártvezető és jelenlegi alkancellár, Wilhelm Molterer lehetséges lemondásáról.
A megfigyelők azt várják, hogy ez a párt vezetőségének hétfői rendkívüli találkozóján előbb megtörténhet.
Egy ilyen fejlődés minden bizonnyal egyszerűsítené az utat a választási eredményekből származó egyre valószínűbb igénybevétel felé, azaz a SPÖ és az ÖVP nagy koalíciójának megújítására.
Mivel mindkét jobboldali populista párt megerősödött - a Szabadság Párt (FPÖ) előzetes 18 százalékot és a BZÖ 11 százalékot szerzett - ugyanakkor a Szociáldemokrataok félelmüket fejezték ki az 1999-es ismétlésről, amikor a Néppárt a populistákkal egyetértett (a FPÖ akkor is egységes volt, 2005-ben elszakadt a BZÖ-től) egy közös kormányról, amely végül az Európai Unió szankcióit váltotta ki.
Haider, aki már bejelentette, hogy készen áll arra, hogy bármilyen párttal együtt dolgozzon, és feltételezi, hogy visszatér Bécsbe a nemzeti politikába, nyilvánvalóan ezen a fejlődésen dolgozik.
A zöld párt is belépett a parlamentbe, de enyhe veszteséget szenvedett, és az osztrák politikai pártok között a harmadik és az ötödik helyen esett.
Nyilvánvaló, hogy a többi párt sem haladta meg a négy százalékos pontot, és belépett a parlamentbe.
Schwarzenberg: rosszabbodhatnak a kapcsolatok Indiával
Karel Schwarzenberg külügyminiszter szerint, ha nem lehet megoldani a cseh tudósok problémáját, akiket Indiában vádolnak a pelenkák illegális gyűjtésével, akkor a cseh-indiai kapcsolatok bizonyos romlása előfordulhat.
A miniszter ezt a nyilatkozatot New Yorkban tett, miután ma találkozott az indiai kollégájával, Pranab Mukherjee-val.
"Ha nem oldódik meg, akkor igen, akkor bizonyos romlás következne be" - mondta a cseh oldal által kezdeményezett találkozót követően.
A tárgyalások után Mukherjee azt mondta, hogy a végrehajtó ág számára nehéz volt beavatkozni a bírósági ügyekben.
Mindazonáltal azt mondta, hogy a Petr Švácha ügyében, akit a vádaktól megszüntettek és bírsággal büntettek, a központi kormány tárgyalhat a Darjeelingben található helyi kormányzal, amelynek joghatósága alá tartozik az ügy.
„A probléma megoldható” – mondta a miniszter.
Mukherjee szerint a legjobb lenne, ha Emil Kučera, akit három év börtönbüntetésre ítéltek, felsőbb hatóságokhoz fordulna.
Aztán kérheti, hogy szabadon bocsátják ki a börtönben, és várják a börtönönön kívüli ítéletet, magyarázta.
Schwarzenberg megerősítette, hogy partnere is ezt mondta a tárgyalások során.
"Azt javasolja, hogy fellebbezzen egy magasabb bíróságra, akkor megbocsátani lehetne" - mondta a cseh diplomácia vezetője.
Az egyetlen módja annak, hogy a cseh fél részt vegyen az egész ügyben, az, hogy az elítélt személyeket „megfelelő jogi támogatással” nyújtson, mondta az indiai miniszter.
Ugyanakkor azt mondta, hogy az indiai oldal már ilyen típusú segítséget nyújt nekik.
"A legnagyobb érdeklődésünk az, hogy fenntartjuk a legjobb kapcsolatokat Indiával, amely hosszú hagyománya van.
Az indiánok is ezt elismerik” – mondta Schwarzenberg.
Ugyanakkor – mondta a cseh sajtóhivatalnak – a partnere előtt hangsúlyozta, hogy a Cseh Köztársaság nagy hangsúlyt fektet a cseh entomológusok problémájára.
"Tényleg ezeknek a cseh tudósoknak a letartóztatását és elítélését súlyos hibának tartjuk" - mondta.
A miniszter elkerülte azt a kérdést, hogy kapott-e ígéretet az indiai oldalról, hogy folytassa-e az ügyet.
Csak azt mondta: „Már néhány ígéretet kaptam.”
Csehország a tengerszintért folytatott csatát
Az elektronikus fal térkép felé halad, amely Ausztráliát és a környező tengeri területeket ábrázolja.
Azonban nem érdekli a kontinenset, hanem egy kis ponton elveszett az óceán kékében.
"Ez a sziget, és vele a tengerszint, amely körülötte van, Ausztráliába tartozik.
Ugyanakkor a terület ugyanolyan nagy, mint maga a kontinens" - mondja Luigi Santosuosso olasz ügyvéd, aki a tengeri ügyekért és a tengeri jogért felelős ENSZ-osztály munkatársainak harminc tagjának tagja.
A főnök, a divízió igazgatója, a cseh ügyvéd Václav Mikulka követte, amit mond, és időnként hozzáad valamit.
A munka iránti szenvedély és lelkesedés itt uralkodik.
Az óceán padlójában egy olyan kevéssé ismert, természeti erőforrásokkal gazdag világ található.
Lehetséges megtalálni olajat, orrát és más ásványi anyagokat, de így is ismeretlen élő szervezeteket, amelyek kulcsot tartanak például a rák gyógyításának fejlesztéséhez.
Egy föld nagyobb, mint a kontinens
A tengerentúli országok a mai napig erőteljesen versenyeznek az új víz alatti területen.
Ez azt jelenti, hogy az ENSZ egyezménye szerint az 1982-ben Montego-öbölben, Jamaicában elfogadott jogokat élvezik.
Ez elsősorban az úgynevezett kontinentális sík területén található, amely gyakran több száz kilométerre jut az adott ország partjaitól.
A megállapodás értelmében ez az ország kizárólagos joggal rendelkezik a kontinentális fegyverek valamennyi forrásához.
Egyszerűen fogalmazva, a kontinentális sík a tengerszint részének tekinthető, amely a tenger alatti kontinens természetes folytatása és szubsztrátuma.
Ez a tenger partjain túlra jutott, gyakran az úgynevezett kizárólagos gazdasági övezet kétszáz tengeri mérföldjének túlra is” – magyarázza Mikulka.
Az adott országnak a Continental Shelf határairól szóló bizottsági kérelmét számos költséges felmérésen és mérésen alapuló tudományos és műszaki dokumentáció támogatja.
Ez az évek előkészítő munkájának eredménye.
„Az egyik feladatunk, hogy jogi és speciális technikai segítséget nyújtsunk a bizottságnak.
A Bizottság eddig öt kérelmet tárgyalt Oroszországból, Brazíliából, Ausztráliából, Írországból és Új-Zélandból.
Eddig csak az utolsó három ország sikeres volt” – tette hozzá Mikulka.
Nemrégiben Ausztrália sikere, amely az első volt, hogy kiterjeszti a víz alatti területét, világszerte regisztrált.
De Új-Zéland is megszerezte - a tengerszint területe, amelyet a bizottság adományozott, körülbelül 1,6 millió négyzetkilométer, vagyis körülbelül hatszor nagyobb, mint az ország maga.
Mindkét ország millió dollárt fektetett be a vizsgálatba.
Az a nyereség, amely a tengerszint jövőbeli használatából származik, reménykednek abban, hogy ártalmatlan lesz.
Más országok is fokozatosan benyújtják kérelmüket.
Tíz évre van szükségük ahhoz a pillanattól kezdve, hogy megerősítették a „Montego Bay Megállapodást”, hogy ezt tegyék.
Ahol véget ér a kontinentális öblítés, elkezdődik a tengeri talaj területét, amelyet a megállapodás „az emberiség közös örökségének” nyilvánított.
Egy országnak már nincs kizárólagos pozíciója.
A bányászati jogokat ezen a területen a nemzetközi intézmény által létrehozott megállapodás alapján adják meg.
"De a tengerszint nem Klondike" - mondja Mikulka rendező túlzottan, hozzátéve, hogy "az egyéni területek jogilag egyértelműen meghatározzák, és a rendszere szerződésekben van rögzítve."
Csehország a Csendes-óceánban
Az óceánterület egy része jelenleg a Cseh Köztársasághoz tartozik.
Megosztja az egykori keleti blokk többi országával a közös szervezet „Interoceanmetal” részeként.
Megegyezéssel ez a szervezet, mint néhány más kis ország befektetői, 1991-ben megszerezte az úgynevezett „pioneer befektető” státuszát.
Megengedett a ClarionClipperton zónában a Csendes-óceánban, amely Mexikó, Hawaii és Kiribati között található.
A befektető által vizsgált terület kissé nagyobb, mint az egykori Csehszlovákia.
A tengeri padló ott rágódott, ez egyfajta víz alatti modell a Tatra-hegység.
„Ez lehetséges a 75.000 négyzetkilométer teljes területen.
A terület gazdag hely a nikkel, ezüst, kobalt és mangán tartalmú poli-metál betonok gyűjtésére" - mondja egy másik ügyvéd, Pakshi Rajan Indiából.
A divízióból származó macedón ügyvéd, Rober Sandev egy ilyen konkrét dolgot mutat be.
Úgy néz ki, mint egy kis sárgarépa, vagy egy kis fantázia, a mitikus rendszer, amely, a legenda szerint, életre hozta a Golem.
Német különleges erők menekültek a foglyok mentésére
A fogságválság megoldásában az egyiptomi kormány segítséget kért Németországtól - amelyet a szakértők küldtek.
Amikor a nyomás elindult, a speciális erők készen álltak, de a szolgálatuk nem volt szükség a végén.
Egyre több részlet jelenik meg az Egyiptomban elrabolt 11 európai turista szabadon bocsátásának körülményeiről.
A német szövetségi védelmi és belügyminisztérium szerint a német speciális erők közvetve részt vettek a mentési misszióban.
A Szövetségi Fegyveres Erők (Bundeswehr) szakemberei és a német Szövetségi Rendőrség (Bpol) tagjai, valamint a GSG 9 és a Légierő különleges egységei jelen voltak a mentésen, a minisztériumok szóvivői hétfőn este, valamint a Szövetségi Bűnügyi Rendőrség (BKA) tagjai és a Technical Relief Agency (THW) logisztikai szakértői.
A német erők nem voltak szükségesek, de azt mondták, mert a foglyok elhagyták a foglyokat, és elmenekültek, amikor rájöttek, hogy a foglyok erőszakkal szabadulni fognak.
Az egyiptomi kormány elfogadta a Németország által kínált segítséget, hogy a művelet során a német erőkre támaszkodjon.
„Szerencsére ez nem történt meg” – mondta a német belügyminisztérium szóvivője.
Az öt németből, öt olaszból, egy román nőből és nyolc egyiptomi társaikból álló utazási csoportot szeptember 19-én elrabolták és elrabolták Dél-Egyiptomban.
Miután elrabolták egy sivatagi régióban Dél-Egyiptomban, a foglyokat visszaküldték a határ menti régióban Egyiptom, Líbia, Szudán és Csád.
A mai napig a foglyok személyazonossága ismeretlen, mint a mentésre vagy a lehetséges váltságdíjra vonatkozó részletek.
Az egykori foglyok biztonságosan és hangosan érkeztek Kairóba.
Steinmeier német külügyminiszter azt mondta, hogy a német nagykövetség gondozását megbízta.
Nem kommentálta a mentés részleteit.
Berlinben nem kaptak közvetlen információt a visszatérésükről Németországba.
A német „Bild” című újság szerint az öt turista és a különleges erők a német légierő Airbus fedélzetén vannak, amely kedden érkezik Németországba.
Az Egyesült Államok képviselőháza elutasítja a büntetést
A 700 milliárd dolláros mentési csomag a pénzügyi piacok számára szorosan nem jutott át az Egyesült Államok Kongresszusának első két kamrájában.
A Dow Jones megkapta az orrfolyást.
A 227-től 206-ig tartó szavazattal az Egyesült Államok képviselőházja elutasította a pénzügyi piacok mentési csomagját.
George W. Bush elnök és mindkét fél vezető tisztviselői által benyújtott felszólalások ellenére nem értek el többséget a pénzügyi piacok káoszát tartalmazó programért.
Egy drámai kampányban a rajongók kétségbeesetten megpróbálták meggyőzni a 700 milliárd dolláros terv érdemeit.
Barney Frank, az egyik legfontosabb demokratikus tárgyaló, felhívta a képviselőket a jóváhagyásra, még akkor is, ha nem népszerű terv volt.
„Nehéz politikai jóváhagyást kapni annak megelőzésére, ami még nem történt meg” – mondta.
Míg a szavazás még folyamatban volt, a Dow Jones több mint hat százalékos, vagyis 600 ponttal csökkent.
A befektetők aggodalmait okozta, hogy a kormány megmentése kudarcot vallhat.
Nem sokkal a szavazás befejezése előtt helyreállt, csak egy másik orrnyálat után, amikor a visszautasítást nyilvánosságra hozták.
A szakértők most várják a nemzetközi pénzügyi piacok további súlyos torzulásait.
A terv végrehajtásához mind a képviselőház, mind a szenátus jóváhagyása szükséges.
Az utazási ügynökségek jelentették a foglalások növekedését
Ez lesz egy jó tél a német utazási ügynökségek, nyilvánvalóan:
Egy felmérés szerint a következő hónapokban a foglalások forgalma jelentősen megnőtt az előző évhez képest - a téli szezonban akár 30% -kal is.
A gyenge gazdaságra vonatkozó kilátások ellenére a németek utazás iránti vágyai megmaradnak, egy felmérés szerint.
A téli szezonban történő foglalások esetében az utazási ügynökségek 31 százalékos árbevételnövekedést láttak az előző év azonos időszakához képest, a Német Utazásszövetség (DRV) hétfőn jelentette be Berlinben.
A piackutató cég GfK szerint az őszi hónapokban is megnövekedett a foglalás.
Az utazási ügynökségek 2007 októberéhez képest körülbelül 11 százalékos árbevételi növekedést láttak, közölte a DRV.
Az eredmények a GfK számán alapulnak, amely havonta 1200 német utazási ügynökség foglalási adatait feldolgozza, és azokat az egész piacra vonatkozó előrejelzések készítésére használja.
Az utazási foglalásokat 2008 augusztusában végezték el.
A gyenge dollár miatt, különösen az Egyesült Államokba utazások keresletben voltak, mondta a DRV.
Ebben a területen a foglalások mintegy egyharmadával emelkedtek, mondta.
Ezzel párhuzamosan Spanyolország, Törökország és Görögország népszerűségét jelezte a németek körében, valamint a belföldi régiók körében.
A teljes körű utazások különösen későbbiak voltak, mondta Klaus Laepple DRV elnöke.
Az energia- és élelmiszerárak emelkedésének fényében a költségek „többet kiszámíthatók az ügyfelek számára, mint az egyénileg szervezett nyaralás” - mondta Laepple.
A fogyasztók megtakaríthatják a pénzt a korai madár vagy a teljes körű kedvezmények révén, többek között, mondta Laepple.
Mivel a nyári hónapok nagyon jól megrendelték, az előző évhez képest további árbevétel-növekedés is lesz, mondta - bár egy másik felmérés arról számol be, hogy az utazó németek száma az előző évhez képest csökken.
Első alkalommal az októberi fesztiválon
Spring-break- és après-ski stílusú találatok ismétlődő módban, egy literes sörből és a designer Dirndln hírességekből.
A Wiesn debütálása.
Technikai szempontból, Susanne Kronzucker és én nem sok közös.
Szőke, televíziós társaság, és egy illeszkedő Dirndl-t visel.
Fekete hajam van, diák vagyok, és a ruhám másodlagos.
De van egy dolog, ami összekapcsolja minket: alig három percig voltunk a Wiesn-ben, és már a fényképészek körülveszik minket, és fényképezik, kitöltve a memóriakártyájukat - nagyon ragyogó, és ez az első látogatásom a Wiesn-be, hogy indítsam.
Így csinálsz barátokat.
A Cheapo Dirndl úgy tűnik, hogy a munkáját végzi.
Egy Wiesn turista számára, aki általában a Weisswurst-equator északi részén fekszik, a hagyományos bavari szőnyeg viselésének kényelmes érzése sok mindent elvárhatott.
De miután megérkeztünk a Theresienwiese-hez, nem olyan rossz, mint mindez.
Szinte mindenki Dirndl-t vagy Lederhosn-t visel; senki sem néz ki szégyellve vagy szégyellve - ez teljesen normális.
Csak az én Dirndl apron furcsa szemmel nézett a csokoládé-banánszállítóra.
Egy müncheni asszony felhívta a figyelmemet, hogy rossz úton kötöttem az apront: „Jelenthető a bal oldalon, virágos a közepén, elkötelezett a jobb oldalon, menyasszony mögött.”
Azonnal húzom az apront hátulról balra.
„Megnézd a helyet” – mondja, és nevet.
Mások kevésbé aggódnak a finom flörtölési technikák és viselnek egyszerű érzett kalapokat, amelyek azt mondják, 'Too részeg, hogy öltözködjön' és anélkül, hogy sürgősen, megmutatja az embereknek a meztelen mögött.
A kiállító hozzáállással rendelkező fiatalember neve Bob, Angliából származik, és ez az első alkalom az Oktoberfestben is.
Ő úgy találja, hogy „sötét”, egy hosszú „ooooo”.
Ezt közvetlenül azután mondja el nekem, hogy az ő „Maß”-jéről kifejtette magát.
Csak az egyik a tűzoltók, hogy mindenki téved a hulladék dobozok.
Így Bob az egyik a híres 'Wildbiesler'.
Mások nem elég szerencsés, hogy elveszítik az alkoholt ilyen módon.
Éjszaka nyolc órakor járnak, a paramedikai eredmények felmelegítik a helyet, a szegény bingerekhez fordulnak.
Az orvosok mindig csomagokban jelennek meg - mindig négy van egyszerre, fedett szalagot hordozva a tálról a tálra.
A legtöbb Wiesn látogatóhoz hasonlóan működik: amikor üres, kijönnek, és amikor tele van, visszatérnek.
Nem láthatod, ki van a BAC koffinákban.
„Azok, akik nem tudnak többet venni” – kiáltott az egyik paramedikus, amikor megkérdeztem tőle, és eltűnt a tömegben.
A baleset áldozata a rendőrség által
Egy 63 éves nő gyalogos, aki kórházban halt meg, miután egy járművel ütközött Essexben, nevét kapta.
Carole Paulson, a Brentwood-i Chelmsford Road-ból, részt vett a balesetben péntek délután a város Shenfield Road-án.
A királynő kórházába került Romfordban, de később meghalt.
A baleset után egy 51 éves férfit letartóztattak gondtalan vezetés gyanúja miatt.
Azóta szabadon bocsátják a rendőrségtől.
Törökország diplomáciai horizontja
Hosszú ideig, mielőtt Törökország csatlakozni kívánott az Európai Unióhoz, az európai hatalmak arra vágyakoztak, hogy mélyen behatoljanak Törökország hátterébe.
A Boszfor keleti oldalán, talán csak húsz lépésre Ázsiába, áll az egyik legszebb relikva ennek a kudarcban lévő birodalmi ambíciónak.
A Hydarpasha vasútállomást két német építész, Otto Ritter és Helmut Conu tervezte.
Legalábbis ez az, amit az útmutatók mondanak.
Az épület ül a platformok végére egy toronyval, amely az elülső sarkok mindegyikén az egész világot keres, mint néhány tartományi német városháza.
A kő piszkos.
Az egész épület kissé összeomlik.
De egyszer a csúszott jegyek irodájában, nem kétséges, hogy milyen nagyságú a vállalkozás, amelynek ez volt a legnyugatibb kapu.
Az állomás 1908. augusztusában nyílt meg egy német konzorcium, az Anatolia-Baghdad Corporation.
Németország, a birodalmi játék latecomerje, célja, hogy megvalósítsa ambícióit a Közel-Keleten a Damaszkuszba, Bagdadba és azon túl futó vasútvonalon keresztül, ami ma Szaúd-Arábia.
De Németország császári ambíciói az I. világháború alatt alapultak.
A vasútvonalait Lawrence of Arabia és az arab szabálytalansága támadta meg.
A környező régióból való viszonylagos elszigeteltség, amelyet a hidegháború fagyasztott határai okoztak, eltűnt.
A brit és a domináns erők elindultak Egyiptomból, és a törökök és a német szövetségeseik elindultak Palesztinából és Szíriából.
És volt rossz hír a Hyderpasha állomás számára is.
1917-ben lőtt fel egy lőszervonat, amely elpusztította az összetett tetőjét.
A török források szerint ez sabotázás volt.
Azóta lassan eltűnt, nagyrészt a történelem által elhalasztott.
De ma ez a vasúti kapu Anatóliába és minden keleti pontra szolgál - szimbolikusan legalábbis -, hogy hangsúlyozza Törökország bővülő diplomáciai horizontját.
A kormányzó Igazságosság és Fejlesztési Párt (AKP) teljesen új külpolitikát dolgozott ki az ország számára.
A környező régióból való viszonylagos elszigeteltség, amelyet a hidegháború fagyasztott határai okoztak, eltűnt.
Egy új elkötelezettségpolitika létezik.
Érdekes, hogy a török kormány jó kapcsolatokkal rendelkezik Izraellel és Szíriával, a Hamasz és a Fatah palesztin frakcióival, Irakkal és Iránnal, és természetesen az Európai Unióval és az Egyesült Államokkal.
Ahhoz, hogy megvizsgáljam az új külpolitika paramétereit, az éjszakai ágyba szálltam Ankara török fővárosába, hogy meglátogassam az AKP egyik vezető külpolitikai szakértőjét, a török képviselőt, Suát Kiniklioglu-t.
Másnap reggel – tíz és fél óra múlva – a híres The Night Mail dokumentumfilm régi világkönyveit termelő pályák mentén egy gyönyörű kirándulás után érkeztem a török fővárosba – új városként javasoltam egy új világi állami szándékot, hogy visszafordítsam az ottomán múltra.
De az AKP jól ismert iszlám gyökereivel a török konszenzus paradigmaváltozását képviseli.
Ez bizonyos gyanúkat okozott a Nyugatban, különösen Washingtonban.
Egy taxik vezette az AKP székhelyére, egy ultra-modern kő- és acélszerkezetre - célszerűen épült - egy fejlődő elővárosban, félépített bevásárlóközpontokkal és elektromos kereskedőkkel körülvéve, ahol az üzleti ruhák közepes vezetői - mind a férfiak, mind a nők - találkoztak, hogy korai reggeli ügyleteket tegyenek.
Suat Kiniklioglu lehetett volna központi jobboldali politikus szinte bármely más politikai párt Európában.
Szó, te, biztos vagyok benne, hogy még egy Blackberry-t is csomagolt.
„A párt külpolitikájának célja most Törökország újbóli integrálása a közvetlen szomszédságába.
A hidegháború egy anomália volt” – mondta.
Törökországot visszavonták a hátsó országból.
Ma egyszerre keletről és nyugatról kellett nézni.
Ez nem az egyik vagy a másik eset.
Mindkettőt meg kellett csinálni.
„De biztosan egy bizonyos ponton – kérdeztem – Törökországot arra kényszerítik, hogy válasszon?”
“Törökország – mondta – nem akart szembenézni ezzel a választással.”
Aztán hangsúlyozta azt a pontot, amelyben szinte mindenki, amiről itt beszéltem, majdnem a pályán szólt: Törökország nemcsak a Közel-Keleten, hanem a Kaukázussal és a Fekete-tenger környékén fennálló kapcsolatai ugyanolyan javak Európának és az Egyesült Államoknak, mint Törökországnak.
Törökország a fedélzeten, az üzenet úgy tűnik, hogy Európa egészében metafizikailag vezetheti ezeket a vasútvonalakat kelet felé Ázsiába és a Közel-Keleten.
Visszatérve a Hydarpasha állomáson, egy másik nagymértékben álmatlan éjszaka után elgondolkodtam azon két német úrról, Herr Ritterről és Herr Conuről, akik 100 évvel ezelőtt figyelték ezt az épületet.
Mennyire meglepődtek volna, ha rájöttek, hogy Európa Közel-Keleti ambíciói most, nagyrészt Törökország kezében lehetnek.
És miközben a terminálon vártam, hogy a hajó visszatérjen a Boszforon keresztül, emlékszem arra, hogy azokban a napokban Törökországot mindig "Európa beteg embere" nevezték.
Aztán legalábbis nem tűnt kétségesnek, hogy melyik kontinensre kellene hivatkozni erre a lenyűgöző országra.
Emlékezetes életek: Vernon Handley és William Woodruff
Mark Brown írja: Mint Guildford zenei rendezője 1962-től, Vernon "Tod" Handley (obituáris, szeptember 11) volt a Guildford Filharmonikus Orkestra és Choir.
A falusi zenei programjának részeként a következő évben alapította csodálatos ifjúsági kórusát, a Proteus-t.
Úgy gondolták, hogy a 21. század alatt lesz, de amikor a Proteus 1979-ben énekelte a döntőjét, néhányunk a 20. század végén volt - csak elutasítottunk adni a kórust.
A név "Proteus" (a mitológiai alakváltozó) a kórus akaratát és képességét képviselte, hogy bármilyen zenét bemutatjon neki, akár madrigal, akár messiás, akár kíséret nélkül, akár teljes zenekarral.
Az ilyen ifjúsági kórus által előállított zenei sokszínűség gyakran meglepő, mindig izgalmas volt, és mindez az egyik ember inspirációjának és a zene iránti lelkesedésnek köszönhető, amely az évek során teljesen állandó maradt.
Milyen gyakran mondott nekünk Tod, hogy "a zene önmagáért beszél".
Azt mondta: „A zeneszerző tudja, mit akar.
Minden ott van a zenében.
Ez így énekel!”
A technikája teljesen világos és pontos volt, bár soha nem diktátor, sem florid.
Bármi is legyen a zenei szabvány, mindig még magasabbra emelte.
John Frayn Turner ezt írja:
Ha bármilyen vezetőt meg kellett volna vadászni, akkor Vernon Handley volt.
Két évtized alatt jól ismertem őt, és 1962 és 1982 között vezette a Guildford Filharmonikát.
Az elmúlt 40 év során több mint 100 koncertjét felülvizsgáltam, és őszintén mondhatom, hogy soha nem csalódtam egyetlen koncertjével - és sokszor inspirálták őket.
Tod Handley volt ez a ritka kombinációja a nagyság plusz személyes alázatosság.
Ő gyűlölte azokat a vezetőket, akik szavaiban egyszerűen "egy vagy két jól ismert háborús lovat hajtottak a világ minden tájáról".
Sokan el fognak hiányozni tőlünk.
Gyurcsány Woodruff
John Beckett a következőket írja:
A William Woodruff (September 25) beszámolója azt állítja, hogy „1946-ban újra megismételte a gazdasági történelmet Oxfordban és 1950-ben Houblon-Norman kutatási szakemberévé vált ... miközben egyidejűleg egyetemi, MA és PhD tanulmányait folytatta”.
Ez a Woodruff szerzőjének Beyond Nab End-i jegyzetéből következik be, de ez nem helyes.
1946 és 1953 között a Nottingham Egyetem gazdasági történelmének előadója volt, amelynek során doktori értekezletet végzett a brit gumiabroncsiparról, J. D. Chambers professzor felügyelete alatt, majd 1958-ban a British Gumiabroncsipar néven jelent meg.
1950-51 éveket töltött az Egyesült Államokban a Houblon-Norman társaságon, és 1952 nyarán Illinois, Harvard és New York egyetemein.
1953-ban állandóan elhagyta Nottinghámot Illinoisba.
Miért döntött Woodruff a karrierjének ezen részén, nem ismert.
J. Vincent Resino a Filológia Karán
Javaslom José Vicente Resino "Flamenco y vida" kiállítását, mert fekete-fehér fotói, dokumentumfilm stílusban készítettek, rendkívüliek.
A képek a figyelmemet az egyszerűségük és a közvetítő erejük miatt vonzotta fel, mindig különös figyelmet fordítva a témákra.
Egy kiállítás, amely mély érzést mutat.
Resino képes megragadni a mágikus pillanatokat.”
Második támadás a Honda szuperértékesítésére
A jövő novemberben a Honda elindítja a Jazz modell második generációjának marketingjét.
Ha az előző modellt már magas lakhatóság jellemezte, ez az új minivan szélesebb belső térrel rendelkezik.
Ezenkívül finom mechanikával van felszerelve, amely növeli a vezetés kényelmét és lehetővé teszi az üzemanyag megtakarítását.
A forradalom helyett az evolúció.
Ez a Honda Jazz második generációja.
Míg esztétikailag az új Jazz hasonlít az előző modellekhez, a minivanhoz hozott változások számtalanok.
Többek között érdemes megemlíteni az innovatív tervezését, az új platformot, a nagyobb méreteket és a meglehetősen új mechanikákat.
Mindenesetre, mielőtt az új modellt elemezné, hasznos lehet megjegyezni, hogy ez az új Jazz csak hat évvel az első generáció bevezetését követően jön.
Ezért az első megfigyelésnek figyelembe kell vennie, hogy a Honda gyorsabban megújította ezt a modellt, mint a többi vállalat általában.
Még akkor is, ha a jazz modell kevésbé ismert Európában, mint más piacokon, továbbra is az értékesítés szempontjából jelenség.
Ez a helyzet Japánban, ahol a Jazz volt a legjobban értékesített autó 2002-ben és 2008-ban is.
Csak ott, majdnem egymillió Jazz egységet értékesítettek a modelltől kezdve.
A második piac a régi kontinens volt, és hat év alatt mintegy félmillió egységet értékesítettek.
Ezeknek a számoknak ellenére a Honda úgy véli, hogy ez az új Jazz még többet fog növelni az eladásait a szegmensben.
Tehát, ha 2007-ben a japán cég eladta összesen 83.000 egység ezt a modellt, 2009-ben becslések szerint körülbelül 100.000 autó.
A spanyol piacon a Honda 2002 óta összesen 8 000 Jazz egységet értékesített, ami Spanyolországban a vállalat teljes értékesítésének 6,7 százalékát teszi ki.
Az új generáció eljövetelével a Spanyolországi vállalatért felelős vállalat várhatóan egy éven belül mintegy 2000 Jazz egységet értékesít.
Az új Honda Jazz eljövetele valószínűleg lehetővé teszi, a spanyol értékesítés jelentős mértékben csökkenésével.
Valójában a márkájáért felelős személyek várják, hogy az év végéig összesen 22 000 egység értékesítéssel érjenek el, ami 4 000 egység kevesebb, mint 2007-ben, 16% -os csökkenéssel.
Az eladások növekedésének ellenére a Honda is növelte piaci részesedését Spanyolországban, elérve az 1,8% -ot az előző évben 1,6%.
Ugyanakkor a japán vállalat várhatóan elérheti a 2% -ot 2010-ben.
Ahhoz, hogy ezt elérje, a Honda egy új modellben bízik.
Ez az Insight, egy hibrid öt ajtó kompakt autó, 4,37 méter hosszú. a japán cég reméli, hogy eladja mintegy 200,000 egység ezt a modellt világszerte, egy év alatt.
A piacok és a japán gyártók becslései szerint az Insight értékesítésének 50%-a az Egyesült Államokból származik, míg a fennmaradó 50%-a mind a régi kontinensről, mind Japánról származik.
Az Insight kereskedelmi indítását a jövő év elején tervezik, röviddel a vállalaton belüli modell bemutatása után, januárban Valenciában.
Az első generációhoz képest az új Jazz teljes egészében nőtt.
Jelenleg 3,90 méter hosszú (öt centiméterrel több), 1,69 méter széles (két centiméterrel több) és 2,50 méter átmérőjű, öt centiméteres növekedéssel.
Az 1,52 méteres magasság azonban változatlan maradt.
A méretével együtt a lakható belső tér növekedett a térben.
Ez az előnye elsősorban az új platformból származik, másodszor pedig az üzemanyag-tank központi helyen történő bevezetéséből, amely már a korábbi Jazzban elfogadott megoldás.
Ezenkívül a trunk kapacitása - kettős alsó térfogat - 399 literre emelkedik, 19 liter nagyobb kapacitással az első generációhoz képest.
Meg kell jegyezni, hogy ezek a Honda Jazz 1.4 méretei, míg a trunk kapacitása a modell 1.2 csak 379 liter.
Egyéb javítások - a külső elemek mellett, mint például a hátsó vezeték vagy a panorámás üveg felépítésének lehetősége - a hátsó ülésekhez való jobb hozzáférésről szólnak.
Az ajtók, amelyek lehetővé teszik a hátsó ülésekhez való hozzáférést, most 80 fokos szöggel nyitva állnak, szemben az első modellben 67 fokos szöggel.
Ezenkívül minden motor meglehetősen új ebben a második generációs autóban.
A marketing idején ez a kis modell 1,2 vagy 1,4 literes benzinmotorral érkezik.
Mindkét mechanikai rendszer magában foglalja az i-VTEC technológiát, amely lehetővé teszi az alacsonyabb üzemanyag-fogyasztást, kevesebb szén-dioxid-kibocsátást termel, optimalizálja a mechanikai finomításokat és ugyanakkor fenntartja a magas torzító motorokat minden szakaszában.
A 1.2 literes verzió 90 lóerős hatótávolságot ér el 6000 rpm-en, a maximális fordulat 114 Nm-en 4900 rpm-en.
A hajtás - amely az előző Jazzban elérte a 78 lóerőt - csak 5,3 liter üzemanyagot igényel, és mintegy 125 gramm szén-dioxid-kibocsátást termel.
A korábbi hajtással összehasonlítva, amely az első generációs modellben 83 lóerőt használt, az új 100 lóerőt használhat.
A 1.4 Jazz 100 lóerős kombinációja 5,4 liter üzemanyagot és 128 gramm szén-dioxid-kibocsátást eredményez.
Egy "bee-car" az ütközések elkerülése érdekében
A balesetek megelőzésére szolgáló technológiák fejlesztésében a Nissan ezt az időt a természet és különösen a méhek inspirálta.
A japán vállalat olyan robotot hozott létre, amely a méhek repülését imitálva elkerülheti a baleseteket.
Ez a Bio-mimetic Car Robot Drive, vagy BR23C, az első lépés a kollíziók megelőzésére irányuló technológiák tervezéséhez.
A Nissan Motor Co. fejlett technikai központjának mérnökei együttműködve fejlesztették ki ezt a kis robotot a Japánban található Tokiói Egyetem Tudományos Kutatási és Technológiai Központjával.
Kazuhiro Doi, a Brand Management technológiájának, kutatásának és fejlesztésének főigazgatója szerint a BR23C a Nissan által gyártott négy terület biztonsági pajzsának kiterjesztése.
Ez a robot célja a vállalat által gyártott járművek ütközésének megelőzésére szolgáló képesség javítása.
A repülés során minden méz létrehozza a saját oval személyes helyét, amely nagyon hasonlít a Nissan által kifejlesztett biztonsági pajzshoz.
De a legfontosabb elem a méh összetett szeméből áll, amely minden irányban látható egy extra 300 fokos szöggel, lehetővé téve a rovarnak, hogy a személyes térben semmilyen megszakítással repüljön.
Ahhoz, hogy ezeket a vizuális funkciókat újjáépítsék, a mérnökök kifejlesztették azt, amit a lézer lokátor (Laser Range Finder) meghatározott.
Ez a mechanizmus a BR23C előtt 2 méteres akadályokat és 180 fokos sugarakat észlel, kiszámítja az objektumhoz való távolságot, és jelzést küld a mikroprocesszornak a fedélzeten, amely azonnal megakadályozza a ütközést.
Amikor akadályt észlel, a kis robot utánozza a méhek mozgását, és azonnal megváltoztatja az irányt, a kerekeket jobb vagy szélesebb sarokban fordítva, hogy elkerüljék a ütközést.
A legnyilvánvalóbb különbség bármely meglévő rendszernél az, hogy elkerülhetetlen cselekedete, ami teljesen ösztönös.
"Ha nem így lenne, a robot nem reagálna elég gyorsan, hogy elkerüljék az akadályokat" - magyarázza Toshiyuki Andoh, a Mobilitási Laboratórium igazgatója és a projekt főmérnöke.
Ellentétben a mézzel, a robot nem tud felfelé vagy lefelé eltérni, vagy akár diagonálisan. csak két dimenzióban mozoghat, és az irányban a kerekek fordulhatnak.
Ezért a Nissan a gyorsítási és lassítási funkciók mellett egy forgatási funkciót is használt, amely lehetővé teszi, hogy a kis robotok elkerüljék a ütközéseket.
"Ez a készüléknek csak néhány másodpercenként új információkat kell feldolgoznia, és ezeket az adatokat kell használnia.
Nem szükséges bármilyen információt tárolni, vagy az előző manőverek intuitív logikáját használni.Ezért megszakítás nélkül járhat csak néhány tucat KB memóriával.
Ez meglepő lehet, de nem gigabajtokról vagy memóriamegákról beszélünk.”
Ez az első lépés az ütközések megelőzésére szolgáló új technológiák fejlesztéséhez, egy technológia a Nissan reméli, hogy tíz év múlva bevezetik az autókat mint szabványos funkciót.
A robot lithium-polimer akkumulátorokat használ, amelyek könnyebbek és tartósabbak, mint a lithium-ion tipológia.
Egy további alkalmazás egy potenciális jövőben lehetne integrálni ezt a technológiát a GPS műholdas navigátor, hogy a járművezető egy adott rendeltetési helyre, elkerülve akadályokat az úton.
Vegyük fel a kérelmet, mielőtt kölcsönt kérünk
El kell ismernünk, hogy az Egyesült Államok Pénzügyminisztériuma, amely meglehetősen jó tőkével rendelkezik, biztosan nem hiányzik a tehetség.
Ahhoz, hogy a válsággal szembenézzenek, és megakadályozzák az amerikaiakat, hogy a bankok a fizetésképtelenség gyanúja alatt csalással csaljanak, szórakoztató és oktatási játékot hoztak létre az internethasználók számára.
Más szóval, a „rossz hitelek szállodája...” vagy a problémák.
Ennek a szállodának és különösen a recepcionistájának a hangsúlyozott aspektusa arra törekszik, hogy az emberek ne csak egyszer, hanem kétszer vagy akár háromszor gondolkodjanak, mielőtt kölcsönt kérnek.
És mindenekelőtt, nagyon gondosan gondolkodni, hogy hol kell alkalmazni. Ez valószínűleg a játék elsődleges célja.
Biztosan ez a rendszer számos hasznos információt nyújt, de meglehetősen kevés részletet kínál.
Ez sokkal inkább egy tinédzser weboldal, mint egy weboldal az általános közönség számára.
Mi történik, ha befejezi a játékot?
Egy álomszoba jelenik meg a szálloda belsejében.
Ez még mindig valami, mert ha egy házat vásárolunk, jobb, ha elhagyjuk.
Morgan Stanley megnyitotta a fővárosát a MUFG-nek
Morgan Stanley bejelentette, hogy belép a Mitsubishi UFJ Financial Group (MUFG), Japán első bankjának asztali fordulójába, amely kilenc milliárd dollárt költ a tőke 21%-ának megszerzésére, a híreket a részvényárak éles csökkenésével kapta.
Egy héttel az ideiglenes megállapodás közzétételét követően a két bank elmagyarázta, hogy a MUFG a Morgan Stanley részvényeinek 9,9%-át 25,25 dollárért, összesen 3 milliárd dollárért vásárolja meg.
Az értékesítési ár kevesebb, mint 19% az értékpapírok augusztus 31-én.
A MUFG további 6 milliárd dollárt fog befektetni az átalakítható értékpapírok beszerzésében, amely 10% -os garantált nyereséget és 31,25 dolláros átalakítási árat biztosít.
Morgan Stanley azt állította, hogy a teljes művelet egy átlagos egységár 29 dollár, vagy 28% -kal magasabb a jelenlegi ár.
Azonban a Morgan Stanley részvényei 6,79 százalékot vesztettek le 23.07 dollárra körül 17:00 GMT.
"Ez a stratégiai szövetség fontos lehetőséget jelent a Morgan Stanley átmenetének felgyorsítására a holding bank státuszára" - mondta John Mack, az amerikai csoport vezérigazgatója.
Morgan Stanley a múlt héten elfogadta ezt az új státuszt, amely lehetővé tenné tevékenységének diverzifikálását, de át kell lépnie a szövetségi tartalék hatáskörébe.
Szövetsége a MUFG-vel is megerősíti, hogy a jelenlegi pénzügyi válság arra kényszerítette a Wall Street legnagyobb nevét, hogy sokkal óvatosabb hozzáállást fogadjon el, mint korábban.
A hétfőn bemutatott módszerek azt mutatják, hogy a megállapodást a közelmúltban módosították: a múlt hétfőn Morgan csak bejelentette, hogy a japánok részvényeinek 20% -át körülbelül 8,5 milliárd dollárért adja el.
"Egy héttel ezelőtt - magyarázta Toshihide Mizuno, a Tokióban működő MUFG ügyvezető igazgatója - úgy gondoltunk, hogy a részvétel teljes mértékben rendes részvényekből áll.
De tekintettel a gazdaság és a piac jelenlegi állapotára, reménykedtünk abban, hogy minimalizáljuk a kockázatokat és megvédjük hátunkat.”
A mérlegelt átlagos ár alapján a MUFG a Morgan Stanley értékpapírokért 7% -kal alacsonyabb összeget fizet.
És a tranzakció a részvényenként mintegy 20% -os nyereség hígítását eredményezi.
A megállapodás előírja, hogy a MUFG évente a preferált értékpapírok felét rendes részvényekké alakíthatja át, ha ezek az értékpapírok egy adott időszak alatt körülbelül $ 47 átalakítási áron több mint 50% -kal kereskedtek.
Morgan Stanley biztosítja, hogy a MUFG által biztosított tőke lehetővé teszi, hogy befektetési lehetőségeket kapjon, megerősítse egyensúlyát és növelje likviditását.
A csoport szóvivője azonban megtagadta, hogy részleteket adjon a két új szövetséges stratégiai projektjeiről.
A MUFG befektetését követően a Morgan Stanley a tőke arányát a Tier One körülbelül 15%, az egyik legjobb az iparágban.
Morgan azt mondta, hogy augusztus végétől jelentősen csökkentette egyensúlyát.
Az utóbbi hetekben nehéz volt a csoport számára, amely a részvényárának fele eltűnt, miközben a biztosítási költségek az adóssághiány kockázatával szemben csökkentek.
Ez a költség hétfőn csökkent, de egy új magas szinten maradt, körülbelül 12%.
A múlt héten a Goldman Sachs, az egyetlen másik túlélő nagy befektetési bank a Wall Street-en a Bear Stearns és a Lehman Brothers és a Merrill Lynch beszerzésének csődét követően bejelentette, hogy 15 milliárd dollárt szerzett, részben a Berkshire Hathaway-től, a Warren Buffett csoporttól.
Rafael Correa hétfőn érkezik Quito-ba.
A huszadik századi szocializmus köztársaságának újjáépítése.
Ez a közös projekt a venezuelai Hugo Chávez, Evo Morales Bolívia, és az ecuadori Rafael Correa.
Ez a vasárnap, mint a kollégái és barátai, a harmadik alkalom, hogy szavazni egy új alkotmánytervezetet.
A népszavazáson a szavazók 64 százaléka „igen” szavazott, a hivatalos eredmények szerint a szavazatok 80 százaléka alapján.
Ezeken az eredményeken alapulva a „nem” 28%, a szavazatok 7% -a érvénytelen volt, és a szavazatok 0,7% -a fehér volt.
Ahhoz, hogy az alkotmánytervezetet elfogadják, a szavazatok felét plusz egy szavazatot kell kapnia.
Vasárnap két felmérés történt a vizsgálati állomásokon kívül, és egy nem kormányzati szervezet nagy győzelmet hirdetett a „igenek” számára, a 63% és 70% közötti tartományban.
Rafael Correa vasárnap és hétfő között az alkotmánytervezet győzelmét követelte.
"Az Alkotmány annyira megdöbbentő győzelmet aratott" - hangsúlyozta, a kormány székhelyén, Guayaquilban, 280 km-re délnyugatról Quitótól.
Természetesen Rafael Correa-t üdvözölte Chavez és Morales, de a chilei kollégája, Michelle Bachelet is.
A kérdőív, amelyet az Amerikai Államok Szervezetének (OAS) ellenőrzése alatt békésen végeztek, 444 pontot tartalmazott, amelyek az elnök által támogatott „új szocializmus” megerősítését szolgálják.
Az alkotmánytervezet az állam hatalmát a gazdaság felett szenteli, megvédi azt egy olyan ország „fejlesztési tervezésére”, amely elsősorban a külföldi cégek olaj-kitermeléséből és a külföldi pénzből él, amelyet küldnek a bevándorlóknak.
A 2006-ban megválasztott Correa által épített projekt nagyobb hatásköröket biztosít az államfőnek, amely két egymást követő négyéves időtartamra képes, és képes lesz a Közgyűlés feloldására.
Correa már bejelentette, hogy ezt a hatalmat fogja használni, hogy 2009 februárjában új mandátumot keressen.
Az alkotmány továbbá megerősíti a szabad egészségügyi szolgáltatások és az oktatás elvét, amelyet az elnök elkezdett létrehozni ebben az országban 13,9 millió lakos, ahol a lakosság 50% -a él a szegénységi vonal alatt.
Emellett előírja a külföldi csapatok jelenlétének tilalmát, amely megszünteti a Quito és Washington közötti megállapodást, hogy az Ecuadorot az Egyesült Államok kábítószer-ellenes műveleteinek indítási bázisaként használják.
Tizenkilenc foglyot szabadon engedték Chadában
Egy egyiptomi parancsnoki csapat támadást indított a tizenegy turista elrabolójával és nyolc kíséretével szemben, akiket tíz nappal ezelőtt fogtak el.
Ők Kairóban élnek.
Tizenegy európai turista és nyolc egyiptomi kíséretét, akiket tíz napig a sivatagban őrizetbe vették, hétfőn délutánra ártalmatlanul visszatértek az egyiptomi fővárosba.
Reggel egy egyiptomi parancsnok szabadon engedték őket.
Úgy tűnik, hogy a foglyok körülbelül 1530 órán keresztül érkeztek egy speciális repülőn az al-Maza katonai bázisán, amely a kairói nemzetközi repülőtérhez kapcsolódik.
Azonnal áthelyezték őket, anélkül, hogy beszélni tudnának a sajtónak, helikopterrel a Kairó lakóövezetének Maadi kórházába, hogy vizsgálatokat végezzenek.
„Jó egészségben vannak, és a foglyoknak nem fizettek jutalékot” – nyilatkozta az egyiptomi idegenforgalmi miniszter, Zoheir Garanna.
Szeptember 19-én egy 4x4-es safari során az Ouanat-hegység lábánál, Egyiptom, Szudán és Líbia határán elrabolták ezt a csoportot, akiket 35 ismeretlen rabló hajtott végre.
11 turista - öt olasz, öt német és egy román -, valamint nyolc egyiptomi: két útmutató, négy sofőr, egy határőr és az ügynökség igazgatója Aegyptous, szervezője a safari.
Egy egyiptomi biztonsági tiszt elmondta, hogy a különleges erők 30 tagja, akik két helikoptert szállítottak a fedélzeten, az éjszaka folyamán csak reggel előtt indították el a támadást.
"Egy tűzcserét követtek, és a rablók fele meghalt, a másik fele elmenekült" - mondta a tisztviselő, aki anonimitást kért.
Azt mondta, hogy az egyiptomi különleges erők 150 tagja "gyors válasz" egységet küldtek Szudánba egészében, ahol támogatást kaptak a német és olasz parancsnokok.
Franco Frattini, az olasz diplomáciai testület vezetője Belgrádban, ahol jelenleg tartózkodik, megemlítette az olasz titkos ügynökök és a különleges erők elemeinek szerepét.
"Meg kell ismernünk, hogy ezt az eredményt a titkos szolgálatokból, a különleges erőkből származó férfiak professzionalizmusával és hatékonyságával érte el" - mondta.
Azt is megtagadta, hogy kifizesse a váltságdíjat.
Az előző napon a szudáni hadsereg azt állította, hogy egy 4x4 patrol járművet foglalt el, amelynek fedélzetén a foglyok voltak, és hat embert öltek meg, köztük a csádai fejet, és két embert letartóztattak.
A hadsereg azt állította, hogy összekapcsolódtak egy darfuriai lázadó csoporthoz, a szudáni felszabadítási mozgalom egységéhez (SLA-U), amit ez a mozgalom azonnal elutasított.
Könyvek - A kultúra csendes többsége
A kultúra finanszírozásáról szóló viták a címeket hozták létre, és megerősítették ezt a választási kampányt.
A jó.
A kulturális életünk egyik része azonban mindig elfelejtett.
Ki fogja elítélni a kis múzeumok, archívumok, régészeti vagy nemzeti történelmi helyszínek iránti nyomorúságot, amely finanszírozásért éhes?
Melyik politikus bátran emlékeztet a szövetségi kormányra, hogy elhanyagolja emlékműveit és örökségépületeit?
Quebecben, Kanadában nincs olyan törvényünk, amely hatékonyan megőrizné örökségünket?
Tudtad, hogy a francia kormány három és fél millió eurót fordít a Loire-völgyben található Chinon-kastély helyreállítására?
Az amerikai szomszédok az ország alkotmányában azt írják, hogy az örökség védelme az amerikai kultúra részét képezi, és hogy az ilyen örökséget minden polgár, minden választott és minden kormányzati osztály, és ez együttműködve, meg kell védeni.
Quebecben, a Quebec Társadalomok Szövetsége története, legalább 40 000 önkéntes összegyűlt 211 ügynökség történelem, örökség, archívumok és genealógia érdekel a kutatás a történelem, a megőrzés, kevés pénzeszközök, pillérek magán archívumok, és megőrzése régészeti maradványok.
Gyakran ők a mi örökségünk őrzői, akik a kétségbeesés energiájával tiltakoznak, amikor a fejlesztők és az építők a régi épületek és a felejtett temetéseink ellen indítják el buldozereiket.
Mikor kerül sor a történelem és az örökség fórumára?
Tizenhárom bank részben nemzetiségi Benelux kormányok
A Benelux államok részleges állami támogatással segítenek a Fortis-nak, a belga-holland banknak – amely az első európai pénzügyi intézmény, amely az amerikai hitelválság következménye miatt nehézségben van –.A három ország megállapodott abban, hogy 11,2 milliárd eurót ad a magyar érdekű banki és biztosítási cégbe.
A héten végére a belga, a luxemburgi és a holland kormányok a legmagasabb szinten konzultáltak a kérdéssel, az Európai Központi Bank elnöke és az Európai Bizottság versenybiztosával együtt.
Az euróövezetben a Fortis az első bank, amelyet a nemzetközi pénzügyi válság az elmúlt 12 hónapban hullámokkal közelít.
A vasárnap este meghozott határozat szerint minden kormány 49 százalékos részesedést fog vállalni a Fortis bankjaiban az országukban.
A bank biztosan eladja részét részvényeinek, különösen a biztosítási tevékenységeknek, amelyeket tavaly megvásárolt a holland ABN Amro-tól.
Tizenhárom részvény elkezdett mélyen elárasztani a múlt héten, majd a hét második részében súlyos válság jelei jelentek meg a vállalatnál.
Az elemzők egyetértenek abban, hogy a bank - 85 000 alkalmazottjával - túl nagy ahhoz, hogy megengedje, hogy csődbe menjen.
A bank részvényei pénteken 12 százalékkal csökkentek, ami a rekord legalacsonyabb szint 14 éve.
A részvények értéke január óta kétharmaddal csökkent.
Tekintettel a jelenlegi részvényárakra, a csoport teljes piaci tőke értéke körülbelül 14 milliárd euró. azonban a vállalat igazgatói azt mondják, hogy ez nem tükrözi a valóságot.
A menedzsment hibáztatja a külföldi bizonytalanságokat - amelyek a 700 milliárd dolláros amerikai csomag elfogadásához kapcsolódnak - a Fortis részvények bukásáért.
A készletek hétfőn enyhe növekedést mutattak.
Filip Dierckx pénteken nevezte ki a bank új ügyvezető igazgatóját.
A pénzügyi intézmény magántulajdonosokat is keresett, de eddig nincs jelentős ajánlat.
A belga kormány korábban kijelentette, hogy a befektetőknek nincs okuk aggódni, nem veszítik el a pénzt.
Eddig nincs pánik a bank ügyfelei között; nincs banki gyorsulás.
A Fortis saját bankkártyája van Magyarországon, és bérleti társaságokat is vásárolt.
Fox a Henhouse-ban
Az amerikai élet- és egészségbiztosítási cégek gyakran megtagadják, hogy eladják a biztosítást néhány polgárnak, mivel a kábítószer-vásárlási adatokat.
Az adatvédelmi szakértők attól tartanak, hogy az adatpiac ellenőrizhetetlenné válik.
„Van egy adatvédelmi program, amely az érintett hozzájárulását igényli a kábítószer-recepciós adatok használatához.
Függetlennek kell lennie, különben a fox megőrzi a házat" - idézi a Washington Post Richard Dick-t, a kábítószer-recepciók nyomon követésére alkalmazandó program fejlesztőjét.
A biztosító cégek a kártérítésre és a kártérítésre vonatkozó összeget a kérelmező ügyfél egészségi állapotától függően határozzák meg, és ha túl kockázatosnak tartják, nem nyújtanak biztosítást.
A kérelmező ügyfeleket arra küldték, hogy orvosi vizsgálatot végezzenek, és a szerződést csak a vizsgálati eredmények fényében kötötték.
Dick tíz évvel ezelőtt sokkal olcsóbb módszert fejlesztett ki: az ügyfél azonosító száma alapján az ügyfél által az elmúlt 18 hónapban megvásárolt gyógyszerek típusa könnyen kimutatható, így a program saját következményeit vonhatja ki a kérelmező által szenvedő betegségek, valamint az egészségi állapotuk tekintetében.
Például a rendszeres vásárlás nagy dózisú koleszterincsökkentő gyógyszerek gyakorlatilag utal arra a tényre, hogy az ügyfél kezelhetetlenül magas vérzsírszint, amelynek eredményeképpen ez a személy azonnal kerül egy magasabb kockázati kategóriába.
A program különböző változatai vannak a kereskedelemben, némelyikük még meghatározza a kockázati tényezőt is, így a biztosítási társaságnak nincs más dolga, mint a papír, bár kisebb nehézségek merülnek fel.
Az egyik hátránya az a tény, hogy egyes gyógyszerek több célra használhatók, például néhány orvosi képlet migrén, hőhullámok vagy akár depresszió kezelésére szolgál.
Az utóbbi jelentős kockázat-növekedési tényező az üzleti biztosítók szemszögéből, míg a másik kettő nem.
Vannak konkrét cégek, amelyek az adatok megszerzésével és feldolgozásával foglalkoznak, és a szükséges információkat a gyógyszertárakból megszerzés előtt kérik a beteg engedélyét.
Ezt már meg kell tennie, bár korábbi kudarcait nem büntették meg.
Néhány vállalat még a laboratóriumi vizsgálatok eredményeit is feldolgozza, és összekapcsolja azokat a kábítószer-fogyasztási adatokkal.
Egyre több vállalat kap hozzáférést az adatokhoz, és párhuzamosan egyre nehezebb a használatuk ellenőrzése.
Az egészségügyi adatok védelméről szóló egyedi jogi aktus létezik, de annak hatálya csak az egészségügyi szolgáltatókra és a biztosítási vállalkozásokra vonatkozik.
Az adatkezeléssel foglalkozó vállalatok felügyeleti hatáskörének biztosításáról szóló törvényjavaslatot a Kongresszus elé terjesztették.
Dick Richard rájön, hogy ez nem elegendő: ezért továbbfejlesztette programját, ami most korlátozza az adatátvitelt az érintett kifejezett hozzájárulás igénylésével kapcsolatban.
Egy másik kérdés azonban, hogy a kérelmező nem tudja valóban elutasítani a hozzájárulást, különben a biztosító cégek nem kötnek szerződést velük.
Tehát a kecskék bizonyos mértékig továbbra is a kecskék jótékonyságától függnek.
Főoldal > Marseille Menu
Az Európai Unió és India megduplázza a kereskedelmet
Mivel az Európai Unió és India egymás vezető kereskedelmi partnere, a kilencedik csúcstalálkozó napirendjét ezen a területen más, elsősorban globális problémák mellett is uralkodott.
A mai napon megrendezésre kerül a francia-indiai csúcstalálkozó is, különösen a nukleáris együttműködésről.
Annak ellenére, hogy az Európai Unió elismeri, hogy India egy feltörekvő, demokratikus világhatalom, amelyet nemzetközi ügyekben többet kell mondani, a tagállamok még nem tudtak megállapodni arról, hogy támogassák-e New Delhi állandó tagjait az ENSZ Biztonsági Tanácsának.
Így ez a kérdés nem volt kényszerítve a tegnap Marseille-ben tartott kilencedik csúcstalálkozón.
Nicolas Sarkozy francia elnök, a Bizottság elnöke, José Manuel Barroso és Javier Solana külpolitikai vezetője üdvözölte Manmohan Singh indiai miniszterelnököt, és megállapodott abban, hogy a kereskedelem áramlását öt év alatt megduplázza, vagyis több mint 100 milliárd euróra emeli.
Mivel az áruk cseréje 25 milliárdról 55 milliárdra emelkedett 2000 és 2007 között, ez nem túl ambiciózus cél.
Következésképpen, 26 meglévő kétoldalú polgári légiközlekedési egyezményeket Indiával jogilag harmonizáltak, ami azt jelenti, hogy a légi közlekedés a jövőben szárnyalhat.
A szabadkereskedelmi megállapodás 2009 végéig köthető az EU-val.
Sarkozy megígérte, hogy felgyorsítja a harmonizációt.
A cél az, hogy megtalálja az egyensúlyt, miközben India az EU első számú kereskedelmi partnere, ugyanakkor New Delhi csak a kilencedik helyet foglalja el az EU partnereinek listáján.
A csúcstalálkozó a globális kérdésekre összpontosít:
Az Afganisztán és Pakisztán helyzetéről, valamint a terrorizmusról.Ezt mindkét fél minden formában elítélte, és az ENSZ Konferenciájának megtartását sürgették.
A Doha kereskedelmi forduló befejezése is felgyorsult, bár mindkét fél felelős a fiasko-ért eddig.
Az EU megerősítette, hogy fenntartja energetikai és éghajlat-politikai programját, ami azt jelenti, hogy a légszennyező anyagok kibocsátásának 2020-ig legalább 20%-kal történő csökkentésére szándékozik.
India egyetért ezzel, valamint azzal a céllal, hogy a jövő évi éghajlat-konferencián globális megállapodást érjen el, és 2050-re 50 százalékkal csökkentsék az üvegházhatású gázok kibocsátását.
Egy másik cél az volt, hogy megakadályozzák az élelmiszerárak növekedését, és támogatták a pénzügyi válság felülvizsgálatára irányuló nemzetközi konferencia meghívását.
Az indiai miniszterelnök ma kétoldalú találkozóra megy a francia fővárosban, ahol megállapodást köt a nukleáris energia békés használatáról.
A francia cégek 20 milliárd euró értékű nukleáris reaktorokat építenek Indiában.
A hírügynökség tájékoztatása szerint a megállapodás 15 évig érvényes lesz.
Több mint háromszáz olasz szerkesztő Frankfurtban
Az olasz kiadók erős jelenléte a frankfurti Nemzetközi Könyvkiállításon.
Több mint háromszáz olasz szerkesztő lesz jelen a Buchmesse hatvanas évfordulóján, a szerzői jogok cseréjének legfontosabb nemzetközi eseményén.
A frankfurti Nemzetközi Könyvkiállítás több mint 7 ezer kiállítót vár erre az alkalomra 101 különböző országból, akik a kiállítás 171.790 négyzetméteres területét fogják elfoglalni több mint 403.000 címmel a kiállításon, és Törökország lesz a tisztelet vendége.
Francesco Maria Giro, a Kulturális Örökség és Tevékenységi Minisztérium altitkára az olasz kormányt képviseli az olasz Pavilion megnyitó ünnepségén: valójában Olaszország intézményként jelen lesz egy olasz állomással – 264 négyzetméteres kiállítási területtel.
Következő a sajtótájékoztató a Buchmesse Pavilion Struktúra 5.0 szobájában: ez lesz az alkalom, amikor a számok, trendek és az olasz kiadói ipar státusának megtekintése kerül bemutatásra.
Az adatok szerint fokozatosan csökken a külföldi szerzők által készített könyvek jelentősége az olasz termelésben, és különösen a felnőttek és a gyermekek számára.
Megtalálták Steve Fossett repülőgépét, egy évvel ezelőtt eltűnt
Megtalálták Steve Fossett repülőgépét, aki 2007. szeptember 3-án eltűnt a Nevada sivatagán keresztül.
A hulladékot 3000 méteres magasságban, a Sierra Nevada területén, a Mammoth Lakes területén, a kaliforniai és a Nevada határán találták meg.
A repülőgépen azonban nem voltak emberi maradványok.
A Madera megye sheriffje, John Anderson elutasította a fennmaradó kétségeket: "A repülőgép elhelyezkedett, egy csapatot küldtünk, és most megerősítjük, hogy Steve Follett azon a napon repült, amikor eltűnt" - mondta egy sajtótájékoztatón.
Később a sheriff rámutatott, hogy nem találtak emberi maradványokat sem a repülőn, sem a környező területen.
A 63 éves milliomos februárban lemondott a haláláról.
Az amerikai Nemzeti Közlekedési Biztonsági Hivatal (NTSB) arról számolt be, hogy néhány órával a törés után nyomozó csapatot küldtek, amely később azonosította a repülőgépet: ez a Bellanca 8KCAB, amely 2007. szeptember 3-án eltűnt, amikor Fossett elindult Yeringtonból Nevadában három órás repülésre.
Tegnap, mindig Kaliforniában, nem messze a Nevada határától, néhány Fossetthez tartozó személyes hatást találtak a Mammoth Lakes házuk közelében.
A tárgyak két dokumentum Fossett nevében, mindkettő kiadott a Szövetségi Légiközlekedési Hivatal Illinois, néhány készpénz, és egy édesség.
A Fossett keresését egy hónappal azután indították el, hogy eltűnt.
A milliomos megszerezte magát a történelemben a világrekordok sorozatának köszönhetően.
2002-ben, a hatodik kísérletében, ő lett az első ember, aki befejezte a világkörüli utazást egy forró légi ballon: egy kéthetes egyedülálló repülés.
Három évvel később repülővel utazott a világ köré leszállás nélkül.
Számos rekordja között 15 445 méterre repül, az Andok felett, de egy kísérővel.
Glk, a reklám, amely nem vár rád
Egy SUV, amely a szabványon kívül van, eredeti kialakítással, amelyet döntő vonalak, széles felületek és tiszta vágási sarkok határoznak meg.
Röviden, ez a GLK, a legújabb kiegészítés a „kompakt” off-road járművek a csillogó gyártó, amellyel a Mercedes-Benz megpróbálta, hogy egy lélegzetelállító friss levegő ebben a szektorban.
Mivel a jellemzői a hagyományos szabványoktól eltérnek, a GLK SUV elindítását kísérő üzenet váratlan és nem hagyományos lesz, a Mercedes-Benz kiállítási szobáiban október 17-től lesz elérhető.
Így a reklámkampány, amely az új jármű debütálását kísérte, új kommunikációs módszert hoz létre, amely magában foglalja a 3D billboardok futurisztikus kampányát is, amelyet először Olaszországban használ egy autó márka.
A nagy billboardok projektje, amely három különböző szakaszban halad, amely a milánói legközpontibb bevásárló utcát, a Corso Como-t november 15-ig uralja.
Az új típusú kommunikáció első fázisa az autó sztereoszkópos megjelenésével kezdődik, és a Corso Como szomszédságában elosztott speciális szemüvegeknek köszönhetően az új SUV-t valódi méretben és 3D formátumban láthatjuk.
Valójában a képre nézve az lesz az érzés, hogy az autó kiáramlik a plakátból.
Ezután az Elumina 8 innovatív technológiájának használatával az új GLK minden részletét különböző időkben megvilágosítják, majd egyetlen képként helyreállítják.
Kétségtelen, hogy a Mercedes ezen a reklámon keresztül próbál valami újat bevezetni a hagyományos autóhirdetési területen.
Vajon sikerül-e ezzel a képlettel a jövőbeli vásárlók érdeklődését provokálni?
Íme, kik az olasz holiganok
a Tri-Veneto, felelős, hogy tilos részt venni a sportesemények (Daspo).
De kik azok a 150-200 emberek, akiket Olaszország most szégyenkezik? Ők a „Ultras Italia” csoport részét képezik, aki évek óta támogatja a nemzeti labdarúgó-csapatot, és a mai napig, az igazság ismert, soha nem hozott létre jelentős problémákat.
Soha nem ütközött az ellenzéki rajongókkal.
A csoport kivonata a jobb szárny.
Az előadók a Tri-Veneto-ból származnak.
Verona, Padua, Trieste és Udine.
Ezekhez egyesült néhány kis csoport (valójában nagyon kevés tag) Campagnia és Puglia.
Háromszögű zászlókkal rendelkeznek a harcosok származási városával: szombaton ezeket eltávolították, így nem lehetett azonosítani.
Elfogadják ötleteiket az angol rajongóktól.
Bulgáriában támogatókat találtak, akik valódi náciak voltak, a Levszkij csoport.
A FIGC az olasz rajongók rendelkezésére bocsátott 144 jegyet a mérkőzésre: minden személyes, így könnyen ellenőrizhető.
És a Viminale belügyminisztériuma valójában mindannyiukat ellenőrizte: azok közül a csoportok közül, akik Szófiába mennek, senki sem tiltott, senki sem tiltott a stadionban való részvételre.
Négy olasz rajongó, akik korábban a stadionhoz kapcsolódó bűncselekményeket követtek el, ténylegesen elutasították a jegyet, és megakadályozták, hogy menjenek.
Most a belügyminisztérium várja, hogy képes legyen elolvasni a hivatalos feljegyzéseket, amelyeket a bolgár rendőrség elé kell jutni a lépések meghozatalát megelőzően: ebben az esetben lehetséges, hogy legalább öt évre megtiltják azokat a támogatókat, akiket letartóztattak, vagy azokat, akiket a zavargások során azonosítottak.
Nemzetközi tilalom, amely megtiltja nemcsak Olaszországban, hanem egész Európában a stadionok jelenlétét.
A hollywoodiak, röviden, nem lépnek be egy másik stadionba.
Szerencsére
De most van az emuláció félelme: ez az, hogy mások csatlakoznak ehhez kevesebb, mint százötven.
"Meg kell haladéktalanul kimondnunk ezt az összeférhetetlenséget, és nem kell legalizálnunk azokat, akik így viselkednek" - hangsúlyozta a minisztérium a Viminale-ben.
Tehát "a szem széles körben nyitva van, különösen azért, mert a nemzeti csapat szerdán játszik Lecce-ban".
Pugliában valójában van egy kis mag az Ultras Italia támogatói.
Holnap a megfigyelőközpont találkozik, kedden a CASMS-vel, amely az AISE egy részén számíthat, azaz a titkos szolgálattal, amely pontosan kezeli a stádiumok problémáit.
„A Duce-Duce kórus és a kar kiterjedt a Mameli himnusz alatt? – Bulgáriában ez nem bűncselekmény...”
Ezek a gondolatok (nagyon csalódással kifejezett) Domenico Mazzilli, aki néhány héttel ezelőtt a Viminale-observatórium igazgatója (ez elérte a pozíciót, amelyet először Francesco Tagliente, majd Felice Ferlizzi tartott).
Korábban Mazzilli volt a rendőrség vezetője Triestben, ahol az Ultras Italia támogatói középpontja van, amelyet 2002-ben alapítottak.
Igaz, mondja Mazzilli, hogy Bulgáriában nem bűncselekmény az himnuszok énekelése a Duce-nak, de talán az 150-200 rajongó viselkedése szégyenletes volt.
„Nem vagyok szociológus – tette hozzá a megfigyelőközpont 1. pontja – a bűncselekményt az országban kell elkövetni, ahol az incidens történik.
Eddig ez a csoport a vonalakon belül maradt, most meg fogjuk látni, mi valójában megtörtént, és értékelni fogjuk a jövőre vonatkozóan.
De beszéljünk a Mameli himnuszra is: ez is nem bűncselekmény Bulgáriában, de ha megengedem, nem jó szokások...”
