Les populistes de droite triomphe en Autriche, ont un total de 29%
Selon les premiers résultats préliminaires des premières élections législatives en Autriche ont entraîné un affaiblissement perceptible des deux parties dans la grande coalition actuelle et un accroissement significatif pour les partis populistes de droite.
Le Parti populaire autrichien (ÖVP), où la position du chef actuel, Wilhelm Molterer, est gravement joltée, a subi des pertes particulièrement importantes.
En revanche, le chef de campagne de l’Alliance pour l’avenir de l’Autriche (BZÖ), le gouverneur carinthien Jörg Haider, se prépare à un retour triomphant dans la politique nationale.
Selon les résultats préliminaires, le Parti social-démocrate (SPÖ) reste le plus fort du pays avec 29,8 pour cent des voix, cependant, il a perdu 5,5 pour cent des voix depuis les dernières élections en 2006.
L’ÖVP, qui, avec ses 25,6 pour cent, perd près de neuf pour cent des voix, est encore pire.
Ce sont les pires résultats des deux grands partis de l'histoire post-guerre de l'Autriche, et surtout pour le Parti populaire, qui a appelé les élections anticipées, c'est littéralement un résultat catastrophique.
Au début de juillet, quand ÖVP a quitté la coalition, le Parti populaire a toujours eu une leadership significative sur le SPÖ dans les sondages.
Les électeurs, cependant, les ont apparemment punis pour avoir laissé le gouvernement s’enfoncer.
Dans les premières réactions aux résultats, il y avait déjà des spéculations sur la possible démission du chef du parti et du vice-cancelaire actuel Wilhelm Molterer.
Les observateurs attendent que cela puisse se produire dès la réunion extraordinaire du leadership du parti lundi.
Un tel développement simplifierait certainement le chemin vers le recours de plus en plus probable des résultats électoraux, c’est-à-dire le renouvellement de la grande coalition du SPÖ et de l’ÖVP.
Compte tenu du renforcement des deux partis populistes de droite - le Parti de la Liberté (FPÖ) a obtenu un préliminaire 18 pour cent et BZÖ onze pour cent des voix - cependant, en même temps, les Social-Démocrates ont exprimé la crainte d'une répétition de l'année 1999, lorsque le Parti populiste a convenu avec les populistes (FPÖ était encore unis à l'époque, il s'est éloigné du BZÖ en 2005) sur un gouvernement commun, qui a finalement provoqué des sanctions de l'Union européenne.
Haider, qui a déjà annoncé qu'il est prêt à travailler avec n'importe quel parti et prétend qu'il reviendra à Vienne pour la politique nationale, est évidemment en banque sur ce développement.
Le Parti vert a également rejoint le Parlement, mais a subi une légère perte et est tombé de troisième à cinquième place parmi les partis politiques autrichiennes.
Il est évident qu'aucun des autres partis n'a dépassé le score de quatre pour cent et n'est entré dans le parlement.
Schwarzenberg: les relations avec l'Inde pourraient s'aggraver
Selon le ministre des Affaires étrangères Karel Schwarzenberg, s’il ne sera pas possible de résoudre le problème des scientifiques tchèques chargés en Inde de la collecte illégale de bétons, un certain détérioration des relations tchèque-indiennes pourrait se produire.
Le ministre a fait cette déclaration à New York après la réunion d'aujourd'hui avec son collègue indien, Pranab Mukherjee.
"Si cela n'est pas résolu, alors oui, alors une certaine aggravation se produirait", a-t-il déclaré après la réunion initiée du côté tchèque.
Après les négociations, Mukherjee a déclaré qu'il était difficile pour la branche exécutive d'intervenir dans les affaires judiciaires.
Néanmoins, il a dit que dans le cas de Petr Švácha, qui a été éliminé des accusations et pénalisé par une amende, le gouvernement central peut négocier avec le gouvernement local à Darjeeling, sous la juridiction de laquelle la question appartient.
« Son problème pourrait être résolu », a déclaré le ministre.
Selon Mukherjee, il serait préférable pour Emil Kučera, condamné à trois ans de prison, de faire appel aux autorités supérieures.
Il peut alors demander d'être libéré sur sauvetage et attendre le verdict en dehors de la prison, a-t-il expliqué.
Schwarzenberg a confirmé que son partenaire avait aussi dit cela pendant les négociations.
"Il recommande d'appeler un tribunal supérieur, alors il serait possible de lui pardonner", a déclaré le chef de la diplomatie tchèque.
La seule façon que la partie tchèque puisse devenir impliquée dans l’ensemble de l’affaire, c’est de fournir aux personnes condamnées « un soutien juridique compétent », a déclaré le ministre indien.
Dans le même temps, il a dit que la partie indienne leur fournit déjà des aides de ce type.
« C’est dans notre plus grand intérêt de maintenir les meilleures relations avec l’Inde, qui a une tradition longue.
Les Indiens le reconnaissent aussi », a déclaré Schwarzenberg.
Dans le même temps, comme il a dit à l’agence de presse tchèque, il a souligné devant son partenaire que la République tchèque a mis une grande importance sur le problème des entomologues tchèques.
"Nous considérons vraiment l'arrestation et l'accusation de ces scientifiques tchèques comme une grave erreur", a-t-il déclaré.
Le ministre a évité de répondre à la question de savoir s’il avait reçu une promesse de la part indienne pour poursuivre la question.
Il a simplement déclaré : « J’ai déjà reçu quelques promesses ».
La République tchèque se bat pour le sol de l'océan
Il se dirige vers la carte murale électronique représentant l’Australie et les zones maritimes environnantes.
Cependant, il n'est pas intéressé par le continent, mais à un petit point perdu dans le bleu de l'océan.
Cette île, et avec elle le sol de l’océan qui l’entoure, appartient à l’Australie.
Dans le même temps, la zone est aussi grande que le continent lui-même », explique l’avocat italien Luigi Santosuosso, qui appartient à l’équipe de trente membres des employés de la Division des Affaires océaniques et du droit de la mer de l’ONU.
Son patron, le directeur de la division, l’avocat tchèque Václav Mikulka, suit ce qu’il dit et ajoute occasionnellement quelque chose.
La passion et l’enthousiasme pour le travail sont dominants ici.
Le sol de l'océan abrite un monde si peu connu riche en ressources naturelles.
Il est possible de trouver de l’huile, des ores et d’autres minéraux, mais aussi des organismes vivants inconnus qui tiennent la clé, par exemple, au développement d’un remède pour le cancer.
Un sol plus grand que le continent
Aujourd’hui, les pays côtiers ont commencé à rivaliser pour le nouveau territoire sous-marin.
C’est-à-dire qu’en vertu d’un accord des Nations Unies, ils utilisent les droits sur lesquels ils ont convenu en 1982 à Montego Bay, au Jamaïque.
C’est principalement la zone du soi-disant shelf continental, qui atteint souvent plusieurs centaines de kilomètres de la côte du pays donné.
Selon l’accord, ce pays a le droit exclusif à tous les ressources de l’échelle continentale.
Il est considéré comme la partie du sol de l’océan, qui est la continuation naturelle du continent sous la mer et son substrat.
Il a atteint au-delà du bord de la mer côtière, souvent même au-delà du bord des deux cents miles nautiques de la soi-disant zone économique exclusive », explique Mikulka.
La demande présentée par le pays à la Commission sur les limites de la Shelf Continental doit être soutenue par la documentation scientifique et technique fondée sur de nombreux sondages et mesures coûteuses.
C’est le résultat de nombreuses années de travail préparatoire.
"Un de nos rôles est de fournir à la commission une assistance juridique et technique spécialisée.
La commission a jusqu'à présent discuté de cinq demandes, de la Russie, du Brésil, de l'Australie, de l'Irlande et de la Nouvelle-Zélande.
Seuls les trois derniers de ces pays ont réussi jusqu’à présent », ajoute Mikulka.
Récemment, le succès de l'Australie, qui a été le premier à étendre son domaine sous-marin, a été enregistré dans le monde entier.
Mais la Nouvelle-Zélande a également gagné - la surface du sol de l'océan que la commission lui a accordée est d'environ 1,6 million de kilomètres carrés, c'est-à-dire environ six fois plus grande que la taille du pays lui-même.
Les deux pays ont investi des millions de dollars dans la recherche.
Les bénéfices qui seront tirés de l’utilisation du sol de l’océan dans l’avenir seront, ils espèrent, sans prix.
D’autres pays soumettent également progressivement leurs demandes.
Ils ont jusqu’à dix ans à compter du moment où ils ont ratifié l’« Accord de Montego Bay » pour le faire.
Là où s’arrête l’échelle continentale, commence la zone du sol océanique déclarée par l’accord comme le « patrimoine commun de l’humanité ».
Aucun pays n’a plus de position exclusive.
Les droits de la mine dans ce domaine sont accordés par l'accord établi par l'institution internationale.
« Mais le sol de l’océan n’est pas Klondike », dit le directeur Mikulka exagérément, ajoutant que ses « zones individuelles sont légalement clairement délimitées et leur régime est anchoré dans des contrats ».
Les Tchèques dans le Pacifique
Une partie du sol de l'océan appartient actuellement à la République tchèque.
Il le partage avec d'autres pays de l'ancien bloc oriental dans le cadre de l'organisation commune "Interoceanmetal".
Par accord, cette organisation, comme les investisseurs de plusieurs autres petits pays, a obtenu le statut de soi-disant « investisseur pionnier » en 1991.
Il est autorisé à miner dans la zone ClarionClipperton dans l'océan Pacifique, qui se situe entre le Mexique, Hawaii et Kiribati.
La zone recherchée par l’investisseur est légèrement plus grande que l’ancienne Tchécoslovaquie.
Le sol de l'océan est rude, c'est une sorte de modèle sous-marin des montagnes de Tatra.
« Il est possible de miner là-bas sur une superficie totale de 75 000 kilomètres carrés.
La région est un endroit riche pour la collecte de concrets poly-métalliens contenant du nickel, du miel, du cobalte et du manganèse », a déclaré un autre avocat, Pakshi Rajan, de l’Inde.
L'avocat macédonien de la division, Rober Sandev, apporte une telle concrétisation à démontrer.
Il ressemble à une petite pomme de terre ou, avec un peu d’imagination, au schéma mythique, qui, selon la légende, a apporté le Golem à la vie.
Les forces spéciales allemandes présentes à la Rescue d'Hostage
Pour résoudre la crise des otages, le gouvernement égyptien avait demandé l'aide de l'Allemagne - qui a été envoyé aux experts.
Lorsque la pression est arrivée, les forces spéciales étaient prêtes, mais leurs services n'étaient pas nécessaires à la fin.
De plus en plus de détails surviennent sur les circonstances autour de la libération des onze touristes européens kidnappés en Egypte.
Selon le ministère fédéral de la Défense et de l'Intérieur, les forces spéciales allemandes ont indirectement participé à la mission de sauvetage.
Des spécialistes des forces armées fédérales (Bundeswehr) et des membres de la police fédérale allemande (Bpol) et de ses unités spéciales GSG 9 et de la garde aérienne étaient présents au secours, ont déclaré lundi soir des porte-parole des ministères, ainsi que des membres de l'Office fédéral de la police pénale (BKA) et des experts en logistique de l'Agence de secours technique (THW).
Les forces allemandes n'étaient pas nécessaires, cependant, ils ont dit, parce que les capteurs ont abandonné leurs otages et ont fui quand ils ont appris que les otages étaient sur le point d'être libérés par la force.
Le gouvernement égyptien avait accepté l'aide offerte par l'Allemagne pour faire confiance aux forces allemandes en tant que sauvegarde pendant l'opération.
« Heureusement, cela n’est pas arrivé », a déclaré un porte-parole du ministère fédéral de l’Intérieur allemand.
Le groupe de voyage composé de cinq Allemands, cinq Italiens, une femme romaine et leurs huit camarades égyptiens avaient été ambushés et kidnappés le 19 septembre dans le sud de l’Égypte.
Après leur kidnappement dans une région déserte au sud de l’Égypte, les otages avaient été transportés de retour en arrière dans la région frontalière entre l’Égypte, la Libye, le Soudan et le Tchad.
À ce jour, l’identité des capteurs reste inconnue, comme des détails sur le sauvetage ou sur les éventuels rançons.
Les anciens otages sont arrivés en toute sécurité et en toute sécurité au Caire.
Le ministre allemand des Affaires étrangères, Steinmeier, a déclaré qu'ils avaient été confiés aux soins de l'ambassade allemande.
Il n'a pas commenté les détails du secours.
A Berlin, aucune information immédiate sur leur retour en Allemagne n'a été donnée.
Selon le journal allemand Bild, les cinq touristes et les forces spéciales sont à bord d'un Airbus de l'Air Force allemand, qui est annoncé d'arriver en Allemagne mardi.
La Chambre des représentants des États-Unis rejette le bailout
Le paquet de sauvetage de 700 milliards de dollars pour les marchés financiers a peu échoué à passer dans la première des deux chambres du Congrès américain.
Le Dow Jones a fait un coup de nez.
Avec un vote de 227 à 206 contre, la Chambre des représentants des États-Unis a rejeté le paquet de sauvetage du gouvernement pour les marchés financiers.
Malgré tous les appels du président George W. Bush et des principaux responsables des deux parties, aucune majorité n’a été atteinte pour le programme qui était destiné à contenir le chaos sur les marchés financiers.
Dans une campagne dramatique, les partisans avaient fait des tentatives désespérées pour convaincre les critiques des mérites du plan de 700 milliards de dollars.
Barney Frank, l’un des principaux négociateurs démocratiques, avait appelé les représentants à l’approbation, bien qu’il s’agisse d’un plan peu populaire.
« Il est difficile d’obtenir l’approbation politique pour la prévention de quelque chose qui n’a pas encore eu lieu », a-t-il reconnu.
Alors que le vote était encore en cours, le Dow Jones a vu une baisse de plus de six pour cent, soit 600 points.
Cela a été causé par les inquiétudes des investisseurs que le sauvetage du gouvernement pourrait échouer.
Il a récupéré peu de temps avant la fin du vote, seulement pour prendre un autre nez-dive quand le rejet a été rendu public.
Les experts attendent désormais de nouvelles turbulences graves sur les marchés financiers internationaux.
Pour que le plan soit mis en œuvre, l’approbation de la Chambre des représentants et du Sénat est requise.
Les agences de voyage rapportent une hausse des réservations
Il va être un bon hiver pour les agences de voyages allemands, évidemment:
Selon une enquête, le chiffre d’affaires des réservations pour les mois à venir a considérablement augmenté par rapport à l’année précédente – pour la saison hivernale de 30%, même.
Malgré les perspectives d’une faible économie, l’appétit des Allemands pour voyager reste insupportable, selon une enquête.
Pour les réservations pendant la saison d'hiver, les agences de voyages ont vu une augmentation du chiffre d'affaires de 31 % par rapport à la même période de l'année précédente, a rapporté l'Association allemande de voyages (DRV) à Berlin lundi.
Selon la firme de recherche du marché GfK, il y a eu une augmentation des réservations au cours des mois d'automne aussi.
Les agences de voyages avaient vu une augmentation du chiffre d’affaires d’environ onze pour cent pour octobre versus 2007, a indiqué la DRV.
Les résultats sont basés sur les chiffres de GfK, qui traite les données de réservation de 1200 agences de voyages allemandes chaque mois et les utilise pour faire des projections pour le marché dans son ensemble.
Les réservations de voyage ont été effectuées jusqu'en août 2008.
En raison d'un dollar faible, en particulier les voyages aux États-Unis étaient en demande, a déclaré la DRV.
Dans ce domaine, les réservations avaient augmenté d'environ un tiers, a-t-il dit.
D’autre part, il a souligné que l’Espagne, la Turquie et la Grèce sont populaires parmi les Allemands, ainsi que parmi les régions intérieures.
Les voyages inclus étaient particulièrement recherchés, a déclaré le président de la DRV, Klaus Laepple.
À la lumière de l’augmentation des prix de l’énergie et des denrées alimentaires, leur coût était « plus calculable pour les clients que celui des vacances individuellement organisées », a déclaré Laepple.
Les consommateurs pourraient économiser de l’argent à travers des réductions anticipées ou all-inclusive, entre autres, a déclaré Laepple.
Parce que les mois d'été avaient été très bien réservés, il y aurait aussi une nouvelle hausse des revenus par rapport à l'année précédente, a-t-il dit - bien que d'autres sondages rapportent que le nombre de voyageurs allemands a baissé par rapport à l'année précédente.
La première fois à l'Oktoberfest
Spring-break- et après-ski-style hits en mode répétitif, bière à partir d'un litre de mugs et célébrités dans le designer Dirndln.
Un grand débat.
Techniquement, Susanne Kronzucker et moi, nous n’avons pas beaucoup en commun.
Elle est blonde, hôte de télévision et porte un Dirndl personnalisé.
J'ai des cheveux sombres, je suis étudiant, et ma robe est de seconde main.
Mais il y a une chose qui nous connecte: nous avons été au Wiesn pendant près de trois minutes, et déjà les photographes se tournent autour de nous et tirent des photos, remplissant leurs cartes de mémoire - très flatterant, et c'est ma première visite au Wiesn, pour se lancer.
C’est ainsi que vous faites des amis.
Le Cheapo Dirndl semble faire son travail.
Pour un touriste de Wiesn habituellement basé au nord de l'équateur de Weisswurst, ce sentiment confortable portant la robe traditionnelle bavaroise avait laissé beaucoup à désirer jusqu'à présent.
Mais une fois arrivé à Theresienwiese, ce n'est pas aussi mauvais que tout cela.
Presque tout le monde porte Dirndl ou Lederhosn; personne ne semble dégoûté ou embarrassé - tout est totalement normal.
Seul mon Dirndl apron a attiré des regards bizarres sur le fournisseur de chocolat-banane.
Une femme de Munich m’a attiré l’attention que j’avais lié l’apron de la mauvaise façon : « Disponible à gauche, vierge au milieu, engagée à droite, veuve derrière ».
Je tire mon apron de derrière à gauche.
« Regardez à droite », dit-elle, et elle ri.
D'autres sont moins préoccupés par les techniques subtiles de flirt et portent des chapeaux simples qui disent 'Too boire pour s'habiller' et, sans hâte, montrent aux gens leur nue derrière.
Le jeune homme avec l'attitude exhibitionniste est appelé Bob, est d'Angleterre, et c'est sa première fois à l'Oktoberfest, aussi.
Il le trouve « gorgeous », avec un long «ooooo ».
Il me dit cela tout de suite après qu'il s'est racheté de la 'Maß' qu'il avait précédemment.
Juste à côté d'un de ces pompiers que tout le monde se trompe pour les déchets.
Bob est donc l’un de ces « Wildbiesler ».
D'autres ne sont pas assez chanceux de perdre l'alcool de cette façon.
En allant à huit heures de nuit, les résultats des paramédiciens chauffent l'emplacement, en attendant les pauvres bingo.
Les médecins apparaissent toujours dans les paquets - il y a toujours quatre à la fois, portant un stretcher couvert de tente à tente.
Il fonctionne comme la plupart des visiteurs de Wiesn : quand il est vide, ils sortent, et quand il est plein, ils reviennent.
Vous ne voyez pas qui est à l'intérieur des coffins de BAC.
« C’est ceux qui ne peuvent plus prendre », a crié l’un des médecins quand je l’ai demandé, disparaissant dans la foule.
La victime d'un accident nommée par la police
Une piétonne de 63 ans qui est morte à l'hôpital après avoir été frappée par un véhicule à Essex a été nommée.
Carole Paulson, de Chelmsford Road à Brentwood, a été impliquée dans l'accident vendredi après-midi sur Shenfield Road dans la ville.
Elle a été emmenée à l'hôpital de la reine, à Romford, mais est décédée plus tard.
Après l'accident, un homme de 51 ans a été arrêté pour soupçon de conduire sans soin.
Depuis, il a été libéré à la police.
Les horizons diplomatiques croissants de la Turquie
Longuement avant que la Turquie cherche à rejoindre l’Union européenne, les pouvoirs européens étaient désirés pénétrer profondément dans le fond de la Turquie.
Sur le côté est du Bosphore, peut-être seulement 20 pas vers l’Asie, se trouve l’une des plus belles reliques de cette ambition impériale échouée.
La station ferroviaire de Hydarpasha a été conçue par deux architectes allemands Otto Ritter et Helmut Conu dans le style néo-renaissance.
C’est du moins ce que les guides vous disent.
Le bâtiment est assis à la fin des plates-formes avec une tour à chacun de ses coins avant cherchant le monde entier comme quelques villes d'Allemagne provinciale.
La pierre est sale.
L’ensemble du bâtiment s’effondre légèrement.
Mais une fois à l’intérieur du bureau des billets, il n’y a aucun doute sur la grandeur de l’entreprise dont ce fut la porte la plus occidentale.
La gare a été ouverte en août 1908 par un consortium allemand, l'Anatolie-Baghdad Corporation.
L'Allemagne, un latecomère du jeu impérial, avait l'intention de réaliser ses ambitions de dominer le Moyen-Orient par le biais de cette voie ferroviaire en direction de Damas, de Bagdad, et au-delà de ce qui est aujourd'hui l'Arabie saoudite.
Mais les ambitions impériales de l'Allemagne ont été fondées pendant la Première Guerre mondiale.
Ses traces ferroviaires ont été attaquées par Lawrence d'Arabie et ses irrégularités arabes.
L’isolement relatif de sa région environnante, engendré par les frontières gelées de la Guerre froide, a disparu.
Les forces britanniques et dominantes avancèrent hors de l'Egypte et poussèrent les Turcs et leurs alliés allemands hors de la Palestine et de la Syrie.
Et il y a eu de mauvaises nouvelles pour la gare Hyderpasha aussi.
En 1917, un train de munitions s'écrase et détruit son toit élaboré.
Des sources turques disent que c’était un sabotage.
Depuis, il s’est lentement déformé, largement dépassé par l’histoire.
Mais aujourd'hui, cette porte ferroviaire vers l'Anatole et tous les points de l'est, sert - symboliquement au moins - à souligner les horizons diplomatiques élargies de la Turquie.
Le parti qui gouverne la justice et le développement (AKP) a mis en place une nouvelle politique étrangère pour le pays.
L’isolement relatif de sa région environnante, engendré par les frontières gelées de la Guerre froide, a disparu.
Il y a une nouvelle politique d’engagement.
Il est remarquable que le gouvernement turc a de bonnes relations avec Israël et la Syrie, avec les factions palestiniennes du Hamas et du Fatah, avec l’Irak et l’Iran et bien sûr avec l’Union européenne et les États-Unis.
Pour regarder les paramètres de cette nouvelle politique étrangère, j’ai embarqué dans la nuit dans la capitale turque Ankara, pour visiter l’un des principaux experts en politique étrangère de l’AKP, le député turc Suat Kiniklioglu.
Le lendemain matin - environ dix heures et demie plus tard - après une randonnée joltante le long des traces qui produisent les vieux cadences du célèbre documentaire The Night Mail, je suis arrivé dans la capitale turque - proposé comme une nouvelle ville pour une nouvelle tentative d'État laïque pour tourner son dos sur le passé ottoman.
Mais l’AKP avec ses racines islamiques bien connues représente un changement de paradigme dans le consensus turc.
Il a suscité quelques soupçons dans l’Occident, surtout à Washington.
Un taxi m’a emmené au siège de l’AKP, une structure de pierre et d’acier ultra-moderne – construite à but – dans une préfecture en développement, entourée de centres commerciaux semi-construits et de patisseries d’électricité où les gestionnaires intermédiaires dans les vêtements d’affaires – hommes et femmes – se sont rencontrés pour faire des rencontres tôt le matin.
Suat Kiniklioglu aurait pu être un politicien de centre-droite de presque tout autre parti politique en Europe.
C’est vrai, je suis sûr qu’il a fait un blackberry.
« L’objectif de la politique étrangère du parti est maintenant de réintégrer la Turquie dans son voisinage immédiat.
La guerre froide était une anomalie », a-t-il dit.
La Turquie a été coupée de son arrière-plan.
Aujourd’hui, il fallait regarder à l’est et à l’ouest en même temps.
Ce n’était pas le cas de l’un ou de l’autre.
Il fallait faire les deux.
« Mais certainement, à un moment donné », je me suis demandé, « la Turquie pourrait-elle être contrainte de choisir ? »
« La Turquie », a-t-il dit, « ne voulait pas avoir à faire face à ce choix ».
Il a ensuite souligné un point que presque tout le monde que j'ai parlé ici a recité presque par voie : les liens de la Turquie non seulement au Moyen-Orient, mais au Caucase, et autour de la mer Noire, sont aussi bien au profit de l'Europe et des États-Unis qu'ils sont en Turquie.
Avec la Turquie à bord, le message semble être, l’Europe dans son ensemble peut metaphoriquement parcourir ces lignes ferroviaires vers l’est en direction de l’Asie et du Moyen-Orient.
Retour à la gare de Hydarpasha, après une autre nuit largement sans sommeil, j’ai pensé à ces deux gentils allemands Herr Ritter et Herr Conu qui avaient vu ce bâtiment être construit il y a 100 ans.
Combien ils auraient été surpris de constater que les ambitions de l’Europe du Moyen-Orient pourraient maintenant, en grande partie, être dans les mains de la Turquie.
Et pendant que je attendais au terminal pour le ferry pour me ramener à travers le Bosphore, je me rappelais que dans ces jours-là, la Turquie avait toujours été appelée "l'homme malade de l'Europe".
Alors, au moins, il ne semblait pas y avoir beaucoup de doutes sur lequel le continent devrait faire appel à ce pays fascinant.
Lives souvenues : Vernon Handley et William Woodruff
Mark Brown écrit : En tant que directeur musical de Guildford de 1962, Vernon "Tod" Handley (obituaire, Sept 11) a été chargé de l'Orchestre et du Choir Philharmonic de Guildford.
Dans le cadre de son programme de musique pour le quartier, l'année suivante il a fondé son merveilleux choir de jeunesse, Proteus.
Il fallait que ce soit pour les moins de 21 ans, mais au moment où les Proteus chantent leur finale en 1979, plusieurs d'entre nous étaient à la fin des 20 ans - nous avons simplement refusé de céder le cor.
Le nom "Proteus" (le changeur de forme mythologique) représentait la volonté et la capacité du choir à faire face à toute musique qui lui était présentée, que ce soit madrigal ou messiaen, que ce soit sans accompagnement ou avec une orchestre complète.
La polyvalence musicale produite par un tel choir de jeunesse était souvent étonnante, toujours passionnante, et tout était dû à l’inspiration de cet homme et à l’enthousiasme pour la musique qui restait absolument constante tout au long des années.
Combien de fois nous avons été dit par Tod de « laisser la musique parler pour elle-même ».
Il dirait : « Le compositeur sait ce qu’il veut.
Tout est là dans la musique.
C’est comme ça que je chante ! »
Sa technique de baton était absolument claire et précise, bien que jamais dictatoire, ni floride.
Quelle que soit la norme musicale, il l’a toujours élevé encore plus haut.
John Frayn Turner écrit :
Si un conducteur aurait dû être battu, c'était Vernon Handley.
Je l'ai bien connu pendant les deux décennies qu'il a dirigé la Philharmonie de Guildford de 1962 à 1982.
Au cours des 40 dernières années, j’ai examiné plus de 100 de ses concerts et je peux honnêtement dire que je n’ai jamais été déçu d’un seul – et beaucoup de fois inspiré par eux.
Tod Handley avait cette rare combinaison de grandeur plus de modestie personnelle.
Il détestait les conducteurs qui, selon ses paroles, simplement « avaient frappé un ou deux chevaux de guerre bien connus dans le monde ».
Il sera manqué par tant d’entre nous.
par William Woodruff
Le professeur John Beckett écrit :
Votre obituaire de William Woodruff (Septembre 25) stipule que «en 1946 il a repris l'histoire économique à Oxford et en 1950 il est devenu un Houblon-Norman Research Fellow ... tout en étudiant simultanément pour un BSc, un MA et un PhD ».
Cela découle de la note de l'auteur de Woodruff dans Beyond Nab End, mais ce n'est pas correct.
De 1946 à 1953, il a été professeur d'histoire économique à l'Université de Nottingham, pendant lequel il a terminé une thèse de doctorat sur l'industrie du ruban britannique, sous la supervision du professeur J. D. Chambers, puis publié en 1958 sous le nom de l'industrie du ruban britannique.
Il a passé les années 1950-51 aux États-Unis sur une association Houblon-Norman, et l'été 1952 aux universités d'Illinois, Harvard et New York.
En 1953, il quitte Nottingham en permanence pour l'Illinois.
Pourquoi Woodruff a choisi de glisser sur cette partie de sa carrière est inconnu.
J. Vincent Resino à la Faculté de Philologie
"Je recommande l'exposition de José Vicente Resino "Flamenco y vida", car ses photographies noires et blanches, prises dans le style documentaire, sont extraordinaires.
Les photos ont attiré mon attention en raison de leur simplicité et de leur pouvoir de transmission, toujours traitant les sujets avec une attention particulière.
Une exposition qui donne un sens profond.
Resino est capable de capturer des moments magiques. »
Deuxième attaque contre la super-vente de Honda
En novembre prochain, Honda lancera le marketing de la deuxième génération de modèles Jazz.
Si le modèle précédent a déjà été caractérisé par une habitabilité élevée, ce nouveau minivan a un espace intérieur plus large.
En outre, il est équipé d'une mécanique fine qui augmente le confort de conduite et permet d'économiser du carburant.
Evolution au lieu de révolution.
C’est la seconde génération de Honda Jazz.
Bien que l'esthétique du nouveau Jazz ressemble au modèle précédent, les changements apportés au minivan sont nombreux.
Parmi d’autres, il vaut la peine de souligner son design innovant, sa nouvelle plate-forme, sa taille plus grande et sa mécanique assez nouvelle.
Cependant, avant d’aller analyser le nouveau modèle, il peut être utile de noter que ce nouveau Jazz ne vient que six ans après l’entrée de la première génération.
Par conséquent, une première observation devrait considérer que Honda a renouvelé ce modèle plus rapidement que les autres entreprises habituellement.
Même si le modèle Jazz est moins connu en Europe que dans d’autres marchés, il reste un phénomène en termes de ventes.
C'est le cas du Japon, où Jazz a été la voiture la plus vendue en 2002 et aussi pendant cette année 2008.
C’est là que près d’un million d’unités de jazz ont été vendues depuis le lancement du modèle.
Le deuxième marché était le vieux continent, avec environ un demi-million d'unités vendues en six ans.
Malgré ces chiffres, Honda estime que ce nouveau Jazz augmentera encore plus ses ventes dans le segment.
Ainsi, si en 2007 la société japonaise a vendu un total de 83 000 unités de ce modèle, en 2009 elle estime qu'il sera environ 100 000 voitures.
En ce qui concerne le marché espagnol, Honda a vendu un total de 8 000 unités de Jazz depuis 2002, correspondant à 6,7% des ventes totales pour la société en Espagne.
Avec l’arrivée de la nouvelle génération, le responsable de l’entreprise en Espagne espère vendre environ 2.000 unités de Jazz dans un an.
L’arrivée du nouveau Honda Jazz va probablement le rendre possible, en réduisant la baisse des ventes en Espagne à grande échelle.
En fait, les responsables de la marque s’attendent à la fin de l’année avec un total de 22 000 unités vendues, soit 4 000 unités de moins qu’en 2007, avec une baisse de 16%.
Malgré l’augmentation des ventes, Honda a également augmenté sa part de marché en Espagne, atteignant 1,8% par rapport à 1,6% l’année dernière.
Dans le même temps, l'entreprise japonaise s'attend à atteindre le 2% en 2010.
Pour ce faire, Honda est confiante dans un nouveau modèle.
Ceci est Insight, une voiture hybride compacte à cinq portes, de 4,37 mètres de long. La société japonaise espère vendre environ 200 000 unités de ce modèle dans le monde, dans un an.
Selon les marchés et les estimations des fabricants japonais, 50% des ventes d'Insight proviennent des États-Unis, tandis que les 50 % restants proviennent de l'Ancien Continent et du Japon.
Le lancement commercial d’Insight est prévu pour le début de l’année prochaine, peu de temps après la présentation du modèle à l’intérieur de l’entreprise en janvier à Valence.
Comparé à la première génération, le nouveau Jazz a grandi dans son intégralité.
Il atteint désormais 3,90 mètres de long (cinq centimètres de plus), 1,69 mètres de large (deux centimètres de plus) et son interaxle 2,50 mètres, avec une augmentation de cinq centimètres.
Sa hauteur de 1,52 mètres reste inchangée.
Avec la taille, son intérieur habitable a augmenté dans l'espace.
Ce avantage vient d’abord de la nouvelle plate-forme, et secondement de l’introduction du réservoir à carburant dans un emplacement central, une solution déjà adoptée dans le Jazz précédent.
En outre, la capacité du trunk - un double volume inférieur - augmente à 399 litres, une capacité 19 litres plus grande que la première génération.
Pour noter, ce sont les mesures de la Honda Jazz 1.4 tandis que la capacité du trunk dans le modèle 1.2 est de seulement 379 litres.
D'autres améliorations - en plus des éléments externes, tels que la ligne arrière ou la possibilité de monter le verre panoramique - concernent l'amélioration de l'accès aux sièges arrière.
Les portes qui permettent l'accès aux sièges arrière, s'ouvrent maintenant avec un angle de 80 degrés, comparé à 67 degrés dans le premier modèle.
En outre, tous les moteurs sont assez nouveaux dans cette deuxième génération de voitures.
À l’heure du marketing, ce petit modèle sera équipé d’un moteur à essence de 1,2 ou 1,4 litres.
Les deux systèmes mécaniques incluront la technologie i-VTEC qui permet une consommation plus faible de carburant, produit moins d’émissions de dioxyde de carbone, optimise les raffinements mécaniques et, en même temps, maintient un moteur de torque élevé dans toutes ses phases.
La version de 1.2 litres atteint une puissance de 90 hp à 6000 rpm avec une torque maximale de 114 Nm. à 4900 rpm.
La propulsion - qui a atteint le 78 hp dans le Jazz précédent - ne nécessite que 5,3 litres de carburant et produit environ 125 grammes d'émissions de CO2 équivalentes.
Comparé à la propulsion précédente, qui dans le modèle de première génération a utilisé 83 pièces, la nouvelle peut profiter de 100 pièces.
Le 1.4 Jazz avec 100 chevaux atteint une combinaison de 5,4 litres de carburant et 128 grammes de CO2 émis.
Un «bee-car » pour éviter les collisions
Dans le développement des technologies pour la prévention des accidents, Nissan a été inspiré cette fois, par la nature, et surtout par les abeilles.
La compagnie japonaise a créé un robot qui, imitant le vol des abeilles, peut éviter les accidents.
C’est le Bio-Mimetic Car Robot Drive, ou BR23C, le premier pas vers la conception de technologies pour la prévention des collisions.
Les ingénieurs du Centre technique avancé de Nissan Motor Co. ont développé ce petit robot en collaboration avec le Centre pour la recherche scientifique et la technologie de la prestigieuse Université de Tokyo au Japon.
Selon Kazuhiro Doi, directeur général des relations publiques pour la technologie, la recherche et le développement de la gestion de la marque, le BR23C est une expansion du Shield de sécurité des quatre zones produites par Nissan.
Ce robot est conçu pour améliorer la capacité à prévenir les collisions dans les véhicules produits par l'entreprise.
Au cours du vol, chaque abeille crée son propre espace personnel ovale qui est très similaire au Shield of Security développé par Nissan.
Mais l'élément le plus important est constitué par les yeux composés de l'abeille, qui peuvent voir dans toutes les directions avec un angle supplémentaire de 300 degrés, ce qui permet à l'insecte de voler sans interruption à l'intérieur de son espace personnel.
Pour recréer ces caractéristiques visuelles, les ingénieurs ont développé ce qu’ils définissent comme un locateur laser (Laser Range Finder).
Ce mécanisme détecte des obstacles dans les 2 mètres et un rayon jusqu'à 180 degrés devant le BR23C, calcule la distance à l'objet et envoie un signal au microprocesseur à bord qui permet immédiatement de prévenir la collision.
Lorsqu'il détecte un obstacle, le petit robot imite les mouvements de l'abeille et change immédiatement la direction en tournant les roues à un angle droit ou plus large pour éviter la collision.
La différence la plus évidente avec n'importe quel système existant est son action évasive qui résulte d'être totalement instinctive.
"Si ce n'était pas le cas, le robot ne serait pas en mesure de réagir assez rapidement pour éviter les obstacles", explique Toshiyuki Andoh, directeur du Laboratoire de la Mobilité et ingénieur principal de ce projet.
Contrairement à une abeille, le robot ne peut pas détourner vers le haut ou vers le bas, ou même diagonalement. il ne peut se déplacer que en deux dimensions et dans la direction à laquelle ses roues peuvent tourner.
Pour cette raison, Nissan a utilisé une fonction de rotation en plus des fonctions d’accélération et de décélération, pour permettre au petit robot d’éviter les collisions.
Ce dispositif n’a besoin que de traiter de nouvelles informations toutes les quelques secondes, et d’agir à partir de ces données.
Il ne nécessite pas de stockage d'informations ou d'utiliser la logique intuitive des manœuvres antérieures. pour cette raison, il peut aller sans interruption fourni uniquement par quelques dizaines de KB de mémoire.
Cela peut être surprenant, mais nous ne parlons pas de gigabytes ou de méga de mémoire. »
Ceci est le premier pas vers le développement de nouvelles technologies pour la prévention des collisions, une technologie Nissan espère être introduite dans les voitures comme caractéristique standard dans dix ans.
Le robot utilise des batteries de polyme de lithium, qui sont plus légères et plus durables que la typologie de lithium-ion.
Une application supplémentaire dans un futur potentiel pourrait être l’intégration de cette technologie avec le navigateur satellite GPS pour amener le conducteur à une destination spécifique, en évitant les obstacles le long de la route.
Faites du mal avant de demander un prêt
Nous devons reconnaître que le Département du Trésor des États-Unis, possédant assez de bons capitaux à agir, ne manque certainement pas de talent.
Avoir à faire face à la crise et à empêcher les Américains d'être trompés par des prêts de déchets par les banques sous doutes d'insolvabilité, a créé un jeu amusant et éducatif pour les utilisateurs d'Internet.
En d’autres termes, l’« hôtel des mauvais crédits »... ou des problèmes.
L'aspect globe de cet hôtel et, en particulier, de son réceptionniste vise à pousser les gens à réfléchir non seulement une fois mais deux fois ou même trois fois avant de demander un prêt.
Et surtout, réfléchir assez attentivement sur l'endroit où l'appliquer. c'est probablement l'objectif principal du jeu.
Certes, ce système fournit plusieurs informations utiles, mais offre assez peu de détails.
Il s’agit bien plus d’une page web pour les adolescents que d’un site pour le grand public.
Que se passe-t-il si vous terminez le jeu ?
Une chambre de rêve apparaît à l’intérieur de l’hôtel.
C’est toujours quelque chose, parce qu’en ce qui concerne l’achat d’une maison... il vaut mieux la quitter.
Morgan Stanley ouvre sa capitale à MUFG
Morgan Stanley a annoncé son entrée dans le tour de table du Mitsubishi UFJ Financial Group (MUFG), la première banque du Japon, qui dépensera neuf milliards de dollars pour obtenir 21% de son capital, une nouvelle qui a été reçue par une forte baisse des prix des actions.
Une semaine après la révélation d'un accord provisoire, les deux banques ont expliqué que le MUFG acheterait 9,9% des actions Morgan Stanley à un prix de 25,25 dollars, un total de trois milliards de dollars.
Le prix de vente est inférieur à 19% de la valeur des titres le 31 août.
MUFG investira six milliards de dollars supplémentaires dans l’acquisition de titres convertibles offrant un rendement assuré de 10% et avec un prix de conversion de 31,25 dollars.
Morgan Stanley a affirmé que l'opération globale serait basée sur un prix d'unité moyen de 29 dollars, soit 28% au-dessus de son prix actuel.
Cependant, les actions de Morgan Stanley ont perdu 6,79% vers 23.07 dollars autour de 17h GMT.
"Cette alliance stratégique constitue une opportunité importante pour accélérer la transition de Morgan Stanley au statut de banque détenue", a déclaré John Mack, PDG du groupe américain.
Morgan Stanley a adopté ce nouveau statut la semaine dernière, ce qui devrait lui permettre de diversifier ses activités mais il doit passer par l'autorité de la Réserve fédérale.
Son alliance avec MUFG confirme également que la crise financière actuelle a forcé les plus grands noms de Wall Street à adopter une attitude beaucoup plus prudente que jamais.
Les modalités présentées lundi montrent que l'accord a été modifié ces derniers jours: le lundi précédent, Morgan avait juste annoncé qu'il vendrait jusqu'à 20% de ses actions aux Japonais pour environ 8,5 milliards de dollars.
« Il y a une semaine, a expliqué Toshihide Mizuno, directeur exécutif de MUFG à Tokyo », nous pensions que la participation serait entièrement composée de actions ordinaires.
Mais compte tenu de l’état actuel de l’économie et du marché, nous espérons minimiser les risques et protéger nos doss. »
Sur la base du prix moyen pesé, MUFG paiera pour ses titres Morgan Stanley 7% inférieur à leur valeur de livre.
Et la transaction entraînera une dilution d'environ 20% de bénéfices par action.
L'accord prévoit que MUFG peut convertir annuellement la moitié de ses titres préférés en actions ordinaires si celles-ci ont traité plus de 50% au-dessus du prix de conversion, environ $ 47 pour une période donnée.
Morgan Stanley assure que le capital fourni par MUFG lui permettra de saisir les opportunités d’investissement, de renforcer sa balance et d’augmenter sa liquidité.
Cependant, un porte-parole du groupe a refusé de donner des détails sur les projets stratégiques des deux nouveaux alliés.
Après l'investissement de MUFG, Morgan Stanley prévoit un ratio de capital Tier One d'environ 15%, l'un des meilleurs dans l'industrie.
Morgan a déclaré avoir « réduit de manière significative » son bilan depuis la fin août.
Les semaines récentes ont été difficiles pour le groupe, qui a vu la moitié de son prix d'action s'écrouler alors que les coûts d'assurance contre le risque de défaut sur sa dette s'est écroulée.
Ce coût a été réduit lundi mais reste à un nouveau niveau élevé, environ 12%.
La semaine dernière, Goldman Sachs, la seule autre grande banque d'investissement survivante sur Wall Street après la faillite de l'acquisition de Bear Stearns et Lehman Brothers et Merrill Lynch, a annoncé qu'elle avait racheté 15 milliards de dollars, en partie de Berkshire Hathaway, le groupe de Warren Buffett.
Rafael Correa à Quito le lundi.
Rétablir autour de la République du socialisme du XXIe siècle.
C’est le projet conjoint de Hugo Chávez, Evo Morales de Bolivie et Rafael Correa équateur.
Ce dimanche, comme ses collègues et ses amis, c’est la troisième fois qu’un projet de Constitution est voté.
La mission a été accomplie depuis que 64% des électeurs ont voté oui au référendum, selon les résultats officiels basés sur 80% des voix.
Sur la base de ces résultats, le « non » a obtenu 28%, 7% des votes étaient invalides, et 0,7% étaient blancs.
Pour que le projet de Constitution soit adopté, il devrait recevoir la moitié des voix plus un.
Dimanche, deux sondages menés en dehors des stations d’enquête et une organisation non gouvernementale avaient annoncé une grande victoire pour les « oui », de la gamme entre 63% et 70%.
Rafael Correa avait revendiqué pendant la nuit du dimanche au lundi la victoire de son projet de constitution.
« La Constitution a triomphé si énormément », a-t-il assuré, commémorant les Équatoriens dans le siège du gouvernement à Guayaquil, à 280 km au sud-ouest de Quito.
Bien sûr, Rafael Correa a été félicité par Chavez et Morales mais aussi par son collègue chilienne Michelle Bachelet.
L’enquête, qui a été menée pacifiquement sous l’examen de l’Organisation des États-Unis (OAS), couvre dans son texte 444 points qui consolident le « nouveau socialisme » défendu par le président.
Le projet de constitution consacre le pouvoir de l'État sur l'économie, en lui réservant la "planification de développement" d'un pays qui vit principalement de l'extraction de pétrole par les entreprises étrangères et l'argent étranger qu'ils envoient à leurs émigrés.
Construit par Correa, élu en 2006, le projet donne également plus de pouvoirs au chef d'Etat, qui peut durer jusqu'à deux mandats consécutifs de quatre ans et sera en mesure de dissoudre l'Assemblée.
Correa a déjà annoncé qu'il utiliserait ce pouvoir pour rechercher un nouveau mandat en février 2009.
La Constitution consolide également le principe de la libre santé et de l’éducation que le président a commencé à établir dans ce pays de 13,9 millions d’habitants, où 50% de la population vit en dessous de la ligne de pauvreté.
Il prévoit également l'interdiction de la présence de troupes étrangères, ce qui finira par l'accord entre Quito et Washington pour utiliser l'Équateur comme base de lancement pour les opérations antidrogues américaines.
Les 19 otages ont été libérés au Tchad
Une équipe de commandement égyptien a lancé un attentat contre les kidnappers des onze touristes et leurs huit escortes capturés il y a dix jours.
Ils sont au Caire.
Les onze touristes européens et leurs huit escortes égyptiens tenus prisonniers pendant dix jours dans le désert ont été retournés lundi après-midi sans préjudice à la capitale égyptienne.
Le matin, ils ont été libérés par un commandement égyptien au Tchad.
Apparemment, les otages arrivèrent environ 1530 heures à bord d'un avion spécial à la base militaire d'Al-Maza, reliée à l'aéroport international du Caire.
Ils ont été immédiatement transférés, sans pouvoir parler à la presse, par hélicoptère à l’hôpital de Maadi, un quartier résidentiel du Caire, pour subir des examens.
Ils sont en « bonne santé » et « aucun remboursement n’a été payé » aux captifs », a déclaré le ministre égyptien du Tourisme, Zoheir Garanna, sur le tarmac.
Capturé le 19 septembre lors d'un safari en 4x4 au pied du mont Ouanat à la frontière avec l'Egypte, le Soudan et la Libye, ce groupe d'assassins avait été tourné d'un hideout à l'autre par 35 kidnappers inconnus.
Il comprend 11 touristes - cinq Italiens, cinq Allemands et un Roumain - et aussi huit Egyptiens: deux guides, quatre conducteurs, une garde-frontière et le directeur de l'agence Aegyptous, organisateur du safari.
Un responsable de la sécurité égyptien a déclaré que 30 membres des forces spéciales, portées à bord de deux hélicoptères, avaient lancé l'attaque pendant la nuit juste avant l'aube.
"Un échange de feu a suivi, et la moitié des kidnappers ont été tués, l'autre moitié a fui", a déclaré le responsable qui a demandé l'anonymat.
Il a déclaré que 150 membres des forces spéciales égyptiennes ont été envoyés au Soudan dans son ensemble, où ils ont reçu le soutien des commandos allemands et italiens.
Le chef du corps diplomatique italien Franco Frattini à Belgrade où il est actuellement, a mentionné le rôle joué par les agents secrets italiens et les éléments des forces spéciales.
"Nous devons reconnaître que nous avons atteint ce résultat par le professionnalisme et l'efficacité de nos hommes des services secrets, des forces spéciales", a-t-il déclaré, sans plus de détails.
Il a également refusé de payer une rémunération.
Le lendemain, l'armée sudanaise avait affirmé avoir intercepté un véhicule de patrouille 4x4 à bord duquel étaient les capteurs, tuant six, y compris la tête chadienne, et arrêtant deux.
L'armée a affirmé qu'ils étaient liés à un groupe rebelle à Darfur, le mouvement de libération du Soudan (SLA-U), quelque chose que ce mouvement a immédiatement nié.
Les lettres - La grande majorité silencieuse de la culture
Un débat sur le financement de la culture a fait les titres et a aggravé cette campagne électorale.
Bon et bon.
Mais une partie de notre vie culturelle reste toujours oubliée.
Qui viendra dénoncer la misère qui est accordée aux petits musées, archives, sites archéologiques ou historiques nationaux qui sont affamés pour le financement?
Quel politicien a osé rappeler au gouvernement fédéral qu’il néglige ses monuments et ses bâtiments d’héritage ?
Au Québec, au Canada, nous n’avons-nous pas de lois réelles qui préservent efficacement notre patrimoine ?
Saviez-vous que le gouvernement français consacre trois millions et demi d’euros uniquement à la restauration du château de Chinon dans la vallée du Loire ?
Nos voisins américains ont écrit dans la Constitution de leur pays que la protection du patrimoine fait partie de la culture américaine et que ce patrimoine doit être protégé par tous les citoyens, tous les élus et tous les départements gouvernementaux, et cela, en coopération.
Au Québec, la Fédération des Sociétés de l'histoire du Québec, au moins 40 000 volontaires rassemblés dans 211 agences pour l'histoire, le patrimoine, les archives et la généalogie sont concernés par la recherche de l'histoire, avec la préservation, avec peu de fonds, des piles d'archives privées, et la préservation des restes archéologiques.
Ils sont souvent les gardiens de notre patrimoine, qui protestent avec l’énergie de désespoir lorsque les développeurs et les constructeurs lancent leurs bulldozers contre nos anciens bâtiments et nos cimetières oubliés.
Quand y aura-t-il un forum pour l’histoire et le patrimoine ?
Quatorze banques nationalisées par les gouvernements du Benelux
Les États de Benelux aident Fortis, la banque belge-holandaise - qui est le premier établissement financier européen en difficulté en raison de l'effet suivi de la crise bancaire américaine - par une réunion d'État partielle. les trois pays ont convenu d'injecter 11,2 milliards d'euros dans la société bancaire et d'assurance ayant des intérêts hongrois.
À la fin de cette semaine, les gouvernements belges, luxembourgeois et néerlandais ont consulté sur ce sujet au plus haut niveau, avec le président de la Banque centrale européenne et le commissaire à la concurrence de la Commission européenne.
Au sein de la zone euro, Fortis est la première banque touchée par la crise financière internationale qui s’approche en vagues au cours des 12 derniers mois.
Selon la décision prise dimanche soir, chaque gouvernement prendra une part de 49% dans les banques Fortis dans leurs pays respectifs.
La banque vendra certainement une partie de ses actions, en particulier les activités d’assurance, qu’elle a achetées de l’ABN Amro néerlandais l’an dernier.
Quatorze actions ont commencé à plonger profondément la semaine dernière, puis dans la deuxième partie de la semaine des signes d'une grave crise apparaissent dans l'entreprise.
Les analystes sont d'accord que la banque - avec ses 85 000 employés - est trop grande pour être autorisée à faire faillite.
Les actions de la banque ont baissé de 12% vendredi, ce qui est le plus bas record depuis 14 ans.
La valeur des actions a baissé de deux tiers depuis janvier.
Compte tenu des prix actuels, la valeur totale du capital de marché du groupe est d'environ 14 milliards d'euros. cependant, les directeurs de l'entreprise disent que cela ne reflète pas la réalité.
La direction accuse les incertitudes à l'étranger - qui sont liées à l'acceptation du paquet américain de 700 milliards de dollars - pour la chute des actions de Fortis.
Les stocks ont montré une légère hausse lundi.
Filip Dierckx a été nommé le nouveau directeur exécutif de la banque vendredi.
L'institution financière cherchait également des acheteurs privés mais aucune offre substantielle n'a été faite jusqu'à présent.
Le gouvernement belge a déclaré auparavant que les investisseurs n’avaient aucune raison de s’inquiéter, qu’ils ne perdraient pas leur argent.
Aucune panique n’a surgi jusqu’à présent parmi les clients de la banque; aucune pression bancaire n’a eu lieu.
Fortis a son propre établissement bancaire en Hongrie et a également acheté des sociétés de leasing.
Fox dans l'Henhouse
Les compagnies d’assurance vie et de santé américaines refusent souvent de vendre l’assurance à certains citoyens, en raison de leurs données d’achat de médicaments.
Les experts en matière de protection des données craignent que le marché des données devienne incontrolable.
« Il existe un programme de protection des données qui nécessite l’autorisation de la personne concernée afin d’utiliser les données de prescription médicale.
Il devrait être indépendant, sinon le fox sera en garde de la maison", le Washington Post cite Richard Dick, développeur du programme applicable au suivi des prescriptions médicales.
Les compagnies d’assurance décident de la redevance d’assurance et du montant à payer en cas de dommages en fonction de l’état de santé du client applicant, et s’ils le considèrent trop risqué, ils ne fournissent pas l’assurance.
Les clients d'application utilisés pour être envoyés pour avoir effectué un examen médical, et le contrat a été conclu à la lumière des résultats de l'examen uniquement.
Dick a développé une méthode beaucoup moins chère il y a dix ans: sur la base du numéro d'identification du client, le type de médicaments achetés par le client au cours des 18 derniers mois peut être facilement détecté, de sorte que le programme peut tirer les conséquences par lui-même en ce qui concerne les maladies que le demandeur souffre ainsi que leur état de santé.
Par exemple, le cas d'acheter régulièrement de grandes doses de médicaments de réduction du cholestérol se réfère pratiquement au fait que le client a un niveau inséparablement élevé de graisse dans le sang, en conséquence duquel cette personne serait immédiatement placée dans une catégorie de risque plus élevée.
Le programme a différentes versions dans le commerce, certaines d'entre elles définissent même le facteur de risque, de sorte que la compagnie d'assurance n'a rien à faire que le papier, bien que de petites difficultés surviennent.
L'un des inconvénients est le fait que certains médicaments peuvent être utilisés à plusieurs fins, par exemple, certaines formules médicales sont pour traiter la migraine, les vagues de chaleur ou même la dépression.
Le dernier est un facteur de risque important du point de vue des assureurs d'affaires, tandis que les deux autres ne le sont pas.
Il y a des entreprises spécifiques qui traitent avec l’obtention et le traitement des données, et ils demandent l’autorisation du patient avant d’obtenir les informations nécessaires des pharmacies.
Ils sont déjà obligés de le faire, bien que leurs échecs antérieurs ne soient pas punis.
Certaines entreprises traitent même les résultats des examens de laboratoire et relient ceux à des données de consommation de médicaments. de cette manière, ils peuvent fournir des informations plus précises sur l'état de santé du patient.
De plus en plus d’entreprises accèdent aux données et, en parallèle, le contrôle de leur utilisation devient de plus en plus difficile.
Il existe un acte spécifique sur la protection des données des soins de santé, mais son champ d’application ne comprend que les prestataires de soins de santé et les compagnies d’assurance.
Le projet de loi sur la fourniture de pouvoir d’inspection aux autorités sur les entreprises traitant de la fourniture de données a été présenté au Congrès.
Dick Richard se rend compte que cela ne suffit pas : c’est pourquoi il a développé davantage son programme, ce qui restreindrait désormais le transfert de données en ce qui concerne la nécessité du consentement exprimé de la personne concernée.
C’est une autre question, cependant, que le demandeur ne peut réellement refuser le consentement, sinon les compagnies d’assurance ne concluront pas de contrat avec eux.
Ainsi, à un certain degré, les poupées continueront à dépendre de la bienveillance du fox.
Menu de Marseille
L'Union européenne et l'Inde doublent le commerce
Comme l’Union européenne et l’Inde sont les principaux partenaires commerciaux l’un de l’autre, l’agenda du neuvième sommet a également été dominé par cette question en plus d’autres problèmes, principalement mondiaux.
Aujourd’hui, un sommet entre la France et l’Inde aura lieu, notamment sur la coopération nucléaire.
Même si l’Union européenne reconnaît que l’Inde est une puissance mondiale démocratique émergente, qui devrait être accordée de plus en plus dans les affaires internationales, les États membres n’ont pas pu parvenir à un accord encore sur le fait de soutenir l’adhésion permanente de New Delhi au Conseil de sécurité de l’ONU ou non.
Ainsi, cette question n’a pas été forcée lors du neuvième sommet, organisé hier à Marseille.
Le président français Nicolas Sarkozy en tant que président rotatif de l’Union, le président du comité José Manuel Barroso et le chef de la politique étrangère Javier Solana ont accueilli le Premier ministre indien Manmohan Singh et ont convenu de doubler, c’est-à-dire d’augmenter à plus de 100 milliards d’euros, le flux commercial en 5 ans.
Depuis que les échanges de marchandises ont augmenté de 25 milliards à 55 milliards entre 2000 et 2007, ce n’est pas un objectif trop ambitieux.
En conséquence, 26 conventions bilatérales d'aviation civile existantes avec l'Inde ont été légalement harmonisées, ce qui signifie que le trafic aérien peut s'enfoncer à l'avenir.
L'Inde veut signer l'accord de libre-échange avec l'Union européenne jusqu'à la fin de 2009.
Sarkozy a promis d’accélérer l’harmonisation.
L'objectif est de trouver l'équilibre alors que l'Inde est le partenaire commercial numéro un de l'UE, tandis que New Delhi n'a que le neuvième sur la liste des partenaires de l'UE.
Le sommet s’est concentré sur les questions mondiales :
Sur la situation en Afghanistan et au Pakistan ainsi que sur le terrorisme. ce dernier a été condamné sous toutes les formes par les deux parties et la réunion de la Conférence des Nations Unies a été encouragée.
La conclusion de la Ronde commerciale de Doha a également été accélérée, bien que les deux parties soient responsables de la faillite jusqu'à présent.
L’UE a confirmé qu’elle maintient son programme énergétique et climatique, ce qui signifie qu’elle a l’intention de réduire les émissions de polluants atmosphériques d’au moins 20 % d’ici à 2020.
L’Inde est d’accord avec cela ainsi que avec l’objectif d’atteindre un accord mondial lors de la conférence sur le climat qui se tiendra l’année prochaine et de réduire les émissions de gaz à effet de serre de 50 % d’ici à 2050.
Un autre objectif était de prévenir la croissance des prix des denrées alimentaires et un appel à une conférence internationale pour réviser la crise financière a été soutenu.
Le Premier ministre indien se rend aujourd'hui à une réunion bilatérale dans la capitale française, où il a l'intention de parvenir à un accord sur l'utilisation pacifique de l'énergie nucléaire.
Paris estime que les entreprises françaises recevront des contrats pour construire des réacteurs nucléaires en Inde à une valeur de 20 milliards d'euros.
Selon les informations de l'agence de presse, l'accord serait en vigueur pendant 15 ans.
Plus de 300 éditeurs italiens à Francfort
Une forte présence des éditeurs italiens à la Fête internationale du livre à Francfort.
Plus de trois cents éditeurs italiens seront présents au soixante-dixème anniversaire de Buchmesse, l’événement international le plus important pour l’échange de droits d’auteur.
La Fête internationale du livre à Francfort attend pour cette occasion plus de sept mille exposants de 101 pays différents qui occuperont la Fête 171.790 mètres carrés avec plus de 403.000 titres à l'exposition, et la Turquie sera l'hôte d'honneur.
Francesco Maria Giro, le sous-secrétaire du ministère du patrimoine culturel et des activités représentera le gouvernement italien à la cérémonie d’inauguration du pavillon italien : en fait, l’Italie sera présente comme institution avec un stand italien – 264 mètres carrés d’espace d’exposition.
La prochaine sera la conférence de presse à la Chambre Structure de Pavillon 5.0 de la Buchmesse : ce sera l’occasion où des chiffres, des tendances et une vue sur le statut de l’industrie de la publication italienne seront présentés.
Selon les données, il y a une diminution progressive de l’importance des livres par des auteurs étrangers dans la production italienne, et en particulier pour les adultes et les enfants.
L'avion de Steve Fossett a été retrouvé disparu il y a un an
L'avion de Steve Fossett, le millionnaire disparu le 3 septembre 2007 en volant au-dessus du désert de Nevada, a été retrouvé.
Il a été retrouvé sur un plateau à 3000 mètres d'altitude, dans la région de la Sierra Nevada des Lakes Mammoth, à la frontière entre la Californie et la Nevada.
A l’intérieur de l’avion, il n’y avait pas de restes humains.
Le shérif du comté de Madera, John Anderson, a déployé toutes les doutes restantes: "L'avion a été situé, nous avons envoyé une équipe, et maintenant nous avons la confirmation que c'est celui sur lequel Steve Follett a volé le jour où il a disparu", a-t-il déclaré lors d'une conférence de presse.
Ensuite, le shérife a indiqué qu'aucun reste humain n'a été retrouvé ni sur l'avion, ni dans la zone environnante.
Le millionnaire, âgé de 63 ans, a été renvoyé pour mort en février.
Le Bureau national américain de la sécurité des transports (NTSB) a rapporté que quelques heures après l'effondrement a été observé, une équipe d'enquête a été envoyée, qui a ensuite identifié l'avion: c'est le Bellanca 8KCAB, qui a disparu depuis le 3 septembre 2007, lorsque Fossett a quitté Yerington à Nevada pour un vol de trois heures.
Hier, toujours en Californie, non loin de la frontière avec le Nevada, certains effets personnels appartenant à Fossett ont été trouvés par un couple près de leur maison à Mammoth Lakes.
Les articles sont deux documents sous le nom de Fossett, les deux émis par l'Administration fédérale de l'aviation d'Illinois, un peu de trésorerie et une chaussure.
La recherche de Fossett a été interrompue un mois après sa disparition.
Le millionnaire avait gagné sa place dans l'histoire grâce à une série de records mondiaux.
En 2002, lors de sa sixième tentative, il devient le premier homme à terminer le tour du monde dans un ballon aérien chaud: un vol solo de deux semaines.
Trois ans plus tard, il a fait le tour du monde en avion sans atterrissage.
Parmi ses nombreux records, il a également volé à 15.445 mètres, au-dessus des Andes, mais avec un co-pilote.
Glk, la publicité qui ne vous attend pas
Un SUV qui est en dehors des normes avec un design original défini par des lignes décisives, des surfaces étendues et des cornes de coupe propres.
En bref, il s’agit de la GLK, la plus récente addition aux véhicules « compacts » off-road du fabricant, avec lequel Mercedes-Benz a essayé de laisser dans un souffle d’air frais dans ce secteur.
Parce que ses caractéristiques sont hors des normes traditionnelles, le message accompagnant le lancement du SUV GLK sera également inattendu et inconventionnel, il sera disponible dans les salles de présentation Mercedes-Benz dès le 17 octobre prochain.
Ainsi, la campagne publicitaire qui accompagne le début du nouveau véhicule lancera une nouvelle méthode de communication qui comprend également une campagne futuriste de billboard 3D, utilisée pour la première fois en Italie par une marque automobile.
Un projet de grands billboards, mis en marche dans trois phases différentes, qui domineront la rue commerciale la plus centrale de Milan, Corso Como, jusqu'au 15 novembre.
La première phase de ce nouveau type de communication commencera par une présentation de la voiture dans une vision stéréoscopique, et grâce aux lunettes spéciales distribuées dans le quartier de Corso Como, il sera possible de voir le nouveau SUV dans la vraie taille et le format 3D.
En fait, en regardant l’image, on obtiendra la sensation que la voiture provient de l’affichage.
Ensuite, grâce à l’utilisation de la technologie innovante Elumina 8, tous les détails de la nouvelle GLK seront illuminés à plusieurs reprises, puis recomposés comme une seule image.
Sans aucun doute, Mercedes, à travers cette publicité, cherche à introduire quelque chose de nouveau dans le domaine conventionnel de la publicité automobile.
Va-t-il réussir avec cette formule à provoquer l’intérêt des futurs acheteurs?
Voici qui sont les hooligans italiens
de la Tri-Veneto, responsable d'être interdit de participer aux festivals sportifs (Daspo).
Mais qui sont les 150 à 200 personnes dont l’Italie est maintenant honteuse ? Ils font partie du groupe « Ultras Italia » qui depuis des années soutient l’équipe nationale de football et jusqu’à présent, la vérité est connue, n’a jamais créé de problèmes majeurs.
Il n’a jamais été confronté à des fans opposés.
L’extraction du groupe est l’aile droite.
Les promoteurs sont de Tri-Veneto.
De Vérone, de Padoue, de Trieste et de Udine.
Ceux-ci ont été rejoints par quelques petits groupes (en réalité, très peu de membres) de Campagne et de Puglia.
Ils ont des drapeaux tricolores avec la ville d'origine des militants sur eux : le samedi, ces drapeaux ont été retirés afin qu'ils ne puissent pas être identifiés.
Ils reçoivent leurs idées des fans anglais.
En Bulgarie, ils ont trouvé des partisans qui étaient réels nazis, le groupe Levski.
La FIGC avait mis à la disposition des fans italiens 144 billets pour le match: tous personnels, donc facilement vérifiables.
Et le ministère de l'Intérieur à Viminale les avait en fait vécu tous : parmi ces groupes qui vont à Sofia, aucun n'a été interdit, aucun n'a été interdit de fréquenter un stade.
Quatre supporters italiens, qui avaient eu des crimes liés au stade précédent, avaient en fait été refusés les billets et gardés de partir.
Maintenant, le ministère de l’Intérieur attend de pouvoir lire les dossiers officiels, qui devraient venir de la police bulgare avant de prendre des mesures : dans ce cas, il est possible d’interdire pendant cinq ans au moins les supporters qui ont été arrêtés ou ceux qui ont été identifiés pendant les perturbations.
Une bannière internationale qui interdit la présence non seulement des stades en Italie mais aussi dans toute l’Europe.
Nos hooligans, en bref, ne entreraient pas dans un autre stade.
Heureusement !
Mais maintenant il y a peur de l’émulation : c’est que d’autres se joignent à ce peu plus d’une centaine et cinquante.
"Nous devons immédiatement mettre fin à cette conflagration et ne pas légitimer ceux qui se comportent de cette manière", a déclaré ceux du ministère à Viminale.
Ainsi, « les yeux sont très ouverts, surtout parce que l’équipe nationale joue mercredi à Lecce ».
En Puglia il y a en fait un petit noyau des supporters d'Ultras Italia.
Demain, l’Observatoire rencontre, mardi, le CASMS qui peut compter sur une section de l’AISE, c’est-à-dire le service secret, qui traite exactement les problèmes des stades.
« Le chorus Duce-Duce et le bras s’étendent-ils pendant l’anthème Mameli ? en Bulgarie, ce n’est pas un crime... ».
Ce sont les pensées (exprimées avec une grande déception) de Domenico Mazzilli, qui, il y a quelques semaines, est le directeur de l’Observatoire du Viminale (il a atteint le poste qui a été tenu à l’origine par Francesco Tagliente et ensuite par Felice Ferlizzi).
Plus tôt, Mazzilli avait été le chef de l'administration de la police à Trieste où il y a un noyau de partisans d'Ultras Italia, fondé en 2002.
Il est vrai, dit Mazzilli, qu’en Bulgarie il n’est pas un crime de chanter des hymnes au duc, mais peut-être que le comportement de ces 150-200 fans a été honteux.
"Je ne suis pas un sociologue - ajoute le numéro 1 de l'Observatoire - le crime devrait être imputé dans le pays où l'incident se produit.
Jusqu’à présent, ce groupe est resté dans les lignes, maintenant nous verrons ce qui s’est réellement passé et nous allons l’évaluer pour une future référence.
Mais nous allons aussi parler de l’anthème Mameli : ce n’est pas non plus un crime en Bulgarie, mais, si je suis autorisé à dire, ce n’est pas de bonnes manières... ».
