Beskrivelse:
I forbindelse med utgivelsen av Skagafjards Byggehistorie har det blitt foretatt en interessant utforskning av gamle øde bygninger i gravene og på hedningene inn i Skagafjarden.
I samarbeid med historikeren og bygghistorikeren Hjalta Pálsson og Þór Hjaltalín, minnevårdsmannen i Nordlandsregionen Vestra, tok Fornlevetiden i Byggasavns Skagfirðinga seg av å lage en undersøkelse av valgte minnesedler.
Formålet var å fastslå alder og etc. av minner, men i enkelte tilfeller også om det var minner.
Det nordiske naturverndepartementet deltok også i en del av prosjektet, hvor deres ansatt Helgi Páll Jónsson hjalp til med å diagnostisere gjøsskugle, men han arbeidet med forskning på grunn av B.A. sin avhandling "Gøsskuleg i Skagafirði".
Videre analyserte Magnús Sigurgeirsson gjøssyn som ble tatt ved forkyndelsen Tungu i Vesturdal, og følger hans rapport om analysen som følge.
Stedet som ble valgt har Hjalti Pálsson funnet på sine undersøkelser, men han har søkt opp boliger og sel som er navngitt i kilder, men deres plassering har ikke vært kjent.
I De apostles bok er det en festlig høytider som kalles "Høytiden".
Øydibol fra Nyjabbe har vært et rike sted i lang tid, men det er synlige byggemerker, hegninger rundt tunnelen og toftleivinger.
Tørsten alt i grus kom og for det desperat å bygge, da ingen slitte land ligger så nær til dyrket pris på kom.
Ellers har de en bemerkelsesverdig god sommer og vinter". - Arne Magnusson & Páll Vidalín, 1930:65.
Omkring 8,5 km foran Abbe, 350 m f.Kr. og om 250 m foran Hjálmarsselslæk er to gil, den ytre heltgrønn og mye bredere, men syre gilet halvgrønn.
Blant disse er en myk tunge eller en øvre, 25-30 meter bred, helt dekket av en jordskjelv.
Under disse fjellene ned til Jökulsár-bassenget er det mørke og jordsyke torpeder og parker.
Den er en gressvoks som ser ut til å kunne skille rundt fire hull i støvet, og den har vært omtrent 10x8 meter på utsiden.
Omkring 10 m utenfor (nord) vannet er det et uklart jordskjelvet parklag, delvis i lang og bred bunn.
Parken ligger nær øst-vest og er ca 15 m lang.
En dyp grotte er like nord for den.
Jøkulsletten har gravd bort dusinvis, om ikke hundrevis av meter land, og elven har brutt bakken helt opp til åsene, og den er der om 10 meter høy (Hjalti Pálsson, 2007).
Tottenham-området ser ut til å være delvis borte før den brede bakken.
Området er helt dekket av berggrus, og det var ikke mulig å avdekke tverr eller vann med noen sikkerhet.
For mer informasjon:
Forbjær Fagrahlíð i Østdal i Skagafirði.
Bildet er tatt østover i et undersøkelsesbilde tatt i en tommur.
Beskrivelse:
Den såkalte Herpisgerði ligger helt sør for Hofsár, altså rett mot Hrafnhøli øst for Hjaltadalsár, noen hundre meter øst for elva, men fra Herpisgerði er det nesten hundre meter til mel.
Her kan ha vært en gammel bolig.
Området har vært et kraftig tungt, hovedsakelig sirkulært, som er imidlertid trukket til sørvest over i fjorden, men det er fortsatt tydelig dyrket i landet innenfor tungtens område.
Jeg antar at det er omtrent 1,5 hektar land i parken.
Hovedstedet er langt og stor, og har en høyde på landet der den står, synes å ha vært rett eller kanskje et bett hus fra Holum, selv om ingen park er synlig.
Den ligger øst og vest, dørene vender vestover mot Trollhulen.
Den totale lengden er rundt 70 fot innvendig.
Ut fra toven til begge sider ligger toven godt 20 meter lang.
Antagelig et gammelt hus.
En klar valgarten ligger fast øst for den betetøtte.
Foran under parken, litt sør for den østlige enden av den tidligere nevnte gropen, er en annen lang ruff, mye eldre og snur nord og sør, også ca 22-23 meter i lengde i ytterkant, delt inn i tre eller fire huler, 5-6 meter bred i ytterkant.
Resten er så ille og det er vanskelig å vite hvilket hus det er.
Noen meter øst for hovedforsamlingen og valleria er en stor firkantet grop, ca 8x9 m i størrelse, fremfor mørk i fjorden og kan ikke ha vært et hus, fremfor rett.
Den er ukjent fra de tre tolv.
Alle disse tolv er store, karakteristiske og problematiske.
Parkanleggene sør for toftene er faktisk tredelt store, og i sørvestlige deler av dem ser det ut som små trekk i bakken.
Merknad: Herpis - skjæring 1 i tungen - nordlig skjæring 1 - i "tungen" Skjæring 1 ble tatt i tungen fra oven.
Den var 180 cm lang og 60 cm bred og rundt 80 cm dyp.
Nederst i gressrot var en halv centimeter tykk svart gjødsel, H1766.
En uberørt gressmoldlag [2] på ca 10-15 cm tykk la rett under gressrotten ned til torvvegg.
Torvveggen [4] var tydelig etter endelangen av skjeden, tykkest i midten ca. 50 cm høy.
I operasjonen var to klare skillelder H1104 og H1300.
Mye var at leire i torvet og over veggene øst for skuret var 10 cm tykk lense[3] med leire og sand.
Under torvveggen var det noe like tykk rotet torvflag [5] på ca 15 cm i tykkelse.
Det var en rødkalt myrettort med linser av H1104.
Dette roterte torvlaget lå så rett over H1300 uten bevegelse.
Under H1300 var det så 10 cm tykt immobilisert slitemulder ned på H1104, som også var immobilisert.
Ingen tegn på menneskelig tilstedeværelse under H1300.
Tolkning av disse:
Tunge-vegg har blitt belagt muligens i 14 eller 15 århundre.
Det var ikke mulig å se at parken var blitt gjenoppbygd, og derfor kan den ha vært i bruk i en lengre periode.
Han har vært fallet lenge før 1766 gjøsten falt.
Den bygningen som ble gravd inn i, ser ut til å være et utendørs hus i stedet for et beboelsessted, og den ser ut til å ha blitt bygget samtidig med hagen.
Byggingen er reist etter 1300, men er falt og lagt lenge før 1766 falt.
Beskrivelse:
Nyland er en ørkenby som ligger på land mellom Grinda i Deildardal i øst og Ennis på Østersjøen i nord.
Den eldste referansen til byen er i et kjøpsbrev fra det 15. århundre da jorden ble solgt til Hólastóli, men da ble den vurdert til 25 hundrede (Icelandsk fornektning DI IV, pp. 553-554).
I Jordbokken fra 1709 er jorden dobbel og satt til 35 hundrede (Jordbokken til Arna Magnusson og Páls Vídalin X, s. 244) men 40 hundrede da den ble solgt fra stolen i 1802.
I Johnsons jordbok fra 1847 er imidlertid jordverdien vurdert til 36 hundrede (Johnson's Jordbok 1847, s. 270).
Nå [2013] er Nyland eid av Laugabóls ehf (Vetmatboker Skagafjarðar nr. 161/2007).
Det nåværende steinbygde bolighuset står på Langahöll ca 60m sør for Bæjarhallen hvor det fortsatt kan ses oppgrøtne ruiner av torvbyen.
Her sto den gamle byen til den nåværende boligbygningen ble bygget i 1942.
Det er ikke nevnt om en eller to av disse i jordboksen fra 1709, men det har likevel vært levninger av to av disse i landskapet.
På den annen side var det rester av ukjente trær, tunge og tof som lå i Nylandishvammi ved Deildardalsøen, rett sør for Deildardalsveg.
Ingólfur Jónsson, en bonde på Nyland, likte i sin levealder både tomtene og hagen med jordtute og tenkte å dyrke poteter der, men det ble ikke noe av det (Svanhildur Guðjónsdóttir, muntlig kilde 2013).
Koloniskot heter så tunge- og toftsavfall ca 300 m ut og opp fra byhus på Nyland, litt over hagen.
De sier at det er muntlige fortellinger, men det finnes ingen skriftlige kilder som støtter disse fortellingene.
Det antas at det var en sauegård, men det finnes ingen troverdige opplysninger om koet i en antilok.
I Newfoundland er det grønt tunfisk.
Det første man ser er en klar skygge rundt en 0,7 hektar stor tunefjell.
Det ble dyrket i Nylandskot fram til etter 1900, i.e. til 1945, og det ble fraktet hjem på rasningshester til sommeren (Svanhildur Guðjónsdóttir, muntlig kilde 2013).
Det er en park som er overskyet av kuller, men er godt synlig i det meste, spesielt i nord og øst.
I sør er den nye parken bygget over den eldre, som er ganske stor og åpenbart ikke har blitt runet rundt noen slummen.
Minimal arkeologisk forskning ble gjort på mines på Nylendskoti.
De fire borgerne ble tatt inn i det angitte byggeplassen og dets omgivelser.
Under en tak med sauer ble det funnet rester av en gammel bybygde som ser ut til å ha vært i bruk før 1104.
Røvet i den eldre toalettet ble renset og undersøkt.
Den tunge muren var der ca. 60 cm høy og inneholdt torv med mye av H3-gusset, men ingen vott av 1104 eller 1300 gusset.
Ingen skjelte var synlige over eller opp mot veggen.
Det var derfor ikke mulig å tidsestille den, selv om det er usannsynlig at 1104 gjøske ikke kan ses i torvet. Det ble lagt merke til at den falt.
Det ble også undersøkt mindre ødeleggelse i den yngre hagen.
Det var ikke mulig å se den torven som var i parken, men den har blitt reist over H1104 gjøken uten å bli flyttet.
Han er imidlertid litt litt yngre, sett i betraktning hvor kloke han er.
Forrige innlegg:
Det har vært en villa der fra ca. 1100-tallet, som sannsynligvis er blitt bygd veldig tidlig, altså allerede i det 11. århundre.
Det lille området som er oppkalt etter ble bygget etter 1104, sannsynligvis mye senere.
L lagte tok opp med yngre tenåringen tilhører derfor sannsynligvis.
For mer informasjon:
Grøt på mel utenfor og vest brenner tunger vestover i Nova Scotia.
Beskrivelse:
Ørbygging og kapitler III. 2008.
"Haardshus" i Hollahaga i Holla-landet i Hjaltadal.
En census ble tatt i det gamle Hollahaga i det gamle Hollanda, i Hjaltadal.
Det finnes ingen dokumenter om en by med dette navnet (dvs. Garðhus), men i nærheten av minnen er de såkalte Garðhusagil og Garðhusaskriða.
Det er tydelige rester av en eldre mine, men det finnes også rester av en annen type tømmer eller kvia, for eksempel senere tiders hyttehus.
Tøftene ligger først på bakken over og vest for Hjaltadalssjøen en kilometer inn i Hofi og er svært jordsyke.
Det er en avgrunnen på ca. 20 meter lang og likner to avgrunner eller en avgrunner på vest for den.
Ovanpå disse toppene er to yngre toppene, muligens rester av en storfe eller en rekt.
For mer informasjon:
Gravet i skogens grus i Hollahagen.
Se nordvest.
Kutt 1 - tatt i nordvestlig kryssvegg av mulig kryssformede Kutt ble tatt i nordvestlig kryssvegg langs tønnen.
En torvvegg ble oppdaget, og det er utslittet av en grønn, grønn, grønn, grønn, grønn, grønn, grønn, grønn, grønn, grønn, grønn, grønn, grønn, grønn, grønn, grønn, grønn, grønn, grønn, grønn, grønn, grønn, grønn, grønn, grønn, grønn, grønn, grønn, grønn, grønn, grønn, grønn, grønn, grønn, grønn, grønn, grønn, grønn, grønn, grønn, grønn, grønn, grønn, grønn, grønn, grønn, grønn, grønn, grønn, grønn, grønn, grønn, grønn, grønn, grønn, grønn, grønn, grønn, grønn, grønn, grønn, grønn, grønn, grønn, grønn, grønn, grønn, grønn, grønn, grønn, grønn, grønn, grønn, grønn, grønn, grønn, grønn, grønn, grønn, grønn, grønn, grønn, grønn, grønn, grønn, grønn, grønn, grønn, grønn, grønn, grønn, grønn, grønn, grønn, grønn, grønn, grønn, grønn, grønn, grønn, grønn, grønn, grønn, grønn, grønn, grønn, grønn, grønn, grus, gryn, grann, grann, grann, grann, grann, grann, grann,
Det var også et bilde av en historisk lysglimt i veggen.
I skjulene lå rester av svart gulv under et murbrudd eller et tak.
Gulvet var svart fettgulv, ca. 5 til 7 cm tykk, med kull, brent bein og grålitter aske.
Over gulvflaget var det så ca. 10 cm av ubevegelig lavhjørnetøy, men over ham støpeplater fra Hekle fra 1104 og 1300.
Legen lå opp mot muren i sørlig retning, og muren har blitt revet ned før 1104 g.
Det var ingen gjær over muren eller et hull av den mot nord, men det lå et tynt, svart gjærlag rett under gressrotten i skjellet.
Det kan være at det er snakk om en gjødsje fra Hekle som falt i 1766.
Interpretasjon av kirurg:
Det er snakk om et innkvarteringsbygg, en skala, som trolig ble tatt i bruk kort tid etter at landsbygda falt, men ble lagt ned før 1104 da byen falt.
Det var ikke synlig at det hadde ligget en ring rundt bygningen, men mange skrifter har falt i nedbrytning av miljøet og kan derfor omtegne ringen og flere bygninger være borte.
Beskrivelse:
Legene ble først nevnt i midten av 1300-tallet, men arkeologiske funn tyder på at området har vært bebodd fra tidlig tid.
Bygdingen ble avsluttet i 1958, og gårdene er nå en del av Ennis-landet, og hun har benyttet seg av det.
Ingen av bygningene står lenger, men byens høyde er fortsatt tydelig.
Tengeregnet er delvis synlig vest og nord for byens rådhus, og det er to tårn ved den vestlige delen av det.
Om 20-50m rett nord for byhallen er det urene, gamle monumenter, skåle og flere bygningsrester.
Borkjer ble tatt i tomter og tungen, og også ble det gravd en undersøkelse i skallavetten.
For mer informasjon:
Legen i Oppsvekkergruppen.
Arrestert øst for Skåle-Sjøen.
Seer er sørover.
Beskrivelse:
Den såkalte Herpisgerði ligger helt sør for Hofsár, altså rett mot Hrafnhøli øst for Hjaltadalsár, noen hundre meter øst for elva, men fra Herpisgerði er det nesten hundre meter til mel.
Her kan ha vært en gammel bolig.
Området har vært et kraftig tungt, hovedsakelig sirkulært, som er imidlertid trukket til sørvest over i fjorden, men det er fortsatt tydelig dyrket i landet innenfor tungtens område.
Jeg antar at det er omtrent 1,5 hektar land i parken.
Hovedstedet er langt og stor, og har en høyde på landet der den står, synes å ha vært rett eller kanskje et bett hus fra Holum, selv om ingen park er synlig.
Den ligger øst og vest, dørene vender vestover mot Trollhulen.
Den totale lengden er rundt 70 fot innvendig.
Ut fra toven til begge sider ligger toven godt 20 meter lang.
Antagelig et gammelt hus.
En klar valgarten ligger fast øst for den betetøtte.
Foran under parken, litt sør for den østlige enden av den tidligere nevnte gropen, er en annen lang ruff, mye eldre og snur nord og sør, også ca 22-23 meter i lengde i ytterkant, delt inn i tre eller fire huler, 5-6 meter bred i ytterkant.
Resten er så ille og det er vanskelig å vite hvilket hus det er.
Noen meter øst for hovedforsamlingen og valleria er en stor firkantet grop, ca 8x9 m i størrelse, fremfor mørk i fjorden og kan ikke ha vært et hus, fremfor rett.
Den er ukjent fra de tre tolv.
Alle disse tolv er store, karakteristiske og problematiske.
Parkanleggene sør for toftene er faktisk tredelt store, og i sørvestlige deler av dem ser det ut som små trekk i bakken.
Detaljer: Herpised - 2 skjær i toven ved tanger - østkanten 2 skjær - i toven av den mest tunge tangerveggen
En annen del ble så tatt inn i den indre tolvtavmuren på den firkantede tomten som var på toppen av tungen til øst.
Under gressrotet dukket det opp en halv cm tykk svart gjær, H1766.
Under den var det så ca. 5 cm tykk melmold[2] ned på tufteveggen.
Veggen[3] var av torv som inneholdt Hekla 1300's gjødslek.
Rør fra torvveggen [4] ble funnet inne i toffet, men ingen tegn på gulvlag ble funnet.
Tolkning av disse:
Tunge-vegg har blitt belagt muligens i 14 eller 15 århundre.
Det var ikke mulig å se at parken var blitt gjenoppbygd, og derfor kan den ha vært i bruk i en lengre periode.
Han har vært fallet lenge før 1766 gjøsten falt.
Den bygningen som ble gravd inn i, ser ut til å være et utendørs hus i stedet for et beboelsessted, og den ser ut til å ha blitt bygget samtidig med hagen.
Byggingen er reist etter 1300, men er falt og lagt lenge før 1766 falt.
Beskrivelse:
Marbælisselland ligger like ved Øslandsselland i Seljadal østover.
Den går fra Glúmsgili til Strangalæk, en vei som strekker seg over 2,5 km.
I The Earth Book of 1709 står det: "Seljadal har en lik jordstatus, men har ikke bruk for teleskop, og derfor bruker andre landet i en uvitenskapelig måte".
Dessverre er det ikke klart hvem som bruker jorden til "skjønnhetsbruk" eller om andre har en sjele eller bruker jorden kun for bruk.
Seltoftene ligger i en høyde 210 m nedover Glúmsgili på Seljadal og er der med åpne toffer.
Den største av dem er ca. 10x7 m, ser ut til å være delt inn i fem arter og er ganske glatte.
Noen få meter vestover ligger kvier, 3x8 meter på utsiden, men litt foran dem ser det ut til å ha vært et lite hus, ca. 2x2 meter.
Sellet er litt borte fra Glúmsgilslækken, og havner derfor inne i Åslandsselland og må ha blitt lagt ned der med tillatelse fra Åslandsbøndene, med mindre løken har endret sin fartsbane.
I de unge årene til Stinars Þórðarson på Halegstøðir var det en hyl i elven nedfor selen, som het Glúmsgilshylur og var et av de beste fiskeplassene i elven.
Her er det glatte land og vakker hytte.
(Byggedakere i Skåne, VII. Hofshreppur, 189)
For mer informasjon:
Marble-selling på Seljadal.
Se mot øst.
Beskrivelse:
Prosjektet har fra starten vært en del av bokens bok The History of Construction, men nå har fire viktige bind blitt utgitt.
Byggegrafen er derfor forskjellig fra andre byggbegrafer ved at den har en større vekt på byens forhistorie og undersøkelser av alle former som kan bidra til byens historie.
De to siste bindene av Bygghistorien inneholder detaljerte kapitler om gamle bygninger i inndalsdalene Øst- og Vestdal, og inneholder en sammenflettet historisk oppsummering samt funn fra arkeologiske undersøkelser som har blitt utført på ulike steder.
Forbyen til Risamyra er nevnt i en gammel kilde, men den nøyaktige beliggenheten til byens bebyggelse er ukjent.
I Bind IV av The History of the World's Religions (s. 172-173) er det gitt en mulig forklaring på hvor dette kan ha vært.
Landområdet nord for Rettersgøt, vest for Héraðsvatn og øst for Tormoðsholten er et enormt vannområde, som var et vandområde før det ble til noen grad utforsket, kalt risamýri.
I et antikt brev om Roma er det et brev fra 1369, da Jón biskop skalle dekretet eiersett i en kirke på Roma-plassen, "som ropte på Guds navn, amen".
Det er ikke klart om Risamýri var en landområde eller øy, men ovennevnte gamle skrifter nevner "Risamýri-landet", som støttet opp om at Risamýri tidligere var et øy, men i 1369 var landet antagelig blitt øya for lenge siden, og landet gikk delvis under Bjarnstad og til en viss grad under Flugumýri.
Navnet er ikke lenger kjent, men hvor kommer man til å stole på annet enn flaten under Tormoðsholts ned til Vötn.
Biskop Risamýri mente at den lå under stolen Flugumýri, og at den hadde vært benyttet av den i flere tiår.
Det har vært dyr der om sommerene, men hester om vinteren i over 40 år.
Det er mest sannsynlig at Risamýri har lagt til Bjarnastaðaland eller til og med av noen er ansett som en del av det jordiske landet som så synes å ha vært eid av Magnús Grímssonar, som så at si har bodd på Bjarnastad.
Han fikk "ingen motvitne motført ... til dokumentasjon for Bjarnstad" og ble deretter dømt til Risamýri under Flugumýri (Fornbrødagbasafn Íslands III, 252-253).
Som det fremgår av Bjarnstadens oversikt, var de en stor nasjon i antikken, men er det ikke lenger.
Hvis det ikke blir klart på en annen måte, så er det mulig, men jorden har i årtiene landet vest for Héracwater.
Men det er ikke det de siste århundrene har vært.
Flyfugler har lenge vært kjent som besittelse av landet vest for Tormundsholten, vest for dagens nasjonalvei.
Det samme gjelder å passe på at Retttholts jord var opprinnelig en by, bygget ut fra Flygmyra-landet.
I sin søken etter "Risamyri-landet" har historikeren [Hjalti Pálsson] funnet Skipholen, som er omtalt ovenfor, og som er omtrent 60 meter lang, med en ganske stor bakkanse og et gammelt spor av ferd.
På hullet er det en byggegård, ca 35 m lang og opptil 9 m bred, med minst fire tonn med noen få meter mellom hverandre, tre av dem tydelig, mens de andre er litt skille.
Den syvende er ikke en vindu til veggene, men det er tydelig at det er et menneskesinn i bakken".
(Bygningshistoriske Skadegård, B. 4, s. 172-173.)
For mer informasjon:
Risamýri forbygd i landet Réttarholt i Akrahreppi.
Utsikten er sørøst over grønn skipspor.
Beskrivelse:
Midthusaselland er den første innsjøselen i Deildardalen, på vestre side, den eneste som ikke er i Vest- eller Østdal/Seljadal.
Den strekker seg fra Háleggsta-merket til Bjarkará, over Tungufjallssporði.
Om den nordlige grensen sier landemerketskrift Midtøya.
"Utenfor og under mot Høyeste Steder, av vakt på ørene ved Afréttará.
Derfra rett til Grænadrag og deretter til skarten i fjellbrunnen utenfor Bjarkarskál".
I 1709 ble Midtøys bønder holdt i sjel i Deildardal.
I jordbokene står det: "Selveste i Deildardal vestover, der det heter Björk på jorden, men kan ikke brukes, for den er for langt for å hente, unntatt de mest fordelaktige".
Midthuset ligger ca 405 meter utenfor Bjarkaranen, på en lang hullebakke ned på flaten ved brekkene, i bystedet i Stafni.
På toppen av hulene sitter det en fin, glansende seltopp, og litt utenfor er det en 8 meter lang kiwi.
Ved siden av hulene er det andre cellulære strukturer, som er trykkede, totalt rundt femten meter lange.
(De byggende av Skagafjarðar VII. bnd. Hofshreppur, 186)
For mer informasjon:
Oversikt over tops på Midtøsten.
Se sørover.
Beskrivelse:
Siden 2003 har Byggd Museum Skagfirðinga og Byggdasaga Skagafjarðar startet et felles forskningsprosjekt som fokuserer på å dokumentere og studere Skagafjarðar eldste byggegård, med særlig fokus på avsidesliggende og fjellområder i provinsen.
Prosjektet har fra starten vært en del av bokens bok The History of Construction, men nå har fire viktige bind blitt utgitt.
Byggegrafen er derfor forskjellig fra andre byggbegrafer ved at den har en større vekt på byens forhistorie og undersøkelser av alle former som kan bidra til byens historie.
De to siste bindene av Bygghistorien inneholder detaljerte kapitler om gamle bygninger i inndalsdalene Øst- og Vestdal, og inneholder en sammenflettet historisk oppsummering samt funn fra arkeologiske undersøkelser som har blitt utført på ulike steder.
Resten av en gammel bystat, såkalt Gerðis (65°35'315/19°18'940), ligger omtrent 400 meter over en by i Flugumýrarhvammi.
Det har lenge vært et metallhus, og det var fortsatt slik frem til 1960.
I 1856 var det 30 hus i god stand.
Her ble det holdt en liten tuneband frem til midten av 1900-tallet.
Det er funnet to av treets, men det er gjenstander som er synlige over et større område enn treets.
Til sist sto det imidlertid bare en skattekiste, den som den syede toffet representerer.
Det er laget en betydelig gressbasseng, og det dannes en liten hvelv inn i skogen, men den omfattende søken gir et oversiktlig bilde mot nord.
Her blir byens navn Hvammur naturlig fordi miljøet danner en bred hvamm.
Brekkobyen under oss kalles Hallet og strekker seg ikke fra byen opp til bukten.
Opp fra Gerdet, over i skogen, er det noen fremtredende munner og klapphunder og en løkke kommer nedover drag, som her kalles Gerdetisklauf.
Han faller nord for Gerðið og er samtidig kommunekremik i Flyumyrhvammi.
Den gamle tangen er enkelte mot sør og øvre og litt ned mot nord, og ser ut til å krysse bare ut av løkken i små partier for at vannbollen skulle bli innenfor tangen.
Legen er 40 meter utenfor byens hovedkvarter.
Nederst kan man ikke identifisere den med noen bestemt endestykke.
Det er tobakk på tre steder.
For det første ommerke de arbeidshusene som uten tvil er bygget over i byområdet, da dette er det beste bygningen og danner en liten byhall (65°35'315/19°18'940) med menneskekunstverk på et stort område.
De gamle havneområdene ligger rett sør for tangen (65°35'300/19°18'915).
Nederst i tunnelen, en liten avgrunn fra byens hull, ligger den tredje toftområdet (65°35'296/19°18'958).
Det var grus fra de gamle grusene, men det er mye mer enn det som tilsvarer en grus.
Dyrlig mat kommer frem fra hullet, og det er sannsynlig at tigeren har ligget under det.
Busseta på Gerða er lenge blitt glemt, og dermed navnet på byen.
I jardagboken fra 1713 står det om dette stedet: "Husbygningen er omgitt slik at det kan ha vært bygget der en gang.
(Skrift av Magnusson og Paul VI, side 187)
Det er mange indikasjoner på at her ligger den eldste byområdet, byen Hvamm, som siden har blitt flyttet en gang oppover, ned fra hvamm, men navnet har blitt beholdt (Byggdasaga Skagafjarðar, IV bind, s. 145-46).
For mer informasjon:
Oversikt over Gerði, en urbefolkning i Flyumyrhvamms land i Akrahreppi.
Se mot vest.
Provinsvågen er øverst på bildet, og byen til høyre er Rådhuset.
Beskrivelse:
Spáná er en innsjøby i Unadal, nord for Unadal.
Det finnes tallrike, fortsatt svært vakre, bønder og en rekke utendørs hus overalt i og utenfor Tyrkia.
En vallargård er solid over tunnelen under Spånehulen, den fremre delen er torflagt, mens den ytre delen er laget av stein, og strekker seg rundt hundre meter ned til skrågrunnen.
Den har vært en betydelig, på den tørre og grønnne bakken i den spanske strekningen, robust, men delvis behersket.
Spana ble ødelagt i 1921, og det står ingen hus lenger.
Jorda er nå eid av Upprekstrarfélaget Unadalsafrett og en del av Unadalsafrett (Vedmålord nr. 4756).
I middelalderen ser det ut som om spansk lengte var blitt forbrutt.
Det er ukjent når landet ble befolket, men det ser ut til at Holocaust-herskerne kom til landet på 1400-tallet.
Jörden er først nevnt i Stoli's arkiv i 1525, da inkludert i husets ødelagte saler (Íslensk fornlistege, 302).
Heimild forteller at Þorbergur Bessason, fylkesmannen på Hofi, i midten av 1500-tallet hadde Spania leie fra Hólum og hadde en sel der mens han holdt en bolig på Hofi (Järabréf på Nationalskildsamling 2 (72) B).
Jarden har vært bygget tilbake i den siste halvdel av 1600-tallet, da den er inkludert i Holstols regnskap fra 1666, og i Jarðabók fra 1709 sies den at den ble bygget av jord for 40 år siden, altså minst før 1670 (Jarðabók Árna Magnússonar og Páls Vídalín, 247).
I Jordboken fra 1709 er Spania alene vurdert til 6 hundre og er et lavt måltid som trolig er forårsaket av landskader og stor uheldighet.
I Jørnbøken av Johnssen fra 1847 er jorden oppført som 6 hundrede, men nedlagt til en forman som teller den som 8 hundrede (Jørnbøken Árna Magnússonar og Pál Vídalín, 247; Jørnbøken Johnsen 1847, s. 270).
I 1849 var "Spanien en bondeeiendom etter nåværende herlighet på 800 (Jarbok 1849 nr. 78).
Sommeren 2013 ble flere borger fanget i Spania.
Her er det funnet tegn på en bygning som er fra det 11. århundre eller tidligere.
Byggingen kan ha blitt nedlagt allerede i det 12. århundre.
Det kan imidlertid ha vært noen bygninger der, f.eks. hatt en sel etter at bygningen ble lagt ned i 1200-tallet, men før den ble bygget på nytt i 1700-tallet.
For mer informasjon:
Kári Gunnarsson i skåleøft i øst av finanshusene.
Se nordøst.
Beskrivelse:
Hrappsá var en byvei fra Skuggabjörgum, og lå nord for den samme elven i Deildardal vest for oss, mellom Skuggabjarga og Stafshóls.
Hvor stor et land som var besittet er ukjent, bortsett fra tunen, som er avgrenset av den gamle tungar.
Så dårlig at ingen skriftlige kilder har blitt bevart om eksistensen av Hrappsár før 1831, bortsett fra folkehistorie som synes å ha sin opprinnelse til den tidlige perioden av Island-bygget.
Disse historiene var i manuskripter fra 1368 og 1428, som dessverre er borte (HSk. 403. vol.
Det er ikke nevnt om Hrappsa i Jarðabók 1709, som må anses som noe uvanlig, men som likevel kan ha en forklaring.
Shadow Caves ble øydelagt i 1709, og derfor ingen beboere på jorden kunne utvise deres sted.
Det ser ut til at de har glemt frykt.
Den reisende Olav Olavius' reisebok fra 1777 kan heller ikke Hrappsár i oppføringen av ødeleggelser i Hofshreppi.
Byen ble bygget i 1831 og ble brukt med mellomrom til 1872, da Hrappsa ble ødelagt og har ikke blitt bygget siden.
Hrappsár er nevnt i et notat i Johnsens gravregister fra 1847, men det sier at presten nevner Hrappsás lik, men andre detaljer om bygningen er ikke kjent, og derfor er den ikke i gravregisteret selv (Jarskår Johnsen 1847, s. 270).
Bærsituasjonen ligger litt over veien (Deildardalsveg vest) som går mellom Skuggabjarga og Stafshol, rett foran Hrappsárskrúuna.
Tunen er liten, godt bearbeidet, men stiv og har aldri blitt slått.
Innenfor tornet er det noen vinduer fra 1800-tallet, men også en motell for eldre tak.
Ruten til Hrafnsári har vært borte fra byområdet da den første bebyggelsen startet, og i dag er deler av Tun og Túngargsøen blitt dekket av elven.
Det er ikke bra å vite når en fart løp over bakken og brøt en ganget.
Men det er klart at innbyggerne i Hrappsár i det 19. århundre ikke har sett noen grunn til å laste den opp.
Byen har åpenbart tatt sitt navn fra elven den ligger ved, men har lenger av navnet Hrappsa, men i senere år avviklet til Hrafnsá.
I et arnetekensregister fra 1938 er navnet Hrappsárnavn brukt, men i Jord og beinetal fra 1953 heter byen Hrafnsá.
I en innflytelsesmelding fra 1839 står det at det ved Hrappsåen sto nybygger Hrappsá (Sýslu og innflytelsesmeldinger II, s. 137).
I det 20. århundre ble det kalt Hrappsa, Hrabsnørk.
I örnnaskrkráen står det at i daglig tale er Hrafnsárkotsnavnet brukt av lokalbefolkningen (Örnnaskráen Rósmundar Ingvarssonar).
Trinn 1.
Skornet ble renset i den nordlige delen av øya, hvor jordskredet hadde formet det.
Snitten ble renset opp og gravd ca 40 cm ned for hagen for å komme ned på en urørt bakken.
I prøven ble det funnet en 50 cm høy torvmur som er blitt bygget etter 1104.
H1104 gjøsken så ut som den var urokket under veggen, men under den var det så rotete torv med H3 gjøsken, ca 8-10 cm tykke bunke.
Det er vanlig at torv eller jord blir brukt til å putte under veggen slik at bunnlaget blir jevnt, noe som kan forklare torvskjelvet.
Likevel må det betraktes som ganske interessant at 1104-gusset syntes å ligge over denne uvaske.
Da har sangen falt samtidig som folk har bygget muren.
Det er imidlertid ikke utelukket at sangen lå i en torv som har nådd over overflaten av den hulen som ble begravet.
Det er imidlertid klart at tungen først er blitt ladet etter gjøenfallet 1104, men i prøven kom det ikke frem noen uønskede tegn på annen gjøe hverken i torvet eller over parken.
Slike 2
Den andre eksplosjonssymbolet ble renset i den store øyens verdi.
Her var det en jordlov som liknet den i figur 1, bortsett fra at det var åpenbart at hagen hadde blitt oppvasket etter 1300.
Den 1300-tallens hellejuse var i torvet øverst i parken.
Det var ikke mulig å fastslå en jordforbindelse under veggen, da vannet samlet seg under et skjær, og det endte med å la vannkilder fra torvet utenfor parken gå rundt veggen på dette stedet.
Forrige innlegg:
Det er klart at byggingen har begynt på Hrappsa i det 11. århundre f.Kr., og skålen, rett og halvcirkelgartens lag var de eldste byggemerkene i Tun.
Ungeren påpeker imidlertid at det var bosetninger på Hrapssa etter 1104, dvs. helt fram til det 14. århundre.
Det er mulig at bygningen i dag er bygget i henhold til 1800-tallens byggekode.
Men byen var tydeligvis ødelagt lenge før den ble gjenoppbygget i løpet av de første tiårene av 1800-tallet.
For mer informasjon:
Snek i nordvest tiåringen på Hrappsa.
Se på det.
Beskrivelse:
Den laveste selende i den vestlige delen av Unadal tilhørte jorden på Þönglaskála på Østersund.
Det måler omtrent 180 hektar.
Mørkene til Þönglaskálaselland nordover, mot Bjarnastaðir, er ifølge landmerkeboken fra 1890, "på Puntskriði, tatt retning mot fjell".
I hans epitett er det følgende beskrivelse av disse tegnene: "Fra Bjarnastagjordis landemerker, som var av store steiner ved Unadalssjön, til en bekken kalt Puntskriðu, synsendingen til Kisukinn ned fra Kisu-fjellet og rett opp på fjellet".
Thonglaskala-sel ligger vest for Unadal-elven, på toppen av den store innsjøen, over for den spanske retningen.
Det finnes også menneskeskapte levninger på minst sju steder, noen svært gamle, andre tydeligvis mye yngre.
Det ser ut som en byarrest.
Den har syv hull og vokser i den til å bli sterkere og grønnere enn omgivelsene som sier at den ikke kan være mye eldre enn 200 år, på det høyeste 300 år.
12 meter over bak ligger et lite skatthus.
På fire andre steder er det småhus eller kvøer (...).
Sommeren 2013 ble det utført en liten arkeologisk undersøkelse med kjernebor på Þöngiskala sel.
Det var vanskelig å få gode resultater, for boren ofte stakk på steinen før den kom ned, slik at den var god.
Så ikke ta aldersklassifisering av bæroft.
Selv om hennes avgang og hennes øske fra 1766 viste at murene var blitt bygget etter at hun hadde falt, viste det seg imidlertid at under disse husene var en annen bygning, som for eksempel seltoffer, eller bytorn.
Ved siden var det uperne og jordskakne veggene til eldre bygninger der greina kunne ha minst to rom.
Det er en elefanthytte som trolig er blitt lagt ned 100-200 år før bygningen ble bygget oppover.
Det var ned til et tett, muskestrypt gulv med en kullsporing som tydeligvis har vært beboet.
Om lag 15 cm av ubevækket soppmilde var på toppen av disse minnene.
Torf som ble valgt ut i valget, hadde Heklugysskyssk fra 1104 og veggene var derfor belagt etter at den falt.
Det var mulig å lese minner fra tre av disse oppholdene.
En arkeologs tolkning var at det opprinnelig var en sel, bygget etter 1104, men lagt til trolig i det 14. eller 15. århundre.
Kofatter kan ha blitt knyttet til lokal husstand eller lokal eiendom etter at den gamle selen har lagt seg.
På 1700- eller 1700-tallet har det vært en kortvarig innbygger.
En arkitektonisk historiker husker å ha hørt noen snakke om Thonglaskala-gjenstanden.
Det kan ha vært navnet på byen der det ble drevet en liten tid i det 18. eller tidlig i det 19. århundre, men ingen dokumenter har blitt funnet.
Her er det ikke noe sted å bo, uansett hvor slemt og gresset det er, men det er bare bærbart.
(Byggedesign av Skagafjarðar VII. Hofshrepp, 268).
For mer informasjon:
Utendørssofter over byhussofter på Þönglaskálaseli.
Se nordøst.
Beskrivelse:
Ørbygging og kapitler III. 2008.
Hollakot i landet Oppå Oppå.
Hålakot opptrer først i kilder sammen med Viðvík og Kvígildis¬hóli i en regnskapsoppstilling av Hålastóls fra 1388, hvor de regnes som gravlagt i Stóls eiendom (Icelandsk fornminnelag, III:410).
I en annen oversikt over eiendeler til Hólastaðar fra 1449 er Viðvík oppført sammen med Hólakoti (Islensk fornektelsesbibliotek, V:36, 43).
I en bok om Margeirs Jónsson, som er en av de første som har fått navnet, står det i en sidebar: "Holakot, en gammel øde by, ligger i Advikslandet, men ble nylig bygd opp omkring 1920.
Formerte målinger på Hóloköt var 20 hdr. og rundt 1388 var Lsk. 3 merker i vådmål.
Ved kongelig ordinans den 8. mai 1805 ble Viðvik 'med sin kot' lagt til landsmannen, og det har fulgt fastlandet siden".
(Erdnämnregisteret Viðvíkur, registrert av Margeir Jonsson, Erdnämnsforeningen i Island, s. 3).
I en overskrift fra Sverris Björnsson står det: "Offentlig på søndagen [Hólakotssund] er en liten fjord som heter Hólakot, refererer til Margeirs Jónssonas beskrivelser
(Årnavnskortet Viðvíkur, opprettet av Sverrir Björnsson, Ornnastofnuninn i Island, s. 3).
Holakot må ha vært i leir 1921-1934.
I Hólakoti er det gjenstander av tungar og byggemåter både fra den siste kotbyen som sto der, men også funn av aktive elementer fra gamle minner innenfor tungar som ingen dokumenter finnes om.
I alt ble det gjennomført tre undersøkelser på Høylakt, og antallet kjernesoner ble tatt for å kunne analysere minnesonen.
For mer informasjon:
Høyeste skred 2.
Forbøyen Hólakot i Hjaltadal.
Skjold 2 ble tatt i nord for tyngerdalen.
I tillegg ble det oppdaget to byggekister i parken.
Det ser ut til at hagen var delvis ødelagt da 1104 gjester falt.
Det er mulig at parken ble re-gran, men ingen gjøskok ble funnet på toppen av parken selv, og det var ingen tegn på at de 1104 gjøskokene var i torv.
Den nedre delen av hagen var fylt med torv som var dekket av fin svart gjoske - kanskje gjoske fra Vatnajökli som falt rundt 1000 e.Kr.
Beskrivelse:
Byene er øde områder øst for Unadal på 140 meter over havet.
Landet ligger mellom Bjarnstaðarelva og Tungufjalla utenfor, men Spánárdal og Spánári foran.
På bakken land til Grundarland på utsiden, fjell på toppen, Spana på innsiden og Unadalås på bunnen møtes med Þönglaskalaaselland og Bjarnstaðager.
Bjarnstad er først nevnt i referanser fra 1449, men da var jorden blitt eid av Stortinget.
Byen ble ødelagt i 1947, og alle husene der har vært ødelagte lenge.
Jorda ble formelt lagt til avreite i 1961 (Byggdasaga Skagafjarðar VII, 281).
For mer informasjon:
Tungen på Bjarnasteder.
Se nordvest.
Beskrivelse:
Hagakkot er en ørkenby og var den fremste byen i Hjalladalen øst for flere århundrer senere.
Jorda var ikke et permanent område i det 19. århundre, men en slags husmannsby fra Holum og hadde ingen definert landemerke.
Det var et innkvartering i årene 1862-1888.
Byen lå ved den nordlige enden av Hagafjells, rett ned over Tröllkonusætet, som er en klippbrunn som ligger midt på den nordlige delen av fjellkjeden.
I Hagakott ligger det tre skatteklosser, og her er det fortsatt skatteklosser fra midten av 1900-tallet.
På toppen og bunnen av den gamle tunnelen er en tomt som ikke så ut som et pengehus.
Toven var firkantet, og borgene ble plassert i veggene og gulvet.
Kjerneforklaring: Merkingen av en brannsted antyder at det er snakk om et bosett.
Annet trolig var bosatt i det 17. århundre, muligens fram til det 18.
For mer informasjon:
Det ble funnet et stuehus på Hagakoti i Holahaga.
Se nordvestover.
Beskrivelse:
Det første som omtaler Dugier er fra midten av det 14. århundre, men arkeologiske funn viser at byen har vært bebodd siden antikkens tid.
Bygdingen ble avsluttet i 1958, og gårdene er nå en del av Ennis-landet, og hun har benyttet seg av det.
Ingen av bygningene står lenger, men byens høyde er fortsatt tydelig.
Tengeregnet er delvis synlig vest og nord for byens rådhus, og det er to tårn ved den vestlige delen av det.
Om 20-50m rett nord for byhallen er det urene, gamle monumenter, skåle og flere bygningsrester.
Borkjer ble tatt i tomter og tungen, og også ble det gravd en undersøkelse i skallavetten.
For mer informasjon:
Legen i Oppsvekkergruppen.
Skjær 1 i skjelvetil, ned til skjegg.
Skurður ble begravet i den østlige forveggen av en avlangs iverhus eller skálabygging i Lækjars hjemby.
Omkring 5sm under gressrot[1] kom gjøsten H1300 ubevegelig, men ingen menneske var synlig i en frømold[2] over henne.
Mellom 1300 og 1104 som også lå ubevægelig i samlingen var en fokmoldlag[3] med små flyvninger av 1104 og en museskjæring, men ellers svært lite tegn på menneskelig tilstedeværelse.
H1104 lå i ca 2cm dype bunka over på torvvegg som kom vestest i skurket og lå noe mer lysløs etter hele strekningen.
Omtrent 2 cm av ubeveget slammuld[4] lå mellom gjøskene og den øvre delen av torvveggen, men opp til 20 cm av slammuld lag[4] over ruinen fra veggen[5] som har ruttet mot øst.
Byggingen synes derfor å ha begynt noe før 1104 f.Kr., men det er umulig å fastslå med større nøyaktighet når den ble bygget.
Forrige innlegg:
Bygningen ble lagt ned litt før 1104, men murene ser da ut til å ha falt.
Byggerne antydet at det var snakk om et bolighus, og det at det var et tomt hus antyder også at det var snakk om en skålehus.
Det er lite bevis på at det var noen som bodde der etter at huset falt ned eller ble lagt ned til den 1.104e mosen ble lagt over.
Det er usikkert om det betyr at det er blitt lagt ned bygg der, men i det minste ser det ut til at det ikke har vært samme sted.
Flere bevis er for bygging mellom 1104 og 1300, men ikke så mye.
Beskrivelse:
I 2013 ble en rekke steder i Hofshreppi fortid undersøkt i forbindelse med prosjektet Ødebygd og avfall av Skadegården (VII).
Det ble lagt vekt på minene i Deildardal og Unadal, og hovedmålene var:
å finne og lokalisere forbytter, seler og andre monumenter som kan fylle opp i kunnskap om bygghistorien på Skagafjörden.
å undersøke alderen på utvalgte mynter ved hjelp av avgrensnings- og/eller borkjørn som er tatt i park og utvinning av toffer for å bestemme alder og eventuell byggestid.
Man tar også ut kernebilder fra stuebedene for å avgjøre om det er beboelse.
Å presentere og fremheve minner slik at de blir tatt med i planleggingen og gjennomføringen.
For mer informasjon:
Se inn Unadal fra Svinekåren.
Se mot øst.
Beskrivelse:
Hrappsá var en byvei fra Skuggabjörgum, og lå nord for den samme elven i Deildardal vest for oss, mellom Skuggabjarga og Stafshóls.
Hvor stor et land som var besittet er ukjent, bortsett fra tunen, som er avgrenset av den gamle tungar.
Så ille vil at ingen skrevne kilder har blitt bevart om Hrappsár før 1831, bortsett fra en folkesang som synes å ha sin opprinnelse til den første tiden av Islænderne.
Disse historiene var i manuskripter fra 1368 og 1428, som dessverre er borte (HSk. 403. vol.
Det er ikke nevnt om Hrappsa i Jarðabók 1709, som må anses som noe uvanlig, men som likevel kan ha en forklaring.
Shadow Caves ble øydelagt i 1709, og derfor ingen beboere på jorden kunne utvise deres sted.
Det ser ut til at de har glemt frykt.
Den reisende Olav Olavius' reisebok fra 1777 kan heller ikke Hrappsár i oppføringen av ødeleggelser i Hofshreppi.
Byen ble bygget i 1831 og ble brukt med mellomrom til 1872, da Hrappsa ble ødelagt og har ikke blitt bygget siden.
Hrappsár er nevnt i et notat i Johnsens gravregister fra 1847, men det sier at presten nevner Hrappsás lik, men andre detaljer om bygningen er ikke kjent, og derfor er den ikke i gravregisteret selv (Jarskår Johnsen 1847, s. 270).
Bærsituasjonen ligger litt over veien (Deildardalsveg vest) som går mellom Skuggabjarga og Stafshol, rett foran Hrappsárskrúuna.
Tunen er liten, godt bearbeidet, men stiv og har aldri blitt slått.
Innenfor tornet er det noen vinduer fra 1800-tallet, men også en motell for eldre tak.
Ruten til Hrafnsári har vært borte fra byområdet da den første bebyggelsen startet, og i dag er deler av Tun og Túngargsøen blitt dekket av elven.
Det er ikke bra å vite når en fart løp over bakken og brøt en ganget.
Men det er klart at innbyggerne i Hrappsár i det 19. århundre ikke har sett noen grunn til å laste den opp.
Byen har åpenbart tatt sitt navn fra elven den ligger ved, men har lenger av navnet Hrappsa, men i senere år avviklet til Hrafnsá.
I et arnetekensregister fra 1938 er navnet Hrappsárnavn brukt, men i Jord og beinetal fra 1953 heter byen Hrafnsá.
I en innflytelsesmelding fra 1839 står det at det ved Hrappsåen sto nybygger Hrappsá (Sýslu og innflytelsesmeldinger II, s. 137).
I det 20. århundre ble det kalt Hrappsa, Hrabsnørk.
I Ornnnaskriktene står det at i daglig tale er Hrafnsárkotsnavnet brukt av innbyggerne (Ornnaskriktene til Rósmundar Ingvarssonar).
For mer informasjon:
Former rett på Hrappsa.
Se mot nord.
Beskrivelse:
En arkeologisk undersøkelse ble utført i en av kirkegårdens gravkamre ved Miklabæjar i Akrareppi.
Navnet på bygda er skjult, men denne beskrivelsen finnes i Byggts historia Skagafjarðar IV. bind, der det er snakk om jord i Akrahrappi.
En av de fire avstamninger av Miklabai var en av Jadar's hus.
Jarðabók 1713 kan derfor følgelig: "tredje side, i ødemarken med samme mot som om Miklabæjarkot ..."
I årene 1753-1757 bodde Grímur Jónsson og Guðrún Gottskálksdóttir fra Hreiðarsstation i Svarfaðardal i Jaðri, men hun var den eldste søsteren til Þorvaldar Gottskálkssonar prest på Miklabæ 1747-1762 og halvstørste søsteren til Gottskálks Blander på Mið-Grund.
Det er ikke kjent hvem andre som bodde i Jadar, og det ser ut til at Þorvaldur prest lot sin søster og mage bygge over seg på den gamle øde (Svarfædagøllene II, s. 96).
Det er merkelig at folk i vår tid har glemt hvor Edes bolig var, og at det ikke lenger er noen direkte tegn til henne.
Men når vi ser på omgivelsene, må vi likevel anse et sted som ganske sannsynlig uten at det er noen sannheter.
I nordøstlige hjørnet av den gamle tunnelen heter Husehall, sør Bærlækjer og over det nasjonalvei.
Der går den gamle teenagarden svevende over hjulet til toppen.
Her sto det i siste del av 1900-tallet, og det er fortsatt et klart tegn på det, to kasser som gikk utover og sørover, med en ende og en slutt mellom (65°30'500/19°17'575).
Dette er en utekant av en øy og en svært sannsynlig byby, kort for byens lege.
Men det har dukket opp spor av urfolk i det nederste av Myklabjarnes.
Ha Hovedsvann når bryte bort deler av tonn, e.v. helt til halvparten.
Det som gjenstår er en halv sirkel av det gamle bygården og en liten del av byens rådhus.
Det er et gammelt urtank på et sted i nordøstlige Tyrkia.
En avhengig hul som Vettet har for det meste revet bort, og er markert B på den tilhørende tegning, grønnere enn omgivelsene.
Det er et tegn på at det ikke er mange år siden det var bebodd her, for eksempel dette gamle borghuset.
Oppdrettskap i slike boliger eller husophold holder i minst 200-300 år.
Det er usikkert om den første leiren er den samme som den som er nevnt i Jederbrev, eller om det er en femte leir som er omtalt.
Den 10. juli 2007 ble arkeologene på stedet gjort aldersgjenkjenning.." (Hjalti Pálsson (skrevet) 2007: Byggdasaga Skagafjarðar IV. Bind. Akrahreppur.
Historisk forening av Skagfirder.
For mer informasjon:
En ukjent forhistorisk by i Miklabæjar-landet i Akrahreppi.
To skjær ble tatt, en i tjueførti, og den andre i tolv.
Tungaar-veggen er belagt etter 1300, men det er ingen gødslag over den, slik at det ikke var mulig å måle den øvre aldersgrense.
Det samme kan sies om den avgrensingen som skuret ble tatt i, det var ikke mulig å avklare at det var bygget der før 1300.
Byen er derfor sannsynligvis i bebyggelse etter 1300, men ble ødelagt før Jarðbók Árna Magnússonar og Páls Vídalín er skrevet i 1713.
Beskrivelse:
Kjerneene ble tatt fra Grafarsels' grav i Deildardal.
Telling verdifulle miner er på selen, både eldre seltoffer og rester av en bolig som var der i midten av 1800-tallet.
Grafarsel ligger ca 450 meter innover Bjarkará, ned ved Grafarár-bakken.
Seljadal er først nevnt i handelsbrev fra slutten av det 14. århundre, og vafallet er navnet evig gammel.
Det er ikke uvanlig at bønder ned i dalen eller på Höfðastranden allerede i de første århundrene hadde en bolig i en celle innenfor bygningen i Deildardal (Islenskt fornærmede brevsavn III, s. 488).
Om sel i Deildardal sier S. Páll Erlendsson i en krigsdeklaration i 1839: "Alle Åslandshutsjærene, Gröf, Enni og Hof [eier selsteder], de to siste i Unudalnum, de andre i Deildardal.
Nå brukes øngvinger, bortsett fra graven en måned hver sommer.
Har de avlagt på grunn av veilængder, mange av dem løpende splittelse, og har til da aldri respondert kostnader.
Folk raser til kola og driver til gull og usynlige hester, og oppstandelseslandet er ikke annet enn selen selv [...]" (Søysøys- og øysøysopplæring i Skagafjarðarflødet, side 139).
De mest kjente monumentene er restene av den 19. århundre byen, som delvis ligger på restene av eldre bygninger.
Den yngste byens torv stod øverst og de høyeste minnene på et avskilt hul og var en omkransning av tre av byens rom, mens de østligste var restene av en matgarten.
Kofattoft ligger noen meter sør for vegetabilske hagen og har tilhørt den yngste bruksperioden.
I den grusvegen som byen står på, kan man se minst tre bakker.
Like like foran henne var det en slags gravgang.
Omtrent 8m nordøst for matparken var restene av eldri sel, men ingen yngre bygninger lå over den.
Den hadde minst tre kammer og faste kvier.
Toppene var svært tett på bredden over elven og derfor i noen fare for å bli ødelagt.
Veien var veldig jordskinnet.
Noen av kjerneelementene ble tatt i minnesmerke.
De fleste falt direkte på steinen under overflaten, ettersom det var mye grus i veggene både yngre og eldre.
De tre bøkene som ble tatt opp, kunne ikke identifiseres som alder.
Omtrent 4 millioner av de som var på selstoft, var døde kvere som hadde tilhørt selstoftet.
Rundt 30 meter nord for den yngste bæremuren var det levninger av to utendørs hus, et pengehus og en lading.
De toftevegnede utstillingsbygningene var i god stand, og det var tydelig at det hadde vært hager i disse.
Disse bygningene er fra 1800-tallet.
Tolkning.
Det var ikke mulig å vurdere alderen på Grafarseli.
For mer informasjon:
Ser over Grafarsels tomter.
Se på øst.
Beskrivelse:
Ólys park som går fra øst til vest over Ástungu mellom Kolbeinsdalsár og Hjaltadalsár i Skagafirði.
For mer informasjon:
Parkslag mellom Hjaltadalsalår og Kolbeinsdalår i Skagafeltet.
Det er nordøst.
Beskrivelse:
I reiseboken til Ólavius (Ólafur Olavius (1965)) er Ytri-Heljará nevnt og det sies at den har begynt i vanngang.
Heljar er også nevnt i Gudmundars historie.
Lokaliseringen av byen har vært ukjent, men i forbindelse med forskningen i forbindelse med utarbeidelsen av Byggdasa historien ble det undersøkt selttofter i landet Bjarnstad, på bukken av Heljar.
Ved en ytterligere undersøkelse i sommeren 2008 ble det funnet, i tillegg til åpenbare seltoffer, rester av eldre miner.
Størrelsen ligger på den nordlige delen av elven, men Heljarøen har tydeligvis tidligere vært i farten nord for elven, men ligger nå i farten sør for den.
Ved nærmere observasjon viste det seg at elven hadde tatt av seg noen av de eldre klumperne, og det var mulig å rense mønstre i elvebakken for å undersøke minerne nærmere.
For mer informasjon:
Miner på Helljar-bekkene i Kolbeinsdalen.
Se sørøst.
Beskrivelse:
Stafshol er en grotte i Deildardal sør for, men ble i fortiden regnet som en høykant.
Nå er Stafsholm kjent som den laveste byen i Deildardal, sør for Deildardal-sjøen.
Byen ligger nordvest i den såkalte Stafshólsöxl.
Byens navn er skrevet i mist Stafshol eller Stafnshol.
Det eldste dokumentet om byen er trolig i Landnámabók, der det omtales Oddleifi-stangen.
Hans foreldre var Hrafna-Flóki og Gró, søster til Höfða-Þórda, mens Oddleifur bodde i Stafshóli og delte med Hjaltasona på Hofi i Hjaltadal.
I Landnøbbok er også nevnt Arnórs, Nafar-Helgas sønn, landnøber på Grindli i Fljótum, Arnór kjempet mot Friðleif på Stafshol.
Stafsholll er derfor uten tvil det opprinnelige bynavnet (Íslendingasögur I, s. 151).
Jordene har sannsynligvis vært i privatbesittelse i mange århundrer, men Oddleifur stafur, Hrafna-Flókason, synes å ha vært den første eieren, hvis Landnámabók.
Navnet på området er ikke funnet i en regnskap fra 1388 av Stolen, og derfor kom det trolig ikke i Stolen før på 1400-tallet.
Stafshol var en av de jordområdene som Holla-biskopene omtalte, og de gikk ofte handel med den.
I tidligere århundrer ble jorden ansett som 2400 ganger vakker, men i det 17. århundre og senere ble den ansett som 2000.
I The Book of Earth, fra 1709, nevnes det om en skog fra Stafshol, som da allerede var blitt ødelagt: "Heleigugrey har vært her en gang, og den eneste gressjæren som var hjemme, ble antatt å være 20 eller 30 ærner.
Her kan man ikke bygge, men bare ødelegge jorden. - The International Handbook of the Ages of Magnusson and Pál Vidalin, side 239.
Trolig har denne byhuset vært på en sted kalt Stafsholstokk skummet under Stafsholstokk.
Det er en glødende tunnel rundt to bygningslokaler.
Beskrivelse av min
Ungarns[1] er ganske stående, opp til en meter i høyde og ca 2m bred.
Den omkranser tunnelen som er ca 100m fra nord og ca 60m der den er bredest.
En uendret park [3] synes å være det området like sør for en mulig rådhus.
Om tonn har blitt forhøyet eller redusert på noe tidspunkt eller omdannet, skal ikke oppgis.
Som nevnt er det to huler inne i tunnelen.
Den vestlige hulen er antakelig en byhall, 21x6 m i omfang, men ikke forutsettende for vinduene på bygningsutsigter på den, men hull i hulen indikerer at det var to eller tre skiftede tomter[2].
På den andre siden av tunnelen er det to tverrformede bakker, antakelig de bakker som har gitt området sitt navn.
De ligger like ved den større sørvest for ca. 11 x 3 meter.
Den nordøstlige fasten er mindre enn 8x4 meter i størrelse.
Begge er åpenbart mye yngre enn den gamle bygningen og den såkalte byhuset.
Den skammelige vestlige delen av Tjungarten er et gammelt, ukjent fjell som er seks ganger femten meter stort og skjult av en langgrønn gress.
Tingenes var kjerne i Tunge-garden, som betød et byhus og en gammel forstad utenfor Tunge-garden.
Kun fem av de fem ble tatt, og resultatene var ganske avgjørende.
Kjerneene i tuggarden indikerer at den ble bygget etter 1104, men lagt ned før 1300, som lå ubeveget over parken.
Det samme skjedde med et kjerne som ble tatt inn i byhulen, men som framstilte rester av menneskeliv, kull og mosak.
Tøftene uten tungarer synes også å ha falt før 1300.
Om det er et overgripende "slik" som er nevnt i Jordaboken, så har det vært et langt tidsrom siden det ble skrevet.
Det er imidlertid ikke utelukket at noen beboelse var der en kort tid etter at den slottet som tungen tilhørte, ble lagt ned.
Jenter:
Bygningen som er avgrenset av tungen på Stafsholstokk har vært i bygging etter 1104 og tungen har i.a.m. blitt falt før 1300 gosskan falt.
For mer informasjon:
Se inn i Deildardalen fra Kott i Stafns land.
Se mot øst.
