Vítězství pravicových populistů v Rakousku, 29 procent
Dále se zdá, že oba strany ve velké koalici, které byly dosud, se značně oslabili a populistické strany na pravici se značně posílily, když v neděli byly v Rakousku předčasně zvoleny parlamentní strany.
Rakouská lidová strana (ÖVP), jejíž pozice byla vážně otřesena současným předsedou Vilhem Molterem, utrpěla obzvláště velké ztráty.
Předseda spolku BZÖ, Jörg Haider, se naopak připravuje na vítězný návrat do politiky.
Podle předběžných výsledků zůstává nejsilnější stranou SPÖ s 29,8% hlasů, ale v porovnání s posledními volbami v roce 2006 ztratila 5,5%.
Ještě horší je pro ÖVP, které ztratí 25,6% hlasů, což je téměř 9% hlasů.
To jsou nejhorší výsledky obou hlavních stran v historii Rakouska po válce, a to je doslova katastrofický výsledek, zvláště pro Lidovou stranu, která měla předčasné volby.
Na začátku července, když se ÖVP vydala z koalice, měla podle veřejných průzkumů populistická strana významnou výhodu před SPÖ.
Ale voliči ho očividně trestaly za to, že nechal vládu padnout.
Už v prvních reakcích na výsledky se spekulovalo o možné rezignaci předsedy strany a současného kancléře Wilhelma Molterera.
Podle pozorovatelů by se to mohlo stát už v pondělí na mimořádné schůzi předsednictva strany.
Tento vývoj by pravděpodobně usnadnil stále pravděpodobnější cestu z volebního výsledku, tj. obnovení velké koalice SPÖ a ÖVP.
Vzhledem k tomu, že se v současné době posílí dvě pravicové populistické strany - Svobodná strana (FPÖ) s 18% a BZÖ s 11% hlasů - se sociální demokraté obávají opakování roku 1999, kdy se lidová strana dohodla na společné vládě s populisty (FÖ byla tehdy ještě jednotná, v roce 2005 se BZÖ odstěhovala), což dokonce vyvolalo sankce ze strany Evropské unie.
Haider, který už prohlásil, že je připraven spolupracovat s jakoukoliv stranou a předpokládám, že může vrátit se do Vídně do národní politiky, očividně na toto řešení čeká.
Do parlamentu se dostala i Strana zelených, která se však ztratila v popularitě a poklesla z třetího na páté místo mezi rakouskými politickými stranami.
Žádná z ostatních stran nepřekročila hranici čtyř procent a nedostala se do parlamentu.
Schwazenberg: Indie může zchladnout
Pokud se nepodaří vyřešit problém s českými vědci, kteří byli obviněni z nelegálního sběru brouků, může dojít, podle Karla Schwarzenberga, ministra zahraničí ČR, k ochlazení v československých vztazích s Indie.
Ministerka to oznámila po setkání s jeho indickým partnerem, Pranabem Mukherjem, v New Yorku.
"Když by se to nevyřešilo, pak by jisté ochlazení nastalo", konstatoval po schůzce, která se konala na podnět ČR.
Po skončení soudního procesu řekl Mukherdži, že do soudních záležitostí se může jen velmi málo vměšovat výkonná moc.
Nicméně, uvedl, že v případě Petr Švácha, který je zproštěn obvinění a je potrestán, může centrální vláda jednat s místním vedením v Darjeelingu, jehož jurisdikci se tato věc týká.
"Její problém by se mohl vyřešit", řekl ministr.
Pro Emila Kučeru, který byl odsouzen na tři roky, by podle Mukherdžiho bylo nejlepší, kdyby se odvolal k nejvyššímu soudu.
V tom případě by mohl za záruku požádat o propuštění a na základě rozsudku by byl volný, vysvětlil.
Schwarzenberg potvrdil, že jeho partner se podobně vyjádřil i během procesu.
"Poručil odvolání k Nejvyššímu soudu, pak by bylo možné ho zbavit", řekl šéf české diplomacie.
Jediný způsob, jak se do toho může česká strana zapojit, je poskytnout odsouzenému "kompetentní právní pomoc", uvedl indický ministr.
Zároveň nám řekl, že indická strana jim již poskytuje takovou pomoc.
"Naším největším zájmem je zachovat nejlepší vztahy s Indií, které jsou tradicí mnoha let.
To jsou indiáni", řekl Schwarzenberg.
Současně, jak řekl ČTK, zdůraznil své partnerovi, že Česká republika přisuhuje velký význam problému českých entomologů.
"Považujeme věznění a obvinění těchto českých vědců za vážnou chybu", prohlásil.
Na otázku, zda indická strana slíbila, že se o případ postará, ministr se vyhnul.
"Už dostávám poměrně mnoho slibů", poznamenal.
Český soudce v boji o mořské dno
Přijďte k elektronické mapě na zdi, která ukazuje Austrálii a její sousední mořské oblasti.
Nejde o kus země, ale o bodek, který se ztratí v moři.
"Ostrov patří Austrálii a s ním i sousedící mořské dno.
Je to území, které je velké jako kontinent", říká italský právník Luigi Santosuosso, který je členem 30členné pracovní skupiny pro otázky oceánů a moří v divizi OSN pro práva moří.
Jeho šéf, Václav Mikulka, český právník, ředitel divize, sleduje vysvětlení, které občas doplňuje.
Je to tu o práci a nadšení.
Mořské dno je plné přírodních zdrojů, které skrývají svět, o kterém jsme dosud sotva věděli.
Jsou zde ropy, rudy a další minerály, ale také dosud neznámé živé organismy, které mohou být klíčem k vývoji léků proti rakovině.
Podmořské dno větší než pevnina
Pobřežní státy nyní intenzivně soutěží o nové podmořské území.
Protože podle úmluvy OSN, která byla podepsána v roce 1982 v Montego Bay na Jamajce, se snaží uplatnit jejich práva.
Jedná se především o území, které se nazývá kontinentální pevnina a které se často rozkládá až na několik set kilometrů od pobřeží dané země.
Taková země má podle této úmluvy výhradní právo na všechny zdroje kontinentálního podloží.
"Zjednodušeně řečeno, kontinentální dno je část mořského dna a jeho spodní vrstvy, které jsou přirozeným pokračováním podmořského kontinentu.
Na pobřežních mořských hranicích často překračují 200 námořních mil tzv. výhradně hospodářské zóny", vysvětluje Mikulka.
Žádost, kterou daná země předkládá Výboru pro stanovení vnějších hranic kontinentálního plachty, musí být doplněna o rozsáhlou vědeckou a technickou dokumentaci, která je založena na řadě nákladných výzkumných a měřících prací.
Je to výsledek mnoha let přípravy.
"Jednou z našich úkolů je poskytnout právní a odbornou technicitu pro výbor.
Komise dosud projednala pět žádostí, a to žádosti z Ruska, Brazílie, Austrálie, Irska a Nového Zélandu.
Zatím se to podařilo pouze těmto třem zemím", dodává Mikulka.
Svět se ozval nedávno úspěchem Austrálie, která jako první významně rozšířila svou podmořskou zemi.
A vyhrál i Nový Zéland - jehož námořní dno, jak komise odhadla, má rozlohu asi 1,6 milionu čtverečných kilometrů, což je šestkrát větší než jeho vlastní země.
Obě země do výzkumu investovaly miliony dolarů.
V budoucnu by se očekávaly zisky z využití mořského dna, které by byly neocenitelné.
Další země se stále hlásí.
To může být provedeno do 10 let od ratifikace "Montego Bay Convention".
Kde končí kontinentální dno, začíná oblast mořského dna, která byla prohlášena úmluvou za "společné dědictví lidstva".
Žádná země není v exkluzivním postavení.
Právo na těžbu v této oblasti poskytuje mezinárodní instituce zřízená touto úmluvou.
"Mořské dno ovšem není Klondike", přehání ředitel Mikulka, "jehož území je jednoznačně vymezeno právními předpisy a jejichž režim je zakotven v smlouvě".
Česká republika v Tichém oceánu
Část mořského dna dnes patří České republice.
Sdílí se s dalšími zeměmi bývalého východního bloku v rámci společného subjektu "Interoceanmetal".
Tato organizace získala v roce 1991 na základě této dohody, stejně jako investoři z několika dalších zemí, status tzv. "předvojového investora".
Povolená k produkci v oblasti ClarionClipperton v Pacifiku mezi Mexikem, Havaji a Kiribati.
Oblast, kterou prozkoumal investor, je o něco větší než bývalá Česko-Slovenska.
Mořské dno je tamhle, je to jakási podmořská replika Tatry.
"V souhrnu lze využít plochy o rozloze 75 000 km2.
Je to bohaté naleziště polymetalických nerostů obsahujících nikl, bor, kobalt a mangan", uvádí další právník, hinduista Pakshi Rajan.
Další konkrétní příklad uvádí makedonský spolupracovník divize Robert Sandev.
Připomíná mi brambory nebo, když se mi to podaří, pergamen s kouzlem, který přivádí Golem k životu.
Německé speciální jednotky byly přítomny při osvobození rukojmí
Egyptská vláda požádala Německo o pomoc při řešení krize rukojmí - a odborníci přišli.
Když se situace zhoršila, byly připraveny speciální jednotky, ale nebyly nasazeny.
V Egyptě se objevuje mnoho podrobností o osvobození 11 unesených evropských turistů.
Podle údajů Ministerstva obrany a Ministerstva vnitra byla do záchranné akce zapojena i německá speciální síla.
Podle něj byli na místě osvobození kromě odborníků z německé armády také zaměstnanci GSG 9, letectva německé policie a německého kriminálního úřadu, a logističtí odborníci z německé technické služby.
Mluvčí ministerstva pro zahraniční věci uvedl, že německá armáda nebyla potřeba, protože rukojmí propustili své zajatce, kteří pak uprchli, když rozpoznali známky násilného záchrany.
Egyptská vláda přijala pomoc, kterou jí Německo nabídlo, aby se na ní podílela jako na akci na místě.
"Naštěstí se to nestalo", prohlásil mluvčí Ministerstva vnitra.
Napadení v jižní části Egypta 19. září se konalo v době, kdy skupina turistů, která zahrnovala pět Němců, pět Italů, jednu rumunskou ženu a osm egyptských doprovodů, byla unesena.
Po únosu v poušti na jihu Egypta byli rukojmí přetahováni na hranicích Egypta, Libye, Súdánu a Chádu.
Přítomnost rukojmí zůstává nejasná, stejně jako podrobnosti o jejich osvobození nebo případné výkupné.
Zbavení uprchlíci dorazili do Káhiry.
Steinmeier řekl, že osvobození rukojmí jsou pod ochranou německé ambasády.
O podrobnostech jeho propuštění se neprohlásil.
V Berlíně zatím nebyly žádné informace o tom, kdy se vrátí do Německa.
Podle deníku Bild přijíždí v úterý do Německa pět turistů a speciální jednotky na letadle německé letecké armády.
Sněmovna reprezentantů odmítá záchranný balíček.
Sněmovna reprezentantů v Kongresu USA ve velkém hlasování odmítla 700 miliard dolarů na záchranu finančních trhů.
Dow Jones klesl.
Sněmovna reprezentantů USA hlasovala 227 ne proti 206 pro, aby vláda odmítla záchrannou balíček pro finanční trhy.
Navzdory výzvu amerického prezidenta George W. Busha a politiků z obou stran, program, který měl zabránit chaosu na finančních trzích, nezískal většinu hlasů.
Podporovatelé se zoufale snažili přesvědčit kritiky o potřebnosti 700 miliard dolarů v dramatické akci.
Frank, jeden z vyjednávačů v Demokratické straně vyzval zástupce k podpoře, i když tento plán není oblíbený.
"Je těžké získat politickou podporu, aby se zabránilo něčemu, co se ještě nestalo", přiznal.
Dow Jones během hlasování klesl o více než 6% a o 600 bodů.
Investoři se obávali, že záchranná opatření selhání.
Index se zvedl krátce před koncem hlasování, aby se poté, když se veřejnost dozvěděla o jeho selhání, zase propadl.
Odborníci očekávají další vážné turbulence na mezinárodních finančních trzích.
Pro vstup do platnosti programu je zapotřebí souhlasy jak Sněmovny reprezentantů, tak Senátu.
Režisáři si obdrží stále více rezervací.
Německé cestovní kanceláře mají naději na dobrou zimu.
Podle jedné studie se počet rezervací na následující měsíce výrazně zvýšil oproti předchozímu roku - o více než 30 procent na zimní sezonu.
Navzdory slabým ekonomickým vyhlídkám se podle studie nemění německá ochota cestovat.
V Berlíně oznámil Německý cestovní svaz (DRV) zvýšení počtu rezervací na 31% v porovnání s předchozím rokem.
Podle průzkumu GfK, který se týká výzkumu trhu, je již v tomto období vyšší počet rezervací pro podzimní měsíce.
Objem cestovních kanceláří v říjnu vzrostl o 11% oproti říjnu 2007, uvádí DRV.
Tyto výsledky jsou založeny na údajích GfK, které vyhodnocuje měsíční rezervační údaje 1 200 německých cestovních kanceláří a extrapoluje je na celkový trh.
Ústav zohledňoval rezerváce cestujících do konce srpna 2008.
"V důsledku slabého kurzu dolaru byly obzvláště prodány cesty do USA", uvedla DRV.
Tady se rezervace zvýšily o třetinu.
Němci mají obzvláště rádi Španělsko, Turecko a Řecko, jakož i své rodné krajiny.
"Většinou se lidé těší z organizovaných cest", řekl Klaus Laepple, předseda DRV.
Vzhledem k rostoucím nákladům na energii a jídlo jsou náklady na organizované cesty "pro cestující více odhadnutelné než náklady na individuální organizované cesty".
Cestující mohou ušetřit prostřednictvím předem rezervovaných slev nebo nabídek s cenou "all inclusive", dodal Laepple.
V letních měsících byla také velmi dobrá míra rezervace, takže se opět očekává nárůst počtu cestujících oproti loňskému roku - i když podle jiné studie se na cestu vypravilo méně německých turistů než v předchozím roce.
Můj první Oktoberfest
Neustále se opakující ballermanové hity, litrové pivy a celebrity v dizajnech.
Debut s Wiesem.
Suzanne Kronzuckerová a já vlastně nemáme moc společného.
Je blond, moderátorka a nosí na šatě šaty.
Mám tmavé vlasy, jsem studentka a šaty jsem si koupila v obchodě.
Ale máme společné pouty: jsme na Wiesnu jen tři minuty, a už nás fotografové přepravují a vyplňují si paměťové karty - je to velmi pochvalující a to vše při mé první návštěvě Wiesnu.
Takhle si můžeme udělat přátele.
Zdá se, že levný trndl splňuje své poslání.
Jako turistka na sever od rovníku, ve Wiesně, kde se vyrábí bílé párky, má můj komfortní prostor omezeno běžným oblečením.
Ale když se dostanu na Theresienwiese, už to není tak hrozné.
Téměř všichni mají na sobě dřepy nebo kožené kalhoty; nikdo se na ně nedívá s nevlídným nebo nepříjemným pohledem - všechno je naprosto v pořádku.
Divný pohled na stánku s banánem je jen na mé dirndlské žaluzie.
Nějaká žena z Mnichova mi řekla, že jsem si špatně zavázala županu. "Zapnutá doleva, svobodná uprostřed, panenka napravo, vdova vzadu".
Tajně jsem mu přivázal tyče zezadu doleva.
"Tak dobře", říká a směje se.
Jiní se snaží méně povyšovat nad jemnými technikami flirtování, nosí na sobě obyčejné šperky s nápisem "Jsem příliš opilý na to, abych se oblékl" a nechávají se nahlédnout do nahé zadky.
Mladý muž, který má exhibicionistické rysy, se jmenuje Bob a je to jeho první návštěva Oktoberfestu.
Což je pro něj velmi fantastické, dlouhé "aaaaa".
A pak mi poví, jak se zbavila obsahu svého předchozího pití.
Přímo u jedné z těch požárů, které všichni považují za odpad.
Takže Bob je jeden z těch nechvalně známých "čůratých v hříšti".
Jiní lidé nemají štěstí, že se zbaví alkoholu tímto způsobem.
Kolem osmé hodiny večer se záchranáři v armádě rozmístí na místě a postarají se o chudé páry.
Ošetřovatelé se objevují ve skupinách - čtyři lidé najednou přenášejí z jednoho stanu na druhý zastřešený nožec.
To funguje jako u většiny Wiesnových návštěvníků: příjezd prázdný, odjezd hromadný.
Kdo leží v pytli alkoholu pod kotníkem, to se neví.
"To jsou ti, kteří jsou úplně připraveni", - křičí mi na otázku jeden ze zdravotníků, a pak v závěsu.
Policie oznámila jméno oběti nehody.
Policie oznámila jméno 63leté ženy, která byla sražena autem v hrabství Essex a zemřela v nemocnici.
Následujícího dne se v pátek odpoledne na Shenfield Road stala nehoda s Carole Paulsonovou, obyvatelkou Brentwoodu, bydlící na Chelmsford Road.
Byl převezen do nemocnice Queen's v Romfordu, ale později zemřel.
Po nehodě byl 51-letý muž zatčen kvůli podezření z neohledného řízení.
Od té doby je na kauzi.
Rozšiřující se diplomatická horizonta Turecka
Dlouho před tím, než se Turecko rozhodlo vstoupit do Evropské unie, se evropské mocnosti snažily proniknout hluboko do tureckého zázemí.
Na východní straně Bosporu, možná jen 20 kroků od hranic Evropy, stojí jedna z největších relikvií ztracené imperiální snahy.
Hydarpaschovo železniční nádraží bylo navrženo dvěma německými architekty Otto Ritterem a Helmutem Conuem v neorenesančním stylu.
Aspoň to píše v dopisech.
Budova obklopuje konec náhonů, s věží na každém předním rohu, a vypadá jako německý venkovský městský dům.
Ten kámen je špinavý.
Celý dům je trochu rozhořčený.
Ale když se podíváte dovnitř, do obloukové vstupenky, je zřejmé, jak velké bylo to podnikání, které se uskutečnilo na západní straně.
Stanice byla otevřena v srpnu 1908 německým konsorciem Anatolia-Baghdad Corporation.
Německo, "pozdní budoucnost" v dobývání, chtělo využít této železnice, která vede z Damašku přes Bagdád do dnešní Saúdské Arábie, k naplnění svých ambicí o dobytí Blízkého východu.
Německé snahy o dobytí se zhroutily během první světové války.
Jeho železnice byla napadena Lawrenceem z Arábie a jeho arabskými partyzány.
Relativní izolace okolních regionů, způsobená mraženými hranicemi studené války, je pryč.
Britská koloniální armáda opustila Egypt a vyhnala Turky a jejich německé spojence z Palestiny a Sýrie.
Stanice Hyderpasha se nevyvíjela lépe.
V roce 1917 vybuchl náklaďák a zničil krásně vybudovanou střechu budovy.
Turecké zdroje tvrdí, že došlo k sabotáži.
Od té doby se pomalu rozpadá a je daleko za historií.
Dnes však jako železniční brána do Anatolie a celého východního regionu, slouží Turecku - alespoň v symbolickém smyslu - jako rozšiřující se diplomatická horizont.
Vládnoucí strana spravedlnosti a rozvoje (AKP) vytvořila novou zahraniční politiku.
Relativní izolace okolních regionů, způsobená mraženými hranicemi studené války, je pryč.
Nová politika je o závazcích.
Je pozoruhodné, že turecká vláda má dobré vztahy s Izraelem a Sýrií, s palestinskými skupinami Hamas a Fatah, s Irákem, s Íránem a samozřejmě s Evropskou unií a Spojenými státy.
Chtěl jsem si ověřit parametry nové zahraniční politiky, tak jsem se nastěhoval na noční vlak do turecké metropoly, do Ankary, abych navštívil jednoho z nejvýznamnějších zahraniční expertů AKP, poslance tureckého parlamentu Suatikli Kınogluta.
Další den ráno, po zhruba 10 a půl hodinách tréninku, který v té době zněl jako dokumentární film o starém světě, The Night Mail, jsem dorazil do turecké metropoly, kde bylo vyhlášeno nové město, symbolizující novou světskou říši, která odvrací záda od osmanské minulosti.
Nicméně AKP, která je známá jako skupina s islámskými kořeny, představuje paradigmatickou změnu ve tureckém konsenzu.
To vzbudilo určité podezření na Západě, zejména ve Washingtonu.
Zajel jsem taxíkem do ústředí AKP, do ultramoderní budovy z kamene a oceli, která byla speciálně vybudována pro tento účel, a která se nachází v rozvíjející se předměstí, mezi polotovary a kavárnami, kde se setkávají střední manažery v oblecích - muži i ženy - a obchodují brzy ráno.
Suat Kiniklioglu by patřil politice střední pravice v jakékoliv jiné evropské zemi.
Měl oblek, kravu a určitě měl i Blackberry.
"Cílem strany je pomoci Turecku znovu se zapojit do jeho přímého okolí.
Studená válka narušila pořádek", řekl.
Turecko se izolovalo od své země.
Dneska se musela otočit na východ a západ.
Nemohl si vybrat mezi nimi.
Musel to otevřít oběma směry.
"Ale je možné, že se bude muset rozhodnout?" zeptal jsem se.
"Turecko nikdy nechtělo mít na výběr".
Pak zdůraznil, co téměř všichni, s nimiž jsem zde mluvil, téměř automaticky opakovali: Turecké vztahy nejen s Blízkým východem, ale i s Kavkazem a zeměmi kolem Černého moře jsou stejně prospěšné Evropě a USA jako pro Turecko.
Jako by chtěli poslat zprávu, že - v přenesené smyslu - se může celá Evropa, včetně Turecka, dostat po těchhle železničních trasách na východ do Asie a Středního východu.
Když jsem se vrátil na stanici Hydarpaša, po další noci, většinou bez spánku, jsem přemýšlel o Herr Ritterovi a Herr Conurovi, o těch dvou německých páních, kteří před sto lety sledovali, jak se tato nádherná budova opět staví.
Jak by vás překvapilo, kdyby se vám stalo, že evropské ambice na Blízkém východě jsou nyní převážně v rukou Turecka?
A když jsem čekal v přístavu na trajekt, který mě přivedl zpět přes Bosporus, vzpomněl jsem si, že v té době se Turecku říkalo "nemocný muž Evropy".
Aspoň tehdy nebylo pochyb o tom, který kontinent by měl nárok na tuto vzrušující zemi.
Nezapomenutelné životní cesty Vernona Handleyho a Williama Woodruffa
Mark Brown píše: "Od roku 1962 jako hudební ředitel Guildfordu vedl Vernon "Tod" Handley (nec. 11. září) Filharmonický orchestr a sbor.
Na základě svých hudebních plánů pro tuto část města založil následující rok svůj úžasný mládežnický sbor Proteus.
Originálně jsme měli být členové jen do 21 let, ale když Proteus zpíval finále v roce 1979 - mnozí z nás byli v našich dvaceti letech - prostě jsme od kapely nechtěli odejít.
Název "Proteus" (mýtovní jméno pro proměňovače) byl v souladu s odhodláním a schopností sboru zvládnout jakýkoliv tón, který mu byl předložen - ať už to byl madrigál nebo dílo Messiaen; bez doprovodu, nebo s velkým orchestrem.
Hudební rozmanitost tak mladého sboru byla často ohromující a vždy vzrušující, a to díky člověku, jehož inspirací se naše nadšení pro hudbu nezměnilo ani za několik let.
Jak často nám Tod říkal, že "musíme nechat hudbu mluvit sama".
Vždycky říkal: "Kompositér ví, co chce.
Všechno je to v notě.
Tak zpívejte!"
Jeho karmesterijní technika byla vždy naprosto srozumitelná a přesná, ale nikdy diktátorská nebo přehnaná.
Ať už byla hudba jakákoliv, vždy ji překonával.
John Frayn Turner o něm napsal:
Jestli byl kdy nějaký vedoucí, který by měl být povýšen, byl to Vernon Handley.
Znám ho dobře z těch dvou desetiletí, kdy od roku 1962 do roku 1982 vedl Guildfordskou filharmonii.
Za posledních čtyřicet let jsem napsal recenze více než 100 jeho koncertů, ale nikdy žádný z nich mě nezklamal, a často jsem se jimi nadchnul.
Tod Handley byl muž, který měl velice vzácnou skromnost.
Nenáviděl velitele, kteří, jak sám řekl, "s několika známými bojovníky galopovali po celém světě".
Bude nám chybět.
William Woodruff
Profesor John Beckett píše:
Podle necrologického záznamu vašeho Williama Woodruffa z 25. září 1946 jste studoval ekonomickou historii na Oxfordu a v roce 1950 získal stipendium na Houblon-Norman Research Institute... a zároveň jste se neustále připravoval na titul BA, MA a PhD.
To je z Woodruffových poznámek k dílu "Beyond Nab End", ale je to chybné.
V letech 1946 až 1953 učil ekonomickou historii na univerzitě v Nottinghamu a během toho dokončil svou doktorskou práci o britském gumovém průmyslu pod vedením profesora J. D. Chamberse, která byla pak v roce 1958 publikována pod názvem "Britský gumový průmysl".
V letech 1950-51 byl v USA na Houblon-Normanově stipendiu a v létě 1952 na univerzitách v Illinois, New Yorku a na Harvardu.
V roce 1953 opustil Nottingham a přestěhoval se do Illinois.
Není známo, proč by Woodruff tento okamžik své kariéry zkrášlil.
J. Vicente Resino, vědecký korpus
"Doporučuji výstavu J. Vicente Resino "Flamenco a život" protože jeho černé a bílé fotografie dokumentárního stylu jsou úžasné.
Věnovala mi pozornost jejich jednoduchost a síla a také úcta k lidem, kteří byli na nich.
Toto představení je plné emocí.
Resino umí zachytit kouzelné okamžiky".
A to je druhý rekord prodeje v Hondě.
V listopadu začne Honda prodávat druhou generaci Jazzu.
Přestože jeho předchůdce měl dostatečně velký prostor, interiér nového modelu je ještě větší.
To vše se spájí s vysoce sofistikovanou mechanikou, která zvyšuje pohodlí a úspory paliva.
Evoluce versus revoluce.
Takhle vypadá druhá generace Hondy Jazz.
Ačkoli nový Jazz vypadá velmi podobně jako jeho předchůdce, vnitřní změny byly provedeny.
Patří mezi ně inovativní design, nová karoserie, větší rozměry a nová mechanika.
Ale než se pustíme do detailů nového modelu, musíme vám říct, že nový Jazz byl představen šest let po uvedení první generace na trh.
Takže, nejdříve můžeme říct, že Honda dokázala tento model obnovit v kratším čase než ostatní výrobci.
Jazz je méně známý v Evropě, ale na jiných trzích má rekordní prodej.
V Japonsku, kde byl v roce 2002 a v roce 2008 nejprodávanějším autem, byl Jazz.
Například v Japonsku se od uvedení na trh prodalo téměř milion kusů "Jazz".
Druhým trhem byl Starý kontinent, kde se za šest let prodalo téměř půl milionu kopií.
Nicméně Honda chce s novým Jazzem pokračovat v růstu provozu v této oblasti.
Zatímco v roce 2007 japonská společnost prodávala celkem 83.000 Jazzů, v roce 2009 se očekává prodej 100.000 vozů, což by znamenalo nárůst o 17% na evropském trhu.
Na španělském trhu od roku 2002 prodalo Honda 8000 kusů Jazzu, což představuje 6,7% celkového objemu prodeje Hondy ve Španělsku.
U nové generace se vedení španělské dceřiné společnosti domnívá, že během roku se prodá 2000 kusů.
A právě příchod nového Jazze bude mít velkou vliv na pokles Honda ve Španělsku.
Společnost předpokládá prodat 22 000 kusů do konce roku, což je o 4 000 méně než v roce 2007, což je o 16% méně.
Navzdory prodejním podmínkám Honda zvýšila svůj podíl na trhu ve Španělsku na 1,8% oproti 1,6% v loňském roce.
Do roku 2010 bych chtěl zvýšit tento podíl na 2%.
Honda doufá, že to může dosáhnout zavedením nového modelu.
Byl by to Insight, pětinový a kompaktní hybrid o délce 4370 mm, který by japonská firma ročně prodávala 200 000 kusů na celém světě.
Podle japonského výrobce by 50% tržního podílu Insight tvořila USA a zbytek by se dělil mezi Starý kontinent a Japonsko.
Obchodní uvedení Insight je plánováno na začátek roku, po jeho oficiální prezentaci ve Valencii, která se má konat v lednu.
Ve srovnání s první generací, je nová generace Jazzová ve všech ohledech širší.
Délka dosahuje 3900 mm (o pět centimetrů delší), šířka 1690 mm (o dva centimetry širší) a délka nápravy se zvýšila o pět centimetrů, tedy o 2500 mm.
Jeho výška se však nemění na 1520 mm.
Kromě toho, že je větší, je i větší prostor pro cestující.
Větší vnitřní prostor zaručuje na jedné straně nová karoserie a na druhé straně centrálně umístěná nádrž na palivo - toto řešení známe již z předchozího Jazz.
Celkový objem zavazadlových vozíků, tzv. dvojitého podkladu, se zvýšil na 399 litrů, což je o 19 litrů více než kapacita první generace.
Je však třeba připomenout, že uvedené rozměry se týkají modelu s motorem v řadě 1,4, neboť zavazadlový prostor Honda Jazz v řadě 1,2 má objem 379 litrů.
Některé vnější modifikace jsou také zřejmé, jako jsou zadní světlomety nebo volitelné panoramatické sklo a snadnější přístup k zadním sedadlům.
Navíc se zvýšily úhely otvírání zadních dveří o 80 stupňů oproti úhlu otvírání frontních Jazz 67 stupňů.
Jazzové motory druhé generace jsou nové.
Na začátku prodeje byl tento malý model vybaven dvěma motory o objemu 1,2 a 1,4 litru.
Díky technologii i-VTEC je motor s nižší spotřebou obou zdrojů než předchozí model a s nižšími emisemi CO2 a vynikající mechanickou konzistentností, a zároveň poskytuje vynikající výkon v každém ohledu.
1,2litrový motor nabízí 90 koní při 6000 otáček a maximální výkon 114 Nm při 4900 otáčkách.
Tento motor, který měl 78 koní v předchozím modelu Jazz, spotřeboval 5,3 litru a vypouští 125 gramů CO2.
Druhý motor, který v předchozí generaci produkuje 83 koní, nyní dosahuje 100 koní.
Jazz 1,4-litrový spotřebovává průměrně 5,4 litru a vypouští 128 gramů CO2.
Změňovací "medvěda"
Pro vývoj technologií, které by zabránily nehodám, se Nissan inspiroval přírodou, konkrétně v oblasti včel, pro svůj nový vynález.
Japonská firma navrhla robota, který by se vyhnul nehodám, napodobně podle toho, jak medvědi létají.
Možná by bio-mimetický robot řízený autem, nebo přístroj BR23C, mohl být prvním krokem k vývoji technologie, která by zabránila nehodám.
Inženýři z Nissan Motor Co. Advanced Engineering Center ve spolupráci s Advanced Scientific and Technological Research Center of the University of Tokyo v Japonsku vyrobili malého robota.
Podle Kazuhiro Doia, ředitele značky pro technologické PR a výzkum a vývoj, představuje BR23C další rozšíření čtyřstupňové ochranné skřiny Nissanu.
Robot zlepší schopnost firmy vyhnout se nárazu.
Během letu každá buňka vytváří svůj vlastní oválný osobní prostor, který je velmi podobný bezpečnostnímu štípu Nissanu.
Ale mnohem důležitější je složitý zrak, který umožňuje včelíně vidět do všech směrů v úhlu více než 300 stupňů, a proto může létat v rámci svého osobního prostoru.
Inženýři navrhli takzvaný laserový měřící přístroj, který napodobuje funkce složitého oka.
Zařízení identifikuje překážky v doze 2 metrů při 180° výhledovém pásmu před BR23C, vypočítá jejich vzdálenost a vysílá signál palubnímu mikroprocesoru, který se okamžitě přeloží na řízení, aby nedošlo k nezdržení.
"Jakmile se objeví překážka, malý robot napodobuje pohyb mozku a okamžitě změní směr tím, že přemění kola v menším nebo větším úhlu, aby se vyhnul nárazu.
Největší rozdíl mezi systémem a současnými přístroji je, že tento systém provádí vyhýbání se automaticky.
Pokud by tomu tak nebylo, robot by nebyl schopen reagovat dostatečně rychle, aby se vyhnul překážkám", vysvětluje Toshiyuki Andoh, ředitel Mobility Laboratory a hlavní inženýr projektu.
Na rozdíl od včel, obcházející manévr nemůže být orientován nahoru nebo dolů, ani v průřezu, ale pouze ve dvou rozměrech a pouze v směru, v jakém se mohou otáčet kola, tedy ne v nekonečném směru a způsobu, jakým to u včel je.
Proto Nissan v robotech kromě zrychlení a zpomalování používá také funkci rotace, která zabraňuje nehodám.
"Tento přístroj musí zpracovávat a reagovat na data jen za pár sekund.
Nepotřebuje žádné ukládání dat, ani intuitivní logiku založenou na předchozích manéverech, takže může bez přerušení fungovat s pouhými desítkami KB paměti.
Možná to zní překvapivě, ale my nemluvíme o gigabytech, nebo dokonce megabytech.
Je to první krok k vývoji technologie pro okamžitou prevenci nárazu, která by podle odhadů Nissanu mohla být součástí sériových vozů do 10 let.
Robot je poháněn lithium-polymerovými bateriemi, které jsou lehčí a odolnější než lithium-iontové.
Další možností použití může být integrace jednotky s GPS navigačním systémem, který by umožnil dosáhnout cíle, a to bez překážek na cestě.
Strach z hypotéky
Musíme si uvědomit, že americká pokladnická služba má nejenom obrovské množství investičního hotovosti, ale také dostatek zdravého rozumu.
Vzhledem k tomu, že se krize blíží, a aby se Američané nezapojují do bludů pochybných hypoték, vytvořili zábavnou a informativní online hru "Bad Credit Hotel".
Tohle je "Rossz Kredity Hotel" ... tedy pro Galiky.
Obraz, který zobrazuje příjem a hlavně příjemce, nás nutí, abychom si dvakrát, nebo dokonce třikrát, zamysleli, zda je opravdu čas na půjčku.
A hlavně, kde si půjčku můžete vzít, protože to je asi to, o co jde.
Informace na těchto stránkách jsou sice užitečná, ale málo podrobná.
Spíš pro puberťáky než pro veřejnost.
Ale co kdybychom to doplnili?
Například, v hotelu by se objevil pokoj našich snů.
Vlastně je to něco, protože my ani nesníme o tom, že bychom si koupili byt.
Morgan Stanley otevírá své akcie MUFG
Morgan Stanley oznámil, že poskytne svůj podíl ve společnosti Mitsubishi UFJ Financial Group (MUFG), největší japonská banka, která zaplatí 9 miliard dolarů za 21% podílu ve společnosti, poté co se akcie Morgan Stanley na burze výrazně zhroutily.
Týden po zveřejnění předběžné dohody obě banky oznámily, že MUFG koupí 9,9% akcií Morgan Stanley za cenu 25,25 dolarů za jednotku, což je 3 miliardy dolarů.
Záruka na účetní hodnotu cenných papírů k 31. srpnu je o více než 19% nižší než přijatá cena.
MUFG investuje dalších 6 miliard USD do převoditelných cenných papírů, které mu poskytují 10% úrok a jejich převodní sazbu činí 31,25 USD.
Morgan Stanley uvádí, že při provedení globální transakce se bude počítat s průměrnou kurzem 29 dolarů, což je o 28% vyšší než aktuální kurzy.
Nicméně, akcie Morgan Stanley se zhruba v 17:00 hodin Greenwichského času propadly o 6,79% a zavíraly na 23,07 dolaru.
"Tato strategická aliance představuje pro Morgan Stanley velkou příležitost urychlit transformaci do bankovní holdingové společnosti", vysvětluje John Mack, generální ředitel americké skupiny.
Morgan Stanley minulý týden schválil nový status, který mu umožní diverzifikovat své aktivity, a zároveň se dostane pod kontrolu Federálního rezervního systému.
Dohoda s MUFG opět potvrzuje, že současná finanční krize vyžaduje větší opatrnost od velkých firem na Wall Street.
Z podmínek, které byly v pondělí oznámeny, je vidět, že dohoda byla v posledních dnech změněna. Minulý pondělí Morgan oznámil, že prodá 20% akcií za zhruba 8,5 miliardy dolarů japonské společnosti.
"Před týdnem jsme si mysleli, že akcie budou zcela v akciích", vysvětlil Toshihide Mizuno, výkonný ředitel MUFG v Tokiu.
"V současné situaci na trhu a v ekonomické situaci jsme chtěli minimalizovat a chránit před možnými riziky".
V případě váženého průměrného ceny MUFG zaplatí za akcie Morgan Stanley o 7% více než jejich účetní hodnota.
V důsledku této transakce by výnos na akcii poklesl o přibližně 20%.
Podle dohody může MUFG po roce převádět polovinu svých preferenčních akcií na základní akcie, pokud jejich obchodní tok během určitého období překročí výměnný kurz o více než 50%, tj. o přibližně 47 USD.
Morgan Stanley tak zajišťuje, že prostředky z MUFG mu umožní využít investičních možností, zlepšit svůj bilanční stav a zvýšit své likvidní zdroje.
Mluvčí skupiny se však nechtěl podrobněji informovat o strategických plánech těchto dvou nových spojenců.
Morgan Stanley by měl po vstupu MUFG zvýšit svou solventnostní sazbu Tier I o přibližně 15%, což by jej učinilo jedním z nejlepších ve svém odvětví.
Morgan prohlásil, že jeho bilance se od konce srpna "rozhodně" zlepšila.
Poslední týdny byly pro skupinu velmi náročné, protože její akcie se zpolovaly a náklady na pojištění proti neúspěšným platebám se zvýšily.
Tyto náklady se v pondělí snížily, ale zůstaly vysoké, okolo 12%.
Z velkých investičních bank, které přežily po bankrotu Bear Stearns a Lehman Brothers a po akvizici Merrill Lynch, je Goldman Sachs, který minulý týden oznámil, že získal 15 miliard dolarů, z nichž část pochází od Berkshire Hathaway, Warren Buffettovy skupiny.
Prohlášení Rafaela Corréa z Quita, pondělí
Založit republiku v duchu socialismu 21. století.
Je to společný projekt Huga Chaveza z Venezuely, Evo Moralesa z Bolívie a Rafaela Correa z Ekvádoru.
V neděli Correa, následováním příkladů svých kolegů a přátel, přednesl své představy o nové ústavě.
Jeho poslání bylo úspěšné, protože 64% voličů hlasovalo pro referendum, podle oficiálních výsledků, které se týkaly 80% hlasů.
Podle toho, že 28% obyvatel hlasovalo proti, 7% hlasů bylo neplatných a 0,7% hlasů bylo neplatných.
K přijetí návrhu ústavy bylo zapotřebí 50% + 1 hlas.
V neděli dva průzkumy na prahu volebních místností a počítání, provedené civilní organizací, prokázaly obrovskou převahu hlasů pro "ano" o 63% a 70% hlasů.
Rafael Correa už v noci z neděle na pondělí hovořil o vítězství svého návrhu ústavy.
"Konstituce dosáhla ohromujícího vítězství", prohlásil a vzdal díky Ekvádorcům ze svého sídla v Guayaquilu, 280 kilometrů jihozápadně od Quita.
Jak je známo, Rafael Correa, byl gratulován Chávezem, Moralesem a chilskou prezidentkou Michelle Bachelet.
Podle zprávy pozorovatelské mise Organizace amerických států (OAS) se hlasování konalo v klidném prostředí, přičemž hlavním tématem bylo 444 bodů, které shrnují principy "nového socialismu", který prezident obhajuje.
Navrhovaná ústava by měla státní moc sloužit hospodářství, ale ponechávala by se státnímu právu "plánovat rozvoj" pro zemi, která žije hlavně z ropy, kterou produkují zahraniční společnosti, a z deviz, kterou posílají emigranti.
Correa, který byl zvolen v roce 2006, také potvrdil moc hlavy státu, který může získat mandát na nejvýše dvě po sobě jdoucí období a má právo rozpuštění parlamentu.
Correa již oznámil, že chce využít této příležitosti a v únoru 2009 se znovu uchází o prezidentský mandát.
V ústavě je také uvedeno, že zdravotní péče a školství jsou zdarma, a prezident už je začal zavádět v zemi, která má 13,9 milionu obyvatel a polovina z nich žije pod minimální hranicí.
A konečně, Ústava zakazuje přítomnost zahraničních vojsk v zemi, což by mohlo ukončit dohodu mezi Quito a Washingtonem ohledně použití ekvádorského zařízení jako základny pro americké proti-narkotiky.
Čádské úřady osvobodily 19 rukojmí
Egyptské komandové se vypořádali s únosci, kteří za deset dní unesli 11 turistů a jejich osm doprovodných.
Rukojmí jsou nyní v Káhiře.
Jedenáct evropských turistů a osm egyptských doprovodů bylo zadrženo v poušti po dobu deseti dnů, odkud byli v pondělí odpoledne bezpečně odvezeni do egyptského hlavního města.
Rukojma dnes ráno osvobodila egyptská jednotka v Čadu.
Odhaduje se, že v dobrém stavu dorazili letadlem kolem půl čtvrté odpoledne na vojenskou základnu al-Maza, která je přímo napojená na mezinárodní letiště v Káhiře.
Zadržení byli odmítnuti sdělit to novinářům a byli okamžitě převezeni do nemocnice v Maadi, na předměstí Káhiry, kde byli vyšetřováni.
Zadržení jsou "zdraví a zdraví" a "nebylo zaplaceno výkupné" pro únosce, prohlásil na letišti egyptský ministr cestovního ruchu Zoheir Garanna.
Zadrželi je 19. září u úpatí hory Ouanat na hranici mezi Egyptem, Sudánem a Libyí, kde se účastnili safari na terénních trasách.
V této skupině bylo 11 turistů (pět italských mužů, pět německých mužů a jedna Rumunka) a osm Egypťanů: dva průvodci, čtyři řidiči, pohraniční stráž a ředitel cestovní kanceláře Aegyptous, která organizuje safari.
Podle egyptského bezpečnostního velitele, 30členná jednotka speciálních jednotek dorazila dvěma vrtulníky na místo, kde došlo k útoku na rukojmí.
"Mezi skupinami došlo k přestřelce, polovina únosců byla zabita, zbytek utekl", prohlásil vůdce, který si přál, aby jeho jméno nebylo zveřejněno.
Řekl mi, že celkem 150 mužů z egyptské Blitz Brigade bylo vysláno do Súdánu, kde byli doplněni německými a italskými komando.
Italský diplomatický představitel Franco Frattini, který je nyní v Belgradu, zdůraznil roli tajných agentů a italských jednotek.
"Musíme uznat, že tento výsledek by nebyl dosažen bez profesionálního a účinného zásahu našich agentů a akčních skupin", prohlásil bez dalších podrobností.
Dále popřel, že by bylo zaplaceno výkupné za rukojmí.
Dne předchozího dne sudánská armáda oznámila, že při prohlídce zadržela vozidlo, ve kterém se nacházeli únosci, šest z nich bylo zabito (včetně řidiče vozu) a dva byli zatčeni.
Podle armády měli rukojmí vazby na vzbouřené organizace SLA-U, kterou skupina okamžitě odmítla.
Lettres - "Tichá většina" kultury
V médiích a v průběhu volební kampaně se nyní debata o financování kultury soustředí.
To je dobře.
Ale jeden aspekt naší kultury je stále zapomenut.
Kdo se bude ozývat, aby ukázal, jakou směšnou sumu peněz vydělávají malé muzea, archiváře, archeologické výzkady a národní historické památky, které jsou na pokraji smrti?
Který politik si troufne připomenout, že se federální vláda nestará o své památky a budovy, které jsou součástí kulturního dědictví?
Nebo že v Quebecu, nebo v Kanadě, neexistují zákony, které by skutečně zajistily účinnou ochranu našeho kulturního dědictví?
Věděli jste, že francouzská vláda vynaložila 3,5 milionu eur na obnovu paláce Chinon v údolí Loiry?
A ústava našich amerických sousedů říká, že ochrana kulturního dědictví je součástí americké kultury a že toto dědictví musí být chráněno všemi občany, všemi zvolenými zástupci a všemi orgány vlády.
V rámci Federace historických společností v Quebecu (Fédération des sociétés d'histoire du Québec), která se zabývá dědictvím, kulturním dědictvím, kartografií a genealogickou historií, pracuje více než 40 000 dobrovolníků na výzkumu historie a na uchování velkého počtu soukromých archivů a archeologických nálezů s minimálním rozpočtem.
Často tyto organizace obhajují naše dědictví a protestují, až se jejich poslední síly vytratí, když developerové a politici zamíří své buldozery na naše staré budovy a zapomenuté hřbitovy.
Kdy se někdo postaví na obranu historického a kulturního dědictví?
Beneluxská vláda státní část banky Fortis
Státy Beneluxu pomohou částečnou znárodněním belgické-holandské banky Fortison, která se stala první evropskou bankou, která se ocitla v potížích kvůli vlivům krize na amerických úvěrových trzích. Tři země spolu poskytly finanční a pojišťovací instituci, která má také zájmy v Maďarsku, podporu ve výši 11,2 miliardy eur.
Belgická, luxemburská a nizozemská vláda se na konci týdne dohodly na nejvyšší úrovni, včetně předsedy Evropské centrální banky a vedoucího pro hospodářskou soutěž Evropské komise.
V eurozóně je první velká krize banky Fortis v rámci krize mezinárodních finančních trhů, která se objevila v vlnách více než před rokem, a rozhodnutí v této věci jsou proto v některých ohledech precedensní.
Podle rozhodnutí, které bylo přijato v neděli v noci, si všechny tři státy koupí téměř polovinu (49%) majetku banky, který tam existuje.
Banka jistě prodá část svých zájmů, zejména pak činnosti, které koupil v loňském roce od nizozemské ABN Amro, zejména pojišťovací činnosti.
Akcie Fortisu minulý týden začaly klesat, a v druhé polovině týdne se objevily v instituci vážné příznaky krize.
Analytici se však shodují, že s 85 000 zaměstnanci je banka příliš velká na to, aby ji propadli.
Akcie společnosti klesly jen o 12 procent, k nejnižšímu bodu za 14 let.
Od ledna se hodnota akcií snížila o více než dvě třetiny.
Na základě současných akciových cen má skupina celkovou tržní hodnotu kolem 14 miliard EUR, ale podle správců není to reálné.
A vedení společnosti obviňovalo zhroucení akcií Fortis z nejistoty v zahraničních trzích, které souvisely s přijetím balíku amerických plánů na 700 miliard dolarů.
V pondělí už papírové ceny mírně stouply.
V pátek byl ve společnosti Filip Dierckx jmenován nový generální ředitel.
Finanční instituce hledá i soukromé kupce, ale zatím nikdo nepřichází s žádnou nabídkou.
Belgická vláda již dříve uvedla, že investoři se nemusejí bát, protože neztrácejí své peníze.
Klienti banky se zatím nevyvíjeli v panice, a jejich zásobníky nebyly napadeny.
V Maďarsku má Fortis samostatné pobočky a zakoupila i leasingové společnosti.
Liška v kohoutím hříšti
V Americe, na základě údajů o účtech na léky, životní a zdravotní pojišťovny často odmítají uzavřít smlouvu s žádoucími.
Odborníci na ochranu osobních údajů se obávají, že trh s daty se stane nekontrolovatelným.
"Existuje program ochrany údajů, který zajišťuje, že informace o léčivach jsou všude k dispozici s souhlasem dotčené osoby.
Musí to být v nezávislé ruce, jinak to necháme na lišce", cituje deník Washington Post vývojem programu pro sledování lékových předpisů Richarda Dicka.
Pojišťovny určují pojistné poplatky a pojistné výši pojištění podle zdravotního stavu klienta a pokud se domnívají, že riziko je příliš velké, nezajišťují ho.
Dříve byli lidé posíláni na lékařskou prohlídku a smlouva byla uzavřena až po výsledku.
Dick před deseti lety vynalezl mnohem levnější metodu, kdy si z lékáren bez problémů získal identifikační číslo zákazníka, který si koupil lék za posledních 18 měsíců, a ten program sám od sebe odvodil, jaké onemocnění má a jaký je jeho zdravotní stav.
Například pravidelná konzumace vysokých dávek léků na snižování cholesterolu může naznačovat, že máte téměř nekurovatelně vysoké hladiny tuku v krvi, což vás přímo řadí do skupiny s vyšším rizikem.
Existuje několik variant programu, z nichž některé obsahují rizikové faktory, takže pojišťovník nemá mnoho práce kromě papírování, ačkoli se vyskytují drobné obtíže.
Nevýhodou je, že některé z nich mohou být použity k více účelům, například některé z nich mohou být použity proti migréně nebo proti vlnám horka, ale jsou také účinné proti depresi.
Pro pojišťovny, které poskytují pojišťovny, představuje tato druhá z hlediska významného faktoru zvyšujícího riziko, zatímco pro pojišťovny, které poskytují pojišťovny, to není.
Pro vyhledávání a zpracování dat se vytvořily speciální společnosti, které si vyžádají souhlas pacientů, než se ze všech lékáren dostanou potřebné informace.
A teď je to na ně úřady nutily, i když za jejich nedodržení se jim zatím nevynaklo žádné trestné stíhání.
Některé společnosti nyní zpracovávají výsledky laboratorních testů a spojují je s daty o užívání léků, aby mohli poskytnout ještě přesnější informace o stavu pacientů.
Čím více firem získá data, tím těžší je ovládat jejich využití.
Existuje zvláštní zákon o ochraně údajů o zdravotním stavu, ale platí jen pro zdravotní služby a pojišťovny.
Před Kongresem je návrh zákona, který by dal vládě moc kontrolovat i podniky, které se specializují na poskytování dat.
Dick Richard si uvědomil, že to nestačí, a tak vylepšil svůj program, který by přenos dat podmínil na výslovný souhlas.
Jiná věc je, že osoba, která je dotčena, nemůže odmítnout svůj souhlas, jinak s ní pojišťovny uzavřou smlouvu.
A tak se kuřata do jisté míry spojují s dobrodiními chovatky.
Globální jídelníček v Marseille
Zdvojnásobení obchodu mezi EU a Indií
Jakožto se EU a Indie považují za vzájemně významné obchodní partnery, toto téma bylo na programu devátého summitu, spolu s dalšími, z velké části globálními problémy.
Dnes se koná francouzsko-indický summit, kde se bude zabývat hlavně jadernou energií.
Evropská unie sice uznává, že Indie je vzrůstající demokratickou velmocí, která by měla mít větší vliv na mezinárodní záležitosti, ale členské státy se ještě nedohodly, zda podpořit trvalé členství Nové Dillí v Radě bezpečnosti OSN.
Tato otázka nebyla ani jednou představena na včerejší, nyní deváté, summitu v Marseille.
Francouzský prezident Nicolas Sarkozy jako předseda Evropské unie a předseda Komise José Manuel Barroso a vysoký představitel pro zahraniční věci Javier Solana přijeli na návštěvu indického premiéra Manmohana Singha, se kterým se dohodli, že za pět let zdvojnásobí obchodní výměnu na více než sto miliard eur.
Vzhledem k tomu, že mezi lety 2000 a 2007 vzrostl objem obchodů z 25 miliard na 55 miliard, není to příliš ambiciózní cíl.
V rámci tohoto procesu bylo 26 bilaterálních dohod o civilním letectví uzavřených s Indií z právního hlediska zcela zkráceno, což znamená, že letecký provoz bude v budoucnu moci létat.
Indie chce do konce roku 2009 podepsat dohodu o volném obchodu s EU.
Sarkozy slíbil urychlit dohodu.
Cílem je vyrovnat skutečnost, že zatímco EU je Indií největším obchodním partnerem, je Nové Dillí pouze devátým největším partnerem EU.
Summit věnoval pozornost globálním záležitostem.
Obě strany odsoudili situaci v Afghánistánu a Pákistánu a terorismus ve všech jeho podobách a vyzvali k svolání konference OSN.
Navrhli také uzavření Doha obchodního kola, ačkoli oba mají velkou část z toho, co doposud selhalo.
EU potvrdila, že je odhodlána dodržovat svůj energetický a klimatický program, tj. snížit emise nejméně o 20% do roku 2020.
A Indie souhlasila s tím, že by měla na příští konferenci o klimatu uzavřít globální dohodu o snížení emisí skleníkových plynů o 50% do roku 2050.
Chtěli by také zabránit růstu cen potravin a podporovali by mezinárodní konferenci, která by se zabývala finanční krizí.
Indický premiér dnes odjíždí do francouzského hlavního města, kde se chystá bilaterální setkání, na kterém bude řešit mírové využití atomové energie.
Paříž doufá, že francouzské firmy dostanou kontrakt na výstavbu indických jaderných reaktorů v hodnotě 20 miliard eur.
Podle agenturních zpráv by tato dohoda měla trvat 15 let.
Více než 300 italských knižních vydavatelství ve Frankfurtu
Italští nakladatelé se na mezinárodní veletrhu knih ve Frankfurtu představují jako silná skupina.
Více než 300 italských vydavatelských společností se zúčastní nejvýznamnějšího mezinárodního autorského setkání, 60. ročníku veletrhu knih.
Na letošní mezinárodní knižní veletrh ve Frankfurtu se očekává 7 000 vystavovatelů ze 101 zemí, které se na ploše 17171790 metrů čtverečních, kde se představí více než 403 000 knih, zúčastní se.
Na slavnostním otevření italského pavilonu zastupuje italskou vládu Francesco Maria Giro, zástupce státního tajemníka Ministerstva kulturních statků a činností, který představuje Itálii, která bude mít 264 m2 výstavní plochy díky vytvoření jednotného místa Italia Pont.
Po slavnostním otevření bude následovat tisková konference v místnosti "Struce" pavilonu Buchmesse 5.0, která bude příležitostí k prezentaci údajů, trendů a vyhlídek na situaci italského výtiskového sektoru.
Podle údajů se na italském vydavatelském trhu stále snižuje podíl zahraničních autorů, zejména v oblasti publikací pro dospělé a mládež.
Letadlo zmizelého miliardáře Steva Fossetta bylo nalezeno.
Ztratila se z ní zbytek letadla miliardáře Steva Fossetta, který zmizel 3. září 2007 nad Nevadskou pouští.
Ztroskotání bylo nalezeno na 3 000 metrů vysoké ploše u Mammoth Lakes v Sierra Nevadě, na hranici Kalifornie a Nevady.
V letadle nebyly nalezeny lidské ostatky.
Šerif Madera John Anderson, který se navíc vyjádřil na tiskové konferenci, řekl: "Po zjištění polohy letadla jsme poslali tým, který nyní může být přesvědčen, že se jedná o letadlo, na kterém se Steve Fossett nacházel v den zmizení".
Šerif také potvrdil, že žádné lidské ostatky nebyly nalezeny na palubě ani v okolí.
63letý miliardář byl údajně v únoru prohlášen za mrtvého.
Americký Úřad pro bezpečnost dopravy (NTSB) uvedl, že několik hodin po objevení vraku se setkal s vyšetřovací komisí, která byla schopna identifikovat a potvrdit, že se jedná o Bellanca 8kcab, která zmizela 3. září 2007, v den, kdy Fossettová odletěla na tříhodinový let z Yeringtonu v Nevadě.
Včera v Kalifornii, nedaleko od hranice s Nevadou, pár lidí našel Fossettovy věci poblíž jeho domu v Mammoth Lakes.
Dvě průkazy na Fosseta, vydané úřadem pro letectví v Illinois, nějaké peníze a pulovník.
Hledání Fossetta bylo ukončeno měsíc po jeho zmizení.
Miliardář postavil několik vrcholů, které ho zavedly do historie.
V roce 2002, na šestém pokusu, dokázal poprvé obletět Zemi v balóně: dva týdny letěl sám.
O tři roky později letěl kolem Země bez přistání.
Mezi jeho mnoha rekordy patří let nad Andami nad 15.445 metrů nad mořem, který provedl s druhým pilotem.
GLK, překvapivá reklama
Neobvyklý, ale zároveň originální a vysoce formální hobbit, s velkými plochami a jasnými úhlovými.
Stručně řečeno, toto je nejnovější "kompaktní terciér" Mercedes-Benz, s nímž se německá automobilka snaží přinést na trh nový impuls.
Právě kvůli tomuto neobvyklému obsahu bude od 17. října v Mercedes-Benz showroomech překvapivá a neobvyklá kampaň na uvedení SUV GLK.
Reklama, která doprovází představení nového vozidla, využívá dosud neznámé prostředky komunikace, a to i prostřednictvím utopistických 3D plakátů, které v Itálii automobilová značka ještě nepoužila.
Obrovská akce, která se bude konat ve třech etapách, bude dominovat centrální nákupní ulici v Miláně, Corso Como, do 15. listopadu.
První fáze této nové formy mediální komunikace začíná prostorovou prezentací vozidla, při níž se nové SUV objeví v téměř reálném měřítku a ve třídimenzi, a to pomocí speciálních brýlí, které budou rozdávány v okolí Corso Como.
Pohled na obraz bude mít pocit, jako by se auto vyniklo z plakátu.
Následně, díky inovativní technologii Elumina8, se všechny detaily nového GLK zobrazí jednotlivé, aby se z nich stal jeden souhrnný obraz.
Mercedes se tímto přínosem snaží přenést stereotypy z reklamy do světa automobilového průmyslu.
Zdaří se vám to?
Ukážeme vám, kdo jsou italští fotbaloví gangsteři.
Jsou to mladí trénanti, kteří budou pravděpodobně vyloučeni z tréninku.
Ale kdo jsou ti 150-200 chlapců a dívek, za které se teď stydí celá Itálie, členové skupiny Ultra Italia, která sleduje národní tým už léta a která, upřímně řečeno, zatím nepřinesla příliš velký problém?
Nikdy se nesetkali s fanoušky.
Jádro skupiny je vpravo.
Hlavní organizátoři jsou z Triventu.
A také z Verony, z Padovy, z Triestu a Udini.
Do Sofie se k nim přidaly menší, rozptýlené skupiny (v podstatě jen několik jednotek) z Campanii a Puglia.
Italské vlajky, na kterých bylo označeno rodné město fanoušků, byly v sobotu odloženy, aby nebyly identifikovány.
Působí jako anglický fandové.
V Bulharsku čelili skutečnému nacistickému fanouškovi, Levskijovým drukkům.
Italský fotbalový svaz vydal 144 vstupenek pro italské fanoušky, které byly na jméno, aby bylo snadnější kontrolovat fanoušek.
Ministerstvo vnitra kontrolovalo všechny, nikdo z těch, co byli na Sofie, nebyl v procesu, nikdo, komu bylo zakázáno vstup na stadion.
Čtyři italští fanoušci, kteří mají trestné činy spojené s fotbalem, byli odmítnuti vstupenky a výlet.
Ministerstvo vnitra nyní čeká na policejní protokol a poté přijme opatření, která by mohly být použita proti fanouškům, kteří byli během nepokojů zatčeni nebo identifikováni.
Jde o mezinárodní zákaz, který se týká nejen návštěv italských, ale i všech evropských stadionů.
Takže naši fotbaloví gangsteři nesmí vstoupit na žádná hřiště.
Naštěstí.
Ale musíme se obávat, že se jim daří získat si následovníky, že se k těmto 150 lidem přidají další.
"Tento oheň musí být okamžitě potlačen, a nesmí být odpuštěn ten, kdo se chová takto", uvedlo ministerstvo vnitra.
Takže bychom měli být opatrní, když se blíží středeční zápas v Lecce.
V Puglii je menší skupina, která podporuje italské ultras.
Zítra se sejde Soudní výbor, a v úterý se bude scházet Výbor pro bezpečnost sportovních akcí, který může zahrnovat i složku vnitřní bezpečnosti, tajné služby, zabývající se fanouškovým chováním.
"Duce-Duce a jeho skandál s vlající rukou pod italskou hymnou?
To je myšlenka, která byla vyjádřena, a to velice nešťastným způsobem, Domenicem Mazzillym, který byl pár týdnů jmenován vedoucím pozorovacího útvaru Ministerstva vnitra (tuto funkci zastával Francesco Tagliente, předtím Felice Ferlizzi).
Předtím působila jako policejní kapitánka v Trieste, městu, kde od roku 2002 působí bunka podporující skupinu Ultras Italia.
Mazzilli tvrdí, že v Bulharsku není zakázáno vévodství, ale to neznamená, že jeho chování u těch 150 až 200 fanoušků bylo hanebné.
"Já nejsem sociolog", řekl první muž dozorové služby, "ale zločiny se musí posuzovat v zemi, kde byly spáchány".
Zatím se s touto skupinou nic neděje, takže musíme zjistit, co se stalo a co dělat dál.
Ale ještě se můžeme zmínit o vypuštění italské hymny, což není zločin, ale pokud se mi dovolí, není to ani kultuře...
