Trionfo della destra populista in Austria, insieme formano il 29%
Le elezioni anticipate al parlamento austriaco hanno portato, secondo i primi risultati approssimativi, un sensibile indebolimento di entrambi i partiti della grande coalizione attuale e un forte rafforzamento del partito di destra populista.
Una perdita forte e speciale ha subito il Partito popolare austriaco (OVP), dove la posizione dell'attuale presidente, Wilhelm Molterer, sta vacillando seriamente.
Al contrario, il leader dell'Alleanza per il futuro dell'Austria (BZO), il capo del governo dello stato di Carinzia, Jörg Haider, sta preparando il suo ritorno trionfale alla politica nazionale.
Secondo i risultati approssimativi, la socialdemocrazia (SPÖ) rimane il partito più forte del paese con il 29,8% dei voti, il che significa che perde il 5,5% dei voti rispetto alle ultime elezioni del 2006.
Peggio ancora è finito l'OVP che perde un 25,6 per cento, quasi un nove per cento dei voti.
Sono i peggiori risultati, letteralmente catastrofici, nella storia di questi due grandi partiti austriaci dal dopoguerra e soprattutto per i popolari che hanno convocato queste elezioni anticipate.
Ancora all'inizio di luglio, quando l'OVP ha lasciato la coalizione, i popolari avevano, per quanto riguarda la preferenza rispetto alla SPO, un vantaggio considerevole.
E' chiaro, tuttavia, che gli elettori li hanno puniti per aver lasciato che il governo naufragasse.
Già nelle prime reazioni ai risultati si è parlato della dimissione del presidente del partito e, fino ad oggi, vicecancelliere, Wilhelm Molterer.
Gli osservatori ritengono che questo lunedì potrebbe essere raggiunto in occasione della riunione straordinaria della presidenza del partito.
Tale evoluzione faciliterebbe evidentemente la strada verso la costante e più approssimata base dei risultati elettorali, cioè il rinnovo della grande coalizione tra SPO e OVP.
In vista del fatto che il rafforzamento di entrambi i partiti di destra populista - i liberali (FPO) hanno ottenuto circa il 18 per cento e il BZO, l'undici per cento dei voti - e che i socialdemocratici allo stesso tempo hanno espresso le loro paure che si ripetesse la stessa cosa del 1999 quando i popolari hanno negoziato con i populisti (allora FPO era un'unità, ma nel 2005 si è dissolta dal BZO) per un governo di coalizione che è arrivato a generare una sanzione da parte dell'Unione Europea.
Haider, che ha già annunciato di essere pronto a collaborare con qualsiasi partito, è chiaramente convinto di questa evoluzione e si sta già preparando per il suo ritorno a Vienna, nella politica nazionale.
Anche il Partito Verde è riuscito a raggiungere il parlamento, anche se ha perso leggermente e è sceso dal terzo al quinto posto tra i partiti politici austriaci.
Nessun altro partito ha superato chiaramente il limite del 4% e quindi non fa parte del Parlamento.
Schwarzenberg: le relazioni con l'India possono raffreddarsi
Se non si risolve il problema degli scienziati cechi accusati in India di raccogliere illegalmente scarabei, si potrebbe arrivare ad un raffreddamento delle relazioni ceco-indiane, secondo il ministro degli Affari esteri Karel Schwarzenberg.
Lo ha detto il ministro a New York, dopo l'incontro di oggi con il suo omologo indiano, Pranab Mukherjee.
"Se questo non fosse risolto, allora si sarebbe giunti con sicurezza a questo raffreddamento", ha affermato dopo l'incontro organizzato per iniziativa ceca.
Mukherjee ha detto, dopo l'incontro, che nelle questioni legali difficilmente può immischiarsi l'esecutivo.
Tuttavia, ha affermato che nel caso di Petr Švácha, che è stato esonerato dall'accusa e punito con una multa, il governo può negoziare con il governo locale di Darjiling in cui la questione è sotto la sua giurisdizione.
"Il suo problema potrebbe essere risolto", ha detto il ministro.
Per Emil Kučera, condannato a tre anni di carcere, la cosa migliore sarebbe, secondo Mukherjee, che facesse appello alle più alte istanze.
Poi può chiedere l'esonero della causa e aspettare in libertà la sentenza, ha spiegato.
Schwarzenberg ha confermato che il suo collega si è espresso in questi termini durante l'incontro.
"Si consiglia di fare appello alla Corte superiore e poi sarebbe possibile il perdono", ha detto il capo della diplomazia ceca.
L'unico modo in cui la parte ceca può intervenire è quello di ottenere al condannato un "appoggio legale competente", ha dichiarato il ministro indiano.
Ha inoltre detto che la parte indiana si è già procurato questo tipo di sostegno.
"Abbiamo il massimo interesse a mantenere con l'India i migliori rapporti, che hanno una lunga tradizione.
Gli indiani lo riconoscono anche loro", ha commentato Schwarzenberg.
Inoltre, come ha detto la ČTK, ha insistito con il suo collega che la Repubblica ceca considera il problema degli entomologi cechi di grande importanza.
"Consideriamo davvero tremendo il torto di incarcerare e condannare questi scienziati cechi", ha annunciato.
Il ministro ha eluso la risposta alla domanda se avesse ricevuto dalla parte indiana la promessa di occuparsi della questione.
"Ho ricevuto parecchie promesse", ha solo constatato.
Un ceco arbitra una lotta sul fondo marino
Mi avvicino a una mappa elettronica, sulla quale è rappresentata l'Australia circondata dal mare.
Ma non è interessato al continente, ma a un piccolo punto perduto nell'oceano azzurro.
"L'isola appartiene all'Australia e insieme ad essa anche il fondale marino che la circonda.
La regione è grande come un unico continente", dice l'avvocato italiano Luigi Santosuosso, che fa parte del team di trenta membri che lavorano nella Divisione delle Nazioni Unite per il diritto dell'oceano e del mare.
Il suo capo, il direttore della Divisione, l'avvocato ceco Václav Mikulka, segue l'esposizione e talvolta la completa.
Il suo spirito e il suo entusiasmo per il lavoro sono notevoli.
Il fondo marino nasconde ancora oggi un mondo poco conosciuto, ricco di risorse naturali.
Si possono trovare petrolio e altre materie prime minerali, ma anche organismi sconosciuti fino ad oggi che in sé portano la chiave per lo sviluppo di farmaci contro il cancro.
Il fondo è più grande della terra ferma
I paesi con coste hanno iniziato a contendersi con veemenza per i nuovi territori sotto il mare.
Secondo il Trattato delle Nazioni Unite, questi paesi si avvalgono dei diritti che hanno concordato nel 1982 a Montego Bay in Giamaica.
Si tratta fondamentalmente del cosiddetto bordo continentale che a volte si estende per alcune centinaia di chilometri dalla costa del paese in questione.
Questo ha, secondo il Trattato, diritti esclusivi su tutte le risorse del Continental Rim.
"Semplicemente, per bordo continentale si intende la parte del fondo marino e la sua superficie, che è il naturale proseguimento del continente sott'acqua.
Si estende fino al limite della costa del mare, e spesso fino al confine delle duecento miglia marine, cioè zona economica pura", spiega Mikulka.
La richiesta che il paese in questione presenta alla Commissione per la delimitazione dei limiti esterni del bordo continentale deve essere accompagnata da documentazione tecnica scientifica basata su ricerche e misure.
È il risultato di una serie di anni di preparazione del lavoro.
"Uno dei nostri compiti è organizzare una commissione di assistenza tecnica e legale.
La commissione ha esaminato fino ad oggi cinque domande da parte di Russia, Brasile, Australia, Irlanda e Nuova Zelanda.
Per ora, solo quelli degli ultimi tre paesi sono andati avanti", aggiunge Mikulka.
Non molto tempo fa, il successo dell'Australia ha avuto un'impatto globale, essendo stata la prima ad espandere essenzialmente il suo dominio marino.
Ma anche la Nuova Zelanda - la superficie di fondo marino che la commissione ha assegnato la scorsa settimana è di 1,6 milioni di chilometri quadrati, quasi sei volte la dimensione dello stato stesso.
Entrambi i paesi hanno investito milioni di dolori per studiarlo.
Il profitto che si ricaverà dall'uso del fondo marino sarà, come promettono, inestimabile.
Anche altri stati stanno gradualmente presentando le loro richieste.
Possono farlo fino a dieci anni dopo la ratifica del "Trattato di Montego Bay".
Laddove termina il bordo continentale inizia la regione del fondo oceanico dichiarata dal Trattato come "patrimonio comune dell'umanità".
Già qui, nessuna nazione ha una posizione esclusiva.
Il diritto di sfruttamento in queste zone è amministrato dai trattati stabiliti da istituzioni internazionali.
"Il fondo marino, tuttavia, non è una miniera d'oro", sottolinea il direttore Mikulka aggiungendo che "le sue zone separate sono legalmente e chiaramente ristrette e il suo regime definito da contratto".
I cechi nel Pacifico
Oggi parte del fondale appartiene anche alla Repubblica ceca.
È condivisa con altri paesi dell'allora blocco orientale all'interno dell'organizzazione comune "Interoceanmetal".
Questo è stato ottenuto nel 1991 con un trattato come investitori come altri pochi stati, stati chiamati "l'investitore pioniere".
Ha facoltà di esplodere nella zona di Clarion Clipperton nell'Oceano Pacifico, tra il Messico, le Hawaii e Kiribati.
La zona di ricerca per l'investitore è qualcosa di più grande della ex Cecoslovacchia.
Il fondo è accidentato, è una specie di replica marina dei Tatra.
"Si può sfruttare una superficie di 75.000 chilometri quadrati.
L'area è ricca di giacimenti di cemento polimetallico contenenti nickel, rame, cobalto e manganese", aggiunge l'avvocato indiano Pakshi Rajan.
Un impiegato macedone della Divisione, Robert Sandev, ci porta un esempio di questo tipo di concretizzazione.
Ci ricorda una patatina o, con un po' di fantasia, lo Shem, che secondo la leggenda risvegliava il Golem.
Durante il rilascio degli ostaggi, il comando delle forze speciali tedesche era sul luogo dell'azione.
Per risolvere la crisi degli ostaggi il governo egiziano aveva chiesto l'aiuto della Germania. Gli esperti arrivarono.
Quando la situazione si è fatta seria, il comando delle forze speciali era pronto, ma l'operazione non è stata portata a termine.
Si conoscono sempre più dettagli sulle circostanze della liberazione di 11 turisti europei in Egitto.
Secondo i dati del Ministero della Difesa e del Ministero dell'Interno, nell'azione di salvataggio hanno partecipato anche in modo indiretto le forze speciali tedesche.
Quindi, sul luogo del rilascio c'erano gli specialisti dell'esercito tedesco, come pure i funzionari della GSG 9, squadra di aerei della polizia federale, dell'Ufficio federale di indagine penale e gli esperti in materia di logistica dell'istituzione benefica tecnica.
Come hanno riferito i portavoce dei ministeri lunedì sera, le forze tedesche non erano necessarie perché i rapitori, avendo capito di una liberazione violenta, lasciarono andare i loro prigionieri e fuggirono.
Il governo egiziano ha accettato l'aiuto della Germania per usarla come supporto sul posto.
"Fortunatamente non è arrivato quel momento", ha detto un portavoce del Ministero federale dell'Interno.
Il 19 settembre nel sud dell'Egitto, i rapinatori avevano rapito un gruppo di viaggiatori composto da 5 tedeschi, 5 italiani, una rumena e i suoi 8 accompagnatori egiziani.
Dopo essere stati rapiti nella regione desertica del sud dell'Egitto, gli ostaggi sono stati deportati da una parte all'altra della zona di confine tra l'Egitto, la Libia, il Sudan e il Ciad.
L'identità dei rapitori è rimasta sconosciuta fino alla fine, così come i dettagli del rilascio o possibili pagamenti di riscatto.
Intanto le persone salvate e sane arrivano al Cairo.
Steinmeier ha detto che gli ostaggi liberati erano sotto la tutela dell'ambasciata tedesca.
Non ha detto una parola sui dettagli della liberazione.
All'inizio a Berlino non c'era alcuna informazione sul loro ritorno in Germania.
Secondo il quotidiano Bild, 5 turisti e le forze speciali devono tornare in un Airbus delle forze aeree tedesche e arrivare in Germania martedì.
La Camera dei Rappresentanti degli Stati Uniti non approva il piano di salvataggio
La prima camera del Congresso degli Stati Uniti ha lasciato fallire con poco un grande pacchetto di salvataggio di 700 miliardi di dollari per i mercati finanziari.
Il Dow Jones è sceso molto drasticamente.
La Camera dei Rappresentanti degli Stati Uniti ha respinto con 227 voti contro 206 il pacchetto del governo per salvare i mercati finanziari.
Nonostante tutti gli appelli del presidente George W. Bush e di ex politici di entrambi i partiti non è riuscito a raggiungere una maggioranza per il programma con cui dovrebbe essere limitato il disordine nei mercati finanziari.
Con un'azione drammatica i difensori disperati avevano ancora tentato di convincere i critici ad accettare il grande pacchetto di 700 miliardi di dollari.
Barney Frank, il leader dei negoziati democratici, ha chiesto ai deputati di fare un voto, anche se il piano non è così popolare.
"È difficile ricevere l'approvazione politica per evitare qualcosa che non è ancora assolutamente accaduto", ha ammesso.
Già durante il voto il Dow Jones è sceso di oltre il 6 percento, o 600 punti.
La causa di ciò erano le preoccupazioni degli investitori che il pacchetto di salvataggio dello Stato potesse fallire.
Si è riposato alla fine del voto e dopo che il fallimento è stato reso pubblico, è caduto di nuovo.
Gli esperti prevedono altre gravi turbolenze nei mercati finanziari internazionali.
Per far entrare il programma in vigore, è necessario avere l'approvazione sia della Camera dei Rappresentanti che del Senato.
Gli organizzatori registrano un aumento del numero di prenotazioni
Sembra che questo inverno sia un buon inizio per gli organizzatori di viaggi tedeschi:
Secondo uno studio, il volume di vendite di prenotazioni di viaggi per i prossimi mesi è aumentato rispetto all'anno scorso - anche la stagione invernale di oltre il 30 per cento.
Secondo uno studio, nonostante la debole congiuntura, la voglia di viaggiare dei tedeschi rimane come prima.
Come ha riferito lunedì l'associazione dei viaggiatori tedeschi (DVR) a Berlino, le agenzie di viaggio hanno registrato un volume di vendite del 31 per cento in più rispetto allo stesso periodo dello scorso anno.
Secondo le ricerche del centro di ricerca GfK, le riserve per i mesi autunnali erano già aumentate di numero.
Il volume delle vendite delle agenzie di viaggio in ottobre è stato quasi l'11% in più rispetto al 2007, ha riferito il DVR.
I risultati sono basati su dati di GfK, ossia su informazioni analizzate sulle prenotazioni di 1200 agenzie di viaggio e calcolate per l'intero mercato.
I dati raccolti sono i viaggi prenotati fino alla fine di agosto 2008.
A causa del debole dollaro, soprattutto i viaggi negli Stati Uniti sono molto richiesti, ha riferito il DRV.
In questo caso, il numero di prenotazioni è aumentato di quasi un terzo.
I luoghi di arrivo preferiti dai tedeschi non sono solo Spagna, Turchia e Grecia, ma anche le regioni della Germania.
"I viaggi organizzati sono particolarmente apprezzati", spiega Klaus Laepple, presidente della DRV.
In considerazione dell'aumento dei prezzi dell'energia e del cibo, in questo caso le spese di viaggio sono "meglio calcolabili per il cliente che per un viaggio singolo".
Tra le altre cose, i consumatori possono risparmiare con sconti sulle prenotazioni anticipate o con offerte All-Inclusive, ha spiegato Laepple.
Anche nei mesi estivi i viaggi erano ben prenotati, così il volume delle vendite rispetto all'anno scorso è di nuovo aumentato - anche se secondo un altro studio il numero di tedeschi che hanno fatto un viaggio, rispetto all'anno scorso, è diminuito.
Il mio primo Oktoberfest
I successi delle feste all'aperto al Balneario Infinito, la birra in una birra e le celebrità in costumi tradizionali bavaresi di stilista.
Un debutto in una tenda.
In realtà, Susanne Kronzucker e io non abbiamo molto in comune.
Lei è la presentatrice di televisione bionda e indossa un costume tradizionale bavarese.
Ho i capelli di colore scuro, sono una studentessa e il mio vestito è già usato.
Ma c'è una cosa che ci unisce: appena siamo in tenda, i fotografi si sono precipitati verso di noi e hanno riempito i loro cartellini di memoria con le foto - è molto lusinghiero soprattutto perché è la mia prima volta all'Oktoberfest.
E' cosi' che si fanno gli amici.
Il costume tradizionale bavarese a buon mercato sembra aver fatto la sua parte.
In realtà, come turista dell'Oktoberfest proveniente dal nord della Germania, il mio senso di benessere con un costume tradizionale bavarese era ancora limitato.
Ma dopo che arriviamo al Prado di Teresa, tutto è a posto.
Quasi tutti indossano i costumi tradizionali bavaresi o i pantaloni di pelle; nessuno sembra essere preoccupato o sentirsi sgradevole - tutto è assolutamente normale.
Solo il mio grembiule riceve strane sguardi accanto a un banane in cioccolato.
Una donna di Monaco mi ha fatto notare il mio avannone che indossavo in modo sbagliato: "la parte sinistra è la nubile, la metà è la vergine, la parte destra è la promessa, la parte posteriore è la vedova".
Oh, mio Dio, ora mi abbraccio da dietro a sinistra.
"Va bene", risse.
Gli altri non si preoccupano per molti dei metodi sottili di flirtare e indossano cappelli che dicono "Per bere per vestirsi!" e mostrano, senza essere stati invitati, il proprio culo nudo.
Un giovane ragazzo che si comporta in modo esibizionista si chiama Bob, è inglese e anche lui è alla sua prima volta all'Oktoberfest.
A lui sembra "gorgeous", che pronuncia con una "o" molto lunga.
Me lo dice dopo aver messo accanto il suo bicchiere di un litro di birra che ha appena bevuto.
L'ha messo direttamente vicino alla focolaio, la maggior parte pensa che sia un bidone della spazzatura.
Quindi Bob è una delle persone famose che sa bere molto.
Gli altri non hanno molta fortuna e non possono consumare tanto alcol.
Verso le otto di sera, gruppi di sanitari corrono per il locale e devono preoccuparsi di poveri ubriachi.
I bagnanti appaiono sempre in gruppo - all'improvviso sono sempre quattro persone che portano le tende coperte da una tenda all'altra.
Funziona come la maggior parte dei visitatori: arriva sobrio, torna ubriaco.
Non si vede chi soffre di alcolismo e si trova in giro.
"Sono quelli che non possono più", mi ha risposto un'infermiera che rispondeva alla mia domanda e poi è scomparsa in un tumulto.
Vittima dell'incidente identificata dalla polizia
Una pedona di 63 anni è stata identificata dopo essere stata colpita da un'auto nella contea di Essex.
Carole Paulson, di Chelmsford Road, nella città di Brentwood, è stata coinvolta nell'incidente avvenuto in Shenfield Road venerdì pomeriggio.
La donna fu portata al Queen's Hospital di Romford, ma in seguito morì.
Dopo l'incidente, un uomo di 51 anni è stato arrestato per guida negligente.
È stato rilasciato su cauzione.
La Turchia amplia i suoi orizzonti diplomatici
Molto prima che la Turchia cercasse di entrare nell'Unione europea, le potenze europee nutrivano il desiderio di penetrare nel paese.
Nella parte orientale del Bosforo, a soli 20 passi dall'Asia, si trova una delle reliquie più interessanti dell'ambizione disastrosa dell'impero.
La stazione ferroviaria di Hydarpasha è stata progettata da due architetti tedeschi, Otto Ritter e Helmut Conu, in stile neo-rinascimentale.
Almeno, questo è quello che dicono le guide.
L'edificio è collocato all'orizzonte dell'estremità delle piattaforme e ha davanti due torri, una per ogni angolo, che sembrano tutti un tipico municipio tedesco.
La pietra è sporca.
Il palazzo nel suo complesso è un po' decadente.
Ma una volta superata la cassa a cupola, non c'è dubbio che, per quanto grande fosse l'impresa, questa fosse la porta più occidentale.
La stazione fu inaugurata nell'agosto 1908 dal consorzio tedesco Anatolia-Bagdad Corporation.
La Germania, un "latecomer" nel gioco imperiale, aveva l'ambizione di dominare il Medio Oriente attraverso questa ferrovia che si estendeva fino a Damasco, Baghdad e oltre in quello che oggi è l'Arabia Saudita.
Tuttavia, le ambizioni di questa Germania imperiale fallirono durante la prima guerra mondiale.
Le sue ferrovie furono attaccate da Lawrence d'Arabia e dai suoi irregolari arabi.
A causa del relativo isolamento delle regioni circostanti, generato dai confini congelati della Guerra fredda, il numero di persone che si sono trasferite in Europa è diminuito.
Il dominio britannico e le forze che avanzavano in Egitto, spingevano i turchi e i loro alleati tedeschi fuori dalla Palestina e dalla Siria.
La notizia è stata negativa anche per la stazione di Hyderpasha.
Nel 1917 un treno di munizioni esplose distruggendo il suo elaborato tetto.
Le fonti turche hanno commentato che si trattava di un sabotaggio.
Da allora la stazione è andata a decadere e è rimasta al di fuori della storia.
Ma oggi questa ferrovia, porta d'ingresso all'Anatolia e a tutti i centri orientali, serve - almeno simbolicamente - a sottolineare la volontà della Turchia di ampliare i suoi orizzonti diplomatici.
Il Partito della giustizia e dello sviluppo (AKP) ha progettato una nuova politica estera per il paese.
Il relativo isolamento delle regioni circostanti, generato dalle frontiere ghiacciate della Guerra Fredda, è scomparso.
Ora c'è una nuova politica di collaborazione.
Il governo turco ha ottimi rapporti con Israele e con la Siria, con le due fazioni palestinesi di Hamas e Fatah, con l'Iraq e con l'Iran e, naturalmente, con l'Unione europea e con gli Stati Uniti.
Per valutare i parametri di questa nuova politica estera, mi sono messo su una branda e sono andato nella capitale turca Ankara, per visitare uno dei leader dell'AKP, esperto di politica estera, il primo ministro turco Suat Kiniklioglu.
La mattina seguente - circa dieci ore e mezza dopo - dopo un viaggio di scompiglio, che ha prodotto le cadenze del mondo antico nel famoso documentario The Night Mail, arrivai nella capitale turca - nuova città, pensata per governare un nuovo stato secolare, lontano dal passato ottomano.
Tuttavia, l'AKP, con le sue chiare radici islamiste, rappresenta un cambiamento paradigmatico nel consenso turco.
che ha suscitato qualche sospetto in Occidente e, in particolare, a Washington.
Un taxi mi porta alla sede dell'AKP, una struttura moderna in pietra e acciaio - costruita ad hoc - in un sobborgo in via di sviluppo, circondata da centri commerciali e "confezioni di potere" dove i manager della classe media in abiti da lavoro - uomini e donne - si incontrano di mattina presto per fare affari.
Suat Kiniklioglu potrebbe essere un politico di centro-destra di quasi ogni partito in Europa.
Col vestito, la cravatta, sono sicuro che abbia ancora un Blackberry.
"L'obiettivo della politica estera del partito è di reintegrare la Turchia nel suo vicinato immediato.
"La Guerra Fredda era un'anomalia", mi dice.
La Turchia è stata tagliata dai rapporti con l'interno.
Oggi deve guardare contemporaneamente a est e a ovest.
Non si tratta di un caso se non si tratta di uno o dell'altro.
Deve fare entrambe le cose.
"Ma sicuramente a un certo punto", gli chiedo, "la Turchia potrebbe essere costretta a scegliere?"
"La Turchia", risponde, "non vuole affrontare questa scelta".
In seguito, sottolinea un punto che quasi tutti quelli con cui ho parlato mi avevano detto quasi a memoria: i rapporti che la Turchia ha non solo con il Medio Oriente, ma con la regione del Caucaso e con tutto il Mar Nero, rappresentano un vantaggio per l'Europa e gli Stati Uniti come per la Turchia stessa.
Il messaggio sembra essere: con la Turchia a bordo, l'Europa nel suo complesso può metaforicamente montare quelle linee ferroviarie che aprono il mondo verso l'Asia orientale e il Medio Oriente.
Tornando alla stazione di Hydarpasha, dopo una seconda notte senza dormire, il mio pensiero ritorna ai due signori tedeschi, Herr Ritter e Herr Conu, che assistettero alla costruzione di questo edificio 100 anni fa.
Quanto sarebbero stati sorpresi di sapere che le ambizioni europee nel Medio Oriente sarebbero oggi in gran parte nelle mani della Turchia?
E mentre aspetto al terminal il traghetto che mi riporterà attraverso il Bosforo, mi ricordo che in quei giorni la Turchia era considerata "l'uomo malato d'Europa".
Non c'è quindi dubbio su quale continente questo affascinante paese debba rivendicare.
Vita da ricordare: Vernon Handley e William Woodruff
Mark Brown scrive: quale direttore musicale di Guildford dal 1962, Vernon "Tod" Handley (esquela, 11 settembre) è stato responsabile della Guildford Philharmonic Orchestra e del Coro.
Come parte del progetto musicale per la città, l'anno successivo fondò il suo magnifico coro di giovani, Proteus.
Doveva essere per i minori di 21 anni, ma quando il Proteus ha cantato la sua finale nel 1979, molti di noi stavano per compiere i 20 anni - abbiamo solo rifiutato di suonare fino al coro.
Il nome di "Proteus" (il mitologico essere cambiaforma) rappresentava la volontà del coro e la capacità di eseguire qualsiasi musica che gli fosse presentata, sia madrigal che Messiaen, indipendentemente se non accompagnati o con una orchestra completa.
La versatilità musicale prodotta da questo coro di giovani era spesso sorprendente, sempre emozionante, e tutto era dovuto all'ispirazione di quell'uomo e all'entusiasmo per la musica che rimase assolutamente costante nel corso degli anni.
Frequentemente, Tod ci ha detto di "lasciare che la musica parli da sola".
Lui diceva: "Il compositore sa quello che vuole.
E' tutto nella musica.
Così basta cantare!"
La sua bacchetta era sempre assolutamente chiara e precisa, anche se mai imposta, né troppo fiorevole.
Qualunque fosse la sua scintilla musicale, finiva sempre ad un livello ancora più alto.
John Frayn Turner scrive:
Se un conducente dovrebbe essere un cavaliere, questo è Vernon Handley.
Lo conoscevo molto bene durante i due decenni in cui ha diretto la Guildford Philharmonic dal 1962 al 1982.
Soprattutto negli ultimi 40 anni, ho rivisto più di 100 dei suoi concerti e posso dire onestamente che non sono mai stato deluso da nessuno di loro, anzi, molte volte sono stato ispirato da loro.
Tod Handley aveva quella rara combinazione di grandezza e estrema modestia personale.
Odiava i conducenti che, nelle sue parole, "vendevano semplicemente uno o due cavalli da guerra molto noti in tutto il mondo".
Ci mancherà molto.
William Woodruff
Il professor John Beckett scrive:
nel suo seguito di William Woodruff (25 settembre) afferma che "nel 1946 riprese gli studi di storia economica ad Oxford e nel 1950 vinse una borsa di ricerca Houblon-Norman... allo stesso tempo stava studiando per un titolo di laurea, uno di master e uno di dottorato".
Questo si apprende da una nota dell'autore di Woodruff in Beyond Nab End, ma non è del tutto corretto.
Dal 1946 al 1953 fu professore di storia economica all'Università di Nottingham, periodo durante il quale completò una tesi di dottorato sull'industria della gomma britannica, supervisionata dal professor J.D. Chambers, e successivamente pubblicata nel 1958 con il titolo The British Rubber Industry.
Ha trascorso gli anni tra il 1950 e il 51 negli Stati Uniti, godendo di una borsa di studio di Houblon-Norman, e l'estate del 1952 nelle università dell'Illinois, Harvard e New York.
Nel 1953 lasciò definitivamente Nottingham per l'Illinois.
Il motivo per cui Woodruff ha scelto di ignorare questa parte della sua carriera, rimane sconosciuto.
J. Vicente Resino alla facoltà di Filologia
"Consiglio la mostra di José Vicente Resino "Flamenco e vita" perché le sue fotografie in bianco e nero, stile documentario, sono fantastiche.
Mi hanno colpito per la loro semplicità e per la forza che trasmettono, trattando sempre i protagonisti con grande rispetto.
Un'esposizione che mostra molto sentimento.
Resino sa cogliere i momenti magici".
Seconda partita per il supersellente Honda
Nel mese di novembre Honda inizierà la commercializzazione della seconda generazione della Jazz.
Se il suo predecessore era già dotato di ampia abitabilità, questo nuovo monovolume presenta uno spazio interno ancora più ampio.
A tutto ciò si aggiungono meccaniche raffinate, che aumentano il comfort di guida e consentono di risparmiare più carburante.
Evoluzione contro rivoluzione.
Ecco la seconda generazione della Honda Jazz.
Sebbene esteticamente il nuovo Jazz presenti una linea molto simile al modello che lo precede, i cambiamenti introdotti in questo monovolume sono numerosi.
Tra le altre novità, si possono citare un design innovativo, una nuova piattaforma, dimensioni maggiori e nuove meccaniche.
Tuttavia, prima di analizzare il nuovo modello, è necessario notare che questo nuovo Jazz arriva sei anni dopo aver introdotto sul mercato la prima generazione.
Una prima osservazione è che Honda ha rinnovato questo modello in un tempo più breve rispetto a quello impiegato da altri produttori.
Anche se in Europa il Jazz è meno conosciuto, in altri mercati questo modello è un fenomeno di vendita.
Questo è il caso del Giappone, paese in cui la Jazz è stata la macchina più venduta nel 2002 e anche nel 2008.
Proprio in Giappone sono state vendute circa un milione di unità del Jazz dal suo lancio.
Il secondo mercato è stato quello del Vecchio Continente, con circa mezzo milione di unità in sei anni.
Honda, tuttavia, intende che questo nuovo Jazz permetta di aumentare le vendite all'interno del segmento.
Nel 2007 la società giapponese ha venduto un totale di 83.000 unità di Jazz, mentre nel 2009 si stima che saranno vendute 100.000 vetture, il che significherebbe una crescita del 17% nel mercato europeo.
Per quanto riguarda il mercato spagnolo, Honda ha commercializzato un totale di 8.000 unità di Jazz dal 2002, che rappresenta il 6,7% delle vendite totali di Honda in Spagna.
Per quanto riguarda la nuova generazione, i responsabili della filiale spagnola sperano di vendere 2.000 unità del Jazz in un anno intero.
Proprio l'arrivo del nuovo Jazz permetterà a Honda di compensare in larga misura la diminuzione delle vendite in Spagna.
I responsabili del marchio si aspettano di finire l'anno con 22.000 unità vendute, 4.000 in meno rispetto al 2007, un calo del 16%.
Nonostante questo aumento delle vendite Honda ha aumentato la sua quota di mercato in Spagna, raggiungendo il 1,8%, contro l'1,6% dello scorso anno.
La società giapponese spera inoltre di raggiungere il 2% nel 2010.
Per raggiungere questo obiettivo, Honda si affida all'arrivo di un altro nuovo modello.
Si tratta dell'Insight, un ibrido a cinque porte e di dimensioni compatte - 4,37 metri di lunghezza - di cui la società giapponese si aspetta di commercializzare circa 200.000 unità all'anno in tutto il mondo.
Per mercati e secondo le stime del produttore giapponese, il 50% delle vendite dell'Insight avverrà negli Stati Uniti, mentre la percentuale rimanente sarà ripartita tra il Vecchio Continente e il Giappone.
Il lancio commerciale di Insight è previsto per i primi mesi dell'anno, una volta che sarà presentato in società nel mese di gennaio a Valencia.
Per quanto riguarda la prima generazione, il nuovo Jazz cresce in tutte le sue dimensioni.
La lunghezza è di 3,90 metri (più cinque centimetri), la larghezza di 1,69 metri (più due centimetri) e la distanza tra le assi di 2,50 metri, il che significa un aumento di cinque centimetri.
L'altezza, invece, non cambia e rimane a 1,52 metri.
Con l'aumento delle dimensioni, cresce anche l'abitabilità interna.
Questo guadagno è dovuto, da un lato, all'inclusione di una nuova piattaforma e, dall'altro, all'introduzione del serbatoio del carburante in posizione centrale, una soluzione adottata anche nella precedente Jazz.
Inoltre, la capacità del bagagliaio - che ha un sistema a doppio fondo - sale fino ai 399 litri, 19 litri più della capacità del bagagliaio della prima generazione.
Si deve notare che queste misure sono della versione con il motore 1.4, in quanto la capacità del bagagliaio della Honda Jazz 1.2 è di 379 litri.
Altri miglioramenti - oltre ad elementi esterni come led posteriori o la possibilità di montare il vetro panoramico - è un miglioramento nell'accesso alle piazze posteriori.
E' che le porte che portano alla seconda fila presentano un angolo di apertura di 80 gradi, contro i 67 gradi della prima Jazz.
Sono anche nuovi i motori in questa seconda generazione del Jazz.
All'inizio della commercializzazione, questo piccolo modello avrà due propulsori a benzina da 1,2 e 1,4 litri.
Entrambe le meccaniche incorporano la tecnologia i-VTEC che ottiene un minore consumo, emette meno anidride carbonica, ottiene un'ottima raffinatezza meccanica e allo stesso tempo ottiene un alto torore in tutto il regime del motore.
Il primo meccanico da 1,2 litri ottiene 90 cavalli a 6.000 giri con un massimo di torsione di 114 Nm a 4.900 giri.
Questo propulsore - che in precedenza Jazz raggiungeva 78 cavalli - presenta un consumo di 5,3 litri e emissioni di 125 grammi di CO2.
Rispetto al precedente propulsore, che nella generazione precedente raggiungeva 83 cavalli, ora passa a 100.
Questo Jazz 1.4 da 100 cavalli raggiunge un consumo combinato di 5,4 litri e 128 grammi di CO2.
La 'macchina delle api' che evita le collisioni
Per far progredire lo sviluppo di tecnologie per la prevenzione degli incidenti, Nissan ha ispirato, questa volta, la natura, in particolare le api.
La società giapponese ha creato un robot che, basandosi sul volo delle api, evita gli incidenti.
Questo è il Bio-Mimetic Car Robot Drive, o BR23C, che rappresenta il primo passo verso la tecnologia di prevenzione delle collisioni.
Gli ingegneri del Centro Tecnico Avanzato di Nissan Motor Co. hanno sviluppato questo piccolo robot in collaborazione con il Centro per la Ricerca per la Scienza e la Tecnologia Avanzata della prestigiosa Università di Tokyo, in Giappone.
Secondo Kazuhiro Doi, direttore generale delle relazioni pubbliche per la tecnologia e la ricerca e lo sviluppo della gestione del marchio, il BR23C si presenta come un'estensione dello scudo di sicurezza di quattro aree di Nissan.
Questo robot è destinato a rafforzare la capacità di prevenzione delle collisioni dei veicoli della marca.
Durante il loro volo, ogni ape crea il proprio spazio personale a forma di ovale che assomiglia molto allo scudo di sicurezza della Nissan.
Ma la cosa più importante sono gli occhi composti dell'ape, capaci di vedere a un angolo di oltre 300 gradi in ogni direzione, che le permettono di volare senza interruzioni nel suo spazio personale.
Per ricreare questa funzione visiva, gli ingegneri hanno progettato quello che hanno chiamato un Laser Range Finder.
Il sistema rileva gli ostacoli che si trovano a due metri di distanza entro un raggio di 180 gradi davanti al BR23C, calcola la distanza fino a tale oggetto e invia un segnale a un microprocessore di bordo che, immediatamente, si traduce in prevenzione della collisione.
"Quando il piccolo robot rileva un ostacolo, imita i movimenti di un'ape e cambia immediatamente direzione girando le sue ruote ad angolo retto o maggiore per evitare la collisione.
La differenza più grande con qualsiasi sistema esistente è che la manovra di evasione è completamente istintiva.
Se non fosse così, il robot non sarebbe in grado di reagire abbastanza rapidamente per evitare gli ostacoli", spiega Toshiyuki Andoh, direttore del Laboratorio di Mobilità e ingegnere principale del progetto.
A differenza di una ape, il robot non può deviare in alto o in basso, né in diagonale; può muoversi solo in due dimensioni e nella direzione che gli permettono di ruotare le sue ruote e non in infinite direzioni e modi come le api.
Per questo motivo, Nissan ha utilizzato una funzione di rotazione, oltre all'accelerazione e alla decelerazione, per evitare alle collisioni del piccolo robot.
"Questo dispositivo deve elaborare informazioni ogni pochi secondi, e agire in base a tali informazioni.
Non richiede il memorizzare informazioni o logiche intuitive di manovre precedenti, per cui può funzionare in modo continuo con solo un paio di dozzine di KB di memoria.
Può sembrare sorprendente, ma non stiamo parlando di gigas di memoria, o anche di megas".
Questo è il primo passo per sviluppare nuove tecnologie per la prevenzione istantanea delle collisioni, una tecnologia che Nissan prevede sarà introdotta nelle auto di serie entro dieci anni.
Il robot utilizza batterie in polimero di litio, che sono più leggere e durano più a lungo della varietà di ioni di litio.
Un'altra possibile applicazione futura di questa tecnologia potrebbe essere l'integrazione dell'unità con un sistema GPS di navigazione satellitare per guidare il conducente alla sua destinazione evitando gli ostacoli sulla strada.
Tremi prima di ipotecare
Bisogna ammettere che il Dipartimento del Tesoro degli Stati Uniti, oltre ad avere un sacco di liquido per fare delle iniezioni, non è privo di ingegno.
In risposta alla crisi, e per evitare che gli americani si imbarchino in mutui di merda in banche di solvibilità discutibile, hanno creato un divertente e informativo gioco per il browser: 'Bad Credit Hotel'.
Il "hotel dei crediti" o "del casino".
L'aspetto tetro di questo alloggio e soprattutto del suo receptionist è di pensare una, due e anche tre volte se è il momento di chiedere un credito.
E soprattutto, dove farlo, che probabilmente è il suo obiettivo.
Certo, ha delle informazioni utili, ma poco dettagliate.
E' piu' un sito per adolescenti che un sito per tutti i tipi di pubblico.
E se la partita si concludesse?
Che una stanza da sogno si fa strada all'interno dell'hotel.
- E' un po' un po' di qualcosa, perche' non abbiamo nemmeno parlato di una casa migliore.
Morgan Stanley vende la sua partecipazione alla giapponese MUFG
Morgan Stanley ha annunciato l'ingresso nel capitale di Mitsubishi UFJ Financial Group (MUFG), la prima banca giapponese, che spenderà nove miliardi di dollari per acquistare il 21% del suo capitale, una notizia che è stata accettata con un forte calo della sua quotazione in borsa.
Una settimana dopo aver scoperto un accordo provvisorio, entrambe le banche hanno spiegato che MUFG avrebbe acquistato il 9,9% delle azioni ordinarie di Morgan Stanley al prezzo di $25,25 per unità, un importo di 3 miliardi di dollari.
Il prezzo concordato è inferiore al 19% del valore contabile dei titoli al 31 agosto.
MUFG investirà altri 6 miliardi di dollari con l'acquisto di titoli convertibili che garantiranno un rendimento del 10% e un prezzo di conversione di 31,25 dollari.
Morgan Stanley ha precisato che l'operazione globale sarebbe stata effettuata sulla base di un prezzo unitario di 29 dollari, il 28 per cento al di sopra del suo tasso di cambio attuale.
Morgan Stanley, tuttavia, era scesa del 6,79% a 23,07 dollari a testa alle 17:00 GMT.
"Questa alleanza strategica rappresenta un'importante opportunità per accelerare la transizione di Morgan Stanley allo status di holding bancaria", ha spiegato Juan Mack, direttore generale del gruppo americano.
Morgan Stanley ha adottato questa nuova legge la scorsa settimana, che dovrebbe permettergli di diversificare le sue attività, ma lui fa passare sotto l'autorità della Federal Reserve.
La sua alleanza con MUFG conferma anche che l'attuale crisi finanziaria costringe i più grandi nomi di Wall Street ad adottare un comportamento molto più prudente di prima.
Le modalità presentate lunedì scorso mostrano inoltre che l'accordo è stato modificato negli ultimi giorni: lunedì scorso, Morgan aveva annunciato che avrebbe venduto fino al 20% delle sue azioni ai giapponesi per quasi 8,5 miliardi di dollari.
"Una settimana fa", ha spiegato a Tokyo Toshihide Mizuno, direttore esecutivo di MUFG, "pensavamo che la partecipazione fosse stata composta solo da azioni ordinarie.
Ma in vista della situazione attuale dell'economia e del mercato, abbiamo voluto minimizzare i rischi e coprirci".
Sulla base del prezzo medio ponderato, MUFG pagherà i suoi titoli Morgan Stanley il 7% in meno del loro valore contabile.
E l'operazione si tradurrà in una diluizione di circa il 20% del profitto per azione.
L'accordo prevede che la MUFG potrà convertire entro un anno la metà dei suoi titoli preferenziali in azioni ordinarie se queste saranno vendute per oltre il 50% al di sopra del prezzo di conversione, ossia a 47 dollari o giù di lì, per un determinato periodo.
Morgan Stanley afferma che i capitali forniti da MUFG gli consentiranno di cogliere opportunità di investimento, rafforzare il suo bilancio e aumentare la sua liquidità.
Un portavoce del gruppo ha tuttavia rifiutato di fornire precisi sui progetti strategici dei due nuovi alleati.
Dopo l'investimento di MUFG, Morgan Stanley dovrebbe avere un rapporto di solvibilità Tier 1 di circa il 15%, uno dei migliori del settore.
Morgan deve aver alleggerito molto il suo bilancio dalla fine di agosto.
Le ultime settimane sono state strazianti per il gruppo, che ha visto la sua quotazione in borsa calare di metà mentre il costo della sicurezza contro un rischio di difetti sul suo debito si è abbassato.
Questo costo è decresciuto lunedì scorso, ma è rimasto a un livello elevato, intorno al 12%.
La scorsa settimana, Goldman Sachs, l'unica altra "sopravvivenza" delle grandi banche di investimento di Wall Street dopo la bancarotta di Bear Stearns e Lehman Brothers e l'acquisto di Merrill Lynch, ha annunciato di aver raccolto 15 miliardi di dollari, in parte per Berkshire Hathaway, il gruppo di Warren Buffett.
Rafael Correa a Quito, questo lunedì.
Rifondare la repubblica intorno al socialismo del XXI secolo.
Questo è il progetto comune del venezuelano Hugo Chávez, del boliviano Evo Morales e dell'equatoriano Rafael Correa.
Questa domenica, come altri suoi colleghi e amici, è la terza domenica in cui si vota un progetto di nuova Costituzione.
Missione compiuta, poiché il 64% degli elettori ha votato "sì" al referendum, secondo i risultati ufficiali che si riferiscono all'80% dei suffragi.
Secondo questi risultati, il "no" ha ottenuto il 28%, il 7% dei voti sono stati voti nulli e lo 0,7% sono stati voti in bianco.
Per far approvare la proposta di Costituzione, doveva ottenere la metà dei suffragi più uno.
Domenica, due sondaggi effettuati all'uscita dei seggi elettorali e un conteggio da parte di un'organizzazione non governativa avevano annunciato una vittoria ampia per il "sì", stimandolo tra il 63% e il 70%.
Rafael Correa aveva inoltre rivendicato la vittoria del suo progetto di Costituzione nella notte di domenica a lunedì.
"La Costituzione ha trionfato in modo schiacciante", aveva affermato, congratulandosi con gli ecuadoriani che guidano il governo di Guayaquil, 280 chilometri a sud-ovest di Quito.
Rafael Correa è stato quindi felicitato da Chávez e Morales, ma anche dalla collega cilena Micaela Bachelet.
Le elezioni, che si svolgeranno in piena calma, secondo la missione di osservazione dell'Organizzazione degli Stati americani (OEA), si riferiva a un testo di 444 punti che consolidavano il "nuovo socialismo" difeso dal presidente.
Il progetto di Costituzione prevede l'aumento del potere dello Stato sull'economia, riservandogli la "pianificazione dello sviluppo" di un paese che vive essenzialmente grazie all'estrazione di petrolio da parte di compagnie straniere e grazie alle valute inviate dagli emigrati.
Portata avanti da Correa, eletto nel 2006, la proposta conferisce anche poteri rafforzati al capo di Stato, che potrà fare fino a due mandati consecutivi di quattro anni ciascuno e avrà la possibilità di sciogliere l'Assemblea.
Correa ha già annunciato che avrebbe usato questo potere e che avrebbe cercato un nuovo mandato nel febbraio 2009.
La Costituzione consolida inoltre il principio di gratuità dei servizi sanitari e educativi che il presidente ha iniziato a instaurare in questo paese di 13,9 milioni di abitanti, in cui il 50% della popolazione vive sotto la soglia di povertà.
La Commissione ha presentato un progetto di direttiva che prevede l'applicazione di un'azione di prevenzione contro l'inquinamento atmosferico, la riduzione delle emissioni di gas di scarico e la riduzione delle emissioni di CO2 e di CO2 per i prodotti alimentari.
I 19 sequestrati sono stati liberati in Chad
Un commando egiziano ha lanciato l'assalto contro i rapitori degli undici turisti e dei loro otto compagni catturati dieci giorni fa.
Sono al Cairo.
Gli undici turisti europei e i loro otto accompagnatori egiziani sequestrati dieci giorni fa nel deserto sono arrivati salvi nella capitale egiziana dopo essere stati liberati lunedì pomeriggio.
Al mattino, erano stati liberati dalle forze speciali egiziane in Chad.
Tutti loro erano in bell'aspetto quando sono arrivati alle 15:30 a bordo di un aereo speciale alla base militare di Al Maza, adiacente all'aeroporto internazionale del Cairo.
Sono stati trasportati immediatamente in elicottero all'ospedale di Maadi, una periferia residenziale del Cairo, per essere sottoposti a esami medici, per cui non sono stati in grado di parlare con la stampa.
"Sono in buona salute" e "non è stato pagato alcun riscatto" ai sequestratori, ha dichiarato all'aeroporto il ministro del Turismo egiziano, Zoheir Garana.
Il 19 settembre questi ostaggi sono caduti nelle mani di 35 rapitori sconosciuti mentre si divertivano in un safari in SUV in una zona deserta ai piedi del monte Ouanat, ai confini di Egitto, Sudan e Libia, e da allora sono passati da uno zulo all'altro.
Il gruppo era composto da undici turisti - cinque italiani, cinque tedeschi e una rumena - e otto egiziani: due guide, quattro autisti, un guardia di frontiera e il direttore dell'agenzia di viaggi Aegyptous, responsabile dell'organizzazione del safari.
Un ufficiale della sicurezza egiziano ha detto che 30 membri delle forze speciali, trasportati a bordo di due elicotteri, avevano lanciato l'assalto durante la notte prima dell'alba.
"Si è scatenato uno scontro a fuoco, hanno ucciso metà dei sequestratori, gli altri sono fuggiti", ha detto l'agente che ha voluto rimanere anonimo.
Secondo lui, 150 membri delle forze speciali egiziane dell'unità "lampo" sono stati inviati in Sudan, dove hanno avuto il sostegno di commando tedeschi e italiani.
Il ministro degli esteri italiano, Franco Frattini, ha ricordato a Belgrado il ruolo svolto dagli agenti segreti e dai membri delle forze speciali italiane.
"Dobbiamo riconoscere che abbiamo ottenuto questo risultato grazie alla professionalità e all'efficacia dei nostri uomini dei servizi segreti, delle forze speciali", ha dichiarato senza entrare in dettagli.
Ha anche negato di aver pagato un riscatto.
Il giorno prima l'esercito sudanese ha affermato di aver intercettato durante una pattuglia un'autoterra a bordo della quale si trovavano i rapitori, di cui ha ucciso sei, tra cui il capo ciadese e ne ha arrestati due.
Ha inoltre affermato che erano collegati a un gruppo ribelle del Darfur, il Movimento per la Liberazione del Sudan-Unità (SLA-U), una affermazione immediatamente smentita da questo gruppo.
Lettere - La maggioranza silenziosa della cultura
Un dibattito sul finanziamento della cultura fa le manchette e occupa l'attuale campagna elettorale.
Meglio così.
Ma un settore della nostra vita culturale rimane sempre dimenticato.
Chi si alzerà per denunciare le miserabili somme che vengono concesse ai piccoli musei, agli archivi, agli scavi archeologici o ai luoghi storici nazionali che muoiono di fame?
Quale politico oserà ricordare al governo federale che trascura i suoi monumenti e i suoi edifici di patrimonio?
Perché non abbiamo delle leggi che preservino effettivamente il nostro patrimonio come in Canada e in Quebec?
Sapevi che il governo francese ha speso tre milioni e mezzo di euro per restaurare solo il castello di Chinon, nella valle della Loira?
Negli Stati Uniti, è scritto nella loro Costituzione che la protezione del patrimonio è parte della cultura degli americani e che questo patrimonio deve essere protetto da tutti i cittadini, tutti gli eletti e tutti i dipartimenti governativi, e tutto questo, in concertazione.
In Quebec, nella Federazione delle Società di Storia del Quebec, almeno 40 000 persone benvolenti raggruppate in 211 società di storia, patrimonio, archivi e genealogia si preoccupano di cercare nella storia, preservare con pochi soldi montagne di archivi privati e preservare i resti archeologici.
Sono questi che sono spesso i cani custodi del nostro patrimonio, che protestano con energia e disperazione quando i promotori e i responsabili lanciano i loro bulldozer contro le nostre vecchie pietre e i nostri cimiteri dimenticati.
Per quando, un monumento alla storia e al patrimonio?
I governi dei Paesi Bassi nazionalizzano una parte della Fortis Bank.
I Paesi Bassi, per primi in Europa, contribuiranno alla nazionalizzazione della banca belga-olandese Fortis, che si trova in difficoltà a causa della crisi dei mutui sul mercato nordamericano: i tre Paesi contribuiranno complessivamente con 11,2 miliardi di euro a sostenere questa istituzione finanziaria e assicurativa che ha anche attività in Ungheria.
I governi di Belgio, Lussemburgo e Paesi Bassi hanno tenuto, questo fine settimana, consultazioni a più alto livello con il presidente della Banca centrale europea e il responsabile della concorrenza economica della Commissione europea.
Fortis Bank è il primo ad essere colpito dalla crisi dell'area euro nell'ambito della crisi finanziaria internazionale che si è verificata in varie ondate più di un anno fa, per cui le decisioni prese nei confronti della Banca possono essere considerate in un certo senso come precedenti.
Secondo la decisione presa domenica mattina, i tre Stati acquistano circa la metà (49%) dei beni immobili della Banca nella loro zona.
La Banca venderà certamente una parte dei suoi affari, fra cui soprattutto le attività - soprattutto di assicurazione - acquistate lo scorso anno dall'olandese ABN Amro.
Le azioni del Fortis hanno iniziato a scendere fortemente la settimana scorsa e per la seconda metà della settimana si vedevano già importanti segni di crisi nell'istituzione.
Tuttavia, gli analisti concordano nel dire che con i suoi 85.000 dipendenti, la banca è troppo grande per permettersi di fallire.
Il prezzo delle azioni della compagnia è sceso di 12 per cento solo venerdì, il punto più basso degli ultimi 14 anni.
Dal gennaio, il valore delle azioni è sceso di oltre due terzi.
Osservando i prezzi attuali delle azioni, il valore totale del capitale del gruppo sul mercato è di circa 14 miliardi di euro, ma secondo gli executive della società questo non è reale.
La direzione della Banca ha attribuito il brusco calo delle azioni di Fortis alle incertezze del mercato americano in relazione all'approvazione del piano americano di 700 miliardi di dollari.
Lunedì le azioni hanno già mostrato un leggero aumento.
Venerdì hanno nominato Filip Dierckx nuovo amministratore delegato della banca.
La Banca ha cercato anche investitori privati, ma finora nessuno ha fatto una proposta concreta.
Il governo belga aveva già assicurato che gli investitori non dovevano preoccuparsi, non avrebbero perso i loro soldi.
Fino ad ora non c'è stato alcun panico tra i clienti della Banca, non si sono fatti avanti negli uffici bancari per ritirare i loro soldi.
Fortis ha la sua filiale in Ungheria e ha anche acquistato società di leasing.
Il porco nel pollaio
Negli Stati Uniti, le compagnie di assicurazione sulla vita e sulla salute, quando vedono i dati per l'acquisto di farmaci, spesso rifiutano di firmare un contratto di assicurazione.
Gli esperti di politica sulla privacy temono che il mercato dei dati personali possa diventare incontrollabile.
"Esistono programmi di protezione dei dati personali, che legano l'uso dei dati delle ricette in tutti i casi all'approvazione della persona.
Il farmaco deve essere in mani indipendenti, perché altrimenti "confiamo il pollo al rapinatore" - cita il Washington Post Richard Dick, progettista del software di monitoraggio delle prescrizioni mediche.
Le compagnie assicurative fanno dipendere il prezzo dell'assicurazione e l'importo del risarcimento dalla condizione di salute del cliente e se pensano che il rischio sia eccessivo, semplicemente non fanno il contratto.
Prima hanno mandato il cliente a controlli medici e hanno firmato il contratto con lui sapendo già il risultato del controllo.
Dick ha inventato una procedura molto più economica: con il numero di identificazione del cliente, ottiene facilmente dalla farmacia la lista dei medicinali acquistati nell'ultimo anno e mezzo e il programma stesso trae le conclusioni sulle malattie e sullo stato di salute del cliente.
Ad esempio, se si assumono regolarmente dosi elevate di pillole per abbassare il colesterolo, questo indica che il livello di grassi nel sangue è praticamente inesauribilmente alto, e si entra immediatamente in una categoria di rischio superiore.
Circolano numerose versioni del programma, alcune stabiliscono addirittura un numero di rischio, per cui la compagnia di assicurazione oltre all'amministrazione ha appena qualcosa da fare, sebbene ci siano piccole difficoltà a riguardo.
Tra gli svantaggi del programma vi è il fatto che alcuni farmaci sono multiuso, ad esempio alcune sostanze servono sia per il trattamento del mal di testa che per le ondate di calore e anche come antidepressivi.
L'ultimo è un fattore di rischio per le compagnie di assicurazione mentre il primo no.
Sono state costituite società speciali per consultare e elaborare questi dati, che prima di acquisire dalle farmacie le informazioni necessarie, chiedono l'approvazione del paziente.
Le autorità li obbligano già a farlo, anche se non hanno ricevuto nessuna multa per la loro negligenza fino ad ora.
Alcune aziende ultimamente hanno anche elaborato i risultati dei test di laboratorio e, combinandoli con i dati relativi all'assunzione di medicinali, hanno ottenuto informazioni più precise sullo stato di salute del paziente.
Sempre più aziende hanno accesso a questi dati e contemporaneamente è sempre più difficile controllare il loro utilizzo.
Esiste una legge esclusiva per la protezione dei dati personali sulla salute, ma si applica solo alle compagnie di assicurazione e a quelle che forniscono servizi sanitari.
Il Congresso ha già presentato un progetto di legge che conferisce l'autorità il diritto di controllare le imprese specializzate nella fornitura di dati personali.
Dick Richard riconosce che questo non è sufficiente: ha quindi sviluppato il suo programma, che richiederà la specifica approvazione dell'individuo per la fornitura dei propri dati personali.
È un'altra questione che tale persona non può negare la sua approvazione, perché altrimenti le compagnie di assicurazione non firmeranno il contratto con lui.
Così le galline, nonostante tutto, sono esposte alla benevolenza della volpe.
Menù globale di Marsiglia
L'Unione europea raddoppia il suo commercio con l'India
Poiché l'Unione europea e l'India sono reciprocamente partner commerciali, questo tema, oltre ad altri problemi in gran parte globali, ha dominato l'ordine del giorno del nono vertice.
Oggi si terrà anche un vertice francoindiano, per trattare principalmente la cooperazione in materia di energia nucleare.
Sebbene l'Unione Europea riconosca che l'India è una grande potenza democratica in via di sviluppo che dovrebbe avere più voce in capitolo nelle questioni internazionali, i paesi membri non sono ancora riusciti a raggiungere un comune denominatore sul fatto che dovrebbero sostenere Nuova Delhi come membro permanente del Consiglio di Sicurezza delle Nazioni Unite.
Questo problema non è stato trattato al nono vertice aperto ieri a Marsiglia.
Il presidente francese Nicolas Sarkozy, presidente in carica dell'UE, il presidente della Commissione europea José Manuel Barroso e il primo ministro indiano Manmohan Singh hanno raggiunto un accordo con il primo ministro indiano per raddoppiare in cinque anni, ovvero aumentare a oltre 100 miliardi di euro, i loro scambi commerciali.
Considerando che tra il 2000 e il 2007 il volume degli scambi di merci è aumentato da 25 a 55 miliardi di dollari, questo non è un obiettivo troppo ambizioso.
In questo modo si sono armonizzati giuridicamente i 26 accordi bilaterali sull'aviazione civile con l'India, per cui anche il trasporto aereo potrà volare in futuro.
L'India vuole firmare il trattato di libero scambio con l'Unione entro la fine del 2009.
Sarkozy ha promesso di accelerare i negoziati.
L'obiettivo è l'equilibrio, perché mentre l'UE è il primo partner commerciale dell'India, New Delhi è solo al nono posto tra i partner commerciali dell'Unione.
Il vertice ha prestato attenzione alle questioni globali.
Le parti hanno condannato la situazione in Afghanistan e in Pakistan e il terrorismo - in tutte le sue forme - e hanno sollecitato la convocazione di una conferenza delle Nazioni Unite.
È stata inoltre accelerata la conclusione del round di liberalizzazione commerciale di Doha, anche se entrambe le parti hanno una grande responsabilità nel suo fallimento.
L'UE ha confermato che si atterrà al suo programma energetico e climatico, vale a dire che fino al 2020 vuole ridurre le emissioni inquinanti di almeno il 20 per cento.
Anche l'India è d'accordo, così come la conferenza sul clima dell'anno prossimo dovrebbe raggiungere un accordo globale e ridurre del 50% le emissioni di gas serra entro il 2050.
Il Parlamento europeo ha adottato il parere in merito alla relazione della Commissione sulle relazioni tra la Comunità europea e il Giappone.
Oggi il primo ministro indiano si reca nella capitale francese, dove - in un incontro bilaterale - firmerà un accordo sull'uso pacifico dell'energia nucleare.
Parigi ha fiducia che le aziende francesi riceveranno ordini per 20 miliardi di euro per costruire reattori nucleari.
Secondo le informazioni delle agenzie di notizie, l'accordo sarebbe per un periodo di 15 anni.
A Francoforte più di trecento editori italiani
Presenza dei grandi editori italiani alla fiera internazionale del libro di Francoforte.
Più di 300 editori italiani saranno presenti alla 60a edizione di Buchmesse, il più importante incontro internazionale per lo scambio di diritti.
La mostra internazionale del libro di Francoforte ha previsto per questa edizione oltre 7mila espositori da 102 paesi diversi che occuperanno i 171.790 metri quadrati della mostra con oltre 403.000 titoli in mostra e con la Turchia come ospite d'onore.
Il sottosegretario del Ministero dei Beni e delle Attività Culturali, Francisco Maria Giro, rappresenterà il governo italiano alla cerimonia di inaugurazione del padiglione italiano: l'Italia sarà istituzionalmente ed effettivamente presente con un punto Italia - 264 metri quadrati di spazio espositivo.
Seguirà un incontro con la stampa nella Room Struktur nel padiglione 5.0 della Buchmesse: sarà l'occasione per presentare numeri, tendenze e prospettive sullo stato degli editoriali in Italia.
Secondo i dati, il peso dei libri di autori stranieri è in diminuzione progressiva rispetto alla produzione italiana complessiva, in particolare quella per adulti e adolescenti.
Ritrovo dell'aereo di Steve Fossett, il miliardario scomparso un anno fa.
I resti dell'aereo di Steve Fossett, il miliardario scomparso il 3 settembre 2007 mentre volava nel deserto del Nevada, sono stati ritrovati.
I detriti sono stati trovati su un altiplano a 3000 metri di altitudine, nella zona della Sierra Nevada di Mammoth Lakes, al confine tra California e Nevada.
All'interno dell'aereo, non c'erano resti umani.
Il commissario della contea di Madera, John Anderson, ha dissipato i dubbi rimasti: "L'aereo è stato localizzato, abbiamo inviato una squadra, e ora abbiamo la conferma che si tratta proprio di quello su cui Steve Fossett volava il giorno della sua scomparsa" ha detto in una conferenza stampa.
Il commissario ha precisato che non sono state trovate tracce di esseri umani né sull'aereo né nei dintorni.
Il miliardario, 63 anni, è stato dichiarato morto a febbraio.
L'ufficio americano per la sicurezza dei trasporti (NTSB) ha fatto sapere che alcune ore dopo l'avvistamento dei resti, è stata inviata una squadra di investigatori che ha identificato l'apparecchiatura: si tratta del Bellanca 8kcab, disperso dal 3 settembre 2007, quando Fossett decollò da Yerington in Nevada per un volo di tre ore.
Ieri, sempre in California, non lontano dal confine con il Nevada, alcuni resti personali di Fossett sono stati ritrovati da una coppia vicino alla sua casa di Mammoth Lakes.
Si tratta di due documenti con il nome di Fossett, entrambi rilasciati dalla Federal Aviation Administration dell'Illinois, contanti e una felpa.
La ricerca di Fossett era stata interrotta un mese dopo la sua scomparsa.
Il milionario si era conquistato un posto nella storia grazie ad una lunga serie di primissime.
Nel 2002, al sesto tentativo, era diventato il primo uomo a completare il giro del mondo in un pallone aerostatico: due settimane di volo solitario.
Tre anni dopo aveva fatto il giro del mondo in aereo senza sosta.
Tra i suoi record, anche quello di aver volato a 15.445 metri di altezza, sulle Ande, ma con un copilota.
Glk, la pubblicità che non ti aspetti
Un SUV fuori dagli schemi con un design originale e ben definito con linee definite e angoli determinati.
È questo, in sintesi, il nuovo nato tra i camionetti "compatti" della casa stella con cui Mercedes-Benz ha cercato di dare una finestra di novità in questo settore.
Proprio per il contenuto fuori dal tradizionale, sarà inaspettata e non convenzionale, la comunicazione che accompagnerà il lancio della suv Glk, disponibile nelle sale di esposizione Mercedes-Benz dal prossimo 17 ottobre.
La campagna pubblicitaria che ha accompagnato il debutto della nuova auto ha lanciato una modalità di comunicazione inedita attraverso una campagna pubblicitaria in 3D, utilizzata per la prima volta in Italia da una marca automobilistica.
Un progetto con maxi-poster, articolato in tre fasi diverse, che dominerà la strada centrale dello shopping milanese, via Como, fino al 15 novembre.
La prima fase di questo nuovo tipo di comunicazione inizierà con la presentazione dell'auto in versione stereoscopica e grazie a speciali occhiali distribuiti in via Como sarà possibile vedere la nuova suv in dimensioni quasi reali e in formato tridimensionale.
In effetti, guardando le immagini si avrà l'impressione che la macchina esce fuori dal poster.
Successivamente, grazie all'innovativa tecnologia Elumina8, la nuova GLK sarà illuminata in tempi diversi in tutti i suoi dettagli, per essere ricomposta in un'unica immagine.
Senza dubbio Mercedes con questa pubblicità sta cercando di introdurre qualcosa di nuovo nello stereotipo della comunicazione automobilistica.
Con questa formula riuscirà a catturare l'interesse dei futuri acquirenti?
E' chiaro chi sono i hooligan italiani.
Nel Triveneto, si gioca il divieto di accesso alle manifestazioni sportive.
Ma chi sono queste 150-200 ragazze e ragazzi di cui l'Italia si vergogna ora? fanno parte del gruppo "Ultras Italia" che da anni segue la Nazionale Italiana e che fino ad ora, a dire la verità, non ha mai creato troppi problemi.
E non si erano mai incontrati con i tifosi del rivale.
L'estrazione del gruppo è a destra.
I promotori arrivano dal Triveneto.
Di Verona, Padova, Trieste e Udine.
A questi di Sofia si aggiungono un piccolo gruppo (poche unità, in realtà) della Campania e della Puglia.
Hanno bandiere a tre colori dove è presente la città di origine dei militanti: sabato sera sono state tolte per non essere identificate.
I fan inglesi si ispirano.
In Bulgaria hanno trovato un gruppo di veri fanatici nazisti, i Levski.
La Figc aveva messo a disposizione dei fan italiani 144 biglietti per la partita: tutti già con i nomi, quindi facilmente controllabili.
E il ministro dell'Interno aveva già controllato tutti: tra quelli che erano partiti per Sofia non c'era nessuno con un Daspo (divieto di accesso agli eventi sportivi) in quel momento, nessuno che gli fosse stato proibito di frequentare uno stadio.
A quattro tifosi italiani, che avevano precedenti di criminalità negli stadi, è stato negato il biglietto e anche il viaggio.
Ora il Ministero dell'Interno sta aspettando di leggere i documenti che arrivano dalla polizia bulgara per prendere provvedimenti: in questo caso, è possibile dare il Daspo (divieto di accesso agli eventi sportivi) per almeno cinque anni ai fanatici che sono stati arrestati o che sono stati identificati nei disordini.
Un Daspo (proibizione di accesso agli eventi sportivi) internazionale che impedisce di frequentare non solo gli stadi italiani ma quelli di tutta Europa.
I nostri teppisti non metteranno più piede in uno stadio.
Per fortuna!
Ma ora c'è la paura dell'imitazione: che a quei pochi cinquanta, si aggiungano altri.
"Dobbiamo spegnere immediatamente questo incendio e non legittimare chi si comporta in questo modo", sostengono dal Ministero dell'Interno.
Per questo, "occhi ben aperti" soprattutto in vista del match della Nazionale di mercoledì a Lecce".
In Puglia c'è anche un piccolo nucleo di sostenitori di Ultras Italia.
Domani si riunisce l'Osservatorio, martedì il Cams che può contare anche su una sezione dell'Aise (agenzia di informazione e sicurezza esterna, cioè il servizio segreto, che si occupa di problemi negli stadi.
"I cori di Duce-Duce e il braccio alzato durante l'inno di Mameli?
Questo è il pensiero (espresso in modo poco felice) di Domenico Mazzilli, da poche settimane direttore dell'Osservatorio del ministero dell'interno (ha assunto il posto che prima era di Francesco Tagliente e poi di Felice Ferlizzi).
Mazzilli era stato capo della sicurezza pubblica di Trieste dove c'è un nucleo di sostenitori del gruppo Ultras Italia, fondato nel 2002.
È vero, come dice Mazzilli, che in Bulgaria non è reato festeggiare il Duce ma sì, il comportamento di quei 150-200 fanatici che è stato vergognoso.
"Io non sono un sociologo - aggiunge il numero 1 dell'Osservatorio - le reazioni sono attribuite ai paesi in cui avviene l'evento.
Finora questo gruppo si è comportato bene, ora vedremo cosa è successo e lo terremo in considerazione per il futuro.
Ma parliamo anche dei fischi al hino di Mameli: anche quelli non sono un reato, ma se permettono non sono nemmeno di educazione... "
