Le triomphe des populistes de droite en Autriche, qui ont 29% du total
L'affaiblissement considérable des deux grandes coalitions et le renforcement considérable des partis populistes de droite ont conduit, selon les premiers résultats préliminaires, à des élections législatives anticipées en Autriche.
Le Parti populaire autrichien (ÖVP) a subi des pertes particulièrement importantes, et la position de son président actuel, Wilhelm Molther, est sérieusement ébranlée.
En revanche, le leader de l'Union pour l'avenir de l'Autriche (BZÖ), le gouverneur de la Cour, Jörg Haider, prévoit un retour triomphal à la politique nationale.
Selon les premiers résultats, le parti social-démocrate (SPÖ) reste le plus fort du pays avec 29,8% des voix, mais il a perdu 5,5% des voix par rapport aux dernières élections de 2006.
Le pire est arrivé à l'ÖVP, qui perd 25,6% de ses voix, soit près de 9%.
C'est le pire résultat de ces deux grands partis dans l'histoire de l'Autriche d'après-guerre et surtout chez les populistes qui ont provoqué des élections anticipées, un résultat littéralement catastrophique.
Début juillet, lorsque l'ÖVP a quitté la coalition, les populistes avaient une avance considérable sur le SPÖ.
Mais les électeurs les ont punis pour avoir fait échouer le gouvernement.
Dès les premières réactions aux résultats, on a spéculé sur la possible démission du président du parti et vice-chancelier Wilhelm Molterer.
Les observateurs estiment que cela pourrait arriver dès lundi à la réunion extraordinaire du conseil d'administration du parti.
Une telle évolution faciliterait sans doute la sortie de l'élection, toujours la plus probable, à savoir la restauration de la grande coalition entre le SPÖ et l'ÖVP.
Les deux partis populistes de droite, le Parti populaire (FPÖ) et le Parti social-démocrate (BZÖ), ont obtenu respectivement 18% et 11% des voix, mais les sociaux-démocrates craignent une répétition de 1999 où les populistes et les populistes (alors FPÖ uni, en 2005 séparé de BZÖ) se sont mis d'accord sur un gouvernement commun, qui a même provoqué des sanctions de l'Union européenne.
Haider, qui a déjà déclaré qu'il était prêt à coopérer avec n'importe quel parti, envisage de revenir à Vienne pour une politique nationale.
Le Parti vert a été élu, mais a perdu facilement et est tombé entre les partis politiques autrichiens de la troisième à la cinquième place.
Aucun autre parti n'a apparemment dépassé le seuil de 4% pour entrer au parlement.
Les relations avec l'Inde pourraient se refroidir
Si le problème des scientifiques tchèques accusés d'avoir collecté illégalement des insectes en Inde n'avait pas été résolu, les relations entre la République tchèque et l'Inde auraient été quelque peu dégradées, selon le ministre des Affaires étrangères tchèque, Karel Schwarzenberg.
Le ministre a fait cette déclaration à New York après avoir rencontré son homologue indien, Pranab Mukherjee.
"Si cela n'était pas résolu, alors oui, alors il y aurait un certain refroidissement", a-t-il déclaré après la réunion organisée à l'initiative de la République tchèque.
Mukherjee a déclaré après la réunion que l'exécutif ne peut guère intervenir dans les affaires judiciaires.
Il a toutefois indiqué que dans le cas de Péter Šváka, qui a été acquitté et condamné à une amende, le gouvernement central peut s'entendre avec le gouvernement local de Žilina, dont la juridiction est exercée.
"Son problème pourrait être résolu", a dit le ministre.
Pour Emil Kucher, condamné à trois ans de prison, le mieux serait selon Mukherjee de faire appel à une instance supérieure.
Il peut alors demander la libération sous caution et attendre le verdict en liberté, a-t-il expliqué.
Schwarzenberg a confirmé que son partenaire avait fait la même remarque lors de la réunion.
"Il recommande d'en appeler à la Haute Cour, alors il pourrait être gracié", a déclaré le chef de la diplomatie tchèque.
La seule façon pour la République tchèque de s'impliquer dans cette affaire est de fournir aux condamnés "un soutien juridique compétent", a déclaré le ministre indien.
Il a également indiqué que la partie indienne leur fournissait déjà une aide de ce type.
"Nous avons le plus grand intérêt à maintenir avec l'Inde les meilleures relations qui ont une longue tradition.
Les Indiens le reconnaissent aussi", a déclaré Schwarzenberg.
Il a également souligné que la République tchèque attache une grande importance au problème des entomologistes tchèques.
"Nous considérons vraiment comme une grave erreur d'emprisonner et d'accuser ces scientifiques tchèques", a-t-il déclaré.
Le ministre a évité de répondre à la question de savoir s'il avait reçu la promesse de la part de l'Inde de s'occuper de la situation.
"J'ai déjà reçu assez de promesses", a-t-il déclaré.
La bataille du fond de mer est jugée par le tchèque
Il accède à une carte électronique murale représentant l'Australie et ses zones maritimes adjacentes.
Mais ce qui l'intéresse, ce n'est pas le continent, mais un petit point perdu dans le bleu de l'océan.
"L'île appartient à l'Australie et avec elle le fond marin adjacent.
Mais c'est aussi grand qu'un continent", explique Luigi Santosuosso, un juriste italien qui fait partie de la équipe de 30 personnes de la Division des océans et du droit de la mer.
Son chef, le directeur de la division, l'avocat tchèque Václav Mikulka, suit l'exposition et complète parfois.
Il y a beaucoup de travail et d'enthousiasme.
Le fond marin cache un monde encore méconnu, riche en ressources naturelles.
On y trouve du pétrole, des minerais et d'autres ressources, mais aussi des organismes vivants jusqu'ici inconnus qui pourraient être la clé d'un remède contre le cancer.
Le fond est plus grand que le sol
Les États côtiers se sont lancés dans une lutte acharnée pour de nouveaux territoires sous-marins.
En effet, ils exercent leurs droits en vertu de la convention de l'ONU, qui a été conclue à Montego Bay, en Jamaïque, en 1982.
Il s'agit essentiellement de la zone dite de plage continentale, qui s'étend souvent sur plusieurs centaines de kilomètres au large des côtes d'un pays.
Elle a un droit exclusif sur toutes les ressources du plateau continental.
"En termes simples, le plateau continental est la partie du fond de la mer et de son substrat qui est la continuation naturelle du continent sous la mer.
Il s'étend au-delà de la mer côtière, souvent au-delà de deux cents milles marins, dans une zone dite de zone économique exclusive", explique Mikulka.
La demande de délimitation de la frontière extérieure du littoral par un pays donné à la Commission doit être étayée par une documentation scientifique et technique complète, basée sur de nombreuses études et mesures coûteuses.
Il est le fruit de nombreuses années de travail préparatoire.
"Une de nos tâches est de fournir à la Commission une assistance juridique et technique.
La Commission a examiné à ce jour cinq demandes, en particulier de la Russie, du Brésil, de l'Australie, de l'Irlande et de la Nouvelle-Zélande.
Seuls les trois derniers pays ont réussi jusqu'à présent", ajoute M. Mikulka.
Le monde a récemment été marqué par le succès de l'Australie, qui a été la première à étendre considérablement ses colonies sous-marines.
Mais il a aussi obtenu la Nouvelle-Zélande, dont le fonds de la mer, que le comité lui a attribué la semaine dernière, est d'environ 1,6 million de kilomètres carrés, soit environ six fois la taille du pays.
Les deux pays ont investi des millions de dollars dans la recherche.
Les profits futurs de l'exploitation des fonds marins, comme ils le promettent, seront inestimables.
D'autres États soumettent leurs demandes progressivement.
Ils peuvent le faire jusqu'à dix ans après avoir ratifié la Convention de Montego Bay.
Là où la calotte continentale se termine, commence la zone du fond de l'océan, déclarée par la convention " patrimoine commun de l'humanité ".
Il n'y a plus de pays qui soit le seul à pouvoir le faire.
Le droit de prospection dans cette zone est accordé par une institution internationale créée par la Convention.
"Le fond de la mer n'est pas un Klondaik", dit en exagérant le directeur Mikulka, "les différentes zones sont clairement définies par la loi et leur régime est fixé par un contrat".
Les Tchèques dans le Pacifique
Une partie de ce fonds de mer appartient aujourd'hui à la République tchèque.
Ils sont partagés avec d'autres pays de l'ex-bloc oriental dans le cadre de l'organisation commune "Interoceanmetal".
Elle a obtenu en 1991 le statut d'investisseur pionnier, comme les investisseurs de quelques autres États, en vertu de la Convention.
Il est autorisé à exploiter la zone ClarionClipperton dans l'océan Pacifique, située entre le Mexique, les îles Hawaï et Kiribati.
L'investisseur a exploré une région un peu plus grande que l'ancienne Tchécoslovaquie.
Le fond est articulé, c'est une sorte de réplique sous-marine de Tater.
"On peut y exploiter une superficie totale de 75 000 kilomètres carrés.
La région est riche en dépôts de minerais polymétalliques contenant du nickel, du cuivre, du cobalt et du manganèse", indique l'avocat Ind Pakshi Rajan.
Rober Sandev, un employé macédonien de la division, présente une de ces bétonnes.
Il ressemble à une petite pomme de terre ou, si on y croit un peu, à un motif de légende qui aurait rendu la vie au Golem.
Les forces spéciales allemandes ont été envoyées en libération des otages
Le gouvernement égyptien a demandé l'aide de l'Allemagne pour résoudre la crise des otages - des experts sont arrivés.
Les forces spéciales étaient prêtes à intervenir, mais elles n'ont pas été déployées.
De nouveaux détails sur les circonstances de la libération de onze touristes européens enlevés en Égypte sont en cours de publication.
Les forces spéciales allemandes ont également participé indirectement à l'opération de sauvetage, selon les ministères de la Défense et de l'Intérieur.
Selon les déclarations des ministères, des experts de l'armée fédérale, des membres du groupe antiterroriste de la police allemande GSG9, des escouades de la police fédérale, du bureau criminel fédéral, ainsi que des experts en logistique du service d'assistance technique (Technisches Hilfswerk) étaient présents sur place.
Mais, selon d'autres communiqués des deux ministères, lundi après-midi, les forces allemandes n'étaient pas nécessaires, car les ravisseurs avaient laissé leurs prisonniers partir et s'étaient enfuis, reconnaissant les signes d'une libération forcée.
Le gouvernement égyptien aurait accepté l'aide offerte par l'Allemagne pour soutenir l'opération sur place.
"Cela n'a pas eu lieu, heureusement", a déclaré un porte-parole du ministère de l'Intérieur.
Les assaillants ont enlevé un groupe de voyageurs composé de cinq Allemands, cinq Italiens, une Roumaine et huit de leurs compagnons égyptiens le 19 septembre dans le sud de l'Egypte.
Après avoir été enlevé dans le désert du sud de l'Égypte, les otages ont été transférés dans les zones frontalières entre l'Égypte, la Libye, le Soudan et le Tchad.
L'identité des ravisseurs est restée floue jusqu'au dernier moment, de même que les détails de la libération ou du paiement éventuel de la rançon.
Les sauvages sont en sécurité à Cairo.
Le ministre Steinmeier a déclaré que la libération des otages était sous la responsabilité de l'ambassade d'Allemagne.
Il n'a pas commenté les détails de la libération.
À Berlin, aucune information n'a été communiquée sur le moment où les rescapés seront rapatriés en Allemagne.
Selon le journal Bild, les cinq touristes devraient être transportés par un Airbus de la Luftwaffe et arriver en Allemagne mardi.
La Chambre des représentants a rejeté le plan de sauvetage
La première chambre du Congrès américain a voté à une très faible majorité un plan de sauvetage de 700 milliards de dollars pour les marchés financiers.
Le Dow Jones a plongé de façon spectaculaire.
La Chambre des représentants a rejeté par 206 voix contre 227 le plan de sauvetage du gouvernement pour les marchés financiers.
Malgré les appels du président Bush et des dirigeants des deux partis, la majorité des Américains ne sont pas d'accord pour un programme qui devrait atténuer le chaos sur les marchés financiers.
Des défenseurs de l'action dramatique ont tenté désespérément de convaincre les critiques d'un plan de 700 milliards de dollars.
Frank Barney, l'un des négociateurs démocrates, a demandé au député de donner son accord avant le vote, même si, comme il l'a dit, le plan n'est pas populaire.
"Il est difficile d'obtenir une reconnaissance politique pour avoir évité quelque chose qui n'est pas encore arrivé", a- t- il reconnu.
Pendant le vote, le Dow Jones a chuté de plus de 6%, soit 600 points.
Les investisseurs craignaient que le plan de sauvetage du gouvernement ne soit mis en échec.
Peu avant la fin du vote, la valeur de l'indice a augmenté, pour ensuite redescendre après la notification du naufrage du paquet.
Les experts s'attendent à de nouvelles turbulences sur les marchés financiers internationaux.
Pour que le programme soit entré en vigueur, il faut l'accord de la Chambre des représentants et du Sénat.
Les agents de voyages notent une augmentation du nombre de réservations
L'hiver semble bien pour les touristes allemands:
Selon une étude, le chiffre d'affaires des réservations de voyages pour les mois à venir a considérablement augmenté par rapport à l'année précédente, avec plus de 30% pour la saison hivernale.
Malgré une croissance économique faible, le désir de voyager des Allemands reste intact.
En réservant pour la saison hivernale, les agences de voyages ont enregistré une augmentation de leur chiffre d'affaires de 31% par rapport à la même période de l'année dernière, a indiqué lundi à Berlin la Deutsche Reiseverband (DRV).
Selon une étude réalisée par l'institut d'études de marché GfK, des réservations accrues sont déjà disponibles pour les mois d'automne.
Le chiffre d'affaires de DRV en octobre était ainsi supérieur d'environ 11% à celui de 2007.
Ces résultats sont basés sur les chiffres de GfK, qui analyse chaque mois les données de réservations de 1200 agences de voyages allemandes et les analyse pour le marché global.
Ce résultat a été calculé en tenant compte des réservations de voyages effectuées jusqu'à la fin août 2008.
En raison de la faiblesse du dollar, les voyages aux États-Unis sont particulièrement demandés, a indiqué le DRV.
Pour ces routes, l'augmentation des réservations est d'environ un tiers.
En outre, les Allemands ont particulièrement envie d'aller en Espagne, en Turquie et en Grèce, ainsi que dans leurs eaux intérieures.
Les voyages organisés sont en vogue, a déclaré le président de la DRV, Klaus Laepple.
Compte tenu de la hausse des dépenses d'énergie et de nourriture, les coûts sont "plus faciles à calculer pour le client que pour les vacances organisées individuellement".
Laepple a expliqué que les consommateurs pouvaient économiser de l'argent en bénéficiant, entre autres, de réductions pour les réservations anticipées ou d'offres tout-inclus.
Même pendant les mois d'été, le nombre de réservations était très bon, ce qui signifie que le chiffre d'affaires sera à nouveau plus élevé que l'année précédente - même si, selon une autre étude, le nombre de voyageurs allemands a diminué par rapport à l'année précédente.
Ma première fête de la bière
Des grains de sable répétés sans fin, des bières de bourgeons et des épingles de coiffeuses de grands designers.
La première fois dans une bière.
Susanne Kronzucker et moi n'avons pas vraiment beaucoup en commun.
Elle est blonde, elle est animatrice de télévision et elle porte une coupe faite sur mesure.
Je suis une étudiante, j'ai les cheveux noirs et ma robe est de seconde main.
Mais nous avons un point commun: nous ne sommes pas encore à trois minutes de la bière et déjà les photographes se précipitent sur nous et les cartes mémoire se remplissent à toute vitesse - c'est un compliment, je suis pour la première fois à l'Oktoberfest.
C'est comme ça qu'on se fait des amis.
Mon coup de main a servi à quelque chose.
Je suis une touriste et je vis au nord de l'équateur, donc mon confort en taillis était plutôt limité.
Mais à notre arrivée à Theresienwies, tout est meilleur qu'il n'y paraissait.
Presque tout le monde porte une cravate ou des pantalons en cuir; personne ne se regarde avec dégoût ou gêne - tout est parfaitement normal.
Les regards étranges au coin du stand de bananes en chocolat ne sont que le fruit de mon étalage.
Une fille de Munich me dit que je l'ai mal attachée: "À gauche, vous êtes libre, au milieu, vierge, à droite, mariée, à l'arrière, veuve".
Ils se cachent en faisant tourner leur boucle vers l'arrière à gauche.
"Bien", dit-il et il rit. Il est très gentil.
D'autres, moins enclins à des techniques de flirt subtiles, portent des chapeaux de toile simple avec "To drunk to get dressed!" et se dévoilent sur les fesses nues des passants.
Un jeune homme de cette nature exhibitionniste s'appelle Bob, il vient d'Angleterre et c'est sa première fois à l'Oktoberfest.
Il trouve ça "gorgeous", avec un "ooh" prolongé.
Il me raconte ça après s'être soulagé d'une bouffée de vin.
Juste à côté d'une de ces canalisations que tout le monde prend pour des poubelles.
Bob est donc l'un des redoutables "Wildbiesler", comme on appelle en Bavière les gens qui font pipi en public.
Les autres n'ont pas la chance de se débarrasser de l'alcool de cette façon.
À 8 heures du soir, des équipes de secours se précipitent sur la terrasse où se déroule l'Oktoberfest pour s'occuper des pauvres ivrognes.
Les ambulanciers se présentent toujours en troupeau, une colonne de fourrure à quatre nez, couverte d'une tente à l'autre.
Ils fonctionnent comme la plupart des visiteurs d'une brasserie: vide là-bas, plein là-bas.
On ne voit pas qui se trouve sous le linteau de ce cercueil de pierres.
"Ce sont ceux qui ne peuvent pas continuer", m'appelle un des infirmiers en réponse à ma question et disparaît dans la foule.
La police a révélé le nom de la victime de l'accident
Le nom d'une femme de 63 ans décédée à l'hôpital après avoir été heurtée par une voiture dans l'Essex a été rendu public.
Un accident survenu vendredi après-midi sur Shenfield Road à Brentwood a été le fait de Carole Paulson, qui vit sur Chelmsford Road.
Elle a été transportée à l'hôpital Queen's à Romford, mais est décédée plus tard.
Un homme de 50 ans a été arrêté pour conduite en état d'ivresse.
Il était déjà en liberté sous caution.
Les horizons diplomatiques de la Turquie s'élargissent
Bien avant que la Turquie ne commence à chercher à entrer dans l'Union européenne, les puissances européennes désiraient pénétrer profondément dans les frontières turques.
Sur la rive est du Bosphore, à seulement vingt pas de l'Asie, se dresse l'un des plus beaux monuments de cette ambition impériale ratée.
La gare d'Hydarpaşa a été conçue par deux architectes allemands, Otto Ritter et Helmut Conu, dans un style néo-renaissance.
C'est ce que vous dira le guide touristique.
Le bâtiment est perpendiculaire à l'extrémité des quais, avec une tour à chaque coin de la façade, à la vue indiscernable d'une mairie de province allemande.
La pierre est sale.
Le bâtiment s'effondre.
Mais une fois à l'intérieur de la caisse voûtée, on ne peut plus douter de la grandeur de l'entreprise dont la porte la plus à l'ouest était la gare.
La station a été ouverte en août 1908 par le consortium allemand Anatolia-Bagdad Corporation.
L'Allemagne, qui était en retard dans le jeu de l'empire, avait l'intention de réaliser son ambition de contrôle du Moyen-Orient par le biais de ce chemin de fer qui devait conduire à Damas, Bagdad et plus loin dans ce qui est aujourd'hui l'Arabie Saoudite.
Mais les ambitions impériales allemandes s'effondrent pendant la Première Guerre mondiale.
Leurs lignes ont été attaquées par Lawrence d'Arabie et ses forces irrégulières.
L'isolement relatif des territoires environnants, créé par les frontières gelées de la guerre froide, est révolu.
Les troupes britanniques et coloniales avancent d'Égypte et repoussent les Turcs et leurs alliés allemands en Palestine et en Syrie.
Et il y a aussi eu des mauvaises nouvelles pour la station Hydarpasa.
En 1917, l'explosion d'un train de munitions détruit son toit élaboré.
Des sources turques disent que c'était un sabotage.
Depuis, elle a été envahie par la mort et l'histoire.
Mais aujourd'hui, cette porte d'entrée vers l'Anatolie et plus à l'Est sert, au moins symboliquement, à mettre en lumière les horizons élargis de la diplomatie turque.
Le parti au pouvoir, Justice et Développement (AKP), a créé une nouvelle politique étrangère pour le pays.
L'isolement relatif des territoires voisins, créé par les frontières gelées de la guerre froide, a disparu.
Une nouvelle politique est en place: la Turquie s'engage.
Il est remarquable que le gouvernement turc ait de bonnes relations avec Israël et la Syrie, avec les factions palestiniennes Hamas et Fatah, avec l'Irak et l'Iran, et bien sûr avec l'Union européenne et les États-Unis.
Pour examiner les paramètres de cette nouvelle politique, j'ai pris le train de nuit pour la capitale turque, Ankara, où j'ai rencontré l'un des principaux experts de l'AKP en politique étrangère, le député Suat Kiniklioglu.
Le lendemain matin, environ dix heures et demie plus tard, après un trajet en train en train qui rappelait les rythmes du vieux monde du célèbre documentaire Le Post de nuit, j'arrivai dans la métropole turque, conçue comme une nouvelle ville pour un État laïque qui veut tourner le dos à son passé ottoman.
Cependant, l'AKP, avec ses racines islamistes bien connues, représente un changement de paradigme du consensus turc.
Elle a suscité des soupçons dans l'Ouest, surtout à Washington.
Un taxi m'a amené à la tente principale de l'AKP, un bâtiment ultramoderne en pierre et en métal, construit délibérément sur une banlieue en plein essor, entouré de maisons de commerce à moitié bâties et de magasins de puissance, où les cadres moyens en tenues de travail - hommes et femmes - se rencontrent pour faire des affaires tôt le matin.
Suat Kiniklioglu pourrait très bien être un politicien de centre-droit de presque tous les autres partis politiques européens.
Un gilet, une cravate, je suis sûr qu'il avait aussi un Blackberry.
"Le but de la politique étrangère du parti est de réintégrer la Turquie dans son voisinage.
"La guerre froide était une anomalie", m'a-t-il dit.
La Turquie a été coupée de sa bande.
Il doit regarder l'est et l'ouest en même temps.
Ce n'était pas un choix.
Il fallait faire les deux.
"Mais il y aura sûrement un moment", ai-je dit, "où la Turquie devra peut-être décider ?"
"La Turquie, a-t-il dit, n'a pas souhaité que cette décision soit prise".
Il a ensuite souligné ce que presque tous ceux à qui j'ai parlé ici ont dit presque par cœur: les relations de la Turquie, non seulement avec le Moyen-Orient, mais aussi avec le Caucase et les environs de la mer Noire, sont aussi bénéfiques à l'Europe et aux États-Unis qu'à la Turquie.
Avec la Turquie à bord, il semble que l'Europe dans son ensemble puisse, pour employer une métaphore, se diriger vers l'Est, vers l'Asie et le Moyen-Orient.
De retour à la gare d'Hydarpasha, après une nuit de plus, je pensais à ces deux allemands, Herr Ritter et Herr Cohn, qui ont vu ce bâtiment construit il y a cent ans.
Quelle surprise pour eux de découvrir que les ambitions européennes au Moyen-Orient peuvent maintenant être, pour une part substantielle, dans les mains des Turcs.
Et alors que j'attendais au port le ferry pour traverser le Bosphore, je me suis souvenu que la Turquie était appelée "l'homme malade d'Europe" à l'époque.
Il semble donc qu'il n'y avait pas beaucoup de doute, du moins à l'époque, sur le continent qui aurait dû avoir droit à ce pays fascinant.
Des vies mémorables:
Mark Brown écrit: En tant que directeur de la musique de Guildford depuis 1962, Vernon "Tod" Handley (décès le 11 septembre) était en charge de l'orchestre et de la chorale de la Guildford Philharmonic.
Dans le cadre du programme musical du district, un excellent groupe de jeunes, Proteus, a été créé pour cette année.
Il devait avoir 21 ans, mais quand Proteus a chanté pour la dernière fois en 1979, il y avait plusieurs d'entre nous, près de 30 ans, qui refusaient de quitter le groupe.
Le nom "Proteus" (mythique changeur de forme) représente la volonté et la capacité du chœur à s'adonner à n'importe quelle musique qui lui est présentée - qu'il s'agisse de madrigal ou de messiaen, soit seul ou avec l'ensemble de l'orchestre.
La polyvalence musicale créée par un groupe si jeune était souvent stupéfiante, toujours excitante, et tout cela grâce à l'inspiration d'un seul homme et à une passion pour la musique qui est restée inchangée tout au long de cette période.
Combien de fois Tod nous a-t-il dit de laisser la musique parler d'elle-même.
Il a dit: "Le compositeur sait ce qu'il veut.
Tout est dans la musique.
Alors chantez ! "
Sa technique de rythme était claire et précise, mais elle n'était ni dictatoriale ni florissante.
Quel que soit le niveau de la musique, il l'a toujours élevé.
John Frayn Turner écrit:
Si un chef d'orchestre devait être fait chevalier, ce serait Vernon Handley.
Je l'ai connu bien pendant les deux décennies où il a dirigé la Guildford Philharmonic de 1962 à 1982.
Au cours des 40 dernières années, j'ai passé en revue plus de 100 de ses concerts, et je peux dire avec franchise que je n'ai jamais été déçu par aucun d'entre eux - et que j'ai été inspiré à maintes reprises.
Tod Handley avait une telle combinaison de grandeur et de personnalité modeste.
Il détestait les chefs d'orchestre qui, selon ses propres mots, "trainaient un ou deux pions de plomb dans le monde".
Elle manquera à beaucoup d'entre nous.
Le président de la République
Le professeur John Beckett écrit:
Votre obituary, William Woodruff (25 septembre) affirme qu'il "est retourné en 1946 en histoire économique à Oxford et en 1950 il est devenu chercheur à Houblon-Norman... tout en poursuivant ses études en BSc, MA et PhD".
C'est basé sur les notes de Woodruff dans Beyond Nab End, mais ce n'est pas exact.
Il enseigne l'histoire économique à l'Université de Nottingham de 1946 à 1953, et termine alors son thèse sur l'industrie du caoutchouc britannique, dirigée par le professeur J. D. Chambers, qui sera publiée en 1958 sous le titre British Rubber Industry.
Il a effectivement passé les années 1950-51 en Amérique comme chercheur à l'Université Houblon-Norman et l'été 1952 à l'Université de l'Illinois, à Harvard et à New York.
En 1953, il quitte définitivement Nottingham et se rend dans l'Illinois.
On ne sait pas pourquoi Woodruff a traversé cette partie de sa carrière.
J. Vicente Resino, à la Faculté de philosophie
"Je recommande l'exposition de José Vicente Resina "Flamenco et la vie" parce que ses photographies documentaires en noir et blanc sont vraiment géniales.
J'ai été séduit par la simplicité et la puissance avec laquelle ils ont touché le public, et par la considération et le respect qu'ils ont pour les personnes photographiées.
Une exposition qui montre beaucoup de sensibilité.
Le résine est un moyen de capturer les moments magiques.
Honda fait une deuxième incursion avec son best-seller
En novembre, Honda va lancer la deuxième génération du Jazz.
Si le prédécesseur de ce monocoque avait déjà une grande surface, il offre maintenant un intérieur encore plus spacieux.
À cela s'ajoutent des moteurs améliorés qui améliorent le confort de conduite et permettent de réaliser de plus grandes économies de carburant.
C'est plus une évolution qu'une révolution.
C'est la deuxième génération de la Honda Jazz.
Même si, sur le plan esthétique, la nouvelle Jazz est très similaire à la version précédente, cette voiture à un étage a subi de nombreuses modifications.
Il convient de mentionner, par exemple, une conception innovante, une nouvelle plate-forme, des dimensions plus grandes et de nouveaux moteurs.
Avant de passer à l'examen du nouveau modèle, il est à noter que le nouveau Jazz arrive sur le marché six ans après la première génération.
Donc, la première chose à remarquer est que Honda a eu besoin d'un temps plus court que d'autres constructeurs pour rajeunir ce modèle.
Bien que moins connu en Europe, le Jazz est devenu un phénomène de vente sur d'autres marchés.
C'est le cas au Japon, où le Jazz a été la voiture la plus vendue en 2002, et aussi en 2008.
Le Japon en particulier a vendu près d'un million de Honda Jazz depuis sa sortie.
Le deuxième marché est devenu le Vieux Continent avec environ un demi-million de pièces vendues en six ans.
Mais Honda a pour objectif de faire vendre plus de Jazz dans sa catégorie.
Ainsi, alors qu'en 2007, cette société japonaise avait vendu 83 000 Honda Jazz au total, on estime qu'en 2009, il y aurait eu 100 000 voitures, ce qui représenterait une augmentation de 17% sur le marché européen.
En ce qui concerne le marché espagnol, Honda a vendu un total de 8 000 unités du Jazz depuis 2002, soit 6,7% des ventes totales de Honda en Espagne.
En ce qui concerne la nouvelle génération de Jazz, la direction de la filiale espagnole s'attend à vendre 2 000 unités par an.
C'est précisément l'arrivée du nouveau Jazza qui permettra à Honda de réduire considérablement la baisse des ventes en Espagne.
La direction de l'entreprise s'attend donc à ce que l'année se termine avec 22 000 unités vendues, soit 4 000 de moins qu'en 2007 et une baisse de 16%.
Malgré cette augmentation des ventes, Honda a augmenté sa part du marché espagnol à 1,8% contre 1,6% l'année dernière.
En 2010, cette société japonaise s'attend à atteindre 2%.
Pour atteindre ce chiffre, Honda compte sur le succès de son prochain nouveau modèle.
Il s'agit de la Honda Insight, un hybride cinq portes de taille compacte de 4,37 mètres de long, dont la société japonaise promet des ventes mondiales d'environ 200 000 unités par an.
En ce qui concerne les marchés, le fabricant japonais estime que 50% d'Insight sera vendu aux États-Unis, tandis que le reste sera réparti entre le Vieux Continent et le Japon.
Les ventes de la Honda Insight devraient débuter au début de l'année prochaine, dès qu'elle sera présentée au public à Valence en janvier.
La première génération de Jazz a été élargie à toutes les dimensions.
Sa longueur a été augmentée de 3,9 mètres (environ cinq centimètres de plus), sa largeur de 1,69 mètres (environ deux centimètres de plus) et sa largeur d'essieu de 2,5 mètres, soit une extension de cinq centimètres.
En revanche, sa hauteur n'a pas changé et est toujours de 1,52 mètres.
L'augmentation des dimensions a aussi entraîné une augmentation de l'espace intérieur.
Ces avantages ont été obtenus à la fois par l'utilisation d'une nouvelle plate-forme et par l'installation d'un réservoir de carburant au centre du véhicule, déjà utilisé sur la Honda Jazz précédente.
Le volume de la soute - qui dispose d'un système à double fond - a également été augmenté à 399 litres, soit 19 litres de plus que le volume de la soute de la première génération.
Il est à noter que ces dimensions sont présentes dans la version 1.4 car le volume de la soute de la Honda Jazz 1.2 est de 379 litres.
En plus des éléments extérieurs, tels que les feux à LED ou la possibilité d'un toit panoramique, une autre amélioration est l'accès plus facile aux sièges arrière.
La porte de la deuxième rangée permet un angle d'ouverture de 80 degrés, contre 67 dans le Jazz.
La deuxième génération de Honda Jazz a aussi de nouveaux moteurs.
Au départ, ce petit modèle sera proposé avec deux moteurs essence de 1,2 et 1,4 litres.
Les deux moteurs utilisent la technologie i-VTEC, qui permet une consommation plus faible, moins d'émissions de CO2 et offre d'excellentes améliorations du système de propulsion, tout en offrant un couple élevé à la totalité du tour.
Le premier moteur de 1,2 litre a une puissance de 90 chevaux à 6 000 tours avec un couple maximal de 114 Nm à 4 900 tours.
Ce moteur - qui, dans la Jazz de la génération précédente, détenait 78 chevaux - consomme 5,3 litres et émet 125 grammes de CO2.
Le moteur précédent, qui détenait 83 chevaux de la génération précédente, sera de 100 chevaux.
Le Honda Jazz 1.4 de 100 chevaux a une consommation combinée de 5,4 litres et émet 128 grammes de CO2.
La " voiture abeille " empêche les accidents
Pour faire progresser les technologies de protection contre les accidents, Nissan s'est inspiré de la nature, en particulier des abeilles.
Cette société japonaise a créé un robot qui s'appuie sur les mouvements des abeilles pour éviter les chocs.
C'est le cas du Bio-mimetic Car Robot Drive, ou BR23C, qui est la première étape dans la technologie de prévention des collisions.
Des ingénieurs du Centre de progrès technologiques de Nissan Motor Co. ont développé le robot en collaboration avec le Centre de progrès scientifique et technologique de la prestigieuse université de Tokyo, au Japon.
Selon Kazuhiro Doie, directeur général des relations publiques pour la technologie, la recherche et le développement de la marque, le BR23C est présenté comme une extension des quatre zones du bouclier de sécurité de Nissan.
Le robot est chargé de renforcer la capacité de prévention des collisions des voitures de cette marque.
En vol, chaque abeille se crée son propre espace, une forme ovale qui ressemble beaucoup à un bouclier de sécurité Nissan.
Mais le plus important, c'est que les yeux complexes de l'abeille sont capables de voir dans toutes les directions à un angle supérieur à 300 degrés, ce qui lui permet de voler sans s'arrêter dans son espace personnel.
Pour créer cette fonction visuelle, les ingénieurs ont conçu ce qu'ils ont appelé le Laser Range Finder.
Il enregistre les obstacles situés jusqu'à deux mètres de distance dans le rayon de 180 degrés avant le BR23C, calcule la distance de l'objet et envoie un signal au microprocesseur embarqué qui le transmet immédiatement pour un avertissement de collision.
" Dès qu'un obstacle est détecté, la robotiseuse imite les mouvements de l'abeille et change instantanément de direction en faisant pivoter les roues à un angle plus ou moins droit pour éviter une collision.
La plus grande différence avec n'importe quel système existant est le fait que toutes les manœuvres de manœuvre sont purement instinctives.
Si ce n'était pas le cas, le robot ne serait pas capable de réagir assez rapidement pour éviter les obstacles ", explique Toshiyuki Andoh, directeur du Mobile Lab et ingénieur en chef du projet.
Contrairement à l'abeille, le robot ne peut pas se déplacer de haut en bas ni même en diagonale, son mouvement est limité à deux dimensions et à la direction permise par la rotation de ses roues, mais pas dans l'infini de directions et de possibilités qu'offrent les abeilles.
C'est pourquoi, en plus de l'accélération et de la ralentissement, Nissan a utilisé la fonction de rotation pour empêcher le robot de se heurter.
"L'appareil n'a besoin que de quelques secondes pour traiter l'information et s'en tenir à cette information.
Il ne nécessite pas de mémorisation d'informations ni d'intuition logique des manœuvres précédentes, ce qui lui permet de fonctionner sans interruption avec seulement deux douzaines de kilobytes de mémoire.
Cela peut vous surprendre, mais nous ne parlons pas de giga ou de méga.
C'est la première étape dans le développement d'une nouvelle technologie de prévention des collisions, une technologie que Nissan prévoit d'utiliser dans les voitures de série dans dix ans.
Le robot utilise des batteries lithium polymère qui sont plus légères et durent plus longtemps que les batteries lithium-ion.
Une autre application possible de cette technologie pourrait être l'intégration d'un système de navigation par satellite GPS dans le véhicule, qui permettrait au conducteur d'atteindre son objectif tout en évitant les obstacles.
Profitez de la peur avant de prendre le prêt
Il faut reconnaître que le Trésor américain, en plus d'avoir assez de capitaux pour injecter, n'a pas non plus manqué d'ingéniosité.
Face à la crise, et pour empêcher les Américains de prendre des hypothèques à risque auprès de banques à solvabilité douteuse, il a créé un jeu populaire sur Internet, " Bad Credit Hotel ".
Ou "hôtel de mauvais crédit"... ou hôtel de confusion.
L'hôtel et surtout la réceptionniste sont si sombres qu'on a besoin de réfléchir une, deux, trois fois avant de demander un prêt.
Et surtout, où demander, ce qui est probablement son intention.
Le fait est que le jeu contient des informations utiles, même si elles ne sont pas très détaillées.
C'est un site plus adapté aux jeunes que pour le grand public.
Et quand le jeu est fini ?
Une chambre de rêve apparaît à l'intérieur de l'hôtel.
Un peu, parce que je préfère ne pas parler de maison.
Morgan Stanley ouvre son capital à MUFG
La banque Morgan Stanley annonce que Mitsubishi UFJ Financial Group (MUFG), la plus grande banque du Japon, est entré dans son centre, et qu'elle va dépenser 9 milliards de dollars pour obtenir 21% de son capital.
Une semaine après avoir révélé leur accord préliminaire, les deux banques ont expliqué que MUFG avait l'intention d'acheter 9,9% des actions ordinaires de Morgan Stanley pour un prix unique de 25,25 dollars, ce qui représente un montant total de 3 milliards de dollars.
Le prix négocié est inférieur de 19% à la valeur comptable des titres au 31 août.
MUFG investit six milliards de dollars supplémentaires dans des titres convertibles, qui lui assurent un rendement de 10% et dont le prix de change est de 31,25 dollars.
Morgan Stanley a précisé que l'opération se ferait à un prix unique moyen de 29 dollars, soit 28% en dessous de son cours actuel.
Les actions de Morgan Stanley ont néanmoins perdu 6,79% et étaient à 23,07 $ à 17 heures GMT.
"Cette fusion stratégique représente une opportunité importante pour accélérer la transition de Morgan Stanley vers le statut de banque holding", a expliqué John Mack, directeur général du groupe américain.
Morgan Stanley a adopté ce nouveau statut la semaine dernière, qui lui permet de diversifier ses activités, mais qui le place sous la surveillance de la Réserve fédérale.
Sa fusion avec MUFG confirme également que la crise financière actuelle oblige le plus grand économiste de Wall Street à adopter une approche beaucoup plus prudente qu'auparavant.
Les conditions présentées lundi montrent, entre autres, que l'accord a été modifié au cours des derniers jours: lundi dernier, Morgan a seulement annoncé qu'il vendrait jusqu'à 20% de ses actions aux Japonais pour environ 8,5 milliards de dollars.
"Il y a une semaine, nous pensions", explique à Tokyo Tohijiide Mizuno, directeur général de MUFG, "que notre participation serait constituée exclusivement d'actions ordinaires.
Mais compte tenu de la situation économique et du marché actuel, nous avons voulu minimiser les risques et nous protéger. "
Sur la base d'un prix moyen pondéré, MUFG paiera pour les titres de Morgan Stanley 7% de moins que leur valeur comptable.
Et l'opération entraînera une diminution de la rentabilité de l'action d'environ 20%.
L'accord prévoit que MUFG pourra convertir une année après la date de signature de l'accord la moitié de ses titres de préférence en actions ordinaires, si ces dernières sont échangées pendant un certain temps à un prix supérieur de 50% au cours de change, soit environ 47 dollars.
Morgan Stanley assure que le capital apporté par le MUFG lui permettra de saisir les opportunités d'investissement, de renforcer son bilan et d'accroître sa trésorerie.
Un porte-parole du groupe a refusé de donner des précisions sur les projets stratégiques des deux nouveaux alliés.
Après l'investissement de MUFG, Morgan Stanley devrait bénéficier d'un ratio de solvabilité de niveau 1 d'environ 15%, l'un des meilleurs du secteur.
Morgan a précisé qu'il avait réduit son bilan " sensiblement " depuis la fin du mois d'août.
Les dernières semaines ont été difficiles pour le groupe, car son cours boursier a chuté de moitié, tandis que les coûts d'assurance contre le risque de défaillance lié à la dette ont fortement augmenté.
Les coûts ont rebondi lundi, mais sont restés élevés, autour de 12%.
La semaine dernière, Goldman Sachs, la seule survivante des grandes banques d'investissement de Wall Street après la faillite de Bear Stearns et Lehman Brothers et le rachat de Merrill Lynch, a annoncé qu'elle avait récupéré 15 milliards de dollars, en partie de Berkshire Hathaway, le groupe de Warren Buffett.
Rafael Correa est à Quito, lundi.
Recréer la république autour du socialisme du XXIe siècle.
C'est le projet commun du Vénézuélien Hugo Chavez, de la Bolivienne Eva Morales et de l'Equatorien Rafael Correy.
Le dimanche dernier, le troisième a soumis au vote, à l'instar de ses homologues et amis, le projet de nouvelle Constitution.
Et sa mission est accomplie, puisque 64% des électeurs, selon les résultats officiels, qui couvrent 80% des voix, ont voté "oui" au référendum.
Selon ces résultats, le "non" a obtenu 28% des voix, 7% des votes étaient nuls et 0,7% des bulletins de vote étaient vides.
Pour que le projet de constitution soit adopté, il devait obtenir la moitié des voix plus une.
Deux sondages effectués à l'entrée des bureaux de vote et auprès d'organisations non gouvernementales ont clairement prédit une victoire "oui" dimanche, avec un score de 63% à 70%.
Rafael Correa, de son côté, a réclamé la victoire de sa proposition de constitution dans la nuit de dimanche à lundi.
"La Constitution a été victorieuse sur tous les fronts", a-t-il assuré et félicité les Équatoriens au siège de la province de Guayaquil, à 280 km au sud-ouest de Quito.
Il va sans dire que Rafael Correa a reçu des félicitations de Chavez et Morales, mais aussi de sa homologue chilienne, Michelle Bachelet.
Le vote, qui s'est déroulé dans le calme, selon l'observation de l'Organisation des États américains (OEA), a été sur un texte de 444 points édifiant un "nouveau socialisme" promu par le président.
La proposition de Constitution consacre le pouvoir de l'État sur l'économie en lui réservant la "planification du développement" d'un pays vivant principalement de l'extraction de pétrole par des sociétés étrangères et des devises envoyées par ses émigrés.
La proposition soutenue par Correia, qui a été votée en 2006, étend également les pouvoirs du chef de l'Etat, qui pourra exercer deux mandats de quatre ans consécutifs et pourra dissoudre l'Assemblée.
Correa a déjà annoncé qu'il utiliserait ce pouvoir et qu'il se présenterait pour un nouveau mandat en février 2009.
La Constitution, entre autres, renforce le principe de la gratuité des soins et de l'éducation que le président a commencé à mettre en place dans un pays de 13,9 millions d'habitants où 50% de la population vit sous le seuil de pauvreté.
Enfin, il prévoit également d'interdire la présence de troupes étrangères, mettant ainsi fin à l'accord entre Washington et Quito sur l'utilisation de la base équatorienne comme point de départ des opérations antidrogue américaines.
Au Tchad, 19 otages ont été libérés.
Les forces de sécurité égyptiennes ont enlevé 11 touristes et leurs huit compagnons, qui avaient été capturés il y a dix jours.
Ils sont à Cairo.
Onze touristes européens et leurs huit guides égyptiens, qui avaient été détenus pendant dix jours dans le désert, ont été transportés en toute sécurité lundi dans la capitale égyptienne.
Au cours de la matinée, ils ont été libérés par des commandos égyptiens au Tchad.
Les prisonniers sont arrivés vers 15h30, apparemment en pleine forme, à bord d'un avion spécial, à la base militaire d'al-Maza, à proximité de l'aéroport international du Caire.
Ils ont été immédiatement transportés, sans avoir pu s'exprimer à la presse, à bord d'un hélicoptère vers un hôpital de Maadi, un quartier résidentiel de la périphérie de Cairo, pour y subir des examens médicaux.
"Ils sont totalement sauvés" et "aucune rançon n'a été versée pour les kidnappeurs", a déclaré le ministre égyptien du Tourisme, Zohir Garrana, sur la piste de l'aéroport.
Depuis leur capture le 19 septembre, lors d'un safari en voiture à quatre roues au pied du mont Uanat, à la frontière entre l'Égypte, le Soudan et la Libye, un groupe d'otages a été traîné d'une cachette à l'autre par 35 ravisseurs inconnus.
Le groupe comprend 11 touristes - cinq Italiens, cinq Allemands et une Roumaine - ainsi que huit Égyptiens: deux guides, quatre chauffeurs, un agent de la frontière et le directeur de l'agence Aegyptous, organisatrice de safaris.
Un responsable des forces de sécurité égyptiennes a indiqué que 30 membres des forces spéciales, qui se sont approchés de l'endroit à bord de deux hélicoptères, ont pris la fuite la nuit, juste avant l'aube.
"Il y a eu un échange de coups de feu, la moitié des ravisseurs ont été tués et les autres ont fui", a déclaré cette source, qui souhaite rester anonyme.
Il a indiqué qu'un total de 150 membres des forces spéciales égyptiennes de l'unité "Blitz" avaient été envoyés au Soudan, où ils avaient obtenu le soutien des commandos allemands et italiens.
Le chef de la diplomatie italienne, Franco Frattini, a évoqué le rôle joué par les agents secrets et les forces spéciales italiennes depuis Belgrade, où il se trouve actuellement.
"Nous devons reconnaître que nous avons obtenu ce résultat grâce au professionnalisme et à l'efficacité des gens de nos services secrets, des forces spéciales", a-t-il déclaré sans plus de précisions.
Il a également nié que la rançon ait été payée.
Le 1er janvier 2014, le commandant de la force de défense soudanaise a été arrêté par les forces de sécurité soudanaises.
L'armée a affirmé qu'ils étaient liés à un groupe rebelle du Darfour, le Mouvement pour la libération du Soudan - Unité (SLA-U), ce que ce mouvement a immédiatement rejeté.
Les lettres - La majorité silencieuse du ministère de la culture
Le débat sur le financement de la culture fait la une des journaux et fait l'objet d'une campagne électorale en cours.
C'est encore mieux.
Mais il y a un aspect de notre vie culturelle qui est toujours négligé.
Qui se lève pour détourner les misérables sommes versées à des petits musées, des archives, des fouilles archéologiques et des sites nationaux qui meurent de faim ?
Quel politicien oserait rappeler au gouvernement fédéral qu'il néglige ses monuments et ses bâtiments historiques ?
Que, au Québec, comme au Canada, nous n'avons pas de lois qui protègent vraiment notre patrimoine culturel ?
Saviez-vous que le gouvernement français consacre trois millions et demi d'euros à la restauration du château de Chinon, dans la Loire ?
Chez nos voisins américains, il est écrit dans la Constitution que la protection du patrimoine culturel fait partie de la culture des Américains et que ce patrimoine doit être protégé par tous les citoyens, tous les élus et toutes les organisations régionales, et cela en concertation.
Au Québec, la Fédération des sociétés d'histoire du Québec, regroupe au moins 40 000 bénévoles regroupés en 211 sociétés d'histoire, de monuments, d'archives et de généalogie, qui s'emploient à révéler l'histoire, à conserver des tas d'archives privées et à protéger les vestiges archéologiques pour quelques sous.
Souvent, ce sont ces sociétés qui sont les chiens de garde de nos monuments, que les désespérés protestent quand les promoteurs et les responsables lancent leurs bulldozers sur les vieilles pierres et les cimetières oubliés.
On va enfin avoir une tribune pour l'histoire et les monuments ?
Banque Fortis, une filiale des gouvernements du Benelux
Les États du Benelux aideront la banque belgo-néerlandaise Fortis, la première en Europe à avoir été en difficulté en raison de l'effet généralisé de la crise du marché américain des hypothèques, par une nationalisation partielle: les trois pays soutiendront l'institution monétaire et d'assurance, qui a également une participation en capital en Hongrie, pour un montant de 11,2 milliards d'euros.
C'est ce que les gouvernements belge, luxembourgeois et néerlandais ont convenu ce week-end au plus haut niveau, en présence du président de la Banque centrale européenne et de la commissaire européenne à la concurrence.
Fortis est la première banque de la zone euro à être plongée dans une crise majeure dans le contexte d'une crise des marchés financiers internationaux qui s'est propagée en vagues depuis plus d'un an et les décisions prises en la matière pourraient être considérées comme des précédents dans un certain sens.
Selon la décision rendue dimanche soir, les trois pays achèteront près de la moitié (49%) des actifs de la banque.
La banque va certainement vendre une partie de ses participations, notamment les actifs - essentiellement d'assurance - qu'elle a acquis l'an dernier auprès de la banque néerlandaise ABN Amro.
Les actions de la banque Fortis ont commencé à chuter fortement la semaine dernière, et dans la seconde moitié de la semaine, des signes de crise sérieux ont commencé à apparaître dans l'institution.
Mais les analystes s'accordent à dire qu'avec ses 85.000 employés, la banque est trop grande pour être laissée à l'abandon.
Les actions de la société ont chuté de 12% vendredi, à leur plus bas niveau en 14 ans.
Depuis janvier, la valeur de l'action a chuté de plus des deux tiers.
Compte tenu des cours actuels des actions, la valeur marchande totale du groupe s'élève à environ 14 milliards d'euros, mais selon les dirigeants de la société, cela est irréaliste.
La direction de Fortis accuse la chute de ses actions de l'incertitude sur le marché étranger liée à l'adoption d'un plan américain d'un montant de 700 milliards de dollars.
Lundi, les actions avaient déjà légèrement augmenté.
Le nouveau directeur général, Filip Dierckx, a été nommé vendredi.
L'institut de la monnaie a aussi cherché des acheteurs privés, mais personne n'a encore fait une offre plus sérieuse.
Le gouvernement belge a déjà déclaré que les investisseurs n'avaient pas à s'inquiéter, qu'ils ne perdraient pas leur argent.
Les clients de la banque n'ont pas encore paniqué et les succursales n'ont pas encore été attaquées.
En Hongrie, Fortis dispose d'une filiale indépendante et a également acquis plusieurs sociétés de leasing.
Un renard dans une poule
En Amérique, les compagnies d'assurance vie et de santé refusent souvent de souscrire à un contrat d'assurance en fonction des données sur les médicaments que les gens achètent.
Les experts en protection des données craignent que le marché des données ne devienne incontrôlable.
"Il existe un programme de protection des données qui lie l'utilisation des données de prescription de médicaments à l'autorisation de la personne concernée dans chaque cas.
Il faut qu'il soit géré par quelqu'un d'indépendant, sinon nous confions la volaille à un renard", a déclaré le Washington Post, citant Richard Dick, auteur d'un programme de surveillance des ordonnances.
Les compagnies d'assurance font dépendre les montants d'assurance et de remboursement des événements assurés de l'état de santé des personnes intéressées et, si le risque est jugé trop important, elles ne souscrivent pas d'assurance contre celui-ci.
Auparavant, ils n'envoyaient les intéressés pour des examens médicaux et ne concluaient un contrat qu'après avoir eu connaissance des résultats.
Il y a dix ans, Dick a mis au point un système beaucoup plus simple: un numéro d'identification permettant à un client de pharmacie de savoir facilement quels médicaments il a achetés au cours de la dernière année et demie, et le programme lui- même déduit quels sont ses problèmes de santé et quel est son état de santé.
Par exemple, si elle achète régulièrement des médicaments anti-cholestérol, cela indique qu'elle a des taux de lipides dans le sang pratiquement incontrôlables, ce qui la place immédiatement dans la catégorie à risque.
Il existe plusieurs versions du programme, certaines déterminant le coefficient de risque, ce qui laisse peu de travail à l'assurance, sauf la paperasse, mais quelques petits problèmes se posent.
Les inconvénients sont que les léckter peuvent être utilisés à plusieurs fins, certains composés sont utiles contre les migraines et les accès de chaleur, par exemple, mais ils sont aussi efficaces contre la dépression.
Ces derniers constituent, du point de vue des assurances commerciales, un facteur de risque important, alors que les premiers ne le sont pas.
Des sociétés ont été créées pour demander et traiter ces données, qui demandent la permission des patients avant de pouvoir obtenir les informations nécessaires des pharmacies.
Ils sont maintenant contraints par les autorités, même si elles ne les punissent pas pour leur négligence.
Depuis peu, certaines sociétés ont même intégré des analyses de laboratoire aux données sur les médicaments, ce qui leur permet de fournir une image encore plus précise de l'état de santé des patients.
L'accès aux données est de plus en plus étendu à de plus en plus d'entreprises, ce qui rend leur contrôle de leur utilisation de plus en plus difficile.
Il existe une loi spéciale sur la protection des données sur l'état de santé, mais son effet ne concerne que les fournisseurs de services de santé et les compagnies d'assurance.
Un projet de loi qui donnerait aux autorités le pouvoir de contrôler les entreprises spécialisées dans la fourniture de données est devant le Congrès.
Richard Dick reconnaît que cela ne suffit pas: c'est pourquoi il a développé son programme de manière à ce que la transmission de données soit liée à l'accord explicite de la personne concernée.
Il est différent d'un homme qui peut à peine refuser l'autorisation, sans quoi les compagnies d'assurance ne concluront pas de contrat avec lui.
Les poules sont donc quelque peu dépendantes de la bonne volonté du renard.
Les produits de la pêche
L'Union européenne et l'Inde doubleront leurs échanges commerciaux
L'Union européenne et l'Inde étant des principaux partenaires commerciaux l'un de l'autre, ce thème a été placé en tête de l'ordre du jour de la neuvième réunion au plus haut niveau, en plus d'autres thèmes principalement mondiaux.
Aujourd'hui, un sommet franco-indien sera également organisé, qui portera principalement sur la coopération dans le domaine de l'énergie atomique.
L'Union européenne reconnaît que l'Inde est une puissance démocratique émergente qui devrait avoir plus de voix dans les affaires internationales, mais les pays membres n'ont pas encore trouvé de commun nommateur pour soutenir l'adhésion de New Delhi au Conseil de sécurité de l'ONU.
La question n'a pas été abordée plus avant lors de la neuvième réunion de haut niveau qui s'est tenue hier à Marseille.
Le président français Nicolas Sarkozy, en tant que président de l'Union, le président de la Commission européenne, José Manuel Barroso, et le haut représentant pour la politique étrangère, Javier Solana, ont accueilli le Premier ministre indien Manmohan Singh, avec qui ils ont également convenu de doubler le volume des échanges commerciaux, soit plus de cent milliards d'euros, dans les cinq ans à venir.
Étant donné que les échanges commerciaux ont augmenté de 25 à 55 milliards entre 2000 et 2007, ce n'est pas un objectif trop ambitieux.
En signe de ce fait, les 26 accords bilatéraux déjà existants avec l'Inde sur l'aviation civile ont été harmonisés sur le plan juridique, donnant ainsi un avenir vert au transport aérien.
L'Inde souhaite signer un accord de libre-échange avec l'Union avant la fin de 2009.
Sarkozy a promis de faire avancer les négociations.
L'objectif est de rattraper la balance, alors que l'UE est le premier partenaire commercial de l'Inde, New Delhi se situe à la neuvième place parmi les partenaires commerciaux de l'UE.
Le sommet a également porté son attention sur les questions mondiales.
Les deux parties ont condamné la situation en Afghanistan et au Pakistan et le terrorisme sous toutes ses formes et ont appelé à la convocation rapide d'une conférence des Nations unies.
Ils ont également préconisé la fin des négociations commerciales de Daulah, bien que les deux aient largement contribué à son échec jusqu'à présent.
L'Union européenne a confirmé qu'elle allait persévérer dans son programme énergétique et climatique, en s'engageant à réduire ses émissions de substances nocives d'au moins 20% d'ici à 2020.
L'Inde a également accepté cette proposition, ainsi que la nécessité d'un accord mondial pour réduire de 50% d'ici 2050 les émissions de gaz à effet de serre à l'occasion de la conférence sur le climat qui doit se tenir l'année prochaine.
Les deux parties sont également favorables à la prévention de la hausse des prix alimentaires et à la convocation d'une conférence internationale pour examiner la crise financière.
Le Premier ministre indien se rend aujourd'hui à Paris pour un sommet bilatéral sur les énergies nucléaires.
Paris est persuadé que les entreprises françaises seront les acquéreurs des 20 milliards d'euros de contrats de construction de réacteurs nucléaires indiens.
Selon les rapports de l'agence, l'accord devrait être valable 15 ans.
À Francfort, plus de 300 éditeurs italiens
La participation de grands éditeurs italiens à la foire internationale du livre de Francfort.
Plus de 300 éditeurs italiens participeront à la 60ème édition de la Buchmesse, le plus important rendez-vous international pour l'échange de droits.
Le Salon international du livre de Francfort attend cette année plus de sept mille exposants de cent un pays différents, qui occuperont 171.790 mètres carrés de salon avec plus de quatre cent trois mille titres à voir, avec la Turquie comme invité d'honneur.
Le vice-ministre de la Culture, Francesco Maria Giro, représentera le gouvernement italien lors de la cérémonie d'inauguration du pavillon italien: l'Italie participe en effet institutionnellement avec le Punto Italia, sur une surface d'exposition de 264 mètres carrés.
Il sera suivi d'une rencontre avec la presse dans la salle de la structure de la foire, dans le pavillon 5.0: l'occasion de présenter les chiffres, les tendances et les perspectives concernant la situation de l'édition en Italie.
Selon les données, la valeur des livres d'auteurs étrangers diminue continuellement par rapport à la production italienne totale, notamment en ce qui concerne la littérature pour enfants et les adultes.
L'avion de Steve Fossett, un milliardaire disparu il y a un an, a été retrouvé.
Les restes de l'avion de Steve Fossett, le milliardaire, qui a disparu le 3 septembre 2007 en survolant le désert du Nevada, ont été retrouvés.
Les restes ont été découverts sur une plaine de montagne à 3000 mètres d'altitude, dans la région des Mammoth Lakes, dans la Sierra Nevada, à la frontière entre la Californie et le Nevada.
Mais il n'y avait pas de restes humains à l'intérieur de l'avion.
Le shérif du comté de Madera, John Anderson, a dissipé les doutes qui subsistaient: "L'avion a été retrouvé, nous avons envoyé une équipe et nous sommes maintenant certains qu'il s'agit exactement de celui dans lequel Steve Fossett a volé le jour de sa disparition", a- t- il déclaré lors d'une conférence de presse.
Le shérif a précisé qu'aucune trace de corps humain n'a été retrouvée dans l'avion ni dans les environs.
Le milliardaire de 63 ans est considéré comme mort depuis février.
Le Bureau de la sécurité des transports des États-Unis (NTSB) a annoncé que quelques heures après la reconnaissance des débris, une équipe d'enquête a été envoyée et a finalement identifié l'avion: il s'agit précisément d'un Bellanca 8kcab, disparu depuis le 3 septembre 2007, lorsque Fossett a décollé de Yerington, Nevada, pour un vol de trois heures.
Hier, toujours en Californie, non loin de la frontière avec le Nevada, des objets personnels de Fossett ont été trouvés par un couple près de leur maison de Mammoth Lakes.
Il s'agit de deux documents portant le nom de Fossett, tous deux émis par l'administration de l'aviation fédérale de l'Illinois, d'une somme d'argent et d'un manteau.
La recherche de Fossett a été suspendue un mois après sa disparition.
Le milliardaire a gagné une place dans l'histoire grâce à une longue collection de titres.
En 2002, à sa sixième tentative, il est devenu le premier homme à faire le tour du monde en ballon à air: deux semaines de vol en solo.
Trois ans plus tard, il a fait le tour du monde en avion sans atterrir.
Parmi ses nombreux records, il compte un vol à 15.445 mètres d'altitude, au-dessus des Andes, bien que sous copilote.
Glk, une publicité inattendue
Un Suv insolite, avec un design original et des lignes de découpage bien définies, des surfaces larges et des angles précis.
C'est, en bref, le dernier né du GLC des jeep compacts de la maison de la star, avec lequel Mercedes-Benz a tenté d'introduire une vague de nouveauté dans ce secteur.
C'est grâce à son design inhabituel que la communication qui accompagne le lancement du Suv Glock, et qui sera disponible dans les salles Mercedes-Benz à partir du 17 octobre prochain, sera aussi inattendue et non conventionnelle.
De cette manière, la campagne publicitaire qui accompagnera le lancement du nouveau véhicule lancera également un mode de communication non officiel grâce à une campagne de poster futuriste en 3D, qui sera ainsi utilisée pour la première fois en Italie pour la marque automobile.
Le projet de maxi-posters, divisé en trois phases distinctes, dominera la principale place d'affaires de Milan, Corso Como, jusqu'au 15 novembre.
La première phase de ce nouveau type de communication commencera par la présentation de la voiture en vision stéréoscopique et, grâce à des lunettes spéciales qui seront distribuées près de Corsa Como, il sera possible de voir la nouvelle Suv en dimensions quasi réelles et en format 3D.
En fait, si vous regardez cette image, vous avez l'impression que la voiture sort de la plaque.
Ensuite, grâce à l'utilisation de la technologie innovante Elumina8, la nouvelle Glk sera éclairée à différents moments dans toutes ses nuances, pour ensuite se reconstruire en une seule image.
Mercedes essaie sans doute de faire entrer quelque chose de nouveau dans le domaine de la communication automobile.
Pourra-t-il ainsi attirer l'attention de futurs clients?
On sait qui sont les voyous italiens.
Des Trivenets, ils ont risqué Daspo.
Qui sont les 150 ou 200 garçons et filles dont l'Italie est honteuse, qui font partie de l'Ultras Italia, qui ont suivi la Nationale Azur depuis des années et qui, honnêtement, n'ont jamais fait d'exagéré ?
Elle n'a même jamais rencontré de fans de l'adversaire.
L'orientation du groupe est à droite.
Les fondateurs sont venus de Trivenet.
Il y a des Verons, des Padoue, des Triest et des Udine.
À Sofia, des groupes (en fait, peu de groupes) de Campanie et de Puglia se sont joints à eux.
Ils ont des drapeaux tricolores qui indiquent les villes d'origine des participants: ils ont été retirés le samedi soir pour ne pas être reconnus.
Ils s'inspirent des fans anglais.
Ils ont trouvé de vrais fans de nazis en Bulgarie, Levsky.
Figc a mis à la disposition des fans italiens 144 billets pour le match: tous à l'identique, donc faciles à contrôler.
Et Viminale a effectivement vérifié tous ceux qui sont allés à Sofia, il n'y avait personne avec Daslo en cours, personne qui n'était pas autorisé à visiter les stades.
Les quatre supporters bleus qui avaient des infractions antérieures au stade ont été refusés d'entrée et interdits de match.
Maintenant, le Viminale attend de lire les informations qui arrivent de la police bulgare, puis il prend des mesures: Dans ce cas, il est possible de donner Daspo pour cinq ans au moins aux fans qui ont été arrêtés ou ceux qui ont été identifiés pendant les émeutes.
Le Daspo international, qui interdit de visiter non seulement les stades italiens, mais aussi l'ensemble de l'Europe.
Nos voyous ne peuvent plus entrer dans un stade.
À la chance.
Mais maintenant, il y a la crainte de l'émulation: cela signifie que plus de 150 personnes vont être ajoutées.
"Nous devons éteindre ce feu immédiatement et ne pas justifier ceux qui se comportent de cette manière", confirme Viminal.
"Oeil ouverts, surtout pour le match de la nation à Leche mercredi".
C'est en Puglia qu'il y a un petit groupe de supporters.
Demain, l'Osservatorio, qui compte sur une partie de l'Ais, qui s'occupe des problèmes des stades, se réunit.
"Le chef-dirigeant du chœur et les bras tendus pendant l'hymne de Mameli, ce n'est pas un crime en Bulgarie".
C'est le point de vue de Domenica Mazzilli (exprimé d'une manière vraiment peu heureuse), qui est depuis quelques semaines directeur de l'Observatoire Viminale (il a pris la place qui était autrefois celle de Francesco Tagliente puis de Felice Ferlizzi).
Mazzilli était auparavant le quaestor de Tersto, où se trouve le noyau des partisans d'Ultras Italia, fondés en 2002.
C'est vrai, comme le dit Mazzilli, qu'en Bulgarie, il n'est pas un crime de célébrer le leader, mais bien sûr, le comportement de ces 150-200 fans est une honte.
"Je ne suis pas sociologue - ajoute l'observateur numéro un - les crimes sont attribués au pays où ils se sont produits.
Jusqu'à présent, ce groupe a été restreint, mais nous allons maintenant examiner ce qui s'est passé et évaluer l'avenir.
Mais parlons aussi du sifflement de l'hymne de Mameli: ce n'est pas non plus un crime, mais si vous permettez, c'est une grossièreté... "
