Triumph der populistischen Rechten in Österreich, zusammen 29%
Die vorgezogene Wahl des österreichischen Parlaments hat nach den ersten ungefähren Ergebnissen zu einer spürbaren Schwächung beider Parteien in der gegenwärtigen großen Koalition und zu einer deutlichen Stärkung der Partei der populistischen Rechten geführt.
Die österreichische Volkspartei (OVP) hat starke Verluste erlitten, wobei die Position des derzeitigen Präsidenten, Wilhelm Molterer, ernsthaft erschüttert wird.
Im Gegensatz dazu bereitet der Vorsitzende der Bündnis für die Zukunft Österreichs (BZO), der Regierungschef der Region Karinth, Jörg Haider, seine triumphale Rückkehr in die nationale Politik vor.
Die SPÖ ist nach den ungefähren Ergebnissen mit 29,8 Prozent die stärkste Partei des Landes und verliert damit 5,5 Prozent der Stimmen im Vergleich zu den letzten Wahlen im Jahr 2006.
Schlimmer ist es noch mit der OVP, die mit 25,6 Prozent, fast neun Prozent der Stimmen, verloren hat.
Es sind die schlimmsten, buchstäblich katastrophalen Ergebnisse in der Geschichte dieser beiden großen österreichischen Parteien seit der Nachkriegszeit und besonders für die Volkspartei, die diese vorgezogenen Wahlen einberufen hat.
Noch Anfang Juli, als die OVP aus der Koalition stieg, hatten die Volksparteien im Hinblick auf ihre Präferenz gegenüber der SPO einen beträchtlichen Vorteil.
Klar ist jedoch, dass die Wähler sie dafür bestraft haben, dass sie die Regierung zum Scheitern gebracht haben.
Schon in den ersten Reaktionen auf die Ergebnisse wurden Spekulationen über den Rücktritt des Parteivorsitzenden und bis heute des Vizekanzlers, Wilhelm Molterer, geäußert.
Beobachter glauben, dass dies bereits am Montag bei der außerordentlichen Sitzung des Vorsitzes der Partei erreicht werden könnte.
Die Kommission hat sich in der Vergangenheit bemüht, die Wahlen in den vergangenen Jahren zu verhindern, und hat sich in der Vergangenheit auch in der Vergangenheit bemüht, die Wahlen in den vergangenen Jahren zu verhindern.
Da die beiden populistischen Rechten - die Liberalen (FPO) mit rund 18 Prozent und die BZO mit elf Prozent der Stimmen stärker werden - und die Sozialdemokraten gleichzeitig ihre Befürchtungen äußern, dass sich das gleiche wiederholen wird wie 1999, als die Volksparteien mit den Populisten (damals eine Einheit, aber 2005 aus der BZO ausgetreten) für eine Koalitionsregierung verhandelten, die sogar eine Sanktion der Europäischen Union erhielt.
Haider setzt eindeutig auf diese Entwicklung. Er hat bereits angekündigt, mit jeder Partei zusammenzuarbeiten und seine Rückkehr nach Wien in die nationale Politik zu übernehmen.
Auch die Grüne Partei gelang es, ins Parlament zu kommen, obwohl sie leicht verloren hat und von Platz drei auf Platz fünf unter den österreichischen politischen Parteien zurückgegangen ist.
Kein anderer Partei hat die Grenze von vier Prozent deutlich überschritten und ist daher nicht Teil des Parlaments.
Schwarzenberg: Beziehungen zu Indien könnten abkühlen
Wenn die Tschechischen Wissenschaftler, die in Indien wegen illegaler Käfer-Sammelung angeklagt wurden, nicht zur Lösung gebracht werden, könnte dies zu einer Abkühlung der Beziehungen zwischen Tschechien und Indien führen, so der Außenminister Karel Schwarzenberg.
So äußerte sich der Minister in New York nach dem heutigen Treffen mit seinem indischen Amtskollegen Pranab Mukherjee.
"Wenn das nicht gelöst wird, dann wird es sicher zu einer Abkühlung kommen", sagte er nach der von der Tschechischen Republik organisierten Tagung.
Mukherjee sagte nach der Begegnung, dass sich die Exekutive schwer in rechtliche Angelegenheiten einmischen kann.
Er erklärte jedoch, dass in dem Fall von Petr Švácha, der von der Anklage befreit und mit einer Geldstrafe bestraft wurde, die Regierung mit der Darjiling-Loralregierung, in deren Gerichtsbarkeit die Angelegenheit fällt, verhandeln kann.
"Ihr Problem könnte gelöst werden", sagte der Minister.
Für Emil Kučera, der zu drei Jahren Gefängnis verurteilt wurde, wäre es laut Mukherjee am besten, wenn er an die höchste Instanz appelliere.
Danach kann er die Freilassung der Anklage beantragen und in Freiheit das Urteil abwarten, erklärte er.
Schwarzenberg bestätigte, dass sein Kollege sich während des Treffens in ähnlichen Worten ausdrückte.
"Er empfiehlt, einen Rechtsbehelf beim Obersten Gerichtshof zu erheben, und dann wäre eine Begnadigung möglich", sagte der Chef der tschechischen Diplomatie.
Die einzige Möglichkeit, wie die tschechische Seite in die Angelegenheit eintreten kann, besteht darin, dem Verurteilten eine "kompetente rechtliche Unterstützung" zu gewähren, sagte der indische Minister.
Außerdem sagte er, daß die indische Seite bereits solche Unterstützung erhält.
"Wir haben ein großes Interesse an der Erhaltung der besten Beziehungen mit Indien, die eine lange Tradition haben.
Die Indianer erkennen das auch", sagte Schwarzenberg.
Außerdem, wie die ČTK sagte, betonte sie gegenüber ihrem Kollegen, dass die Tschechische Republik das Problem tschechischer Entomologen als sehr wichtig erachte.
"Wir halten es für einen großen Fehler, diese tschechischen Wissenschaftler zu verhaften und zu verurteilen", kündigte er an.
Der Minister vermied die Antwort auf die Frage, ob er von der indischen Seite die Zusage erhalten habe, sich mit der Angelegenheit zu befassen.
"Ich habe viele Versprechen erhalten", stellte er nur fest.
Ein Tschechischer Schiedsrichter bei einem Kampf auf dem Meeresboden
Ich gehe zu einer elektronischen Wandkarte, auf der Australien als Meeresland dargestellt ist.
Es interessiert ihn jedoch nicht der Kontinent, sondern ein kleiner Punkt, der im blauen Ozean verloren ist.
"Die Insel gehört zu Australien und mit ihr auch der umgebende Meeresboden.
Die Region ist gleichzeitig so groß wie ein Kontinent", sagt der italienische Rechtsanwalt Luigi Santosuosso, der zu den 30 Mitgliedern des UNO-Teams für das Recht auf Ozeane und Meere gehört.
Ihr Chef, der Direktor der Abteilung, der tschechische Rechtsanwalt Václav Mikulka, verfolgt die Ausstellung und führt sie manchmal durch.
Er regiert diese Arbeitsneigung und Begeisterung.
Der Meeresgrund verbirgt bis heute eine wenig bekannte Welt, reich an natürlichen Quellen.
Man kann Erdöl und andere mineralische Rohstoffe finden, aber auch bislang unbekannte Organismen, die selbst den Schlüssel zur Entwicklung von Medikamenten gegen Krebs tragen.
Der Grund ist größer als die Festung
Die Küstenländer haben heute begonnen, heftig um neue Territorien unter dem Meer zu streiten.
Nach dem UN-Vertrag profitieren sie von den Rechten, die sie 1982 in Montego Bay in Jamaika vereinbart haben.
Es handelt sich hauptsächlich um die sogenannte Kontinentalgrenze, die sich manchmal einige hundert Kilometer von der Küste des jeweiligen Landes entfernt erstreckt.
Der Vertrag sieht ihm die ausschließlichen Rechte auf alle Ressourcen der Festland-Rand.
"Kontinentalrand bedeutet einfach den Teil des Meeresbodens und dessen Oberfläche, der die natürliche Fortsetzung des Kontinents unter Wasser darstellt.
Es reicht bis an die Grenze der Meeresküste und oft bis an die Grenze der 200 Seemeilen, also bis zur reinen Wirtschaftszone", erklärt Mikulka.
Der Antrag, den das betreffende Land bei der Kommission auf die Abgrenzung der Außengrenzen der Festlandgrenze stellt, muß mit wissenschaftlich-technischer Dokumentation, die auf Untersuchungen und Maßnahmen beruht, beigefügt werden.
Es ist das Ergebnis einer Reihe von Jahren der Vorbereitung der Arbeit.
"Eine unserer Aufgaben ist es, eine Kommission zu organisieren, die technische und rechtliche Hilfsmittel für Spezialisten bereitstellt.
Die Kommission hat bis heute fünf Anträge aus Russland, Brasilien, Australien, Irland und Neuseeland bearbeitet.
Bisher sind nur die der drei letztgenannten Länder vorne gekommen", ergänzt Mikulka.
Vor nicht allzu langer Zeit hatte Australiens Erfolg weltweite Auswirkungen, da es das erste Land war, das seine Meeresherrschaft wesentlich erweiterte.
Aber auch Neuseeland hat es geschafft - die Meeresbodenfläche, die die Kommission ihm letzte Woche zugeteilt hat, beträgt 1,6 Millionen Quadratkilometer, das heißt fast sechsmal so groß wie das Land selbst.
Beide Länder haben Millionen Dolores für ihre Studie investiert.
Die Gewinne aus der Nutzung des Meeresgrundes werden, wie versprochen, unbezahlbar sein.
Auch andere Staaten stellen nach und nach ihre Anträge.
Sie können dies bis zu zehn Jahre nach der Ratifizierung des "Vertrags von Montego Bay" tun.
Dort, wo die Kontinentalrandlinie endet, beginnt die Region des Meeresboden, die vom Vertrag zum "gemeinsamen Erbe der Menschheit" erklärt wurde.
Hier hat keine Nation eine exklusive Position.
Die Verträge, die von internationalen Institutionen erlassen wurden, regeln die Nutzung der Ressourcen in diesen Gebieten.
"Die Meeresgrundfläche ist jedoch keine Goldmine", betont Direktor Mikulka und fügt hinzu, "dass ihre getrennten Gebiete rechtlich und klar beschränkt sind und ihre Regelung vertraglich festgelegt ist".
Die Tschechen im Pazifik
Und heute gehört ein Teil des Meeresbodens auch der Tschechischen Republik.
Sie wird mit anderen Ländern des damaligen Ostblocks innerhalb der gemeinsamen Organisation "Interoceanmetal" geteilt.
Die Kommission hat sich in diesem Bereich mit der Kommission befaßt.
Sie hat die Erlaubnis, in der Clarion-Clipperton-Region im Pazifischen Ozean zwischen Mexiko, den Hawaii-Inseln und Kiribati zu explodieren.
Die von dem Investor zu untersuchende Region ist etwas größer als die ehemalige Tschechoslowakei.
Der Boden dort ist uneben, es handelt sich um so etwas wie eine Marine-Replik der Tatra.
"Eine Fläche von insgesamt 75.000 Quadratkilometern kann genutzt werden.
Die Gegend ist reich an polymetallic Betonvorkommen, die Nickel, Kupfer, Cobalt und Mangan enthalten", fügt der indische Anwalt Pakshi Rajan hinzu.
Ein mazedonischer Mitarbeiter der Division, Rober Sandev, bringt uns ein Beispiel für diese Art der Konkretisierung.
Er erinnert an eine kleine Kartoffel oder mit etwas Fantasie an den Shem, der den Golem laut der Legende wieder lebendig machte.
Während der Befreiung der Geiseln war das deutsche Spezialeinheit am Ort der Aktion.
Um die Geiselnahme zu lösen, hatte die ägyptische Regierung die deutsche Hilfe gefordert - die Experten kamen.
Als die Situation ernst wurde, standen die Spezialkräfte bereit, aber die Operation wurde nicht durchgeführt.
Die Umstände der Befreiung von 11 europäischen Touristen in Ägypten werden immer näher bekannt.
Nach Angaben des Verteidigungsministeriums und des Innenministeriums nahmen auch deutsche Spezialeinheiten indirekt an der Rettungsaktion teil.
Daher waren an der Freilassungsstelle die Spezialisten der deutschen Armee sowie Beamte der GSG 9, der Flugzeugsquadrade der Bundespolizei, des Bundesamtes für Strafverfolgungs- und Ermittlungsdienste und die Experten im Bereich der Logistik der technischen Wohltätigkeitsorganisation.
Wie die Sprecher der Minister am Montag Abend berichteten, waren deutsche Streitkräfte nicht nötig, weil die Entführer, die eine gewaltsame Befreiung bemerkten, ihre Gefangenen freiliegen und entkamen.
Die ägyptische Regierung akzeptierte die Hilfe Deutschlands, um sie als Unterstützung vor Ort zu nutzen.
"Zum Glück kam es nicht", sagte ein Sprecher des Bundesministeriums für Innere Angelegenheiten.
Am 19. September hatten die Angreifer in Süd-Ägypten eine Gruppe von Reisenden entführt, die aus fünf Deutschen, fünf Italienern, einer Rumänen und acht Ägyptern bestand.
Nach der Entführung in der südlichen Wüste Ägyptens wurden die Geiseln in den Grenzgebieten zwischen Ägypten, Libyen, Sudan und Tschad deportiert.
Die Identität der Entführer blieb bis zum Schluss unbekannt, ebenso wie die Details der Freilassung oder mögliche Lösegeldzahlungen.
Inzwischen sind die geretteten Menschen in Kairo angekommen.
Steinmeier sagte, die freigegebenen Geiseln seien in der Obhut der deutschen Botschaft.
Er sagte kein Wort über die Details der Befreiung.
Zuerst gab es in Berlin keine Informationen über ihre Rückkehr nach Deutschland.
Nach Angaben der "Bild"-Zeitung müssen 5 Touristen und Spezialeinheiten in einem Airbus der deutschen Luftwaffe zurückkehren und am Dienstag nach Deutschland kommen.
Die US-Repräsentantenkammer stimmt dem Rettungspaket nicht zu
Die erste Kammer des US-Kongresses hat ein riesiges Rettungspaket für die Finanzmärkte in Höhe von 700 Milliarden Dollar mit kleinen Schritten verhindert.
Der Dow Jones fiel sehr stark.
Das US-Repräsentantenhaus hat mit 227 zu 206 Stimmen das Finanzmarktrechtschutzpaket der Regierung abgelehnt.
Trotz aller Aufrufe von Präsident George W. Bush und ehemaligen Politikern beider Parteien kam es nicht zu einer Mehrheit für das Programm, mit dem die Unordnung an den Finanzmärkten begrenzt werden sollte.
Mit einer dramatischen Aktion hatten die verzweifelten Verteidiger noch versucht, die Kritiker zu überzeugen, das große 700 Milliarden Dollar-Paket zu akzeptieren.
Barney Frank, der Führer der demokratischen Verhandlungen, hatte die Abgeordneten gebeten, eine Abstimmung abzuhalten, obwohl der Plan nicht so beliebt ist.
"Es ist schwierig, politische Zustimmung zu bekommen, um etwas zu verhindern, das noch gar nicht passiert ist", gab er zu.
Bereits während der Abstimmung fiel der Dow Jones um mehr als 6 Prozent, also um 600 Punkte.
Die Ursache dafür waren die Sorgen der Investoren, dass das staatliche Rettungspaket scheitern könnte.
Er ruhte sich am Ende der Abstimmung aus und fiel nach der Bekanntgabe des Scheiterns erneut ab.
Experten rechnen mit weiteren schwerwiegenden Turbulenzen auf den internationalen Finanzmärkten.
Um das Programm in Kraft zu setzen, muss es die Zustimmung des Repräsentantenhauses und des Senats haben.
Die Veranstalter melden eine Zunahme der Reservierungen
Es scheint ein guter Winter für die deutschen Reiseveranstalter zu sein:
Laut einer Studie stieg das Verkaufsvolumen der Reisebuchungen für die kommenden Monate im Vergleich zum Vorjahr - sogar die Wintersaison um mehr als 30 Prozent.
Eine Studie zeigt, dass der Wunsch der Deutschen, zu reisen, trotz der geschwächten Konjunktur noch immer unverändert ist.
Wie der Deutsche Reiseverband (DVR) am Montag in Berlin berichtete, verzeichneten die Reisebüros mit Reisebeschen für die Wintersaison ein Umsatzvolumen, das 31 Prozent höher ist als im gleichen Zeitraum des Vorjahres.
Nach einer Untersuchung des Marktforschungsinstituts GfK waren die Reservierungen für die Herbstmonate bereits in der Zahl angestiegen.
So war die Umsatzmenge der Reisebüros im Oktober um fast elf Prozent höher als im Jahr 2007, berichtete die DVR.
Die Ergebnisse basieren auf Zahlen von GfK, die Informationen über die Buchungen in 1200 Reisebüros analysiert und für den gesamten Markt ungefähr berechnet wurden.
Die Daten sind die Reisebuchungen, die bis Ende August 2008 vorgenommen wurden.
Aufgrund des geschwächten Dollarkurses sind vor allem Reisen in die Vereinigten Staaten sehr gefragt, berichtete der DRV.
In diesem Fall stieg die Anzahl der Reservierungen auf fast ein Drittel.
Die bevorzugten Reiseziele der Deutschen sind nicht nur Spanien, die Türkei und Griechenland, sondern auch die deutschen Regionen.
Vor allem organisierte Reisen sind sehr beliebt, erklärt Klaus Laepple, der Präsident der DRV.
Angesichts der Tatsache, dass die Energie- und Speisepreise steigen, sind die Reisekosten in diesem Fall "für den Kunden besser berechenbar als bei einer Einzelfahrt".
Unter anderem können Verbraucher mit Vorausreservierungsabstricken oder mit All-Inclusive-Angeboten Geld sparen, erklärte Laepple.
In den Sommermonaten waren die Reisen gut reserviert, so dass die Umsatzmenge im Vergleich zum Vorjahr erneut anstieg - obwohl laut einer anderen Studie die Zahl der Deutschen, die im Vergleich zum Vorjahr eine Reise unternahm, ebenfalls zurückging.
Mein erster Oktoberfest
Die Hits der Open-Sky-Feste im Endlosen Bad, das Bier in Literkrügen und berühmte Personen in traditionellen bayerischen Designer-Kostümen.
Ein Debüt in einem Zelt.
Susanne Kronzucker und ich haben nicht viel gemeinsam.
Sie ist blond, die Moderatorin im Fernsehen und trägt ein traditionelles, maßgeschneidertes Bavarianisches Kostüm.
Ich habe dunkle Haare, ich bin Student und mein Kleid ist schon benutzt.
Aber es gibt etwas, das uns verbindet: Sobald wir im Zelt sind, sind die Fotografen schon auf uns zugeschlagen und haben ihre Erinnerungskarte mit Fotos gefüllt - es ist sehr schmeichelhaft, vor allem, weil ich zum ersten Mal beim Oktoberfest bin.
So wird man Freunde.
Die billigen, traditionellen Bavarianischen Kostüme scheinen ihre Aufgabe zu erfüllen.
Tatsächlich war mein Wohlfühlgefühl mit einem traditionellen bayerischen Tracht, als Tourist des Oktoberfests aus Norddeutschland, bis heute noch begrenzt.
Aber nach der Teresa-Prague ist es nicht mehr so wichtig.
Fast jeder trägt traditionelle bayerische Kostüme oder Lederhosen; keiner scheint sich zu beunruhigen oder sich unangenehm zu fühlen - alles ist absolut normal.
Nur mein Schürzchen bekommt seltsame Blicke neben einem Schokoladen-Bananen-Stand.
Eine Münchnerin erinnert mich an meinen falschen Schürzen: "Die linke Seite ist Jungfrau, die halbe ist Jungfrau, die rechte Seite ist Verlobte, die hintere Witwe".
Oh Gott, jetzt ziehe ich mich links hinten an.
"Alright", sagt er lachend.
Die anderen kümmern sich nicht um viele der subtilen Methoden des Flirts und tragen Mützen, auf denen steht "To drink to get dressed!" und zeigen, ohne zu bitten, ihren nackten Arsch.
Ein junger Mann, der sich aufsässig verhält, heißt Bob, er kommt aus England und ist auch zum ersten Mal beim Oktoberfest.
Ihm ist es ähnlich wie "gorgeous", was er mit einem sehr langen "o" ausspricht.
Er erzählt mir das, nachdem er sein Glas von einem Liter Bier, das er gerade getrunken hat, beiseite gelegt hat.
Er hat es direkt neben der Feuerstelle gelegt, die meisten denken, das ist ein Mülltonn.
Bob ist einer der berühmten Leute, die wissen, wie man viel trinkt.
Die anderen haben nicht so viel Glück und können nicht so viel Alkohol trinken.
Um acht Uhr morgens rennen die Sanitäter durch den Festplatz und müssen sich um die armen Trunken kümmern.
Die Sanitäter tauchen immer mehr in Gruppen auf - plötzlich sind es immer vier Personen, die die bedeckten Reihen von einem Zelt zum anderen bringen.
Das ist wie bei den meisten Besuchern: Sie kommen nüchtern an, kommen betrunken zurück.
Man sieht nicht, wer unter Alkoholismus leidet und in der Wette ist.
"Sie sind die, die "mehr nicht können", antwortete mir ein Sanitäter, der meine Frage beantwortete und in Aufruhr verschwand.
Unfallopfer identifiziert
Die 63-jährige Fußgängerin, die nach einem Autounfall im Essex County... im Krankenhaus verstorben ist, wurde identifiziert.
Carole Paulson, aus Chelmsford Road, in der Stadt Brentwood, war an dem Unfall beteiligt, der am Freitagnachmittag auf der Shenfield Road stattfand.
Die Frau wurde in das Queen's Hospital in Romford gebracht, aber sie starb später.
Nach dem Unfall wurde ein 51-jähriger Mann wegen Fahrlässigkeit verhaftet.
Er wurde seitdem auf Bewährung freigelassen.
Türkei erweitert ihre diplomatischen Horizonte
Die Europäische Union hat sich in der Türkei bemüht, die Türkei zu erobern, lange bevor sie sich der EU anschließen wollte.
Auf der östlichen Seite des Bosporus, vielleicht nur 20 Schritte in Richtung Asien, liegt eines der interessantesten Relikte des unheilvollen imperialen Ehrgeizes.
Der Bahnhof von Hydarpasha wurde von zwei deutschen Architekten, Otto Ritter und Helmut Conu, im neo-renaissance Stil entworfen.
So sagen die Reiseführer.
Das Gebäude ist am Ende der Plattformen gelegen und hat zwei Türme, eine für jede Ecke, und sieht allen wie ein typisches deutsches Stadtrat aus.
Der Stein ist schmutzig.
Das Gebäude in ihrer Anlage ist ein wenig verfallen.
Aber einmal über die Schließkiste, gibt es keinen Zweifel, was die Größe des Unternehmens, dass dies die westlichste Tor.
Die Station wurde im August 1908 vom deutschen Konsortium Anatolia-Bagdad Corporation eröffnet.
Deutschland, ein Latecomer im imperialen Spiel, hatte die Ambition, den Nahen Osten zu beherrschen, über diese Eisenbahn, die bis nach Damaskus, Bagdad und weiter nach Saudi-Arabien führte.
Doch die Ambitionen dieses deutschen Reiches scheiterten im Ersten Weltkrieg.
Seine Eisenbahnen wurden von Lawrence von Arabien und seinen arabischen Irregularen angegriffen.
Aufgrund der relativen Isolation der umliegenden Regionen durch die gefrorenen Grenzen des Kalten Krieges fiel die Region unter die
Britische Herrschaft und als die Truppen in Ägypten vorrückten, drängten sie die Türken und ihren deutschen Verbündeten aus Palästina und Syrien.
Die Nachrichten waren auch für die Hyderpasha-Station schlecht.
1917 explodierte ein Munitionszug und zerstörte seine kunstvolle Decke.
Die türkischen Quellen sagten, es handle sich um Sabotage.
Seitdem ist die Station in Verfall gegangen und ist an den Rand der Geschichte geraten.
Die Türkei hat sich in der Vergangenheit als ein politisches Land gezeigt, das sich in der Lage befindet, die Erwartungen an die Zukunft zu erfüllen.
Die Regierungspartei für Gerechtigkeit und Entwicklung - die AKP - hat eine neue Außenpolitik für das Land geplant.
Die relative Isolierung der umliegenden Regionen, die durch die gefrorenen Grenzen des Kalten Krieges entstanden war, ist verschwunden.
Es gibt jetzt eine neue Politik der Zusammenarbeit.
Die türkische Regierung pflegt hervorragende Beziehungen zu Israel und Syrien, zu den palästinensischen Hamas- und Fatah-Fraktionen, zu Irak und Iran und natürlich zu der Europäischen Union und den Vereinigten Staaten.
Um die Parameter dieser neuen Außenpolitik zu bewerten, stieg ich auf eine Liege und fuhr in die türkische Hauptstadt Ankara, um einen der führenden Vertreter der AKP, den Experten für Außenpolitik, den türkischen Premierminister Suat Kiniklioglu, zu besuchen.
Am nächsten Morgen - etwa 10 1⁄2 Stunden später - kam ich nach einer erschütternden Reise, die in der berühmten Dokumentation The Night Mail die Runden der alten Welt hervorrief, in die türkische Hauptstadt - eine neue Stadt, die dazu bestimmt war, einen neuen, weltlichen Staat zu regieren, weit entfernt von der osmanischen Vergangenheit.
Die AKP jedoch, mit ihren klar islamistischen Wurzeln, stellt einen Paradigmenwechsel in der türkischen Konsenspolitik dar.
Die Veröffentlichung des Berichts von Herrn Pompidou hat in der West, und insbesondere in Washington, einige Bedenken geweckt.
Ein Taxi bringt mich zum AKP-Hauptquartier, einer hochmodernen Struktur aus Stein und Stahl - ad hoc gebaut - in einem sich entwickelnden Vorort, umgeben von halbgebauten Einkaufszentren und "Power-Pastelierie", wo sich Manager der Mittelschicht in Geschäftskleidung - Männer und Frauen - früh am Morgen treffen, um sich zu einigen/Geschäfte zu machen.
Suat Kiniklioglu könnte ein Mitte-Rechts-Politiker aus fast jeder Partei in Europa sein.
Anzug, Krawatte, ich bin mir sicher, dass er noch eine Blackberry hat.
"Das Ziel der Außenpolitik der Partei ist die Wiedereingliederung der Türkei in ihre unmittelbare Nachbarschaft.
Der Kalte Krieg war eine Anomalie", sagt er.
Die Türkei hat ihre Beziehungen zu den Inländern abgeschnitten.
Heute muss man gleichzeitig nach Osten und Westen schauen.
Es geht nicht um einen Fall, wenn es nicht zu einem oder dem anderen geht.
Er muss beides tun.
"Aber sicherlich könnte die Türkei irgendwann gezwungen sein, eine Wahl zu treffen", fragte ich.
"Die Türkei", antwortet er, "will sich dieser Wahl nicht stellen".
Ich möchte noch einmal darauf hinweisen, daß die Türkei, wie ich schon sagte, nicht nur mit dem Nahen Osten, sondern auch mit der gesamten Kaukasus-Region und dem gesamten Schwarzen Meer zu tun hat, was ein Vorteil für Europa und die Vereinigten Staaten und für die Türkei selbst ist.
Die Botschaft scheint zu sein: Mit der Türkei an Bord kann Europa als Ganzes metaphorisch jene Eisenbahnen anlegen, die die Welt nach Ostasien und in den Nahen Osten öffnen.
Wieder in der Station Hydarpasha, nach einer zweiten schlaflosen Nacht, kommt mir der Gedanke an die beiden deutschen Herren Herr Ritter und Herr Conu, die den Bau dieses Gebäudes vor 100 Jahren miterlebt haben.
Wie überrascht wären Sie, wenn Sie erfahren würden, daß die europäischen Ambitionen im Nahen Osten heute weitgehend in den Händen der Türkei liegen würden?
Und während ich am Terminal auf die Fähre wartete, die mich zurück über den Bosporus bringen würde, erinnere ich mich, dass in jenen Tagen die Türkei als "der kranke Mann Europas" galt.
Es gibt also keine großen Zweifel, auf welchem Kontinent dieses faszinierende Land seinen Anspruch haben soll.
Lebende Erinnerungen: Vernon Handley und William Woodruff
Mark Brown schreibt: Als Musical Director von Guildford seit 1962 war Vernon "Tod" Handley (Schluss, 11. September) für die Guildford Philharmonie und den Chor verantwortlich.
Als Teil des Musikprojekts für die Stadt gründete er im folgenden Jahr seinen großartigen Jugendchor, Proteus.
Es war für alle unter 21 gedacht, aber als Proteus 1979 seinen Abschluss sang, waren einige von uns schon in den 20ern - wir weigern uns nur, bis zur Chormesse zu singen.
Der Name "Proteus" (der mythologische Wesen, der die Formen wechselte) stand für den Willen des Chors und die Fähigkeit, jede ihm vorgeführte Musik, sei es Madrigal oder Messiaen, gleichgültig mit unbegleiteten oder vollständigen Orchestern zu spielen.
Die musikalische Vielseitigkeit, die dieser Chor junger Männer hervorbrachte, war oft erstaunlich, immer aufregend, und das alles war auf die Inspiration dieses Mannes und die Begeisterung für die Musik zurückzuführen, die über die Jahre absolut konstant blieb.
Tod sagte uns oft, die Musik soll für sich selbst sprechen.
Er sagte: "Der Komponist weiß, was er will.
Es ist alles in der Musik.
So muss man nur singen!"
Ihre Zauberhand war stets absolut klar und präzise, aber nie überfordernd, noch zu florid.
Was auch immer der Musik-Streich war, er endete immer auf einer noch höheren Ebene.
John Frayn Turner schreibt:
Wenn irgendein Fahrer ein Gentleman sein sollte, dann ist das Vernon Handley.
Ich kannte ihn sehr gut in den zwei Jahrzehnten, in denen er die Guildford Philharmonie von 1962 bis 1982 leitete.
Insbesondere in den letzten 40 Jahren habe ich über 100 ihrer Konzerte gesehen und kann ehrlich sagen, dass ich nie von einem enttäuscht worden bin, im Gegenteil, oft inspiriert.
Tod Handley hatte diese seltene Kombination aus Größe und äußerster persönlicher Bescheidenheit.
Er hasste die Fahrer, die, wie er es ausdrückte, nur "ein oder zwei der weltweit bekanntesten Kriegspferde verkauften".
Wir werden ihn sehr vermissen.
William Woodruff
Professor John Beckett schreibt:
in der Folge von William Woodruff (25. September) behauptet, dass "im Jahr 1946 er die Studium der Wirtschaftsgeschichte in Oxford wieder aufnahm und 1950 ein Forschungsstipendium von Houblon-Norman gewann ... zur gleichen Zeit war er für einen Bachelor, einen Master und einen Doktor studierte. "
Das wird in einem Schriftzug von Woodruff in Beyond Nab End gelehrt, aber es ist nicht ganz richtig.
Von 1946 bis 1953 war er Professor für Wirtschaftsgeschichte an der Universität von Nottingham, während derer Zeit er eine Doktorarbeit über die britische Gummiindustrie verfasste, die von Professor J.D. Chambers geleitet und später 1958 unter dem Titel The British Rubber Industry veröffentlicht wurde.
Er verbrachte die Jahre 1950 und 51 in den Vereinigten Staaten, genießt eine Houblon-Norman Stipendium, und im Sommer 1952 an den Universitäten von Illinois, Harvard und New York.
1953 verließ er Nottingham endgültig für Illinois.
Der Grund, warum Woodruff diesen Teil seiner Karriere übersehen hat, bleibt unbekannt.
J. Vicente Resino an der Philologischen Fakultät
"Ich empfehle die Ausstellung von José Vicente Resino "Flamenco und Leben", weil seine Schwarz-Weiß-Fotografien im Dokumentar-Stil fantastisch sind.
Sie haben mich durch ihre Einfachheit und die Kraft, die sie übertragen, geprägt, immer mit viel Respekt für die Protagonisten.
Eine Ausstellung, die viel Gefühl zeigt.
Resin kann magische Momente einfangen".
Zweite Runde für den Honda-Storage
Im November wird Honda die Vermarktung der zweiten Generation des Jazz beginnen.
Der neue Lkw bietet einen noch größeren Innenraum.
Hinzu kommt eine raffinierte Mechanik, die den Fahrkomfort erhöht und mehr Kraftstoff spart.
Evolution gegen Revolution. Das ist eine Revolution.
So sieht es die zweite Generation des Honda Jazz aus.
Obwohl der neue Jazz ästhetisch eine sehr ähnliche Linie wie das vorangegangene Modell aufweist, sind die Änderungen an diesem Monovolumen zahlreich.
Zu den innovativen Merkmalen zählen ein innovatives Design, eine neue Plattform, größere Abmessungen und neue Mechaniken.
Bevor wir jedoch das neue Modell analysieren, ist zu beachten, dass dieser neue Jazz sechs Jahre nach der Markteinführung der ersten Generation kommt.
Eine erste Beobachtung ist daher, dass Honda dieses Modell in kürzerer Zeit als andere Hersteller erneuert hat.
In Europa ist der Jazz weniger bekannt, in anderen Märkten ist dieses Modell ein Verkaufsphänomen.
Dies ist der Fall in Japan, wo der Jazz 2002 und auch 2008 das meistverkaufte Auto war.
In Japan wurden seit der Veröffentlichung des Jazz fast eine Million Einheiten verkauft.
Der zweite Markt war der des Alten Kontinents, mit rund einer halben Million Einheiten in sechs Jahren.
Honda will dennoch mit dem neuen Jazz die Umsätze innerhalb des Segments steigern.
Während die japanische Firma 2007 insgesamt 83.000 Jazz verkaufte, schätzt man 2009 auf 100.000 Fahrzeuge, was einem Wachstum von 17% auf dem europäischen Markt entsprechen würde.
Im spanischen Markt hat Honda seit 2002 insgesamt 8.000 Einheiten des Jazz verkauft, was 6,7% der gesamten Verkäufe von Honda in Spanien entspricht.
Was die neue Generation betrifft, so erwarten die Verantwortlichen der spanischen Filiale, dass sie in einem ganzen Jahr 2.000 Jazz-Einheiten verkaufen werden.
Gerade die Ankunft des neuen Jazz wird es Honda ermöglichen, den Rückgang der Verkäufe in Spanien zu überwinden.
Die Markenverantwortlichen erwarten, dass das Jahr mit insgesamt 22.000 verkauften Einheiten beendet wird, was 4.000 weniger als im Jahr 2007 bedeutet, ein Rückgang von 16%.
Trotz dieser Umsatzsteigerung hat Honda seinen Marktanteil in Spanien erhöht, auf 1,8%, gegenüber 1,6% im vergangenen Jahr.
Die japanische Firma hofft ferner, 2% im Jahr 2010 zu erreichen.
Um diese Quote zu erreichen, setzt Honda auf die Ankunft eines weiteren neuen Modells.
Es handelt sich um den Insight, einen 5-Türer-Hybrid mit einer kompakten Größe von 4,37 Meter Länge, von dem die japanische Firma erwartet, weltweit etwa 200.000 Einheiten pro Jahr zu verkaufen.
Die Kommission hat die Kommission ersucht, die in der vorliegenden Verordnung festgelegten Bedingungen für die Anwendung der Verordnung (EG) Nr. 1272/2008 des Rates vom 20. Dezember 2008 über die Einführung eines Systems zur Ermittlung der Qualität von Lebensmitteln für die menschliche Gesundheit und die Gesundheit von Menschen und Pflanzen zu beachten.
Die kommerzielle Einführung von Insight ist für die ersten Monate des Jahres geplant, sobald seine Präsentation in der Gesellschaft im Januar in Valencia stattfindet.
In Bezug auf die erste Generation wächst der neue Jazz in allen seinen Facetten.
Die Länge beträgt 3,90 Meter (fünf Zentimeter mehr), die Breite 1,69 Meter (zwei Zentimeter mehr) und der Abstand zwischen den Achsen 2,50 Meter, was eine Steigerung von fünf Zentimetern bedeutet.
Die Höhe dagegen ändert sich nicht und bleibt bei 1,52 Metern.
Mit der Größe der Wohnfläche wird auch die Innenraumbewohnbarkeit erhöht.
Dieser Gewinn ist auf der einen Seite auf die Einführung einer neuen Plattform zurückzuführen, und auf der anderen Seite auf die Einführung des Kraftstoffbehälters in der Mitte, eine Lösung, die auch im vorherigen Jazz übernommen wurde.
Außerdem ist der Kofferraum mit einem Doppel-Boden-System auf 399 Liter erhöht, 19 Liter mehr als der Kofferraum der ersten Generation.
Es ist zu beachten, dass diese Maße für die Version mit dem Motor 1.4 gelten, da die Kapazität des Koffers des Honda Jazz 1.2 379 Liter beträgt.
Die anderen Verbesserungen - neben Außenelementen wie Rückfahrgeleuchte oder die Möglichkeit, die Panorama-Glas-Anlage zu montieren - sind eine Verbesserung des Zugangs zu den Rücksitzen.
Die Türen in der zweiten Reihe haben einen Öffnungspunkt von 80 Grad, im Vergleich zu den 67 Grad im ersten Jazz.
Auch die Motoren sind neu in dieser zweiten Generation des Jazz.
Zu Beginn des Markteinführungszeitraums wird dieses kleine Modell mit zwei 1,2- und 1,4-Liter-Benzinantrieben ausgestattet sein.
Beide Mechaniken sind mit der i-VTEC-Technologie ausgestattet, die einen geringeren Verbrauch, weniger Kohlendioxid und eine hervorragende mechanische Verfeinerung erzielt und gleichzeitig ein hohes Tor in der gesamten Motorleistung erreicht.
Die erste 1,2-Liter-Mechanik erzielt eine Leistung von 90 PS bei 6.000 Umdrehungen mit einem maximalen Drehzahl von 114 Nm bei 4.900 Umdrehungen.
Dieser Antrieb - der im früheren Jazz 78 PS erreichte - hat einen Verbrauch von 5,3 Litern und Emissionen von 125 Gramm CO2.
Der Vorantrieb, der in der vorherigen Generation 83 PS erreichte, wird nun 100 PS.
Dieser 100-PS-Jaz 1.4 erreicht einen kombinierten Verbrauch von 5,4 Liter und 128 Gramm CO2.
Der "Bienenwagen", der Kollisionen verhindert
Um die Entwicklung von Technologien zur Unfallvermeidung voranzubringen, hat sich Nissan in diesem Fall von der Natur inspirieren lassen, insbesondere von den Bienen.
Ein japanisches Unternehmen hat einen Roboter entwickelt, der auf dem Flug der Bienen basiert und Unfälle verhindert.
Das ist der Bio-Mimetic Car Robot Drive, oder BR23C, der den ersten Schritt in der Kollisionsvermeidungstechnologie darstellt.
Die Ingenieure des Nissan Motor Co. Advanced Technical Center haben diesen kleinen Roboter in Zusammenarbeit mit dem Center for Advanced Science and Technology Research der renommierten Universität von Tokio in Japan entwickelt.
Laut Kazuhiro Doi, Generaldirektor für Public Relations für Technologie und Markenmanagement Forschung und Entwicklung, wird der BR23C als eine Erweiterung des Sicherheitsschilds von vier Bereichen von Nissan vorgestellt.
Dieser Roboter soll die Kollisionsverhütung der Fahrzeuge der Marke verbessern.
Während des Fluges schafft sich jede Biene ihren eigenen, ovalen Raum, der dem Nissan Safety Shield sehr ähnlich ist.
Aber noch wichtiger sind die zusammengesetzten Augen der Biene, die in mehr als 300 Grad in alle Richtungen sehen können, was sie in ihren eigenen Raum hindurch ununterbrochen fliegen lässt.
Um diese visuelle Funktion nachzubilden, haben die Ingenieure einen sogenannten Laser-Range-Finder entwickelt.
Die BR23C-Sonde ist ein System, das die Entfernung zu einem Objekt, das sich bis zu zwei Meter in einem Umkreis von 180° vor der BR23C befindet, erfaßt und ein Signal an einen Bord-Mikro-Prozessor sendet, der sofort zur Kollisionsvermeidung beiträgt.
"Wenn der kleine Roboter ein Hindernis erkennt, imitiert er die Bewegungen einer Biene und wechselt sofort die Richtung, indem er seine Räder in einem rechten oder höheren Winkel dreht, um eine Kollision zu vermeiden.
Der größte Unterschied zu jedem System, das es gibt, ist, dass die Umgehung völlig instinktiv ist.
"Wenn das nicht der Fall ist, kann der Roboter nicht schnell genug reagieren, um Hindernisse zu umgehen", erklärt Toshiyuki Andoh, Leiter des Mobilitätslabors und leitender Ingenieur des Projekts.
Im Gegensatz zu einer Biene kann sich der Roboter nicht nach oben oder unten oder diagonal ablenken; er kann sich nur in zwei Dimensionen und in der Richtung bewegen, in der er seine Räder drehen kann, und nicht wie Bienen in unendlich vielen Richtungen und Arten.
Deshalb hat Nissan eine Rotationsfunktion, sowie Beschleunigung und Verlangsamung, verwendet, damit der kleine Roboter Kollisionen vermeidet.
"Dieses Gerät muss nur alle paar Sekunden Informationen verarbeiten und auf diese Daten reagieren.
Es braucht keine Informationen zu speichern oder intuitive Logik zu vorherigen Manövern, so dass es kontinuierlich mit nur ein paar Dutzend KB Speicher funktionieren kann.
Das mag überraschen, aber wir sprechen hier nicht von Giga- oder sogar Megamemorie".
Dies ist der erste Schritt zur Entwicklung neuer Technologien zur sofortigen Kollisionsvermeidung, eine Technologie, die Nissan in den nächsten zehn Jahren in Serienautos einführen wird.
Der Roboter verwendet Lithium-Polymer-Batterien, die leichter und länger haltbar sind als die Lithium-Ionen-Variante.
Eine weitere mögliche zukünftige Anwendung dieser Technologie könnte die Integration des Gerätes mit einem GPS-Satelliten-Navigationssystem sein, um den Fahrer zu seinem Ziel zu führen und Hindernisse auf dem Weg zu vermeiden.
Sie zittern, bevor Sie eine Hypothek aufnehmen
Man muss zugeben, dass das US-Finanzministerium, neben der großen Menge an Spritzflüssigkeit, auch nicht ohne Einfallsreichtum ist.
Angesichts der Krise und um zu verhindern, dass Amerikaner sich mit unsicheren Hypotheken an Banken mit fragwürdiger Zahlungsfähigkeit herumschlagen, haben sie ein unterhaltsames und informatives Spiel für den Browser entwickelt: 'Bad Credit Hotel'.
Das heißt das "Hotel der Kreditlosigkeit" oder "des Ärgers".
Das düstere Aussehen dieses Gasthauses und insbesondere des Empfangsbeamten lässt Sie sich eine, zwei und sogar drei Gedanken machen, wenn es darum geht, einen Kredit zu beantragen.
Und vor allem, wo sie es tun, was wahrscheinlich ihr Ziel ist.
Sie hat zwar nützliche Informationen, aber wenig detailliert.
Es ist eher eine Website für Teenager als eine Website für alle.
Was ist, wenn das Spiel abgeschlossen ist?
Da erscheint ein Traumzimmer im Inneren des Hotels.
Etwas ist etwas, denn über ein besseres Haus zu kaufen, haben wir nicht mal gesprochen...
Morgan Stanley verkauft Beteiligung an japanische MUFG
Morgan Stanley hat bekanntgegeben, dass die Mitsubishi UFJ Financial Group (MUFG), die erste japanische Bank, an ihre Börse investiert. Die Bank wird neun Milliarden Dollar für 21 Prozent des Mitsubishi UFJ Financial Group-Kapitals aufwenden.
Eine Woche nach dem Entdeckung einer vorläufigen Vereinbarung erklärten beide Banken, dass MUFG 9,9% der Morgan Stanley-Stammaktien zum Preis von 25,25 Dollar pro Stück, d.h. zu einem Betrag von drei Milliarden Dollar, erwerben würde.
Der vereinbarte Preis beträgt weniger als 19% des Buchwertes der Titel zum 31. August.
MUFG wird weitere 6 Milliarden Dollar investieren, indem sie Wandelschuldverschreibungen erwirbt, die eine Rendite von 10% und einen Umtauschpreis von 31,25 Dollar garantieren.
Morgan Stanley gab an, dass der Gesamtgeschäft auf einem Preis pro Maßeinheit von 29 Dollar basieren würde, was 28% über dem heutigen Kurs liegt.
Morgan Stanley verlor jedoch 6,79% auf 23,07 Dollar je Aktie um 17:00 Uhr GMT.
"Diese strategische Allianz ist eine wichtige Chance, um die Transition von Morgan Stanley zu einem Bankengremium zu beschleunigen", erklärte Juan Mack, der Geschäftsführer der amerikanischen Gruppe.
Morgan Stanley hat diese neue Satzung letzte Woche verabschiedet, die es ihm erlauben sollte, seine Aktivitäten zu diversifizieren, aber er unterstellt sie der Autorität der Federal Reserve.
Ihre Partnerschaft mit MUFG bestätigt auch, dass die aktuelle Finanzkrise die größten Namen der Wall Street dazu zwingt, sich viel vorsichtiger zu verhalten als zuvor.
Die am Montag vorgestellten Angaben zeigen, daß die Vereinbarung in den letzten Tagen geändert wurde: Am Montag hatte Morgan angekündigt, daß er bis zu 20% seiner Aktien an Japaner für fast 8,5 Milliarden Dollar verkaufen würde.
"Wir dachten, die Beteiligung würde nur aus Stammaktien bestehen", erklärte Toshihide Mizuno, der Geschäftsführer der MUFG, vor einer Woche in Tokio.
Aber angesichts der derzeitigen wirtschaftlichen und marktwirtschaftlichen Lage haben wir uns bemüht, die Risiken zu minimieren und uns zu decken".
Auf der Grundlage des gewichteten Durchschnittspreises wird MUFG seine Morgan Stanley-Anleihen um 7% unter ihrem Buchwert bezahlen.
Und die Transaktion wird sich in einer Verringerung von etwa 20% des Gewinns je Aktie niederschlagen.
Die Vereinbarung sieht vor, dass MUFG innerhalb eines Jahres die Hälfte seiner Vorzugsanleihen in Stammaktien umwandeln kann, wenn diese innerhalb eines bestimmten Zeitraums mehr als 50% über dem Umwandlungspreis, d.h. etwa 47 US-Dollar, verkauft werden.
Morgan Stanley versichert, dass das Kapital, das von MUFG bereitgestellt wird, es ihm ermöglichen wird, Investitionsmöglichkeiten zu nutzen, seine Bilanz zu stärken und seine Liquidität zu erhöhen.
Eine Sprecherin der Gruppe weigerte sich jedoch, sich zu präzisieren, was die strategischen Projekte der beiden neuen Verbündeten sind.
Nach der MUFG-Investition sollte Morgan Stanley eine Solvabilitätsquote von etwa 15% aufweisen, die zu den besten in der Branche zählt.
Morgan muss seit Ende August seine Bilanz stark erleichtert haben.
Die letzten Wochen waren anstrengend für die Gruppe, deren Börsenkurs um die Hälfte sank, während die Kosten für die Sicherung eines Defizitrisikos an ihrer Schuld abnahm.
Die Kosten sanken am Montag, blieben aber bei einem hohen Niveau von etwa 12%.
Letzte Woche gab Goldman Sachs, der andere einzige "Überlebende" der großen Wall Street Investmentbanken nach den Bankrott von Bear Stearns und Lehman Brothers und dem Kauf von Merrill Lynch, bekannt, 15 Milliarden Dollar gesammelt zu haben, teilweise für Berkshire Hathaway, Warren Buffett's Gruppe.
Rafael Correa in Quito, heute Montag.
Die Republik um den Sozialismus des 21. Jahrhunderts zu errichten.
Dies ist das gemeinsame Projekt des Venezolaners Hugo Chávez, des Bolivianers Evo Morales und des Ecuadorianers Rafael Correa.
Am Sonntag, wie es seine Kollegen und Freunde getan haben, wurde zum dritten Mal über ein neues Verfassungsentwurf abgestimmt.
Die Kommission hat die Kommission mit der Erweiterung der Gemeinschaftsorgane für die Erweiterung der Gemeinschaft beauftragt.
Nach diesen Ergebnissen erhielten die Nein-Stimmen 28%, 7% der Stimmen waren null und 0,7% waren blanke Stimmen.
Damit der Entwurf der Verfassung angenommen werden konnte, musste er die Hälfte der Stimmen plus eins erhalten.
Am Sonntag hatten zwei Umfragen am Rande der Wahllokalen und eine Rechnung durch eine Nichtregierungsorganisation einen breiten Sieg für die "Ja" angekündigt, mit Schätzungen zwischen 63% und 70%.
Rafael Correa hatte außerdem in der Nacht vom Sonntag auf Montag den Sieg seines Verfassungsentwurfs beansprucht.
Die Verfassung sei "überwältigend gesiegt", hatte er gesagt und die Ecuadorianer, die die Regierung in Guayaquil, 280 Kilometer südwestlich von Quito, leiten, gratuliert.
Rafael Correa wurde von Chávez und Morales, aber auch von seinem chilenischen Kollegen Micaela Bachelet, gratuliert.
Die Wahlen, die sich laut Beobachter der Organisation der Amerikanischen Staaten (OAS) in aller Ruhe abhalten werden, beziehen sich auf einen Text von 444 Punkten, der den "neuen Sozialismus" des Präsidenten konsolidierte.
Der Entwurf der Verfassung beinhaltet die Erhöhung der Macht des Staates über die Wirtschaft und behält ihm die "Entwicklungsplanung" eines Landes vor, das im Wesentlichen dank der Ölförderung durch ausländische Unternehmen und dank der Devisen, die seine Auswanderer schicken, lebt.
Unter dem Vorsitz von Correa, der 2006 gewählt wurde, wird dem Staatschef auch verstärkte Befugnisse verliehen, der bis zu zwei aufeinanderfolgende Amtszeiten von jeweils vier Jahren ausüben kann und die Möglichkeit hat, die Versammlung aufzulösen.
Correa hat bereits angekündigt, dass er diese Macht nutzen und im Februar 2009 eine neue Amtszeit anstreben würde.
Die Verfassung festigt auch den Grundsatz der kostenlosen Gesundheits- und Bildungsdienste, den der Präsident in diesem Land mit 13,9 Millionen Einwohnern, in dem 50 Prozent der Bevölkerung unter der Armutsgrenze leben, eingeführt hat.
Die Kommission hat die Kommission aufgefordert, die von ihr vorgeschlagenen Maßnahmen zu ergreifen, um die Einführung von Drogen in die Gemeinschaft zu verhindern.
Die 19 entführten Personen wurden im Tschad freigelassen.
Ein ägyptischer Kommando hat die Entführer der elf Touristen und ihrer acht Begleiter, die vor zehn Tagen entführt wurden, überfallen.
Sie sind in Kairo.
Die elf europäischen Touristen und ihre acht ägyptischen Begleiter, die vor zehn Tagen in der Wüste entführt wurden, sind in der ägyptischen Hauptstadt unversehrt angekommen, nachdem sie am Montagnachmittag freigelassen worden waren.
Am Morgen wurden sie von ägyptischen Spezialeinheiten im Tschad befreit.
Sie alle sahen gut aus, als sie um 15:30 Uhr in einem Sonderflugzeug an der Al-Maza-Militärbasis, die neben dem internationalen Flughafen in Kairo liegt, ankamen.
Sie wurden sofort per Hubschrauber in das Krankenhaus in Maadi, einem Wohnviertel in Kairo, gebracht, um medizinische Untersuchungen zu unterziehen.
"Sie sind in gutem Gesundheitszustand" und "es wurde keine Rettungsgeld gezahlt", erklärte der ägyptische Tourismusminister Zoheir Garana am Flughafen.
Am 19. September wurden die Geiseln von 35 unbekannten Entführern gefangen genommen, während sie eine Offroad-Safari in einem Wüstengebiet am Fuße des Ouanat-Berges an der Grenze zu Ägypten, dem Sudan und Libyen genossen.
Die Gruppe bestand aus elf Touristen - fünf Italiener, fünf Deutschen und einer Rumänin - und acht Ägyptern: zwei Reiseführern, vier Fahrern, einem Grenzbeamten und dem Direktor der Reiseagentur Aegyptous, die für die Organisation der Safari zuständig ist.
Ein ägyptischer Sicherheitsbeamte sagte, dass 30 Spezialkräfte, die in zwei Hubschraubern an Bord waren, den Angriff in der Nacht vor Sonnenaufgang gestartet hatten.
"Es gab einen Schusswechsel, die Hälfte der Entführer wurde getötet, die anderen sind geflohen", sagte der anonym verwendete Beamte.
Er sagte, 150 Mitglieder der ägyptischen Spezialeinheit "Blitz" seien in den Sudan geschickt worden, wo sie von deutschen und italienischen Kommandos unterstützt wurden.
Der italienische Außenminister Franco Frattini erwähnte in Belgrad die Rolle der Geheimagenten und der italienischen Spezialeinheiten.
"Wir müssen zugeben, dass wir dieses Ergebnis dank der Professionalität und der Effizienz unserer Männer aus den Geheimdiensten und den Spezialkräften erreicht haben", erklärte er, ohne näher auf die Einzelheiten einzugehen.
Außerdem leugnete er die Zahlung einer Lösegeldsumme.
Die Präsidentin. - Herr Präsident, ich möchte den Herrn Abgeordneten, Herrn Kommissar, Herrn Kommissar und Herrn Kommissar, die Anwesenheit des Präsidenten der Kommission, Herrn Giscard d'Estaing, bitten, uns zu verzeihen, daß wir uns nicht auf die Frage der Kommission konzentrieren, sondern auf die Frage der Kommission.
Er behauptete ferner, dass sie mit einer Rebellengruppe aus Darfur, der Bewegung zur Befreiung des Sudan - Einheit (SLA-U), in Verbindung standen, eine Behauptung, die von dieser Gruppe sofort widerlegt wurde.
Die Schrift - die stille Mehrheit der Kultur
Eine Debatte über die Finanzierung der Kultur macht die Schlagzeilen und beschäftigt den gegenwärtigen Wahlkampf.
Das ist besser.
Aber ein Bereich unseres kulturellen Lebens bleibt immer vergessen.
Wer wird sich erheben, um die schäbigen Summen, die kleinen Museen, Archiven, Archäologen oder nationalen historischen Orten, die verhungern, zugesprochen werden, zu kritisieren?
Welcher Politiker wird es wagen, der Bundesregierung zu sagen, dass sie ihre Denkmäler und historischen Gebäude vernachlässigt?
Warum haben wir keine echten Gesetze, die unser Erbe effektiv bewahren, wie in Kanada und Quebec?
Wussten Sie, dass die französische Regierung 3,5 Millionen Euro für die Restaurierung des Schlosses von Chinon im Loire-Tal bereitstellt?
In den Vereinigten Staaten steht in der Verfassung geschrieben, dass die Erhaltung des Kulturerbes Teil der amerikanischen Kultur ist und dass dieses Kulturerbe von allen Bürgern, allen gewählten Personen und allen Regierungsstellen geschützt werden muss, und das alles gemeinsam.
In Quebec, in der Fédération des sociétés d'histoire du Québec, beschäftigen sich mindestens 40 000 gutwillige Menschen, die sich in 211 Gesellschaften für Geschichte, Erbe, Archive und Genealogie zusammengeschlossen haben, mit der Suche nach Geschichte, der Erhaltung von privaten Archiven und der Erhaltung archäologischer Überreste.
Es sind diese, die oft die Hüter unserer Erbe sind, die mit Energie und Verzweiflung protestieren, wenn Förderer und Verantwortliche ihre Bulldozer auf unsere alten Steine und unsere vergessenen Friedhöfe werfen.
Für wann, ein Denkmal für Geschichte und Erbe?
Die niederländischen Regierungen verstaatlichen einen Teil der Fortis Bank.
Die Niederlande - als erste in Europa - werden der belgisch-niederländischen Bank Fortis, die sich aufgrund der Hypothekenkrise in den USA in Schwierigkeiten befindet, mit einer Nationalisierung helfen: Die drei Länder werden diese Finanzinstitution und Versicherung, die auch in Ungarn Geschäfte tätigt, mit insgesamt 11,2 Milliarden Euro unterstützen.
Am Wochenende führten die Regierungen Belgiens, Luxemburgs und der Niederlande Konsultationen auf höchster Ebene mit dem Präsidenten der Europäischen Zentralbank und dem für Wettbewerbsfragen zuständigen Vertreter der Europäischen Kommission durch.
Fortis Bank ist die erste Bank, die in der Krise der Eurozone als Teil der internationalen Finanzkrise, die sich in mehreren Wellen seit mehr als einem Jahr abzeichnete, zu leiden hatte. Die Entscheidungen, die in Bezug auf die Bank getroffen wurden, können daher in gewissem Sinne als beispielhaft angesehen werden.
Nach der Entscheidung, die am frühen Sonntagmorgen getroffen wurde, werden die drei Staaten etwa die Hälfte (49 Prozent) der Immobilien, die die Bank in ihrem Gebiet besitzt, erwerben.
Die Bank wird sicherlich einen Teil ihrer Geschäfte verkaufen, darunter vor allem die im vergangenen Jahr von der niederländischen ABN Amro gekauften Geschäfte, hauptsächlich in Versicherungsgeschäften.
Die Aktien von Fortis fielen in der vergangenen Woche stark ab und in der zweiten Hälfte der Woche gab es bereits deutliche Anzeichen für eine Krise in der Institution.
Die Analysten sind sich jedoch einig, dass die Bank mit ihren 85.000 Mitarbeitern zu groß ist, um sie zu bankrott lassen.
Die Aktien des Unternehmens sanken am Freitag allein um 12 Prozent, den tiefsten Wert in den letzten 14 Jahren.
Seit Januar ist der Aktienwert um mehr als zwei Drittel gesunken.
Beim Blick auf die aktuellen Aktienpreise liegt der Gesamtwert des Konzernkapitals auf dem Markt bei rund 14 Milliarden Euro, aber laut den Führungskräften des Unternehmens ist dies nicht real.
Die Bankleitung machte den plötzlichen Rückgang der Aktien von Fortis auf die Unsicherheiten des amerikanischen Marktes im Zusammenhang mit der Genehmigung des US-amerikanischen Paketplans von 700 Milliarden Dollar zurückzuführen.
Am Montag zeigten die Aktien bereits einen leichten Anstieg.
Am Freitag wurde Filip Dierckx zum neuen Geschäftsführer der Bank ernannt.
Die Bank hat auch nach privaten Investoren gesucht, aber bisher hat niemand ein konkretes Angebot gemacht.
Die belgische Regierung hatte zuvor versichert, dass die Investoren sich keine Sorgen machen müssen, sie würden ihr Geld nicht verlieren.
Bei den Kunden der Bank gab es bisher keine Panik, sie drangen nicht in die Bankämter ein, um ihr Geld abzuheben.
El Fortis hat eine eigene Niederlassung in Ungarn und hat auch Leasinggesellschaften gekauft.
Der Frosch im Hühnerstall
In den Vereinigten Staaten weigern sich Lebens- und Krankenversicherungen, bei der Überprüfung der Daten über die Kauf von Medikamenten, häufig, einen Versicherungsvertrag abzuschließen.
Spezialisten für Datenschutz befürchten, dass der Markt für personenbezogene Daten unkontrolliert wird.
"Es gibt Programme zum Schutz personenbezogener Daten, die die Verwendung von Rezeptdaten in allen Fällen mit der Genehmigung der betreffenden Person verbinden.
Es muss in unabhängigen Händen sein, denn sonst "lassen wir dem Fuchs den Hühnerstall" - so zitiert die Washington Post Richard Dick, den Entwickler des Programms zur Aufbewahrung von Arzneimitteln.
Die Versicherungsgesellschaften lassen den Preis der Versicherung und die Höhe der Entschädigung von der Gesundheitslage des Kunden abhängen, und wenn sie das Risiko für übermäßig halten, schließen sie den Vertrag einfach nicht ab.
Sie schickten den Kunden zu einer medizinischen Untersuchung und unterzeichneten den Vertrag mit dem Ergebnis der Untersuchung.
Dick hat vor zehn Jahren ein viel günstigeres Verfahren erfunden: Mit der Identifikationsnummer des Kunden erhält er leicht von den Apotheken die Liste der Medikamente, die in den letzten anderthalb Jahren gekauft wurden, und das Programm selbst zieht die Schlussfolgerungen über die Krankheiten und den Gesundheitszustand des Kunden.
Wenn man beispielsweise regelmäßig große Dosen von Cholesterin-senkenden Tabletten einnimmt, bedeutet dies, daß der Fettgehalt im Blut praktisch unheilbar hoch ist, so daß man sofort in eine höhere Risikokategorie eingestuft wird.
Es gibt zahlreiche Versionen des Programms, einige von ihnen enthalten sogar eine Risikonummer, so daß die Versicherungsgesellschaft und die Verwaltung kaum etwas zu tun haben, obwohl es hierzu geringe Schwierigkeiten gibt.
Die Nachteile des Programms bestehen beispielsweise darin, daß einige Medikamente für mehrere Zwecke eingesetzt werden können.
Letzteres ist ein wichtiger Risikofaktor für Versicherungsunternehmen, während die erstgenannten nicht sind.
Die Daten werden von speziellen Firmen abgedeckt, die die Genehmigung der Patienten anfordern, bevor sie die erforderlichen Informationen von den Apotheken erhalten.
Die Behörden zwingen sie bereits dazu, obwohl sie bis jetzt keine Geldstrafe für ihre Fahrlässigkeit erhalten haben.
Einige Unternehmen haben in letzter Zeit auch die Ergebnisse von Labortests erstellt und sie mit den Daten über die Einnahme von Arzneimitteln verknüpft, um genauere Informationen über den Gesundheitszustand des Patienten zu erhalten.
Immer mehr Unternehmen haben Zugriff auf diese Daten, und gleichzeitig wird es immer schwieriger, ihre Nutzung zu kontrollieren.
Es gibt ein spezielles Gesetz zum Schutz personenbezogener Gesundheitsdaten, aber es gilt nur für Versicherungsunternehmen und für Unternehmen, die Gesundheitsdienste anbieten.
Der Gesetzentwurf, der der Behörde das Recht zur Kontrolle von Unternehmen, die auf die Bereitstellung personenbezogener Daten spezialisiert sind, einräumt, steht bereits vor dem Kongress.
Dick Richard erkennt, dass dies nicht ausreicht: Daher hat er sein Programm entwickelt, das die spezifische Zustimmung der Person zur Bereitstellung ihrer eigenen persönlichen Daten erfordert.
Es ist eine andere Sache, daß diese Person ihre Zustimmung nicht ablehnen kann, denn sonst werden die Versicherungsgesellschaften den Vertrag nicht mit ihr abschließen.
Die Hennen sind also dennoch dem Wohlwollen des Fuchses ausgesetzt.
- Das ist das Essen.
EU verdoppelt Handel mit Indien
Da die Europäische Union und Indien gegenseitige Handelspartner sind, dominierte dieses Thema neben den anderen, weitgehend globalen Problemen die Tagesordnung des neunten Gipfels.
Heute findet auch ein Gipfeltreffen zwischen Frankreich und Indien statt, um vor allem über die Zusammenarbeit im Bereich der Kernenergie zu sprechen.
Die Europäische Union erkennt zwar an, dass Indien eine große, sich entwickelnde demokratische Macht ist, die in internationalen Angelegenheiten mehr Stimme und mehr Stimme haben sollte, aber die Mitgliedsländer konnten noch nicht zu einem gemeinsamen Nenner kommen, ob sie New Delhi als ständiges Mitglied des UN-Sicherheitsrates unterstützen sollten.
Diese Frage wurde nicht auf dem neunten Gipfel behandelt, der gestern in Marseille begonnen hat.
Der französische Präsident Nicolas Sarkozy, amtierende EU-Präsident, der Kommissionspräsident José Manuel Barroso und der für Außenpolitik zuständige EU-Kommissar Javier Solana empfingen Manmohan Singh, indischen Premierminister, mit dem sie eine Vereinbarung getroffen hatten, die in fünf Jahren ihre Handelsbeziehungen auf mehr als 100 Milliarden Euro zu verdoppeln.
Angesichts der Tatsache, dass der Warenverkehr zwischen 2000 und 2007 von 25 auf 55 Milliarden Dollar zugenommen hat, ist dies kein zu ehrgeiziges Ziel.
Die 26 bilateralen Abkommen über die Zivilluftfahrt mit Indien wurden damit rechtskräftig harmonisiert, so daß auch der Luftverkehr in Zukunft fliegen kann.
Indien will bis Ende 2009 den Freihandelsabkommen mit der EU unterzeichnen.
Sarkozy versprach, die Verhandlungen zu beschleunigen.
Das Ziel ist die Balance, denn während die EU Indiens größter Handelspartner ist, liegt New Delhi nur auf Platz 9 der Handelspartner der Union.
Der Gipfel richtete seine Aufmerksamkeit auf globale Angelegenheiten.
Beide Seiten verurteilten die Lage in Afghanistan und Pakistan sowie den Terrorismus in allen Formen und forderten die Einberufung einer UN-Konferenz.
Die Kommission hat die Kommission mit der Forderung begleitet, die von der Kommission in ihrer Mitteilung vom 15. November vorgelegt wurde.
Die EU bestätigte, dass sie an ihrem Energie- und Klimaplan festhalten wird, d. h. bis 2020 die Schadstoffemissionen um mindestens 20% senken will.
Indien ist ebenfalls einverstanden, und auch die Klimakonferenz im nächsten Jahr sollte eine globale Vereinbarung treffen und die Treibhausgase bis 2050 um 50 Prozent senken.
Sie wollen auch den Anstieg der Nahrungsmittelpreise verhindern und unterstützen die Einberufung einer internationalen Konferenz zur Überprüfung der Finanzkrise.
Die indische Regierung hat sich auf die Frage der Sicherheit in der Welt eingesetzt, die sich in den letzten Jahren in den USA und in den USA ergeben hat.
Paris ist zuversichtlich, dass französische Unternehmen Aufträge im Wert von 20 Milliarden Euro erhalten werden, um Atomreaktoren zu bauen.
Nach Nachrichtenagenturberichten soll der Vertrag über einen Zeitraum von 15 Jahren laufen.
In Frankfurt sind über 300 italienische Verleger vertreten.
Die italienischen Verlage waren auf der internationalen Buchmesse in Frankfurt stark vertreten.
Über 300 italienische Verleger werden an der 60. Buchmesse teilnehmen, der wichtigsten internationalen Tagung für den Austausch von Rechten.
Die internationale Buchmesse in Frankfurt erwartet für diese Ausgabe mehr als 7 000 Aussteller aus 102 Ländern, die die 171.790 Quadratmeter der Ausstellung mit mehr als 403 000 Titeln ausstellen und mit der Türkei als Gastgeberin.
Der Untersekretär des Ministeriums für kulturelle Güter und Aktivitäten, Francisco Maria Giro, wird die italienische Regierung bei der Eröffnungszeremonie des italienischen Pavillons vertreten. Italien wird institutionell und effektiv mit einem Punkt in Italien - 264 Quadratmeter Ausstellungsfläche - präsent sein.
Im Anschluss an die Veranstaltung wird in der Buchmesse im Raum Struktur in der Halle 5.0 eine Begegnung mit der Presse stattfinden.
Die Daten zeigen, dass das Gewicht der Bücher ausländischer Autoren auf die Gesamtproduktion in Italien, insbesondere auf die Bücher für Erwachsene und Jugendliche, immer geringer wird.
Vor einem Jahr wurde das Flugzeug des verschwundenen Milliardärs Steve Fossett gefunden.
Die Flugzeugreste von Steve Fossett, dem Milliardär, wurde gefunden, der am 3. September 2007 in der Wüste von Nevada verschwand.
Der Schutt wurde auf einem Hochgebirge in 3000 Metern Höhe in der Gegend der Sierra Nevada von Mammoth Lakes, an der Grenze zwischen Kalifornien und Nevada, gefunden.
Im Inneren des Flugzeugs befanden sich keine menschlichen Überreste.
Der Bezirkskommissar von Madera County, John Anderson, hat die Zweifel, die noch zu lösen waren, beseitigt: "Das Flugzeug wurde lokalisiert, wir haben eine Streifengruppe geschickt, und wir haben nun die Bestätigung, dass es genau das ist, über das Steve Fossett am Tag seines Verschwindens flog", sagte er bei einer Pressekonferenz.
Der Flugzeugchef sagte, dass keine menschlichen Überreste in der Umgebung oder auf dem Flugzeug gefunden wurden.
Der 63-jährige Millionär wurde im Februar für tot erklärt.
Das amerikanische Büro für Verkehrssicherheit (Ntsb) hat bekannt gegeben, dass einige Stunden nach der Sichtung der Trümmer ein Team von Forschern eingesandt wurde, die das Gerät identifiziert haben: Es handelt sich um das eigene Bellanca 8kcab, das seit dem 3. September 2007 verschwunden war, als Fossett von Yerington in Nevada für einen drei Stunden dauernden Flug abhob.
Gestern, ebenfalls in Kalifornien, nicht weit von der Grenze zu Nevada, wurden einige persönliche Überreste von Fossett von einem Ehepaar in der Nähe seines Hauses in Mammoth Lakes gefunden.
Es geht um zwei Dokumente mit dem Namen Fossett, beide von der Federal Aviation Administration von Illinois ausgestellt, Bargeld und einen Sudschuh.
Die Suche nach Fossett wurde einen Monat nach seinem Verschwinden eingestellt.
Der Millionär hatte sich durch eine lange Reihe von Premieren einen Platz in der Geschichte erobert.
2002 war er bei seinem sechsten Versuch der erste Mensch, der die Welt in einer Luftballon umkreiste: zwei Wochen allein.
Drei Jahre später war er mit einem Flugzeug rund um die Welt und ohne Zwischenstopps.
Zu den Rekorden gehörte auch der, dass er über die Anden und mit einem Kopilot auf einer Höhe von 15.445 Metern geflogen ist.
Glk, die Werbung, die du nicht erwartest
Ein außergewöhnliches SUV mit einem originellen, gut ausgebauten Design mit klaren Linien und bestimmten Winkeln.
Es ist, kurz gesagt, der neueste unter den "kompakten" SUVs des Stars, mit denen Mercedes-Benz in diesem Sektor ein Fenster der Neuheit geben wollte.
Die Mitteilung, die mit dem SUV Glk, der ab dem 17. Oktober in den Mercedes-Benz-Ausstellungsräumen erhältlich ist, einhergeht, wird durch den Inhalt außerhalb des Traditionellen unerwartet und unkonventionell sein.
Die Werbekampagne, die mit dem Debüt des neuen Autos begleitete, brachte eine neue Art der Kommunikation durch eine 3D-Werbekampagne zum Einsatz, die erstmals in Italien von einer Automarke eingesetzt wurde.
Ein Projekt mit Maxi-Postern, artikuliert in drei verschiedenen Phasen, die die zentrale Straße des Milanes Shopping, Avenida Como, bis zum 15. November beherrschen.
Die erste Phase dieser neuen Art der Kommunikation beginnt mit der Präsentation des Autos in einer Stereoskopversion und dank spezieller Brillen, die auf der Avenue Como verteilt werden.
Wenn man sich die Bilder ansieht, hat man den Eindruck, dass das Auto aus dem Poster herauskommt.
Die neue Glk wird in Folge durch die innovative Elumina8 Technologie in verschiedenen Zeiten in allen Details beleuchtet, um sich in einem einzigen Bild zu zusammensetzen.
Mit dieser Werbung versucht Mercedes zweifellos, etwas Neues in die Stereotype der Automobilkommunikation einzuführen.
Wird diese Formel die Interessen der zukünftigen Käufer ansprechen können?
Es ist klar, wer die italienischen Hooligan sind.
Im Triveneto spielt das Verbot des Zugangs zu Sportveranstaltungen.
Die Kommission hat in diesem Zusammenhang die Möglichkeit, die in der Vergangenheit bestehenden Verhältnisse zu überprüfen, und wir haben die Möglichkeit, die Verhältnisse zu überprüfen, um zu sehen, ob die Verhältnisse in der Vergangenheit noch nicht so waren wie heute.
Und sie hatten auch nie die Fans des Gegners getroffen.
Die Auszugskette ist rechts.
Die Förderer kommen aus der Triveneto.
Von Verona, Padua, Triest und Udine.
Zu diesen aus Sofia kommt eine kleine Gruppe (eigentlich nur wenige Einheiten) aus dem Land des Kampagnes und Apulien.
Sie haben dreifarbige Fahnen, auf denen die Heimatstadt der Militanten zu sehen ist: Samstagabend wurden sie herausgenommen, damit sie nicht identifiziert werden können.
Die inspirieren die englischen Fans.
In Bulgarien haben sie eine Gruppe von echten Nazi-Fanatikern gefunden, die Levski-Leute.
Die Figc hatte den italienischen Fans 144 Tickets für die Partie zur Verfügung gestellt: Alle bereits mit Namen, so dass sie leicht zu kontrollieren sind.
Der Innenminister hatte alle schon kontrolliert: Unter denen, die für Sofia ausgereist waren, gab es zu diesem Zeitpunkt keinen mit einem Daspo (Verbot des Zugangs zu Sportveranstaltungen), keinen, der ihm verboten hatte, ein Stadion zu besuchen.
Vier italienische Fans, die in Stadien verwickelt waren, wurden ihre Fahrkarten und auch ihre Reise verweigert.
Nun wartet das Innenministerium auf die Berichte der bulgarischen Polizei, um Maßnahmen zu ergreifen: In diesem Fall ist es möglich, dass die Fans, die verhaftet wurden oder bei den Unruhen identifiziert wurden, für mindestens fünf Jahre mit dem Daspo (Auszugverbot) belegt werden.
Ein internationales Daspo (Verbot des Zugangs zu Sportveranstaltungen), das nicht nur die italienischen Stadien, sondern auch die Stadien in ganz Europa verhindert.
Unsere Hooligans werden kein Stadion mehr betreten.
Zum Glück!
Aber jetzt gibt es die Angst vor Nachahmung: dass zu diesen wenigen fünfzig, andere hinzugefügt werden.
"Wir müssen diese Brandung sofort löschen und nicht legitimieren, wer sich so verhält", sagt das Innenministerium.
Deshalb "gute Augen" vor allem im Hinblick auf die National-Party am Mittwoch in Lecce".
In Apulien gibt es auch eine kleine Gruppe von Ultras-Italienern.
Morgen trifft sich das Observatorium, am Dienstag die Cams, die auch eine Abteilung der Aise (Informations- und Sicherheitsagentur für Außenbeziehungen, also der Geheimdienste) haben kann, die sich selbst mit den Problemen in den Stadien befaßt.
"Die Chorleute des Duce-Duce und der Arm in der Hymne von Mameli? In Bulgarien ist das kein Verbrechen"...
Das ist der (unzufrieden ausgedrückte) Gedanke von Domenico Mazzilli, der seit einigen Wochen Direktor des Observatoriums des Innenministeriums ist (er hat die Position übernommen, die zuvor Francesco Tagliente und danach Felice Ferlizzi innehatten).
Mazzilli war der Chef der öffentlichen Sicherheit in Triest, wo sich ein Kern von Unterstützern der Gruppe Ultras Italia befindet, die 2002 gegründet wurde.
Es ist wahr, wie Mazzilli sagt, dass es in Bulgarien kein Verbrechen ist, den Duce zu feiern, aber das Verhalten dieser 150-200 Fans war beschämend.
"Ich bin kein Soziologe", fügt der No. 1 des Observatoriums hinzu. "Die Verbrechen werden in den Ländern, in denen sie stattfinden, zugeschrieben.
Bisher hat sich diese Gruppe gut verhalten. Jetzt werden wir sehen, was passiert ist, und wir werden das für die Zukunft berücksichtigen.
Aber lassen wir auch von den Flöten zu Mameli's Hymne sprechen: Auch diese sind kein Verbrechen, aber wenn Sie es zulassen, sind sie auch keine Erziehung ... "
