V Rakousku triumfují pravicoví populisté, mají 29 procent hlasů
Podle prvních předběžných výsledků předčasných parlamentních voleb v Rakousku došlo k výraznému oslabení obou stran v současné velké koalici a k výraznému posílení pravicových populistických stran.
Obzvláště velké ztráty utrpěla rakouská lidová strana (ÖVP), jejíž pozice je nyní silně otřesená, a to Wilhelm Molterer.
Naopak, vedoucí kampaně Aliance pro budoucnost Rakouska (BZÖ), karintský guvernér Jörg Haider, připravuje triumfální návrat do národní politiky.
Podle předběžných výsledků zůstává sociálně demokratická strana (SPÖ) s 29,8 procentem hlasů nejsilnější v zemi, nicméně od posledních voleb v roce 2006 ztratila 5,5 procent hlasů.
ÖVP, která se svým 25,6 procentem ztrácí téměř devět procent hlasů, se vypořádala ještě hůř.
Jedná se o nejhorší výsledky obou velkých stran v rakouské poválečné historii, a zejména pro Lidovou stranu, která naléhala na předčasné volby, je to doslova katastrofální výsledek.
Na počátku července, kdy ÖVP opustila koalici, měla Lidová strana stále významné vedení nad SPÖ v průzkumech.
Voliči je však zřejmě potrestali za to, že nechali vládu trpět.
V prvních reakcích na výsledky již existovaly spekulace o možné rezignaci vůdce strany a současného vice-kancléře Wilhelma Molterer.
Pozorovatelé předpokládají, že by se to mohlo stát již v pondělí na mimořádném zasedání vedení strany.
Tento vývoj by jistě zjednodušil cestu k tomu, co je stále pravděpodobnější, a to obnovení velké koalice SPÖ a ÖVP.
Vzhledem k posílení obou pravicových populistických stran - Strana svobody (FPÖ) získala předběžné 18 procent a BZÖ jedenáct procent hlasů - sociální demokraté však současně vyjádřili strach z opakování roku 1999, kdy se Lidová strana dohodla s populisty (FPÖ byla v té době stále sjednocena, v roce 2005 se odtrhla od BZÖ) na společné vládě, což nakonec vyvolalo sankce Evropské unie.
Haider, který už oznámil, že je připraven spolupracovat s jakoukoli stranou a předpokládá, že se vrátí do Vídně do národní politiky, očividně spoléhá na tento vývoj.
Zelení se také dostali do parlamentu, ale utrpěli lehkou ztrátu a spadli z třetího na páté místo mezi rakouskými politickými stranami.
Žádná z ostatních stran zřejmě nezasáhla hranici čtyř procent a nedostala se do parlamentu.
Schwarzenberg: Vztahy s Indií by se mohly zhoršit
Podle ministra zahraničí Karla Schwarzenberga, pokud nebude možné vyřešit problém českých vědců obviněných v Indii z nelegálního sběru brouků, mohlo by dojít k určitému zhoršení česko-indických vztahů.
Minister učinil toto prohlášení v New Yorku po dnešní schůzce se svým indickým protějškem Pranabem Mukherjeem.
"Pokud se to nevyřeší, pak ano, pak by se jisté zhoršení mohlo stát", prohlásil po schůzce iniciované z české strany.
Po vyjednávání Mukherjee řekl, že je pro výkonnou moc obtížné zasahovat do soudních záležitostí.
Nicméně řekl, že v případě Petr Šváchy, který byl zproštěn obvinění a potrestán pokutou, může centrální vláda vyjednávat s místní samosprávou v Darjeelingu, pod jejíž jurisdikci se věc nachází.
"Jeho problém by mohl být vyřešen", řekl ministr.
Podle Mukherjeeho by bylo nejlepší, kdyby Emil Kučera, odsouzený k třem letům vězení, odvolal na vyšší orgány.
Potom může požádat o propuštění na kauci a počkat na rozsudek mimo vězení, vysvětlil.
Schwarzenberg potvrdil, že to řekl i jeho partner během jednání.
"Doporučuje odvolání se na vyšší soud, pak by bylo možné ho odpustit", řekl šéf české diplomacie.
Jediný způsob, jak se česká strana může zapojit do celé záležitosti, je poskytnout odsouzeným osobám "kompetentní právní podporu", řekl indický ministr.
Zároveň uvedl, že indická strana jim již poskytuje pomoc tohoto typu.
"Je v našem největším zájmu zachovat nejlepší vztahy s Indií, které mají dlouholetou tradici.
Indiáni to také uznávají", řekl Schwarzenberg.
Zároveň, jak řekl agentuře Czech Press, před svým partnerem zdůraznil, že Česká republika klade velký důraz na problém českých entomologů.
"Zatčení a obvinění těchto českých vědců považujeme za vážnou chybu", prohlásil.
Ministerstvem se vyhýbal odpovědi na otázku, zda obdržel od indické strany slib, že bude pokračovat v této záležitosti.
Řekl pouze: "Už jsem obdržel dostatek slibů".
České rozhodčí soupeři bojují o mořské dno
Kráčí k elektronické zdi, na níž je zobrazena Austrálie a okolní mořské oblasti.
Nicméně, on se nezajímá o kontinent, ale v malém bodě ztraceném v modrém oceánu.
"Tento ostrov a s ním i dno oceánu, který ho obklopuje, patří Austrálii.
Zároveň je tato oblast stejně velká jako samotný kontinent", říká italský právník Luigi Santosuosso, který patří k třicetčlennému týmu zaměstnanců Oddělení OSN pro záležitosti oceánu a mořské právo.
Jeho šéf, ředitel oddělení, český právník Václav Mikulka, sleduje, co říká, a občas něco přidá.
Zázrak a nadšení pro práci jsou zde dominantní.
Podmořské dno je útočištěm pro dosud málo známý svět bohatý na přírodní zdroje.
Je možné najít ropy, rudy a další minerály, ale také dosud neznámé živé organismy, které drží klíč například k vývoji léku proti rakovině.
Podlahu větší než kontinent
Pobřežní země dnes začali o nové podmořské území silně soutěžit.
Podle dohody OSN využívají práva, na kterých se dohodli v roce 1982 v Montego Bay na Jamajce.
Jedná se především o oblast tzv. kontinentální šelfy, která často dosahuje až do několika stovek kilometrů od pobřeží dané země.
Podle dohody má tato země výhradní právo na všechny zdroje kontinentálního šelfu.
"Sprostě řečeno, kontinentální šelfa je považována za část mořského dna, která je přirozeným pokračováním kontinentu pod mořem a jeho podloží.
Dosahovalo až za okraj pobřežního moře, často i za okraj dvou set námořních mil tzv. výlučné ekonomické zóny", vysvětluje Mikulka.
Žádost, kterou daná země předkládá Komisi o hranicích kontinentálního šelfu, musí být podpořena vědeckou a technickou dokumentací založenou na mnoha nákladných průzkumech a měřeních.
Je výsledkem mnoha let přípravy.
"Jednou z našich rolí je poskytovat komisi právní a odbornou technickou pomoc.
Komise dosud projednala pět žádostí z Ruska, Brazílie, Austrálie, Irska a Nového Zélandu.
"Přesněji řečeno, je to jen jedna z možností, jak se dostat k úspěchu", dodává Mikulka.
Nedávno se úspěch Austrálie, která jako první rozšířila své podmořské území, zaznamenal po celém světě.
Nový Zéland však získal také - plocha oceánského dna, kterou mu komise přiznala, je přibližně 1,6 milionu kilometrů čtverečních, tj. zhruba šestkrát větší než velikost samotné země.
Obě země investovaly miliony dolarů do geodézy.
Doufají, že zisk, který bude v budoucnu vyplývat z využití mořského dna, bude neocenitelný.
Ostatní země budou postupně předkládat své žádosti.
Mají na to deset let od okamžiku, kdy ratifikovali "Montego Bay Agreement".
Tam, kde končí kontinentální šelf, začíná oblast mořského dna, která je podle dohody prohlášena za "společný dědictví lidstva".
Žádná země už nemá v tomto směru výhradní postavení.
Práva na těžbu v této oblasti jsou udělována na základě dohody uzavřené mezinárodní institucí.
"Ale dno oceánu není Klondike", říká režisér Mikulka přehnaně, a dodává, že jeho "zdelek jsou právně jasně vymezeny a jejich režim je zakotven ve smlouvách".
Češi v Pacifiku
Část mořského dna patří v současné době České republice.
Sdílí ji s ostatními zeměmi bývalého východního bloku jako součást společné organizace "Interoceanmetal".
Tato organizace, stejně jako investoři z několika dalších malých zemí, získala v roce 1991 statut tzv. "průkopnického investora" na základě dohody.
Je oprávněna těžit v ClarionClipperton zóně v Tichém oceánu, který leží mezi Mexikem, Havaj a Kiribati.
Oblast, kterou investor zkoumá, je o něco větší než bývalé Československo.
Podzemí oceánu je drsné, je to podmořský model Taterských hor.
"Tam je možné těžbu na celkové ploše 75 000 čtverečních kilometrů.
Oblast je bohatá na shromažďování polymetalických betonů obsahujících nikl, měď, kobalt a mangan", říká další právník, Pakshi Rajan z Indie.
Makedonský právník z oddělení, Rober Sandev, přináší jeden takový konkrétní příklad k ukázání.
Vypadá jako malý brambor nebo, s trochou fantazie, jako mýtický šem, který podle legendy přivedl Golema k životu.
Německé speciální jednotky při záchraně rukojmí
Při řešení rukojmí krize, egyptská vláda požádala o pomoc Německo - které poslalo odborníky.
Když se to dostalo do konce, speciální jednotky byly připraveny, ale jejich služby nebyly nakonec potřebné.
Stále více podrobností se objevuje o okolnostech, které se týkaly osvobození jedenácti evropských turistů unesených v Egyptě.
Podle německého federálního ministerstva obrany a vnitra se německé speciální jednotky nepřímo podílely na záchranné misi.
Podle mluvčího ministerstva byli při záchraně přítomni odborníci z Federálních ozbrojených sil (Bundeswehr) a členové německé federální policie (Bpol) a její GSG 9 a speciální jednotky Air Guard, stejně jako členové Federálního úřadu kriminální policie (BKA) a logističtí odborníci z Agentury pro technickou pomoc (THW).
Německé síly však nebyly zapotřebí, protože únosci opustili své rukojmí a uprchli, když si uvědomili, že rukojmí budou osvobozeni násilím.
Egyptská vláda přijala pomoc, kterou nabídla Německo, aby se spoléhala na německé síly jako zálohu během operace.
"Naštěstí k tomu nedošlo", řekl mluvčí německého federálního ministerstva vnitra.
Cestovní skupina, která se skládala z pěti Němců, pěti Italů, rumunské ženy a jejich osmi egyptských společníků, byla 19. září v úkrytu a unesena na jihu Egypta.
Po jejich únosu v pouštní oblasti na jihu Egypta byli rukojmí přenášeni sem a tam v pohraniční oblasti mezi Egyptem, Libyí, Súdánem a Čadem.
Do dnešního dne zůstává totožnost únosců neznámá, stejně jako podrobnosti o záchraně nebo o možných výkupných.
Bývalí rukojmí dorazili do Káhiry v bezpečí.
Německý ministr zahraničí Steinmeier řekl, že byli svěřeni do péče německé ambasády.
O podrobnostech záchranného úkolu se nevyjádřil.
V Berlíně nebyly okamžitě poskytnuty žádné informace o jejich návratu do Německa.
Podle německého listu "Bild" se pět turistů a speciální jednotky chystají na palubě letadla německých leteckých sil, které prý dorazí do Německa v úterý.
Sněmovna reprezentantů odmítla záchranu
Balíček záchranných opatření na finanční trhy v hodnotě 700 miliard dolarů se jen o vlásek nepovedlo v prvním ze dvou komor amerického Kongresu.
Dow Jones se zhroutil.
S 227 hlasy proti 206 hlasů proti, americká Sněmovna reprezentantů odmítla vládní balíček záchrany finančních trhů.
Přes všechny výzvy prezidenta George W. Busha a vedoucích činitelů obou stran, nebyla dosažena žádná většina pro program, který měl zabránit chaosu na finančních trzích.
V dramatické kampani, se příznivci zoufale snažili přesvědčit kritiky o výhodách 700 miliardového plánu.
Barney Frank, jeden z hlavních vyjednavačů demokratů, vyzval zástupce k schválení, i když to byl nepopulární plán.
"Je těžké získat politické schválení pro prevenci něčeho, co se ještě nestalo", přiznal.
Zatímco hlasování stále probíhalo, Dow Jones zaznamenal pokles o více než šest procent, nebo 600 bodů.
Bylo to způsobeno obavami investorů, že vládní záchranná opatření může selhat.
Krátce před koncem hlasování se znovu vzpamatovala, jen aby se znovu ponořila, když bylo odmítnutí zveřejněno.
Odborníci nyní očekávají další silné turbulence na mezinárodních finančních trzích.
Aby byl plán proveden, je zapotřebí souhlas Sněmovny reprezentantů i Senátu.
Cestovní kanceláře hlásí nárůst počtu rezervací
Německým cestovním agenturám to bude dobrá zima.
Podle jednoho průzkumu se obrat rezervací pro následující měsíce výrazně zvýšil oproti předchozímu roku - pro zimní sezonu dokonce o 30 procent.
Podle jednoho průzkumu zůstává německá chuť cestovat nepoškozená, a to i přes slabou ekonomickou perspektivu.
V případě rezervací v zimní sezóně zaznamenaly cestovní kanceláře v porovnání se stejným obdobím předchozího roku nárůst obratu o 31 procent, informovala německá cestovní asociace (DRV) v pondělí v Berlíně.
Podle průzkumu trhu společnosti GfK došlo také k nárůstu rezervací v podzimních měsících.
Podle DRV zaznamenaly cestovní agentury v říjnu v porovnání s rokem 2007 nárůst obratu zhruba o 11 procent.
Výsledky jsou založeny na údajích společnosti GfK, která zpracovává měsíčně údaje o rezervacích 1200 německých cestovních kanceláří a používá je k vypracování prognóz pro trh jako celek.
Zahrnují se rezervace cestovních služeb provedené do srpna 2008.
Vzhledem k slabému dolaru byly obzvláště žádané cesty do Spojených států, uvedl DRV.
V této oblasti se podle agentury zvýšily rezervace přibližně o jednu třetinu.
Kromě toho, poukázal na Španělsko, Turecko a Řecko jako oblíbené mezi Němci, stejně jako domácí regiony.
Výlety s cenou "všechno zahrnuté" byly obzvláště vyhledávané, řekl prezident DRV Klaus Laepple.
Vzhledem k zvyšování cen energie a potravin byly jejich náklady pro klienty ̋více vypočítatelné než náklady na individuálně organizované dovolené", uvedl Laepple.
Podle Laeppleových slov by spotřebitelé mohli ušetřit prostřednictvím slev na předčasné zakoupení nebo na vše zahrnující nabídky.
Protože letní měsíce byly velmi dobře rezervovány, došlo by k dalšímu zvýšení obratů oproti předchozímu roku, řekl - ačkoli jiná studie uvádí, že počet cestujících Němců klesl ve srovnání s předchozím rokem.
Poprvé na Oktoberfestu
Východní a après-ski-style hity v režimu opakování, pivo z jednoltrových hrnek a celebrity v návrhář Dirndln.
Wiesnův debut.
Technicky, Susanne Kronzuckerová a já nemáme moc společného.
Je blond, je televizní moderátorka a nosí Dirndl na míru.
Mám tmavé vlasy, jsem studentka a moje šaty jsou z druhé ruky.
Ale je tu jedna věc, která nás spojuje: jsme v Wiesn jen tři minuty a už se kolem nás shromažďují fotografové, kteří si dělají fotky a plní paměťové karty - velmi lichotivé, a je to moje první návštěva Wiesn.
Takhle si děláš přátele.
Zdá se, že levný Dirndl dělá svou práci.
Pro turista z Wiesn, který obvykle bydlí severně od rovníku Weisswurst', měl k dnešnímu dni pocit pohodlí, když nosí tradiční bavorské šaty.
Ale když jsme dorazili do Theresienwiese, tak to není tak špatné.
Téměř každý má na sobě Dirndl nebo Lederhosn; nikdo nevypadá znechuceně nebo zahanbeně - je to naprosto normální.
Jen moje Dirndl zástěra vzbudila divné pohledy na prodavače čokolády a banánů.
Nějaká žena z Mnichova mi řekla, že jsem si zavázala zástěru špatně: "Na levém straně dostupná, uprostřed panna, na pravém straně zasnoubená, vzadu vdova".
Špinavě jsem si zatáhl zástěru ze zadu doleva.
"Vypadá to dobře", říká a směje se.
Jiní se méně zajímá o jemné flirtování techniky a nosí jednoduché plátěné čepice, které říkají "Too drunk to get dressed" a bez nutkání, ukazují lidem jejich nahé zadek.
Mladík s exhibicionistickým přístupem se jmenuje Bob, je z Anglie, a je to jeho první návštěva Oktoberfestu.
Je to pro něj nádherný, s dlouhým roztaženým "u-u-u-u".
Říká mi to hned po tom, co se zbavil toho "maß" co měl předtím.
Přímo vedle jedné z těch zápalek, které si všichni pletou s odpadkovými skládkami.
Takže Bob je jeden z těch nechvalně známých "Wildbieslerů".
Jiní nemají to štěstí, že by se jim alkohol takhle vylil.
V osm hodin večer se na místě objevují desítky zdravotníků, kteří se starají o chudé zhulence.
Lékaři se objevují vždy ve skupinách - vždy je jich čtyři najednou, nesouce z jednoho stanu do druhého kryté nosítka.
Funguje to jako u většiny Wiesnových návštěvníků: když je prázdná, vyrazí ven, a když je plná, vrací se zpět.
Nevidíš, kdo je uvnitř rakve.
"Jsou to ti, co už to nezvládnou", vykřikl jeden z záchranářů, když jsem se ho na to ptal, a zmizel v davu.
Policie jmenuje oběť nehody
63letá žena, která zemřela v nemocnici poté, co ji srazila auto, byla jmenována.
Carole Paulsonová, z Chelmsford Road v Brentwoodu, se zúčastnila nehody v pátek odpoledne na Shenfield Road v městě.
Byla převezená do nemocnice Queen, v Romfordu, ale později zemřela.
Po nehodě byl zatčen 51letý muž, podezřelý z nevázaného řízení.
Byl propuštěn na kauci.
Rozšiřující se diplomatické obzory Turecka
Dávno předtím, než se Turecko snažilo vstoupit do Evropské unie, evropské mocnosti se dychtivě snažily proniknout hluboko do tureckého vnitrozemí.
Na východní straně Bosporu, možná jen 20 kroků do Asie, stojí jedna z nejhezčích památek této neúspěšné císařské ambice.
Železniční stanice Hydarpaša byla navržena dvěma německými architekty Otto Ritterem a Helmutem Conuem v neorenesančním stylu.
Alespoň to vám říkají průvodce.
Budova je na konci plošiny s věží na každém rohu a hledá na celý svět jako německá městská síň.
Ten kámen je špinavý.
Celá stavba se mírně rozkládá.
Ale jakmile se dostanete do sklepené pokladny, není pochyb o velikosti podniku, jehož nejzápadnější branou byla tato.
Stanice byla otevřena v srpnu 1908 německým konsorciem Anatolia-Bagdad Corporation.
Německo, které přišlo pozdě do imperiální hry, mělo v úmyslu uskutečnit své ambice ovládnout Střední východ pomocí této železnice, která vede do Damašku, Bagdádu a dále do dnešní Saúdské Arábie.
Ale německé císařské ambice se během první světové války zhroutily.
Jeho železniční trasy byly napadeny Lawrenceem z Arábie a jeho arabskými nepřáteli.
Relativní izolace od okolních oblastí, vyvolaná zmrzlými hranicemi studené války, se vytratila.
Britské a dominionní síly vyrazil z Egypta a vytlačil Turky a jejich německé spojence z Palestiny a Sýrie.
A pro Hyderpashu byla také špatná zpráva.
V roce 1917 vybuchl nábojnický vlak a zničil jeho vylepšenou střechu.
Turecké zdroje říkají, že to byla sabotáž.
Od té doby se pomalu vytrácel, a historie ho z velké části přehlížela.
Ale dnes, tato železniční brána do Anatolie a všech východních bodů, slouží - alespoň symbolicky - k zvýraznění rozšiřujících se diplomatických obzorů Turecka.
Vládnoucí strana Spravedlnost a rozvoj - AKP - vytvořila zcela novou zahraniční politiku pro zemi.
Relativní izolace od okolního regionu, vyvolaná zmrzlými hranicemi studené války, je pryč.
Nyní je tu nová politika angažování.
Je pozoruhodné, že turecká vláda má dobré vztahy s Izraelem a Sýrií, s palestinskými frakcemi Hamasu a Fatahu, s Irákem a Íránem a samozřejmě s Evropskou unií a Spojenými státy.
Abychom zjistili parametry této nové zahraniční politiky, nastoupil jsem na noční spící letadlo do turecké metropoly Ankary, abych navštívil jednoho z předních zahraničních politiků AKP, tureckého poslance Suata Kiniklioglu.
Další ráno - asi deset a půl hodiny později - po otřesné jízdě po trasách, které vyprodukovaly staré světové rytmy slavného dokumentu The Night Mail, jsem dorazil do tureckého hlavního města - navrhovaného jako nové město pro nový sekulární stát, který se snaží obrátit zády na osmanskou minulost.
Ale AKP s jeho dobře známými islamistickými kořeny představuje paradigmatický posun v tureckém konsenzu.
To vyvolalo podezření na Západě, zejména v Washingtonu.
Taxíkem jsem se dostal do ústředí AKP, do ultramoderní, kamennou a ocelovou budovy - zcela zkonstruované - v rozvíjejícím se předměstí obklopené polonačtenými nákupními centry a power-patisseries, kde se střední manažeři v obchodních oblecích - muži i ženy - setkávali, aby se v ranních hodinách dohodovali.
Suat Kiniklioglu by mohl být středopravým politikem téměř z jakékoliv jiné politické strany v Evropě.
Oblek, kravatu, jsem si jistá, že si dokonce vzal Blackberry.
"Cílem zahraniční politiky strany je nyní znovu začlenit Turecko do svého bezprostředního sousedství.
Studená válka byla anomálie", řekl mi.
Turecko bylo odříznuto od svého vnitrozemí.
Dneska se musí dívat zároveň na východ i na západ.
Nebylo to o tom, zda je to jedno nebo druhé.
Musel to udělat obojí.
"Ale jistě v určitém okamžiku", zeptal jsem se, "Turecko bude muset zvolit?"
"Turkey", řekl, "nechtěl se s touto volbou potýkat".
Poté zdůraznil, že téměř každý, s kým jsem zde mluvil, téměř zpaměti citoval: vazby Turecka nejen na Střední východ, ale i na Kavkaz a kolem Černého moře jsou stejně prospěšné Evropě a Spojeným státům, jako jsou pro Turecko.
S Tureckem na palubě, zřejmě jde o to, že Evropa jako celek může metaforicky jet po těchto železničních linkách na východ směrem k Asii a Blízkému východě.
Zpět na stanici Hydarpasha, po další z velké části nespavé noci, jsem myslel na ty dva německé pánové Herr Ritter a Herr Conu, kteří sledovali stavbu této budovy před 100 lety.
Jak by byli překvapeni, kdyby zjistili, že evropské ambice na Blízkém východě mohou být nyní z velké části v rukou Turecka.
A když jsem na terminálu čekal na trajekt, který mě přenese zpět přes Bospor, vzpomněl jsem si, že v těch dnech bylo Turecko vždy nazýváno "nemocným mužem Evropy".
Tehdy se alespoň nezdálo, že by bylo příliš pochybné, který kontinent by měl nárokovat tuto fascinující zemi.
Životní vzpomínky: Vernon Handley a William Woodruff
Mark Brown píše: Jako Guildfordův hudební ředitel od roku 1962 měl Vernon "Tod" Handley (obituář, 11. září) na starosti Guildfordský filharmonický orchestr a sbor.
Jako součást jeho hudebního plánu pro město, založil příští rok svůj nádherný mládežnický sbor, Proteus.
Mělo to být pro mladší než 21 let, ale když Proteus zpíval finále v roce 1979, několik z nás bylo v pozdních 20 letech - prostě jsme odmítli opustit sbor.
Jméno "Proteus" (mytologický měnící tvar) reprezentovalo ochotu a schopnost chóru řešit jakoukoli hudbu, která mu byla předložena, ať už madrigal nebo Messiaen, ať už bez doprovodu nebo s plným orchestrem.
Hudobná všestrannost, kterou tak mladý sbor produkuje, je často úžasná, vždy vzrušující, a to vše díky inspiraci jednoho muže a nadšení pro hudbu, která zůstala naprosto konstantní po celá léta.
Jak často nám Tod říkal, ať necháme hudbu mluvit sama za sebe.
Říká: "Složitel ví, co chce.
Všechno je to v hudbě.
Tak to zazpívej!"
Jeho techniky s batonem byly naprosto jasné a přesné, ale nikdy diktátorské, ani květinové.
Ať byl jakýkoliv hudební standard, vždy ho zvedl ještě výš.
John Frayn Turner píše:
Pokud by měl být nějaký dirigent hoden rytířského titulu, byl to Vernon Handley.
Znal jsem ho dobře během dvou desetiletí, kdy dirigoval Guildfordskou filharmonii od roku 1962 do roku 1982.
Za posledních 40 let jsem si prohlížel více než 100 jeho koncertů a mohu upřímně říct, že jsem nikdy nebyl zklamaný ani jednou - a mnohokrát jsem byl jimi inspirován.
Tod Handley měl tu vzácnou kombinaci velikosti a osobní skromnosti.
Nenáviděl dirigenty, kteří podle jeho slov "snadže jen jeden nebo dva známé válečné koně po celém světě".
Bude chybět mnoha z nás.
William Woodruff
Profesor John Beckett píše:
Váš nekrolog Williama Woodruffa (25. září) uvádí, že "v roce 1946 pokračoval v ekonomickém dějinách v Oxfordu a v roce 1950 se stal Houblon-Normanovým výzkumným pracovníkem... a současně studoval pro BSc, MA a PhD".
To vyplývá z Woodruffova autorského poznámky v Beyond Nab End, ale není to správné.
V letech 1946 až 1953 byl lektorem ekonomické historie na univerzitě v Nottinghamu, během které dokončil doktorskou práci o britském gumovém průmyslu pod dohledem profesora J. D. Chamberse, která byla následně publikována v roce 1958 jako The British Rubber Industry.
V letech 1950-51 strávil v USA na Houblon-Normanově stipendiu a v létě 1952 na univerzitách v Illinois, Harvardu a New Yorku.
V roce 1953 opustil Nottingham a nastěhoval se do Illinois.
Proč Woodruff rozhodl přikrýt tuto část své kariéry, je neznámé.
J. Vincent Resino na filologické fakultě
"Doporučuji výstavu José Vicente Resino "Flamenco y vida", protože jeho černé a bílé fotografie, pořízené v dokumentárním stylu, jsou mimořádné.
Fotky upoutaly mou pozornost pro jejich jednoduchost a sílu, kterou přenášejí, vždy se o subjekty stará s zvláštní pozorností.
Výstava, která představuje hluboké pocity.
Resino dokáže zachytit kouzelné okamžiky".
Druhý útok na super prodejci Hondy.
V listopadu příštího roku Honda představí na trhu druhou generaci modelu Jazz.
Pokud se předchozí model vyznačoval vysokou obyvatelností, tento nový minivan má větší vnitřní prostor.
Navíc je vybaven vylepšenou mechanikou, která zvyšuje komfort jízdy a umožňuje šetřit palivo.
Evoluce místo revoluce.
Tohle je druhá generace Hondy Jazz.
Zatímco nový Jazz vypadá esteticky jako předchozí model, změny přinesené do minivan jsou četné.
Mimo jiné stojí za zmínku jeho inovativní design, nová platforma, větší rozměry a hezká nová mechanika.
Ale než se pustíme do analýzy nového modelu, možná by bylo dobré upozornit, že nový Jazz přichází teprve šest let po prvním modelu.
Proto by se v první řadě mělo vzít v úvahu, že společnost Honda obnovila tento model rychleji, než to obvykle dělají ostatní společnosti.
I když je model Jazz v Evropě méně známý než na jiných trzích, je stále fenoménem z hlediska prodeje.
To je případ Japonska, kde Jazz byl nejprodávanějším autem v roce 2002 a také v roce 2008.
Jen tam, téměř milion jednotek Jazz byly prodány od uvedení modelu.
Druhým trhem byl Starý kontinent, kde se za šest let prodalo asi půl milionu vozidel.
Navzdory těmto číslům, Honda věří, že nový Jazz ještě více zvýší prodeje v tomto segmentu.
Pokud tedy japonská společnost v roce 2007 prodala celkem 83 000 kusů tohoto modelu, v roce 2009 by se podle odhadů mělo prodat přibližně 100 000 vozů, což předpokládá možné zvýšení prodeje o 17% jen na evropském trhu.
Pokud jde o španělský trh, Honda od roku 2002 prodala celkem 8000 kusů modelu Jazz, což odpovídá 6,7% celkového prodeje společnosti ve Španělsku.
S příchodem nové generace očekávají vedoucí společnosti ve Španělsku prodej asi 2000 kusů Jazz během jednoho roku.
Příchod nového Honda Jazz to pravděpodobně umožní tím, že do značné míry sníží pokles prodeje ve Španělsku.
Ve skutečnosti, osoby odpovědné za značku očekávají, že do konce roku prodá celkem 22 000 kusů, což je o 4 000 kusů méně než v roce 2007, s poklesem o 16%.
Navzdory nárůstu prodeje, Honda také zvýšila svůj podíl na trhu ve Španělsku, dosáhl 1,8%, ve srovnání s 1,6%, v loňském roce.
Zároveň japonská společnost očekává, že v roce 2010 dosáhne 2% hodnoty.
K tomu má Honda důvěru v další nový model.
To je Insight, hybridní pěti-dveřový kompaktní automobil, 4,37 metrů dlouhý. japonská společnost doufá, že prodá asi 200.000 jednotek tohoto modelu po celém světě, do jednoho roku.
Podle odhadů japonských výrobců a trhů bude 50% prodeje Insight pocházet ze Spojených států, zatímco zbývajících 50% bude z Starého kontinentu i z Japonska.
Komerční uvedení modelu Insight je plánováno na začátku příštího roku, krátce po prezentaci modelu uvnitř společnosti v lednu v Valenze.
Ve srovnání s první generací, nový Jazz se rozrostl v celé své celistvosti.
Nyní dosahuje délky 3,90 metru (pět centimetrů více), šířky 1,69 metru (dva centimetry více) a meziosy 2,50 metru, s přírůstkem pěti centimetrů.
Jeho výška 1,52 metrů, stále, zůstala beze změny.
Spolu s rozlohou se také zvětšil prostor v jeho obydleném interiéru.
Tato výhoda pramení především z nové platformy a za druhé z zavedení palivové nádrže na centrálním místě, což je řešení, které již bylo přijato v předchozím modelu Jazz.
Kromě toho kapacita kufru - dvojitý objem na dně - vzrůstá na 399 litrů, což je o 19 litrů více než u první generace.
Je třeba poznamenat, že toto jsou měření Honda Jazz 1.4, zatímco kapacita kufru v modelu 1.2 je jen 379 litrů.
Další vylepšení - kromě vnějších prvků, jako je zadní LED nebo možnost montáže panoramatického skla - se týká lepšího přístupu na zadní sedadla.
Dveře umožňující přístup do zadních sedadel se nyní otevírají pod úhlem 80 stupňů, oproti 67 stupňům u prvního modelu.
Navíc, všechny motory jsou docela nové v této druhé generaci aut.
V době uvedení na trh bude tento malý model dodáván s benzínovými motory o objemu 1,2 nebo 1,4 litru.
Oba mechanické systémy budou zahrnovat technologii i-VTEC, která umožňuje nižší spotřebu paliva, vytváří méně emisí oxidu uhličitého, optimalizuje mechanické vylepšení a současně udržuje vysoký točivý moment motoru ve všech jeho fázích.
Verze o objemu 1,2 litru dosahuje výkonu 90 koní při 6000 ot/min s maximálním točivým momentem 114 Nm při 4900 ot/min.
Pohonný systém - který v předchozím Jazzu dosáhl 78 koní  potřebuje jen 5,3 litru paliva a vyprodukuje zhruba 125 gramů ekvivalentu emisí CO2.
Ve srovnání s předchozím pohonem, který v prvním modelu generace používal 83 koní, může nový využít 100 koní.
Jazz 1.4 s výkonem 100 koní dosahuje kombinace 5,4 litru paliva a 128 gramů vypouštěných CO2.
'Pšáková vozítka' pro vyhnutí se srážkám
Při vývoji technologií pro prevenci nehod se Nissan inspiroval tentokrát přírodou, a zejména včely.
Japonská firma vytvořila robota, který napodobuje let včel a dokáže se vyhnout nehodám.
Toto je Bio-mimetický robotový pohon, nebo BR23C, první krok k projektování technologií pro prevenci kolizí.
Inženýři z pokročilého technického centra společnosti Nissan Motor Co. vyvinuli tohoto malého robota ve spolupráci s Centrem pro vědecký výzkum a technologie prestižní japonské univerzity v Tokiu.
Podle Kazuhiro Doi, generálního ředitele pro public relations pro technologii, výzkum a vývoj v oblasti brand managementu, je BR23C rozšířením štítu bezpečnostních štítů čtyř oblastí vyráběných společností Nissan.
Tento robot má zlepšit schopnost zabránit kolizím ve vozidlech vyráběných společností.
Během letu si každá včela vytvoří svůj vlastní oválný osobní prostor, který je velmi podobný štítu bezpečnosti, který vyvinul Nissan.
Ale nejdůležitější je, že včela má složené oči, které vidí ve všech směrech s úhlem o 300 stupňů, což jí umožňuje létat bez přerušení ve svém osobním prostoru.
Inženýři vytvořili pro jejich účely laserový lokátor (Laser Range Finder).
Tento mechanismus detekuje překážky ve vzdálenosti 2 metrů a poloměru až 180 stupňů před BR23C, vypočítá vzdálenost k objektu a vysílá signál do mikroprocesoru na palubě, který okamžitě umožňuje zabránit srážce.
Když malý robot zjistí překážku, napodobí pohyb včely a ihned změní směr, otočí kolečky ve správném nebo širším úhlu, aby se vyhnul srážce.
Nejviditelnější rozdíl od jakéhokoli existujícího systému je jeho vyhýbavý účinek, který je zcela instinktivní.
"Být to jinak, nebyl by robot schopen reagovat dostatečně rychle, aby se vyhnul překážkám", vysvětluje Toshiyuki Andoh, ředitel Laboratoře pohyblivosti a hlavní inženýr tohoto projektu.
Na rozdíl od včely se robot nemůže odkládat nahoru nebo dolů, nebo dokonce na obroučku. Může se pohybovat pouze ve dvou rozměrech a v směru, kam se jeho kola mohou otočit. Je zřejmé, že nemůže běhat nekonečně směry a způsoby jako včely.
Z tohoto důvodu Nissan použil kromě akcelerace a zpomalení rotační funkci, která umožňuje malému robotu vyhnout se srážkám.
"Toto zařízení potřebuje zpracovat nové informace každých pár sekund a jednat podle těchto dat.
Nevyžaduje si žádné ukládání informací ani intuitivní logiku předchozích manévrů, a proto může bez přerušení fungovat, když mu bude poskytovat jen několik desítek KB paměti.
To vás možná překvapí, ale nemluvíme o gigabytech nebo mega paměti".
Je to první krok k vývoji nových technologií pro prevenci srážek, technologie, kterou Nissan doufá, že bude standardem v automobily do deseti let.
Robot používá lithium-polymerové baterie, které jsou lehčí a odolnější než typologie lithium-ion.
Další možnou aplikací v budoucnosti by mohla být integrace této technologie s GPS satelitním navigátorem, který by řidiče přivedl na konkrétní cíl, a vyhnul by se překážkám na cestě.
Stydíte se před žádostí o půjčku?
Musíme uznat, že ministerstvo financí Spojených států, které má dostatečně dobré kapitály k jednání, rozhodně postrádá talent.
Aby se Američané vypořádali s úvěry, které banky podvádějí, vytvořili zábavnou a vzdělávací hru pro uživatele internetu.
Jinými slovy, "Hotel špatných úvěrů"... nebo problémů.
Smutný aspekt tohoto hotelu a zejména jeho recepční má za cíl přimět lidi, aby si to promysleli nejen jednou, ale dvakrát, nebo dokonce třikrát, než požádají o půjčku.
A především si velmi pečlivě promyslete, kde se o to budete ucházet.
Tento systém zajisté poskytuje několik užitečných informací, ale nabízí poměrně málo detailů.
Je to spíš webová stránka pro teenagery než pro širokou veřejnost.
Co se stane, když dokončíte hru?
No, v hotelu se objeví pokoj snů.
Je to pořád něco, protože o koupi domu... je lepší ho opustit.
Morgan Stanley otevřel svůj kapitál MUFG
Morgan Stanley oznámil, že vstoupí do kruhového stolu Mitsubishi UFJ Financial Group (MUFG), první japonské banky, která vynaloží devět miliard dolarů na získání 21% svého kapitálu, což je zpráva, která byla přijata prudkým poklesem cen akcií.
Týden po odhalení prozatímní dohody, obě banky vysvětlily, že MUFG by koupil 9,9% akcií Morgan Stanley za cenu 25,25 dolarů, což je celkem 3 miliardy dolarů.
Prodejní cena je nižší než 19% hodnoty cenných papírů k 31. srpnu.
MUFG investuje dalších šest miliard dolarů do získání konvertibilních cenných papírů, které poskytují zajištěný výnos 10% a s konverzní cenou 31,25 dolarů.
Morgan Stanley potvrdil, že celkové operace bude založena na průměrné ceně za jednotku 29 dolarů, což je o 28% vyšší než je současná cena.
Nicméně, akcie Morgan Stanley ztratily 6,79% na 23,07 dolarů kolem 17:00 GMT.
"Tato strategická aliance představuje důležitou příležitost k urychlení přechodu Morgan Stanley na status holdingové banky", uvedl John Mack, generální ředitel americké skupiny.
Morgan Stanley přijal tento nový status minulý týden, který by mu měl umožnit diverzifikovat své aktivity, ale musí projít autoritou Federálního rezervního systému.
Jeho spojenectví s MUFG také potvrzuje, že současná finanční krize donutila největší jména na Wall Street, aby přijali mnohem opatrnější postoj než předtím.
Z modalit, které byly v pondělí předloženy, je patrné, že dohoda byla v posledních dnech pozměněna: Morgan v pondělí předcházejícího dne oznámil, že japonským firmám prodá až 20% svých akcií za zhruba 8,5 miliard dolarů.
"Před týdnem", vysvětlil Toshihide Mizuno, výkonný ředitel MUFG v Tokiu, "mysleli jsme, že účast bude zcela složená z běžných akcií.
Ale vzhledem k současnému stavu ekonomiky a trhu jsme doufali, že minimalizujeme rizika a chráníme si záda".
Na základě vážené průměrné ceny bude MUFG platit za své cenné papíry Morgan Stanley 7% nižší částku, než je jejich účetní hodnota.
A transakce bude mít za následek snížení zisku na akcii o 20%.
Dohoda stanoví, že MUFG může ročně převádět polovinu svých upřednostňovaných cenných papírů na kmenové akcie, pokud se s nimi obchodovalo o více než 50% nad cenou převodu, tedy přibližně 47 USD za dané období.
Morgan Stanley se domnívá, že kapitál poskytnutý MUFG mu umožní využít investiční příležitosti, posílit svou rozvahu a zvýšit likviditu.
Mluvčí skupiny však odmítl poskytnout detaily o strategických projektech obou nových spojenců.
Po investici společnosti MUFG očekává Morgan Stanley kapitálový poměr Tier 1 ve výši přibližně 15%, který je jedním z nejlepších v odvětví.
Morgan řekl, že "významně" snížil svou bilanci od konce srpna.
Poslední týdny byly pro skupinu těžké, protože se její cena akcií snížila o polovinu, zatímco náklady na pojištění proti riziku úpadku dluhu vzrostly.
Tyto náklady se v pondělí snížily, ale zůstaly na nové vysoké úrovni, kolem 12%.
Minulý týden Goldman Sachs, jediná další přeživší velká investiční banka na Wall Street po bankrotu Bear Stearns a Lehman Brothers a akvizici Merrill Lynch, oznámila, že získala 15 miliard dolarů, částečně od Berkshire Hathaway, skupiny Warren Buffett.
Rafael Correa v Quito v pondělí.
Obnovení kolem republiky socialismu 21. století.
Je to společný projekt venezuelského Hugova Cháveza, bolivijského Evo Moralesa a ekvádorského Rafaela Coréy.
V neděli, stejně jako jeho protějšky a přátelé, je třetí, který předloží k hlasování návrh nové ústavy.
Mise splněna, protože 64% voličů hlasovalo "ano" na referendu, podle oficiálních výsledků založených na 80% hlasů.
Na základě těchto výsledků získalo "ne" 28%, 7% hlasů bylo neplatných a 0,7% bylo volných.
Aby byl návrh ústavy přijat, musí získat polovinu hlasů plus jeden.
V neděli dva průzkumy, které se uskutečnily mimo volební místnosti a jedna nevládní organizace, oznámily velké vítězství pro "ano", v rozmezí mezi 63% a 70%.
Rafael Correa v noci od neděle do pondělí vyhlásil vítězství svého návrhu ústavy.
"Ústava zvítězila v tak velkém počtu", prohlásil, když pochválil Ekvádorce v vládním sídle v Guayaquilu, 280 km jihozápadně od Quita.
Rafael Correa byl samozřejmě gratulován Chávezem a Moralesem, ale také jeho chilským protějškem Michelle Bachelet.
Hlasování, které proběhlo mírově pod dohledem Organizace amerických států (OAS), zahrnovalo v textu 444 bodů, které upevňují "nový socialismus", který obhajuje prezident.
Návrh ústavy zakotvuje moc státu nad ekonomikou tím, že mu vyhrazuje "plánování rozvoje" země, která žije hlavně z těžby ropy zahraničními společnostmi a zahraničních peněz, které posílají svým emigrantům.
Projekt, který podporuje Correa, zvolený v roce 2006, také poskytuje větší pravomoci hlavě státu, který může vykonávat až dva po sobě jdoucí čtyřleté funkční období a bude moci rozpustit shromáždění.
Correa již oznámil, že využije tuto pravomoc, aby se v únoru 2009 ucházel o nový mandát.
Ústava také upevňuje zásadu bezplatných zdravotních služeb a vzdělávání, které prezident začal zavádět v této zemi s 13,9 miliony obyvatel, kde 50% populace žije pod hranicí chudoby.
Rovněž zakazuje přítomnost zahraničních vojsk, což ukončí dohodu mezi Quitem a Washingtonem o použití Ekvádoru jako základny pro americké proti-drogové operace.
V Čadu bylo propuštěno 19 rukojmím
Egyptská jednotka spustila útok proti únoscům jednácti turistů a jejich osmi doprovodných, kteří byli zajatí před deseti dny.
Jsou v Káhiře.
Jedenáct evropských turistů a jejich osm egyptských doprovodníků, kteří byli drženi v zajetí deset dní v poušti, byli v pondělí odpoledne bez újmy navráceni do egyptského hlavního města.
Ráno je osvobodili egyptské jednotky v Čadu.
Zřejmě byli rukojmí přivedeni na palubě speciálního letadla v 15:30 na vojenskou základnu al-Maza, připojenou k mezinárodnímu letišti v Káhiře.
Bez možnosti mluvit s tiskem byli okamžitě převezeni vrtulníkem do nemocnice v Maadi, rezidenční čtvrti Káhiry, aby podstoupili vyšetření.
Jsou "v dobrém zdravotním stavu" a "dostavitelům nebylo vyplaceno žádné výkupné", prohlásil na letišti egyptský ministr cestovního ruchu Zoheir Garanna.
Tato skupina rukojmích byla 19. září během safari v 4x4 na úpatí hory Ouanat na hranicích s Egyptem, Súdánem a Libyí, 35 neznámými únosci, kteří je přemístili z jednoho úkrytu do druhého.
Je v něm 11 turistů - pět Italů, pět Němců a jeden Rumun - a také osm Egypťanů: dva průvodci, čtyři řidiči, pohraniční stráž a ředitel agentury Aegyptous, organizátor safari.
Egyptský bezpečnostní úředník řekl, že 30 členů speciálních sil, přepravených na palubě dvou vrtulníků, zahájilo útok během noci těsně před rozbřeskem.
"Následovala střílení a polovina únosců byla zabita, druhá polovina utekla", řekl úředník, který si přál, aby jeho jméno zůstalo v tajnosti.
Řekl, že 150 členů egyptských speciálních sil "rychlé reakce" jednotky bylo vysláno do Súdánu jako celku, kde dostávali podporu od německých a italských komandosů.
Šéf italského diplomatického sboru Franco Frattini v Bělehradu, kde je v současné době, zmínil roli, kterou hrají italští tajní agenti a členové speciálních sil.
"Musíme uznat, že jsme tohoto výsledku dosáhli díky profesionalitu a efektivitě našich mužů z tajných služeb, ze speciálních jednotek", řekl, aniž by poskytl další podrobnosti.
Také popřel, že by zaplatil výkupné.
Den předtím sudánská armáda tvrdila, že zachytila 4x4 hlídkové vozidlo, na jehož palubě byli únosci, zabila šest lidí, včetně čádského náčelníka, a dvě osoby zatkla.
Armáda tvrdila, že jsou spojeny s povstaleckou skupinou v Darfuru, Soudánským osvobozeneckým hnutím - Jednotou (SLA-U), což hnutí okamžitě popřelo.
Literatura - tichá většina kultury
Debata o financování kultury se dostala do titulních stránek a zapojila tuto volební kampaň.
- Dobře.
Ale jeden sektor našeho kulturního života je vždy zapomenut.
Kdo se postaví před problém, který je způsoben malým muzeím, archivům, archeologickým nebo národním historickým památkám, které hladoví po finančních prostředcích?
Který politik se opováží připomenout federální vládě, že zanedbává své památky a budovy?
V Quebecu, v Kanadě, nemáme žádné zákony, které by účinně chránily naše dědictví?
Věděl jste, že francouzská vláda věnuje tři a půl milionu eur na rekonstrukci hradu Chinon v údolí Loiry?
Naši sousedé v Americe napsali do ústavy své země, že ochrana dědictví je součástí americké kultury a že takové dědictví musí chránit všichni občané, všichni volení a všechny vládní oddělení, a to ve spolupráci.
V Quebecu, Federace společností pro historii Québecu, se nejméně 40 000 dobrovolníků seskupuje do 211 agentur pro historii, dědictví, archivy a genealogii, které se zabývají výzkumem historie, uchováváním, mají málo fondů, hromady soukromých archivů a uchováváním archeologických pozůstatků.
Často jsou strážci našeho dědictví, kteří protestují energií zoufalství, když developerové a konstruktéři spouštějí své buldozery proti našim starým budovám a našim zapomenutým hřbitovům.
Kdy bude mít fórum pro historii a dědictví?
Bank Fortis částečně znárodněna vládami Beneluxu
Beneluxské státy poskytly pomoci Fortis, belgické-nizozemské bance - první evropské finanční instituci v potížích v důsledku následného dopadu americké úvěrové krize - částečným státním odkupem.
Na konci tohoto týdne se belgická, luxemburská a nizozemská vláda setkala na nejvyšší úrovni, kde se zúčastnil i předseda Evropské centrální banky a komisař pro hospodářskou soutěž Evropské komise.
Fortis je první bankou v eurozóně, kterou za posledních 12 měsíců zasáhla mezinárodní finanční krize, která se blíží v vlnách.
Podle rozhodnutí, které bylo přijato v neděli večer, každá vláda získá 49 procent podíl v bankách Fortis v jejich zemích.
Banka jistě prodá část svých podílů, zejména pojišťovací činnosti, které loni koupila od nizozemské ABN Amro.
Akcie Fortis začaly klesat minulý týden, pak se v druhé části týdne objevily známky vážné krize ve společnosti.
Analytici se shodují, že banka - se svými 85 000 zaměstnanci - je příliš velká, než aby mohla zkrachovat.
Akcie banky v pátek klesly o 12%, což je rekordní minimální úroveň za posledních 14 let.
Hodnota akcií klesla od ledna o dvě třetiny.
Při současných cenách akcií se celková tržní hodnota kapitálu skupiny pohybuje kolem 14 miliard EUR. Ředitelé společnosti však tvrdí, že tato hodnota neodráží realitu.
Vedení společnosti Fortis viní z poklesu akcií z nejistoty v zámoří - které souvisí s přijetím amerického balíčku ve výši 700 miliard USD.
Akcie v pondělí mírně vzrostly.
Filip Dierckx byl jmenován novým výkonným ředitelem banky v pátek.
Finanční instituce také hledá soukromé kupce, ale dosud nebyla učiněna žádná podstatná nabídka.
Belgická vláda dříve prohlašovala, že investoři nemají důvod se obávat, že nebudou ztrácet své peníze.
Zatím se mezi zákazníky banky nevyskytla žádná panika, ani nedošlo k žádnému nájezdu do banky.
Fortis má v Maďarsku vlastní bankovní pobočku a také koupil leasingové společnosti.
Liška v kurníku
Americké zdravotní a životní pojišťovny často odmítají prodávat pojištění některým občanům, kvůli jejich údajům o nákupu léků.
Odborníci na ochranu údajů se obávají, že trh s daty se stane nekontrolovatelný.
"Existuje program ochrany údajů, který vyžaduje povolení dotyčné osoby k použití údajů o předpisových lécích.
Měla by být nezávislá, jinak by liška strážila kuřecí dům", cituje The Washington Post Richarda Dicka, vývojáře programu pro sledování předpisů na léky.
Pojišťovny rozhodují o pojistném poplatku a částce, která má být vyplacena v případě škody, v závislosti na zdravotním stavu žádajícího zákazníka a pokud to považují za příliš riskantní, neposkytují pojištění.
Zákazníci, kteří o povolení požádali, byli dříve odesíláni na lékařskou prohlídku a smlouva byla uzavřena pouze na základě výsledků vyšetření.
Dick před deseti lety vyvinul mnohem levnější metodu: na základě identifikačního čísla zákazníka lze snadno zjistit, jaký typ léků zákazník zakoupil za posledních 18 měsíců, a program tak může sám vyvodit důsledky ohledně nemocí, kterými trpí žadatel, a také jeho zdravotního stavu.
Například případ pravidelného nákupu velkých dávek léků na snížení hladiny cholesterolu prakticky odkazuje na skutečnost, že zákazník má neléčitelně vysokou hladinu tuku v krvi, v důsledku čehož by tato osoba byla okamžitě zařazena do vyšší rizikové kategorie.
Program má v obchodě různé verze, některé z nich dokonce definují rizikový faktor, takže pojišťovna nemá nic jiného na práci, než papírování, i když se objevují menší potíže.
Jedním z nevýhod je skutečnost, že některé léky mohou být použity pro různé účely, například některé léčebné přípravky jsou k léčbě migrén, žárových vln nebo dokonce deprese.
Druhý je z pohledu pojišťoven pro podnikání významným faktorem zvyšujícím riziko, zatímco ostatní dva ne.
Existují konkrétní společnosti, které se zabývají získáváním a zpracováváním dat a před získáním potřebných informací z lékáren žádají o povolení od pacienta.
Jsou již nuceni tak učinit, ačkoli jejich předchozí selhání nebylo potrestáno.
Některé společnosti dokonce zpracovávají výsledky laboratorních vyšetření a připojují je k údajům o užívání léků.
Stále více a více společností získá přístup k údajům a současně se stává stále obtížnější kontrolovat jejich používání.
Existuje zvláštní zákon o ochraně údajů o zdravotní péči, jehož působnost však zahrnuje pouze poskytovatele zdravotní péče a pojišťovny.
Navrhovaný zákon o poskytnutí pravomocí pro inspekci orgánů nad společnostmi zabývajícími se poskytováním dat byl předložen Kongresu.
Dick Richard si uvědomuje, že to nestačí: proto dále rozvinul svůj program, který by nyní omezil přenos dat, pokud jde o požadavek na výslovný souhlas dotčené osoby.
Jiná otázka je však, že žadatel nemůže souhlas skutečně odmítnout, jinak s ním pojišťovny smlouvu uzavřou.
Takže slepice budou i nadále do jisté míry závislé na laskavosti lišky.
Globální Marseille Menu
Obchodní vztahy mezi Evropskou unií a Indií
Vzhledem k tomu, že Evropská unie a Indie jsou vzájemně významnými obchodními partnery, na pořadu jednání devátého summitu dominovala tato otázka kromě dalších, především globálních problémů.
Dnes se také uskuteční francouzsko-indický summit, zejména o spolupráci v oblasti jaderné energie.
Ačkoli Evropská unie uznává, že Indie je nově vznikající demokratická světová velmoc, která by měla mít větší slovo v mezinárodních záležitostech, členské státy dosud nebyly schopny dosáhnout dohody, zda budou podporovat trvalé členství Nového Dillí v Radě bezpečnosti OSN, nebo ne.
Takže tato záležitost nebyla vynucena během devátého summitu, který se konal včera v Marseille.
Francouzský prezident Nicolas Sarkozy jako rotující předseda Unie, předseda výboru José Manuel Barroso a šéf zahraniční politiky Javier Solana přivítali indického premiéra Manmohana Singha a souhlasili s zdvojnásobením, tj. zvýšením obchodního toku na více než 100 miliard eur za 5 let.
Vzhledem k tomu, že výměna zboží vzrostla z 25 miliard na 55 miliard v letech 2000 až 2007, není to příliš ambiciózní cíl.
V souladu s tím bylo právně harmonizováno 26 stávajících dvoustranných dohod o civilním letectví s Indií, což znamená, že letecká doprava bude v budoucnu umožněna.
Indie si klade za cíl podepsat dohodu o volném obchodu s Unií do konce roku 2009.
Sarkozy slíbil urychlit harmonizaci.
Cílem je najít rovnováhu mezi tím, že Indie je obchodním partnerem číslo jedna EU, zatímco Nové Dillí má pouze deváté místo na seznamu partnerů EU.
Summit se soustředil na globální otázky:
O situaci v Afghánistánu a Pákistánu, jakož i o terorismu.
Dokončení obchodního kola v Doze bylo také urychleno, ačkoli obě strany jsou zodpovědné za dosud fiasko.
EU potvrdila, že bude dodržovat svůj program v oblasti energetiky a klimatu, což znamená, že má v úmyslu snížit emise znečišťujících látek do roku 2020 alespoň o 20%.
Indie souhlasila s tím, stejně jako s cílem dosáhnout globální dohody na klimatické konferenci, která se má konat příští rok, a snížit emise skleníkových plynů o 50 procent do roku 2050.
Dalším cílem bylo zabránit růstu cen potravin a byla podpořena výzva k mezinárodní konferenci, která by přezkoumala finanční krizi.
Indický premiér se dnes chystá na bilaterální setkání ve francouzském hlavním městě, kde má v úmyslu dosáhnout dohody o mírovém využití jaderné energie.
Paříž očekává, že francouzské společnosti získaly zakázky na výstavbu jaderných reaktorů v Indii v hodnotě 20 miliard eur.
Podle informací zpravodajské agentury by tato dohoda byla platná po dobu 15 let.
Více než tři sta italských redaktorů ve Frankfurtu
Silná přítomnost italských vydavatelů na mezinárodním knižním veletrhu ve Frankfurtu.
Více než tři sta italských redaktorů bude přítomno na šedesátém výročí Buchmesse, nejdůležitější mezinárodní události pro výměnu autorských práv.
Mezinárodní knižní veletrh ve Frankfurtu očekává na této příležitosti více než sedm tisíc vystavovatelů ze 101 různých zemí, kteří zaujmou 171 790 metrů čtverečních veletrhu s více než 403 tisíci vystavenými tituly a Turecko bude čestným hostem.
Francesco Maria Giro, náměstek ministra pro kulturní dědictví a aktivity, bude zastupovat italskou vládu na slavnostním otevření italského pavilonu: Itálie bude přítomna jako instituce s italským stánkem o rozloze 264 metrů čtverečních.
Následně bude tisková konference v místnosti Struktur v pavilonu 5.0 na Buchmesse: toto bude příležitost, kde budou prezentovány údaje, trendy a pohled na stav italského vydavatelského průmyslu.
Podle údajů dochází k postupnému ubývání významu knih cizích autorů v italské produkci, a to zejména v produkci pro dospělé a děti.
Našli jsme letadlo Steva Fossetta, milionáře, který zmizel před rokem.
Zvrácený letoun Steva Fossetta, milionáře, který zmizel 3. září 2007 během letu nad Nevadskou pouští, byl nalezen.
Zřícenina byla nalezena na plošině ve výšce 3000 metrů, v oblasti Sierra Nevada v Mammoth Lakes, na hranici mezi Kalifornií a Nevadou.
Uvnitř letadla však nebyly žádné lidské ostatky.
Šerif Madera County, John Anderson, rozptyloval všechny zbývající pochybnosti: "Letoun byl nalezen, poslali jsme tým, a teď máme potvrzení, že je to ten, na kterém Steve Follett létal v den, kdy zmizel" řekl na tiskové konferenci.
Později, šerif poukázal na to, že žádné lidské ostatky nebyly nalezeny ani v letadle, ani v okolí.
Milionář, 63 let, byl předpokládán mrtvý v únoru.
Americký Národní úřad pro bezpečnost dopravy (NTSB) oznámil, že několik hodin po zjištění vraku byl vyslán vyšetřovací tým, který poté identifikoval letadlo: jde o Bellanca 8KCAB, která byla pohřešována od 3. září 2007, kdy Fossett vzlétl z Yeringtonu v Nevadě na tříhodinový let.
Včera, stále v Kalifornii, nedaleko od hranice s Nevadou, byly nalezeny osobní věci patřící Fossettovi, párem v blízkosti jejich domu v Mammoth Lakes.
Jsou to dva dokumenty na jméno Fossetta, obě vydané Federálním úřadem pro letectví v Illinois, nějaké peníze a mikino.
Hledání Fossetta bylo zrušeno měsíc po jeho zmizení.
Milionář si získal místo v historii díky sérii světových rekordů.
V roce 2002, při šestém pokusu, se stal prvním člověkem, který absolvoval okruh světa v horkovzdušném balónu: dvoutýdenní let.
O tři roky později se vydal na let bez přistání.
Mezi jeho mnoha rekordy patří i let na 15.445 metrů, nad Andami, ale s kopilotem.
Glk, reklama, která tě nečeká
SUV, který je mimo normy s originálním designem definovaným rozhodnými liniemi, širokými povrchy a čistými rohy.
Zkrátka, toto je GLK, nejnovější přírůstek do řady "kompaktních" terénních vozidel od slavného výrobce, se kterým se Mercedes-Benz snaží do tohoto odvětví vnést čerstvý dech.
Právě proto, že jeho vlastnosti jsou mimo tradiční normy, bude zpráva doprovázející uvedení GLK SUV také neočekávaná a nekonvenční, bude k dispozici v salonech Mercedes-Benz od příštího 17. října.
Publikační kampaň, která bude doprovázet představení nového vozidla, tedy zavede novou komunikační metodu, která zahrnuje i futuristickou kampaň 3D billboardů, které poprvé v Itálii využívá automobilová značka.
Projekt velkých billboardů, který se uskuteční ve třech různých fázích a který bude dominovat v nejcentrální milánské nákupní ulici Corso Como do 15. listopadu.
První fáze tohoto nového typu komunikace začíná prezentací vozidla ve stereoskopickém pohledu a díky speciálním brýlům distribuovaným v okolí Corso Como bude možné vidět nové SUV v reálné velikosti a ve 3D formátu.
Ve skutečnosti, když se člověk podívá na obrázek, dostane pocit, že auto vyčnívá z plakátu.
Následně budou prostřednictvím inovativní technologie Elumina 8 všechny detaily nového GLK osvětleny v různých časech a pak budou znovu sestaveny jako jediný obraz.
Bezpochyby, Mercedes, prostřednictvím této reklamy, se snaží představit něco nového do konvenční oblasti automobilové reklamy.
Uvidíme, zda se jí podaří vztahovat zájem budoucích kupujících.
Tady je, kdo jsou italští chuligáni.
Tri-Veneto, může být zakázán účast sportovních zařízení (Daspo).
Ale kdo jsou ti 150-200 lidí, za které se Itálie teď stydí?
Ani se nikdy neshodl s nepřátelskými fanoušky.
Skupina je vytržená z pravicových.
Promotéři jsou z Tri-Veneta.
Z Verony, Padovy, Trieste a Udine.
K nim se přidaly některé malé skupiny (v podstatě jen velmi málo členů) z Campagnie a Apulie.
Mají na sobě tříbarevné vlajky s městem původu militantů: v sobotu byly tyto vlajky odstraněny, aby nebyly identifikovány.
Využívají myšlenky anglických fanoušků.
V Bulharsku našli přízniče, kteří byli skuteční nacisté, skupina Levski.
FIGC dala italským fanouškům k dispozici 144 lístků na zápas: všechny osobní, a tudíž snadno ověřitelné.
A ministerstvo vnitra ve Viminale je vlastně všechny zkontrolovalo: mezi těmi skupinami, které do Sofie odjížděly, nebyla žádná zakázána, žádná nebyla zakázána z navštěvování stadionu.
Čtyři italští příznivci, kteří měli předchozí trestné činy související se stadionem, byli ve skutečnosti odmítnuti lístky a byli odmítnuti.
Nyní Ministerstvo vnitra čeká, až bude moci přečíst oficiální záznamy, které by měly dorazit od bulharské policie, než se rozhodne: v tomto případě je možné zakázat alespoň na pět let aktivisty, kteří byli zatčeni nebo kteří byli identifikováni během nepokojů.
Mezinárodní zákaz, který zakazuje návštěvu stadionů nejen v Itálii, ale i v celé Evropě.
Naši chuligáni, zkrátka, by se do dalšího stadionu neprošli.
Naštěstí.
Ale nyní je tu strach z emulace: to je, že ostatní se připojí k tomu, že trochu více než sto padesát.
"Musíme okamžitě tuto požárovou situaci uhasit a nelegitimovat ty, kteří se takto chovají", tvrdí ti z ministerstva ve Viminale.
Takže, "oči otevřené, zvlášť když je tu národní tým, který hraje ve středu v Lecce".
Ve Puglii je vlastně malé jádro příznivců Ultras Italia.
Zítra se setká observatoř, v úterý CASMS, která může počítat s částí AISE, to je tajná služba, která řeší přesně problémy na stadionech.
"Refrén Duce-Duce a natažená ruka během hymny Mameli?
To jsou myšlenky (vyjádřené s velkým zklamáním) Domenic Mazzilliho, který je od před několika týdnů ředitelem Viminale (pozice, kterou původně zastával Francesco Tagliente a poté Felice Ferlizzi).
Mazzilli byl dříve vedoucím policejní správy v Trieste, kde je jádro stoupenců Ultras Italia, založené v roce 2002.
Je pravda, říká Mazzilli, že v Bulharsku není zločin zpívat hymny Duceovi, ale chování těch 150-200 fanoušků bylo určitě hanebné.
"Já nejsem sociolog", dodává č.1 Observatoře, "zločin by měl být přičítán v zemi, kde se tento incident odehrál.
Doteď tato skupina zůstala v liniích, teď uvidíme, co se skutečně stalo a vyhodnotíme to pro budoucí reference.
Ale pojďme si také promluvit o pípání na hymnu Mameli: to také není v Bulharsku zločin, ale, pokud mohu říct, není to dobré chování ... "
