Triumph der Rechtspopulisten in Österreich, sie haben 29 Prozent der Stimmen
Die vorläufigen Ergebnisse zeigen, daß die vorgezogenen Parlamentswahlen in Österreich die beiden Parteien in der derzeitigen großen Koalition deutlich geschwächt haben und die populistischen Parteien deutlich gestärkt haben.
Die österreichische Volkspartei (ÖVP), in der die Position des derzeitigen Präsidenten Wilhelm Molterer ernsthaft bedroht ist, erleidet besonders große Verluste.
Der Wahlkampfführer der Union für die Zukunft Österreichs (BZÖ), der Gouverneur von Kärnten Jörg Haider, bereitet sich auf der anderen Seite auf eine triumphale Rückkehr auf die politische Bühne auf nationaler Ebene vor.
Nach den vorläufigen Ergebnissen bleiben die Sozialisten (SPÖ) mit 29,8 Prozent der Stimmen die führende politische Kraft des Landes, aber im Vergleich zu den Wahlen 2006 haben sie 5,5 Prozent der Stimmen verloren.
Die ÖVP, die mit 25,6 Prozent fast neun Prozent der Stimmen verliert, ist noch schlechter ausgegangen.
Es handelt sich um die schlechtesten Ergebnisse der beiden großen Parteien der Nachkriegszeit; insbesondere für die Volkspartei, die die vorgezogenen Wahlen ausgelöst hat, ist das Ergebnis buchstäblich katastrophal.
Bereits Anfang Juli, als die ÖVP die Koalition verließ, hatte die Volkspartei einen beträchtlichen Vorsprung auf die SPÖ.
Die Wähler züchtigen sie offensichtlich dafür, dass sie die Regierung zusammenbrechen ließen.
Die ersten Reaktionen auf die Ergebnisse waren Spekulationen über den möglichen Rücktritt des Parteichefs und des derzeitigen Vizekanzlers Wilhelm Molterer.
Beobachter gehen davon aus, dass dies bereits am Montag beim außerordentlichen Parteitag der Führung der Partei geschehen könnte.
Eine solche Entwicklung würde a priori den Weg zu dem Wahlergebnis erleichtern, das als wahrscheinlichster erkannt werden kann, nämlich die Erneuerung der Großen Koalition SPÖ und ÖVP.
Angesichts der Stärkung der beiden rechtspopulistischen Parteien - die Freien (FPÖ) hätten 18 Prozent und die BZÖ elf Prozent der Stimmen erhalten sollen - äußerten die Sozialisten gleichzeitig die Befürchtung vor einer Wiederholung des Ereignisses von 1999, als die Volkspartei mit den Populisten (damals war die FPÖ noch vereint, die BZÖ trennte sich erst 2005 aus) eine gemeinsame Regierung vereinbarte, was sogar zu Sanktionen durch die Europäische Union führte.
Haider, der bereits erklärt hat, er sei bereit, mit jeder Partei zusammenzuarbeiten, und er erwarte die Rückkehr nach Wien auf die nationale politische Bühne, die offenbar auf diese Entwicklung setzt.
Die Grünen waren die letzte Partei, die ins Parlament gelangte, aber sie verloren leicht und fielen unter den österreichischen politischen Parteien von der dritten auf die fünfte Position.
Offensichtlich hat keine andere Partei die Vier-Prozent-Marke überschritten und ist in das Parlament gekommen.
Schwarzenberg: Beziehungen zu Indien könnten abkühlen
Wenn man das Problem der tschechischen Forscher, die in Indien angeklagt wurden, wegen illegaler Kakerlaken-Sammlung, nicht lösen konnte, würde es, so der tschechische Außenminister Karel Schwarzenberg, zu einer Abkühlung der tschechisch-indischen Beziehungen führen.
Das sagte der Minister heute in New York, nachdem er seinen indischen Amtskollegen Pranab Mukherjee getroffen hatte.
"Wenn das Problem nicht gelöst würde, dann würde es zu einer Abkühlung kommen", sagte er nach dem Treffen, das auf Initiative der Tschechen stattfand.
Mukherjee sagte, als er aus den Gesprächen kam, dass die Exekutive sich kaum in Gerichtsverfahren einmischen könne.
Er wies jedoch darauf hin, dass die Zentralregierung im Fall von Petr Švácha, der von der Anklage befreit und mit einer Geldstrafe belegt wurde, mit der Darjeeling-Landregierung verhandeln könne, da die Sache unter deren Zuständigkeit lag.
"Ihr Problem könnte gelöst werden", sagte der Minister.
Mukherjee meinte, dass die beste Lösung für Emil Kučera, der zu drei Jahren Gefängnis verurteilt wurde, darin bestehe, dass er eine Berufung bei einer höheren Instanz einlege.
Er könne daher auf Befreiung auf Kaution verzichten und auf die Freiheitsentscheidung warten, erklärte er.
Schwarzenberg bestätigte, daß sein Partner auch während der Gespräche in derselben Richtung gesprochen habe.
"Er empfiehlt, vor ein höheres Gericht zu gehen, um dann eine Gnadigung zu erhalten", sagte der tschechische Diplomat.
Die einzige Möglichkeit, wie die tschechische Seite in diesen Fall eingreifen kann, ist, den Verurteilten "kompetente Rechtshilfe" zu bieten, sagte der indische Minister.
Er sagte auch, daß sie bereits von Indien solche Hilfe erhalten hatten.
"Wir wollen vor allem die beste Beziehung mit Indien behalten, die eine Tradition hat, die viele Jahre andauert.
Die Indianer erkennen das auch", sagte Schwarzenberg.
Gleichzeitig betonte er gegenüber seinem Partner, wie er gegenüber ČTK sagte, dass die Tschechische Republik dem Problem der tschechischen Entomologien große Bedeutung beimisse.
"Wir halten die Inhaftierung und Anklage gegen diese tschechischen Forscher für ein großes Fehlverhalten", erklärte er.
Der Minister vermied, die Frage zu beantworten, ob er von Indien ein Versprechen erhalten habe, sich mit der Angelegenheit zu befassen.
"Ich habe schon genug Versprechen bekommen", sagte er nur.
Ein Tschecheche verurteilt den Kampf um den Meeresgrund
Er nähert sich einer elektronischen Wallkarte, auf der Australien und die angrenzenden Meeresgebiete dargestellt sind.
Doch er interessiert sich nicht für den Kontinent, sondern für einen kleinen Punkt im blauen Meer.
"Die Insel gehört zu Australien, ebenso wie der angrenzende Meeresboden.
Die Weltraumraumraumfläche ist so groß wie der Kontinent selbst", sagt der italienische Jurist Luigi Santosuosso, der zu den 30 Mitgliedern der UN-Abteilung für Ozeane und Seerecht gehört.
Der Chef, der tschechische Jurist Václav Mikulka, der Leiter der Abteilung, verfolgt die Präsentation und füllt sie von Zeit zu Zeit aus.
Die Arbeitsbereitschaft und die Begeisterung sind die Hauptattraktionen.
Die Meeresgrundwelt ist eine bislang unbekannte Welt, reich an natürlichen Ressourcen.
Auf dem Erdboden finden sich Öl, Mineralien und andere Mineralressourcen, aber auch noch unbekannte lebende Organismen, die den Schlüssel zur Entwicklung eines Medikaments gegen Krebs enthalten könnten.
Ein Fels, der weit über der Erde liegt
Die Küstenländer haben in der heutigen Zeit begonnen, sich mit heftiger Anstrengung nach neuen Unterwassergebieten zu bemühen.
Sie tun dies, weil sie gemäß einer UN-Konvention ihre Rechte wahrnehmen, die 1982 in Montego Bay (Jamaika) vereinbart wurden.
Dabei handelt es sich vor allem um den sogenannten Kontinentalschelf, der oftmals mehrere hundert Kilometer von der Küste eines Landes entfernt liegt.
Die letztere kann, gemäß dem Abkommen, alle Ressourcen des Kontinentalsockels exklusiv beanspruchen.
"Zur Vereinfachung gilt als Kontinentalsockel der Teil des Meeresgrundes und seines Untergrunds, der eine natürliche Verlängerung des Kontinents unter dem Meer darstellt.
Die Grenzen der Küstenmeere sind über sie hinaus, oft auch über die 200 Seemeilen hinaus, die für die sogenannte ausschließliche Wirtschaftszone stehen", erklärt Mikulka.
Der Antrag, den das Land bei der Kommission auf Festlegung der Außengrenzen des Kontinentalschelfes stellt, muß mit umfangreichen wissenschaftlichen und technischen Unterlagen, die auf zahlreichen und teuren Messungen beruhen, begründet werden.
Sie ist das Ergebnis mehrjähriger Vorbereitungsarbeiten.
"Eine unserer Aufgaben ist es, der Kommission juristische und wissenschaftlich-technische Hilfe zu geben.
Bis jetzt hat die Kommission fünf Anträge bearbeitet, nämlich die von Russland, Brasilien, Australien, Irland und Neuseeland.
Bislang waren nur die letzten drei Länder erfolgreich", so Mikulka.
Der Erfolg Australiens, als erstes Land, das seine Unterwassergebiete erheblich erweitert hat, hat kürzlich weltweite Aufmerksamkeit erregt.
Auch Neuseeland hat einiges gewonnen - die Fläche des Meeresgrundes, die ihm die Kommission letzte Woche zugeteilt hat, entspricht 1,6 Millionen Quadratkilometern, das ist das Sechsfache der Fläche des Landes.
Beide Länder haben Millionen von Dollar in die Erkundung investiert.
Die künftigen Vorteile, die sie aus der Erschließung des Meeres erwarten, werden, wie sie sich vorstellen, unbezahlbar sein.
Nach und nach werden auch andere Länder ihre Anträge stellen.
Sie können dies innerhalb von zehn Jahren nach der Ratifizierung der "Konvention von Montego Bay" tun.
Dort, wo die Festlandsschelf endet, beginnt die Meeresbodenzone, die durch eine Konvention zum "gemeinsamen Erbe der Menschheit" erklärt wurde.
Hier ist kein Staat mehr in einer exklusiven Position.
Die Gewinnung von Rohstoffen in dieser Zone erfolgt durch eine internationale Einrichtung, die durch ein Abkommen geschaffen wurde.
"Aber lassen Sie sich nicht täuschen, der Meeresgrund ist kein Klondike", übertrieb Direktor Mikulka und fügte hinzu, dass "diese Gebiete genau klar definiert sind und ihre Regelung in einem Vertrag verankert ist".
Tschechen im Pazifik
Ein Teil des Meeresbodens gehört heute ebenfalls der Tschechischen Republik.
Sie teilt es mit anderen Staaten des ehemaligen Ostblocks im Rahmen der gemeinsamen Organisation "Interoceanmetal".
Sie erhielt 1991 unter dem Abkommen, wie auch Investoren aus einigen anderen Staaten, den Status eines sogenannten "Pionierinvestors".
Sie hat die Gewinnungsrechte in der ClarionClipperton Zone im Pazifischen Ozean zwischen Mexiko, den Hawaii-Inseln und Kiribati.
Die von dem Investor geplanten Flächen sind etwas größer als die der ehemaligen Tschechoslowakei.
Der Boden ist beweglich, es ist eine Art Unterwasser-Replik der Tatras.
"Es ist möglich, in einem Gebiet von insgesamt 75.000 km2 zu erzeugen.
Die Region ist ein Lagerstück voller Polymetallkonkretionen mit Nickel, Kupfer, Kobalt und Mangan", sagt Ind Pakshi Rajan, ein anderer Jurist.
Ein Beispiel dafür ist der makedonische Mitarbeiter der Abteilung, Rober Sandev.
Sie erinnert an eine kleine Kartoffel oder, wenn man sich ein wenig einbilden kann, an den mythischen Shoem, der dem Golem nachgesagt wird.
Die deutschen Spezialeinheiten waren vor Ort, um die Geiseln zu befreien.
Die ägyptische Regierung hatte Deutschland um Hilfe bei der Lösung der Geiselnahme-Krise gebeten - die Experten kamen.
Als die Situation ernst wurde, standen die Spezialeinheiten bereit, aber sie gingen nie in Aktion.
Immer mehr Details über die Umstände der Freilassung von elf europäischen Touristen, die in Ägypten entführt wurden, werden enthüllt.
Nach Angaben des Innenministeriums und des Verteidigungsministeriums nahmen auch deutsche Spezialeinheiten indirekt an der Rettungsaktion teil.
So waren sowohl Spezialisten der Bundeswehr als auch Beamte der GSG 9, der Luftpatrouille der Bundespolizei und des Bundesamtes für Kriminalpolizei sowie Logistikexperten des Technischen Hilfwerks am Ort der Freilassung.
Wie der Sprecher des Ministeriums am Montag Abend mitteilte, waren die deutschen Truppen schließlich nicht erforderlich, da die Geiselnehmer ihre Gefangenen freigelassen und geflohen waren, als sie die Gefahr einer gewaltsamen Befreiung erkannten.
Die ägyptische Regierung hat angeblich die von Deutschland angebotene Hilfe angenommen, um sie als Unterstützertruppe vor Ort einzubeziehen.
"Gott sei Dank ist das bisher nicht passiert", sagte ein Sprecher des Innenministeriums.
Die Täter hatten die Touristengruppe aus fünf Deutschen, fünf Italienern, einem Rumänen und acht Ägyptern, die sie begleiteten, in Südegypten entführt.
Nach ihrer Entführung in der Wüste südlich von Ägypten wurden die Geiseln in die Grenzgebiete zwischen Ägypten, Libyen, Sudan und Tschad gebracht.
Die Identität der Geiselnehmer ist bislang unbekannt, ebenso wie die Details der Freilassung oder der möglichen Lösegeldzahlungen.
Die geretteten Menschen sind inzwischen sicher in Kairo angekommen.
Steinmeier erklärte, die freigelassenen Geiseln seien unter dem Schutz der deutschen Botschaft.
Er hat nichts über die Details der Freilassung gesagt.
In Berlin wurde bislang keine Information über den Zeitpunkt ihrer Rückkehr nach Deutschland gegeben.
Nach Angaben des Bild-Magazins sollten die fünf Urlauber und die Spezialkräfte mit einem Luftwaffen-Airbus abgereist sein und am Dienstag in Deutschland ankommen.
US-Repräsentantenhaus lehnt Rettungsplan ab
Die erste Kammer des US-Kongresses hat den schweren Rettungsplan für die Finanzmärkte von 700 Milliarden Dollar beinahe durchkreuzt.
Der Dow Jones stürzte in den Abgrund.
Die US-Repräsentantenkammer hat mit 227 zu 206 Stimmen den Finanzmarkthilfeplan der Regierung abgelehnt.
Trotz aller Appelle von US-Präsident George W. Bush und Politikern aus beiden Parteien, wurde das Programm, das das Chaos an den Finanzmärkten beenden sollte, nicht mit der Mehrheit angenommen.
In einem dramatischen Manöver versuchten die Befürworter verzweifelt, die Gegner von dem 700 Milliarden Dollar schweren Plan zu überzeugen.
Barney Frank, ein demokratischer Vertreter während der Debatte, hatte die Abgeordneten zu einer Zustimmungsentscheidung aufgerufen, obwohl der Plan unpopulär war.
"Es ist schwierig, politische Anerkennung für die Vermeidung von etwas zu bekommen, das noch nicht geschehen ist", räumte er ein.
Während der Abstimmung sank der Dow Jones um mehr als sechs Prozent, also um 600 Punkte.
Der Grund dafür war die Sorge der Investoren, dass der staatliche Rettungsplan scheitern könnte.
Er stieg kurz vor dem Ende der Abstimmung wieder an, um dann, nachdem die Niederlage bekannt gegeben wurde, wieder zu fallen.
Experten prognostizieren nun weitere starke Turbulenzen auf den internationalen Finanzmarkten.
Um in Kraft zu treten, bedarf es der Zustimmung des Parlaments und des Senats.
Die Veranstalter berichten von einer wachsenden Anzahl von Reservierungen
Es wird ein guter Winter für die deutschen Reisebüros.
Eine Studie ergab, daß die Umsätze für die nächsten Monate im Vergleich zum Vorjahr deutlich gestiegen sind - für die Wintersaison sogar um mehr als 30 Prozent.
Trotz der schwachen Konjunkturperspektiven bleibt der Reisehunger der Deutschen unversöhnlich, so die Studie.
Bei den Buchungen für die Wintersaison verzeichnete das Reisebüro einen Umsatzzuwachs von mehr als 31 Prozent gegenüber dem Vorjahreszeitraum, wie die Deutsche Vereinigung der Reisebüros (DRV) am Montag in Berlin mitteilte.
Nach einer Umfrage des Marktforschungsinstituts GfK dominieren die Herbstmonate bereits mit steigenden Buchungszahlen.
Die Verkaufszahlen seien im Vergleich zum Jahr 2007 um rund 11 Prozent gestiegen, so der DRV.
Die Quellen dieser Ergebnisse sind die Zahlen von GfK, die monatlich die Buchungsdaten von 1200 Reiseagenturen analysiert und Schätzungen für den Gesamtmarkt erstellt.
Die Reisebuchungen seit Ende August 2008 würden dort aufgeführt.
Aufgrund des schwachen Dollarkurses seien Reisen in die USA besonders gefragt, sagte die DRV.
In diesem Fall würde sich die Zunahme der Buchungen um etwa ein Drittel erhöhen.
Außerdem wären Spanien, die Türkei und Griechenland, sowie unser Land, besonders von den Deutschen begehrt.
Besonders organisierte Reisen sind sehr gefragt, erklärte der Präsident der DRV, Klaus Laepple.
Angesichts der steigenden Preise für Energie und Lebensmittel sind die Kosten hier "für den Kunden leichter zu berechnen als für eine individuell organisierte Reise".
Die Verbraucher können unter anderem durch Rabatte bei der Vorbuchung oder durch All-Inclusive-Angeboten Geld sparen, erklärte Laepple.
Auch die Sommermonate waren sehr zurückhaltend, so daß auch im Vergleich zum Vorjahr wieder ein Anstieg der Verkaufszahlen verzeichnet werden wird - obwohl laut einer anderen Studie die Zahl der Deutschen, die eine Reise unternahmen, im Vergleich zum Vorjahr zurückgegangen ist.
Mein erstes Mal bei der Bierparty
Die Hits von Ballermann oder Apres-Ski laufen überall, Bier in Pfirsichen mit einem Liter und Prominente in Designer-Kostümen aus Tirol.
Ein Ereignis auf der Bierparty.
Suzanne Kronzucker und ich haben eigentlich nicht viel gemeinsam.
Sie ist blond, eine Fernsehunterin und trägt einen maßgeschneiderten Tyroleaner-Anzug.
Ich habe dunkle Haare, ich bin Studentin und mein Kleid ist aus zweiter Hand.
Aber es gibt eine Verbindung zwischen uns: Wir sind erst drei Minuten auf der Beerfest-Party, und schon sind die Fotografen auf uns gestürzt und füllen ihre Karten aus - sehr schmeichelhaft, und das bei meinem ersten Besuch auf der Beerfest-Party.
So macht man sich Freunde.
Der billige tyrolesche Anzug scheint sein Ziel zu erreichen.
Als Bierfest-Tourist und normalerweise im Norden des Weißwursts lebender Mensch war mein Wohlfühl im traditionellen Kostüm bislang begrenzt.
Aber wenn man sich einmal in der Piazza Terese befindet, ist alles nur halbwegs so schlimm.
Fast alle tragen einen tyroleschen Anzug oder Lederhosen; niemand sieht schäbig oder beschämt aus - das ist völlig normal.
Nur der Anschlag meines Tyrolean-Kostüms erntet einige seltsame Blicke auf der Bananen-Choco-Stand.
Eine Frau aus Bayern bemerkte, dass ich meine Schürze falsch befestigt habe: "Links heißt frei, in der Mitte Jungfrau, rechts Haus, hinten Witwe".
Ich schnapp mir den Schlauch von hinten nach links.
"Das ist besser", sagt sie und lacht.
Andere machen sich keine Mühe, diese subtilen Techniken des Flirts zu nutzen und tragen einfache Kleidung, auf der "Zu betrunken, um sich anzuziehen" steht, und zeigen uns ihre nackten Hintern, ohne dass wir dazu eingeladen werden.
Der junge Mann mit der exhibitionistischen Einstellung heißt Bob, kommt aus England und kommt zum ersten Mal zur Bierparty.
Er findet es "großartig", mit einem langen "ooooo".
Er erzählt mir das alles, nachdem er sich von dem Schnaps erholt hat, den er vorher getrunken hat.
Direkt neben dieser Feuerstelle, die jeder für einen Mülltonnen hält.
Bob ist also einer dieser berüchtigten "Wild-Pissers".
Andere haben nicht die Chance, sich so vom Alkohol zu befreien.
Um acht Uhr in der Nacht laufen auf dem Festplatz eine ganze Reihe von Helfern, die sich um die armen Trinker kümmern müssen.
Die Krankenschwestern sind eher in Gruppen eingesetzt - immer zu viert, die ihre überzähligen Zeltbügel mit sich herumtragen.
So funktioniert es für die meisten Besucher der Bierparty: man geht leer rein, kommt voll zurück.
Diejenigen, die in den Sarg der Träubchen unter dem Deckel ruhen, sind nicht sichtbar.
"Das sind die, die nichts mehr schlucken können", rief mir einer der Helfer zu, als Antwort auf meine Frage, und verschwand dann im Kampf.
Unfallopfer identifiziert
Eine 63-jährige Fußgängerin, die in einem Krankenhaus starb, nachdem sie von einem Fahrzeug angefahren worden war, wurde identifiziert.
Carole Paulson aus Chelmsford Road in Brentwood war am Freitagnachmittag in der Stadt in der Shenfield Road in den Verkehr gebracht worden.
Sie wurde in das Queen's Hospital in Romford eingeliefert, wo sie später starb.
Nach dem Unfall wurde ein 51-jähriger Mann wegen des Verdachts auf gefährliches Fahren festgenommen.
Er wurde seitdem auf Kaution freigelassen.
Die Türkei erweitert ihren diplomatischen Horizont.
Lange bevor die Türkei über den Beitritt zur Europäischen Union nachdachte, wollten die europäischen Mächte in ihr Hinterland eindringen.
Auf der Ostseite des Bosporus, vielleicht 20 Schritte von Asien entfernt, liegt eines der feinsten Relikte seines gescheiterten imperialen Ehrgeizes.
Der Bahnhof von Hydarpasha wurde im Neo-Renaissance-Stil von zwei deutschen Architekten, Otto Ritter und Helmut Conu, entworfen.
Das sagen uns die Reiseleiter.
Das Denkmal liegt auf einer Plattform, die wie einige deutsche Provinzstädte mit einem Beobachtungsturm in jeder Ecke ausgestattet ist.
Die Steine sind schmutzig.
Das ganze Gebäude ist ein Schutt.
Aber wenn wir in die gewölbte Kasse eintreten, ist die Größe des Unternehmens, der eine Passage nach Westen darstellt, unbestritten.
Die Bahnhof wurde im August 1908 von einer deutschen Vereinigung, der Anatolia-Baghdad Corporation, eröffnet.
Deutschland, das im Spiel des Imperialismus nachlässig war, wollte seine mittelalterlichen Ambitionen nach Herrschaft durch diese Eisenbahn erreichen, die Damaskus, Bagdad und das Land, das heute als Saudi-Arabien bekannt ist.
Aber die deutschen imperialistischen Ambitionen brachen im Ersten Weltkrieg zusammen.
Seine Eisenbahnen wurden von Lawrence von Arabien und seinen Irregularen Arabern angegriffen.
Die relative Isolierung der Region durch die eisigen Grenzen des Kalten Krieges ist beendet.
Die britischen und imperialen Truppen drangen über Ägypten hinaus und drängten die Türken und ihre deutschen Verbündeten aus Palästina und Syrien.
Aber es gab auch schlechte Nachrichten für die Bahnhof von Hyderpasha.
Im Jahr 1917 explodierte ein mit Munition beladener Zug und zerstörte sein subtiles Dach.
Die türkischen Behörden haben die Sabotage als "eine Sabotage" bezeichnet.
Seitdem ist sie in einem langsamem Verfall, verschlungen in den Wendungen der Geschichte.
Heute ist die Eisenbahn nach Anatolien und in alle östlichen Punkte - zumindest symbolisch - eine Bestätigung für die Erweiterung der diplomatischen Horizonte der Türkei.
Die Regierungspartei AKP hat eine neue Außenpolitik für das Land geschaffen.
Die relative Isolation seiner Region um die Grenzen des kalten Krieges
Jetzt ist es an der Zeit, eine neue Verpflichtungspolitik zu entwickeln.
Die türkische Regierung hat hervorragende Beziehungen zu Israel und Syrien, den palästinensischen Gruppen von Hamas und Fatah, dem Iran und dem Irak und natürlich zu der Europäischen Union und den Vereinigten Staaten.
Um die Parameter dieser neuen Außenpolitik zu beurteilen, fuhr ich in einem Sattelwagen in Richtung der türkischen Hauptstadt Ankara, um den türkischen AKP-Abgeordneten Suât Kiniklioglu, einen der Experten für Außenpolitik, zu besuchen.
Am nächsten Morgen, nach einer 10,5 Stunden langen Reise, auf lauten Schienen, die an die alte Welt des berühmten Dokumentarfilms The Night Mail erinnern, schüttelte, war ich endlich in der türkischen Hauptstadt angekommen - präsentiert als eine neue Stadt eines neuen, weltlichen Staates, der seiner deutschen Vergangenheit den Rücken kehrt.
Aber die AKP mit ihren bekannten islamistischen Wurzeln ist ein Beispiel für einen Wandel des türkischen Konsens.
Er war der Westen und insbesondere Washington verdächtig.
Ein Taxi fuhr mich zum AKP-Hauptquartier, einem hochmodernen Gebäude aus Stein und Stahl, in einem Entwicklungsviertel, umgeben von halb fertiggestellten Einkaufszentren und vielen Konditoreien, in denen sich die mittleren Manager in Anzug und Krawatte - Männer und Frauen - morgens treffen.
Suat Kiniklioglu hätte ein Politiker der Mitte-Rechts-Partei aus jeder anderen Partei in Europa sein können.
Anzug, Krawatte und sogar ein Blackberry.
"Die Absicht dieser Außenpolitik ist es, die Türkei in ihre unmittelbare Nachbarschaft zurückzubringen.
Der Kalte Krieg war eine Anomalie", sagte er.
Die Türkei wurde von ihrem Hinterland abgeschnitten.
Jetzt muss sie gleichzeitig nach Osten und Westen schauen.
Das war bei keinem der beiden der Fall.
Sie sollte beides tun.
Aber dann fragte ich: "Soll die Türkei nicht wählen?"
"Die Türkei", sagte er, "will nicht zwischen beiden wählen müssen".
Er wies darauf hin, daß fast jeder, mit dem ich sprechen konnte, mir auswendig sagte: Die türkische Eisenbahn geht nicht nur in den Nahen Osten, sondern auch in den Kaukasus und rund um das Schwarze Meer, und daher ist sie ein Vorteil für Europa und die Vereinigten Staaten, ebenso wie für die Türkei selbst.
Mit der Integration der Türkei scheint die Botschaft zu sein, dass Europa im übertragenen Sinne auf den Schienen nach Asien und in den Nahen Osten fährt.
Zurück am Bahnhof in Hydarpasha, nach einer weiteren schlaflosen Nacht, dachte ich an diese beiden Deutschen, Herr Ritter und Herr Conu, die den Bau dieses Gebäudes vor 100 Jahren verfolgten.
Sie wären wohl überrascht gewesen, daß die europäischen Ambitionen des Nahen Ostens weitgehend in den Händen der Türkei liegen könnten.
Als ich am Terminal auf die Fähre wartete, die über den Bosporus führt, erinnerte ich mich an die Zeit, in der die Türkei als "krank Europa" bezeichnet wurde.
Zumindest gibt es keine Zweifel mehr an dem Kontinent, der dieses faszinierende Land beanspruchen könnte.
Memoiren von Vernon Handley und William Woodruff.
Mark Brown schreibt: Musikerische Leiter bei Guildford seit 1962, Vermon "Tod" Handley (gestorben am 11. September) war Leiter der Guildford Philharmonic Orchestra und Chor.
Als Teil seines städtischen Musikprojekts gründete er im folgenden Jahr den fantastischen Jugendchor Proteus.
Der Chor sollte alle unter 21 Jahre umfassen, aber bevor Proteus 1979 sein letztes Lied singen konnte, weigerten sich viele von uns - die über 20 waren - den Chor zu verlassen.
Die Bezeichnung "Proteus" (die sich in der Mythologie veränderte) stellte die Bereitschaft und Fähigkeit des Chorals dar, jede Art von Musik zu bewältigen, die ihm präsentiert wurde, sei es Madrigal oder messianisch.
Die Vielseitigkeit, die ein solch junger Chor hervorbrachte, war oft beeindruckend, immer aufregend, und das alles dank der Inspiration eines einzigen Mannes und seiner Begeisterung für Musik, die über die Jahre nicht verändert wurde.
Wie oft hat Tod uns immer wieder gesagt, wir sollten die Musik für sich sprechen lassen.
Er hätte gesagt: "Der Komponist weiß, was er will".
Es ist alles in der Musik.
Also singt!"
Seine Stricktechnik war absolut klar, präzise, aber niemals diktatorisch oder anscheinend.
Was auch immer der Musikkostand war, er hob ihn immer noch höher.
John Frayn Turner schreibt:
Wenn ein Fahrer zum Ritter ernannt werden sollte, dann ist es Vernon Handley.
Ich kannte ihn gut in den Jahrzehnten von 1962 bis 1982, als er die Guildford Philharmonic leitete.
In den letzten 40 Jahren habe ich über 100 seiner Konzerte gesehen, und ich kann ehrlich sagen, dass mich keiner von ihnen je enttäuscht hat, und manchmal sogar inspiriert hat.
Tod Handley besaß so eine seltene Kombination aus Größe und persönlicher Bescheidenheit.
Er hasste Fahrer, die, wie er sagte, "nur auf bestimmte Personen fokussiert sind".
Er wird vielen von uns fehlen.
William Woodruff
Professor John Beckett schreibt:
Ihr Nachruf von William Woodruff (S. 25) besagt, daß er "im Jahre 1946 seine Studien in Wirtschaftsgeschichte an Oxford wieder aufgenommen und 1950 Mitglied der Houblon-Norma-Forschung wurde, während er einen BSc, MA und PhD machte".
Das ist ein Brief von Woodruff's Autor in Beyond Nab End, aber das ist nicht korrekt.
Von 1946 bis 1953 war er Professor für Wirtschaftsgeschichte an der Universität Nottingham, während er gleichzeitig eine Doktorarbeit über die britische Kunststoffindustrie unter der Leitung von Professor J.D. Chambers verfasste, die 1958 unter dem Titel The British Rubber Industry veröffentlicht wurde.
In den Jahren 50 und 51 in den Vereinigten Staaten studierte er an der Houblon Norman, und im Sommer 1952 an den Universitäten von Illinois, Harvard und New York.
1953 verließ er Nottingham und zog nach Illinois.
Warum Woodruff diesen Teil seiner Vergangenheit verheimlichte, bleibt unbekannt.
J. Vicente Resino an der Philosophischen Fakultät
"Ich empfehle die Ausstellung von José Vicente Resino "Flamenco und Leben", weil seine schwarz-weißen Bilder, ein Dokumentarfilm, fantastisch sind.
Sie haben mich wegen ihrer Einfachheit und Kraft angezogen, und weil sie die Protagonisten immer mit großem Respekt behandeln.
Eine Ausstellung, die viele Gefühle vermittelt.
Resino kann magische Momente festhalten".
Zweiter Angriff auf die Verkaufs-Superhondas
Im November wird Honda mit der Markteinführung der zweiten Generation des Modells Jazz beginnen.
Der neue Wohnwagen hat eine noch größere Innenraumfläche, während der Vorgänger bereits eine gute Bewohnbarkeit aufwies.
Hinzu kommen einige raffinierte Mechanismen, die den Fahrkomfort erhöhen und mehr Benzin sparen.
Eine Evolution gegenüber einer Revolution.
Also ist das die zweite Generation des Honda Jazz.
Obwohl der neue Honda Jazz ästhetisch sehr ähnlich aussah wie sein Vorgängermodell, wurden in diesem Minivan zahlreiche Änderungen vorgenommen.
Dazu gehören ein innovatives Design, eine neue Plattform, größere Abmessungen und neue Motoren.
Bevor wir jedoch auf das neue Modell eingehen, ist zu beachten, daß der neue Honda Jazz sechs Jahre nach der Markteinführung der ersten Generation erscheint.
Zunächst einmal ist festzustellen, dass Honda dieses Modell in kürzerer Zeit als andere Hersteller erneuert hat.
Obwohl der Honda Jazz in Europa weniger bekannt ist, ist er in anderen Märkten ein Verkaufsphänomen.
Dies gilt insbesondere für Japan, wo der Honda Jazz 2002 und 2008 der meistverkaufte Auto war.
In Japan wurden seit der Markteinführung fast eine Million Honda Jazz verkauft.
Der alte Kontinent mit mehr oder weniger einer Million verkaufter Autos in sechs Jahren steht an zweiter Stelle.
Honda behauptet jedoch, dass der neue Jazz ihm ermöglicht, seine Verkäufe in Europa zu erhöhen.
Während die japanische Marke 2007 83.000 Honda Jazz verkaufte, plant sie 2009 100.000, was einem Umsatzzuwachs von 17% auf dem europäischen Markt entspricht.
Auf dem spanischen Markt hat Honda seit 2002 8.000 Jazz verkauft, was 6,7% der Honda-Verkäufe in Spanien ausmacht.
Die spanische Niederlassung hofft, in einem Jahr 2.000 Jazz-Stücke zu verkaufen.
Die neue Jazz-Klasse wird Honda in die Lage versetzen, den Rückgang der Verkäufe in Spanien zu überwinden.
Die Markenleiter erhoffen sich, das Jahr mit 22.000 verkauften Autos zu beenden, was 4.000 weniger Autos bedeutet als im Jahr 2007, was ein Rückgang der Verkäufe um 16 Prozent bedeutet.
Mit diesem Umsatzanstieg konnte Honda seinen Marktanteil in Spanien auf 1,8% erhöhen, gegenüber 1,6% im Vorjahr.
Die japanische Marke hofft auch auf einen Marktanteil von 2% im Jahr 2010.
Honda hofft, diesen Marktanteil zu erobern, wenn das neue Modell erscheint.
Es handelt sich um den Insight, einen fünttürigen Hybriden mit einer kompakten Größe - 4,37 Meter lang - , mit dem das japanische Unternehmen hofft, fast 200.000 Autos pro Jahr weltweit zu vertreiben.
Je nach Märkten und nach den Schätzungen des japanischen Herstellers werden 50% der Verkäufe von Insight in den USA erfolgen, während die andere Hälfte zwischen dem alten Behälter und Japan aufgeteilt wird.
Die kommerzielle Einführung von Insight ist für die ersten drei Monate des nächsten Jahres geplant, nachdem sie im Januar in Valencia der Öffentlichkeit vorgestellt wurde.
Im Vergleich zur ersten Generation hat der neue Jazz seine Dimensionen erhöht.
Die Länge beträgt 3,90 Meter (fünf Zentimeter mehr), die Breite 1,69 Meter (zwei Zentimeter mehr) und die Abstandsspannung zwischen den Achsen beträgt 2,50 Meter, was eine Erhöhung um fünf Zentimeter bedeutet.
Die Höhe jedoch ändert sich nicht, nämlich 1,52 Meter.
Die Dimensionen nehmen zu, und der Raum im Inneren nimmt zu.
Der Vorteil liegt einerseits in der Einführung einer neuen Fahrbahn und andererseits in der Einführung einer zentralen Benzinreserve, wie sie auch für den Honda Jazz angewandt wurde.
Ebenso kann der Schacht - der ein doppeltes System hat - bis zu 399 Liter aufnehmen, 19 Liter mehr als der Schacht der ersten Generation.
Es ist zu beachten, dass diese Abmessungen die der Version mit einem 1.4L-Motor sind, da die Kapazität des Koffers des Honda Jazz 1.2L 379 Liter beträgt.
Die andere Neuerung - neben den äußeren Elementen wie den Hinterlichtern oder dem Panorama-Dach - ist der verbesserte Zugang zu den Rücksitzen.
Die Türen, die zu den Rücksitzen führen, haben einen Öffnungswinkel von 80 Grad, verglichen mit den Rücktüren des ersten Jazz, die sich mit einem Winkel von 67 Grad öffnen.
Die Motoren sind auch neu auf dieser zweiten Generation des Jazz.
Zu Beginn des Verkaufs wird dieses kleine Modell mit zwei Benzinantrieben von 1,2 und 1,4 Liter ausgestattet sein.
Beide Motoren verfügen über eine i-VTEC-Technologie, die den Benzinverbrauch und die CO2-Emissionen senkt, die den Motor leistungsstärker macht und die Motorleistung erhöht.
Der erste 1,2-Liter-Motor entwickelt eine Leistung von 90 PS bei 6.000 rpm und 114 Nm Drehmoment bei 4.900 rpm.
Dieser Antrieb - der im vorherigen Jazz 78 PS erreichte - verbraucht 5,3 Liter Benzin pro 100 km und verursacht 125 Gramm CO2.
Im Vergleich zum vorherigen Antrieb, der in der vorherigen Generation 83 Pferde erreichte, erreicht er jetzt 100 Pferde.
Der 100-Pfz-Honda Jazz 1.4L hat einen kombinierten Verbrauch von 5,4 Liter im 100 km und Emissionen von 128 Gramm CO2.
Das "Bienenfahrzeug" zur Kollisionsvermeidung
Um die Entwicklung von Technologien zur Vermeidung von Unfällen voranzutreiben, hat sich Nissan wiederum von der Natur, insbesondere von Bienen, inspirieren lassen.
Die japanische Firma hat einen Roboter entwickelt, der das Flugverhalten von Bienen imitiert und Unfälle verhindert.
Es heißt Bio-Mimetic Car Robot Drive, oder BR23C, und es ist der erste Schritt in Richtung Kollisionsvermeidungstechnologie.
Die Ingenieure des Nissan Motor Co. Advanced Technology Center haben diesen kleinen Roboter in Zusammenarbeit mit dem Zentrum für Forschung für fortgeschrittene Wissenschaft und Technologie der renommierten Universität Tokio, Japan, entwickelt.
Nach Ansicht von Kazuhiro Doi, Generaldirektor für Public Relations für Technologie und Forschung und Entwicklung der Markenführung, repräsentiert BR23C den Aufstieg des Nissan-Sicherheitsschilds.
Der Roboter soll den Fahrzeugen der Marke helfen, Kollisionen vorzubeugen.
Während des Fluges erschafft jede Biene ihren eigenen, ovalen Raum, der dem Nissan-Sicherheitsschild sehr ähnlich ist.
Am wichtigsten sind jedoch die zusammengesetzten Augen der Biene, die über 300 Grad in jede Richtung sehen können, was sie in ihren eigenen Räumen ohne Unterbrechung fliegen lässt.
Um diese visuelle Funktion wiederzugeben, haben Ingenieure einen sogenannten Laser Range Finder entwickelt.
Er erkennt Hindernisse, die sich in einer Entfernung von zwei Metern und einem Radius von 180 Grad befinden, berechnet die Entfernung bis zu diesem Objekt und sendet sofort ein Signal an den Mikroprozessor, um das Hindernis zu vermeiden.
"Wenn der kleine Roboter ein Hindernis wahrnimmt, wird er die Bewegungen einer Biene nachahmen und sofort die Richtung ändern, indem er seine Räder um 90 Grad oder mehr abschneidet, um eine Kollision zu vermeiden.
Der größte Unterschied zu jedem anderen System ist, dass die Flucht völlig instinktiv ist.
"Wenn das der Fall wäre, wäre der Roboter nicht in der Lage, schnell genug zu reagieren, um Hindernisse zu vermeiden", erklärt Toshiyuki Andoh, Direktor des Bewegungslabors und leitender Ingenieur des Projekts.
Im Gegensatz zu einer Biene kann der Roboter nicht nach oben oder nach unten oder diagonal gedreht werden; er kann sich nur in zwei Dimensionen bewegen, und zwar so, wie es seine Räder ihm erlauben, und nicht in unendliche Richtungen wie Bienen.
Dazu hat Nissan eine Rotationsfunktion eingesetzt, aber auch eine Beschleunigungs- und Verzögerungsfunktion, damit der kleine Roboter Hindernissen ausweichen kann.
"Jede Sekunde muss dieses Gerät nur Informationen verarbeiten und nach diesen Daten handeln.
Es braucht keine Informationen oder intuitive Logik für vorherige Manöver zu speichern, weshalb es mit nur einigen Dutzend KB Speicher kontinuierlich arbeiten kann.
Es mag überraschend sein, aber wir sprechen nicht über Gigabyte Speicher, noch nicht einmal über Megabytes".
Dies ist der erste Wagen, der eine neue Technik entwickelt hat, die sofort eine Kollision verhindert, eine Technik, die in den Serienautos in etwa einem Jahrzehnt nach Nissan eingeführt wird.
Der Roboter arbeitet mit Lithium-Polymer-Batterien, die leichter und langlebiger sind als Lithium-Ionen-Batterien.
Die andere mögliche Anwendung dieser Technologie in der Zukunft könnte die Anpassung dieses Geräts an ein GPS-Satelliten-Navigationssystem sein, um den Fahrer zu seinem Ziel zu führen, indem er Hindernisse auf der Straße vermeidet.
Sie haben Angst, eine Hypothek zu bekommen.
Man muss zugeben, dass der US-Finanzminister, obwohl er viel Geld hat, um seine Pläne zu planen, nicht ohne Genies ist.
Um die Amerikaner zu verhindern, sich auf die Hypotheken der Kreditbanken zu begeben, haben sie ein Spiel entwickelt, um zu lernen, wie man nicht pleite geht: "Bad Credit Hotel".
Das heißt, das Hotel der schlechten Kredite oder der Geschichten.
Die düstere Erscheinung dieser Wohnung und insbesondere des Wirtes, lässt uns mehrmals überlegen, ob es an der Zeit ist, einen Kredit zu beantragen.
Und vor allem, wo man das tut.
Sicher gibt das Spiel nützliche Informationen, aber wenig Details.
Das ist mehr ein Spiel für Teenager.
Was ist, wenn das Spiel zu Ende ist?
Da erscheint ein Traumzimmer im Inneren des Hotels.
Es ist besser als nichts, denn es ist undenkbar, ein Haus zu kaufen.
Morgan Stanley eröffnet MUFG sein Kapital
Morgan Stanley gab bekannt, dass die Mitsubishi UFJ Financial Group (MUFG), die größte Bank Japans, in die Börse eintreten wird. Sie wird neun Milliarden Dollar ausgeben, um 21% des Kapitals zu erwerben.
Eine Woche nach der Veröffentlichung einer vorläufigen Vereinbarung erklärten die beiden Banken, dass MUFG 9,9% der Stammaktien von Morgan Stanley zu einem Stückpreis von 25,25 Dollar kaufen würde, was einem Gesamtbetrag von drei Milliarden Dollar entspricht.
Der festgelegte Preis liegt 19% unter dem Buchwert der Wertpapiere zum 31. August.
Die MUFG wird weitere 6 Milliarden Dollar in den Erwerb von Konvertierbarpapieren investieren, die ihr eine Rendite von 10% und einen Umtauschpreis von 31,25 Dollar garantieren.
Morgan Stanley hat erklärt, daß der Gesamtverkauf mit einem durchschnittlichen Stückpreis von 29 US-Dollar erfolgen wird, was 28% über dem derzeitigen Kurs liegt.
Morgan Stanley verlor jedoch um 6,79% auf 23,07 Dollar gegen 17.00 GMT.
"Diese strategische Allianz ist eine wichtige Chance, um Morgan Stanley zu einer Bankenholding zu machen", erklärte John Mack, der Geschäftsführer der US-Gruppe.
Morgan Stanley hat diese neue Satzung letzte Woche verabschiedet, was es ihm ermöglichen soll, seine Geschäfte zu diversifizieren, aber es unter die Autorität der Federal Reserve bringt.
Seine Allianz mit MUFG bestätigt auch, dass die aktuelle Finanzkrise die größten Namen von Wall Street dazu zwingt, eine viel vorsichtere Haltung einzunehmen als zuvor.
Die am Montag vorgelegten Bedingungen zeigen außerdem, dass der Deal in den letzten Tagen geändert wurde: Morgan hatte am Montag lediglich angekündigt, dass er bis zu 20% seiner Aktien an den Japaner für etwa 8,5 Milliarden Dollar verkaufen würde.
"Vor einer Woche", erklärte Toshihide Mizuno, der Geschäftsführer der MUFG, in Tokio, "dachten wir, die Beteiligung würde vollständig aus Stammaktien bestehen.
Aber angesichts der aktuellen wirtschaftlichen und marktwirtschaftlichen Situation wollten wir die Risiken minimieren und uns absichern".
Auf der Grundlage des gewichteten Mittelpreises wird MUFG seine Morgan Stanley-Anleihen 7% unter ihrem Buchwert bezahlen.
Und die Transaktion wird eine Verwässerung von etwa 20% des Gewinns je Aktie bedeuten.
Die Vereinbarung sieht vor, dass MUFG innerhalb eines Jahres die Hälfte seiner Vorzugsanleihen in ordentliche Aktien umwandeln kann, wenn diese während einer bestimmten Zeit mehr als 50% über dem Umwandlungspreis, d. h. etwa 47 Dollar, umtauscht werden.
Morgan Stanley behauptet, dass die von MUFG bereitgestellten Mittel es ihm ermöglichen würden, Investitionsmöglichkeiten zu nutzen, seine Bilanz zu stärken und seine Liquidität zu erhöhen.
Eine Sprecherin der Gruppe weigerte sich jedoch, mehr über die strategischen Pläne der beiden neuen Verbündeten zu sagen.
Nach der Investition von MUFG wird Morgan Stanley eine Tier-1-Solvenz-Ratio von rund 15% erwarten, die zu den besten in der Branche gehört.
Morgan sagte, dass er seine Bilanz seit Ende August "deutlich" erleichtert habe.
Die letzten Wochen waren hart für die Gruppe, da ihr Aktienkurs um die Hälfte sank und die Kosten für die Insurektion gegen das Risiko eines Zahlungsverzugs auf ihre Schulden anstiegen.
Die Kosten gingen am Montag zurück, blieben jedoch bei hohen Preisen von etwa 12% steigen.
Letzte Woche gab Goldman Sachs, der einzige andere "Überlebende" der großen Wall Street-Investmentbanken nach den Bankrott von Bear Stearns und Lehman Brothers und der Übernahme von Merrill Lynch, bekannt, 15 Milliarden Dollar gesammelt zu haben, teilweise von Warren Buffett's Berkshire Hathaway-Gruppe.
Rafael Correa in Quito, am Montag.
Die Republik auf den Sozialismus des 21. Jahrhunderts umzubauen.
Dies ist das gemeinsame Projekt des Venezolaners Hugo Chávez, des Bolivianers Evo Morales und des Ecuadorianers Rafael Correa.
Am Sonntag hat er sich, wie seine Kollegen und Freunde, für die dritte Ausgabe eines Entwurfs einer neuen Verfassung entschieden.
Die Kommission hat sich mit dem Vorschlag der Kommission befaßt, die Einrichtung eines Europäischen Referendums über die Rechtsvorschriften der Mitgliedstaaten für die Verhütung der Gefahr der Gefahr von Krebs und der Verhütung der Gefahr von Krebs durch die Europäische Union zu eröffnen.
Nach diesen Ergebnissen erhielten die "Nein"-Stimmen 28%, 7% der Stimmen waren null und 0,7% waren blanke Stimmen.
Damit der Entwurf der Verfassung angenommen werden konnte, musste er die Hälfte der Stimmen plus eins erhalten.
Am Sonntag hatten zwei Umfragen am Ausgang der Wahllokale und eine Auszählung einer Nichtregierungsorganisation einen großen Sieg für das "Ja" mit 63 bis 70 Prozent der Stimmen angekündigt.
Rafael Correa hatte in der Nacht von Sonntag auf Montag den Sieg seines Verfassungsentwurfs beansprucht.
"Die Verfassung hat überwältigend gesiegt", hatte er gesagt, als er die Ecuadorianer im Gouvernement von Guayaquil begrüßte, 280 Kilometer südwestlich von Quito.
Rafael Correa wurde natürlich nicht nur von Chávez und Morales, sondern auch von seiner chilenischen Amtskollegin Michelle Bachelet gelobt.
Die Wahl, die laut der Beobachtermission der Organisation der amerikanischen Staaten (OAS) in Ruhe stattfand, betraf einen 444-punktigen Text, der den "neuen Sozialismus" des Präsidenten festigte.
Der Entwurf der Verfassung erweist die Macht des Staates über die Wirtschaft als "Planung der Entwicklung" eines Landes, das im Wesentlichen von der Ölförderung durch ausländische Unternehmen und von den Währungen der Auswanderer lebt, als heilig.
Der von Correa, der 2006 gewählt wurde, geführte Entwurf gewährt dem Staatsoberhaupt auch verstärkte Befugnisse, der bis zu zwei vierjährige Mandate in Folge ausfüllen kann und die Möglichkeit hat, die Versammlung aufzulösen.
Correa hat bereits angekündigt, dass er diese Macht nutzen und sich im Februar 2009 um eine neue Amtszeit bemühen wird.
Die Verfassung stärkt auch den Grundsatz der kostenlosen Gesundheits- und Bildungsversorgung, den der Präsident in diesem Land mit 13,9 Millionen Einwohnern, in dem 50% der Bevölkerung unter der Armutsgrenze leben, zu verwirklichen begonnen hat.
Die Kommission hat sich mit dem Vorschlag der Kommission befaßt, die Einführung eines neuen Systems der Verhütung von Drogenmißbrauchsverfahren in der Gemeinschaft zu verhindern.
Die 19 Geiseln im Tschad wurden befreit
Ein ägyptischer Kommando hat den Angriff auf die Entführer der elf Touristen und ihrer acht Begleiter, die vor zehn Tagen gefangen genommen wurden, gestartet.
Sie sind in Kairo.
Die elf europäischen Touristen und ihre acht ägyptischen Begleitpersonen, die zehn Tage lang in der Wüste gefangen gehalten worden waren, wurden am Montagnachmittag in Sicherheit in die ägyptische Hauptstadt zurückgebracht.
Am Morgen wurden sie von einem ägyptischen Kommando im Tschad befreit.
Die Geiseln, die anscheinend in guter Verfassung waren, erreichten um 15:30 Uhr mit einem speziellen Flugzeug den Militärstützpunkt al-Maza, der an den internationalen Flughafen von Kairo angeschlossen ist.
Sie wurden sofort, ohne mit der Presse sprechen zu können, per Helikopter in das Krankenhaus in Maadi, einem Wohnviertel in Kairo, gebracht, um dort untersucht zu werden.
Sie sind in "guter Gesundheit" und "es wurde keine Lösegeldzahlung" an die Entführer geleistet", sagte der ägyptische Tourismusminister Zoheir Garanna auf dem Flugplatz.
Die Gruppe wurde am 19. September auf einer 4x4 Safari am Fuße des Ouanat-Berges am Rande von Ägypten, Sudan und Libyen gefangen genommen. Sie wurden von 35 unbekannten Entführern von einem Versteck zum anderen geschleppt.
Zu den Reisenden gehören 11 Touristen - fünf Italiener, fünf Deutsche und eine Rumäne - sowie acht Ägypter: zwei Reiseleiter, vier Fahrer, ein Grenzschutzbeamte und der Leiter der Safari-Agentur Aegyptous.
Ein ägyptischer Sicherheitsbeauftragter sagte, dass 30 Spezialeinheiten, die in zwei Hubschraubern transportiert wurden, den Angriff in der Nacht kurz vor dem Morgengrauen begonnen hätten.
"Es gab einen Schusswechsel, und die Hälfte der Entführer wurden getötet, die anderen flohen", sagte der Beamte, der anonym bleiben wollte.
Er sagte, dass insgesamt 150 Mitglieder der ägyptischen Spezialeinheit "Blitz" in den Sudan geschickt wurden, wo sie von deutschen und italienischen Kommandos unterstützt wurden.
Der italienische Außenminister Franco Frattini erwähnte in Belgrad, wo er sich befindet, die Rolle, die Geheimagenten und Elemente der italienischen Spezialeinheiten spielen.
"Wir müssen zugeben, dass wir dieses Ergebnis durch die Professionalität und Effizienz unserer Männer aus den Geheimdiensten und Spezialeinheiten erreicht haben", sagte er ohne weitere Einzelheiten zu nennen.
Er bestritt auch die Zahlung eines Lösegeldes.
Am Vortag hatte die sudanesische Armee bei einer Patrouille behauptet, ein 4x4 Fahrzeug, in dem die Entführer saßen, abgefangen zu haben, sechs von ihnen getötet zu haben, darunter der tschadische Führer, und zwei festgenommen zu haben.
Die Armee hatte behauptet, sie seien mit einer Rebellengruppe aus Darfur verbunden, der Befreiungsbewegung für Sudan-Einheit (SLA-U), was die Bewegung sofort dementierte.
Die schweigende Mehrheit der Kultur
Eine Debatte über die Finanzierung der Kultur ist in den Schlagzeilen und beschäftigt den Wahlkampf.
Das ist gut.
Aber ein Bereich unseres kulturellen Lebens bleibt immer noch vergessen.
Wer wird sich erheben, um die verarmten Summen zu kritisieren, die für kleine Museen, Archiv, archäologische Ausgrabungen oder nationale historische Stätten ausgegeben werden, die an Hunger sterben?
Welcher Politiker wird es wagen, der Bundesregierung zu sagen, dass sie ihre Denkmäler und historischen Gebäude vernachlässigt?
Dass wir in Quebec, wie in Kanada, keine echten Gesetze haben, die unser Erbe wirksam schützen?
Wussten Sie, dass die französische Regierung dreieinhalb Millionen Euro für die Restaurierung des Château de Chinon im Loire-Tal ausgibt?
Bei unseren amerikanischen Nachbarn steht in der Verfassung ihres Landes, dass der Schutz des Erbes Teil der amerikanischen Kultur ist und dass dieses Erbe von allen Bürgern, allen gewählten Beamten und allen Regierungsstellen geschützt werden muss, und zwar in Zusammenarbeit.
In Quebec, bei der Fédération des sociétés d'histoire du Québec, beschäftigen sich mindestens 40.000 Freiwillige in 211 Gesellschaften der Geschichte, des Erbes, der Archive und der Genealogie damit, die Geschichte zu erforschen, mit drei Unterlagern aus privaten Archiven zu bewahren und archäologische Überreste zu bewahren.
Sie sind oft die Wachhunde unseres Erbes, die mit verzweifelter Energie protestieren, wenn Förderer und Entscheidungsträger ihre Bulldozer auf unsere alten Steine und vergessenen Friedhöfe schießen.
Wann gibt es eine Plattform für Geschichte und Erbe?
Die Benelux-Regierungen verstaatlichen einen Teil der Bank Fortis
Die Benelux-Staaten unterstützen die belgisch-holländische Bank, die als erste europäische Bank in der Notlage aufgrund der Schneeballwirkung der Kreditmarktkrise in den USA in Schwierigkeiten geraten ist, durch eine teilweise Verstaatlichung.
Am Wochenende kamen die belgischen, luxemburgischen und niederländischen Regierungen auf höchster Ebene überein, und auch die Europäische Zentralbank und der für Wettbewerb zuständige Vertreter der Europäischen Kommission waren an der Reihe.
Die erste große Krise im Rahmen der seit über einem Jahr zunehmenden internationalen Finanzkrise in der Eurozone betrifft die Fortis Bank, und die Entscheidungen, die in diesem Fall getroffen werden, werden in gewisser Hinsicht als Vorreiter dienen.
Die drei Staaten werden, wie am Sonntag Abend beschlossen, fast die Hälfte (49%) des Kapitals der Bank in jedem Land aufkaufen.
Die Bank wird zweifellos einen Teil ihrer Beteiligungen verkaufen, darunter vor allem die hauptsächlich Versicherungsgeschäfte, die sie im vergangenen Jahr von der niederländischen ABN Amro erworben hat.
In der letzten Woche begann der Kurs der Fortis-Aktien einen schwindelerregenden Rückgang zu verzeichnen. In der zweiten Hälfte der Woche zeigten sich bereits ernsthafte Anzeichen für eine Krise bei der Bank.
Analysten sind sich einig, dass die Bank mit ihren 85.000 Angestellten viel zu groß ist, um sie zum Scheitern zu bringen.
Allein am Freitag sank der Aktienwert der Firma um 12 Prozent auf den niedrigsten Stand seit 14 Jahren.
Seit Januar sind die Aktien um mehr als zwei Drittel ihres Wertes gefallen.
In Anbetracht der aktuellen Aktienwerte liegt der Gesamtwert des Unternehmenskapitals bei rund 14 Mrd. Euro, was nach Ansicht der Unternehmensleiter nicht realistisch ist.
Die Unternehmensleitung beschuldigt die Unsicherheit in der Übersee, die mit der Verabschiedung des Rettungsplans von 700 Milliarden US-Dollar zusammenhängt, als Ursache für den Fall der Fortis-Aktien.
Am Montag wurden die Papiere bereits leicht erhöht.
Am Freitag wurde Filip Dierckx zum neuen Geschäftsführer der Bank ernannt.
Die Finanzinstitution suchte auch nach privaten Käufern, hat aber noch keine grundsätzlichen Vorschläge erhalten.
Zuvor hatte die belgische Regierung angekündigt, dass die Anleger keine Sorgen haben sollten, sie würden ihr Geld nicht verlieren.
Es gab keine Panik in der Kundenkreis der Bank und keine Agenturen wurden überfallen.
In Ungarn verfügt Fortis über unabhängige Agenturen und hat auch Leasinggesellschaften übernommen.
Ein Fuchs im Hühnerstall
In Amerika lehnen Lebens- und Krankenversicherungen häufig den Versicherungsnehmer ab, wenn sie Informationen über seine Arzneimittelkäufe erhalten.
Experten für Datenschutz befürchten, dass der Markt für Daten unüberschaubar wird.
"Es gibt Datenschutzprogramme, die die Nutzung von Informationen über die Verschreibung von Arzneimitteln in allen Fällen an die Einwilligung der betroffenen Person binden.
"Wir haben ein Programm, das in unabhängigen Händen sein muss, sonst ist es so, als ob man einen Fuchs in den Henkäufer stellt", sagte Richard Dicket, der das Programm entwickelt hat, das für die Verwaltung von Arzneimitteln verwendet wird.
Die Versicherungsgesellschaften legen die Versicherungsprämie und das Versicherungskapital für Schäden an den Gesundheitszustand des Kunden ab, der sich meldet, und wenn sie das Risiko für zu hoch halten, versichern sie ihn nicht einmal.
In der Vergangenheit schickten sie die Kandidaten zu einer medizinischen Untersuchung, und erst nach Kenntnis der Ergebnisse schlossen sie Versicherungsverträge mit ihnen.
Seit zehn Jahren hat Dick eine viel günstigere Methode gefunden: anhand einer Identifikationsnummer kann er sich leicht von den Apotheken die Daten über den Kauf von Medikamenten der Person in den letzten 18 Monaten beschaffen.
Wenn diese Person beispielsweise regelmäßig hohe Dosen Cholesterinreduktionsmittel kauft, dann deutet das auf einen extrem hohen Fettgehalt im Blut hin, was sie sofort in eine höhere Risikokategorie einordnet.
Es gibt mehrere Versionen dieses Programms, einige bestimmen gleichzeitig einen Risikofaktor, so dass dem Versicherer nicht viel zu tun bleibt, außer die Papierarbeit.
Einer der Nachteile dieses Programms ist, dass ein Arzneimittel für verschiedene Zwecke verwendet werden kann, z. B. können bestimmte Mischungen gegen Migräne oder Hitzewallungen eingesetzt werden, aber auch gegen Depressionen wirksam sein.
Die letztere wird von den Versicherern als ein verschlimmernder Risikofaktor angesehen, während die anderen nicht.
Es gibt Firmen, die sich mit der Erforschung und der Analyse von Daten befassen und die die Zustimmung des Patienten einholen müssen, bevor sie die erforderlichen Informationen von der Apotheke sammeln.
Sie werden von den Behörden gezwungen, dies zu tun, auch wenn sie in der Vergangenheit nicht bestraft wurden.
In jüngster Zeit haben einige Unternehmen auch Labortests verarbeitet und mit Daten über die Einnahme von Medikamenten verknüpft, um so ein noch genaueres Bild von den Gesundheitszuständen der Patienten zu erhalten.
Die Daten werden von mehr und mehr Unternehmen zugänglich gemacht, und es wird schwieriger, die Nutzung zu kontrollieren.
Es gibt ein eigenes Gesetz über den Schutz medizinischer Daten, aber sein Anwendungsbereich erstreckt sich nur auf Ärzte und Versicherungen.
Ein Gesetzentwurf zur Erweiterung der Kontrolle durch die Behörden über Unternehmen, die sich auf die Bereitstellung von Daten spezialisiert haben, ist derzeit vor dem Kongress.
Dick Richard räumt ein, dass dies nicht ausreicht, und hat deshalb sein Programm weiterentwickelt, das die Weitergabe von Daten an die ausschließliche Zustimmung der betroffenen Person anknüpft.
Es ist eine andere Frage, ob die Person wirklich frei ist, ihre Zustimmung zu geben, denn wenn sie sich weigert, schließen die Versicherungen keinen Versicherungsvertrag mit ihr ab.
So sind die Hühner letztlich von der Freundlichkeit des Fuchses abhängig.
Das Gesamtmenü von Marseille
Die EU und Indien verdoppeln ihren Handel.
Da die EU und Indien sehr wichtige Handelspartner der EU und Indiens sind, war dieses Thema auch auf dem 9. Gipfel als weitgehend globale Probleme auf der Tagesordnung.
Heute findet auch ein Gipfel zwischen Frankreich und Indien statt, bei dem es vor allem um die Zusammenarbeit im Bereich der Atomenergie geht.
Die Europäische Union erkennt an, daß Indien eine große aufstrebende demokratische Macht ist, der ein größeres Mitspracherecht in internationalen Angelegenheiten zukommen sollte, aber die Mitgliedstaaten sind sich noch nicht darüber geeinigt, New Delhi als dauerhaftes Mitglied im UN-Sicherheitsrat zu unterstützen.
Sie haben sich gestern auf dem neunten Gipfel in Marseille nicht allzu lange damit beschäftigt.
Die Kommission hat die Kommission und den Rat ersucht, die in den kommenden fünf Jahren zu ergreifenden Maßnahmen zu unterstützen, um die wirtschaftlichen und sozialen Auswirkungen der Überschwemmungen zu verringern.
Wenn man bedenkt, dass der Warenverkehr zwischen 2000 und 2007 von 25 Milliarden auf 55 Milliarden gestiegen ist, scheint dies kein zu ambitionierter Anspruch zu sein.
Die Kommission hat die Kommission und den Rat ersucht, die von der Kommission geplanten Maßnahmen zur Förderung der Entwicklung des Verkehrs in den Mitgliedstaaten zu erörtern.
Indien möchte mit der EU ein Freihandelsabkommen bis spätestens Ende 2009 abschließen.
Sarkozy hat versprochen, die Verhandlungen zu beschleunigen.
Die Absicht ist, die Situation auszugleichen, indem Indien zum einen der größte Handelspartner der EU ist und zum anderen New Delhi nur der neunte Handelspartner der EU ist.
Der Gipfel widmete seine Aufmerksamkeit globalen Angelegenheiten.
Die Situation in Afghanistan und Pakistan wurde in aller Schärfe verurteilt, ebenso wie alle Formen des Terrorismus, und es wurde die Notwendigkeit einer UN-Konferenz zu diesem Thema angesprochen.
Auch die Vollendung des Handelszyklus von Doha wurde gefordert, obwohl beide einen großen Anteil am aktuellen Scheitern haben.
Die EU hat bestätigt, dass sie der Energie- und Klimaplanung treu bleibt, insbesondere dass sie ihre Emissionen von giftigen Stoffen bis 2020 um mindestens 20% senken möchte.
Indien stimmte ebenfalls darin überein, dass ein globaler Markt bei der nächsten Klimakonferenz im Jahr 2010 eingeführt werden sollte und die Treibhausgasemissionen bis 2050 um 50 Prozent gesenkt werden sollten.
Sie möchten auch die steigenden Lebensmittelpreise verhindern und haben die Einberufung eines internationalen Arbeitstags zur Beurteilung der Finanzkrise unterstützt.
Der indische Staatschef reist heute in die französische Hauptstadt, wo er bei einem bilateralen Treffen ein Abkommen über die friedliche Nutzung der Atomenergie unterzeichnen wird.
In Paris wird erwartet, daß französische Firmen Aufträge im Wert von 20 Milliarden Euro für den Bau von indischen Atomreaktoren erhalten.
Nach Angaben der Presseagentur wurde ein Vertrag für 15 Jahre geschlossen.
In Frankfurt arbeiten über 300 italienische Verlage.
Eine starke Präsenz italienischer Verleger auf der Internationalen Buchmesse in Frankfurt.
Mehr als 300 italienische Verlage sind bei der 60. Buchmesse anwesend, dem wichtigsten internationalen Treffen im Bereich des Austauschs von Buchrechten.
Die Internationale Buchmesse Frankfurt erwartet für diese Ausgabe mehr als 7 000 Aussteller aus 101 verschiedenen Ländern, die die 171.790 Quadratmeter der Messe mit mehr als 403 000 ausgestellten Titeln besetzen werden, wobei die Türkei als Ehrengast auftritt.
Der Unterstaatssekretär des Ministeriums für Kulturgüter und Aktivitäten, Francesco Maria Giro, wird die italienische Regierung bei der feierlichen Eröffnung des italienischen Papillon vertreten. Italien wird mit 264 Quadratmeter Ausstellungsfläche auf dem Point Italia-Platz präsent sein.
Anschließend wird eine Pressekonferenz im Raum Struktur, im Pavillon 5.0 der Buchmesse, stattfinden, um Zahlen, Trends und Perspektiven über die Position des Verlags in Italien zu präsentieren.
Die Daten zeigen, dass die Bedeutung ausländischer Bücher gegenüber der gesamten italienischen Produktion und insbesondere gegenüber der für Erwachsene und Kinder steigt.
Wir haben das Flugzeug von Steve Fossett gefunden, dem Milliardär, der vor einem Jahr verschwunden ist.
Die Flugzeugschrotthacke von Steve Fosset, dem Milliardär, der am 3. September 2007 in der Wüste von Nevada verschwand, wurde gefunden.
Die Trümmer wurden auf einem Hochplateau in der Sierra Nevada in der Gegend um die Mammonth Lakes, an der Grenze zwischen Kalifornien und Nevada, gefunden.
Im Inneren des Flugzeugs jedoch keine menschlichen Überreste.
Der Sheriff von Madera County, John Anderson, hat die verbleibenden Zweifel ausgeräumt: "Das Flugzeug wurde lokalisiert, wir haben ein Team geschickt, und jetzt haben wir die Bestätigung, dass es das Flugzeug ist, in dem Steve Fosset am Tag seines Verschwindens gefahren ist", sagte er auf einer Pressekonferenz.
Der Sheriff hat also gesagt, dass keine menschlichen Überreste an Bord des Flugzeugs oder in der Umgebung gefunden wurden.
Im Februar wurde der 63-jährige Milliardär als tot anerkannt.
Das US-amerikanische Büro für Verkehrssicherheit (NTSB) gab bekannt, dass ein Team von Forschern, die wenige Stunden nach der Entdeckung des Wracks an der Stelle waren, das Flugzeug identifiziert haben: Es handelt sich um die Bellanca 8kcab, die am 3. September 2007 verschwunden war, als Fosset von Yerington in Nevada für einen drei Stunden dauernden Flug abhob.
Gestern, immer noch in Kalifornien, nicht weit von der Grenze zu Nevada, wurden einige persönliche Gegenstände von Fosset von einem Ehepaar in der Nähe ihres Hauses in Mammoth Lakes gefunden.
Es handelt sich um zwei Dokumente mit dem Namen Fosset, beide von der Federal Aviation Administration von Illinois ausgestellt, um Bargeld und einen Pullover.
Die Suche nach Fossett wurde ein Monat nach seinem Verschwinden eingestellt.
Der Milliardär hatte sich durch eine lange Reihe von Rekorden einen Platz in der Geschichte verdient.
Bei seinem sechsten Versuch war er 2002 der erste Mann, der die Welt auf einem Luftballon umkreiste: zwei Wochen allein.
Drei Jahre später war er auf einer ununterbrochenen Flugreise um die Welt.
Unter all diesen Rekorden war auch die Flüge über die Anden in einer Höhe von 15.445 Metern, aber mit einem Co-Pilot.
Die Werbung, auf die du nicht wartest.
Ein außergewöhnlicher 4x4 mit einem originellen, klaren Design, mit ausgeprägten Linien, großen Flächen und scharfen Winkeln.
Die neue GLC ist der letzte der Offroad-Kompakte des Stars, mit dem Mercedes-Benz versucht hat, in diesem Bereich einen neuen Wind zu geben.
Die Mitteilung, die die Einführung des 4x4 Glk begleitet, wird unerwartet und unkonventionell sein, und zwar aufgrund der außergewöhnlichen Inhalte, die es enthält.
Die Werbewirbung, die mit dem Einführung des neuen Autos einhergeht, wird eine neue Art der Kommunikation erzeugen, nämlich eine futuristische Kampagne mit 3D-Aufschriften, die erstmals in Italien von einer Automobilmarke eingesetzt wird.
Ein Projekt für Maxi-Bildschirme, das in drei verschiedenen Phasen erfolgt und das Herzstück des Einkaufszentrums Corso Como in Mailand bis zum 15. November beherrschen wird.
Die erste Phase dieser neuen Art der Kommunikation sieht vor, dass das Auto in stereoskopischer Darstellung dargestellt wird. Dank spezieller Brillen, die in der Umgebung von Corso Como verteilt sind, wird es möglich sein, das neue 4x4 in fast realen Dimensionen und dreidimensionalen Formaten zu sehen.
Ja, wenn man das Bild anschaut, kommt das Auto aus dem Plakat.
Dann wird der neue GLK mit Hilfe der innovativen Elimina8 Technologie in allen Details beleuchtet und dann zu einem Bild zusammengesetzt.
Es ist klar, dass Mercedes mit dieser Werbung versucht, etwas Neues in die Stereotyp-Branche der Automobilkommunikation einzuführen.
Wird es ihr mit dieser Formel gelingen, das Interesse zukünftiger Käufer zu wecken?
Das sind die italienischen Hooligans.
Die von Triveneto riskieren das Daspo.
Aber wer sind diese 150-200 jungen Männer und Mädchen, die Italien jetzt beschämt? Sie gehören zur Gruppe der "Ultras Italiens", die seit Jahren die italienische Nationalmannschaft verfolgen und bis jetzt nie große Probleme verursacht haben.
Ni hatte nie mit den gegnerischen Tifosen zu kämpfen.
Die Auswahl der Gruppe ist rechts.
Die Veranstalter kommen aus dem Triveneto.
Von Verona, Padua, Triest und Udine.
In Sofia kamen noch kleine Gruppen aus Kampanien und Puglien hinzu.
Sie trugen dreifärbliche Fahnen mit der Stadt ihrer Herkunft auf: Samstagabend wurden sie alle entführt, damit sie nicht identifiziert werden konnten.
Sie sind von der englischen Tifoserie inspiriert.
In Bulgarien fanden sie eine echte Nazi-Klubsammlung, die des Levski.
Die Figc hatte den italienischen Fans 144 Tickets für das Spiel zur Verfügung gestellt: alle waren namentlich und daher leicht zu kontrollieren.
Und die Viminal hatte sie alle überprüft: Unter denen, die nach Sofia aufbrachen, hatte keiner eine DaSpo im Gange, niemand wurde verboten, ein Stadion zu besuchen.
Vier italienische Fussball-Team-Spieler, die einen Stadion-Verbrecher hatten, erhielten keine Fahrkarte und konnten nicht reisen.
Nun wartet der Viminal auf die Akten der bulgarischen Polizei, die dann eintreffen, und dann wird er Maßnahmen ergreifen: In diesem Fall könnte es sein, dass die Tifos, die bei den Unruhen festgenommen oder identifiziert wurden, für mindestens fünf Jahre einen Daspo saßen.
Das ist ein internationaler Daspo, der nicht nur die italienischen, sondern auch die europäischen Stadien verbietet.
Kurz gesagt, unsere Hooligans werden nie wieder in den Stadion kommen.
Zum Glück.
Aber jetzt ist die Zeit der Angst und des Eulens: Das heißt, dass andere zu den ersten 150 hinzukommen könnten.
"Wir müssen dieses Feuer sofort löschen und nicht legitimieren, wer sich so verhält", sagt Viminal.
Also, "die Augen offen halten, vor allem für das Spiel der Nationalmannschaft am Mittwoch in Lecce"
In Apulien gibt es eine kleine Gruppe von Ultras Italia-Fans.
Ich möchte noch einmal darauf hinweisen, daß die Kommission die Veröffentlichung der Berichte über die Entwicklung der europäischen Politiken und die Entwicklung der europäischen Politiken nicht nur auf die Länder der Gemeinschaft, sondern auch auf die Länder der Dritten Welt ausgerichtet hat.
"Die Duce-Duce-Chorus und der Arm, der während der Mameli-Hymne ausgestreckt wird, sind in Bulgarien kein Verbrechen".
Hier ist die Meinung (ausgedrückt in einer wirklich unangenehmen Art und Weise) von Domenico Mazzilli, der kürzlich Direktor des Viminal-Observatoriums war (er übernahm die Position von Francesco Tagliente und dann von Felice Ferlizzi).
Mazzilli war zuvor Präfekt in Triest, wo sich ein Kern von Anhängern der Gruppe Ultras Italia befindet, die 2002 gegründet wurde.
Es ist wahr, daß es in Bulgarien kein Verbrechen ist, Mussolini zu loben, wie Mazzilli sagt, aber es ist sicher, daß das Verhalten dieser 150 bis 200 Typhosen beschämend war.
"Ich bin kein Soziologe", sagt der Nr. 1 des Observatoriums, "die Verbrechen müssen in dem Land, in dem sie geschehen, begangen werden.
Bis jetzt hat diese Gruppe die Regeln befolgt, jetzt werden wir sehen, was passiert ist, und wir werden für die Zukunft bewerten.
Aber auch die Pfiffen gegen die Mameli-Hymne: Auch das sind keine Verbrechen, aber wenn Sie mich entschuldigen, sind sie unhöflich"...
