ウェールズ議会の議員たちは "マップ・ショー"に 巻き込まれることを恐れています
議会の議員は,その称号をMWP (ウェルズの議会の議員) に変更するという提案に不満を述べた.
議会の名称がウェールズ議会 (Welsh Parliament) になるという提案が提起されたことで 騒ぎが起こりました
党の様々な派閥は 選挙で嘲笑される恐れがあります
労働党の議員は 党の名称が"TWPP"と"PWPP"と合唱されるのを懸念している.
ウェールズ語では"twp"は"単詞"で"pwp"は"カカ"です
党の代表は"全党が不満で 代替案を提案している"と
保守党の議員は 党派が名称変更に賛成だと述べましたが "MUPET"はMWPから一歩先だと 指摘しました
ウェールズ語では w と ヨークシャー英語では u と同じ音が使われています
名称変更の法案を策定する国会委員会では"国会員の称号は,当然,議員が決定する"と定めている.
ウェールズ議会の名称を変更する権限が 2017年政府運営法によって与えられました
ウェールズ議会の名を挙げることを提案した公的協議の結果を 委員会は6月に公表し,その提案は広く支持された.
議員の称号については ウェールズ議会の議員 (Welsh Parliament Member) と WMP の称号が好ましいが, 公的協議ではMWPの代替案が好ましいと認められた.
議員たちは新しい選択肢を提案していますが 合意は難しいのです 議会議長エリン・ジョーンズは 議案を提出するまでに数週間かかります
議会の機能には 代表の資格の喪失や委員会構造なども 影響を与えるだろう.
議員は 議案の議論中に 自身の議長に関する問題について 決定的な票を投じることができる.
マケドニアが国名変更の国民投票を
国民が投票して 国の名前を"北マケドニア共和国"に 変更するかどうかを決めるのです
住民投票は,ギリシャの隣国 マケドニアと数十年に渡る論争を終わらせようとしています.
アテネは長年 北の隣国としての名義を 領土主張として主張しており ギリシャのEUやNATOへの入国申請を 何度も否定してきた.
ギリシャの"つの国であるマケドニアの ジョージ・イヴァノフ大統領は 住民投票に賛成せず 投票を控えている.
しかし,ザエフ首相を含む国民投票支持者は, 名称変更は単にEUとNATOへの加入のために妥協すべきだと主張しています.
ハーレム教会は困窮し セント・マーティンの鐘は鳴らない
昔は,老人の話では, 町には, 町には, 町には, 町には, 町には, 町には, 町には, 町には, 町には, 町には, 町には, 町には, 町には, 町には, 町には, 町には, 町には, 町は, 町には, 町は, 町は, 町は, 町は, 町は, 町は, 町は, 町は, 町は, 町は,
 今日はもう1つもありません
バルがなくなったのは 理にかなうことだ
"人は社会に 付き合う方法が変わった"と
 バーはもはや人々が毎日集まる 社交場ではありません
教会に関しては,アダムズは 教会の資産を売り出すことで 指導者の期待を裏切るだろう,と心配しています. そして,彼らは,彼らが出発した場所に戻るだろう.
住居の建物も建設され 住居の建物も建設され 住居の建物も建設され 住居の建物も建設され 住居の建物も建設され 住居の建物も建設され 住居の建物も建設され 住居の建物も建設され 住居の建物も建設され 住居の建物も建設され 住居の建物も建設され 住居の建物も建設され 住居の建物も建設され 住居の建物も建設され 住居の建物も建設され 住居の建物も建設され 住居の建物も建設される
 住宅の購入者は白人男性に 圧倒的に増えると  は主張し, 教会の閉鎖を急ぐ傾向が強くなっている.
両教会とも 白人教会によって建てられたもので ハーレムが黒人街に成長する前からあった 都市コミュニティ教会は1870年に建てられ セント・マーティンは10年後です
教会の元白人のメソディストは 30年代に教会から離れ
近くの黒人教会から 購入されました
セント・マーティン教会は 牧師のジョン・ハワード・ジョンソンが 指導した黒人教会で 牧師は125番街のハーレム・ショッピング街で 奴隷労働を拒み 黒人の商品を売りたくなかった 商店の店主に対する 抗議運動を繰り広げました
1939年に火事が発生し 建物に深刻な被害が及んだが 修復工事が進んだ際 教会の鐘はジョンソン牧師の 社団の依頼で建てられた
牧師のデイヴィッド・ジョンソン 牧師の息子で 牧師の後継者だった セント・マーティン教会では 貧乏人の鐘を 誇りに思っていました
7月に ベルを演奏する専門家が この楽器を "文化遺産" と称し "歴史的に重要な 楽器" とも言っています
ミシガン大学のティファニー・ン氏は この演奏は 世界初のベル演奏であり 18年前にリバーサイドの教会で 演奏された大きなベルを 黒人音楽家のディオニシオ・A・リンドが 演奏したものだとも述べました
メリーウェザーによると セント・マーティンは 代わりの契約をしていない
セントマーティンでは ここ数ヶ月 建築家や事業者が 参列し 複雑な状況が 引き起こされています 教会の司教職が 参列しているからです
区の管理機関である教会協議会は 7月に書面で教区長官庁に訴え, 費用は教区長官庁が負担するとは反対したが, 建築家や建築業者との契約は教区長官庁が決めていない.
教会のメンバーは 建物に透明性がないと 苦言を述べています
カリフォルニアの13歳の少年が を釣りながら 攻撃された
公式の報告によると カリフォルニアの水槽で 13歳の少年が を捕まえた際に 攻撃され負傷したそうです
攻撃は午前7時前 ヴィーコンビーチのエンシーニタス地区で 発生した
サンディエゴの KSWBのチャド・ハメルが インタビューで語ったのは 土曜日の朝 友達と30分ほどダイビングしていたとき "人の男の子が助けを求めて叫んでいるのを見て 助けてあげようと急いで 潜水艇を降りるとのことでした
ハムルは最初, 魚を捕まえると 興奮していたと思っていましたが, 魚が"噛まれた"と叫ぶのを聞いたのです.
噛まれた!
肩が骨折してある ハーメルが少年に会ったことを 物語っています
"水の中に魚がいる"と叫んだ
患者はサンディエゴの ラディ・チルドレン病院に 送られ 治療が最悪です
少年を襲ったサメの種は不明
レスキュー隊のキャプテンであるラリー・ギルズは 記者団に語ったように 数週間前に この地域にサメが発見されましたが
少年が上肢に ひどい傷を負ったと ジュリアン・ジャイルズ隊長は 報告した
警備当局が調査を 48時間間停止した 警備のため ポントビーチ (カサブラド) と スワミ (エチニタス) の間の 沿岸を封鎖した
ザメの種は135種類以上あると ゲイルズは言うが ほとんど危険ではない
サインスベリーズは イギリスの美容市場を拡大する
専門店と高級品の スタンドを備えた サインズベリーの ブランドは ブーツ スーパードラッグ デブンハムズと競争します
服装や家計の販売が落ち込んでいるにもかかわらず,英国で2.8億ポンドの美容市場を拡大する中で,このチェーンでは,全国11の店舗で,より大きなパイプスタンドをテストし,
食料品店が テレビやマイクロ波炉や家用品で 占めるスペースを 埋め合わせようと していることで 食料品店の伸びが 増加しています
サインスベリーは 製品を倍増し 3000品分に 拡大すると発表しました Revlon,Essie,Tweezerman,Dr. PawPawなど ブランド名を挙げて 初めて販売しています
しかし,L'Oreal,Maybelline,Burt's Beesの旧ブランドは,Bootsやその様な店で, 顧客が待たされるような, ブランドのスタンドを,より広いエリアに配置します.
店内ではブーティックの化粧品のラインナップも再開しています.
フレグランスショップは サインスベリーズ2店の試着を 実施中です 先週ロンドン南部のクロイドンで オープンしたサインスベリーズ店と 今年もビルマンのセリーオークで オープンします
オンラインショッピングが拡大し 食料品の購入習慣が 地域的な小売り店に 移り住み始めているので 店舗の店長たちは 顧客を誘導するために 努力を増やさなければならない
サインスベリーズのCEOのマイク・クーペは 店の仕方が 商品の販売と 商品の販売を 拡大するにつれて 商品の販売が 商品の販売と 商品の販売を 拡大するにつれて 商品の販売が 商品の販売と 価格の変動が 変化するにつれて 商品の販売が 変化するにつれて 商品の販売が 変化するにつれて 商品の販売が 変化するにつれて 商品の販売が 変化するにつれて 商品の販売が 変化するにつれて 商品の販売が 変化するにつれて 商品の販売が 変化するにつれて 商品の販売が 変化するにつれて 商品の販売が 変化するにつれて 商品の販売が 変化するにつれて 商品の販売が 変化するにつれて 商品の販売が 変化するにつれて 商品の販売が 変化するにつれて 商品の販売が 変化するにつれて 商品の販売が 変化するにつれて
2年前に2つのチェーンを買収して以来,彼はサインズベリーの百もの店舗に Argosの店をオープンし,またいくつかの Habitatの店をオープンしました. この動きは,食品販売にも良い影響をもたらし,この買収はさらに利益をもたらしました.
店長は以前 美容室と薬局を 洗浄しようと試みたが失敗した
2000年代初頭,Sainsbury'sはBootsと共同事業を立ち上げたが,その後の同社の薬局の収入分配に関する論争により,その提携は破綻した.
この新しい戦略は3年前 サインズベリーの 医薬品事業を ローズ・サッカーチェーンを運営する セレシアに 売却したことで 誕生しました
ブランドはロイドスに 戦略を組み込み 4つの店舗でラ・ロシュ・ポサやヴィチなどのブランドと 贅沢なスキンケア製品の 幅広い範囲を提供するよう 約束した.
サインスベリーズ 商業部門のポール・ミルズ・ヒックス氏は "パイプスタンドのデザインを 変えることで 顧客にとって より快適な環境を作りたい" と述べています
専門スタッフも雇って 興味のある方々にアドバイスをします
ブランドはあらゆるニーズを満たし 魅力的な環境と 便利な場所が 買い物体験を新たなレベルに 引き寄せます
ピーター・ジョーンズは,ホリー・ウィラフビーの1100万ポンドの契約を 破棄したことで,
ドラゴンズ・デン・スターのピーター・ジョーンズが 辞任したことで,テレビの司会者ホリー・ウィロビーが ライフスタイル・製品の販売に関する1100万ドルの大切な契約を放棄し,
ウィロビーには トルーリーブランドの 家庭用ウェアとアクセサリに 時間を割く時間がない
この2人のセレブが始めたのは グウィネス・パルトローが 書いたグープのブランドと似ていた
"この朝"の37歳の司長は 退会を表明
ホリー・ウィロビーは ドラゴンズ・デンのスターである ピーター・ジョーンズに 手を打つことにしました 彼等は 約束のライフスタイルを 売り込む事業を 終末に手放し マークス・アンド・スペンサーと ITVとの 利潤の多い契約に 集中しようとしました
報道によると,ジョーンズは,テレビの名所であるバッキンガムシャーにある マロウで, 緊張した会議で, 発表しました. 総額150万ポンドの契約が交わされたため,
この2人のセレブが始めた事業は 以前はグウィン・パルトロウが言及したグープと似ており 推定資産を倍増させ 望んでいたという.
37歳のウィロビーは ツイートで"トリュリー"を 離れる事を発表しましたが ジョーンズは 島を離れて 休暇の宿に移動しました
ソースによると トゥーリーはホリーにとって 最も大切な存在だった
長期的に取り組むべき仕事で 今後数十年 稼ぐためのものです
脱退したことは,みんなにとって,全くの驚きでした.
周二の事件は 驚きでした 打ち上げのすぐ近くだったからです
マーローの事務所は 売り物で溢れています
専門家によると,Today Morningの司会者の去り, イギリスで最も収益の高いスターは, 会社に何百万ドルもかかるだろう. 枕やろうから,
古い友だちの 破滅にもなる
3人の子供を持つ番組の司会者 夫のダン・ボールドウィンは 約10年前から 友人関係で 暮らしていました
ウィロビー・カップは2016年に トルーリーを立ち上げ 52歳のジョーンズは 3月に社長に就任しました
両親は休暇を共に過ごし ジョーンズはボールドウィンのテレビ制作事務所の 株式を40%持っています
ウィロビーはM&Sのプロダクト担当となり,ITVのI'm A Celebrityの司会を務めるAnt McPartlinの代わりになる.
ジョーンズに詳しい情報筋は 昨夜こう言った "ジョーンズのビジネスについて 発言はしたくない"
厳しい言葉が聞こえた 恋に落ちた
報道陣からの批判を 冗談に言い 発言は 恐らく不適切だと 考える人もいるでしょうが 北朝鮮の指導者に対する 発言は ポジティブだと
なぜトランプは 譲歩を強めたのか?
"とトランプは笑えるような ニュースキャスターの声で言った
                  
再び会いたいと発言しました 6月にシンガポールで開かれた最初の会談は 巨大な一歩だとトランプが称しました 北朝鮮の核廃絶に向けて
しかし 核の核廃絶交渉は 途絶えていました
シンガポール・サミットから3ヶ月以上後,北朝鮮代表のリホ・ヨンゴは,土曜日に国連総会に,北朝鮮が,北朝鮮の早期の軍縮措置に,米国が適切な対応をしていないと報告した.
代わりに,米国が,圧力をかけるための制裁を 継続すると,彼は言いました.
選挙運動の演説で 川普は もっと楽観的な見方をしていました
"北朝鮮は素晴らしい"と
戦争の準備ができた
何百万もの人が 命を落とす
でも今はとても仲良く
交渉の成果は 核実験の終了 拘束者の解放 軍兵士の帰還を 期待している
また,なぜ,キムとの関係を 奇妙に語っているのか, 説明した.
"大統領になることは簡単だ" "でも,ここには1万人の群衆が 押し寄せて入ろうとしているわけじゃない" "私の前に200人しかいない"
インドネシアでは 津波と地震で 何百人もの死者が出た
インドネシアは,ロンボク地震の後に, 国際的な援助の援助を断った.
ランボクの住民の10%以上が 避難したにもかかわらず 国内規模の災害は 報告されませんでした 国際的支援が 到着する前提条件です
"以前は,多くの場合,彼らは国際的支援を必要としないことを明確に述べていたので,私たちは少し難しい状況にある"とSumbungは言った.
援助団体を組織する団体であるセーブ・ザ・チルドレンが パルウへの支援チームを 組織しているものの, 外国人支援団体が実際に現場の救助活動に参加できるかどうかは 明らかではない.
国の災害対策庁の広報担当者 シュトポによると インドネシア当局は パルウの状況を 評価し 国際的支援機関への関与が必要かどうかを 検討しているという.
インドネシアは地震が 頻繁に起こっていますが 自然の破壊力に 備えていないのです
アチェ州では津波の予防策が設けられていますが 他の沿岸地域では 珍しいことです
津波予告があったものの パルーの 津波警報シレンシステムが 欠けていたことが 人命に関わる災害を引き起こした.
インドネシアの島々間の移動は 晴れの日々でも 困難です
自然災害の際には 物流の問題はさらに深刻になります
ローボンの病院船は パルーに向かっていますが 災害地域には少なくとも 3日ほどかかるでしょう
選挙運動の焦点は 荒廃したインフラを 改善することであり 道路・鉄道の建設に 節金を払ったのです
しかし,今,横断政権は,来年の選挙前に, 財政の不足に直面しています.
更に イスラム教が 保守的な宗教を 受け入れているという インドネシアの 絶えず存在している 派閥の緊張にも 直面しています
暴動により1000人以上が死亡し 数十万人が避難しました 暴動はキリスト教とイスラム教徒の 集団が 銃器や弓や矢や 武器で 喧嘩を繰り広げることでした
ビデオ リンバーポールのダニエル・スターリッジが チェルシーにゴールを打った
イングランド・プレミアリーグのスタムフォード・ブリッジで,ダニエル・スターリッジが89分でゴールしたことで,リバプールがチェルシーに負けたことのないようにした.
チームは0−1で敗れた スタリッジはチェルシーの門から30メートルほどで シャーダン・シャキリから投球を受け取りました
足球を左に投げて 門の隅に 大きな打撃を打つ
射撃は16番の上から 網は右上角に 飛び上がった
球はケパ・アリザバラガの 横から入った
"ポジションを決めたいんだ シャックみたいな人が常にいるから ポジションを決めたいんだ"と スタリッジは LiverpoolFC.comに答えました
ガンテが来るのを見たから 撃ち落としたんだ
チェルシーは半分の試合で1−0に勝ちました 25分後にベルギーのスター選手 エデン・ハザードが リードしました
ブルースの試合に マテオ・コヴァッチッチが でパスをして フィールドから抜け出して リヴァプール・スクエアへ 突っ込んだ
コーヴァチチは, 速攻で, スタートして, 中央からボールを取り返しました.
ハザードが16番に突入した
ハザードは守りを走らせて 投げたのが左のショットで 遠く離れた隅に リーバプール・ゲートで アリソン・ベッカーの横に
リヴァプールとナポリは,次の試合で, 午後3時に, スタジアムサンパオロで,
チェルシーとビデオトンは 木曜の午後3時 ロンドンで UEFAヨーロッパリーグで対戦する
インドネシアの津波で832人が死亡
インドネシアで地震と津波で 死亡者数は832人に上がったと 地震対策局は日曜日に発表しました
震災は,地震の被害を大きくした. 震災は,地震の被害を大きくした.
38万人を超えるパル市は 崩壊した建物の瓦で覆われています
警察は 刺された女性の殺人容疑で 32歳の男性を逮捕しました
殺人事件の捜査が始まりました 今朝,メルセイダのビルケンヘッドで 女性の遺体が発見されたのです
刺された44歳の女性が 午前7時55分にジョン通りにある グレイスン・メウスで発見されました
警察は,近所の人たちに, 何か目撃されたか, 死んだか, 報告するよう呼びかける.
捜査はまだ初期段階ですが ビルケンヘッドの ジョンストリート周辺で 何かを見たことがある方 連絡してください
更に,皆様に,特にタクシー運転手には, 乗務員のカメラで撮影したものを 探してきて下さい. 捜査に役立つ情報があるからです.
警察の広報担当者は, 殺された女性はバーケンヘッドの住民で, 建物の中にいたと確認しました.
午後,彼女の友人たちが 現地へやってきて, 朝の何時ごろから遺体が発見されたか尋ねました.
捜査は進行中です 被害者の遺族は 連絡を受けています
グレイスン・メウスに住む タクシー運転手は 家に侵入しようとしましたが 警察は "この建物には入ったり出たり 禁止されている"と 指示しました
起きたことを知った時 彼は口をきかせませんでした
建物内の住民は 再び入所できるまで 数時間かかると 報告されています
警察官の誰かが 言ったように 犯罪現場として扱っている
涙が溢れていました
ひどいことを繰り返した
午後2時頃には 警官のバスが2台と 警官のバスが1台で コーデント内と外に 走っていました
警官も街区を監視していた
情報を入手したい方は メールで@MerPolCCに 連絡してください 犯罪防止センターの無名電話番号は 0800 555 111です
議会のクロムウェル像は 歴史の再編の最新犠牲者だ
彫像を追放することは 詩的な正義の行為かもしれません カーモウェルと 狂信的なピューリタン派の追随者が
しかし,クロムウェル協会は,クリックの提案は"愚かさ"であり, "歴史を書き換える試み"だと主張しています.
カーロ・クロムウェル協会の会長ジョン・ゴールドスミスはこう述べています "彫像の撤去に関する議論のなかで ウェストミンスター宮殿の前のオリバー・クロムウェル像が 標的となるのは避けられないことでした
イングランド内戦の 破壊はクロムウェルによって 命令され 実行されたのではない
恐らく別のクロムウェルが 前の世紀の彼の前身トーマスの 犠牲者になるでしょう
サー・ウィリアム・ハモ・トーネクロフトの 壮大なクロムウェル像は 19世紀の思想を反映し 今でも多くの人に 称賛されるべき 歴史的な人物を 記念しています
ゴールドスミスはサンデー・テレグラフにこう語りました "クロムウェルは 19世紀末のよりも少ないかもしれないが 議会は外からの圧力の 守護者だといわれている"
この絵が正確かどうかについては 歴史的な議論が続いています
確かなことは 17世紀半ばに 勃発したこの紛争が 国家の将来に 影響を与えたということです そしてクロムウェルは この紛争の 片方の側面を代表する 識別可能な人物です
守護神として彼の功績は 祝われ 記憶されるべきものです
殺人豚が中国人の飼い主を殺害
地元メディアによると,中国南西部の市場で,豚が飼い主人を襲い,彼を傷つけ,死に至らしめた.
姓は"元"と特定された男が 血まみれで, 州立市の市場にある豚のそばで 血まみれで, 血まみれで, 血まみれで, 血まみれで, 豚のそばで発見されたと, サウス・チャイナ・モーニング・ポストは日曜日に報じた.
豚飼育農家が 2005年5月30日に中国・チンハイ省のクニン市で 豚の飼育場で ワクチン接種を準備中です.
彼は近隣のユナン州から 甥と一緒に15匹の豚を 売りに行ったそうです
翌朝,その甥が男の遺体を発見し,隣の豚の家屋のドアが開いていたことに気付きました.
豚の口には 血が流れていると
報告書によると 専門家による調査で 豚は飼い主を殺害したと判明した
"私のいとこの足は血まみれで 傷が付いた"と 陽夕報紙に 紹介された彼の親戚は 姓は"ウー"だった.
監視カメラの映像によると 黄は木曜の午前4時40分に 豚の餌を餌にするために 豚の穴に入ったそうです
彼女の遺体は"時間ほど後に発見された.
殺害された動物は 氏や彼のいとこが所有していたのではない
市場管理者は"イブニングニュース"に 豚が閉じ込められたことを 警官が現場で 痕跡を調査している間に 被害者の被害を防ぐために
報告によると の家族と市場当局が 死亡賠償を交渉中です
豚が人間に襲われた事例は 報告されています
2016年 マサチューセッツ州の農場で 豚が2人を襲い 危ない怪我を致しました
10年前 ウェールズで 300キロの豚が トラクターに乗せられたのですが 飼い主の妻は 警報を出すことができなかったのです
2012年に オレゴン州の農家が 豚に食われた後 マニトバの農家は CBCニュースで 豚は通常 攻撃的ではないが 血の味で攻撃的になる可能性があると話す
遊びすぎだ
子供みたいに 興味深くて 傷つけたくない
敬意を払うしかない"
ハリケーン・ロザの後に 豪雨がアメリカ南西部に
予想通り,ホリケーン・ロサは 弱まりつつあります メキシコの北海岸の 寒い海域に 押し寄せるにつれ
しかし,Rosaは,今後数日間, 墨西哥北部とアメリカ南西部で, 激しい雨を降らせます.
予報では,太陽系は,太陽系を照らしているので,太陽の光が,太陽の光に照らされ,太陽が,太陽の光に照らされるので,太陽の光が,太陽の光に照らされるので,太陽が,太陽に照らされるので,太陽の光が,太陽の光に照らされるので,太陽が,太陽に照らされるので,
予想されるのは,この日,北へ向かう
太平洋上空の低気圧地帯が形成され 西海岸へ向かって西へ向かっています ロサは月曜日に下カリフォルニアに向かい
嵐は月曜日まで 雨が降るかもしれません
熱帯雨が降るので 雨が降るでしょう
砂漠では 洪水が突然に起こり 瓦が溢れ 滑り落ちる
激しい熱帯雨は時当たり5-8cmの雨を 地方で,特にネバダ州とアリゾナの南部で降る.
南西部では5×10cmの降雨が 予想されます アリゾナ州は特にそうです
洪水は突然発生し 熱帯雨が散発するので 急速に減少します
熱帯雨季は特に砂漠に歩行しないようにしましょう.
豪雨は渓谷を川に変り 嵐は時折 突如風や砂雲に 伴います
低気圧の群れが南カリフォルニア沿岸部に 激しい雨を降らせる
砂の降水率は1.5センチにも及び 砂の積もりが少ないため 道路が滑らかになり
雨季の雨が降るのは この地域では初めてです
熱帯雨は,日曜日の夜と月曜日の朝,アリゾナ州に降り, 月曜日の昼と火曜日の雨が広がる.
豪雨は4つの角地帯に広がり 水曜日まで続く
10月にはアメリカ合衆国で 激しい気温変動が起き 北極圏の気温が下がる一方
場所によっては 短距離でも 劇的な温度差が生じます
典型的な例は アメリカ中部で 日曜の出来事です
温度の差は10度近くあります カンザスシティ (ミズーリ) とオマハ (ネブラスカ) とセントルイス (アメリカ) とデスマイン (アイオワ)
近い将来,夏の暖かい日が 広がる見込みです
アメリカ中部と東部では10月上半は暖かい天気で グレート・プレーンズ南部から北西部まで 25度から30度程度で 暖かくなります
ニューヨーカーの気温は 火曜日は25度 平均より5度高い
長期気象予報によると,アメリカ東部では 10月上旬まで,気温が平均より上昇する見込みが高く,
聴衆は2000万人以上で ブリット・カヴァーナウの インタビューを視聴しました
総計2千万人以上の人々が 六つのテレビチャンネルで 注目しました 裁判官候補のブレット・カヴァーナウと 80年代にレイプされた女性を 訴えたクリスティーヌ・ブラシー・フォードの 証言です
政治的なりが解けず 放送局は放送を中止し ジョージ・スミスは 連邦捜査局に 起訴を申し立てられるよう 手段を用意しました
フォードは上院の司法委員会に 確信していると言ってる 事件の当時 高校のパーティーで カーバナウは
カバノウは 証言の中で 100%確信している
告白した人は ニーレンの2040万人を超える 視聴者だったようです
平均視聴率を計算したものです 平均視聴率を計算したものです
視聴の他のチャンネルは PBS,C-SPAN,Fox Business Networkの番号が すぐに入手できませんでした
職場で番組を視聴する人の数を 測定するのは難しい
比較のために言うと 野球の決勝戦や オスカー賞の 観客の数はこれくらいです
ナイルセンによると カーナウの指名を支持する専門家を 紹介する Fox News Channelの視聴率は 全日平均で569万人の視聴率で 高いという.
2位はABCの視聴者数で 326万人を超える
視聴者数は ニーレンの報告によると,CBSは3.1 人,NBCは2.94 人,MSNBCは2.89 人,CNNは2.52 人でした.
聴取会の後も 関心は減らなかった
金曜のドラマの主人公は フレーク上院議員でした
共和党の参議院議員が カーナフに賛成する票を 投下すると発表した後 金曜の朝 CNNとCBSの 番組で 抗議者の大群が 裁判所の委員会へ向かう エレベーターで彼を迎え入れました
観客の非難を浴びて じっと立ち 笑顔を上げ CNNが 映像を放映しました
"私はあなたの前に立っている"と 議員に女性が言った
カバナウが真実を語っていると 信じているのか?
"あなたは多くの女性たちができないことを 出来る力を持っている"と
フランクは 声明を出したとだけ言って 階段のドアが閉まる前に 委員会で 発言するって言ってた
ケーブルテレビやテレビは 数時間後に 直接放送された カバナウの指名について 議会全体で 投票するかどうかについて
しかしフレークは 民主党が提案したように FBIが来週 候補者に対する 容疑を調査する条件で 承認するしかなかったと 答えました
フレークは友人である民主党の上院議員 クリス・クーンズと 話し合いをして 説得された
フレークはクーーンズと 話し合いをした後に 他の上院議員と 話し合いをした後に 決断した
フレークの決定に 賛成した 権力を行使した 明らかに 捜査なしでは 共和党は カーバナフの候補に 賛成票を投じない
トランプ大統領は カバナウグの容疑について FBIの捜査を開始しました
イギリスの首相Theresa Mayは,Brexitに反対する人々を政治ゲームだと非難しています.
首相のテレサ・メイが日曜のインタビューで ユーロ連合からの離脱を 反対する人々は 政治的に英国の将来を脅かし 国家の利益を損なうと非難しました
首相のセラ・メイは,2018年9月29日に保守党のビルマヒム会議に 訪ねます
紙の表紙にメイのインタビューのすぐ隣に掲載された別のインタビューで,元外務大臣のボリス・ジョンソンは,メイのブレグジットに関するいわゆるチェッカーズ計画を攻撃し,
ワイド・シムズ事件で 警官がディトン・シンプソン容疑者を逮捕しました
警察は20歳のバスケットボール選手の ウェイド・シムスの 銃撃事件の容疑者を逮捕した
20歳のダイトン・シンプソンは 殺人容疑で逮捕されました バトン・ルージー警察署から
警察はシムスとシンプソンの衝突の映像を公開し 戦闘中にシムスのメガネが落ちたと発表しました
警察は現場から 眼鏡とシンプソンのDNAを 発見しました 放送局はCBSの WAFBチャンネルです
シンプソンに質問した後に 警察は 少年が シンプスを撃ったと 認めたと発表しました
弁護士の報告によると 裁判所は35万ドルの保釈金を 確定した
死亡原因は頭部と首の 銃撃による傷で
連邦警察局は 逃亡者捜査局 連邦警察犯罪捜査局 連邦警察刑事捜査局
LSUのアスリートディレクターである ジョー・アレバは 治安部隊の 献身と忍耐力に感謝した
シムズは20歳だった
2メートルの攻撃者は バトンルージュで育ちました 彼の父親は LSUのバスケットボール選手でした
シムスは前シーズンで 試合に5.6ポイントと 2.6リップを 獲得した
金曜日の朝,LSUのバスケットボールコーチ,ウィル・ウェイドは チームを震撼させたと発言しました
"そんなことが起こるなんて,いつも怖いんだ" "そうよ"とウェイドは言った
メキシコシティを 噴火山の灰で覆う
ポポカテペトル火山からの灰は メキシコ首都の南部の郊外まで届いた.
噴火の活発化に伴い 24時間間に183回のガスと灰の噴出が 発生したため メキシコの災害対策センターは 住民に 避難を促した
震源は 音と地震の 様子を記録しています
コミュニティサイトで表示されている写真では メキシコシティのいくつかの地区 例えば ショチミルコでは 車のフロントシールに 薄い灰の層が覆われています
地理学者たちは,メキシコ中央地域を震撼した2017年9月のマグニチュード7.1の地震の後,メキシコの首都から南東72kmの場所にある火山の活動が増加しているのを観測した.
ドン・ゴヨという名前の火山は1994年から活動しています
独立の国民投票の記念日に警察がカタルーニャの分離主義者と衝突
抗議活動が警察と衝突し,数千人がカトルーニャ独立投票の"周年記念に 敵対する抗議に参加した.
仮面の分離派閥の集団が 襲撃を阻止した警官に卵と粉粉粉を投げつけ 観光客が混雑した街が 粉粉塵に覆われたのです
午後にはまた争いが起き 警察はゴム棒で 治安を保ちました
"忘れず 許さない"と 唱える独立党派と "スペインは生きよう"と 唱える統一党派が 何時間も対立した.
地方の報道によると,14人が 軽傷を負った.
独立を謳う熱狂的な地域では 10月1日の住民投票が 違法とされ
投票者は圧倒的多数で 離脱に賛成しましたが 投票率はかなり低いのです 投票をボイコットした大部分のユニオン主義者達によるからです
カタルーニャの当局によると 昨年 選挙区で投票を阻止しようとした警察の攻撃が 激しく衝突し およそ"000人が負傷しました
独立を主張するグループが 金曜の夜に街に集まって 国民警察への支持デモを 阻止した
阻止できなかったが 抗議は 進んだ途方に留まった
独立抗議の参加者の一人 電気工事士のナルシス・テルメス (Narcys Termes) は 68歳で カタロニアの独立は 実現していないと断言しています
は,人生で最高の時期を過ごしました.
両親が投票の機会に 喜びの声が聞こえてくるのを 見ていたけど 今のところは 終わりだ
去年の12月の地方選挙で 僅かな勝利を収めたものの カタルーニャの独立党は 今年,その勢力を維持することが困難になりました. その最も有名な党首の多くが 強制移住を決意し,あるいは 裁判で 判決を待っています.
警察支援デモを 携帯電話で記録した 42歳の修理工ジョアン・プイグによると 紛争は両側の政治家が 引き起こすと
緊張が激しくなる
交渉の開始を待ちにしていたカタリナ人指導者 オリオル・ユンケラスは 土曜日に欧州議会の選挙に参画すると発表しました
"私は,私が欧州の選挙に参画するとして,スペイン政府が代表する民主主義の価値と抑圧の貶め方を,最も強く否定できる"
ロンドンデリーで警察が3人の男を逮捕しました
警察は33歳,34歳,39歳の男性を 逮捕しました 彼らはロンドンデリーの家の中に 車で何度も押し入ったのです
事故は英国時間19時30分頃 バリナガード・クレセントで 発生した
ボブ・ブレミングス捜査官は ゲートと建物自体が 損傷を受けたと報告した
銃弾を撃った時もあれば 銃弾を撃った時もあれば
ゴルフでリビングストンが レンジャーズを10で倒した
ドリー・メンガがゴールでリビングストンの勝利を 保証した
リーグの初戦に新入したリビングストンは ランジャーズに驚きを投げかけました 敗戦の理由となったのは クラブの監督として18試合を過ごしてきた スティーブン・ジェラードでした
ゴルフのメジャーでゴールした ドリー・メンガが ギャリー・ホルトのチームと ハイバーニアンが 2位で決勝戦を争った
ゲラードは,このシーズンの スコットランドリーグで 客勝なしのままで, 来る日曜日,トップのハートと対戦します. 8ポイントで,
ランジャーズは木曜日に ヨーロッパのラピッド・ウィーンと戦います
リビングストンは 敗戦連続を6勝に増やし チームにはケニー・ミラーと 入れ替わるホルトが まだいない
リビングストンは,多くの状況を見逃した. 客のチームには, 欠点の試合が,
ホルトのチームは 試合で唯一のゴールになる前に リードを握っていたはずだが 攻撃的なプレーがレンジャーズに 問題を起こした
スコット・ロビンソンが 守備を突破したが 攻撃を余計に延ばし アラン・リトゴウが 球を横切った クレイグ・ハルケットの 球を狙った
チーム側はレンジャーズを 勝負に任せました 試合の場を固定したことで 客室を混乱させると確信していたからです
決勝ゴールはまさに このような状況から 生まれたものです
ランガーはフリーキスをして 守備の穴を見つけた リビングストンはデクラン・ガラガーと ロビンソンに チャンスを与えました
ランジャーズはこの時点で 守備の点で優れていたが 守備は破れず リアム・ケリーのゴールは 危なかった.
この傾向は試合の後半まで続きました 唯一の例外は ケリーのアルフレド・モレロスに 攻撃を免れる必要があったことです
スコット・ピットマンが ランガーズ・ゴーナーに 蹴飛ばされ リスゴウは リビングストンの 任意のキックを 誤った
横向きのボールがリビングストンの16番に連続して入ったが,守備は毎回打ち切った. 攻撃チームは2つのペナルティスを逃した.
素晴らしい試合を やってくれたリビングストン
トニー・マカロニのアリーナから アラスダール・ラモン BBCスコットランドの記者
リビングストンは 素晴らしいパフォーマンスをして 勝利を収めた
選手たちはそれぞれ 期待を上回る成績を上げました
選手の姿も 変わっていないけど ホルトの努力は 賞賛に値する 監督の到来以来 チームを盛り上げている
選手たちは最高の成績を上げました
ハッケット隊長は 防衛隊を組織し メンガはコナー・ゴールドソンと ジョー・ウォールトを 追い詰めた
レンジャーズは 概念を無くしてプレーした
ゲラルドの指導下で 順調だったとしても 今度は 順調になれなかった
最後の打撃は常に欠けていた 勝敗は1回しかなかった ランジャーズは中盤に転がり 速やかに復旧しなければならなかった
エルドアン,コーンでの混雑の歓迎
土曜日 (9月29日) のベルリンでのトルコとドイツの首脳会議は,好調で良い雰囲気で結ばれました.
エルドアンがNATO加盟国との関係を改善するために行った 分裂したドイツへの訪問の最後の日でした
双方の関係が悪化したのは 人権や報道の自由や トルコのEU加盟問題でした
エルドアン大統領は コロンへ行き 新たに建てられた巨大なモスクの オープニング式典に参加しました
ケルン市はトルコ国外で最大のトルコ人コミュニティを擁しています.
警察は治安上の理由を理由に 25000人の集会を 禁止しましたが 大統領の支持者は トルコの大統領に会うために 集まったのです
反対派が数百人,その中にはクルド人もいたが,エルドアン政権とドイツ政府がエルドアンを歓迎する決定に不満を述べた.
反対派のデモは 政治的分裂を象徴するものです ヒトラー大統領は ギリシャのトルコ系ドイツ人にとって ヒーローであり 他の人たちにとって 独裁者でした
デプトフォードで自転車に乗っていた車と衝突し,
バイクに乗った男が ロンドンで車に衝突して死亡
交通渋滞が激しいデフトフォードの ベストウッド通りとエブリン通りの交差点で 地元時間10時15分頃 発生しました
乗っていた人が停まった 乗組員は救出しようとしたが 現場での死因となった
この事故は 事故のわずか数ヶ月後 事故の現場から たった一マイル 離れたチルドース・ストリートで バイクに乗っていた人が 事故で死亡しました
ロンドン警察は 遺族に連絡するために 容疑者の身元を 特定しようとしています
道路やバスに 交通渋滞が起きています 道路やバスに 交通渋滞が起きています
ロング・ラートン刑務所: 暴動で6人の警備員が負傷
刑務所の管理者によると 警備員6人が 刑務所内での暴動で 負傷したそうです
ウォーチェスター郡のロング・ラートン刑務所で 暴動が起きたのは 日曜日の朝9時半で 今のところ 鎮圧は進んでいない
暴動を起こすために,警察は"竜巻"と呼ばれる特殊部隊を派遣し, 収容所内の一棟に8人の囚人を収容した.
特殊部隊の兵士は わずかな頭部損傷を 受けて 現場で治療を施しました
刑執行機関広報担当者はこう述べています "特別訓練を受けた監獄警備隊が ロング・ラートン刑務所の状況に 対応しています"
チームメンバー6人が 負傷し 治療を受けていました
刑務所では暴力は許されない 犯人は警察に 渡され 懲役刑を宣告されます
ロング・ラーティン刑務所は 500人以上の囚人を収容しています この刑務所には 国内で最も危険な犯罪者を収容しています
6月 刑務所の監長は 囚人の襲撃を受けて 病院で治療を受けたと報告されています
昨年10月にも 特殊部隊が 暴動を起こした際 囚人たちはビリヤードボールで 刑務所職員を攻撃した
フォニックス,ラスベガス,ソルトレイクシティに 洪水が襲いかかる恐れがあります (しかし, 乾燥した地域は改善される可能性があります)
アリゾナでは 熱帯の低気圧が 稀に発生しますが 来週の初めには 州内では 予想されるでしょう ローサ号の残骸が
連邦気象庁は水災警報を 発表しています アリゾナ州西から ネバダ州南東部まで そしてカリフォルニア州とユタ州南東部まで
フォニックス市を直行するハリケーン・ロザは 火曜日に到着し 月曜日の夜に 豪雨が降る見込みです
フォニックス市気象局はツイートして こう言っています "50年以来10回の熱帯風暴が フォニックス市内200マイル圏内で 発生した"
風が襲った地域は
ニュージャージー州 ニュージャージー州 ニュージャージー州 ニュージャージー州 ニュージャージー州
南西部砂漠の他の地域 (中部・中部・岩岳,大盆地など) は 25~50 mmの降雨が予想されますが,一部の地域では100 mmにもなります.
雨は 雨の脅威から 解放された地域を 救うことができるでしょう 地域は今 深刻な干ばつに苦しんでいます
洪水は深刻な脅威ですが 雨は南西部の 荒れ果てた地域にも 恩恵をもたらすかもしれません
合衆国 干ばつ対策局によると アリゾナ州の40%以上が 最低極度の干ばつ状態で 危険度2位にランクされています
ハリケーン・ロザはメキシコの 下カリフォルニア半島に 襲来する見込みです
引き続きハリケーンで 週曜日の朝に 時速135キロの風で メキシコのプンタ・エウジェニアから南へ 約600キロ 移動し 時速19キロで東へ向かいます
太平洋の海域では 嵐は冷たい海流に 遭遇し 力を失います
再びメキシコに侵襲し 午後から午後まで 熱帯雨天候となる
メキシコのいくつかの地域では 雨が多く降ると予想され 洪水の可能性が大きく増えるでしょう
平均的な降雨量は70〜150mmで ダウンタウンのカリフォルニアから ソーノラ州北西部まで 250mmの雨が降るという 予想が Weather.comのレポートに載っています
熱帯風暴の"Rosa"は メキシコを北向きに進むと 火曜日の朝 アリゾナ州に 接近し アリゾナを横切って 熱帯の気圧となり 火曜日の夜にはユタ州南部に 到達します
ローサと残骸がもたらす最大の脅威は ダウンカリフォルニア,ノースウェスト・ソノラ,そしてアメリカ南西部砂漠地帯で 異常雨が降るだろう,と 国家ハリケーンセンターは発表しました
雨は生命を脅かす 暴風や洪水を引き起こし 砂漠地帯や山岳地帯では 滑石が起こるのを 防いでください
ミッドソマーノートンでの襲撃事件で 4人が逮捕
13歳の少年と20歳の男性が 殺人未遂の容疑で 逮捕されました 16歳の少年が刺傷で 発見された後です
土曜の午前4時 地元時間 負傷した10代の少年が 発見されました ミドソマー ノートン エクセルシオール・テラスという街地です
少年は病院に運ばれて 安定状態にある
警察によると 17歳,18歳,2歳,20歳の男性が 夜中に逮捕されました ラドストック,アボン,サマーセットで
市民に電話番号を 連絡するよう要請しています
トランプは カーナウが民主党の 怒りと怒りを受けていたと
"カバナウGH判事に投票する人は 民主党の不寛容で 然とした政策に反対する人だ"と トランプはウェスヴァージニア州ウィーリングで 集会で言いました
トランプは,カバノの候補が民主党の怒りと 憤りを浴びたと訴えた.
カーナウは木曜日に議会で証言し クリスティーヌ・ブラシー・フォードが 少年時代に性的暴行をしたという主張を 断固として否定しました
フォードは証言で 証言の裏付けをしました
大統領は,その日,アメリカ国民に, カヴァナウの才能と勇敢さを, 目の当たりにしたと,
カーナフ判事の投票は 史上最高級の司法官の 投票であり 汚職のない公務員歴を 持っているのです
大統領は カーラタン・カヴァナウの 候補を提唱し 中間選挙で 共和党の投票率の重要さについて 語り
人生で重要な決断をするまで あと5週間しかない
別に出馬しないけど,基本的に出馬するよ
だから私は 候補者のために 行くんだ
トランプは民主党が 抵抗と妨害の戦術を 採用していると主張しました
共和党の顧問はCNNにこう言いました "カバナウの指名について 議会で最初の投票は 金曜日までに予定されている"
インドネシアで地震が起きた 洪水により数百人が死亡し 死亡者数は増加
洪水で多くの人々が 溺死し,少なくとも384人が 被害に遭ったという. インドネシアのスラウェシ島で 地震と津波が起きた.
夕方には18フィート近くの波が海岸に押し寄せ,多くの人を押し流し,その道にぶつかるものを全て破壊しました.
洪水は7・5の地震で引き起こされた
"昨日,洪水警報が発された時,人々は海岸に留まり,逃げ出せず,波の被害に遭った"とインドネシア災害対策庁 (BNPB) の広報担当者,サトポ・プールヴォ・ヌグロホー氏はジャカルタでの記者会見で語った.
川は車や木材や家々など 陸から引きずり下ろしたばかりでなく 津波は海面を 時速800kmで 襲いかかっていたと ヌグロホー氏は言う
洪水から逃げて木に登った人もいたそうです
およそ1万6700人が 24の避難所へ避難しました
災害の映像は,破壊された建物や商店, 歪み,崩壊した橋,水に囲まれたモスクを映し出しています.
土曜は,さらに余震が沿岸都市を震わせた.
地震は,人口約240万人を超える地域全体で 感知された.
インドネシアの技術評価・応用機構 (BPPT) は 金曜日の地震で放出されたエネルギー量は 第二次世界大戦で広島に落下された原子爆弾の 約200倍のエネルギー量だと言いました
広島は長い狭い湾の端に位置し 地理的な特徴が津波の影響を 増幅させた可能性があると 広島庁は付け加えた.
ヌグロホーによると 被害は "重大"で "数千の家屋が破壊され 病院やショッピングモールやホテルが 崩壊した"
複数の死体が 崩壊した建物から発見されたと 彼は言いました 負傷者は540人 さらに29人の捜索中
ヌグロホの声明によると,パルから300km (190マイル) の沖合にある,ドンガラという地域では,地震の発生地から近いので,被害者の数も,被害額もさらに大きいと推測されている.
通信は完全に停止 ダンガラからの情報は得られませんでした
"30万人以上の人々が暮らしている"と 赤十字の声明で述べています 組織の専門家やボランティアが 災害地域へ向かっていると発表しました
悲劇的な状況ですが もっとひどい状況も 予期されています
警報は警報が発信された時 波が岸に届いたと 管理局は指摘した.
コミュニティーで共有されている 素人映像には 一人の男性が 建物の上階から 絶望的な叫び声で 洪水が近づいていることを 警鐘を鳴らしているのが見られます
数分後 巨大な水面が 岸にぶち当たる 車が 建物も 流れてくる
ロイター通信は この映像の 正確さを確認できていません
震災と洪水により パラウ周辺の 通信が停止し 緊急事態の調整が困難になりました
軍用輸送機が ジャカルタや他の都市から 支援物資を運び出しましたが 避難した住民は 食料や生活必需品を 緊急に必要としています
空港は救急支援のためのみ開設され,その他の目的のためには10月まで閉鎖されます.
首相は,日曜日に, プールの避難所を 訪れることを計画しています.
インドネシアの洪水で800人以上が死亡
状況が悪かった
ワールド・ビジョンのチームは,ドングラからパルー市へ安全に到着し, 従業員は事務所の庭に設置されたテントの屋根の下に避難したが, 途中で恐ろしい破壊の痕跡に出会った,と,ドセバは述べています.
壊れた家が見えたと 言った
状況が悪い
援助チームが災害対策の準備を進めていた間, この分野に長年の経験を持つ外国の専門家がパルルに赴けないと 苦情を述べた人もいました.
インドネシアの法律では 災害が起きた場所が 災害地域と宣言された場合にのみ 海外からの援助物資や救援物資や スタッフを許可します
起きなかった
"この事件は 省庁レベルの災害として扱われ続けている"と インドネシア赤十字の広報担当者の アウリア・アリアニは述べています
 政府が国家規模の災害だと認めれば 国際救援隊を 入れるが 今のところ 発表はなし
金曜日の地震と洪水後の2日目, 遺族の友人や家族は, 遺族が自然災害のニュースで暗い雰囲気に光を当てて, 奇跡的な救出を望んでいた.
土曜の救援活動で 小児が運河から 引き出された
日曜日,作業員が 遺体の横で2日間 瓦に埋もれた女性を 救うことに成功しました
インドネシアのスケート選手団のコーチであるGendon Subandonoは,今月初めに終了したアジア競技大会の準備を完了させた.
失踪者以外にも,他の生徒も ロア・ロアホテルに閉じ込められた. その中にはマンダギもいる.
経験は重荷を重く感じました
ゲンドンは,ロア・ロア・ホテルの崩壊のニュースが 滑走者たちに広まると, ワトスアップで何時間もかけて, 絶望的に, の海辺のフェスティバルに参加していた 競技者たちに連絡しようとしていたことを思い出しました.
メッセージの横には 2つの青いピールの代わりに 灰色のピルが付いていました
"これはメッセージが 送達できないという意味だ"
ニューポート・オン・ザ・リーヴィーで 自動預金機を充電中2万6千750ドルが盗難
金曜日の朝 ブリンクス社の従業員から26,750ドルを盗まれた ニューポート・オン・ザ・リーヴィーショッピングセンターの ATMで現金を充填していた
貨物車の運転手は 娯楽センターの自動自動預金機を空けて 追加紙幣を入れる準備をしていました "と警視庁のDennis McCarthyは 声明で述べた
ブリンクス社の従業員が 仕事に忙しくしていた時 横から男の人が近づいてきて 準備した財布の1つを盗んだ
容疑者が逃亡した様子が 確認されたが 容疑者の数は不明だ
犯人の身元について 情報を希望する方は ニューポート警察に 連絡してください 859-292-3680
ウェストは"Y"に名乗る
ウェストは"Ye"と改称
ツイッターで"この人はかつてカニエ・ウエストと呼ばれていた"と投稿しました
41歳のウェストは"Ye"と 呼ばれていました 6月にリリースされた8枚目のアルバムにも
名前変更は"Saturday Night Live"の直前で発表され,新作『Yandhi』のリリースも予定されている.
アリアナ・グランデの代わりとして出演する番組で "感情的な理由から" "出演を中止した"
名前を変えたのは 単にラッパーの現在の芸名に 縮約しただけではなく ウェストは以前から 宗教的な意味をもっていたと 明らかにしていた.
"イエス"は聖書の中で 最もよく使われている言葉です "イエス"は聖書の中で 最もよく使われる言葉です "イエス"は ウェストが以前
 だから私はあなたで 私は私たちで 私たちは皆同じ
"Kanye"は"唯一"を意味し "Ye"は"Y"に 変身しました 善と悪,混乱と全てを意味しています
本当は僕たちが誰なのかを 反映しているんだ
名前を変えたいという 著名なラッパーの一人
ショーン・コンブスは以前は"Puff Daddy" "P. Diddy" "Diddy"という名前で出場していましたが,今度は"Love" "Brother Love"という名前で出場することを決定しました.
ウェストの元コラボである JAY-Zも 名前を大文字か 単字で書くか 変えてきた
メキシコの大統領は 市民に対して軍隊を 投入しないと誓いました
血のを浴びた学生のデモの50周年を迎える メキシコの大統領Andres Manuel López Obradorは 市民に対して軍事力を決して使用しないと約束しました
ロッペス・オブラドールは土曜日,タタロルコ広場で, 軍隊をメキシコ国民を抑圧するために使用しないことを約束しました.
1968年10月2日, 広場で軍隊が 和平デモ参加者に対して 銃撃を仕掛けた結果, 約300人が死亡しました.
ロッペス・オブラドールはメキシコの若者たちに 学生に月額給付を与え 更に多くの無料の公立大学を設立する計画を立てました
失業と教育の欠如が 犯罪組織に 引き込まれている若者の2つの要因だと 論じたのです
米国はAIソリューションの 資金調達を倍増すべきだ
中国がAIの研究開発に 積極的になるにつれ アメリカはAI研究への支援を倍増すべきだと 投資家でAIソリューションの担当者であるKai-Fu Lee氏は言います
アメリカ政府は人工知能に関する 発表を発表した後も 発言を繰り返しました アメリカには人工知能に関する 公式な戦略はないにもかかわらずです
一方 中国も関連した計画を発表しました 2030年までに世界一の AI開発国になるという 目標です
リー氏は"AI研究費の倍増は 適切なスタートアップだ"と強調し "他の国は全てアメリカに落差しており AIの次の突破はすぐ近くにある"と強調した.
投資を倍増させれば 人工知能の分野における 将来の大きな一歩を 進める可能性も倍増する とのことです
リー氏の本"AI スーパーパワーズ: 中国,シリコンバレー,ニューワールドオーダー"が今月発売されましたが フォーチュン・ミフリン・ハーコート氏が担当しています 彼はシノベーション・ベンチャーズの CEOで中国でもっとも有名な AI 企業であるFace++の 投資を担っている人です
1980年代はカーネギー・メロン大学で 優秀なアメリカのオセロ選手を倒したAIの 開発をしていました その後はマイクロソフト・リサーチの 経営責任者となり Google中国部門の社長にもなりました
リー氏はDARPA Robotics Challengeなど 政府の先行した技術コンテストの成果を 称賛し 次回開催される機会を尋ねました 将来の創造者たちを 探す機会としてです
リー氏は,米国の研究者は研究費を賄うために 政府の資金を得るために 苦労する傾向があると述べた.
"中国が科学の枠組みを 奪っているのは中国ではなく 大企業だ"
FacebookやGoogle その他のテクノロジー企業は 過去数年間にわたり 大手大学の教授を AIに雇っています
移民政策の改革は 人工知能の分野での アメリカの取り組みを 大きく助けると リー氏は言っています
博士号を持つ人は 自動的に 緑のカードを 取得すべきだと私は考えています
2017年7月,中国国務院は次世代AIの開発計画を発表した.
中国国立科学基金はアメリカの国立科学基金 (NSF) や他の政府機関がアメリカの研究者に寄付しているのと同じ方法で 学術機関のスタッフに補助金を支給していますが,中国の学術研究の質は低いとリー氏は説明しました.
今年 アメリカ国防省は 共同人工知能センターを立ち上げ 業界と学界の専門家が 協力し合えるよう 活動し ホワイトハウスは 特別委員会を立ち上げると発表しました
今月DARPAは AI Nextというイニシアチブに20億ドルを投資しました
年間"億ドルの資金が 提供されています
一方 米国議会は 国防諜報委員会を 設立する計画を立てましたが 何ヶ月も この問題に取り組むことに 進みませんでした
マケドニアでは国名を改名する国民投票が行われる
マケドニアの住民は日曜日の国民投票で 国の名前を"北マケドニア共和国"に変更するかどうかを投票しました これはギリシャとの何十年もの対立を解決したことで ギリシャのEUとNATOへの加入を阻止しました
ギリシャは北の隣国のマケドニアが ギリシャの領土に 要求を意味すると主張し,これまで,この国のNATOとEU加盟を 拒否してきた.
ギリシャとマケドニアの両政府は 6月に 国家の新しい名前について合意したが 民族感情の反対派は 名称変更はマケドニアの主にスラヴ人の民族的アイデンティティを 損なうだろうと主張している.
ジョージ・イバノフ大統領は 国民投票に参加しないと宣言し, 選挙をボイコットするキャンペーンが開始され, 国民投票に必要とされる50%の投票率を達成できるかどうか 疑問に思われるようになりました.
投票用紙には"NATOとEUへの加盟を支持するか? ギリシャとの協定を承認するか?"と書かれています.
首相のゾーラン・ザエフが主導する 名称変更の支持者は ユーゴスラビアの破綻から立ち上がった マケドニアがEUとNATOの 加盟国になるために 支払われるべき代償だと主張しています
国の将来を決めるために来ました 国の若者が欧州連合の保護の下で自由に生きられるようにするためです それは私たち全員にとってより安全な生活をもたらすからです
国民投票は法的拘束力はないが 投票結果が自分たちにとって 拘束力があると 十分な数の議員が表明した.
名称変更には 議会の3分の2の賛成が必要です
州立選挙委員会によると 投票日の1時まで 選挙の不正が 報告されていなかったと
しかし,投票率は16%で, 2016年の総選挙では34%だった (最終投票率は66%だった).
"私は子供たちのために投票した. ヨーロッパは我々の場所だからだ"と首都スコーピで投票した62歳のジョゼ・タネフスキー氏は語った.
ゾラン・ザエフ,マケドニア首相,妻のゾリカ,息子のドゥスコは,EUとNATOへの加盟を 目指す国名変更を賛成した投票を 2018年9月30日に行われたシュトルミカの投票で行った.
スコップイの議会の前に ヴィラディミル・カヴァダルコフ (54) が 座席やテントを設置し 投票をボイコットした人々のために
"我々は,この国のNATOとEUへの加盟を支持しますが, 誇りを持って,高ざく参加したいのです. カーバダーコフは, "それは,カーバダーコフの家門を通ってではなく"と言いました.
貧しい国ですが 尊厳を失っていません
受け入れられないなら ユーロの統合の一環として 中国やロシアに 頼むこともできます
ザエフ首相は,NATO加盟は, 失業率20%以上で困っているマケドニアに, 必要な投資をもたらすだろうと述べた.
"私は,国民の80%以上がEUとNATO加盟を支持しているので,多数派が我々の主張を支持するだろうと思う"と,投票後にZaevは言った.
選挙権は 国家の未来を保証するものだとも言っています
投票率は30~43%で 必要な投票率より低いと予想されています 投票率は3月2日 (月) に 投票した2人のうち3人が投票した結果です
ギリシャのテレビ局Telma TVの調査によると 投票率は57%と予想されています
投票に行きたい人の70%が"はい"と答えました
国民投票が有効になるには 投票率が50%以上で 投票者数が"票以上で 投票しなければならない
国民投票の無効は 去年5月に政権を握った 西側支持政権にとって 最初の大きな打撃となるでしょう
ビデオ: マンチェスター・シティの セルジオ・アグエロが ブラヒトン防守を抜き ゴールに
セルジオ・アゲーロとラヒム・スターリングが ブライトンの守備を徹底したことで マンチェスター・シティは2対0で勝利しました
アグエロは65分で ゴールを決めた まるで世界一品目の 楽なことだかのように
アルゼンチンのタタッダは 攻撃の第一歩として 中央からパスを受け
3人のブライトンの守護者の中を抜け出して 野外へ出た
青い裸がアゲロを囲んで
守備を撃ち抜いた 更に多くの 走りをして ブリトン16番に近づいた
そして,スターリングがやって来るのを見せて
イングランド選手は16番の アゲローに強制して 試合を終えた アゲローは右足で ブラトンのガードである マシュー・ライアンを右に撃ち 試合終了
"アゲロは足に問題がある"と マンチェスター・シティの 監督ペップ・グアルディオラは 記者団に語った
55は60分までプレイできるという 合意がありました
そして それが実現しました
幸運なことに ゴルフがゴールした
スタートの先導権を ステリングのアクションで奪った イングランドチャンピオンズ戦で
29分にゴールができた
アグエロはブラートンズで 素晴らしいパスだった
美しいクロスボールを左端のレロイ・サネに向けて
サンはボールで 長い試合を前に スターリングを蹴飛ばした
試合の試合で ブルースはゴールに 突っ込めるだけで ベースラインから 滑り出しました
シティは12時55分から火曜日 チャンピオンズリーグの試合を ドイツのシンシュイームにある ライン・ネッカール・アリーナで ホッフェンハイムと対戦する
シュルザーはロッキーを 困らせようとしています
ナショナルズは シーズン2の予選を 逃したので 努力する理由が ありませんでした
競争心が強いシュレッサーは 日曜の試合を楽しみながら 待っていますが 試合相手のチームが リーグ戦で勝ち点を取れば 決勝は決まる
ロッキーズは金曜の夜に ナショナルズを5対2で倒し 慰安婦の座を確保した しかし,彼らの第1リーグの優勝は 待たせられていません
勝てないとしても デンバーの観客と チームの雰囲気は 年間最高に期待される
絶対そうしたいんだ!
ナショナルズが 選手の選出を 待ってるんだが ニュースによると この状況では シェルザーは ドラムを叩く
シュルザーンは木曜の練習で 投球をしていましたが 休日日である日曜は 34回目の投球をします
ワシントン出身の右手が 今シーズンは18-7 打撃の良い 打撃の良い 打撃の悪い
選挙戦を繰り広げているトランプ大統領
共和党の投票が 重要なことを強調した際 司法長官候補者のブレット・カヴァナウが 発言しました
今までの成果が11月に 危機に晒される
人生の重要な決断から たった5週間です
"私自身は出馬していないが, 基本的に出馬している. だから,私はあらゆる場所に行き,最高の候補者を支持する"
トランプは"民主党の過激派集団が ひどいことをしているのを見ることができれば 国民が目で見るだろう"と
権力を取り戻すために 手段を講じようとします 邪悪で卑劣な態度です
権力を持ち 支配する為に 傷つけられたり 打ちのめされたりするのは 重要じゃない
民主党は抵抗と妨害を 推進している
民主党は怒っている 悪い 卑劣で 嘘つきだと言われて
民主党のダイアン・フィインスタイン上院議員を 呼びました 議会法務委員会委員で 抗議の声は高まりました
は言ったことを覚えているか?
文書を漏洩した?
ええと,何ですか?
違う 違う 待て ひどいボディスピーチで ひどいボディスピーチだ
労働党はもはや 多様性を支持していない
意見の共有を許さない
党内活動家たちが 検閲を決めたのは 驚くことではありません
労働党の議員の列に 載っているのは私だけ 単に自分の考えが 発言されているからといって 歓迎されないという立場に 立つべきだと 告げた人たちです
反対派の反ユダヤ主義を 強く支持したジョーン・ライアンの 議員も同様な扱いを 受けました
私の場合 検閲官は ジェレミー・コービンと 意見が合わないのが嫌でした
国民安全保障や欧州の 責任ある経済政策の重要性について 皮肉なことに ジェレミーは以前のリーダーと 意見が分かれていたのです
"金曜日の労働党の集会は 温かくて生産的な会"と 呼び掛けられた
労働党の地方代表として8年間 過ごしてきた中で  cumaの夜のお集まりは まさにこんな感じでした
しかし残念なことに 声の調子が変わり 穏やかで礼儀正しい 政策の約束は 忘れ去られたのです
労働党は 意見の異なる方に対して 寛容な態度をとらず 意見は 党の指導部に受け入れられるか否かによって 判断されるようになっています
この傾向は ジェレミが党首になった直後から 始まったものです 政治的立場に 共通していると思う同僚が 最近 私に個人的意見を捨てて 国民安全保障問題や 欧州の統一市場など 絶対に賛成しないような 立場を取るように 求めています
私が公の場での演説をすると― 発言の内容がどうであれ― ソーシャルメディアで 非難され 辞任を求めたり 党の中間政策を批判したり 労働党に所属すべきでないと 言われたりします
これは私だけではありません
政治家として 発言する方が多いので 幸運にも私は 政治家として 発言する方が多いのです
政治家たちの 専門的精神と決意に 驚かされます 彼らは毎日 セクシュアリスティック・ レイシスト的攻撃に 立ち向かいますが 逃げません
現代の政治の最も悲観的な側面は このような規模の攻撃が 常態になっていることです
先週,ジェレミー・コービンは 労働党が寛容の文化を 育むべきだと発言しました
しかし現実には 党の多様性は 捨て去られ 信頼を損ねる運動や 選挙規則の修正によって 党内の人数は 減っていきます
ここ数年 多くの人が私にこう言っています "落ち着いて 喋らないでくれ そうすれば大丈夫よ"
でも私は政治を始める理由ではありません
32年前,私は学生の頃, 労働党に所属しました. それは,私が,サッタリー政権が 学校を無視したことに,
私は政治の立場を 隠したことはありませんし 選挙の際もそうでした
ノッティングハム・イーストの メンバーは皆 私の立場や 指導者たちと 意見が違う点について 明らかにしていました
金曜日に投票した皆さんに 伝えたいのは この状況で 国がブレグジットに向かっている時 家庭だけでなく 企業や公的機関も 被害を受けるだろうということです 私は なぜ私が労働党のリーダーへの 忠誠心を疑うのに
しかし,私の最も重要なメッセージは, ノッティンガム・モメンテムのメンバーではなく, 投票者, 労働党のメンバーであるかどうかにかかわらず, 私は,あなたに奉仕することを誇りに思います. そして,私は,いかなる 脅しも,政治目的の脅しも,
クリス・レスリー ノッティンガム・イースト議員
Ayr ベルローズ 3817 Ayrが勝利を収める
2つの遅れた試みは, 試合の結果を変えたが, 間違いなくアイルの勝利は, ティーンエンス・プレミアで, 楽しかった.
チームは今,トップ10で 唯一の無敗チームです
素晴らしい防守と 素晴らしいポジションアップで 勝利を収めたので チームとコーチの 満足の度が高くなります
"これまで 試合で多くの挑戦をしてきたが 負けずにいることは 幸せになる理由だ"
"メルロースの選手ロビン・クリスティは" "我々は,エイアが我々より 優位にプレーしたことに 気付く必要がある"
グラント・アンダーソンの14分での試みで,フレザイがクリモに得点を送ったことで,アイルは優勢になった. ウォリアーズのローリー・ヒューズに与えられた試合で,メロローズは差分を補うことができたが,ジェイソン・バゴットの試みで得点はなかった.
クリモは,ミールでアールの守備を 罰せ,そして,ミールで, 独りで得点,
メルローズは2回目の半戦でパトリック・アンダーソンの出撃でバグを売り チームを5ポイント引き下げました
試合は長い時間停止し ルアーヒド・ノットが重傷を負って 球場から外された後 アイルはスタッフォード・マクドワールの 挑戦により優位をさらに高めました クリモの協力により 勝利を収めたのです
アイルの船長であるブレア・マクファーソンも 黄紙で逮捕され ブルース・コルヴィンの実験を阻止し プレッシャーを軽減しました
国内チームが再び追いつき始めた ストルーアン・ハッチンソンが 球を投げずにクリモを倒したことで 黄板を取ったとき マクファーソンは 罰則線からタッチダウンして
クリモは売り切れました 再びスタートした直後 再びカイル・ロウが デビッド・アームストロングのハイキックを落とし グレゴール・ヘンリーを 引き抜けて5回目のホームショットに 追い込んだのです
"スティル・ゲーム"の主役が 飲食業界で新たなキャリアを
"スター・オブ・スティール・ゲーム"のフォード・キエランが 飲食業界を リードする見込みです
56歳の俳優のジャック・ジャルビストは 古いコメディアン仲間のグレッグ・ヘムフィールと 共同で執筆し 演じるBBCの人気シリーズで
結末の9年目になると 発表され キーアンは クレイグラングの 後の人生を 計画しているようだ
公式記録によると 彼はアドリフトモーン・リミテッドの 取締役になった
俳優はコメントを控えたが スコットランド・サン紙の情報筋は キーアナンが グラスゴーのホスピタリティ業界を 儲けようとしていると指摘した
海洋は我々のものだ 沿岸のないボリビアは 太平洋への航路を再開することを期待している
海兵隊がラパスの 帆船で飾られた海軍司令部の 周辺を巡回しています
セントラルパークには 青の旗が掲げられています
海洋基地はチタカカ湖からアマゾンまで 海洋の権利という 格言を掲げています
奪還する義務がある
沿岸部のないボリビアでは 19世紀の資源争いで 血まみれに奪われた海岸の 記憶が残っており 太平洋の波を再び 呼吸したいという熱い願望が 強く残っています
この期待は 何十年も続く 議論の末,ボリビアが5年分の10月初日の 判決を待ったことで,今度,おそらく何よりも強くなりました
"ボリビアはボールを手にし 結束と平和の精神を人々に伝え ポジティブな結果が期待されている"とボリビアの外交官 ロベルト・カルザディラは言いました
裁判所の判決を 熱心に受けているボリビア人の多くは 裁判所がボリビアを支持すると期待し チリが何十年も 破局的な立場を取ってきた後 交渉の席に座り ボリビアが海へのアクセスを 獲得することを 約束する
ボリビアのカリスマで原住民の エボ・モラレス大統領には 論争の多い選挙戦が待っていますが 来年の再選で 負けることは多いでしょう
"太平洋に戻るのに 近い" "8月末に発表しました"
しかし,一部の分析者は,裁判所がボリビアに有利な判決を下すとは考えず,もしそれがボリビアに有利な判決を下すとしても,状況が大きく変わるとは考えません.
オランダの国連委員会は チリ領内の領土を 裁く権限を 持ておらず 交渉の最終的な結果に影響を与えることはないと 約束しています
判決が下されてからわずか6ヶ月で,国際裁判所の判決が下されたことは,この事件が複雑ではなかったことを示している,と国際法に関するチリの専門家,パズ・ザラテは言う.
この4年間は ボリビアの 進捗を助けただけでなく 逆もした
 海洋への出口は現在のボリビア政府によって の目的のために利用されました
モラレスの反逆的な言辞は 智利の残りの部分の 善意を 失わせました
ボリビアとチリは 交渉を続けるでしょうが 交渉を始めるのは 非常に困難です
1962年以降 両国は大使を互いへ派遣していない.
裁判の速さには異議を唱えた 裁判長であるEduardo Rodriguez Veltzeは 裁判所の速さには異議を唱えた
チェリとの関係を切り開く機会と, 139年の紛争を解決し,両国とも良い結末をたどるチャンスです.
カルザディラは,モラレスが,まだラテンアメリカで最も人気のある大統領で, 海上の論争を,政治的利益のために利用したことも否定しました.
"ボリビアは太平洋への権利を放棄することは決してない"
裁判は,過去を乗り越えるための機会です.
北朝鮮:アメリカを信頼できるまで 核の撤廃はしない
北朝鮮のリ・ヨンホ外相は,北朝鮮が最初に核兵器を 廃棄するのは,アメリカが信頼できないことだ,と発言しました.
リー氏は土曜日に国連総会で演説しました
敵対する国の首脳がシンガポールで 約束したことを 守れとアメリカに訴えた
声明は,マイク・ポンペオ米国外相が, んだ核交渉を 再開したかの兆候が, 明らかになったことと, 交わさった3ヶ月後, シンガポールでの北朝鮮の指導者, キム・ジョンソンとの会合.
リー氏は,米国による制裁と,朝鮮戦争の終結宣言の妨害が,北朝鮮を屈服させるのに十分だと信じることを拒んだ.
ワシントンは,ペンヤンが 軍事解除に向けて 重要な措置を講じなければ,声明の承認を控える.
金正恩もアメリカ大統領 ドナルド・トランプも 新しい首脳会談を望んでいます
しかし, 広範囲にわたる懐疑論は, 軍縮の決意に, ペンジャンの懸念が, 国家の安全保障が唯一の鍵であると見なされている.
ポンペオは来月 ペンジャンを訪れると 予想されているので 2回目の金-トランプ首脳会談の準備を 進めています
パリのファッションショーで 巨大なヘッドカバーが登場し すぐには高級ブランドの店にも 登場する
帽子コレクションを広げたり 完全に太陽を遮ろうとするなら 探す必要はありません
ヴァレンティノとトム・ブラウンは 2019年の春夏のコレクションに 超大型のヘッドカバーを展示し パリ・ファッションの スタイリストの観客に 熱烈に歓迎されました
この夏のインスタグラムでは 実践的でない帽子が話題となり 上記のデザイナーが 注目される作品を展示しました
ヴァレンティノの最も見事な作品は ペンのような広いカーミで飾られた 誇張されたベージュの帽子で モデルたちの頭部が ほぼ完全に 吸収されていました
巨大な道具には 宝石で飾られたギリシャのや 魔法の帽子 そしてアナナスが付いていますが 本当は人の頭を温めるために デザインされたものではありません
更にトム・ブラウンは 奇妙な仮面のコレクションを用意しました ハロウィンの前です
色鮮やかな仮面は 口が縫い合わされ ハンニバル・レクターを 思い出させる 高級ファッションを 思い出させる
ダイビングマスクのようなものが 配備されていて 眼鏡とパイプが付いていて もう"つは 溶けたフライド缶の 氷の形をしたものでした
素晴らしい作品が気に入ったなら 幸運な人だ
スタイルの専門家によると 巨大な帽子は 格好の服屋へと 流通しているようです
超大型帽子は"La Bomba"が 踏んだ道をたどり の枝は2センチで の枝は リーハンナから エミリー・ラトヤコフスキーまで
コミュニティーサイトを 圧倒する 実践の欠けの帽子の 裏で 立ち上がった ブランドは 路上に新しい 作品を展示しました ストローのビーチバッグです ストローのビーチバッグは 泳ぎ着のモデルとほぼ同じ大きさです
暗いオレンジのラフィア袋は で飾られ 上に白い革の柄が付いており 2019年の春夏のラリビア・コレクションの 傑作の一つでした
"来年の夏には 巨大帽子やショートバッグが 格好いい店で売られることを期待している" "デザインはみんなから 素質的な印象を 引き出している"
ジョン・エドワード: 言語は世界市民にとって不可欠なものです
優れた成績を誇るスコットランド独立学校は 伝統的に優れた教育を 提供してきた. 2018年には 試験成績が上がり,スポーツ,芸術,音楽,その他のコミュニティー活動における 個人の成功や集団の成功が 強化された.
スコットランドでは3万人以上の生徒が 独立学校で教育を受けています この組織はスコットランド独立学校評議会 (SCIS) により 代表されていて 学生や親に最高の教育を提供することに 努めています
独立系学校は 学生を教育や高等教育や 職業選択や 世界市民としての地位に 備えるよう努めています
独自のカリキュラムを設計し導入する 機会がある教育分野では 現代言語は 引き続き人気で求められている課題であることが 明らかになっています
ネルソン・マンデラが言いました "人の言葉を理解できる言語で話すと 言葉が頭に届く"
でも,その人の言語で話すと, 心の底に触れるわ.
これは重要な教訓です なぜなら 外国人と関係を築き 信頼を築くためには 英語を 頼りにしなくてもいいからです
試験結果から 独立校の生徒たちが 外国語で最高の成績を 挙げたことがわかります
外国語を学ぶ生徒の68%が A以上 (85パーセント以上) を取得しました
SCISの74校から集めたデータによると 学生の72パーセントが中国語でA以上を卒業し ドイツ語では72パーセント フランス語では69パーセント スペイン語では63パーセントA以上を卒業しました
これらの結果も,スコットランドの独立学校が外国語を,子供や若者が将来必要とする重要な知識として認識していることを裏付けています.
言語は自然科学や技術 工学や数学と 同じくらい重要な 選択科目になりました 独立系学校でも普通学校でも
英国雇用・職業訓練委員会が 2014年に行った調査によると 雇用主の17%が 職務の空白を補うのに 言語能力の欠如が原因だと 答えています
言語能力は若者がキャリアを 築くために必要不可欠なものになっています
外国語を話すことが仕事で求められる人が 増える中,グローバル化が進む世界では 言語能力が不可欠です
職業がどうであれ 外国語を学ぶことは 確実に人生に役立つ 経験になるのです
複数の言語を話すことで 競争の優位性を獲得できます
2013年に YouGovが英国で 4000人の成人を対象に実施した調査では 75%の回答者が会話に適うほど 外国語が話せなかったと答えました 回答者の10%以上 (15%) がフランス語しか話せなかったのです
だから,今から子どもの言語教育に 注目することが大事です.
発展途上国の言語を 話すことが 子供たちの手に ツールとして 与えられれば 大人になって より重要な仕事に就く機会が 増えるのです
スコットランドでは学校ごとに 異なる言語が 教えられます
クラシック・モダン言語を中心に 学校を設置し,2020年までに英国にとって重要な言語となる マンダリン語や日本語を 教え始める学校も増えるでしょう.
興味のある分野に関わらず 選択可能な言語を学ぶことができます 専門の教師の訓練を受けられます
スコットランド独立学校は 未来がどんなものであれ 子どもたちが成功するために必要な 技能を備えて備えるような 学習環境を子供たちに提供することに コミットしています
言語は国の将来にとって 極めて重要であり 教育にも反映されていなければならないことを 容易に理解できます
実際には,近代言語の知識は国際コミュニケーションのスキルとして扱われるべきなのです.
独立した学校はスコットランドの若者に 選択肢や多様性,質の高い教育を提供するものです
絶対にそうなる
スコットランド独立学校協議会の会長 ジョン・エドワード
レブロンはサンディエゴで ラッカーズと試合をします
待ち受けているファンは ロサンゼルス・レイカーズの レブロン・ジェームズを 目の当たりにすることでしょう
レイカーズコーチのルーク・ウォルトンが発表しました ジェームズはサンディエゴで プレシーズン開幕戦に 登場すると
どれだけ時間を過ごせるかは 明らかではない
"より多く"より少なく48"と ウォルトンは Lakersの公式サイトに書いています
レイカーズのマイク・トルーデルは ツイートで ジェームズ選手の 期間限定の出場が予想されていると
練習の後 ジェイムスはラッカーズの 予備戦6試合の 計画について聞かれました
"この時点で 予備シーズンの試合で 準備が整っているわけではない"
トランプのウエストバージニア選挙運動とYouTubeチャンネル
ドナルド・トランプは西バージニア州ウィーリングで 今夜 選挙戦のイベントを 始めています
これは来週開催される 5つのイベントの"つで 支持するテネシー州とミシシッピ州なども含まれます
連邦最高裁判所の 裁判所の議席を 補足する候補者を 承認する投票が延期された今 トラップは 次回の 半期の選挙で支持者を集めようとしています 共和党が11月の 選挙で 議会を支配する力を失う恐れがあるからです
トランプのウェストバージニアのイベントは いつから? オンラインでどう見られる?
トランプの演説はウェースバージニアの ウェリングで開かれる予定で 2018年9月29日 (土) 7時 (EST) で始まる
ウェストバージニアでのトランプの集会は YouTubeのライブ配信で オンラインで視聴できます
性的虐待の疑惑が 特別に激しくなった今週の 最高裁の候補者 ブラット・カヴァーノの 聴聞会も 影響する見込みがあり 議会の承認投票は FBIの捜査が続く最長"週間 休止とされています
共和党の選挙前に 手を貸すためだ
トランプの選挙担当者は 共和党が 議会と上院の 優位を維持し 増強しようと 投票者や支持者を動かすために 来週の5つのイベントを 計画していると 報告しています
議会の運営を握る事が 政治的計画にとって非常に重要で 大統領はできるだけ多くの州を 訪ねて 選挙活動を行う予定だ
ウェスバンコ・アレナで今夜開催される ウェスバンコ・アレナ・ウィリングの 開催はオハイオ州やペンシルバニア州から 支援者が集まる可能性があり
土曜日はトランプが ウェストバージニアに訪ねた2度目の機会です 2016年の選挙で 勝利率の40%以上を獲得した州です
トランプは,共和党参議院選の候補者パトリック・モリスィを 支援しようとしています.
"大統領自身が 投票で投票率を上げようと していることは 良くない兆しだ"と 西バージニア大学の政治学者のサイモン・ヘイダーは ロイター通信社に
2018年ライダーカップ:アメリカチームは,希望を生き生きに保つために, 日曜日の試合の前に, 肩をすくめて戦っています.
3つの1勝の試合の後, 午後4試合で, ライダーカップが 強く必要だった.
運と勢いが 運動の概念を 揺らぎ回っているのに 選手はそれを信じてる 特にライダーカップのような大会では
じゃあ,誰がボールを手にしているの?
勝った6点で4点の優位だ 勝った4点で勝った 勝った4点で勝った 勝った4点で勝った
もちろん4ポイントはヨーロッパがリードし 12ポイントは獲得できる
スパイエスはこう言います "アメリカ人は 裏を少し伸ばした気分だ" "そして多くのものから 励ましを借りられる" "その中の一つは スパイエスと ジャスティン・トーマスが" "一日中一緒にプレーし
スピースは,打席から穴まで 間違いないプレーをして, 模範的な成績を上げました.
ゲッバーの勝利の叫びは ターンを進めるにつれて 大きくなり ターンを進めるにつれて ターンを進めるにつれて 大きくなり ターンを進めるにつれて ターンを進めるにつれて ターンを進めるにつれて ターンを進めるにつれて ターンを進めるにつれて ターンを進めるにつれて ターンを進めるにつれて ターンを進めるにつれて
決定的な試合は 15番のフットボールで 観客に期待を 誘うような歓声で終わります
"自分の中に深く掘り下げて 自分の試合を考えるしかない"と Spiethは言う
選手が期待していること
18穴は チャンスだ
この2日間で スピースとトーマスより ポイントを集めたのは ランチェスコ・モリナリと トミー・フリートウッド でした
奇妙な,愛らしいカップルは 4勝4敗で 失敗は許されないようです
モリウッドは,土曜日の午後,土曜日の朝,金曜日の午後,金曜日の朝の9段で, 超えなかった唯一のカップルでした.
このシリーズと 観客の声で 観客の声で 観客の声で 観客の声で 観客の声で 観客の声で 観客の声で 観客の声で 観客の声で 観客の声で 観客の声で 観客の声で
勝った方が良いのは 複数の穴を 勝った方が良い
しかし,ヨーロッパ人の勝利を祝うのは早すぎる.
バッバ・ワトソンと ウェブ・シンプソンは 速やかに 処刑した セルジオ・ガルシアは アレックス・ノレンと 試合を共にしていた
シュウェーデンとスペインは 9ホールで2回打って2回打って2回打って 勝ち抜きもできない 波の谷に追い込まれました
でも土曜日は 誰も助けてくれない
4人対4人ゲームは 観客が 互いに 交流する場を 近くで見ると 実に楽しいものです 誰にアドバイスを 与えられているか 与えられていないか 瞬時に戦略が 変わってくるかを 観察できます
ヨーロッパのチームはこれまで チームとしてより優れていたし 最終日には 圧倒的な優位を握っていた しかしこの4人組は アメリカチームに 必要な勇気があることを示した
ヨーロッパのライダーズカップは 10-6で勝利
欧州はライダーカップの最終日, 優勢でスタートした. 試合は10対6で終わりました.
勢いのあるトミー・フリートウッドと フランチェスコ・モリナリが リードして 敗退したタイガー・ウッズを 2勝倒し レースを4ポイントで 引き上げました
トーマス・ビョーンが2年前 ハゼルトインで失っていた優勝を勝ち取るために 闘ったヨーロッパチームは 午前4試合の試合で 失敗ばかりするアメリカチームを 圧倒し 3-1で勝利しました
アメリカは4人戦で対戦力に大きく抵抗しましたが 2試合を制したものの 勝敗の差は減らなかった
ジム・フューリックのチームは 日曜日の12試合で 8ポイントを獲得して 優勝を勝ち取る
フリートウッドは 連続4得点を獲得した初のヨーロッパ人選手で 彼とモリナリは センセーショナルな週末を後に モリウッドとして 記憶される2人目のカップルで
ウォッズのパトリック・リードを 4回戦で倒した チームプレーが素晴らしかった ウォッズとアメリカ初心者のブライソン・デッハムボーの2回戦を 決定的な5勝4で倒した
ウッズは2試合で土曜まで 引きずり下ろされ 才能の兆しを見せましたが 29試合で 4人戦と4人戦の 19試合を 負けて7試合を 負けた
ジャスティン・ローズは 午前4時から休憩中 ステンソンと対戦し 4人戦でダスティン・ジョンソンと ブルックス・コエプカを 2対1で倒した
しかしヨーロッパは パリから南西に 吹く風の良い日に 失敗しました
3度優勝したジョーダン・スピースとジャスティン・トーマスは 土曜日の2点で アメリカ人にこの方法を示しました
2勝1敗で ポールターとイアン・ポウルトーを 倒し 4勝1敗で ポールターとロリー・マクリロイを 倒し 4勝3敗で 投球を落とした
ファイナル・ライダーズ・カップでは 2回しか チームが4ポイント差から 勝敗を収めたことが ありませんでした ファイナル・ライダーズ・カップでは チームが4ポイント差から 勝敗を収めたことが ありませんでした ファイナル・ライダーズ・カップでは チームが4ポイント差から 勝敗を収めたことが ありませんでした
しかし 2日間の戦いで 2位だったから 日曜日の反撃は 理不尽だ
朝鮮が 交渉相手を信頼しないなら 軍縮を 要求する
北朝鮮の外務大臣は土曜日に国連に 制裁の継続は 米国に対する不信感を高めると述べました このような状況下では北朝鮮が 核武装を放棄することは不可能です
リー・ジョンホは国連の総会で "北朝鮮は昨年 重要な 進捗を遂げました 核実験やミサイル実験を中止し 核実験場を閉鎖し 核の拡張や核技術の拡大を 約束しました"と
"残念ながら,アメリカ人は,これと全く同じ反応を示していません"
国家の安全が保障されていないと感じています. 軍事的武装を第一に 片手で 撤廃することは不可能です.
リー氏は,北朝鮮が,北朝鮮がこれまで行ったことに対して報酬を得ているというシナリオで, 徐々に核を撤廃するという考え方を,ワシントンが拒否していることに, 北朝鮮が失望していることを再表明しましたが,
リー氏は,金正恩とトランプが6月12日にシンガポールで開いた, 史上初の, 権力を持つ米国大統領と北朝鮮の首脳間の首脳会談で, 共同声明を発表し, 金正恩は朝鮮半島の核軍縮に取り組むと約束し, トランプは北朝鮮の無傷を保証した.
北朝鮮は1950年から53年の朝鮮戦争を 公式に終わらせようとしていますが 米国は北朝鮮が核兵器を放棄する 必要があると主張しています
ワシントンは北朝鮮に対する 厳しい国際的制裁を 緩和していない
"アメリカは核軍縮を 始めようとしており 制裁を強めて 圧力を加えようとしています" "戦争終結宣言を 発覚させることを 反対しています"
 罰で私たちを 屈服させられるという考えは 知らない人の夢です
罰則が減らないと 疑惑が深まる
リー氏は,金とトランプのサミットが計画されていることを言及しませんでしたが,これは,先週,国連で,米国大統領が特別に言及したものです.
核軍縮は米国ではなく韓国で行われたら 朝鮮半島の核軍縮はこんな不調に陥らなかっただろう"と強調した.
しかし,リーの演説のトーンは,昨年,国連総会で, 北朝鮮のミサイルによる北米大陸の攻撃は,避けられないと宣言したときと, 劇的に違っていた. トランプ大統領が"悪質な大統領"と称して,
今年国連で,トランプは昨年北朝鮮に"全面破壊"を脅した. 北朝鮮は,北朝鮮が核軍縮を進める勇気があることを称賛し,
トランプは水曜日,期限は定めていないと発言しました. つまり,2年,3年,5ヶ月で終わっても,どうでもいいのです.
中国とロシアは 安全保障理事会が ペンギンに 報奨を与えるべきだと主張しています
一方 合衆国外務大臣 マイク・ポムペオは 木曜日,国連安保理でこう言いました "安保理の制裁は 核の核廃絶が実現するまで 厳格に遵守されなければなりません"
安全保障理事会は2006年以来 単独で北朝鮮に対する制裁を継続し 北韓の核開発や弾道ミサイル開発への 資金提供を抑制するべく努めています
ポンペオは国連総会休会で リルと会談し その後,第二次首脳会議の準備のために来月再びペニャンに再訪すると述べた
ポンペオは今年3回北朝鮮を訪れたが,最近はあまりうまくいきませんでした.
7月に彼は平壌を去り 進展を宣言しましたが 数時間後には北朝鮮は ギャングのような要求を 持ち出したと非難しました
月の月の会談で北朝鮮は 核基地と核施設を 廃棄すると約束しました
ムン氏によると,金氏が提唱した"必要な措置"は,シンガポールでトランプが約束した安全保障措置や,ワシントンとの関係を正常化させるための措置だ.
ハーバード大学の学生たちは 十分な休息をとるように教えられています
ハーバード大学では 今年 睡眠時間を増やすという 新しいテーマが 学生を励ますことで カフェインを飲み過ぎる 夜間学習のマッチング文化を 止めようとしています
ある学者はこう結論付けました 世界一位の大学で学ぶ学生は しばしば 自分をどう扱うべきか 完全に迷っていると
この講座は アメリカで初めてだと 言う人がいます 教授のチャールズ・チェイスラーが 設計した講座です 彼はハーバード大学医学部で 睡眠医学を教え ブリガム・アンド・ウエメンズ病院で 睡眠専門医を 担当しています
この講座を始めるきっかけは 睡眠不足が学習に与える影響について 授業を前にしたことです
卒業後 ある女の子がやってきて こう言ったんです "なんで今度 卒業生として 直面しているんだ?"
睡眠の重要性について 聞いたことがなかったと 言うのです 驚いたことに― "テレグラフ"にこう言いました
今年初めて開かれたこのコースでは 適切な睡眠習慣が 学生の学力やスポーツパフォーマンスに 重要な影響を与えるだけでなく 学生の健康にも 影響するということを学びました
ハーバード大学医学部 精神医学教授で 医療課長でもある ポール・バレイラは 学生たちは 睡眠不足の度合いが 高いと 決定したそうです
授業は1時間で インタラクティブ課題を用意します
ある例では 学生たちが コーヒーカップや カーテン スニーカーや 本をクリックする 部屋を映し カフェインと光の影響や 睡眠不足が 運動成績に及ぼす影響や 寝る時間の大切さについて 学ぶことができます
睡眠不足が心臓発作や脳卒中や うつ病や癌のリスクを 増加させるという 理由も説明します
インタラクティブアイコンで描かれた キャンバスの地図を紹介し 学生に日常のやり方について 考えさせています
学生の行動を すぐには変えられないと 分かっています
チェイスラー教授は"喫煙が健康に及ぼす影響について 知る権利があるのと同じように"と
"夜通しで勉強する文化は 進歩を続けています"と 彼は言うばかりか "現代の技術と 学生へのプレッシャーは 睡眠不足が 問題を引き起こす"と付け加えました
十分な睡眠と 質の高い睡眠は 学生の"秘密の武器"で ストレスや 疲労や不安や 肥満を防ぐこともできます 睡眠不足は脳を 飢え状態にさせ 絶えず飢えを 引き起こします
授業の設計を手伝ったのが 化学と生物物理学を学ぶ 19歳のカリフォルニアの学生 チェイスラー教授で 去年ハーバードで 教授の授業を初めて受講した人物です
聴衆は彼の目を 大きく開いて 大学レベルの教育を 始めるよう 促したそうです
競争の場に入る前に 卒業生も同様の訓練プログラムに参加できるようにしたいと考えています
教授は学生に寝る時に警告を鳴らしたり 起きる時に目覚め時計をつけ 電気画面や LEDのライトから発する 青い光の 害について 学ぶように勧めました この光は 昼間のリズムを 乱すことで 睡眠を阻害します
リーヴィングストン ランジャーズ 1 -0 メンガがゲラルドを倒しゴールを
レンジャーズは 異国の戦いに敗れた ドルリー・メンガの爆撃で ステファン・ゲラードの チームをリビングストンで 1対0で倒した
イブロキスは2月,セントジョンストンの4:1勝利を以て,初の外戦勝利を狙っていたが,ガリー・ホルトの監督としての18試合で,ゲラルドは2度目の敗北を喫し,ラドブロキスのプレミアシップ (スコットランド・チャンピオンシップ) の1位であるハートスから8ポイント落下した.
試合は7分半前に終わり ランジャーの無動向なチームは 引き分けに近づけなかった
ランジャーズは6番に 落とし リビングストンは3番に 落とし 差分だけで 落第
更に ランジャーズ隊は 更に 困難に直面しています 岸辺の標識者 カルム・スペンスの 頭部が損傷し 医療処置が必要になったことで
ジェラードは8ポイントを落として チームを敗退させた
ホルトはリビングストンの11人隊と 試合に出場したんだ 先週ハートスの1ポイントを 奪った11人隊と 試合に出場したんだ 間違いなく彼は 喜んで見ていただろう
ランジェはボールを手にし リービングストンは 勝ち点を上回った
試合の最初の2分間に ゴルフが作れるはずだった. メンガが最初の投球で スコット・ピットマンをアラン・マクレゴーの門へ 押し出していた.
キーハン・ジェイコブスの低空のフリー・キーは チームキャプテンである クレイグ・ハルケットに打たれ 彼の守備チームメイトのアラン・リトゴウが 門の外側を打たれた
ランジャーズは勝ったが 勝ったというより 勝ったというより 勝ったというより 勝ったというより
アルフレド・モレロスは明らかに 15分前に スティーヴン・ローレスと衝突したことで 罰金を受けるべきだと感じたが スティーヴン・トムソン判事は コロンビアの訴えを 却下した
ランジャーは2試合で 打撃を記録しましたが ランジャーの元ゴールである リアム・ケリーは 落札のカウリバリーと オヴィ・エジャリアの 弱さで 打撃を記録しました
34分でリヴィの挑戦は 試合の流れに逆らったが 努力の成果を上げても チャンスを手に入れたことを否定できない
ランジャーズはまた 失点だ
スコット・アーフィールドは タイムリーに反応せず ゲラガーは スコット・ロビンソンに ボールを渡し メンガを 簡単に捕まえた
休憩中にカウリバリーを リアン・ケントに替えて ゲラードは決まりました 試合のほぼ即座に 影響が表れたのは 極端なモレロスを 追い抜いたことでした
リーヴィングストンは 勝負を勝ち取り リースゴウとハルケットは 長いボールで勝った
ホルトのチームは最後の瞬間にも 優位を取ることができたが マクレゴーはネットをうまく掴んで ジェイコブスの位置を落とした リスゴウが角度から 逆転する前に
ラングレーのグレン・ミドルトンが ラングレーの11人目を狙ったところ ジェイコブスと衝突した
ゲーガーカウンターの発明者
引用元:この日,日曜日の朝の暦です 1882年9月30日,ちょうど136年, 後に物理学者のヨハネス・ヴィルヘルム・ハンズ・ゲーガーは, ドイツで生まれた日です
ゲーガーは放射能を検出し測定する方法を開発しました この発明は後にゲーガーの計数器と呼ばれる 装置が誕生したかもしれません
サイエンスの基礎として 広く使われてきたのが 1950年に映画『コロナドの鐘』で登場した 奇妙なカウボーイ科学者 ロイ・ロジャースと デール・エヴァンスです
男: じゃあ,これは何だ?
これはゲイガー計数器で 放射性鉱物やウランを 探すことができます
このヘッドホンをかぶると 鉱物の放射能で 原子が発射する音を 聞くことができます
聞いてくれ 結構動いている
ハンズ・ゲーガーが亡くなりました 1945年 彼の63歳の誕生日の数日前に
しかし 彼の名前の発明は 生き残るでしょう
抗がんワクチンは 免疫系に異常細胞を 検知する方法を教えます
癌の新ワクチンは 免疫系に 異常細胞を特定し 破壊する方法を教えます
治療の一環として ワクチンは 免疫系に異常細胞を 認識させる訓練を行います
治療の過程は 患者の免疫細胞を採取し 実験室で改造することです
治療した免疫細胞を 患者の体に戻すのです 治療した免疫細胞を 患者の体に戻すのです
実験中のワクチンは 癌の種類を異なる 患者で 期待される結果を示しています
免疫系が異常細胞を 認識するよう 免疫システムを訓練したワクチンを投与された女性は 18ヶ月以上 卵巣がんを患いませんでした
この方法の"つは 患者の免疫細胞を採取し 実験室で 癌の多い原因である HER2という タンパク質を検出するために 細胞を改造し 細胞を移植することです
米国国立がん研究所 (メリーランド州ベセスダ) の 教授であるジェイ・ベゾフスキー教授は こう述べています "我々の研究結果は 極めて有望なワクチンが 入手可能だと示唆しています"
HER2は乳がん,卵巣がん,肺がん,臓がんなど 複数の癌の増殖を誘発する"と
免疫細胞を刺激して 癌細胞を攻撃するように訓練する 方法が 前にあるタイプの白血病の治療に 成功した例です
カーニエ・ウエストがマガ帽をかぶって 登場した SNLは トランプ支持者の 誹謗中傷に終わった
調理が悪かった
カンネ・ウエストは サタデー・ナイト・ライブで 非難された 関連のない発言を したことで 非難された ドナルド・トランプ大統領を 称賛したことで 2020年に大統領候補を 立候補すると発表しました
帽子には"アメリカを再び偉大なものにする"と書かれていました そして,その夜,歌の3番目"ゴーストタウン"を歌った後, 彼は民主党を批判し,
白人男性と話すと よく聞かれるのは "どうしてトランプを好きで 人種差別主義者なの?"
"もし人種差別が気になっていたら もうアメリカを離れていただろう"
SNLの番組はマット・デイモンが開幕しました ハリウッドのスターが ブロット・カバナフを嘲って
放送されなかったものの,ウェストの演説のビデオは, ユーモア家クリス・ロックによって, ソーシャルメディアにアップされました.
ロックがウェストを 嘲笑したかは不明だ
ウェストは 観客に 帽子で 裏で罵られたと 文句も言っていました
舞台裏で脅かされた
帽子をかぶって出ないって
脅かされた
"ワシントン・エクサミナー"によると 沈んだ場所だと
ウェストは続けました "沈んだ場所を見たい? スーパーマンコートを着るよ 指示されないように"
恋愛に挑戦してみて
SNLの出演者は 恥ずかしがっていた 証言者によると スタジオは静けだった
アリアナ・グランデの代わりに ウェストが招待されました 彼女の元友人で ラッパーマック・ミラーが 数日前に亡くなりました
ウェストは"I Love It"をペリエール・ガラスに 装って演奏した際 疑問を投げかけた
保守党のTPUSAの代表であるCandace Turnerは ツイッターで"最も勇敢な精神を 支持する"と宣言しました
番組のホストのカレン・ハンターは ツイートして言いました "ウェストは自分らしく 素晴らしい"
芸術家である私は,自分のコミュニティに害を与えるようなイデオロギーを 受け入れ,広めていると思う人を,報酬として (音楽やファッションを 購入したり,芸術を 支援したり) 受け取る事はしないことに決めました.
彼女は自由だ
でも,何をしたんだ?
ショーの前 ラン・ラッパーはツイッターで 名前を改めたと発表しました 名前はカニエ・ウェストと変わります
名前は"ディディ"と 呼んでる人達にも 名前を変えたのは ルーシーだけじゃありません
シンボルとして名義を改名し 後に名前の変名となったのが プリンスだ
ベルファストの店員に殺人未遂の容疑で
45歳の男性が 殺人未遂の罪で 起訴されました 事件は金曜日,
警察の発表によると 事件は バリーハッカモアで起きた
容疑者は月曜日には ベルファスト市裁判所に 提出される
検察は審議を進めています
"ウォー・オブ・トローンズ"のスター キット・ハリントンが "男らしく過ぎる"を 有害だと考え
キングズ・オブ・スローンズのジョン・スノウとして 最もよく知られるキット・ハリントンが 暴力的な中世を舞台とする HBOのファンタジーシリーズで 剣をよく手に取ります
しかし31歳の俳優は ステレオタイプに 立ち向かって こう言いました "男の子は ヒーローを見たら 尊敬を集めるために 強い行動を 起こす必要がある"と
キットは"The Sunday Times Culture"に 発言し 間違ったやり方だと考えていたと語り #MeToo時代における 過剰な男らしさの 影響について 疑問を投げかけました
俳優のロース・レズリーと 結婚したばかりのロース・レズリーは 問題を解くのが重要だと 語り
"私は個人的に この事件に深く感銘を受けています" "どうして男性としてのイメージが 歪められてしまったのでしょう?"
                                                   
キットによると 番組は男性的なキャラクターに 偏りがあることで 歪んだ男性像を広めている
思考の過程を続けて 彼はこう言いました "何が生まれているのか? 何が学んでいるのか?"
ストリートやテレビで 少年たちに何を伝えているのか? 男になるための 唯一の方法だと感じさせるのか?
これは現代の大きな問題の一つだと思います 変化の方法についてです
青少年の正気なことが 明らかになったから
キットはインタビューで,シーズン終了後,戦場や馬に飽きるので,Thronesの予告編や続編には出演しないことを明らかにした.
"真西"のリメイクで 監督のサム・キット・シェパードが 主演の出演を予定しており "真西"は 製作者と 盗賊の兄の物語です
俳優は"Game of Thrones"で得た最高のものは 妻のローズだと言いました ローズと出会ったのは シリーズ制作中に
"妻と出会ったのは 撮影の途中で" "私の未来の人生と 家族の誕生は このシリーズのおかげだ"
ローズ・イグリテは エミー賞を受賞したファンタジーシリーズで キットの恋人でした
2018年6月に スコットランドにある レスリーの家の庭で 婚活が交わされた.
HIV/AIDS:中国で新規感染者が14%増加
中国ではHIVとエイズに感染する国民の数は 14%増加したと発表しました
医療関係者によると 感染者数は820万人以上です
2018年第2四半期だけでも 報告された症例数は 4万件増加しました
感染者の大多数は 性感染症の感染者だということが 変化を意味するのです
感染した血液を注入したことで 中国では急速に広がりました
しかし ジュンナン州で開かれた 会議で 保健当局者は 症例数は ゼロに近い水準に下がったと発表しました
しかし,それまでの1年と比較して,中国では10万人以上のHIVとAIDSの感染者が増えています.
中国におけるLGBTコミュニティーにとって HIVの性感染は深刻な問題です
1997年以来,同性愛は中国で犯罪行為と認められていないが, コミュニティに対する差別は, 依然として強い.
保守的な価値観を踏まえ 複数の研究から得られた推定によると 男性と性交を交わした男性の70~90%が 最終的に女性と結婚するそうです
感染の原因は 性的防御が不十分である場合が多いのです
治験の成果を公表し 医療機関に報告しました
マシン・ウォーターズは 共和党議員の情報を 漏らした事を否定し 危険な嘘と陰謀論を非難する
共和党議員の個人情報を スタッフの1人が 公開したとして 非難されたことを 周日 マクシーン・ウォータース議員は 否定しました
ロサンゼルス民主党議員は 極右派の専門家やウェブサイトが 発言を広めていると証言しました
"嘘 嘘 嘘 嘘 嘘 嘘 嘘 嘘"とウォーターズがツイート
公開された情報には 南カロライナ州上院議員リンゼイ・グラハム ユタ州上院議員 マイク・リー 議員と オリン・ハッチの住所と電話番号が 含まれていたと伝えられています
投稿者は不明ですが 明らかに 連邦議会議事堂で 公開された情報です 裁判所の候補者 ブレット・カヴァナウの セクハラに関する上院審議中です
漏洩は3人の上院議員が カバナフに質問した直後に起こった
ゲートウェイ・プンディやレッドステートなどの 保守的なサイトは ソースとして特定できるIPアドレスが ウォーターズ事務所と関連付けられ ウォーターズスタッフの"人の情報も 公開されたとThe Hill紙は書いている
"この非難は全く根拠のないもので 虚偽で 明らかに嘘だ"とウォーターズは続けた
スタッフは情報漏洩の責任を 負わされず 匿名性と個人情報の保護と安全を 疑いながらも 詐欺や虚偽の告発によって 侵害されています
完全無根拠で 偽造で 明らかに嘘つきだ
ウォーターの発言は ネット上で 批判に遭った
これはフライシャーが書いた 怒った否定です
ウォーターズには 議員としての 適正な気質がない
犯していないことに対して 非難されるなら 怒って反応するな
礼儀正しく振る舞うことは許されない
検察の動機を 疑うべきではない
落ち着いて 落ち着いて 落ち着いて
ウォーターズの反応は カヴァナウ判事の 民主党の批判に 似たような反応だったと 言うようでした
共和党の候補者オマル・ナバロが 選挙戦でウォーターズ議員を 候補として選出しました
もし本当なら 深刻な問題だ
ウォーターズ氏は声明で 偽の告発を 担当当局や法執行機関に通知したと述べました
犯人は誰なのか 明らかにする事を約束します ウォーターズ" 続けて 犯人は 法律で責められる スタッフを脅かす 傷つけるような行為に
ジョニー・イングリッシュが再び襲撃を起こすか ローアン・アトキンソンが を振るか
イギリス映画で ブレグジットを 紹介するのが 慣例になっていますが Johnny English というアクション・ゲーム/パロディの シリーズも例外ではありません 2003年に初回作の Johnny English が公開され 2011年に再公開された
皮肉をこぶすような 皮肉をこぶすような 皮肉をこぶすような 皮肉をこぶすような 皮肉をこぶるような 皮肉をこぶるような 皮肉をこぶるような 皮肉をこぶるような
恐ろしいゴム顔の無能なジョニー・イングリッシュは 再び登場する理由を 持っていたことは確かです 名前から明らかです
ジョニー・イングリッシュは 変な秘密捜査官で 奇妙な口調で 魅力的な人だと思い 監督官・クルーソを 思い出させてくれるような人物です 時には ミスター・ビーーンを 時には 鍵を押して
このキャラクターは元々 謎の旅人アトキンソンが 忘れられたバークレアカードの 広告で演じた人物で 後に残した混乱を 描く人物にも由来しています
最近のジョニー・イングリッシュの映画で 面白い場面があった
チョッキのヘリコンバレーを 走って行くのが大好きでした チョッキのヘリコンバレーを 走って行くのが大好きでした
アトキンソンのコメディは 作品にうまくいっているが 面白さも欠けている 冗長さも欠けている 現代の映画では 冗談を言うのが本物だと されているんだ ジェームズ・ボンドやミッション・インポッシブル
ユーモアが子供向けだと感じます ジョニー・イングリッシュの 失敗した冒険は アトキンスンがミスター・ビーンの 沈黙のシーンで描いたような 独創性や才能に 満たされないのです
この映画の出発点は 永遠の真実です イギリスは深刻な危機に瀕しています
サイバー犯罪者が イギリスのスパイネットワークの 秘密のオンラインネットワークを 侵入し 捜査官のケビン・エルドンの 秘密を公開しました 捜査官のケビン・エルドンが 恐怖のあまり 映画で少ししか役目しなかったのです
政治的支持者が失っている 傲慢で分裂的な首相の棺の最後の一角に 入れられるかもしれません エマ・トンプソンが Theresa Mayを演じ 役を演じます
諜報担当者は 捜査官の身元が 明らかになったので 退職した捜査官を 雇うようにと 指示した
この引退した諜報員とは もちろん 退役後 退役軍人ジョニー・イングリッシュです 彼は 退役後 退役軍人ジョニー・イングリッシュが 退役軍人ジョニー・イングリッシュが 退役軍人ジョニー・イングリッシュが 退役軍人ジョニー・イングリッシュが
イングリッシュはホワイトホールに運ばれ 緊急訓練で 元軍曹のボフと再会した
ボウは結婚したばかりで 喋りやすい潜水艦の船長もいたわ 役者はヴィッキー・ペッパーディーンで
双手でバットマンとロビンの 双子は再び行動に移り 美しいオルガ・クルリレンコが 運命の女を演じる オフェリア・ブレトワと 戦う
首相は 魅力的な デジタル・億万長者によって 魅せられつつあり イギリスのデジタル問題を 解決できると主張する人物です ジェイソン・ボルタが ジェイク・レイシーを演じています
ウェイトレスとして 華やかなフランス料理店を焼却する 馬鹿げた旅を始めました ヴォルタの豪華ヨットに 突入するまでの 騒ぎが激しく ヴォルタのアパートを VR ヘッドセットで 調べようとしたところ 地獄が実際に解き放たれました
結論を出すために 停留所が必要ですが 面白くて 逆転的な感じで 出来上がったとしても 恐らく 子どもの映画に すぎすぎていると思います
結果は 平均的なものになる
他のジョンニ・イングリッシュ映画と同様に 私は疑問に思ったのです イギリスの映画業界は ロワン・アトキンソンに 才能に相応しい役を 与えられないのか?
労働党は,英国国民に5日間の賃金を与えながら 4日間の週間の労働を導入することを否定する.
ジェレミー・コービンの労働党は 労働者が5日分の賃金で働くように 働きかけることで 4日労働週を 導入する改革案を 提案しています
労働者は人工知能 (AI) 革命の恩恵を 享受することを望んでいるという. 企業の経営者は, 収入が増加したため, 従業員に余分の休日を与えることを 目指している.
労働者は3日の週末を 享受し 休暇を同じ時間に 送り返されるというものです
消息によると,このアイデアは 党の経済計画に組み込まれている. 労働者の味方として, 国のバランスをとるためのものです.
4日制の労働は 労働組合の代表団も支持しています 労働者が経済改革の恩恵を受けられるよう 働き方を変えると考えています
労働党の幹部はサンデー・タイムズにこう語った "政策の見直しは今年中に発表される"
実現は遅かれ早かれですが 4日労働は 労働者に経済を 公平に 扱うための党のプログラムと 党の産業戦略に ぴったりと合致するものです
労働党は初めてこのような考えを 支持する政党ではない 緑の党は 2017年の議会選挙で 4日間の労働日を約束し 選挙運動を進めました
しかし,この考えは,労働党全体から支持されていません.
労働党の広報担当者はこう述べました "4日労働週は党の政策には含まれていないし, 議題には含まれていない"
影の財務大臣ジョン・マクドネルが 先週の労働党会議で 社会主義革命の経済観を 紹介しました
マクドネルは 権力を取り戻すために 懸命に戦っていると 言う
影の財務大臣の計画が実現すれば 水道会社の株主は 利益の全額を 引き戻すことはできず 労働党の政府は 損害を伴う行為に対する罰として 減税を課すでしょう
従業員を取締役会に 入れるとともに 株式の10%を従業員に 譲渡し 従業員は年間500ポンドの配当を受けられる 独占株主基金を設立すると マクドネルは付け加えた.
リンジー・グラハムとジョン・ケネディは60 Minutesで カバナフのFBI捜査が 意見を変えたのかと 話し合いました
FBIの捜査が始まり 裁判官のブレット・カヴァナウの 容疑を調査するため 裁判官のカヴァナウ選の最終投票は 予定より少なくとも"週間遅れて行かれました
"60分"の日曜放送で スコット・ペリーが共和党上院議員の ジョン・ケネディとリンジー・グラハムに "FBIが何か見つかれば 改心できるのか?"と 尋ねました
ケネディは南カロライナ州にいる 同僚の ほどこもなかった
カーネディが言った
裁判の前に言ったこと 裁判官カバナウと話した事
事件が起きた後 告発された時 電話して言ったんだ "お前はやったのか?"
答えは明確で 断固でした
しかし グラハムの投票は 確実に見えます
グレアムが言うには 決断を下すには 極めて重大な罪状が必要だと
フォード博士 事件の真相は知りませんが ブレットは 非難を断言しています グラハムがクリスティン・ブラシー・フォードに 宛てて
フォード博士が指名した人物は 容疑者全員で
36年の歴史がある
発見はできないだろう
グローバル市民フェスティバルとは? 貧困を減らすことができたのか?
ニューヨーカーの グローバル市民フェスティバルが 土曜日から始まります このフェスティバルでは 世界的なスターたちが 立ち上がり 真の目的を掲げています
グローバル市民フェスティバルが7回目となる今月も セントラルパークの広場には 何万人もの人が集まる予定です 集まった人々は ジャネット・ジャクソンや カーディ・Bやショーン・メンデスの 演奏会だけでなく 集まった人々の注意を 集めてくれるでしょう 2030年までに 貧困をなくすという 真の目標に
グローバル・シズニーフェスティバルは2012年に初めて開催され,グローバル・ポピュレーション・プロジェクトの一環で,国際的な利益グループが運営し, より多くの人を貧困と闘う活動に巻き込むことによって貧困をなくすことを目指しています.
コンサートには無料のチケットが付きますが (VIPチケットも払わない限り) 特定の任務や活動を行うという人 (ボランティア活動や, 政治家へのメール,電話など) は このプロジェクトの目的である貧困撲滅に 注目を向けられるのです
しかし過去12年間 グローバル市民は 目標を達成することに どれほど成功しましたか?
コンサートへのチケットを贈ることは 効果的な手段で 行動を促すための手段なのか それとも オンラインの請願書やツイッターで 貢献したと 感じるという 単なる"客主義"の 形なのか?
2011年以来,グローバル市民のデータによると, 支援者によって,様々な目的のために,1900万以上の行動が 実行されました.
貧困対策政策と取り組みのために 37兆ドルを 割り当てています 2030年までに22億5千万人以上の 生活を左右する 政策と取り組みを 決定しています
2018年初頭には グループが活動で得た390の約束と報告を公表し そのうちの100億ドルは 支払われたり 寄付金として集められたりしました
資金調達は およそ6億4千9百万人の 生活に 直接的な影響を及ぼしたと グループが推定しています
主要な取り組みは"The Power of Nutrition"で 実現する 目標を達成する力を子供たちに与えることを目指す 投資家と事業者のパートナーシップで グローバル市民からの4700以上のツイートを受けて ルーワンダの飢餓撲滅を支援する3500万ドルを約束しました
"英国政府と 寄付者 国民政府 そして皆さんのような グローバル市民の支援で 社会不平等や貧困を 歴史の裏書きに 書き込むことができる"と Power of Nutritionのトラシー・ウルマンが 2018年4月にロンドンで行ったライブ・コンサートで 語った
また5,000以上の行動で 女性が母と子供の栄養状態を改善するよう求められたことで 政府が 栄養の力プロジェクトに資金を割り当てました プロジェクトにより500万人の女性と子供の栄養状態が改善されます
グローバル市民のウェブサイトで よく聞かれる質問は "極貧は 解消できると思う理由"です
グローバル市民の回答は"長い道のりで 困難に走るでしょう 時に行き詰まり 時に失敗するでしょう
しかし,民権運動や反人種差別運動のように,私たちは一緒にいることで, 力を合わせることで, 達成できるのです.
ジャネット・ジャクソン,ザ・ウィークンド,ショーン・メンデス,カーディ・B,ジャネル・モナエが ニューヨークのイベントの 司会を務め
国内部長:ロシアエネルギー輸出を妨害するために,アメリカが海軍封鎖を適用する
必要な場合には ワシントンはロシア軍を 派遣し 軍事力を使って ロシアのエネルギー源を 中東に 流通させないよう 要求する
シンケはシリアのロシア駐在を 非難し,特にシリアの正当な政府の要請で 実行されたロシア作戦は,ロシアが新たなエネルギー市場を獲得するための 手段に過ぎないと主張した.
"私は,彼らが中東に居たのは,彼らが東欧や南欧で売っているように, 電力を売りたいからだと考えています" ザンケ氏は声明で述べた.
閣下はロシアに 妨害する手段があると言ってる
"アメリカ合衆国は海軍の力を使って 航海路を封鎖する 必要があるとすれば 封鎖する" "ロシアからのエネルギーが 市場に入らないようにする"
シンケはConsumer Energy Allianceという非営利団体によって開催されたイベントで 演説しました この非営利団体はアメリカにおける"エネルギー消費者の声"として 活動しています
ロシアとイランに対するワシントンの行動を比較し, 基本的には同じ手法だと述べました.
"イランとロシアは経済的に同じ方法で制裁され得る. 既存のエネルギー源を活用し,新しいエネルギー源を導入する"と, シンケは述べ,
声明はトランプ政権が 液化天然ガスをヨーロッパに輸出する計画と一致し ヨーロッパの消費者により安価な選択肢を提供できる 市場からロシアを排除する計画です
政権の幹部や大統領自身も 政府の提案を後退させています 間違ったパイプライン"北流2"を 実現すれば ドイツはモスクワの 敵国になるという
モスクワは繰り返し強調しています. 既存の発電量を2倍にして, 1千1千万立方メートルに増やす,
ウクライナ政府は, ワシントンが経済的な理由から 野心的に反対していると非難しています. それは不公平な競争の表れです.
"我々は,電力が圧迫に利用されるべきでないこと,そして消費者が供給者を自由に選ぶ権利を持つことについて,同じ立場にあると仮定します"と,ロシアのアレクサンドル・ノバク氏は,9月にモスクワで米エネルギー大臣リック・ペリーと会談した後に述べた.
アメリカがドイツに 協力の意向を明らかにしたので 説得は失敗しました
ドイツの主要産業団体であるドイツ産業協会 (BDI) は,米国に対し,EUのエネルギー政策の干渉をやめ,ベルリンとモスクワとの間の二国間協定を避けることを要求した.
"第三国が我々のエネルギー問題に 干渉するのは問題だ"と,ドイツ工業連合 (BDI) のディーター・ケンプフ氏は,アンゲラ・メルケルとプーチンとの会合のあとで語った.
マサチューセッツ州上院議員のエリザベス・ウォーレンが 2020年の大統領選の候補を 検討中
ワシントン州 マサチューセッツ州上院議員 エリザベス・ウォーレンが 半年選挙の後に 大統領選の候補を 検討すると発表した
マサチューセッツのウォーレン市議会で 参政権を考える
女性がワシントンに来て 政府の機能不全を 修正する時が来たのです そして今度は女性が大統領になる時だ
11月6日以降 私は大統領選の候補を 検討する
ウォーレン氏は 議会でトランプを批判し 間違った方向に国を導いていると 非難しました
民主主義にドナルド・トランプが何をしているかを 深く懸念しています
ウォーレン氏はトランプと最高裁判所の候補者 ブレット・カバナウを 批判しています
ウォーレン氏は金曜日のツイートで "投票前にFBIの捜査が必要なのは当然だ" と書いた
しかし木曜日に発表された調査によると マサチューセッツ州では ウォーレンが2020年の大統領選に出馬すべきだと 投票者の過半数も考えていないという.
ワシントン大学大学政治研究所と ボストン・グローブの調査によると マサチューセッツの有権者の58%が ウォーレンに投票する確率が高いという
ウォーレンの大統領候補は32%支持
民主党の候補者の38%が 支持し48%が反対
2020年の大統領選では 民主党の有力な政治家や 副大統領ジョー・バイデンや ヴァルモン州上院議員のバーニー・サンダースが 挙げられました
APの報道によると バイデンは 1月までに 候補の決定をします
ポール・トラックは,ドナルド・トランプの会議で,
26歳のトラック・ペイリンが 9月にイラクに赴任してから 1年間
月曜の夜に 家庭内暴力で逮捕されました
"息子が直面していること 家に帰ってきた時から 直面していること "PTSDの悲惨な結果に苦しむ 家族や 兵士たちが帰国する時に 傷ついた人々も理解しています"と サラ・ペイリンが オクラホマ州ツルサで開かれた トランプの集会で語った
ポールンの息子の逮捕は 部屋のゾウだと言い 兵士たちは 退役軍人として 変貌し 頑固になって帰還したのだと言います そしていつも考えていたのは 兵士たちや 飛行士たちや 軍隊の他のメンバーが 国のために行った
アラスカ州ワシラで 逮捕されたトラック・パリンは 家庭内暴力の容疑で逮捕された ワシラ警察のスポークスマン ダン・ベネットは
18カ国とワシントンD.C.は 難民政策の審査を支持している
18カ国の国々とワシントンDCは 難民政策の審査を 支持しています ギャングや家庭内暴力から 逃れる者は 難民として受け入れられないという 新しいアメリカの難民政策を
18か国の代表と ワシントンD.C.の代表が 金曜日に ワシントンD.C.で 専門家による書簡を作成し 難民申請者に対し 支援を表明しました
連邦政府の政策に対する グレイスの訴訟の 訴訟の原告の名前は 公開されていません
訴状では 暴力組織のパートナーと の息子が 暴力を振るったと主張しましたが 7月20日,アメリカ当局が 亡命申請を却下した.
彼女はテキサスで拘束されています
グレイスを支援する国の検察官は エルサルバドル,ホンジュラ,グアテマラを アメリカへの亡命申請の源地と 呼んでいます これらの国々は 犯罪集団による暴力と 家庭内暴力が 深刻な問題となっているからです
新しい難民政策は 2014年に移民控訴委員会 (BIA) が 決定した 移民申請を撤廃し 家庭内暴力から逃れる 移民の無身分者への 難民申請を許可しました
ワシントンDCの司法長官である カール・ラシンは 金曜日の声明で "この新しい政策は 何十年にもわたる 州,連邦,国際法に 違反している" と述べました
連邦法では すべての亡命申請は 具体的事実や状況に 基づいて 判断されるべきであり, 障害がかかる場合, 専門家の手紙によると この原則を 侵害する.
検察官らはまた 移民政策が 合衆国経済に害を及ぼすと説明しました 移民は起業家になり 低水準の職に就く傾向にあるからです
司法長官のジェフ・セッションズは 6月に 難民申請の裁判官に 家庭内暴力や 犯罪組織から 逃れる被害者に 難民申請を 拒否するよう指示しました
難民は 人種,宗教,国籍,社会集団の属性,政治的信条を理由に 迫害されたり 迫害を理由に 迫害を恐れる理由から 国を離れようとする人に対して 難民の権利が認められる"と セクションは 6月11日に 政策を発表しました
難民の権利は 深刻な問題であっても 世界中の人々の日常問題すべてに 対応するものではないのです
パルーでの救助が絶望的だ 死者数は倍増し 救助隊は時間との競争に
生き残った人々の状況は 悪化しています
"みんなとても緊張している"と35歳のリサ・クスマさんは 災害避難センターで 発熱した息子を落ち着かせながら言います.
病院は毎分 遺体を持ち帰っています
飲み水がない
破壊された家に戻り 壊れた家から 持ち帰り可能なものを 集めた人もいます
負傷者は数百人 病院も7.5の地震で 被害を受け 医療機関も対応できなくなっています
負傷者の中には脊椎と肩を骨折したドウィ・ハリスもいた. 患者は,地震の影響で病院の外で治療を受けていた.
涙が浮かび,妻と娘が泊まっていた 5階のホテルの部屋が 震災で揺れ落ちたのを思い出した.
逃げ場がなかった
"私は壁に閉じ込められた"と ハリスはAPに語った "彼の家族は結婚式のために街に来た"
 妻が助けを求めて叫んでいたのを聞いたが 静けになった
彼女と娘がどうなったか 知りません
皆が安全でいてくれることを願っています
広報で中国を非難する
米国大使館は北京を非難しました アメリカメディアにプロパガンダを 広めていると. これは,中国新聞が 4ページの広告を掲載して,
米大統領ドナルド・トランプは水曜日に アイオワ州最大の新聞である 中国デイリー・デス・モインズ・レジスタの 広告を引用し,11月6日の米国議会選挙に 中国が介入しようとしたと非難しました 中国はこの主張を否定しています
トランプが北京が米国選挙に 干渉しようとしているとして非難したのは ロイターに語った米政府関係者によると 中国に対する圧力を加えるため ワシントンが強くなっているという新たな段階を意味している.
外国政府が 外国との貿易を宣伝するのも 珍しいことではありませんが 北京とワシントンは 貿易戦争で 互いに輸入品に 関税を課し合っていることが 増えています
米国と中国の専門家によると 貿易戦争が始まって 中国が対関税を課した理由は トランプと共和党が 支持している州やアイオワ州などの 輸出業者を狙ったからです
ワシントンD.C.の ワシントンD.C.の ワシントンD.C.の ワシントンD.C.の ワシントンD.C.の ワシントンD.C.の
ブランドスタッドは "デス・モイン・レジスタ"の 論評で "中国が我々の国を 脅かしている"と書いています "我々の自国の 自由な報道機関に 宣伝広告を掲載する"と
報道の自由という 伝統を中国政府は悪用し 宣伝を広げるために デス・モイン・レジスターに 広告を支払った
しかし北京の新聞店で 批判的な記事を読むのは めったにありません 中国共産党がメディアを 厳しく管理しているため 中国国民が経済発展の見通しについて 持論を異なっていることに 中国共産党は全く真似していません
記事の取り上げは拒否したが 紙の名前を明かさなかった.
分析家によると 共和党は 半年制選挙前に 女性の有権者を カーナフ事件で 遠ざける可能性がある
分析によると 多くの共和党の 高い地位の議員が 性的虐待の訴えを巡って 最高裁の候補者 ブレット・カバノーを 擁護していることで 選挙前期選挙で 特に女性の支持を 失ってしまう恐れがある
事件は激しい感情を呼んでおり 共和党の多数派は 選挙でカバナウに投票することを公言しました
"この発言は取り消すものはない"と シラカスのマクスウェルスクールの 政治家グラント・リーハーは土曜の記事で 述べた.
リーハーはアリゾナ州上院議員 ジェフ・フレークが 激怒した投票者を落ち着かせるのに FBIの捜査が 十分ではないと疑いを表明した
"女性たちは昨日のことを忘れないだろう" "明日のことも忘れられないだろう" "そして11月のことも忘れられないだろう" "先週 金曜日に ワシントンD.C.の新聞に掲載された MoveOnの全国的なスポークスマンで 代表的な女性アドバイザーである カリーヌ・ジーン・ピエールが言った"
議会の廊下で"11月が来る"と叫んでいた 共和党の司法委員会が カバノウの指名を取り消すのを 拒否したため
民主主義の熱情とモチベーションは 驚くほどに 低下するだろうと 独立系政治分析者である シュタ・ロテンバーグはニュースサイトに語った
高いと言われているが,それは本当だ.
選挙人数も増えるでしょう 特に郊外の 選挙を迷う女性や若者 (18~29歳) ほどは 大統領を嫌がるが 投票しない人も多いでしょう
フォードの公表は 共和党がカバナウの候補に 支持を続けるのを 非難するものだとも考えられていたが フォードは 候補者に 性的暴力を訴えた理由を 詳細に説明した
共和党は"不当に 誤った判断"を したと言っていたと NBCニュースは 先週 報道しました 共和党全国委員会の 委員長だったマイケル・スティール氏です
委員会投票や 締めくくり投票だけでなく カバナウの指名も 共和党の対応や フォードの対応も重要だ"と 民主党の選挙支援団体"プライオリティ・アメリカ"の 責任者であるガイ・セシルが指摘した
しかし,アメリカ人はフォードとカバノフの証言を 信じるか否かに分かれているようです.
YouGovの新調査では フォードの証言を 完全に信頼している人は41%で カバノウの証言は35%でした
さらに38%の回答者が カバノウが 証言で嘘をついた可能性が あるか確信している一方で フォードの場合は わずか30%が 嘘をついたと信じているのです
カーナフの主張を FBIは検証中 カヴァナフの容疑者のデボラ・ラミレスも調査中
フォードは上院の司法委員会で"7歳の時 川野が酔っ払って 嫌がらせをしたと 証言した
ラミレスは,最高裁の候補者が 1980年代に,ヤール大学で 共に勉強していた時に, パーティで彼に自分の性器を 見せたと主張しました
ウェブの発明者はGoogleとFacebookと対峙して 新しいインターネットを立ち上げようとしています
ウェブの発明者であるティム・バーナーズ・リーが フェイスブックやアマゾンやグーグルと 競争するために スタートアップを立ち上げました
テクノロジー大手の最新プロジェクトである Inruptは オープンソースのプラットフォームである Solidで 構築されています
Soliddalでは ユーザーがデータをどこに保存するか 特定の情報にアクセスできる人物を 選択できます
Fast Companyとのインタビューで バーナーズ・リー氏は Inruptの目的は 世界を支配することだと 冗談を言った
"今やるべき" 彼はスタートアップについて言いました
 これは歴史的な瞬間です
ソフトウェアはSolidの技術で ユーザが独自のオンラインデータベースを 構築できるようにしています
リストや予定表 カレンダー 音楽図書館 その他の個人用・専門用道具なども 含められます
Googleドライブ,Microsoft Outlook,Slack,Spotifyを ブラウザから同時に ダウンロードするようなものです
オンラインの個人データ保管の 特徴は ユーザーが自分のデータを 誰にアクセスさせるかを 完全に自分で決められる点です
会社はこれを"個人のデータに対する自決権の実現"と呼びます
InruptのCEOのJohn Bruceは "Solidを誰もが使えるようにする 資源とプロセスとスキルを確保する"と 言っているのです
現在 会社にはバーナーズ・リー ブルース IBMが買収した セキュリティプラットフォーム プロジェクトに携わる契約開発者 プログラム開発者のボランティアグループがいます
この7日目から 世界中の技術開発者は Inruptのツールを使って 独自の分散型アプリケーションを開発できます
ベルナーズ・リーによると 彼と彼のチームは FacebookとGoogleに 変革の技術を導入するよう 要求していないのです 企業に ビジネスモデルを一瞬で 完全に覆すような技術です
許可は求めない
Mediumに土曜日に掲載された記事で,Berners-Leeは,Inruptの使命は,新しいSolidのネットワークの整合性と質を守るための商業的なエネルギーとエコシステムの提供であると述べた.
1994年,バーナーズ・リーが マサチューセッツ工科大学で ワールド・ワイド・ウェブ・コンソーシアムを設立し インターネットの変革を成し遂げたのです
バーナーズ・リー氏は近年 ネット中立性に関する議論の重要人物として活躍しています
バーナーズ・リー氏は,Inruptの設立にもかかわらず,World Wide Webコンソーシアム,Web Foundation,Open Data Instituteの創設者であり,そしてディレクターとして残っています.
"私は,インターネットの次の時代について, 極めて楽観的だ"とバーナーズ・リー氏は言う.
ベルナード・ヴァン・ビクトリア - 洗礼を受けた,第一次世界大戦の牧師を記念した
ヴィクトリア・クロスを受けた唯一の聖職者の 誕生日を祝うのは 百年の記念です
ベルン・イングリッシュ・レアコート攻撃の際 勲章を贈られた
しかし4日後には 狙撃手によって殺され 軍に与えられる最高勲章の受賞は 忘れ去られた
記念碑は彼の2人の孫が 解き放たれたのが, 祝祭の日に, ノースハンプトンシャー郡のラシュデンで
孫のマイケル・ヴァンは 記念碑が贈られたのは 象徴的な意味を持つと 語りかけました 祖父の功績が100年経ったまさにその日です
ベルナード・ヴァン軍曹が 1918年9月29日に 雲の霧と砲火で のを通過した
後に彼は戦線に駆け込み 隊を率いて 勇敢に戦い 単独で砲兵隊を攻撃し 3人を殺した
ベルナード・ヴァン軍曹は 1918年10月4日に ドイツの狙撃手によって 撃たれた
"私は祖父の功績に 勝てることは決してないことを知っています そしてそれは私に謙虚さを教えてくれました" 72歳のマイケル・ヴァンが 祖父のことを語りました
ブリントウッド帝国青年団の指揮で 記念碑のがけに 登場したマイケル・ヴァンと 彼の兄弟ジェームズ・ヴァン博士
ヴィンチは,このイベントに参加できて光栄だと述べ, "真の英雄の勇敢さは, 後に,何人かが彼に敬意を表すことで証明される"と付け加えた.
MMAのファンは夜通しで ベラター206の放送を 見ようとしていましたが
想像してみて 興奮するベラトール206を 見るために 夜中起きて 放送が止まった
サンホセでは13戦が繰り広げられ そのうち6戦は UKのチャンネル5で夜に放送された
午前6時 ゲガード・ムーサーシーと ロリー・マクドナルドが 試合を準備していた時 イギリスの観客は驚かされました
苦戦した人もいれば 午前中まで寝てしまうのです
ファンの一人がツイッターで"このアニメは 病んだジョークだ"と書いた
"政府の規則では 放送開始の6時には 放送禁止で 子供向けの番組を 放送しなくちゃ" "テレビのデイブ・シュワルツ" "ベルラターの コミュニケーション・マーケティング部門の 副社長"
豚の時間だ 豚の時間だ
ベルラー社の社長であるスコット・コッカー氏は "将来,番組スケジュールは イギリスの視聴者を考慮して 変更される"と約束しました
"繰り返せば解決できると思う"とコーカーが言った
しかし,この国は日曜日の午前6時なので, 日曜日まで,つまり彼らの国では月曜日なので, 解決はできません.
取り組んでいる
信じてください 番組が放送された時 メールが沢山来て どれも友好的な内容ではありません
最初は技術的な問題だと考え 修正しようとしました
法律上の問題ばかりだった
しかし,私はあなたに約束します,次の機会に,このようなことは起こらない.
6試合の試合を5試合に短縮した 視聴者の喜びを 感じさせてくれたいけど 勝負は大きかった
運が悪かった
性的指向から 少数派への不満を抱いたトム・デイリー
オリンピックのジャンプ選手 トム・デイリーは 若い頃 性的嗜好が優位とされ 成功を収める動機になったと 告白しました
24歳の選手は高校まで 気づかなかったと答えています 誰もが彼のような人ではないと
ラジオ4の番組『Desert Island Discs』で 主人公のローレン・ラバーンに ゲイの権利擁護活動をする理由を 伝えました
両親になった後 オリンピックに興味が薄くなったと
長年番組を主催していた 常連のキースティ・ヤングは 病気で数ヶ月も欠席していた
ラヴェーネの初番組で 破船客として招待された デイリーは 若い頃は 他のみんなより 劣った感じがしたと言いました 男女ともに好きだったと 社会的に受け入れられなかったからです
"今のところ 優等感や 違和感が 忍耐力と力を私に与えてくれる 成功を収める"
性的偏見が明らかになった時 失望させないように 自分も""の価値があると証明したかった
銅メダル2度のオリンピックのジャンプ選手は LGBTIQコミュニティーに 代表的な存在となりました そして今年のオーストラリアの 連邦競技大会で 世界各国の政府に対し 同性愛者の合法化を 促すよう呼びかけました
彼はこう言いました "私は幸運に恵まれました 公開された生活を送ることができて 否定的な結果が出ないから" "そして他の人々に希望を与えたい"
3度世界チャンピオンだった彼は 2013年に初めて会ったアメリカ人映画監督のダスティン・ランス・ブラックと 恋に落ちたことに 驚きました
デイリーと彼の20歳年上の 脚本家のダレーは 去年結婚しました 彼によると 年の差は問題とは決してなかったそうです
"若い頃の経験がこれほどあるなら" "14歳で初めてオリンピックに出たのに 3年後には父親が癌で亡くなりました" "自分の年齢でこんなにもひどい経験をした人を見つけるのは 難しいでしょう"
6月に彼らは息子を養子に迎え ロバート・レイ・ブラック・デリーと名付けました デリー自身は このことで自分の世界観を 完全に変えてしまったと 告白しています
"もし去年,私にこの質問がされたら, 私は,最も重要なことは 金メダルを獲得することだ"と答えていたでしょう.
でも オリンピックのメダルより もっと重要なことが あることに気付いた
オリンピックのメダルを手に入れた
2011年に40歳で脳腫瘍で亡くなりました
デイリーの証言によると 父親は死ぬことに 納得できず 最後の質問の一つは 2012年のロンドンオリンピックのチケットが 切れているかということでした
"父上,もう前列に居ない"と答えられなかった
呼吸が止まった時 私は彼の手を握った しかし その瞬間まで 私は 父が無傷でないと 言うことを受け入れられなかった
翌年 2012年のオリンピックで 銅メダルを獲得しました
"私は人生でずっと夢見てきたことだと感じました オリンピックで 観客の前でジャンプするなんて" "これほど素晴らしい気分はない"
初めての曲のヒース・スモール・プライドは オリンピックの準備の過程で 助かったので 今でも聴くと 胸が揺れる
"砂漠の島 ディスク"は 地元時間11時15分に BBCラジオ4で放送されます
試合は休止日だった 試合は土曜日だった
アメリカ人フィル・ミッケルソンは 日曜のライダーズカップで 47回目で記録を更新する事ができるが 予期せぬ出来事として 記録に残すためには 再び勝利を勝ち取る必要がある
ミッケルソンは,この2年一度のイベントで記録12回目に出場したが,土曜日の4ボールと4人戦での成績のために,チームキャプテンジム・フリックから,クジラに追い出された.
大会で5勝を収めた選手が 舞台の舞台に立つのではなく アメリカが優勝を勝ち取るために 必要な時のように 彼は1日半をチームを応援し 残りの半分は練習で過ごし 欠点を修正しようと 努力しています
キャリアの最高期にも 精度が高くなかった48歳の選手は 高草で誤った打撃を 強いられるという 狭いルールのゴルフ・ナショナルには 適していない
試合が怖くなかったら ミッケルソンは 9日目の試合で 準打のフランチェスコ・モリナリと対戦する
12試合目の試合が始まる前に 4点差のアメリカ人が 強いスタートを打つならば ミッケルソンの試合は 決定的なものとなるでしょう
フレークは彼を信頼していると 言うが 他に何を言う?
"彼は今日のために何をしたか 完全に理解している" "彼は私の背中を叩き,私の腕を握りしめ,そして明日の準備に 備えることを約束した"
 極めて自信がある
偉大な選手で チームのために多くのことをしてきた 過去の1週間も
基本的に2試合は 与えなかった
計画したけど,この状況で,これが最善だと 決めたの
野原にいてほしいんだ
ニック・ファルドの記録を破る 選手の記録を記録する
レースを締めくくると 選手の個人成績は 落第する
ミケルソンは18勝20敗7敗戦を記録しているが フライクは 選手の存在はチームにとって 利害を及ぼすと強調している.
冗談を言うのが好きで チームの一員として素晴らしい"と 説明した
                                  
厳格な意味でのゲームを超えて存在している
ヨーロッパのチームキャプテンであるトーマス・ビヨン氏は 勝ち取った優位を 簡単に失ってしまうことを理解しています
経験から言うと ヨーロッパのチームを率いているトーマス・ビヨン 選手は レースの最終日 勝率を大幅に上回ったとしても 幸運が すぐさま 逆転するということを知っています
デンマーク選手は1997年のヴァルデルラマでの試合で初めて登場し,そこでセベ・バレステロス率いるチームがアメリカ人を5ポイントで勝った.そして,最後に,彼らは141⁄2131⁄2の比率で勝利するために,一髪先を保持することができた.
"我々は常に自らを思い出さなければならない バルデラマで 勝ったのに 勝ったのは 毛皮の毛だけだった ブルックリンで 勝ったのは 毛皮の毛皮だけだった そしてブルックリンで 勝ったのは 毛皮だけだった 2018年のクラスで 5勝3敗を 勝利したビヨンはこう言った
前の年のレースを 振り返れば 試合は終わっていないことが分かる
明日は全力でプレーする
だから,勝てるために必要なことを やってみよう.
ポイントが表に載るまで 休むわけにはいかない
目標が決まってる 優勝するんだ 今 集中してやるんだ
先ほども言ったように 私は12人の選手を 担当しているのですが 反対側にも注目しています 世界一の選手の"人になるのです
チームが難しいコースで 成功を収めたことを誇りに思えるビヨン氏は "このような状況では 予想をはねない"と付け加えた.
明日は違うものになる
チームプレーとは全く違う 個人の能力に 依存している
素晴らしいのは チームでプレーする事だ 状況が良い時はね でも 単独でプレーする時は ゴルフ選手の本当の姿が 分かる
選手たちに理解させる必要がある 明日,彼らは最高のプレーをする
仲間から離れ 仲間も最高の形に なさなければならない
バイオーンの違い チームキャプテンであるジム・フライクは 選手の2人組よりも 単独で得点を増やせると 確信しています ジョーダン・スピースとジャスティン・トーマスの2人組は 4から3得点でした
ルーズ・フリックは ブルックリンでの勝利のチームの一員で ヨーロッパのチームによる 奇跡の"メディナ"の 素晴らしいパフォーマンスを 経験した
"クソ"と答えたのは 選手たちに 励ましを与えたことだった 1999年のベン・クレンショー隊長
明日は12試合が決まってるが ブルックリンやメディナで 早いスタートだ
チーム"つが本当に 勝ったなら 敵の選手にプレッシャーをかけます 試合の中間での試合で
順番を整えて 明日の奇跡を 実現するために 選手を準備した
トーマスは,この試合をリードする役目を担い, ローリー・マイルロイと対戦する. ポール・ケイシー,ジャスティン・ローズ,ジョン・ラーム,トミー・フリートウッド,
順番を選んだのは 絵の始まりから終わりまで 順番が正しいからだと 思うからです
ドイツの最新型艦の交付が また延期されました
ドイツ海軍最新型フリガットは 旧型冷戦艦を補充するため 2014年に投入される予定でしたが システム障害や高額なコストが原因で 少なくとも来年中に投入される予定でした
新型戦艦"バーデン・ウィートンベルク"の 艦船"レインランド・パファルツ"の 交代は2019年上半期に延期されたと 週刊"Die Zeit"は 軍の報道官の言葉を引用して 報道しました
艦は当初2014年に海軍に入隊する予定でしたが 延期が続いていたため 大規模なプロジェクトが困難になりました
海軍は2007年に,ブレーマ級の老朽化したフリゲットの代わりに,バデン・ヴュルテンベルク級の4隻を注文した.
強力な砲弾を搭載し 防空ミサイルと 潜水艦を攻撃する 隠蔽技術を備えている
重要な特徴は 維持作業が少ないことです つまり 最新のフリガットは 2年ほど 艦隊の母港から離れるのです
しかし プロジェクトが遅れてしまうため ドイツが海外で力を発揮できるような 超高性能の戦艦は 投入されるまでに 時代遅れになる可能性があると ディア・タイム紙は 指摘しました
難航のF125は昨年,ドイツ海軍が正式に 艦の入役を拒否し,ハンブルクのBlohm & Vossの造船所に 戻送されたことで, ニュースになった.
製造元に返還された船は 初めてだった
返還の理由については 詳細は不明ですが ドイツのメディアは ソフトウェアとハードウェアの 欠陥を指摘しています
ソフトウェアの欠陥は大きな問題です バデン・ヴュルテンベルク級の戦艦は 120名の乗員しか乗せられず 古いブレーマ級の乗員数は半分です
艦の重量は 性能を低下させ 艦隊の更生を妨げている
およそ7000トン重の"レインランド・パルツァー"は ドイツが第二次世界大戦中に採用した 同等級の艦艇の2倍重量だと伝えられています
欠陥部品を除いて 乗組員の訓練も含め プロジェクトのコストが増加する事は 深刻な問題となっています
プロジェクトコストは既に31億ユーロ (36億米ドル) に達している.
新型艦艇の問題は 特に重要になってきます 警告によると ドイツの海上存在感は 減少しています
ドイツ国会国防委員会の議長 ハンス・ピーター・バルテルスは 最近 認めているように 海軍は 適格な艦船を 欠けている
役人はこう説明しました "この問題は 長期にわたって 進行中だ" "古い船は 解体するしか なかったが 廃船を補う船は なくなってしまった"
心配を述べました バデン・ウィートベルク級の艦船は どれも海軍の配属に 入れられず
野生バットが 潜伏する秘密を調査する
スコットランドにある農園で 新しい研究が進められています この研究の目的は,コウモリが狩猟をする際に 土地の特性を活用する方法を 解明することです
研究者らは この発見から 鳥類の独特な哺乳類の 行動に関する新しい情報を得て 将来の保護活動に役立つと期待しています
スコットランド国立信託の科学者たちは ウェスター・ロスにあるインヴェレブ・ガーデンに やのや のや水のの行動を 調べる予定です
特定の記録装置が 適切な場所に設置され 季節の間にバットが 活動する様子を記録します
NHSのスタッフやボランティアが 手持ちの検知器を使って 移動式データ収集を行います
録音した音の詳細を分析することで 蝙蝠の音の周波数や 捕鯨している種の動きが 特定できます
研究者はまた 棲地地図や報告を作成し 野生の行動が 景色によってどう変化するか 詳細に把握します
NTSの自然保護顧問のロブ・デワーは この研究結果から 蝙蝠にとって 最も重要な 棲息地や 種の種類が どれを使っているかを 解明できると考えています
この情報により 草原の形成などの生息地の管理がもたらす 恩恵を特定し 蝙蝠や他の被災種にとって 森林の保護を最適にするために 森林を保存することができます
スコットランドやイギリスでは 過去100年に渡って 蝙蝠の個体数は 大きく減少しています
建設や土地の整備が 動物の眠る場所を混乱させ 寿命を短縮します
風力タービンや路灯などの危険因子もありますが 防腐用紙や建築材料の化学処理や 猫の攻撃もそうです
蝙蝠は 完全に盲目ではありません
しかし夜に狩りをするので 視覚よりも聴覚に 頼りやすいのです
昆虫や 周囲の物体の位置を 精密に把握するために 超音波の反射による 精巧な技術を使います
NTSは 国の270以上の 建物の管理を担当し 38の庭園と 7万6千ヘクタールの土地を 管理しています
訓練を受けた10人の専門家がいて 定期的に調査や寝床検査を行い 時々救出活動にも参加しています
組織はスコットランドで初めて 唯一のバット保護区を設立しました スコットランドで10種のバット種のうち8種が 住みこまれる場所である ドンフリーズとガロウェイの ザレブ (Threave) の土地です
管理人のデイヴィッド・トンプソンによると この地域は 蝙蝠の住みきりです
"Threaveには,コウモリが住んでる"
古い建物や古い木々や 住みやすい場所に 必要なものばかりがあります
しかし まだまだバットについて わかっていないことがたくさんあります この研究や 他の分野での研究のおかげで バットが 幸せになるために 必要なものについて 学ぶことができました
修前にバットが住んでいることを確認することが重要だと強調しました ひとつのバットが400匹の雌や幼生を 破壊すると 地域全体でバットが絶滅する恐れがあるからです
保護されている動物で, 法律で禁止されています. 破壊, 害害, 居住地への侵入.
保護団体のエリザベス・フェレル (英語版) 氏は 住民の支援を要請しました
バットについてまだ知らないことがたくさんあるし, 国内種の大多さの集団の状況についてはほとんど何も知らない.
レイプの容疑は否定し 弁護士はドイツ雑誌を訴える
クリスティアーノ・ロナウドは 自身の性的暴行を"偽ニュース"と 非難し 他人が彼の名を利用して メディアに浮き彫りにするつもりだと 批判した
選手の弁護士は 控訴を控えたドイツ人メディアの Der Spiegelを 起訴する準備が整っている
ユヴェントスの選手は2009年に ラスベガスにあるホテルで アメリカ人女性 カトリン・マヨルガを レイプしたとして 起訴されました
女性の主張によると,スポーツ選手は,この事件を隠すために,375,000ドルを支払ったと Der Spiegelは金曜日に報じた.
33歳のロナウドは 容疑が明らかになってから数時間後に 自身の142万人のファンに 嘘だとインスタグラムのライブで伝えた
違う 違う 違う
今日,私のことを 噂しているものは,すべて嘘だ. 五連覇選手がカメラに語った.
彼らは私の名前を利用して 市民の意識を押し付けようとしています
起こる事がある
私の名で有名になりたいという 役者の生活です
幸せで,幸せで,人生も順調だ" 選手は笑顔で言った.
プライバシー侵害の疑いとして 非難されたロナウドの弁護士は 雑誌の"Der Spiegel"を訴える準備を進めていると ロイター通信は記している.
弁護士のクリスチャン・シュルツによると 選手は"最近数年に渡って 犯された人格権の侵害の中でも 最も重大な違反であると思われる 違反行為の重大さに 相当する"道徳的損害賠償を請求する.
2009年6月に ラスベガスにあるパームズホテル&カジノの アパートで起きた事件です
クラブで出会った後に 選手の部屋に 行ったと伝えられています クラーク郡検察官事務所に 提出された書類によると
マヨルガは 事件の後に 膝をかがめて 悪い男を除いて 99パーセントは 善良だと彼に言ったと
文書の情報によると,ロナウドは 女性の性行為を認めたが, それは双方による同意だったと主張した.
警官に報告し 病院で傷害の診断書を提出したものの 後に 罰や公然とした屈辱を恐れて 訴訟を外した和解を したそうです
34歳の女性は 事件のトラウマが 継続的に重なるため 契約を解除したいと願っています
攻撃の当時,ロナウドは転職の危機に瀕していた (彼はレアル・マドリードからマンチェスター・ユナイテッドに移籍していた) そして,今夏,イタリアの巨人ユヴェは,この選手を1億ユーロで購入した.
自動車産業の喪失を英国が永遠に嘆く
企業大臣のグレッグ・クラークは,英国がブレグジット後に世界トップの自動車生産国という地位を失うことを永遠に後悔するだろう,と語りました.
自動車メーカーがドービーの近くにある ブルナストンの工場で 生産を一時停止させることになるだろうという 声明を BBCに伝えたことに 懸念を寄せていると付け加えた.
合意が必要だとクラークは言った
自動車の製造会社によると 合意のない離脱で 国境での遅れにより 雇用が失われる可能性があるという
ブルネストンのトヨタ・オーリスとアベンシス工場では 昨年15万台の車を生産し その90%は欧州連合の他の加盟国に輸出された.
"英国が3月下旬にEUから離脱すれば 工場の生産が停止されるだろう"とトヨタ・バーナストンの 取締役社長マービン・クック氏は言う.
自動車の生産者が, 国境を越えた貿易の仕組みについて合意なしにEUから離脱するかもしれないという懸念も, 存在している.
例えばBMWは,ミニキを製造するオックスフォードの工場を, ブレグジット後1ヶ月間閉鎖すると発表しました.
自動車メーカーは 懸念しているのは 合意なしの脱退で サプライチェーンに リスクがかかることです
トヨタの製造ラインは タイムリーで稼働しており 部品は37分ごとに 供給元から 到着しています
業界は3月29日にEU離脱が決まれば 生産が遅れて部品不足が起こると考えています
トヨタは,ダービーシャーの工場で, 部品の備蓄を1日以上も 維持できないので, 生産を停止すべきだと主張しています.
クラークは,EUとの将来の関係に関する,テレサ・メイの計画,チェッカーズ (Chequers) として知られている計画が, 国境での遅延を回避するために, 精密にまとめられていると述べた.
"我々は合意が必要で,最良の条件で合意し,現在の成功の成果を享受するだけでなく,新たな機会を切り開くことを望んでいる"と彼はBBCのラジオ4の"今日"で述べた.
 豊田だけでなく 他のメーカーも 確認できますが 供給チェーンが維持するために 必要なのは 極めて重要な要素です
トヨタは生産が止まるまでの期間を 伝えることができなかったが 費用の積み重ねが 工場の競争力を 長期的に損なわせて 最終的には雇用を 失わせる可能性があると警告した.
ブルナストの工場で24年間働いたPeter Tsouvallaris氏は,現在ユニットで活動している.Peter Tsouvallaris氏は,労働組合のメンバーが心配している.
政府の広報担当者はこう述べています"我々はEUとの将来の関係について, 具体的で実行可能な計画を立てました.
トランプとロゼンシュタインの会談は 再び延期される可能性があるとホワイトハウスは
"最高裁候補者ブレット・カヴァナウの議論が 継続中" "ホワイトハウスが日曜日に発表した"
ロゼンスティンは ロバート・ミュラー特別検察官の 監視を担当し ロシアによる選挙の 影響や トランプの顧問とロシア政府との 関連を調査し
ワシントンでは数ヶ月間,トランプが司法長官の補佐官を 解任するかどうかについて議論が続いていました.
ニューヨーク・タイムズの今月の記事によると ローゼンスタインは 会議に ワイヤードで来ることを検討していたそうです 大統領との会話を記録するためです また 25番目の修正案で トランプの取消の可能性も 議論されていたそうです
ローゼンシュタインは 発言を否定した
しかし先週月曜日には ホワイトハウスに 訪れたことで 辞任を申し込むと噂が流れた
代わりに,トランプとの会談は, ジュニアの国連での会見を, 予定していた木曜日に,
トランプはロゼンスタインを 解任する気はないと 発言しましたが 会議は 延期されました カバナウと 性的犯罪の容疑者 クリスティーヌ・ブラシー・フォードが 参議院の司法委員会で 証言するのを避けるためです
金曜日にトランプは カバナウに対する起訴を 捜査するために一週間のFBI捜査を命じました 決定的な上院の投票を さらに延期しました
トランプの報道官のサラ・サンダースは Fox Newsの 日曜番組に 訪ねてきました
"ロゼンシュタインの会談について質問すると 彼はこう答えました "当面 予定日はありませんが 今週に延期するかもしれません
すぐわかるわよ 報道するよ
しかし,サンダースが9月10日以降,ホワイトハウスで記者会見をしていないため, ジャーナリストは疑いを持ちました.
司会者のクリス・ウォレスも 理由を尋ねました
記者会見の稀さは 番組の報道関係者の センセーショナルな行動に対する 反対感のせいではないと 回答したサンダースは "私は彼らがセンセーショナルな行動をしているという事実を否定しない"と付け加えた
その後は,トランプと報道関係者の間の直接的な会談が 頻繁に起こると示唆しました.
インタビューの時間も 半額で与えています インタビューの時間も 半額で与えています インタビューの時間も 半額で与えています
記者会見は続くと 桑ダースは言いました しかし 報道陣が 直接大統領に質問できるなら 私に話すより 光年が良いのです
報道陣はよくこう言うが ここ数週間で 繰り返し繰り返し 報道陣はホワイトハウスに 記者会見を控えて 大統領と直接会談を している
トランプはホワイトハウスを 出て行くたびに 記者からの質問に答え 訪問先の関係者との 報道会や 公共のイベントに 参加する
しかし 記者会見は めったにないものです
理由を今週ニューヨークで 明らかにした 大統領が 異常な行動をとり 記者団の前で
保健部門の幹部は,EUのNHS Scotlandの職員に,ブレグジットに関する懸念について書きました.
保健局長はEU加盟国からのNHSの従業員への感謝の意を表し "Brexit後も残っているよう願っている"と強調しました
スコットランド国会議員であるジーン・フリーマンが 離脱の6ヶ月も前に 送った手紙です
スコットランド政府は 脱退した公共サービスで働くEU市民の 居住申請に関する費用の支払いを 承諾しています
フレイマンはこう書いています "英国とEUの離脱交渉は夏に続き, 秋には決定が期待される.
合意のないシナリオの準備も行われている.
心配な状況に 陥っていることは理解しています
だから チームの一員として 国の違いなく 皆さんの努力に 敬意を表したいと思います
医療機関には 異なるEU加盟国や 海外から来た スタッフが 宝貴な経験と専門知識で 貢献しています この経験と専門知識は 患者や 私たちが奉仕する コミュニティにも ポジティブな影響を与えているのです
スコットランドはあなた方の故郷です. 滞在をお願いします.
クリスティーン・アバークロンビーは 頭部に損傷を負って 緊急手術を受けました
テンネシー州立タイガースのラインバック クリスティオン・アバークロンビー (Christion Abercrombie) が 緊急手術を受けた. テンネシー州立タイガースのラインバック クリスティオン・アバークロンビー (Christion Abercrombie) が 緊急手術を受けた.
テネシー州立大学の ロッド・リード監督は 報道陣にこう言いました "この怪我は 試合終了直前に起こりました"
岸辺まで歩いてきて 倒れたんだ
コーチと医療スタッフは 競技場の端でアバークロンビーを 酸素を与えました その後 床に載せて 検査を続けたのです
テネシー州立大学の職員が WSMVの記者 クリス・ハリスに語ったところによると アバークロンビーは ヴァンダービルト医療センターで 手術を受けています
ハリスは 傷の種類と程度については 詳細を明らかにしていないと 付け加えました 田舎の州は 傷がいつ起きたかを 調べようとしています
アベルコムビーは 卒業後 卒業生として 初めてのシーズンを過ごしています
レースを去る前に 合計5回の 勝利を記録した 今シーズンは18回目
海外の顧客は英国で購入した不動産に 高い料金を支払わなければなりません
Torykの新計画では,海外の買い手はイギリスで購入する不動産に 高い税金を支払わなければならず, 余分な収入を 住居のない人々を助けるために使います.
選挙で,若者投票者の間で カービンが獲得した成功を 否定する
税金を引き上げるのは イギリス以外で 税金を払う人
財務省の計算では,これは年間1億2千万ポンドの収入で, ホームレス支援に充てられるでしょう
海外の購入者は英国で購入した不動産に 税金を引き上げ 余剰収入はホームレスの支援に 使うとTheresa Mayは本日記者会見で発表しました
恐らくこれは 選挙人選で若者投票に 成功したジェレミ・コービンの 支持を相殺する 行動の理由でしょう 低価格住宅と高所得者向け政策の約束で
税金を上げるのは 海外で税金を払っている個人や企業で 収入が増加すると 住宅ローンの削減に役立てられます
税額は2年前には2つ目の住宅や 購入目的の不動産に課せられた 税額より 高い税金に加えられ 3%まで 増加する可能性があります
財務省は,この措置により年間1億2000万ポンドの収入を期待している.
ロンドンの新築住宅の13%は 外国から購入され 価格が上昇し 住宅購入者が苦境に陥るという 予測がされています
豊かな国土の多くの地区は 幽霊都市に変わっています 特に首都は 外国からの顧客が多くて その大半は国外で過ごしています
議会は 議会が 予算を削減する提案を した数週間後に 議会は 予算を削減する提案を したばかりで
建設業の大手企業が 土地の購入や 土地の放棄を習慣にしていたことで 住宅価格を高めていると非難し 住宅価格の制限を撤廃し 住宅市場における不公平な状況に 取り組むよう メイに要請した
住宅改革の提案を発表した. 賃料規制と不当な解散の廃止など, 提案のいくつも挙げられます.
住宅を建ててもらうために 議会に権限や機会を 与えられるでしょう
"昨年,私は首相として, 国の夢を叶え, 世代ごとに,より良い生活を 築くことに努めたいと言いました.
土地の市場を 整理する事が必要だ
イギリスは,いつも通り, 住み,働き,家族を持つために オープンです
しかし 海外の個人や 外国企業に 土地を簡単に 買えるようにするのは 間違っていることです 働くイギリス人と同じです
家庭という夢は 殆ど達成できないものになり 住居のない生活は 容易に手に入るものとなりました
ジャック・ロス: "スコットランド代表の監督を 目指したい"
サンドランドの監督 ジャック・ロスによると スコットランド代表の監督になるのが 彼の最大の夢だ
42歳のスコットランド人監督は プレミアリーグで3位に落としてるノースイーストを 復活させるという挑戦に 挑戦したいと願っています
スタジアム・オブ・ライトに 移転した. セント・ミラーンを イングランドリーグに戻した.
選手として 自分の国のために プレーしたいと思った
"残念ながら 予備チームにしか入れられませんでした" スコットランドのBBCスポーツサウンドで ロスはこう語った
子どもの頃 スコットランドの試合を 父と一緒によく見ていました
クラブのマネージャーとして成功するしかない
サンドランドの監督として,ロスの前身はディック・アドボカート,デイビッド・モエス,サム・アルダーディス,マーティン・オニール,ロイ・キーン,ガス・ポエット,パウロ・ディ・カニオ.
アロア・アスレティックの元監督は 偉大な選手の足跡を踏むことに 興味がないし バルンズリーやイプスウィッチの 申し出も 拒否したことがある
チームをトップクラスに戻せるか ということに今のところ 評価を委ねている
クラブの構造と施設を考慮すると 間違いなくトップリーグの 場所だ
戻るのは簡単ではないが クラブを戻せるなら 成功を収めるだろう
ロスの監督としてのキャリアは3年しか経っていない. ダンバートンの副コーチとして, 15ヶ月をハートスの監督として過ごした.
その後 アオラが3部に落下し 破局の危機から立ち直り シーズン2で優勝を勝ち取った
ロースは彼のキャリアの中で クライドやハートルプールやファルキークやセントミレンやハミルトン・アカデミカルなどに 行ったことよりも自信があると言っています
決定的な瞬間だった は"アルオア"のコーチとして過ごした時間を思い出した
 明らかに 管理職は プレーヤーより 私に適っていると思った
変な話だけど 頑張ったし 頑張ったし 思い出に残る瞬間もあった
しかし 選手の生活は 時にとても厳しいものです
毎週 沢山のことが起こります
ストレスや仕事へのプレッシャーも 乗り越えなければならないけれど 管理職の仕事は 疲れ切っています
管理職に憧れていましたが 管理職に憧れてきたのは 経験したことで 今では成年になってから 身体の最も良い部分に 感じています
"スポーツサウンド"のインタビューは 9月30日 午後12時から13時まで スコットランドラジオで放送されます
研究によると,土曜日の午後5時半に 一番良いビールが飲める
夏の熱波で 困窮したイギリスのパブが 大きく増加しましたが 飲食店のチェーンには プレッシャーは残っています
集めたデータによると パブやバーの収入は 7月に2.7%増えたが レストランの収入は 4.8%減少した.
統計をまとめたビジネスコンサルティング会社 CGAのピーター・マーティン氏はこう述べています "太陽の季節とイングランドが予想より長い期間 世界選手権に出場したことで 酒屋の売上高は前月の傾向を続き わずか2.8%の伸びを記録し 店の売上高はさらに減少した"
レストランの収入は6月の1.8%から 悪化し 7月にさらに悪化した.
酒類が主として売られているパブやバーが 売れ行きを上回り 売れ行きが増加しました
食事ばかりのパブも ひどい日焼けに晒されましたが レストランの店員ほど ひどい日焼けはしていません
飲みたい気分になるようです
飲食業のパブやバーの飲料収入は この月 6.6%増 飲食業の収入は 3%減少しました
休憩・ホスピタリティ業界RSMのアナリストであるポール・ニューマンは こう述べています "この結果は4月末以来の傾向を反映しています
気候や 大規模なコミュニティーやスポーツイベントは 娯楽やホスピタリティ業界にとって 収入の主要な要素です
驚くことではないが チェーン店は苦境に瀕しており 年間4.8%の収入が 減っていると 経費が減っているという状況で 痛みを感じています
長く暑い夏が 店員にとって 最悪タイミングで 訪れたのは ほんの少しだけですが 8月の温和な天気は 店員にとって 緩和をもたらすかどうかは 時間がかかって 明らかになるでしょう
店の総売上高は 新規店を考慮して27%増加し ブランドの導入が減速したのが表れています
Coffer Peach Trackerは,英国のレストラン,バー,パブなどの 営業部門の売上を監視し,業界的に広く受け入れられている指標として, 47か国の事業者のグループ,合計9億ポンドの売上を集めて,その業績を分析しています.
子どもの5人に"人が ソーシャルメディアのアカウントを持ち 両親から隠している
子どもの5人に"人が 11歳までに ソーシャルメディアのアカウントを持っていると 調査され 両親や教師から 隠されていると 報告されています
学生2万人を対象とした調査によると フェイスブックに 投稿する人数が増えている
報道のせいで セクハルのコンテンツの共有に対する 恐怖が強まる
学生の20%は 親が見られる"本"を持っていると答えました
5人に"人の子供が ソーシャルメディアのアカウントを 作成し  بالغから隠しています
高校生2万人を対象とした調査によると フォト共有サイトインスタグラムの ユーザー数は急増しています
ニュースで性的なコンテンツの共有が 懸念されるようになりました
学生の20%が 両親が見られる 汚れのない本棚の帳簿と プライベート帳簿も持っています
ある母親は 13歳の娘の 秘密サイトに偶然 辿り着き 少女のプロフィールに "レイプしろ"と書いてありました
デジタルアワーネス・UKと 独立学校の校長と校長を代表する Headmasters and Headmistresses Conference (HMC) の調査によると 11~18歳の生徒の40%が 2つのプロファイルを持ち 50%がプライベートなアカウントを持っていると認めています
"オンラインで親や教師がアクセスできないような 空間を作らなければと 思われる若者が多いのは 憂慮すべきことだ"とHMCの責任者マイク・ブキャナン氏は述べました
スコットランド選手団の スポーツの声になる
エイリッド・ドイルは 理事会の年次総会で スコットランド競技協会の 常任理事に選出された
スコットランドの最優秀選手で 競技委員会の議長である イアン・ビッティーは "彼の過去10年の 幅広い国際経験は 決定を下すスポーツに 価値ある助けとなるだろう"と 語った
"エリッドはスコットランドやイギリスや 国際的なアスリート界に 高い評価を受けています 彼の存在は スコットランドアスリートの 発展に役立てます"
ドイルはこう述べています "私はスポーツ選手たちの声として 喜んで活動し スコットランドのスポーツ指導者たちの 仕事を本当に助けたいのです"
常連BBCの番組で 専門の講演者として 紹介されているアメリカ選手は 1996年のアトランタオリンピックで 200mと400mで 4つのオリンピック金メダルを獲得しましたが 暫定的な循環障害により 車椅子で走行しています
ツイッターで"1ヶ月前に脳卒中になりました
歩けなかった
医者は私が回復するかどうか 時間が経つと分かるだろうと言いました
身体を鍛えようとしましたが 完全に回復して 歩けるようになりました
励ましのメッセージありがとうございました
牛の母子に似た 胸の吸い込み広告が ネット社会を 引き裂く
乳房の製造業者による 乳房の広告が ネット上で議論を巻き起こしました 乳母を牛に比べた広告です
エルヴィーは世界初の 音のない 携帯可能な乳房を 開発したと主張し 商品の発売は 皮肉な広告で宣伝され ミュージックビデオを引用して 乳を搾る母親に 乳房で働く自由を 提示した
ストロウで一杯の牛の小屋で 4人の母親が踊りながら 背景から歌詞が聞こえる ほら を噛むのに 尻がないわ を噛むのに 尻がないわ 胸じゃないのに 胸が違うのに
はこうです             
フェイスブックに掲載された広告は ネット上で議論の火口となりました
ビデオは7万7千回以上再生され, 意見も何百回ものありました. 広告は, 乳業の悪行を嘲笑している,と多くの人が言う.
牛の口味が悪いと 宣伝する
乳児を産むときのみ 牛乳を産み出しますが 羊は数日で 失われます"
乳房用用乳房用 (Elvie/ Mother) 容器に 慎重に配置することができます
ひどいのは母と小牛のことです
でも 乳房を売るのに使うのは 赤ちゃんを産む母に 乳房吸い器を売るのに使うのは 悪いことじゃないですか?
"全く無意味な広告だ"と別の声で
広告を擁護する人もいましたが ある女性は"ビデオは面白かった"と 告白しました
素晴らしいアイデアだ
乳房で育っていたら すぐ買ってあげたのに
私も牛のように感じました
馬鹿な広告だから もう見ようとしない
商品は 素晴らしい
職場やトイレで母乳をぐ母親たちには 面白い広告だと言われており っている母親たちは っていると感じている.
乳業界は 賞賛も非難も しない
ビデオの終わりには 女性が ダンスをしている間 胸に隠し吸い器を 持っていることを示しています
女性は乳房を吸うと 牛のように感じるという感覚を キャンペーンで取り上げています
静かな Elvie Pumpは 配線やチューブなしで 乳房の胸に 静かに置かれます 乳児の動きを自由にさせ 赤ちゃんを手にしたり 乳房から 離れるようにします
"Elvie Pumpは革命的な製品で 勇気ある 挑発的なやり方で宣伝されなければならなかった"
乳母と乳母牛の類似を挙げて 乳の使い方の課題を 認識させたいと考えました 乳が与える自由感を 面白く感じさせたいと考えました
エルヴィーの胸のが ニュースになったのは初めてではありません
ロンドン・ディバテで 2人の子供の母親が マルタ・ジャクボウスキーという格好で 商品の利用中に ランクに飛び込んできました
テキサス州国境のキャンプに 隠された移民の子供たちが 何百人もいます
収容された移民の児童数は 記録的な数値に達しましたが 国境を越える毎月の数は ほとんど変わっていません これはトランプ政権の 厳しい言辞や 政策が 受け入れ家を確保する難易度を 上げていることにも関わらずです
受け入れ国は 移民が不法入国している国なので 受け入れ申請をすれば 留守権が損なわれる という恐れがあります
この脅威は 6月にさらに拡大しました 保護者の申請者や 家庭内の成人には 指紋を押され 移民当局に情報を共有すると発表されました
マシュー・アルバンス移民税関局長が 議会で証言したところによると 無人連れの未成年者を 収容するために申請した数十人の人が 逮捕されたというのです
捜査局は後に 逮捕された人の70%が 犯罪歴のある人だと確認した
移民の80%は 違法入国者であり 有罪判決を受けた犯罪者でもあります
更に,我々は,このような個人を 探し求め続けると,アルベンセは述べました.
児童の取扱いを早めるため 児童の取扱いは 拘留から"ヶ月以内に 裁判所に出さなければならないという 規則が新たに制定されたと 社会福祉福祉担当者は言う
住民の多くが ビデオ会議で 裁判所に 直接出廷する代わりに 居住許可を申請しています
裁判官が法的な保護を 認めない場合 移民はすぐに追放される
拘留期間が長くなるほど 子どもの不安や鬱状態が悪化し 暴力的脱出や逃亡の危険性が高まるという ソーシャルワーカーの報告も ここ数カ月で
児童の数は 心理的支援が必要な人数を 特定するのが難しいという トーニッロのような施設が 存在すると リスクが高まるという 権利擁護者の見解です
施設に連れて行く前に 準備や友達との別会を しないことで 子どものトラウマが 更に深刻になるというのです
シリアはアメリカ,フランス,トルコの 占領軍に即時撤退を要請した
国連総会で演説した シリアの外務大臣 ワリド・アル・ムワレムは シリア難民の帰還を 呼びかけた.
副首相のムアレムは テロとの戦いとして 外国軍がシリアに不法入侵したとして 対応すると主張した.
"即座に,無条件に 退去せよ"と
2011年以来,シリアで3万6千人以上の死者, 数百万の難民が 避難を余儀なくされた.
シリアの領土をテロリスト集団と 違法外国人の存在から 完全に解放するために 闘うことを宣言しました
シリアには2000人の米軍がいて その多くは訓練官や助言者として シリアのクルド軍や バサール・アル・アサドの 抵抗を続けているアラブ民兵を支援しています
フランスが"千人以上の兵士を 紛争地域に送った
難民の件に関して,ムアレムは,難民の帰還に適した状況が整っていると主張し, 欧米のいくつかの国が, 難民を帰還から遠ざけるという非合理的な恐怖を助長しているだけだと主張した.
"我々は国際社会と人道団体を呼び戻すため,難民の帰還を促す"
純粋に人道的な問題から政治を立てた
米国とEUはシリアの再建支援を 停止すると警告しています アサド政権と反体制派が 終結に向けて合意するまでです
国連の外交官は,ロシアとトルコが 紛争地帯を 結成したことで, 交渉が進める可能性を示しています.
ロシアとトルコとの合意により ロシアが支援したシリア政府軍が 300万人の住民の領土に 広範な攻撃を仕掛けるのを防ぎました
しかし,ムアレムは,合意には明確な期限が定められていると強調し,軍事行動がジハード主義者,すなわちアルカイダに属するヌスラ戦線を根絶させるのみに向けられることを希望した.
国連大使のスタッファン・デ・ミストゥラは シリアの戦後の憲法の作成と選挙の準備を担当する政府と反政府代表の委員会が 招集されることを願っています
ムアレムはシリア政府の参加を条件に設定し,例えば"現在の憲法のいくつかの条の改正"を許容し,いかなる外部関係者にも介入を禁じました.
選挙に勝つために
この論理では トランプ氏は 2020年に再選されることになるでしょう 民主党のリベラル派支持者の期待が 実現しない限り 起訴やスキャンダルが 政権を早めに終わらせない限りです
史上最高の大統領選の決勝戦になる
しかし今のところ 観客は 楽しんでいる
2014年以降 CNNの視聴回数は 100万人に2倍になり MSNBCの視聴回数は 160万人に3倍になりました
ニーセン社のデータによると Fox Newsは4年前より24万視聴者を 視聴率の平均で引き上げていますが 4年前には170万だったのに MSNBCの『The Rachel Maddow Show』は 視聴者数が最大で ケーブルテレビの350万視聴者が 視聴率を上げています
"火のように惹かれるのは 分からないものだからだ"とABCのドラマ『A Survivor』の 製作責任者であるニール・バーは言います このドラマでは 政府の下級大臣が 首都が攻撃され破壊された後
退役漫画家であるネル・スコヴェル『Just the Funny Parts: And a Few Hard Truths About Sneaking Into the Hollywood Boys』の著者は 違う見方を示しています
2016年の選挙前 ボストンタクシー運転手の一人が 言ったことを思い浮かべてください
運転手さんはトランプに投票すると言った.
なぜ? スコヴェルが彼に尋ねたから
運転手は笑って言った
混沌の楽しさです
もちろんテレビ番組とは違って ワシントンD.C.から 流出したニュースは ロー・対・ウェッド事件のような 裁判の運命や 移民の家族再会や 世界経済の安定を 決定する要因となります
ほんのわずかの人だけが この事実を無視できるのです
でも 責任ある情報収集には 欠けています 6時間以上 匿名の裏話の真偽を 調べているのは ボブ・ウッドワードの 『人生』です ポール・マナフォートの 15,000ドルの牛の皮のジャケットとか ストロミー・ダニエルが 自身の身体を形にした 傲慢さの衣装とか ストロミー・ダニエルが 自身の身体を形にした 自身の身体を形にした 発言の 影響についてです
これからは スーパーマリオの 思い出になるわ
"毎晩新しいことを 見ているような 気分になる"と Wheelhouse EntertainmentのCEOで"スターズ"の製作者であるBrent Montgomeryは言う. "トランプの番組は 登場人物の交代を繰り返し,毎日新しい展開が起こっています (NFLの"スターズ"は Kim Jong-unを称賛する) "
片方を逃したら すぐ落下する
川上では26度晴れで フライスに連絡したのですが 彼は自宅でMSNBCを 視聴しながら CNNの番組を 録画していました
ブラット・カバノの審問が始まると 番組は消えませんでした 審理は上院司法委員会で 審理が始まると 裁判所の将来が 危機に瀕していました
"あの狂った番組を制作した頃は 多くの人が言ったわ 西洋文明の終わりの始まりだ"と フリースは言う
冗談だと思ってたけど 本当だったみたい
エイミー・チョジック ビジネス,政治,メディアの 記事を書いているThe Timesの 著書『Chasing Hillary』の 著者
両党とも 資金を投じています 議会の選挙の最前線に
ペンシルベニア州 17 番目の選挙区で 選挙区を切り替えると 選挙区を切り替えると 選挙区を切り替えると 選挙区を切り替えると 選挙区を切り替えると 選挙区を切り替えると 選挙区を切り替えると 選挙区を切り替えると
民主党のコンナー・ランブが 選挙区を争っている 選挙区は新しく改名されました 彼は昨年春の 選挙で当選しました
ラムの対戦相手は共和党の キース・ロスフス ペンシルベニアの12区の 代表として現在 17区と重なり合っている
ペンシルベニア州最高裁判所が 1月に 郡庁の過去の選挙区画が 共和党に有利に 操作されたと判断したため 土地の地図を改造する必要がありました
17区の選挙で 民主党と共和党の資金提供機関が 競り合いました
ラムはペンシルベニア州で有名になった. 3月に,ペンシルベニア州第18選挙区で, 選挙戦を勝ち取った.
共和党の選挙区は 10年以上に渡って 共和党の選挙区は ドナルド・トランプが 20ポイントも優位に勝ちました
政治専門家によると 民主党の勝利率は 少し高いと
米国は中国の支援を理由にエルサルバドルに制裁を課すことにしたが,その後,計画を中止した.
外交官によると ドミニカ共和国とパナマは 北京に協力しつつ ワシントンは反応しなかった
2017年6月,ドナルド・トランプはパナマの大統領であるフアン・カルロス・ヴァレラと 機嫌よく会談し, パナマのホテルを経営していました.
台湾の支援を断ったことで, 米国大使館の幹部を,エル・サルバドル,ドミニカ共和国,パナマから呼び戻した.
しかし制裁はエルサルバドルに対してのみ検討され 2017年には 麻薬対策や開発 経済的支援などで 約140万ドルものアメリカ援助を受けています
財政援助の削減や 対象のビザ制限といった 提案された制裁措置は 失業率や殺人率が非常に高い中米の国にも 痛烈な影響を及ぼすことになります
閉会会議が続いていて 北中米の関係者は 去年の会合の続きとして 決定された高水準の安全保障と経済会議を 延期しました アメリカへの移民の減少を 優先したものです
9月中旬に 政府の幹部が 会議を開くことを 明らかにし エルサルバドルを 罰する意図はないと 明らかにした
10月中旬に予定されている 会議で 副大統領マイク・ペンスも 演説をすると発表され 外交官たちは このイベントが 政権にとって重要であることを 明らかにしていると語る
3人のアメリカ代表は エルサルバドル,パナマ,ドミニカ共和国へ 黙って帰りました ワシントンは非難の声明も 処罰措置も 起こさなかったのです
ホワイトハウスのスポークスマンである ジョン・ボルトンは 3人のアメリカ官僚と 2人の外交官が 匿名で話した議論の詳細について 発言を拒みました
政府の関係者による分析も 支持され 匿名で発言を余儀なくされた
歴史的な経験
次の打撃は ロバート・ミュラー特別検察官による 報告書であり トランプ氏が司法の妨げになったか 調べているという事実が 明らかになったこともあります
ミュラー捜査は,トランプ政権がロシアと 選挙に影響を及ぼしたかどうか, 調べているとされています.
民主党が議会で 優位になれば 選挙人の判断に 直面するトランプを 責めることになるでしょう
疑問はたくさんあり,トランプの敗北は 避けられないものではない.
重要な決断が 迫りつつあるのです 長い戦いには 左右されるでしょう
1938年,多くのドイツ軍将校は, ヒトラーを撃つ準備ができていました. そして,西側がチェコスロバキアと共に ミュンヘンに集まるのを待っていたのです.
援助は不足し 血流が続く 年間を防ぐことができなかった
このような歴史的転換期において 民主主義の進化は 加速するか 遅くなるでしょう
今日アメリカでは このような転換点が 複数見られます
司法長官のロッド・ロゼンスタインが 捜査の監督を 辞任したらどうなる?
ローゼンシュタインの椅子が去年から揺れている 報道によると ローゼンシュタインは 大統領との会話を録音し
ロゼンシュタインは"タイムズ"が 事件を誤って報道したと 指摘しています
レイク・カヴァナウグの捜査が 偏った結果と 完全でない結果と判明し 性的虐待の疑惑が 真実だと判断されても 裁判所の判事として 任命されたら どうなるでしょう?
そして最も重要な質問です 議会の中間選挙で 議会はトランプを 責任に 負うのか?
民主主義の長い冬が 待ち受けているのです
私はそうではないと確信しています 特にプラハでの経験から
母はチェコスロバキア系ユダヤ人で ナチス政権によって アウシュビッツに 強制収容されました かつて大使館の住んでいた建物に 収容されていたのは同じ政権でした
母はホロコーストを生き延びて アメリカに移民し 60年後には のサインを掲げて サブタンの日に ろうそくを灯すようにと頼みました
文化遺産を手にしているのに 未来を悲観的になれないの?
ノーマン・アイゼン氏はブルッキングス・インスティチュートでシティーズン・フォー・リスポンシビリティ・アンド・エシックス・イン・ワシントンで上級研究員で"The Last Palace: Europe's Turbulent Century in Five Lives and One Legendary House"の著者.
ラングラーズのグラハム・ドランスはラピッド・ウィーンと試合前に 楽観的だ
ランジャーズは木曜日にラピッド・ウィーンと対戦し オーストリアに勝利し ヴィリアルの予期せぬ勝利を勝ち ユーロリーグのグループGに ランジャーズは入ります
選手のグラハム・ドランスは 膝の怪我で ヴィリアレアルとの2対2の試合まで プレーできませんでしたが この結果により ランジャーズは より大胆な目標を 設定できると思います
"ビリアリエルの戦いは素晴らしいチームだった" "31歳の選手はこう言った"
ポイントを1つ持って来ることができると信じた
試合の最後にゴールを 打つこともできたけど 引き分けもできない
試合は半減して 試合は終わりました
木曜日は,ヨーロッパで重要な試合が もう一つ起こります.
3点を取って欲しいけど 簡単じゃないよ 前試合で良かったけど 応援団がいて 勝つ力がある
昨年は大変だったわ 怪我をして クラブの周りも変化が多かったけど 今は楽観的な気分だ
チームもいいし 試合も楽しいし 練習も上手く行く
期待したいのは,全力を尽くせば, 前のシーズンを乗り越え, 素晴らしい結果にたどり着くことだ.
貯金不足が心配になる女性も多い
回答者は 介護の仕方を 明確に理解していたのですが 家族に相談したのは わずかでした
Nationwideの調査によると 回答者の半数しか 老人世帯の費用を 配偶者に相談していないというのです
子どもの話をする人は10%でした
"家族に介護されたいという 話題は話題にされず"と ナショナライドの生命保険部門の副社長 ホリー・スナイダーは言います
すべきことは次のとおりです
まず 配偶者や子供に相談してください 必要なことを早く言わないで 十分なケアができないと 思うかもしれません
介護の場所や種類を 相談して決めることです 後の費用にも影響します
財務顧問を雇って 計画されたケアを 支払える方法について 役に立つアドバイスを してくれます
資金は 伝統的な年金保険で提供されます 貯蓄とハイブリッドの生命保険で 費用をカバーできます
法律上の書類を用意してください 訴訟の可能性を回避します
医療問題について 代表を任命し 医療の管理を担当し 連絡が取れない時も 期待通りに処理してくれる 信頼できる人を 任命してください
財務の管理も任せろ
信頼できる人物は 必要な財務の決定をし 支払いができないときに 支払いをします
細部まで注意してください 高齢の親が 病院へ向かっているとします
薬の質問や アレルギーについて 答えてもらえますか?
記録を書き留めて いつでも使えるように
財務上の問題だけでなく 医者の立場も重要だ
薬の種類は? 薬の種類は?
誰が犬を飼ってくれるの?
計画的に進めなければ
イルフラコンベで 男が空気砲で撃たれた
ある男性が 夜の番組を後にして 帰り道に 空気機関銃で 撃たれ 撃たれ
被害者は40代で デボン州のオックスフォード・グローブという イルフラクームの 胸部,腹部,手部に 発砲されました
警官は, 銃撃事件は,現地時間2時30分に起こったと報告しています.
被害者は犯人を見なかった
負傷は危ない 目撃者を捜索中
インドネシアで地震と津波
インドネシアのパルタ市で金曜日に 発生した地震と津波で 少なくとも384人が死亡し 死亡者数はさらに増加する可能性があると 当局者は言う
地域の通信網も壊れてしまいましたが 7.5の地震の震源地である パル北のドンガル地方から 連絡は取れていません
パルブ市では16,000人以上の住民が 避難を余儀なくされました
島に含まれるパルとドンガラの重要な特徴は
セルベス島の西海岸に,狭い湾の端に建設されたパルーは, 2017年の推定の人口は379,800人でした.
建国40周年を迎えていましたが 地震と津波に襲われました
ガラ州はセレベス島の北西海岸に 300キロ以上も広がっています
県より小さな行政区である州は,2017年に約299 200人の人口を抱えている.
中部には主に漁業と農業が中心で 特に東の沿岸部に
鉱業は経済的に重要な産業ですが セレブスの向こう岸にあるモロワリに 集中しています
インドネシアの災害管理局によると パルートとドンガラは 過去100年に何度も 洪水で襲われました
1938年の洪水で 200人以上が死亡し 百もの家が破壊されました
1996年,西ドンガラに 洪水が襲い, 9人が死亡しました
インドネシアは 地質学的に活発な太平洋の火の輪に位置し 地震が頻繁に起こる
ここ数年 発生した地震と 噴水による地震の例を挙げると
2004年12月26日,アチェ県の西岸で巨大な海震が始まり,14カ国を襲った津波を引き起こし,インド洋沿岸沿岸で226,000人の命を奪った.犠牲者の半数以上がアチェで死亡した.
2005年3月下旬から4月上旬にかけて シュマトラの西岸に 連続地震が起きました
島は,近隣のスマトラのニャス島で 数百人が死んだ.
2006年 インドネシア最大の島であるジャバの 南部に 6.8の強度の地震が起こり 洪水が起こり 南部沿岸部で700人近くが 亡くなりました
2009年:マグニチュード7.6の地震で西スマトラ州の首都パダン近くが 破壊されました
1,100人以上が亡くなりました
2010年:マントワイ諸島群の島の一つであるスマトラ島で, 7.5の強震が起き, 10メートルほどの砂が噴き,数十の村が破壊され,約300人が死亡しました.
2016年: アチェ・ピディ・ジャヤ州は 地上から震が襲い,その後のパニックと破壊は 2004年の巨大な津波を思い出させるものとなった.
洪水は発生しなかったが, 100人以上の住民が 崩壊した建物の下で死亡しました
2018年 インドネシアの観光地ランボックで 震災で500人の命が失われ,大半が北部で
何千もの建物が破壊され 何千もの観光客が 島に一時的に 閉じ込められました
サラ・パリンの長男が 家庭内暴力で逮捕
トラック・ペイリン 元アラスカ州知事 サラ・ペイリン 副大統領候補の息子が 身体的虐待の容疑で 逮捕されました
29歳のペイリンは アラスカ州ワシラに住み 家庭内暴力の容疑と 家庭内暴力の通報を妨害し 逮捕に抵抗した容疑で 逮捕されたと アラスカ州警察が発表しました
警察の報告によると 女性の知人が警察に電話をかけて 犯罪を報告しようとすると 女性の携帯電話を盗まれたそうです
パリンはマット・ス刑務所で 拘束され 500ドルも保釈を命じられたと KTUUは発表しました
裁判にかけられたら 罪を問われた
パリンは3つのA級違反で 懲役4年 罰金25万ドルを科せられる
更に,B級違反で 逮捕され,一日間の 服役刑と2000ドルの罰金を科されます
パイリンが法律と衝突するのは これが初めてではない
2017年12月 容疑は 父親のトッド・パリンを 襲ったこと
母親のサラ・ペリンが 事件を警察に報告した
裁判は アラスカの退役軍人裁判所で 進行中です
2016年1月に 家庭内暴力と 犯罪の告発妨害の罪に起訴され 事件に関連して 酒に酔った状態で 武器を所持していたと訴えた
その時の友人は,彼が顔を殴ったと証言した.
2016年に サラ・パリンは 多くの退役軍人団の 代表団から批判を受け 息子の行動を イラクでの戦後のストレスに 結びつけました
インドネシアで地震と津波で 何百人もの死者
インドネシアのセレベス島で金曜日の地震で 少なくとも384人が死亡した.
震度7.5の地震は,海を起こすために,何千もの住宅を壊滅させた.
電気通信のシステムは 停止しており 死亡者数は 増加する見込みです
地震の中心はインドネシアの首都ジャカルタの北東にある 中央のセレベス付近でした
ソーシャルメディアに 台風の映像が 飛び交っています
百人以上がパルーの海岸で 祭りを祝った時 洪水が岸に降り注ぎました
連邦検察はニューヨークのテロ事件の容疑者に死刑を言い渡すよう要請した
ニューヨーク州検事局は 1953年以来死刑執行を未遂にした ニューヨーク市での8人の命を奪ったテロ事件の容疑者である サイフル・サイポフの死刑を訴えています
30歳のサイポフは 10月,ホームデポットから借りたトラックを運転し, 下マンハッタンのウエストサイドハイウェイの自転車道に突っ込んで 歩行者や自転車に乗っていた人たちを 倒した.
検察は サイポフが8人の犠牲者を 意図的に殺害し 負傷させようとした 証拠を提出しなければならない 検察はニューヨーク市南区の 検察官事務所の書類に
提出された文書によると この2つの罪状のいずれかを 証明すれば 死刑が執行される
事件から数週間後 サイポフは22の罪で起訴されました その中には 組織犯罪を抑制する目的で 略奪を目的とした8件の殺人罪と 自動車を破壊し破壊した罪が含まれています
検察は この攻撃には "計画と意図が 大きく必要だった"と訴えるが "サイポフは 然と 残酷で 人道的だった"と訴える
 サイフーロ・ハビブルレヴィッチ・サイポフが 痛みを加え 損害を及ぼした   ディエゴ・エンリケ・アンジェリーニ,
5人はアルゼンチンからの観光客だった
死亡刑の判決は 裁判官の判断によるものです
カリド・バーネスは 麻薬ディーラーを2人殺した罪で有罪判決を受け 2009年9月に終身刑に処せられました
ニューヨークの連邦裁判所で 1953年に死刑判決が執行されたのは ジュリアス・ロゼンベルグとエテル・ロゼンベルグの事件で 2年前 判決が下されたのは 冷戦中にソ連にスパイを仕えた罪で
1953年6月19日に 電気チェアで処刑された
裁判記録によると 襲撃後数日か数ヶ月で 悔いはなかったという
尋問中に 喜んでやったと 言ったのです
サイポフは彼の携帯電話で ISISのビデオを 調べたことで 攻撃のアイデアを 掴んだと訴えた
警察によると,彼女は病院の部屋に ISISの旗を掲げてほしいと頼んだそうです
22件の罪名について 潔白な態度をとった
サイポフを代表する 検察官のデイヴィッド・パットンは 検察官の決定に 失望したと述べた
"死刑は,この事件に関与した全ての人たちの苦しみを延ばし続けるだけだ"とパットン氏は言う.
サイポフの弁護団は 検察に 死刑の判決を控えることを 求めていた
保守党議員は,NIGEL FARAGEがBrexit交渉を主導すべきだと主張した
ナイジェル・ファラージはトーリー党会議のデモで "人民の軍隊を戦いに招く"と宣言しました
首相の党友が ファーガジにEUとの交渉を任せろと言った後 政治家たちは ユーロ懐疑派の圧力を 感じなければならないと前述した.
保守党のピーター・ボーン氏は ブルームバーグの集会で ファーゲが英国離脱大臣だったら 離脱していただろうと発言しました
メイを非難する党内圧力をよく表すのは 離脱党のトーリーは 都市で反ブレグジットデモを 呼び起こしたことです
首相はチェッカーズ計画に 立ち向かおうとしているが これは離脱派と留守党とEUとの 交戦を要する
連合国側は 否定的な反応にもかかわらず ユーロ懐疑派と労働党が 合意を結びつけ 合意の選択肢を 選択させようとしています
脱退は脱退を意味する ソリフールのデモでボーン氏は "Chequersの取り決め"を廃止すべきだと語った.
ファーレッジを英国下院に 任命し ブリュッセルとの交渉を 任せると提案した
"彼が交渉のリーダーだったら もう出て行っただろう"
ウェリングボロー議員は"Brexitは支持するけど チェッカーズ・アルクには反対する"と付け加えた
ヨーロッパの政治を批判してこう言ったのです "我々は戦争に参戦したのは 他人の奴隷になるためではない
法律を作ろうとしているのは我々だ
ボーンは2016年の選挙以来の 国民の態度が変わったという説を否定し "英国国民が 意見を変えて 留守を希望しているという事実の根拠はない"と断言した.
首相のドナルド・トランプは 記者会見で"首相は国民の声に耳を傾けよう"と 呼びかけました
チェッカーズ協定は 国民に拒絶され 反対派は支持しない 党員も支持しない 活動家も支持しない
チェッカーズとの契約を忘れて 目を向けてください
"首相は,約束を守れば 議長権を持つことができる"
ファーゲは集会で 政治家たちに プレッシャーを感じてほしいと語り 2016年の国民投票の結果を 裏切りはしないようにと
国民と政治家の信頼が 賭けられたのです
 彼らはブレグジットに 裏切りをしようとしています そして私たちはそれを阻止するために集まっています 絶対にそうさせません
熱狂的な大衆にこう言いました "ブレグジットに 手を貸す政治家が プレッシャーに 直面していることを 感じてほしい"
国民軍の戦力を呼び起こして 勝利を勝ち取るための戦いです 再び独立して 誇り高き国になるまで 休まないのです
ベルリンで 離脱派がデモ行進し ダウンタウンで 2時間の集会を行いました
活動家たちは,この週末の反ブレグジット運動の旗を掲げました.
労働党のアドニス卿は 保守党に批判を浴びた 会議の開幕時に セキュリティーに問題があった
"この人たちはカナダ+協定の 国境の切断やアイルランドとの 国境のない自由貿易協定の 実現のための コンピューターの知識を持っている"と
は をっている
単に良いブレグジットがない"と強調しました.
ウォーレン氏は大統領選の候補を 慎重に検討している
参議院議員のエリザベス・ウォーレンが 選挙後 大統領選の検討を深める
ボストン・グローブ紙の報道によると マサチューセッツ民主党は 土曜日に マサチューセッツ州西部の 住民のフォーラムで 将来の見通しについて話し合ったそうです
ウォーレン氏は大統領選の候補者候補として 選挙戦を繰り広げて 共和党のジェフ・ディールと対決する. 彼は2016年の選挙戦で 選挙を共同で担った.
2020年にトランプの 代行候補者になるかもしれないという 推測が始まってしばらくたっています
選挙区のホロコークでのイベントは トランプ大統領が就任してから 36回目となる
ある参加者が 大統領選挙に出馬する計画があるか尋ねました
ウォーレン氏は"女性も 政府の地位を 奪うべき時だ"と 答えました
容疑者が逮捕されました LSUの選手のシムズを 撃たれた容疑で
路易山州立バトンルージュの警察は 土曜日に 容疑者を逮捕したと発表しました ウェイド・シムズという LSUのバスケットボール選手の
バトンルージュ警察署は 記者会見を開き 20歳のディテオン・シンプソン容疑者の逮捕を発表した
ビデオを公開したばかりで 撮影した男を 特定する手助けを 求めています
20歳のシムスは 金曜日の朝 スタジアムから離れない所で 銃撃で死亡しました
ウェイド・シムスは 銃撃で頭部に 傷を負ったが 死亡確認が完了した
友人を守るために 介入したので シンプソンが撃たれた
辛プソンは 捜査の際に 容疑者に対し 銃を持って現場で 銃撃したと自白しました
事件の発生は 事件なしです 容疑者は イーストバトンルージー警察署で 拘束されています
背が7フィートで バトンルージュに育ったシムスは シーズン3回32試合で 10試合を先発としてプレーし 試合平均17.4分 ポイント5.6ポイント 2.9リッパーの 平均を記録しました
ロシアGP:ルイス・ハミルトンがチーム指針でセバスチャン・ヴェッテルに勝利したことで,世界チャンピオンに 近づいた
バルテリ・ボッタスが レースの最終戦で ウェイス・ハミルトンを 超えた後 すぐさま 明らかになったのは メルセデスチームの指示が レースの大きな要素となるということです
ボタスはポールからスタートして ハミルトンを困らせようとした. 最初の2ラウンドで位置を守ったため, ベッテルがチームメイトを攻撃できるようにした.
ヴェッテルが最初に レースに登場し ハミルトンが 決勝戦を決めるはずの 中央部の渋滞に 巻き込まれるのを許しました
メルセデスは1周後に出場し,ベッテルの後ろに走りましたが,ハミルトンは近距離戦で先を踏み,フェラーリーのドライバーは,第3ターンで2回,防御として動き出した後,内部の弧を躊躇して解放しました.
21歳の誕生日を祝うマックス・ヴェルスタッペは スタートラインの最下からスタートし 最初のラウンドの終わりには 7位にありました
その後,レースの大半をリードし, ターミナルまで早く到達するためにタイヤを交換しなかった. そして,キミ・レイクヨネンに先駆け,
最終的に彼は第44回戦でボクシングの道に突入したが,残りの8回戦ではペースを上げることができず,ライコネネネは4位となった.
週末は素晴らしい仕事をして 退場を命じた時 彼は紳士的だった
"チームでは素晴らしい仕事をして 優勝を2つにしました"
身体の話し方がひどい
ワシントンD.C.の 連邦上院議員のダイアン・ファインスタインが 性的虐待の告発を 発表したのは 連邦上院議員のドナルド・ブラッセー・フォード だったと主張したことで 川普大統領が 嘲笑ったのです
フォードの証言は 直接言及しなかったが 議会で起こっていることは 卑劣で 憎い 嘘つきだ
"何が起こるかというと この数日 参議院で起こった 素晴らしいことが 怒りを感じる時 怒りを感じる時 怒りを感じる時 卑で 憎むべきで 嘘をつく人"
声明や情報漏洩を見て "ああ これは私じゃない
違うわ 違うわ
覚えている?
ダイアン・ファインスタイン 漏洩した?
文書を漏洩した人ですか? ええ わかった
違うわ 違うわ
漏らしたんじゃない
じゃあ ちょっと立ち止まって
"私たちは漏らしたのですか?" "いや,漏らしたのではありません" 議員の模倣で,彼は言った.
カバナフに対する起訴状の手紙は フォードがフェインスタインに 送った7月のことで 9月初めに漏洩した
フォードの主張を隠したり 物語を漏らしたり したわけではないと 委員会に語ったのは ザ・ヒル紙の報告です
秘密を保持するよう頼んだので 秘密を保持した
しかし彼の否定は 大統領に受け入れられなかったようです 議長が土曜日の夜に 演説の場でこう言いました "この状況について 言っておきますが 身体的表現は悪かった
漏らしたとは言えませんが 身体が最悪だったわ
大統領は,最高裁の候補者, セクハラ容疑で 3人の女性から起訴された 弁護を続けて, 民主党は, 疑いのある容疑を
権力を取り戻すため 何らかの手段を用いようと 決心したのだ
卑劣で 憎むべきものを見いだし 傷つけられたり 踏み潰されたり 権力や支配を 奪ったり 奪ったり しないように しているのだ"と メディアサイトは 大統領の言葉を引用した.
エリートリーグ ダンディ・スターズ ベルファスト・ジャイアンズ 5-3
ダンディー戦で2ゴールを記録した パトリック・ドワイア
ダンディーで5:3で勝利したダンディー・スターズは 金曜日のエリートリーグ戦で ベルファスト・ジャイアンツに 敗れたことを償うために戦った
パトリック・ドワイヤーと フランシス・ボウヴィリアは 早い段階で 2得点のリードを 獲得した
マイク・サリバンとジョーダン・コウニーが 国内チームに平線を打った後 ドワイアが 再びジャイアントの リーダーに
フランソワ・ブッチャードは ダンデーの 落第を補った そしてルカス・ルンドヴァルド・ニールセンの 2つのゴールは 勝利を保証した
アダム・キーフの選手たちは 今シーズン3度目のエリートリーグ戦を 勝ち取った
試合は4回目目 試合は3回目 巨人戦は2回目
ドイワーの開球は4分35秒で ケンダル・マクフォールのゴールパスで落下し 4分後にはデビッド・ラザフォードの助手で ボウヴィリエが2勝を収めた
逆転の3分の1で サリヴァンはホームズを1時10分に 戻らせました マット・マルクアードのパスで コウニーは3時16分に 失格しました
ドワイヤーは 休憩中にジャイアントの リードを掴んで ファースト・3で2番目のゴールを 打った
国内チームがチームを改造し ブーシャードは再び対戦を平らげました 27時37分に
カウニーとチャールズ・コルコランの合戦はニールセンがダンディに 試合中の第2節の終わりまで リードを勝ち取らせてくれたことであり 試合の第3節の終わりに チームにとって第5のゴールを 送ったことで勝利を収めた.
ユナイテッド・ジャイアンツは 試合の5試合のうち4試合で 敗退した結果 再びミルトン・ケインズへ戻り
航空管制官が命を落としたのは, 飛行機に乗っていた数百人が 震災から逃れるためでした
インドネシアで,何百人もの乗客を運ぶ飛行機を 安全な場所に運ぶために 命を落とした航空管制官が 称えられています.
チェレベス島は金曜日に 巨大な地震と 津波に襲われ 800人以上が死亡し,多くの者が行方不明になりました.
地域では引き続き 余震が強烈で パルー市では多くの人々が 瓦に包まれています
しかし,仲間たちが命を救おうと逃げたにもかかわらず, 21歳のアンソニアス・グナワン・アグンは パラウのムティアラ・シス・アル・ユフリ空港の 制御塔を離れることを拒否しました.
バティックエア 6321便の 便着地での 便着地での 便着地での 便着地での 便着地での 便着地での 便着地での 便着地での 便着地での
交通管制塔から飛び降りた 事故が起きた時
病院で亡くなった
航空会社IATAの広報担当者 ヨハネス・シライトは この決定により 何百もの生命が救われたと 報告した.
私たちはヘリコプターを用意して カリマンタンにある バリクパパンから 別の都市にある 大きな病院に運びました
しかし残念なことに 彼は今日朝 飛行機がパルバに到着する前に 亡くなりました
ニュースを聞いて 心が痛みました
災害時,多くの死者が出ると考えられている. 国の災害対策機関によると, 難行距離は,東グラ,シギ,ブートンにある.
遺骸の下には多くの人々がいていて, 連絡が取れていないため,犠牲者の数はさらに増えていくだろう"と, 組織広報担当者Sutopo Purwo Nugrohoは述べています.
波の高さは6メートルで パールが破壊され 葬儀が行われる日曜日
軍用機や民間機で 支援物資を運びます
35歳の母親である リーサ・クシマは スカイ・ニュースをこう語った "救急車は毎分死体を運び込む"
清水が不足している.
店内は全壊されてしまった
赤い十字団のインドネシア代表であるヤン・ゲルファンドはCNNにこう語った:"インドネシアの赤十字団は 生き残った人々を助けるために 時間をかけていますが,何が見つかるか分かりません.
悲劇は既に 起きていますが もっとひどい事態にも 繋がるかもしれません
インドネシアの大統領ジョコ・ウィドドは日曜日にパルブを訪れ, 兵士たちに次のように要求しました "皆さんは,避難作業に夜も昼も働かねばなりません.
準備はできましたか? CNNの取材です
インドネシアは昨年 ロンボク島で 地震が起きて500人以上が死亡しました
事故は,この湖の事故で, 一人が行方不明になった.
米マイクロネシアの太平洋のラグーンで墜落した飛行機の運行会社によると 一人が失踪している. しかし,先日47人の乗客と乗組員が 墜落した飛行機から 脱出することができたと報告されていた.
ニューギニ航空の報道によると 日曜日の午後 乗客は男性で 確認は出来ません
航空会社は 捜査官や病院と 協力して捜査を進めている
航空会社は乗客の年齢や国籍などの 詳細情報に すぐには答えなかった
乗客と乗組員の救出に 地域の船が協力しました 飛行機は チョーク島空港で 墜落した際に 水中に墜落しました
病院に運ばれたのは7人でした
航空会社によると 乗客6人が土曜日に 病院に運ばれており 患者の状態は安定しています
事故の原因や 事件の正確な流れは 明らかになっていない
航空会社と米海軍によると 飛行機は湖に 滑り道の前に着陸した
機体が着陸路を誤走した目撃者もいる
アメリカ人の乗客 ビル・ジェインズは 飛行機が非常に低いところから 飛び降りたと言いました
"これはとても良いことだ"とジェイネスはコメントしました
ジェインズによると 墜落した飛行機の 緊急出口まで 腰まで水中で 歩いていたという
乗組員たちはパニックになり 怒鳴り声をあげたそうです そして彼女は小さな頭部損傷を受けました
近くの海岸の修理船員も救助に協力し 飛行機が30メートル沈み込む前に 浮力ボートで人々を海岸に運んだと 米海軍の報道によると
航空安全ネットワークによると 過去20年間でPNG航空会社に 事故で111人が死亡しましたが 事故の"つが空母であるAir Niuginiでした
分析者が 焼かれた夜の事件を 集めた
検察は,木曜に, 裁判の再開で, 裁判官を紹介しました. 裁判官は,木曜に, 裁判で, 裁判官は,
司法省の分析官ポール・ロウレットは 情報分析の専門家として 証言を数時間続けた
裁判長が陪審員に説明したのは 容疑者のクイントン・テリスと 被害者のジェシカ・チェンバーズの 移動記録を 手機の記録から 集めたことです
ローレットは 死亡の夜に テリス・チェンバースに居たという 複数の電話の位置情報を 入手したと主張し ローレットの主張と矛盾している
携帯が チェンバースの 近くにあったと 警官はサンフォードに 尋問した
サンフォードは,その日の夜,市外に出かけていたと証言した.
検察が,テリスがサンフォードのトラックに 乗っていたと証言した際の 真実かどうか尋ねると, サンフォードは,テリスが嘘をついていたと答えた.
もう一つの矛盾は テリスが言うように 彼女が死んだ頃には チェンバースと知り合っていたということです
携帯のデータによると 彼と知り合って"週間しか経ってない
ローレットは,チェンバースの死後, テリスが彼女の携帯から テキスト・メッセージ,電話,連絡先を 削除したと報告した.
"彼は彼女を排除した" ハールが言った
弁護人は,最終話を日曜日に開く予定だ.
裁判官は 裁判は当日 定めると 述べた
ハイ・ブリード:意識的なヒップホップとは?
芸術のネガティブな観念を 呼び起こしたヒポトリオは 楽曲をポジティブなメッセージで 充実させようとしています
ブリストルのThe High Breedによると ヒップホップは 政治的メッセージや社会問題から 離れていった
意識のヒップホップを 再び流行にしたいのです
ザ・フュージやコモンといったバンドが イギリスで再び流行り アカラやローキーなどのアーティストが登場する.
また黒人か?
ニューヨークの看護師が レイシストのメッセージで 解雇された夫婦を訴えた
ニューヨークの看護師が 夫妻を訴えたのは 差別的なクビの理由です 母親が間違ってメールで 抱怨したのは 黒人看護師が 再び雇われたことです
女性は"人種差別"を否定し 訴訟は脅迫と捉えられています
2人の子供の母親であるリンシー・プラスコ・フラックスマンは,新しい保育士のギゼル・モーリスが2016年に到着し,最初の仕事日,彼女は黒人であることを発見したときに失望を表明した.
"今度は"人だ"と プラスコ・フラックスマン夫人が夫に書いた テキスト・メッセージです
でも,夫の代わりに,彼女は2回,モーリスさんへ,メッセージを送った.
ニュー・ヨーク・ポストによると 失態を認めた後 嫌な感じで プラスコ・フラクスマンは 退役のマウリスを 解雇したそうです 退役のマウリスは アフリカ系アメリカ人で 悪い仕事をしていたので フィリピン人だと勘違いされたと
モーリスさんは 一日間の給料を貰って ユバーで帰宅した
モーリスは 解雇賠償金で 訴訟を起こし 従業員に 代償として "日350ドルを請求します 契約書なしで 雇用された6ヶ月間 宿舎での勤務を 補償するものです
路線を止められないことを示したい"と 彼は金曜日にポスト紙に語った. "これは差別だと分かっています.
両親は人種差別主義という 非難に反応して モーリスの雇用を 解雇するのは合理的だと主張しました 違反された後に信頼できないと 恐れているからです
妻が送った メッセージは 意図していない
差別じゃない
"人種差別主義者ではない"と夫のジョエル・プラスコは "ポスト"に語った
偶然 悪い相手と 付き合うなんて できない
新生児の? 赤ちゃんの?
ほら ほら
訴訟は強要行為と捉えられた プレスコは 妻が"赤ちゃんはたった2ヶ月で生まれました"と 訴えた
そんなことする人いる?
投資銀行家もそう言うでしょう "そんなことはいいことじゃない"
裁判が進行中ですが ソーシャルメディアで 党を非難し 行動や論理を非難し 国民公論裁判所は 迅速に 判決を下しました
出版社が最近見つけた手紙によると 読者は話すクマと 繋がれないのではないかと
出版後すぐに生まれた ボンドの娘カレン・ヤンケルは この手紙についてこう言いました "出版前まで読んだ人の立場に 立ちはだかるのは難しい
面白いことに パディントンが 巨大だったことも 知っているんです
BBCのカメラマンとして働いていた父親は 子どもの本に夢中になったと 言いましたが 作品が拒否されたら 怒らないだろうというのです 作品が出版されて60年になるのは 苦しい出来事だったというのです
パディントンは家族にとって とても重要な存在だと 言うことで 終わりに父親は 誇り高きことをしたそうです
"彼はとても静かな人で 傲慢ではない"
でもパディントンには 本当のことを話していたので 子どものように 誇りを感じさせました
パディントンには 成功したと思われた
創作者であり 想像の源であるにもかかわらず 彼は常に 成功を自分のものだと 信じていた
娘が死にそうだったのに 電話で別れを告げなければならなかった
降りると 娘とニッツェの ルイ・パステル病院に急いだ 医者は命を救うのに 役立たずだった
"彼はいつも電話をかけて ひどい状態で 生き残れなかったと 伝えてきた"
それからナッドから電話が来た 2分後に娘が死ぬと 告知されて 辞めなきゃいけない
挨拶した
"愛してるよ"って言った
すぐ戻ってくる
必ず一緒にいる
医者が心臓を動かすために 処方した薬は 徐々に減ってしまい 身体から消えていきました
前に死んだのに 止まった
待ち続けました 終わると分かって
泣きも叫んだり 泣くこともできませんでした 家族や人とのつながりがある場所でした
離れられない
エドナン・ラペルーゼ夫人は 娘の死を悲しんで 飛行機に乗り込みました 彼女と乗った乗客は 経験した苦難を気にしなかった
誰も知らないわ
涙がこぼれ落ちた
難解ですが 飛行機に乗った時 ナッドに対する 超越した思いやりを感じました
私の愛と理解が必要だと
分かってたの 姉が娘を好きだって
嘆き悲しむ女性たちの写真 橋で自殺を防ぐために
2人の女性が 愛する人を自殺で失った 仲間が自殺するのを 止めるために 努力しています
シャーロン・デイビスとケリー・ハンフリーズは ウェールズ橋に メッセージと救急番号を載せた ポスターを掲示しました
デイビスの息子 タイラーは13歳の時に 鬱病になり 18歳の時に自殺しました
"親が毎日感じていることを 両親が毎日感じていることを 両親が毎日感じていることを 両親が毎日感じていることを 両親が毎日感じていることを 両親が毎日感じていることを 両親が毎日感じていることを 両親が毎日感じていることを 両親が毎日感じていることを 両親が毎日感じていることを 両親が毎日感じていることを 両親が毎日感じていることを 両親が毎日感じていることを
リードニーに住む45歳のデイヴィスさんは 息子が料理に長けていて 料理人としての才能が 溢れていました
笑顔でみんなに 馴染んでた
笑顔でどんな場所でも 爽快になるって
しかし,彼は死ぬ前に, 仕事を辞めていました. 状態が悪かったからです.
ティラーが自殺したところ 弟が発見した
デイビスさんは "ドミノ効果が起きるのを ずっと心配していた"と言いました
デイビッドさんは,絵葉書を作って, 友達でも, 連絡を取って話せる人がいるということを,人々に知らせたいのです.
黙って座らないで 喋らなきゃいけないんだ
デイヴィスさんの長年の恋人 ハンフリーズさんは マークを亡くしました マークは15年間 彼女と暮らしていました
鬱とか 鬱とか 何とか言ってなかった
クリスマス前数日で 態度が変わったことがわかりました
クリスマスに プレゼントを子供たちに開けてくれたら 目を合わせないなんて
彼の死は家族にとって大きなトラウマだと 言ってくれましたが 乗り越える必要があると 言ってくれました "家族に大きな穴を残した"
心を破り切った
しかし,我々は戦いを続けなければならない.
困っている場合は,サマリア人団の無料電話番号116123 (イギリス・アイルランド) に電話し, jo@samaritans.orgにメールを送り,
FBIの捜査が始まる頃 ブラット・カヴァナウの将来は 疑問に思われる
"もし彼が望む 期間限定の調査を 制限された規模で 達成できれば 合意に達するかもしれない"と フレイク氏は土曜日に言った.
なぜカヴァナフ氏と共和党支持者は FBIの捜査に 反対したのですか?
耐久性は時間によるものだけです
予期せぬ選挙は 5週間先の11月6日です 予期せぬ選挙では 共和党が 勝てば 選挙で最高裁に 勝てる候補者が 選出されるのは 難しいでしょう
ジョージ・W・ブッシュは上院議員に電話して 支持を求めた カバノウ氏を 呼び出しました 彼はブッシュ大統領に勤めていて
FBIが報告書を公表したらどうなるの?
議会は総選挙で 共和党議員51人 民主党議員49人
議員が上院で50票を 得られるかどうかは 明らかではありません 副大統領 マイク・ペンスは 議員を最高裁に 任命する権限を 持っています
朝鮮の脱北者は の指導下で減少した
韓国へ向かう北朝鮮の反乱者の数は 金正恩が政権を握ってから 7年後に減少したと 韓国の議員が発表しました
朴・ビョンソク氏は南南統一省のデータに 引用して,昨年 脱北者は1127人だったと説明しました. 2011年には2706人だったのに比べると
朴氏は北朝鮮と中国の国境警備の強化や 人身売買業者の罰額の上昇が 理由だと指摘しました
ペンジャンは この情報を 公開していません
朝鮮半島の反乱派は 韓国市民として認められる
ソウルによると 1953年に朝鮮戦争が終結して以来 3万人以上の北朝鮮人が 国境を越えて不法侵入しています
難民の多くは 中国に向かっています 中国と北朝鮮の国境は 国境の長さで 国境を越えやすいのです 国境を越えやすいのは 朝鮮と北朝鮮の間の 厳格に守られた非軍事地帯です
難民ではなく 違法移民として受け入れられ 強制送還される場合もあります
紛争中だった南北の関係は ここ数ヶ月で 改善が進んでいます
先月 平で会談した 両国の首脳は 核の撤廃交渉の 停滞を焦点にした
これは6月に起きた 歴史的な会談で 訪ねました シンガポールで米国大統領 ドナルド・トランプと 金正恩が 朝鮮半島の核武装解除について 合意したものです
しかし,土曜日に,北朝鮮のリ・ヨンホ外相は,米国制裁が, 進展の欠如を非難しました.
"アメリカに信頼がないと 我々の安全保障に 信頼がなくなる" "我々は 武器を一方的に 放棄することは考えられない"
ナンシー・ペロシが ブレット・カヴァーナフを ヒステリーと呼んだ
衆議院の少数派議長であるナンシー・ペロシは 最高裁の候補者ブレット・カバナウを "ヒステリック"と称し 彼の行動は最高裁の職務にふさわしくないと訴えました
インタビューでこう言ったのです テキサス州オースティンで開催された "テキサス・トリビューン"フェスティバルで
"女性たちがこれほどに 狂った行動をとるなら 気症だ"と 野は 議会の司法委員会で 証言した時のペロシの反応を 説明しました
カバノウは 感情的に 訴えかけています ティーンエイジャーのクリスティン・ブラシー・フォードを 性的虐待したという 噂を
演説の開始時に カバナウは感情を込めて 声を上げ 声を上げていました 家族や高校の経験について語っていたのです
委員会は民主党員を非難し 非難した 非難は"無謀で 組織的な性格の殺人"と 非難した 2016年の大統領選挙で ヒラリー・クリントンが 敗北したことで 怒ったリベラル派が 組織した
裁判長ペロシは カバナウの行動が 民主党に偏った見方を 示すことで 裁判所の職務にふさわしくないと 判断したと言いました
クラウン氏と民主党の 証言を 否定したことで 締め出されてしまった
選挙で民主党が 議長権を獲得したとして カヴァーナウを 起訴するかどうか 尋ねると 佩ロシは躊躇しました
"議会やFBIに 真実を言わないなら 最高裁だけでなく 裁判所の役員にも 役立たずだ"と プレッシャーに 訴えかけました
カヴァーナウは現在 首都控訴裁判所の判事を務めています
民主党人として カーバノウの 選択を心配している ロー・ウェイド事件の 判決も
カバナウは 裁判で 裁判所の判決を 覆すかどうかについて 聞かれませんでした
裁判所にヒステリーで偏った人が 出てきて 喜びを期待する 時代ではありません
女性はそれを握りしめなければならない
怒りは正統な 暴走です 何ヶ月も何年も 蓄積されてきたものですが 涙が出ずに 吐き出せないのです
怒っていると泣くんだ 45年後,スティーナムさんから聞いた
珍しいことじゃない?
"管理職の女性が手伝ってくれた" "彼女は怒っていると 泣いていると教えてくれましたが 怒ったときに泣くという テクニックを 開発しました 相手にこう言うんです "悲しんでいるのは 泣いているからだと 思うかもしれない"
怒ってる
そして彼は続けました
素晴らしいアイデアだと思いました"
涙が怒りの表れだと 考える理由の"つは 根本的に誤解されているからです
私が最も鮮明に覚えているのは 職場の初期に 男性が支配する職場で 怒り狂った無力な私は 泣き叫んだときでした 首より年上の女性が 寒いマネージャーに 手を差し伸べて 階段の向こうに連れて行ったのです
"泣いて見せてはいけない"と 教えてくれた
怒っていることは知らない
悲しんでいると思うだろうし 怒らせてくれて 満足するだろう
民主党員だったパトリシア・シュローダーは 選挙活動でゲイリー・ハートと 働いていたのです
1987年 ハート氏が結婚外縁で 逮捕され 選挙から追放されたとき シュロッダーさんは 失望して 選挙を逃れ
決断はよく考えたものではないと 30年後から笑って私に言った
競争には7人の候補者がいたが 候補者の後部に新しい候補者が 入れられた
名前は"白人の七人"と
キャンペーンが長く続いていたため 資金調達が遅れており 200万ドルを集めるまでは 競わないと約束した
負け戦だった
支援者の何人かは男性に1,000ドルを寄付しましたが 受け取ったのは250ドルだけでした
"あなたは,私が割引を受けると思っていたのですか?"
公式選挙運動を 展開しないという声明を 記者会見で発表すると 支持者の感謝と 資金調達や直接投票を 難しくしているシステムに対する 失望と性差別への怒りから 激しくなり 喉が詰まりました
"私は神経不全症だと 信じられていた"と Ms.シュローダーが言うには メディアがこう反応したから
クリーネックスは私の 会社スポンサーだと思われた
墓碑に何を刻むのかと 思っていたのを覚えています
泣いた
米国と中国の貿易戦争は 北京にとって 利益になるのでしょうか?
米国と中国の貿易戦争が 耳打ちにくいものになり 終結は近いものの 専門家によると 長期的には 北京に有利な結果が 期待されています
今年初めに トランプ大統領は 初の警告を発しました 太陽光発電 鉄鋼 アルミニウムなど 中国の主要輸出品に 課税を課したことで
貿易関税は200億ドルもの 商品に課され 中国から米国への輸入の半分に 税金をかけている
北京は反撃を繰り返しました 最近は5~10%の関税を 課しました 6千億ドルものアメリカ製品に
中国は常に反撃を 約束しており 世界第2位の経済国は 遠くない将来 逆戻りはしないでしょう
ワシントンを退けさせるとすれば 要求を無視して 身を任せることになるでしょうが 公開的にアメリカに 身を任せるのは 習近平大統領にとって 恥ずかしいことでしょう
しかし 専門家によると 北京が正しい戦略をすれば 長期的な見通しでは 米国貿易戦争による圧力は 中国に好都合で 両国間の依存を 軽減する見込みです
"ワシントンや北京で 迅速な決定が 双方の経済を 危機に追い込むような 状況を作り出すことは 観測者達が 認めているより 深刻だ"と
シリアは難民の帰還に備えると外務大臣は主張
シリアは難民の自発的な帰還に 準備ができていると宣言し 7年以上にわたる戦争で破壊された国を 再建する手助けを要請しています
国連総会で演説した際 外国相・ワリド・モールメは "国の状況は改善している"と 発言しました
テロとの闘いでの成果を挙げて,現在の状況はより安定し,安全であると述べた.
政府が継続する テロによる破壊の修復 復旧 状態の回復
難民が自発的に帰還する 条件が整いました 難民はテロと経済政策の 影響を受けて 逃亡し 日々の生活や生活を送る必要が なくなったのです
国連の推定では 2011年にシリアが紛争で 難民となった人の数は 5.5万人以上です
さらに600万人の人々が 人道支援を必要としています
モアールはシリア政府が 国の復興に 必要な支援を歓迎すると語った
しかし,彼は,反乱を助けた国からの 条件付きの援助や援助は受け入れないと強調しました.
ヨーロッパのライダーカップがパリで
欧州のチームは2018年ライダーカップで優勝し,パリ外で行われたレ・ゴールド・ナショナルで,アメリカチームを16.5:10,5で倒した.
アメリカはヨーロッパで6年連続で敗戦し 1993年以来ヨーロッパで優勝していない
デンマークのチームキャプテン トーマス・ビヨンンが 勝ち点14.5を記録したことで 優勝を勝ちました
選手のフィル・ミケルソンが 試合全体で苦戦を重ねた パール3 16番の水打で 勝利をフランチェスコ・モリナリに譲りました
イタリアのゴルファーモリナリは レースのあらゆる輪で輝きを放り 優勝以来5-0-0という記録を 築いた4人の選手の"人です
ジョージ・スピースは5対4で デンマークのソルビヨルン・オレセンに敗れた
ダスティン・ジョンソンは 世界一の選手で 2対1で敗れた イギリスのイアン・ポウルトールに
8回のライダーカップを 経験したスペインの サージオ・ガルシアは 史上最高の ヨーロッパの優勝者になりました キャリアで25.5ポイントを 獲得したそうです
普段は泣かないけど 今日は泣くのは止まらない
厳しい1年だった
トーマスに感謝するよ 私を選んだこと
幸せです 幸せです 勝利を掴んで
チームのことで 助けたのは嬉しいよ" 感情の激しいガルシアが
スタンプを譲るのは ジョン・ラームです 彼は日曜日にアメリカのゴルフの 伝説のタイガー・ウッズを 2対1で倒した
"タイガー・ウッズを倒したなんて 信じられないほどの誇りだ" "この男を見て育ったんだ"
ブルースはフランスでの 4試合全てで負けて 今ではライダーズカップで 13勝21敗を記録している
奇妙な統計だ 史上最高の選手の1人 14つのタイトルを勝ち取った ジャック・ニークラウスより
週末の試合は全米チームが苦戦しました パトリック・リード,ジャスティン・トーマス,トニー・フィナウは 試合中に素晴らしいプレーをしていました
チームメイトのジム・フューリックは チームメイトの落第の後 チームを誇りに思って チームを応援した
今朝はヨーロッパを燃やした
戦いだった
トーマスの前に帽子をかぶって
素晴らしい船長だった
12人の選手はみんなとても良いプレーをしていた
チームを改造し PGAとライダーズ・カップ委員会と 協力して 進めるよう努める
十二支を愛してるし 隊長として誇りに思う
帽子も上げないと
敵は我々より優れていた"
ピンネラス,マナティー,サラソタで 濃度が下がる
フロリダ州漁業委員会が発表した最新報告書によると タンパ湾のいくつかの地域で 紅潮の減少が 報告されています
FWCによると ピンネラス郡 マナティ郡 サラソタ郡 シャーロット郡 コリエ郡の 地域では 斑点の花が多く 報告されており 集中が減少していることを示唆しています
赤潮は 北のピネラスから南のリー郡まで 約130マイルの海岸線をカバーします
ヒルズボロ郡の 郊外から約10マイル先には 斑点が見えますが 比較的小さな範囲で 先週と比べると
赤い潮流はパスコ郡でも観測されました
先週は,ピネラス郡と海岸沿いの地域で 平均濃度,ヒルズボロ郡の沿岸部で 低濃度から高濃度,マナティ郡で 低濃度から高濃度,サラソタ郡と沿岸部で 低濃度から高濃度,シャーロット郡で 低濃度から中濃度,リー郡と海岸沿いの地域で 低濃度から高濃度,コリア郡で 低濃度から低濃度でした
呼吸器炎の報告は ピンネラス,マナティ,サラソタ,リー,コリアー郡で 続いています
先週はフロリダ州北西部で 呼吸器不全の報告はありませんでした
