ウェールズ議員は"まるでのように見える"と心配しています
ウェールズ議会の議員は,その称号をMVP (Member of the Welsh Parliament) に変更するという提案を,一部の議員が懸念している.
ウェールズ議会の名称を 改定する計画が 懸念を醸し出している
政治家たちは 国民に目を向けるのを恐れている
労働党の議員は"TwpとPwpが合唱される"を懸念していると言いました.
ウェールズ語では,twpは愚か, pwpは汚いという意味です
党の議員は"党全体が不満だ"と言い 委員会に提案を寄せました
ウェールズ保守党の議員は,彼の党が名前の変更について考えていたが,MWPとMuppet (マップ) の違いはそれほどなかったと述べた.
この文脈で,ウェールズ語のwは,アイスランド語のuと似ています.
名称変更を提案する法律案を 作成している評議会は こう言った: "評議会のメンバーに 付与されるすべての名称は メンバー自らが決定する.
2017年ウェールズ政府の法律はウェールズ議会に名称変更の権限を与えた.
6月に 議会は 議会をウェルズ議会と呼ぶことに強い支持を示した 国民の世論調査結果を発表しました
議員の称号に関しては 議会はWMP (ウェールズ議会議員) を選出しましたが MWPは世論調査で最も支持されています
議会は他の提案を 提案中ですが 議長エリン・ジョーンズが 提案を提出するまでに 合意に達するのは 困難です
改革案には,理事会の働き方, 理事会員の退任規則, 委員会制度の構造など, その他の変更も含まれます.
議員は法案の議論の開始時に タイトルについて最終投票を行うことができるでしょう
マケドニアの住民が,改名に関する投票を行いました.
投票者は日曜日に,北マケドニア共和国の名称を 変更するかどうかを投票します.
この訴訟は ギリシャの隣国 マケドニアとの 長い間続く紛争を 解決するために行われたものです マケドニアという名の 独自の領土を持つ ギリシャの隣国 マケドニアとの 紛争を解決するために行われたものです
アテネは長きにわたり,北側の隣人の名前が,自分の領土を主張するものだと主張し,EUやNATOへの加盟申請を何度も拒否してきた.
名称変更の投票に賛成しないマケドニアの大統領,ジョルゲ・イヴァノフは,選挙を正当なものとして見ないと述べた.
首相ザーン・ザエフを含む 投票支持者は 名称変更はEUやNATO加盟の代償だと主張している.
音は,ハーレムの教会は,困難を
"昔は街の隅に 酒屋や教会があった"と アダムズ氏は言う
現代の日本では どれも見当たらない
貧しい人の 状況が悪化するのは 理にかなっていると
"今では出会う方法は 他にもある"と 彼は言う
 酒屋はもはや 地域の中心地ではなく 地域のコミュニティーの中心地として 存在し続けているのです
教会に関しては,資産の売り上げが 期待されるほど長続きしないことを心配しています. リーダーたちは, 遅かれ早かれ, 再びトップに上がるでしょう.
彼はまた 教会の代わりに 住人が多い住宅が 建てるかもしれないとも言いました しかし 周辺の遺跡を救助する助けにはならないでしょう
"この建物でアパートを購入する人の大多数は白人になる"と彼は言った "そして,これらの教会が完全に閉鎖されるのを急ぐだろう, なぜなら,これらのアパートに引っ越す人のほとんどは,これらの教会の会員になる可能性が低いからです.
この2つの教会は,ハーレムが黒人の中心地になる前に,白人によって建てられたもので,メトロポリン・コミュニティ教会は1870年に,セント・マーティンの教会は10年後に建てられた.
1940年代には 元の白人メソドストの教会は 破滅しました
近くの消防士の団体が 建物に 移り住み始めました
奴隷労働者の集団が聖マーティン教会を 占領したのが ジョンズ・ホワード・ジョンソン神父です 彼はハーレムの主要通商街125番街で 奴隷労働者を雇うか 昇進するかを脅した 奴隷労働者を雇うか 昇進させるかを脅した 奴隷労働者を雇うという 商人を雇うという 行動をとったのです
建物には1939年に火災が ひどく被害を及ぼしましたが サー・ジョンソン氏の 教会のメンバーは 修復計画を立てました
サー・デイヴィッド・ジョンソン, サー・ジョンソンの息子,後継者は, クラシックを"貧しい人々の誇り"と呼んだ.
専門家が演奏した時計演奏は "文化財"と"ユニークな歴史楽器"と 呼んだ.
ミシガン大学のティファニー・ン氏は この時計は 黒人音楽家のディオニシオ・ア・リンズが 演奏した 世界初の時計だとも指摘しています しかし彼は18年前にリバーサイド教会で 演奏したより大きな時計に 移り住んだのです
セント・マーティンは 代わりに他の誰かを 選んだわけじゃないって
ここ数ヶ月間 建築家や建設業者から セント・マーティンの 建設に手を出しました 教会が任命した人たちや 司教職が任命した人たちもいました
教会の運営を監督し 司祭を任命する教会評議会は 7月に教会長に書きました 司教が建築家や建築士の採用に関わらなかったとしても 司教が費用を司会に負担しようとしていたことに懸念を示しました
司教団の部下は 司教団の部下が 司教団の部下ではないと 苦情を述べました
カリフォルニアでオムラを捕まえた13歳の少年が サメに傷つけられた
海洋漁の初日に カリフォルニアでオムリを採集していた 13歳の少年が シャクに襲われ 負傷したと当局者は報告しています
襲撃は午前7時前 エンシナティスの ビーコンビーチの近くで
サンディエゴのKSWB-TVのチャド・ハメルによると,彼は土曜日の朝,友達と水に潜っていた.その頃,救援隊が救援を叫んだ.
ハメルは最初は 捕獲したためだけに 興奮していたと答えましたが 少年が"噛まれた!"と叫んだことが 分かりました
噛まれた!
骨が剥がれてしまった ハメルは少年を 迎えに行った時に見たことを語りました
"水の中にサメがいる!" ハンメルが加えた
少年はヘリコプターで サンディエゴの ラディ・チルドレン病院に運ばれ 重傷を負ったまま
少年を襲ったサメの 種は不明だ
沿岸警備隊の長 ラリー・ジャイルズは 記者会見で "この地域には 数週間前にサメが 発見されましたが 危険ではない"と話す
被害者は 身体の上部に 深刻な損傷を負ったと ジャーズは付け加えました
警官は 48時間 捜査と安全のため カサブラッドのポントビーチから エンシナタスのスワミズビーチまで 沿岸を閉鎖しました
ザラカの種は135種類以上で ほとんど危険ではないとジャイルズは述べました
サインスベリーが英国化粧品市場を 台無しにする計画
サインズベリーはブーツと スーパードラッグと デブンハムと 競争する ショッピングモール式 化粧品の店と 専門職のスタッフを雇って
ブランドは11店舗で試行され 順調に展開すれば 来年中に多くの店舗に展開される予定だ
化粧品の投資は 超市販の方法の一部で 化粧品や 電子レンジや家電製品に 使われた空きスペースを 買い戻すためのものです
ブランドはRevlon,Essie,Tweezerman,Dr. PawPawをはじめ 初のブランドとして 拡大する計画だ
ブランドはL'Oreal,Maybelline,Burt's Beesの製品も追加し ブランドはBootsのような ブランドの商品に似た ブランドのエリアを拡大します
店舗はブティック・スナイトの 販売を再開し 商品のほとんどがベーガン向けに 提供することを計画している一方 若者層の需要が高まっている.
更に フレグランス・ショップは サインスベリーの2店舗で 試料を試す予定です 最初の店舗は 先週ロンドン南部の クロイドンにオープンし 次は今年の後半に サーリー・オーク (Selly Oak) にオープンします
オンラインショッピングと 消費者の増加が 食料品の消費量を 地域ショップで購入する傾向を促し 食料品の小売店がより多くの人を 集めるために より多くの努力を要する
サインスベリー社のCEOであるマイク・クープは 店がますますショッピングモールに 似合うようになると言っています 低価格のアルディ・ショップやリドル・ショップに 競争する為のサービスと 食品以外の商品を 提供する為のサービスと
百店舗のサインズベリーが 設置したアーゴス・テントは 2年前に両チェーンを買収以来 記録的に多くのハビタントを導入しました 売り上げの向上と 収益性の向上にも貢献したそうです
店の美容や医薬品部門の 復活の試みは失敗でした
2000年頃,サンスリーとブッツは提携を試みたが,大手医薬品の収益の分配をめぐる論争で,結束した.
サインスベリーの薬剤専門店の281店舗を 3年前にロイドス薬専門店のセレシオに 売却した結果, 新たに1250万ポンドの 売り上げが決定した.
戦略ではロイドズは4つの店舗にラシュ・ポセとヴィッシーを含む高級品種のブランドを追加することで 計画に役割を果たす.
サインスベリー社のマーケティング担当者ポール・ミルズ・ヒックス氏は"私たちは,顧客にとってより良い環境を 提供するために,洗濯機のデザインを改造しました.
コンサルタントになるための 特別な訓練にも投資しました
ブランドの多様性は ニーズを満たすように設計されています 健全な環境と便利な場所により 古い商店の習慣を 変えるような 魅力的な美容店になります
ピーター・ジョーンズは 怒った ホーリー・ウィロビーが 11百万ポンドの契約を 破棄した
ドラゴンズ・デンの主人公のピーター・ジョーンズは 退役になった. 番組の出演者ホリー・ウィロウビーは,
ワイラビーは,彼らの家具と 配属品のブランド, トゥルーリーに 時間を割くことはない.
会社もグープと比べられていました
37歳のウィログビー"この朝"の司会 自身の決定をインスタグラムで発表しました
ホリー・ウィロウビーは,ドラゴンズ・デンのスターピーター・ジョーンズに, 悲しい思いを残して, 流行りのライフスタイル・カンパニーを, 退役して,
報道によると ジョーンズは 厳しい会議で 苛立ちを覚えたそうです ビジネス界の本部で 火曜に
会社にはグウィネス・パルトロウのブランドグープと 似ています 威ロービーの資産を倍増させるため 計画されていたが 推定価値は1100万ポンドです
37歳のウィロビーは 自身のインスタグラムで 海外の旅を計画していると発表しました
資料によると"ホリー"は"ホリー"のリストで最上位だった
これは彼女の将来計画で 今後20年間 収入を得られるものとなるのです
辞めるという決断は 完全に皆を 驚かせた
市場が急進するなんて 信じられないことが起きた
商品の倉庫が満員で 売りに出る準備が整っています
専門家によると,英国で最も人気のあるスターである"この朝"の出番は, 会社に何百万ドルをかけて, 服装や家具から, 枕やジャケット, 製品まで投資し, 販売ラインの追加コストを上げることになるかもしれない.
長い友情の終わりにもなるかもしれません
3人の子供の母親で 夫のダン・ボールドウィンは ジョーンズと妻のトーラ・カップの親友として 十年間も付き合っていた
ウィロウビーは2016年にキャップと共にTrulyを設立し,52歳のジョーンズは3月にTrulyの取締役社長として参加した.
ザ・カップルは夏休みを一緒に過ごし ジョーンズはテレビの製作会社 ボールドウィンに40%の株式を保有しています
M&Sの公式代理人となるWilloughbyは,ITVの番組『I'm a Celebrity』の番組監督として,Ant McPartlinを代行する.
弁護士のジョーンズは昨夜 ビジネスについて何も言いたくないと
難しい議論 そして,恋に落ちた
メディアからの批判を受け 発言をしたり 発言をしたりして 非難されたり 発言をしたりして 非難されたりしました 発言は大統領には不適切だと 考えるかもしれません
なぜトランプ大統領は 余裕を許したのでしょうか?
記者"人の声でトランプが 言った
遺品は残ってない
彼はトランプが6月にシンガポールで行った最初の会合を 北朝鮮の核廃絶に向けた大きな一歩だと 宣言した後, 金が別の会合に 興味を示したと述べた.
しかし核兵器の廃絶は 議論が途切れてしまった
シンガポールの6月会合から3ヶ月以上後,北朝鮮のリ・ヨンホー大使は,土曜日に,国連総会で,北朝鮮の核廃絶に向けた最初のステップに,
代わりにアメリカが 圧力を維持するために 顧客を押し上げていると
トランプは前向きな態度で 演説した
"北朝鮮と仲良くなる"
北朝鮮と戦争をするつもりだった
数百万人が命を落とした
今 素晴らしい関係です
彼は,金正恩との関係を改善する努力は, 成果をあげていると語りました. 核実験は中止され, 人質は解放され,
また,キムとの関係を話す際にも 異常に近寄った.
"大統領みたいに振る舞うのは簡単だけど 観客が"万人いるから 足場には200人しかいない"と トランプ氏は言いました
インドネシアでは洪水と地震で 島が被害を受け,数百人が死亡
例えば ロンボクの地震の後に 国際的な救援機関は 必要とされませんでした
住民の10%以上が 避難を余儀なくされたにもかかわらず 緊急事態宣言は されませんでしたが 国際機関による 支援活動が 開始されるための 条件です
"多くの場合,彼らは残念ながら,国際機関からの援助を求めないことを明確に表明したので,これは難しい"とSumbung氏は述べました.
"セーブ・ザ・チルドレン"はパルーへの派遣を計画しているが, 海外支援の開始は不明だ.
インドネシアの港湾局の広報担当者である シュトーポ氏は インドネシアの当局が パラルの状況を調査し 国際機関が支援を許可すべきか 検討していると語った.
震災が 頻繁に起きると インドネシアは 災害対策に 十分準備が出来ていないのです
洪水はアチェで建設されていますが 他の海岸ではほとんど見られません
警告が発せられたにもかかわらず パラウの防波堤の沈没は 犠牲者の数を増やしたようです
素晴らしい条件でも インドネシアの多くの島を旅することは 困難です
自然災害は 計画をさらに複雑にするのです
災害の被害者を救助するために ロンボクの港に停泊した救急船が パル島に向かっていますが 事故の場所まで到着するには 少なくとも3日かかります
道路や鉄道の建設に多額の資金を投入しました 道路や鉄道の建設に多額の資金を投入しました
資金不足が原因で 選挙が来年 開催される
イスラム教の大多数は 保守的な宗教を信奉しているため 印ネシアの宗教間の緊張が 持続していることも ヨーコ氏にはあります
千人以上が命を落とし 何千人もの人々が家を追われ イスラム教徒とキリスト教徒の群れが 弓や弓や武器を手に 路上で戦い始めた
チェルシーとの試合でダニエル・スターリッジ
イングランド代表のダニエル・スタリッジは,ロンドン・スタンフォード・ブリッジで,サッカーの89分に, チェルシーに敗戦を免れた.
シュターリッジは シャーダンの30メートル先で チェルシーから送球を 受け取りました
ボールを左に転がして 射撃を試みた
球はゴールから右の角を 飛んできました
球はついにケパ・アリゼバラガに 飛び上がり 網に突き刺された
スタリッジは"このポジションに 足を踏み入れるため 必要なんだ シャクのような選手は できるだけ プレーしたいんだ だから 出来るだけ時間を稼ぐんだ"と
ガンテがやってきて触ったのを見たんだ 気が付かなかったけど 撃つだけだった
チェルシーは1 - 0で半決勝を勝ち取った. ベルギー代表のエデン・ハザードが25分後に得点を記録した.
チェルシーのスキーパーが 蹴飛ばしたボールを 蹴った後 センターから リーバルのヘルメットに 突入した.
コヴァチックは 球を中から中へ 速く飛ばした
試合の後に ハザードを落として 落として 落として 落として
バルセロナのサッカーのサッカーは 野外でリヴァプール・ゴールキーパーのアリスン・ベッカーを 超え ショットでゴールコーナーに 突入した
リーグ戦予選の3日目の試合は,リヴァプールとナポリのサンパオロスタジアムで,水曜日3時00分.
チェルシーは木曜にロンドンで 3時に ビデオトーンと対戦する
インドネシアで 洪水が襲い 死者数は832人に上る
インドネシアの地震と津波による死者数は832人に上ったと,国の海事局が日曜日に発表した.
協会の広報担当者 シュトポ・プーヴォ・ヌグロホは 記者会見で,金曜日の地震で 建物が崩壊し,高さ6メートルに達する洪水が起きたと報告しました.
38万人を超える人口を抱えるパルー市は 崩壊した建物の破片で覆われていた
警察は女性を刺して殺害した容疑で32歳の男を逮捕した
殺人事件の捜査が 開始されました 女性の遺体が 今朝メルサイデのビルケンヘッドで 発見されたのです
刺傷を負った44歳の女性が 午前7時55分にジョン・ストリートの グレイスン・メウス近くで 発見され 32歳の男性が 殺人容疑で逮捕されました
警察は,現場の住民に 何かを見たか聞いたか 報告するよう呼びかけています
捜査の責任者のブライアン・オ・ハガンは "捜査は進んでいるが ビルケンヘッドのジョン・ストリート周辺の 住民に何か怪しいものを見たか聞いたら 連絡してください"
更に 自動車のカメラで 撮影した映像を 持ち合わせていた人 特にタクシー運転手 について 連絡してください 重要情報を提供してくれるかもしれません
警官の広報担当者は 亡くなった女性はビルケードに住んでいたと確認しました そして彼女はアパートの内側で発見されたと
女性がいたと聞いたら どこにいたのか尋ねる
捜査は続いていて 被害者の親族に連絡を 届けようとしています
グレイスン・メウスのタクシーの運転手は 部屋に戻ろうとしたのですが 警察は誰も建物から 入りも出ることもできないと告げたのです
彼は何が起きたか 知りながら 黙っていた.
住民は,入口が戻るまで何時間かかると言われています.
警官が男に "この地域は犯罪の現場だ"と告げた
泣きながら女性が現れた
"これはひどい"と 繰り返して言っていました
2時 警車2台が 警官の区画内 駐車場から車1台が 駐車場の外に
標識されたエリアには多くの警察官がいて 住宅の監視をしていました
情報を入手できる方は メールを@MerPolCCに直接送信し 101に電話し 匿名で オンライン電話 0800 555 111に連絡し 9月30日の247に連絡してください
キング・ドナルド・クローズンの 議会像は 史上最も古い 記念碑です
像の禁止は 詩的な正義の手段となるでしょう タリバンによる 純真派の過激派追随者の 破壊は イギリスの文化と宗教の 巨大な要素を 覆い尽くしました
しかし,クロムウェル社では, クリック氏を 改造することは" 悲劇"と" 物語を繰り返す試み"だと主張しました.
カーロムウェル協会の会長であるジョン・ゴールドスミスは こう述べました "彫像を撤去する議論が続いている中で ウェストミンスター宮殿の外にある オリバー・クロムウェルの彫像が 必ず取り上げられるという議論が 進行中です
文化問題に対するイギリスの内戦の 幕引きは 命令でも 実行でもなかった
恐らく 祖父のトーマスの 行為が カーマインの 犠牲になったのでしょう
サー・ウィリアム・ハモ・トーニークロフトの 美しいクロムウェル像は 19世紀の時代を象徴し 人類の歴史の一部で 賞賛に値する存在だと 考える人も多い
ゴールドスミス氏はサンデー・テレグラフ紙に こう語った: "クロムウェルは 19世紀後半の頃は 国会議の守護者であったが,現在では 議会の守護者であり, 議会の守護者であり, 外からの圧力を 免れる者であり,
この記述が正しいのかどうか については歴史的に議論が多くなっています
しかし 17世紀半ばの紛争は 国家の発展を形作りました コームウェルは 紛争の片方の代表として 広く知られています
国家の守護者として 讃えられ 讃えられることを 誓います
豚が中国人農民を襲って殺した
中国南西部で農場にいた中国人農夫が 豚に襲われ死亡したと地元報道は 報告しています
元という姓で表記されたこの男性は 州省の 浦市にある 市場にある の近くで 血まみれで 骨格別な遺体を発見したと,サウス・中国・モーニング・ポストが 報じた.
豚の飼料場で豚に注射する準備をしてる農家 青海省青海市
噂によると 彼は水曜日に 隣のユナン省から叔父と 旅行して 15匹の豚を市場で売っていたそうです
翌朝,叔父は彼が死んだのを発見し, 近くの豚の巣の扉が開いたのを見た.
血だらけの口が 穴の中にあったと
報告書によると 検察は 農民を殺害したのが 牛の250キロの量だと確認した
"叔父の足は血まみれで傷ついた" 叔父は,彼の ()  (Wu) という姓で, 陽の夕報紙に語った.
監視カメラの映像は が午前4時40分に 市場へやってきて 豚に餌をあげている様子です
遺体は"時間後に発見された
殺害した動物は ユアンや彼の叔父の所有物ではない
市場主人は Evening Newsに 地域の住民が 暴力を避けるために 閉鎖されたと伝えました 警察が現場で証拠を集めている間に
報道によると ユアン氏と 市場主人が 彼の死に対する 賠償金について話し合っているそうです
豚が人を襲った例は 記録されていますが 滅多にないのです
2016年 マサチューセッツ州で 女性が夫と夫に 豚に襲われ 夫は重傷を負いました
10年前 ウェルズ農家の300キロの豚が トラクターに縛られていましたが 妻がそれを引きずり下ろしました
2012年にオレゴン州の農家が豚に食われた後 マニトバ州の農家がCBC Newsに 豚は通常 攻撃的ではないが 血の流れが 攻撃的になる可能性があると伝えた.
遊び過ぎじゃない
興味深く 遊んでくれる
"ただ,彼らに敬意を払って"と彼は言った.
フォールーム・ローズの残骸は アメリカ南西部に 巨大な収穫をもたらす
予想通り フォール・ローゼは メキシコ北部の を襲うと 弱体化します
しかし,このローザは,メキシコ北部とアメリカ南西部に 洪水をもたらす可能性のある 巨大な洪水をもたらします.
嵐は"級で 豪風は"時速86キロで 日曜日の午前5時に 東海岸時間帯で プンタ・エウジェニアから南西約600キロで 発生しました
ロザは日曜日に北極に向かい
太平洋上空の形成が始まって 太平洋はアメリカ西海岸に向かって 向かっていくので 月曜日には 熱帯嵐として バジャカリフォルニア州に 近づくと
月曜日には,メキシコのいくつかの地域で 収穫は25cmまで上昇します.
熱帯雨は 接近する低気流と混じり合って 巨大な流域を南西部の 氷河に形成します
場所によっては 排水量が2.5〜10センチにもなれば 危険な洪水が起こり 土壌が移動し 砂漠が荒廃する可能性があります
熱帯雨は ネバダ州南部やアリゾナ州などで 時速5〜10センチの 雨を降らせる
降雨は5〜10cmの 予想で 南西部の部分 特にアリゾナ州では
熱帯波の分布によって 突如として 濫する可能性があります
熱帯雨林の破壊が 危険にさらされているので 砂漠を散歩する事は 強く勧められています
激しい雨は 川を急激に流し 嵐や嵐を伴う 嵐を起こす
接近する海流は 南カリフォルニアの海岸線の 特定の地域を 定住地とする
土地の微小な動きや 道路の小小の流れが 起こりうる可能性は 1cm 程度です
雨の季節の初収穫です
熱帯雨林のいくつかは アリゾナに接近し始めます 日曜の夜と月曜の朝に 雨が広がる前に
豪雨は4州で 火曜日まで続きます
北極圏は冷却が進み,熱帯はかなり暖かくなると予想される.
短距離の道路では 熱変動が起こりうる場合もあります
熱帯地域では 日曜の午後には 極度の高温が観測されました
カンザスシティとネブラスカ州 オマハ市 そしてアイオワ州セントルイスと デスモインの間の差は 7度近くある
予期していた夏の雨が 再び 発生し 散らばります
アメリカ中部と東部の多くの地域は 10月初旬に暖かくなり,南部の低地から北東部まで,気温は25度以上と予想されます.
火曜日のニューヨーク市では 気温は25度まで上昇します これは平均より6度高いです
長期予報によると 10月初旬には 平均より高い気温が ཤར་アメリカに 降り込みます
聴衆2千万人以上が ブラット・カバノの 裁判の様子を見ました
20万人以上が,最高裁判所の 候補裁判官のブレット・カヴァーナウの 胸を揺さぶる証言を 視聴しました. そして,彼の妻のクリスティーヌ・ブラジー・フォードの 証言も,
一方 政治的衝突は続いていて テレビ局は ニュース番組を休止して ニュース番組を金曜日に放送しました アリゾナ州上院議員のジェフ・フレイク氏が 連邦捜査局が"週間 捜査を許可する法案を 提出したことです
フォードは上院司法委員会に カバナウが 酔っぱらって彼女を殴り 裸にしようとしたと確信していると語った
感情的な証言で カーバノウは 絶対にそうは思わないと 確信していたのです
恐らく 裁判の視聴者数は ニーゼルズのニュースによると 金曜日の視聴者数よりも多いのです
企業によって評価されたテレビチャンネルは CBS,ABC,NBC,CNN,Fox News Channel,MSNBCでした.
取材を放送した他のテレビ局の情報には PBS,C-SPAN,Fox Business Networkなどに すぐさまアクセスできませんでした
職場での視聴率を測るのも 難しいことでした
背景を言えば この観客の規模は 決勝戦や オスカー会に 匹敵します
ナイルセンによると Fox News Channelのインタビューは 全日連続で560万人以上もの視聴率で その番組の視聴者は Kavanaughの指名に 然と反対した.
ABCは326万人の視聴率で 2位でした
ニーレンの調査によると,CBSは3.1百万,NBCは2.94百万,MSNBCは2.89百万,CNNは2.52百万という数字です.
裁判後の関心は 依然高かった
フレイクが金曜の試合の 焦点だった
共和党議員の事務所が カーバノウを 支持する声明を出した後  CNNとCBSのカメラマンに 近づいて 撮影した写真で 抗議デモ隊が彼を襲った金曜日の朝 彼は司法委員会会議に 行くために エレベーターに 乗ろうとして
CNNのライブで 恥ずかしがらせを浴びた数分の間 顔を隠して座っていました
"あなたの前に立っている"と
国民に真実を語っているのか?
女性は権力を持ち続けるのに 権力者は権力者になるのに
フレークは 声明を出したと 報告した
放送局は皆 放送を続けており 司法委員会が カバナフの指名について 上院の投票に 送るかどうかを決定しました
フレイク氏は 選挙を中止する際には 候補者に対する 非難をFBIが 捜査する 必要があると明言しましたが 民主党の少数派が 要求しています
フレークは友人である 民主党上院議員 クリス・クーンズと 話し合いをした結果 納得した.
フレイク氏は,クーンと,その後,他の上院議員と話し合いをした.
フレイクの投票は 選挙で 共和党が 川越氏を承認する 票を握るほど なかったことを明らかにした
トランプ大統領は カバノフに対する 容疑の捜査を許可した
首相メイは,英国が離脱を政治的に 捉えていると批判
首相のTheresa Mayはサンデー・タイムズ紙にインタビューし,EU離脱の計画が,英国将来を政治的に操り,英国の利益を台無しにするという批判を浴びた.
2018年9月29日,イギリスの首相テレサ・メイが,イギリスのバーミンガムで開催された保守党会議に出席.
雑誌の表紙に インタビューの横に 掲載された別のインタビューで 首相の元外相ボリス・ジョンソンは チェッカーズ・プランという 脱欧計画に言及し ユーロ連合とイギリスが 相互に関税を 引き下げると言うのは "全くの 馬鹿げた"ことだと批判しました
ウェイド・シムスの銃撃事件:警察はLSU選手の死亡に関連してディテオン・シンプソンを逮捕
警察は20歳の野球選手の ウェイド・シムスを 容疑者として逮捕しました
20歳のディートン・シンプソンは 逮捕され 刑務所に収監されました バトンルージー警察によると 2度目の殺人罪で
警官はシムズとシンプソンの 衝突の映像を公開し 衝突で眼鏡が 失われたと主張した
警察は現場で眼鏡を発見し シンプソンの遺伝子物質を 発見したとCBSの 姉妹会社WAFBが 報告した.
警官は, 裁判で, シンプソンは, ウェイデを撃って殺したと告白した.
弁護士によると 保険金は35万ドルの額
裁判所は 検察官事務所の 報告を公表しました 死亡原因は 銃撃で
州警察はルイジアナ州警察特別部隊 刑事犯罪捜査局 南部大学警察官 そして地元市民の協力を感謝します
州立大学スポーツ部長 ジョー・アレバは 警官たちの勤勉を感謝し 司法を求めた
シンスは20歳だった
背丈6フィート2人の前は バトンルージュで育ちました 彼の父親のウェインもLSUで野球をしていました
平均5点6分 試合に2点6アサシードを記録した
野球のコーチであるウィル・ウェードは チームを傷つけ ショックを受けたと 発表しました
"これは,常に心配していることだ"と,ウェイドは言った.
象の山が 灰をメキシコシティに吹きかけ
ポポカテペトル火山の灰は メキシコの首都の南まで届きました
米国防災センターは土曜日にメキシコ人に 噴火から遠ざかることを勧告しました 噴火の活動が激化し,24時間間に183件のガスと灰の噴出が記録されたためです
震動と火山の揺れが 観測された
ソーシャルメディアの写真では 砂の薄い層が 車の車輪に覆われていて  Mexico Cityの近隣地区の Xochimilcoなどに 流出していました
地質学者たちは,メキシコ首都から南東72キロの山の内での活動が増加しているのを観測しています.
ドンゴヨという名の火山は 1994年から活動しています
カタルーニャの独立宣言の記念日,警察が分離運動運動の参加者との戦いに
抗議活動が始まり,カタルーニャの独立宣言の"周年を記念するデモで,数千人が参加した.
仮面の分断派閥の集団が 暴徒を卵で襲い,一般の観光客で賑わう通りに 粉を散らして 灰色の灰の山を造った.
警官たちはバンを用いて 鳥の巣を閉じ込めていました
反対派は"スペインは長生きせよ"と反発し "我々は忘れない 許さない"と叫んだ
地方メディアによると 14人が 軽傷のため 集中治療が必要でした
1月1日の国民投票はマドリードの当局によって違法と判断され,カタロニアの分離主義者が称賛したものの, 1年後に,独立を望む地域では大きな緊張が続いている.
投票者の大半は独立を主張したが,反対派の多数が選挙を無視したため,投票の参加率は低い.
カタルーニャの当局によると 去年 選挙を阻止した警察の 衝突で およそ1000人が死亡しました
独立運動のグループは,警察に支持する抗議を防ぐために,金曜日に夜間外で働いていた.
反対のグループが進んだが 反対の方向に進む必要があった
電気工事に従事する68歳のナルシス・テルメスは,妻と共に分離派の抗議に参加し,もはやカタロニアが独立するなど期待していないと述べた.
昨年は最高の瞬間を 経験しました
"結婚を喜びに泣いている両親を 見ました でも今は じっと座っているんです"
去年12月の地方選挙で 必要な勝利を収めたものの 勝利はわずかだったにもかかわらず カタロニアの独立党は今年 停滞を余儀なくされ 指導者の多くは 選挙の準備や 独立宣言の作成に 携わったために 自発的に 追放されたり 裁判を待っているまま 拘束されたりしています
警察に協力する抗議を 携帯電話で録音した 42歳の機械工人 ジョーン・プイグは 反対派の政治家たちが 衝突を助長したと語った
"緊張感はどんどん高まる"と彼は言った
裁判を待っている9人のカタルーニャ人指導者のうちの1人であるオリオル・ジュンケラスは,土曜日,来年の欧州議会に参画することを発表しました.
"欧州議会での私の提案は,我々がスペイン政府によって経験した民主主義の落とし穴と抑圧を非難する最良の方法だ"と彼は言った.
ロンドン市:家屋に車で突入した男を逮捕
33 34 39歳の3人の男性が ロッカーハウスで 繰り返し暴行したとして 逮捕されました
事件はバレーナガード・クレセントで 起きたのは木曜日の 7時30分です
捜査官ボブ・ブレミングスによると ゲートと建物は 損傷を受けたという
銃は車に向かって 横断的に撃たれたかもしれない
リーブストンがレンジャーズを1-0に倒した
ドルリー・マングの最初のマークは,リビングストンの勝利を保証
リービングストンのリーグ戦は ランジャーズに負けてしまい スティーヴン・ジェラードは イブロックスで18試合の試合で敗れを喫しました
マーク・ドルリー・マングが勝利し,ゲイリー・ホルトンとハイベリアンが2位に.
ゲラードチームは 今シーズン リーグ戦で 勝利を収めたチームで 8位先のハートに 試合を予定しています
ランジャーズは木曜日にラピッド・ウィーンと対戦する
リーディングストンは6勝で 未敗のまま コーチはケニー・ミラーを 置き換えた
ゲストの無邪気な対抗にチャンスを逃す
ゴルフのゴールを打つ前に チーム・ホルトは 長い道のりを歩いていたはずだが 骨の切断はレンジャーズに 大きな問題を引き起こした.
スコット・ロビンソンは突破を成功させたが,ゴールに失敗した.アラン・リトゴウは,グライ・ハルケットのゴールを狙って,守備の向こうから逃げて,ゴールを狙った.
オーナーは レンジャーズを 静かに前に 遊ばせました 客に問題を起こすかもしれないと
そして,この重要な境界線が 打ち切られたのです
ランジャーズは追加で試合を繰り広げ,リビングストンは市場を切り開くことに努めた.デクラン・ギャラガーとロビンソンは,マングをチームで助け,マングは中盤から打撃し,中盤から打撃した.
ランジャーズはボールの支配力を持っていたが 守備は壊れず リーアム・ケリーは キーキーパーとして 力を入れなかった
試合は続きましたが カーリーからアルフレド・モレロスが 守りを取りました
スコット・ピットマンは ランジャーズのゴールキーパーである アラン・マクグレゴーの足で止められ リトゴウはリビングストンの攻撃で 打撃を外した.
立憲党の立候補者は 立候補したものの 解任された. 立候補者の2つの主張は 立候補者グレン・ミドルトンに 立候補した. そして,立候補者の1つは 解任された.
ライフストン・ジョーズの"楽しい"
トニー・マカロニ・スタジアムでBBCスコットランドの記者 アラスダール・ラモン
素晴らしいパフォーマンスと成績を リビングストーンに
普通の人のために 彼らは素晴らしい仕事をし 成長のあらゆる期待を 超えていました
選手のスタイルや選手は リーグ復帰以来ほとんど変わっていないが ホルトは チームを活かしてくれて 賞賛に値する
ヒーローはたくさんいた
ハルケットは 素晴らしい指揮官で 完全な防衛を指揮し メンガは コナー・ゴールドソンと ジョー・ウォーラルを 守った
ランジェは 動機づけが不足していた
ジェラードが支配していた 善良な国でも 期待を裏切った
攻撃の仕上がりに失敗し 敵の門を1回しか開けなかった ランジャーズにとって 警報になる
エルドーガンは,コロンで 素晴らしい招待会を開催します.
土曜日 (9月29日) の朝 ベルリンの朝食会で トルコとドイツの首脳が会談した
論争の的となったエルドアン首相の ドイツ訪問の最終日です. 目的は,両国の間の関係を改善することにある.
人権問題や報道の自由 トルコのEU加盟などで 意見が分かれています
エルドアン氏は,巨大なモスクを新設するために,ケルンへ行った.
この都市はトルコ以外でトルコ系の人口の多い場所です.
警察は治安を考慮して2万5千人の集会を 禁止しましたが 周辺には 支持者が集まり 大統領に会いました
抗議活動に参加した数百人の反エルドアンデモ隊も 抗議の声は聞こえ始め,エルドアンとドイツ政府が 招待したことに非難を寄せた.
反対派は2つのグループで 論争を巻き起こし オーストリアはドイツ人のトルコ人の英雄として 独占主義者として嫌われる
デプトフォード事故:自転車に乗っていた人が車に衝突して死亡
ロンドンで自転車運転手が車に衝突して死亡
事故は,デプトフォードの東南部の,ベストウッド通りとエヴリン通りの交差点近くで, 午前10時15分頃,発生しました.
運転手は止まり 救急隊は救助を試みましたが 事故の現場で死亡しました
事故は,その数ヶ月後に起こった. 事故現場から1.6キロ離れたチルドースストリートで,
警察は,その男を特定し,彼の家族に連絡しようとしていると,
道路は閉鎖され 路線はバスに封鎖され 運転手は 地域を避けるよう警告されています
刑務所の6人の看守が 暴動で負傷
刑務所の情報局によると 警備警備の高い男性刑務所に暴動が起きたことで 6人の囚人が負傷したそうです
ウォルチェスターシャーのロング・ラートン刑務所で 暴動が起きたのは イギリス時間9時30分頃でした
暴動を鎮めるために トルナダ特別部隊が 派遣されました 暴動は8人の囚人によって引き起こされ 独房で収監されています
顔面の傷が軽微で 病院で治療を受けていた
刑務所管理局の広報担当者は"特別訓練の看守が ロング・ラーティン刑務所で起きている事件の 対応に呼び出されました"と
6人の作業員が 負傷のため 休憩中です
刑務所では暴力がなく 犯人は警察に引き渡され 逮捕され 懲役期間が延長されます
刑務所には500人以上の囚人が収容されており 犯罪者の数も含まれています
6月 刑務所長が 囚人への暴行で 病院に運ばれたと報告されました
昨年10月 治安部隊が 治安の破壊に 駆り立てられ 職員に銃弾を投げた
嵐のローザは,フィニックス,ラスベガス,ソルトレイクシティを 洪水で脅迫している (乾燥地域は恩恵を受ける)
熱帯はアリゾナに 衝突するのは稀ですが 恐らくは来週の初めには 嵐のゴミが南西に 衝突し 洪水が起こるでしょう
連邦気象庁は既に月と火曜日の洪水予報を アリゾナ州西部,ネバダ州南部と西部, カリフォルニア州南東部,ユタ州, フィニックス市,フラグスタフ市,ラスベガス市,ソルトレイク市などに 発令しています
ローザは 火曜日に直接フェニックスに 到着し 月曜に遅刻します
フォニックス市気象局はツイッターで " 1950年以来 フォニックスから200キロ以下の範囲で 熱帯暴風雨の予報を保持できるものは たった80羽しかいない!" とコメントしました
カトリーナは1967年に発生したハリケーンで,アリゾナ州国境から40キロ以内でした.
竜巻の最新予測によると アリゾナのモゴロンリムで 5~10cmの 降水が予想されています
岩の真ん中とグレート・バシンを含む南西部の他の地域では,2.5cmから5cmの降雨が起こり,高さ10cmの降雨が起こり得る.
洪水に 直面していない人にとっては の流れは 幸運にも 雨の降る場所です
洪水が 深刻な被害をもたらすかもしれないが この降雨の恩恵は ある程度 与えられることになるでしょう 南西部では 乾燥状態です
合衆国 乾燥管理局によると アリゾナの40%以上は 極度の干ばつで 気候は2番目に厳しい
まず第一に ハリケーン・ロザが メキシコのバヤ・カリフォルニア州に 降り注ぐ
ピンクは今でも 週日朝の嵐で 最大風速は 時速136キロで メキシコのプンタ・エウジェニアから南に620キロ 速度で北に移動しています
太平洋を横切る 嵐の力は減る
予想されるのは 午後か夜にメキシコに 熱帯嵐として 到着するということです
メキシコのいくつかの地域では 洪水が起こりうる可能性が高い
ウェザー・コムによると, 洪水は7.5cmから15cmまで, 下カリフォルニア州と北西ソノラ州に広がり, 25cmの洪水が起こりうるという.
熱帯嵐としてメキシコから北へ移動し 火曜日の朝にアリゾナ州に熱帯雨で到達します そしてアリゾナ州を上り 火曜日の夜遅く南ユータ州に到着します
"バラの脅威は,バラの遺骸や 巨大な山脈の流出で 高いレベルに低下している"と 米国防災局は"米国南西部,ベア・カリフォルニア,ソノラ州の北西部,そして 砂漠地帯の南西部"で 報告した.
砂漠の砂漠化や 砂漠化後 生命を脅かす洪水や 砂漠の砂漠化や 砂漠化後 砂漠化や 砂漠化後 生命を脅かす洪水や 砂漠化後 生命を脅かす洪水や 砂漠化後 砂漠化後 砂漠化後 砂漠化後 砂漠化後
ミドソマー・ノートン襲撃事件 4人の殺人未遂容疑者逮捕
3人の若手男性と20歳の男性が 殺人未遂の容疑で逮捕されました 16歳の少年が ナイフで傷を負ったまま発見されたことにより
少年選手は,Midsomer NortonのExcelsior Terraceで,土曜日の午前4時頃,負傷した状態で発見されました.
病院に運ばれて 安定した状態と報告されています
レイドストック地区で 夜中に逮捕された 17歳の少年,2人の18歳の少年と 20歳の男性
警察は目撃者に電話記録を 持ち出せるか尋ねています
トランプは カーバノが民主党の 怒りや悪意に 苦しめられていると発言しました
"裁判官カバノーの支持は 民主党の残酷で汚職的な行為に 反対する投票だ"と トランプ大統領は ウェストバージニア州ウィーリングで 支持者の集会で言いました
トランプはカヴァーナウグは 民主党の悪意と怒りを 選抜く過程で感じたと 非難した.
カバナウフは木曜日に議会で証言し クリスティン・ブラシー・フォードの 性的暴行を否定しました 彼女と彼が10代の頃 性的暴行を犯したという主張です
フォードは,委員会に,彼の主張を証言した.
大統領は土曜日に"アメリカ人はカバナフの 機知と 勇気と勇敢を目にしました"と
"カバナフ判事の 承認投票は 現代の最も賢い弁護士の一人を 承認する投票だ 素晴らしい公務員歴を持つ弁護士だ"
大統領は中期選挙に 共和党の支持者が参加する事を重要視し カーナガスの指名に 触れなかった
5週間後には 人生で重要な選挙が
"私は自分を紹介する気はないけど,本気でやるわ"
だから私は 素晴らしい候補者のために 闘うために フィールドを回る
トランプは民主党が 妨害と妨害を 推進していると主張した.
共和党の副議長がCNNにインタビューしたところによると カーナフの指名に関する議会の最初の公聴会は
インドネシアでは地震と津波で数百人が死亡し,死者数はさらに増えていく見込み
首都スラウェシ島で発生した地震で 少なくとも384人が死亡し 洪水が襲い 洪水が海岸を襲った
夕方には6メートル高の波が海岸を襲い 群衆を海に押し寄せ 被害を全滅させた.
津波はリヒター7.5の地震で 発生しました
洪水が起きたとき,人々はまだ海岸にいて,すぐに逃げなかったので,死者が出た,とインドネシアの水災対策協会の広報担当者Sutopo Purwo Nugrohoはジャカルタでの説明会で言いました.
ニューグロホは"海上を横断して 800キロのスピードで移動した"と付け加えた.
ツバメが 嵐から逃れようと 木に登った人もいましたが 生き残った人もいました
パラウの24の施設に 避難した人の数は約16,700人
航空写真には 破壊された建物や 商店 橋の荒れ跡や 川の水に囲まれた 沼が映し出されていました
余震は土曜日も 沿岸の町を襲った
震災は24万人の地域を 襲った
インドネシアの食品技術協会は 声明で言いました "金曜日の地震で放出されたエネルギーは 第二次世界大戦中の広島に落とした 原子爆弾の 200倍程度だったと"
地域が長い 穏やかな洪水の端にあるという 都市の地理的な位置が 洪水の大きさを 増加させた可能性があると
ヌグロホ氏は,被害は"重大"で,何千もの家屋,病院,ショッピングセンター,ホテルが 崩壊したと語った.
遺体は崩壊した建物の瓦に 閉じ込められたまま発見されたと 彼は言った. さらに540人が負傷し29人が行方不明だと付け加えた.
被害者は 震源の近くにある ヶ谷という ヶ谷から300キロの海岸線を 超える可能性があると ヌグロホは言いました
通信は完全に停止し,Donggalaから情報も届いていないとNugrohoは言う.
"30万人以上が暮らしている"と赤十字は声明で述べた. "赤十字の職員やボランティアが 地域の住民の支援を進めている"と付け加えた.
"これは既に悲劇だ"と赤十字は言う "もっとひどい事態になるかもしれない"
警報が発せられた時までに波が到来したと公言したにもかかわらず, 警報が発せられなかったため,
ソーシャルメディアのビデオでは 建物の上から 声を上げられ 洪水が近づいていると 警鐘を鳴らした人が 聞こえる.
洪水は 建物や車を 流し去り 川は 川に流され
ビデオの裏付けは ロイターズで確認できませんでした
震災と洪水により パラウの電力が失われ 通信が遮断され 緊急支援の計画が困難になりました
軍から支援物資を飛行機で ジャカルタや他の都市へ 送り始めているが 地域の援助を受けた人々は 食糧や生活必需品を 切実に必要としていると 当局者は言う.
空港は救援活動のために再開され 10月まで閉鎖されます
周日,大統領ジョコ・ウィドオは,パルーの難民キャンプを訪れる予定です.
インドネシアで洪水が発生し 800人以上が死亡
状況がとても悪い
ダンガラのワールド・ビジョンのスタッフは,パル市に避難し,事務所の外にある公園に設置されたテントに避難しました.
"人々は,多くの家具の法律を見たと言った"と彼は言った.
状況がとても悪い
援助団は 困難な救援作業を 始めていますが, 専門知識を持つ外国の救援隊が パラルーに 行くのを妨げられていると 苦情を述べています.
インドネシアの規制では 災害現場が 地だと宣言された場合のみ 外国からの資金や 資材や スタッフが 到着できるのです
まだまだ,その事は起きていない.
事故現場は依然として 住民が住んでいる場所だ"と インドネシア赤十字の広報担当者 アリアニは言う.
政府が港湾地帯だと宣言したら 外国の援助を受けることができますが まだ発表はされていません
遺族の友人や家族は まだ行方不明の遺族が 奇跡の"つになるのを待ち望んでいました 悲劇がもたらす 悲惨な事態に 絶望的な希望を 吹き込ませるのです
土曜に 小さな男の子が から救出されました
日曜日 救急隊が救助隊員が 母親の遺体を横に抱いて 2日間 瓦に閉じこもっていた女性を救出しました
インドネシアスプーフの コーチであるゲンドン・スバンドーノは 今行方不明の2人のスプーフの コーチをしていました
ロッカ・ロッカホテルに閉じ込められた他の者は彼の学生で, その中にはマンダギ氏もいました.
"長年の経験があるから 感情的な負担は自分にある"
ガンドン氏は,Roa Roaの崩壊が報道されてから数時間後, 絶望のWhatsAppメッセージを,
しかし彼のメッセージは 青ではなく 灰色でしか表示されませんでした
"私は,それが,メッセージが受信されなかったことを意味していると思います"と彼は言った.
盗賊が26,750ドルを盗んだ ニューポートの急行銀行に 貯金庫を埋め尽くす
金曜日の朝 ブリンの従業員から26,750ドルが盗まれた ニューポートの警察の発表によると
警官のデニス・マッカーシーは 駐車場を走行していた運転手は 駐車場からお金を 借りようとしていたと発表しました
作業中に別の男が ブリンの作業員の後ろに走り 配達用の袋を盗んだ
容疑者が逃亡した目撃者もいるが 警察は何人か逮捕されたか 明らかにしていない
容疑者の身元に何かあったら ニューポート警察に電話を... 859-292-3680
カニエ・ウェスト:ラッパーが名前を変えて"Ye"
ラッパーカンエ・ウェストが 名前を変えて"Ye"に
ツイッターで土曜日に変更を発表した. 彼はこう書いた. "以前はカニエ・ウェストとして知られていたヴェランだ.
41歳のウェストは"Ye"と呼ばれていて 6月にリリースされた8枚目のアルバムに タイトルを付けている.
番組の発表を前に 新作"ヤンディ"の発表が 予定されている
番組のプロデューサーは,アリアン・グランディの代わりに出演する予定だが,彼女は"感情的な理由"で脱退した.
ウェストは以前,この名前は彼にとって宗教的な意味を持っていると言ったが,それは彼の現在の名前も縮写している.
"聖書の中で最もよく使われる単語は" (えい) "だと思いますが,聖書では" (えい) "という意味です"とウェストは今年の初めにラジオ番組の"Big Boy"の主催者,ビッグ・ボーイに自分のアルバムを紹介した際,こう言いました.
だから私はあなたです 私は私たちです これは私たちです
唯一という言葉から 単に"あなた"という 表現へと変わりました 善良な部分も 悪い部分も 変な部分も 全てを反映したものです
作品は私たちのアイデンティティを 反映しているんだ
彼は有名なラッパーで 名前を変えた人物の"人だ
ショーン・コンブはパフ・ダディ,P・ディディ,ディディと呼ばれていますが,今年,彼はラブとブラザー・ラブと呼ばれたい,と発表しました.
JAY-Zは ウェストの元同僚で 名前も 文字列も 文字列も 文字列も 文字列も 書き出しています
メキシコの大統領選は 市民に対して 軍事力を使うことを 拒否する
メキシコの大統領選で アンドレス・マヌエル・ロペス・オブラドールは 市民に対して 軍事力を決して使用しないと宣言しました この国は 血な学生復讐の50周年を記念するばかりです
ロッパ・ロブドール大統領は,メキシコ国民を抑圧するために, 軍隊を決して使用しない,と誓いました.
1968年10月2日 市民が平和的に抗議していた場所の 広場を兵士が撃ちました 学生の左翼運動がローマ全土で 銃撃を仕掛けた時 およそ300人が死亡しました
ロッペス・オブラドールは 国の若者に支援すると約束し 学生全員に毎月奨学金を与え 更に多くの無料の公立大学を 開設すると約束した.
失業と社会的な能力の欠如が 犯罪に 誘うと訴えた
合衆国では人工知能への投資を倍増すべき
発明家で人工知能の 研究者であるカイ・フー・リー氏は "中国が人工知能の 開発に積極的になっている今 アメリカは人工知能の研究費を 2倍にすべきだ"と語る.
報道によると アメリカ政府の各部門が 諜報機関に 諜報情報を発信したことで 報道されたのです アメリカには 諜報機関に関する 公式な計画がないにもかかわらずです
しかし昨年中国が発表した計画では 2030年までに AIで世界トップを目指すというものです
"人工知能研究費を倍増させることは 良いスタートです 他の国は米国をはるかに上回っているので 次の大きな人工知能の発見を 待ち望んでいる"とリー氏は述べました
資金の2倍化によって 次の大きな人工知能の発明が アメリカで作られる確率は2倍に 増えるかもしれないと CNBCのインタビューで リー氏は述べました
本書は"AI スーパーパワーズ: 中国,シリコン・バレーと新世界秩序"という本で 本書は"AI スーパーパワーズ: 中国,シリコン・バレーと新世界秩序"という本で 本書は本月発売の出版社であるホットン・ミフリン・ハーコート社で 発行されました リー氏は,中国最大の人工知能企業であるFace++に 投資した企業SinoVation Venturesの 社長です
カーネギー・メロン大学で 衛星技術の研究をしていました オスローでアメリカ最高賞を受賞した その後 マイクロソフト・リサーチの最高経営責任者になり Googleの中国部門の社長になりました
リー氏は国防総省のエンジニアリング・コンテストなどに 似たような技術コンテストが 開催されていることを話しました そして次のコンテストがいつ開催されるのかと尋ねました
リー氏は"米国の研究者は政府の助成金を得るために 多くの努力を要する"と説明しました
リー氏は"中国が最大のアイデアを 引き寄せているのは中国ではなく 企業だ"と語りました
FacebookやGoogleなどのテクノロジー企業は ここ数年 優秀な大学院生を人工知能の研究に 採用しています
移民政策の変更は アメリカが人工知能の研究を 強化するにも役立つと リー氏は述べました
"AIの博士号を持つ人は自動的に居住許可を取得すべきだ"と彼は言った.
2017年7月に中国議会が 将来の行動計画を公表しました
李氏は"中国科学研究所は米国国立科学財団と似たような 公共機関で働く人々のために 資金を提供していますが 中国では科学の質が劣っています"と
今年初めに 国防総省は AIセンターを設立し 産業と教育機関と連携し 特別委員会を設置すると発表しました
今月DARPAは AI Nextというプロジェクトに20億ドルを投資したと発表しました
NSFは年間"億ドルの投資を 人工知能の研究にしています
一方 合衆国では人工知能に関する 安全保障理事会を 成立させるための法案が 何ヶ月も 成立しなかったのです
マケドニアの住民は 国の名称を変更するかどうかについて投票を行います
マケドニアの住民は日曜日に,EUとNATOへの加盟申請を阻止したギリシャとの長年続く紛争を解決するために,その国の名前を"北マケドニア共和国"に変更するかどうかについて,国民投票で投票した.
ギリシャはマケドニアという名の 領土を持つ地域があり ギリシャの北側近国マケドニアの領土を ギリシャが主張し ギリシャはマケドニアの領土を ギリシャが主張し ギリシャはマケドニアを 北側近国マケドニアの領土を ギリシャが主張し ギリシャはマケドニアを 北側近国マケドニアを 北側近国マケドニアを 北側近国マケドニアを 北側近国マケドニアを 北側近国マケドニアを 北側近国マケドニアを
ギリシャは"ギリシャ"と"マケドニア"を"ギリシャ"と名付けた.しかし,この名称の変更は,マケドニアのスラブ系住民のアイデンティティを損なうと, 民族主義的な反対派は主張している.
投票は受けられないと宣言した ジョージ・イヴァノフ大統領は 投票を無視するキャンペーンを 繰り広げています 投票が有効になるために必要な 投票率の50%に達したかどうか 疑わしいです
投票用紙の質問はこうです "NATOとEUはギリシャとの協定を 承認する意向ですか?"
首相ゾラン・ザエフを含む 改名案の支持者は ユーゴスラビア崩壊後の ユーゴスラビアに属する 連合国である欧州連合やNATOに加盟する 公正な代金だと主張しています
"私は今日,マケドニアの若者のために,国の将来について投票することに来ました. それは,彼らが欧州連合の保護の下で自由に生きることができるようにするためです. それは,私たち全員にとってより安全な生活をもたらすからです"と79歳のオリベラ・ジョージエフスカは,スコペで語った.
法律的に拘束力はないが 多くの議員がそれを法律として採用すると表明した.
名称変更には 議会の3分の2の承認が必要
選挙委員会は 午後1時までに 異常な報告は一切ないと発表しました
しかし 投票率は16%で,これは2016年の議会選挙で 投票した人の割合が34%だったのに比べると, 投票率は66%だった.
"私は子供のために投票しに来ました.私たちの場所はヨーロッパです"と, 62歳の投票者Gjose Tanevskiは,首都スコピエで語った.
マケドニアの首相,ゾラン・ザエフ,彼の妻,ゾリカ,そして彼らの息子,ドゥシュコは,マケドニアの国民投票で,国の名前を変更するか,それがNATOと欧州連合への入国を可能にするかどうかについて,マケドニアのストルミカで投票しました. 2018年9月30日.
スコピエの議会の前で 投票を無視する人々によって 立てられたテントの前で 小さなステージを用意し 椅子を作りました
"我々はNATOとEUに屈服しているが,我々は高頭なメンバーであり,サービスドアの向こう側を通り抜けたくない"とカヴァダルコフは言った.
貧しい国ですが 豊かな国です
ギリシャは,マケドニアの 領土として我々を認めないなら,中国やロシアに 戻り,ユーラシア連合に加盟する.
首相ザエフは,NATO加盟が,失業率20%を超えるマケドニアに 必要な資金を提供すると述べた.
"私は,80%以上の国民がEUとNATOに賛成しているので,圧倒的多数が賛成するだろう"と,投票を終えたザエフは言った.
承認は"我々の未来を 保証する"
投票参加率は30%から43%とされ, 投票に必要な最低値を下回っている.
投票日: 投票日: 投票日: 投票日: 投票日:
70%が"はい"と答えました
国民投票が有効になるためには 投票率は50%+1票で
投票が否決されたら, 西側側が主導する政権が 去年5月に政権を握った以来, 初めての深刻な打撃を受けるかもしれません.
セルジオ・アグエロ,マンチェスター・シティの選手,ブライトンの防守を抜き,ゴールを記録
セルジオ・アゲロとラヒム・スターリングが ライトンの2-0で勝利した.
アグエロは65分で 簡単に見えた
アルゼンチン前線は 攻撃の初期に 中野で攻撃を受け取り
3人の守備を抜けて オープンフィールドへ
緑の格好の4人の守備隊が 周囲を囲む
守備を抜けて 走り抜けて ライトンのホワイトハウスから
そして左にスルーして スターリングを見つけました
イングランドのフォワードは,ウィット内の最初のタッチを使って,ボールをアゲロに返した.アゲロは,右足で,ライトンのゴールキーパー,マティュー・ライアンに,右側のゴールに,ショットで,打った.
"アゲロは足の問題を抱えている"と 都市部代表のペプ・ガーディオラは 記者会見で語った.
は55分60分と話し合った
それからこんなことが起こった
幸運にも彼は すぐこの場でゴールに 打ち込んだ
しかしスターリングが リーグ戦で最初のゴールを 打った
29分にゴールが来た
アゲーロは 攻撃の際に ライトンの内側から 攻撃を受け取りました
素晴らしいロングボールを左から 投げた
ステリングをスカイプに 送った
フォーク・シティのファンが 球をネットに投げました 球がネットから飛び降りる直前です
シティは12時55分に チャンピオンズリーグのホッフェンハイムと対戦する ドイツのシンシュイムにある ライン・ネッカー・スタジアムで
シュレッザーはロッキーズに 試合をしたい
ナショナルズが決勝から 排除されたので 予選を迫る理由が なかった
シュレザーが決勝に勝つのは コーラド・ロッキーの試合でしかない 決勝は決まるが ロサンゼルス・ドジャースの 勝利は1試合だ
ロッキーは少なくともウィールドカードを獲得し,金曜日の夜にナショナルズを5-2で倒した.しかし,彼らはまだ最初のリーグタイトルを獲得しようとしています.
免費で遊ぶとしても 少なくとも 電気の空気で遊べるんだ デンバーのチームも 今年も最高の試合を やってくれるだろう
競争相手は 競争相手の立場から 離れるべきでしょうか?
ナショナルズはまだ先日試合の 投手名を発表していないが シュルザーは投球を許可される可能性が 高いと予想されている
シュルツァは, 34回目,試合を始める予定で, 練習日を木曜日と決めました. そして,彼の通常の休日である日曜日,投球をしていました.
ワシントンで投球を続けているこの投手は 18-7 勝 2.53のERAと 300の打撃を220の2/3の局で獲得しています
トランプはウェスト・バージニア州を訪問
大統領は中期選挙で 共和党支持者が 参画する重要性を強調した際 カーバナフの指名について 暗黙に言及した
十一月には何もかもが 引き込まれている
5週間前 人生の最も重要な選挙の"つ
"私は出馬しないが,出馬する" "だから私は,偉大な候補者のために, 広場を駆け巡る"
トランプ氏はさらに"民主党の過激な集団を 見れば分かるだろうが 今まさに起こっている"と
権力を取り戻すため 必要な手段を 駆使しようとしています 暴力も悪さも
権力と支配を得るためには どんな傷を負っても 気にしない 権力と支配を望むだけなのに 与えられない
民主党は"妨害"と 非難する
民主党は 汚らわしい 卑怯で 偽り屋だ
彼は上院議員のダイアン・フェインスタインを 提唱し 民主党の上院議員を 任命したことで 観客の歓声に 返されました
答えを覚えてる?
文書を漏洩したのはあなたですか?
オーケー,何ですか
悪い体感だった 史上最悪の体感だった
労働者はもはや教会を 代表する存在ではない
心の底を 表現する人を許さない
党のモメンタム運動が私に命令を出した時 驚くことはなかった
労働党の議員は,言論の自由を言っても,歓迎されないと 言われてきました.
ユダヤに対する偏見を 強く反論したジョーン・ライアンも 同じような扱いを受けた
私の場合 批判されたのは ジェレミー・コービンの意見に反していたからです
責任ある経済政策の重要性や 国家の安全や欧州の重要性といった テーマで 議論が進みました どれも前述のリーダーと 意見が異なっていたものです
発表は"我々は,この会議を, 完全に透明で, 効果的なものにするよう, 望んでいる"と書かれています.
労働党の議員として8年間 働き続けてきた中で 会議は金曜の集会で 決まっていました
悲しいことに,多くの会議では, 約束は忘れられ, 穏やかな,よりよい政治が 始まってさえなかった.
党内では,意見の違いは認められず, 党の指導者が納得するかどうかによって, 意見の違いは判断されるという事実が, 明らかになってきています.
 Jeremyがリーダーになった直後に 仲間たちが 政治的にも私と同じだと思っていたが 国民安全保障やEU市場について 私が同意しなかった意見に 賛成するよう期待するようになったのです
私が公の場で話すたびに - 私が何を言おうと 気にしないように - ソーシャルメディアで 非難の声が上がり 脱党を呼びかけ 中央政治を否定し 労働党に属すべきでないと 言われてきました
これは私だけの経験ではありません
私は同僚より 幸運なのは分かっています 私に対するコメントは 政治的なものです
性的暴行や偏見を 毎日受けながら 頑固になれない人たちの 専門性や 忍耐に 感心しています
政治的状況の中で 最も失望すべき点は 攻撃や暴行が日常生活の一部になっていることです
カービンは先週 労働党が ギャップの文化に 取り組むべきだと言いました
教会の限界を超え 教会の不信仰や 政策の変更によって 党は弱体化します
軽く,高く,高すぎないようにと, 2年間ずっとアドバイスをされてきました.
しかし私はそれを実現するために 政治に手を出さないことにしました
32年前 学生の頃の労働党に 参画した以来 私はサッチャー政権の 怠慢に激励され 私の教室を 廃墟にしてしまったので
選挙の際も 隠したくなかった
ノーティンガム・イーストの メンバーの誰もが 私の方針や 指導部と 意見が合わないことに 疑いを抱くことはできません
金曜日の提案を 支持した皆さんに言いたいことは この国が ブレグジットの道を進んでいるとき 家庭や企業や 公共サービスに 損害を与えるだろうから 私は労働党のリーダーに 忠誠を尽くして 時間とエネルギーを無駄にする気は 持てないということです
しかし私の唯一のメッセージは ノッティンハム・モメントではなく 選挙区内の 労働党の会員である者にも 伝えたいと思います 私は誇りを持って 奉仕し 約束します 偽善や政治的暴動の 脅迫は 皆さんの利益のために 私がすべきことを やめるものにはならないと
議員のクリス・レスリーは ノッティンガム・イースト
Ayr 38 - 17 メルローズ: 優勝チーム Ayrが頂点へ
2人の足が 決勝を決定したかもしれないけど 間違いなくアイアルは 勝利を収めた
ランキングトップ10位で まだ未勝利のチームです
勝利はホームズの 守備の強さや チャンスの活用に起きました ピーター・マーチーのコーチは 満足するだけの理由がありました
"ここまで,我々は厳しい対戦を受けて,まだ無敗だ.だから,私は満足しなければならない"と彼は言った.
ブロースのロビン・クリスティは "羊は褒められ チャンスを我々よりうまく使った"
マーク・グラント・アンダーソンは14分にアイルを攻撃に追い込んだが,スコットランド人のゲーマーがウォリアーズの試合に許可されたため,メルローズは数字を話すようにし,ジェイソン・バゴットがタッチを記録した.
クリモは半分の間,キックでゴールに先立って,半球前に,そしてタッチマークで,半球まで17-5に勝った.
しかしメルロスは後半に強勢で出場し パトリック・アンダーソンのタッチが バゴトの攻撃を逆転させ 打撃を5ポイントに減らした
ゲーラは,その後,重傷を負ったルアリス・ノットに,長いプレーを要し,その後,クレモが,スタフォード・マクダウールのタッチマークで,アールは,彼のリーダーシップをさらに高めました.
ブラア・マクファーソン,アイルの指揮官は黄色の球を手にし,メルロースは再びブルース・コルヴィンの手打ちで勝利を収めた.
しかしホームズは強くなって戻ってきた. ストルーアン・ハッチンソンが 球を抜いてクリモを倒したことで 黄色の球を打ったとき,マックファーソンは アイルのサッカーの後ろに 追加球を打った.
クリモは再開直後に再び攻撃を仕掛け, カイル・ロウがクイックを成功させたが, グレゴール・ヘンリーは5番目で 勝利した.
スタイル・ゲーム・ショー・スター 飲食業界での新たなキャリアに
フォード・キアランは ステルス・ゲームの主人公の シェルター・エージェントの 雇用を公表されたことで シェルター・エージェントの 雇用を公表されたことで シェルター・エージェントの 雇用を公表されたことで
56歳のキアランは BBCの番組"人気者"でジャック・ジャヴィスを演じ 芸能界の元同僚のクレグ・ヘンフィルと 脚本を並べて演じる
カーナンには,クレイグランの ライフプランがあるようです.
公式記録によると 彼はアドリフトモーン・ 株式会社の 代表取締役だ
俳優は口を閉じたが スコットランド・サン紙の記者は キーランが グラスゴー市内のレストラン業界に 手を染めたいと示唆した.
"海は我々のものだ" 沿岸のないボリビアは 太平洋への通路を 裁判所が再び開くのを期待している
軍団がラパスの海軍本部を 守護している
公共の建物には青の旗が掲げられています
ティティカカ湖からアマゾン川までの 海は我々のものだ
復旧する義務がある
流れたボリビアの 思い出は 鮮やかな記憶に 19世紀の血のまみれで 失われた海岸線と 太平洋を再び 横断する憧れを 刻み込めています
この期待はおそらく 十年ぶりの強みです ボリビアは 5年ぶりの 長い裁判の後に 10月1日に ハーグにある国際司法裁判所の 判決を待っています
ボリビアは"ボリビアは力を有し 団結の精神と 絶え間ない力を有し 決定を肯定的に待っています"と ボリビアの外交官ロベルト・カルザディラは述べました
ボリビアの多くの人は,この国際司法裁判所の判決を全国的に見守ります. 何十年もの苦闘の末,チリがボリビアに, 国境の権利を与えることを要求するボリビアの決定を, ハーグの裁判所が支持することを期待して.
月曜日の判決は,また,先住民の大統領エボ・モラレスにとって非常に重要なもので, 彼は来年の再選挙で論争の的になる.
"太平洋に復帰する寸前だ"と 彼は8月下旬に約束した
しかし 裁判所がボリビアに 賛成する判決を下す可能性は 低いと評論する人もいますし 判決を下すとしても 影響はほとんどないと評しています
裁判所はオランダに本拠を置くが 土地を譲渡する権限を無くし 判決は議論の結果に影響を及ぼさないと断定した.
判決が判決の6ヶ月後に発表されるという事実は,この事件は"複雑ではなかった"と国際法の専門家であるシレーのパズ・サレテは言う.
この4年間はボリビアの進歩を 妨げているのではなく 逆転を促したのかもしれません
"ボリビアの現政権は 海へのアクセスに関する問題を盗んだ"とザラテは言う.
モラレスの軍事的発言は シレからすべての好意を消した
ボリビアとシレは 交渉を続けるだろうが 難しいのはこれからだ
1962年以来 両国は使者を交わしていません
裁判長であるエドゥアルド・ロドリゲス・ヴェルツェは 裁判所の決定が異常な速さで されたという考えを否定した.
月に,ボリビアは, シレとの新たな関係を築くための, ユニークな機会を得ることでしょう. そして,両国にとって, 139年に及ぶ紛争を, 終わらせることでしょう.
カルザディラはまた,モラレスが,この問題を政治の道具として利用していることも否定した.
"ボリビアは太平洋へのアクセスを決して放棄しない"と彼は付け加えた.
判決は過去を正すための 機会です
北朝鮮は米国を信頼できない限り 核軍縮は実現しない
北朝鮮のリ・ヨンホー外務大臣は ワシントンを信頼できないなら 核兵器を放棄しないと明言しました
リー氏は土曜日に国連総会で演説した.
シンガポールでの首脳会議で 約束したことを実行するよう 呼びかけた
ワシントンの発表によると,マイク・ポンペオ米国務長官が, 核兵器に関する協議を 再開しようとしているようです. シンガポールで北朝鮮の金正恩との会合から3ヶ月以上経った今です.
朝鮮戦争の終結を宣言したアメリカ政府の抗議と 貿易禁止が続くと 朝鮮は破滅するとは 考えるのは"夢"だ
ワシントンは,北朝鮮が核を撤廃する 明確な措置をまず取らない限り, 声明を承認しない.
金委員長とトランプ大統領は 再び会談を希望しています
しかし 疑うべきなのは 朝鮮政府が 安全保障の唯一の手段として 核兵器を撤廃する事を 真剣に考えているかどうかだ
ポンペオは,来月,金とトランプの 次回の会談を準備するために,平壌を訪問する予定です.
パリで"ファッション・ショー"が 近くにあるファッションショップに 届く最新作のヘッドウェアを紹介しています
帽子のコレクションを広げたいなら 帽子を太陽から隠したいなら 遠くへ行かなくてもいい
デザイナーズ ヴァレンティノとトム・ブラウンは デザインのS19のサイズに合わせて オーバーサイズで 円形帽をたくさん作りました
この夏に Instagramで 超低級帽子の写真が 沢山投稿され デザイナーたちは 革新的な作品を ファッションショーで披露しました
ヴァレンティーノの作品のメインは 羽ばたきのような広い毛布で 大きくて明るい茶色の帽子で モデルたちの頭を覆っていました
超大気圏の他の部分では 水玉は石に をり も付いたが 熱を保てるための装置ではない
トム・ブラウンは 奇妙な仮面を 持ち出したのです の週が来るまでには 丁度その場で
顔面に色彩を合わせたマスクは 混ぜ合わせたもので ゲイの顔は ハニバル・レクターより
片方の顔は 透気管とガラスのような 窒息装置で もう片方は 溶け氷の形をしたパンです
流行にこだわるなら 頑張って
ファッション専門家は 近い将来 素敵な帽子が 近くのファッションショップで 売られることを予測しています
帽子屋は"La Bomba"という帽子に 近づいてくる. 帽子屋は"La Bomba"という帽子で, 帽子屋は"La Bomba"という帽子で,
ソーシャルメディアで目立つ 格好の帽子の背後に 飾られたファッションマークは モデルが着ていた のの袋の大きさと ほぼ同じ大きさの の袋の大きさで 飾られた別の大きなアクセサルの 形に繋がりました
色のジャケットが 色の服と白い革のハンドルで パリファッションウィークのラ・リビエラSS10の メインパーツでした
著名なスタイリストのLuke ArmitageはFAMILにこう語った "来年の夏にファッションショップに 巨大な帽子とビーチスーツが登場すると予想する" "デザインがこんなに影響力を持つから 超大型のアクセサリーの需要を無視するのは難しい"
ジョン・エドワード:言語能力は世界市民にとって不可欠
スコットランドでは 学生の成績が優れていることが知られています 2018年には 素晴らしいテスト結果が発表されました 競技,芸術,音楽,その他のコミュニティー活動で 個別やグループで 挑戦が強化されました
独立学校はスコットランド全域で 3万人の生徒を擁し スコットランド独立学校評議会 (SCIS) の 監督下にあり 学生や親に最高の教育を提供することに 努めています
私立学校は学生を高等教育や 職業選択や グローバル市民としての地位に備えることを目指しています
教師として 独自のコースを 組み立てて教えられる人として 言語は学校で 広く使われる学科として 続いています
ネルソン・マンデラはこう言いました "人の理解できる言語で話しかけると 心に響く"
彼の母語で話すと,彼の心に響く.
これは英語だけでは 外国人と信頼関係を 築くことはできないことを 思い出させてくれる重要な思い出です
テスト結果から 言語は私立学校で 合格率のトップにあることが わかります
外国語を学んだ生徒の68%が Aの成績を上げました
SCISの74校から集めたデータによると 学生の72%が中国語でAの成績を上げているのに対し ドイツ語では72% フランス語では69% スペイン語では63%がAの成績を上げています
これはスコットランドの私立学校が 外国語を将来必要とする 重要な能力として 支持していることを示しています
現在 言語は 選択の授業として 民間学校や その他の学校で 科学や技術,工学,数学と並行して 扱われています
2014年にUKの雇用技能委員会が 行なった調査では 雇用者が雇用に難しさを示す理由の 17%が 言語能力が不足していることが 明らかになりました
そのため 言語能力は 将来の仕事への若者の準備に 重要な役割を果たしています
言語を話すことが求められる仕事が増える中で, グローバル化が進む中で, 言語能力は不可欠です.
どんな職業を選んでも,外国語を学ぶことは将来に大きな利点がある. しかし,それは生涯にわたるスキルだ.
外国人と直接の交流ができるという能力は 競争相手に対して 優位性を失うことなく なります
2013年にYouGovが イギリスの成人を4千人を対象に 行った調査では 75パーセントの英国人が 十分な会話ができるのに必要な 2つ目の言語を話せなかったと分かりました フランス語は 唯一の言語で わずか15パーセントの 2つ目の言語を話せます
だから,現代の子供たちは,すぐに言語学習に 投資することが大事なのです.
発展途上国における 多国籍労働は 子供たちに 有意義な仕事に就く機会を 増やすでしょう
スコットランドでは学校が 異なる言語で教えています
クラシックな言語を中心に 特定の学校が設置され,その他は2020年までには,中国語や日本語など,英国にとって最も重要な言語を 教えることになる.
子どもの興味は関係なく 専業教師による私立学校で 言語の選択を常にできます
スコットランドでは 私立学校が 未来がどんなものであれ 子どもの準備や 成功を収めるための 知識を与えることを 目指しています
グローバル化が進む中で 言語は国の将来にとって 重要な存在であり 教育に反映される必要があることを 否定することはできないでしょう
現代の言語は コミュニケーションの国際的能力として 捉えられるべきなのです
私立学校はスコットランドの若者に 選択,多様性,優位性を 提供し続けます
楽しい時間だ
ジョン・エドワーズはスコットランド私立学校協会の理事長です
レブロンはサンディエゴで 初めての試合をやる
レイバーソン・ジェイムズと 初めての試合を希望するファンの 待ち時間は終わりました
レイカーズコーチのルーク・ウォルトンによると ジェームズは日曜日にサンディエゴで 試合を開始する
試合の時間はまだ決まっていない
"それは1分以上で48分未満になる"と ウォルトンはラッカーズの公式サイトで 語った.
レイカーズの報道官のマイク・トゥルーデルは ツイッターで ジェームズは 期間限定でプレーする可能性があると 明らかにした.
先週の練習の後 レイカーズがシーズン6試合を予定していたことを 聞かれた
"今のところ,予備の試合をやる必要はなく"
ウェストバージニア州でトランプの選挙会議の予定とYouTubeチャンネル
ドナルド・トランプ大統領は 選挙の集会を数回開きます 最初の集会は 今夜 ウェストヴァージニア州ウィーリングで
来週予定されている5つの会合のうちの"つで テネシー州とミシシッピ州を含む 都市圏の友好地域にも 停車する予定です
連邦裁判所の新判事選の承認投票が 控えられている中,トランプ氏は 共和党が議会の支配権を 失うことになりかねないため, 次回の中期選挙の支持を 集めるべく 動いています.
ウェストバージニアでトランプの選挙戦の時間と オンラインで視聴する方法
ウェストバージニア州ウィーリングのトランプの会合は 今夜,東海岸時間9月29日 (土) 19:00から開始されます
ツイッターでツイートした結果 ツイートした結果 ツイートした結果
恐らくトランプは 性的暴行の疑惑で 緊張した最高裁の 任命裁判官のブレット・カバノフの 裁判の話をしていたのでしょう 裁判官の承認を提起する上院の投票は FBIが 疑惑を調査するまでの1週間間 待たされたのです
しかしトランプ大統領の会議の目的は 共和党の選挙を助長することでした
選挙運動のメッセージは,次の5回の選挙で,共和党の志願者や支持者たちに, 共和党が上院と議会で持っている 支持を守るために, 熱烈な活動をさせることを目的としている,と ロイター通信は報じた.
"議会の支配は 大統領の計画に不可欠だ" "できるだけ多くの州を巡回する" "今こそ 軍事作戦の開始だ"
ウェスバンコ・スタジアムで 開催され, 支援者はオハイオ州とペンシルバニア州から 集まる予定で, 報道者はピッツバーグから,
選挙で勝利した州で 選挙結果の40%以上を 得たトランプ氏が 今月,ウェストバージニア州を訪れるのは2度目です
トランプは 共和党のウェストバージニア州上院議員の 候補者のパトリック・モリスィを 支援しようとしています しかし彼は世論調査で 落ち込んでいます
ウェストバージニア州立大学政治学者のサイモン・ヘイダーは "モリシーにとって 大統領が来場して 支持を増やすのは 賢明なことではない"と ロイター通信に 伝えました
2018年ライダーカップ 合衆国代表が 闘志を表現し 日曜日の個人戦に期待を揺さぶ
試合は3回戦で決まりました 土曜日の午後 決勝戦はまさに このライダーカップの 必要なものかもしれません
成功を賭けるのは 選手が本当に信じている 発明のスポーツ概念です この種の競技では 絶対にそうなるでしょう
どこに行くのか?
順調に走っていたが 4点だった 順調に走っていると思うよ ジョーダン・スピースが レースのスタートを決めた
もちろんヨーロッパは4つの先頭で 12つの先頭です
スピースが言ったように アメリカ人は 汚れた風が吹いていると感じています そして彼らは多くのことに 恐れを覚えるでしょう
スピースは,その模範を びながら, びながら, びながら, びながら, びながら, びながら,
歓声は円の進行とともに高まりました 彼は重要なパッチを落とし 試合の4点を全部守りました 彼とトーマスは 2試合で2点差だったからです
15番の試合で勝利を収めた 彼のポケットには 歓声のようなものがありました 勝利を収めるアメリカ人は まだまだいるという 確信を込めた叫びです
"自分のゲームについて深く考えなければならない"とスピースは言った.
選手たちはこれしかできない
18穴の勝ち点がある
選手のスコアが スピースとトーマスより 高いのは フランチェスコ・モリナロと トミー・フリートウッドです
奇妙だが魅力的なヨーロッパカップルは 4勝4敗で 間違いを犯すわけにはいかない
モリウッドは土曜日の午後は 打たれなかったカップルで 午後は土曜日の午後も 打たれなかったカップルで 金曜日の朝は9ホールでの打たれなかった
試合の様子や 観客の声に 溢れるようなエネルギーが 明らかに 周日勝利を収めるべきカップルであることを示し ヨーロッパのチームに 勝利を収めるのに フレイトウッドやモリナリより 人気のある選手はいないだろう
穴を切り離して 穴を切り離して 穴を切り離して
しかし,欧州のチームの勝利を語るにはまだ早い.
ブルックスの4人組で 午前4時 セルジオ・ガルシアが アレックス・ノレンの 試合で勝利
最初の9つの穴で 2つのダブルがスパニョとスウィーンを 穴から掘り下げました
でも日曜日は 誰も助けてくれない
球と四人格は 互いに交流し 助言し 助言しないことや 計画が突然変容するなど 面白いので じっくり観察できます
勝ったチームとしてはヨーロッパはこれまでずっと優勢で 勝率もかなり高いが この4勝は アメリカチームには 疑われた 闘争心があることを証明した 特にアメリカ人は
ヨーロッパのライダーカップの最終戦は 10-6で勝った
ヨーロッパのライダーズ・バイクの最終日には 強いリードが続きます 試合は土曜日の4つで 10-6でアメリカに勝った
リー・ゴルフ・ナショナル・フィールドで4点を獲得したタイガー・ウッズを2勝で倒し, 攻撃をリードした.
ヨーロッパのチーム トーマス・ジョーンズは 2年前にハゼルトン・スタジアムで負けた 優勝を勝ち取りたいと願っていますが 今朝の四人組でアメリカチームに 3-1で勝ったのです
アメリカは4人組で勝ったが 勝ち点数もなかった
チームには日曜の12試合で 8ポイントが必要だった
フランスは4連勝で初のヨーロッパ代表であり, 素晴らしい週末を"モリウッド"と称したモリナリと2人は,ライダーズカップ史上,最初の4試合で4連勝を収めた唯一のカップルである.
ウェールズとパトリック・リードを 倒した4人組で 勝利を収めた 敗れたウッズと ニュー・アメリカ・ブライソン・デカンボーを 5-4で倒した
独り立ちの試合は2試合で終わりました しかし今では29試合のうち 19試合をクォーターボールで 敗れてしまいました
ジュスティン・ローズは 試合から外れ チームメイトのヘンリックス・ステンソンと 交戦し 2対1でダスティン・ジョンソンと ブルックス・コペカを 倒した
しかしパリの南西にある 穏やかで 晴れたこの日 ヨーロッパは好意をあらず
3年目の優勝者 ジョーダン・スピーテと ジャスティン・トーマスは
彼らはスペインのジョン・ラームとイアン・ポウルターに2勝1敗で勝った. そして,ポウルターとロリー・マクロイに4勝3敗で勝利した.
チームが4つのステップの差を 獲得したのはライダー・バイの歴史上 2回だけあるが, ファーリックのチームはカップを保持するために 唯一の差を 獲得した.
しかし2日間の二度目の優勝の後 勝者は日曜日には 圧倒されるようでした
北朝鮮は 核兵器の単独解除は 信頼感のないことだ
北朝鮮の外務大臣は土曜日に国連に "継続的な貿易禁止はアメリカに対する不信感を高めることしかできない"と発言し "このような状況下では北朝鮮は核兵器を 単独で廃棄することは不可能だ"と強調した.
李は国連総会で"北朝鮮は過去"年"000回以上の善意を示し" 核実験やミサイル実験を停止し 核実験場を閉鎖し 核兵器や核技術の開発を停止すると表明した"と発言しました
しかし,我々はアメリカから,これと一致する反応を,見たことがありません"と彼は言った.
アメリカを信頼しないなら 国家の安全は保証できないし 条件がそうであれば 核兵器を最初に 単独で廃棄するのは不可能だ
リー氏は,北朝鮮が核の廃棄に伴うあらゆる措置に対して報酬を支払うという, 段階転換的なアプローチに対するワシントンの反対について, 周知の北朝鮮の苦情を繰り返し述べていますが, リー氏の発言は,北朝鮮がこれまで行ったように, 核兵器の廃棄を単独で否定していないという点で, 特別なものでした.
朝鮮核軍を無効にするよう要求し,北朝鮮の安全を確保するとトランプは約束した. 朝鮮核軍を無効にするよう要求し,北朝鮮の安全保障を保障するとトランプは約束した.
北朝鮮は1950年から1953年の朝鮮戦争を 公式に終結させるための 解決策を探し求めていますが アメリカは北朝鮮が 核兵器を放棄する事を優先しています
ワシントンは北朝鮮に対する 貿易規制の緩和を 強く主張しています
核の撤廃を優先し 貿易の損失を押し上げ 戦争の終結を宣言するなどさえも 反対する.
ビジネスマンが我々を 膝に叩くなんて 知らない人の夢想に過ぎない
しかし問題は 顧客への不確実性が 信頼を損ないだということです
韓国政府は,金正恩とトランプの会談の 予定を明らかにしなかった.
代わりに,彼は, Kimと,韓国の文氏Moon Jae-Inの3回の会合について語りました. この5ヶ月間に,彼はこう付け加えました. "もし,核の廃絶の交渉の相手が,アメリカではなく,韓国の国民だったら, 朝鮮戦争の核廃絶の問題は, 停滞点にはならなかったでしょう.
しかし,彼の演説のトーンは,昨年,北朝鮮からアメリカ大陸にミサイルを送るのは 避けられないことだと語ったときと, 大きく違っていた. ひどい発言をしたトランプ大統領が,
昨年トランプは北朝鮮を 破壊すると脅し 今年度は国連で 朝鮮半島を 核兵器削減の進捗を称賛しましたが 更に多くの作業が残っていると 強調し 北朝鮮が核兵器を 完全に 廃棄するまで 貿易禁止令は 継続すると述べた
川普は水曜日に,この件について, "時間がない"と発言し, "2年,3年,あるいは5ヶ月かかっても,それは問題ない"と語りました.
中国とロシアは国連安全保障理事会が 朝鮮半島に 報復すべきだと主張しています
しかし米国外務長官のマイク・ポンペオは木曜日に国連安全保障理事会で"安全保障理事会の禁止措置は,完全な核解除が実現され,確認されるまで継続しなければならない"と述べた.
安全保障理事会は 2006年から北朝鮮との貿易を 制限することを合意しました 核やミサイル開発の資金提供を 止めようとしたためです
ポンペオは国連総会で リー氏と会談し 次月にも再訪し 会議の準備をすると発表しました
ポンペオは今年3回北朝鮮を訪れたが,最後の訪問はうまくいかなかった.
7月に平壌を離れ 勝利したと宣言しましたが 数時間後には北朝鮮は "な要求"だと非難しました
北朝鮮は月曜日にムーンとの会合で 核実験場とミサイル基地を 破壊すると約束した
川氏は,トランプが約束した シンガポールでの安全保障と,ワシントンとの正常な関係を 実現するための措置が, 求められていると自言自論した.
休憩時間も 休み時間も
ハーバード大学の新しいプログラムでは 学生の睡眠を高めます 学生の睡眠不足を防ぐため カフェインを飲みながら 夜を徹する傾向を 防ぐためです
世界一上の大学を卒業した生徒たちは 自分を大切にするための基本的な知識が ほとんどないことが 調査で明らかになりました
ハーバード医学部の睡眠医学教授で ブリガム・ウィメンズ病院の 専門医であるチャールズ・チェイスラー氏は このプログラムがアメリカで初めてだと考えています
睡眠不足が授業に及ぼす影響について 講演した後に 授業のアイデアが浮かびました
授業の終わりに 女の子がやってきて "なんで今 授業の最終日なの?"と 聞くと
睡眠の重要性について 誰も何も言わなかったと 彼女は言いましたが それは驚きでした"と 彼はTelegraphに語った
今年初めて開催された この講座では 睡眠習慣が 学生の学習やスポーツの成績や 幸福感を高める 基本的な原理を学びました
ハーバード医学部の精神医学教授で 医学部保健医療課の責任者である ポール・バレーラは "大学は学生たちが 週に1回寝ていることを確認して 授業を導入することを決めた"と言いました
"時間かかる授業で インタラクティブの授業も行います
学生たちがコーヒーを飲み 窓ガラスに スポーツ用具に 本を手に コーヒーボトルと窓ガラスに スポーツ用具と本を手に コーヒーボトルと窓ガラスに スポーツの効果と 睡眠不足で体力に害が及ぼす影響について 学ぶという 宿舎の部屋の写真があります
睡眠不足が心臓病や脳卒中や鬱病や癌の リスクを増加させる 可能性も説明されています
インタラクティブなシンボルの学校地図で 参加者に日常生活について 考えさせました
学生の行動を 変えることは ありません
しかし,私たちは,喫煙が健康に及ぼす影響について知るべきのと同じく,彼らにもそれを知る権利があると考えています"と チェイスラー教授は付け加えました.
睡眠不足が問題になっていると付け加えた 彼は "夜更かしを謳歌する文化は 依然として存在している"と付け加えた
睡眠不足は脳の食物要求を低下させ 身体を不健康にさせるため 睡眠不足は体重を落とさないため ストレスや疲労や不安を防ぐ 秘密の武器となるべきだと 彼は言いました
サイエンス学部の19歳の学生のレイモンド・ソーは 教授の授業を手伝いましたが 彼はハーバード大学で"年生のとき 教授の授業に参加しました
彼は この授業が彼の目を開け 学生全員に 授業を呼びかけることを 強く感じました
彼は次のステップとして 全ての修士課程の学生に 大学に入学する前に 修士課程を修了するよう 要求することを望んでいます
教授は 学生に 睡眠時間や目覚まし時計を 設定することを勧めました 電子ディスプレイや LEDライトが放つ青い光の 害を考慮すると 身体の内部の知能を乱して 眠りにつくのに 障害が生じます
ラングースのマーク ゲラードの男を撃ち殺す
ランジャーズも 野外で苦戦を重ねる スティーヴン・ジェラードが 負けたのは ドルリー・マングのゴールで リービングストーンが 1-0 だった
イボックスは2月にセントジョンストーンでの勝利で初めての勝利を勝ち取りたが,ガリー・ホルトのチームは,監督の18試合でゲラードのチームに2敗しか与えなかった.彼らは,ラドブロークス・プレミアリーグのトップであるハートスに8ポイント落として,
試合開始の7分前に ランジャーズは 完全無欠陥のチームだったし 回復する気もなかった
ランジャーズは6位に下がり リビングストンは3位に上がり 記録ではヒルベニアンに 劣っています
ランナー・スペンスは 投手から物品を投げて 頭を怪我し 手術を受けなければならなかった
ゲラードは8つの変更で エアーを追い払ったチームに 勝った
しかしホルトは,同じライヴ11のセットで,先週ハートスのステージに上がったので,彼のチームメイトが,彼のチームをどのように訓練したか,満足していたでしょう.
ランジャーは 勝率を上げていたが リビングストンは 勝ち点を引き上げた
試合開始から2分後に 打撃すべきだった マンガの第"打撃は スコット・ピットマンが アラン・マクグレゴーのゴールに 打ち寄せて 打撃を過ぎた
キーガン・ジェイコブスの長距離は クラグ・ハルケットに 渡されたが ゲートから彼のチームメイト アラン・リトゴウが 射撃を逃した
ランジャーズは再び試合を制したが,希望と信念の代わりに,最後の1分の1の試合で勝った.
アルフレド・モラレスは,彼がコロンビアの選手の呼び出しを 退却させた時に,彼が,スティーブン・ローレスと 試合をぶつかったことを, 明らかに感じた.
ランジャーズは最初の半戦で2発しか得られなかったが,イブロックスの元ゴールキー手,リアム・ケリーは,ラッサ・クーリバリーのショットとオヴィエ・エヤリアのショットを防ぎ,
リーヴィのチャンスは 34分で 勝ち点があったとしても チームには 勝ち点があったことは認められます 忍耐力だけで 勝ち点があったのは確かです
ランジャーズは再び 長い追加指令で ジェイコブスを 失くした
スコット・アーフィールドは,デクラン・ガラガーは,スコット・ロビンソンにボールを送った時に反応しなかった.ロビンソンは,落ち着いて,メンガに投球した.
ゲラードは半球を切り抜いて ライアン・ケントをクーリバリーの代わりに 入れ替えたが 切替はすぐに効果を出した
リースゴウとハルケットは 長い時間を互いに足で接し合い
ゴルフの最終分にはリードを伸ばせましたが,マクレゴーはジャコブスのチャンスを奪った.リトゴウがコーナーからゴールに走る前に.
ランジャーズのガールフレンドのグレン・ミドルトンは ランジャーズとジェイコブスが 落ちた場所の2つを 探したかったが トムソンは 引き返しした
アマナック:ゲーガー計を発明した男
暦のページをご覧下さい 暦のページをご覧下さい 暦のページをご覧下さい 暦のページをご覧下さい 暦のページをご覧下さい 暦のページをご覧下さい 暦のページをご覧下さい
ゲーガーは放射能を測定する方法を開発し この発明は ゲーガー計と呼ばれる 装置の誕生につながりました
ゲイガー計は科学界に定着したものの,ポップカルチャーでも人気の物だった.例えば,1950年の映画『コロナドの鐘』で,ロイ・ロジャースとデール・エヴァンスが科学者の異なる役割で登場した.
男: これは何ですか?
これはゲイガー測定器で の上で放射性物質を検出する
石の放射能が 原子の衝撃を 聴くことができます
本当によくできるわ
ハンズ・ガイガーが亡くなりました 1945年です わずか数日前でした
しかし 発明は彼の名前に残る
新種の抗がん剤が 免疫システムに 危険細胞を 識別する方法を教えます
抗がん剤の新薬が 免疫システムに 危険な細胞を認識し 破壊するように教えることができる
毒素は 免疫システムに 危険な細胞を認識させる訓練を 治療の一環として行います
治療法は 患者の免疫細胞を採取し 研究室で作製することです
癌細胞に含まれるタンパク質を 患者の体内に注入する
実験的な抗がん剤は 様々な癌の患者で 治療に成功しています
卵巣がんが18ヶ月以上 消え去りました 免疫細胞が危険な癌細胞を 認識できるように 免疫細胞が危険な癌細胞を 認識できるように 免疫細胞が 免疫細胞を認識できるように
この方法は 患者の免疫細胞を採取し 実験室で HER2と呼ばれる タンパク質を検出する 方法に改変させ 細胞を患者の体内へ注入します
医学部癌研究所のジェイ・ベーゾフスキー教授は "我々の研究結果が ワクチンの有効性を示しています"と
HER2は様々な癌の成長を阻害する 原因であるとBerzofsky教授は言う 乳房,卵巣,肺,結節,末臓の癌は含まれている
癌細胞を攻撃する 免疫細胞を患者に提供する この方法が 一種の白血病の治療に 効果を上げました
ウェストは長時間トランプの支持演説を行い,SNLの番組で登場した後にMAGAの帽子をかぶった.
結末は悪かった
カーニエ・ウエストはサタデー・ナイト・ライブで 長いスピーチの後 非難されました ドナルド・トランプを称賛し 2020年に大統領候補になるという発言を したそうです
3曲目の"ゴースト・タウン"を披露し "アメリカを偉大にする"という歌を歌った後, 民主党の要求に反して長時間演説し, トランプ支持を表明しました.
"トランプは人種差別主義者だから どうやったら好きになれるの?"
"人種差別が心配なら 長い間 離れていただろう"
SNLは,ショーの開始時に, ハリウッドのマット・デイモンが, ブルート・カヴァーナウスが, 性的暴行容疑で 連邦上院裁判長に証言したのを, 冗談に笑った.
ウェストのビデオは 放送されなかったが, ビデオはコメディアンクリス・ロックによって 公開された.
ビデオを公開したことで ロックはウェストを馬鹿にしたかったのかどうかは不明です
またウェストは,観客に,彼のフードボールのせいで,バック・ウィンドウが悪かったと訴えた.
裏庭の部屋に 閉じ込められた
"この群衆には行かないで"
刑務所に閉じ込められた
"私は深い穴にいる"と彼は言った ワシントン・エグザミナー紙の報道によると
ウェストは続けました "深い穴を見たい?" 彼はスーパーヒーローの帽子をかぶったのです "それは私に命令できないことを意味しているからです"
試しに愛してみて
彼の発言は少なくとも2度 観客の怒りを浴びた.SNLの出演者は 礼儀正しく振る舞った. Varietyによると, 観客の"人は" スタジオで静寂になった.
ウェストは歌手アリアン・グランデの 代わりとして出演したかったのですが 彼女の恋人はラッパーマック・ミラーで 数日前に亡くなりました
ステージで"I Love It"を歌った Westは 驚愕の声を上げました パーリアのボトルに装着して
TPUSAの党首のカンダース・ターナーから 支持を得ましたが ツイッターで"最も勇敢な魂の1人に感謝"と投稿しました
ウェストは"自分らしく"で "素晴らしい"とツイートした
でも私は誰かの作品を 買ったり 支持したり 作品を宣伝したりして 自分は社会に有害なアイデアを 支持し 広めていると感じた人に 報酬を支払うことを 拒否します
放たれた
"私たちもそう"と彼女は付け加えた.
ショーの前,彼はツイッターで,名前を変えて,以前はカニエ・ウエストとして知られていた"ウェル"だと発表した.
名前はパフ・ダディ 名前はパフ・ディディ 名前はパフ・ディディ 名前はパフ・ディディ 名前はパフ・ディディ
シンフォニックネームを"プリンス"と名付けた シンフォニックネームを"シンフォニックネーム"と名付けた シンフォニックネームを"プリンス"と名付けた
ベルファストのレストランで ナイフで殺害未遂の容疑で起訴
45歳の男性が,火曜日に,ベルファストのレストランで 刺された事件で, 殺人未遂の容疑で起訴されました.
事件はバリーハックモアで 警官によると
容疑者は月曜日にベルファストの 裁判所で出廷する予定です
検察官が 起訴を審議する
カーネリアンズのスター キット・ハリントン 毒性男優の批判
キング・ハリントン氏は HBOのドラマ"クローナ・ゲームズ"で 暴力的な冒険のジョン・スノウ役で有名です
31歳の俳優は ヒーローの男という ステレオタイプを批判し 画面上の役は 少年たちに 尊敬されるために 硬直な男を演じる必要が 常にあるように感じるように していると語っています
Sunday Times Cultureのインタビューで キットは"何かが間違っていた"と 思っていると語り #MeTooの時代に 毒性の男性性を 解決する方法について考えていた.
キングダムで結婚したばかりの キットは この問題をどう対処するかについて "強い意見"を持っていたと 認めました
"男性に何が問題なのか"
現代の男性に教えたのは?
番組に登場する男性に 過剰な男性化が起因すると キーが主張しています
"何が内在し 何が教わされるのか?"
テレビや街頭で 教えられていることによって 男の子は男らしく 振る舞うべきだと感じられるのか?
私はそれが 現在最も重要視されている 問いの一つだと考えています どうすれば 変化を起こすことができるのか?
明らかに若い男性たちには 間違った方向が進んでいるのです
彼はまた,インタビューで,次の夏のシーズン終了後に,他のクローナリティの番組に出演しないことを認め,彼は"足ったほどのフェアと馬"を手に入れたと述べた.
"真西"のリニューアルに キットは出演する 映画監督のサム・シェパードが 誘拐された映画監督と 兄弟の物語を語る
俳優は最近"キングダム"で最高の経験は 妻のローズと出会ったことだと 言った
"この番組で妻に会ったから,彼女たちは私の将来の家族と,その後の人生の,ある意味,私に与えてくれたんだ"と,彼は言った.
ローズはエミー賞を受賞したジョン・スノウの恋人イグリットを演じました
2018年6月,スコットランドにある レスリーの家の土地で結婚した.
HIV/エイズ:中国では新規感染者数が14%増加
中国ではHIV感染者や 発疹者数が 14%増加したと報告されています
保健省によると,この国の感染者数は820,000人以上です.
2018年第2四半期だけで およそ4万人の新規感染者が報告されました
感染者の大多数は 性行為によって感染します これは過去と比べると 大きく変わっています
感染した血液を寄付したことで HIVが急速に中国の一部地域で 広がりました
一方 ユナン省で開かれた会議で 中国保健衛生関係者が発表したところによると この方法でHIV感染者は 再びほぼゼロに 落ちています
一方 HIVやマラリアの感染者は 毎年10万人増加しています
性的愛滋病は中国LGBTコミュニティの深刻な問題です
同性愛は1997年から中国で違法ではないが, 依然としてLGBTに対する差別が強いとされている.
国内での規制のせいで 男性性交者の70~90%が 婚後になると推定されています
感染の原因は 妊娠防止の機能が 欠けていること
2003年より 中国政府は 治療薬の普及を約束し 問題を解くための取り組みを進めています
マキシン・ウォーターズ氏は 共和党議員の文書を 漏洩した事を否定し "危険な嘘"と"共謀主義"を非難した
議員マシン・ウォーターズは, 議員のスタッフが, 共和党の3人の議員の個人情報を, ウェブサイトに公開したとの 申し立てを,
ロサンゼルス民主党は 発言は"右翼の過激派"や ウェブサイトから来ていると
嘘,嘘,そしてもっとひどい嘘だ"と ウォーターズはツイッターで声明を出した.
公開された情報には 南カロライナ州出身の リンジー・グラハム 議員の住所と電話番号が 含まれていたそうです
裁判所の審理中に オンラインで公開された情報です 裁判所の判事が レイプの容疑で 審理中です
レイク事件は カバノの3人の上院議員が インタビューした直後に起きた
サイト運営者は Gateway PunditとRedStateの サイトを立ち上げ 情報の提供者を特定するIP番号が ウォーターの事務所に繋がり 従業員の情報を公開した
"この根拠のない主張は 完全に誤りで 嘘だ"とウォーターズは続けた
私の従業員は - 個人的な情報とセキュリティが 危険にさらされているのは 間違った理由で - 情報の漏えいに対して 責任はない
根拠のない非難は 間違いであり 嘘です
ウォーターズの声明は オンライン上で 批判され 報道官は元白宮の アラ・フライシャー氏も 批判されました
"この断言は怒りで満ちている"とフライシャー氏は書いています
議会に立つ資格がないと 証明する
理由のない非難に 怒りを伴わないように しましょう
抵抗してはいけない
非難する人の理由を 問い合わせる事は許されない
落ち着いて 落ち着いて
ウォーターの反応を フレッシャー氏は 民主党の批判と比べました 批判者の言うには 裁判官カヴァナウグは
共和党のオマール・ナヴァロも ツイッターで 意見を表明しました
本当なら大事件だ
声明で ウォーターズは 公式事務所が 偽造した主張を 関連当局や警察に 報告したと述べた
"我々は,他の犯罪者が発見され,私の従業員のすべてに 危険と恥辱的な行為に対して 責任を負わせることを保証します"
Johnny English Strikes Againの映像映像 ローアン・アトキンソンとのスパイ映像が 強力なものだと証明された
イギリスが歴史に登場する新作映画で ブレグジットについて言及するのは 流行りだそうです これはジョニー・イングリッシュの 漫画シリーズを 復活させたことで 関連があるようです 2003年にジョニー・イングリッシュで始まり 2011年にジョニー・イングリッシュ・レボーンで 復活したばかりです
このカナオケは,我々が,この国の新たな輸出手段であることの 危険性を, 皮肉にもうけますでしょうか?
違うか 違うか 違うか 退屈で 退屈なジョニー・イングリッシュは 作品の名前のせいで 異国での展示を許可された
彼はもちろん 明な諜報員で 魅力的な性格を装っているが クラウソウとミスター・ビーンの 混ぜ合わせのもので 2012年ロンドンオリンピックの 開幕式に "チャリオッツ・オブ・ファイア"を 演奏した男の 短調を合わせた
旅人の謎の宇宙人アトキンソンが 忘れられたバークレイドのテレビ広告で 登場した人物にも由来する
ジョニー・イングリッシュの最新作に 素晴らしい場面がいくつかあります
喜んでいたのは ジョニー・イングリッシュが 中世の胸を装って ヘリコプターに 歩いていること そして ヘリコプターに 帽子に ヘリコプターに 歩いていること
アトキンソンは明らかにユーモアを披露しているが,ユーモアはかなり薄く,外見的に皮肉に感じられる.特にジェームズ・ボンドやミッション・インポッシブルなどの映画がユーモアを披露している中で.
笑いは大人より子供に 向けられたものだと 思われるが... ジョニー・イングリッシュの冒険は... 想像力も集中力も... 持てなかった...
この映画の常連的な前提は イギリスが深刻な問題に直面しているということです
ハッカーがイギリスの秘密の諜報ネットワークに侵入し 監視役のケビン・エルドンが 隠れた情報に 手を染めたのです
首相の最後の物語です 傲慢で論争の的で 政治的不確実性から 危機に瀕している人物です エマ・トンプソンはテレサ・メイを 思い出させる人物として 役を全うしていますが 脚本はあまりうまくいきません
彼女のアドバイザーは 諜報員全員を危険にさらしていると伝え 隠れた秘密の秘密を 探す必要があると
ジョニー・イングリッシュが登場します 彼は現在,いくつかの上流の学校の校長ですが, 秘密のスパイの指導もしています. 面白いジョークをいくつか紹介します.
緊急の会議で 英文はホワイトホールに呼び戻され 退屈した元同僚のボウと再会する
ボウは結婚した男で 妻は潜水艦の船長ですが ヴィック・ペッパーダインは 充実した役で 輝きを現していません
陛下の奉仕を 汚すスパイの島が 再び 舞台に登場し オルガ・クリレンコが 演じる 陛下の女将 オフェリュ・ブルレトーヴと 出会います
首相は テクノロジー界の 億万長者の魔力を 手にしている一方で コンピュータの 弱さから 解けられるのは 悪い ジェイソン・ヴォルタ 役の ジェイク・ラシーだ
豪華なフランス料理屋で 召使いの姿で をぎ ヴォルタの豪華な顔に身を隠す 卑劣な男をぎ ヴォルタの部屋の内側を リアルな光で 覗いてみようとすると 逆転する
フィルムには何も残されていないが 活気があり 活気があるにもかかわらず 子どものような雰囲気がある
質量も良い
Johnny Englishの映画と同様に 私は考えました イギリスの映画業界は ロアン・アトキンソンに 彼の才能にふさわしい役を 与えるだろうか?
労働党は,英国人のために 4日制労働制を 計画していることを否定しています. 5日制の賃金と同じ賃金で.
労働党のジェレミー・コービン氏が率いる 労働党は 週に4日働く英国人を 5日給で働くように させるという 徹底的な計画を 検討中です
企業経営者は 機械革命の恩恵を受け 従業員は"連休"を 享受できるようにする
従業員は3日の長期休暇を 給料を減らずに過ごせるようになる
筋は言う,この考えは,党の経済計画と,労働者福祉の改善に向けた方針に合致する.
労働組合の代表団である トレード・ユニオン・ 会議は 労働者が経済の変化を 活用できるように 週間の短縮を4日間に 支持しています
労働党幹部からSunday Timesにこう言われました "年末までに政策見直しが発表される予定だ
改革は一夜にして起こらないが, 4日間の労働週は,労働者の利益のために経済を変化させる党のアプローチと,党の全体的な産業戦略に合致する目標である.
労働党は 初の支持者ではないでしょうが グリーン党は 2017年の選挙運動で 4日制労働制を約束しました
しかし,この目標は,労働党全体ではありません.
労働党の広報担当者は"労働週4日制は党の方針では無いし, 実施する計画も無い"と発言しました.
幕僚の商務大臣ジョン・マクドネルが 先週の労働党の会議で 経済的社会革命のアイデアを 発信しました
マクドネル氏は 権力を取り戻す決意だと 発言しました 権力を失っている 企業経営者や 企業投資家の
シャドー・ミニストラ・プランは 水道事業の現有株主も 完全に取り戻せないことを意味しています 労働党の政府が 意図的な不正のために 減額を課す可能性があるからです
労働者を会社の取締役に 任命し 共同所有基金を作って 民間企業の資産の10%を 従業員に与え 従業員は年収500ポンドの利益を得られる
リンゼー・グラハムとジョン・ケネディは60分に カバナウの捜査が 捜査の見直しを促すかどうか
連邦捜査局の捜査が Brett Kavanaugh 裁判官の指名に関する 最終投票に 至る所で影響を与えた 結論が共和党議員を 支持を撤回させるか 疑問を投げかけている
インタビューの日曜放送は スコット・ペリー 番組"60分"の 記者で 共和党の上院議員ジョン・ケネディと リンジー・グラハムに FBIが 意見を変えさせる証拠を 探すかどうか尋ねました
ケネディは南カロライナより オープンに思えた
"もちろん"とケネディは言った
裁判が始まると言ったわ カバナフ判事と話をしたって
告発の後に電話して "お前はこんな事したんだ?"と聞くと
決断力があり 頑固で 疑いもなく
グラハムの意見は 変わることのないもののように見えます
"私はブレット・カヴァーナウについて 決めつけているが それを変えるには 信じられないほどの 努力が必要だ"
フォード博士 何が起こったのか わからないけど 分かってるのは ブレットは断固として否定していたんだ
名前は 確認できない
36年前の事件です
変化が起こるとは思えない
貧困を減らすための 取り組みは?
グローバル・シティーズン・フェスティバルが 開催されます. これは,毎年恒例の音楽祭で, 偉大なアーティストが, 貧困を撲滅する力強い政策を掲げて,
7年目の国際都市祭で セントラルパークに集まる数万の観客は ジャネット・ジャクソンや カーディ・Bや ショーン・メンデスなどのミュージシャンに 耳を傾けるだけでなく 2030年までに 貧困の撲滅という 真の目標の実現に向けて 活動も行います
2012年に開催された世界都市祭は,グローバル・ポヴェリティ・プロジェクトの一部であり,貧困をなくしたいという国際的な活動団体で,貧困と戦う人々の数を増やすことで,貧困をなくしたいと願っています.
コンサート参加者は,イベントの無料チケットを (VIPチケットの有料者以外は) 獲得するために,様々なプロジェクトや"活動"を完了しなければならず,例えば,ボランティア活動,
しかし12年経った今 このイベントは どれだけ成功しているのでしょうか?
無料のコンサートで賞与を贈るというのは 行動に訴えるための 手段なのか それとも 単に"勧誘"という 手段なのか? オンラインで 賛同状やツイッターで 重要なことを していると思わせるようなものです
2011年以来 Global Citizenは 支援者からの 活動記録を19万件以上も更新し 様々な目的を訴えています
報告書によると これらの活動により 世界のリーダーが 2030年までに225億人を超える人々の 生活を 影響する 35億ドル以上の 約束と目標を宣言するに至ったそうです
2018年初頭には グループが390件のコミットメントと発表を公表し 投資額は少なくとも100億ドルに達した.
資金の集まりによって およそ6億4900万人が 直接影響を受けると 推定されています
資金の主要拠出は The Power of Nutritionという 投資家の団体で 子どもの健康を最大限に 支援する役人の団体です ルーマニアの貧困を撲滅するために 3千5百万ドルの寄付を 約束しました グローバル・シチズンズの4700件のツイートに 基づいてです
"英国政府や 支援団体や 世界各国の政府や あなたのような国際市民の 支援を得れば 貧困がもたらす社会的な不平等を 乗り越えられるのです"と "栄養の力"のトレーシー・ウルマンが 2018年4月 ロンドンで開催されたコンサートで 演説しました
グループはまた イギリスが母親と子供の栄養を 改善すべきという 5,000件の呼びかけの後に 政府から 5百万の女性と子供達への 支援プログラムである "栄養の力"の 資金提供が発表され 栄養の質が向上すると 報告した.
グループウェブサイトの FAQリストに載っている質問はこうです "なぜ貧困をなくせられると思う?"
グローバル市民は"長い長い道のりになり 困難で 失敗するのもあるでしょう
しかし,私たちは限界にたどり着きます. 公民権運動や人種差別撤廃運動が,私たちの前にあったように, 力を合わせれば,強くなれるからです.
発表はジャネット・ジャクソン,ザ・ウィークンド,ショーン・メンデス,カーディ・B,ジャネル・モナエ.
米国はロシアからのエネルギー輸出を阻止するために海兵隊を"阻害"として使うかもしれないと,内務省長官が主張した.
"必要ななら,ロシアが中東を含む市場を 攻撃するのを防ぐために,アメリカ海軍の力を使える"と,アメリカ国務長官のライアン・ジンケは,ワシントン・エキシミナーに報告した.
シリアの援助はロシアが シリアの合法的な政府を 支援しているため 新規市場を探求に 役立っていると シンケは主張した.
"中東に存在している理由は, 東欧と南欧のエネルギー貿易を 目指しているからだ"と,彼は言った.
公式には 解決方法や 方法があるという
"海軍は海路の開通を保証し,必要に応じて,海路の開通を妨げるため,海軍の力を使って,海路からエネルギーが市場へ流されないようにする"
シンケは 消費者エネルギー同盟 (CCEA) の 会議に 招待されました この団体は 電力消費者の 声だと自称する 慈善団体です
ロシアとイランの対処に 比較し 比較はほぼ同じだと 言った
"イランとロシアにとって経済的な選択肢は エネルギー資源の利用と交換の減少だ"と彼は述べ ロシアは石油経済を 手にしている"つの"つしか持っていないと述べた.
声明は,トランプ政権が,ロシアを代替して,欧州への天然ガス輸出を拡大する, より安価な選択肢として 目指している理由から発せられた.
トランプ政権の公務員や ドナルド・トランプ大統領も含め 政府の関係者は 石油取引をめぐる "北流2号"の プロジェクトへの参加を ドイツから止めさせようとしています 計画では新型エネルギーパイプラインの設置が 計画されていて ベルリンがモスクワを 捕まえるという トランプの主張が されているのです
モスクワは繰り返し主張しています 原子力発電所が建設する 十一億ドル規模の "Nord Stream 2"は 単に経済的なプロジェクトだと
ロシアは,ワシントンがこのプロジェクトに 強く反対していることは,単に経済的な理由からであり,不公平な競争の例だと主張しています.
"エネルギーが圧力の道具であってはならないし 消費者は価格を決める権利を持つべきだと 意見を共有している"と ロシアのエネルギー大臣 アレクサンドル・ノヴァク氏は 9月にモスクワで米エネルギー長官のリック・ペリーと会談した後に語った.
合衆国側の立場は ドイツの批判を受けており ドイツは プロジェクトへのコミットメントを 確認している.
ドイツの主要な産業連盟であるドイツ産業連盟 (BDI) は,米国がEUのエネルギー政策と,ベルリンとモスクワの双方向協定を 切り離さないよう呼びかけた.
"外国の国が我々のエネルギー供給を 奪うのは非常に嫌だ"とドイツ産業連合 (BDI) の会長ディーター・ケンプは,ドイツ首相アンゲラ・メルケルとロシア大統領プーチンとの 最近の会合で述べた.
ウォーレン氏は2020年の大統領選を 検討すると発表
議会のエリザベス・ウォーレン議員は 選挙後の大統領選への 候補を真剣に検討すると発表した
ウォーレンが 市民の集会に 参画する事を検討していると 確認した
"女性たちがワシントンに来て 政府の仕事を始める時だ" "女性を率いる女性も必要です"
11月6日以降 私は大統領候補に 参政権を提案することを真剣に検討します
ウォーレン氏は ドナルド・トランプ大統領について 演説し,彼が国を間違った方向に導いていると非難しました.
"私はドナルド・トランプが我々の民主主義に何をしているのかをとても心配している"と彼女は言った.
ウォーレンはトランプと最高裁に任命された ブレット・カヴァーナフの批判に 固執した.
金曜日,ウォーレンはツイートしました "投票前にFBIに調査を依頼すべきだ"
しかし 投票結果によると ウォーレン州では 選挙人の多くは 2020年に 候補を しないと考えている
投票者の58%が 議員を大統領選に 入れないべきだと答えたそうです 選挙調査を発表したのが サフォーク大学政治研究センターと ボストン・グローブ社です
投票した人の32%が 彼女の提案を支持した
投票結果によると 38パーセントの支持者が デヴァル・パトリックの候補候補を 支持し 48パーセントの反対者が 支持した候補を支持した
2020年の大統領候補候補として話題になった民主党人の中には元副大統領ジョー・バイデンとバーモント州上院議員のバーニー・サンダースも含まれていた.
副大統領は1月までに 公式な決定をすると アスシエッテッド・プレスの報道によると
サラ・パリンが ドナルド・トランプ大統領選の選挙で 衝撃的な発言を
トーク・ペイリン 26歳 9月に入隊してから 1年間イラクにいました
月曜の夜 家庭内暴力で 逮捕され起訴された
"息子は帰国して大変な状況に 遭っているし 兵士たちが帰国した時に 経験した 精神的な傷害や ストレスから 苦しんでいる家族もいる"と オクラホマ州ツルサで ドナルド・トランプの選挙で 演説した
逮捕は"部屋の象"と 呼ばれていましたが 逮捕された息子と他の戦士たちは 違う感じで帰ってきたそうです 軍隊や空軍や軍隊の他の部門で 国のために したことに敬意を払っているか 疑問に思うからです
ワシラ警察のダン・ベネットの 報道によると 彼は月曜日にアラスカ州ワシラで 逮捕され 容疑は 女性の暴行 暴行の報道を妨害し 酔っぱらったまま銃を所持した罪とされています
18州とワシントンDCが 州立衛生長官の 採用拒否に反対する運動を支持
18州とワシントンD.C.は 難民の難民を 強制収容する米国政府の 政策に 反対する法律案を 支持しています
NBCニュースの報道によると 18州と都市の代表が 金曜日にワシントンで 訴訟を起こした 訴訟の立案を反対する 弁護士を支持した
連邦法令に反するアメリカ市民自由連合の 訴訴の原告の全名は 公開されていません
レイプは 暴力的なギャングの息子が 犯したと彼女は言うが アメリカ政府当局が 7月20日に彼女の亡命申請を 拒否した
彼女はテキサスで拘束された
ギャングや家庭内暴力が 増加している国として エルサルバドル,ホンジュラ,グアテマラを挙げました アメリカに亡命希望者の 増加は これらの国から来ているのです
難民の新たな政策は 2014年に移民控訴委員会が 難民の申請を許可する判決を撤廃するものです
ワシントン州の司法長官のカール・ラシン氏は金曜日に声明を発表しました この新政策は 連邦法と国際法に 何十年も 背負わされたと
"連邦法では 申請の事実や状況に基づいて 難民の申請を決定することを要求しており この方針は 規則に反する"と 裁判所の報告書は述べる.
移民の入国拒否政策は 移民が起業し 重要な労働力を生み出す可能性が高いと 訴えるため 移民政策は米国経済に 損害を与えると 訴えた
司法長官のジェフ・セッションスは 移民裁判所の 裁判員に 家暴や集団暴力を逃れた 難民の受け入れを 停止するよう命じた
難民の受け入れは人種,宗教,民族,社会集団,政治観に基づく 迫害から始まる.
世界中の人々が日々直面している問題や 深刻な問題も 解決するわけではありません
犠牲者の数は2倍に増えた パラで生き残りを捜索する 絶望的な救助活動が続いています
生き残った人達は 厳しい状況に陥るでしょう
"とても緊張している"と 35歳の母親のリサ・クスマは パル市の救助センターで 病気の息子を慰めている.
病院の救急車に 遺体が運ばれてくる
清潔な水はほとんどない
住民は破壊された家に戻り 遺品を捜し 発見したものを 救うために 遺体を掘り起こしました
震災で何百人もの人が負傷し 病院は混み込み 損傷を受けています
背部と肩を骨折したドウィ・ハリスを含む負傷者の一部は パルーの軍医院の外に横たわり 余震が続くため 患者が避難を余儀なくされたという.
涙を流して彼は 妻と娘がいた5階のホテルの部屋に 震災が起きたのを 感じたことを話しました
は,自分自身を救うために時間はありませんでした.
"壁の壁に 押し付けられたんだと思う"と ハリスはAPに語った
妻が助けを呼んだのが聞こえたが 沈黙が止まった
彼女と娘に何が起こったのか 知らない
安全な場所だといいな
米国大使が中国を非難 核の保護に関する文書を...
中国政府の新聞が 双方の貿易の互恵を強調する 4ページの広告を アメリカ紙に掲載した1週間後, 中国駐在のアメリカ大使が, 北京がアメリカのメディアを 宣伝のために利用していると非難した.
米大統領ドナルド・トランプは,先週水曜日に,中国の新聞がアイオワ州で最も売れている新聞であるデス・モイン・レジスタに掲載した広告について,中国が11月6日の米議会選挙に干渉しようとしていると非難した.中国はこの主張を否定している.
公式の米国政府関係者は ロイター通信に語ったところによると, ワシントンが中国に圧力をかけるための 拡大する作戦の新たな段階だ.
外国政府が貿易を抑制する広告を出すのは当然ですが 北京とワシントンは 貿易戦争が激化しており 両国からの輸入品に 関税を課している
中国とアメリカの専門家によると 貿易戦争の初期に 中国の反逆ドルは 共和党のトランプを 支持したアイオワ州を含む州を 退去させようと 設計されたものだそうです
アメリカ合衆国駐華大使で元アイオワ州知事だったテリー・ブランスタッドは 農業製品を大量に輸出するアイオワ州が 中国に輸出していることで
ランスタッドは,彼の日曜の記事で, "中国が,我々の自由メディアで, 迫害を拡大している"と, 批判した.
広告の広め方として,中国政府はアメリカの言論の自由と 報道の自由を悪用し, 広告料金を払って, 広告をデスモイン・レジスタに掲載している"と ランスタッドは記事で述べた.
"北京の路上では新聞の売り上げで抗議の記事はほとんど見られず, メディアが中国共産党のに縛られている中, 懸念すべき経済政策に対する中国人の意見の違いを 反映しているものはほとんど見られない"と,彼は書いています.
彼はさらにこう付け加えた "中国の主要新聞の"つが 記事の掲載を拒んだが その新聞は特定していない"
専門家によると 共和党は女性投票者を 誘導している カバノウ事件の 初期選挙で
専門家らは 将来の中年選挙で 女性の反応が 特別に悪くなる恐れがあると警告しています なぜなら多くの共和党が 性的虐待の容疑を訴えた 最高裁の候補者 ブレット・カバナウを 支持し守っているからです
共和党の議員は 投票を希望している
"そんなことは避けられない"と シリアカース大学マクスウェル・スクールの 政治学教授 グレント・リーハーは 週六の記事でThe Hillに語った.
リーハー氏はアリゾナ州上院の共和党議員の ジェフ・フレークが FBIの捜査を 最期に訴えることは 怒った有権者を 動揺させるには十分ではないと 疑った
"女性たちは昨日のことを忘れないし, 明日のことも忘れないし, 11月のことも忘れない"と, ワシントンDCの新聞に掲載された MoveOnの女性代表者,女性代表のカリーヌ・ジーン=ピエールは,
金曜日の朝 参議院の廊下で"11月が近づいている!"と 抗議している抗議者達が 決定委員会を統括する共和党が カバノウ氏の指名引き続きを 決定した
選挙人の情熱と熱意は 力を発揮する"と 独立系政治評論家の シュトゥ・ロテンバーグは ニュースサイトで語った.
熱意が既に高かったと 言うでしょうが それは本当です
都市部で女性投票者や 18歳から29歳までの若者投票者 支持率は高く 投票はめったにありません
分析者は,共和党がカバナウを 裏付けようとすると, 裏付けられることを予想しました. フォードの証言は, フォードの性的暴行の容疑を 裏付けている.
"共和党にとって大きな失敗だ"と 共和党全国委員会で 活動していたマイケル・スティルは NBCニュースに先週 語った.
"これは委員会の投票や 最終投票や カーバナウが 席につけるかどうかだけでなく 共和党の対応と 対応の仕方にも関係している"と 民主党の選挙支援団体である"Priorities USA"の 委員長であるガイ・セシルが 報道陣に語った.
しかし フォードとカバナフの証言によると 信じるべきは誰なのか 国民が意見が分かれていて 支持者の多くは 後者だと見なされています
YouGovの最新調査によると 回答者の41%は フォードの引用を"確実"または"おそらく"と 回答した一方 35%は"確実"または"おそらく"と カバナフの引用を 回答したそうです
さらに38%の回答者は カバナウが証言で 嘘をついた可能性が高く,間違いないとも答えたのに対し フォード氏については同じ回答者は30%だった.
フォードの主張を FBIが調査している 報道によると 女性はデボラ・ラミレス
フォードの弁護人は 先週上院の審問委員会で 証言したところ カバノウが 17歳の時に彼女を襲撃したと
ラミレスは カバナウが イエール大学の学生のパーティーで 前に自分の性器を 持ち歩いたことを 証言しています
GoogleやFacebookと戦うために新しいインターネットを始める計画がある
ウェブの発明者ティム・バーナーズ・リーが ソフトウェア企業を立ち上げ Facebook,Amazon,Googleと対抗する計画だ
この技術大手のプロジェクトで 最近のプロジェクトは ベルナーズ・リー社の オープンソースのSolidを ベースにした会社です
ユーザーが自分のデータを どこに保存するか 特定の情報にアクセスできる人を 選択できるようにします
Fast Companyのインタビューで ベルナーズ・リーは ユーモアで Inruptの目的は "国政"だと言いました
"今すぐやるんだ"と 薬局の担当者は言った
重要な瞬間です
このアプリは Solidの技術を使って オンラインで個人向けのデータショップを 作成できます
連絡先リストや予定表や日程表や音楽コレクションなど 個人的なものと仕事に関わるものもあります
Google Drive Microsoft Outlook Slack Spotifyが ブラウザの"つの場所に 統合され 同時に機能しています
個人情報の特色は ユーザーが どれだけの情報にアクセスできるか 決定するということです
会社はこれを"データによる個人化"と呼んでいます
会社の社長であるジョン・ブルースによると Inruptの目的は 企業にツール,プロセス,そして必要な知識を提供して,SOLIDを誰もが利用できるようにすることです.
現在,この会社はバーナーズ・リー,ブルース,IBMから買収されたセキュリティーネットワーク, プロジェクトに協力する開発者, プロジェクトに協力するプログラマー, プログラム開発者のボランティアグループで構成されています.
この週から世界中の開発者が Inruptのウェブサイトで ツールを公開して 独自のアプリケーションを作れるようになります
ベルナーズ・リー氏は フェイスブックやグーグルと 交渉をしていないと 明らかにし ビジネスモデルを一夜にして 完全に変えてしまうような 変革を始めるべきか 議論していないと明らかにした
許可は求めない
ビジネスとエコシステムを構築し Solid ベースの新しいサイトの 誠実さと品質を 守ることを目指した.
1994年にバーナーズ・リーが マサチューセッツ工科大学で 世界広域ウェブコンソーシアムを設立し インターネットの変革を成し遂げたのです
ここ数ヶ月で ウェブ中立性に関する議論の 影響力のある声は ベルナーズ・リーでした
オープンデータインスティテュートのウェブ財団であるワールドワイドウェブコンソーシアムの創設者兼会長として 任せ続けます
"私はインターネットの次の世代に 期待を寄せている"とバーナーズ・リー氏は付け加えた.
バーナード・ヴァン: 牧師,第一次世界大戦のヴィクトリア・クロス受賞者
ヴィクトリア・クルスを授与した唯一のイギリス牧師 百年後も 祖国の墓に葬られる
軍に副司令官を務めたベルナール・ヴァンは 1918年9月29日にベルレングリゼとレハウコート攻撃で十字架を授与された.
しかし4日後に 狙撃で殺された彼は 勲章を手にしたことを 知らなかったのです
2つの事件が彼の記念碑を 破棄しました ラッシュデンで
祖父の孫のマイケル・ヴァンは 記念碑が祖父の死後100年後に 解像されることが"素晴らしい象徴"だと 語った
ロンドン・ガゼット紙によると ヴァン・アンディは1918年9月29日に 軍の指揮を指揮する隊を率いて の深い霧の中を 突破し パラシュートや機関銃の激しい攻撃を受け 運河・デ・サン・クエンティンに突入した.
隊の砲撃砲を撃って 3人の兵士を倒すまで の勇気を発揮して 射線を進んだ
ヴァン・アンディロフールは ドイツの狙撃手によって 殺害されました 1918年10月4日 終戦からわずか数ヶ月前です
72歳のマイケル・ヴァンは 祖父の英雄的な存在を "私が決してできないこと" と表現しました "しかしそれは人を謙虚にするもの"
弟のジェームズ・ヴァン博士も ブリントウッド・インペリアル・ユース・バンドの指揮を した 巡りに花の束を 置いた
ファンも"本当に光栄です このイベントに参加できたことを"と語りました
MMAのファンは 夜も寝ず ベラトラー206を見ていた
想像してみて下さい 一晩中 ベラトール206の 爆破を待つのに 番組のメインを 見せなかったのに
13試合がサンホーから行われ 6試合が主戦で イングランドでは5チャンネルで 夜中放送された
午前6時 ゲガード・ムサシとロリー・マクドナルドが 戦闘準備を進めていると 放送が"グルー・グリーズ"に 変えて 衝撃を受けた
戦闘を眺めながら 夜を過ごした部下は 不満をこめてました
ツイッターで"子供向けの番組の変な冗談"と 評しているファンは
"公式のルールでは 午前6時に視聴者が観るのが禁止でした 子供向けの番組に 切り替わらなければなりませんでした"と 番組でインタビューされた Bellatorの マーケティング・コミュニケーション担当の デイヴ・シュワルツは言う.
豚の餌は 豚の餌だ
監督のスコット・コッカーが言うには 番組のスケジュールを改めると 将来の視聴率を英国で考慮すると
"私は,私たちがおそらくこのから抜け出すことができると再考を考えるとき",コッカーは言った.
でも,ここでは,日曜の午前6時だ. 解明は日曜日までできない.
しかし,私たちはそれを取り組んでいます.
信じてください 放送の頃は 沢山のメッセージが 送られてきて どれも好意的ではありませんでした
修理をしようとしていたのですが 工事上の問題だと考え
公開の問題でした
約束できる 違うの
普通の6人ではなく 5人しか出ないけど 練習し過ぎて 勝った
悲しい状況です
性的嗜好から 虐待された
オリンピックのダイバーのトム・デイリーは セクシュアリティのせいで 他人に不公平な扱いを受けたと 言うが それが彼を成功に導くきっかけになったと
24歳のデリーは 専門学校に通うまで 自分は違うとは 気が付かなかったと語りました
ラジオ4の番組"砂漠の島 ディスク"で,ローレン・ラバーネの番組で,デイリーは,同性愛者の権利について,他人に"秘密"を与えるという話をすることを主張した.
オリンピックに勝つという彼の夢は 両親の役割が 奪ったと
常連司のキースティ・ヤングは 病気のせいで数ヶ月間休みを取っています
デイリーはラバーンに初めて会いましたが 彼は自分が子供の頃 男女ともに好きになるのは社会的に受け入れられていないから 自分は"他の誰よりも下流"だと感じていたと語っています
"今日に至るまで 価値のないものだと感じて 違うと感じた気持ちが 私に 成功を収めるための 力と力を与えてきました"
"自分の存在を証明したいんだ"と 彼は言う "自分の性について 暴露される前に 失望させたくない"
オリンピック2度目の銅メダル獲得者は,LGBTの擁護者として大きな影響力を持ち,オーストラリアの連邦大会での参加を,同性愛が合法化されるよう,多くの国々に呼びかけました.
公開生活で無罪に なれるのは 幸運だと感じていたから 公開生活で無罪に なれるのは 幸運だと感じていたから 公開生活で無罪に なれるのは 幸運だと感じていたから
ワールドチャンピオンの3人は,彼が男性と恋に落ちたことに驚いたと語りました. アメリカ人映画監督のダスティン・ランス・ブラック.
デイリーは昨年,自分より20年年上の オskar受賞者と結婚したが,年齢の差は問題ではなかったと
14歳で初めてオリンピックに出場し 3年後に父親が癌で亡くなり 似たような成功や困難を経験した 同年代の選手は 殆どいないと 彼は言う
6月に子供を養子に 連れて行かれました 息子の名前は ロバート・レイ・ブラック・デーリーです ダーリーは彼の人生への期待は 失われてしまったと語りました
"去年だったら 金メダルの獲得が大事だった"
オリンピックのメダルより大切なものがあります
ロビーは私のオリンピック金メダルです
息子の名前は父親のロバートにちなんであります. 2011年に父親が脳腫瘍で亡くなり,45歳になりました.
デイリーは父親が死ぬことに 納得できなかったと 言ったのです そして彼が最後に尋ねたのは ロンドン2012の 予選席が用意されているかどうかです 彼は最前列に座りたいからです
"前列に座るほど長く生きられない"と 言うことはできなかった
"息が止まると 手を握りし 息が止まり 死んだ時 私は彼が 負け犬ではないと 気付いた"
翌年 2012年オリンピックで 銅メダルを獲得した
"私はずっと夢見てきたこと,オリンピックのホームスタジアムで 観客の前で 飛び降りることでした. 気分はこれ以上ないわ"
また最初の曲"Proud"の選択もそうでした ヘザー・スモルの曲です オリンピックの準備を促し 更に彼の頭皮を ぎました
"ディズート・アイランド・ディスカス"は,BBCラジオ4で, 日曜の"時15分に放送されます.
レイドカップのサボットに座って
アメリカ人のフィル・ミッケルソンが 記録を更新する日だ レースで47回目となる レースで 記録を更新する日だ
ミケルソンは,この大会で12回目となる 記録の破りで, 審判のジム・フューリックの決定により, 試合の休止を命じられました.
五重のチャンピオンは 争いの焦点になるのではなく 試合の場で 手を叩きながら 試合の練習を繰り返すことで 苦悩を正すことができる
48歳のミケルソンは 投手と最速の打撃を 経験したことがないし ゴルフ・ナショナル・コースの 選手としては 優秀ではない.
ゴルフ場自体が大きな挑戦であるだけでなく ミッケルソンは 9回目の試合で ブリタッシュ・オープンの優勝者 フランシス・モリナーと対戦する
アメリカが4点落下し 12試合の試合を 始めれば ミケソン選手の試合は 決勝を決める
恐怖が彼の夫を襲ったが,彼はほとんど何も言わなかった.
"彼は,自分の役割が今日にあることを完全に理解し,私の背中を叩いて,私を抱きしめて,明日の朝に準備ができると言った"と,フリクは言った.
信頼してる
彼は名刺に載ってるし,前回にも,今週にも, チームに大きな影響を与えた.
予想もつかないだろうが 2試合で
想像以上に 想像以上に 想像以上に 想像以上に 想像以上に
ほら,彼は誰だってみたいに 野外で過ごしたいんだ.
ミケルソンは日曜日にニーク・ファルドの 記録を破る
これはライダー・カップの 終焉を意味する 彼の記録に 匹敵する高さには 登れないだろう
ミッケルソンは18勝20敗7戦の成績を上げていますが,彼の欠席はチームに 影響を与えていると,フリークは言う.
チームルームに彼を入れることは素晴らしい"と説明しました.
少年たちは,今週も彼を殴るのが楽しかったと思う.
ゴルフよりも 沢山のものを 与えています
トーマス・ビヨン,欧州代表 優位はすぐに失われることを知っています
ヨーロッパのトップのトーマス・ビヨンは 経験から分かっていますが レースの最終日までの 良き先取りは 楽には不愉快に 変身するかもしれません
デンマークは1997年のヴァルデルラマで初めて試合に出場し,前セーヴ・バルレステロスのチームがアメリカ人に5点差を勝ち,最終戦で最低点差で勝利を収めた.
"バルダーラマで大きな勝利を収めたことを いつも思い出します ブルックリンで負けたこともあります バルダーラマで勝ちましたが ほんの少しだけ"と ビデオに写っているビヨンは 2018年の5-3勝利を 祝日と土曜日に見ながら 国民ゴルフ場で10-6の勝利を収めたことを 振り返った後語っています
物語は俺とチーム全員に 物語は終わらないことを 教えてくれる
明日は全員 身を捧げよう
じゃあ,行って,ちゃんとやりましょう
ステージが全部 グラフに載るまで
目標があるんだ 優勝しよう 集中してる
いつも言っているように 私は12人チームに集中していますが 私たちはこのチームの相手を 意識しています 世界一のゴルファーです
選手たちが厳しい場面で 勝ったことを誇りに思って 続けてこう言いました "この場面で 自分を勝てさせない
明日は全く違う
重要なのは パーソナル・パフォーマンスです
仲間と遊ぶのは楽しいけど 独りでは ゴルファーの能力が試される
選手に伝えたいメッセージは "明日の最高の自分になる"
仲間を捨てて 勝手にプレーするしかない
監督のジム・フリクは チームメンバーの対戦より 単独戦で選手の成績が上がるよう努めたが ジョーダン・スピースとジャスティン・トーマスだけは 4人中3人勝った.
ブルックリンでのチームで勝利を収めた彼は, ヨーロッパの奇跡のメディナで敗れた.
"私はその言葉のすべてを覚えている" 1999年のベン・クレンショウが 選手たちに最後の日に何を言いたかったか
明日は12試合が 重要だが ブルックラインとメディナで起きたように 早く始めたい
が膨らむと の中央にあるに 圧力がかかる
選手の成績を 順に並べて 明日の試合に 適当に プレーさせてやる
ポーズ・ケイシー,ジャスティン・ローズ,ジョン・ラーム,トミー・フリートウッド,イアン・ポルターなど,ヨーロッパ人選手をはじめとする,最初の試合のロリー・マクイルロイと対戦する.
選手たちは,全部のカバーをしてくれると信じているから,このシリーズに選んだんだ"と,個人対抗の選手の選択について,ビヨーンは言う.
ドイツの新艦は,再び延期
現代のドイツ海軍の艦船は 2014年に建造され,冷戦時代の古い艦船を 置き換えようとしていたが, 複合システムとコストの上昇により, 地方の報道によると,来年の初旬までには完成しないだろう.
艦の建造は,今,Baden-Wuerttemberg級の美しい艦の第一艦である,Rheinland-Pfalzの建造が,今,2019年上半期まで延期されている,と,海軍の広報担当者が,Die Zeit紙に語った.
2014年に海軍から取り上げられる予定でしたが, 投降後の深刻な問題により, 計画が困難になりました.
2007年に海軍が注文した バデン・ヴュートンベルク級4隻は 歳を過ぎたブレメン級の戦艦に 取って代わる予定だ.
強力なパラシュート砲, 防空砲,防艦砲, 低周波,低音信号の機材を搭載した 戦闘機を装備する.
重要な特徴は 長期使用可能さです 最新型船は 海外で2年間使用可能になります
しかし,日刊紙の記事によると, 常軌を逸した船は,ドイツが海上で力を発揮する 最新型艦船だといわれているが, 戦闘中に既に古い状態になる.
F125は去年 報道され 公式にドイツ軍が リーフを返却することを拒否し ハンブルクのブローム・アンド・ヴォス海賊局に 返還された
製造元に返還された船は 初めてでした
艦隊の解体の原因は 明らかになっていないが ドイツのメディアは 艦のソフトウェアや機械に 深刻な障害があるという 報道をしており 艦隊は軍事的に無効になるという
ソフトウェアの知識は特に重要でした バデン・ヴュートンベルク級の戦艦は ブリメンの戦艦の半分より 半分少ない120人の乗組員で操縦されます
更に 船舶の重さが増加し 性能が低下し 将来の修理を 海軍の能力が 制限されていることが 明らかになりました
リーニャール・パルツィーという船は7,000トンで ドイツが第二次世界大戦で使った 同級の船の2倍の重量があると推定されています
機械の欠陥に加えて 港湾の訓練を含む プロジェクト全体のコストが 問題を引き起こしています
資金は310億ユーロ (約6億ドルの) だったとされていますが 元の資金は22億ユーロでした
現代の船の難題は 特に重要だ なぜなら 海外のドイツ人攻撃が 減っていると警告されているからだ
防衛委員会委員長であるハンズ・ピーター・バルテルスは 今年初めにドイツ議会の防衛委員会委員長として 海軍は実質的に 艦艇で活動する"艦隊"になるのだと認めました
役員によると,この問題は 時代とともに悪化した. 古い船は廃業したが,新しい船は来なかった.
司令官は,バデン・ヴュートンベルク部隊の指揮官は,海軍の指揮官に任せられないと憤慨した.
秘密の生活についてスパイ 牛皮のインク
新たに行われた調査は スコットランドの半島地帯で 野生のヒョウが 餌を捕まえる時に 土地の使い方を調べるため
この発見により 独特な飛行動物の行動に 新たな光を当て 将来の保護活動に 役立つことを期待しています
この研究は国立自然保護協会の 研究者らによって 運営されています ウェスター・ロスにあるインヴェルヴェの庭園で 異なる種類の革のブロックを観察します
地域の重要な場所に 特別な記録装置を設置し 季節の流れを観察します
NHSのスタッフやボランティアも 手持ちセンサーで 監視活動を行います
専門家が全ての録音を 音量分析して 皮の葉が発する音の頻度と どれが何をしているのか 調べるのです
地図や報告書が 発行されることで 地域規模での行動が 詳細に把握できます
NTSのナイト・コンセラターであるロブ・デワーは この研究が チンコにとって 最も重要な棲み所と その種の利用状況について 明らかにしてくれると期待しています
この情報によって 森林の管理の利点や 樹木の植生や 森林の管理の最良の方法など 森林の管理の利点や 森林の管理の最良の方法など 森林の管理の最良の方法など 森林の管理の最良の方法など 森林の管理の最良の方法など 森林の管理の最良の方法など 森林の管理の最良の方法など 森林の管理の最良の方法など 森林の管理の最良の方法など 森林の管理の最良の方法など 森林の管理の最良の方法など 森林の管理の最良の方法など 森林の管理の最良の方法など 森林の管理の最良の方法など 森林の管理の最良の方法など 森林の管理の最良の方法など
皮の塊はスコットランドやイギリスで 過去100年にわたって 減少しています
絶滅の危機は 住居の減少や 群れの減少に 影響を及ぼす 建設や開発によるものです
風や光による危険性もあって 防弾用紙や 建築物の特定の処理や 家畜猫の攻撃も 危険性があります
紙のブロックは 盲目ではない
しかし夜に狩りをしているので 耳の方が目よりも すぐに見るのに 適しています
飛行中の物体や 障害物を発見するために 精巧な岩層測定技術を使いました
270以上の歴史的建造物,38の重要公園,そして全国の7万6000ヘクタールの土地の 維持管理を担当している NTSは, 建築物を非常に真剣に受けとめています.
10人の専門家が定期的に 監視や調査を行い 時々救援活動も行っています
ザ・スコーツ・ブローカー協会は スコットランドで初めて 唯一のブローカーを 設立しました スコットランドで 唯一 唯一のブローカーを 設立しました
園長デイビッド・トンプソンによると 完璧な環境です
"ここは,真皮のブロックの素晴らしい場所だ"と彼は言った.
古い建物があり 古い木がたくさんあり 住みやすい場所がたくさんあります
しかし 紙のブロックには まだ多くの未知が残っています 紙のブロックを磨くために 必要なものを理解できるようになるでしょう
管理職は 養殖場でのメンテナンス前に 鳥の巣箱をチェックすることの重要性を強調しました 巣箱を無故に破壊すると 400匹の雌鳥と幼鳥が死亡し 地域の鳥は全滅してしまうのです
保護されているし 巣を破壊したり 破壊したり 狩りしたり 狩りしたり 狩りしたり 狩りしたり 狩りしたり 狩りしたり 狩り 狩り
支援を募ったのです 支援は"バット・コンサーバション・トラスト"の スコットランドのエリザベス・フェレル
"我々はまだ多くの 皮膚のブロックを研究していないし どれだけの種類がうまくいっているか 分かっていない"
レイプの容疑を否定ロナウドは 弁護士は,ドイツ雑誌に対する訴訟を準備
クリスティアーノ・ロナウドは"偽報道"で訴えられ,自分の名前を使って"注目を集める"という主張を 非難している.
弁護士は 報道したドイツ新聞の シュピゲルに訴える予定
ジュヴェントスの選手は 2009年にラスベガスで レイプされたと非難されています
事件を隠すために37万5000ドルを支払ったと 報道されたと Der Spiegel紙は 報道した
非難が広まった数時間後, 33歳のロナウドは Instagram Liveで142百万のフォロワーに対して, "偽ニュースだ"と発言しました.
違う 違う 違う
"今日お話ししたことは 偽ニュースだ"と 五回戦のチャンピオンが カメラに語りかけた.
注目したいのは私の名前です
普通のことです
名前で有名になりたいけど 仕事の一部だ
"私は幸せで,何もかもがうまくいっている" 選手は笑って言いました
ロイター通信によると ローナルの弁護士たちは 事件の件で Der Spiegelを訴える準備を進めている.
弁護士のクリスチャン・シュエルツは 罰金の額をルナルドに 課せると述べた. 罰金はルナルドの犯罪の重みと同じで,
2009年6月 事件は ラスベガスにある パームズホテル・カジノの スイート室で 起きました
クラブで出会ったロナウドとモジョルガは 選手の部屋に戻り 選手が彼女をレイプしたと証言した 文書によると ネバダ州クラーク郡の 地方裁判所に提出された
ジュルガは,ロナウドは,この事件の後に,ひざまずいて,99%良い人だとし, 誘惑に負けたのは"%の理由だと彼女に言った.
文書によると ローナウドは 性的交際を認めたが 双方とも同意していた
病院で警察に連絡し, 病院で自分の症状を撮影させましたが, 裁判の外での裁判に同意しました. 彼女は"復讐を恐れ,公的に屈辱されるのが心配だった"と.
番組を中止したいと 言うんです 事件の被害に ショックを受けているからです
レイプ事件の発生時に マンチェスター・ユナイテッドから レアル・マドリードへ 接近していたロナウドは この夏 イタリアの巨人ジュヴェへ 移籍しました 契約額は"億ユーロでした
自動車産業を永遠に失うこと
自動車業界における世界のリーダーとしての地位を失ったら,英国が永遠に後悔するだろうと, 貿易大臣グレッグ・クラークは言う.
更に彼は"トヨタ・UKがBBCに伝えたのは 懸念すべきことだ" "英国がEUを離脱すれば ダービー近郊のバーンストン工場の生産を一時停止する"
"我々は契約が必要である"と,クラーク氏は言った.
自動車メーカーは 国境の壁が 雇用を損なうという 影響について発言しました
トヨタ・オーリスとアヴェンシスの工場は 去年15万台近く生産し その90%を欧州の他の国へ輸出した
"私の予想では,もし英国が3月末にEUを離脱すれば,工場で生産工場が作られるようになるだろう"と,トヨタのバーンストンで働く Marvin Cooke 氏は言う.
他の英国自動車メーカーは 海外の取引の仕方について合意なしにEUから離脱するとの懸念を表明しています ホンダ,BMW,ジャガー・ランドローバーなどです
例えばBMWは ブレグジット後"ヶ月間 オックスフォードのミニ工場を 閉鎖すると発表しました
自動車メーカーの懸念は 合意なきブレグジットが実現すれば 市場が危機に晒されるというものです
トヨタの製造ラインは "最後の瞬間"のサービスで 部品は37分ごとに 配達されます 配達されるのは英国とEUの 自動車用品販売所です
3月29日にEUを離脱すれば 業界が懸念する 国境の乱れや部品の不足が起こりかねません
トヨタはダービシャーの工場で 一日以上の貯蔵庫を 持てる事は不可能で 生産は停止する
国境の向こう側にあるこのような考え方を 防ぐことを目的として,EUとの将来の関係をめぐる チェッカーズ計画が策定されたと,
"我々は契約を結ぶ必要がある.我々は最高の契約を結ぶ必要がある.それは,現代における成功だけでなく,我々が利用できる機会の提供にもつながる"と彼はBBCラジオ4で語った.
実験データによると ヨータだけでなく 他のメーカーも 極めて効率的な 方法が 継続されていなければならないと示しています
製造がいつまで止まるかは 明らかに分かりませんが 長期的には 生産コストが上がれば 工場の競争力も低下し 雇用も失われる 恐れがあるというのです
バーナストンで24年間働いたPeter Tsouvallarisは,工場の労働組合の信長として,同僚たちがますます心配するようになると述べました. "私の経験では,仕事がなくなると,二度と戻ってくることはない.
政府の広報担当者は"我々はEUとの将来の関係について詳細で包括的な計画を立てている"と述べた.
トランプとロゼンシュタインの交渉は 延期されるかもしれないと ホワイトハウスに
ホワイトハウスは日曜日に トランプ大統領と ロード・ロゼンスタイン司法長官の 重要な会談が "週間延期される可能性があると発表しました 司法長官候補のブレット・カバナウが 争いを引き起こすと
ロゼンスタインは,ロバート・ミュラー (Robert Mueller) 特別検察官の仕事を担当し, 選挙のロシア介入,トランプの補佐官とロシアの関係,
ワシントンでは数週間前から トランプ氏が 副検察官を免除し ミューラー氏の独立を脅かすという 噂が流れている
初めの記事では ロゼンシュタインは トランプの会話を録音する テープを身につけ 憲法25条の適用で 大統領を打倒する 可能性について 議論していたと報じていたと記しています
ローゼンシュタインは 疑惑を否定した.
しかし先月,彼は辞任の噂が流れて,ホワイトハウスを訪れました.
代わりに木曜日に トランプとの会談が 発表されましたが その時はニューヨークの国連で
トランプはロゼンスタインを 解任したくないと発言したが その後 会議は 解任の日に延期され 審理の時間と 審理の時間と合わさず 議会で開かれた 審理の時間と 審理の時間と 審理の時間と合わさず 審理の時間と 審理の時間と 審理の時間と 審理の時間と 審理の時間と 審理の時間と 審理の時間と 審理の時間と 審理の時間と 審理の時間と 審理の時間と 審理の時間と 審理の時間と 審理の時間と 審理の時間と 審理の時間と 審理の時間と
金曜日にトランプは カバナフに対するFBIの捜査を 1週間も延長し 議会の投票をさらに延期しました
トランプの広報担当者サラ・サンダーは Fox News Sundayの番組で 登場しました
ローゼンスタインとの会合について尋ねられたとき 彼女は"まだ日程は決まっていないが,今週に延期されるかもしれない.
でも,我々は,それを,見守ります. そして,私は,常に,メディアに,それを伝えるために, 喜びを感じています.
報道関係者の中には9月10日以降,ホワイトハウスで記者会見をしなかったという意見もいる.
番組の司会者のクリス・ウォレスが "なぜ?"と尋ねました
サンダースは,少数の集会は,テレビ記者が"観衆主義"を持っていることに不満がないと語りましたが,彼女は"私は,彼らが"観衆主義"を持っているという事実に異論はない"と語りました.
メディアとトランプの 直接的な関係が 増えるという示唆を したそうです
大統領はこれまでどの大統領よりも メディアの質問に答えている"と彼女は言った.
記者会見は続くが 報道陣が大統領に直接質問できるなら それは私よりもずっと良いことだ
メディアは,アメリカ大統領と話す機会が なくなってしまいます.
トランプはホワイトハウスを離れると 訪問者の質問に答え 公開会議や 訪問した首脳陣の記者会見に 参加する
彼とのメディアの面会は 稀です
大統領は,今週ニューヨークで, 記者団の前で, 然とした,時には奇妙な態度を, 明らかにしたかもしれません.
保健大臣はEUに手紙を書き スコットランドの保健医療関係者に対し,ブレグジットへの懸念を述べています
保健大臣はEUの職員に手紙を書いて 国民の感謝を述べ スコットランド保健サービス (NHS) の 継続を願っています
ジュリアン・フリーマンが 送った手紙は イギリスがEUを離脱する6ヶ月が 経過しているとのものです
スコットランド政府は既に公務部門で働くEU人向け就労許可の申請にかかる費用を支払うことを約束しています
フレマン氏は手紙の中でこう書いています "この夏,EUと英国の交渉は, 失敗のため,継続され, 決定は秋に期待されています.
イギリス政府も 準備を整えており 合意が成立しない場合も
皆さんの不安は 解ります
従業員の国籍に関係なく,私は彼らの仕事を非常に高く評価しています.
医療の改善と患者と私たちが奉仕するコミュニティの利益のために,EUのパートナーと,その先端のパートナーが,貴重な経験と知識を携えてくれています.
スコットランドは本当にあなたの故郷です そして,ここに滞在することをとても望んでいます
クリスティーン・アバークロンビーは 頭に損傷を被った後 緊急手術を受けました
ランナー・アバークロンビーが 緊急手術を受けたのは ヴァンダービルト・コモドレスとの試合で 怪我をしたためでした
テネシー州立大学のコーチ ロッド・リードは 記者会見で 試合が終わりに直ったと 発表しました
"彼は横に来て,そこに落ちた"とリードは言う.
コーチと医療チームが 脇に酸素を注ぎ 床に寝かせ 検査のために外へ運びました
テネシー州立大学の 代理人 クリス・ハリスは ワシントン州ナッシュビルにある WSMVの 放送局に アバークロンビアが ヴァンダービルト病院で 手術を受けたことを伝えた
ハリスは 事故の種類や深刻さについては まだ情報が不足しており テネシー州立大学は事故の発生時刻を 調べていると付け加えた
卒業生のアバークロミビーは テキサス州から テキサス州へ転校したテネシー州で 初めてのシーズンに参戦する
退場前には5匹のタッチングを したことで 合計18匹のタッチングを したそうです
外国人がイギリスで不動産を購入する際は 高い税金を支払わされる
外国からの購入者は英国で不動産を購入する際には 高いステンピング料金を支払われ 収益はホームレスの支援に充てられる
選挙人 選挙人 選挙人 選挙人 選挙人
税金を払わない英国人に 増額の税金が課される
連邦政府も毎年1億2千万ポンドを 援助に充てると考えています
海外の顧客は英国で不動産を購入する際 高い税金を引き出され 収入はホームレス支援に 向けられるようになると
選挙は,若手有権者のための 選挙運動の成功を否定する 意図的な試みとなるでしょう. 選挙の若者有権者の獲得を目的とした 選挙運動は, 住宅の価格を低減し, 税金を高めるという目的で 実行されるでしょう.
税金を払わない個人や企業は 高いステークス料金を支払わねばならず 収益は 住居を助けるための政府の活動に 寄付されます
賃貸の追加料金と 住宅ローンの2年前の追加料金と 賃貸の賃貸の賃貸の賃貸額を 合わせた額は 3%まで上昇します
政府の予算では 年間1億2千万ポンドの 収入が予想されています
ロンドンの新築住宅の13%は 海外の企業が購入していることが 推定されていますが 価格上昇により 初めての不動産の購入者が 市場に入ることが難しくなっています
首都は 海外で多くの時間を過ごす外国人のために の都市になったのです
この新しい政策は ボリス・ジョンソン氏が 住宅ローンを削減して 若者が初めて家を 築くことを支援すると 呼びかけられた数週間後です
建設業の大企業が 土地を買い取りして 価格を高くしているとして非難し 住居税を英国に導入するために 住宅ローンの配当を廃止するよう促した.
コービンは 住宅の改善について 発表しました 賃貸保険の廃止と 賃貸免除の廃止も
議会に新たな家を建てられる権限を 与えたいとも思いました
"去年 私は最初の任期で イギリスの夢を 再び実現する事を決意しました 将来の世代がより良い生活を送るという夢です
住宅市場を直すことです
英国への扉はいつでも開かれます 住み 働きたいなら
しかし 海外の企業や 外国人が英国人と同じくらい 簡単に 住居を購入できるというのは 真実ではありません
住居の夢は多くの人にとって 遙かすぎるものになり 住居のない人々の苦悩は 遙かなる現実です
ジャック・ロス: "私の最大の目標は スコットランドを訓練することだ"
サンドラーランドのジャック・ロス監督は スコットランド監督になるのが夢だと語る
42歳のスコットは今,挑戦を楽しみながら, ファーストリーグ3位,トップから3位にランクインしたノースイーストに, 新しい生命を吹き込むことにしました.
セントミレンをスコットランドリーグに 戻したのが今夏で サントリーに移籍した
選手として自分の国のために プレーしたかったんだ
膝を怪我して,もう終わりだ"とロスはBBCスコットランドの"Sportssound"にインタビューで語った.
でも私は子供の頃 父とスコットランドをよく見ながら 育ったんです
でも チームをうまく 運営できれば チャンスが手に入る
ロッスは,ディック・アドボカート,デイヴィッド・モエス,サム・アルラダイス,マーティン・オニール,ロイ・キーン,ガス・ポエット,パウロ・ディ・カニオなど,サンダーランドの監督を務めた.
アロア・アスレチックの元監督は,この有名なクラブの足跡にたどり着くことに恐れを覚えていないと語っています. 彼は以前,バーンズリーやイプスウィッチ・タウンでの監督職を断っていたが,
"このクラブをリーグに戻すことができるか?" という考えで 成功を測るんだ
クラブは2年連続でリーグで優勝し, 構造と施設の違いを理由に,
クラブを上に戻すのは 容易なことではありませんが クラブを上に戻すのは 容易なことではありませんが クラブを上に戻すのは 容易なことではありません
ダンバートンのアシスタントとして15ヶ月を過ごし, ハーツのコーチとして3年しか経験していない.
彼はアロアを第3リーグから 回復させ, リーグで落ちたセントミレンを次のシーズンで チャンピオンに変えました.
ロスは今,クライド,ハートルプール,フォルキーク,セントミレン,ハミルトン・アカデミックで, プレーした経験よりも自信があると言われている.
"これは本当にタイムメイトだった"と彼はアロアのコーチになった時のことを語っています.
コーチはゲームよりも コーチとしての才能に 恵まれていたと 信じていました
奇妙に聞こえるかもしれませんが 私はとても上手く働いていました 収入もかなりあり 素晴らしい成功を収めました
でも 変化するのは難しい
毎週 いろいろなことが起こります
ストレスやプレッシャーは まだまだあるけど コーチングは 適している気がする
コーチになりたいと思ったし 今もコーチをしています 成長した中で 自分自身に 満足したことはありません
インタビューの全文を 9月30日 (日) スポーツサウンドでRadio Scotlandで 視聴できます
飲酒のベスト時間とは 投票の5時半の土曜日
暑い夏は ソーセージを栽培するイギリス人の 被害を招き 飲食店の顧客は 圧力をかけています
公共の売上が7月に2.7%上昇し 飲食店の売上げは4.8%減少した
統計をまとめたビジネスコンサルティング会社のピーター・マーティン氏はこう述べました "日照の継続と 予想外のイングランドでのワールドカップでの勝利は 7月も同様のパターンを6月に続かせました 格闘が2.8%上昇した一方で レストランの売り上げはさらに下がりました
レストランの売上高は 6月に1.8%下がり 7月にまた落ちました
酒類を中心としたバーやバーは 長期的に上昇し レストランは減少しました
食料品店も太陽に晒され 被害が大きかったのですが 飲食店ほどではありませんでした
飲みに行きたかっただけだった
飲食店の飲食店の売り上げは前月比6.6パーセント上昇し 飲食店の売り上げは3パーセント減少しました
分析会社RSMのポール・ニューマンはこう述べています "この結果は4月末以来の 変動の継続です
気候や重要な社会イベントやスポーツイベントからの影響は 海外市場での販売において 依然として最大の要因です
驚くことではありませんが,レストランのグループがまだ苦境に陥っているのは, 価格が押しつけている中で, 売上げが毎月4.8%下がっていることが, 痛ましいことなのです.
暑い夏は食生活にとって 最悪な時期だったでしょうが 8月のような温室温度の改善が 状況を改善するかは 時間が教えてくれます
オープンした店舗を含むパブやレストランの 売上高は 7月で2.7%増のペースで 営業を進めています
Coffer Peach Trackerは イギリスのパブ・バー・レストラン業界を 監視する会社で 47の企業からデータを集めて分析します 総額9億ポンドの 売上を集計し 業界規模を拡大しています
5人に"人の子どもは 秘密のソーシャルメディアアカウントを持ち 親から隠している
子どもの11歳以下で 子どもの5人に"人は ソーシャルメディアのアカウントを 秘密にしていて 両親や先生には 隠していることが 明らかになったそうです
学生2万人を対象にした調査で インスタの利用率が 増加したことが判明しました
ニュースで 性的コンテンツの公開が懸念される
20%の生徒が 両親に表示するアカウントを持っていると答えています
5人に"人の子供が 11歳未満の子供たちは ソーシャルメディアのアカウントを作って 秘密に 大人に隠しています
学生2万人を対象にした調査で ユーザー数が増加したのが 分かりました これはInstagramの例です
ニュースで セクハラが報道される懸念も 増えています
20%の生徒が 両親に示すための"クリーン"アカウントと 秘密の口座を持っていると答えました
ある母親は13歳の娘の秘密サイトに 侵入し 少女に性的虐待を勧めた
デジタルアウェアネス・イギリスと プライベート・スクール・メディカル・カンファレンス (HMC) が実施した調査によると 11歳から18歳の子どもたちの40%は 口座を持っていて その半数以上が 秘密口座を持っていると認めています
"インターネットで,親や教師が見つけられないような 場所を作ろうとする若者の数が多いのは,心配だ"とHMCの会長であるMike Buchananは言う.
スコットランド陸上競技委員会で スコットランド陸上競技委員会で スコットランド陸上競技委員会で スコットランド陸上競技委員会で スコットランド陸上競技委員会で スコットランド陸上競技委員会で スコットランド陸上競技委員会で スコットランド陸上競技委員会で スコットランド陸上競技委員会で スコットランド陸上競技委員会で スコットランド陸上競技委員会で スコットランド陸上競技委員会で スコットランド陸上競技委員会で スコットランド陸上競技委員会で スコットランド陸上競技委員会で スコットランド陸上競技委員会で スコットランド陸上競技委員会で スコットランド陸上競技委員会で スコットランド陸上競技委員会で スコットランドスポーツ委員会で
イルイド・ドイルは スコットランド陸上競技委員会に 理事長として選ばれました
スコットランドで最高の自由スポーツ選手の アイアン・ビートティの任命は 競技界のリーダーに 素晴らしい機会だと考え 選手は過去10年の 偉大な国際経験から 恩恵を受けられるよう 促した
"エイリッヒはスコットランドやイギリス,そして国際的にスポーツ界に 高い評価を得ており,スコットランドのスポーツは 彼女を委員会に 入れることに大きな価値があると確信しています"とビッティーは述べました.
"スポーツ選手たちのために 発言したいし スコットランドでスポーツを発展させる為に 貢献したい"
アメリカ出身の彼は 1996年のアトランタオリンピックで 200メートルと400メートルで優勝し 4つのオリンピック金メダルを獲得し BBCの常駐番組で放送されているが 短時間性乾血症の症状を患い 麻痺状態になった.
彼はツイッターで"1ヶ月前に私は脳卒中を起こしました.
歩けなかった
医者は私が回復するかどうか 時間がかかると言いました
苦労したけど 完全に回復し 歩いたり運動したりしました
励まし語をありがとうございました!
乳がんの広告が 牛と並行され ネット上で議論を巻き起こしている
乳房の製造会社は 乳母牛の広告を ネット上で話題にしています
エルヴィー社は 音声で動く 世界初の 携帯可能な 乳房ポンプの宣伝を 目的とした 偽りの広告を 公開しました この広告は 音楽映像に 触発され 乳房で赤ちゃんを抱える母親に 与える自由を 象徴するものとされています
4人の母親が踊りながら をくっつけながら歌う 詩の歌詞には"私は乳を飲むが 尾は見えません"と"もし気づかなかったら 乳じゃなくて 胸のせい"と書かれています
圧力は続きます "ポンプ,ポンプ,子供に餌をあげます" "ポンプ,ポンプ, 乳をから汲み上げます"
しかし 会社のフェイスブックに掲載された広告は ネット上で話題を呼んだ.
ビデオは77000回視聴され,何百回コメントを受け付けられ, 視聴者からの反応は様々で, 視聴者は"牛乳産業の" "うめき"を 支持している.
牛を売り込むのは 実に悪い選択です
牛乳の生産には 乳牛が必要ですが 乳牛は産まれてから数日後に 牛乳を剥がされるのです
エルヴィー・パンパーは 乳房ホルダーに 快適に収まります
観客の"人がこう書きました "母子にとって大変なことです
でも 赤ちゃんを産む母親に 授乳器を宣伝するのもいいでしょう
広告は時代遅れだ"
広告を非難する人もいましたが 広告を非難する女性がいたのです
素晴らしいアイデアだ
赤ちゃんがまだ胸にいてたら 買って来たのに
牛乳を吸うときの気分でした
広告はちょっと変だけど ちゃんと受け入れてた
"これは天才的なことだ"と 観客の"人が書いた
"これは楽しい広告で 働く母親に向けられている のような気分で を吐く母親たちです"
乳児の健康を 褒める広告でも 非難する広告でもありません
広告の最後に 女性のグループが全員 乳房に胸を入れているまま 踊っていたことを示しています
広告の背景には 女性の多くが 乳をぐ時に 赤ちゃんがくように感じるという 意見があります
乳房は静かです や指針もなく 乳房の上に快適に収まります 乳房は女性を自由に 移動させ 赤ちゃんを抱え 排尿中に外出させます
"エルヴィー・ポンパンは 革命的な製品で 注目すべき宣伝を すべきだった"と マザー社の共同オーナーで経営責任者 アナ・バラーリンは言う.
女性のイメージを牛のイメージにすることで 乳房ポンプの照明と その課題を 直接的に捉え 面白いことに 新しいポンプがもたらす 解放感を 馴染みのある形で 表現しようと考えました
エルヴィ・ポンパがニュースになったのは 今度ではありません
ロンドン・ファッション・ウィークでは 2人の子供の母親が デザイナー・マータ・ジャコボウスキーに 服装を披露し 商品を披露しました
テキサス州境のキャンプに 移民の子供たちが 静かに連れて行かれました
移民の子どもたちの 保護者数が急増しています 国境を越えて 移民の子どもたちの 保護者数が急増しています 国境を越えて 移民の子どもたちの 保護者数が急増しています 国境を越えて 移民の子供たちの 保護者数の数は急増しています 国境を越えて 移民の子どもたちの 保護者数の 保護者数の 保護者数の 保護者数の 保護者数の 保護者数の 保護者数の 保護者数の 保護者数の 保護者数の 保護者数の 保護者数の 保護者数の 保護者数の 保護者数の 保護者数の 保護者数の 保護者数の 保護者数の 保護者数の 保護者数の 保護者数の 保護者数の 保護者数の 保護者数の 保護者数の 保護者数の 保護者数の 保護者数の
養父母は通常 移民の身だし 養子提供で 留まる可能性を脅かす恐れがあります
6月に 政府が 将来の親や 家庭内の他の成人が 指紋を提出し 移民局に 情報を共有することを 発表すると 状況が悪化しました
移民局の幹部であるマチュー・アルバンスが 連邦裁判所で証言したところによると 彼の組織は 単身の養子縁組の申請を 逮捕している
後に NRA は 逮捕された人の70%が 犯罪歴がないと確認した
 養子縁組の親や養子家庭の親の80%近くが 違法入国者で その多くは 違法入国者として 記録されています
"だから我々は,その人物を捜し続けている"と,アルベンスは言った.
児童の訴訟を早めるため 代理人は 児童の保護が開始されてから"か月以内に 裁判所に提出するよう 規則を新たに発表しました 保護者の職員によると 保護の60日という基準を改めると言われています
移民の多くが 移民法廷の裁判官の前に ビデオ会議で 立会する代わりに 立ち寄って 法的立場を主張します
移民資格がないと判断された子供は すぐ 送還されます
拘留期間が長くなるほど 子どもの不安や鬱病が 増加し 暴力や逃亡傾向に 陥る可能性が高いと 施設の職員や 施設が先月公表した 報告書によると
専門家は こう言いました "この問題点は トルニロのような 施設の規模が大きい場合でも 起こり得ると考えられます "子供がいれば困っているのに 気づかれない可能性が高い"
精神的な準備や友人との別れを 十分に受けないままに キャンプタウンに連れて行かれると 子どもの多くが 直面している ショックを 更に増すかもしれないと 付け加えた
シリアはアメリカ,フランス,トルコの軍事部隊に即刻撤退するよう指示
シリアの外交大臣であるワリド・アル・ムワレムも国連総会で演説し, シリアの紛争が8年目であるにもかかわらず, シリアの難民は帰還すべきだと述べた.
副首相のムアレムは 外国軍がシリアに不法に駐留しているとして 偽装したテロ対策を していると主張し "それに従って対応する"と批判した.
"直ちに,いかなる条件もなしに撤退しなければならない"と彼は議会に語った.
ムアラムは"テロとの戦争は終わった"と強く主張し 2011年以来36万人以上が死亡し 数百万人が家を追われたシリアでは
シリアの領土を テロリスト集団と 違法な外国勢力から 完全に清掃するまで シリアは この神聖な闘いを 続けると彼は言いました
シリアには約2000人のアメリカ軍人がいて その多くはバシャール・アサド大統領に対する シリア軍とクルド人軍の両方への 訓練や助言を行っている
フランスは,この戦乱で 傷ついた国に,1,000人以上の軍隊を 駐留しています.
難民問題に関しては 難民が帰還できるほど 状況が良好だと述べ, 難民を遠ざけるという 根拠のない恐怖を広めるよう 西側諸国に警告した.
"我々は国際社会や人道支援機関に,難民の帰還を促すよう呼びかけている"と彼は述べた.
民主主義は,人間関係に限ったものから 政治的政策を作り出します.
アメリカとEUは シリアの復興に 資金を提供しないことを警告しています シリア政府と紛争の終結に 合意しない限りです
紛争の最後の大きな要塞の 国境地帯を設けることに関する ロシアとトルコの間の 最近の合意は 政治的な対話の機会を 提供した,と国連の使節は述べています.
ロシアとトルコの間の協定により, 300万人の住民が住むシリアの領土に ロシアが支援するシリア軍による大規模な攻撃が 防ぎられた.
しかし,ムアラレムは,この協定は"細部的な終止符"と強調し,アルカイダとつながっているヌスラ・フロントの戦闘員を含むジハード派を対象に軍事行動をとり,彼らを排除することを希望した.
シリアの国連大使のスタッファン・デ・ミストゥラは シリアの戦後の憲法を 制定し,選挙の準備をするために, 政府と反体制のメンバーで構成された新委員会との最初の会合に参加することを期待しています.
ムアレムは,シリア政府の参加の条件を掲げ,その活動は,現在の政府の決定を"超えること"に限定され,あらゆる攻撃を警告することを述べた.
選挙でトランプが2回当選する理由
議論によると 川普氏は2020年の大統領選で 勝利を収めるでしょう 控訴や汚職が彼の大統領職を 終わらせない限りはね 恐らく多くの自由主義的な観衆が 望んでいることでしょう
史上最も劇的な大統領終焉となるでしょう!
観客は三角形を 持っていない
2014年以来 視聴回数は CNNの105万人倍以上で MSNBCの160万人近くに 倍増しています
Fox Newsの視聴率は 平均で24万視聴者が最多で これは4年前には170万視聴者が多かった Nielsenによると MSNBCの番組『The Rachel Maddow Show』は 視聴率最高で3500万視聴者がいた
"これは人々が惹かれる火だ これは我々が理解できないものだ"と ABCのドラマ"Designated Survivor"の番組主任ニール・バーは 議会が攻撃された後に大統領になる 政府の職員について語っています
経験豊富な漫画家で 『Just the Funny Parts: And a Few Hard Truths About Sneaking Into the Hollywood Boys Club』の著者である ネル・スコヴェル は,別の考えを持っています.
彼女は2016年の選挙前 ボストンにタクシーで行ったことを思い出しました
運転手は彼女に トランプ氏に投票すると言った
"なぜ?"と彼女は尋ねました
"彼は私を笑わせるから"と スコヴェル夫人は言った
騒ぎの 娯楽価値があります
しかしテレビの報道とは違って ワシントンからの報道は ロー・ワイド事件の 運命を決定する 移民の家族再会や 国民経済の健全性を 左右する
観客の最も特権的な存在だけが 観客を無視できるのです
しかし 知識の持ち主であるということには 違いありません 専門家たちが6時間ほど 議論している中で 話題の話題は ボブ・ウッドワードが 『Fear』の"近隣の住民"を 非難したとか ポール・マナフォートが着た"5,000ドルの ストロークのジャケット"とか ストロミー・ダニエルが 川崎氏に与えた 詳細な身体診断の結果です
少なくとも私は,同じ目を再びスーパーマリオを見ることはないでしょう.
"彼がやっていることの" "リアルタイム番組のように感じさせる" "つの理由は 毎晩何かを与えることだ"と Wheelhouse EntertainmentのCEOで"Pawn Stars"の作者であるBrent Montgomeryは言いました.
失敗は避けられない 失敗は失敗だ
フリス氏と連絡を取ったとき 暖かい日差しが北コーワイの自宅の外で ありましたが 彼は部屋に閉じこもり CNNの取材をしていました
ブラット・カヴァーナウが 連邦上院審議会の 審問委員会で証言する際には 裁判所の将来が 懸かっていたので 逃れることはできなかったのです
昔 狂ったことをやっていた頃 聞いたことがあるでしょう 西洋文明の終わりが始まると
冗談だと思いましたが,実はそうでした.
ビジネス,政治,メディアの"タイムズ"の記事の エイミー・チョジック 著者"ハッシング・ヒラリー"の バイオリオン
選挙の真ん中 時代
驚くことではありませんが ペンシルベニア州17区は 選挙区改選により 資金が集まってくるでしょう 選挙区改選の結果 選挙区は2つの 選挙区で 選挙区が同じ場所に 争うことになるのです
民主党のコナー・ランブが 選挙区選抜選で勝った
ランムは共和党員 キース・ロスフスに 反対の立場でいます 彼は旧ペンシルベニア州12区を 代表し 新しい州17区を 代表しています
選挙区の地図は 改定されました 旧選挙区は共和党に 支持されていて 憲法違反だと ペンシルバニア州最高裁判所が
選挙区の新選17区は 選挙資金の競争が始まって 選挙区の新選区は 選挙区の選挙資金の競争が始まって 選挙区の新選区は 選挙区の選挙区が始まって 選挙区の新選区は 選挙区の選挙区は 選挙区の選挙区は 選挙区の選挙区は 選挙区は 選挙区は 選挙区は 選挙区は 選挙区は 選挙区は 選挙区は 選挙区は 選挙区は 選挙区は 選挙区は 選挙区は
ラムは3月,ペンシルベニア州18選挙区の 特別選挙で 勝利したことで,ペンシルベニア州でよく知られている人物になりました.
共和党は10年以上に渡って この選挙区を保持しており ドナルド・トランプ大統領は 20票の差で勝った
民主党は政治学者が 優位をあげている
アメリカは,中国への支持を理由に,エルサルバドルを罰する計画だったが,その後,撤回した.
政府の情報筋は ドミニカ共和国が既に北京を承認していることに気づきました ワシントンからのわずかな反対もありました
2017年6月,トランプ氏はパナマのフアン・カルロス・ヴァレラ大統領と 秘密会議を開き, パナマのホテルに滞在し, 共同経営者がトランプ政権を 追い出そうとした.
台湾の承認を断ったことで,米国務省はエルサルバドール,ドミニカ共和国とパナマの米国大使館を召還した"と,国務省の広報担当者ヘザー・ナウートは声明で述べた.
しかし,制裁は2017年に,麻薬取締,開発,経済支援など,米国からの援助で,推定1400万ドルを受け取ったエルサルバドルに対してのみ考慮された.
財政支援の削減や 居住許可の制限なども 制裁の対象となっており 中央アメリカでは 失業率と殺人率が高い この国にとって 痛ましい結果となりました
国内会議が続くと アメリカと中央米の代表者が 安全保障と経済繁栄に関する会議を 延期し, 去年の同様の会議に続くとされ, 移民をアメリカに 移住させないための措置の進んだ一歩だと考えられた.
しかし9月中旬 代表団のトップは 会議を進めたいと強く主張し エルサルバドルに対する制裁を 撤回しました
副大統領 マイク・ペンスは 10月中旬に予定されている会議の開催を 政府の重要性の証として 呼び掛ける予定だと 報道官は述べた
3人のアメリカ大使も 静かに戻って来ました エルサルバドル パナマ ドミニカ共和国へ ワシントンからの新たなメッセージや 罰則はありませんでした
ボルトン氏のホワイトハウス広報担当は 3人のアメリカ代表が 詳細に述べることを拒否しました 2人の外交官が 国内紛争について話すことに同意した際のことです
社長は 社外調査員に確認された 取締役と密接に協力し 匿名で話をしました
歴史から学ぶ
次の問題は 特別検察官のロバート・ミュラーが 裁判を妨害するトランプ氏の 可能性に関する報告書を 提出することですが その主張には 沢山の公的な証拠が 裏付けられています
ミューラーは,トランプ氏の選挙運動が ロシアとの協力で 我々の選挙を攻撃したかどうかについても, 検討していると言われている.
議会は他の政党の 支配下に置かれれば トランプはそれに責任を持つことになるでしょう 選挙人との再会を準備している間に そしておそらく 選抜の陪審に
しかしこれは非常に不確実で 私はトランプが 落ちたことは確実だと 論じるつもりはありませんし 欧州の同僚も 落ちたことは確実だと 論じるつもりはありません
選択は私たち全員に迫られています 大西洋の両側で 戦争の長さに影響を与えるでしょう
1938年 ドイツの指導者たちは 欧米がモチーフを押し付け ミュンヘンのチェコスロバキーを 支援すれば ヒトラーを政権から引き離す準備ができていた
失敗し 後に続く惨めな出来事を 避けられなかった
民主主義の進歩を 止められないような 重要な点や 加速器や 扇動器を 物語が中心にしています
アメリカ人は現在,このような重要な問題に直面しています.
もしトランプ氏が ロッド・ロゼンシュタインを 検察長に免除したら? ミュラー氏の捜査の 運命を決める男?
ローゼンスタインは 状況が悪くなってしまいました 報道によると 去年 秘密のビデオを撮り 議長を不当に 推薦したと
ロゼンシュタイン氏はタイムズ紙の報道は 誤っていると断言します
ブラット・カバノウのFBIの調査が 徹底的でも公平でもなければ 裁判長に任命されても 性的暴行や虚偽の証言の 疑いがあるなら どう対応しますか?
そして何よりも重要なのは 議会を中期に選んで 責任を負わせるということでしょうか?
失敗すれば民主主義は 長い冬を過ごすことになる
しかし,私は,我々は落ちることはないと思う プラハで学んだレッスンから.
母はチェコスロバキア出身のユダヤ人で 私の母が収容所にいたナチス政権が アウシュビッツに 送った人です
彼女は生き残り アメリカに引っ越し 60年後 彼女は私を連れてきて テーブルにサバット・カーテンを 燃やすようにしてくれた
そんな遺産を手にすると 未来を楽観的に見ることができるでしょうか?
ブルッキングス・インスティチュート・フェローの ノーマン・アイゼン氏は 市民の責任と倫理のワシントン・シティーの会長であり 著作の"最後の宮殿: 5つの命と一つの伝説の家におけるヨーロッパの乱世"の著者です
ランジャーズのグラハム・ドーランズ 試合前ラピッド・ウィーン
オーストリアのチームに勝利すれば, リーグのG組から上位に立つことができるだろう. レンジャーズは,スペインのビラレアルを 勝利で2勝した.
膝の怪我により,ミドルフィアのグラハム・ドーランスは2対2で引き分けになったビラレアルとの試合で初めてプレーすることができなかったが,ランジェルスは2対2で勝利した.
"この点を取れたのは嬉しいよ,ヴィラレアルは強いチームだから"と31歳のドランスは言う.
勝利を掴むという考えで 試合をスタートしましたが 勝利を収めたのです
勝ったかもしれないけど 引き分けは公平だった
恐らく彼らは前半に優れていたでしょうし,我々は後半に強くなり,より良いプレーをしたでしょう.
ジュリエット・スミス ジュリエット・スミス
3点を取れるのは望ましいけど, 難しい試合になる. 試合は前回より, 進んで行った.
去年は 怪我のせいで クラブが変えたこともあって 辛い年だったけど 今は 気持ちが良くて
チームもいいし 楽しんでるし 練習もいい
願わくば今から 更に前進し 試合の時間を過ぎて 成功を収めましょう
退職金を失うという恐れで 睡眠を落とす女性
対象者の多くは 特定の介護の仕方を 決めていましたが 家族の相談は ありませんでした
全米調査の回答者の半分が 長期の男性保護の費用について 配偶者との対話について 回答しています
子どものことを話すのは10%しかいません
"家族に相談してもらいたいけど 相談に合わない"と ナショナイドの生命保険部門の副社長 ホリー・スナイダーは言う.
始めに
配偶者や子供たちに話してください 適切な方法で自分の希望を伝えなければ 家庭の面倒を見せる準備はできません
相談所や家族と相談して いつどこでケアを受けられるか 相談してください 費用を大きく左右する選択肢があります
相談者は,あなたがこれらの費用を支払う方法を見つけるのを助けることができます.
長期保険の代償として 支払える選択肢は 伝統的な長期保険,現金支給の混合型生命保険, 費用の負担を支えるための自己保険などです
法律上の問題も 避けましょう
医療担当者を雇って 信頼できる人を雇って 医療の管理を任せ 医療関係者があなたの 望み通りに 行動させてください
資金の管理者を見つけることも考えてください
信用できる人を選んで 財務の決断を任せ 支払いを確保する
病院へ向かう途中で 緊急事態に遭ったという想像をしてみてください
薬とアレルギーについて 答えてもらえますか?
準備が整うように 詳細を書き留めてください
医者は誰なのかも"とマーティンは言いました
薬は? 薬は? 薬は?
飼い主さんを連れて行く
準備はいいから
イルフラクンベで空砲で複数発撃たれた男
遊びにいった男を 銃で撃ったことが何回もあった
負傷者は50代の男性で デボンのイフラコンベの オックスフォード・グローブ地区で 胸,頭,手中に撃たれた
官僚は,銃撃事件は,英国時間2時30分に, 意図的に, 銃撃によるものだと説明しました.
被害者は襲撃犯を 見ていない
死亡事故は発生していないし 目撃者にも連絡が取れた
インドネシアで地震と津波
インドネシアのパルー市で金曜日に起きた 激しい地震と洪水で 少なくとも384人が死亡し 死亡者数はさらに増加すると予想されている
連絡が切れてるため 救援隊は 地震の震源地である プルーの北のドンガル郡から 連絡が取れていません
事故により16000人以上の住民が パルーの家から避難を余儀なくされました
島々 (島) の 特徴は
パルーは,スラウェシ島の西海岸の狭い海底に位置する,中央スラウェシ州の首都である. 2017年,人口は379,800人であった.
地震と津波が襲ったのは その町が40周年を迎えていました
ドンガラ州は,スラウェシ島の北西にある海岸線で 380kmを超える海岸線をカバーする.
地方自治体のシズランは,2017年に推定人口299,200人であった.
中部スラウェシ州の主要な産業は漁業と農業であり,特に東ガラ沿岸地域は漁業が主です.
ニッケル鉱山は 島内でも重要ですが 砂鉱山はモロワリで 多いのですが スラヴェーシの反対側にある 砂鉱山です
インドネシアの港湾局によると パルーとドンガラは 過去100年に 何度か 洪水で 襲われたことがある
1938年 津波で200人以上が死亡し ドンガラの何百もの家も破壊されました
洪水の被害は 1996年に東ガラの西部で 発生し 9人が死亡した
インドネシアは太平洋の火力圏に位置し,地震が頻繁に発生します
ここ数年で起こった地震と洪水の主要例は
2004年 12月26日 アチェ州の西海岸で 巨大な地震が起き 津波が14か国を襲い インド洋沿岸で226,000人が死亡 その半数以上がアチェ州
2005年3月後半から4月初めにかけて シーモス島の西岸を 連続地震が襲いました
島は,スマート島から離れている.
2006年 インドネシアの最も人口密集の島であるジャブ島南部で 震源の6.8の地震が起こり,南海岸に洪水が起こり,約700人が死亡
2009年: スマトラ州西部のパダン市近くで 震源地 7.6度の地震
死亡者は1100人以上でした
2010年 シュマツールの近くにあるメンタワイ島で 7.5度の地震が起こり 洪水が10メートルも高に,多くの村を壊し 300人近くを殺害
2016年 アチェ州のピディエ・ジャヤ県で 震災が起こり 被害が激増しました 2004年の地震と洪水で 被害が深刻になったことを思い出すと
洪水は発生しなかったが 100人以上が死亡し 建物が崩壊した
2018年:インドネシアの観光島であるロンボクで 巨大な地震が起き,500人以上が死亡し,その多くは島の北部の地域でした.
島には何百もの建物が破壊され 観光客の多くが 島で一時的に 閉じこもった
ポール・サルーフの長男 家庭内暴力の容疑で逮捕
レイプ容疑で逮捕された レイプ容疑で逮捕された レイプ容疑で逮捕された レイプ容疑で逮捕された
逮捕されたのは 家庭内暴力の疑いで 逮捕を妨害しようとしたため 逮捕を阻んだため 逮捕を阻んだため 逮捕されたため
警官の報告によると パリンは 友人から電話を盗んだそうです 友人から電話を盗んだそうです
裁判の審問を待っているパリンは 麻州駅で拘束され, 500ドルの保釈金で拘束されている.
報道によると 彼は土曜日に 裁判に出席し 有罪か無罪か 判断の質問に 答えず 控訴しました
パーリンは3つのカテゴリーAの罪で 起訴され 懲役1年 罰金25万ドルを科せられる
更に クラスBの罪で 懲役1日と2000ドルの罰金
ポールが起訴されたのは初めてではない
2017年12月 起訴された
事件の報告を 母親のサラ・ペイリンが 警察に伝えた
裁判はアラスカの軍事裁判所で 進行中です
2016年1月,彼は家庭暴行,家庭暴行の告発を妨害し,事件に関連して酒の毒で武器を所持したとして起訴されました.
恋人が言うには 顔に投げつけたと
2016年,サラ・パリンは 兵士のイラクでの戦闘後の息子の暴力的な行動について 衝撃的な話をしたことで 軍指導部から非難を受けた.
インドネシア 地震と津波:数百人死亡
インドネシア・スラウェシ島で金曜日に起きた地震で 少なくとも384人が死亡しました
震災はリヒター尺度7.5で 洪水波が起こり 何千もの家屋が 破壊されました
電気通信は停止し 死亡者数は 数日以内に増加すると見込まれています
地震はインドネシアの首都ジャカルタの北東にある 島の中央のスラウェシ島で 発生しました
ビデオがネット上で流れている
洪水が襲うと,数百人がパルーのビーチフェスティバルに集まっていました.
疑わしいニューヨーク市内の テロリストの容疑者に対する 珍しい死刑判決を 訴える
ニューヨークの検察は,ニューヨーク市で8人を殺害したテロ事件の容疑者,サイフュロ・サイポフに死刑を言い渡すよう求めています. これは,州で1953年以来,連邦法違反で用いられていない,珍しい刑罰です.
30歳のサイポフは ホームデポのトラックを借りて 10月に ダウンタウン・マンハッタンの ウェストサイド・ハイウェイの バイク路で 歩行者や自転車に乗った人々を襲ったとされています
判決を正当化するために 検察はサイポフが 8人の犠牲者を"意図的に"殺害し 意図的に"重傷を負わせたことを 証明しなければならないと 司法書士がニューヨーク州南部地区裁判所に提出した 死刑執行の意思の宣言で 述べた
裁判記録によると この2つの罪は 死刑に処せられる
事件の数週間後,連邦裁判所はサイポフに対し22件の起訴を提起し,その中には8件の殺人罪 (通常は,組織犯罪の起訴において,検察官が使うもの) が含まれていた.また,サイポフに対し,暴力行為と自動車破壊罪 (通常は,組織犯罪の起訴において,検察官が使うもの) が含まれていた.
攻撃は"数値の有意な計画"と訴えた 検察はサピエフの行為を"恐ろしい 凶暴で不道徳"と評した
遺言書によると"この事件は, 遺族の身体傷害,傷害,そして遺族の喪失を 引き起こした"
犠牲者は5人 アルゼンチンの旅行者でした
裁判官の死刑執行は10年前から 実施されてきました
控訴人カリッド・バーンズは 2人の麻薬密売人を 殺した罪で有罪判決を受け 2009年9月に終身刑に処された
死刑の執行は 1953年にニューヨークで行われた 裁判で行われた. この裁判は,ジュリアス・エステル・ローゼンバーグ夫妻が,冷戦中のソ連へのスパイ行為で有罪とされた罪で処刑されたことによるものです.
1953年6月19日に 電気椅子で処刑された
裁判記録によると, 襲撃から数日か数か月後に, イスベキスタン生まれのサイポフは, 悔やみを表さなかった.
彼は捜査官に "自分の行いは 許された"と答えたと 警察は言う
容疑者によると 攻撃のアイデアは 携帯に ISIS のビデオを 見た後に きたと証言した
病院の部屋に ISISの旗を掲げてもらうよう頼んだと警察は言う
彼は22件の罪で 潔白であると主張しています
弁護人のデビッド・パットンによると 検察の決定に失望している
"死刑を言い渡すという決定は 裁判の余地のない終身刑に対する 判決を承認する代わりに 事件の衝撃を関係者全員に延ばすだけだ"
サイポフの保護者は 検察官に死刑の執行を 求めないよう要請した
保守党議員は,NIGEL FARAGEがBrexit交渉の議長を すべきだと主張している.
ナイジェル・ファラージは, 国民軍を動員すると約束した. 保守派の集会で,
この元UKIPのリーダーが 政治家はEUの懐疑的な人からの圧力を 受け入れなければならないと発言し,同時に,テレサ・メイ議員が EUとの交渉を 指揮すべきだと提案した.
保守党のピーター・ボーン氏は ブルンゲンでのデモで "もし,ファラージ氏が,ブレグジットを主導していたら,イギリスは今すぐ離脱するだろう"と発言しました.
しかし,メイが直面する課題は, 自身の党員間の深い対立を和らげるという課題が, 更に明らかになった.
首相はチェッカー計画に 失敗を招き, 支持者や反対者,EUの批判を受けています.
連合党は,反対の意見にもかかわらず, ブリュッセルとの合意を争い続けるだろうと主張し, 反対の意見と労働党の意見の間で選択を迫るだろう.
ボーン氏はソリホールの "Leave Means Leave"のデモで チェッカーズ計画から脱出したいと 発言した
ファーゲンは,ブリュッセルとの交渉に 責任を持って参加すべきだと主張した.
"彼が政権の元なら,今すぐ出かけよう"と彼は言った.
ウェリングボロ議員は"私はブレグジットを支持しますが チェッカーズ計画には 反対の立場を保ちます"と付け加えた
反対を明言し こう言いました "我々は他者のために 戦争したのではない
独自の法律を書きたいのです
ボーン氏は2016年の選挙から 国民が変化したという証拠を引用し "英国国民が変化し 国民が英国に残りたいという考えは 完全に不真実だ"と強調した.
抗議行動に参加した ブレグジット支持者のアンドレア・ジェンキンス氏は 記者団にこう言いました "首相よ,国民に耳を傾けなさい"
チェッカー氏の計画は 反対派が支持しない 反対派は支持しない 政党や活動家たちの 支持を得て 路上で投票する
チェッカーズ計画をやめ 耳を傾けよう
メイへの直接メッセージで彼女はこう付け加えました "首相は約束を守れば仕事を続けます"
ファーゲ氏は,政治家たちが 圧力に屈すべきだと述べました. 2016年の選挙で 決定したものを 逃すつもりなら.
"これは我々 (国民) と我々の政党の間の信頼関係だ"
脱退を阻止したいと思っているのです そして私たちはここに集まって 脱退を阻止したいと思っているのです
演説で"私は,ブレグジットに失敗する政治家に プレッシャーをかけたい"
国民に奉仕する力を 動かすのです 国民に奉仕する力を 動かすのです 国民に奉仕する力を 動かすのです 国民に奉仕する力を 動かすのです
ブルームバーグでは 抗議デモが繰り広げられ 2時間間のデモが市内で行われた
活動家の小さなグループが 週末に結成された 離脱党の旗を掲げました
労働党のアドニス・レバーが 保守党を嘲ったのは 会議が始まって以来 党の電話で話題にされた 安全保障問題についてでした
"カナダとカナダの 国境の制限なく 貿易の自由とアイルランドとの 国境なしの 国境なしの 国境なしの 国境なしの 国境なしの 国境なしの 国境なしの 国境なしの 国境なしの 国境なしの 国境なしの 国境なしの 国境なしの 国境なしの 国境なしの 国境なしの 国境なしの 国境なしの 国境なしの 国境なしの 国境なしの"
完全に馬鹿げてる
"いいブレグジットなんてない"と彼は言った.
ウォーレン氏は大統領選への 候補を真剣に検討している
議会の議員エリザベス・ウォーレンが 選挙後に大統領候補を 検討すると発表しました
ワシントン州ボストン・グローブ紙の報道によると 民主党のマサチューセッツ議員は 土曜日に マサチューセッツ州西部の 市民集会で 将来の計画について議論したそうです
ウォーレン氏は,ドナルド・トランプ大統領を批判し,共和党のジェフ・ディール氏に勝て,大統領選の選挙戦に参戦する.
彼女は2020年にトランプ大統領候補候補の可能性を 浮揚している.
選挙区の住民との市民集会は,トランプ大統領が就任してから36回目となる.
会議の席にいた人が 候補を考えているか尋ねました
ウォーレン氏は"女性をワシントンに 派遣して政権を立て直す時だ"と答えました そして"女性を指導する時もだ"と
LSUのシムズを 銃で撃った事件で逮捕
路易シアナのバトンルージュ警察は 土曜日に 容疑者の逮捕を発表した LSU野球選手の ウェイド・シムスが 銃で殺された
バトンルージュ警察は 20歳のダイトン・シンプソン氏を 逮捕したと発表しました
ビデオで撮影された人物を 特定する手助けを要請した
20歳のSimsは 銃撃で死亡しました
"ウェイド・シムスは頭部に銃撃で死亡しました"と 247スポーツによると 警部長マーフィー・J・ポールが
ウェイドは友人を守った シンプソンに撃たれた
シンプスは尋問され,現場に武器を所持していたことを認め,ウェイデ・シムスを撃ったことを認めた.
逮捕され,東バトンルージュ警察署に 拘束された
シンスは2メートルでバトンルーズで育ち,32試合でプレーし,そのうち10試合は上シーズンで初回でプレーし,平均17.4分,5.6ポイント,2.9アカウントを記録した.
ロシアGP:ルイス・ハミルトンが世界選手権に挑戦 セバスティアン・ベッテルがチームから指示を受けて勝利の座を譲る
バルテリ・ボッタスがルイス・ハミルトンに先立って レース開始の土曜日から 明らかにメルセデスチームの 指揮がレースの重要な部分を占めていた
ボタスはレースで良いスタートを打ったが,ハミルトンからは,最初の2ターンでポジションを保ち,チームメイトのヴェッテルに戦いを招いた.
ヴェッテルが先に走ったので ハミルトンが ターンオフの最後を狙った
メルセデスは1周後にピッチに飛び込んでベッテルに追いついたが,ハミルトンはミッチの後に出場し,フェラーリドライバーは3ターンで後退の危険を冒して内側側を後にした.
ランキングで7位だった 最初のラウンドの終わりに 21歳の誕生日に
レースの大半をリードし,彼はタイヤを交換し,キミ・ライコネンを追い抜いて第4位に追い込むことにしました.
レースは44回目で終わりましたが,残りの8回目でスピードを上げることができず,ライコネンは4位に落下しました.
ヴァルテリが週末に 立派に表れ, 立派に私を追い抜いた
チームはこの成果を上げるために 素晴らしい努力をした"とハミルトン氏は述べています
身体のバランスが悪い
ドナルド・トランプ大統領は 連邦上院議員のダイアン・ファインスタインを 嘲笑しました 議会で彼女が カーネリー・フォードの手紙を 漏らさなかったと発言したことで
ジョージ・フォードは, 連邦上院の裁定委員会で フォードの証言を直接取り上げませんでした. 代わりに,彼は, 議会の動向は,
"最近,上院で起こっている 素晴らしいことが起こります 怒りを感じると,怒った人々, 怒った人々, 怒った人々, 怒った人々, 怒った人々, 怒った人々, 怒った人々, 怒った人々, 怒った人々, 怒った人々, 怒った人々, 怒った人々, 怒った人々, 怒った人々, 怒った人々, 怒った人々, 怒った人々, 怒った人々, 怒った人々, 怒った人々, 怒った人々, 怒った人々, 怒った人々, 怒った人々, 怒った人々, 怒った人々, 怒った人々, 怒った人々, 怒った人々, 怒った人々, 怒った人々, 怒った人々, 怒った人々, 怒った人々, 怒った人々, 怒った人々, 怒った人々, 怒った人々, 怒った人々, 怒った人々, 怒った人々, 怒った人々, 怒った人々, 怒った人々, 怒った人々, 怒った人々, 怒った人々, 怒った人々, 怒った人々, 怒った人々, 怒った人々, 怒った人々, 怒った人々, 怒った人々, 怒った人々,
公開の件と 事件を見て 言うんだ "私はやったんじゃない"
やってないわ
覚えている?
ダイアン・ファインスタイン やってる?
返事を覚えていますか? 文書を読んだら?
違うわ 違うわ
は,をうと,をうと,をう
ゆっくりと待って
"いや,いや,いや"と,彼は言った.
フォードがカヴァナughを非難したことで 文書は9月初旬に公開されたが ファイインスタインは 文書は彼女のオフィスから 流出したことを否定した.
"私は彼女の話を隠していない" 委員会にフィインスタインが言った
 彼女は私にそれを信頼して保管するように頼んだ. そして私は彼女が私に言ったようにしました.
しかし,彼女の拒否は 大統領を傷つけませんでした. 彼は,土曜日の会議で,こう言いました. "これは,本当にひどい身体的苦痛でした.
傷ついたりしないけど 身体の傷は酷かったわ
レイプ容疑で3人の女性が起訴された ブレット・カバナウフを 弁護し続けた 大統領は 民主党が 容疑を自分の利益に利用していると非難しました
手段を問わず 権力を奪おうと決心した
権力と支配を得るためには どこにいるか気にしない 野蛮な人たちや悪人たちを見ます"
エリートリーグ:ダンディー・スターズ 5-3 ベルファスト・ジャイアント
パトリック・ドワイアが ダンディーのジャイアントに2ゴールを
ダンディ・スターズは5勝3で勝利した. ダンディのサタデーでは, ダンディ・スターズは5勝3で勝利した.
試合の初期,ジャイアンズは パトリック・ドワイヤーとフランシス・ボーヴィリエの 打撃で2ポイントの差を引く.
マイク・サリバンとジョーダン・コウニーは 勝敗を勝ち取り ドワイヤーが 勝敗を勝ち取りました
フランソワ・ブッハールがダンデーを補完し ルカス・ランド・ニールソンの2つのゴールは勝利を収めた
アダム・キーフのチームにとって,エリートリーグの3回目の敗戦となった. 試合は,金曜日の夜,ベルファストでダンデーを2 - 1で倒した.
シーズン4回目で 試合はギアントスに勝った
デイワーは第4分33秒に最初のゴールを記録し,ケンドール・マクファールが副攻した. デイヴィル・ボーヴィリアは4分後に先を二倍に増えた.
試合は最初の数分に過ぎ,サリヴァンは1時10分にホームズと対戦に戻り,コウニーはマット・マーカードットから15分後に補足した.
ドワイヤーは 半試合前に 試合の第2ゴールを 打った
チームが回復し,ブチャードは2分の27で1人制で 再びゴールに追いつきました.
コーコーランとコウニーは協力し,ニールセンが第2四分の一の遅くにダンデーを試合で初めて渡すのを助け,最後の四分の一が終わったとき,第5ゴールで勝利を保証しました.
試合はミルトン・キーネスで 金曜は
航空管制官が命を懸けて 飛行機の乗客を救出しました
インドネシアの航空局長は 命を落とし 何百人もの乗客を乗せた飛行機が 完全に空を飛ぶようにしたことで 英雄として称えられています
800人以上が死亡し,多くの方が行方不明となっている. 広大な島であるスラウェシ島を襲った地震が,金曜日に発生し,
激しい地震が続いています パルー市では 多くの人々が 瓦に埋もれています
21歳のアンソニウス・グナワン・アグンは 逃げることを拒否しました 仲間たちが 滑走を止めようとしたにもかかわらず パラルのムティアラ・シス・アル・ユフリ空港の 操縦塔が揺れ動いていたのです
飛行機の6321号機が 飛行軌道上にあったとき 飛行機は安全に飛行できたか確認するために 飛行を停止していたのです
墜落したと思った時に 操縦塔から飛び降りた
病院で亡くなった
航空局の広報担当者 ヨハンネス・シライトは 彼の決定が何百人もの命を救ったと 報告したとオーストラリアのABCニュースは報じた.
病院を離れた都市で 病院を離れた都市で 病院を離れた都市で
悲しいことに 彼は今日朝 飛行機がパルに届く前に亡くなりました
"このニュースは悲しい知らせです"
当局は死者数が"千人以上になると懸念しているが 港湾局は 空港のアクセス制限を 都市に限定している
"死者数は増え続けるだろう" "多くの遺体は遺跡の下にあるため 追及できない"
巨大な被害を招いた わずか6メートルの山が パラで 周日 葬儀が行われる
軍と航空輸送機が 援助物資と物資を運びます
35歳の母親であるリサ・クスマは Sky Newsにインタビューしてこう言いました "毎分,救急車が来ます"
清潔な水は少ない
略奪が起きたところが 町中にある
リンカーン・ジャーン・ゲルファンドはCNNのインタビューで "インドネシア赤十字は遺体を探すのに 競い合っているが,何が見つけるかは分からない"と語っている.
悲劇は既に始まっているが,もっと悪化するかもしれない.
インドネシアの大統領ジョコ・ウィドドーが 星期日,パルに来て, 軍隊に言いました "私は皆さんに, 昼と夜と働いて, 軍事輸送に関する全てのプロジェクトを完了するようお願いします.
"準備はできていますか?"とCNNの取材で語った.
今年初めにインドネシアのロンボック島で 地震が起き 550人以上が死亡しました
事故:ミクロネシアの航空会社Air Niuginiは,飛行機がミクロネシアの首都に墜落した後に,
事故の現場に 乗っていた飛行機がミクロネシアで 墜落し 乗客47名全員が救助されたと発表しました
ニューギニ航空は声明で "土曜日の午後から 乗客の男性"人が 失踪した事は知られていません"と
航空会社は 事故の追跡調査に 地方政府 病院 医療機関と 協力すると発表しました
航空会社は乗客の年齢や国籍などの詳細について すぐ答えませんでした
乗っていた飛行機が チュウク島にある空港に着陸しようとすると 事故を起こしたため 地域のボートが 乗客と乗組員を救助しました
病院に運ばれた7人の死亡
航空会社は 6人の乗客が まだ病院にいて 状態は安定していると言いました
事故の原因や 事故の正確な順序は まだ不明です
航空会社とアメリカ海軍は 飛行機がレーンのすぐ近くで 滑落したと報告した
目の前で目撃者達は 飛行機が走行距離を 超えていたと考えた
アメリカ人の乗客のビル・ジェイネスは 飛行機の飛行が非常に低速であったと報告しました
"本当に良かった"とジェイーンズは言った.
ジェインズ氏は,彼や他の乗客が 深い海に潜り,墜落した飛行機から救助隊に 乗っ取られたと話す.
飛行隊員が怯え 悲鳴をあげたと伝えられ 頭に小さな音の傷を負ったと 報告した
合衆国海軍の報道によると を直すばかりの作業中の水手たちは 飛行機が30メートルほど深い海に沈む前に 浮遊艇を使って 乗客を陸に運んだという.
航空安全局のデータによると 過去20年間で ペンギン・ジャパンに登録された飛行機が 墜落して111人が死亡しましたが そのどれもが ナイジェリア航空と 関連していないのです
専門家が描いたのは, 女性が火にかけられた夜の時間です.
控訴人は,この訴訟を,土曜日に終止しました. 2014年にミシシッピ州の女性を 燃やした容疑で,
ポール・ローレットは 司法省の専門家で 裁判の場には 数時間かけて 情報を分析する専門家として 話をしました
彼は 検察官に 携帯電話の記録を使って 起訴された29歳の クィントン・テリスと 被害者の19歳のジェシカ・チェンバースの 旅程を 調べたことを説明しました
ローレットは,彼女の死前の夜に,チェンバースとテリスが一緒だったという, 複数の携帯電話の 位置情報を入手したと主張した.
記録によると 携帯は 友人だったマイケル・サンフォードと 連絡を取った時 警察はサンフォードと 連絡を取った
サンフォードは土曜日に証言したわ. 町にいないって言ってたわ.
検察官がテリスに 事件の当日の夜 サンフォードの車の中にいたと 言った時 本当か尋ねると サンフォードは"違う うちの車はナッシュビルに 行ったから"と答えた
もう"つの矛盾は テリスが チェンバーズと知り合っていた 2週間前だったという事です
電話記録によると 彼と知り合ったのはたった"週間
ローレットは,チェンバーズの死後,ある時点で,テリスは彼女の携帯から,彼女のテキストメッセージ,電話,連絡先を消し去ったと証言しています.
"彼は彼女から 離れていった" ハールは言った
保護者は日曜日に最終講演をします
裁判官は,その日後に 裁判が始まるだろうと予想しました
ハイ・ブリード:意識的なヒップホップとは?
ヒップホップの3人組は 楽曲のポジティブなメッセージで 楽曲のネガティブなイメージと 闘うことを目指しています
ブリストルのThe High Breedは ヒップホップは政治的メッセージや社会問題から 遠ざかっていると論じています
意識的なヒップホップを 再度人気にする
ザ・フージーやコモンなどのアーティストは アカラやローキーなどのアーティストによって イギリスの流行を目にしてきました
"黒人"ってのは
ニューヨークのフォストル 夫妻が"不当な"テキスト・メッセージで 離婚したことで起訴
ニューヨークのフォストは 女性が"黒人"だと 文句を言った母親から メールが届いたことで 違法な離婚を訴えた
裁判官は偏見を否定し 法律を"盗難"と 比較した
リンゼー・プラスコ・フラクスマンは 腹を立てました 2016年に初めて職場に来たとき 新人妊婦のジゼル・モーリスが 黒人であることを知ったとき
プラスコ・フラックスマン夫人は 夫にメールで
しかし,夫のメールを 送る代わりに,彼女は2度,モーリスさんへ 送ったのです.
失礼の姿に気づいたプラスコ・フラックスマン夫人は 恥ずかしながら 後に後にモリス夫人に 妊娠をさせると言った
モーリス先生は 一日分の給料をもらって 家に送られた
モーリスは夫妻を訴えて 退職金請求を申し立てました 契約書がないにもかかわらず 元の雇用の6ヶ月間には 日に350ドルという 損害賠償金を請求する
"こんなことはやってはいけない"と 伝えたいと思いましたと 彼女は金曜日にポストにインタビューして言いました "これは差別だと分かってる"
両親は 偏見の訴えを否定し 虐待の後に 信頼できないと感じたから モーリスを 追い出すのは 正しいことだと主張しています
妻が言いたくないと 伝えてくれた
偏見は持っていない
"私たちは偏見的な人間ではない"と夫のジョエル・プラスコはポスト紙に語った.
驚くような行動をとった後でも 子供を誰かに委ねるのは誰でしょう?
新生児の赤ちゃん?
やってはいけない
プラスコは,この訴訟を"資金調達"と比べ, 妻は"7ヶ月間,大変な状況にある"と説明しました.
攻撃する気は?
投資業界で働くPlasco氏は"これはとてもうまくいかない"と語りました
裁判はまだ未開ですが ソーシャルメディアで 非難され 非難されたり 非難されたりしています
パディントン紙の編集者は 読者が 熊に好意を寄せないよう 懸念していたと最近 紙に記されています
出版のすぐ後に生まれたボンドの娘,カレン・ヤンケルはこの手紙についてこう言いました "出版前に初めて本を読んだ人の立場に立つのは難しい.
面白いことに パディントン氏の成功は 明らかになった
彼女は,小さな熊の子供たちの本を書くためにインスピレーションを得る前にBBCで撮影者として働いていた父親が,彼の作品の撮影を穏やかな肯定性で受け止めたと語りました.この本の60周年記念日は,去年の彼の死去の記念日だと付け加えました.
パディントンについて 彼女は"重要な家族の一員"と 言うが 彼女の父親は 彼の成功に 胸を張った
"彼はとても静かな人で,いつも騒ぎをしない人でした"と彼女は言いました.
パディントンって本物だから 子どもの出来事を誇りに思って 自分で何もしてないのに
パディントン氏の成功を 甘く受け止めたと思う
パディントン自身が創造的で 想像力を持っていたとしても 功績は常に彼のものであった
娘が死にそうになり 電話で挨拶をさせられた
到着すると 娘はニースの病院に運ばれ 医者は命を救うために 力を尽くしたが 失敗した.
"彼女はいつも電話をして,とてもひどい状態で,生き延びるとは思っていなかったと教えてくれました"と エドナン・ラペルーズ夫人は言いました.
それからナッドが電話して すぐ2分以内に死ぬと 告げた
そして私はそれをしました
"愛してるよ  "
すぐ戻ってくる
連れて行ってやる
医者が心臓血管を動かすために処方した薬は 徐々に効き目なくなり 体から排出されていきました
彼女は死後 遺体が 捨てられていました
待ちました 待ちました
泣きませんでした 家族や周りの人たちから 囲まれてたからです
制御しなければならなかった
エドナン・ラペルーズ夫人は 亡くなった娘を悼みながら 飛行機に乗り込みました
"誰も何も知らなかった"と彼女は言った
涙がこぼれ落ちる
難しかったけど 飛行機に乗っている時 ナッドに思いやりが深かった
彼は私の愛と理解を必要としていた
恋が深かったのは わかっていたんだ
自殺を防ぐために 嘆き悲しむ女性たちが 橋の上でメッセージを掲げている
恋人が自殺した2人の女性たちが 今 命を奪うのを止めようとしています
シェロン・デイビスとケリー・ハンフリーズは ウェールズにある橋に メッセージの掲示板を設置し 励ましのメッセージや 連絡先を配りました
デイビスの息子の タイラーは13歳の時に 鬱病で18歳で自殺した
"私は,私が毎日経験しているような 感情を,どんな親にも与えたくない"と彼女は言った.
デイビスさんは45歳で リードニーに住んでいます 息子は 料理の成功に 魅了された笑顔で
笑顔で知られていました
笑顔で部屋を明るくするなんて
彼は死ぬ前に 仕事をやめたのです 暗闇の場所へ 落ちこまれたからです
2014年 ティラーズという 11歳の男の子は 兄が自殺したところ 発見されました
デイビス夫人はこう言いました "私は常に 追随されるのではないかと心配しています"
デイビス先生は メッセージを作って 人々に伝えたいことは 友達と話すこともできるということです
黙って座ってはいけない 誰かに話さなきゃ
長い間 デイビスの友人だった ハンフリーズ夫人は 母親の亡くなり直後に 15歳の時まで妻を亡くした
"彼は病気や鬱病など何も言わなかった"
クリスマスの数日前 彼の性格が変わったの
子どものプレゼントを開けると 彼に目を向けるような顔もしなかった
祖父の死はショックだったけど 乗り越えられるべきだった
分かれるわ
戦い続けるしかない
困った場合,英国・アイルランドで無料の電話番号"116 123"に電話し, jo@samaritans.orgにメールを送り,
ブルート・カバナフの将来は 青い線に懸かっている FBIは捜査中だ
"彼が求めたのと似たようなことを 実現させることができたら― 期間や規模が制限された研究― 合意の余地があるかもしれない"と フレイク氏は土曜日に述べました
なぜカバナウ氏と共和党支持者は FBIの捜査を 拒否したのでしょうか?
時間が原因で 傷がつきやすい
連邦議会の中間選挙は 5週間後の11月6日に 予定通り 共和党が失敗すれば 共和党の最高裁判所の 候補者候補が 失われるでしょう
ジョージ・W・ブッシュは 議員に電話をかけ 支持するよう促しています 川口氏はブッシュ大統領に 勤めたり 彼の妻アシュリーに会ったり インタビューしたりしましたが 彼女はブッシュの 友人でした
FBIが調査報告書を公表した後は?
投票は上院で行われる予定で 共和党は51人 民主党は49人
議員の議長席の50票以上を 獲得できるかどうかは まだ明らかではありませんが 副大統領マイク・ペンスは 格闘を終わらせ 裁判長を 任命する事が可能になります
北朝鮮から逃亡する人数 減少
韓国議員によると 7年前に金正恩が政権を握った時から 北朝鮮から韓国へ 逃亡する人の数は減少している
韓国連合会議のデータを引用し, 朴は,昨年1,127人が脱走したと述べました. 2011年には2,706人でした.
朴氏は北朝鮮と中国との国境の 厳格化と人身売買業者の 罰金高騰が 重要な要因だと述べた
朝鮮政府は公式声明を 発表していない
北朝鮮から逃げる者の大多数は 韓国市民として 受け入れられるという
ソウルは1953年に朝鮮戦争が終わった以来,北朝鮮から国境を越えて 違法に移住した者は3万人を超えると報告しています.
難民のほとんどは中国に逃げていますが 中国と北朝鮮の国境は 国境の長さで 国境を越えるのは 朝鮮半島と北朝鮮の国境を越えるより 簡単です
中国政府は 難民より不法移民を 難民とみなし 祖国へ帰還を 強制しています
紛争状態にある北朝鮮と韓国との間の コミュニケーションは ここ数ヶ月で 劇的に改善されました
核軍縮に関する交渉の延期について,本月初めに両国の首脳が平壌で会合した.
これは6月に起きた 歴史的な会合の後に起こりました ドナルド・トランプ米大統領と シンガポールの金正恩氏との間で 核の無い北朝鮮の実現に向けて 協力することを合意したものです
しかし,土曜日に,北朝鮮のリ・ヨンホ外相は,米国商人会議に, 貿易の進展について説明しました.
国家の安全保障はアメリカに信頼を 置かない状況で 絶対に不可能だ 核兵器を第一に放棄する事は不可能だ
ナンシー・ペロシは ブラット・カバナウを "精神疾患"と呼び 最高裁の職務に就く資格がないと 非難しました
議会の少数派党首であるナンシー・ペロシは 陪審員に指名された ブラット・カバノフを "母親の病気"と呼び 超えが悪いと非難しました
テキサス州オースティンで Texas Tribuneのフェスティバルで インタビューされました
"女性ならこんなことをしたなら 妊婦と呼ばれてしまう"と ペロシは言いました ジュニア上院の審議で カーバノウが証言した時の反応について
カバナウフは 感情的に 否定していたのです 彼とクリスティン・ブラジー・フォード博士が 少年時代に性的虐待を受けたと
開幕演説で カバノウは 感情的になり 時に大声で口をめ 家族や学校のことを語っていた
委員会は 民主党員を非難し 非難した 容疑は 組織的な殺人で 2016年の大統領選挙で ヒラリー・クリントンが 負けたことに怒った 自由派の人たちによって 計画された殺人だと
裁判官は,カバナウの証言は,彼が 民主党に偏っていることを 証明しているとして,最高裁で働くことができないと 判断したそうです.
"彼の発言と クリントン大統領や民主党の 攻撃は 明らかに彼の仕事には 適していないことを示している"
議員候補が承認されれば 民主党が議会の過半数を 獲得すれば 川野を退任させるか 尋ねられた時 議員は答えませんでした
"議会やFBIに真実を伝えなければ 裁判所にふさわしくはない"と プレシデントのペロシは言いました
カバナウはワシントンD.C.の 控訴裁判所の 裁判官として働いています
民主党員として, カーナフが 医療法に異議を唱えるか, 胎児禁止法案に異議を唱えるか, カーナフは偏見的な裁判官だと 考えるため, 心配している,とペロシは付け加えた.
裁判でカバナウは 裁判所の決定を 覆すかどうかという 疑問を回避した
裁判官に"素晴らしい"と 言われることを期待する 偏見のある 偏見ある人が 裁判所に来るべき時ではない
女性はそれを利用しなくてはなりません
涙を流さずに 出てこない 涙は 涙の源です
"怒っている時は泣く"と ステインマンさんは 45年後私に言いました
                                   
彼女はこう続けました "ある会社の経営責任者だった女性が 協力してくれたんです 彼女は怒っているときも 泣くという技術も 開発していたんです 怒って泣くときも インタビューの相手は こう言いました "泣いているからといって 怒っているんじゃないか?"
怒ってる
それから彼女は泣くだけ続けました
素晴らしいことだと感じました
涙が怒りを表すのに適しているのは 涙が根本的に 誤解されているからでもあります
私の最も鮮明な記憶は 前回 職場の男性ばかりのオフィスで 泣き泣け始めた時のことです 表現できないほど熱心に 泣き泣け始めた時 老婦人がやってきて 私の肩を握りしめたのです 寒い上司で いつも少しでも怖がっていたのですが 階段を押し上げ 私を引き寄せました
"泣いて見せてくれない"と
彼らはあなたが火災だと知らない
洗礼を受けたと 思っているでしょうが 喜んで 入れてもらったのです
民主党のパトリシア・シュローダーは ゲイリー・ハート氏の大統領選の際に 彼の同僚で働いていたのですが 当時彼女はコロラド州上院議員でした
1987年,ハート氏は"モンキー・ビジネス"という名前の船で 浮気した際に逮捕され, 浮気から逃れられた. シュロエーダー氏は,
"これはよく考えてもいない決断だ"と 30年後に笑って私に言った
候補者は既に7人いて もう"人を残すのが最後でした
"白鳥と七人の小人"と 呼ばれた
選挙運動はかなり遅かったので 資金集めの問題を抱えていたので 200万ドルの資金集めが出来なければ 選挙の予備を申し出ないことにしました
敗戦だった
女性は男性に1000ドルを与えた 支持者のうち 女性は250ドルしか 返さなかったことに気付きました
"割引って?" 彼女は不思議に思いました
演説をすると 公式には出場しないという 発表をすると 感激に溢れ 支持した人々に感謝し 資金集めを困難にさせた 選挙人への目を向ける 制度に憤り 選挙人への目を向ける 制度に憤り 涙が浮かびました
シュロエダーさんはメディアの反応を思い出して こう言いました "私は神経症のようです"
クリーネックスは 助長者だと言われている
"墓碑に何を刻むのか?"
泣いているの?
なぜ中米貿易戦争は 北京にとって良いことなのか
専門家によると 貿易戦争が始まってから 紛争は続いていて 長期的には 北京にとって有利な可能性があると
今年初めに ドナルド・トランプ米大統領は 初の対外政策を講じたのです 中国の主要輸出品である 太陽光発電や鉄鋼や石炭などに 課税したのです
この週の最大の問題は 新関税で 商品の総額が200億ドルに達し 中国から米国への輸入の半分に 税が課せられるという事です
北京は毎回同じ対応をしており 最近は60億ドル相当のアメリカ製品に 5~10%の関税を課しました
中国が米国関税に 対応すると言ってきたので 世界第2の経済大国が すぐには手を引かないと 思うでしょう
ワシントンを動かすには 要求を放棄する必要があるが 中国大統領 習近平を 侮辱しすぎたから アメリカに 首を向けるのは当然だ
しかし 専門家によると もし北京が 勝負を握るならば 米国との貿易戦争がもたらす 圧力は 長期的には中国にとって 互いの経済基盤の必要性を 減らし 利益をもたらす可能性があると
"ワシントンや北京の政治的決断が 景気悪化を招くような事態を招く可能性があるのは 観客がこれまで認識していたよりずっと危険だ"と ニュー・アメリカン・セキュリティーセンターのアジアを中心とした研究者である アビゲイル・グレイスは述べました
シリアは難民の帰還を急ぎ シリア外務大臣
シリアは難民の帰還を歓迎し 国を再建する援助を求めている 7年間の戦争で 壊滅したシリアは
ワリド・アル・ムアレム外務大臣は 国連総会で演説し 状況は改善していると述べた
"テロとの戦いの成果が,地球上の状況をより安定し,より安全なものにしました"と彼は言った.
政府が,テロで破壊された地域を 建設することで, 状況を正常化し続けています.
難民が テロや経済政策のせいで 強制的に去り出した国に戻る準備が整っています 難民の日常生活や仕事にも 影響を及ぼしそうとする 単一経済政策によって
2011年にシリアが紛争が始まった時から およそ550万人が 難民としてシリアを 出て行ったと推定されています
難民の600万人が 緊急支援を必要としています
アル・ムワレムはシリア政府が 復興支援を喜んで受けとめると言いました
しかし,彼は,彼らが条件付きの援助や, 暴動を鎮圧する国からの援助を受け入れないことを強調しました.
ヨーロッパのライダーカップの優勝は パリ
ヨーロッパのチームが2018年のライダーカップ優勝を果たした. 優勝チームはフランス・パリのル・ゴルフ・ナショナル競技場で, 16.5対10.5でアメリカを倒した.
アメリカはヨーロッパで6連敗を重ね 1993年以来 ライダーカップで優勝していない
デンマークのコーチトーマス・ベヨルンが率いるチームが 14.5 ポイントでアメリカを制したことで ヨーロッパは再び王冠を勝ち取ったのです
レース全体で最も苦労したアメリカン・スターのフィル・ミッケルソンは 16番の3番の穴で 首を水面から打って 試合を落としてしまった
イタリアのゴルファーモリナリは,すべての試合でをつけ,大会が現在の形式で 1979年に開催されて以来, 5 - 0 - 0 の結果を得た 4 選手のうち 1 選手となった.
アメリカ人ジョーダン・スピイスは 5&4でデンマークのトーブヨーン・オレッセンに敗れたが,ヨーロッパチームでは最下位だった.
ランキングトップのダスティン・ジョンソンは 2対1でイングランド出身の イアン・ポウルトに敗れた
8回ライダーカップに出場したスペインのセルジオ・ガルシアは,ヨーロッパで25.5の得点で優勝した.
普段は泣かないけど 今日は泣かない
厳しい1年だった
トーマスに感謝するよ 私を信じてくれた
グラスを取り戻してくれて 嬉しいわ
チームのことで,助けられたのは嬉しいよ"と, 感情的なガシアは言った.
彼は,アメリカのゴルフ大のタイガー・ウッズに 2&1で勝った.
"タイガー・ウッズに勝ったことを誇りに思っていた"
ウッズはフランスでの4試合の敗戦を全て負けており,ライダーカップの13-21-3の記録を保持している.
史上最高の選手の"人にとって 奇妙な結果だ 14つの大賞を手にし ジャック・ニクラウスに次ぐ 2位だ
週末は全米チームが 難しかった パトリック・リード,ジャスティン・トーマス,トニー・フィナウは 試合を通して 素晴らしいプレーをしていました
アメリカ代表のジム・フレイクが チームの成績に失望した後 "誇りに思うよ 戦うんだ"
午前中にヨーロッパに 圧力をかけました
落とした
トーマスには責任がある
彼は素晴らしい講師だ
12人全員が 素晴らしいプレーをしている
再び一緒にいられるよ. PGAとライダー・カール・委員会と 協力し合って, 続けよう.
12人の男を愛し,彼らの指揮官であることを誇りに思う.
引き取らなきゃいけない
勝ったよ
松葉の最新情報 ピンナ,マナティ,サラソタで 減少
タンパ湾の部分で 花の密度が 減少していることが 報告されています
FWCによると 松の花がピネラス,マナテー,サラソタ,シャーロット・コリエの 郡で 密集していることが報告されています 密集度が低下していることを示します
の花は プネラスの北から リー諸島の南まで 約200キロの海岸線を 覆っています
独特な花がヒルズボロ郡から 10マイル離れた場所に 発見されましたが 先週より少ない場所です
パスコ郡で の花が 報告されています
ピネラス郡の周辺で 適度な密度が過去週に報告されました ヒルズボロ郡の海岸で 低密度から高密度 マナティ郡で 極度の低密度から高密度 サラソタ郡の海岸で 極度の低密度から中密度 シャーロット郡で 極度の低密度から高密度 リー郡の海岸で 極度の低密度 そしてコリア郡で 極度の低密度
呼吸器管の炎症が報告されています ピネラス・マンテー・サラソタ・リー・コリアー
フロリダ北西部の 呼吸器官の異常は 一週間以上報告されていません
