ウェールズの議員たちは ヌルマーの顔になるのが心配だ
議会メンバー (AM) の何人かは,将来はウェルズの議会 (Member of the Welsh Parliament, MWP) と呼ばれるかもしれないという提案に驚きました.
議会はウェールズ議会に改名する計画があったのです
議会は 政治的スペクトルから 議員を集めていますが 議員たちは 非難の対象になるのではないかと 懸念しています
労働党の議員はTwpとPwpの混同を懸念していると述べた.
ウェールス語は"twp"で"バカ"で"pwp"は"ズレ"です
議会の議員であるウェールズ党 (ウェールズ・キャム) は, グループ全体は"満足していない"と表明し, 代替案を提案した.
ウェールズ保守党は グループが名称変更に "開かれた"と発言したが "MWP"は"マペット"に 変貌を遂げてしまうかもしれないと発言した.
この文脈では,ウェールズ語の文字"w"は,ヨークシャー語の"u"の音声と似ています.
名称変更の法律を準備している議会委員会では次のように述べています "議会の議員の称号の決定は,もちろん彼ら自身で決定されるだろう"
ウェールズ政府の2017年法により ウェールズ議会は名称を変更する権限を与えられました
議会をウェルズ議会に改称する提案が公聴会の結果を6月に発表され,広く支持された.
選挙人名について 委員会は"ウェールズ議員"か"MWP"という名前の選択を好みましたが 公開協議ではMWPの選択肢が 最も支持を得ました
議会は代替案を提案していますが 合意を得るための戦いは 議長であるエリン・ジョーンズに 首を痛めさせるかもしれません 彼女は数週間以内に 修正案を提出する予定です
議会の機能に変更を加える 議員の失格に関する規則や 委員会制度の導入なども 改革の立法には含まれます
議会は,彼らが望むものについて決定的な声を出すでしょう.
マケドニアの住民が 国の改名について 国民投票に出席
投票者は,国の名前を"北マケドニア共和国"に変更するかどうかを, 日曜日に投票します.
投票の目的は, ギリシャとの長年の紛争を解決することでした. ギリシャの隣国,マケドニアと呼ばれる地域が,
アテネは長年にわたり 北の隣国の名称は ギリシャの領土を 占有していると主張し 繰り返し ギリシャのEUやNATOへの 加盟手続きの開始に反対してきた
ギリシャの名前の変更に関する投票に反対するマケドニアの大統領, ジョージ・イヴァノフは, 住民投票の決定を認めないと発言した.
しかし,首相ゾロナ・ザエフを含む, 支持者は, 名称変更は,EUとNATOへの加盟に 必要な代償だと主張しています.
セント・マーティン・ベルが 鳴らされ ハーレム教会が 生き残る
"昔は 町の隅に 酒屋や教会があった"と アダムズ氏は言う.
"今日,どちらともない"
居場所の不明さは 明らかだと
"現代人は 社交的関係が変わった"と 彼は言う.
バーはもはや 住まいの居場所ではなく 常時の人間の居場所です
教会の場合は 資産の売却から得たお金が 教会の指導者が思っているほど長く続かないと 心配で 遅かれ早かれ 再び元に戻るだろう
住居を改造して 地域の他の教会を 支援しない人々を 住めるようにすることもできます
"これらの建物でアパートを購入する人の大多数は白人だ"と彼は言う"それでは, 建物に引っ越す住民が 教会の会員になる可能性が低いので, 完全に閉鎖される日が来るのが早い"
1870年にハーレムが黒人都市となり セント・マーティンが10年後 建てられた.
元の白人メソディストの 集会は1930年代に 立ち去りました
近くで礼拝を行っていた 黒人教会が 建物所有権を 引き継ぎました
セント・マーティン教会は 黒人教会が支配していました 牧師のジョン・ハワード・ジョンソンが 指導していた黒人教会は 店をボイコットしました 店は125番通りで ハーレムの主要通路で
1939年の大火で 建物に大きな被害が 与えられましたが ジョンソン牧師の 修道士団が 建物の再建を計画していたため 鐘をオーダーしました
セントマーティンの相続人 デヴィッド・ジョンソン牧師は カーリヨンを "貧しい人々の鐘"と称しました
7月のカリヨン演奏者は 文化財と 代り代りのない歴史の楽器という 異なる称号を使いました
ミシガン大学のティファニー・ ン (Tiffany Ng) は この楽器は 初のカーリヨンだと指摘しています 黒人音楽家ディオニシオ・A・リン (Donizio A. Lind) が 演奏したものです 彼はリヴァースサイド教会で 18年間 カーリヨンを演奏してきました
メリーウェザーさんは セント・マーティンが 代わりの男ではないと
ここ数ヶ月で セントマーティンで起きているのは 建築家や施工者による 複雑な物語です 教会の指導者や エピスコパル教会の 指導者が集まったものです
司教室は司教室の建築家や建築業者を雇うのに関わらなかったが,司教室は司教室に費用を振り分けるように努めるだろうという懸念を巡って,司教室が司教室に7月に手紙を書いた.
牧師の側には 透明性が欠けていると 苦情を寄せている人もいます
カリフォルニアのジャストウイカの潜水中に クラゲが13歳の少年を傷つけた
公式発表によると シャークが13歳の少年を襲って傷つけたそうです カリフォルニアのオオザカを 追っていたのです
襲撃は午前7時前に エンシニタスの ビーコンビーチの近くで 起こった
チャッド・ハメルが サンディエゴの KSWB-TV に語ったところによると 彼は先日 友達と水中で 約"時間半を過ごしていたと
ハーメルが言うには 捕獲したオオカミの興奮のせいだと 思っていたが 泣き叫んでいるのが分かった
噛まれた!
ハメルは,その少年に近づくと 鍵骨が完全に割れたと気づいたと語っています.
"水の中にサメがいる"とハメルは言いました
少年はヘリコプターで サンディエゴの ラディの病院に運ばれ 危急状態です
攻撃を仕掛けた シャークの種類は 明らかではない
救出隊の船長 ラリー・ギルズは記者会見で言いました "この海豚は数週間前に この地域で見られたが
被害者は 身体上部に ひどい外傷を負ったと ジャーイルズは付け加えた
捜査のため,水泳者の安全のために 48時間間, 沿岸部を閉鎖しました.
魚は135種類以上もいますが ほとんどが危険ではないと ゲルズは言います
サインスベリーの計画が イギリスの美容市場への参入
百貨店のスタイルで 化粧品のデスクを設置し 専門店を雇ったことで 百貨店はブーツやスーパードラッグやデブンハムなどのチェーン店と 競争するようになった.
ブランドの成長に伴い 衣服や家電の販売が減少していることで 国内で11店舗で 試行され 効果が認められたら 更に拡大される予定です
化粧品への投資は スーパーマーケットが かつてはテレビやマイクロオーブンや 家庭用品に 割り当てられていた 棚の空きを活用する 手段の"つです
サインスベリーズ社は 化粧品の規模を倍増し 3,000品目にする予定で "リヴロン,エッシー,ツィェーザーマン,ドクター・パウパウ"なども 対象にしています
既存のL'Oreal,Maybelline,Burt's Beesのブランドは ブランド特有のエリアを 増やすことになり Bootsのような店舗に 似合うでしょう
スーパーマーケットは 装飾用美容用品のブティックを 再開するので 製品の大半は ヴィーガン向けに作られていて
フレグランスショップは サインスベリーズ2店舗の ライセンス契約を試用する 初めての店舗は先週 ロンドンのクロイドンにオープンし
オンラインショッピングと 地元の食料品店で 日常的に買える小さな食料品の 買い戻しは スーパーマーケットが人材を集めることに 力を入れなければならないことを意味しています
サインスベリーのCEOのマイク・クープは, アウトレットが日益にグッズマーケットのように見えると言っています. サインズベリーのスーパーマーケットは,アルディやリドルのような格安店を, サービスや非食品の売り上げを上回るものとして, 競争しようとしています.
百もの店舗に Argosの販売店を導入し ハビタス部門も増やしました 2年前に両チェーン店を買収し 食料品の販売を大きく促進し 買収を収益性向上させました
超市は前回 化粧品や医薬品の 更新を試みましたが 失敗しました
2000年初には サインスベリーズとボッツが 共同事業を始めましたが 薬局の収益を分担する議論で 終わりにしました
この新しい戦略は 3年前にサインズベリーが 薬局事業を £125万で 落札したことで 販売したものです
彼は,Lloydsが,ラ・ロッシェ・ポッシェやヴィッシーを含む, 豪華な皮膚ケア製品を4つの店舗に 配備することで,この計画に 役割を果たすだろうと主張しています.
サインスベリーの商務責任者ポール・ミルズ・ヒックス氏はこう述べています "私たちは美容部門の見方と外観を改め,顧客に快適な環境を提供しました.
顧客にアドバイスを してくれる 専門職に投資しました
ブランドの範囲は ニーズに合わせて設計されていますが 魅力的な環境と リーズナブルな場所により 化粧品の購入に 魅力的な場所になり 古い消費習慣が 変わります
ホリー・ウィロビーが1100万ポンドの契約を 放棄したことで
ドラゴンズ・デンのスターピーター・ジョーンズは 怒りのおで 怒りをかきたてる 番組の司会者ホリー・ウィラウビーは ブランドの1100万ポンドの契約を放棄し
ウィロビーは彼らの家用品・ 衣料品ブランド"トルーリー"に 時間を割くことはできません
ブランドはグープと 比較された
"この朝"の司会者は 自身のインスタグラムで 辞任を発表した
ホリー・ウィロビーは ドラゴンズ・デンのスター ピーター・ジョーンズに 怒りを燃やすように 任せました 利益のある共同事業を 退却し 自身の新たな契約に 焦点を当てたため
筋によると ジョーンズは"狂った"とテレビの金色の少女が 発言したそうです 火曜日の緊張した会議で
この取引は グーニース・パルトロウの Goop ブランドと 比較され ウォログビーの資産を倍増させると 推定1100万ポンド
ヴィロビーの37歳のインスタグラムが トルーリーを去るという 声明を出した時 ジョーンズはイギリスから 休憩所の"つへ 飛んだ
ソースは"ホーリーの優先事項の一つだった"と
長期にわたる投資で 数十年をかけて 未来を保証するものです
退陣した決断は ビジネス関係者全員を 驚かせました
周二の夜に何が起きたのか 誰も信じられなかった
マーロウの本社には 売りに出せる商品が たくさんある
専門家によると,英国で最も投資が進んだスターの"This Morning"の司会者の去去りで, 会社は,枕やろうそくから服や洋服まで, 膨大な投資をかけて, 膨大な損失を招く恐れがあり, 販売開始をさらに延期する恐れがある.
そして 長い友達の 終焉にもなる
3人の子供の母親のウィロビーと 彼女の夫のダン・ボールドウィンは 10年間 ジョーンズと 彼の夫のタラ・カップと 密接に仲んでいた
ウィロフィは2016年にCappとTrulyを設立し,52歳のジョーンズは3月に社長として参加した.
ジュニアのカップルは休暇を共に過ごし ジョーンズはボールドウィンの テレビ制作会社の 株式を40%持っています
ウィロビーはM&Sの ブランドアンバサダーとなり ITVの"私は有名人"の 司会者のアン・マクパートリンに 取って代わるでしょう
社内関係者は"彼のビジネスについて 発言したくない"と
難しい交渉で 恋に落ちた
批判されるだろうという発言を 冗談に言いながら 批判は"大統領に不都合な発言"と 評されたとされ 北朝鮮の指導者に 積極的な態度を取ったとされています
なぜトランプ大統領は 譲歩を多々許したのでしょうか?
ニュース番組の司会者の声に 倣ったトランプが言った
譲歩したわけじゃない
更に,北朝鮮の核解除に向けた大きな一歩だとトランプが6月にシンガポールで行った最初の会合を 呼びかけた後, 金氏は2度目の会合に 興味を示しているとも述べた.
しかし,核軍縮交渉は 失敗に終わった.
シンガポールでの6月の会合から3ヶ月後, 北朝鮮の首席外交官であるリ・ヨンホは,土曜日に国連総会で,
代わりにアメリカが制裁を撤回しなかったことに気づきました
トランプは演説で より楽観的な態度を取った
"北朝鮮は素晴らしい"
北朝鮮との戦争が 迫った
何百万もの命が 失われる
素晴らしい関係になったわ
彼は,金正恩との関係を改善する努力が 成果をあげたと語りました. 試射を中止し, 人質解放を手伝い,
彼はまた 異例なやり方で 自身のキムとの関係について 説明していることも 擁護しています
大統領のように振る舞うのは簡単ですが 観客が集まるこの舞台の前には 1万人が待っていて 200人が待ってるとしたら 観客は200人ほどになるのです"とトランプは言った
インドネシアの津波と地震は 島を荒廃させ 何百人もの命を奪いました
外国NGOは,必要ないと言われました.
ランボラの人口の10%以上が 避難したにもかかわらず 災害は宣言されていません 国際援助の資金の利用の前提条件です
"残念ながら多くの場合 彼らは国際援助を求めていないと明確に明言しているので,これは少し問題だ"とSumbung氏は述べました.
チームを組んで パラへ出張中ですが 海外のスタッフが 現場に出かけるのは まだまだ確実ではありません
国民災害局の広報担当者 シュトポ氏は インドネシア当局が パルーの状況を 評価しているところだと述べています 国際機関が支援活動に参加してもらうか否か 検討中です
インドネシアの地震は 激しい地震を 耐えるには 適当な準備ができていない
アチェでは津波の避難所が設けられていますが 他の海岸線では 慣れていません
パルー島で 津波警報が鳴らなかったのは 警告が有効だったにもかかわらず 犠牲者の数も増加したのかもしれません
旅の良い時にも 島々を移動するのは簡単ではありません
自然災害は 配送をさらに難しくします
病院船はパロに向かっていますが, 事故の現場までには少なくとも3日かかります.
インドネシアの崩壊したインフラを 改善することは 首相の選挙キャンペーンで 重要なテーマでした 道路や鉄道に 多くのお金が費やされました
しかし横政権は資金不足と闘い 翌年新たな選挙が 開催された.
イスラム教は保守的な宗教を信奉している インドネシアの先端の 宗派的緊張が Joko にも影響を与えている
千人以上が殺害され 数十万人が家から追放され イスラム教徒とキリスト教徒のギャングが ナイフや弓や矢などと で街中で戦った
チェルシーでゴールした チェルシーでゴールした
ダニエル・スタリッジが イングランド・プレミアリーグで チェルシーに敗れを救った サタデーに スタンフォード・ブリッジで 89分にゴールで勝利
シュレッダンのサッシングをシュレッダンは シュレッダンのサッシングをシュレッダンは シュレッダンのサッシングをシュレッダンは シュレッダンのサッシングをシュレッダンは シュレッダンのサッシングをシュレッダンは シュレッダンのサッシングをシュレッダンは シュレッダンのサッシングをシュレッダンは シュレッダンのサッシングをシュレッダンは シュレッダンのサッティングをシュレッダンは シュレッダンをシュレッダンは シュレッダンのサッシングをシュレッダンは シュレッダンのサッシングをシュレッダンは シュレッダンのサッダンをシュレッダンは
逆のスタジアムに 投げ込む前に 足でボールを投げました
球はゴールから右上の角に飛んできました
球はケパ・アリザバラガに逃れ, 球は飛び込み, 球は網に入りました.
"このポジションにたどり着くのは 難しいことでした シャクのような選手は ゴールに近づくために 力を注ぎます だからできるだけ多くの時間を 与えようとしました"
ガンテが来たら,一回だけ触った. 気にしなくて,撃った.
チェルシーが半分の1で0でリードし ベルギーのスターエデン・ハザードが 25分にゴールした
ブルースのストライカーが 試合中にマット・コヴァチッチに ボールを返し フィールドの真ん中に転がって リヴァープール・ハーフに突入した
コヴァッチは,中盤で, 迅速なフィッシングを仕上げました.
そして,ハザードがゴールに 導いた素晴らしい 球を投げ出した.
ハザードは 防守を回避し 逆の球場で 左足で球を落とした
リバプールがクラブ戦を 開催しています ナポリとの試合です
チェルシーがビデオトンを迎える ユーロリーグの試合は 木曜日15時 ロンドンで行われます
インドネシアの津波で 死亡者数は832人に達
インドネシアの地震と津波で 死亡者数は832人に上ったと 災害対策庁は日曜日の朝 発表しました
広報担当者Sutopo Purwo Nugrohoは記者会見で 広報によると,多くの人々が 建物に閉じ込められていると報告されています.
38万以上の住民が住むパルー市は 瓦の遺跡で溢れています
警察は女性を刺して殺害した容疑で 32歳男性を逮捕しました
殺人事件の捜査が始まりました 今朝メルシーサイドのビルケンヘッドで 女性の遺体が発見されました
ナイフで傷を負った44歳の女性が グレイスン・メウスで 発見されました 32歳の男性が 殺人容疑で逮捕されました
警察は,この地域の住民に 何か目撃されたか,聞いたか,連絡するように呼びかけています.
刑事刑事局のブライアン・オホーガン氏は "捜査は未開幕ですが ビルケンヘッドのジョン通りで 何か不審なことがあったら 連絡をください"
車のカメラに何かあったら 教えて下さい 捜査に役立つ情報があるかもしれません
警官の広報担当者は 遺体が発見された女性は ビルケンヘッドの住人だと確認しました
午後は友人たちが ステージにやってきて 女性がどこにいたのか 尋ねました
捜査は進行中です 警察は 被害者の近親への連絡も 進んでいるそうです
グレイスン・メウスに住む タクシー運転手は 部屋に戻ろうとしたところ 警察官が "誰も入ったり出たりできない"と 言ったのです
彼は何が起きたのか聞いて 途方に暮れました
住民は家に戻るまで 数時間かかると 告知されました
警察官は誰かに "このエリアは犯罪現場だ"と 言ったらしい
女性が 涙を流して 現場に現れた
"これはひどい"と
2時頃には2台の警察車両が 警備区内にあり もう"台は すぐ外で駐車していました
警備員も大勢いて 住宅区内を監視していました
情報を入手できる方は メールで@MerPolCCに 連絡してください 匿名でCrimestoppersに 連絡してください
議会のクロムウェル像は 論争の的となった最新の記念碑です
彼の迫害は 狂信的な ピューリタン派の追従者が 破壊した イギリスの文化と宗教の遺物に対する タリバンによる 公正な処罰だったでしょう
しかし,クロムウェル協会は,クリック氏の試みを"愚かさ"と 呼んだ.
ウォルター・オブ・ザ・クロムウェル協会の会長はこう述べました "この彫像の撤去に関する議論は ウェストミンスター宮殿の前にいる オリバー・クロムウェルの人物が 議論の対象になるのは避けられないことでした
イングランド内戦のイコンクラザムは クロムウェルが命令し 実行したものではない
間違ったクロンウェルは 前の世紀で 祖父のトーマスの 行動に犠牲になったかもしれない
偉大な作家であるウィリアム・ハモ・ソーニークロフトが クロムウェル卿を 美しい形で蘇らせたことは 19世紀の思想の証であり 物語の物語の一部であり 多くの人は今でも 尊敬に値する人物だと考えています
ゴールドスミス氏はサンデー・テレグラフにこう言っています "クロムウェルは 19世紀後半の頃は 議会の外部からの圧力を 守った人物として 広く認識されていたのです
完全に信頼できるのかという議論は 歴史的に議論され続けている
確かなことは 17世紀半ばの紛争が 国家の発展を形づけたということです そして カーマインは その一面を 象徴する 独特な人物です
守護神としての彼の功績は 敬意を払い 記念すべきものです
豚殺し屋が中国人農夫を処刑した
中国南西部で 農民を襲撃し殺したと 地方メディアは報道しています
姓""と記載された男は, 州市立立市場で 動脈を切断され,血で覆われた状態で死亡したと, 南中国の新聞が日曜日に報じた.
豚飼いは 2005年5月30日に 豚の群れに ワクチン接種を準備していました 中国 青海省の新寧市で
彼は水曜日に隣のユン南省から15頭の豚を売りに出そうとして 甥と一緒に行ったそうです
翌朝,いとこが彼を死体で発見し,隣の豚の家の扉は開いていた.
牛舎に 大きな豚がいたと 血が口に付いていたと
報告によると 検死で確認された 豚は250キロの重さで 飼育者を噛み殺した
 ()  ()  ()  ()  ()  ()  ()  ()  ()  ()  ()  ()  ()  ()  ()  ()  ()  ()  ()
監視カメラの映像によると は木曜日の4時40分に 市場に入ってきて 豚に餌をあげた
遺体は"時間後に発見された
ユアンを殺した動物は 彼や彼の親戚の 血縁ではない
市場運営者は"夕方ニュース"に 豚が閉じ込められたのは 警官が現場で証拠を集めている間 他人を襲わないためだと
市場管理局と ユアン家人は 死亡代償について 交渉している
豚の攻撃は以前から 記録されています
2016年 マサチューセッツ州で 豚が妻と夫を襲い 旦那は致命傷を負いました
10年前 ワールズ人の農夫が トラクターに 300キロの豚を 引っ張ったことがありましたが 妻が追い払ったのです
2012年にオレゴン州で 豚が農家を食いついた後 マニトバ州の農家はCBCニュースに 豚は通常攻撃的ではないが 血の味は"誘発剤"だと 言ったそうです
遊び過ぎない
噛みつくし 興味深く 誰を傷つけたくない
尊敬の念を 持てるしかない"
嵐の残骸がアメリカ南西部に 豪雨をもたらします
予報通り,ハリケーン・ロサは,メキシコ北部の寒い海域を 越えて弱体化しています.
しかし,次の数日間, ローザはメキシコ北部と アメリカ南西部に 豪雨を降らせるでしょう
午前5時 東西の時間帯で クラスタは時速140キロで メキシコのプンタ・エウジェニアから南西に620キロメートル 位置していました
ロサは,北へ移動すると予想されます.
太平洋上空は低気圧で 欧米の海岸に向かっています ロサが月曜日に 熱帯風の形で バヤ・カリフォルニア半島に近づくと
梅雨は月曜にはメキシコの一部で 250mm 雨が降るでしょう
熱帯雨帯の 低気圧の領域が 近づいてきて 豪雨が南西部の 大部分を占めるでしょう
地域では25~100ミリメートルの 雨が降ると 危険な洪水や泥沼が発生し 砂漠に滑り降りする可能性があります
熱帯湿度の深い層は 雨が降るのを防ぐため 雨の量は"時間あたり50~75ミリメートル程度で
雨は25mmから100mmまで 南西部の部分に 予想されています 特にアリゾナ州の大部分に
激しい洪水と 急速に悪化する気象を 予想しています 熱帯雨の分散性により
砂漠へ歩いて行くのは 熱帯雨の危険を考慮して 絶対にお勧めしません
激しい雨は渓谷を荒涼とした川に 変えてしまうでしょう そして雷雨は地方の風暴と 砂の渦を運ぶでしょう
低気圧圏に近づくと カリフォルニアの沿岸部に 局所的に大雨が降る
道路は12mm以上の 転がりがあり 泥の小穴や滑りやすい道が あります
この地域では雨季の 初めての降雨です
熱帯雨は アリゾナに接近し 午後と月曜日の朝に 広がる
豪雨は アリゾナ,コロラド,ニューメキシコ,ユタ州に 影響し,水曜は全日続く
10月には北極圏が冷え込むことで アメリカ全土の気温は 劇的に変化しますが 熱帯地域は 暖かくなります
短距離で劇的な温度変化が起こることもあります
温度の劇的な変化の例として 注目すべきは
ミズーリのカンザスシティ,ネブラスカのオマハ, アイオワ州のセントルイスと デスモインスの間の気温の差は 20度近くにも達します
続く数日間 暑さも増し 広がり続けるでしょう
平均気温は10月上旬に 平均気温27度で 予想されます 南の平原から東の部分まで
ニューヨーク市は27度まで上昇し 平均より10度上位に
長期気象予報では 10月上半期に 平均より高い気温が 極度の可能性を示しています
ブリット・カヴァナウグの 裁判を視聴したのは 2 億人以上の人
2000万人以上の視聴者が 木曜日6つのテレビチャンネルで 最高裁判官の候補者 ブラット・カヴァナウハと 80年代の性侵の容疑を訴えた女性 クリスティン・ブラシー・フォードの 激しい証言を 視聴しました
一方 政治の争いが続い 報道陣は 常時の番組を中断して 報道陣は 報道陣の最終的な 転換期を告知しました アリゾナ州上院の ジェフ・フラークが
フォードは上院の司法委員会に 川野が酔って彼女を触り 裸体で彼女を殴り 殴りつけていたことを 確信していると語った
カヴァーノは 証言の中で 絶対に 起こらなかったと断言しました
聴衆数は2040万人にも上る ニーレンの調査によると
CBS,ABC,NBC,CNN,Fox News Channel,MSNBCの 視聴者平均を計算しました
聴聞会を放送した他のネットワークの視聴者は すぐには見つかりませんでした PBS,C-SPAN,Fox Business Networkなどです
会社では 職場のコンテンツの視聴数を 計測するのに苦労します
簡単に説明すると 観客はサッカー大会や オスカー賞の観客と同じです
オーディションのゲストが カーナフの指名に 強く支持したフォックス・ニューズ・チャンネルは 視聴者数が最高で 平均569万人が オーディションの1日間に 視聴していたとニールセン社から 発表されました
ABCは2位で326万人の視聴率です
ニーソン社によると,CBSは310万人の視聴者,NBCは294万人の,MSNBCは289万人の,CNNは252万人の視聴者でした.
聴聞会の後も 関心は高かった
フレイクは金曜日のドラマで 中心的な役を演じました
共和党の保守派議員の事務所が カヴァナウグの支持を表明したあと 金曜日の朝 CNNとCBSのカメラは 抗議者の叫び声を浴びせ 司法委員会で審問される 議員のエレベーターに乗ろうとした
数分間 目をそらして 抗議者たちに 非難された
"ここに立っている"と女が言った
国の真実を語っていると思うか?
"お前は力を持っているのに 女性は無力だ"
フレークは 機場を閉める前に 声明を出した
数時間後 ケーブルテレビやテレビの ネットワークが放送された 司法委員会が 議決を迫られた 議案は 議員の候補を 上院で表決させるというものでした
しかし,フラークは,民主党の少数派の要求で, FBIが来週中に候補者に対する起訴を調査する条件で, 合意したと述べた.
フレークは友人である民主党上院議員 クリス・クーンズとの 話し合いに 部分的に納得した
議員と会って 決断を下した
フレークの決定は重要だったのは 共和党は調査なしに 川越を承認する票を 持たないことが明らかだったからです
トランプ大統領は FBIの捜査を開始しました カバナウグに対する容疑についてです
首相は,英国を批判する批評家が 政策でブレグジットを操っていると非難した.
英国首相のセラ・メイはサンデー・タイムズ紙に インタビューした際,EU離脱計画に批判する人々は,英国の将来を脅かし,国の利益を損なう政策を展開していると非難した.
2018年9月29日,英国首相のテリーザ・メイが, 保守党の会議に参画しました.
首相の元外相ボリス・ジョンソンは 紙の表紙に載った 同じ紙の別のインタビューで 首相の"チェッカーズ・プラン"を批判し続けて 提案したEUとイギリスが 相互に関税を課すのは"馬鹿げた"ことだと 非難した.
ウェイド・シムズ殺人事件 容疑者ディートン・シンプソン 逮捕
ウェイド・シムス 20歳のバスケットボール選手の 銃殺し容疑者
デイトン・シンプソン (20) は 殺人容疑で逮捕され 拘束されている
警官は ビデオを公開したところ シムズとシンプソンとの衝突が 警官によると シムズは衝突で眼鏡を 失ってしまった
警察は 殺人現場で 眼鏡を回収し シンプソンのDNAが 検出されたと CBSの支社である WAFBは 報告した
警官はシンプソンに質問したところ ワイドを撃ち殺したと 認めたと伝えました
35万ドルの保釈金を要求する
死亡原因は首から発砲で 首から発砲で 首から発砲で 首から発砲で 首から発砲で 首から発砲で
警察局はルイジアナ州警察の 逃亡者対策チーム 連邦警察の犯罪研究所 南部大学警察
LSUスポーツ局長 ジョー・アレヴァは 地方当局の 厳守と真実の探求に感謝した
サイムスは20歳だった
背が183cmの 羽球選手は バトンルージュで育ちました ウェインの父親も 野球をしていました
彼は昨年,平均で5.6ポイントと 2.6リビングを 記録した.
金曜の朝,LSUのバスケットボールコーチ ウィル・ウェイドは チームに声明を出した ウェイドの死で,チームには絶望とショックが 及んでいる.
"それこそ,我々がいつも心配していることだ"と,ウェイドは言った.
メキシコシティに火山の灰が噴出する
ポポカパテルの噴火の灰は メキシコの首都の南部に 届きました
災害防止センターは,土曜日, 猛烈な火山の活動が, 発生した火山口の183個のガスと灰の放出を記録した.
センターは多重の 震えと震えを 追跡している
ソーシャルメディアの写真では 薄い灰が メキシコシティの ゾチミルコのような地区の 車の窓に貼り付けられているのが見られました
地質学者たちは 首都から南東に45キロ離れた 噴火の活性が 増えていることに気づいています 2017年 メキシコ中央部のマグニチュード7.1の地震が 震災したからです
ドン・ゴヨ (Don Goyo) と呼ばれる火山は1994年から活動しています
独立投票の記念日に警察とカタロニアの分離主義者が衝突
バルセロナでは6人が逮捕されました 抗議デモで数千人が反抗デモに参加しました 投票で分裂が分断されたことを記念して
警官が阻止した 仮装の分離主義者が 警官に卵と粉を投げつけ 暗い灰雲が 訪れた街を  turistに押し寄せました
警官が暴力を鎮圧するために棒を振るった後, 喧嘩が起きた.
独立を主張するグループが "忘れよう 許さない"と叫びながら 反対のユニオニストは "スペインに祝福"と叫んでいた
地方の報道によると 14人が 軽傷を負ったため 病院に運び込まれている
独立を望む地域の緊張は 10月1日の住民投票から1年も続いています マドリードはこれを違法と宣言し カタルーニャの分離主義者たちはこれを祝っています
投票者は圧倒的に独立を 支持しましたが 投票率はわずかでした 離脱を反対する者は 投票をボイコットしました
カタロニアの当局によると,昨年, 暴動で約1000人が負傷しました. 投票の場を警察が遮断しようとしたためです.
独立を主張するグループが 国民警察を支持するデモを阻止するために 路上で夜を過ごしました
抗議デモは続けられたが 抗議者は別のルートで移動しなくてはならなかった
電気工事のナリス・テルメス (68) は 妻と分離主義者のデモに参加し カタルーニャが独立するなんてもう望まないと 言った.
"昨年は最高の瞬間を 体験した年でした"
投票したからと 両親が泣いているのを見て 泣いたけど 今ではもう できない"
去年の12月の地方選挙で 勝利を収めたにもかかわらず カタロニアの独立党は 勢力を維持できず 今年も 勢いを維持できず 指導者が自粛の亡命中か 裁判を待っているままに 留置されている
42歳の機械工人 ジョアン・プイグは 警察に協力するデモを 携帯電話で撮影しました 彼は両側の政治家が 衝突を煽ったと言いました
緊張が激化している"と
ジュンケラスは,昨年末から 検問所に入れられた9人のカタルーニャの指導者の一人ですが,
民主主義の価値が衰退し,スペイン政府から受けた弾圧を広めていく最善の方法だと,彼は述べた.
ロンドンデリー: 家に車で押し込まれた男を逮捕
33歳,34歳,39歳という3人の男性が ロンドンデリーの家屋に 繰り返し車を突っ込ませたことで 逮捕されました
事件は木曜日 7時30分頃 バリナガード・クレセントで 発生した
ボブ・ブレミングズ警視庁によると 建物自体も 損傷を受けています
恐らく カーに 射撃されたんだ
ランジャーズに 1:0で勝利を収めた
ドリー・マングがゴールでリビングストーンが勝利
スコットランド・プレミアリーグの リビングストンが ランジャーズを驚かせ スティーヴン・ジェラードに 18試合で2度だけ敗退を 認めさせた
ゴルフのドリー・マングの打撃は決定的となり ギャリー・ホルトのチームは 秒でイベリエチアと対決した
ゲラードのチームは 今シーズンのプレミアリーグで 勝利を収めていないが 次の土曜日は ハーツと対戦する
ランジャーズは木曜日にヨーロッパリーグで ラピッド・ウィーンを招待します
リビングストンは6試合連続で勝利を収めた ホルトは先月 ケニー・ミラーを代用して以来 敗戦を喫していない
グレゴリー,私は,あなたが,あなたが,あなたが,あなたが,あなたが,あなたが,あなたが,あなたが,あなたが,あなたが,あなたが,あなたが,あなたが,あなたが,あなたが,あなたが,あなたが,あなたが,あなたが,あなたが,あなたが,あなたが,あなたが,あなたが,あなたが,あなたが,あなたが,あなたが,あなたが,あなたが,あなたが,あなたが,あなたが,あなたは,あなたは,あなたは,あなたは,あなたは,あなたは,あなたは,あなたは,あなたは,あなたは,あなたは,あなたは,あなたは,あなたは,あなたは,あなたは,あなたは,あなたは,あなたは,あなたは,あなたは,あなたは,あなたは,あなたは,あなたは,あなたは,あなたは,あなたは,あなたは,あなたは,あなたは,あなたは,あなたは,あなたは,あなたは,あなたは,あなたは,あなたは,あなたは,あなたは,あなたは,あなたは,あなたは,あなたは,あなたは,あなたは,あなたは,あなたは,あなたは,あなたは,あなたは,あなたは,あなたは,あなたは,あなたは,あなたは,あなたは,あなたは,あなたは,あなたは,あなたは,あなたは,あなたは,
ゴルフの直感が問題になるのは ランジャーズに問題があるからだ
スコット・ロビンソンは 進出したが 進出には遅すぎた アラン・リトゴウは 球を広げるだけで得て 転がり落ちた
ゲストに迷惑をかけるかもしれないと知っていながらも ランジャーズを喜んで前に 遊ばせました
そして,それが重要なゴールとなったのです.
ランジャーがフリーキットを止められず リビングストンが開場を仕掛けた ゲラガーとロビンソンが メンギーを助けた
ランジャーは 守備の力に圧倒され リーアム・ケリーも 守備の力に圧倒されました
試合の第2節も 続けられましたが アルフレド・モレロスに ケリーを 守らせてもらいました
ラン・マググレゴの足が スコット・ピットマンに 引っかかってきて リスゴウが リービングストーンから 広い打撃を出した
長い追加はリビングストンのゴールラインを越えることができず,ハルケットの予備選手のグレン・ミドルトンとの衝突と1人のプレーアームの後に2人の11人が与えられませんでした.
リービングストーン 分析
アラスダール・ラモント BBC Scotland アレナ トニー・マカロニ
素晴らしいプレーとリビングストンの得点
期待を上回るような スタートアップの 旅程でした
選手とスタッフは 球団復帰以来 ほとんど変わっていないけど ホルトの才能と チームを整える姿勢は 素晴らしい
ヒーローはたくさんいた
ハルケット船長は 素晴らしい防衛を指揮し メンガは試合中 コーナー・ゴールドソンとジョー・ウォーラルを 休憩させなかった
しかし レンジャー隊には 勇気がありませんでした
ゲルラードが下した 基準とは 程遠いものでした
試合は終わりに追い込まれ チームに穴を開けられた
エルドアン,ケルンで 混沌とした気持ちで迎えられた
土曜日 (9月29日) は 笑いの天空が広がり ベルリンで朝食で 突如トルコとドイツの首脳が会談しました
エルドアン大統領のドイツへの 論争の的訪問の最終日です NATO同盟国同士の関係を修復することを目的としています
人権,報道の自由,EUへのトルコの加盟など 意見が分かれていました
巨大なモスクを建設するために コールンへ向かう
トルコ以外では トルコ人が最も多い都市です
警察は治安を考慮して2万5千人の集会を 封鎖しましたが 近くには大統領支持者が集まり 集会をしていました
抗議者はエルドアン政権の反対派で 抗議者はドイツ政府による エルドアン政策や ベルリンへの歓迎を非難した.
衝突したデモは 訪問者の分裂を反映したものです ドイツのトルコ人は彼を英雄として称え
デプトフォードの道路事故:自転車選手が車に衝突し死亡
ロンドンで自転車に乗った男が 車に衝突して死亡
事故は,ベストウッドとエヴリン通りの交差点の近くで, デプトフォードの東南部の交通渋滞の多い道路で, BST10:15頃発生しました.
運転手は車を止め 救急車が到着しましたが 男は即死しました
事故は事故の翌月で 事故現場から逃走した バイク乗りが死亡し 事故の現場から約1キロ離れた チェイダーズ通りで
市警察は"警察官が男性を特定し 遺族に連絡する"と発表しました
事故により道路が閉鎖され バスの移動が変更され 自動車の運転手は 地域を避けるよう勧告されています
ロング・ラーティン刑務所 暴動で6人の警官が負傷
刑務所の管理局は 6人の警察官が 刑務所内の男子の刑務所で 暴動で負傷したと発表しました
ウォルチェスターシャー州のロング・マーティン刑務所で 暴動が起きたのは 9時30分頃で 今も続いている
特殊な"竜巻"部隊が 暴動を鎮圧するために 連れてこられた 8人の囚人が 収容所に閉じ込められた
現場にいる警察官は 顔面の傷を軽く受けた
刑務所の広報担当者はこう言いました "特別に訓練された 刑務所職員が ロング・ラチン刑務所で 起きた事件の対応に 派遣されました
スタッフ6人が 負傷のため 治療を受けています
刑務所での暴力を許さない 責任者が警察に 投じられれば 長い時間を過ごせる
刑務所には500人以上の囚人がいます. 国内で最も危険な犯罪者の何人かは含んでいます.
6月に 刑務所の看守が 囚人の攻撃を受けて 病院に運ばれたことが 報道されました
そして去年の10月 緊急事態警官が刑務所に召喚され 職員たちが ビラールボールで攻撃された 深刻な状況を解決しました
フォリフォリ フォニックス,ラスベガス,ソルトレイクシティで 豪雨が襲いかかる
アリゾナに 熱帯の低気圧が 降りかかるのは稀ですが それは次の週初頭に 起こりそうですが 余り残った強さで 砂漠の南西を 横切るハリケーン・ロスで 猛雨の脅威が 伴います
米国気象庁は 月曜日と火曜日には 豪雨の予報を発しました アリゾナ西部からネバダ南部と東部まで カリフォルニア南東部とユタ州までです フィニックスやフラグスタフ ラスベガス ソルトレイクシティなどです
ロザは月曜日の夜に 雨でフェニックスに近づいて 火曜日に 横断する
ペンシルバニアのフィニックス市では ツイートで" 1950年以来 フォニックス市内320キロ圏内では 熱帯の嵐や 低気圧が発生したのは10件だけ"
アリゾナ州境40マイル近くで 発生しました
最近のモデルでは アリゾナ州モゴロン辺で 雨の量が50ミリから100ミリ 発生する
ストェンジャック南西部の他の地域では ストェンジャックとベリー・プールを含む 25~50ミリメートルの落下があり 総積量は100ミリメートルまで 隔離される可能性があります
洪水から逃れる人々にとって ローサは 救い役となり 地域は干ばつの被害に 瀕しています
洪水は大きな脅威ですが 雨林の一部は 役に立つかもしれません 南西部の地域は 干ばつの状態です
"アメリカ・ドライ・エリア・マップ"によると アリゾナの40%以上が 極端な干ばつで 被害を受けている"
ハリケーンが最初に 沿岸に接近したのは メキシコのバヤ・カリフォルニア半島でした
日曜日の朝,ローサは最大風速130km/hの嵐の強さで,メキシコのプンタ・ユージニアから620km以南に位置し,時速20kmで北へ向かっていた.
太平洋の寒い海に 嵐が降り注いで 弱体化しました
予報によると,月曜日の午後か夜には 熱帯風の力でメキシコ沿岸に接近します
メキシコの部分では 雨が激しく降ると 洪水への危険が大きい
予想される降雨量は,バヤ・カリフォルニア半島からソノラ北西部まで,75〜150mm,最大250mmの降雨量となる.
ローザはメキシコを北回り熱帯雨に変わり 火曜日の朝早くアリゾナ州国境に 落ち込み アリゾナ州とユタ州南部を通過します
"ローズやその遺体から 予想される最大の脅威は... ...バヤ・カリフォルニア半島,
雨は生命を脅かすような 洪水や砂漠の泥沼や 滑山地帯の洪水を引き起こします
ミッドソマー・ノートン事件 殺人未遂で4人逮捕
3人の若者と20歳の若者が 殺人未遂容疑で逮捕されました 刺傷を負った16歳の若者が サマーセットで発見されました
土曜日の午前4時頃 ミドソマー・ノートンにある エクセルシア・テラスで 十代の若者が 負傷していたのが発見されました
病院に運ばれて 安定した状態です
アヴォン・サマーセット警察は 17歳と18歳と20歳の男を 逮捕した
警察は,この事件の映像を 持っている人たちに 連絡するように呼びかけています
トランプは,カバナウが 民主党の怒りと怒りを受けていたと主張しています.
"カバナウグ判事の投票は 民主党の残忍で恥ずべき行動に 反対する投票だ"とトランプ大統領は ウェリング州ウェストバージニアで 選挙集会で語った.
トランプは Kavanaughが 民主党の怒りを 容認したと述べた
カヴァナウは木曜日に議会で証言し 強く感情的に クリスティーヌ・ブラシー・フォードが 十数年前に 少年時代に 性的暴行をしたと非難した事実を 否定した
クリスティーン・フォードは 起訴された事件の 証言をしていました
大統領は土曜日に "この日 アメリカ国民は カーヴァナウグの 才能と才能と勇気を見た"と 発言しました
"裁判官の承認投票は 現代の最も有能な法人の 承認投票だ 裁判官の公務の 完璧なキャリアを"
大統領はカバナウの指名について触れた 共和党の選挙を 重要視した
人生で重要な決断をするのに あと5週間
候補者ではないが 候補だ
だから私は優秀な候補者のために 闘っています
トランプは 民主党の使命は"抵抗と妨害を起こす"と 宣言しました
共和党の幹部補佐はCNNに 声明を出した カーバノフの指名に関する 審議手続きの第一票は 最期金曜日に行われる予定だ
インドネシアで地震と津波で 数百人が死亡 死亡者数は増え続ける
国の当局者は土曜日に 少なくとも384人が死亡したと発表しました 被害者の多くは 巨大な波で 沖にかれて  Indoneeshia 島 Sulawesi で 震災と津波が 襲いました
夕方には60フィートほどの波が海岸に押し寄せて 命を奪い 途中で全てを破壊しました 波は 川の向こうに広がり 川の向こうに広がり 川の向こうに広がり
津波は7・5の地震に 続いて発生した
"昨日,津波の危険が起きた時,人々はまだビーチにいたので,すぐに逃げて,被害を招きませんでした"と,インドネシアの災害緩和機構BNPBの広報担当Sutop Purwo Nugrohoは,ジャカルタの記者会見で言いました.
ヌグロホは"津波は単独で来ず 車を,木々,家を 引き寄せて陸に押し寄せた"と語り さらに"津波は海を時速500キロで 横断した"と付け加えた
津波から逃れるために木に登った人もいましたが 生き残った人もいました
パルーの24の施設に 約16,700人が避難しました
災害対策機関が発した空中写真では 破壊された建物や商店,歪んだ橋や倒れた橋,水に囲まれたモスクが映っています
衝撃の衝撃は 土曜にも続く
震災は,24万人の住民が住む 地域でも感受された.
インドネシアの技術評価・応用機関 (BPPT) は 声明で 金曜日の地震で放出されたエネルギーは 第二次世界大戦の広島に投下された原子爆弾の 200倍に相当する.
長い狭い湾の端にある 都市の地理的位置が 津波の強さを増したかもしれないと 記されています
ヌグロホは被害を"広範囲"と表現し "数千の家屋,病院,ショッピングセンター,ホテルが 破壊された"と語りました
遺体は遺跡から発見されたが 負傷者は540人 29人が行方不明です
ヌグロフによると 被害と被害は パルウ島から北に 300キロの沿岸で 増加している可能性がある 地域はドンガラと呼ばれ 地震の震源に近い
通信は完全に停止し ダンガルから情報はありません
"30万人以上の人々が この地域に住んでいます"と 赤十字は発表し 職員とボランティアが 被害地域へ赴き 支援を続けていると付け加えた.
"これは悲劇だが,事態は悪化する可能性がある"
土曜日,局はパラ島に津波が起きたという情報を 漏らしたことで 非難されましたが, 局長は,警告が発された時に 波が来たと主張しています.
ソーシャルメディアで共有されている 素人ビデオでは 建物の上の階の男性が 地下にある人びとに津波の脅威を警告しているのが 聞こえる.
数分後 川は海岸に 崩れ落ち 建物や車も流出しました
映像の真偽を ロイター通信は確認できませんでした
震災と津波により パルウ周辺の通信が 遮断され 救援活動が 調整が困難になりました
軍によると,ヤカルタや他の都市から 支援物資を運ぶ飛行機が 送られ始めていますが,避難者が食料や生活必需品を 入手することが 困難です
空港は人道活動のためのみ再開設され 10月まで閉鎖されます
首都パルーの避難所を訪れる予定
インドネシアでの津波で 800人以上が死亡
状況はひどく悪い
                                                                                                                                                                                                                                                        
"彼らは多くの家が破壊されたのを見たと私に言った"と彼は言った.
状況は極めて深刻です
援助団体が救急車輪を駆けつけましたが 専門的な外国の救援隊が パラに来るのを 妨げたと 苦情を寄せた人もいました
インドネシアの規制では 事故の現場を"国家災害地域"と宣言した場合にのみ, 資金調達,補給,そして,他の国の人材の採用が開始されます.
まだ起きていない
"まだ州レベルの災害だ"と インドネシア赤十字の広報担当者 アリア・アリヤニは言いました
政府が言うように "国家災害" "国際援助は受けられるが 緊急事態宣言は"
震災と津波の2夜目で パラ島が震災した金曜日 遺失者の友人や家族は 遺族が自然災害の 暗いシナリオを緩和する 奇跡の"つになることを期待していました
土曜に 排水管から 少年が救出されました
土曜日に救助隊が 母親の遺体と埋もれて2日間 閉じ込められていた女性を 解放しました
失踪したパラグレーダーを訓練し 今月初めにインドネシアで開催された アジア競技大会に 参加させました
捕虜の何人かは 彼を教えていた
"長年パラグレーで過ごした経験から 感情の負担を背負っている"
ゲンドンは ロー・ロー・ホテルの 破壊のニュースが 広まったパラグライダーコミュニティーに 広まった後 絶望的なワットアップメッセージを送ったことを 思い出しました のフェスティバルに のフェスティバルに参加していた のフェスティバルに のフェスティバルに参加していた のフェスティバルに のフェスティバルに参加していた のフェスティバルに参加していた のフェスティバルに参加していた
しかし彼のメッセージは2つの青のではなく 灰色ので表されています
"これはメッセージが 送られてないことを意味する"
盗難者は26750ドルを盗んだ ニューポート・オン・ザ・リーヴの ATMを充填中
金曜日の朝, ブリンクの従業員から26,750ドルを盗んだ. ニューポートのダウンタウンにある
刑事デニス・マッカーシーの通告によると 運転手は 娯楽施設のATMを空にして
作業中に 別の男が 背後にブリンクの従業員を襲い ATMに預けるべき 財布を盗んだ
目撃者は 容疑者の逃走を目撃したが 警察は 事件に関わった人数を公表していない
犯人の身元について 詳しい方は ニューポート警察に 連絡してください 859-292-3680
カニエ・ウエスト: 名前を変えたラッパー
ラッパー・カニエ・ウェストが 名前を変えて"Ye"に
ツイッターで"生き物は公式にカネエ・ウェストとして知られる"と投稿した
ウェストは41歳ですが ニックネームは"イェ"で 作品のタイトルとして"イェ"を付けていました
番組の出演を決定した 舞台は"サタデー・ナイト・ライブ"で 新作"ヤンディ"の発売を予定している
番組の制作者は "感情的な理由で" 脱退したアリアン・グランデの 代役を務めたと発表しました
ウェストは以前 この言葉には 宗教的な意味があると言いました
"聖書の中で 最もよく使われる言葉は"ye"で 聖書では"th"と書かれています"と ウェストは今年初めにラジオの"ビッグ・ボーイ"の 主人公とアルバムタイトルを 話し合っている時に言いました
だから,私はあなた,私は私たち,それは私たちです.
"Kanye"から発した言葉"Yee"の単語で 善悪 混乱を反映する
アルバム自体は 私たちのアイデンティティを 反映しているものです
彼は名前の変更をした 多くの有名なラッパーの一人だ
ショーン・コンブスは プフダディ (パフ・ダディ) プ・ディディ (プ・ディディ) と呼ばれていますが 今年も"ラヴ・アンド・ブラザー・ラヴ"と 呼ばれることを発表しました
ウェストの元同僚のジェイ・Zは 名前も大文字で 文字も大文字で 変えてしまっていた
メキシコのAMLOは 市民に対して軍隊を 使わないと約束した
メキシコの大統領候補である アンドレス・マヌエル・ロペス・オブラドールは 国民に対して軍事力を決して使用しないと誓いました 学生に対する 血のまきまきの50周年を記念するこの国のために
ロッペス・オブラドールが土曜日にタタテルコ・プラザで 約束したんだが 軍隊をメキシコ国民に対して 使わないと
1968年10月2日,この広場で, 軍人による銃撃が起こされ, 300人が死亡しました. 学生運動が,ラテンアメリカ全土に広がった時に起こりました.
ローペス・オブラドールは 学生に月額給金を支給し 公共の大学を設立することで メキシコの若者を支援する方針を立てました
失業や教育の欠如は 青年を犯罪組織に 引き寄せていると
米国は人工知能 (AI) に 対する投資を倍増すべきだ
"中国が人工知能分野に 積極的に取り組んでいるので 米国は人工知能分野の研究費を 2倍に増やすべきだと" 谷歌,マイクロソフト,アップルの 投資家でAI専門家であるカイ・フー・リー氏は言う.
この発言は 政府の様々な部門が AIに関する計画を発表した後 続いてきたものです 合衆国には AIに関する 公式な戦略が 存在しないにもかかわらずです
一方 中国は昨年 計画を発表しました 2030年までに AIの革新率を第一に 目指すというものです
"AI研究予算を倍増させれば,他の国々が米国よりずっと遅れて,次の大きなAI発見を 探しているので,いいスタートです"とリー氏は言う.
"投資を2倍に増やすことで 次の大きなAIの進歩が米国に やってくる確率は2倍に増えるだろう"と CNBCのインタビューでリー氏は述べました
リー氏は本作『AI: 中国,シリコンバレー,新世界秩序』を本月出版した出版社で シンボーション・ベンチャーズのCEOで
カーネギー・メロン大学で 1980年代に 彼はアメリカのオッテルロを倒した AIシステムを開発しました その後はマイクロソフトの研究部門のディレクターとなり Googleの中国部門の社長になりました
リー氏は 防衛先進研究プロジェクトや 代理のロボット競技のような 政府の技術コンテストを 賞賛し 次回開催の時期を問うた
リーによると アメリカの研究者は 政府の助成金を得るために 懸命に働かなければなりません
リー氏は"中国が学問界のリーダーを 誘拐しているのではなく 企業を誘拐している"と述べた.
FacebookやGoogleなどの テクノロジー企業は 過去数年にわたり 大学から優秀な人材を集め 人工知能の研究に 携わってきました
移民政策の改革は 合衆国に人工知能の 開発を促す助けになると リー氏は言う.
"人工知能の博士号は 自動的にグリーンカードで 提供されるべきだ"
2017年7月,中国国務院は次世代AI開発計画を公表した.
リー氏は"中国国立自然科学基金は 学者たちに資金を提供している. 国の科学基金や他の政府機関が アメリカの研究者に資金を提供しているのと似ています.
今年初めに 米国防総省は 共同人工知能センターを設立し ビジネス界や学界の 協力者を集めました ホワイトハウスは 共同研究センターの設立を発表した
先月,DARPAは AINextというイニシアチブで 20億ドルの投資を発表した
NSFは1年に"億ドル以上を 投資しています 人工知能の研究に
一方 アメリカ議会は 国民安全保障委員会を 設立しようとしましたが 数ヶ月間 動きも出ませんでした
マケドニアの住民は国名を改めるために 国民投票を行います
国民投票で,土曜日,マケドニアの国民が, "北マケドニア共和国"に改名するかどうかについて投票しました.これは,ギリシャとの数十年に及ぶ紛争を解決する手段となり,
ギリシャには"マケドニア"という 地方があり ギリシャは北の隣国の名前が"マケドニア"を 領土として主張し ギリシャのNATOやEUへの 加盟拒否を強めている
2つの政府は6月に提案された名称について合意したが, 国民主義的な反対派は,この変更がマケドニアのスラヴンの大半の民族のアイデンティティを 損なうだろうと主張している.
投票を控えるという運動は 投票が有効になるために必要な最低50%の投票率を 満たすかどうか疑惑を投げかけました
投票用紙の質問は ギリシャとの合意の受け入れとともに NATOとEUの加盟を支持するか?
首相のゾーラン・ザエフを含む 名称変更を支持する人々は ユーゴスラビア崩壊後,マケドニアがEUやNATOなどに加盟する 価値のある代償だと主張しています
"今日,私は,この国の将来のために, 若きマケドニアが,欧州連合の保護下で自由に生きられるために投票に来ました. それは,私たち全員にとって,より安全な生活をもたらすからです"と, Olivera Georgijevska (79) は,スクープで語った.
投票の結果は 法的拘束力がないが 十分な数の議員が 投票結果に敬意を払うと 発言したので 決定的だと言えます
名称変更には 議会の3分の2の賛成が必要です
州立選挙委員会は 13時までに 異常事態は報告されていないと発表しました
しかし 投票率は16%で 登録有権者の66%が投票した2016年の選挙では 34%でした
"私は子供たちのために投票に来たんだ.私たちの場所はヨーロッパだ"と, 62歳のグヨセ・タネフスキー,首都スコポリの投票者が言った.
マケドニアの首相ゾラン・ザエフ,妻ゾリカ,息子ドゥスコは, 2018年9月30日にストルミチカで,NATO同盟と欧州連合への加盟の道を開く国の名称変更に関する国民投票に参加しました.
54歳のウラジミール・カヴァダルコフは スコップリャの議会の前に小さな舞台を設け 選挙戦をボイコットする連中が作った テンツの前に座席を用意しました
我々はNATOとEUを支持しているが,従順ではなく,頭を高くして参加したい, Kavadarkovは言った.
貧しい国ですが 尊厳があります
マケドニアが受け入れようとしないなら 中国やロシアなどに 頼り,ユーロ・アジア統合の 一部になるのです
首相はNATO加盟が 必要な投資をもたらすと発言しました 失業率が20%を超えているマケドニアに
"EUとNATOを支持する国民の80%以上は,投票に賛成する"と,投票後にザーヴは述べた.
ポジティブな結果が 未来を保証するものだと言っていました
投票率は30%から43%で 必要な投票率を下回る 傾向を示しています
マケドニアのTelma TVの調査によると 57%の投票者が 日曜日に投票する予定だそうです
そのうちの70%が 支持すると回答しました
国民投票が成功するためには 投票率が50%+1でなければなりません
住民投票が失敗すれば 西側側が支持する政権が 去年5月に政権を握ってから 初めての大きな打撃となるでしょう
チェスター・シティの セルジオ・アグエロが ブライトン・ディフェンス全体を通して 打撃を記録した
セルジオ・アグエロとラヒム・スターリングが,土曜日に,イングランド,マンチェスターのエティハッド・スタジアムで, ブライトンの防守を突破し, マンチェスター・シティに勝利をもたらしました. 2 - 0 による.
アグエロは65分にゴールを記録し 勝利を狂ったように簡単にした
アルゼンチンの攻撃者は 攻撃の開始時に 中盤から 投球を捕まえた
3人の選手のブライトンの 防守を貫通して オープンフィールドに 突入した
アグエロは 4人の敵に囲まれました
守備の1人を追い抜いて ライトンの境界まで数人を追い抜いた
そして シュートで シュートで シュートを シュートで シュートを
イングランド人の前がアグエアに 投球を返して 打撃を右手から右側の 網に投げ込み ブライトンのゴールキーパーである マシュー・ライアンを倒した
"アグエロは足の問題を抱えている" マンチェスター・シティの 監督ペプ・ガーディアロが 記者団に語った.
55分から60分まで プレイする計画だった
それが起こったのです
幸運なことに,彼は,その瞬間に,ゴールを当てた.
スターリングがスカイ・ブルースを プレミアリーグの 首位に導いた
29分でゴールが決まった
アグエロは,その試合で, ライトンの球場で, 球を深めた.
素晴らしい投球を左側から ローリー・サネに
スターリングが球を 球場に押し寄せる前に サンは数回球を 押し寄せるようにした
スカイ・ブルースの攻撃者は カーに落下する直前に 球を網に投げました
マンチェスター・シティは チャンピオンズリーグの グループ戦で ホッフェンハイムと対戦します 火曜の12時55分 ライン・ネッカール・アリーナ シンシェイム・ドイツ
シュレッザーはロッキーズの 進出を阻止したい
ナショナルズの選手が 決勝から外れたので 試合を再開する気には 余り理由はありませんでした
競り合いばかりのシュァーサーは, コロラド・ロッキーズに 勝利を期待している. しかし, ロッキーズが,
金曜の夜 ロキエスはナショナルズを 5対2で倒し ワイルドカードの予選で勝利を収めたが
試合は無意味だが 試合の雰囲気を知れば 試合が出来る  Denverの雰囲気も ファンも たくさんいる
競争をしない理由は?
ナショナルズはまだ 選手の発表をしていないが シェルターズに 試合を申し出たいと 噂がある
シュァーザーが34回目の出場を予定しており 木曜日に投手室で 練習をしていました
ワシントン出身の右手は今シーズン220回の2/3の2回で300のストライクアウトで 18.7の平均打分と2.53のエラーズを記録している.
ウェストバージニア州で
大統領は,共和党の投票権が 重要だと強調した演説で, ブラット・カヴァナウフを
考察は11月に 始まる
人生で最も重要な決断をするまで あと5週間です
"私は選挙に出馬したわけじゃないけど 選挙に出馬してるんだ だから私は選挙に出馬する候補者達の為に 選挙に出馬するんだ"
トランプ氏は続けて"この恐ろしい 恐ろしい過激派民主党員を見てください 今まさに起こっているのがわかります
権力を奪うため 邪悪な腐敗を 目の当たりにします
権力と支配を手に入れるために 傷つけられ 踏み潰される人を気にせず 権力と支配を手に入れるために 権力と支配を手に入れるのです
民主党は"抵抗し 妨害する"という使命を持つと
"ここ4日間は皆さんが見てるのさ" 民主党は"怒っている 邪悪な 腐敗した 嘘つきだ"
民主党の 司法委員会委員の ディアン・フェインシュタイン上院議員を 呼びかけたことで 聴衆の怒りを 引き起こすことができた
の答えを覚えていますか?
文書を公開した?
ねえ,何って?
違う 違う 文書を待ってる 身体の表現が悪い
労働党はもはや 意見の違いを尊重しない
個人的な意見の表れを許さない
驚いたことに モメントム党の活動家が 選挙で私を 検閲しようとしたんです
労働党の議員の間で 歓迎されないのは私だけ 心の底から 発言したから
私の同僚のジョアン・ライアンは ユダヤ反対の立場を 強く主張したため 同じような行動を取ったと
検閲法案で批判されたのは ジェレミー・コービンと 意見が分からなかったからです
責任ある経済政策の重要性や 国家の安全保障や ヨーロッパなど 皮肉にも ジェレミー・コービンが以前の政権と 意見が一致しなかった テーマです
労働党のノッティンガム・イーストの 会議通知書には "会議を盛り上げ 生産的にしたい"と書かれていました
労働党の地方議会議員として8年間 働いていた大半の時間 金曜日の夜には 議会の総会がこんな感じでした
悲しいことに,今日では多くの会議は 異なる音色で行われ, "より優しく,より優しい"政治の約束は 長い間忘れられてきました.
明らかに, 異なる意見は労働党内で許されないし, 意見の評価は, 党の指導部が認めるものとして 評価されるようになった.
リーダーシップが始まってすぐ 政治的立場が 合っていると考えた同僚たちが 私に急激な意見の転換を 要求し始めたのです 国民安全保障や 単一市場に関しても
公共の場で話すたびに - - 何と言っても構わないのですが - - ソーシャルメディアで 非難の声が上がり 辞任の呼びかけをします 民主党の政策を否定し 労働党員として すべきでないと 言うのです
これは私だけの経験ではありません
政治家から受けたコメントは 政治的だったからです 政治家から受けたコメントは 政治的だったからです
女性の専門性と 決意に 敬意を表しています 性的差別や人種差別が 激しく広がるのに 屈せず
この政治時代の 私を最も失望させたのは 侮辱的な発言を 許容することでした
ジェレミー・コービン氏は先週 労働党は寛容の文化を 推進すべきだと発言しました
選挙のルールを変えるため 反対の意見は 尊重されないよう 指示され 党は狭い党に なったのです
2年ほど前から何度も 声を大きくせず 落ち着いてくれと 言われました
でも,私はそのために政治に参入したのではない.
32年前に私は学生の頃 労働党に参加しました マーガレット・サッチャーの政権が 私の学校を 崩壊させていたことに 気づき 地方の議員や政府大臣として 必要な人たちに よりよい公共サービスを 提供したいと思いました
私は政治を隠したことがない 最後の選挙でも
ノーティングハム・イーストの支店の誰も 私の政治的立場や 既存の管理者との意見の不一致について 誤解を招くことは出来なかった
金曜日の投票で 支持した皆さんに言いたいのは 国民がブレグジットに 駆け込んでいるときに 家庭や企業や 公共サービスに 負の影響を及ぼすことになるので
しかし,私が言いたいのは,ノッティンガム・モメントムではなく,私の選挙区の議員たち, 労働党員であろうとそうでないであろうと, 奉仕することに誇りを持っており, 脅迫された辞職や政治的利益が,
クリス・レスリーは ノッティンガム東部の 議会議員です
勝利なし アイルがトップへ
2つの遅刻は 勝敗に影響を及ぼしたかもしれないが アヤルは間違いなく勝利を 勝ち取ったのだ テナントのプレミアリーグの この日
ランキングトップ10チームの中で 唯一無敵のチームです
終盤に,優れた防御と チャンスをよりうまく利用した結果, 勝利を収めた. そして,ピーター・マーチ監督には,満足する理由があった.
"今までの試合で テストを受けても まだ無敗だ" "幸せにしろ"
メルローズ・クラブのロビン・クリスティは "アイラに感謝するよ 彼らは我々より チャンスを利用した"
グラント・アンダーソンの14分でのフレイザー・クリモの打撃は アイルをリードに導いたが ウォリアーズの試合から外れたスコットランド人ロリー・ヒューズのイエローカードは メルローズに勝利を収め,
クライモは11でアイアーの先導を伸ばし,半分の時間内にゴールと単独の試みでゴールし,アイアーの勝利を17:5に変えました.
しかしメルローズは2番目のハーフをうまくスタートさせ パトリック・アンダーソンのバゴットの打撃は 5ポイントの優位を落とした.
長い休憩が続いた ルイアード・ノットが重傷を負ったため 背中に運ばれた 試合が再開されたとき アールは スタフォード・マクダウールの クラミオの 打撃で良いプレーを続けた
試合の最後に,ブルース・コルヴィンが, プレッシャーで, 負けた.
しかし,サイドの選手が戻り,そしてストゥアン・ハッチンソンが 球を落としたクレームを落としたことで黄色のカードを貰ったとき,マックファーソンはペナルティ・フィックのラインから,フルパンチでアヤーの後ろに落として,
カーレスは 再びスタートを 始めたように 気がついたのです カイル・ローが デイヴィッド・アームストロングから 高速打撃を受け サイド・プレーヤーグレゴー・ヘンリーを 5番目で撃った後です
スタル・ゲームスターは 料理店の新たなキャリアを 目指す準備が整っているようだ
フォード・キルナン"スター・ゲーム"は 営業の仕事を再開する準備が整っているようだ 営業会社の取締役に任命されたことが 明らかになった
56歳の彼は BBCの大人気番組で ジャック・ジャルビスを演じ 脚本家兼出演者で 長いコメディアンのパートナーである グレッグ・ヘムフィールと 共に演じている
双子座は9シーズンが最終回と発表しており キーランンは クレイグランの後の人生を 目指しているようだ
公式記録によると 彼はアドリフトモーン・ 株式会社の 取締役だ
俳優はコメントを拒んだが スコットランド・サン紙の情報筋は キアランがグラスゴウで成長しているレストラン事業に 手を貸したいと示唆した.
海洋は我々のものだ ボリビアは海にたどり着けないので 太平洋への出口を希望している
シーパスの海上センターで 巡航している
公共の建物には 海の色が掲げられています
ティティカカ湖からアマゾンまで,海軍の基地には, が鳴り響きます: "海は我々の権利だ.
返還する義務がある
19世紀の資源争いの際 チリが失った海岸の記憶は 海に接しないボリビア全体で 鮮やかに残っています 太平洋を再び開くという 憧れも残っています
ボリビアが5年ぶりの裁判の後 10月"日に国際法廷で判決を 待っている今 この期待は過去数十年にわたる 期待の高さにあるかもしれません
ボリビアの外交官 ロベルト・カルザディラは "ボリビアは勢いがあり 統一と平和の精神を持ち 勿論,前向きに期待している"と語りました
ボリビアの多くの市民が 巨大なスクリーンで 国際司法裁判所の判決を 見つめ, 裁判所がボリビアの立場に賛成して 判決を下すのを願っています. 交渉の長い後,
ボリビアのカリスマ的な先住民大統領 エボ・モラレスが 来年の選挙で争いのある選挙戦を 戦う中で 月曜日の判決から 利益を得られるかもしれません
"太平洋の回復を期待している"と 彼は8月下旬に約束した
しかし 裁判所がボリビアに 賛成する見込みは低いし 賛成すれば 状況は少し変わることはないと 分析者は考えています
フィリピンの領土を譲渡する権限は 持っていないし 交渉の成果を決定しないと 宣言した
国際司法裁判所の判決が 審議終了からわずか6ヶ月で 発表されたことは 事件は複雑ではなかったことを意味していると チリの国際法専門家である パズ・ザラテは言う.
ボリビアの利益を 推進する代わりに 過去4年間は 逆行したかもしれない
"ボリビアの指導者は,海へのアクセス問題に 関心を示している"と,ザラテは述べた.
モラレスが戦場を駆け巡った口説は チリ全土の善意を 葬り尽くした
交渉は極めて困難になります 交渉は極めて困難です
1962年以来,両国は大使を交換していない.
ボリビアの代表であるエドゥアルド・ロドリゲス・ヴェルツェ元大統領は 裁判所が極めて迅速に判決を下したとの見解に異議を唱えた.
交渉の時期が始まるという機会を, 共有の利益を得て139年の対立を終わらせる機会を, 提供すると述べた.
カルザディラはまた,モラレスが,まだラテンアメリカの最も愛される大統領の一人だと言うことを否定し,海事問題を政治手段として利用した.
"ボリビアは太平洋へのアクセスを決して放棄しない"と付け加えた
裁判は過去を乗り越えるための 機会なのです
北朝鮮は,米国を信頼できない限り, 核を放棄しないと述べた.
北朝鮮のリ・ヨンホー外務大臣は ワシントンを信頼できないなら 核を放棄することはないと 発言しました
リー氏は土曜日に国連総会に演説しました
シンガポールの首脳会談で 約束したことに 応えるよう 呼びかけた
声明は,北朝鮮の金正恩とのシンガポール会談から3ヶ月以上経った今, 核問題に関する外交交渉を再び開始し, 再び交渉を始めるようになっていると, 明らかにしている.
制裁は"空想"によって継続し 朝鮮戦争の終結宣言に対するアメリカの反対は 絶対に北朝鮮をひざまずかせないとリ氏は言う.
ワシントンは,北朝鮮が 核兵器の撤廃に 具体的な措置を講じない限り, 宣言を支持しない.
金氏とドナルド・トランプ大統領は 首脳会談の二度目の会見を望んでいます
しかし,北朝鮮が, 武器を放棄するという本気で, 安全保障の保証としてしか見ないという疑惑は広く存在しています.
ポンペオは来月 朝鮮半島を訪問し 金氏とトランプの2回目の会談の準備をします
パリのファッション雑誌は 巨大なヘッドカバーの最新作が 隣の高級品店の路上に 展開されていることを明らかにしています
帽子のコレクションをアップグレードしたいのか 完全に太陽を遮りたいのか 詳しくは調べて下さい
デザイナーである ヴァレンティノとトム・ブラウンは 春夏のヘッドカバーを 披露しました パリ・ファッション・ウィークで スタイルのファンに 感動を覚えました
この夏はインスタグラムで デザインが話題にされ デザイナーは 注目すべき作品を 投稿しました
ヴァレンティーノが作った 傑出したものは 羽状の広い輪郭で モデルが頭部を完全に 覆っている 大きいベージの帽子です
飾られた水晶や 魔法の帽子 そして もありましたが 暖かくするだけのものではありません
トム・ブラウンは 奇妙な仮面のコレクションを ハロウィーンに 準備していました
色のついたマスクは 唇を縫って ハニバル・レクターに似ていた
ひとつは ダイビングスーツの デザインで 呼吸器とマスクを装着していました もう一つは 溶けたアイスクリームを装着した カーンセットのようです
偉大な格言を フォローすれば 運は味方になる
デザイナーたちは 巨大な帽子が 近所の高級品店に 売れるかもしれないと予測しています
巨大な帽子は"La Bomba"の足元にぴったりと合っています リーハンからエミリー・ラタコフスキーまで 多くの有名人たちに着用されている ストラミの帽子です
超非現実的な帽子の背後に 象徴的なブランドが 流行の舞台に 登場し 巨大なデザインを新たに のストラームバッグを配りました
カーニャの色と白い革のハンドルで飾られた ザガシットオレンジ色のラフィーバッグは パリファッションウィークの2019年夏のコレクション ジャックメウス・ラ・リヴィエラに 展示されました
著名人・有名人のスタイリストのルーク・アーミタージはFEMAILにこう言いました "来年の夏には,大型の帽子やビーチバッグを 贅沢品店で購入することを期待しています"
ジョン・エドワード:世界の市民が求められる 言語能力
スコットランド独立学校は 学術的卓越の伝統を 維持しており 2018年には 優れた試験成績を重ね 運動,芸術,音楽,その他のコミュニティー活動における 個々の成功や 共同の成功を重ねました
スコットランド独立学校協議会 (SCIS) の代表として スコットランド全土で3万人以上の生徒を抱える学校は 学生や親御さんたちに最高のサービスを提供しています
独立系学校は 学生を高等教育や キャリアの準備に 備えさせ 世界市民に 変えようとしています
教育部門として 校内カリキュラムの 設計と実施を担うと 現代の言語は 学校で 好きな科目として 選ばれ続けています
ネルソン・マンデラは言いました "人の心に通る言語で話せば 頭の中に入ります"
母語で話しかけると 心に響く
この発言は,英語のみで 外国人の信頼や関係を築くことはできないことを 強く思い起こさせます.
独立校の生徒が 言語で最高の成績を出したことが 明らかになりました
外国語を勉強した生徒の68%が 優秀な成績を収めたのです
SCISの74校から集めたデータによると 72%の生徒が普通話で 優秀な成績を収めたのに対し ドイツ語学習の生徒の72% フランス語学習の生徒の69% スペイン語学習の生徒の63%が 最高の成績を収めたという結果が出ています
これはスコットランドの独立学校が 外国語を 未来の子供や若者に 必要な重要なスキルとして 支援していることを示しています
言語は選択科目として STEM (科学技術工学数学) の科目と 同じくらい重要だと考えられています
2014年に英国雇用・スキルの委員会が 実施した調査によると 雇用者の17%が 言語能力の低い労働力により 雇用の機会を逃していることがわかりました
言語能力は キャリアの準備に不可欠なものになっています
言語能力が求められる仕事が増えるにつれて グローバル化において 言語能力が不可欠です
言語を学んでいる人は キャリアのどんな分野でも 長期的にそのスキルの恩恵を受けられるでしょう
外国人と直接コミュニケーションをとるため 競合他社との競争力に優位です
2013年に YouGovが 成人者4000人を対象に 行った調査では イギリスの回答者の75%が 外国語を 十分に話せないことが判明し フランス語は回答者の15%が 話す言語で 回答者の2桁の割合が 唯一あります
言語学習への投資は 今日の子供にとってとても重要です
子どもの方が多くの言語を学ぶことで 特に発展途上国の言語を学ぶことで よい仕事を得る機会が 増します
スコットランドでは学校ごとに 異なる言語が用意されています
クラシック・モダン言語を 授業に含める学校もあれば 2020年に英国で最も重要になると考えられる言語を 選ぶ学校もあります
子どもの興味がどうであれ 独立学校には 選択の余地があり 専門知識を持つ教員がいるでしょう
スコットランド独立学校は 子どもたちが未来がどうであろうと 準備ができて 成功を収めるための 技能を備える環境を整えています
グローバルビジネスの時代では 言語の習得は国の将来にとって とても重要であり 教育にも影響を与えるべきだという事実を 忘れてはなりません
現代言語の知識は "国際的コミュニケーションスキル"として 捉えられるべきなのです
独立学校は スコットランドの若者に 言語の選択や 多様性 卓越性を提供し続けます
ちゃんとやっておく
ジョン・エドワードはスコットランド独立学校理事会の 理事長です
レブロンはサンディエゴで 初めてのラッカーズで 試合をします
観客はすぐにレブロン・ジェームズに 期待する 初めての試合の
レイカーズのルーク・ウォルトン監督が ジェームズを予選に連れて行きました サンディエゴで デンバー・ナージッツと対戦する
試合の時間はまだ不明です
"1分以上で48分未満"と ウォルトンはラッカーズの公式サイトに語った
レイカーズのマイク・トゥーデルは ツイートして ジェームズが試合を全勝負わないと 発表しました
練習の後 レイカーズの6試合の予選の計画について 回答をいただきました
"この段階では 予備戦は必要ない"
ツイッターで ツイッターで ツイッターで ツイッターで
ドナルド・トランプ大統領は 今夜,ウェストバージニア州ウィーリングで 大規模な選挙運動を開始します
これはトランプが来週予定している 5つの集会のうちの 最初の集会です テネシー州とミシシッピ州への短期訪問も含まれます
トランプは新任最高裁判官の 投票をまだしていないため 支持率を上げようとしています 共和党が11月の選挙で 議会の過半数を失ってしまう 危険があるからです
ウェストバージニアのトランプの集会は 何時に始まるの? オンラインで何時に見られるの?
ウェストバージニアのホイリングで 選挙戦が予定されています 午後7時 午後7時 東時間9月29日
ウェストバージニアでのトランプの集会は オンラインでYouTubeで ストリーミング配信されています
トランプ氏は今週の最高裁判所の 候補者である裁判官 ブラット・カヴァナウグの 性的虐待の疑いについて 議論を巻き起こした事件について 発言を控える予定で 連邦捜査局の捜査が完了するまで 承認決定を待たせているのは およそ1週間です
しかし,この一連の集会は, 共和党の 選挙戦を助長するものです.
トランプの選挙担当者は 来週に予定されている5回の選挙戦は 共和党が上院と下院で 支持者数を維持し 増強しようとしている 志願者数を増やすためだと発表しました
"議会の過半数を占めるのは 大統領の計画にとって 重要なことなので 選挙運動が活発になる中 できるだけ多くの国へ 旅行することになるでしょう"と トランプ選挙運動の広報担当者は 匿名でロイターに語った.
ウェスバンコ・アレーナ・ウィリングの 夕方会場は オハイオ州やペンシルバニア州からの 支持者達と 報道機関が集まる予定だ
トランプは今月2回目となるため 土曜日にウェストバージニア州を訪れる予定で 2016年の選挙で 40パーセント以上の得票率で勝利した州です
共和党の上院候補である ウェストバージニア州の パトリック・モリスィに 支援を申し出た
選挙で大統領に助けてもらえるとは モーリスにとって良い兆しではないと 西バージニア大学の政治学者サイモン・ヘイダールが ロイターに語った.
2018年ライダーカップ チーム・アメリカが 試合前に心をつけた
3つの単一セッションの後, 日曜日の午後,カップル同士の争いは, 恐らく,ライダーカップを 転覆させるべきものだった.
"運の輪は回転する" これはスポーツにおいて特に 運動選手が信じた言葉です
幸運の輪は誰の味方になるのか?
"6ポイントの優位だったのに 4ポイントになった" "今のところは幸運が味方している"
ヨーロッパのチームは4ポイントで勝っています 試合終了まで12ポイント残っています
スピースは アメリカに 励ましを添えたと 言うが 彼の対戦は ジャスティン・トーマスと 終戦で 4点のうち3点だった
スピースはテアからグリーンまで 絶好の試合を したので 模範に役立てられる
観客の歓声は高まり スピースとトーマスが2点差で 決勝戦を争った スピースが勝利を収めた
15ホールで優勝した レースの後 応援の叫びが上がりました 期待と信念を込めて アメリカ人は全てを 変えられるのだと
"集中して自分の試合に 集中するんだ"とスピースは言う
選手たちはこれしか残っていない
18穴から 祝うことができる
スピエットとトーマスより多くの得点を獲得した選手は フランチェスコ・モリナリと トミー・フリートウッドだ
ヨーロッパの奇妙で 強いカップルは ポイントを最大限獲得し 間違いを犯さない
唯一のカップルは 午後はボギーがなく 午後はボギーがなく 金曜日のバックナインも 逃げた
この勝利の連覇と フリートウッドとモリナリの 素晴らしいエネルギーが 日曜日の勝利を 期待している選手の2人であることを示すのです
勝った相手は 違う穴で勝った相手かもしれない
しかし,ヨーロッパ人の勝利を語るには,まだ早い.
ババ・ワトソンとウェブ・シンプソンは アレックス・ノレンと セルジー・ガルシアを すぐくわし 午前中のカップル戦で 素晴らしい表彰をしてくれました
ゴルフ場の最初の9つの穴に ボーギーと2つのダブルボーギーが... スペイン人とスウェーデン人を... 掘り起こせない穴に埋めた
しかし日曜日は 穴から抜け出すために 手を貸す人はいない
試合を親密に観察するのは 魅力的です 試合の相手のやり取りや 助言や助言の 違いを見ることができ 瞬時に変化する戦略を 学ぶことができます
ヨーロッパ人はチームとしてこれまでより良くプレーし 最終日には大きな優位を収めました しかしこの対戦は アメリカチームの 必要な戦力を持っていることを証明しました
ヨーロッパのライダーカップの最終日 勝率10:6
ヨーロッパの選手は土曜日の対戦後, ライダーカップの最終日に, アメリカを10:6で圧倒的に優位にしています
トミー・フリートウッドとフランチェスコ・モリナリが 勝利を収めた ティガー・ウッズに 2勝で 4ポイント差で優勝
2年前 ハーゼルティーンで奪ったトロフィーを 獲得しようとしていた トーマス・ビヨーンのヨーロッパチームは 3対1で勝った
アメリカは対戦で勝った 2試合で 格闘を勝ちました しかし,ポイント差は既に大きかったのです
優勝するには ジム・フューリックのチームが 8点を獲得し 12試合で勝利する
フリートウッドはヨーロッパ代表の初戦で 4点連続で勝利した最初の選手で, モリウッドとして知られるモリナリと, 素晴らしい週末の後, 双子の試合で 4点を獲得した2人目のカップルとなった.
ウォーズとパトリック・リードを 4ボールで倒した後に ウォーズとアメリカの初出場者 ブライソン・デシャンベアを 5対4で倒し
試合は2回で最悪だった ウッズは 素晴らしいプレーを見せましたが 敗者は4回戦と2回戦で29回戦で 19回戦と7回戦です
ジャスティン・ローズは 午前4分の4を休止して チームメイトのヘンリー・ステンソンと2人組で 試合を再開しました ダスティン・ジョンソンとブルックス・コペキーの2対1で
しかし,パリの南東の晴れの日,ヨーロッパ人は, 甘いことをしなかった.
3勝のジョーダン・スピースとジャスティン・トーマスは 日曜の試合で2点を獲得し チームを上位に据えました
フォアボールで2対1で スペインのジョン・ラフとイアン・ポウルトーを倒し その後 ポーターとロリー・マックロイを 4対3で 敗退した
ファイナル戦で4点落差したチームが2回 勝負に勝ったことがあったが フューリックのチームは 勝負を勝ち取るには 勝負だけが必要だった
2日遅れで 週末の反撃は 失敗に終わる
北朝鮮は"信頼関係がない限り 軍縮は不可能だ"と宣言した
北朝鮮の外相は土曜日に国連で 言ったのです "これ以上の制裁はアメリカに対する不信感を高めるとともに 朝鮮が核兵器を放棄する 可能性も無い"
核実験やミサイル実験を停止し 核実験施設を撤廃し 核技術や兵器開発を停止する決定を下した.
"しかし,米国からは満足のいく反応を 受け取れなかった"と彼は付け加えた.
合衆国への信頼がなければ 国家の安全保障への信頼も 失われることになる 状況下では 軍縮を独断的に 始めるわけにはいかない
リー氏は北朝鮮が ワシントンが 徐々に 制裁を撤廃する方向に 進んで進んでいくことに反発していることに 批判を繰り返しましたが 発言は重要なものとして 朝鮮半島が過去行ってきたように 核の片側を 放棄しないことにしました
リー氏は,金正恩とトランプが6月12日にシンガポールで行った,史上初の,現米大統領と北朝鮮の首脳会談で,共同声明で,金正恩は"朝鮮半島の核廃絶"を約束し,トランプは北朝鮮の安全保障を保証した,と述べたことを引用した.
北朝鮮は1950年から1953年の朝鮮戦争の 終結を希望しているが 米国は北朝鮮が核兵器を放棄することを条件として 合意した.
ワシントンは北朝鮮に対する 厳しい国際制裁を緩和する要求も無視した
リー氏は"米国は,核廃絶を優先し,制裁で圧力を増し,目的を達成し,戦争終了宣言に反対している"と付け加えた.
制裁が我々を倒すという認識は われわれについて何も知らない人々の誤った考えです
制裁が続くと 信頼が薄れていく
リー氏は,キムとトランプが, 国連で今週, 話し合っていることを, 明らかにしなかった.
しかし,彼は,金と韓国の文在が,この5ヶ月で3回会談したことに注意を向け, "もし,核廃絶が米国ではなく,韓国が求めたなら, 朝鮮半島の核廃絶は,こんな状況に陥らなかっただろう"と付け加えた.
報道官は昨年 国連総会で 言ったこととは大きく違いました 悪いトランプ大統領が キムを"自爆のミサイル"と 呼んだことによって 合衆国本土を 攻撃するミサイルが 避けられないと宣言したことです
昨年北朝鮮の"完全破壊"を脅したトランプは 今年国連で 核兵器の撤廃を進めてくれた キム氏を称賛しましたが 更に付け加えたのは まだまだ多くの作業が待っていると 制裁は北朝鮮の核弾道解除が 実現するまで継続しなければならないと
トランプは水曜日に 核の撤廃に 期限はないと発言し "それは2年か3年か5ヶ月かは関係ない"と付け加えた
中国とロシアは 国連安全保障理事会が 行動に報いを与えるべきだと主張した
しかし米国国務長官のマイク・ポンペオは木曜日に国連安全保障理事会にこう言いました "安全保障理事会の制裁措置の実施は 完全な,最終的な,検証された核の撤廃が実現するまで 厳格に継続されなければならない"
安全保障理事会は 2006年に 核開発と弾道開発の 資金提供を停止するために 統一的に北朝鮮に制裁を課しました
ポンペオは国連総会で リーと会談し 次回の会合の準備のため 来月また北朝鮮を訪問すると発表しました
ポンペオは今年3回北朝鮮を訪問しましたが この先の訪問はうまくいきませんでした
7月に北朝鮮から 脱出したところを 報告したところ 数時間後に北朝鮮から 呼び出されました
北朝鮮は,月曜日にムーンと会談を 予定しており,ミサイル基地と核施設の 解体については, 米国が"適切な措置"を講じれば, 実現される.
補足すると,金正恩は,この"相応の措置"は, シンガポールでトランプが約束した安全保障と,
ハーバード大学院生が 休憩の良い方法について 学ぶコースに参加
ハーバード大学の新しいコースは 学生に睡眠を充足させ コーヒーと睡眠不足の夜を 乗り越えるための 努力の表れです
学者によると 世界一の大学に通う学生は 普段から 基礎的な自己ケアを 怠っています
チャールズ・チェイスラー 睡眠科学の教授で ハーバード医学部 ブリガム婦人病院の 専門医は アメリカで初めてだと 考えている講座を企画しました
睡眠不足が学習に与える影響について 講演した後に 授業のアイデアを思いつきました
授業の終わりに ある女の子が 近づいてきて こう言ったんです "どうして今になって分かったの?
睡眠の重要性を 誰も教えてくれなかったと 言うのです 驚いたことに―
今年初めて開催された この講座では 睡眠習慣が 学生の学力やスポーツの成績や 整体的な健康に 寄与する方法を説明します
ハーバード・メディカルスクールの 精神医学教授で 保健医療の最高責任者でもある ポール・バレラは 睡眠不足が 週中に 深刻な問題になっている学生を 対象に講座を設けると 指摘しています
インタラクティブな課題の1つで構成されています
宿題の"つには 学生の寝室の画像があり コーヒーカップやカーテン 靴や本をクリックして コーヒーと光の効果や 睡眠不足が成績にどう影響するか 睡眠の重要性などを 調べるというものです
長期にわたる睡眠不足が 心臓発作や脳卒中や鬱病や癌のリスクを 増加させる可能性があることも学びます
インタラクティブアイコンで 生徒を誘う キャンパス地図が表示されます
学生の行動がすぐに変わることはないと 分かっています
しかし 教授は"喫煙が健康に及ぼす影響について 知る権利があるように 知る権利も 持っている"と付け加えました
試験前に徹夜で勉強する 文化は依然として存在すると 教授は言うが 現代の技術と 学生のプレッシャーが 睡眠不足が問題になっていることを証明している
ストレスや疲労や不安を 防ぐための 秘密兵器は 睡眠の質を保つことだと 教授は言います 睡眠不足は 肥満を防ぐのに役立ちます 睡眠不足は脳に 影響を与え 飢餓状態に陥り 飢えを招くからです
化学と生物学を学ぶカリフォルニア州の 19歳の学生 Raymond Soは 教授の授業を 始めてから 授業をデザインしました
キャンパス全体に広めるよう 励まされたそうです
更に次は 卒業生全員に 競合の大学に入学する前に 同じ科目で 卒業することを頼む
チェイスラー教授は学生に 睡眠と目覚め時の警報をつけることを勧めています 電子機器の画面から発せられる"青い光"や 睡眠障害を引き起こす"LED"が 睡眠リズムを乱す可能性があると
リンギングストーン ランジャーズ 1:0 メンギンのゴール ゲラードのボーイフレンド
ランジャースは,ドリー・マングの打撃で, ステヴン・ゲラードの欠点の守備を倒し, 勝利を収めた.
イブロックスチームは2月,セントジョンストーンで4:1で勝利した後の最初の外来勝利を狙っていたが,ゲイリー・ホルトのチームは18試合でゲラードの2度目の敗北を引き起こし,彼のチームはラッドブロックスプレミアリーグで先行したハートスの8点落後した.
メンガは7分前にゴールした しかしランジャーズは 打撃を失い 試合を収める気は出なかった
ランジャーズが6位に下がったリビングストンは3位に上がった ハイベニアンに僅差で
ランジェスに新たな問題が生じます ラインアジャーのカラム・スペンスは 遠隔操作で物体を投げたことで 頭に怪我をします
ジェラードは8回のヒップチェンジで アイルを横切って 決勝戦まで進んだ
ホルトは,リビングストンの同じ陣で,先週ハートスを攻撃した. 彼は,彼の良い姿勢が,相手のあらゆる攻撃を 抑え込めたことを喜ぶだろう.
ランジャーズにボールを奪った リーブンストンはもっと勝ち取った
試合の2分後には 試合終了が決まった. スコット・ピットマンがゴールに突入する. しかし,彼はこのチャンスを逃した.
キーガン・ジェイコブスの 深いフリークソットは 隊長 クレイグ・ハルケットに 打ち切られたが 防衛の同僚のアラン・リトゴウは 誤った打撃を 後ろの陣に 送れしかなかった
ランジャーは一度は 支配権を握ったが 試合の最終1/3は 期待と信念の違いを
アルフレド・モレロスも 間違いなく 裁判官は 彼に15分11点で 罰を下すべきだと考えていた スティーヴン・ローレスとの衝突のあと でも スティーヴン・トンソンは コロンビアの要求を 考慮しなかった
ランジャーズは前半に2回 球をゴールに 送ることができたが イブロックスの元ゴールキーパーである リアム・ケリーに ラサナ・クーリバリーの首打ちと オヴィエ・エジャリアの 愚かな打撃は大きな問題ではなかった
34分間のリビングストンの プレーが遅くなったとしても 努力は否定できない
ランジャーズはまた ディープボールで 落第した
スコット・アーフィールドは反応しなかったが,デクラン・ギャラガーがボールをスコット・ロビンソンに与え, シュートを保持し,
ゲラードは休憩中に反応し,クーリバリをライアン・ケントに替えた. プレーヤーはモレロスの球を投げつけた.
リースゴウとハルケットは 長い打撃を重ねて 試合を繰り広げました
ゴルフの最終回に リードを伸ばしたけど マクレゴーは ライトゴウが コーナーから飛ぶ前に 効果的にジャコブスを撃退した
ランジェルスでグレン・ミドルトンが 再び11番を打った. ジェイコブスと交差したため. しかし,トムソンはまた目をそらした.
ゲイガーカウンターを発明
続いて1882年9月30日日 未来物理学者の ヨーハンズ・ギガーの誕生です
放射能を検出し測定する方法を開発し その発明から ゲーガー計と呼ばれる 装置が生まれました
ゲイガー計は当時から 科学の拠点として 流行文化の中心地として 位置づけられました 1950年の映画 『コロラドの鐘』では ロイ・ロジャースと デイル・エヴァンスが 主演しました
じゃあ,これは何?
これはゲイガー計で 放射性鉱物を検出します ウランのようなものです
耳鳴りで 鉱物の中の 放射能に反応する原子の音が聞こえます
聞こえるよ 聞こえるよ
ハンズ・ガイガーは1945年に亡くなりました 63歳になる数日前です
しかし彼の名前の発明は 生きているのです
抗がんワクチンは 免疫システムに"悪細胞"を 見せつけさせる 能力を持っています
免疫系が悪質細胞を認識し 破壊する方法を 教えてくれるのが ガンに対する新薬
ワクチンは 治療の一環として 免疫系に 悪い細胞を認識させる方法を教えます
免疫細胞を患者の体から取り出し 実験室で交換する
多くの癌に共通するタンパク質を 検出するために治療され 患者の体内に再注射されます
実験的なワクチンは 様々な癌の患者で 期待される結果を示しています
免疫システムに 悪い細胞を 識別する方法を教える ワクチンで治療を受けたある女性の卵巣の癌は 18ヶ月以上 回復しました
患者は免疫細胞を採取し 実験室で 癌の多くの種に共通するHER2というタンパク質を 検知するために 細胞を交換し 再注入する
メリーランド州ベセスダにある米国国立がん研究所で 教授のジェイ・ベルゾフスキー氏は "我々の研究結果は ワクチン開発に 大きな希望を示している"と語りました
HER2は乳がん,卵巣がん,肺がん,大腸がんなど いくつかの癌の成長を促します"と ベルゾフスキー教授は説明しています
免疫細胞を患者に与え 癌細胞を認識させる方法が ある種の白血病の治療に 成功したことがわかりました
カニエ・ウエストはサタデー・ナイト・ライブで 話題に飛び込み,トランプを応援し,
良くなかった
カニエ・ウエストはサタデー・ナイト・ライブで インタビューの後に スタジオに呼び出され 2020年の大統領選で 候補を申し上げるという 演説をしていました
"ゴーストタウン"という歌を歌った後 "アメリカを再び偉大な国にする"という帽子をかぶった 彼は民主党に反発し
"白人と話すたびたび 言うんです" "トランプが嫌いな奴は人種差別主義者だ"
"人種差別が心配なら 長い間アメリカを離れていただろう"
サタデー・ナイト・ライブは 冒涜的なコメディで始まり マット・デイモンが ブルート・カヴァナウグが 司法委員会で 性的虐待の証言をしたことを 嘲笑した
放送されなかったものの,ウェストの演説のビデオを, コミック作家クリス・ロックが ソーシャルメディアに投稿した.
ロックがウェストに 迷惑をかけたのかどうかは 明らかではない
舞台裏で 帽子に投げられたと 観客に訴えました
舞台裏で 嫌がらせを受けていた
"この帽子を持ってどこにも行かないで"
嫌がらせされた
ワシントン・エグザミナー紙に 伝えられているように 私は溺死しました
"底を見たい?"とウエストは続けました 彼はスーパーマンを 服を着るつもりで
愛で試してください
Varietyは彼のコメントが少なくとも2回,観客の不満を招き,Saturday Night Liveのメンバーは恥ずかしくなったと報告し,ある人は『スタジオ全体が静まりました』と記した.
ウェストはアリアナ・グランデの 代わりとして招かれました 彼女の元彼氏は マック・ミラーが 数日前に亡くなりました
ウェストは"I Love It"を歌い ペンキ瓶のペリエの格好で 驚愕を覚えた
保守派のグループ"TPUSA"のリーダーであるCandace Turnerは ツイッターで"最も勇気ある精神を持つ人々"に"マフィアに逆らうことに感謝"と 投稿しました
番組主任のカレン・ハンターはツイッターで "ウェストはただただ" "素晴らしい"とコメントした
しかし私は, (彼の音楽,服,芸術を) 購入することで, 私のコミュニティに有害なイデオロギーを 支持し広めていると信じている人を, 褒美にすることはありません.
放っておいた
"私たちも"と彼女は付け加えた
番組の前,ラッパーはツイッターで 名前を改めたと発表しました 彼は"正式にカニー・ウェスト"と 呼ばれるようになりました
名前を変えてディディの足跡をたどった 最初のアーティストは ではありませんが プフ・ディディや プーフィー・プ・ディディなどとも呼ばれています
シンフォニー・ラップの仲間は スヌープ・ドッグ スヌープ・ライオン そして もちろん 亡くなった音楽の名人 プリンスは シンボルに名前を変えて 芸術家になった
ベルファストのレストランで ナイフで人を殺した
45歳の男性が 金曜日に ベルファストのレストランで 男を暗殺した容疑で 逮捕されました
警察はバリーハコモアで 事件が起きたと報告した
容疑者は月曜日に ベルファストの刑事裁判所に 提出される予定だ
控訴は検察が検討する
劇団のスター キット・ハリントンが 毒性男らしさで 汚れた
キット・ハリントン は HBOの 暴力的な中世のファンタジー映画 『ゲーム・オブ・トローンズ』で 剣手であるジョーン・スノウを演じて 知られています
しかし31歳の俳優は ヒーローのマッチョのステレオタイプを 否定し こう言った テレビの役は 少年たちを 尊敬するために 頑固にならなければいけないと感じさせる
The Sunday Times Cultureにインタビューしたキットは"何かが間違っていた"と確信しており #MeToo時代の有毒な男性性の問題に対処する方法について考えていた.
ゲーム・オブ・トローンズで活躍した 31歳の同僚のローズ・レスリーと 最近結婚したキットは この問題に対して"とても強く" 取り組むことを決意したそうです
"私は今,男らしさのどこが 間違っていたかについて 強く感じています"と 彼は自問しました
成長するにつれて 男に教えていたことと 今私たちが直面している問題との関連性とは?
毒性男性性の増加に 責任があるかもしれないと 基は考えます
生まれながらにあるものと 学んだものとは
テレビや街頭で 教えられていることによって 男の子は男らしさの 特徴を 持つべきだと 感じられるの?
現代の大きな問題の一つは どのようにしてそれを 変えられるかということです
明らかに 少年たちは 悪いところを犯している
また,インタビューでは,次の夏のシーズン終了後に『ゲーム・オブ・スローンズ』の続編を 撮影しないと認め,戦場や馬を 終わらせると語った.
キットは11月より 監督のサム・シェパードの 『真西』の新作に 出演します 監督は映画製作者の 兄弟の強盗を
俳優は最近 自身の妻のローズと出会ったことが 舞台で最高の出来事だと 告白しました
"妻と出会ったのは この番組の撮影中に 家族と未来の人生ができたから"
ローズはエミー賞を受賞した ファンタスティック・シリーズで イグリテ役を演じました 王子の恋人 ジョン・スノウ
レスリー・ファミリーのスコットランドにある 土地で 2018年6月に結婚した
HIV/AIDS:中国では新規感染者数が 14%増加
中国ではHIVとAIDSの感染者数が 14%増加したと発表しました
医療従事者は,国内で820,000人以上の人が感染していると言っています.
2018年第2四半期だけでも 約4万件の新規患者が報告されました
感染者の大多数は 性交で感染しています これは過去と比べると 変化です
過去には中国では 感染した血液を輸血することで HIVが急速に広がっていました
ユナン州の会議で 中国保健当局は この方法でHIVを感染する人は ほとんどいないと発表しました
しかし毎年 HIVとAIDSの感染者は 10万人増えています
性的感染は中国LGBTコミュニティの 常の問題です
中国では同性愛が 1997年に合法化されましたが LGBTの差別は 深刻な問題です
調査によると 保守的な価値観が原因で 男性と性交する男性の 70%から90%が 後に女性と結婚するとされています
感染の多くのケースは 性的関係中の不十分な保護によって起こります
この問題に対処するため 中国政府は 2003年に 医薬品の無料配布を 約束しました
マキシン・ウォーターズ氏は 共和党議員の情報を 公開したことに否定し "危険な嘘"と"陰謀説"と 非難した
連邦議会のマキシネ・ウォルターズ議員は 土曜日, 共和党議員の3人の個人情報を スタッフがウィキペディアに 公開したという主張を否定しました.
ロサンゼルス民主党議員は この主張は ウェブサイトや"右派"の個人によって 広められていると 確信しています
"嘘 嘘 そして もっと ひどい嘘"と ツイートしたウォーターズ
公開されたデータは ユタ州出身の リンジー・グラハム上院議員と マイク・リー・ホッチャの 住所と電話番号を含んでいたそうです
報道は木曜日に ネット上で公開されました 裁判所の審議で 裁判所の最高裁候補者 ブリット・カヴァナウグの 性犯罪の主張が 議論されました
連邦議会で3人の上院議員が カヴァナウグに質問した後に 情報が漏れた
保守的なサイトである Gateway Punditと RedStateは 議員の事務所のIPアドレスと 議員のスタッフの情報源を公表したと The Hill紙は報じている
"この根拠のない主張は 完全に誤りで 完全に虚偽だ"と ウォーターズは続けた
嘘や虚偽の情報によって 機密情報や安全性が 損なわれた スタッフの責任は 漏洩の責任にはなりません
根拠のない主張は 完全に誤りで 完全に嘘です
ウォーターズ氏の発言は オンライン上で 批判的反応を浴びたようでした その中には元ホワイトハウス議長 アリ・フライシャーもいました
"これは激しい否定だ" フライシャーが書いた
ウォーターズには 議会で働く 才能がないことを示す
犯行のない罪を犯した人は 怒るべきではない
逆らわないで
訴状の動機を 疑うべきではない
落ち着いて 落ち着いて
民主党がカヴァナフ判官を批判した 内容と比べると 判事は木曜日の審問で 怒りを表していた
ウォーターズと競っている共和党候補の オマール・ナヴァロも ツイッターでコメントを投稿しました
"それが本当なら 重要なことだ"と
ウォーターズは声明の中で 偽の主張について 司法当局や治安当局に 通知したと述べています
"犯罪者が発見され 法律上の責任が 課せられるよう 努める" "私の全職に 害を及ぼし 危険を及ぼす行為に対して"
再び任務に 興味が薄い ロワーン・アトキンソン 諜報員と戦っている
脱退に関するメッセージが求められるのは,イギリスの新作映画でもあり,また,アクションシリーズの新作『ジョニー・イングリッシュ』でもあり, 『ジョニー・イングリッシュ』というタイトルで, 『ジョニー・イングリッシュ』というタイトルで, 『ジョニー・イングリッシュ』というタイトルで, 『ジョニー・イングリッシュ』というタイトルで, 『ジョニー・イングリッシュ』というタイトルで, 『ジョニー・イングリッシュ』というタイトルで, 『ジョニー・イングリッシュ』というタイトルで, 『ジョニー・イングリッシュ』というタイトルで, 『ジョニー・イングリッシュ』というタイトルで, 『ジョニー・イングリッシュ』というタイトルで,
国民に 価値のないことを 誇示する風刺が 国の新たな輸出機会になるのか?
眼と顔の不器用なジョニー・イングリッシュは 再び 状況を複雑にする許可を得ていますが 彼の名前は
明らかに彼は 変な秘密捜査官で 変なの魅力にもかかわらず 巡査のクロウソウを 思い出させてくれる のミスター・ビーンのような 性格を持ち 2012年のロンドンオリンピックの オープニング会で "炎の戦車"を歌った男を 思い出させてくれる
彼のキャラクターは 旅人のインスピレーションを元に作られていて アトキンソンはかつて 忘れ去られたバークライカードの 広告で 混沌の象徴として演じたのです
この映画には 魅力的な場面がいくつかあります
喜んだのは 中世のを被ったジョニー・イングリッシュが ヘリコプターに近づき 旋風が彼のヘルスヘッドに ぶつかった時だ
アトキンソンの身体的なコメディの才能は明らかだが,ユーモアはかなり無趣で,そして,特に今,『真面目』のタイトルである『007』や『MISSION IMPOSSIBLE』は,コメディの要素を提示している.
ユーモアは子供向けで 大人向けではないと 感じられるので ジョニー・イングリッシュの 突飛な脚は 革新的で 集中的なものではありません
イギリスが深刻な問題に直面していると 認識されているのは 既知の事実です
ハッカーがイギリスのスパイの秘密の ウェブに侵入し 全英国捜査官の身分を明らかにした 任務中の捜査官の恐怖を 短時間演じる ケビン・エルドンが 演じる
首相の忍耐を 失ってしまったのです 首相は 政治的憎しみのせいで 体制が崩壊しつつあるのです エマ・トンプソンは テレサ・メイを 忠実に描こうとしていますが
諜報担当の顧問が 活動中のスパイが全て 漏らされていることを伝え 引退した諜報員を 復職させることを要求する
そしてその人は 慎重に注意を向けるべき ジョニー・イングリッシュという 頭とで 立派な学校の校長として働いていますが 秘密裏に諜報員になる方法を教えています
緊急会議に連れて行かれ 再びベン・ミラーが演じる ボフと出会う
ボフは現在 潜水艦の指揮官に 結婚している 役者はビッキー・ペッパーディーンで 潜水艦の指揮官は 潜水艦の指揮官に結婚している
そして,この2人の秘密の諜報員, 完全に間違ったやり方で, 再び活動に復帰し, 素晴らしい女性,オフェリア・ブルレトに遭遇します.
一方,首相は, 魅力的な技術系億万長者の影響を受けています. 彼は,イギリスのコンピュータ問題を解決できると主張しています. 悪いヤソン・ウォルテは, ジェイク・レイシーが演じています.
ベル・イングリッシュとボウは 奇妙で笑える衝突で 旅を始めます ベル・イングリッシュは ウェイトレスに変身して 豪華なフランス料理店を燃やし ボルタの豪華ヨットに 侵入して大混乱を引き起こし ボルタの家の内側を 仮想現実のヘッドホンで 調べようとしたことで 完全な無秩序を招くのです
作品の最終回には 完璧に仕上げられていますが 魅力的で 誇張的な映画であるにも関わらず 子供的な要素が 少なくありません
実に中途半端な 実現でした
そして,他の映画でもあったように, ジョン・イングリッシュの映画でも, 私は疑問に思った, イギリスの映画産業は,
労働党は,英国人が週4日労働を 週5日労働で 給料を支払うという 計画を立てていることを否定している
ジャーミリー・コービンの労働党は 週に4日働く英国人を5日労働に 報酬を支払うという 徹底した計画を検討する
労働者は,AI革命の節約を 企業経営者に伝え, 労働者に余分な休業日を与えたいと 要求している.
従業員は3日の休日と 給料の平等に 支払われるようになる
党の経済計画と 労働者の利益に合わせて 計画している
労働組合会議は 労働者が経済の変化から 利益を得る為の4日制労働制の 変更を支持しました
労働党の高官はサンデー・タイムズ紙に"政策の見直しは 年末までに発表される"と伝えた.
4日制労働は 一夜にして実現する事ではなく 労働者の利益のために経済を均衡させるという党のアプローチと 党の産業戦略に合致するものです
労働党は 初の支持者ではありません 緑の党は 2017年の総選挙のキャンペーンで 4日制労働を約束しました
しかし,労働党は,この傾向を完全に認めていない.
労働党の広報担当者は"週4日制は 党の政策ではないし 党はそれを考慮していない"と発言した.
影の議長ジョン・マクドネルは 先週の労働党の会議で 社会主義革命のビジョンを 練り上げました
マクドネルは 権力を奪うことを決めたと言いました 役所での"役員"と"利益"の
シャドウ・チャンスラーの計画は 水道会社の現在の株主には 完全に返済できないことも意味しています 労働党の政府は 明らかにされた不当行為に基づいて "控訴"を起こすかもしれません
また 従業員を取締役会に 入れることや 株式会社で 従業員に10%の株式を与え 従業員に500ポンドの年配当を支払う ための 資本金も成立させると 提案しました
リンジー・グラハムとジョン・ケネディが60分に インタビューで カヴァナウグの捜査が 国民を説得するかどうかについて
FBIの捜査は ブラット・カヴァーヌグの 司法上の指名について 最低でも1週間延期した 連邦最高裁判所の 候補者投票は 共和党上院議員の 支持を引くことになる
"60分"のコラボレーション担当のスコット・ペリーは 共和党の上院議員であるジョン・ケネディとリンジー・グラハムに "FBIが何か発見して 意見を変えられる可能性はあるか"と尋ねました
ケネディは南カロライナ州出身の同僚より 率直に発言した
"もちろん"と ケネディは言った
裁判の途中で言った カーヴァナフ判事と話をした
事件が起きた後 事件が起きた後 電話して 聞いたんです "やったの?"
決心した 頑固で 明確な意味を持っていました
グラハムの声は 石に刻まれたような
"私はブレット・カバナフの件で 固執しているし 強い告発がそれを 変えるだろう"
フォード博士 何が起こったか分かりませんが ブリットは断固として否定しています
 容疑者の名前は誰も確認できませんでした
36年経った
変化したとは見えない
貧困削減に何か貢献したのでしょうか?
この土曜日は ニューヨークで "グローバル・シティーズン・フェスティバル"が開催されます 恒例の音楽祭で 素晴らしいスターが集まり 世界を貧困から救うという 素晴らしい使命が掲げられています
セントラルパークには 何十万人もの人が集まり ジャネット・ジャクソンや カーディ・Bや ショーン・メンデスのようなスターの演奏だけでなく 究極の目標である 極度の貧困を2030年までに 終わらせることを 意識しつつ
2012年に始まったグローバル・シテジン・フェスティバルは グローバル・ポヴェルティ・プロジェクト (Global Poverty Project) の延長で 貧困と闘う人々の数を増やすことで 貧困を終わらせることを目指している 国際的な活動グループです
コンサート参加者は,イベントの無料チケットを手に入れるために (VIPチケットを支払わない限り) 複数のタスクや"活動"を遂行しなければなりませんでした. ボランティア活動,世界リーダーへのメール,電話,あるいは,貧困撲滅の目標に対する意識を高めるための, 理にかなった方法などでした.
グローバル・シチズンは 目標を達成するのに 12年しか残っていないのに どれだけ成功しているのでしょうか?
無料のコンサートで 人々に報酬を与えることは 行動を促すための 効果的な方法なのか それとも オンラインの請願書やツイートで 変化をもたらすと 感じる"クリック・ティビズム"の 単なる例なのか?
2011年より,Global Citizenは,様々な目的を掲げる,その支持者の1900万以上の"行動"を記録していると主張しています.
グローバルリーダーが 約束や政策を発表したことで 2030年までに20億5千万人以上の 生活に 影響を与える37兆ドル以上の 資金を調達できると主張しています
2018年初頭には グループが390の債権と声明を出した その活動から生じたもので そのうち少なくとも100億ドルが既に支払われ 集まっていた.
グループによると 保険が直接影響している人は 世界中で約6億4900万人です
重要なコミットメントは"The Power of Nutrition"という イギリスの投資家と事業主によるパートナーシップで "子どもたちが 潜在能力を発揮できるように支援する"というものです. 世界中から4700以上のツイートを集めて,
"英国政府,ドナー,各国の政府,そして世界中の皆さんのお手伝いをして 貧困の社会的な不平等を 史上の一角に変えることができるのです"と トレイシー・ウルマン"栄養の力"財団の 代表は 2018年4月にロンドンで開催されたコンサートで語った
グループはまた,母親と子供の栄養を改善するために 5000以上の行動を取った後,政府はプロジェクト"The Power of Nutrition"の資金提供を発表し,
ウェブサイトでよく聞かれる質問の"つに答えます "極度の貧困を終わらせられるのか?"
グローバル・シチズンはこう答えます "長い道のりであり 困難でもあるが 失敗も経験する"
しかし,私たちは成功するでしょう. 偉大な市民権運動や,アパレッタイドに反対する運動が, 成功したように,私たちより強くなるからです.
ジャネット・ジャクソン,ウィケンド, ショーン・メンデス,カーディ・B,ジャネル・モナエの出演は, デボラ・リー・フーネスとヒュー・ジャックマンが主催する,
合衆国政府はロシアからのエネルギー輸出を阻止するために 海軍を"封鎖石"として使うかもしれない
ワシントンはロシアから中東を含む市場への 石油の流出を阻止するために 必要な場合には海軍を 動かす可能性があると ワシントンエクスガミナー紙に 国内政大臣の ライアン・ジンケが 明らかにした.
シンケは,ロシアがシリアに介入していることに気づきました. シリアの合法的な政府の要請を受けて, 外国から新しいエネルギー市場を探索している理由です.
"ロシアが中東にいるのは,東ヨーロッパやヨーロッパ南部で 石油を売りたいからだと 思う"
しかし 彼には この問題を解決する 方法や手段があるという 意見があります
"アメリカ合衆国は海軍の支援で 海路を開け 必要な場合は封鎖を施す" "アメリカ合衆国は海路を開け 必要な場合は封鎖を施す"
消費者エネルギー同盟 (Consumer Energy Alliance) という非営利団体が主催したイベントで 演説した
ワシントンのアプローチをロシアとイランと比較し 基本的に同じだと指摘しました
石油の利用と交換はイランとロシアの 経済的選択肢だ"と発言し,ロシアは"化石燃料に依存した経済において 同じトリックを用い"ると述べた.
声明は,トランプ政権が 石油をヨーロッパに輸出する 計画と一致したもので, 石油をロシアに輸出する 計画と一致した.
この点において トランプ政権の役人たちは 合衆国大統領ドナルド・トランプ自身も ベルリンを説得しようとしています ベルリンがモスクワの囚人になったという ニュートン・ノートンによる "不適切な"Nord Stream 2の計画から 脱出するように
モスクワは繰り返し 強調してきた 既存のパイプラインの容量を 倍増する 110億立方メートルの 価値のある "Nord Stream 2"は 純粋に経済的なプロジェクトだ
政府の反対は 経済的な理由から 競争の不公平な行為だと
"私は,エネルギーが圧力の手段であってはならない,消費者は供給者を選ぶべきだという考えを共有している"と,ロシアエネルギー相,アレクサンダー・ノヴァク氏は, 9月にモスクワで米エネルギー相,リック・ペリーと会談した後に述べた.
アメリカはドイツに反応し 再びこのプロジェクトに コミットしました
業界をリードするドイツ企業連盟 (BDI) は アメリカにEUのエネルギー政策や ベルリンとモスクワの双国間協定から 離れようと呼びかけました
"第三国が我々のエネルギー供給に 干渉する事は大きな問題だ"と BDIの代表ディーター・ケンプフは ドイツのメルケル首相と ロシアのプーチン大統領の最近の会談で述べた.
エリザベス・ウォーレンが 2020年の大統領選を 検討中だと マサチューセッツ州上院議員が語る
連邦上院議員のエリザベス・ウォーレンが 土曜日に 発言しました 中年選挙の後に 大統領候補を"真剣に検討"すると
マサチューセッツ州ホリョークの市民会議で ウォーレン氏は 選挙に出馬する考えを示した
女性がワシントンに来て 崩壊した政府を 修復すべき時だ それは女性を率いる意味だ
"11月6日以降 私は大統領選への候補を 検討する"
ウォーレン氏は大統領ドナルド・トランプの 意見を表明しました 彼は国を誤った方向に導いていると
"ドナルド・トランプが民主主義に していることには ひどく心配している"と彼女は言いました
ウォーレン氏はトランプ氏と最高裁候補者 ブラット・カバナウグを 批判しています
投票前にFBIの捜査が必要だと
しかし木曜日に発表された世論調査によると ウォーレン氏の有権者の多くは 2020年に 立候補すべきではないと 考えているという.
選挙調査を担当したサフォーク大学政治研究センターと ボストン・グローブの調査によると マサチューセッツ州では 投票者の58%が
支持率は32%だった
民主党の支持率は前知事デヴァル・パトリックの 38%,48%と上昇しました
2020年の大統領選挙で 民主党候補として 議論されているのは元副大統領 ジョー・バイデンと ヴァルモント州上院議員 ベルニー・サンダースです
バイデンは"月までに正式な決定を下すと アソシエテッド・プレスに報告した.
サラ・パリンがトラク・パリンを 紹介する
トラック・パインは9月にイラクに 軍を派遣して"年
逮捕され, 家庭内暴力事件で 起訴されました
"息子が経験していること 復帰後の経験は 他の家族と比べると ストレス障害や 兵士が帰還した時の傷を 経験しているのと 同じだ"と オクラホマ州ツルサで ドナルド・トランプ大統領選の 演説で語りました
パリンは彼の逮捕を 沈黙の普遍的な問題と称し 息子や他の戦いの退役軍人について "少し違う姿で帰国し 硬直し 仲間たちである兵士やパイロットや 軍隊が この国をくれたことに 敬意を払うか"と
ウォッシール州で逮捕され 女性に対する家庭内暴力 家庭内暴力の通報を妨害し 酒に酔った状態で 銃所持の罪で起訴されたと
18州とDCが 難民政策の見直しを支持
18の州とコロンビアは ギャングや家庭内暴力から 逃亡する被害者に 難民の提供を拒むという 合衆国政府の新政策を 法律上 異議視する立場にいます
18州と地区の代表が 金曜日にワシントンで 難民申請の支援を申し出た 政策を異視する難民申請者に対し
連邦政府の政策を非難する米国公民自由協会の 訴訟の原告の名前が 明らかになっていない
彼女はパートナーと 暴力的な仲間が 虐待していると訴えたが 7月20日にアメリカ当局が 彼女の庇護申請を 拒否した
彼女はテキサスで逮捕された
グレイスを弁護した検察官は 移民者の多くを 引き寄せているエル・サルバドルや ホンジュラス, グアテマラを ギャングや家庭内暴力が 蔓延している国だと指摘しました
移民委員会が2014年に 決定した方針を 改定したことで 難民申請は 家庭内暴力から逃れた 移民の許可を得られるようになりました
連邦検察官のカール・ラシンは 金曜日の声明で 新規政策は "州,連邦,国際法の 数十年にわたる 法律を無視している"と述べた
連邦法では 難民の申請は 訴訟の具体的な事実や状況に基づいて 裁かれるよう規定しており 裁判所の友人報告によると 障害は 原則に反している
弁護士たちは さらに 移民入国を拒否する政策が アメリカ経済に 損害を及ぼしていると主張し 移民が起業家になり 必要な労働力を確保する 可能性が高くなると主張した
司法長官のジェフ・セッションズが 移民裁判所に 指示しました 6月までに 家庭内暴力や ギャングの暴力から 逃れる被害者に 難民の受け入れを停止するように
難民は 迫害や恐怖のせいで 国を離れ 民族,宗教,国籍,社会集団や政治的意見に 偏った人たちに提供されます"と セルフ・セッションは 6月11日の声明で述べました
難民の庇護は 解決すべき問題― 世界中で日常的に直面する 深刻な問題でさえ 解決すべきではありません
パルウで救助活動が 途絶え 犠牲者は2倍に増える 生き残った人々を捜し出す
生き残った人々は 状況が悪化するにつれて
"情勢は緊張している"と 35歳の母親 リサ・クスマは 被害にあったパルーの避難所で 熱で震えをきたした息子を慰めて言いました
救急車が毎分 遺体を運び出しています
政府が 清潔な水を不足している
住民は 破壊された家に戻り 洪水で壊れた家の中を駆け抜け 捜索を続けて 捜索を続けて 捜索を続けて
何百人もの負傷者が出たし 病院は7.5の地震で 壊滅的な被害を受け 病院は混み合っていました
負傷者の中には背中と肩の骨折を 経験したドヴィー・ハリスもいますが 病院の外で休んでいました 患者は外で治療を受けています
涙が溢れ 彼の妻と娘と5階のホテルで 震えが強いのを 目の前で感じたと
逃げ場がなかった
"私は壁の瓦に 閉じ込められたように思う"とハリスは Associated Pressに語った
妻が助けを呼んでいるのを 聞こえたが 静寂が続いた
彼女と私の子供に何が起こったか分からない
安全な場所にいてほしい
アメリカ大使が中国を非難する"広告の嫌がらせ"
"週間前に,中国政府の新聞が 4ページの広告を掲載しました. アメリカと中国の貿易を促した. アメリカ大使は,北京を非難しました.
トランプ大統領は水曜日に アイオワ州で売れている デスモイン・レジスタの 付録紙"China Daily"を非難しました 中国が11月6日の米国議会選挙に 介入しようとしていると非難したことで 中国が否定したことです
トランプの北京が米国選挙に 干渉しようとしているとの非難は ロイター通信の 米当局者による声明で ワシントンが中国に圧力をかけようと キャンペーンを拡大する新たな段階だと 指摘された
外国政府が貿易促進の広告を出すのは当然ですが 北京とワシントンは 貿易戦争に巻き込まれ 輸入関税を上げています
貿易戦争が始まって 中国が反撃したのは 輸出国である アイオワ州のような 共和党支持者の 影響力を大きく減らし 狙ったものだと 中国とアメリカの専門家たちは言います
中国に対するアメリカ大使,そして長年アイオワ州知事を務めたテリー・ブランスタッドは, 農業を中国に輸出する主要な国である, 北京がアメリカの労働者,農家,企業に 損害を与えたことを明らかにした.
ブランドスタッドは,デス・モイン・レジストルの 日曜版に,中国が"今,我々の自由報道機関で 宣伝広告を出すことで, 嫌がらせを倍増させています"と書いています.
"中国政府は,アメリカの伝統を 活かして,言論の自由と報道の自由を 広めようとしています. "
"対照的に 北京の路上新聞の売り場では 反対の声はほとんど見られず メディアは中国共産党の 圧力を受ける中 中国国民が抱く 懸念される経済状況について 異なる意見を持つことは 反映されることはない"と
記事の出版を拒んだとも付け加えたが,どの新聞か明らかにしなかった.
カバナウの失敗は 共和党の選挙を遠ざけた
性的虐待の件で 連邦最高裁の候補者,ブレット・カヴァナウグに 多くの共和党議員が支持し 擁護しているため, 分析者は,これは,中期選挙の際に,特に女性たちにとって,
感情は激しく 共和党の支持者が 投票を続ける傾向にある
戻れない"と シリアカスのマクスウェル大学の 政治学教授 グレート・リーハーは 記事に述べた
リーハーは,アリゾナ州上院議員のジェフ・フラークが FBIの捜査を 強く求めていることが, 怒っている有権者を安らかにさせるのに十分だと疑いを抱いている.
"女性たちは昨日起きたことを忘れません 明日も忘れません" "また11月も忘れません"
金曜日の朝,抗議者たちは"来ます11月"を歌いながら, 参議院の廊下で抗議し, 司法委員会を統制する共和党は,カバナフの任命を継続する準備をしていました.
民主党の熱情とやる気は 予想以上に高いと ニュースで言う スタウ・ローテンバーグ 党派別の政治分析家
高いレベルだと 言う人もいますが それは本当です
しかし 高い割合で 選挙人数は増えるかもしれません 特に郊外の女性や 18歳から29歳までの若年層の投票者にとって 選挙は重要ですが 選挙に参戦する人は少ないのです
フォードが 性的暴行を訴えたことを 詳細に説明する公的な証言を される前に 分析者は共和党が 承認を続けるなら 否定的な反応が起きると 示唆しています
"これはビッグ・オールド・パーティーの 混乱だ"と 元共和党全国委員会委員長の マイケル・スティールは 先週NBCニュースに語った
"これは委員会投票や 最終投票や 川野氏が 予備役になったかどうかだけでなく 共和党がどう対処したかや どう扱われたか"と 民主党の選挙支援団体である Priorities USAの 責任者Guy Cecilは ニュースで述べた
しかし フォードとカバナンの証言を聞いて アメリカ人は誰を信じるか 分かれているようですが フォードとカバナンの証言を聞いて アメリカ人は少しだけカバナンの方に 傾いているようです
YouGovが発表した新しい調査では 回答者の41%が フォードの証言を 確信しているとか 確信している可能性が高く 35%が 確信しているとか 確信しているとか 確信しているそうです
さらに38%は カーバナウが 証言中に嘘をついた可能性が あると回答し フォード氏もそうだと回答した人は30%でした
フォードが主張した事件を FBIは捜査中だと ガーディアンは報道しました
フォードは先週 参議院司法委員会で 宣誓証言した 事件はカバナウが 17歳の時 酔っぱらって襲ったという
ラミレスは,最高裁判官候補が 1980年代にヤールで パーティーで自分の 器官を披露したと主張しています.
ウェブの発明者は ウェブを立ち上げようとしています
ウェブの発明者ティム・バーナーズ・リーが 新しい会社を立ち上げ FacebookやAmazonやGoogleに 競争する企業にしようとしています
テクノロジーにおけるこの伝説の最新プロジェクト Inruptは Berners-Leeのオープンプラットフォーム Solidをベースに開発している会社です
ユーザーがデータを保存する場所と 特定の情報にアクセスできる人を選択できるようにします
Fast Companyとの独占インタビューで,バーナーズ・リーは,Inruptの背後にある意図を, "世界支配"と笑いました.
"今それをやるべきだ"と スタートアップを思って言った
"これは歴史的な瞬間だ"
ソフトウェアは Solid の技術を使って ユーザが独自の"個人ネットワーク データベース" (POD) を作れるようにしています
連絡先リストや 予定リスト カレンダー 音楽ライブラリ 個人的なツール 専門用ツールなども 保存できます
Googleドライブ Microsoft Outlook スラック Spotifyが ブラウザで同時に利用できるようなものです
オンライン個人データ保存の ユニークな点は ユーザーが 完全に自分の情報にアクセスできるという 決定に委ねられていることです
会社はこれを"データによる個人の強化"と呼んでいます
インラプトの目的は 会社のCEOのジョン・ブルースの 言葉を借りれば 会社には 資源とプロセスと 適切なスキルを用意して ソーリッドを 誰もが利用できるようにすることです
現在 この会社は バーナーズ・リー ブルース IBMが買収した セキュリティプラットフォーム プロジェクトに契約した数人のエンジニア そして ボランティア コミュニティーから成っています
この週から 世界中の開発エンジニアは Inruptのウェブサイトで ツールを活用して 独自の分散型アプリケーションを 開発できるようになりました
バーナーズ・リー氏は,彼と彼のチームは,FacebookやGoogleと 徹底的な変革を進めるかどうかについて 話し合っていないと述べています. ビジネスモデルが一夜にして 完全に転がされるような変革を.
許可は要らない
メディアの投稿で ベルナーズ・リーは 社長は "Solidの新ネットワークの 健全性と品質を 守るために 商業的なエネルギーとエコシステムを 提供するという使命"
1994年 マサチューセッツ工科大学で ワールド・ワイド・ウェブを設立し インターネットの変革を図りました
半年前から ウェブ中立性に関する議論で 影響力のある発言を している
Inruptを立ち上げると同時に バーナーズ・リー氏は World Wide Web Consortium,World Wide Web Foundation,Open Data Instituteの 創設者兼 取締役会長として 務め続けます
"私は,インターネットの次の時代について,とても楽観的だ"とバーナーズ・リー氏は付け加えた.
ヴィクトリア十字を授与された 牧師の
唯一,ヴィクトリア十字を授与された英国教会の司祭の 記念は,彼の故郷の 100年後に行われました.
ベルングリスとレハュートへの攻撃で 賞品を勝ち取った
しかし4日後に彼は狙撃手によって殺され イギリスの最高勲章を授与されたことを 知らなかった
石碑は2人の孫が 土曜日に シュデンのパレードで発見した
孫のマイケル・ヴァンは この石が 祖父の功績の 100年後に 発見されることが "とても象徴的だ"と 語り
1918年9月29日,ロンドン・ガゼット紙によると, ヴァン中佐が, 戦闘場と機関銃の方向から 激しい砲撃を受け, 密度の高い霧の中,  batalyon を 指揮していた.
後,彼は前線に駆け込み, "驚くべき勇気"で, 部隊を率いて, 単独でポーランド砲を撃ち,
1918年10月4日 ドイツの狙撃手により ヴァンンン中尉が殺害されました 戦争が終わって1ヶ月が過ぎた日です
祖父の業績は"私が成し遂げられないようなもの"で "謙虚に励まされるもの"だと 言ったのです
彼と彼の兄弟のジェームズ・ヴァン博士も 式典の後に 飾りつけをしていました 式典はブレントウッドの 帝国青年団の オーケストラが指揮しました
"真の英雄の勇気は,多くの人々の支持によって示される"
ミックス・アーツのファンは 夜も寝ず ベラター 206を 見ていたのに 代わりに ペッパ・ブランチを 貰った
寝てから寝てから 試合の連続を見ていたら 試合の最終回を見られなくなる
サンホセでは13戦の試合が開催され,その内6戦はメイン戦で,イギリスでは夜にチャンネル5で放送された.
午前6時 ゲガード・ムーサシとロリー・マクドナルドが 対戦を準備していた頃 イギリスの視聴者は衝撃で 放送が切断された
戦闘のせいで 夜更かしが終わって 驚く人も少なくなかった
ツイッターで"これはひどい冗談だ"と 描いた人がいます
"国の規制では 午前6時に放送は禁止" "子供向けの番組に変更"
ジュッピー ピーピー ピーピー
ベルラータ社の社長であるスコット・コッカーは, 予定を調整して,将来的にイギリスから来た観客を 集めるつもりだと述べています.
"再編を考えるなら 解決できるだろう"とコッカーが言う
でも,放送は日曜日の6時に, 放送が終わるまで,何も実現できない. 週末の放送は,月曜日になる.
取り組んでいる
信じてください 通信が切れた時 送信はたくさんありましたが 友好的なものではありませんでした
修理しようとしましたが 工夫の問題と判断しました
政府の問題だ
次はそんなことない
半日間で5試合を 決めても 試合は6試合で終わり ファンに もっとやるよう 努力したけど 勝てなかった
事故のせいじゃない
トム・デイリーは 性的指向が劣っていると感じていた
オリンピックの水中ジャンプ選手 トム・デリーは 性的嗜好が原因で 劣等感を抱きながら育ったと語るが 成功を収める動機となった
24歳の彼は 高校に入るまで "みんな私みたいに"だとは 気づかなかったと語る
ラジオ4の"Desert Island Disks"で ローレン・ラヴァーネが 発言したところによると 彼は"他の人に恩返しするために ゲイの権利について話す"
彼はまた オリンピックでの勝利は 父親の誕生以来の 重要性が低下したと言いました
常連の番組の主役の カースティ・ヤングは 病気のため数ヶ月 休職を...
ラベル番組の初回に出演した デイリーは 成長するにつれて "自分は他のみんなより価値が低い"と感じたと語りました なぜなら"男の子と女の子を同じく愛することが 社会的に受け入れられない"だったからです
"今のところ 私に優位性や成功の秘訣を 与えてくれたのは 劣等感や 他者との違いでした"
彼は自分の存在を証明したいと 願っていたそうです 性的であることを 発見した時に 失望を招くようなことはなかったのです
2度目のオリンピック銅メダリストは LGBTの代表的な支持者になり,オーストラリアの今年のコンウェルウェルサークル大会での公演を活用し,同性愛者の非犯罪化を求めるために,
彼はこう言いました "自分が幸せで 公開で 影響を受けることなく 生きていることに 満足しているから" "他人に" "何か" "与えたい" と
3回の世界チャンピオンだった彼は 2013年に出会ったアメリカ映画監督の ダスティン・ランス・ブラックと 恋に落ちたことに驚きました
デイリーは昨年 20歳年上の オskar受賞者と結婚しましたが 年の差は問題ではありませんでした
14歳のときの初めてのオリンピックを振り返り 3年後 父親が癌で亡くなりました 彼は自分の年齢で 同じような 経験のあった人を見つけることは難しいと言いました
6月に ロバート・レイ・ブラック・ダレーという 息子が生まれました ダレーは"全部の見通し"が 変わったと語りました
"去年,もし私に聞かれたら, 金メダルを勝ち取る必要があっただろう"と
オリンピックの金メダルより 偉大なものもある
ロビーは私のオリンピック金メダルです
息子は父親のロバートと 同じ名前で父親は2011年に 40歳で亡くなりました 脳の腫瘍と診断された後です
デイリーは父親が死ぬことに 耐えられなかったと 話す. そして最後に尋ねるのは 2012年のロンドンへのチケットを 持っていたかどうかだいた.
"でも,お父さん,あなたは,ここに来られる時間がないわ. 前に立つには,ここに来られないわ"
"彼が息を止めて死んでしまうまで 私は彼の手を握っていた" "そして彼が無力ではなかったことを 気付いた"
翌年 デイリーは2012年オリンピックで 銅メダルに輝きました
"私はそれが私の生涯の夢だったことを知っていた オリンピックでホームの観客の前でジャンプする, 感じることは何よりも素晴らしい"と彼は言った.
オリンピックの準備中に響いてきた最初の歌のヒザー・スモールの『Proud』の選りもきっかけで いつも心に残る歌です
"デーツレット・アイランド・ディスク"は BBCラジオ4で 毎週日曜の11時15分に放送されます
レイダーカップのサッタデー
アメリカ人のフィル・ミッケルソンは 日曜日に 記録を更新します レイダーカップ47回目で
ミケルソンは 2年ぶりの大会で 12回目となる記録的なプレーをしています 試合の最後に チームメイトのジム・フューリックが 4本足で 試合を終了しました
五連覇の優勝者は 試合の中心には 立ちないようになって 毎日練習し 試合の仕方を磨き 悩みを解決しようとしていました
精度が高くても 48歳の彼は 高度が高くても 厳格なル・ゴルフ・ナショナルには 適さない
陸地が怖くないとすれば ミッケルソンは日曜日の9試合で 準優勝の フランチェス・モリナリと対決する
勝負の4点落差で 12試合を制したアメリカが 熱いスタートを取れば ミッケルソンの試合は 絶対的な決定的になるかもしれない
ファーリックは彼の男を信頼していた 余計に自信が持てなかった
"彼は自分の役割を完全に理解し,私の背中を撫で,私の腕をかぶり,明日は準備ができると言った" フューリックは言った.
信頼感が強い
彼は有名人で チームに多くの貢献をしてきた
試合を2回やるなんて 思ってもいかない
想像していたのは もっとたくさんだ でも そうなったんだ
野外に出たいんだ みんなみたいに
ニック・ファルドの 記録を更新する
これは彼のライダーカップの キャリアを終わらせるかもしれません 彼の個人的な業績を 達成したことはないのです
ミッケルソンは18勝20敗7半の記録を 持ち続けていますが フューリックは彼の存在が チームに無形的な価値をもたらしたと 言うのです
"彼は面白くて 皮肉的で 冗談を言うのが好きで チームに素晴らしい男だ"と 彼は説明しました
ジュニア選手は今週も楽しかったと思うよ
彼はゲーム以上のものを提供しています.
ヨーロッパの船長トーマス・ビヨンは すぐには 優位が失われることを知っています
ヨーロッパの隊長であるトーマス・ビョーンが 経験から分かるのは ライダーカップの最終日の 勝者優位は 厄介なレースに 転じやすいということです
デンマーク人は1997年のヴァルダーラでの試合でデビューし,セヴェ・バレステロスのチームはアメリカ人に5ポイントの優位を勝ちましたが,試合は141⁄2 〜131⁄2の差で勝利しました.
"我々はバルダーラムで大きな優位性を有していたことを常に思い出すだろう. ブルックリンで大きな優位性を有していた, 負けた,そしてバルダーラムで, 勝利した,しかし, 狭い差で",と,
歴史は,私やチームに, 終わりではないことを教えてくれる.
明日は全力で 試合をやる
フィールドに出て 必要なことをやるんだ
床の平面が平らになるまで 完成しない
目標が決まりました 優勝を目指すのです
話を進めながらも 注目しているのは 12人の選手が チームの一員であることを 認識している一方で 目の前にいるのは 世界一の選手たちだと 認識している
ゴルフの厳しいコースで 選手たちのパフォーマンスを 嬉しそうにしていたビヨンは "このコースでは 絶対に ゴルフを 逃げるつもりはない"と付け加えた
明日,違う獣と対峙する
明日は主人公演だ 違うよ
仲間と遊ぶのは楽しいけど ひとりで遊ぶのは ゴルフの才能が 試される
選手たちに伝えたいのは 明日 プレーして 頑張れということです
チームメイトもベストを尽くすから 諦めて
試合の反対側にいる彼の同僚である ジム・フーリクは チームメイトの3ポイントを 獲得したジョーダン・スピースと ジャスティン・トーマスを除いて チームメイトの3ポイントを 獲得した選手の4ポイントを 獲得するよう要求します
フューリックは最後の日のこの大きな転換の 両端にいました ブルックリンで優勝したチームの一員だった彼は 敗戦に追い込まれたのです
"私はその言葉のすべて覚えている" 彼は1999年のベン・クレンショウの 選手の応援を聞かれたとき 言った
明日は12試合あるけど ブルックリンやメディナで 素晴らしい成績を 出したかったら
特定の方向に 進んでいると 足の真ん中に 大きな圧力が加わります
魔法をやってみたいみたい" みたいな感じで並べたんです
トーマスは対戦をリードし ロリー・マックイロイと対戦する. ポール・ケイシー,ジャスティン・ローズ,ジョン・ラフマ,トミー・フリートウッド,イアン・パウルターが ヨーロッパの選手と対戦する.
"この順番で チームを組むことにした" "これは全ての人達にとって 重要なことだ"
ドイツの新艦が再配置
地方メディアによると,ドイツ海軍の最新型フリゲートは 2014年に冷戦時代の古い艦船を 置き換えるために投入される予定でしたが, システムの故障やコストの上昇のために 少なくとも来年まで準備が整えられなくなります.
艦隊の新艦である"Rheinland-Pfalz"の投入は,第1次戦艦となる"Baden-Wuerttemberg"級の新艦の出荷が,2019年上半期に延期されたと, 軍報道官の情報によると, Die Zeit紙は報じた.
2014年に海軍に入隊する予定でしたが 輸送後の問題により 計画が困難になりました
2007年に海軍から注文された4隻のバデン・ヴュートルベルク級船は 古いブレメン級のフリゲートに 取って代わられる
強力な砲弾と 防空ミサイル 潜水艦ミサイル そして 低周波 低周波 低周波 低周波 低周波 低周波 低周波 低周波 低周波 低周波 低周波 低周波 低周波 低周波 低周波 低周波 低周波 低周波 低周波 低周波 低周波
重要な特徴は 長期にわたる維持期間です 最新の fregatesは母港に戻らずに 2年までの期間配備できるはずです
しかし,遅延が続いていたら,最先端の戦艦は 海外でのドイツ軍の力行使の 手段として 採用されるまでに 時代遅れになるだろう,と"ザイツ"は指摘する.
運が悪いF125は 去年 ニュースになった ドイツ海軍が 艦を退役させることを 拒否し 艦をハンブルクにある ブローム・ワス造船工場に 返還したことで
艦隊が納入後に 造船会社に船を返還したのは 初めてのことだ
返還の理由についてはほとんど知られていませんでしたが ドイツのメディアは 重要な"ソフトウェアとハードウェアの欠陥"を 挙げていました
ソフトウェアの欠陥は特に重要だった. バデン・ワートベルゲの艦は,古いブレメン級の艦船の半分ほど,約120人の乗組員によって操縦される.
艦は劇的に重過ぎるので 効率が低下し 艦隊の将来的な改良を 制限されます
およそ7000トンの "レインランド・パファルツ"は ドイツが第二次世界大戦で使用した 同級の船の2倍もの重量があると考えられています
欠陥のあるハードウェアに加えて 全体の費用 ― 乗員訓練も含め― も問題となっています
価格が310億ユーロ (約30億円) に達したと伝えられています 価格は22億ユーロから上昇しました
最新型艦の問題は 特に重要になって 警告されたように ドイツの艦力は縮小しています
防衛委員会長であるハンズ・ピーター・バルテルは 今年初めに 軍の艦船は 配備可能な艦船が 存在しないことを認めた
役人はこう言いました "この問題は 徐々に増えてきたのです 古い船は廃船され 代替船は存在しなかったからです"
退役軍に所属するバデン・ヴュルツェンベルク級の 艦隊が空軍に 合流できないことを 遺憾の意を表した.
秘密のバット生活 盗聴
高い山の土地で 新たに調査が進められています 目的は,バチがどうやって 土地を餌食に利用しているのかを 明らかにすることです
発見が 飛ぶ哺乳類の 行動に新たな光を当て 将来的な保護活動に 役立つことを期待しています
スコットランド国立財団の 研究チームは ウェスター・ロスにあるインヴェルウェの 緑の長鼻や川のの のを調査します
特殊な記録装置が 敷地内の重要な場所に設置され 季節のラット活動を監視します
NTSのスタッフとボランティアも 手持ちの検知機で 移動検査を行います
音声分析の専門家が 録音した音の頻度や 特定の種のバットが 投票しているかを調べるのです
詳細な行動パターンを 作成します 詳細な行動パターンを 作成します
NTSの自然保護顧問のロブ・デワールは この研究結果によって バットにとって 最も重要な生息地と その種の利用方法が 明らかになると期待しています
草原の形成や や関連種の森の面積の 維持の方法など 住環境管理の恩恵を 特定するのに役立ちます
イングランドやスコットランドの バット数は 過去100年に渡って 減少しています
保護区の建設や 開発作業が原因で 絶滅の危機に瀕しています
風力タービンや照明も 危険となりえます 防虫剤や 建築材料の化学処理や 猫の攻撃もです
ブラインドは 盲目ではない
しかし夜間狩猟の習慣で 獲物を捕まえるには 耳の方が目より 役に立ちます
超高性能のエホロケーション技術で 虫や障害物を 飛行の途中で発見します
重要な公園38カ所と 土地7万6千ヘクタールの管理を担当している 国のバットには 特別な関心があります
訓練を受けた専門家が10人いて 定期的に調査や避難所の調査や 時々救出を行っています
スコットランド初のバット保護区を 設立しました スコットランドに生息する10種のバットのうち8種の 住居地となっている ドンフリーズとガロウェイの トレイの土地です
管理者のデイビッド・トンプソンは 土地が理想的な 場所だと言っています
"ここスレアバは 蝙蝠の宿である"と彼は言った
古い建物や古い木々や 良き生息地がある
しかしバナナについて まだまだ多くのことが わかっていないので ここや他の施設での研究が 更にバナナが進歩するために 何が必要か 解明する助けになります"
建物内のメンテナンス作業が始まる前にバットがいないか確認することが重要だと 強調しています 巣を無意に破壊すると 400匹の雌バットと幼虫が死に 地域の全人口が 絶滅する恐れがあるからです
野生のクジラを 保護しているので 野生のクジラを殺す,拷問, 嫌がらせ, 保護区を破壊することは違法です
スコットランド・バット保護協会の 代表のエリザベス・フェレルは 市民に助けを求めました
"バチについて学ぶべきことは まだまだ多くあるし 種の多くは 集団がどう進化しているのか 分からない"
レイプの容疑を否定するロナウド 弁護士がドイツ紙を訴える
クリスティアーノ・ロナウドは レイプの訴えを"偽ニュース"と称し 自身の名を宣伝する為に 宣伝をしようとしていると批判した.
彼の弁護士は,ドイツ語の雑誌" Der Spiegel"を訴えるつもりで, 報道した.
ポルトガル・ユヴェントスの 攻撃者は2009年に ラスベガスのホテルで アメリカ人女性 カトリン・マヨルガを レイプした容疑で 起訴されています
事件を隠すために 37万5千ドルを支払ったと 報道されました
起訴の2時間後に142万人のフォロワーに 投稿したビデオで 33歳のロナウドは 容疑を"偽ニュース"と批判した.
違う 違う 違う
偽ニュースだ"と 五連覇のゴールドメイトが カメラに映し出しました
宣伝に私の名を 使うつもりだ
普通のことです
名前で有名になりたいけど それが仕事の一部
"私は幸せで,幸せだ"と 笑顔を浮かべて 選手は付け加えた.
ロナルドの弁護士は Der Spiegelを訴える準備を進めています 事件は"プライバシー侵害に関する 報道の不適切な行為"と 非難されています
弁護士のクリスチャン・シュートツは 選手は"道徳的損害賠償を 請求する"と発表しました "この違反は過去数年の 個人的な権利の侵害の どれよりも 大きいものでしょう"
事件は2009年6月に ラスベガスの パームズホテルで 起きたとされています
クラブでの会談の後 ロッナウドとメイリガは 選手の部屋に戻った 後に彼は 選手の部屋に戻り 犯人は女性を 門でレイプしたと 文書で示された
マジョルガは 事件の後に 膝を下ろして "99%は良い男だ"と 言ったと 証言する
文書によるとロナウドは 両親が性交を 確認したが 合意していたと
病院で彼女の傷を撮影したのですが 裁判外で和解を合意したのは 報復を恐れて,公的に屈辱されるのを心配していたからです
34歳の女性は 事件の後に傷を負ったため 和解を断念したいと 言っています
攻撃の際にマンチェスター・ユナイテッドから リオ・マドリードへの移籍を 迫っていたロナウドは この夏,イタリアの巨人ジュヴェへ 移籍しました
自動車産業の喪失を 永遠に後悔する英国
ビジネス大臣のグレッグ・クラークは,英国がブレグジット後,世界自動車生産のリーダーとしての地位を失うことを永遠に後悔するだろうと語りました.
更に彼は,もし英国がEUを離脱しなければ, ダービー近郊のバーンストンにある工場の生産を一時的に停止すると,トヨタUKがBBCに語ったことが"懸念"だとも述べた.
"取引が必要なんだ"とクラークは言った
自動車メーカーは 国境で待たされる影響が 雇用の減少に繋がる可能性があると
ブルンストン工場はトヨタ・アウリスとアヴェンシスを生産しています 昨年15万台近く生産し その90%は欧州の他の地域へ輸出されました
"私の見解は,もし英国が3月末にEUを離脱すると 合意がないと,工場の生産が停止する"と,トヨタのバーンストン社のマージー・クック氏は述べました.
自動車業界は 合意もなしにEU離脱が 国境を越えた貿易に与える影響について懸念を表明しており 自動車のメーカーとしては ホンダ,BMW,ジャガー・ランドローバーが 挙げられます
例えばBMWは ブレグジット後,オックスフォードにある ミニ工場を1ヶ月間閉鎖すると発表しました
自動車メーカーにとって最大の懸念は 合意のない離脱のサプライチェーンに 伴うリスクです
自動車の生産ラインは"時間通りに" 機能しており 部品は37分ごとに 注文車に配備する英国やEUの サプライヤから届きます
もし英国が 3月29日にEUを離脱すると 国境の切断が起こり 業界は遅れや部品不足が 起きると言っています
デルビシャー工場のトヨタは 一日分の物資しか 持たないので 生産は停止されるという
クラーク氏は,テレサ・メイが提案した"Chequers"計画が, 国境のチェックを避けるために, 精密に調整されたものであると述べた.
"我々は合意しなくてはならない.可能な限り最高の合意を得たい. それは,現在の成功を維持するだけでなく,この機会を利用できる"
 豊田だけでなく 他のメーカーからの 証拠は この非常に成功した 供給チェーンを 継続できるはずだと示しています
生産停止の期間については 明らかにできませんでしたが 長期的には 工場の競争力を低下させ 最終的には雇用を減少させるという 警告がありました
労働組合の"ユニテ"のメンバーであるピーター・ツーヴァラリスは 24年間バーンストンで働いたことがあるが 労働組合のメンバーはますます心配していると言いました "私の経験では 仕事を辞めたら二度と戻らない"
政府の広報担当者はこう述べています "EUとの将来の関係について 明確で信頼性の高い計画を立てました"
トランプのロゼンスタインとの会談が また延期される可能性があると ホワイトハウスが発表
ドナルド・トランプ氏が ロード・ロゼンシュタイン副司法長官との 重要な会談を "週間延期する可能性がある" とホワイトハウスは発表しました
選挙にロシアが介入し トランプの関係者とロシアとの関係を 妨害したとして捜査している
トランプが副検事官を 解任させるとか ミュレルの独立性を脅かすのかという問題は ワシントンで数ヶ月間 噂を呼んでいた.
今月初めのニューヨークタイムズは ロゼンスタインが ワイヤーを使って トランプとの会話を記録し 25番目の修正案で 大統領を排除する可能性を 議論していたと報じた
ローゼンシュタインはこれらの主張を否定した.
しかし,彼は,月曜日に, 辞任の発表をされながら, ホワイトハウスへ行った.
その代わりに木曜日は トランプ大統領との会合が予定されていました 当時彼はニューヨークの 国連にいました
トランプはロゼンシュタインを 解雇したくないと言いましたが 会議は延期されました 裁判の審問に巻き込まれるため 参議院司法委員会で 証言したカバナウと 性的暴行容疑者の女性であるクリスティーヌ・ブラシー・フォードが 証言を交わすためでした
金曜日,トランプは カバナウフに対する 連邦捜査局の捜査を 週1回,命じた. 更に上院の投票を 延期させた.
トランプの報道関係者 サラ・サンダースが Fox Newsの 日曜放送で
会議の予定を聞かれたら 裁判所の事に関して 会議の予定は決まっていないが 今週に決まることもある
報道の準備はしてる
ジャーナリストの中には 反対論者もいますが サンドアは9月10日から ホワイトハウスで 記者会見をしていません
番組の司会者のクリス・ウォレスに 理由を尋ねました
報道記者会が欠けているのは 番組の"劇的な行動"に 嫌悪感があるからではないと サンドースは言うが "私は 番組を放つことに 反対する気はない"と
報道とトランプの 直接接触が 増えると示唆しました
"大統領は今の大統領よりも 会議を多く開いて質問に答えている"と 彼女は言う.
短く言えば,まだあるだろう,とサンダースは言った. しかし,ジャーナリストがアメリカ大統領に直接質問をする機会を得ることは, 私と話すよりもずっと良いことだ.
ここ数週間で皆さんが見られるように 合衆国大統領との会談は 短時間記者会見の代わりになります
トランプはホワイトハウスから外出する際や 公開会議や 訪問した高官との 記者会見で 定期的に質問に答えています
独立記者会見は めったにない
今週ニューヨークで 大統領は 自由に 時には奇妙な発言を 記者会見で示した
英国保健大臣がスコットランドの国民保健サービス (NHS) で働くEU人に対し,ブレグジットへの恐怖を訴える手紙を送る
保健大臣はEU職員に手紙を送り スコットランドNHSの職員に感謝の意を表し 離脱後も残ることを願った
スコットランド議会の議員であるジーーン・フリーマンは 退欧の6ヶ月前にも 文書を送信しました
スコットランド政府は既に 住民の申請費用を 賄うことを約束しています 住民の申請費用は 住民の申請費用を賄うことを約束しています
フレマン氏は手紙でこう書いています "英国とEUの離脱交渉は 夏に続き 今秋の決定に迫る 準備が進んでいる"
しかし,英国政府は,合意の無いシナリオの準備を強めている.
難しい時期だったと思うけど
スタッフの皆さんの 貢献を 改めて感謝したいと思います 国籍に関係なく
医療の質を高め 患者や地域社会に 役立つ経験と技能を 提供しています
スコットランドは絶対にお家です 滞在をとても望みます
首の怪我をすると 緊急手術を受けた
テネシー州立タイガーズの ラインナップ選手のクリスティオン・アバークロンビーが 緊急手術を受けた ヴァンダービルト・コモドレスに 敗戦した結果
ティネシーのコーチのロッド・リードは 記者団にこう語った 負傷は半球直前に起こった
"彼はプレーの場まで来て 倒れた"
コーチと医療スタッフは アバークロンビーを 路上端で酸素を与え 運び台に載せ 検査を進める前に
田舎のナッシュビルにある WSMVのクリス・ハリスに 田舎の田舎の田舎の大学代表が話したところによると アバークロンビーは ヴァンダービルト病院で手術から 回復していたという.
ハリスは"傷の種類や程度については 詳細は不明"と付け加えており "テネシー州は 傷の発生時刻を 調べている"と付け加えた.
アバークロンビー,選手としての2年間の経験を持つ3年生, イリノイからテネシー州立に転入して,最初のシーズンをプレーする.
試合終了前5回で シーズン全体で18回 敗退
海外の顧客はイギリスで不動産を購入する際に 高い手数料を請求されます
保守党の新たな計画では, 外国からの購入者に対して, 高い税金を課せ, 住居のない人々への援助に,
選挙の若者を巻き込むコルビンの 成功を左右する
増税は英国で税金を払っていない人に課される
財務省は 年間1億2000万ポンドもの資金を 貧困者支援に充てると考えています
Theresa Mayは今日 外国人購入者に対して 高い賃貸料を課し 余剰の資金は 住居のない人たちに 援助するために使えると発表します
ジュニアの若者有権者への 支持を否定する試みとして 受け入れられるでしょう 住宅の安価化と 高収入の住居を 目指すという約束で
税額を上げることは イギリスの納税人や企業から 徴収され 追加金は 政府のホームレス対策に 役立てられます
追加料金は 発行のために購入した他の住宅や不動産に 2年前に導入された増税を含め,現在の料金に追加されますが 追加料金は3パーセントまでまででなければなりません
財務省は,この動きによって,年間1億2000万ポンドの 資金を集めると期待しています.
住宅購入者の13%が英国に居住していない人達によって購入されていることが推定されています. 住宅購入者の価格が上昇し, 住宅購入者の社会に組み込むことが難しくなっています.
富裕な地域の多くは - 特に首都は - 外国人の多数は"亡霊都市"に なっています
この新しい政策は ボリス・ジョンソン氏が 料金削減を呼びかけ 数多くの若者が 最初の家を持つよう 支援した数週間後に発足したものです
彼は,大手建設会社が土地の利用ではなく 土地の利用によって 高い不動産価格を維持していると非難し, メイ夫人に 住宅価格の割引を放棄するよう呼びかけ, "英国の住宅問題に対する恥を" 修正するよう求めた.
住宅改革の提案を発表した 賃貸規制と 強制退去の廃止
住宅建設の権限を 議会に与えたいと
"昨年 私はイギリス人の夢を 実現するために 選挙期間を捧げると言いました " "新しい世代がよりよい人生を 送ってくると"
崩壊した住宅市場を直すというものです
イギリスはいつでも 住み,働きたい, 生活を築きたいという人々に オープンです
しかし,英国人以外の個人や 海外に拠点を置く企業が,英国人のような 優遇で家を買うことが正しいとは言えません.
住居の夢は遠く離れていて ホームレスという恥は現実です
スコットランドを統治するのも私の究極の野心です
サンドランドのボス ジャック・ロスによると 彼の究極の野望は いつかスコットランドの 監督になる事だ
イングランド代表のスコット (42) は リーグ3位で3点落として 復活する北東部の挑戦を楽しみました
この夏 スタジアムに引っ越した セント・ミレンは 再びスコットランド・チャンピオンシップを 制した
選手として自分の国のために プレーしたいんだ
"B"キャップを貰ったんだ"と ロスはBBCスコットランドに語った
でも私は子供の頃 父と一緒にハンプデンで スコットランドを眺めながら育ったので 戻ってきたのです
でも クラブの運営に 成功したなら チャンスが手に入る
サンドランド監督の先行者はディック・アドボカート,デイビッド・モイス,サム・アルディース,マーティン・オニール,ロイ・キーア,グス・ポエット,ポール・ディ・カニア
アロア・アスレチカの元監督は "恐れは感じない" "彼は偉大なクラブの 代表的な存在を継ぐ" "バーンズリーやイプスウィッチ・タウンでの 招待を断った"
クラブをプレミアリーグに戻すのが私の目標だ
組織や内容により 間違いなくプレミアリーグに属している"
容易には行かないが クラブを再びそこに 連れて行くなら 成功を収めたと思う
監督としての3年目の仕事で ドンバートンで副監督を務めたことと ハーツのコーチングスタッフで15ヶ月間働いたことと
セントミレンは 落選から回復し チャンピオンになった
ロスは言うには クラブのキャリアで 今まで以上に快適に 感じられる
"それは本当に交差点だった" "アロエを手に入れたことを思い出した"
演技よりも 管理が私の好みだと 信じていた
奇妙な話ですが 私はうまくいき 収入もよくありました
しかし,ゲームは難しいかもしれません.
週に一度のことです
ストレスや仕事のプレッシャーに 苦しんでいるのですが 管理職は ちゃんとやっているようです
管理したいと思ったことですが 今ややっています 自身の体でより快適に感じています
インタビューの内容は 9月30日 (日) の スポーツサウンド放送で 放送予定時間12時~13時
完璧な時間とは 土曜日の5時半です
暑い夏の暑さで 財政的に困っている イギリスの居酒屋の収入は上がりましたが チェーン店の圧力は高まりました
酒場は7月の収入で2.7%増の レストランは4.8%減の 売上高を記録しました
データを収集した会計監査役事務所の ビジネスコンサルタントであるピーター・マーティン氏は "良い天気と予想より長いワールドカップのイングランド代表は 7月も前月と似ていたことを意味し 酒場売上高が2.8%上昇した.
レストランの収入は 1.8パーセント減ったが 7月には悪化した
酒場やバーは 店内の損失より 格差の少ない利益を得ています
熱はレストランほど劇的に影響しなかったが 食事のパブも影響を受けた
飲み会に行きたかっただけみたい
酒場やバーの売上が6.6%増 食品の売上が3%減少した"
RSMのリゾート・アナリストのポール・ニューマンは こう言いました "この結果は 4月下旬から続く傾向です
海外市場での販売の要因として, 社会的・スポーツ的なイベントのタイミングや影響が依然として重要な要素となっている.
驚くことではありませんが 飲食店のグループが 引き続き困難に直面している一方で 年間4.8%の売上減少は 継続的なコストプレッシャーによって 特に痛ましいものになります
長い暑い夏は 食堂の経営者のために 悪いタイミングでやって来ます そして8月の温和な気温が 必要な休息を 提供するかどうか 時間は教えてくれるでしょう
営業所での販売の総額は 営業所での新規営業を含めて わずか2.7%だった. これはブランドのシェアが 減っていることを反映した.
業界販売追跡システムである Coffer Peach Trackerは イギリスのパブ・バー・レストラン部門で 47の営業グループで 合計売上高が90億ポンド以上で 業績を集めて分析し 業界基準を確立しました
子どもの5人に"人が 秘密のソーシャルメディアのアカウントを持ち 両親から隠しています
調査によると 5人の子供のうち 1人 は 11歳 未満の子供でも 秘密のソーシャルメディアアカウントを 持ちていて 親や先生に 隠している
学生の2万人を対象に実施した調査では 偽のインスタページが増えていることが判明しました
ニュースで 性的コンテンツの公開を 恐れていた
学生の20%は 両親に"本金"を 提示しているそうです
5人のうち"人の子どもが― その中でも11歳という若者がいる― 秘密のソーシャルメディアアカウントを開設し 大人に知られずに済む
平均的な年"月で 平均的な年"ヶ月で 平均的な年"ヶ月で
報道により 性的暴行への恐れが 増えてきました
20%の生徒は 両親に表示するために 洗浄された"主"アカウントを 使っていると答えました 同時に 個人的なアカウントも持っています
ある母親は 13歳の娘の秘密のウェブサイトに アクセスし "私をレイプせよ"と 励ましていた少年を 発見しました
デジタルアウェアネス・イギリスと独立学校校の校長会議 (HMC) が実施した調査によると 11歳から18歳の生徒の40%が2つのプロフィールを保有しており,そのうち半数以上がプライベートアカウントを持っていることを認めています.
HMCの責任者 Mike Buchananは "心配なのは 青少年がオンラインで 両親や教師が見つからないような 空間を作ろうとしていることです"
スコットランド競技委員会で スコットランド競技委員会で スコットランド競技委員会で スコットランド競技委員会で スコットランド競技委員会で スコットランド競技委員会で スコットランド競技委員会で スコットランド競技委員会で スコットランド競技委員会で スコットランド競技委員会で
エイリッド・ドイルは スコットランド競技委員会に 理事長として 選出されました
スコットランドでは ドイルは最優秀の選手で イアン・ビッティ会長は この動きを スポーツの指導者たちに
"彼はスコットランドやイギリスや 世界中から尊敬されているし 役員としてスコットランドで 素晴らしいことを成し遂げられるだろう"
ドイルは"スポーツの声になりたかったし スコットランドのスポーツに 貢献したい"と言いました
アメリカ人の選手は1996年のアトランタオリンピックで 4つのオリンピック金メダルで優勝し 今ではBBCの常駐専門家です 短期間性乳頭痛発作で 歩くことができません
ツイートで"1ヶ月前に 発作を起こしました
歩けなかった
医者は,私が回復するかどうか,どの程度かは,時間によってしか 分からないと,言いました.
ひどいことでしたが 完全に回復し 歩けるようになったのです
励ましメッセージありがとうございます
売春婦の広告で 意見の分かれが 牛と母を比べる
乳母と乳牛を比較する広告が ネット上で意見の相違を招いた
"世界初の 静かに持ち運ぶ 売女"を 発表するにあたり エルヴィーという 消費者向けテクノロジー会社が ユーモラスなミュージックビデオを元に 広告を出して
4人の母親が 草や牛で満たされた 谷の中で踊っている 楽譜には "私は自分を 操るが 尻尾は見えない"と書かれています
更に歌詞"パムパムパム"を弾いて 赤ちゃんを養う パムパムパム パムパム パムパム
しかしFacebookの広告は ネット上で論争を引き起こしました
7万7千回以上視聴され 何百ものコメントを受け このビデオは 視聴者からの反応が 混じり合っていますが 乳業の"驚異"を 明らかにしているとも言われています
牛をこの商品の宣伝に使って ひどい判断だった
赤ちゃんが産まれてから数日後に 赤ちゃんを盗まれる"と ある人は書いています
裏切り者のエルヴィアは 乳母乳のブラウスに 巧妙に収まっています
赤ちゃんは母親と母親に ひどいトラウマを与えられます
でも そうだ 売春の広告に使うのは 赤ちゃんを預ける母親たちだ
"全くの無意味な広告だ"と
広告を擁護する人もいましたが 女性は"笑える"と認めました
素晴らしいアイデアだと思う
乳を飲んでいたら 買ってやる
牛乳を出すことで 牛の気持ちになった
広告はちょっと変だけど ちゃんと理解した
"これは天才的な製品だ"と彼女は言った
ほかに"これは 乳を出す母親 (仕事場やトイレでよく) を対象に 楽しそうに宣伝している"とコメントしています
牛乳業界を賞賛したり 非難したりする広告ではありません
ビデオの終わりには 女性が集まって 胸に隠した 秘密の裏切り者達と踊っていることを 発見します
牛乳を売り出す多くの女性が 自分を牛のように感じると言うことに 基づいてキャンペーンが立ち上げられました
乳児のエルヴィーは 完全に静かで ワイヤーも管もなく 乳母乳ブラケットに 巧妙に収められ 女性が自由に 移動し 赤ちゃんを抱きし 乳児の出産を 許可しています
マザー社のパートナー兼最高クリエイティブディレクターであるアナ・バラリン氏は"エルヴィーの星は 革命的な製品なので 勇気ある 挑発的な展開を 求めています
女性の描写と 牛の描写を並べて 裏切りと裏切りの問題を 焦点に据えながら 面白いと思わせて 描写したかったのは 新しい裏切り者がもたらす 素晴らしい自由の感覚です
売春婦のエルヴィーは ニュースで初めてじゃない
ロンドン・ファッション・ウィークの 開催中 2人の子供の母親が デザイナー マーサ・ジャクボウスキーに 商品を紹介していました
何百人もの移民の子供たちが テキサス州国境の キャンプに密かに移送されました
留守児の数は増加していますが 国境を越える月数は 比較的変わらないのです 理由の"つは トランプ政権の厳しい言説や 政策が 子どもの保護者の 受け入れを困難にしています
伝統的に 支援者の多くは 移民の書類を所持していない人でした 支援者の多くは 子どもの保護を 危害に晒す恐れがありました
6月 連邦政府が 潜在的なスポンサーや 家庭内の他の成人の 指紋の提供を強制し 移民当局にデータを共有すると発表すると リスクは高まりました
先週,移民税関局の マシュー・アルバンスが 議会で証言したところによると, 移民税関局は 少年無所属の親権活動に 参加した数十人を逮捕したそうです.
捜査局は後に確認したところによると 逮捕された人の70%は 犯罪記録に記録されていないという
国内に不法入国している 資金提供者や資金提供者の 家庭の80%は 違法で 犯罪者の外国人が多いのです
"この人たちを捜し続けている"と アルベンチェ氏は言う.
保護施設の職員によると 児童の処置を早めるため 職員たちは 保護施設の職員に 裁判所に出廷するよう要求する 新しい規則を制定しました 拘留から60日以内ではなく 拘留から"ヶ月以内です
多くの人は ビデオ会議の代わりに 移民裁判所にやってきて 合法的な地位を主張します
援助の基準を満たさない者は 速やかに国外送還されます
施設の職員からの報告と 施設の報告によると 収容期間が長ければ長ければ 子どもの不安や鬱状態が悪化し 暴力を振るう可能性が高く 逃亡の危険が高くなるというのです
擁護者は この懸念が トルニョのような 大きな施設で 表現されていると説明しました その大きさは 子供の苦しみの兆候が 見過ごされやすい場所です
両親は 子供をキャンプに連れて行くと 感情的準備や友達との別れを 余裕なくしてしまえば 子どもの多くが既に経験しているような 心の傷が引き起こされると付け加えた
シリアは,アメリカ,フランス,トルコの "占領軍"に即時撤退を命じた
シリアの外交大臣であるワリド・アル・ムワレムも 国連総会への演説で シリアの紛争が8年にも及ぶにもかかわらず シリアの難民に帰還するよう呼びかけました
副首相のムアレムは テロとの戦いの名の下に 外国軍がシリアに不法侵入したと主張し "対応する"と宣言した.
"直ちに,無条件に撤退せよ"と 彼は集会に語った.
2011年以来,シリアでは36万人が死亡し,何百万人もの人々が家を失っている.
シリアの領土をテロリスト集団と 外国人の不法滞在から 清掃するまで 闘い続けると言いました
シリアには約2000人のアメリカ軍兵士がいて 主に訓練や助言を しているのが シリアのアラブ人反政府勢力や バシャール・アサド大統領に対する シリアの反政府勢力です
フランスには 兵士が千人以上いる 紛争地帯の内
難民の帰還条件が満たされていると 非難し "欧米の国が 合理的な恐怖を広めている"と非難した.
難民の帰還を促すよう,国際社会と人道団体に呼びかけました.
純粋に人道的な問題であるべきものを政治化している
アメリカとEUは シリアの復興に 支援しないと警告しました アサド政権と反政府勢力との間で 紛争の終結に 合意が取れなければ
国連の外交官は,最近,ロシアとトルコが, 伊ディリブの最後の主要反乱勢力地で, 緩衝地帯を設けるという合意が, 政治的交渉の継続を促す機会を 提供していると述べた.
ロシアとトルコの協定により シリア軍がロシアを 支援し 300万人の住民を 攻撃するのを防ぎました
しかし,ムアアレムは,合意には"明確な期限"があると強調し,軍事行動が,アルカイダと関連したNusra Frontの戦闘員を含むジハード派を"根絶させ"ることを希望した.
国連代表のスタッファン・デ・ミストゥラは 政府のメンバーと 野党のメンバーによる 新たに構成された委員会の 最初の会合を 召集することを期待しています シリアのポスト軍事憲法を 制定し 選挙への道を切り開くためです
ムアラレムはシリア政府の 委員会への参加の条件を定め 委員会の仕事は 既存の憲法の条例の 改正に限定されるべきだと述べ 介入を警告した.
なぜトランプが2度目の大統領に 選ばれるのか
この論理で言えば 2020年の大統領選で トランプ氏は 勝ったはずですが リベラル派の見込みは 恐らく 選挙で解任やスキャンダルが 政権を早めに終わらせない限りです
"大統領最強のドラマの最終回"
目撃者の疲労は 確認されていません
2014年以降 放送視聴率は CNNで105万回以上になり MSNBCで160万回に 倍増しています
ニーレンスによると Fox Newsは 平均的な 視聴者数は240万人です 4年前は170万人でしたが MSNBCの"The Rachel Maddow Show"は 平均的な視聴者数は350万人でした
"火災は人々に 興味を惹かれるのは 我々が理解していないことだからだ"と ABCのドラマ『Designated Survivor』の 製作者であるニール・バアーが語る 政府の長官が首都を襲った後に 大統領になった話です
喜劇作家で 『Just the Funny Parts: And a Few Hard Truths About Sneaking Into the Hollywood Boys Club』の著者でもある ネル・スコベルは 異なる説を唱えています
2016年の選挙前 ボストンでタクシー運転を 覚えているそうです
運転手は彼女にトランプ氏に投票すると言った.
"なぜ?"と彼女は尋ねた
"笑わせるから"と スコヴェル夫人は言った
混沌には 面白いところがある
もちろん ワシントンから 流産法改正の 未来を決めるのは ワシントンから 流産法改正の 未来を決めるのは ワシントンから 流産法改正の 未来を決めるのは 移民の家族を 再び結集させるか グローバル経済の健康を
排除は 贅沢で 恵まれた人たちだけが 許せる
しかし 知識のある市民のレベルを超えてしまうのは 6時間もの間 専門家たちが ボブ・ウッドワードが 恐怖の書物として 深い背景の情報源をどのように利用したか 議論していることに気付くことです ポール・マナフォルトが"万5千ドルの 牛皮のジャケットを
スーパーマリアの姿は 再び同じ目で 見る事が出来ない
"彼がリアルショウとして 存在感を高めるのは 毎晩あなたに何かを与えること"と Wheelhouse EntertainmentのCEOで"Zalagaonica"の制作者であるBrent Montgomeryは 番組の輪廻演技と毎日進行中の"Trump Show" (N.F.L.との戦い,金正恩を称賛する) の陰謀について語りました
遅刻するから 番組を逃すわけにはいかない
この週 私はフレイスの家に着きました カワイ島の北岸にある彼の家の外は 晴れていて 温度も80度でした しかし彼はMSNBCを 視聴しながら CNNも撮影していました
ブラット・カヴァーナウが 参議院の司法委員会と 直面した時, 最高裁の将来が 危機に瀕していた.
"昔は 狂ったような番組を やってるのに みんな『西洋文明の終わりの始まりだ』って 言ってたんだ"
冗談だと思っていたが 本当だった
エイミー・チョジック ビジネス,政治,メディアを専門に執筆するタイムズ紙の 記者で 『キャッシング・ヒラリー』の 著者です
資金は外から 流され 選挙戦が最期になる
驚くことではありませんが ペンシルバニア州17区は 資金の流れを 経験しています 議会の選挙区を 改造した結果 選挙区は2つの候補者が 同じ席に立てるのです
民主党のコナー・ランブが 選挙区選で選抜席を獲得した
ランムは,共和党のケイ・ロスフースに 競います. 彼は,ペンシルベニア州で,旧12区と新17区を 代表しています.
ペンシルバニア州最高裁判所が 旧州は 憲法違反で 共和党に有利と判断したことで 再び地図が描かれました
選挙区の新17区は 選挙資金の争いを巻き起こしました 選挙の資金調達には 主な党の資金集め者 民主党選挙資金調達委員会 (DCCC) と 共和党全国会議員委員会 (NRCC) が 協力しています
ラムはペンシルバニアで有名になった 3月の選挙で 勝利した ペンシルバニア州議会の18区選出
この選挙区は 共和党に10年以上に渡って 選ばれし ドナルド・トランプ大統領が 20ポイントの差で 選挙区を制覇しました
民主党は 微々たる優位を勝ち取った
米国は中国の支援を エルサルバドルに罰すべきか 検討し,その後は撤退する
外交官によると ドミニカ共和国とパナマは 北京を承認し ワシントンの抵抗も少なく
2017年6月,トランプ氏は パナマのフアン・カルロス・ヴァーロ大統領と 友人同士の会談をしており, パナマのホテルを 経営していた.
国務省は,エル・サルバドール,ドミニカ共和国,パナマの 代表を招待し,台湾を承認しないという 決定を発表した.
しかし,制裁はエル・サルバドールに対してのみ検討されています. この国は2017年に推定1400万ドルもの米国援助を受けています.
財政援助の削減と 標的のビザ制限を含む 提案された罰則は 中央アメリカの国にとって 痛ましいものとなり 失業率と殺人率も高まるでしょう
国内会議が進んだ中 北米と中米の関係者は 安全保障と経済繁栄に関する高レベル会議を延期し 去年のような会合を延期した. これは,移民の米国への移動を阻止する取り組みの 進展だと見なされた.
しかし9月中旬までに 政府の高官達は 会議を希望する旨を明らかにし 制裁の検討を中止しました
副大統領マイク・ペンスは 10月中旬に予定されている会議に 演説を予定しており 閣僚が会議に重点を置くことを示すと 外交官は言う.
ワシントンから新たな厳しいメッセージや 罰則を逃れながらも
ボルトン氏のスポークスマンが 発言を拒否した 3人のアメリカ当局者による 議論の詳細について 発言を拒んだのは 2人の外交官を含む
報告書は 政府の関係者による 外部分析で 確認されましたが 匿名で 発言を希望しています
歴史について
続いて来るのは 特別の捜査官の 報告書です 裁判へのトランプによる 妨害の可能性を 明らかにする証拠が 公開されています
ミラー氏は,トランプ氏の選挙運動が, ロシアとの秘密交渉に 巻き込まれたのか, 調べていると報告されています.
議会の過半数が 変われば トランプ氏は 選挙人,そして最終的には 平等な陪審員に 再び出廷する準備を しているときに 議会の責任に直面するでしょう
沢山の"カカカ"がいますが, 私は,トルーム氏やヨーロッパで彼のような人物たちが 落ちてしまうことを示唆しているわけではありません.
決定を下す必要があります 戦闘の持続時間に影響を与えるのです
1938年,ドイツ軍将校はヒトラーを倒そうと 準備を整えていましたが,西側諸国は チェコスロバキーを支持して,ミュンヘンに抵抗したのです.
失敗し 余った虐殺から 逃れる機会を逃しました
歴史はこのような 転換点に回転し 民主主義の 容赦ない進捗が 加速するか遅れるかです
アメリカ人は現在 このような 転向点のいくつかに 直面しています
もしトランプ氏が ロード・ロズンスタインを 解雇したらどうする? ミュラー氏の捜査の 運命を掌握している男?
ロゼンシュタインは 問題を抱えている 報道によると 去年 彼は 秘密裏に 大統領の撮影を提案し
ローゼンシュタイン氏は タイムズ紙の報道は 誤りだと主張しています
"FBIが最近 ベルット・カヴァナフに関する 調査を依頼したところ 完全かつ公正でないと判断されたとき,
そして何よりも トランプ氏が 責任を取れる議会の 期中選挙で投票する?
テストに失敗すれば 民主主義は長い冬眠をします
でも,プラグで学んだ教訓を 忘れないでくれ
母はチェコスロバキアのユダヤ人で ナチス政権によって アウシュビッツに 強制送還されたのです かつて私の大使館で 食事していたのです
彼女は生き残り アメリカに移民し 60年後 のついたテーブルに ろうそくを灯すように 派遣されました
そんな遺産を手にすると 未来を楽観的に見るのは無理でしょう?
ブルッキングス・インスティテュート (Brookings Institute) のシニア・アソシエイトである ノーマン・アイゼン氏は ワシントンDCの市民責任と倫理の会長であり, 『最後の宮殿:ヨーロッパの混乱した世紀,五つの命と伝説的な一軒の家』の著者です.
ランジャーズのグラハム・ドランスは 楽観的な見方で ヴェイナからのラピッドと対戦する
ランジャーは木曜日に オーストリアのラピダを 迎えに来たの この試合は オーストリアのラピダを 迎えに来たの
膝の怪我により 監督のグレアム・ドーランスは シーズン初戦で 2対2でビラレール戦を 制したものの ランジャーはこの結果を 打破した結果として 打破機として使うと期待しています
"これは我々にとって良い結果だった" "ヴィリアレアルは良い相手だから" 31歳の選手は言った
試合に来た時は 勝者だと思ってた
試合を盗んだかもしれないけど, 試合が決まった結果が, 公平だったと思うよ
彼らは前半は優れていたけど, 後半は俺たちが優れていた.
木曜はヨーロッパの大夜だ
3得点を勝ち取れるよう願っていますが, 難しい試合になります. 試合前は良い結果だったからです.
怪我やクラブの変更で 厳しい1年だったけど 今は気持ちが良い
チームもいいし 仲間も楽しんでる 練習もいい
シーズン3を後にして 成功を収めたいと思います
女性は退職金に不安で眠れない
対象に求められた 介護の仕方は 明確だったにもかかわらず 家族に相談した人は ほとんどいなかったのです
ナショナビッドの調査で回答者の約半数が 長期間介護の費用について 配偶者との話し合いを していると言います
子供に話したと答えたのは 10%だけです
"人々は家族に 面倒を見てもらいたいのに 話し始めるための 行動を起こさない"と ナイスワイド生命保険の ホーリー・スナイダー副社長が言う.
始めから言っておきます
配偶者と子供に相談する: 両親の介護を準備する上で,事前に自分の願いを伝えなければ,うまくいかない.
相談員や家族と相談して 介護の場所や方法について話し合うことです 介護の選択は 費用を決める大きな要因になります
相談してください 相談者は 費用の支払いを 考える手助けをしてくれます
長期ケアにかかる費用は 伝統的な長期ケア保険や 資金援助のハイブリッドライフ保険など 費用をカバーする保険や 財産を自給自足で 保険に入ります
法律上の書類を整理して 法律上の争いを根元から 防ぎましょう
医療担当者を雇って 信頼される人を雇って 医療の管理を担当し 医療従事者が 医療の必要に応えるように してください
財務管理権限も 検討してください
信用できる人を選び 財務上の決定を あなたの代わりに しておき 支払いを保証します
小さなことを忘れずに 想像してみてください あなたの高齢の親が 病院に運ばれ 緊急の医療処置を 待たれているとします
薬やアレルギーについて 答えてもらえる?
準備が整うように 計画書に細かいことを書いてください
"これは資金の問題ではなく 医者たちの問題でもあるんだ"とマーティンは言いました
薬は? 薬は? 薬は?
犬を誰が面倒見てるの?
計画書を手に持っていてください
イルフラクンベで 空気銃で撃たれた男
ある男が夜遊びから帰宅する途中で 複数のエアライフルで撃たれた
被害者は40代 近くで 胸や腹や腕に 銃が撃たれた
警察は2時半に起きた 銃撃を"偶然の出来事"と 捉えました
被害者は犯人を見ていない
生命を脅かすような 傷は無い 警察は目撃者募集中です
インドネシアで地震と津波
印ネシアのパルー市で金曜日に起きた 巨大な地震と津波で 少なくとも384人が死亡し 死亡者数は増加すると 当局者は述べた
通信が停止したため 救援隊は 7.5の地震の震源に近いパルウの北のドングガレ州から 情報を入手できませんでした
パルーでは 災害後 16,000人以上の避難者が避難しました
シュラウェシ島のパルーとドンガラについて 重要な事実をお伝えします
プールは,スラウェシ州の首都で,スラウェシ島の西海岸に狭い湾の端に位置し,2017年の推定人口は379,800人です.
震災と津波で40周年を祝っていた
ドンガラ州は 島の北西の海岸線で 300キロ以上 広がっています
郡は,行政区域の低い地方の郡で, 2017年に推定人口が299 200人であった.
漁業と農業はスラウェシの経済,特に東ガラの沿岸部の基盤である.
ナイキルの鉱山も重要だが, 砂利はスラウェシの反対岸のモロワリに集中している.
パルーとドンガラは 過去100年に何度も 津波に襲われたと インドネシアの災害緩和局は言う
1938年 津波で200人以上が死亡 百もの家が破壊されました
津波が東ガル西部に襲い 9人の死者を出した
インドネシアは太平洋火災の 環状圏にあり 地震が頻繁に発生します
ここ数年 発生した地震や津波の特徴は
2004年 12月26日 インドネシアのアチェ州西海岸で 巨大な地震が発生し 津波が起こし 14カ国が被害を受け インド洋沿岸の226000人が死亡し アチェ州が 半分以上を占めた
2005年3月末から4月初めにかけて 砂浜の西岸で 連続地震が起き
何百人もの人々が 島で死んだ
2006年: 印ネシアで最も人口が多い島であるジャバの南に 6.8度の地震が起こり 津波が南海岸に襲い 700人近くが死亡
2009年:西スマトラ州の首都パダンで 震度7.6の地震が発生
死亡者は1100人以上
2010年:マグニチュード7.5の地震がスマトラ沖の メンタワイ島を襲い 10メートルほどの津波を引き起こし 数十の村を破壊し 約300人が死亡
2016年 アチェウ州のピディエジャヤ地方で 浅層地震が起き 2004年の致命的な地震と津波の 被害を思い出して 破壊とパニックを引き起こしました
この時は津波は発生しなかったが 100人以上の死者が 倒れた建物から
2018年:インドネシアの観光地である ランボーク島で 巨大な地震が起き 島北部の地震で 500人以上が死亡
震災により数千の建物が破壊され, 観光客は一時的に 停滞していた.
サラ・パリンの長男 逮捕 家庭内暴力の容疑で
州知事兼副大統領候補のサラ・パリンの長男 トラック・パリンは 攻撃の容疑で逮捕されました
ウォシラ市出身の 29歳のパリンが 逮捕されたのは 家庭内暴力の疑いで 家庭内暴力の報告を妨害し 逮捕に抵抗したとして 逮捕されたと アラスカ州警察の報告書が 発表されました
警察の報告によると 知り合いが警察に 犯罪の疑いについて 連絡しようとすると 容疑者は彼女の携帯を盗むと
ポールンはマット・スーの 拘束状態で 500ドルの無保険債を 持っています
彼は土曜日に法廷で 有罪判決の申し立てを聞いて 明らかに"無罪"と答えたと 報道局は報道しました
パーラには3つのA級の罪があり 1年以内に 刑務所に入れられ 250,000ドルの罰金を受けられる
クラスBの罪で 懲らしめは"日 罰金2000ドル
刑事訴訟が 提起されたのは初めてではない
2017年12月 事件で父親のトッド・パリンを 襲った罪で起訴されました
事件の報告を 母親 Sarah Palinが 警察に電話した
裁判はアラスカの退役軍人裁判所で 進行中です
2016年1月 事件に関連して 家庭内暴力 家庭内暴力の告発妨害 酒にまみれた状態での銃所持の罪で起訴されました
顔に殴られたと女友は証言した
サラ・パリンは2016年に 退役軍人のグループから 批判を受け 息子の暴力的な行動と PTSDの関連付けを 指摘したことで 非難されました
インドネシアで 津波と地震で 何百人もの死者
インドネシアのスラウセ島で金曜日に起きた地震で 少なくとも384人が死亡しました
震度7.5の地震が津波を引き起こし 何千もの家屋が破壊されました
電気と通信は 遮断され 死亡者数は 増加する見込みです
震災はインドネシアの首都ジャカルタの北東にある スラウェシ州の中央部で 発生しました
ソーシャルメディアで 衝突の瞬間を映し出す映像が 流れている.
津波が襲った時,数百人がパルーのビーチフェスティバルに集まりました.
連邦検察は ニューヨークのテロ事件の容疑者に対し 稀な死刑を言い渡すよう 求めている
ニューヨークの連邦検察は サイフール・サイポフを 死刑に処罰しようとしています 容疑者はニューヨークのテロで 8人が死亡しました
サイポフ (30) は,ホームデポットから借りたトラックで, ダウンタンのウエストサイドにある自転車道で, 歩行者や自転車に襲撃し,
検察は死刑判決を正当化するために サイプが8人の犠牲者を"意図的に" 殺害し "意図的に"重傷を負わせたことを 証明しなければならない 判定書によると 死亡判決を請求する 意図の通知書が ニューヨーク州南部で提出された
裁判事典によると 刑期は死刑になる
テロから数週間後 サイポフの連邦大陪審は 22点の起訴状を 提出しました 殺人と強姦の8点 連邦検察は組織犯罪の 訴訟で通常使う 殺人と強姦の8点 暴力と自動車破壊の8点です
検察は"計画と予期せざる 計画"を要したと訴えた 検察はサイポフの仕方を"卑劣で残酷で 腐敗した"と評した
サイフロ・ハビブルレイヴィッチ・サイポフは ディア・エンリケ・アンジェリーニ,ニコラス・クレベス,アン・ローラ・デカット,ダレン・ドレイク,アリエル・エルリ,ヘルナ・フェルルチ,ヘルナ・ディエゴ・メンダース,アレクサンドラ・ダミアン・パグヌックの家族や友人たちに 損害を与え,損害を与え,そして損害を与えました
5人はアルゼンチンからの観光客
裁判が終わって10年経った 南区は死刑判決を執行しなかった
容疑者 カリッド・バーンズは 麻薬の売人2人を殺した罪で 有罪判決を受けましたが
死刑は 1953年のニューヨーク連邦裁判所で 執行された最後の死刑です ジュリアス・エテル・ローゼンバーグ夫妻が 冷戦中のソ連にスパイを企てたとして 処刑されたのは その2年前です
1953年6月19日 電気椅子で処刑された
裁判所の記録によると 祖国はウズベキスタンで 犯人は 事件の数日後から 悔い改めを示していた
彼は自分の行いについて 良心的だと証言した
起訴状によると サイポフは 携帯にISISの映像を 見た後に 攻撃を仕掛けると 言ったとされています
病院の部屋に ISISの旗を掲げるよう依頼したそうです
彼は22件の罪名を 認めている
サイプの弁護団の連邦検察官のデイヴィッド・パットンは 検察の決定に明らかに失望したと述べた
"死刑を言い渡すという決定は 刑務所での終身刑の承認を 拒否するだけで 事件のトラウマを 延ばすだけだと考えます"
サイポフの弁護団は 検察官に死刑を 求めないよう 要求した
保守派の議員はナイジェル・ファラージが 交渉担当でBrexitを 交渉すべきだと主張
ナイジェル・ファレッジは 保守党の集会で "人民の軍隊を動員する"と 約束しました
首相の首相は,EUの交渉を担当すべきだと提案した. 首相は,EUの交渉を担当すべきだと提案した.
保守党のピーター・ボーン議員は バーミンガムで 演説し ファーゲ氏がブレグジット大臣だったなら イギリスは今までに 脱退しただろうと言いました
しかし,メイ夫人が直面した課題は, 深い対立を和らげるというもので, 保守派が, 特別に,この街で, 抗議活動に参加していることです.
首相は"チェッカーズ"という妥協案を 維持しようとしています 離脱支持者や 離脱支持者 そしてEUの反対派が 攻撃している中です
連合国は ブリュッセルとの合意を 継続すると主張し 反対派は ユーロ・懐疑派と労働党に 選択を迫る
ボーン氏はソリフールの "Leave Means Leave"キャンペーンで チェッカーズを退却したいと表明しました
フランスは,ファラージ氏が 肩書を受け, ブリュッセルとの交渉の責任者になるよう提案した.
"彼が支配していたら,もうここまでだ"
ウェリングボロウの議員はこう付け加えた "私はブレグジットを戦いますが チェッカーズを退却させなければなりません"
奴隷制を謳歌するために 戦争をしなかった.
法律を制定したい
ボーン氏は2016年の投票で 国民が意見を変えたという主張を否定し "イギリスが意見を変えて 留まるという考えは 完全に誤りだ"と批判した.
保守派,ブレグジット支持者のアンドレア・ジェンキンスも 参列して 記者団にこう言いました "首相さん,聞け"
チェッカーズ計画は一般大衆に 受け入れられず 反対派は支持しない 党内でも受け入れられず 活動家たちにも受け入れられず
チェッカーズを捨てて 聞いてください
メイ首相は"首相は約束を果たした時に就職を保ちます"と強調した.
政治家たちは"圧力を感じなければならない"と Farageは言った 2016年の国民投票で 失敗する気なら
"これは我々―国民と― 政治階級の信頼の問題だ"
国民がブレグジットに 手を出そうとしているのに われわれに言わせるのは 'お前たちは逃れられない'だ
プレッシャーに苛立ちたいと プレッシャーに苛立ちたいと プレッシャーに苛立ちたいと プレッシャーに苛立ちたいと プレッシャーに苛立ちたいと プレッシャーに苛立ちたいと
国民軍を動員する この国の国民軍を動員する この国の国民軍を動員する この国の国民軍を動員する この国の国民軍を動員する この国の国民軍を動員する
一方 残留の支持者は 首都中心部で2時間の集会を 開催する前に  Birmingh...
週末のグループ発表の際 抗議活動家たちが"反ブレグジットトライ"という 標識を掲げました
保守党は,会議を開席する際に, セキュリティ上の問題を抱えていた.
"カナダ+++計画,国境の無障碍,アイルランドにおける国境のない自由貿易のためのITシステムと技術すべてを手に入れられる"と,彼は付け加えた.
完全に偽物だ
"良いブレグジットなんてない"と彼は付け加えた
ウォーレン氏は大統領選の 候補を真剣に検討する
合衆国上院議員のエリザベス・ウォーレンが 選挙後の大統領候補を 検討すると発表しました
ボストン・グローブ紙によると 民主党のマサチューセッツ州立議員が 土曜日,西マサチューセッツ市民と 直接会談で 自身の将来について語りました
ウォーレン氏は ドナルド・トランプ大統領の常時的な批判者で 2016年のマサチューセッツ州選挙戦で 共和党のゲオフ・ディール氏に 勝てると予想され 選挙戦で当選を控えた
彼女は2020年にトランプ大統領に 反対する可能性があると 噂されている
ホロイークでの土曜日の会合は トランプ大統領が大統領に就任してから 36回目となる市民会議です
副大統領に 候補を提唱するかどうか 尋ねられた
ウォーレンが答えたのは "女性たちがワシントンに 立ち寄って 壊れた政府を直す時だ"
逮捕 殺人事件 シンス
LAのバトンルージュ警察は 土曜日に レイズ・ウェイド・シムズという 州立大学のバスケットボール選手の 銃撃事件の容疑者を逮捕したと発表しました
バトン・ルージュ警察は ダイトン・シンプソン20歳の逮捕を E.T.の記者会見で発表しました
金曜日に 殺人映像を公開し 犯人を特定する手助けを求めた
シンズ20歳は 星期五の夜 校外で殺された
"ウェイド・シムズは 銃で撃たれて 死亡したと 警察署長マーフィー・J・ポールが 報道した"
ウェイドは仲間を護衛するために 手を差し伸べて シンプソンは彼を撃った
シンプソンは尋問され 犯行現場に 武器を所持し ウェイド・シムスを殺害したと 認めた
逮捕は無事で 警官が彼をイースト・バトン・ルージーに 拘留した
バトンルージュで育った3年生で 体重は6キロで 彼は前季の10試合で32試合で プレーした.
ロシアGP:ルイス・ハミルトンが世界チャンピオンに 勝利を収める
ヴァルテリー・ボッタスが レースでルイス・ハミルトンに勝った瞬間から チームオーダーが 重要な役割を担うことが 明らかになったのです
ボタスはスタートからハミルトンを追い抜き ランクを保ち ヴェッテルを相手に呼び出しました
ヴェッテルはまずボックスを打って ハミルトンを 首から走らせ 決勝を決めることになった
メルセデスは1ラウンド後に入場し,ヴェッテルの後ろから外れたが,ハミルトンは車輪の動きの後,前を向いた. レーザーが車輪を動かし,フェラーリの内側を自由に放った.
マックス・ヴェルスタッペンは 後列からスタートし 初のラウンドを 終えるまで 7位にランクインしました 21歳の誕生日に
その後,彼はレースの多くをリードし,彼のタイヤを信頼し,迅速なフィニッシュに成功し,キミ・ライコネンを4位に追い抜きました.
ランキングは44回目で ランキングは44回目で ランキングは44回目で ランキングは44回目で ランキングは44回目で ランキングは44回目で ランキングは44回目で ランキングは44回目で ランキングは44回目で ランキングは44回目で ランキングは44回目で ランキングは44回目で ランキングは44回目で ランキングは44回目で ランキングは44回目で ランキングは44回目で ランキングは44回目で
ウォルテリーは 週末を通して 素晴らしい仕事をしてくれたし 通り抜けさせてくれた 紳士だった
"チームには本当に素晴らしい仕事があり 完成した"
身体言語が ひどいものでした
連邦上院議員のダイアン・ファインシュタインが 連邦最高裁の候補者ブレット・カヴァナフを 性的暴行で非難する手紙を 公開しなかったことを非難したことで
ウェストバージニアの集会で 大統領は フォードの証言について 直接言及しなかったが 議会の出来事は "邪悪で卑劣で 偽善者"だと 指摘した
"この数日,上院で起こったことは, 怒り,悪意,悪意,不誠実な人々を見てきた時,
公開された情報や 漏洩を観察すると "ああ,私じゃない" と言うのです
犯人じゃない
覚えているか?
ダイアン・ファインシュタイン 情報を流したのか?
公開したんですか?  
違う 違う
違う
ちょっと待って
"俺たちが逃げたのか?" "いや,俺たちは逃げたんじゃない"
フェインスタイン議員に手紙が送られ 7月に フォードがカヴァナウーフを 訴えた詳細が 公開されました 9月も早く 公開されていたのですが フェインスタインは
"私はフォード博士の主張を隠さなかったし 彼女の話を公にしたわけでもなかった"と フェインシュタインは 委員会に語った
秘密にしておくようにと 頼んだんだ だから秘密にしておく
しかし,彼女の否定は大統領に認められず, 議長が,土曜日の夜に, "これは,とても悪い体言だ.
違うかもしれないけど 身体が火をつけているのを見たことがない
3人の女性が性的虐待を訴えた 裁判長候補者 弁護を続けて 大統領は 民主党が 性的虐待を訴えた 訴追を 勝手に利用している
政権を取り戻すため 必要な手段を講じています
権力を握るためには 誰を叩き潰すか 気にしない メディアサイトによると
エリートリーグ ダンディー・スターズ 5 ̶ 3 ベルファスト・ジャイアントス
パトリック・ドワイヤーが ダンディーに2ゴールを打った
デンディ・スターズは エリートリーグで5勝でダンディに勝利した
初めの瞬間 巨人は2つのゴールを得ました パトリック・ドワイヤーと フランシス・ボーヴィリアの2つの打撃で
試合はマイク・サリヴァンとジョーダン・カウニーが 引き分けに追い込んだ ドワイヤーはジャイアンズをリードした
フランソワ・ブッチャードはダンディーに 引き分けをつけました ルーカス・ランド・ニールセンの 2ゴールは 勝利を保証しました
アダム・キーフのチームにとって エリートリーグの3回目の敗戦でした 金曜日の夜にベルファストで 2対1でダンデーを倒した
シーズン4回目で 試合は2チームとも 試合終了後 ギャンツは3勝で
ドワイヤーの打開は4分分35分に ケンダル・マクフォールが助けた リードを2倍にするために デビッド・ルーサーフォードが助けた
試合の熱狂的な開幕で シュリランはホームを1時10分に戻し マット・マーカードがコウニーを3時16分に引き分けました
ドワイヤーは 試合の終わりに 勝った2番目で リードを掴んだ
チームが再編成した ブーチャードは27:37で 試合を終了させた
カーカーンは ダンディの初戦で カーカーとニセンは ダンディの初戦で 勝利を収めた
試合はミルトン・ケインズから 来る金曜日の試合で
航空管制官が死に 乗客を救助した
インドネシアの航空管制官が 乗客を何百人乗せて 飛行機を安全に離陸させようとしていた時 命を落とし 英雄にされた
津波が起きた5日,スーラウェシ島で, 犠牲者800人以上,行方不明者数も多い.
激しい地震が この地域を襲い 破壊されたパルー市では 多くの人が 閉じ込められています
しかし21歳のアントニウス・グナワン・アングルは 逃げ場を逃げたにもかかわらず 渋滞の激しいムティアラ空港の管制塔で 仕事を辞めようとしなかった
バティク航空の便 6321便の 便乗を保証するために留まっていた
制御塔から飛び降りた
病院で亡くなった
オーストラリアのABCニュースは,彼の決断が何百人もの命を救ったかもしれないと, インドネシア航空局の広報担当者ヨハンネス・シライトが語ったと報じています.
病院を改築するために カリマンタン州の バリクパパンのヘリコプターを 準備しました
残念ながら,今日 飛行機がパルーに到着する前に, 失いました.
"このことで心が折れる"と彼は付け加えた.
政府の災害対策機関によると 谷市,シギ市,ブートン市へのアクセスが 制限されています
遺体の多くは残骸の中に埋もれていて, 入手も不可能だ"と, 代理店の広報担当者Sutopo Purwo Nugrohoは述べた.
波は6メートルにも達し 広大な広場を 壊滅させました
軍と商用機が 援助や食料を運ぶ
35歳の母親であるリサ・クスマは スカイニュースにこう語りました "死体が到着するたびに 救急車を運転している"
政府が 清浄水に乏しい
店内を襲撃する
インドネシアの赤十字社長 ザン・ゲルファンドは CNNにこう語った "インドネシア赤十字社 (ICRC) は 生き残った人々を助けるために 駆けつけており 何を見つけられるか分かりません"
悲劇的だが もっとひどいものになる
インドネシアの大統領ジョコ・ウィドドは 日曜日にパラに到着し, 国の軍隊に言いました: "皆さんに,避難に関する全ての任務を完了するために,昼も夜も働かせて下さい.
準備は整ったか?
インドネシアでは今年初めに ロンボク島で 地震が起き 550人以上が死亡しました
マイクロネシアの飛行機墜落 エア・ニウギニ航空は, 事故の後に行方不明者1名について報告しています.
太平洋のミクロネシアのに墜落した飛行機の オーナーである航空会社は, 一人の乗客が 失踪したと発表しました.
航空会社によると, 乗客の"人の追跡が できなかったという.
航空会社は"現地当局 病院 捜査機関と協力して" "この人"を捜し出しています"
航空会社は乗客の年齢や国籍などの 追加情報に関する要請に すぐには応じませんでした
乗客と乗務員が救助された 飛行機が水中に墜落し チョーク島空港に着陸しようとした
病院に運ばれた7人が 死亡したと当局は金曜日に発表しました
航空会社は 乗客6人が 病院に収容されたと発表しました 乗客の全員が安定した状態です
墜落の原因と 事件の正確な順序は不明です
航空会社とアメリカ海軍によると 飛行機は 飛行場の近くの に降った
機体が滑り道を逃したと目撃者は言った
アメリカ人の乗客のビル・ジェイネスは 飛行機が非常に低い空中で 飛行していたと報告しました
"これはとても良いことだ"とジェインズは言った.
ジェインズによると 彼と他の乗客は 航母が沈没した際の 脱出口まで 腰まで水の中を突破できたという
乗務員たちが 慌てて叫んだと 彼は頭部に軽い怪我をしたと
港の修理作業をやってる水兵隊が 浮遊艇を使って 陸へ救助したそうです 飛行機が30メートルの水に沈む前に
航空安全ネットワークのデータによると 過去20年間で PNGに登録された航空会社の事故で 111人が死亡しましたが どれもAir Niuginiには 起因していないそうです
分析士が 女性が火にかけられた夜を タイムリーに記録した
検察は土曜日に 2014年にミシシッピ州で 女性が火傷を負った容疑者の 再審を終了しました
ポール・ロウレット 司法省の分析士は 諜報分析の専門家として 何時間も証言しました
彼は裁判官に,29歳の被告のクイントン・テリスと 19歳の被害者のジェシカ・チェーバースが 殺害された夜に行っていたことを 調べるために 携帯電話のデータをどのように利用したかを説明しました
ローレットは,彼が殺害された夜にチャンバスのとあったことを示すいくつかの携帯電話から位置情報を入手したと述べた, 彼の以前の主張とは反対,The Clarion Ledgerは報告しています.
携帯のデータによると チェンバーズの携帯は 友人マイケル・サンフォードと いたという時にも 同じ場所にあった
サンフォードは土曜日に証言し その日市内に出ていたと証言した
検察官に,テリスが,サンフォードのトラックに,その夜,乗っていたと答えたのは, 本当だったのかと聞かれたとき,サンフォードは, "嘘を言った,彼のトラックは,ナッシュビルに,乗っていた"と答えた.
もう一つ 矛盾は テリスが チェンバースと出会ったと 死亡前の2週間前のことでした
携帯のデータによると 彼とはたった1週間 知り合っていただけ
チェンバースの死後 ティリスは メッセージと電話と連絡先を 消し去ったと ローレットは言った
"彼は彼女から彼女を排除した"とハレは言う
弁護人は最終審を 予定しており
裁判官は,裁判が,その日の後に, 陪審員に届けられるだろうと予想した.
ハイ・ブリード:ヒップホップの目覚めとは?
ヒップホップ・トリオは 否定的な音楽のスタイルを ポジティブなメッセージで 表現したいと願っています
ブリストルの歌手グループ"The High Breed"は ヒップホップ音楽は 政治的メッセージや社会問題への 関心から離れていったと主張しています
根元に戻り ヒップホップを再び流行させたい
アカラやローキーなどによって 再びイギリスで生まれ変わった
もう"人の黒人?
ニューヨークのナイスが レイシストメールのせいで 解雇された夫婦を訴える
ニューヨークの保育士が 差別的な解雇で 両親を訴えているのは 母親から 間違ったメッセージを受け取ったからです "黒人女性"と 呼ばれているのです
両親は人種差別主義だと否定し 非難を"浮気"と比べています
リンシー・プラスコ=フラクスマンという2人の子供の母親は 2016年の初日, 職場に来て, 子どもの新しい保母が黒人女性だと知ったとき, 怒りを覚えた.
"もう1つのクリーン"と Mrs. Plasco-Flaxmanが夫に書いた
しかし,夫の元へ送る代わりに,彼女は2度,マウリス夫人に送った.
誤りを認めたプラスコ夫人は 意外な状況に陥って モーリス夫人を解雇しました 理由は,彼女の言うところによると,
モーリスさんは 一日の給料を貰って 帰宅した
契約は6ヶ月で 退職金として 支払われるようになっているが 契約は6ヶ月で 支払われるようになっている
"こんなことをできないと 証明したい"と 彼女は金曜日にポスト紙に語った. "これは差別だと分かってる"と彼女は付け加えた.
カーロはマウリツの雇用を 終わらせるのは理にかなったことだと主張し 後に信用できないという 侮辱を理由に批判した
メールの内容を 妻は 意図していなかった
彼女は人種差別主義者じゃない
"私たちは人種差別主義者ではありません"と 夫のジョエル・プラスコは "ポスト"に語った.
"でも 間違っても 悪い相手に 子どものことを 託しますか?"
お前の赤ちゃん?
やってみよう
プラスコは 妻が産後2ヶ月だけ 産休を取っていたと語り "とても困った状況"にあると説明しました
訴訟を起こすのは 訴訟を起こすのは
"それはあまり良いことではない"と投資銀行家は付け加えた.
裁判はまだ進行中ですが 裁判所は ソーシャルメディアで 迅速に 判決を下し 行動と論理を批判しました
パディントンの出版社は 読者が... 話すクマに 気付かないと心配していた
出版の直後生まれた ボンドの娘のカレン・ヤンケルが 書籍の発表に不服そうに 書き留めた手紙の中で "出版前に この本が初めて読める人の 立場に立つのは難しい"
パディントン氏の成功の 面白いところは
BBCのカメラマンとして働いていた父親は 小熊が子供向けの本を書き出す前に 作品が拒絶されたら 楽観的だったと彼女は言いますが 彼の60周年記念日は 幸せと悲しみに満ちていると 彼女は言います
パディントンは"家族の重要人物"だと 言うが 父親は"彼の成功に 胸を張っていた"と
"彼はとても静かで 誇らしげな人ではなかった"と彼女は言った.
パディントンに 真実が隠されたから 子どもの業績のように感じられた
パディントンの成功は 期待していたものだと
作品の創作と想像の 持ち主だったとしても 彼は常に 功績をパディントンに 託した
娘が死にそうになったので 電話で別れを言い聞かせた
到着後 娘は緊急に ニースのルイ・パステル2病院に運ばれ 病院の医師たちは 命を救うために 懸命に働きました
"彼はいつも電話で ひどく苦しんでいて 助からないと 思っている"と エドナン・ラペルーア夫人
それからナッドが電話して 言うには2分後に彼女は死ぬと 言うんだ
やってみた
"タシ,愛してるよ"
すぐ会おう
合流する
医者が心臓を支えるために 処方した薬は 徐々に効力を失い 体から離れていきました
乗車前に彼女は死んだ そして,すべてが消えた
待ちわびるしかなかった 待ちわびるしかなかった
悲鳴をあげたり 泣き叫んだり できなかったのです 家族や周りの人たちで 囲まれてたからです
秘密に隠しなきゃならなかった
娘の死を悲しんでいた エドナン・ラペルーズ夫人は 飛行機に乗った乗客の仲間にも 試みに気づかなかったのです
"誰も知らない"と彼女は言った
涙が顔から流れ落ちました
言うのは難しいが 飛行機に乗った時に ナッドに思いやりが湧いてきた
私の愛と理解が必要だった
どれだけ愛していたか 分かっていた
橋で自殺を防ぐため,悲しんでいる女性のメッセージ
自殺したことで愛する人を失った 2人の女性は 他の人を自殺から守る為に 努力しています
シャーロン・デイビスと ケリー・ハンフリーズは ウェールズ橋にカードを掲示し 励ましメッセージと 支援電話番号を掲示しています
デイヴィス夫人の息子 タイラーは13歳の時に 鬱病で亡くなり 18歳の時に自殺しました
"私は,どんな親にも,毎日私が感じているような 気持ちをさせたくない"と彼女は言いました
リードニーに住む45歳のデイヴィス夫人は 息子は料理人であり 感染する笑顔で 輝かしいキャリアを 目指していたと語りました
笑顔を覚えていた
彼の笑顔は どんな部屋でも 喜びを呼んでくれる
しかし,彼は死ぬ前に,仕事を辞めた. 彼は"本当に暗い状態"だったから.
2014年11歳のタイラーの兄が 兄が自殺した後に 兄を見つけました
デイビス夫人はこう言いました "悪い結果になるのではないかと いつも心配している"
デイビス夫人はカードを使って 友達でもいれば 誰かに会話をしてもらうというアイデアを思いついたのです
黙って座ってはいけない 話しをしなければならない
デイヴィス夫人の長年の友人 マークが亡くなる15年後に マークの母親が亡くなる
"彼は悲しんだり 落ち込んだり 感じたことは何一つ言ってない"
クリスマス前数日,彼の行動が変わったことが わかりました
クリスマスの時に 落ちこぼれだった― 子供たちがプレゼントを開けた時 彼は目を留めなかった 他に何も望まなかった
祖父の死は 両親にとって大きなトラウマだったと 彼女は言うが それを取り除かねばならなかった 祖父の死は 家族に大きな穴を開けていた
逃げちゃった
しかし,我々は戦い続ける.
メールでjo@samaritans.orgへ メールでjo@samaritans.orgへ メールでjo@samaritans.orgへ メールでjo@samaritans.orgへ メールでjo@samaritans.orgへ メールでjo@samaritans.orgへ メールでjo@samaritans.orgへ
ブリット・カバナウガの将来が 懸かっている FBIが捜査を開始する
"彼が求めたような,時間と範囲の制限された調査を 実現できれば,少しの団結が実現できるかもしれない"と, フレーク氏は土曜日に述べた.
連邦捜査を 拒否する理由は?
タイミングが悪いから 嫌がらせをする
期間の選挙は5週間後に 11月6日です 予想通り共和党がうまくいかないと 共和党は 望ましい人物を
ジョージ・W・ブッシュは 連邦上院議員に電話をかけ続けました 連邦上院議員に 支持するよう働きかけました
FBIが報告書を 作成した後はどうなるのか?
投票は上院で行われる 51人の共和党議員と 49人の民主党議員が 座っている
議員の投票で 副大統領マイク・ペンスは 決定的な票を打って 議長を最高裁に 任命できるかどうか 明らかにできない
脱北者の数 朝鮮の"落下"
韓国議員によると 北朝鮮から韓国への脱出者は 7年前に金正恩が政権を握った後 減少したそうです
南部連合省のデータによると,昨年1,127人の脱出者が出た. 2011年の2706人と比べると,
重要な要因は 国境の厳格化と 密輸業者が人質を 引き付ける税金だ
朝鮮政府は公にコメントしていない
韓国人として 韓国人として 韓国人として 韓国人として 韓国人として
韓国では3万人以上が 違法に国境を越えてきたと報告しています 1953年の朝鮮戦争以来です
北朝鮮との国境は中国を 越え 国境を越えることは 朝鮮半島と 朝鮮半島との DMZを 越えることよりも 簡単です
中国では逃亡者は 難民ではなく 不法移民と見なされ 強制送還されることが多いです
軍事的にはまだ戦争状態にある 南北の関係は ここ数ヶ月で 劇的に改善されました
交渉の焦点は 核の廃絶に関する交渉だった. 交渉は, 核の廃絶に関する交渉の焦点だった.
これは6月に シンガポールで 歴史的な会談をした後に 起こりました ドナルド・トランプと キム・ジョンウンが 朝鮮半島を核兵器から解放する 取り組みを 進めるという合意を したものです
しかし土曜日には 北朝鮮のリ・ヨンホー外相が アメリカ制裁が 進展しなかったと非難しました
"米国に信頼がないなら 安全保障に信頼が持たれないし 条件下では 武装解除を第一にすべきではない"と リー氏はニューヨークで国連総会で語った
ナンシー・ペロシは,ブレット・カバナウを"ヒステリック"と呼び,
野党のナンシー・ペロシは 最高裁の候補者 ブリット・カヴァナウグを"ヒステリック"と称し 性格が最高裁の役目には不適だと主張した
テキサス州オースティンで Texas Tribune Festivalで土曜日のインタビューで
"女性を"ヒステリア"と呼ぶのは 避けられない" 議員は 川口氏が木曜日に 参議院司法委員会で 証言した時の反応を 語った
カバノフは感情的に否定していた セクハラ行為の主張は
冒頭でカバナウは 感情的になり 時に泣き叫んで 窒息しながら 家族や高校時代のことを話しました
委員会で民主党を非難し 自身の指責を"荒唐で 協調した汚職"と呼んだ 2016年の大統領選挙でヒラリー・クリントンが 負けたことを怒ったリベラル派が 組織した
ペロシーは カーバノウの証言が 民主党に偏見があることを 証明したことで 裁判所の審理に 介入できないことを証明したと 信じると言いました
"クリントン夫人と民主党を 攻撃する態度で 彼は自分を 失格にしていると 思う"
選挙で民主党が 議会で議長を 獲得したら 川越を退任させるのかと 尋ねると ペロシは 退場した
"議会やFBIに真実を話さないなら 裁判所の役目も果たせない"
カバノウは連邦裁判所の 連邦裁判所の 連邦控訴裁判所の 裁判官です
民主党人として 懸念しているのは カバナウが ロー・対ウェッドで 堕胎禁止令や 医療保障法に 反対するかもしれないこと
カバナウは 承認の審問で 裁判所の判決を覆すかどうか 疑問を投げかけました
"これはヒステリックで偏見のある人が 裁判所にやってきて "素晴らしい"と聞くのを 期待する時ではありません"とペロシは言いました
女性はそれを乗り越えなければならない
批判は正当で 怒りは数ヶ月何年も蓄積され 支払うことなくには 解決できない
"怒って泣く"と スタイン夫人が 45年後 教えてくれた
珍しいことじゃないわね
"以前は経営責任者だった女性から 大きな助けを得ました 彼女は怒った時に泣くという 方法も開発しました 怒って泣くと 相手にこう言うんです "泣いてるから 悲しいと思うかもしれない"
怒ってる
そして彼女は続けました
素晴らしいと思ったわ
涙は怒りを 吐き出すためのものですが それは 涙が 根本的に誤解されているからです
私が最もよく覚えているのは 初期の仕事で 男性が支配するオフィスで ある時 私は 情けがけの怒りで泣いていた時 ある老人の冷たい管理人 (私はいつも少し怖かった) が 階段まで引きずり上げられたことです
"泣くのは絶対に許さない"と
怒っていることは知らない
悲しんでいるから 喜んでくれるよ
民主党議員のカロラド州議員 パトリシア・シュロダーは ゲイリー・ハートの大統領選で 協力した
1987年 ハート氏がモンキー・ビジネス号の 婚外関係で 競走を辞めた時 シュロデル夫人は ひどく苛立ちで
"それは考えてもみなかった決断だ"と 彼女は30年後 笑って言った
レースには既に7人の候補者がいて もう"人は必要ない
"スノーガースと7人の矮小児"と 呼ばれている
資金調達に遅れ キャンペーンが進んでいて 2百万ドルの資金調達が出来なければ 参戦しないと誓いました
敗戦だった
女性の支持者は 男性に1,000ドルを支払ったが 女性は250ドルしか支払わなかった
"割引だって思ってるの?"と彼女は思いました
選挙運動を正式に行動しないという時 彼女は感情に圧倒されました 支持者の皆様に感謝し 資金調達や 選挙人代表ではなく 投票者をターゲットにするのが難しいというシステムに対する不満 そしてセクシズムに対する怒りで 喉が痛くなりました
メディアの反応を思い出しました メディアの反応を思い出しました
ナイフが私の 企業スポンサーだと思ったら
墓碑に何を刻むか考えていた
泣いてた
米国と中国の貿易戦争が 北京にとって良いこと
米国と中国の貿易戦争が 勃発した今 遠慮すべきことではないが 専門家によると 長期的には両国間の対立が 北京に好意をもたらす可能性があるという
ドナルド・トランプ米大統領は 今年初めに 警告を発しました 重要な中国輸出品に 税を課し 太陽光パネルや 鉄鋼やアルミを 課しました
更に重大な事態が今週起きています 新関税が 商品に200億ドル (1500億ポンド) を 押しつけました 実際 中国から米国に輸入される商品の半分に税が課せられました
北京は毎回何らかの形で 返答し続けており 最近は 5~10%の関税を 60億ドルもの米国産品に課しました
中国はアメリカに 打撃を打つと約束し 世界第2位の経済大国が 諦めないだろう
ワシントンが撤退すれば 要求を譲り渡すこともできますが 公開的にアメリカに服従することは 習近平中国大統領にとって 余りにも不都合なことです
しかし 専門家によると もし北京がうまくいけば アメリカの貿易戦争による圧力は 長期的な好意的な中国への 支持となり 二国間の経済間の依存を 軽減する可能性があるというのです
"ワシントンや北京で急激な政治決定が 双方の経済を揺るがす条件を 作り出すという事実は 観測者達が信じていたよりも 危険である"と アジアを中心とした戦略的思考を 担当する アビゲイル・グレースは言いました
シリアは難民の帰還に"準備"を整えていると外務大臣
シリアは難民の自発的な帰還に 準備ができていると宣言し 7年以上の戦争で破壊された国を 復興する援助を要請しています
国連総会で演説した ワリド・アル・ムワレム 外務大臣は 状況が改善していると述べた
"テロ対策の進展によって 現地での状況はより安定し安全だ"と語りました
政府がテロによる破壊を 回復しつつあります
難民の自発的な帰還は テロや 一方的な経済政策によって 強制的に放棄された国への 受け入れ条件が 満たされています
国連の推定では 2011年に紛争が始まって以来 シリアから550万人以上が 難民として逃亡しています
国内で暮らす600万人の人々が 緊急支援を必要としています
シリア政権は破壊された土地を 復興させるのに必要な援助を 望んでいたとアル・ムワレムは言いました
しかし彼は 条件付きの援助や 反乱を後援した国の援助は 受け入れないと強調しました
ヨーロッパのライダーカップがパリで
2018年ライダーカップの優勝はヨーロッパチームで 決勝16・5・10で フランスのパリ近郊のル・ゴルフ・ナショナルで勝利した.
アメリカはヨーロッパで6連敗を 経験し 1993年からヨーロッパで ライダーカップを 獲得していない
デンマークのトーマス・ボーンのチームが 勝利した. 14.5ポイントの得点で, 勝利はアメリカに与えられました.
アメリカ人スターのフィル・ミッケルソンが 試合のほとんどで 苦悩していた 16番の3番の穴で 打撃の第一打で 球を水に投げ フランチェス・モリナリに 勝った
イタリアのゴルファーのモリナリが 試合全体で輝き 優勝者4人中の一人となった
ジョージ・スピーテは デンマークのトーボヨン・オレスンに 5対4で敗れた
世界一の選手 ダスティン・ジョンソンは 2対1でイングランド人の イアン・ポウルトールに敗れた 彼は最後のライダーカップを プレーしていたかもしれない
8回のライダーカップを 経験したスペインのセルジオ・ガルシアは 優勝記録のトップに ランクインし キャリアで25.5ポイントを獲得しました
泣くのは普通じゃないけど 今日は泣くのは止まらない
厳しい1年だった
トーマスに感謝するよ 私を選んでくれて
幸せよ 幸せよ 再び優勝して
"チームに期待しているよ" ガーシアは言った
彼は同胞のジョン・ラムに 火を運びました 彼は日曜日に 伝説のアメリカゴルフ選手 タイガー・ウッドズを2対1で 勝ったのです
"タイガー・ウッズを倒したことでとても誇りに思うよ.
ウォッズはフランスでの4試合で敗退し,ライダーカップで13対21対3の記録を保持している.
史上最高の選手の1人の 驚くべき統計です 彼は14のメジャータイトルを勝ち すぐ後にジャック・ニークラス
週末,アメリカチームは 逃げ道を探し続けたが, パトリック・リード,ジャスティン・トーマス,トニー・フィナウは 優勝した.
チームでの失望のあと アメリカ隊の隊長 ジム・フューリックはこう言った "この選手たちには誇りがある
特定の瞬間は ヨーロッパに抵抗を与えました
失敗した
トーマスの帽子をかぶって
彼は素晴らしい船長だ
12人の選手は全員 素晴らしいプレーをしていました
チームを組んで PGAとライダーカップ委員会と 仕事をして 進み出します
12人の男を好きで 隊長を誇りに思う
帽子を脱ぐべきなんです
勝ったんだ
赤い潮の最新データ: ピンネラス,マナティ,サラソタで 減少
魚類保護委員会 (FWC) の最新の報告書は タンパ湾の部分で 赤い潮の濃度が 減少していることを示しています
FWCによると,藻類の異様な開花環境は Pinellas,Manatee,Sarasota,Charlotte,Collierの郡で報告されており,これは濃度減少を示唆している.
紅潮は海岸線を130マイル 延べて広がり ピンネラス郡の北から リー郡の南まで
咲く地域はヒルズボロ郡の海岸から 10マイルほど 近くにありますが 先週より少ない場所です
赤潮はパスコ州にも 観測されました
先週,ピネラス郡またはその周辺地域では中濃度,ヒルズボロ郡周辺地域では低濃度から高濃度,マナティエ郡周辺地域では普通から高濃度,サラソタ郡またはその周辺地域では普通から高濃度,シャーロット郡地域では普通から中濃度,リー郡またはその周辺地域では普通から高濃度,コリアー郡周辺地域では低濃度が記録されました.
呼吸器炎の症例が 報告され続けている ピネラス郡 マナティ郡 サラソタ郡 リー郡 コリアール郡
呼吸器官の刺激は 週末にフロリダ州北西部で 記録されたものではありません
