ウェールズでは政治家たちが"馬鹿に似ている"と 恐れている
ウェールズ国民議会の一部の議員は,彼らの称号をMWP (ウェールズ議会の議員) に変更する提案に驚愕した.
議会の名称をウェールズ議会に変更する計画のため,
政治家や政治家の皆さんは この名称変更が 嘲笑されるかもしれないと 懸念しています
労働党の議員は"TWPとPWPにライムがついている"と心配だと述べました
ウェールズ以外の読者向け ウェールズ語で"twp"は"バカ"で "pwp"は"クソ"です
プライド・カミロ党の1人の議員は,グループ全体として"満足していない"と語り,代替案を提案した.
ウェールズ出身の保守派議員は,彼のグループは名称変更に対して"オープン"だが,MWPからマップ (バカ) になる短い言葉のジャンプしか存在しないと指摘した.
この文脈では,ウェールズ語のwは,ヨークシャー語のuと同じく発音されます.
名称変更の導入に関する法律案を策定している議会委員会が"議会の議員が持つ名称の最終決定は,当然,議員自身次第"と発言した.
ウェールズ議会は"ウェールズ政府法"によって 2017年3月5日に 名称を変更しました
6月,委員会は,議会をウェルシュ議会 (Welsh Parliament) と呼ぶ提案に対する公的協議の結果を公表し,その提案は広く支持された.
AMの称号については,Welsh Parliament Members (ウェルシャ議会議員) やWMPが好ましいですが,MWPの選択肢は,公的協議で最も支持されました.
議会は代替案を提案しているようですが, 合意の争いは,議長エリン・ジョーンズにとって困難に成るでしょう. 彼女は数週間以内に, 修正案を提出する法案を 提出する予定です.
議会の働き方にも 変更を加えた法案には 議会の活動方法や 議員の資格の廃止や 委員会制度の構成も含まれます
法律が議論される時,AMは,AMの最終的な投票権を持つ.
マケドニア人が国の名前変更について投票する
投票者は日曜日に,国の名前を"北マケドニア共和国"に変更するかどうかを決定する.
ギリシャは,マケドニアという独自の州を持つ,隣国ギリシャとの数十年に渡る紛争を解決するために,この投票を行っています.
アテネは長年にわたり,北側の隣国の名前がギリシャの領土に 要求されていることを主張し, マケドニアがEUやNATOに加盟する試みに長年抗議してきた.
マケドニアの大統領であるギョルゲ・イヴァノフは,投票に反対し,投票を否定すると述べた.
首相のゾラン・ザエフを含む投票支持者は,名称変更はEUとNATOへの加盟に伴う代償に過ぎないと主張している.
セントマーティンの鐘は静かになる ハーレムの教会は争う
"私が話した老人は 昔は 路角にバーと教会があったと教えてくれました"
"今日,その2つの部分には 欠けています"
酒場は消えるのは当然だと
"今では社会的なやり方も変わりました"
"バーはもはや 住人の居場所ではなく 住人が毎日訪れる場所ではない"
教会に関しては,資産の売却で得たお金が長続きせず, "遅かれ早かれ,元の場所に戻る"ことを心配しています.
彼はさらに 教会は 住居の複合住宅に 置き換えられるかもしれないと 付け加えています 住居の復旧を助けるような 住居を埋めるような人々です
"これらの建物のアパートを 購入する人々の圧倒的多数が 白人だ"と彼は言う"そしてそれは,これらの教会が 完全に閉鎖されるという 傾向をさらに刺激する. なぜなら,アパートに引っ越す人々の多くは, 教会の会員になる可能性が低いから".
両教会とも,黒人教会によって建てられた.その後,ハーレムは1870年に黒人都市,セント・マーティンズ教会が10年後に建てられた.
初期のメソディスト教会は1930年代に移転した.
近くで活動していた黒人教会が 建物に侵入しました
セント・マーティンは 牧師のジョン・ハワード・ジョンソンの下で 黒人教会に 支配され 125番通りは 店のボイコットに 導かれました ハーレムの主要なショッピング街の一つで 黒人を雇ったり 昇進させたりしなかった
1939年の火災で 建物に大きな被害がでましたが 牧師の教区の子孫が 建物を修復する計画を立てたので 鐘の演奏を依頼しました
牧師の息子で聖マーティン教会の牧師の 代行者であるデイヴィッド・ジョンソンは 鐘を"貧しい人の鐘"と称していました
6月の鐘を演奏した専門家が "文化財"と "歴史的に欠かせない楽器"と 呼んだのは別物です
専門家であるミシガン大学のティファニー・ニグは またこの鐘は 18年前にリバーサイド教会の 大きい鐘に引っ越した 黒人音楽家 ディオニシオ・A・リンドによって 世界で初めて演奏された鐘だと指摘しました
セントマーティンは 彼に代わりの 医者を見つからなかったって
ここ数ヶ月で セントマーティンで起きたことは 建築家や起業家の 複雑な物語で 教会の指導者や 司教団の 側から
司教区の指導部である教会の指導部が 7月に教区長に 書き留めており 司教区長が 建築家や建築業者を雇ったことには 関心がないにもかかわらず "教区長が 費用を推し進めようとしていた"と懸念していたという
教会のメンバーは 司教室の透明性が欠けていると 文句を言った
カリフォルニアでオオカミを捕まえながら ダイビングする 13歳の少年にサメがダメージ
カリフォルニアのオオカミの季節の初日に, 13歳の少年がオオカミの漁業で水中に潜った時に,サメが襲い傷を負ったと, 官僚は言う.
襲撃は午前7時前 エンシナタスのビックンビーチの 近くで発生しました
サンディエゴの KSWBテレビ局に チャド・ハメルが語ったところによると 彼は友達と水中で 約30分ほど潜っていたというのですが 土曜日の朝に 少年が助けを求めて叫んでいたのを聞いたのです そして仲間と一緒に彼を水から救おうと 駆け寄りました
ハーメルによると,彼はロブスターを捕まえたことに興奮しただけだと考えていたが,その時,彼は,その少年が"私は噛まれた!
噛まれたんだ"
"彼の骨は全部 引き裂かれていた" ハーメルが言う
"みんな 水から降りろ! 水の中にサメがいる!"と ハメルさんは言いました
患者はサンディエゴの ラディ・チルドレン病院に 運ばれており 危篤状態だと伝えられています
攻撃したサメの種類は不明です
ライフサーバーのラリー・ジャイルズは メディアの取材で "数週前に この地域にサメが 確認されましたが 危険物とは考えられませんでした"
被害者は上半身に 創傷を負ったと ゲイルズは付け加えました
警備員たちは 警備のため 検査のため 48時間の間 浜辺を閉鎖しました
ザイルの種は135種以上ありますが 危険とはみなされていませんでした
サインスベリーズはイギリスで ビューティ・マーケットを 狙っている
サインズベリーズはブーツと スーパードゥルと デベンハムと 競争しています ブランドは ステーキ・製品と 専用のアシスタントを 大手通販のスタイルで販売しています
ブランドはファッションや住宅製品が 減少している一方で 成長を続けています ブランドの大きなラインは 国内11店舗で試行され 順調なケースであれば 来年さらに多くの店舗に 投入されます
化粧品への投資は スーパーマーケットが新製品を探し出すと並行しています 化粧品は以前はテレビやマイクロオーブンや家用品に使われていたのに
サインズベリーズでは 商品の総数は3千件に増やされ レヴロン,エッシー,ツィザーマン,ドクター・パウパウなどが 登場するそうです
既存のL'Oreal,Maybelline,Burt's Beesのブランドも 拡張され ブランドのエリアが広がります ブーツのような店で
スーパーはブーティークメイクの品種も再発売し,ベーガン向け製品が多数で,若年層がますます需要を寄せている.
香水店"Fragrance Shop"は2つのサインズベリーズに 店舗を試しています 初めはロンドン南部のクロイドンで 開店しました もう一つはバーミンガムのセリーオークで 開店します
オンラインショッピングと 地域のお店で 食料を少量に購入する傾向が スーパーマーケットはより多くの人を 集めるために 努力する必要がある
サインスベリーズ社のCEOマイク・クーペは 店舗がスーパーマーケットに似ていると発言しています 店舗がディスコートチェーンであるアルディとリドルと戦いを挑んで 食品以外の商品やサービスを増やすことで
サインスベリーは200年前にアゴス・セールスを 百店舗に導入し 2年前にアゴス・セールスを 購入して以来 ハビタット・セールスを導入しました この取り組みにより 食料品の販売を強化し 買い物をより収益性のあるものにしました
化粧品や薬剤の更新は失敗しました
サインズベリーはブーツと提携を試みたが, 協力は,スーパーマーケットの薬局からの収益の分配をめぐって 論争に終わった.
この新しい戦略は サインスベリーズが280店舗の 薬局チェーン店を ローイド製薬のCelesioに 3年前に125ポンドで売却した後に 始まった
戦略によると ロイドは4店舗でラ・ロシェ・ポサイやヴィチのような 贅沢品のブランドを追加することで 計画に役割を果たす
サインスベリーの商務責任者のポール・ミルスヒックス氏は"顧客環境を向上させるために 美容製品ラインのデザインを改造しました
専門の専門家もいますが 助言をくれるのです
ブランドの範囲はあらゆるニーズに合わせて設計されていますが 魅力的な環境と便利な場所により 古いショッピングスタイルに挑戦する 魅力的な目的地になりました"
ポール・ジョーンズ"怒って" ホリー・ウィロブーが"千1千万ポンドの契約を 撤回した
ドラゴンズ・デン・スターのピーター・ジョーンズが 怒りを覚えました 番組の司会者 ホリー・ウィラフビーが ライフスタイルブランドの 契約から退社し マークス・アンド・スペンサーとITVとの 新契約に 集中するためです
ヴィロビは 住宅用品とアクセサリーブランドの トルーリーに暇がない
会社とGwyneth Paltrows Goopのブランドと 比較された
"この朝のホスト" 37歳 プロジェクトを辞めると Instagramで発表しました
ホリー・ウィロブィは ドラゴンズのデンのスターピーター・ジョーンズを 怒らせた. 利益の多いライフスタイルを 引き上げることから 引き下がった.
ソースによると,ジョーンズは火曜日に,彼のビジネス帝国の本部で,人気のテレビ女優が, "怒って"と話すと,
会社とGwyneth PaltrowのGoopブランドを比べると 推定資産を倍増させると言われていた £11百万
37歳のウィロビーは Instagramで 脱退を発表した ジョーンズは休暇の別荘で イギリスを離れていました
消息筋は"ホーリーの優先事項の"つだった
長期的プロジェクトで 数十年かけて取り組むことでした
彼女の辞退は関係者全員に驚きでした
火曜の夜 打ち上げのすぐ近くで
"マーロー本部に 売りに出せる物資が詰まっている"
専門家によると,この番組のホストが 退社すると, 会社のコストは数百万円になる. 商品の投資が大きくなるため,
長い友情の終わりにもなる
3人の母親のウィロビーと 家の主人のダン・ボールドウィンは ジョージ・ジョーンズと 彼の妻のタラ・カップと 10年間 密着関係にあった
ウィロビーは2016年にCappと共にTrulyを設立し,52歳のジョーンズは3月に取締役会長に就任した.
ザ・ジョーンズがボールドウィン・テレビの 株式の40%を所有している
ウィロビーはM&Sのブランドアンバサダーとなり, ITVのI'm A Celebrityのホストとしてアント・マクパートリンに取って代わります.
ジョーンズに近い情報筋は 昨夜"彼のビジネスについて 発言することは できない"と
ひどい言葉だ 恋に落ちた
報道機関から受ける批判を笑って言ったんです "大統領にはふさわしくない"と 発言し 北朝鮮の指導者に好意を示したんです
なぜトランプ大統領が そんなに多くのことを諦めたのか?
ニュースキャスターのジョークで
"私は何も諦めなかった"
彼は,トランプが6月にシンガポールで行った最初の会合を, 北朝鮮の核軍縮に向けた大きな一歩だと宣言した後に, 金正恩がさらに会合に興味を示していると指摘した.
しかし,核兵器の取り決めは 途絶えました.
シンガポールでの6月の首脳会談から3ヶ月以上経った今,北朝鮮の最高外交官リ・ヨンホーが土曜日に国連総会で世界首脳に語った. 北朝鮮は,北朝鮮の初期軍縮措置に対して,米国から"対称的な対応"が見られないと語っている.
代わりに,米国は圧力を維持するために制裁を継続していると述べた.
トランプは選挙人集会で 楽観的な見方をしました
"北朝鮮はうまくいっている"と
"北朝鮮との戦争が始まっていた"
数百万人が 命を落としたかもしれない
素晴らしい関係になったんだ"
核実験を終了させ 拘束者を解放し アメリカ軍兵士の遺体を帰還させました 朝鮮半島で北朝鮮の軍事力を強化し
そして,彼は,キムに対する 異常な態度を正当化しました.
"国営の態度をとるのは簡単だ" "しかし,この人混雑の競技場に1万人が入り込もうとする代わりに, 200人くらいの人がそこに立つべきだ"
インドネシアの津波と地震で 島が襲われ 何百人もの死者が出た
モンゴル地震の直後 非政府組織は 支援を必要としないという 警告を受けました
ランボクの人口の10%以上が 住居を失っていたにもかかわらず 国際的な緊急支援を要請する条件である 国民的災害は宣言されませんでした
"残念ながら多くの場合 明らかに国際的支援を 求めていないので 挑戦的な状況です"とSumbung氏は言います
支援チームを集めていますが 海外のスタッフが フィールドで働くことは まだ決まっていません
国の災害対応担当者Sutopo氏は,インドネシアの当局者がパルーの状況を評価し,国際機関が救援活動に協力できるかどうか検討していると語った.
インドネシアは地震の頻度が高いため 自然災害に備えて準備が整っていません
アチェでは津波の避難所が建設されていますが 他の海岸では見られていません
パルーで警告が発せられたが 津波の予報がなくなり 死者数に影響したようだ
素晴らしい条件下でも インドネシアの多くの島々を 旅することは困難です
自然災害は物流をさらに複雑にする
病院船はパルーに向かっています しかし,新しい事故現場までには少なくとも3日かかるでしょう
選挙運動で 欠陥なインフラを中心に 路線や鉄道に 莫大な資金を投入した ヨーコ・ウィドド大統領
しかし,ジョコ氏の政権は, 選挙の準備が進んでいて, 資金不足に悩まされています.
イスラム教多権派がより保守的な信仰を信奉しているインドネシアの 宗派的な緊張が ヨーコ氏にも影響している
千人以上が殺され 数十万人が家から追い出されました イスラム教徒とキリスト教徒のギャングが 銃器や弓矢などの 古代兵器で街で戦ったのです
チェルシーが最後の瞬間でダニエル・スターリッジを 引き分けました
チェルシーに敗れたリバプールを救ったダニエル・スターリッジは 試合の89分にゴールして スタンフォード・ブリッジで勝利しました
シュターリッジがチェルシーから30メートル離れた シェルダン・シャキリから 投球を捕らえた
高い位置から最先端の ストロークを撃つ前に 左足でボールを蹴った
ボールは フィールドの上から 網の右上の角に飛んできました
ボールはケパ・アリザバラガの 跳ね上がった球を抜けて 網に落とした
"ただ,ポジションにたどり着くだけ,ボールを掴むだけだった.シャクのような選手は,できるだけ遠くまで進み,私はできるだけ多くの時間を自分に与えようとした"と,スタリッジはLiverpoolFC.comに語った.
"カントーがやって来たら, 手を一本引いて, 撃った"
チェルシーが半戦で1対0でリードし ベルギー代表エデン・ハザールが25分に1得点した
チェルシー・アングラスはマテオ・コヴァチッチに 逆転し 試合のミッドフィナーレで 速攻を上げ リバプール・ハーフに突入した
コヴァチックは,中盤で,速攻で1対2を打った.
長い投球でハザードを フィールドに追い込みました
ハザードが守備の位置から逃げて 極右のストップに左足で打った 利ヴァプールのアリソン・ベッカーを越えた
リバプールがナポリと戦っている チャンピオンズリーグのグループ戦は 水曜の15時にイタリアのナポリのスタジアム サン・パオロで
チェルシーは木曜日15時 ロンドンで ビデオトーンと対戦する
インドネシアの津波死者数は832人に達
インドネシアの地震と津波で死亡者数は832人に達したと,国の災害対策機関が日曜日に発表した.
広報担当者Sutopo Purwo Nugrohoは,金曜日に発生したリヒタースケール7.5の地震で,多くの人々が建物から落下した瓦に閉じ込められたと報告した.
崩壊した建物の瓦で覆われた 38万人を超える人口を抱えるパル市は
警察は殺人容疑で32歳の男を逮捕 女が刺さって殺された
殺人事件の捜査が始まりました 女性の死体が発見されました
傷を負っていた44歳の男性が 午前7時55分に グレイスン・メウスで発見されました
警察は,目撃者,または 聞いた人, すぐ出かけることを要請しています.
副警官のブライアン・オハガンは "捜査はまだ初期段階ですが ブリケンヘッドのジョンストリート周辺で 不審なことがあった方は 連絡してください"と
また,私は,特に,ダッシュカメラで記録したかもしれないタクシーの運転手, 捜査に役立つ情報を持っているかもしれないので, 私たちに連絡してください"
警察の広報担当者は 遺体が発見された女性が ビーケンヘッド地区の出身で 遺体は不動産の内側にあると確認した
午後,女性を認識している友人が 現場にやってきて, 今朝見つかった場所について尋ねました.
捜査は継続中です 被害者の親族に連絡が取られていると 警察は述べています
グレイスン・メウスに住むタクシーの運転手が アパートに侵入しようとすると 警察から "誰も入ってはいけない"と 告げられる
震えが止まった時 震えが止まった
住民は,入場まで数時間かかると 伝えられています.
警察官が目撃者に "全域は犯罪現場だ"と告げた
泣く女性が到着する
"これはひどい"と 繰り返すばかりです
午後2時 警車2台が 隔離区内から外へ
警備隊が隔離線を 守っていた
情報を有する方は メールを@MerPolCCに 送信してください 犯罪防止センターの電話番号を101に 匿名で0800 555 111に連絡してください
議会のクロムウェルの像は, "歴史の書き換え"の議論の対象となる最新の記念碑となる.
削除は 狂信的な 純潔な信徒によって 破壊されたイギリスの 文化・宗教の遺産を 塔リバンに似せて 詩的な正義を 果たすことになる
しかし,クロムウェル協会は,クリック氏の提案を"狂気"と"歴史の書き換え"と評しました.
コームウェル協会の会長であるジョン・ゴールドスミスはこう言っています "現行では 彫像の撤去に関する議論が進行中 必ず ウェストミンスター宮殿の外で オリバー・コームウェルの像が 標的にされるでしょう
イングランド内戦の写真の嵐は コミューン・クロムウェルが 命令したり 実行したり したわけでもありません
間違ったクロムウェルが 犠牲になるかもしれない 前の世紀の彼の先祖トーマスの 行動のために
サー・ウィリアム・ハモ・ソーネクロフトの 素晴らしいクロムウェルの描き方は 19世紀の思想の証しであり 紀元史の一部であり 多くの人が今でも 称賛に値する人物だと 考えているのです
ゴールドスミス氏はサンデー・テレグラフ紙に こう言いました "クロムウェルは 19世紀後半の頃には 現在よりも多くの人々によって 議会の守護者として 外からの圧力から 守護者として 認められていました
絵画の正確さは 歴史的な論争の話題です
確かなことは 17世紀半ばの紛争が 国家の発展を形作ったということです そしてクロムウェルは 闘争の片方の 代表として 認識される人物です
"守護神としての彼の功績は 称賛と記憶に値する"
豚が中国人の農夫を襲って殺す
地元のメディアによると,中国南西部で農家が市場で豚に襲われ死亡しました.
住所が"ユアン"としか 特定されていない男が 血液に浸かっているところで 発見されました.
豚飼育者は,中国青海省の青海市にある豚の飼育場で,豚にワクチンを注射する準備をしている. 2005年5月30日
彼は水曜日に隣のユナン省から従兄弟と集まって15匹の豚を市場で売ったそうです.
翌朝 叔父が死んだところを 姉が発見したところ 隣の豚の巣の扉は開けていた
豚の食堂には 大きなオオカミがいたと 血が口に流れている
検問は,この250キロの豚が農夫を噛み殺したと確認した.
"私のいとこの足は血まみれで,けががで, 血まみれで, けがががで, けががで, けがががで, けがががで, けががで, けががで, けががで, けががで, けががで, けががで, けがががで, けががで, けががで, けががで, けががで, けがががで, けががで, けがががで, けががで, けががで,
監視カメラの映像によると 黄は木曜の4時40分に 市場へ入って豚の飼育をしていました
遺体は"時間後に発見されました
殺害した動物は ユアンと彼のいとこの ではない
市場管理者は"イブニング・ニュース"に 豚は 事件現場から証拠を集めながら 周囲の動物を 攻撃しないよう 隔離されたと報告した
報道によると の家族と 市場関係者は の死に対する 賠償金について 交渉している.
豚が人を襲った事例は 記録されています
2016年 マサチューセッツ州で 豚が女性とその夫を襲い 重傷を負わせました
10年前 ウェールズ人の農夫が 295キロの豚を 引越しに追い込んだところ 妻が逃げ出してしまいました
2012年,オレゴン州の農家が 豚に食べられた後, マニトバ州の農家が CBC Newsに語ったように,豚は通常攻撃的ではないが, 血の味は"トリガ"として機能する.
"遊び心があるんだ
興味深くて 害を及ぼさない
敬意を払って扱わなきゃ"
余剰風力ロザは アメリカ南西部の大部分に 豪雨を 引き起こす
予見通り,ハリケーン・ローザは 弱体化して,メキシコ北部の 涼しい海を移動します.
しかし,Rosaは,メキシコ北部と南西部の 洪水で,今後数日間,豪雨を予報しています.
ロザは10時38分で 嵐でした クラターギウンの風です ストップはメキシコのプンタ・ウエージェニアから620km
ロザは,日曜日に北へ移動すると予想されます.
太平洋を横断する低気圧噴出管が 形成されつつあり 太平洋の東側からアメリカ西海岸へ 移動している.月曜日,熱帯嵐の形で ローザがバヤ・カリフォルニア半島に接近すると,
ローザは月曜日には メキシコの一部で 254ミリ雨を降らせる
熱帯の湿気が 近づいている低気圧噴出物と 相互作用して 雨が南西部の地域に 降り注ぐのを待つのです
地元では25~101ミリメートルもの 雨が降ると 危険な洪水や 砂漠の土砂が起こる
熱帯雨は1時間あたり51~76mmの雨を 地元で発生させ 特にネバダ南部とアリゾナ州の一部で
雨は51~101ミリで アリゾナ州を中心に 南西部の一部で 予想されています
熱帯雨の分散性により 洪水が発生し 状況が悪化する可能性があります
熱帯雨が来る恐れがあるのに 砂漠を徒歩で進むのは 悪い考えです
豪雨は渓谷を川に変り 雷が吹くと 地方の風が強くなり 砂を吹き飛ばす
接近する低気圧噴出は 南カリフォルニアの沿岸部に 豪雨をもたらす
雨量13mm以上で 降水量が少なく 道路が滑らかになる可能性があります
雨の季節の雨は この地域では初めて
熱帯雨は,日曜日と月曜日の夜に アリゾナに接近し, 月曜日と火曜日の夜に 広がります.
激しい雨が 4 角地帯に広がり 水曜日も続く
10月になると北極は寒くなりますが 熱帯は温暖になります
短距離の間の 劇的な温度変化が起こることもあります
日曜日の米国の中央部の 劇的な気温変動の良い例があります
ミズーリ州カンザスシティとネブラスカ州オマハと アイオワ州セントルイスとデスマインズの間には 温度差が11度近くあります
この数日で 残った夏の熱は 蓄積し 再び広がります
中部・東部の大部分は10月より暖かい初頭を迎え,南の平原から東北の部分まで26度を超える気温が予想されている.
ニューヨーク市では火曜日には気温は26度 平均より10度高い
気候の長期間予測は 10月上半に 平均より高い温度が ཤར་米で発生する可能性が高いと示しています
2000万人以上の人々が ブラット・カヴァナウの 裁判の様子を見た
裁判官候補のブレット・カヴァナウと 1980年代における 性的虐待を訴えた女性 クリスティン・ブレシー・フォードの 証言が 視聴されました
政治的争いは続いていて 放送局は放送を中断し 金曜日の夜遅れた事件を報道しました アリゾナ州上院議員 ジェフ・フレイクが 合意したもので FBIは 起訴事件を"週間調査しました
フォードは上院審議委員会に カーナビが 酔っぱらって 彼女に暴力を振るって
カバナウは感情的な証言で "100%確信"で 事件は起こらなかったと
金曜日に2千4百万人が 見たことがあると ニーレンスが予想しています
平均視聴回数は CBS,ABC,NBC,CNN,Fox News Channel,MSNBCで記録されている
PBS,C-SPAN,Fox Business Networkなど 他の放送局からの視聴率は ありませんでした
会社では 番組の視聴率を測ることが 難しいのです
視野を広げると 試合の視聴率は NFLのプレーオフや オスカー大会の試合の視聴率と 相当します
意見を持つ主持者がカバナフの任命を強く支持している Fox News Channelは,この全日間の聴取で平均569万人の視聴率で,すべての局をトップにしました.
ABCは2位で326万人の視聴者を獲得しました
ニーレンのデータによると,CBSは3100万,NBCは294万,MSNBCは289万,CNNは252万という数字です.
聴聞会の後も 関心は高かった
フレイクは金曜日のドラマの 主要人物だった
控訴官の事務所が 投票の意向を明らかにした後に 控訴人は金曜日の朝に CNNとCBSの 公開カメラに捕まりました 審査員会議の聴聞会に エレベーターで行くと抗議者が彼を怒鳴ったのです
顔は下向きに数分 怒鳴られ CNNがライブで
"私はあなたの前に立っている"と女性が言った
"彼は国のために真実を語っているのか?"
"あなたは力を持ってるのに 多くの女性は無力だ"
フレークは,彼の事務所が声明を出したと, そして,エレベーターが閉まる前に, 彼は委員会での聴聞に,もっと言いたいことを言った.
裁判の委員会が カバノウの提名を 議会で投票する際に 放送局が放送した
しかし,フレークは,彼が賛成する唯一の理由は,FBIが,次の週,候補者に対する起訴を調査すると確信しているからです. 民主党は,上院で, 支持者数を少なく,
フレークは友人である民主党上院議員 クリス・クーーンズと 話し合いをしたことで 納得できた.
コーナーと会談し 参議院議員を集めて 決定を下しました
フレークの選挙は 影響を与えたのは 共和党が調査なしで カバナウを承認する票を 持たないことが明らかだったからです
トランプ大統領は カバナウに対する 容疑について FBIの調査を開始しました
英国首相は,Brexitについて"政治をやっている"と批判を非難
首相のセラサ・メイは,EU離脱の計画に批判する者を非難し,英国の将来と政治を"戯れ"とし,国の利益を損なうと非難した.
2018年9月29日 イギリスの首相テレサ・メイが 保守党の会議に参会
紙の表紙のセラサ・メイとの インタビューの他では 首相の元外相のボリス・ジョンソンは チェッカーズの ブレグジット計画に 攻撃を投げかけ 英国とEUが互いに関税を 徴収する提案は"まったく馬鹿げた"と 非難した.
ウェイド・シムズの殺人事件 容疑者ディテオン・シンプソン逮捕
警察は20歳のバスケットボール選手の ウェイド・シムスを 殺害した容疑者を逮捕した
20歳のダイトン・シンプソンは 軽率な殺人容疑で 逮捕され 刑務所に収監されたと バトン・ルージュ警察は発表しました
公式サイトで,SimsとSimpsonの対決の映像が公開され, 警察はSimsが眼鏡を落としたと証言した.
警察は犯行現場で 眼鏡を発見し シンプソンのDNAが 付いていると報じたCBSの 副放送WAFBは
辛普ソンに質問した後に 警察は彼が ウェイデの銃撃を認めたと証言した
弁護士は,彼の保釈金を35万ドルとしました.
病院は,病院の病院の 病院の病院の 病院の病院の病院の病院の病院の病院の病院の病院の病院の病院の病院の病院の病院の病院の病院の病院の病院の病院の病院の病院の病院の病院の病院の病院の病院の病院の病院の病院の病院の病院の病院の病院の病院の病院の病院の病院の病院の病院の病院の病院の病院の病院の病院の病院の病院の病院の病院の病院の病院の病院の病院の病院の病院の病院の病院の病院の病院の病院の病院の病院の病院の病院の病院の病院の病院の病院の病院の病院の病院の病院の病院の病院の病院の病院の病院の病院の病院の病院の病院の病院の病院の病院の病院の病院の病院の病院の病院の病院の病院の病院の病院の病院の病院の病院の病院の病院の病院の病院の病院の病院の病院の病院の病院の病院の病院の病院の病院の病院の病院の病院の病院の病院の病院の病院の病院の病院の病院の病院の病院の病院の病院の病院で
警察は,ルイジアナ州警察の 特別捜査班と 州立警察研究所,南方大学の警察と 地域の市民が 捜査に協力したとして 逮捕したと報告しています
LSUのスポーツ監督 ジョー・アレヴァは 地域の警察の"正義の追求"に感謝した
シムスは20歳だった
背198センチのフォアワーズは バトンルージュで育ちました 父のウェインも LSUで野球をしていました
平均して5点6分と 平均して2点6リバウンドを 獲得した
ウェイドの死で チーム全体がショックを受けたと
"これは,あなたがいつも恐れるようなものです"とウェードは言った.
噴火火山がメキシコシティに 灰を吐き出します
ポポカテペトル火山から噴出した灰は メキシコ首都の南部の地区に 届いています
災害対策センターは土曜日にメキシコ人に 火山から離れて 避難するように警告しました 火山口が活動し 24時間間にガスと灰が183回噴出したそうです
震源は 繰り返し監視されてきました
ソーシャルメディアの写真では 薄い灰の層が 車の車窓にぶら下がっているのが見られる. メキシコシティの街区の"Xochimilco"などで 灰がぶら下がっているのが見られる.
地質物理学者は,首都から南東に45キロ離れた場所にあるこの火山の活動が, 2017年9月にメキシコ中央部で起きたリヒータースケール7.1の地震以来, 増加していることに気づきました.
"ドン・ゴヨ"として知られる火山は1994年から活動しています.
独立投票の記念日を前に警察がカタルーニャの分離主義者と衝突
独立を求めるデモ隊が 警官と衝突し,数千人が 競争するデモに参加し,カタルーニャの 独立投票の"周年を記念した 6人が 逮捕されました.
仮面の分離主義者の集団が 警官を押さえつけ 粉末塗料を投げ出して 暗い塵の雲を 観光客に溢れる通りへと 吹き飛ばした
警官が暴動を鎮圧するために棒を振るう 事件も起こりました
"忘れることはなく 許される事はなく"と叫ぶ独立運動の団体は "スペインに生きる"と叫ぶ 連合運動のデモ隊と遭遇しました
地方報道によると 14人が 軽傷で治療を受けているという
独立を志向する地域では, 1月の投票がマドリードから違法とされ,カタルーニャの分離主義者が祝った1年後も, 緊張状態が続いている.
独立は圧倒的に支持されましたが 投票率は低い 独立に反対する者は 投票をボイコットしました
カタルーニャ当局によると,昨年,警察が選挙の実施を阻止しようとした際, 地域の投票所での暴力的な衝突で,約1,000人が負傷した.
独立団体は金曜日の夜に キャンプを営み 警察のデモを阻止した
抗議デモは行われましたが 反対のルートで 走るしかありませんでした
電気工事士のナルシス・テルメス (68) は,妻と共に分離主義運動に参加し,カタロニアの独立への希望を捨てたと述べた.
"去年は最高の瞬間だった"
投票の機会に 両親が泣くのを目の当たりにしましたが 投票は 止まっています"
去年の12月の地方選挙で 僅かな勝利を収めたものの カタロニアの独立党は勢いを維持するために 苦労し 著名な党のリーダーの多くは 亡命か 拘留されている 投票や独立宣言の実施における 役割に対する判決を待っている
42歳の機械工人 ジョアン・プイは 警察の支援として抗議を電話で記録し 紛争は両側の政治家によって引き起こされたと訴えました
"緊張感はどんどん増える"と彼は言いました
昨年裁判を待っていた9人のカタルーニャ人指導者の一人,オリオル・ジュンケラスは,来年の欧州議会選挙に出馬すると発表した.
"欧州選挙の候補者として出馬することは,民主主義の価値の落下と,我々がスペイン政府から見た屈服を否定する最善の方法だ"と彼は言った.
ロンドンで暴走:家から車で襲われた男を逮捕
33 34 39歳の男性を逮捕しました 車がロンドンデリーの家へ 突入した事件です
事件はバレーナガード・クレセントで 起きた
ボブ・ブレミングス警官は 建物とゲートに 損傷があったと報告しました
カーに銃弾が 撃たれたこともあります
メンガのショットがリビングストンの 勝利を1-0に
ドリー・メンガがリビングストンのために最初のゴールをした
ラングラーズを襲ったリビングストンは 敗戦を喫し ゲラードに2度目の敗退を招いた.
ゴルフのドリー・メンガのショットが ギャリー・ホルトのチームを 格段に押し上げました ハイバーニアンと2位で
ゲラードのチームは 今季リーグで 勝てない リーグ戦で 勝負が2つで ランキング1位にいる ハーツと対戦する
ランジャーズが欧州リーグで ラピッド・ウィーンに 勝負する前は
代わりに リビングストンは6試合連続で 敗戦を記録し ホルトはケニー・ミラーを 置き換えた後 敗戦を記録した
リービングストンは,現金支給のチャンスに失敗した.
ゴルフが始まる前に ゴルフが終わって ゴルフが終わって ゴルフが終わって
スコット・ロビンソンは突破したが,ゴールの前を横切った. その後アラン・リトゴウはゴールの前を横切ったヘッドをクレイグ・ハルケットに打つため,不可避的にゴールから外れた.
クラブはレイジャーズを前にして 満足していた 理由は 試合の状況で チームに問題を起こす可能性があること
そして,この状況で,重要な目標が達成されました
ランジャーがフリーキックを打ってリビングストンが開口を走った.デクラン・ガラガーとロビンソンは,メンガの出場を共同で作った.
ランジャーズは守備制を制圧していたが,ホームチームの守備を突破する難しさがあった.そして,ゴールキーパーのライアム・ケリーはほとんど挑戦されなかった.
試合は2回目も続きました アルフレド・モレロスがケリーから 守ってくれました
スコット・ピットマンが撃ったショットは ランガーズ・ゴールマンのアラン・マググレガーが 足で撃退し リスゴウは ライフストンによる死闘の別の場面で 枠外で撃ち殺した.
連続した投球がリビングストンのフィールドに流入したが,回避され,ホルケットのサッとグレン・ミドルトンへのタックルによる2つのペナルティキーの要求とボールに対する1つの要求が拒否された.
リービングストンの"驚異" 分析
BBCスコットランド アラスダール・ラモント トニー・マカロニ・アリーナ
素晴らしい努力と成果を リビングストンのために
素晴らしいプレーをして 期待を上回った
選手やチームのスタイルは 基本的には 変わっていないが チームを支える彼のやり方で 功績は主にホルトに 与えられている
ヒーローはたくさんいた
指揮官ハルケットは素晴らしい 指揮官ハルケットは素晴らしい 指揮官ハルケットは素晴らしい 指揮官ハルケットは素晴らしい 指揮官ハルケットは素晴らしい 指揮官ハルケットは素晴らしい 指揮官ハルケットは素晴らしい
ランジェーは 動機を欠いた
ゲラルドの指導下では 優秀な選手だったけど レベルが下がった
試合終了は 鋭さがない 試合の"回は 勝負の表で 敗局を記録した ランジャーズは 予期せぬ結果に 落第
エルドアンがコロンで 混雑した反応
土曜日 (9月29日) は,トルコとドイツの首脳がベルリンで朝食を食べたとき, 笑顔で青空が輝いていました.
エルドアン大統領がドイツを訪問し,両国の関係を改善しようとした.
人権や報道の自由やトルコのEUへの接近などで 意見が分かれました
その後エルドアンがコーンへ行き 新しい大きなモスクを開きました
トルコ以外ではトルコ系の人口が最も多い都市です
治安を保つため 警察は2万5千人の群衆を モスクの前に集まらせましたが 支持者の群れは 近くで大統領に会いに行きました
エルドアンに反対する数百人の人 (多くのクルド人が参加) も,エルドアンとドイツ政府の政策を非難し,同国を受け入れることを非難した.
反対の抗議は 論争の的だったゲストを反映したもので ヒトラーを英雄と捉え
事故 デプトフォードで自転車運転手が死亡
ロンドンで自転車運転者が死亡
事故はベストウッド通りとエヴリン通りの交差点で起きた 交通渋滞が激しいデプトフォードの南西部の 交通渋滞が激しい街道で BST10:15の頃
運転手は車を止めて 救急隊に連絡しましたが 事故で男性は死亡しました
この事故は,別の自転車乗りが 逃走車と衝突して死亡した 数ヶ月後,チャイルダーストリートで起こりました.
警官は容疑者の身元を 特定し 遺族に連絡を している
道路を封鎖し バスの路線を改変し 運転者は 遠慮するよう 指示しています
ロング・ラチン刑務所で 暴動で6人の警官が負傷
刑務所の警備員が 暴動で負傷した
ウォルチェスターシャー州の HMP ロング・ラーティン刑務所で 暴動が起きたのは BST 9時30分頃でした
特殊な"竜巻"警官が 刑務所の片隅で起きている 暴動の対処に 携わっています
警官は現場で 顔の軽傷を治療された
刑務所の広報担当者はこう言いました "特別訓練を受けた職員たちが 収容所内の暴動を 管理している
6人の従業員が負傷し 治療を受けています
刑務所で暴力は許容できないし 犯人は警察に報告され 刑務所で長く過ごせる"
刑務所には500人以上の囚人がいて その中には 国内で最も危険な犯罪者も含まれています
6月 刑務所の監査官が 収容者の攻撃を受けて 病院で治療を受けていると報道されました
去年10月 刑務所で 職員がビリアード弾で 暴動を起こした事件で 職員を逮捕しました
ハリケーン・ロサはフィニックス,ラスベガス,ソルトレイクシティを 洪水で脅かしている (乾燥した地域が恩恵を受ける)
熱帯低気圧はアリゾナに 降りかかるのは稀ですが 恐らく来週の初めには 熱帯低気圧が降りるでしょう ハリケーン・ロザの残骸が 南西部砂漠地帯に移動し 洪水の可能性を高めます
米国気象局は 嵐の予報を発表した. 豪雨の予報は,月曜日と火曜日,
ローザは火曜日にフェニックスから 直接飛行する予定で 月曜日には雨が降ると遅刻します
フォニックス市内の国立気象庁はツイートで "熱帯サイクロンは1950年以来320キロ圏内での 熱帯風や低気圧の 状態を保たれたのは10回しかなかった!
カトリーナ号は1967年 アリゾナ州国境から40km以内の 嵐だった"
予報では アリゾナのモゴロン・リムで 51~102mmの雨で 単発の雨量も152mmまで 予想されています
セントラル・ロッキー・マウンテンズやグレート・ベーシンを含む南西部の砂漠地帯の他の地域では25〜51mmの上昇が予想され,局所的には102mmの上昇が予想される.
洪水から逃れる人にとっては 雨は祝福で この地域は干ばつに苦しめられています
洪水は深刻な問題ですが, 雨の量は,南西アメリカでは, 乾燥状態にあるので, 役に立つでしょう.
乾燥監視局によると アリゾナの40%以上が 極端な乾燥状態で次いでいます
まず,ハリケーン・ローザはメキシコのバヤ・カリフォルニア半島に 陸に当たると予想されている.
ロザは,日曜日の朝,まだ強風で, 最大風速38m/sで, メキシコのプンタ・エウジェニアから南に620km,
太平洋の冷たい海に遭遇し 嵐の強さが減る
午後か夜にメキシコに 熱帯の強い風が 降りかかる見込みです
メキシコのいくつかの地域では 雨が激しく 洪水が起こりうる
"バヤカリフォルニアからソノラ北西部まで 合計76~152ミリ,最大254ミリの降雨が予想されています"とWeather.comは報告しています.
ローザはメキシコを横切して北方へ 移動し 火曜日の朝 熱帯気圧の低下で アリゾナ国境に到達し
"ロサの主要予報は バジャ・カリフォルニア州,北西ソノラ州,南西の砂漠地帯で 豪雨が降る"
砂漠の洪水や山岳地帯の砂崩れなども 予想されています
ミドソマー・ノートンでの襲撃事件 4人逮捕
殺人未遂容疑で 3人の10代と20代の男性が逮捕されました 事件はソマーセットで 16歳の男性が 刺傷で発見されたことです
少年はMidsomer NortonのExcelsior Terrace地区で 負傷していたのが発見されました 土曜のBST4時頃です
病院に運ばれたが 安定している
17歳,18歳,20歳の男を 逮捕した アヴォン・サマーセット警察は
警察は,携帯電話で 映像を撮っている人なら, すぐそこに来てくださいと呼びかけています.
トランプは,カバノフが民主党の"悪意と怒り"に
"裁判官カヴァーナフに投票することは 民主党の無謀で残忍な戦術に 投票することだ"とトランプは ウェストバージニア州ウィーリングで 投票集会で語った
トランプは カーバノが 民主党の"悪意,怒り"に 晒されていると発言しました
カバノウは木曜日に 議会で証言し クリスティーヌ・ブラシー・フォードの 性的虐待の疑惑を 強く否定しました
フォードは起訴に関する 証言もした
大統領は土曜日に "アメリカ国民が 才能と 才能と 勇気を見いだした"と発言しました
"カヴァナフ判事の再任投票は 現代の最も優れた法人の"人 司法士の投票です 公共サービスで素晴らしい過去を 持ち合わせた"と西バージニアの 支持者のグループに語った
大統領はカバナウの指名について 黙々と言及し 中間選挙で 共和党の投票を 重要視した
"今から5週間は 人生で重要な決断をする
投票はできないけど 投票はするんだ"
"だから私は,世界中を旅して 優秀な候補者のために戦っています"
トランプは民主党が"抵抗し 阻止する"という 任務を遂行していると主張しました
カバナフ氏の指名に関する 議会の最初の重要な手続き投票は 金曜日までに実施される予定だ,と共和党の高官はCNNに語った.
インドネシアの地震と津波で数百人が死亡し,死者数は増加
インドネシアのスラウェシ島で 巨大な地震と津波が起きた際に 384人が死亡し,その多くが海に流されてしまいました.
金曜日に数百人の人々がパルーのビーチで祭りをしていたとき, 20メートルほどの波が夜明けに海岸を襲い,多くの人を吸い込み, 路上にあるすべてを破壊しました.
津波は,リヒッタースケール7.5の地震の後に発生しました.
"昨日,津波が起きたとき,人々はまだビーチで活動していました.彼らはすぐに逃げて被害者になりました"と,インドネシアの災害対策機関BNPBの広報担当者であるSutopo Purwo Nugrohoはジャカルタで報告した.
"津波は"人で来なかった 車や木の幹や家などを 引きずり 陸にぶち当たった"
ツナミから逃れるため 木に登りながら生き残った人も多いと 報告した.
パルーの24カ所に16,700人が避難しました
災害時救援隊は空中写真で 多くの破壊された建物や店舗, 歪み,崩壊した橋,水に包まれたモスクを公開しました
午後から,海岸の騒音が続きました.
震の衝撃は,2400万人の住民の地域で 感じられた.
インドネシアの技術評価・応用委員会 (BPPT) は,金曜日の地震で放たれたエネルギーは, 第二次世界大戦中に広島に投下された原子爆弾の200倍ほど強かったと発表しました.
地域的には長,狭い湾の端にあるので 津波の大きさを増幅した可能性があると 津波管理局は述べています
ヌグロホは被害を"広範囲"と表現し 何千もの家屋や病院 ショッピングモール ホテルが倒壊したと語った.
倒壊した建物から遺体が発見された. 負傷者は540人,行方不明者は29人.
ヌグロホは,死者数と被害は,地震の震源に近い,パルウの北の200マイル (約200キロ) の海岸線,ドングラ地区で,より大きくなる可能性があると述べた.
通信は"ドングラからの情報なしには完全に停止した"とヌグロホー氏は言う.
被害地域へ派遣されたスタッフやボランティアもいます 地域住民は 地域社会に 支援を要請しています
"悲劇は既にあったが 更に悪化する可能性がある"
政府がパルウで津波が起きたことを公表しなかったことで,土曜日に多くの方面から批判されましたが, 警報が発信された時点の範囲内で波が来たと, 役人たちは言いました.
ソーシャルメディアで共有されているアマチュアビデオでは 建物の最上階にいますが 絶望的に ツムイが近づいてくるという警告を 通りにいる人に叫んでいるのが聞こえます
数分以内に 壁が海岸に衝突し 建物や車を 流走させます
配線の真偽はすぐに確認できませんでした
震災と津波により パルー周辺の通信が遮断され 当局が救出作業を調整するのは困難になりました
軍がジャカルタや他の都市から 緊急救援を運ぶために 貨物輸送機を送り始めているが 避難者の間では 食糧や生活必需品の供給が 依然不足していると当局者は言う.
空港は開業しましたが 補助業務のみで 10月まで閉鎖です
首都パルーの避難センターを 日曜日に訪れると予想されています.
インドネシアの津波による死者数は 800人を超えました
ひどいこと
被害が大きい地域を通過した"とドセバは述べた. "この地域では,多くの被害が起こっています.
"壊れた家がたくさんある"
ひどいこと
援助団体が 支援活動を再開する 厳しい作業を始めても 海外の援助スタッフが 十分な専門知識を持って パルーに 行くのを妨げられているという 苦情が寄せられました
事故の現場が国家災害地域と 宣言された場合のみ 海外からの資金援助,物資,職員へのアクセスを許可しています
まだまだない
インドネシア赤十字の広報担当者アリアニは"まだ州レベルでの災害だ"と発言した.
"政府が『OK,これは国家災害』と言うなら 国際援助を始める事ができるが, 状況はまだわからない"
金曜日の地震と津波の後の2日目の夜に パルーでは 友人や家族は 失踪した人々の遺族を支え 遺族が自然災害の暗い物語を 照らす奇跡になることを願った
土曜,小児が 下水道から 引き上げられた
土曜日 救援隊が 壁に2日間 閉じ込められた女性を 連れ出しました 母親の遺体が横たわっていました
インドネシアパラグライダーチームのコーチであるゲンドン・スバンドーノは,今月初めにインドネシアで終了したアジア競技大会で 欠席したパラグライダーのうち2人を訓練していた.
ロッ・ロッホテルで捕まった人達の中には,マンダギ氏も含まれていた.
"パラグライディングの 経験者だから 感情的な負担が 自分自身にある"
羽翼飛行団の間で 広まったロア・ロア・ホテルの 崩壊のニュースが 流れた後 何時間もかけて 絶望的な状況で のフェスティバルに参加していた パルイの参加者に WhatsAppでメッセージを送っていたことを ゲンドン氏は話しました
しかし彼のメッセージは 2つの青の代わりに1つの灰色のの 信号だけをもたらしました
"これはメッセージが 届かなかったことを意味していると思う"
盗難事件で26,750ドルを盗んだ ニューポート・オン・ザ・リーヴーの ATM
金曜日の朝 盗難者は ブリンク社の従業員から26,750ドルを盗んだ ニューポートの警察の発表によると
運転手はこのお笑いコンビニの ATMから 預金を取り出し 更に現金を渡そうとしたと 警官デニス・マッカーシーは 報道発表で述べました
忙しい中 別の男が "ブリンク社員の後ろに走ってきて" 納入予定の小銭を盗んだ
報道によると,目撃者は複数の容疑者が 現場から逃げたと証言したが,警察は事件に関与した人数を明らかにしなかった.
盗難者の身元が 分かる方は ニューポート警察に 859-292-3680で連絡してください
レイパー"イエ"に改名
ラッパーカンニエ・ウエストが 名前を"エー"に変えた
彼は土曜日に ツイッターで 変更を発表し "以前はカニエ・ウエストとして知られていた"と投稿しました
41歳のウェストは,しばらくの間,イエーというニックネームで,彼の8枚目のアルバムで,その名を使用していた.
変更はサタデー・ナイトライブに 出演する前に行われる予定で 新作アルバム『ヤンディ』の 発売が予定されている
アリアナ・グランデの代わりで "感情的な理由"で 番組を中止した
名前は現在の芸能名の略称ですが,ウェストは以前,その名には宗教的な意味があると語っていました.
"聖書の中で最もよく使われる言葉の" ye"は" you"だと私は思う" と彼は言う.
"だから,私はあなた,私は私たち,それは私たち.
カーネーが"唯一の"という意味から "Y"という表現まで 良き悪き 混乱した側面を反映するものです
"このアルバムは僕らのことを反映している"
彼は名前の変更をした 著名なラッパーの一人です
ショーン・コンブスはパフ・ダディとP・ディディとで 交代しているが,今年度は"ラヴ"と"ブラザー・ラヴ"を 選ぶと発表している.
JAY-Zは ウェストの元パートナーで 小文字と大文字の入れ替えや 線の入れ替えも行っています
メキシコのAMLOは,民間人に対して軍事力を使用しないことを約束します.
メキシコの新大統領アンドレス・マヌエル・ロペス・オブロドールは, 学生に対する血の返報の50周年を迎える前に, 民間人に対して軍事力を決して使用しないと約束した.
ロッペス・オブラドールは土曜日にタレロルコ・プラザで"メキシコ国民を抑圧するために軍を決して使用しない"と誓いました.
1968年10月2日, 和平デモを狙って 300人以上が死亡しました この時,ラテンアメリカの多くの地域で 学生運動が激動していました
月に1回の州給を学生に与え 更に無料のオープン・大学を 開設することで 若いメキシコ人を支援すると約束した.
失業と教育機会の欠如が 犯罪集団に若者を引き込むと 言うのです
アメリカは人工知能の 資金調達の額を2倍にすべきだ
中国が人工知能開発で 積極的になるにつれ 米国は人工知能の研究費を倍増すべきだと Google,Microsoft,Appleで働いた投資家でAIユーザーであるKai-Fu Leeは言う.
このコメントはアメリカ政府各部門が AIに関する声明を発表した後に発表されたが,米国には AIに関する公式な戦略はまだまだない.
しかし中国は昨年この計画を発表し 2030年までにAIのイノベーションで世界トップを目指しています
"他の国は米国に比べて遅れているし,我々はAIの次の大きな開拓を目指しているので,AI研究予算を倍にするのは良い考えだ"とリー氏は述べました.
予算を2倍に増やすことで 将来のAIの 可能性が2倍に なるだろうと リー氏は CNBCにインタビューで語った
リー氏は本月,ホットン・ミフリン・ハーコートで『AI Superpowers: China, Silicon Valley and the New World Order』を出版し,中国における最も優れた人工知能企業である『Face+++』に投資した,シノベーション・ベンチャーズのCEOです.
1980年代,カーネギー・メロン大学で, 彼は最高のオセロ・プレーヤーであるアメリカ人を倒した人工知能のシステムに取り組んでおり, マイクロソフト・リサーチの社長,そしてGoogleの中国部門の責任者になった.
リー氏は米国政府が支援した過去の技術コンペティ (例えば国防研究開発機構 (DARPA) が主催したロボットチャレンジ) を認め,次回のコンペティションをいつ開催するか尋ね,次なるビジョンを持つ人たちを特定した.
リーによると アメリカでは研究者は政府からの奨学金を得るために 懸命に研究しなければならないという
"中国が学術界のリーダーを 奪っているわけではなく 大企業を 奪っているのだ"とリー氏は言う.
FacebookやGoogleなどのテクノロジー企業は ここ数年で 大学から優秀な学生を雇い 人工知能の研究に 携わってきました
リー氏は移民政策の変更は 人工知能の分野での取り組みを 強化する助けにもなるだろうとも述べた.
"人工知能の博士号は 職種を提示する資格を持つべきだと思う"
中国国務院は 2017年7月に 次世代人工知能開発計画を公表しました
中国の国立自然科学財団は学術機関の研究者に 資金を提供していますが これは国立科学財団や 他の政府機関が米国の研究者に 資金を提供しているのと 類似していますが 中国での学術研究の質は低いのです
今年初め,国防総省は産業と研究パートナーを 組み込むための 共同人工知能センターを設立し,ホワイトハウスは 選択委員会を設立すると発表しました.
そして今月,DARPAは AI Next というイニシアチブに 2億ドルを投資すると発表しました
NSFは現在 AI研究に年間"億ドルの投資を行っています
しかし,人工知能に関する国家安全保障委員会を 設立しようとするアメリカの法律は,数ヶ月間, 動いていない.
マケドニア人が国の名前変更について投票する
マケドニアの国民が日曜日に投票で 国の名称を"北マケドニア共和国"に 変更するかどうかを決定しました この決定は,マケドニアがEUやNATOに加盟する試みを阻んだギリシャとの 長い争いを解決するものです
ギリシャはマケドニアという名の 州を保有しており 隣国である北のマケドニアの名前が ギリシャの領土に 要求するものであると主張し マケドニアがNATOやEU加盟に 応募した際 拒否権を行使しています
提案された名称は6月に両国政府間で合意されたが,国民主義的な反対派は,この変更がマケドニアのスラヴ系住民の民族的アイデンティティを損なうと批判している.
投票を控えるつもりはないと宣言した大統領,ジョルゲ・イバノフは 投票をボイコットする運動が進んでおり 投票が有効になるのに必要な50%の投票率が 達成されるかどうかについては疑問を抱いています
投票用紙の質問は"ギリシャとの合意を認めるままに,NATOとEU加盟を賛成ですか?"
首相のゾラン・ザエフを含む改名を支持する者たちは,ユーゴスラビア崩壊の後に生まれた国の1つであるマケドニアがEUやNATOのような組織へのアクセスを得るために,この改名が支払ったに値する代償だと考えている.
"私は今日この国の将来のために投票するために来ました マケドニアの若者のために ヨーロッパの傘の下に自由に暮らせるように 投票するために来ました それは私たち全員にとって より安全な生活をもたらすからです"と79歳のオリベラ・ジョージエフスカは スコピエで言いました
投票は法的拘束はありませんが,多くの議員が投票結果を尊重し,それを適用すると述べています.
名称変更には 議会の3分の2の賛成が必要です
州選挙委員会は 午後1時まで 異常が報告されていなかったと 発表しました
しかし 投票率は16%で 2016年の総選挙では 登録有権者の66%が 投票したものの 34%でした
"今日投票したのは子供たちのためにだ.僕らはヨーロッパに所属しているんだ"と,首都スコペの投票者 62歳のグヨセ・タネフスキは言った.
マケドニアの首相ゾラン・ザエフ,妻ゾリカ,息子ドゥシュコは,マケドニアのストルミチスで,NATOとEU加盟への扉を開くマケドニアの名称変更に関する投票に参加した. 2018年9月30日.
スコピエの議会の前で 54歳のウラジミール・カヴァダルカルコフは 投票をボイコットする側が張ったテントの前に 舞台を作って椅子を並べました
"我々はNATOとEUを支持するが,我々は,裏口ではなく,立ち向かって加盟したい"とカヴァダルコフは言った.
"我々は貧しい国だが 尊厳がある"
マケドニアが我々を嫌なら 中国やロシアなどに 向かって ヨーロッパの統合に参加できる"
首相のザエフは,NATO加盟は,失業率20%を超えるマケドニアに 必要な投資をもたらすことになると述べています.
"私は,我々の市民の80%以上がEUとNATOを支持しているので,大きな多数が賛成すると思う"と,ザエフは投票後に語った.
"イエス"の投票は"未来を保証する"と
マケドニアの政治研究機関が月曜日に発表した世論調査によると 投票の参加率は 必要な割合より少ないと推定されるが 投票の参加率は30%~43%と予測されている.
マケドニアのテレビ局Telma TVによる別の調査によると 回答者の57%が 日曜日に投票する予定だったという.
そのうちの70%が"賛成"と答えました
投票が有効になるには 投票率は50%以上 1票以上でなければなりません
選挙が失敗すれば 州内政府が失くするのは 去年5月に政権を握った以来の 最初の大きな政治損失となるでしょう
ブライトンの守備部で 試合を繰り広げている サージオ・アゲロ
セルジオ・アグエロとラヒーム・スターリングが イングランド・マンチェスターの エティハッド・スタジアムで 試合で2 - 0でマチェスター・シティを 勝利させた
アグエロは65分後に得点を出した
アルゼンチン人の攻撃者は 試合の先頭に 交差点を押えられた
速攻で3人のブライトンの 守備を抜き 球場で転倒した
アグエロは4つの緑のシャツに囲まれました
守備の"人を抜き 後に多くの守備を 追い抜いた
それから左に左転がして スターリングを見つけました
イングランド・フォアードは フィールドで最初のタッチを打って アゲロにボールを返しました アゲロは右ブーツを入れ ライトンのゴールキーパーである マシュー・ライアンを右の球で打ち抜きました
"アグエロは足の問題を抱えている"と プレス・シティの監督ペプ・グアルディオラは 記者団に語った
"55分か60分くらいで プレーできると話した
それが起こったのです
幸運にも彼はその瞬間 ゴールした"
しかしスターリングは 試合の第一歩を 掴み出した
29分後にゴールが来た
アグエロは,そのシーケンスを用いて, ライトンの地盤の深さまで 球を投げました.
彼は,レロイ・サーンに, 素晴らしい左翼の投球を 送った.
サーネは数回触り スターリングを最先端の柱に 連れて行った
スカイ・ブルースのフォアワーズは 球をゴールを滑る前に 網に突き刺した
シティは12時55分にドイツ・シンシュハイムの ライン・ネッカール・アリーナで チャンピオンズリーグのグループ戦で ホッフェンハイムと対戦します
シェルザはロックイズの 馬鹿をしたい
選手権はプレーオフから 締め切られたので 戦う余裕はほとんどなかった
しかし,いつも競争に強いシャーザーは, 週末のコロラド・ロッキーズとの試合で, 投手席を握ることを願っています. しかし,それは,ロッキーズが, プレーオフに勝つ可能性がまだある限りです.
ロッキーズは少なくとも ワイルドカードの位置を保持して 国民党を5対2で 勝利したのに まだ第1リーグの 優勝を勝ち取っている
"今,何も持っていないのに, 試合に行くには, 観客の雰囲気が最高に  Denverで,
"なぜこんな状況で プレーする気になれないの?"
ナショナルズは今まで スタートアップの位置を決めていないが 恐らく シュルツァーを 投手として入れているだろう
シュルツァは 34回目となる 試合で初対戦に 挑む予定で 火曜に投球練習をしていましたが 休憩日である日曜に 投球をしようとしていました
ワシントン州の右手は18-7で 2年53回 ストライクアウト300回2202/3の成績です
トランプはウェストバージニアで選挙人集会を開く
大統領は 連邦最高裁判所の 選抜 ブラット・カヴァナウに 差し掛かった 共和党の 投票席への参加の重要性を 強調しました
"11月に我々がした事は全て 危険にさらされている
人生で最も重要な決断から5週間
投票はできないけど 投票はできるんだ だから私は旅行して 素晴らしい候補者のために 闘っているんだ"
トランプは続けて"この恐ろしい 恐ろしい 激進的な民主党のグループをご覧下さい 今まさに起こっているのです
そして彼らは,あらゆる手段で, 権力を取り戻すことに 決心しています.
権力や支配を手に入れるために 傷つけられる人 倒される人など気にしない 彼らはそれを望んでいる 権力や支配を欲している
民主党は"抵抗して阻止せよ"と 任務を掲げています
"民主党は怒る 邪悪で 嫌悪で 嘘つきだ"
民主党上院議員のダイアン・ファインスタインを 呼び名で呼んだことで 観客の怒りを浴びた
"彼女の答えを覚えてる?
文書を漏洩したのか?
ほら ほら
悪いボディランゲージだ ひどいボディランゲージだ
労働党はもはや空間的政党ではない
意見を持つ人に 寛容ではありません
地方の党の活動家たちが 私の活動を検閲する 投票を出したのは 驚くことではありませんでした
私は,ただ,自分の意見を述べてからといって, 歓迎されないと 言われた, 長い歴史に続く, 労働党の議員の内の一人です.
議会の私の同僚 ジョーン・ライアンは ユダヤ教に反対する発言を 強く支持したため 同じ扱いを受けていました
私の場合 検閲は私が カービンの意見に反論したことで 批判されたのです
責任ある経済政策の重要性や 国家の安全に関する問題などに 比較すると 皮肉なことに 似たような問題で ジェレミーは 前の指導者たちと 意見が分かれていました
招待状はノッティンガム・イースト・労働党の会議に 掲載されました "会議が包括的で 生産的なものになることを願っています"
地方議会の議員として8年間 殆どは金曜日の夜 会議はこんな感じでした
しかし残念なことに 現在では 多くの会議では 甘い政策を約束する 姿勢が変わってしまい 政策が実現したとしても 遅れてしまいます
党内では 異論は許されないことが 明らかになりつつあり 党の指導部が 意見の受け入れ能力に 配慮している
ゲレミーの就任直後に 政治的立場を 共有していたと思う同僚たちが 期待するようになって 私は反発し 国民安全保障や 国内市場に関しても 絶対に同意しない立場を 取ろうとしました
発言を公開すると― 発言は重要でないのですが― ソーシャルメディアで 退党と中立主義の反対を訴えて レイプを訴えて
これは私だけではありません
実際 私は同僚より 幸運に恵まれています 私に対するコメントは 概して政治的なものだからです
私は,毎日,セクシズムや人種差別に 襲われて,それでもなお,闘い続ける同僚たちの 専門性と闘い精神に 深い敬意を払います
この政治時代の最も 失望の種の一つは 乱用が 常態化していることです
労働党は寛容な文化を 作り上げなければならないと 先週ジェレミー・コービンが言いました
しかし実際は 広大な組織ではなく 不信任投票や選抜規則の変更によって 党は小さくなっています
この2年間 沢山のアドバイスを 受けたんです 気をつけ 声を大きくしないなら "大丈夫"って
でも政治に参入した理由じゃない
32年前に労働党に 参入して以来 私は学校に通っていたとき 授業を壊滅的な状態に 置いたサッチャー政権の 怠慢に苛立ち 議会の役員や政府の大臣として 最も必要としている人々に よりよい公共サービスを 提供することにしました
私は自分の政治を隠したことはありません. 最後の選挙でも.
ノッティンガム・イーストの誰も 私の政治姿勢や 既存の指導者と 意見の相違について 混乱していたわけにはいきません
金曜日の決議案の提起者たちに言いたいのは 国民や企業 そして我々の公共サービスに 損害を与えるような ブレグジットに向けて 進む中で 私は労働党のリーダーへの忠誠に 時間とエネルギーを無駄にする必要が わからないということです
しかし,私が伝えたいのは,ノッティンガム・モメントムではなく, 地方の有権者,労働党の有権者であろうと否か,です. 私はあなたに奉仕することに誇りを持ち,そして,私は,再選の脅威や,政治的適任性など,私があなたの利益だと思っていることを行動から妨げないことを約束します.
クリス・レスリーは,ノーティンガム・イーストの議員です.
敗戦したエイルはトップチームとなる
2つの遅れた得点は 予告が全く真ではない結果になったかもしれませんが アイルが勝利を勝ち取ったのは 間違いありません テナントのプレミアシップの 素晴らしい試合です
ランキングトップで 唯一無敵のチームです
勝ったのは 守備の優位と チャンスの利用の優位で チームを本格的に勝利させたのです コーチのピーター・マーチは 満足すべきです
"これまで,僕たちの戦いは大変だったし, まだ負けないから, 幸せにならなきゃ"と彼は言った.
ベルローズのロビン・クリスティーは "エイアルの功績は 素晴らしい" "彼らは我々より チャンスを得ていた"
14分後にグラント・アンダーソンによる得点を,フレイジー・クリモのキックが引き継ぎ,アイアーをリードさせたが,ウォリアーズの試合に選ばれたスコットランド代表のロリー・ヒューズに黄色のカードが付与され,メルローズが優位となり,ジェイソン・バゴットはキックが付いたゴールを決めた.
クリモは半分の間,ペナルティでアーヤのリードを拡大し, ポイントを記録し, 単独でゴールを打って, 17-5のアヤーを引き上げました.
しかしメルローズは2回目の試合で 強い打撃を与え パトリック・アンダーソンの得点を追いついた バゴットのキックが ポイント差を5に縮めた
後に,ルアー・ノットが重傷を負ったため,長い休止が続いた.彼はベリーで球場から運ばれた.試合が再開されたとき,アイルはスタフォード・マクダウールの得点と,Climoのキークでリードを拡大した.
役所のアイルの監督のブレイア・マクファーソンは 黄色のカードを返し,メルロースは ブルース・コルヴィーンから得点の追加で 再び勝利を収めた.
しかしホームチームは再びやってきて,ストルアン・ハッチンソンがクリモをタックルしたことで黄色のカードを打ったので,マックファーソンはラインアウトで,前方に走っていたアール・クリンジの後で得点しました.
クリモは後から スタンド内から蹴りをして 試合が直後に再開され キーロウがデビッド・アームストロングの ボックスキックを掴み 羽の選手グレゴール・ヘンリーを 五番目でホームに送った
スタイルのスターがレストランの キャリアを狙っている
フォーッド・キランが 飲食業界へ参入するようだ 公式のレストランの 社長に就任したようだ
56歳のジャック・ジャヴィスはBBCの人気番組で 脚本家兼主役で 共同制作のグレッグ・ヘムフィールと 演出しています
シーズン9は最後のシーズンだと 発表しました カーナンが クラグランクを去った後の人生を 計画しているようです
公式記録によると 彼はアドリフトモーン・リミテッドの 取締役だ
報道によると キーアンはグラスゴーズの "レストランの市場"の一部になるといわれている.
"海は我々のもの" ボリビア内陸国は,太平洋への航路を裁判所が再び開くことを願っている
艦隊がラパスの に囲まれた海軍本部を巡回する
公共の建物には海青の旗が掲げられている.
ティティカカ湖からアマゾン川までの 海軍基地は "海は我々のものだ 権利だ"と標語が 刻まれています
返すべき責任がある"
19世紀 資源の争いで 血まみれのチリに 失われた海岸線を 思い出している ボリビア内陸の 住民は 太平洋に再び航行したいと 切望しています
ボリビアは10月"日に国際法廷の判決を待っています 5年の投票期間が終わっています
"ボリビアは勢いを感じ コミュニティーと明快さを持っており 肯定的な見方で 期待しています"とボリビアの外交官 ロベルト・カルザディラは述べました
多くのボリビア人は国際法廷の判決を国中のテレビで観たいと願っており,チリが,何十年もかけて交渉した結果,ボリビアに,ボリビアが海に接する領土を 統治する権利を譲渡することを約束することを,ハーグでボリビアに支持することを願っている.
選挙戦が続くボリビアの 魅力的な先住民大統領 エボ・モラレスも 月曜日の判決で 大きく影響を受けます
"太平洋に戻るのに 近いところだ"と 彼は8月末に 約束した.
しかし 分析家らは 裁判所がボリビアの味方をする可能性は低いし 賛成すれば大きな変化が起こらない と考えています
議事堂はオランダに拠点を置くが チリ領地を越えることはできないし, 議論の結果を決定する権限はないと規定している.
国際裁判所が最終審理から6ヶ月後に 判決を下すということは 裁判の"複雑さ"は なかったことを示唆していると 国際法学のチリ人専門家 パズ・ザラテは述べました
そして,ボリビアの 進捗を促す代わりに, 過去4年は,反撃を招いたかもしれない.
"海洋へのアクセス問題は,現在のボリビアの指導部によって, 乗っ取られてきた"とZárateは言った.
道徳の戦利品的なレトリックは,チリの善意の残りを消し去った,と彼女は言った.
ボリビアとチリは 交渉を続けるつもりだが この件については 議論が難しくなる
1962年以来両国は大使を交わすことはなかった.
ボリビアの代表としてハーグに居たエドゥアルド・ロドリゲス・ヴェルトゼは 裁判所の決定が異常な速さだったという考えを否定した.
ボリビアは月曜日に"チリとの新たな時代の 機会を手にし,139年の対立の時代に終止符を打つ"と発言した.
カルザディラは,モラレスが,まだラテンアメリカの最も人気のある大統領の一人であることに否定し,海事問題を政治的手段として利用した.
"ボリビアは太平洋へのアクセスを放棄することは決してない"と彼は付け加えた.
"裁判は過去を乗り越えた 証拠となる"
北朝鮮は,米国を信頼できない限り,核を廃棄しない,と
北朝鮮のリ・ヨンホ外相は,アメリカが信頼できない限り,北朝鮮は核兵器を放棄しない,と発言した.
リー氏は土曜日に国連総会で演説した.
彼は,アメリカが,シンガポールで, 敵対する首脳が集まったときに, 約束した事を実行するよう, 要求した.
彼のコメントは, ワシントンの外務長官 マイク・ポンペオが, シンガポールでの北朝鮮の金・ジョンウンとの会合から3カ月後に, 固定された核外交を再開する見通しがあるという事実に追随したものです.
制裁が続くことや 朝鮮戦争終結宣言への米国の反対が 朝鮮半島を屈服させることは "夢のごとく"だと
ワシントンは,北朝鮮が 核の削減に向けて 重要な措置を講じない限り, 宣言を控えている.
金正恩とトランプ大統領は 首脳会談を希望しています
しかし北朝鮮が 核兵器を廃棄する上で 真剣なのか 疑いがあるため 安全保障を保証する唯一の手段として 考えていることが多い
ポンペオは,金とトランプの新たな首脳会談の準備として,来月,平壌を訪問する予定です.
パリのファッションショーでは 素晴らしいヘッドウェアの最新コレクションが 披露され すぐには地元の店で 買えるようになるでしょう
帽子をたくさん買おうと 太陽を遮ろうとでも 答えはここにあります
デザイナーであるヴァレンティーノとトム・ブラウンは 特別サイズで 奇妙なヘッドウェアを 披露しました フランスのSS19コレクションの 一部として
この夏,インスタグラムでは デザインの不適切な帽子が 圧倒的になりました そして,この2人のデザイナーが 突如として,目立つ作品を 披露しました
ヴァレンティノの最も印象的だった作品は 羽の様な広い影が モデルたちの頭を覆っていた 豪華な作品でした
更に他の大きなアクセサリーもありました 宝石の水メロンが付いて ピンナップも付いて でも 頭を温かく保つために デザインされたものではありません
また ソー・ブラウンは ハロウィーンの間に 奇妙な仮面を披露しました
色鮮やかな仮面の多くには ハニバル・レクターを 呼んだ唇が 縫い合わせられていたのです
潜水用具に シュノーケリングマスクを装着した 作品が"つあり 溶けたワッフルのようなものもありました
幸運にも 逆境を乗り越えられる
スタイルスパイアが 予想しているのは 巨大な帽子は 近くの店まで 運ばれるとだ
巨人帽は"La Bomba"のヒールにたどり着く 広さ60センチの ストローハットです リハナからエミリー・ラタコフスキーまで
ソーシャルメディアで話題の 超絶の不器用帽子の 代表ブランドが 素晴らしい新作を 披露しました 草のビーチバッグです モデルとほぼ同じサイズです
オレンジ色のバスタッグは のフリッジと白い革のハンドルで パリ・ファッション・ウィークの ジャクエムスの『ラ・リビエラ』SS19コレクションの 注目点でした
著名なスタイリストのLuke ArmitageはFEMAILにこう言いました "来年の夏には,大型の帽子やビーチバッグが 普通の店で売られるのを期待しています. デザイナーが,大きな影響力を持つことで, 巨大なアクセサリーの需要を無視するのは難しいです".
ジョン・エドワード: 言語能力は世界の市民にとって不可欠です
優れた成績を誇る スコットランド独立学校は 2018年も 素晴らしい成績を上げています 運動,芸術,音楽などの 地域社会の成功に 貢献しています
スコットランドでは3万の生徒がいて,スコットランド独立学校評議会 (SCIS) が代表するこれらの学校は,生徒や親に最高のサービスを提供することを目指しています.
独立学校は生徒を 進学や高等教育に 準備しつつあり 選択する職業や グローバル市民としての地位を 準備しようとしています
調整されたカリキュラムを組み立て 実施できる教育分野として 現代言語は学校で人気の科目として残っています
ネルソン・マンデラは言いました "人の心に響く言葉を 理解できる言語で話せば 頭に響く"
彼の言葉で話しかけると 心に響く"
これは,他国の人と関係を築き 信頼を築くために 英語だけでは十分でないことを 思い出させる重要な教訓です
試験結果から分かることは 独立学校では 言語が 試験の合格率でトップに居たということです
外国語を学ぶ生徒の68%が Aの成績を上げました
SCISの74の加盟学校から収集されたデータによると 学生の72%が中国語でAを取ったのに対し ドイツ語では72%, フランス語では69%, スペイン語では63%がAを取ったという結果が出ています
独立学校は外国語を将来 子供や若者に必要不可欠な 重要な能力として支援していることが示されています
言語は 科目として STEM (科学,技術,工学,数学) と同じレベルに 独立系学校や 他の学校でも 評価されています
UK Commission for Employment and Skillsの調査によると 2014年に雇用者が空いた職に就けなかった理由の 17%は 言語能力の欠如によるものだと分かりました
言語能力は 将来のキャリアの準備に 重要な役割を果たしています
言語能力は将来的に多くの仕事で必要となるでしょう この能力はグローバル化が進む中で不可欠です
どんな職業を選んでも 外国語を学ぶことで 将来の人生に 大きく貢献できるのです
外国人と直接コミュニケーションをとる事ができれば 複数の言語を話す人が 競争相手を勝てるのです
2013年に YouGovが イギリスで 4000人を対象に実施した調査によると 75%が 外国語を話すことができないと答えています フランスの言語は 唯一 複数桁の割合で話せる言語です 15%です
だから 現代の子供たちに 言語教育を 投資することが重要です
言語を多く話すこと,特に発展途上国の言語を話すことが, 子供たちが意味のある仕事をする機会を高めるのです.
スコットランドでは学校によって 言語の違いがあります
クラシックな現代語に重点を置く学校も多くあり,2020年までにイギリスにとって最も重要な言語として考えられる 言語を教える学校も多くあります.
興味のある言語を 選べる学校は 独立系学校で 専攻教師がいて
スコットランドの独立学校は,子どもたちを準備し,将来がどんなものであれ成功するために必要なスキルを与えることを目的とした学習環境を提供することに専念しています.
現在,言語は,グローバルビジネス環境で,国の将来にとって,非常に重要な存在であり続け,教育にも反映されていなければならないことを否定することはできません.
現代の言語は "国際的コミュニケーションスキル"として 捉えられるべきなのです
独立校はスコットランドの若者に この選択や多様性 優れた教育を提供し続けます
やってみるよ
ジョン・エドワードはスコットランド独立学校協議会の会長です
レブロンはサンディエゴで レイカーズでデビューする
待ち時間が終わりました レイカーズで初戦を 観たいファンのために
レイカーズ・コーチのルーク・ウォルトンが ジェームズがサンディエゴで 試合を始めるのを発表しました
試合の時間については まだ決まっていない
ウォルトンはラッカーズの公式サイトで "1より1より48より小さい"と
レイカーズのマイク・トルーデルは ツイートして ジェームズが試合を欠く可能性が高いと 言った
先週の練習会で ジェームズに質問されたのは レイカーズが6試合の予備戦を予定していること
"今のキャリアは シーズン前戦で 試合を始める必要がない"
ツイート ツイート
ドナルド・トランプ大統領は ウェス・バージニア州ウィーリングで 今夜 選挙人集会を開きます
選挙区でトランプが5回 選挙戦を予定しており テネシーやミシシッピなどで 選挙戦を予定しています
トランプが指名した最高裁の 裁判官の承認を 投票は中止されつつあり 共和党が11月の 選挙で議会の支配権を 失うことになる可能性があるため
トランプのウェストバージニア選挙戦の投票日はいつですか? ネットでどう見ていますか?
ウェスヴァージニア州ウィーリングでトランプの選挙集会は2018年11月29日 (土) から30日 (日) の夜,真夜中に開催される.
ツイート: ツイート: ツイート: ツイート: ツイート: ツイート: ツイート: ツイート: ツイート: ツイート:
トランプ氏は今週,最高裁の候補者,ブレット・カバナウグの 審問について発言する見込みが高く, 性侵の告発で,審問は緊張しており, 審理の承認が待たれている上院の議決は,FBIが起訴を審理するまでの間, 一週間も休止とされている.
しかし,この選挙の目的は, 共和党の勢いを増やすことです. 共和党は,厳しい選挙を前にしています.
トランプ大統領選挙戦の担当者は 来週の5回の選挙は "共和党が上院と下院で持つ多数を 守ろうとする際に 志願者や支持者の力を生かすためだ"と 語った.
"議会の支配は大統領にとって重要なことであり 大統領は選挙の最中を できるだけ多くの州を訪ねたい"と トランプの選挙運動の広報担当者は 匿名の声明でロイターに語った
ウェスバンコ・アレーナ・ウィーリングで開催され, ウェストヴァージニア・メトロ・ニュースの報道によると, 午後には"オハイオ州とペンシルベニア州から, ピッツバーグから,
土曜日はトランプが2度目のウェストバージニア州を訪れる日です 2016年の選挙で 勝利した州です
トランプは 共和党のウエストバージニア州上院候補である パトリック・モリスィを 支援しようとしています 投票で落第しているからです
"大統領に投票で彼を推し量る為に 暴力を振るう必要があるのは モリシーにとって 良い兆しではない"と 西バージニア大学の政治学者のサイモン・ヘイダー氏は 報道している.
チーム・アメリカが戦いの精神を示し, 日曜日のシングルズデュアルに希望を存続させようとしています.
3回戦の1回戦で 決勝した結果 4人戦で 決勝は決まった
振動モテンモンのスイングは 完全に作り話のスポーツ概念ですが 選手が信じている概念です 特にこのような競技では
どこに今 勢いがいるって言うんだ?
"6点だったから4点だ 勢いがあるんだ" ジョージ・スピースが言った
ヨーロッパの方が優勢なのは明らかです 4ポイント先の勝ち点12ポイントの差です
スピースが言うように アメリカ人は 気分が良いと感じています スピースとジャスティン・トーマスの成績は 励まされるでしょう
チームメイトの皆さんに 素晴らしい例を示しています
試合の盛り上がりが上がり スピースは重要な打撃を打って 4勝を収めた.
15番のピッチで 勝利を収めた彼のパットは 似たような叫び声で 迎えられました アメリカチームがまだ 競争に勝てないと 信じていないことを示すような叫び声です
"自分の内面の力を出し出して 自分で戦うことに集中するんだ" スピースは言った
選手たちにはこれしか残ってない
18つの穴が ある意味 変化をもたらす
選手は フランチェスコ・モリナリと トミー・フリートウッドだ
ヨーロッパの奇妙で 魅力的なカップルは 4試合で4得点 欠点なしだ
モリウッドは 唯一のカップルで 土曜日の午後は ボギーがありませんでしたが 土曜日の朝は ボギーがなく 午後は金曜日の午後 そして金曜日の朝は 最後の9ホールです
この番組と 熱狂的な観客の 熱意が 流れる様子は 明らかに 日曜日は 打ち負かされがちの 舞台であることを示しています そして 間違いなく 人気は高くなるでしょう ヨーロッパの勝利の可能性が ゴルフ・ナショナルに 日が沈む時に フリートウッドやモリナリに 決まるなら
合流が止まらない
しかし,ヨーロッパが勝利するなんて 早いです.
バッバ・ワトソンとウェブ・シンプソンは セルジオ・ガルシアを 短期間裁判にかけました 午前中の4人戦で 彼はアレックス・ノーレンの チームだった
初の9つの穴のボギーと2人のダブルボギーが スパニャとスウェジャーを 穴に埋めてしまい 抜け出せないほどでした
逃げ出せる人はいない
4ボール2チーム2人の対戦は 互いに触れ合うことで 魅力的です 互いに意見や意見を 与え合わないことで 戦略が瞬く間に 変化するからです
チームとしての欧州はこれまでより良いプレーをし,最終日までに大きなリードを勝ち取った. しかし,チーム・アメリカも4人組で, 疑われたような戦いの精神を持っていることを証明した.
ヨーロッパのライダーカップが10-6で勝てました
欧州はライダーカップの最終日前に大きな優位を誇っています 土曜日の4ボールと4ソムの試合で アメリカを10-6で倒し 勝利を収めました
トミー・フリートウッドとフランチェスコ・モリナリは 難局のタイガー・ウッズに 2勝を挙げ ゴルフ・ル・ナショナルで4ポイントを収めた
2年前にハゼルトインで失くしたカップを 奪おうとするトーマス・ビョーンのヨーロッパチームは 明日の4球で不正確なアメリカチームを 圧倒し 3-1で勝利しました
アメリカは4勝4敗で 格闘を強めたが 後落として残っていた
ジム・フューリックのチームは 8ポイントで 優勝を勝ち取る
フリートウッドはヨーロッパで初めて連続4得点を獲得した選手で 共にモリナリと 周知の"モリウッド"と 呼ばれるこの2人は 素晴らしい週末を過ごした後 初の4試合で 4得点を獲得した 初のカップルとなった
ブルックリン・ボールの4ボールで ウッズとパトリック・リードを叩き潰し 落胆のウッズと アメリカ初対のブレイスン・デカンボウを 更に圧倒的な5&4.
ウッズは土曜日の2試合で 勝利を収めたが 今度は4対4で29試合で 敗れた
ジャスティン・ローズが4人戦で 再びパートナーヘンリック・ステンソンと 勝利を収めた. 2勝1敗でダスティン・ジョンソンと ブルックス・コプカを倒した.
しかしヨーロッパは 望むように風が吹いており パリ南西の風が吹いている
3度のメジャー優勝のジョーダン・スピースと ジャスティン・トーマスが 2点でアメリカンに先導した
彼らはスペインのジョン・ラームとイアン・ポウルトに2対1で勝て,その後,ポウルトとロリー・マッイルロイを4対3で打ち負かした.
レース史上2回しか,チームが4点差で落下し,勝利を収めたことがなかった.しかし,フューリックが優勝を勝ち取ったので,勝ち残るためには,ただ1点差で勝負を勝ち取るしかない.
2日間の戦いに勝った後, 敵は逆襲を制する
北朝鮮は"信頼がない限り 核兵器を一方的に 廃棄しない"と
北朝鮮の外務大臣は土曜日に国連に, 制裁が続くと,米国に対する不信が強められ, 朝鮮は核兵器を一方的に放棄しない,と発言しました.
リー・ヨン・ホは国連総会に対し,北朝鮮は過去"年間にわたり,核・ミサイル実験を中止し,核実験場を閉鎖し,核兵器や核技術の開発を停止するなど, "かなりの善意"を示したと語った.
"しかし,米国から同様の反応は見たことがない"と彼は言った.
"アメリカを信頼しなければ 国家の安全保障を 信頼できない" "このような状況下では 単独で 軍縮を始める機会は なくなる"
リー氏は,北朝鮮が段階的な措置をとれば報われるという,核軍縮への"段階的な"アプローチに対するワシントンの反対に対する,北朝鮮のよく知られた苦情を繰り返した.しかし,彼の演説は,かつての平壌の例のように,一方的な軍縮を断固として拒否していないので,重要視された.
リー氏は,金正恩とトランプが6月12日にシンガポールで開いた,現任の米国大統領と北朝鮮の首脳間の最初の首脳会談で共同で発言した内容を引用し,そこで金正恩は"朝鮮半島での核軍縮"を推進すると約束し,トランプは北朝鮮の安全を保証すると約束した.
北朝鮮は1950年から53年の朝鮮戦争の 終結を公式に要求しているが,米国は,北朝鮮が核兵器を放棄する事になるまで, 朝鮮戦争が終わらないと主張している.
ワシントンは北朝鮮に対する 厳しい国際的制裁の緩和も 拒否しています
リー氏は"米国は『核の第一』を主張し,制裁で圧力を加え,強制的に目的を達成し,『終戦宣言』さえも拒否している"と述べた.
"制裁が我々を 屈服させるという考えは われわれを認識していない人々の 理想の夢だ.
しかし問題は 制裁が続くことで 疑念が深まるということです"
リー氏は,金とトランプの首脳会談の計画については言及しなかった. 先週,国連で米国首長が強調した.
代わりに,彼は,金正恩と韓国のMoon Jae-inとの間の3回の会談を,過去5ヶ月で強調し, "もし,核の核廃絶が,米国とではなく韓国と交渉されたら, 交渉は,それほど決まっていないだろう"と付け加えた.
しかし,彼の演説のトーンは,昨年,彼が国連総会に語ったことと大きく異なっていた. 彼は,北朝鮮がアメリカ本土にミサイルを発射することは避けられないと, "Mr Evil President" Trumpがキムを"ロケットマン"と呼んだ後,
昨年トランプは国連で北朝鮮の"完全破壊"を脅したのですが,今年は北朝鮮の"軍縮の勇気"を称賛しましたが,まだやるべきことがたくさんあるし,北朝鮮が軍縮するまで制裁は続くと発言しました.
トランプ大統領は水曜日に この措置の時間表を 持っていないと発言しましたが "2年,3年,5ヶ月というのも関係ない"と答えました
中国とロシアは,国連安全保障理事会が,平壌が取ってきた措置に対して,報いることを望んでいます.
しかし米国外務長官 マイク・ポンペオは木曜日に国連安全保障理事会に こう言いました "安全保障理事会は 完全な,最終的な,核の核弾道解除が 確認されるまで 断固たる,そして 間違いのない 制裁を継続しなければならない"
2006年以来 安全保障理事会は 合意によって 北朝鮮に対する経済制裁を強化し 北朝鮮の核・ミサイル計画を 阻止しようとしています
ポンペオは国連総会で 裏でリと会談し その後,次の月にもう一度平壌を訪問し,次の会合の準備をすると発表しました.
ポンペオは今年,北朝鮮を3回訪問しましたが,彼の最後の訪問はうまくいきませんでした.
彼は7月に平壌を離れ 進展があったと発言しましたが 数時間後には北朝鮮は彼を"ギャングの要求"だと非難しました
今月,ムーンとの会見で 北朝鮮は 核施設を閉鎖すると約束しました もしアメリカが"対応"をするとすればです
彼は,金正恩が彼に伝えた,彼が要求した"対応措置"は, シンガポールでのトランプ大統領の安全約束と, ワシントンとの関係を正常化させる動きだったと,
ハーバード大学生が 睡眠の講座を 受講
ハーバード大学の新しいコースが 学生の睡眠時間を増やしました このコースの目的は 成長するマッチョ文化に 反対することです コーヒーを飲みながら 夜中勉強する文化です
ある研究者が示したところによると 世界最高の大学に通う学生は 普段は"自分の健康を大事に" しているとは思いません
ハーバード医学部 睡眠医学教授で ブリガム婦人病院の 専門医であるチャールズ・チェイスラーが この講座を企画しました 彼はこの講座は アメリカで初めてだと考えています
睡眠不足が学習に与える影響について 講演した後に この講義のアイデアを思いつきました
"論文が終わって ある女の子が私のところに来て "なぜ今 卒業生になってから 教えてくれているんだ?"と
"彼女は誰も 睡眠の重要性について 教えてくれなかったと言いましたが 私は驚いたんです"と 彼はThe Telegraphに語りました
このコースは今年初めてです 睡眠習慣が 学生の学業成績や 運動成績や 身体的幸福度を 改善する方法を教えています
ハーバード大学医学部で 精神病学の教授で 保健学部の事務局長を務めるポール・バレイラ氏は 学生たちが"週間 睡眠不足の症状を 患っていたことを発見し 授業を中止することを決定したと述べた.
授業は1時間で インタラクティブな練習がいくつも行われます
ある演習では 学生たちがカフカップやカーディガンや ランニングシューズや本をクリックして カフェインと光の影響や 睡眠不足がスポーツの成績に及ぼす影響や 睡眠の重要性を学びます
睡眠不足が長期間にわたって 心臓発作や 血栓塞栓 鬱病や癌のリスクを 増加させていると 学習した結果です
キャンパスのインタラクティブマップのアイコンをクリックして 普段の生活習慣について 考えてみてください
学生の行動がすぐに変わることはないでしょう
喫煙が健康に及ぼす影響について 知る権利があるように 知る権利がある"と チェイスラー教授は言う
"オールナイト"という誇りは今も存在している"と彼は言う. さらに,現代の技術と学生へのプレッシャーが増え,睡眠不足が問題になりつつあると付け加えた.
ストレスや疲労 不安の"秘密兵器"は 十分な睡眠だと彼は言うのです 睡眠不足は体重増加を抑えるものさえも 睡眠不足は脳を空腹だと考え 絶えず空腹を感じるようにするからです
カリフォルニアの19歳の化学物理生物学者の レイモンド・ソは 去年ハーバード大学初学年に 教授の授業を 受けて 授業の準備に協力しました
この講座は彼の目を開いて 大学全体で公開講座に 取り組むよう促したと言いました
彼は,卒業生は,その前に, 似たようなコースを, 卒業生に提供されることを願っています.
教授は学生にアラームをつけると 寝る時と起きるときを 意識させると勧めています 電子画面の光が 睡眠を妨げて眠くならないという 有害な影響があることに気づいてください
リビングストン 1 - 0 ランジェルス 門番のゲルガが ゲラードと仲間を倒した
ランジャーズは道でまた敗れ,ドリー・メンガがゴールし,スティーブン・ジェラードの不協和なチームがリビングストンで1-0で敗れた.
イブロックスのチームは2月にセントジョンストーンで4-1で勝利した以来,最初の勝利を勝ち取りました. しかし,ゲイリー・ホルトのチームは,ジェラードに18試合の敗戦を与えました.
休憩7分前までMengaは打撃を打つことができたが, 感性のないRangerShoulは, 返答できなかった.
ランジャーズは6位に下がる リビングストンは3位に上がる 勝ったゴールだけ
ランジャーズに来るニュースも 悪いニュースになるかもしれません ラインドームの裁判官 カラム・スペンスが 投げた物で頭をぶち打たことで 治療を受けなければならなかったのです
ゲラードは8つの変更を重ね,アイルを抜き,ベットフェッドカップの準決勝に突入した.
ホルトは先週 リードを1点奪った11人と同じで 試合を楽しみました 強い勢いで戦場を制した
ランジャーズが勝ったが リビングストンは優勢だった
試合中に2分もスゴールを打つべきだったのに メンガの打撃はスコット・ピットマンを アラン・マクレゴーのゴールに 送ったのに 途中でミッドフィッターが 打つことができなかった
キーガン・ジェイコブスのフリスキーは 隊長のクレグ・ハルケットに 打ち込まれる一方 守備のアラン・リトゴウは 後方の柱を蹴飛ばした
ランジャーズはコントロールを握ったが 攻撃的なプレーでは 能力より希望に 依存した
アルフレド・モラレスも 満足しなかったが スティーブン・トムソン裁判官は コロンビアのペニッティを 認めました
ランジャーズは最初の半分のゴールに2発しか打てないが,元ランジャーズ・ゴールキーパーであるLiam KellyはLassana CoulibalyのヘッドショットとOvie Ejariaのドームショットに問題なく打たれた.
34分間のルビーのオープンは 偶然だったとしても 勝手にやってくれた
レイジャーズはジャコブスの 深いところでの 死亡事故を 処理できなかった
スコット・アーフィールドは ゲラガーのボールを スコット・ロビンソンに投げつけたとき 反応しなかったが スコット・ロビンソンはそのボールをゴールに投げ込むことができる メンガを捜し出すことに時間を費やした.
休憩時間にジェラード・クーリバリーはライアン・ケントに替わられ, プレーヤーがモレロスにボールを送ったとき, すぐさま足が付いたが, プレーヤーがケリーにブロックするために位置から走った.
リーディングストンは チームを強引にリードし リトゴウとハルケットから 長いボールでプレーさせました
ゴルフの最後の部分でリードを広げることができたが,マクレゴーはゴールから離れる前に,ヤコブスを確実な手で拒否した.
ランジャーズのグレン・ミドルトンが 遅刻のペナルティを訴えた ジェイコブスと戦った後も 裁判官の Thomson は反対の立場だった
ゲーゲー計の発明者
"日曜の朝"のページです 1882年9月30日 計365年前の今日です 未来の物理学者のヨハネス・ヴィルヘルム・"ハンズ"・ゲーガーは ドイツで生まれました
ゲイガーは放射能を検出し測定する方法を発明しました この発明は後にゲイガーの計量器として知られる装置に 繋がりました
ゲイジャー計測器は 科学や大衆文化に 根付いたものとなりました 1950年の映画『コロナドの鐘』では ロイ・ロジャースとデール・エヴァンスが 主人公として 農民の科学者を演じていました
男"これは何だ?"
"これは,放射性鉱物を検出する ゲイガーカウンターです
耳筒をつけると 鉱物の放射能が 原子の影響を 聞ける"
オーケー やってみよう
ハンズ・ゲイガーは1945年に亡くなりました 63歳になる数日前に
しかし 彼の名前の発明は 続いています
抗がん剤が 免疫システムに 癌細胞を "見る" ように教えられる
癌の新ワクチンは 免疫システムに 癌細胞を"見"て 破壊する方法を教えられる
ワクチンは 免疫システムに 治療の過程で がん細胞を認識させる方法を教えます
免疫細胞を患者から抽出し 実験室で変異させることで
タンパク質が多くのがんに共通していることが 検出され 再び注射されます
試験ワクチンは様々な癌の患者で 期待を裏切らない結果を出しています
卵巣がんを患った女性が 免疫システムに癌細胞を認識させる ワクチンを投与すると 18ヶ月以上 癌は消えていました
この方法は 患者の免疫細胞を採取し 実験室で改造することで 多くの癌に存在する タンパク質 HER2 を "見る"ことができます
メリーランド州ベセスダにある 米国国立がん研究所のジェイ・ベルゾフスキー教授は "我々の研究結果から ワクチンが有望な結果が出ている"と
教授は"乳がん,卵巣がん,肺がん,腸がんなど,多くの癌が HER2によって発生する"と説明します
免疫細胞を患者に与え 癌細胞を攻撃するように "教え"ます これはある種の白血病の治療にも 効果があります
カニエ・ウエストはSNLで演説した後にMAGA帽子をかぶってトランプ支持の演説をしました
調子が悪かった
シャットナイト・ライブで 混沌とした演技の後 カンエ・ウェストは ツイートして 称賛した. アメリカ大統領 ドナルド・トランプ. 2020年の大統領候補に 立候補すると宣言した.
3曲目の"ゴースト・タウン"を披露し "アメリカを再び偉大な"という帽子をかぶった後 民主党員に暴言を言い始め トランプ支持を固めた
"私は白人の人とよく話します "なぜトランプを好きなんだろう?
でも もし私が人種差別を心配していたら,私はずっと前にアメリカを離れたでしょう"
SNLは,マット・デイモンのスケッチで, ショーをスタートしました. このショーは,
映像は公開されなかったが コミケのクリス・ロック・ウェストは ソーシャルメディアで ウェストの怒りを投稿した
ビデオを公開したことで ウェストを非難しようと していたのか 分からない
ウェストはまた,自分の頭蓋をしてから,舞台裏での不当な扱いを,観客に訴えた.
"後台で嫌がらせを受けた
"帽子を持って外出するな"って
嫌がらせされた
"私は 落ち込んでいる"と ワシントン・エクサミナー紙は
"私の下りしたところを 見てくれ"と 言うことで スーパーマン・キャップを 履くことにした
試しに愛して
観客は彼の発言に少なくとも2回 拍手を浴び SNLスタッフは恥ずかしく感じました Varietyは目撃者のコメントで"スタジオは静けでした"と記しています
ウェストは歌手アリアナ・グランデの代わりとして 予約された. 当時,彼女の恋人であったラッパーマック・ミラーは 数日前に亡くなりました.
ウェストは"I Love It"を歌いながら パーリエのボトルを装着して 観客を混乱させた
ウェストは保守派のTPUSAのリーダーであるカンダース・ターナーに支持され",最も勇敢な1人に感謝,
番組のホストのカレン・ハンターは ツイッターで"ウェストはこうやってるんだ 結構いいよ"と
"でも,私は社会に有害なイデオロギーを受け入れ,発信する人を (彼の音楽,彼の服,彼の"アート"を購買して) 褒める事にはなりません.
許可がある
そして私たちもそうである"
ショーの前半に レイプは"公式にはカニー・ウェストとして知られる 組織"に 名前を変更したと発表しました
名前は"Puff Daddy" "Puffy" "P Diddy"とも呼ばれている.
シンボルに名を付けられ 後にアーティストとして プリンスに改名されました
ベルファストのレストランで ナイフで刺し殺した容疑で
45歳の男性が 殺人未遂で起訴されました 金曜日の事件で ナイフで刺された事件で
事件はバリーハックモアで 警官が言う
容疑者は月曜日に ベルファストの小裁判所で 裁判をされます
起訴は検察官の審理にかけられます
『ゲーム・オブ・スローンズ』の キット・ハリントンが 毒性男性性を 追求している
キット・ハリントン は, HBOの暴力的な中世のファンタジーシリーズ『ゲーム・オブ・トローンズ』のジョン・スノウを演じて剣を振るうことで知られています.
しかし31歳の俳優は ステレオタイプのマッチョなヒーローを 追いかけてこう言います "テレビのキャラクターは 若い男性を 尊敬するために 強くなりたいと 感じる"
キットはサンデー・タイムズ・カルチャーに "何かが間違っている"と 発言し #MeTooの時代における 有毒な男性性の問題に対処する方法を 尋ねました
"ゲーム・オブ・スローンズ"の 共同出演者ローズ・レスリー (Rose Leslie) と 最近結婚した キットは この問題を"とても深刻に感じている"と 認めている.
"今,私は,男性らしさのどこが 間違っているかについて, 深く悩んでいます"
"今の問題を考えると 青年期に何を教えているか?"
毒性性的な男性性の増加に 責任があるかもしれないと 考えるのは 極めて男性的な性格が 原因だと
"何が生まれつき そして何が学びだされるのか?
テレビや街で 若い男性が男らしくいることを 教えられるのは 何で?
現代の大きな問題の一つは どのようにしてそれを変えられるか?
明らかに若い男たちの 悪いことがあった"
インタビューでは彼はまた,ゲーム・オブ・スローンの続編を来年の夏に終わらせるつもりはないと認め, "戦場と馬を終わらせた"と語っています.
キットは11月からサム・シェパードの 『真西』の 再演に出演します 監督と彼の兄弟の物語です
俳優は最近 自身の妻のローズとの出会いを 『ゲーム・オブ・スローンズ』の 最高の経験だと語った
"このシリーズのおかげで 妻と出会ったわ" "このシリーズのおかげで 未来の家族と出会い 人生を永遠に変えたわ"
ローズはエミー賞を受賞したファンタジーシリーズで キットが恋に落ちるジョン・スノウの役を演じた
2018年6月,夫婦はスコットランドのレスリー家の土地で結婚した.
HIV/AIDS:中国で新規感染者増加14%
中国では14%のHIV/エイズ感染者が増えていると発表しました
保健当局によると,この国の820,000人以上の人々が 感染しています.
2018年第2四半期だけでも 4万件が新たに 報告されました
新たに発生した症例のほとんどは 性的感染によるもので これは新しい傾向です
伝統的に 感染した血液の輸血によって 中国では HIVが急速に広がりました
しかし,このように HIV を感染する人の数は ほぼゼロにまで減少したと,中国の保健当局者は,ユナン省での会議で述べた.
しかし"年で 国内で HIVとAIDSの感染者が10万人増えました
中国ではLGBTコミュニティの間で 性的感染が深刻な問題となっています
同性愛者は1997年に合法化されましたが LGBTに対する差別は広範囲に広がっていると伝えられています
研究によると 他の男性と性交する男性の 70から90%は 保守的な価値観のせいで 後に結婚する傾向があります
感染の多い原因は 避妊手段の欠如です
2003年以来,中国政府は 問題を解決するために HIV治療の無料と平等のアクセスを約束してきました.
マキシーン・ウォーターズは 共和党議員のデータを 漏洩した容疑を否定し "危険な嘘"と"陰謀論"を非難する
議会の議員マキシン・ウォーターズは 自身のスタッフが 共和党議員の個人情報を 共有したとの主張を 否定した.
ロサンゼルス民主党は 声明を"極右派"のウェブサイトや支持者から 発信したと主張した
"嘘 嘘 嘘 ひどい嘘"と ツイッターに投稿しました
公開された情報は,南カロライナ州出身のアメリカ合衆国上院議員リンジー・グラハム,ユタ州出身のマイク・リー,オーリン・ハッチの住所と電話番号を含んでいた.
この情報は木曜日に 連邦議会の議会議事堂で 議員の候補者ブレット・カヴァナフに対する 性的暴行の告発の 審理中に 匿名の人からネットに 流されたのです
事件は3人の上院議員が 川野氏に質問した後に起きた
保守派支持サイトである ゲートウェイ・パンディット・オブ・レッドステイトは ウォーターズの人たちが 公開した情報に 注目したIPアドレスが ウォーターズスタッフの メンバーの情報を公開したと報じた.
"この根拠のない非難は 完全無実で 嘘だ"とウォーターズは続けた
"この詐欺で 偽の告発によって 機密や個人情報が 侵害された私のスタッフは
この根拠のない告発は 完全無実で 嘘だ"
ウォーターズ氏の発言はネット上で 批判を浴びた.
"これは激しい否定だ"と フライシャー氏は書いています
"議会で働くには 適した性格がない"
罪を犯したとして 非難されたら 怒ってはいけない
逆らうのは許されない
検察の動機を疑うべきではない
心の平和を 維持する"
フライシャー氏はウォーターズの反応を 民主党の批判と比べると 批判を浴びたのは カーバノウの怒りが ひどかったことでした
共和党のオマール・ナバロも ツイッターで発言しました
"本当ならすごい"とツイートした
ウォーターズ氏の公式声明は "この詐欺的な主張に関して 職員と警察に連絡した"とあります
"犯人は必ず見つける"と彼女は続けた "そして私のチームに属する全員に 破壊的で危険な行為に対して 法律で責任を負わせる"
ジョニー・イングリッシュのレビュー 再び登場 ローアン・アトキンソンと 然としたスパイコメディ
最近の映画では ブレグジットについて 話題を広げていますが これはジョニー・イングリッシュシリーズでも同様です 2003年にジョニー・イングリッシュで始まり 2011年にジョニー・イングリッシュで再登場しました
皮肉にも 傲慢にも 傲慢にも 傲慢にも 傲慢にも 傲慢にも 傲慢にも 傲慢にも 傲慢にも 傲慢にも 傲慢にも
顔がガムで目も大きく 役立たずのジョニー・イングリッシュは 騒音の許可を新たにされた 彼の名前は 暗示するほど 役立たずのジョニー・イングリッシュは 劇場には英語が話せない 場所にある
勿論 な秘密捜査官です な紳士になりたいという願望にも関わらず キュロセーという のしずく ナイフの先のミスター・ビーンのような をつけ 2012年のロンドンオリンピックの 開幕式で "火の戦"を歌うために
アトキンスンがバークレイドのテレビ広告で彼を描いた後に,彼の後に混乱を残した世界規模の国際的ズボウを元に作られました.
JEの幹に撃たれたのは 素晴らしい瞬間だった
喜んだのは ヨハネ・イングリッシュが ヘリコプターに近付いて を装着し ヘルメットに弾いた時のことです
アトキソンには物理的なコメディの才能があるが ユーモアはかなり卑で 奇妙に余な感じがする. 特に,007やミッション・インポッシブルのような "真面目"な映画シリーズでは 説得力のあるコメディが要素として 登場する.
ユーモアも大人より子供向けに されているようですが 私にとっては ジョニー・イングリッシュの 狂気の冒険は アトキンスンの 音の無い映画での 馬鹿げた演技と比べても 独創的で 集中力のある演技ではないと思います
この映画のテーマは,イギリスが深刻な問題を抱えているということです.
サイバーハッカーが 英国の最高秘密の諜報網に侵入し 英国の諜報機関に 潜入したことで 捜査官の恐怖を招いたのです 捜査官の恐怖は
政治的支持率が完全に落ちている 誇張的で戦意のある首相にとって最後のチャンスです エマ・トンプソンはテレサ・メイのようなキャラクターとして 頑張っていますが 脚本にはあまり取り組むべきことはありません
諜報員全員が 暴露されたと セキュリティーアドバイザーから 報告されたので 退職金を取り消すことに 迫られる
そしてもちろん 退屈なジョニー・イングリッシュがいます 彼は上流の学校で 校長を務めていましたが 秘密裏に諜報員になる方法を教えています 面白いところは
イングリッシュはホワイトホールでの 緊急会議に急戻り 再びベン・ミラーに 弾かれる 試された元右手が ブーフと再会する
波は 熱狂的な 善意の潜水艦船長と結婚した
王室の情報機関の全力で バットマンとロビンは戻ってきた オルガ・キュリレンコの美しい女性 オフィリア・ブルレトワに会う
一方,首相は 魅力的で恐ろしい技術系億万長者のジェイソン・ヴォルタに 侵入されようとしています ジェイク・レイシーが演じる
ヴァン・イングリッシュとボフは 危険を冒すエスケープを始める. 召使いに変身して 豪華なフランス料理店を焼き尽くし, ヴォルタの豪華ヨットに身を潜んで 混乱を招く. ヴァン・イングリッシュは 仮想現実のメガネを使って ヴォルタの家を知ろうとする.
銃弾は全て フィルムの最終シーンで 放たれますが 意図的で 活気のある映像ですが 子供向けのテレビの 雰囲気が感じられます
平均的な
ジョン・イングリッシュの映画で 思うように イギリスの映画業界は ロワン・アトキンソンに 彼の才能に 適う役を 与えませんか?
労働党は,英国人に対する4日制の労働週と, 賃金変更の提案を拒絶する
ジャーレミ・コービンの労働党は 徹底的な計画を練っていると言われている. つまりイギリス人は 4日制労働を 満足できるが, 5日制の賃金を得られる.
企業経営者は人工知能 (AI) の節約を 利用して 従業員に 余分な休日を与えるよう 要求しているそうです
従業員は3日の休日を 給料の削減なしに過ごせる
社員の利益のために 国を動かすという党の経済目標と 合致すると 社内関係者は言う
労働組合の会議は 労働者が変化する経済から 利益を得るための手段として 4日の週制を提案しています
労働党の有力な党員がサンデー・タイムズ紙にこう言った "政治提案は年末までに発表される"
"それは1日で実現するわけではないが 4日労働週は 労働者の利益のために経済を変革する党のアプローチと 産業に対する党の全体的な戦略に合致する目標だ"
労働党は 初の支持者ではありません 緑の党は 2017年の選挙で 週4日労働を提案しました
しかし,この案は,労働党の支持が一致していない.
労働党の広報担当者は"4日制労働は党の政策ではないし,党の検討もされていない"と
労働党の影の財務相ジョン・マクドネルは 先週の党の集会で 経済的社会主義革命の計画を 立てた
マクドネルは 電力会社の"匿名取締役"や "搾取者"から 権力を奪う決意を固めている
影の財務大臣の計画は,現在,水道会社株主たちが,不道徳な行為によって, 労働党が率いる政府が"対価"を支払うことを可能にしてしまうという, 資金の返還が疑わしいことをも引き起こしている.
従業員を会社に招く計画も確認し, 会社経営者基金を設立し, 民間企業の株式価値の10%を従業員に配分し, 従業員は年間500ポンドの給与を受け取るという.
リンジー・グラハムとジョン・ケネディが"60分"に FBIの調査を報告した
連邦捜査局の捜査が ブラット・カバナウ判事の 司法上の指名に関する 決定を少なくとも"週間延期したことで 連邦捜査局の調査が 共和党議員の支持を 引き下げられるか疑問に思う
60分誌の記者 スコット・ペリーは 日曜日に放送されたインタビューで 共和党のジョン・ケネディ上院議員と リンジー・グラハ上院議員に FBIが何か発見して 立場を変えられるか尋ねました
ケネディはサウスカロライナ州立大学より このアイデアに 興味があるようでした
"もちろん"とケネディは言った.
"裁判に来た時 裁判官カバナウと話をした
事件の後に電話して "やったの?"と聞いた
断固とした 明確な態度で
グラハムの声は 石に刻まれたようだった
"私はブレット・カバナウについて 決定を下した" "それ以外の場合は 極めて厳しい告発が必要になる"
"フォード博士,何が起こったか分からないけど, ブルートは断固として否定していた"と,グラハムは付け加えた.
"そして,彼女が言ったことには, どれも,それを確認できませんでした.
36年前だった
"どうでもいい"と
グローバル・シチズン・フェスティバルとは何か? 貧困の軽減に役立ったか?
ニューヨーカーは土曜日に グローバル・シチズンズ・フェスティバルを主催します 素晴らしいアーティストを集め 世界を貧困から救うという 素晴らしい目標をもった 恒例の音楽祭です
セントラルパークの広大な芝生に集まった何千人もの人々が,ジャネット・ジャクソン,カーディ・ビー,ショーン・メンデスらと コンサートを楽しむことを期待しています.
グローバル・シティズン・フェスティバルは2012年に始まり,活動的な反撃者を増やすことで貧困を終わらせようと 取り組んでいる国際的団体のグローバル・ポヴェルティ・プロジェクトを拡張しています.
チケットを無料で受け取るために (VIPチケットを支払う必要がない場合) コンサート参加者は様々なタスクや"行動"を 実行しなければなりません 例えば ボランティア活動や,世界リーダーに手紙を書く,電話をかける,あるいは貧困の終焉に向けた 目的を意識させるような, 意義のある行動です
グローバルシチズンは どれほど成功したか? 目標を達成するには 12年しか残っていないのに
無料のコンサートで人々を褒めるというアイデアは 真の変化をもたらすのか それとも"クリック・ティビズム"と呼ばれる 単なる例なのか? つまり オンラインで署名したり ツイートしたりすることで 変化を起こすと感じているのか?
グローバル・シチズンは2011年以来 メンバーが様々な目的で 行った "行動"を1900万件以上 記録したと報告しています
各国首脳が37億ドル以上の 約束や政策を制定したことで 2030年までに2250億人を 影響すると予測されています
2018年初頭には グループが390の目標と 行動策をリストにしました その合計は1000億ドル以上で 既に支払われ 集まっています
このグループはこれらの資金が 今までに世界全体で 約6億4900万人の 直接的な影響を及ぼしたと推定しています
重要な目標の一つは,イギリスで始まった,投資家と実力を持つ人々の協力による,The Power of Nutrition (栄養の力) です.彼らは"子どもたちが,自分の潜在能力を最大限に引き出すことを支援する"と,4,700以上のツイートを受け,ルワンダの栄養問題を解決するために,3,500万ドルを約束しています.
"英国政府や 援助者 他の国の政府や あなたのような世界の市民の助けを借りれば 飢餓の社会不平等は 歴史書に書き留められる"と"栄養の力"の大使 トレイシー・ウルマンが2018年4月にロンドンで開かれたコンサートで 聴衆に語った
グループはまた イギリス政府が オンラインで5000以上の呼びかけを受けて 母と子供の栄養を改善するために 資金を約束したと報告しました このプロジェクト"栄養の力"は 5百万人の母と子供に 栄養のアドバイスを 提供することを目指しています
ウェブサイトでよくある質問に答えました "極貧を終わらせると考える理由は何ですか?"
グローバル・シチズンはこう書いています "長い戦いであり 厳しい戦いであり 時に私たちは失敗し 失敗するでしょう
しかし 公民権運動や 差別主義に反対する運動と同様に 団結すれば強くなれるからです"
ジャネット・ジャクソン,ザ・ウィークンズ,ショーン・メンデス,カーディ・ビー,ジャネル・モナエが ニューヨーカーのフェスティバルに 登場します.
米国内務省長官によると,アメリカ海軍はロシアからのエネルギー輸出を"ブロック"する力がある
中東でもロシアからのエネルギー供給を 阻止するために 必要な場合には ワシントン海軍の艦隊を 活用する可能性があると 米国国務長官のライアン・ジンケ氏は "ワシントン・エクスザミナー"紙に語った.
シリアのロシア介入は シリアの正当な政府の 招待を受けて 石油を売り込むための 借口だと主張した
"私は彼らが中東にいるのは,彼らが東欧や南欧でやっているように,エネルギーを売ろうとしているから"と,彼は言った.
予防方法も資源も 十分にあると
"アメリカには,海上での自由通行を確保する能力があり,必要であれば,我々が彼らを封鎖して,彼らのエネルギーが市場に入らないようにする能力がある"と彼は言った.
消費者エネルギー同盟 (Consumer Energy Alliance) による会議で, シンケは講演を行いました. 消費者エネルギー同盟は,自らを"アメリカのエネルギー消費者の声"と称する非営利団体です.
ワシントンのロシアとイランの 対処方法の比較をすると 基本的に同じだと
"イランとロシアとの経済上の選択肢は 燃料の利用と代替についてだ"と発言し 化石燃料に依存する経済を 持つロシアを"一本入り馬"と呼んだ.
この発言は,トランプ政権が,欧州の消費者のために,最も安価な選択肢であるロシアを, 代替するために,欧州の液化天然ガスの輸出を拡大することを目指している, 発言に伴います.
トランプ政権のスポークスマンは,ドナルド・トランプ氏自身も含め,ドイツを説得しようとしています. ベルリンをモスクワの"囚人"にしている"不適切な"ノード・ストリーム2"の計画から脱却するように.
モスクワは繰り返し強調してきたように およそ11億ドルを費やした"北流2"の建設は 単なる経済的な計画で 現在の容量を"億10億立方メートルに倍増させると予想されている.
政府の反対は 競争の不平等を意味し 経済的理由からだと
"私は,エネルギーが圧力の道具であってはならないという考えに同意し,消費者は供給者の選択を自由にすべきだ"と,ロシアのエネルギー大臣,アレクサンダー・ノバックは,米国エネルギー大臣,リック・ペリーとのモスクワでの会合の後に,言いました.
アメリカ人の立場はドイツからの批判に遭い,ドイツはプロジェクトへの参加を認めた.
ドイツの主要な産業団体BDIは,EUのエネルギー政策や,ベルリンとモスクワの間の二国間協定に,アメリカが介入しないよう要請した.
"第三者が我々のエネルギー供給に 干渉する問題がある"と BDIのディーター・ケンプフ氏は 連邦議長アンゲラ・メルケルと ロシアのプーチン大統領との最近の会談で語った.
エリザベス・ウォーレンが2020年の大統領選に出馬することを "強く検討している"と マサチューセッツ州上院議員
連邦上院議員 エリザベス・ウォーレン氏は 土曜日に大統領選挙で 候補を"強く検討している"と発表しました
マサチューセッツ州ホリオークの 役員会で ウォーレン氏は 参政権の検討を 確認した.
"女性たちがワシントンに行き 政治システムを直す時だ" "女性をリーダーに 求める"
"11月6日以降 大統領選挙の候補を 強く検討する"
ウォーレン氏は市議会でドナルド・トランプ大統領について "トランプは国を間違った方向へ導いている"と発言した.
"ドナルド・トランプが民主主義に していることには 深い懸念を抱いている"と彼女は言った.
ウォーレン氏はトランプ氏と最高裁の候補者 ブラット・カバナウ氏を 批判する中で 発言を強めている.
金曜日のツイートで ウォーレン氏は "もちろん FBIは投票前に捜査を 始める必要がある"と書いています
投票結果によると ウォーレン自身の支持者の多くは 2020年に大統領選に出馬する事を 望んでいないと答えています
サフォーク大学政治研究センターとボストン・グローブによる 投票結果によると マサチューセッツ州の 有権者の58%が 議員が立候補すべきではないと 回答しています
候補候補の支持率は32%でした
投票結果によると 民主党の元知事 デヴァル・パトリックは 38%の支持で 48%の反対で 候補候補候補に投票した.
2020年の大統領選で議論されている 民主党候補者の他にも元副大統領ジョー・バイデンと ヴェルモンツ州上院議員のバーニー・サンダースがいます
バイデンは1月に決定を 発表すると発表しました
サラ・パリンが トラック・パリンのPTSDを 提起
26歳のトラック・パリンが 9月に入隊して 1年間イラクにいました
月曜の夜 逮捕され 家庭内暴力の罪で起訴されました
"息子が帰国した後の経験は 兵士たちが帰国した後の ストレス障害や 傷害の影響を 感じている他の家族と 繋がるものだと感じます"と 彼女はオクラホマ州トゥルサで トランプ大統領選の 選挙運動に出席した人々に語った.
パリンは彼の逮捕を"部屋の象"と呼んで 息子や他の戦士について "彼らは変化し,より強くなった. 陸上や空中での同僚や 軍隊の他のメンバーが国のために行ったことに 敬意があるかどうか,彼らは考え始める"と語りました.
彼は月曜日にアラスカ州ワシラで逮捕され, 女性の家庭内暴力, 家庭内暴力の報道を妨害し, 酔っぱらった状態で武器を所持した罪で起訴されたとワシラスの警察の広報担当官,ダン・ベネットは述べています.
18州とDCが 難民申請法案に反対する
18州とコロンビアは 集団暴行や家庭内暴力から 逃亡した被害者に 庇護を拒む新しい法律に 法的抗議を 支持しています
18州とワシントンDCの代表が 金曜日に ワシントンで 反対する難民申請者に対する 党派別声明を提出した.
連邦法に係る 訴訟の原告の全名は公表されていない.
彼女はパートナーと"暴力的な息子のギャングメンバー"が 虐待していたと訴えたが,米国当局は7月20日に彼女の亡命申請を却下した.
彼女はテキサスで拘束された
グレイスを支持する検察官は エルサルバドル,ホンジュラス,グアテマラ, アメリカからの亡命申請者の多くが 移民国としてアメリカから来たことを ギャングや家庭内暴力が 蔓延している国だと訴えた.
新規の米国難民法が 覆したのは 移民局の2014年の決定で 家庭内暴力から逃れた不法移民が 難民申請を許可されたことでした
連邦検事カール・ラシンは 金曜日に 新法の制定を宣言し "州や連邦の 法律や国際法に 背を向ける"と述べた
"連邦法では 難民申請の審査は 関連する事実や状況に基づいて 行うよう求められているので 妨害は その原則に反する"と 独立声明は述べています
弁護士は声明の中で 移民を退却する法律が 経済的損害を及ぼすと主張しました なぜなら移民は自給自得になり "必要な労働力を供給"する 可能性が高いからです
6月,司法長官のジェフ・セッションは 移民法廷の裁判官から 家庭内暴力や ギャングの暴力から 逃亡した被害者に 難民の権利を与えることを 奪いました
法律の6月11日の発表では"人種,宗教,国籍,特定の社会集団や政治的立場に根ざした迫害や恐怖を理由に 国を離れようとする人たちに 難民の庇護を申し出ます"と書かれています
難民は 解決すべき問題ではなく 世界中の人々が日々直面している 深刻な問題なのです
死亡者数が2倍になるにつれ パルーで生き残った者を見つけるための 努力は絶望的だ
生き残った人々の状況は 悪化したばかりでした
"とても緊張している"と35歳の母親 リサ・クスマは 破壊されたパルウの避難センターで 苦しんでいる幼い息子を慰めながら言いました
"救急車が来るんだ 遺体も来るんだ
清浄な水が必要です"
住民は破壊された家に戻り 濡れた物を整理し 発見した物を救出しました
何百人もの負傷者がおり,7. 5の地震で被害を受けた病院も 対応できませんでした.
負傷者の中には背骨と肩を骨折したダヴィ・ハリスもいましたが 患者はパルスの軍事病院の外で治療中です
彼は涙をこぼして 妻と娘と過ごした 5階のホテルの部屋を 震え上がらせた話をしました
"自分達自身を救う時間なんてなかった
壊れた壁にぶつかりました"とハリスはAPに語った.
"妻が助けを求めて叫ぶのを聞いたが 静かになった
彼女と私の子供はどうなったのか 分からない
安全でいてほしい"
アメリカ大使が中国を非難する のプロパガンダと宣伝広告
中国新聞が米国新聞に4ページの広告を載せて 中国と米国が協力すれば 利益が得られるという 宣伝を発表した1週間後, 中国駐在の米国大使は,
米大統領ドナルド・トランプは水曜日に,中国が11月6日の議会選挙に介入したとして,中国日報が"アイオワ州で最も売れている新聞"として"デスマイン・レジスタ"に支払った"金銭入札"を非難した.
米政府関係者はロイター通信に トランプ氏が中国が 選挙に関与したとの非難は ワシントンの中国への圧迫キャンペーンが 激化する新たな段階を 象徴していると語った.
外国政府が貿易促進を目的として 広告を出すことは普通ですが 北京とワシントンは 貿易戦争に巻き込まれ 互いに輸入品に 関税を繰り返し課しています
貿易戦争で中国の報復関税は,トランプの共和党支持者のアイオワ州などの輸出国に影響を及ぼすだろうと,中国とアメリカの専門家が言う.
中国駐在のアメリカ大使 テリー・ブランスタッドは, 農業食品を中国に輸出する大きな国であるアイオワ州を長年統治した.
ブランスタッドは 日曜のデス・モイン・レジスタの 記事で中国が "自国の自由報道機関で 宣伝広告を出すという 粗悪な手法に 手を染めている"と書いた
"中国政府は 宣伝を広めることで アメリカの表現の自由と報道の自由の伝統を 利用し デスモイン・レジスターに 広告を掲載した"と フランスタッドは書いています
"しかし,ここ北京の新聞店では, 意見の異なる声はほとんど見られません.そして,中国共産党がメディアを厳しく管理しているため, 中国の経済状況に,中国国民がどう反応するか, 公平な見方を示すことはできません"
彼は,彼の記事の"中国で最も有名な新聞の1つが,その記事を掲載しなかった"とも付け加えたが,その記事の内容を明らかにしなかった.
共和党は女性を疎遠に 川野事件で中間選挙前に 分析者は警告
共和党の多くのトップが 性的暴行の告発に対して 最高裁の候補者 ブレット・カバノウを 支持し擁護する一方で 分析者は 予期せぬ反発が 予想されていると警告しています 特に女性からの反発が 予想されます
この件は 感情を沸かせたため 共和党の多数派は 投票の継続を 望んでいると公言しています
"これは,もう二度とできないことだ"と, シリアカサス大学のマクスウェル・スクールの 政治学教授,グラント・レハーは, ザ・ヒルに,土曜日の記事で語った.
共和党のジェフ・フラックス議員が FBI捜査を要請したことで 怒りの有権者が安らぐか 疑っているとリハー氏は言いました
"女性は昨日起きたことを忘れない 明日や11月にも忘れることはない"と 進捗主義団体MoveOnの 代表者カリーヌ・ジャン=ピエールが 金曜日に語った.
議会でデモを繰り広げ 議員の"来年""月"を叫んだ 司法委員会を統括する共和党が カーバナウの指名 承認を拒んだ
"民主主義の熱意とモチベーションは新たな高みに上がるだろう"と独立系政治評論家の シュトゥ・ロテンベルグはニュースメディアに語った.
"人々は既に高水準に達したと言うが,それは事実だ.
選挙区の女性や 18-29歳の若者層は 投票をめったにしないが 大統領を嫌っている"
フォードが最高裁の候補者に 性的暴行を訴えるまで 分析者は共和党の候補者が 候補者候補に投票すれば 逆転が起こりうるだろうと 指摘していた.
"共和党にとって,これはより悪い混乱だ"と, 共和党全国委員会委員長を務めたマイケル・スティールは, 先週,NBCニュースに語った.
"これは単に委員会の投票や最終的な結果や カーバナウの責任ではなく 共和党の対処方法や 彼女に対する対処方法だ"と ニュースチャンネルに民主党の候補を 支持するPriorities USAの会長であるギュイ・セシルは指摘した.
しかし,アメリカ人は誰を信用すべきかについて 意見が分かっています フォードとカバナウの証言を聞いて, 後者は少しだけ支持しています
YouGovの最新調査によると フォードの証言を 41%が 確信しているとか 疑うとか 回答者の35%が 確信しているとか 疑うとか カバナウの証言を 信じているとか
さらに38%の人が カバナウがおそらく 嘘を言ったと答えていますが フォード氏については30%しか答えていません
フォード氏と少なくとも1人の関係者が 提起した容疑を FBIは調査中だ
フォードは先週 連邦上院の司法委員会で 宣誓書を提出し カバノウが 17歳の時に 酔っぱらって 彼女に暴行したと証言しました
裁判所の判事候補が ゲンガスを彼女に 披露めたと ラミレスは主張している 1980年代のヤール大学生だった頃のパーティーで
インターネットの発明者は,新しいインターネットを 作って,GoogleやFacebookと 競争する計画に
ウェブの発明者ティム・バーナーズ・リーが Facebook,Amazon,Googleと競争する新会社を立ち上げました
テクノロジー伝説の最新プロジェクトは"Inrupt"で ベルナーズのオープンソースプラットフォーム"Solid"を ベースにしています
Solidはユーザーが 自分のデータをどこに保存するか 誰がどの情報にアクセスできるか 選択できるようにします
Fast Companyの独占インタビューで バーナーズ・リーは Inruptの計画が "世界支配"だと 冗談を言った
"今やる必要がある"と 彼はスタートアップについて言いました
"これは歴史的な瞬間だ"
このアプリは Solids の技術を使って オンラインデータ収集や POD を 作り出しています
連絡先リストや,タダリスト,カレンダー,音楽ライブラリ,その他,個人や専門的なツールなども含まれます.
Googleドライブ,Microsoft Outlook,Slack,Spotifyが ブラウザで同時に利用できるようなものです
オンライン個人データ収集の ユニークな点は 特定の情報を誰が入手できるかを 決定するのは ユーザーの自由です
会社はこれを "データによる個人エンパワーメント" と呼んでいます
会社のCEOであるジョン・ブルースによると "SOLID"のアイデアは 資源,プロセス,能力を集めて オープンにすることだそうです
会社には現在バーナーズ・リー社,ブルース社,IBM社から買収された セキュリティプラットフォーム,契約のソフトウェア開発者,ボランティア・プログラマのコミュニティーがあります
この週から世界中の技術開発者は Inruptのウェブサイトにあるツールを使って 独自の分散型アプリを作ることができます
バーナーズ・リーによると 彼と彼のチームは "FacebookやGoogleに ビジネスモデルを完全に変え ビジネスモデルが突然 廃れるように すべきか"について 話し合っていないと
"許可を求めていない"
Mediumの土曜の投稿で Berners-Leeは Inruptの"ミッションは 商業的なエネルギーとエコシステムを提供することであり,
1994年にバーナーズ・リーが マサチューセッツ工科大学で World Wide Web Consortium を設立し インターネットの変革を成し遂げました
ここ数ヶ月で,バーナーズ・リーは,いわゆるネット中立性に関する議論の重要な声になりました.
Inruptが公開される間にも Berners-Leeは 発明者であり,世界ウェブコンソーシアム,ウェブ財団,オープンデータ研究所の 責任者であり続けます.
"インターネットの次の時代には 信じられないほど楽観的だ"とバーナーズ・リー氏は付け加えました
バーナード・ヴァン: ヴィクトリア十字の霊的受領者
ヴィクトリア十字を勝ち取った唯一のイングランド教会の牧師が 誕生100年後に 誕生100年を迎えられ
軍曹 牧師 ベルレンジル軍曹 ヴァン軍曹 ベルレンジル軍曹 ベルレンジル軍曹 牧師 ベルンジル軍曹 ヴァン軍曹 ベルレンジル軍曹 牧師
しかし4日後に彼は狙撃手に殺されたのです そして彼はイギリス軍最高勲章を 獲得したことを知らずに
土曜,彼の2人の孫が 記念碑を披露した ラッシュデンで,ノースハンプトンシャー.
彼の孫の"人 ヴィン・ミハエル・ヴァンは 石の発見が 祖父の偉業を 記念して100年経ったことを "とても象徴的"と 評した
1918年9月29日にロンドン・ガゼット紙によると ヴァン中尉は の聖クエンティン運河を横断して "非常に濃い霧の中 猛烈な機関銃と砲撃を 浴びた"
彼は後に戦線に駆け出し, "最も勇敢な"率先して, 単独で砲兵を攻撃し, 3つの砲を無効にした.
1918年10月4日 ヴァン中尉はドイツ人狙撃手によって戦いが終わるまで1ヶ月で殺された
72歳のマイケル・ヴァンは 祖父の行動について "私は決して 達成できないことを知っていたが 謙虚に感じました"と語りました
兄のジェームズ・ヴァンも 飾り付けの儀式を 行った.
マイケル・ヴァンは"パレードに参加できたことを大変光栄に思う"と語り "この人々の支援は真の英雄性を強調している"と付け加えた.
MMAファンは ベラータ206を見に 夜中起きていたが
想像してみて下さい 夜寝てから 星空を飛ぶベルレーター206を 見てきて 番組の主催の番組を 見せなかったと
サンホーゼの番組には13試合あり 主番組には6試合あり Channel 5のイギリス放送で 夜中に放送されました
午前6時 ゲガード・ムーサシーとロリー・マクドナルドが 待ち合わせの準備を進めてきた時 イギリスの視聴者は 驚きの瞬間を覚えました
眠れぬまま眠る人もいました この戦いに 目を覚ました人もいました
ツイッターで"子供向けのアニメ映画に 切り替えたのは 病気のジョークだ"と 評したファンは
"朝6時に放送が禁止されたため 児童番組に変更された"と ベラトールのSVPデイヴ・シュワルツは 番組の放送について尋ねると こう答えました
"豚のグルリ" そう
ベルラトールのCEOのScott Coker氏は,将来,計画に英国人の視聴者を含めようとすると述べました.
"再放送を考えると,うまくいくだろうと思う"とコッカーは言った.
"しかし,それは,そこに6時である,そして,我々は,私たちの時間,月曜日まで,その解決法を見つけるつもりはない.
捜査中だ
信じてください 交換の時に たくさんのメッセージが 送られてきたのですが どれも友好的なメッセージではありません
修理をしようとしたのですが 工学の故障で 壊れたと思ったのです
でもそれは法律で決まっていた
次はそうならないと約束します
試合は6回ではなく5回で終わり ファンに何かを与えようと思った
悪い状況だ"と
ザ・デレスト・アイランド・ディスクス:トム・デイリーは性について"軽蔑"
オリンピックのダイバーのトム・デリーは セクシュアリティのせいで 成長した頃は 誰よりも劣っていると感じていたが それが彼を成功に導く動機だと語る
24歳の彼は 高校までには "みんなが僕のような人間じゃない"と 気づかなかったと答えました
ラジオ4の『デジャルト・アイランド・ディスクス』で ローレンス・ラバーネと 話をしていたとき 彼は"希望"を伝えるために ゲイの権利について話をしていたと
彼はまた 両親になった後 オリンピックの優勝を 気にしなかったと言いました
番組の常連役である カースティ・ヤングは 病気の為 休業を数ヶ月と休んだ
デイリーはラヴェルヌの最初の番組にゲストとして出演し,彼が成長した頃は"価値が低い"と感じた理由を述べました それは"男の子や女の子を好きになるのは社会的に受け入れられていなかった"からです
"今日まで 記憶に価値があると感じ 違うと感じることが 成功を収めるための 力を与えてきた"
彼は自分の存在を証明したいと 言ったのです 性的指向を 認識する人たちを 失望させたくないからです
双子のオリンピック銅メダリストは LGBTの擁護活動家として有名になり, オーストラリアの連邦大会での参加を, 複数の国で同性愛者の非犯罪化を求める運動に利用しました.
彼はこう言いました "私は幸運にも 否定的な影響なしに オープンに生きることができました 他の人たちに"希望"を与えたいと
3度目の世界チャンピオンである彼は 2013年に出会った アメリカ人映画監督のダスティン・ランス・ブラックと恋に落ちた時 "驚き"を覚えたと語っています
デイリーは昨年 彼より20年年上の 俳優と結婚したが 年の差が問題だったとは 言ってない
彼はこう言いました "こんなにも多くのことを経験した 同じ年齢の人を 見つけるのは難しいわ" "こんなにも多くのことを経験した 若い年頃には" "14歳で初めてオリンピックに出場し 3年後に父親が癌で亡くなりました"
6月にこの夫婦は息子の両親となった.息子の名前はロバート・レイ・ブラック・デリーで,デリーは"彼の全視線が変わった"と語っていた.
"もし君が昨年のことなら 金メダルの優勝が重要だ"と
オリンピックの金メダルより 重要なものもある
オリンピックの金メダルはロビーだ"
彼の息子は父親の名前と同じ名前で 2011年に40歳で脳がんと診断され死去したロバートという名前です
デイリーは父親が死ぬことに同意しなかったと話す. そして彼が最後に尋ねたのは,彼が前列席に座るようになると, ロンドン2012のチケットを手に入れたかということだった.
"彼はその時にそこにいないことを彼に伝えることができませんでした.
呼吸が止まった時 彼の手を握りし 息を止めて死んだ時 彼は不死ではないと 気づいたのです"
後に彼は2012年オリンピックで 銅メダルを獲得した.
"私はそれが私の生涯の夢だったことだと 分かっていたんだ― オリンピックで地元観客の前でダイビングすること あの気持ちに勝るものはない"と彼は言った
また,彼の最初の歌の選択のインスピレーションは, オリンピックの準備中に非常に重要で,まだ彼のゴーズの肌を与えた.
BBCラジオ4で放送されている『デズート・アイランド・ディスク』は 日曜のBST11時15分に放送される
シャープ・ミッケルソンが,ライダー・カップのベンチで,
アメリカ人のフィル・ミケルソンは 日曜日,47回目のライダーカップで 記録を更新します しかし,この試合が悲しい出来事にならないよう 形を変えなければいけません
ミッケルソンは2年ごとに開催される 競技会で12回目の記録を更新しました 試合のベンチに 座らせられました
五連覇の優勝は 喜劇の舞台に 立ちはだかる代わりに 試合を練習し 失敗を正すことに なりました
キャリアの最高峰に登ったとしても ストレートなドライブを走ったことはなかった 48歳の彼は ゴルフ・ナショナル・グラフの 競技場に 適していない
足場が大きすぎたなら ミッケルソンは日曜日の9戦で 準優勝の フランチェスコ・モリナリと対戦し
12試合目のシングルズで アメリカ人が強打を打ったら ミッケルソンの戦いは 決勝のチャンスになる
フリックはチームメイトに 驚くほど信頼を寄せたわけではなかった
"彼は今日,自分の役割を完全に理解し,背中を叩いて,腕を私の上に置き, 明日,準備ができると言った"とフリックは言った.
"彼は自信が強い"
彼は名人堂に入りました 彼はチームに多くのことを与えてきました そして今週も
2試合で出場するなんて 予想もしなかった
役を重ねるつもりだったけど それが現実で それが本来の姿だった
"彼はみんなと同じで 仲間になりたいんだ"
日曜にミッケルソンは ナイジェリアの ナイフ・フェルドの記録を破る
レーダーカップのキャリアは 単独での業績に 比べる事が出来なかった
ミケルソンは18勝20敗7失点で 格差は計り知れない フレークは彼の存在が 貢献すると言っています
"彼は面白い 皮肉屋で 冗談を言うのが好きで チームに良い人だ"と彼は説明しました
"今週は若い選手たちが 楽しんで遊んでくれたんだ"
試合以上の貢献をしてくれます"
トーマス・ベヨンというヨーロッパ船長が 偉大なリーダーシップが 瞬時に消えていくことを知っています
ヨーロッパの船長 トーマス・ビョーンが経験から 知っているように レースの最終日のライダーカップの 勝負は 緊張を煽るものになる
デンマーク人は1997年ヴァルデルラマでデビューし,セーベ・バレステロスが率いるチームはアメリカ人を5ポイント上回っていたが,ゴールまでには141⁄2-131⁄2の勝利で追い詰められるところだった.
"バルデルラマで良い成績だったことを思い出して ブルックラインで良い成績だったのに 負けました バルデルラマで良い成績だったのに 勝ち目もわずかでした"と ビーアンは言う 2018年チームを 周五の5-3で勝利し 昨日のゴルフ・ナショナルで 10-6に 勝ちました
物語は,私とチームの皆に, まだ終わっていないと教えてくれます.
明日までに 廃棄物を全部取り出さなきゃ
出て行って 正しく行動しなさい
ポイントが表になるまで 終わらない
目標が一つ 優勝を目指すんだ
"私はいつも 12人の選手を中心に 取り組んでいると言っていますが 反対側にいる世界最高のゴルファーたちにも 気づいているのです"
選手たちの難しいコースでの 業績に満足したベアンは "この経験は当然のことではない
明日は,新しい挑戦です.
明日は個人の業績が重要で それは全く別の話だ
素晴らしいのは 仲間と出かけること 楽しいのは 仲間と出かけること 素晴らしいのは 仲間と出かけること 素晴らしいのは 素晴らしいのは 仲間と出かけること
選手はそれを理解し 明日最高の自分を出すんだ
仲間を離れるんだ 彼も最高のところを 掴むんだ"
異なる状況で,対戦相手のジム・フリクは, 勝者一人数で,対戦相手の成績より上を目指している. ジョーダン・スピイテとジャスティン・トーマスは, 4ポイント中3ポイントを獲得した.
フリークは最後の日に 勝利のブルックリンで 勝利のフリークの勝利の ブルックリンで 勝利のフリークの勝利の ブルックリンで 敗北の ブルックリンで 勝利のフリークの ブルックリンで
"私は全ての言葉を覚えている"と 彼は言った 1999年に 監督のベン・クレンショウが 選手たちに話したことを聞いたとき
"明日12試合あるけど ブルックリンやメディナで 試合が良かったらいいよ"
勢力が方向を 発見すると プレッシャーが 激しい
チームを組み立て プレーヤーを 好きな順に プレーさせ 明日 魔法を起こすようにするんだ"
トーマスは後援をリードし,ロリー・マクイルロイと対戦する. 一方,ポール・ケイシー,ジャスティン・ローズ,ジョン・ラーム,トミー・フリートウッド,イアン・ポウルター,そして他のヨーロッパ人達は, 順位を上り,
"この順番でこのグループを選んだのは チームを確実に守れるから"と 独り言で言う
ドイツの新型戦艦が再び発射
ドイツの最新型艦は冷戦時代の戦艦を 置き換えるため 2014年に完成する予定だったが テクニカル問題と価格の上昇により ドイツ軍は少なくとも 1年待たなければならないと地元メディアは報じている.
軍の広報担当官の言葉を引用して ディー・ザイト紙は"新型バデン・ヴュルテンベルク級の艦船"の 投入は2019年上半期に延期されたと伝えています
2014年に艦隊に加わる予定でしたが 任務の遅れで 計画が困難になりました
2007年に海軍から注文された4隻のバデン・ウエルテンベルク級は 古いブレメン級のフリゲットを 置き換える予定だ.
強力な砲弾, 防空ミサイル,対艦ミサイル, ステルス技術, 低周波レーダー,赤外線,音波信号など
現代のフリゲートのもう一つの重要な特徴は 保守の必要が少ないことです フリゲートは2年間まで母港から離れるように
しかし,この遅延は,先進軍艦が,ドイツを海外の力強国として見せかけると言われているが, 投入されるまでに,すでに時代遅れになる,という意味だ.
失敗したF125号は去年,ドイツ海軍が正式に船の乗用を拒否し,ハンブルグのBlohm & Voss船場に戻したことで,新聞の見出しになった.
艦隊が船を建造者に返還したのは初めてでした
返還の理由はあまり知られていなかったが,ドイツメディアは,この艦船を戦闘状況で使えなくした,決定的な"ソフトウェアとハードウェアの障害"を指摘した.
ソフトウェアの欠陥は特に重要でした バデン・ヴュートンベルク級の船は120人の船員で操縦されるので 古いブレーメン型の船員の半分しか乗組員はいません
艦の重さは 艦の性能を低下させ 艦隊の将来的な更新を制限していた.
およそ7千トンの重さで ラインランド・パルツは ドイツ軍が第二次世界大戦で使った 類似の船の2倍に重量があるとされています
機械の故障だけでなく チームの訓練も 費用の問題です
売り上げは31億ユーロ (約36億円) に 達したと伝えられ, 初期価格は22億ユーロだった.
最新の戦艦の問題は,ドイツ軍の力縮小の最近の警告によって,さらに重要になってきている.
防衛委員会長であるハンス・ペーター・バルテルは 今年初めにドイツ海軍には "入役船が なくなっている"と認めた.
役人はこう言いました "この問題は 時代とともに 大きくなりつつあるのです 古い船は 置き換えられずに 廃運されているからです"
彼は,バデン・ヴュルテンベルク級の 艦隊のいずれも,海軍に入るために 準備ができていないと嘆いた.
秘密のバトモウの生活について
スコットランドの高地での新しい研究は 捕食用のコウモリが 土地の特性をどう利用するか 明らかにしようとしています
発見したものは 独特な飛行する哺乳類の行動に 光を当てて 将来的な保全活動を 支援する事が期待されています
この研究はスコットランド国立信託の科学者によって行われ, ウェスター・ロスにあるインヴェレブガーデンズにある 普通のコウモリ,小型のコウモリ,長耳コウモリ,水面コウモリを観察しています.
特定の記録装置が 綿密に選定された場所に置かれ 季節間のバトの活動を記録します
NTSのスタッフやボランティアから 手持ちの検出器で データを収集しています
音声の詳細な分析により 鳴き声の周波数や 行動の種類が明らかになります
詳細な行動の地図を作成するために 報告と生息地の地図を作成します
NTSの自然保護顧問のロブ・デワールは この研究結果から 棲息地がどの領域で 最も重要で どの種がどの領域を 最も重要としているかを 明らかになると期待しています
この知識は,巣の設置などの生息地保全の利点を明らかにし, 野生のウミガメやその類の動物にとって, 森林の保護の最良の方法を明らかにします.
イングランドやスコットランドでは 100年間で 猛烈に減少しています
建築物や都市開発によって 漁業が脅かされ 漁業が影響され 漁業が 漁業を阻害する
電気や照明も危険ですし 蚊帳や建築材料の化学処理や 飼い主の襲いも同様です
落とし子には見えない
しかし夜間狩猟をするので 耳は目よりも 役に立つのです
昆虫を見つけ出し 障害を乗り越えられる 超高度なエコーロケーション技術を使います
270以上の歴史的建造物と 38の重要な庭園 そして全国7万6千ヘクタールの土地の 保存を担当している NTSは バットに真剣です
訓練を受けた専門家が10人いて データを収集し 漁場を調査し 時に救出作戦を遂行します
ダンフライズとガロウェイのThreaveは スコットランドに初めて 唯一のバットリゾートとして 設けられました この地域はスコットランドに生息するバット種の10分の8に 匹敵します
地域担当のデヴィッド・トンプソンは この地域が彼らの理想的な地域だと
"Threaveの近くには 素晴らしいバトモチの棲み地がある"と彼は言いました
"古い建物や 古い木々もたくさんあります 素晴らしい環境もたくさんあります
蝶の知識は限られているので この研究や他の研究で 蝶が生きていくための 必要な要素を 理解できるでしょう"
巣を"つ破壊すると 400匹のメスと子が生息するほど 絶滅する危険があるため 敷地のメンテナンス作業を行う前に 蝙蝠をチェックする 必要があると強調しています
捕食者は 捕食者であり 捕食者は 捕食者であり 捕食者は 捕食者であり 捕食者は 捕食者であり 捕食者は 捕食者であり 捕食者は 捕食者は 捕食者であり
支援するよう呼びかけました 支援するよう呼びかけました
"バットミスの進化について まだ学ぶべきことがたくさんあるし 種の多くは 集団の進化の仕方を 知らない"
レイプの容疑を断り 弁護士がドイツの雑誌を訴える
クリスティアーノ・ロナウドは レイプの告発を"フェイクニュース"と称し 自身の名前を挙げることで "自らを宣伝する"と批判している.
弁護士は,ドイツ新聞の"Der Spiegel"を訴える準備を進めている.
ユヴェントスのポルトガルの 攻撃者は 2009年にラスベガスのホテルで アメリカ人女性 キャスリン・マヨルガを レイプしたとして 起訴されています
隠しのために37万5千ドルを支払ったと報道されたと Der Spiegelは金曜日に書いた.
事件が広まった数時間後, 33歳のロナウドは142万人のInstagramのフォロワーとライブで話し, "偽ニュース"だと非難した.
"いいえ,いいえ,いいえ,いいえ,いいえ,いいえ. やってみよう"
"今日に言われていることは 偽ニュースだ"と5回目の バルン・ド・オーール賞受賞者はカメラに語った.
"彼らは私の名を名乗って 宣伝しようとしています
普通のことです
名前は有名になるけど 仕事の一部だ
私は幸せな男です,そしてすべてが良いです"と選手は笑って付け加えた.
ロナウドの弁護士は 報道機関によると "プライバシーを疑った内容の 許されない公開"を理由に Der Spiegelを訴える準備を進めている.
弁護士のクリスチャン・シュルツは 選手が"近年における最も深刻な個人権侵害の"つである 非難に匹敵するレベルの 道徳的腐敗"を賠償として請求したいと訴えた.
2009年6月 ラスベガスの パームズホテル・アンド・カジノの 部屋で起きたと伝えられています
クラブで出会った後に, 選手の部屋に戻った. 犯人は彼を性交でレイプした.
マヨルガは,ロナウドが,事件の後に, 膝を下ろし,
裁判官の証言によると ロナウドは 両親がセックスしたと認めたが 合意があったと
マヨルガは警察に訴え,病院で傷の写真撮影をさせましたが,その後,裁判外で合意した.それは"報復を恐れて" "公的に恥をかいた"という心配があったからです.
34歳の女性は 事件の被害に 深く悩まされているため 契約をキャンセルすると発表しました
事件が起きたとされたとき,ロナウドはマンチェスター・ユナイテッドからレアル・マドリードへの移籍に直面しており,この夏,イタリアのユベントスに1億ユーロで移籍した.
自動車メーカーを失うことを英国が"永遠に後悔する"
英国経済大臣 グレッグ・クラークは,英国が"世界一の自動車メーカー"として 離脱を決めたら "永遠に後悔するだろう"と 述べた.
彼は,もし英国が合意なしにEUを離脱すれば,ダービー近郊のバーナストンにある工場で生産を一時的に減らせると,トヨタUKがBBCに伝えたことが"憂慮すべき"だと付け加えた.
"合意が必要"とクラークは言った
国境で待機を延長すると 雇用を犠牲にする可能性があると 自動車メーカーは言った
トヨタ・オーリスとアベンシスを生産するバーナストン工場では昨年15万台の自動車を生産し その90%をEUの他の地域へ輸出した.
"私の考えでは,もしイギリスが3月末にEUから離脱すれば,工場の生産は停止するだろう"とバーナストン社のCEOマーヴィン・クックは言う.
自動車の生産は,自動車の生産者によって, 生産者の生産によって, 生産者の生産によって,
例えばBMWは,英国離脱の"ヶ月後に,オックスフォードのミニ工場を閉鎖すると発表しました.
自動車メーカーの主な懸念は 合意なしの脱退の サプライチェーンへのリスクです
トヨタは生産を厳格にスケジュールしており 37分ごとに部品が英国や欧州の 供給者から到着しています
もし英国が合意なしで 3月29日にEUを離脱すると 自動車業界が指摘する通り 国境のトラブルが起こり 遅れや部品不足に繋がるでしょう
トヨタはダービーシャー工場で"日以上の生産物を保管することが不可能で,生産は停止するとトヨタは述べた.
クラークは,EUとの将来の交渉のTheresa Mayのチェクワーズ計画が"国境の監視を避けようとした"と語っています.
"我々は合意が必要である.我々は,我々ができる最高の合意が必要である.それは,我々が,今,していることの成功を享受するだけでなく,この機会に 応えるようにすることだ"と彼はBBCラジオ4の"今日"番組に語った.
"トヨタや他社の発言は 成功したサプライチェーンの 継続を促す必要があることを示しています"
生産がいつまで停止されるかは 明らかにできませんが 長期的には 価格上昇が 工場の競争力を低下させ 最終的には 雇用を犠牲にします
ブルナストンで24年間働いてきた Peter Tsouvallarisは工場の共同責任者であり,彼のメンバーはますます心配していると言います "私の経験からすると,これらの仕事が消えると,二度と来ないだろう"
"我々は,EUとの将来の関係について, 明確な信頼性のある計画を提案した"と政府広報担当者は述べた.
トランプのロゼンスタインとの会合が また遅れる恐れがあるとホワイトハウスは言う
トランプの司法長官 ロッド・ロゼンスタインとの重要会合は 最高裁の候補者ブレット・カバナウフの件が 争点となっているため "さらに"週間延期される"可能性があると ホワイトハウスは日曜日に発表しました
ロゼンスタインは,特別検察官のロバート・ミュラーが 選挙にロシアが介入した, トランプの関係者とのロシアとの関係, 裁判の妨害の可能性について調査しているところを 振り返っています.
トランプ氏が司法長官の代理を 解任して,ミュラー氏の独立性を 脅かすかどうかは, ワシントンで数ヶ月間,話題になっています.
ニュー・ヨーク・タイムズは 今月初めに ローゼンシュタインが トランプとの会話を録音する為に 盗聴器を身に着けることを検討していたと報じました 25条で大統領を 解任させる可能性も考慮されていたと
ローゼンシュタインは ニュースを否定した
でも 先週月曜日に ホワイトハウスに 行った時 辞任を予定していると噂が流れた
その代わりに木曜日に トランプとの会談を予定し 当時の国連本部で会談をしていました
トランプはロゼンスタインを 解雇する事を"好まない"と発言しましたが 会議は延期されました 法律上の問題に関する上院の審問に コーナブーとロゼンスタインを 性的暴行で告発した クリスティン・ブラシー・フォードが 証言する日を避けるためです
金曜日,トランプは カバナフに対する 連邦捜査官の捜査を 1週間 命じました 参議院の選挙を遅らせました
トランプの広報担当者 サラ・サンダースが Fox Newsで
ローゼンスタインとの会談を依頼された時 彼女はこう言いました "日程は決まっていないよ 今週かもしれません 最高裁で起こっていることから 延期してもいいかも
報道陣の情報を常に取り上げたい"
ジャーナリストの中には9月10日以来 記者会見をしなかったという主張もありました
司会者のクリス・ウォレスが "なぜ?"と尋ねました
記者会見の欠落はテレビの記者達がギャラリーで 遊んでいるからではないと サンダースは述べましたが "カメラに 遊んでいるのは 反対ではない"と付け加えました
報道関係者との直接接触が 増えると言いました
"大統領は前任の大統領よりも 報道からの質問を多く受けている"と 発言した彼女は 筋を引くことなく "我々は数字を見てきた"と付け加えた
記者会見は継続すると言っていましたが "報道陣がアメリカ大統領に直接質問する機会を与えることは 私に話すよりもずっと良いことです
ここ数週間で 公開しているのをご覧いただきました 報道陣と会談する代わりに 公開します アメリカ大統領との会談です"
トランプはホワイトハウスを出てから 公開聴聞会や 記者会見に出席するなど 頻繁に質問を受けています
トランプが単独で記者会見するのは 珍しいことです
ニューヨークで今週,大統領は, 偶然にも, 偶然にも, 謎めいた姿で, 記者会見に登場した.
保健大臣がEU職員とスコットランド保健医療関係者との対話で,Brexitの懸念を明らかに
スコットランドの保健大臣は スコットランドの保健医療機関で働く ヨーロッパの職員に手紙を書いて 国の感謝を述べ 離脱後の彼らの滞在を願っています
スコットランド議会の 議員であるジェーン・フリーマンは EU離脱6ヶ月も経たないうちに 宛てた手紙です
スコットランド政府は既に 派遣公職で働くEU市民の 永住権申請の費用を 負担する義務を 承諾しています
フレマン氏は書簡で"夏の間,EUと英国の離脱交渉は続いていて,秋には決定が期待されるようです.
しかし英国政府は 合意なしの脱退の可能性を 準備を進めている
皆さんのために 危険な時期になるのは分かっています
国民性に関係なく 従業員の皆さんの 努力を どれほど評価しているか 改めて申し上げたいのです
地域内外の同僚は 患者や地域社会を益する 医療の強化と改善に 価値ある経験と能力を 提供してくれます
間違いなく スコットランドはあなたの故郷です そして,私たちは,あなたがここに残ることを望みます
クリスティアン・アバークロンビーは 頭部損傷で緊急手術を受ける
テネシー州タイガーズのラインバック,クリスティオン・アバークロンビーは, 負傷した頭部を急救手術を受けた. ランナーが,
ティネシー州立大学の コーチ ロッド・リードは 記者団に "この事件は休憩時間前に起きた"と
"彼は横に倒れ 横に倒れ"
コーチと医療スタッフは 脇でアバークロンビーを酸素を与え にかけ 更に検査を始めました
テキサス州テネシー州の広報担当者は ナッシュビルにある WSMVのクリス・ハリスに ヴァンダービルト病院でのアバークロンビーの手術が完了したと伝えました
ハリスは"まだ 被害の種類や規模に関する詳細は不明"と付け加えた
アバークロンビーは今2年生で 転校後 初めてのテネシー州立大学を卒業した
試合を退場する前に 5つのタックルを獲得した 今シーズンで18のタックルを獲得した
外国人の購入者はイギリスで家を買う時より高いステンプル税を課せられる
外国人の買い手はイギリスで不動産を購入する際に 高い固定税を課せられる.保守党は,その余分なお金が 住居のない人のために使われる,と主張している.
この動きは,若年層の投票者への コルビンの成功を 阻害する.
税金を上げると イギリスの税金を払わない人に 負担がかかるでしょう
財務省は1億2000万ポンドを 年間1億2000万ポンドで 提供すると予想しています
脱退する国からの 外国からの 住宅の購入に 高い税率を課すという提案を 提案したそうです
引き上げは 住居価格の低減と 収入の高い人材を 狙い撃ちする若者向け投票の 成功を否定する試みだと 捉えられるでしょう
税金増税は 税金を払わない英国人の個人や企業に 影響を及ぼし 収入は 政府の取り組みに 費やされ 国民全員が 寝る場所を確保する
追加料は現在の税抜きと 2年前に導入された 高い税率で 複数戸建ての購入や 賃貸の購入で 3パーセントまで引き上げられます
財務省は,年間1億2000万ポンドを 集める可能性があると予想しています.
ロンドンでの新築住宅の13%は 海外から購入されていると推定されていますが 価格が上がり,初心者にとって 住宅市場への入り口が 難しくなっています
首都圏の多くの富裕地区は 外国からの買い手が多くいるため 亡霊の街に変わっています
首相のボリス・ジョンソンは 住宅ローズを減額して 若者が初めて家を買うのを 容易にするために 提案したばかりです
建設業者が使用しない土地を買い上げることで不動産価格を上昇させると非難し,安価住宅の配当を撤廃して,英国の"住宅問題"を解決するようメアリーに求めた.
カービンは 住宅改革の目立つ提案を 行っている. 賃貸価格の規制や 賃貸契約に違反した人を 退却させる権利の撤廃など.
公共住宅の建設も強化する.
"私は去年言った 首相職をかけて 国の夢をやり直したいと "世代ごとに人生を良くしたい"
住居の市場を修復するということです
イギリスはいつでもここに住み,働い,生活を築きたい人々に開いているでしょう.
しかし 外国企業や 海外に住む人々が 働くイギリス人と同じく 簡単に 住まいを購入できるなんて 信じられません
家庭の夢はあまりにも遠く離れていて 路上で寝るという不名誉はあまりにも広まっている"
ジャック・ロス"スコットランド代表のコーチになるのが私の究極の目標"
サンドラーランドの監督 ジャック・ロスが言うには 彼の"究極の目標"は スコットランドの監督になることです
42歳のスコットランド人は,リーグワンで3位,トップから3ポイント下落している北東部のクラブを復活させる挑戦を楽しみます.
彼は今夏,スタジアム・オブ・ライトに 移籍した.
"私は自分の国のために プレーしたかったんだ"
"Bチームと試合をしたが,それだけだった"とロス氏はBBC Scotlandのスポーツサウンドに語った.
"しかし,私は子供の頃 父と一緒にハンプドンのスコットランドを見て育った. それはいつも私の心に残っていた.
クラブのコーチングで成功すれば チャンスが訪れることでしょう"
サンドラーランドの Ross の前任監督はディック・アドボカート,デイビッド・モエス,サム・アルラダイス,マーティン・オニール,ロイ・キーン,ガス・ポエット,パウロ・ディ・カニオ.
クラブの監督は"アスレティック"の元監督は "バーンズリー"や"イプスウィッチ・タウン"の 選手に"従う"という 疑いがないと証言した
"今から私は 成功を測るのが このクラブをプレミアリーグに戻すかどうかだ"
クラブの構造や施設からすると 間違いなくプレミアリーグに属している"
"簡単なことではないけど クラブを戻せるなら 成功を収めるわ"
ロスは3年目のコーチであり ダンバートンの助手として15ヶ月間 失敗したハートのコーチとして 仕事を続けています
その後,彼はアロアを第三位から引き下げて,スタ・ミレンを下位から次のシーズンタイトル獲得者に変えた.
そしてロスによると 彼は今より快適に 感じていると 彼は彼のキャリアの中でやったことよりも クライド,ハートルプール,ファルキーク,セントミレンとハミルトンアカデミックでプレーした.
"それは本当に分岐点だった"と彼はアロアでのことを思い出す.
"コーチングは私にとって 選手よりも 重要なことだと 信じていました
奇妙な事だと思うでしょうね 私は上手くやっていて 儲けも良くて 経験も良かったからです
でも 演奏は難しい
週に一度の 週に一度の 週に一度の
ストレスが溜まっているけど 気持ちは良くなる
運動は好きで 今や しているんです 大人になってから 自分に自信が持たれてないんです"
インタビューの内容を スポーツサウンドで聞け 9月30日 日曜日 ラジオ・スコットランド 午後12時~13時
ワインが飲めるのは土曜の午後5時半
暑期はイギリスで 収入が上がったものの レストランチェーンには プレッシャーが 強い
売上が2.7%増で,レストランの売上が4.8%減っている.
統計をまとめたCGAのビジネスコンサルタントであるPeter Martinはこう述べました "太陽の継続と,イギリスの予期せぬ長さのワールドカップは,パブが2.8%の売り上げで,レストランが今より強く打たれたという以外は,パブが2.8%の売り上げで6月のパターンをたどるという.
レストランの売上高は6月に1.8%減 7月にさらに悪化した.
酒類を中心に働くパブやバーは 明らかに好調で レストランの減少に匹敵する成長を遂げました
食べ物に重点を置くパブは 陽の光に照らされましたが レストランほどではありません
飲み物だけ欲しいみたい
飲食店とバーチェーンの間で 飲料の販売は月間6.6%増加し 食料は3.3%減少した"
サービス業を分析するポール・ニューマンは "結果は4月末以来の流れを 延ばしている"と
遠隔地での販売では 気候や大きな社会イベントやスポーツイベントが 重要な要因となります
驚くことにレストランの業者は まだ苦戦しているのに 4.8%の年次減が コスト上昇に伴って 深刻な影響を与える
長い暑い夏は 食品業界にとって 最悪のタイミングで 訪れたはずで 8月の温度の上昇が 必要な休息を 与えるかどうかは 時間が決めることになるでしょう"
酒場とレストランの総売上高は 新規営業を含め,7%増加した 7月,新規事業者の減少を示しています
イギリスのパブやバーやレストランの 売上を計測するCoffer Peach Trackerは 47のグループからデータを収集し分析しています 年間売上は90億ポンド以上で 業界をリードしています
5人に"人の子どもは 秘密のソーシャルメディアのアカウントを持ち 両親から隠しています
11歳未満の子供の5人に"人が ソーシャルメディアの秘密アカウントを持ち 両親や教師から隠していることが 調査結果から明らかになりました
偽のインスタページが 増加していることが判明した
ニュースで セクシュアルが投稿される恐れが 増えています
20%の生徒が "親"に見せられる "本金"を持っていると答えました
5人に1人の11歳未満の子どもが ソーシャルメディアのアカウントを作成し  بالغから隠しています
4年生から2万人を対象に調査した結果 偽のインスタアカウントが急増していることが判明しました
ニュースで セクハラが 投稿される恐れが 増えてきた
学生の20%は 親に見せられる"主アカウント"と プライベートアカウントも持っていると答えました
13歳の娘の秘密アカウントを 盗みつけた母親は 十代の若者が"俺をレイプしろ"と 誘っているのを見て
デジタルアワーネス・イギリスと私立学校の校長会議 (HMC) が実施した調査によると 11歳から18歳の生徒の40%が 2つのプロファイルを持ち 半分は個人アカウントを持っていると認めています
HMCの責任者 マイク・ブキャナン氏は "多くの若者が オンラインでプロフィールを作成し 両親や教師が見つけられないのは 恐ろしいことです
スコットランド陸上競技協会の 理事役として スコットランド陸上競技協会の "アスリートたちの声"を 務めると発表しました
スコットランド陸上競技協会の理事に イルイド・ドイルが選ばれました
ドイルはスコットランドの最優秀選手で,会長イアン・ベティーは,彼女の10年間の国際的な経験をスポーツの意思決定者に活用するための良い機会だと述べました.
"エイリッドはスコットランドやイギリスや世界の 競技界で高い評価を得ているし スコットランドでは彼女の役員として 役員として活躍する事が 確実だと確信している"とビートティは言う.
ドイールは"スポーツの声として活動し スコットランドでスポーツの方向性を 変えられるよう努めます"
アトランタオリンピックの200メートルと400メートルで 4つのオリンピックの金メダルのうち2つのメダルを獲得したアメリカ人で,現在BBCの常時コメント担当者でもあるこの男性は, 暫定性性イッセンチアトキスで 歩くことができなかった.
ツイッターで"1ヶ月前 発作を起こしました
歩けなかった
医者は"時間が経てば 回復できるだろう"と言いました
苦労したけど 完全に回復し 歩行も学んで 今日もアジャイリティをやってる
励ましのメッセージありがとうございました!"
母乳を牛と比べる 乳パムの広告がネットで 反応が異なっています
乳房注射器の会社で オンラインで 意見の共有を図る広告は 哺乳中の母親と 牛乳を注ぐ母牛を比較しています
"世界初の無音乳房"の発売記念に テクノロジー系消費者誌は 刺的なミュージックビデオに 触発された広告を掲載し 新たに誕生した乳房が 母親に与える自由を 表現した.
4人の母親が 芝生で満たされた の中で踊りながら 歌を歌います "私は自分を 搾るけど 尾は見えない"とか "もし気づかなかったら これは芝生じゃない 乳首だ"とか
"吐き出し 吐き出し 赤ちゃんに 飲ませる 吐き出し 吐き出し 乳房を磨く"
しかしFacebookの広告は ネット上で論争を巻き起こしています
ビデオは77000回再生され,何百ものコメントが寄せられ, 視聴者の反応は様々です.
"この商品を宣伝するために 牛を使うのは 悪いことです
赤ちゃんは産まれてすぐに 盗まれるという限りは 妊娠して産む必要があるのです"
エルヴィーのポンプは 乳房に収まる
別の女性は"母親と子供にとって 明らかにトラウマ的だった
でも なぜそれを 乳房パムの宣伝に使わないのか?
"無情な広告だ"と 別の声は上がりました
広告を擁護した人もいましたが,ある女性は"すごい 面白い"と歌ったそうです
素晴らしいアイデアだ"
乳房で育っていたら 赤ちゃんができたのに
牛乳を飲んだと 牛のように感じました
広告はちょっと変だけど 素直に受けた
素晴らしい製品だ"と
"これは, (職場やトイレで) 牛乳を汲み上げている母親たちに対しての, 面白い広告だ.
牛乳産業を賞賛したり 批判したりする広告ではありません"
ビデオの終わりには 女性が ブラのポンプを 慎重に装着して 踊っていたことを明かします
広告のコンセプトは 哺乳類を飲んでいる多くの女性が "牛のように感じてる" と言うことに基づいています
エルヴィーのポンプは 音もなく 管も蛇口もなく 乳房に隠れて置かれています 女性は自由に移動し 赤ちゃんを抱えながら ポンプをかけるのです
"エルヴィーポンプは革命的な製品で 勇気ある挑発的な発表に 値する"
乳母と乳牛の間の並べ替えは 乳パムプの難題を強調し 楽しいやり方で 乳パムプが与える 自由を表現したかった"
エルヴィーのポンプが ニュースになったのは初めてじゃない
ロンドン・ファッションウィークで ある母親は 製品を使っている間 マルタ・ジャクブスキーに 2つのスケートウォークを 行いました
何百人もの移民の子供たちが 密かにテキサス国境の キャンプに連れて行かれました
移民の子供達を拘束する 割合は急増しています 国境を越える人の数は 変わっていないにもかかわらずです これは 発言力やトランプ政権の 規制強化によって 保護者の子どもたちを 収容する手配が難しくなっています
伝統的に 支援者の多くは 移民の身分証明書を持っていませんが 支援者の多くは 子どもの身分証明書を持っていないため 支援者の身分証明書を持っていないため 支援者の多くは 子どもの身分証明書を持っていないため 支援者の多くは 子どもの身分証明書を持っていないため
送還の危険性は6月に増えた 当局が 潜在的なスポンサーや 家庭の成人の親族に指紋を 提供し 移民局にデータを共有すると発表したことで
先週,移民税関庁の 高い地位の職員である マシュー・アルバンスが 議会で証言し, 無親の子供に親権を求める 複数の逮捕を報告しました.
逮捕者の70%が 犯罪歴がないことを 後に当局が確認した
"スポンサーやスポンサーの家族のうち 約80%が不法入国者で その多くは 外国人犯罪者だ
追跡を続ける"とアルベンツは言いました
児童の事件を 早く処理するために 当局は 拘留から1ヶ月以内に 裁判に出席するよう 規則を新たに導入しました 援助スタッフによると 以前は60日以内でした
移民裁判官に 合法的な滞在の理由を話す代わりに ビデオ通話で 裁判を始める人が多いのです
滞在許可がないと判断された者は 速やかに退去されます
拘留期間が長くなるほど 子どもの不安や鬱病が 増加し 暴力や脱出を 招く可能性が高くなるという 援助活動家や システムからの報告が ここ数ヶ月で明らかになった
容器の改善を主張する人は, 大きさのせいで子供の苦しみを 把握するのが難しいという トルニョのような 施設では, リスクがより大きいと言います.
精神的な準備や 友人との別れを告げることなく キャンプ場へと移動することは 沢山の人がすでに苦しんでいるトラウマを 積み重ねる可能性があると彼らは付け加えた.
シリアは,アメリカ,フランス,トルコの"占領軍"に即座に撤退するよう指示
シリアの外務大臣である ワリド・アル・ムワレムは 国連総会で演説し シリア難民に帰還を呼びかけました シリアの戦争は18年目を迎えていますが
副首相でもあるムアレムは, テロとの戦いの口実を口にして,外国軍の駐留は違法であり, "それと同様の手段で対応する"と述べた.
"直ちに,無条件に撤退せよ"と 彼は集会に言いました
シリアでは2011年以来36万人を超える人が死亡し,何百万もの人が家から避難した.
シリアの領土を テロリスト集団と不法外国人の存在から 完全に排除するまで 戦う"と述べた.
シリアにはアメリカ軍約2000人の兵士がいて シリアのバシャール・アサド大統領に敵対する カード人,シリア・アラブ人軍に 助言と訓練を施しています
フランスは戦争で苦しんだ国で 軍人"000人以上を駐留しています
難民の領域では,難民が帰還できるほど良い状況だと述べ, "一部の欧米諸国が"難民を遠ざける"根拠のない恐怖を"広めている"と非難した.
"我々は国際社会と人道支援団体に 難民の帰還を促すよう呼びかけている"
"彼らは人道的な問題として 政策化している"
アメリカとEUは アサドと反政府勢力との間で 戦争の終結を意味する政治的合意が達成されるまで 支援は提供されないと警告しています
国連の外交官は,ロシアとシリアが,最後の反政府勢力支配の都市であるイドリブで,緩衝地帯を設けるという合意が, 政治的交渉を継続させる可能性を生み出したと,述べています.
ロシアとトルコの間で 合意されたことで 3百万人の住民が住むこの州に ロシアが支援するシリア軍の 攻撃は避けられました
しかし,ムアレムは,合意には"明確な期限"があると強調し,軍事行動が"アルカイダの支部であるヌスラフロントのジハード主義者"を狙い",消し去られる"ことを希望した.
シリアの戦後憲法の作成と選挙の準備をするために,国連特使のスタッファン・デ・ミストゥーラは,新しい委員会の最初の会合を,まもなく招集することを期待している.
ムアラムは,シリア政府の委員会への参加を条件とし, 委員会の仕事は"現在の憲法の法律を検証すること"に限定され, 干渉を警告した.
選挙でトランプが大統領に選ばれた理由
この論理では 2020年にトランプが再選される可能性が高いでしょう 裁判やスキャンダルで 政権を早めに終わらせない限り 選挙後のリベラル派は 期待しているように
"史上最も劇的な大統領期末"
目覚ましが気になる兆候はない
2014年以来 放送最盛期の視聴率は CNNでは ほぼ2倍に 上がって105万人に達し MSNBCでは ほぼ3倍に 上がって160万人に達しました
フォーカスニュースは4年前の1.7百万視聴者に対して,平均的な2400万視聴者であった. ニーセンによると,MSNBCのレイチェル・マドウ・ショーが,大ニュース番組の夜に最大350万視聴者を記録している.
"これは我々が理解していないものだから 惹かれるものなんだ"と ABCのドラマ『デザインされた生存者』の 監督であるニール・バアは言いました.
経験豊富な喜劇作家で 『Just the Funny Parts: And a Few Hard Truths About Sneaking Into the Hollywood Boys' Club』の著者である ネル・スコヴェル (Nel Scovell) は 別の説を持っています
彼女は2016年の選挙前に ボストンでタクシーに乗ったのを覚えています
運転手さんは彼女に言った 彼はトランプに投票するつもりだ
"なぜ?"と彼女は尋ねた.
"彼は『笑わせてくれるから』って 言ったんだ"と スコヴェルは言う.
混沌は娯楽の価値がある
しかし他のテレビ番組とは違って ワシントンD.C.からの報道は ローとウェードの裁判や 難民の家族再会や 世界経済の健康を 決定する可能性があります
チャンネル変更は 特別な人だけができる
しかし,市民の啓蒙以上のことは, 6時間のパネル討論のなかで,ボブ・ウッドワードが"恐怖"という本を書いたときの"深い背景"の使い方,ポール・マナフォの"万5000ドルのオオコツのジャケット ("で覆われた"とワシントンポストは書いている) や,ストロミー・ダニエルズのトランプの解剖学的描写の活気ある意味合いについて,専門家たちが議論している.
スーパーマリオのゲームは 見たことのないもの
"テレビ番組のように感じられるのは 彼が毎晩あなたに何かを与えてくれるから"と Wheelhouse Entertainmentの最高経営責任者で"パウンスターズ"の製作者である ブレント・モンゴメリーは言いました
でも,もし一章を逃したら, 解雇される
フレイスを呼んだ時,北コーアの彼の家の外は26度でしたが,彼は部屋で,CNNの番組を 視聴していました.
強制的に脱却はできなかった ブラット・カヴァナウは 審理を要する 参議院の審理委員会で 審理され 裁判所の将来が決定される
"昔は,このバカなショーが やってるのを覚えているわ. "西洋文明の終わりの始まりだ"と みんな言うんです"と フリスは私に言った.
"冗談かと思ったけど, 本当だった"
エイミー・チョジック タイムズ紙の ビジネス・政治・メディアの 編集者で 紀元作『チャージング・ヒラリー』の 著者
大金が下院選挙に 流れる
ペンシルバニア州17区は 議会の2つの選挙区を 合わせた結果 議員2人が 同じ席で選挙戦を していることに 驚くべきではありません
この新築のピッツバーグ郊外地区は 民主党のコンナー・ラム議員に 問題を抱えさせています この州は昨年春 特別選挙で選出されたのです
ランブは共和党員 キース・ロスフスと 競り合います 彼は現在 ペンシルベニア州12区を 代表しています
ペンシルバニア州最高裁判所が 1月に 旧市区が 共和党に有利な 選挙区を 違法に設定した判決を下した後 改造された地図です
民主党の選挙区委員会と共和党の選挙区委員会が 資金争いを始めた.
ペンシルベニア州では ラムは3月の選挙で わずかな勝利を収め 選挙区選出で 選出されました
選挙区は10年以上に渡って 共和党の手にありましたが ドナルド・トランプ大統領は 20ポイントで 選挙区を制しました
民主党は政治評論家の発言を 軽く受け止められる
アメリカは中国への援助を エルサルバドルに課す事を検討したが
外交官は ドミニカ共和国が既に北京を承認し ワシントンの抗議はほとんどなかったと指摘した
トランプは2017年6月にパナマのフアン・カルロス・ヴァレラ大統領と親密な会談を行い, パナマでホテルを営んでいた.
台湾の承認を断つという最近の決定に伴って,米国務省の幹部らは,エル・サルバドール,ドミニカ共和国,パナマから米国高官を呼び戻すことにした,と国務省の広報担当ヘザー・ナウエルトは,月初旬の声明で述べた.
しかし,罰を受けたのはエルサルバドルだけでした. 2017年に,麻薬規制,開発,経済支援などで,アメリカから約1億4千万ドルを 受けたのです.
提案された罰則には 援助の削減や入国許可の制限が含まれます 失業率と殺人率が高い中央アメリカの国では 痛ましい結果がでるでしょう
内閣会議が進んだ後 北米と中米の当局者は 安全保障と経済発展に関する首脳会議を延期しました それは昨年開催されたもので 移民が米国に来るのを阻止する 措置として見なされたものです
しかし 9月中旬に 幹部が 会議を継続することを 明らかにし エルサルバドルへの制裁を 検討することは中止になった
副大統領マイク・ペンスは 10月中旬に予定されている会議で演説をします アメリカが会議に重点を置いていることを示すためだと 外交官は述べています
そしてアメリカから3人の特使が 秘密裏にエルサルバドル パナマ ドミニカ共和国へ戻ったのです ワシントンの厳しい要求や 罰則を無視してです
ボルトンのホワイト・ハウス担当は 3人のアメリカ政府関係者が 詳細に説明する事を拒否した 2人の外交官も含まれていたが
彼らの説明は 局の近しい 分析家の 証言によって確認されました 匿名で話すことも条件です
物語を知ってください
次の障害は 特別検察官のロバート・ミュラーが 捜査にトランプが 妨害した可能性に関する報告書です その証拠は 広く公開されています
ムーラーはトランプ政権が 選挙攻撃でロシアと 秘密裏に協力したかどうか 調べているとも言われています
議会が新たな手に渡る場合 トランプは 選挙の準備中に 再び責任を負うことになるでしょう そして 後に 選挙人にも 陪審員にも 直面することでしょう
可能性はたくさんあり 絶対にトランプが 倒れるだろうと 言うつもりはありません ヨーロッパの彼の敵も同様です
大西洋の両岸で 決断を下す必要があります この闘争の長さに影響を及ぼすのです
1938年,ドイツ軍将校たちは,もし欧米がミュンヘンでチェコスロバキーを支持して,ヒトラーに抵抗できたならば,国家クーデターに突入する準備ができていた.
失敗して 血の流しから 逃れる機会を 逃した
歴史の軸は このような転換点の周りに回り 民主主義の不可逆的な進捗が 増減する.
アメリカはこうした転換点に 直面しています
もしトランプが,ムラー捜査の 未来を決める人物を 解雇したらどうする? 司法長官のロズンスタイン?
ローゼンシュタインは 選挙の熱い話題です 報道によると 去年 秘密裏に大統領を撮影し 選挙の適性を疑ったと
ローゼンシュタインは タイムズ紙の説明が 誤っていると
"FBIが最近要求した  Brett Kavanaughの捜査が 停止され 適切に行われない場合や 性的暴行や偽りの証言の 信頼できる証拠にもかかわらず
そして,より重要なことは, 議会がトランプを責任者に 扱うように, 投票するかどうか?
民主主義は長い冬を 過ごすことになります
でもプラハで学んだことを考えると 解決できると思います
私の母は チェコスロバキアのユダヤ人で かつて私の大使館の母国を 占領したナチス政権によって 強制送還されたのです
彼女は生き残り アメリカに移民し 60年後 私を派遣して テーブルにサブタンの灯を灯しました
楽観主義とは何か?
ノーマン・アイゼン氏は ブルッキングス・インスティチュートで 教授で 市民の責任と倫理を ワシントンで推進する 市民の責任と倫理の会長で "最後の宮殿:
ランジャーズのグラハム・ドーランスは 楽観的だ
ランジャーズは木曜日にSKラピッドウィーンに対戦する. ヴィラレアルとの試合でスペインで打った試合で, 勝利を収めたら, ユーロパリーグのグループGから昇格するチャンスが有る.
膝の怪我により グラハム・ドランスは 2対2の対戦で シーズン初戦を打つことができなかったが ランジャーズは 勝利を 踏み台として使うと 期待している
"ビラレアルは良いチームだから,我々にとって良い点だった"と31歳選手は言った.
"我々は戦場へ出た時 勝利を掴むと思った"
恐らく 引き返せるはずだったけど 結論としては 合理的だった
彼らは前半は最強だったけど 後半は俺たちが最強だった
週4日はヨーロッパで 重要な夜になる
3点を取ろうとしているが, 難しいだろう. 試合の最後は, 素晴らしい結果だったから. でも,観客が後ろにいて,
この1年は大変だった 怪我やクラブの変更が 原因だったけど 今は気分が良い
チームもいいし, 楽しんでるよ
願わば今から シーズン3を過ぎて 成功を収められる"
退職金に不安が女たちを眠りにつかまってしまう
治療を受けたいと 決めていた人達もいましたが 家族と話し合った人は 殆どいなかったのです
長期介護の費用について配偶者との 議論を交わした人は約半数のNationswideの調査に参加した
子どもの"割は 子どもの"割と話すと
"家族に介護される人を 望んでいて,その人とは話を始めようとしない"と ネイショウイドの生命保険会社のホリー・スナイダー副社長が言う.
始め方だとか
配偶者や子供たちに相談してください 望むことを早く伝えなければ 家族があなたを 面倒見る準備ができなくなります
相談相手と家族と相談して 介護の場所や方法について話し合ってください
費用の支払いを決めるのに 助言者にも協力できます
介護費は,従来の介護保険,現金生活保険,自費保険などで 支給できます.
法律上の書類を整理し 訴訟を起こす
医者に相談して 意思の疎通ができない場合 医者や看護師があなたの意思に応えられるよう 権限を委ねてください
金融委託も検討する
信用できる人を選んで 財政的な決定を下し 自分で支払えない場合 請求書を支払うようにします
細かいことを忘れずに 想像してみてください 病んでいる親が 病院へ向かって 緊急の医療処置を 待っています
薬やアレルギーの 回答はできますか?
詳細を書き留めて 準備が整ったように
"経済問題だけではなく 医者は誰だ?"とマーティンは尋ねました
"どんな薬? 薬じゃない"
犬は誰の面倒見てるの?
計画を立てておくれ"
イルフラクンブで空中銃で複数回撃たれた男
市民の街を散歩して帰った男が 銃で撃たれた
被害者は40代で デーボン州 イルフラコンベの オックスフォード・グローブ地区にいました 胸部,中腰,手部に 撃たれました
警官たちは,この2時半に起きた 銃撃事件を"完全に偶然"と説明している.
被害者は犯人を見ていない
負傷は生命を脅かすものではない 警察は目撃者を呼び出します
インドネシアで地震と津波
インドネシアのパルー市で金曜日に起きた地震と津波で,少なくとも384人が死亡しました.当局者は,死者数は増加すると予想しています.
連絡の手段が遮断されたため 救援隊は7.5の震災の中心部に近いパルーの北にあるドンガラ州から 連絡を受けることができませんでした
パルーでは地震後 16,000 人以上が避難しました
シュラウェシ島にあるパルとドンガラに関する事実です
パルーは,スラウェシ中央地方の首都で,スラウェシ島の西海岸の狭い湾の底に位置し,2017年には379,800人の人口が推定されました.
震災と津波の40周年を記念して
ソンガラは,スラウェシ島の北西部の海岸線で 300km以上の海岸線を 引き延ばす統治区です.
リージェンツケブは,行政区として,州に属し, 2017年の推定人口は299,200人.
漁業と農業はスラウエスの中央部の経済,特にドングラ沿岸地域の基礎である.
ナイキルの採掘も 重要な地域ですが 砂利は主にモロワリーで 採掘されています
インドネシア災害管理センターによると パルとドンガラは 過去100年に何度も 津波で襲われました
1938年 津波が 200人を殺し 数百の家屋を破壊しました
1996年,ドンガラは再び津波に襲われ 9人が死亡した.
インドネシアは太平洋の"火"の海域にあり,定期的に地震が起こっています.
最近の地震や津波の 特徴は
2004年:インドネシアのアチェ州北部の西海岸で発生した地震により,12月26日に津波が起きました.
2005年:スマトラ西海岸で3月末から4月初にかけて 連続した地震が起きました
島は,スматра沖のニャ島で,何百人もの死者を出した.
2006年 インドネシアの最も人口密集した島であるジャワの南に 震度6.8の地震が起こり 津波が南海岸を襲い およそ700人が死亡しました
2009年:西スマトラ州の首都パダン市周辺で 7.6の地震が発生
1100人以上が死亡しました
2010年:マグニチュード7.5の地震がスマトラ沖のメンタワイ島に襲い 津波が10メートルまで押し寄せ 数十の村を壊滅し 300人近くが死亡
2016年 アチェのピディ・ジャヤ州に 激しい地震が襲い 住民は2004年の地震と津波の 惨事を思い起こし 破壊とパニックを招いた.
津波は発生しませんでしたが 100人以上の死者が 建物の崩壊により亡くなりました
2018年 インドネシアの観光地であるロンボク島で 激しい地震が発生し 500人以上が死亡しました
地震は数千もの建物を破壊し 数千人の観光客を一時的に 立ち往生させました
サラ・パリンの長男が 家庭内暴力で起訴
レイプで逮捕された アラスカ州知事と 副大統領候補のサラ・ペイリンの 長男です
逮捕は家暴の疑い,家暴の報告を妨害し,逮捕を阻害したとして行われた.
警官の報告によると 彼は女性知人から 取られた電話を 盗んだそうです 彼女は犯罪を報告しようとしていたのです
ポリンは,マット・スーの 仮面裁判施設で, 保証金なしの500ドルの保釈金をかけています.
ネットワークによると 彼は土曜日に裁判にかけられ "まったく罪がない"と宣言した.
パーリン氏は3つのクラスAの罪で 起訴され 懲役"年 罰金25万ドルを科されます
彼はまた クラスBの違反で 罰せられる 罰金もかけられています 一日間の懲役と 2000ドルの罰金です
法律違反で起訴されたのは 初めてではない
2017年12月に 父親のトッド・パリンを 襲撃したとして起訴されました
事件の母親のサラ・パリンは 暴行を警察に報告しました
事件はアラスカの 退役軍人裁判所で 審理中です
2016年1月 家庭内暴力 家庭内暴力の告発妨害 事件の際に 薬物中毒による銃所持の罪で起訴されました
彼氏に殴られたと 非難された
2016年 サーラ・ペリンが 退役軍人の団体から非難されました 息子がイラクで戦った時に 暴力的行為に苦しんだことと PTSDの理由を明らかにしたことで
インドネシアで地震と津波:数百人死亡
金曜日,インドネシアのスラウェシ島で地震が起きた.
震度は7.5で 津波が起こり 何百もの家屋が 破壊されました
電気も通行も無い地域です 死亡者数は数日に増えるでしょう
地震はインドネシアの首都ジャカルタの北東にある中央スラウセイ島から南へ直撃した.
ソーシャルメディアで流れているのは地震の瞬間を映す映像です.
津波が海岸に押し寄せる頃には数百人がパル市で パーティーに集まりました
連邦検察はニューヨークのテロ容疑者に 珍しい死刑を言い渡す
ニューヨーク市で8人の殺害を テロで容疑者として 起訴されたサイフルロ・サイポフは 1953年に死刑を宣告された
30歳のサイポフは10月,ホームデポのレンタカーで, ダウンタウンマンハッタンの西側高速道路の自転車通路を襲撃し, 歩行者や自転車に乗る者たちを殴り倒した.
検察は,サイポフが8人の犠牲者を"故意に"殺し, 致命傷を"故意に"引き起こした証拠を 死刑判決の根拠として提出する. これは,ニューヨーク州南部地区で,
裁判文書によると 死刑は この2つの罪状の 可能性として 挙げられている
事件から数週間後 検察はサイポフを 22点の罪で起訴しました 犯罪組織を起訴する検察官が 普段使うように ギャングの殺人事件の8点 暴力事件の"点 自動車の破壊事件の"点です
検察は"徹底した計画と準備"が必要だと 非難し サイポフの行為を"醜悪で 邪悪で 堕落した"と 非難した.
"サイフルー・ハビブルレヴィッチ・サイポフは 被害者を加害し 遺体を傷つけ 遺族や友人たちに 損害を与えました ディエゴ・エンリケ・アンジェリーニ, ニコラス・クレブス, アン・ローレ・デカット, ダレン・ドレイク,アリエル・エルリッジ, ヘルナン・フェルチュキ, ヘルナン・ディエゴ・メンドーサ, アレハンドロ・ダミアン・パグヌーコ"
犠牲者のうち5人はアルゼンチンからの観光客でした.
十年が過ぎた今 ニューヨークの南区が 死刑判決を訴える被告を 送還したのが最後です
容疑者はハリド・バーンズで 麻薬の業者の2人を殺害した罪で有罪判決を受け 2009年9月に終身刑に服されました
1953年にニューヨーク州で死刑判決が言い渡され, ジュリアス・ロゼンバーグ夫妻が処刑されました. 2年前,冷戦中のソ連によるスパイ行為で有罪とされたのです.
ローゼンベルク夫婦は 1953年6月19日に 電気椅子で処刑されました
裁判の書類によると 襲撃の数日,数ヶ月間 遺憾の意の兆候は表れませんでした
警察によると 彼は捜査官に 自分の行為に満足していると 証言していた
起訴状によると サイポフは テロ犯の動機を 携帯電話で ISISの映像を 見ていたと訴えた
病院の部屋に ISISの旗を掲揚するよう 要求したそうです
彼は22点の告発を否定した
サイポフの弁護士のデイヴィッド・パットン氏は 検察の決定に"当然失望した"と発言した.
"死刑を宣告し,有罪判決を断り, 釈放の余地のない終身刑を宣告する決定は, 巻き込まれた全ての人のトラウマを 延ばすだけだと考えます"
裁判官の弁護団は 検察官に死刑を 求めないよう要請した.
保守党の大臣は,NIGEL FARAGEがBrexit交渉を 引き継ぐべきだと考えている.
ナイジェル・ファラージは 国民軍を動員する と約束しました
首相の1人の大臣が"ファーゲがEUとの交渉を担当すべきだ"と発言した.
保守党の議員ピーター・ボーン氏は,バーミンガムでのデモで, もしフランジがブレグジットの交渉者だったら,イギリスは"今,脱退"していただろうと述べた.
メイが党内を統合する挑戦は 保守党が 離脱反対のデモに参加し続けていることによって 強調されています
首相は,ブレグジットの支持者や 離脱党,EUの攻撃を前にして, 妥協案を立て続けに闘っています.
支持者は,彼女が,逆転にもかかわらず,ブリュッセルとの合意を試み続けると主張し, ユーロскептиクスと労働党は,彼女の"カオス"か"パック"のどちらかを選ぶように強制する.
ソリフールの"Leave Means Leave"デモで ボーンはチェッカーズ計画に 反対を表明した.
彼は,ファラージを巻き込んで,ブリュッセルとの交渉の責任を彼に与えればよかったと説明しました.
"彼が責任なら,我々は今,外にいるだろう"と彼は言った.
ウェリングボロの大臣は"私はブレグジットのために戦うつもりだが,我々はチェッカーズを捨てなければならない"と付け加えた.
反対の背景について 彼はこう言いました "我々は誰かの従属のために 世界大戦を戦ったのではない
"我々は自分たちの国で 独自の法律を制定したい"
ボーンは2016年の投票以来,世論の態度が変わったことを否定し",イギリス国民が考えを変えて,EUに残りたいと思っているのは,まったく間違いだ"と述べた.
保守派のブレグジット支持者 アンドレア・ジェンキンスもデモに参加し,記者たちにこう言いました "私はただこう言います:首相よ,国民の声を聞いてください.
"チェッカーズ計画は 一般大衆の反対で 反対派は支持しない 党内や 選挙で我々を 選出させる活動家の反対で
チェッカーズをやめろ 聞け
メイへの批判として彼女はこう付け加えた: "首相は約束を守れば就任を保てる"
ファーゲは 抗議デモにこう言いました "政治家は 圧力をかけられるよう 指示する" 2016年の投票で 失礼を言い渡すなら
"これは我々―国民― と政治階級の信頼の問題だ"と彼は言った.
"彼らはブレグジットを裏切ろうとしているが,我々は,彼らが脱欧を逃れさせないことを伝えるために集まった"
熱狂的な観客へのメッセージで 彼はこう付け加えました "Brexitを裏切る寸前にある政治階級に プレッシャーを感じさせる必要がある"
"我々は,ブレグジットで勝利した国の 軍隊を動員し, 独立して自主的に自慢する 誇りあるイギリスになるまで 立ち止まるつもりはない"
一方 抗議者はバーミンガムを通り抜け 2時間ほどかけて 町の中央まで行きました
週末のグループ結成の後に 保守派反ブレグジットの旗を掲げていた 活動家たちが散らばった.
労働党の同僚のアドニスは 会議の前に保守党のアプリのセキュリティ問題について 冗談を言った
"カナダの ITシステムや技術や 国境の管理や アイルランドのフリートレードを 管理していると主張する人々だ"と彼は言った.
"これは馬鹿げている"
よいブレグジットなんてない"と付け加えた.
ウォーレンが大統領選に出馬することを"強く検討"している
衆議院議員 エリザベス・ウォーレン上院議員は 11月の大統領選の後に "大統領選への出馬を強く検討している"と発表しました
ワシントンタイムズ紙の報道によると この民主党議員は ワシントン州で開かれた 議会の会議で 将来の希望について 発言したそうです
ウォーレン氏は大統領選で 共和党候補のジェフ・ディールに勝って 選挙に当選する予定で 2016年の選挙戦で大統領選の 候補を担った
彼女は2020年にトランプに挑戦するかどうか疑問に思われた.
選挙区での彼女の36回目の会談です.
ある参加者が彼女に 大統領選に出馬する計画があるか尋ねました
ウォーレン氏は"女性たちがワシントンに 参戦し 政治的システムを直すべき時だ"と答えました "女性を最前線に 置く必要がある"と
LSUのシムズ事件で逮捕
バトン・ルージュ警察は金曜日に 容疑者を逮捕したと発表しました ウェイド・シムズ LSUのバスケットボール選手
バトンルージー警察は20歳のディートン・シンプソン氏が 金曜日にETニュースで逮捕されたと発表しました
金曜日に 銃撃の映像を公開し 撮影した人の身元を特定するために 支援を求めました
20歳のシムスは金曜日の朝に サザン大学の近くで 銃撃され殺された
"ウェイド・シムズは 頭部に銃撃され 負傷し 死亡しました"
ウェイドは友人を守るため 手を差し伸べ,シンプソンに撃たれた.
裁判で,シンプスは,そこにいたと認め, 銃を所持し,
シンプソンは無事に逮捕され,東バトンルージュ地区の警察署に 送還されました
バトンルージュで育った2フィートの高さ3年生のシムズは シーズン3で32試合を打って 10試合でスタートし 平均17.4分を記録し
ロシアGP:ルイス・ハミルトンが 世界選手権に 近づいてる チームオーダーで 勝利を収める
バルテリ・ボッタスがルイス・ハミルトンに 勝てると 明らかにメルセデス・チームの オーダーが決定的だった
ボッタスはリードからスタートし,ハミルトンを完全に追い抜くところだった. 最初の2ターンで自分の位置を守って,ベッテルをチームメイトに攻撃するよう誘った.
ヴェッテルはピットに先駆け ハミルトンに レースの終わりのトラフィックを 乗り越えさせる
メルセスは1回後にはピットしてベッテルの後ろに走ったが,フェラーリが3ターンでダブルディフェンスをしたため,車輪に接触したため,フェラーリが不意に内線を離れなければならなかった.
マックス・ヴェルスタッペンは 後ろからスタートして ステージ7にランクインしました 21歳の誕生日に
その後,彼はレースの多くの時間をリードし,速走の試みでタイヤ交換を怠って,キミ・ライコンンの4位を取った.
彼は44回目にピットに入らなければならなかったが,最後の8回にペースを上げることができず,ライコンは4位を獲得した.
"今日は大変な日だ ヴァルテリは週末に 素晴らしい仕事をしたし 本当に紳士的だったから
チームも素晴らしい仕事をして 優勝と2位を獲得しました"
身体表現がとても悪い
トランプ大統領は土曜日の選挙人集会で ダイアン・ファインスタイン上院議員を 非難しました 彼女は最高裁判所の候補者 ブリット・カヴァノを性侵容疑で 起訴したクリスティーヌ・ブラシー・フォードの手紙を 漏らしていないと断言したからです
ウェストバージニアの選挙人集会で 大統領は フォードが上院の 司法委員会で証言したことについて 直接言及しなかったが, その代わりに,
"この2日間の上院での 事件は, 怒りを表すもの, 怒っている人々, 邪悪な人々, 卑劣な人々, 偽善者達です"
"ああ,俺じゃない"って言うんだ
"私は間違ってる"
覚えてる?
ダイアン・ファインスタイン 漏らしたのはあなた?
"あの文書を漏らしたのは あなたですか?"
違う,違う
漏洩したことはない"
待って ちょっと待って
漏らした? 漏らしたんじゃない"
フォードがカヴァナフに 非難する手紙は 7月にフェインシュタインに送られ 9月初めに漏れたが
"私はフォード博士の主張を隠していないし 彼女の話を漏らしたわけでもありません" 委員会に語ったのは ザ・ヒル紙です
"彼女は私にこの手紙を秘密にしろと頼んだので 私はそれを秘密にしました"
しかし彼女の否定は大統領に好意的ではなかった 彼は土曜日の選挙の集会でこう言った "私はあなた方に言う それは本当に悪い体言だ
"そんなことないけど ひどい体調だ"
大統領が3人の女性を性暴力で 非難した最高裁判官候補の 継続的な弁護で トランプ氏は 民主党が自らの利益のために 非難を活用していると主張しました
"彼らは,権力を取り戻すため, 手段を一切惜しまない.
権力とコントロールを得るために誰を騙すかは気にしない"と 大統領は Mediaiteに語った.
エリートリーグ ダンディ・スターズ VS ベルファスト・ジャイアントス 5-3
パトリック・ドワイアがダンデーのジャイアンツに2つのゴールを
ダンディー・スターズは金曜日のエリートリーグ戦で ベルファスト・ジャイアントスに負けた結果 再び勝利を収めた. ダンディーで5対3で勝利した.
ジャイアントは早速2得点で パトリック・ドワイヤーと フランシス・ボーヴィリアの攻撃で勝利を収めました
ジョージ・ドワイヤーが再びジャイアンズをリードした
フランソワ・ブッチャードはダンディーに平衡をつけ,ルカス・ランド・ニールソンは2得点で勝利を収めた.
アダム・キーフェのチームにとって 今シーズンの3回目のエリートリーグでの敗戦でした チームはこの後から進んで ベルファストで2対1でダンディを倒した
シーズン4回目の試合で 巨人チームは3試合で勝利しました
ドワイヤーはケンドール・マクファールがアシストを4分35秒で出走し デイヴィッド・ラザフォードがアシストを打った 4分後,ボーヴィリアンはリードを2倍にしました
忙しくて,サリバンは1時10分にホームを戻し, マット・マーカーダットが3時16分にコウニーズを倒し,
ドワイヤーが首位で 休憩中に先導した 最初の試合の終わりに 2番のゴールを打った
チームが集結し ブッチャードは再び 素晴らしいゴールを27:37で引き分けました
カウニーとチャールズ・コルコランはニルセンに協力して第2節の後半にダンデーを初めて試合でリードさせ,最後の節の半ばにチームの5番目で勝利を収めた.
巨人は5試合のうち4試合で敗退した 試合はミルトン・ケインズで 開催される
航空会社の幹部は 乗客を救ったため 命を落としました
インドネシアの航空管制官は 何百人もの乗客を乗せていた飛行機を 安全な場所に着陸させ 命を落として 英雄として称賛されています
800人以上が死亡し,多くの者が行方不明となっている. 金曜日の地震でスラウェシ島に津波が襲い,
余震が激しいため 都市部の遺跡に 閉じ込められた人が多くいます
21歳のアンソニアス・グナワン・アグンの同僚は 命を救おうと逃走したが 彼はパルーのムティアラ・シス・アル・ジュフリ空港の 揺れ動いている管制塔の席を 離れることを拒否した.
飛行場を安全に離れるため 座り続けました
制御塔から飛び降りたのは 崩壊寸前だったからだ
彼は病院で亡くなった
インドネシア航空局の広報担当者 ヨハンネス・シライトはオーストラリアのABCニュースに 声明を発表した.
病院は別都市にある 大きな病院です
残念ながら,ヘリコプターがパル島に 到着する前,彼は失われました.
"我々は壊滅した"と彼は付け加えた.
死亡者数は数千人に達すると 警官が懸念しており 緊急事態対策部門は 都市へのアクセスが 制限されていると発表しています
広報担当者Sutopo Purwo Nugrohoは"死者数は増加すると予想されている.
波が激しく 波が激しく 波が激しく 波が激しく
軍用機や 民間機が 救援物資を運び込んでいます
35歳の母親のリサ・クスマは Sky Newsにこう言いました "毎分死体が詰まった救急車が来ます
清潔な水は不足しています
店は全て略奪された"
インドネシアの赤十字の 代表であるヤン・ゲルファンドはCNNにこう言いました "インドネシア赤十字は 生き残りを助けるために 懸命に働いているが,私たちは何ができるのか分からない.
悲劇は既に始まっていますが 更に悪化する可能性があります"
インドネシアの大統領であるジョコ・ウィドドは 日曜日にパルに到着し, 軍にこう言いました "皆さんに 24時間働かせて, 避難作業の全作業を遂行してください.
準備はいいですか?"とCNNに インタビューされた
インドネシアでは昨年初めに ランブロクで地震が発生し 550人以上が死亡しました
マイクロネシアの飛行機事故:エア・ニウギニは,今, laguneの飛行機事故の後に1人の男が失踪していると言っています.
太平洋のミクロネシアの 湖に墜落した飛行機の 航空会社は"人の乗客が失踪したと発表しました しかし,先日,47人の乗客と乗組員を 乗せて 沈没した飛行機から 避難させられたと発表しました
報道によると 航空会社は... 午後から男性乗客を 発見できず 事故が起きたと報告した
航空会社は 地方当局と病院 警官と協力して 捜索中だと発表しました
航空会社は乗客の年齢や国籍などの 詳細な情報を返却していません
乗客と乗組員の救援に ローカルボートが配備された 飛行機が水面に衝突し 空港に着陸した際に
病院の職員によると 7人が病院に運ばれたという
航空会社は 乗客6人が土曜日に入院したと発表しました 乗客の全員が安定した状態です
墜落の原因や 事故の正確な順番は まだ明らかになっていない
航空会社と海軍によると 飛行機は 飛行場の前のに 墜落したそうです
機体が滑走路を 過ぎ去ったと目撃者が言った
乗客のビル・ジェイネスは 飛行機が非常に低水位で 落下したと証言しました
"それは本当に幸運だった"とジェイネスは言った.
ジェーンズ氏は 墜落した飛行機の 緊急出口にたどり着くために 命を懸けたと証言しました
乗組員たちはパニックになり 怒鳴り始めたそうです 彼は頭部に小さな傷を負ったそうです
近くのケイの改修作業をしていた水兵が ゴムボートを利用して救援作業を手伝い,機体が30メートルほど沈む前に, 乗客を陸に運んだと米海軍は述べた.
航空安全ネットワークのデータによると 過去20年間で111人が PNGに登録された航空会社で 事故で死亡しましたが 事故には Air Niuginiが関与していません
分析者は, 女性が生きたまま焼かれた夜に タイムラインを設定しています
検察は, 2014年に女性を火にかけ, 殺害した容疑者の裁判で,
司法省のポール・ロウレットという 分析士が 数時間かけて 証言をしました データ分析の専門家として
裁判官は陪審員に説明しました 検察官の電話情報を使って 殺人事件の 容疑者クイントン・テリスと 被害者のジェシカ・チェンバースを 追いついたのです
ローレットは 複数の携帯電話の位置情報を入手したとして 死亡の夜に テリスがチェンバースと いたと証言した
記録によると,彼の携帯電話は 友人マイケル・サンフォードと 連絡を取ったとき, チェンバスの携帯電話と 近くにあったという.
サンフォードは土曜日の証言台に 座って言った
検察官に,テリスが,その夜,サンフォードのトラックに乗っていたと 言ったのは本当かどうか尋ねると, サンフォードは"嘘だった,
もう1つの矛盾は テリスが彼女の死後2週間ほど 知り合っていたという事実です
携帯のデータによると 彼とはたった1週間しか知り合ってなかった
ローレットは チェンバースが死んだ後 ある時点で テリスが チェンバースの携帯から メッセージや電話や連絡先を 削除したと証言しました
"彼は彼女から消え去りました" ハレは言った
弁護団は 日曜日に 訴訟を始める予定だ
裁判官は陪審員が 投票を待つと 言った
"ザ・ハイ・ブリード" 政治的なヒップホップとは?
ヒポトリオは音楽のポジティブなメッセージを与えることで 否定的な見方から脱出したいと思っています
ブリストルの"ハイ・ブリード"は ヒップホップは 政治的メッセージや社会問題から 遠ざかっていると論じている
政治的ヒップホップを 再び普及させようとしています
ザ・フージーズやコモンといったアーティストは 最近 イギリスで復活を遂げました アカラやローキーなどのアーティストが 復活を遂げました
また黒人か?
ニューヨークの保育士が"人種差別"メールで 解雇された夫婦を訴える
ニューヨークの保育士が 夫婦を差別的な解雇で訴えているのは 母親が"まだ黒人だ"と メールを間違えて送ったからです
両親は人種差別主義者ではないと否定し 訴訟を"脅迫"と称した
リンシー・プラスコ・フラクマンは 驚愕を覚えたと語りました 新たに就職した保育士のジゼル・モーリスは 2016年に就職した初日に 黒人だったと
"NEEEEEEJ,もう黒人じゃない"と プラスコ・フラックスマンが夫にメールした
でも夫に送る代わりに ジゼル・モリスに 送ったのです 2回も
失敗を認めた後 悪いプラスコ・フラックスマン ジゼル・モリスを 解雇した. 前のガールベビーがアフリカ系アメリカ人だったから 悪い仕事をしていたと伝え 代わりにフィリピンを期待していたと ニューヨーク・ポストは報じた.
ジゼル・モリスは 一日の給料を貰って ウーバーで帰宅した
ジュリエット・モーリスは 解雇の賠償と 家庭で暮らす6ヶ月間 日に350ドルの 慰謝料を請求する
"私は彼らに,そのようなことをしてはいけないと示したい"と彼女は新聞に金曜日に言った.
夫妻は自らを 差別主義者ではないと 弁護し モーリスを 解雇した理由は 嫌がらせをされた後に 信用できないという理由で 理由を言い出した
"妻は夫に 嫌なことを言わせて メールを送った"
彼女は人種差別主義者じゃない
差別はなく 差別はなく 差別はなく
"でも,あなたが子供たちを, 失礼な相手に, 間違ってでも, 委ねてあげられるでしょうか?"
あなたの赤ちゃん?
本当だよ"と答えました
プラスコは訴訟を"脅迫"と比べ 妻は2ヶ月前に出産し "非常に困難な状況"にあると訴えた.
"本当にそんな風に 誰かを追いかけるのか?"
投資顧問は"これは親切ではない"と付け加えた
裁判はまだ進行中ですが 裁判所は既に ソーシャルメディア上で 双子の行動や論理を 非難しています
出版社に書かれた手紙によると パディントン社では 読者が... 話すクマに 触れられないと... 恐れていたそうです
出版のすぐ後に生まれた Bondの娘,Karen Jankelは,この手紙についてこう言った: "出版前に初めてこれを読んだのは,想像がつかない.
読み方が面白かった パディントンが人気のあったから
BBCでカメラマンとして働いていた彼女の父親は 小さいスローカーに関する児童本を 執筆するきっかけを 持っていたが,彼の物語は 拒否されても楽観的だったと彼女は言う. そして,彼の死去の60周年記念は,去年彼の死後, "苦い甘さ"だった.
パディントン一家は "家族にとってとても大切な存在"だと 表現し 控えめな父親は "自分の成功に誇りを持て"と
"彼は静かな男で,誇りを好まない"と彼女は言った.
パディントンが本物だったから 立派な子供がいるのに 誇りを持ってるのに
パディントンの人気もそうだった
"彼の作品だったとしても,彼の想像力でも, 彼はいつも,それがパディントンだったと 言うの"
亡くなる娘に別れを言った
到着後 娘はニースの病院に運ばれ 医者は彼女を救おうとしましたが 医者は救えませんでした
"ナドは電話をかけて ひどい状態で 生き残れないと 言ってた"と エドナン・ラペルーズ夫人は言った
"それからナッドから電話がかかって "彼女は数分で死ぬと告げました "そして彼女と別れを告げる必要があると
やってみました
"タシー,愛してるわ"
また会おう
じゃあまた
薬は心臓の働きを 抑えてくれていたが 効き目が減っていた
彼女は死んでいたが 身体は閉じていた
座って待たなければならなかった
悲鳴をあげたり 泣いたりできなかった 周囲は家族や仲間だった
落ち着くために 頑張らなきゃ"
エドナ・ラペルーゼは 悲しみの中で 飛行機に乗り込みました 乗客は彼女のことを知りませんでした
"誰も知らなかった"と彼女は言いました
"私は頭を低くした. 涙が流れ続けました.
難しいけど 飛行機でナッドに 深い思いを寄せた
私の愛と理解が必要だった
"私は彼が彼女をどれだけ愛していたかを知っていた"
悲しみの女性たちが 自殺を図る人を止めようと
自殺に苦しむ親戚を亡くした2人の女性が 他の人たちの自殺を防ぐために 努力しています
ウェールズ橋の地図に 励ましのメッセージと 支援電話番号を貼った
デイビスの息子 タイラーは13歳で 鬱病に罹った 18歳で自殺した
"私は毎日 経験している悲しみを 両親にも経験させたくない"と彼女は言いました
45歳のシャロン・デイビスは 息子が素晴らしい料理人だと 語り 笑顔が伝染する
"彼の笑顔は 周りに知られていた
"彼の笑顔は 部屋を明るくする"
しかし彼は死ぬ前に 仕事をやめたのです 気分が悪かったからです
2014年,タイラーの11歳の兄が ティラーを捜し出した.
シャロン・デイビスは言いました "私はいつも 広まるのを心配しています"
シャロン・デイビスは"誰かと連絡を取り 友達にさえ 連絡を取れる人"を 伝えるために 絵を描きました
話を聞いてほしい"
シャロン・デイビスの長年の友人 ケリー・ハンフレイズは 15年間恋人のマークを亡くしました マークの母親が亡くなった直後に
"彼は悲しみや鬱とか 何とも言ってなかった"と彼女は言った
"クリスマスの数日前,彼は変わり始めた.
クリスマスには ひどく落ち込んでたわ プレゼントをくれたら 目を合わせるわけにもいかなかったわ
彼女の死は彼らにとって非常にトラウマ的だったと彼女は言ったが,彼らはそれを乗り越えなければならないと彼女は言った. "それは私たちの家族に穴を開いた.
引き裂かれた
しかし私たちはみんなで 戦い続けなければなりません"
メールで連絡することもできます. jo@samaritans.org,または,
FBIが捜査を開始したまま ブラット・カヴァーナフの未来は未定です
"彼が要求したようなもの - 期間限定の調査,限定的な規模 - があるなら,少し合意できるかもしれない"とフラークは土曜日に言った.
カバノや共和党支持者は FBIの捜査を 拒否した
タイミングが悪いから 控えめな態度だ
共和党が期待通り 苦戦すれば 選挙で 望んだ男を 選出する力が弱まるでしょう
ジョージ・W・ブッシュは上院議員に電話をかけ 支持するよう促しました カバノウはブッシュ大統領に勤め 妻のアシュリーと出会い 個人的な秘書になりました
FBIが報告書を 完成させた後 どうなるでしょう?
議会で投票が行われる予定で 共和党は51名 民主党は49名
カーバノウが上院で 投票を5割以上得て 副大統領マイク・ペンスに 決定的な票を獲得し 最高裁に選任させるかどうかは まだ不明です
北朝鮮の脱退者は金正恩政権下で"減少"
北朝鮮から韓国への脱出者は 金正恩が7年前に政権を握った時から 減少していると韓国議員が言う
韓国の国務省のデータに言及した朴 (Park Byeong-seug) 氏は,昨年脱落者は1,127人,2011年には2,706人でした.
朴氏は 国境警備の強化と 人身売買者の増加が 変化の要因だと指摘した
朝鮮政府は公式にコメントをしていない
北朝鮮から脱出した人の大多数は 後に韓国国籍を 獲得する事が有り
韓国政府は1953年に朝鮮戦争が終わってから 3万人以上の北朝鮮人が 違法に国境を越えたと発表しています
脱北者は中国を通過します 国境は北朝鮮と最長で 国境を越えるのは北朝鮮と韓国の 守備の厳しい非軍事地帯よりも 簡単です
中国では脱出者を 難民ではなく 違法移民と見なすため 強制移住が 頻発しています
朝鮮と韓国の関係は 厳密に言えば まだ戦争状態ですが
核の取り除き交渉の破綻について話し合うために,月初めに,両国の首脳は,平壌で会合した.
これは6月に米国大統領ドナルド・トランプとキム・ジョンウンが シンガポールで歴史的な会談をした後です 彼らは核無兵器の朝韓に向けて 総括的に取り組むことに合意しました
北朝鮮のリ・ヨンホ外相は 進展の欠如をアメリカ制裁に 責めていました
"米国に信頼がなければ,我々の国家安全保障に信頼が持てません. このような状況下では,自力で自らを防衛することはあり得ない"と,リ氏はニューヨークの国連総会で語った.
ナンシー・ペロシは ブレット・カバナウを"ヒステリック"と呼び 最高裁の役には不適だと主張
衆議院議長,ナンシー・ペロシは 最高裁の候補者,ブレット・カヴァナウを "ヒステリー"と呼び 彼の気質は最高裁にふさわしくないと 非難しました
インタビューで 発言したそうです
"もし女性がこんなことをしたなら 歇斯底力症だと 考えるのが無理だ"とペロシは 発言しました カーバナウの法務委員会での 証言に反応して
カバナウは ティーンエイジャーとして クリスティン・ブラシー・フォード博士を 性的暴行したという 疑惑を 感情的に否定した
開幕演説で カバノウは 感情的に揺らめいたのです 家族や高校時代のことを語ると 泣きそうに叫びました
民主党議員の議員を非難し 批判を"怪しくて 協調的な行動"と称し " 2016年の大統領選で ヒラリー・クリントンが 勝てなかったことに怒った 共和党の行動"と批判しました
裁判長の発言は 民主党に偏っているから 裁判長が最高裁で 座席を譲れないことを証明した と彼女は言いました
"彼は 発言で自分を失格させ 民主党とクリントン党を 追いかけている"
議員は 議員の承認を 拒否し 民主党が 議会の過半数を 獲得すると 裁判にかけようと しないかと尋ねると 議員は 避けた
"議会やFBIに真実を話さないと 最高裁で働く資格はないし 裁判所で働く資格もない"
カバノウはワシントンD.C.の 控訴裁判所の 裁判官を務めている
民主党人として,カバナウグが 医療制度改革や ロー・対・ウェイド事件で 決断を下すことに懸念を抱くのは 保守的な判事だと考えられているからだ.
審問の際 カバノウは 裁判所の決定を反転するかどうかについて 回答しなかった
"ヒステリーで偏見のある人が 裁判官の職を辞め,我々が『ああ,これは素晴らしい』と 言うのを期待してはいけない"とペロシは言った.
そして,女性にはそれを使う必要が ある.
怒りを隠した数ヶ月と数年の間 涙を流さずに 吐き出すことができない
"怒った時に泣く"と シュタインは 45年後に私に言いました
"異常じゃないと思うの?"
彼女はこう続けました "上司の女性が 怒ったときも泣くことを教えてくれました 彼女は 怒って泣くように 仕向けている技法を作りました 怒って泣くとき 相手にこう言うのです "泣いてから 悲しんでいると思うのか?
でも私は怒っています"
そして彼女は続けました
"これはすごいことだ"
涙は怒りを表すものとして許されるが それは 涙が根本的に誤解されているからでもある
私が最も鮮明に覚えているのは 初めての仕事で 職場は男性ばかりで 怒りに涙がこぼれていました 首から老婆に 引っ張られた時です 寒い上司です いつも怖がっていたんです 階段に引っ張られた時です
"泣いているのを見せてはいけない"と
"彼らはあなたが怒っていることを知らない
悲しみだと感じられ 捕まえたことに満足する"
当時 民主党のコロラド州議員だった パトリシア・シュローダーは ゲイリー・ハートと 大統領選挙で協力していた
1987年にハートが"モンキー・ビジネス"という船で 浮気していたことが明らかになり 候補を外しました ショードルは本当に苛立ちで
"それは考えても 決めなかったことだった"と 30年後 笑って私に言ったのです
"7人の候補者がもう1人いるのに もう"人の候補者が必要ない"
"白雪姫と七人の矮小児"と 呼ばれた
選挙戦が遅れて 資金調達が遅くなって 2百万ドルの資金が集まらなければ 選挙戦に参加しないと約束した
戦闘は早々に失われていました
支援者の何人かが 男性に1,000ドルを寄付したところ 彼女には250ドルしか返さなかったのです
"彼らは私に割引を与えるつもりですか?"彼女は思った.
選挙に立つことを 拒否した演説で 圧倒された感情は― 支持者の感謝 資金調達や 選挙人ではなく 選挙人への 連絡を 困難にしていたシステムへの 失望 そして 性的差別に対する 怒り― 喉をくじったのです
シュロエダーは 報道の反応をこう振り返った
"私はクリーンエックスに 寄付されていると思われてる
"墓碑に何を書いてくれるの?"
"彼女は泣いた"って?
米国と中国の貿易戦争が 北京の利益になる
米国と中国の貿易戦争では 打撃は大きく聞こえ, 戦いはまだ終わっていないが, 長期的には両国の対立は北京にとって有利になる可能性があると 専門家らは指摘している.
ドナルド・トランプ米大統領は 今年初めに 警告を発射し 重要な中国輸出品である 太陽電池,鋼鉄,アルミニアに 関税を課しました
今週最大の激化が起こりました 200億ドルもの商品に課した新関税は 中国から米国に輸入される 商品の半分にしか適用されないというものです
北京は反撃し 最近は6000億ドルものアメリカ製品に5~10%の関税を課した
中国は米国に 追従することを誓いました 世界で2番目に大きな経済大国である 中国は 暫く追従しないでしょう
ワシントンが要求を撤回すれば 譲歩を意味しますが 中国の習近平大統領は 屈服するのは恥ずべきことです
しかし,専門家によると,もし北京が正しい行動をとるならば,貿易戦争で米国からの圧力が,長期的には,中国に好ましい影響を与える可能性があり,両市場を相互依存を減らすだろう.
"ワシントンや北京の急な決定は 両国経済を 制御不能にすることになり得る 危険性も考えられていたよりも 遥かに大きい"と アジア研究員であるアビゲイル・グレースは言う.
シリアは難民受け入れに"準備が整っている"と外務大臣
シリアは難民の帰還に備え, 7年以上の戦争で破壊された国を再建するために支援を求めている.
国連総会で演説した 外国相 ワリド・アル・ムアラムは 国内情勢が改善していると語った
テロとの戦いでの成功のおかげで,今日状況はより安定し,安全である"と述べた.
政府がテロリストに破壊された地域を 管理し続けている. 回復を図っている.
難民がテロリストや 一方的な経済制裁によって 逃亡した国に戻れるように 条件が整いました
国連によると,シリアでは5500万人以上が 難民として難民として生活しています. 2011年に紛争が勃発して以来です.
国内に暮らす600万人の人々が 緊急支援を必要としています
シリア政府は破壊された国を再建するために 援助を受けたいとアル・ムアラムは言いました
しかし彼は,政府が反乱を支援する国からの条件付きの援助や援助を 受け入れないことを強調しました.
ヨーロッパのライダーカップ優勝
ヨーロッパのチームは 2018年のライダーカップで優勝し,パリの郊外のル・ゴルフ・ナショナルでアメリカチームを 16.5 - 10.5で倒した.
アメリカはヨーロッパで6連敗し 1993年以降 ヨーロッパのライダーカップを 優勝していない
優勝はヨーロッパで トーマス・ビョーンが 勝利を収めた
アメリカのスターであるフィル・ミケルソンは 試合のほとんどを苦戦に費やし 16番の対3で シュートを落とし フランチェスコ・モリナリに敗れた
イタリアのモリナリは全ラウンドで成績が良かった. 優勝した選手のうち4人中1人となった.
アメリカ人ジョーダン・スピイスは,ヨーロッパで最も低いランクにあるデンマーク人トーン・ベアール・オルセンに5勝4敗で敗退した.
ランキング1位のダスティン・ジョンソンは 2勝1でイングランド出身のイアン・ポウルトに 敗れました 彼はおそらく最後のライダーカップを プレーしているかもしれません
8回のライダーカップを勝ち取った 経験者スペインのセルジオ・ガルシアは 25.5ポイントで 優勝記録を更新しました
"私は普段 泣かないけど 今日は泣くのは無理だ
厳しい1年だった
トーマスが私を選んだこと そして私を信じてくれて 本当に感謝しています
賞金を返してくれて 本当に嬉しいわ
チームとしての努力で,助けられたことを嬉しく思います"と, 感動したガルシアはヨーロッパでの勝利を振り返った.
ゴルフ界の名人 タイガー・ウッドズを2対1で倒した ジョン・ラムに火をつける
"タイガー・ウッズに勝ててとても誇りに思うよ 子供の頃 フォローしていたんだ"と23歳のラームは言った
ブルース・ウッズはフランスでの4試合の敗退を 繰り返して 13-21-3というライダーカップ記録を 記録しています
史上最高のゴルファーで 傑出した14のメジャーで ジャック・ニクラウスに 勝ったという 面白い統計です
週末は全米チームが 格子を見つけられませんでした パトリック・リード,ジャスティン・トーマス,トニー・フィナウは 試合全体で 格好いいプレーを見せました
アメリカ隊の隊長 ジム・フリックは チームが失敗した後にこう言いました "チームを誇りに思うよ 彼らは戦ったんだ
時間ができたのは今朝 ヨーロッパの対戦を した時です
負けたんだ
トーマスに 帽子をお願いします
彼は素晴らしい船長だ
12人の選手全員 素晴らしいプレーをした
グループを組み直して PGA of Americaとライダーカップ委員会と 協力して 進みます
12人の男たちを愛してるし 隊長として自慢してる
帽子をかぶって 軽く着せなきゃ
敗北した"
藻の開花に関する更新:ピネラス,マナテ,サラソタで濃度が低下
魚類の総量減少が 確認されました タンパ湾の部分です
FWCによると ピンネラス,マナティー,サラソタ,シャーロット,カリアの周辺で 散布が報告されており 集中が低下していることを示唆しています
藻の繁盛は北のピネラス郡から南のリー郡まで 210キロの海岸に広がっています
ほんの少しの花が咲いてる 岸から10マイル先の ヒルズボロ郡 でも先週より少ない
パスコ郡にも がみられる
ピンネラス郡の海域での平均濃度,ヒルズボロ郡の海域での低濃度,マナティー郡の海域での高濃度,サラソタ郡の海域での高濃度,シャーロット郡の海域での低濃度,リー郡の海域での低濃度,コリアー郡の海域での低濃度,サロータ郡の海域での高濃度,中濃度,低濃度,低濃度と低濃度が過去1週間で報告されています.
呼吸障害はピネラス,マナティー,サラソタ,リー,コリアで 報告されています
呼吸器疾患は"週間も報告されていない
