ウェルシュ議員は 毛布のように見えるのが心配だ
ウェールズ議会の議員 (MWPs) に改名すべきという提案に対して,一部のMWの間で懸念があった.
議会の名称をウェールズ議会に 変更する計画が 提案されたため 議会は 議会の名称を変更する計画が 提案されたため 議会は 議会の名称を変更する計画が 提案されたため 議会は 議会の名称を変更する計画が 提案されたため
政治的スペクトラムの全域の 広告主達は 嘲笑されるかもしれないと心配しています
労働党の議員は"労働党はTWPとPWPの間で合意が成立した"と発言した.
ウェールズ語ではTwpは狂気 Pwpはクソ
議員は"団結したグループ"として"不満"を述べ 代替案を提案した.
ウェールズ・コンは,グループが"オープンマインド"だと主張したが,MWPはマペットに変更されたと判断した.
この文脈で,ウェールズ語のwは,ヨークシャー語のuのように発音される.
名称変更を導入するための法律を策定している議会委員会によると",M"の名称の説明に関する最終決定は,メンバー自身にとって問題である.
2017年ウェールズ政府令はウェールズ議会に名称変更の権限を与えた.
6月に委員会は 議会をウェールズ議会と呼ぶという提案に対する 公開協議の結果を公表しました
AMの指定の問題に関しては,委員会はWMP (ウェルシュ国会議員) を好むが,MWPの選択肢は,公的協議で最大の支持を得ている.
議員たちは 代替案を提案したようですが 合意に至るための闘争は議長であるエリン・ジョーンズを 混乱させ 変更法案を数週間で 提出させるのを期待しています
議会の働き方に関する他の変更も含まれます. 議員の不合格の規則と委員会システムの設計.
法律が議論される時に 呼び名について 最終的な意見を得られるのです
マケドニアの住民は,国の名称変更に関する国民投票を行いました.
投票権を持つ人々は, 国の名称を"北マケドニア共和国"に変更するかどうかを決める.
ギリシャの隣国であるマケドニアと 紛争を解決するために 選挙が行われました
アテネは長年,北側の隣国の名称が,領土を認めるものであると主張し,EUやNATO加盟の申し出を繰り返し拒否してきた.
名称変更の投票に反対するマケドニアの大統領 ジョージ・イバノフは 投票を無視すると述べた.
しかし,首相ゾラン・ザエフを含む国民投票の支持者は,EUとNATOへの加盟には,この名称変更が代償であると主張した.
ベルが鳴らされても ベルは鳴らない
歴史的に,私が話した古い人たちは,昔は,バーと教会が隅々にあると言っていました,先生は言いました
今日,誰もいない.
バルが消えることは 解明できると言ってる
"社会は変わってきている"と
バーはもはや コミュニティーに属する 客室ではなく 定期的に訪れる場所です
教会も同様で,彼は資産の売却から得られたお金が リーダーの期待通り長続きしないことを心配し, 遅かれ早かれ,彼らはまた最初から戻ってくるだろうと言いました.
教会は 住宅地で 住み込み屋に 置き換えられるかもしれないし 周囲の聖所を 守らない人々で 満たされることになるかもしれないと 彼は言う
これらの建物でコンドミニアムを購入する人の大半は白人だ,と彼は言う,そして,それゆえ,これらの教会が同時に閉鎖される日を早めようとして,コンドミニアムに引っ越す人々は,これらの教会のメンバーになる可能性が低いから.
1870年にハーレムが黒人の都市になる前に 白人の教会が建てた教会が2つあったが セント・マーティンは10年後です
1930年代には 元の白人のメソディストの会が 移転しました
周辺で礼拝を営んでいた 黒人教会が 建物を取り上げました
セント・マーティンは 牧師のジョン・ハワードの 指導の下 黒人の教会によって 支配され 町は黒人の雇用や 昇格を拒む 125番街の 小売業者のボイコットに 乗っ取られた
1939年の火災で 建物に大きな被害が 起きましたが 牧師のジョンソン牧師の 修道院が再建を計画した際には 鐘塔を建てました
牧師の息子であるデイビッド・ジョンソン牧師と セントマーティンの彼の後継者は 誇りを持ってこの鐘を "貧しい人の鐘"と 呼んでいます
ベルを鳴らした専門家が"7月"日に"文化財"と"歴史の不可代な道具"と称した.
ミシガン大学のティファニー・ン氏は この鐘は 黒人ミュージシャン ディオニシオ・A・リンズが 18年前にリバーサイド教会で 演奏した 鐘の音が 大きくなったという 世界初の鐘だと 指摘しています
メリーウェザーさんは セントマーティンが 代理人ではないと
セント・マーティンの近年の建築と建築の 複雑さは 教会の指導者や エピソポカル司教区の 指導者の一部に 組み込まれています
司教団は,司教団が建築家や請負業者を雇うことに関わらず, 司教団が司教団に費用を課すようになると心配して, 司教団に手紙を書きました.
司教団の透明性を訴える人もいます
カリフォルニアで13歳の若者が クラゲの海に潜ったときに 負傷した
警官は,サメが襲い 13歳の少年を傷つけたと報告した. カリフォルニアでオオカミの季節のオープニングイベントで オオカミを捕まえるため潜水に行った.
攻撃は午前7時前に エル・ベーコンビーチの近くで 発生しました
チャド・ハメルはサンディエゴのKSWB-TVに,彼が土曜日の朝に友人と一緒に半時間ほど潜っていたところ,助けを求める男の子の声を聞いた.
ハンメルが言うには,最初はロブスターを捕まえたことで 興奮しただけだと思っていたが, 少年が"噛まれた!"と叫んだことに気づいた.
噛まれた!
骨は全部破裂した. ハメルは,彼が子供を抱いた時に気づいたと言った.
私はみんなに水から降りろと叫んだ:海賊海賊海賊海賊!ハメルが加えた.
患者はサンディエゴの ラディ・チルドレンズ病院に運ばれ 危篤状態で治療中です
攻撃の責任者は 特定できない
沿岸救助隊のキャプテン ラリー・ギルズは 記者会見で "週間前に この地域でサメが 発見されていたが 危険性のないサメと分類された"と話す
被害者は 体の上部に重傷を負った
警備員が 48時間 沿岸の全ての入口を封鎖した 捜査とセキュリティのため
ザメの種は135種以上あるが ほとんどが無害だと考えられている
サインスベリーの計画は イギリスの美容市場を 押し広めた
サインスベリーはブーツ,スーパードrug,デブンハムスを取り上げ, 専門助手によって管理される, サーバスタイルの美容店を展開しました.
成長を続けていますが ファッションや家電の販売は減っています 国内11店舗で試行錯誤が進み 更に多くの店舗に拡大される予定です 効果がみられれば
美容業界への投資は 超売業者がテレビやマイクロ波や家電の棚を 活用する 狩猟の場へと 移行した
サインズベリーは ブランドの規模を倍増させ 製品数は3000種類に 拡大すると発表しました ブランドはRevlon,Essie,Tweezerman,Dr. PawPawなどで 初めての製品です
LOreal,Maybelline,Burts Beesのブランドも Bootsのような店で見られるようなブランドエリアで 空間を広げられるでしょう
スーパーマーケットはまた 化粧品の店を再開し 商品のほとんどが ヴィーガンに優しいものになるよう 働きかけています
フレグランス・ショップは サインズベリーの 2店舗の 販売を試用しています 先週ロンドン南部クロイドンに オープンした店で
オンラインショッピングと 地域にある小売り店での 小量での日常的な食料品の購入が 進むにつれて スーパーマーケットは 人々が買い物に行くように 働きかけるために もっと多くのことを しなければなりません
Sainsbury社のCEO Mike Coupeは 店舗がますますモールに似て 店の店員に逆らおうとしていると 指摘しています
サインスベリーは数百の店舗に Argosの店舗を設置し 2年前に両店を買収して以来, ハビタットに店舗を導入し, 食料品の販売を促進し, 買収をさらに有利にしています.
スーパーマーケットが美容と薬剤の部門を 改装しようとしたところ 失敗に終わったのです
サインスベリーは2000年初頭にブースとの提携を試みたが, 超市内の化学品店の利益の分配について争いがあったため, 提携は終了した.
サインスベリーが 薬局の281店舗を ローイド・フローズの オーナーであるセレシオに売却したことで 戦略が変わったのです 3年前には125百万ポンドの 価値がでました
ローズが計画に役割を果たすことで,ラロッチェ・ポサやヴィチを含む高級品種の皮膚ケアブランドが4店舗に追加されるという.
サインスベリーのポール・ミールズ・ヒックス 商業ディレクターはこう言っています "私たちは ビジターに合った雰囲気を 与えるために ビューティ・キオスの外観と雰囲気を 変えました"
助言をくれる 訓練を受けた同僚にも 投資しています
ブランドのデザインは ニーズに合わせてデザインされていますが 魅力的な環境と 便利な場所が 古いやり方から 立ち去り 魅力的な目的地になっているのです
ピーター・ジョーンズ はホリー・ウィロビーが 契約から脱退したことで
ドラゴンズ・デン・スターのピーター・ジョーンズは 怒って去りました 番組の司会者ハリ・ウィロウビーが ライフスタイルに関する1100万ポンドの 契約を撤回し マークス・アンド・スペンサーとITVとの 契約に専念するためです
ヴィロウビーは家具とアクセサリーの ブランド管理に時間が無い
ギャップのビジネスが グウィネス・パルトロウの グープブランドに似ている
37歳の"この朝"の司会者は 自身のインスタグラムで 脱出を発表した.
ホリー・ウィロウビーはドラゴンズ・デン・スター・ペット・ジョーンズを怒らせてしまい ブランドの利益を得て ビジネスライフをやめ ブランドの利益を得て ブランドの利益を得て 契約を切り替え ブランドの利益を得て 契約を切り替え 契約を切り替え
筋はこう述べている "ジョーンズは怒った" テレビの黄金女が火曜日の緊張した会議で バッキンガムシャーにある彼のビジネス・キングダム本部で 認めたのは,彼の新しい契約 - 価値は150万ポンド - は,家具やアクセサリーブランドのTrueに専念する余裕がないことを意味している.
ビジネスがグウィン・パルトロウの グープブランドに並び 威ロフビー氏の富を1100万ポンドに倍増させるという見込みだ
37歳のウィロビーは, Instagramで, ツリーを離れる事を発表しました.
筋では"ホリーにとって" "本当に"は" "最も優先事項だ"
長期的に見ると 未来には 未来数十年にわたって 持続するものです
退却の決定は 巻き込まれた人たちを驚かせた
火曜の夜 打ち上げの時に 起きたことを誰も信じられなかった
倉庫は売り物で 満員になった
専門家によると,英国で最も高価なスターである"この朝"の司会者の死は, 会社の膨大な投資による 損失を数百万ドルにも及ぶと 予想されている.
長い交際の終わりを 意味するかもしれません
3人の子供の母親の ウィロビーと夫のダン・ボールドウィンは 10年間もジョーンズと妻のタラ・キャップと 密接に関係していました
ウィロウビーは2016年にカップと共にTruilyを設立し,52歳のジョーンズは3月に社長に就任した.
このカップルは一緒に休暇を過ごし ボールドウィンのテレビ制作会社の 株式の40%をジョーンズが持っています
ウィロフビーはM&Sのブランドアンバサダーとなり,ITVのI'm A Celebrityの司会を務めるアント・マクパートリンに代わって,
ジュネス氏に詳しい情報筋は 昨夜 ビジネス関係については 発言しないと伝えた
話し合ったから 恋に落ちた
彼は,一部の人たちによって"非大統領的"と判断されたコメントを,そして北朝鮮の指導者に非常に積極的な態度を取ったことで,ニュースメディアから受ける批判について,冗談を言った.
なぜトランプ大統領は そんなに多くのものを 譲り渡したのか?
トランプは"ニュースリーダー"の"声"を 嘲笑しながら言った
私は何も手放さない.
彼は,金氏が,北朝鮮の非核化に向けた一歩として,トランプが称賛した6月のシンガポールでの会合の後,二度目の会合に興味を示していたことを知りました.
核の撤廃交渉は 途切れていました
シンガポールでの6月の会合から3ヶ月以上経った後,北朝鮮の最高外交官であるリ・ヨン・ホーは,世界の指導者たちに語り,土曜日,国連総会で,北朝鮮は,北朝鮮の軍縮の初期段階に対して,米国から適切な"対応"がされていないことを明らかにした.
代わりに,彼は,アメリカが圧力を維持する為の制裁を継続していることに言及した.
トランプは演説のなかで 楽観的な見方をしています
"北朝鮮の為は最善を尽くす"
朝鮮との戦争が起こると
何百万もの人々が殺されるだろう
素晴らしい関係ができました
彼は,金正恩との関係を改善する上で, 成功したことは, 陽性な結果をもたらした,と, 打ち上げを止め, 人質の解放を助け, 残りのアメリカ兵を帰還させた.
そして彼は 然と金との関係について 然と話す方法を 擁護しました
大統領は簡単ですが 十万人の人々が 混雑した競技場に 入り込もうとするのに対し 200人の方が良いのです
インドネシアの津波と地震が 島を襲い 何百人もの死者を出した
例えば,ロンボク地震の後に, 外国からの非政府組織は,必要とされていないと告知されました.
住民の10%以上が 避難所を喪失しているにもかかわらず 国際援助の必要条件として 国民的災害宣言はされていません
"多くの場合,残念ながら,彼らは,国際的援助を求めていないことを明らかにしているので,これはかなり困難です"とSumbung氏は述べています.
児童救助団はパルーへの出張を準備していますが 海外のスタッフが現地で働くかどうかは 明らかではありません
災害対策当局のスポークスマンであるSutopo氏は,インドネシア当局がパルウの状況を調査しており,外国の機関が援助に協力できるかどうか検討中だと語った.
インドネシアは,地震が続く中, 自然界の怒りを, 耐えられないほどに 耐えられない状況で 暮らしています.
アチェでは 津波の予防施設が 建設されているものの 沿岸部ではそうではない
警告が発表されていたにもかかわらず,パルオでは津波警報が鳴らなかったため,犠牲者が出た可能性が高い.
旅の良い時期には インドネシアの多くの島々を 旅することはとても難しいものです
自然災害は物流をさらに複雑にします
震災を患った人々を治療するためにロンボクに設置された浮遊病院は,パルーに向かっているが,新しい災害の現場に到達するには少なくとも3日かかるだろう.
選挙運動の核心に インドネシアの壊れたインフラを 改善させ 道路や鉄道の建設に 資金を費やした
しかし,資金不足が,来年の大選挙で,ジョコ氏の政権を混乱させています.
宗派的な緊張がインドネシアで 続いているというプレッシャーも受けています イスラム教者が多勢で 保守的な信仰を 抱いているからです
千人以上が殺害され 数十万人もの人が避難しました イスラム教徒とキリスト教徒の群衆が 槍や弓や矢などの 鋭い武器を武器に 路上で戦ったのです
チェルシーとの試合で リーバプール選手のダニエル・スターリッジが 勝利を収めた
スタリッジは,ロンドン・スタンフォード・ブリッジで, リーグ戦のチェルシーに89分分を1得点で奪い, 勝利を救った.
シュルディはチェルシーから30メートル外で シャキリから1-0で落とした
球を左側に置いて 遠くの柱に蹴り込む
球はゴールから飛び上がり 網の右上角に飛び上がります
球はケパ・アリザバラガの 飛び降りを過ぎて 網に落とした.
"ただその位置に突入しようとし ボールをコントロールしようとし シャクのような選手は できるだけ多くの時間を前に出そうとしてる だから僕は自分にできるだけ多くの時間を 与えようとした"とストリッジはLiverpoolFC.comに語った.
私はカンテがやってきて チャンスを掴んで 気にせず 蹴っただけだった
チェルシーは第1節で先導し,25分にベルギーのエデン・ハザードが シュートを打った.
リーバプールから ローレンス・コヴァチッチに 試合のフィードバックを 送った リーバプールから ローレンス・コヴァチッチに 試合のフィードバックを 送った
コーヴァチックはすぐに 餌を投げて センターラインに走った
彼は完璧なキーを打って ハザードをゴールに導いた
ハザードは反撃者を通過して コーナーに左足で蹴飛ばし リーバプール・アリスン・ベッカーの 横を抜けた.
リバプールとナポリは チャンピオンズリーグの予選で 3時00分にイタリアのナポリのサンパウロ競技場で試合を行う.
チェルシーは木曜の午後3時にロンドンで ビデオトーンと対戦する
インドネシアの津波死者は832人となった
インドネシアの地震と津波による死者は832人に増えたと 災害対策庁は日曜日に発表しました
複数の人が 崩壊した建物の中に 閉じ込められたと報告されました 州は金曜日に 7. 5の地震により 震災が起こり 波が20フィートも高かったことを報告しました
38万人を超える人口が住むパルー市は 崩壊した建物の瓦で溢れています
警察は32歳の男性を 殺人容疑で逮捕しました
殺人事件の捜査が開始されました 今朝,メルシーサイドのビルケンヘッドで 女性の遺体が発見されたのです
ジョージ・ストリートのグレイソン・メウスで 午前7時55分に 刺傷を負った44歳の女性が発見され
警察は近所の人たちに 何か聞いたり見たりしたら すぐ近くに来てくださいと
刑事警察のブライアン・オ・ハガンは "捜査はまだ初期段階だが 疑わしいことを目撃した人は 連絡してください"と
運転手が ビデオを撮っているなら 連絡してください 捜査に役立つ情報があるかもしれません
警察の広報担当者は 遺体が発見された女性は ビルケンヘッドの住民で 建物の中に発見されたと確認した
友人達は 知り合いだと確信し 事件現場に来て 尋問しました
捜査は進行中です 警察は 被害者の近親の連絡を しているそうです
グライソン・メウスに住む タクシー運転手は 部屋に戻ったばかりですが 警察は誰も入ったり出たり させないようにと 指示しました
男は何も言わずに 事件が起きたのを知った
住民は 再び入口が許可されるまで 数時間かかるだろうと 警告を受けている
警察官が誰かに 事件現場の 詳細を伝えています
女性が現場に 泣きながら現れた
"これはひどいことだ"と 繰り返す
2時頃には,警察の車両が2台並び, 外には3台並び
警官が数人並び 住宅街を監視する
情報を入手できる方は メールを@MerPolCcに 送信してください.電話 101に 連絡してください.
クラムウェルの議会像が 破壊された最後の記念碑となった
追放は, ピューリタン派の狂信的な追随者による, 多くのイギリスの文化と宗教の遺品を タリバンが破壊したことに 詩的な正義を尽くすでしょう
しかしクロムウェル社会は クリック氏の提案を "愚か"と評し "歴史を書き換えようとする" と評した.
コームウェル協会の会長であるジョン・ゴールドスミスは "この彫刻の破壊に関する議論では ウェストミンスター宮殿の外にある オリバー・クロムウェルの像が 標的となるのは避けられない"と発言した.
象徴的なイギリス内戦は カーロ・クロムウェルによって 命じられることも 実行されたこともありませんでした
恐らく 間違ったクロムウェルの子孫は トーマスの祖先の行為のために 犠牲にされるでしょう
サー・ウィリアム・ハモ・トーニークロフトの クロムウェルの素晴らしい表現は 19世紀の意見の証であり 現代の歴史の記録の一部であり 多くの人は 称賛に値すると信じています
ゴールドスミス氏はサンデー・テレグラフ紙にこう述べました "クロムウェルは 19世紀後半には 議会の守護者として 外国からの圧力に対して 皇室の守護者として 広く見られていた"
完全に正確な表現であるかどうかは 継続的な歴史的議論の対象です
確かなのは 17世紀半ばの紛争が 次世代の民族の発展を形作っていたこと そして カーマインは その一面を 象徴する 個別的に見られる人物だったことです
守護神としての彼の功績も 祝われ 記念されるに値する.
豚殺し 農民を虐殺
農民が東南中国の市場で 豚に襲われ殺され, 地方メディアが報じた.
氏名"元"という男性が 血まみれで動脈を切られ, 市場内の豚の巣の近くで 死亡したと, 広州省のLiupanshui地区の市場で, 報道されました.
豚飼いの男が豚にワクチンを注射する準備をしている. 2005年5月30日,中国・青海省の新市で豚飼いの様子.
隣のユナン省から15頭の豚を売りに出そうとして,木曜日に同胞と出かけていたという.
翌日 甥が死んだところを 近くにある豚の巣箱の 扉が開いたところを 見ました
豚の巣箱には 大きな雄の豚がいて 口に血が流れていたと
検察は 報告によると 農夫を襲った男に 550ポンドの豚が 襲われたことが確認された
祖の血まみれした骨は 血まみれで壊れてしまった"と 祖の従兄弟が語ったと 陽夕報紙に報じられた.
監視カメラの映像は ユアンが木曜日の午後4時40分に 豚の餌を用意するために 市場に入ったことを示しています
"時間後に遺体が発見された"
殺害した動物は ユアンと彼のいとこには 属していない
市場管理者は 夕方ニュースに 豚が他の動物を 襲わないように 閉じ込められていると伝え 警察は 現場で証拠を集めています
市場当局と元家は 慰謝料の交渉を している
豚が人間に攻撃した例も 稀ですが 発生しています
2016年,マサチューセッツの農場で 豚が襲い,夫が重傷を負いました
10年前 ウェールズ人の農夫が 拖着に 650ポンドの豚を乗せたところ 妻が怖がって 獣を追い出しました
2012年にオレゴン州の農家が豚に食べられた後,マニトバ州の農家はCBCニュースに豚は通常攻撃的ではないが,血の匂いが誘発として作用する可能性があると語った.
遊び過ぎだ
噛みつくのは 興味があるから 傷つけるつもりはない
尊敬するだけでいい"と
嵐の残骸は 豪雨を 押し寄せ,アメリカ南西部に 広がりました
予想通り,メキシコ北部の寒い海域を移動する中で ローサは弱った.
いずれにせよ,ローザは,メキシコ北部と アメリカ南西部全域で 洪水をもたらします.
ロザは,東方地方時間17時より, 週日5時より, メキシコのプンタ・エウゲニア南西385マイルで, 1級の風速85マイルで,
ロザは北へ向かってる
一方 パルウンは太平洋上空で形成され 欧米海岸に向かって東へ移動し ロザは月曜日にバジャ・カリフォルニア半島に 接近し 熱帯雨を北から南西へ押し上げました
ローザは月曜日にメキシコの一部で 10インチの雨を降らせます
熱帯湿度が 接近する海流と交互し 雨が南西に広がるのを 予想しています
地元では,1〜4インチの降雨が 危険な洪水や 砂崩れや 砂漠の砂崩れを引き起こします
低熱帯湿度により 雨量は時当たり2〜3インチに達し 特にネバダとアリゾナの南部では 降る傾向にあります
南西部では2〜4インチもの雨が降ると予想され 大部分はアリゾナ州で
洪水は 雨が広がるような状況で 急速に悪化する可能性があります
熱帯雨の脅威を考慮して 砂漠を徒歩で探索するのは 推奨されない
豪雨は渓谷を 暴風雨に変えて 嵐は地方の強風と砂塵を 運ぶ
接近するは南カリフォルニアの海岸に 豪雨を 降らせる
雨の合計が半インチ以上で 道路は滑りやすいので 小さい破片が流れ落ちる可能性があります
雨季の雨が降るのは この地域では初めてです
週末の日曜日と月曜日の朝に アリゾナに接近し始め 月曜日と火曜日には 雨が広がります
雨は火曜日から水曜日まで 続きます
10月にはアメリカ全土で 劇的な気温変動が起き 北極は寒くなりますが 熱帯はかなり暖かくなります
短時間で劇的な温度変化を 引き起こします
日曜日のアメリカ中部地域での 劇的な気温の違いの 具体的な例があります
温差は20度近くあります カンザスシティとネブラスカ州 オマハ市 そしてアイオワ州とセントルイス市の間です
この数日で 残された夏の暖かさが 形成され 広がり続けるでしょう
アメリカの中央と東部の大部分は 10月より暖かくなり 低気温は南から北東に80度上昇すると予想されます
ニューヨーク市は火曜日は80度 平均より10度高い
長期気象予報では 10月中旬まで 平均より高い気温が 発生する可能性が高いことが示されています
ブリット・カバノウの裁判を 2千万人以上の人が見ています
20万人以上が 注目した 演説は 木曜日,最高裁判長候補者 ブレット・カヴァーナウと 1980年代に性暴力で 起訴された女性 クリスティーン・ブラシー・フォードが 6つのテレビ局で行った
一方 政治的な混乱は続いています 報道陣は 定期的な番組を遮断して 金曜日の最終日に 予期せぬ出来事を報道しました アリゾナ州上院議員 ジェフ・フラークが 策定した契約で FBIは 容疑者の一週間の捜査を 決定しました
フォードは上院司法委員会に 女性は100% 酔っぱらった状態で カバノウが身体を 動かしたとして 服を脱いで 中学生のパーティーに来たと確信していると
カバノウは 熱烈な証言で 100% 確信している
視聴者数は5日2040万人以上と ニーレンの報告によると
CBS,ABC,NBC,CNN,Fox News Channel,MSNBCの 平均視聴率を計算しています
PBS,C-SPAN,Fox Business Networkなど,他のネットワークの 放送記録はすぐに入手できません
ダン・ニールソンは 職場で何人の人が 見ているか 計算するのが難しい
足球大会やアカデミー賞の 観衆数とほぼ同じです
Fox News Channelは 番組の視聴者は Kavanaughの任命に賛成で 平均569万人の視聴者が 視聴率の1日中 視聴率を上回るという Nielsenの評価を 記録しています
ABCは2位で 3.26億視聴率
視聴者数は2.52億人でした ニーセンによると
裁判の後も 観客は高かった
フレイクは金曜日のドラマの 重要な人物でした
共和党の控えめな党が カバノフを支持する声明を出した後, 彼は金曜日の朝に CNNとCBSのカメラに 抗議者による抗議の声をかけられ, 司法委員会に 行くためのエレベーターに乗ろうとして 抗議をしていました
倒れてしまった瞬間を CNNで 直接放送された
"あなたの前に立っています"と女性が言いました
君は,彼が真実を国家に語ったと思うか?
女性は無力だと 教えられた
フランクは 声明を出したと 言うが エレベーターが閉まる前に 委員会で話すべきことが 沢山あると
ケーブルテレビや 放送局は2時間後に 直接放送を予定しており 司法委員会が 議員のカヴァーノの指名表決を 議会全体で投票する
しかし,フラークは,民主党が要求した通り, FBIが候補者に対する指名を,今後1週間で調べるという理解のもとで,その決定を行うと,
フレークは 民主党のクリス・クーンス上院議員と 話し合いをしたことで 確信を深めた
議会の議員と 話し合いをしたあと 決定を下した
フレークの選択は力強い 共和党は 捜査なしでは 承認する声も持たない
トランプ大統領は カバノウに対する 捜査を開始しました
英首相は,Brexitの批評家を"政治的に回している"と非難
首相のテレサ・メイは,英国がEUから脱退する計画について, 批判を"政治的に英国の未来と 国家の利益を損なう"と非難した.
2018年9月29日,イギリスのバーミンガムで,保守党の会議に,テレサ・メイ首相が到着.
別のインタビューで,新聞の表紙に掲載されたインタビューの1つに続いて,元外務大臣のボリス・ジョンソンは,ブレグジットのチェッカーズ・プランというものに攻撃を強めて,英国とEUが互いに関税を課すという提案は"全く馬鹿げた"と発言した.
ウェイド・シムスの銃撃事件: 警察はLSU選手の死で容疑者ダイトン・シンプソンを逮捕した.
警察は20歳のLSUバスケットボール選手の ウェイド・シムスの 死亡事件の容疑者を逮捕しました
20歳のダイトン・シンプソン容疑者は 逮捕され 刑務所に収められたと バトンルージー警察署は 報告した.
公式にビデオを公開した 戦闘の現場で シンプソンとシムスは 目のメガネを 失いました
警察は現場で 眼鏡を発見し 事件現場で 眼鏡にシンプソンのDNAが 含まれていたと伝えました
警官はシンプソンに質問したところ ワイドの銃撃を認めたと証言した
弁護士は,35万ドルという 契約額を設定した.
バトン・ルージュ東部の 検死室は 死亡原因は 首から銃撃された 首から首までの 銃撃によるものだという 予備報告を発表した
連邦警察はルイジアナ州警察の 逃亡者任務部隊 州警察の犯罪研究室 南部警察の警察官 そして近所の市民に感謝しています
州立大学スポーツ部長 ジョー・アレヴァは 地域の法執行機関に "忍耐と正義の追求"を感謝した
シンズは20歳だった
背丈6フィートで バトンルージュに住んでる 彼の父親は LSUでバスケットボールを やってる
平均5点6秒で 試合で2点6秒まで 飛んだ
金曜日の朝,LSUのバスケットボールコーチのウィル・ウェード (Will Wade) は,彼のチームがWaydeの死によって"壊滅"と"ショック"を感じていると語りました.
"これがずっと心配していることだ"と ウェイドは言う.
噴火がメキシコシティで 灰を吐き出しています
ポポカテペトル火山の 噴出灰は メキシコの首都周辺の 南部に届きました
災害予防センターは,火山から離れて行くようメキシコ人に警告した. 活動が活発になり,火山から離れて行くよう警告した. 24時間以上で,火山からガスと灰が183回放出している.
震動と振動を 監視している
ソーシャルメディアの画像は 車のフロントガラスに 微薄な灰の層が付いている様子を メキシコの周辺の地域で見ることができます
地理学者たちは, 2017年9月にメキシコ中央部を震撼した 7.1の地震以来,首都から45マイル (72キロメートル) の南東にある火山の活動が増加していることに気づきました.
この火山は"ドン・ゴヨ"として知られており,1994年に火山から火山が噴火した.
独立記念選挙の前日,カタルーニャの分離主義者と警察が衝突した.
六人が逮捕されました バルセロナで土曜日, 抗議デモ参加者が暴動警察と衝突し, 何千人もの人々が, 反対派閥のデモに参加しました カタルーニャで, 分離投票が初めて行われ,
暴動警察に捕まった 仮面のプロ・セパラティストの集団は 暴動警察に捕まった 集団に卵を投げつけ 粉末塗料を投げかけ 普段は観光客が集まる通りには 暗い灰の雲を 作り出した
暴動は後日も起き 警官が棒で暴動を鎮圧した.
"忘却,許しなく"と叫ぶ運動が数時間続いた一方で 労働組合の抗議者は"スペインは生きよ"と叫んでいた.
抗議中に軽傷を負った14人が 治療を受けていたと地元メディアは報じた.
緊張は,この独立志向の地域で高まっています. これは,マドリードが違法と判断した10月1日の国民投票が,カタロニアの分離主義者によって祝われたのと1年後のことです.
投票者は独立を好み,選挙では投票者が少ないが,分離に反対する者も多数で選挙をボイコットした.
カタルーニャの当局によると 昨年 暴動で TPS で投票を止めようとした警察による 衝突で およそ1000人が負傷しました
解放の為の集団は,国民警察を支持するデモを阻止するために,金曜日に夜中にキャンプをしていました.
抗議は続きましたが 強制的に別の道を行いました
電気工事に従事した68歳のナルシス・ターメスは 妻と分離派デモに参加し, カタルーニャの独立の可能性に希望をはねないと述べた.
"昨年,私たちは最高の瞬間を 経験しました.
両親が 選択したことに喜びを涙を流すのを 目の当たりにしました でも今は 困っています"
去年の12月の地方選挙で わずかな勝利を収めたものの,カタルーニャの独立党は, 独立宣言と, 国民投票の準備に携わった多くの著名な指導者が, 亡命中か, 刑務所で裁判を待っている中, 今年勢いを維持するために戦っている.
抗議を携帯電話で撮影した42歳の整備士ジョアン・プイグは 紛争は両側の政治家によって引き起こされたと説明しました
"今から緊張するよ"
昨年末から審理前刑務所に収監されている9人のカタロニア人指導者のうちの1人であるオリオール・ジュンケラス氏は,土曜日,来年の欧州議会選挙に参戦すると発表した.
"欧州選挙の候補として立つことは,民主主義の価値と抑圧の退廃を非難する最良の方法だ"と彼女は言う.
ロンドン市では 車が家を襲い 男が逮捕される
33歳,34歳,39歳の3人は ロンドンデリーの家屋に 車を何度も突入した後に逮捕されました
事件はバリーナガード・クレスセントで 木曜の午後7時30分に発生しました
ボブ・ブレミングス捜査官は 建物自体と 門に損傷があると 報告した
横の弓も 車の方向に 撃たれたかもしれない
リービングストンが ランジャーズに1-0で勝利を収めた
ドリー・マングの初打はリビングストンが勝利を収めた
リビングストンの勝利は,レインズがスティーブン・ゲラードを 監督の職から解雇した.
ゴルフのドリー・メガの攻撃は ギャリー・ホルトの横の動きが 希伯ニアンに匹敵する 違いの証拠となった
ゲラードのチームは 今季は優勝していない 試合は先日 リードするハートズに 引き継がれ
ランジャーズは木曜日にヨーロッパリーグで ラピッド・ウィーンズと戦った
リビングストンは リーグ戦の無敗を6試合延長し ホルト監督は 先月ケニー・ミラーから 敗戦を余儀なくして 首尾をしている
リビングストンは 客のチームに 負けました
ホルトのチームはゴールにたどり着く前に 勝っていたはずで 精度がレンジャーズに 難局を与えていた
スコット・ロビンソンは突破し,ゴール先を抜けた. アラン・リトゴウは, ゲートから外れたクレグ・ハルケットのヘッドを 突破した.
オーナーは ランジャーズに先制を許すことで満足し 試合の終わりに 敵を困らせてしまう
重要な目標を達成する 方法なのです
ランジャーはフリーキットを逃し リヴィングストンがチャンスを掴み,デクラン・ガラガールとロビンソンが手を差し出して,メーガがターンを取って中からゴールした.
ランジャーズは 制覇していたが 守備は破れず リーアム・ケリーは 守備のせいで 完全に無力だった
状況が悪化し,アルフレド・モレロスがケリーから 助手を引き出したが
スコット・ピットマンは ランジャースのゴールキーパー・フット アラン・マクレゴーに追い込まれ リスゴーはリヴィングストンの他のプレーの戦術により 遠くに追い出されました
攻撃はリビングストンのゴールに 繰り返しやってきて 絶えず回避され,一方,ペナルティの2つの主張 - 後にハルケットが 代わりにグレン・ミドルトンに挑戦し,そしてハンドボールに1つは - は拒否された.
リーヴィングストンの"すごい"
BBC スコットランド アラスダー・ラモント トニー・マカロニ・アリーナ
リビングストンの 素晴らしいパフォーマンスと成果です
素晴らしい人達です 期待を裏切ったような 昇進の道を歩んでいます
選手や選手はトップに戻った後もほとんど変わっていないが, 荷ルトはチームを強めたことに大きな功績を上げている.
沢山の仲間がいる
ハルケット大尉は 立派な守備を率いており コーナー・ゴールドソンとジョー・ウォーラルが 試合中に警戒していた.
しかし レンジャーズには 刺激が足りなかった
ゲラードの時代は 優秀だったけど 標準にはなれなかった
唯一のボールは ランジャーズに 警告を与えることでした ランジャーズは フィールドの真ん中にいる
エルドアンには 異なる反応がでました
土曜日の朝 ベルリンでトルコとドイツの首脳が朝食に集まりました
エルドアン大統領のドイツ訪問の最終日です.
人権問題や 報道の自由や トルコのEU加盟問題などで 意見が分かれました
エルドアン氏は後に ケルンへ行き 新しいモスクを開くことにしました
この都市は,トルコ国外のトルコ人人口で,最大です.
警察は治安を理由に 集まった2万5000人の群衆を 止めようとしましたが 支持者の多くは 周りの会場へ 移動して大統領に会いに行きました
エルドアンに反対する何百人もの抗議者 (その多くはクルド人) が,エルドアンの政策とドイツ政府が彼を歓迎する決定を非難しました.
抵抗の抗議は,移民の存在に対する不和を表現した. 移民は,ドイツ人トルコ人の何人かによって英雄として歓迎され,
デプトフォード高速道路の衝突:自転車乗りが車と衝突して死亡
ロンドンで自転車に乗った男性が 車に衝突して死亡
衝突は,BESTWOODとエブリン通りの交差点の近くで発生しました.
運転手は車を止め 救護隊が到着したが 事故で男は死亡.
事故は,他の自転車乗りが 事故から"マイルも離れた チャイルダーズ・ストリートで 死亡して数ヶ月後でした
警官は彼の身元を特定し 家族に連絡を取ろうと している
道路は閉鎖され バスの路線は改定され バイク運転者は 地域を避けるよう 警告されています
ロング・ラートン刑務所では 暴動で6人の警察官が負傷しました
警備局は,男性刑務所の暴動で 6人の看守が負傷したと発表しました.
ウォルスターシャー郡のロング・ラーティン刑務所で,日曜日の9時30分 (BST+0100) に騒乱が勃発し,現在も続いている.
8人の囚人が入った 建物の一方の 暴動を処理するために 竜巻専門職員が配備されました
顔の軽傷で 現場で治療を受けています
刑務所の広報担当者はこう言いました "特別訓練を受けた警察官が ロング・ラチン刑務所で起きている 事件を処理するために派遣されました
警官6人が負傷し 病院に運ばれました
刑務所では暴力を許さない 責任者は警察に 引き渡され 刑務所で長く過ごせます
刑務所には500人以上もの 囚人が収容されています
6月に 刑務所長は 刑務所員に暴行された後 病院に運ばれると伝えられました
去年の10月 刑務所の暴動対策担当者が 刑務所で起きた事件で 警官がビリオールで攻撃された
フォニックス,ラスベガス,ソルトレイクシティを 洪水で脅かしている
アリゾナで起こる熱帯の 低気温は珍しいですが 来週の初めには 起こりうると予想されます フォーク・ローザの 残ったエネルギーが南西の砂漠を 横断しているため 洪水が起こりうるのです
州立天気庁は水面発生警報を発しました 月曜日と火曜日には アリゾナ州西部から ネバダ州南部,カリフォルニア州南東部,ユタ州まで
火曜はフェニックスから 直接飛んで来る予定で 月曜は雨で
フィリピンの国立気象局はツイッターで フォニックスに 1950年以来 200マイル以内の地域で 熱帯嵐や低気圧状態を 発生させたのは10回しかいないと記しています
カトリーナは1967年のハリケーンで,AZの国境40マイル内でした.
最新のハリケーンセンターの 予報では 2〜4インチの降雨を 予想しています アリゾナ州モゴロン・リムで 6インチの雨が 発生しています
中部ロッキーズやグレート・ベッシンなどの 砂漠の他の地域では およそ1〜2インチの被害が起こり 孤立した地域では4インチの被害が 起こりうるそうです
洪水のない地域に住む人にとって 雨は 乾旱の恩恵かもしれません
洪水は深刻な問題ですが 雨は南西部の地域が 乾燥状態にあるため 恩恵を受けています
合衆国 乾旱監視団によると アリゾナ州の40%が 極端な干ばつに遭遇しており 度合いは2番目に高いと ウェザー・コムが報告しました
続いて,メキシコの真ん中のバハ・カリフォルニア州を 横断する
ロサは日曜日の朝 嵐の強さで 時速85マイルで メキシコのプンタ・ユージニアから 北に385マイルで 時速12マイルで 北へ向かっています
太平洋の冷たい海域に 突入して 弱体化しました
午後か夜か 熱帯の嵐の強さで メキシコに降り注ぐ
メキシコのいくつかの地域では 雨が多く 洪水のリスクが高くなっています
合計3〜6インチの降雨が予想されており, Baja Californiaからソノラ州南西部の地域まで, 10インチまで上昇する可能性があると,  weather.comは報告しています.
ローザはメキシコ沿いの北極を 熱帯嵐として横断し 火曜日の朝にはアリゾナ州国境まで 熱帯気圧となり アリゾナ州とユタ州を横断し 火曜日の夜中に南極に移動します
 嵐の主要リスクは,バジャカリフォルニア,ソノラ州の北西,そしてアメリカの砂漠の南西部の地域で,非常に高い降水量です.  州国立風センター (NHC) は,
洪水や荒廃物が砂漠に流れ込み,山岳地帯で 砂崩れが起こる恐れがある.
ノートン・ミドソマー襲撃 殺人容疑者4人逮捕
3人の若者と20歳の男性が 殺人未遂の容疑で逮捕されました ソマセットで 16歳の若者が 刺傷で発見されたのです
少年は,土曜日の午前4時に, フォードのエクセルシオール・テラス・ミッドソマー・ノートンで, 負傷した状態で発見されました.
病院に運ばれ, 安定状態です
17歳の少年と18歳の少年と20歳の男性が 逮捕された
警官は 携帯にビデオを 持っている人たちに 連絡を 呼び掛けてる
トランプは,カバナウは"民主党の憎しみと怒りを" 受けた,と発言した.
カバナウグ判事に投票すれば 民主党の残酷で 恥辱的な政策を 拒否する投票となります
トランプは カーナウが選挙で民主党から 嫌悪と怒りを 受けたと発言した
カバノウは木曜日に議会で証言し 強制的に感情的に否定しました クリスティーン・ブラシー・フォードが 少年時代に 彼女に性的虐待をしたという主張です
フォードは彼の証言を 裁判で証言した
大統領は土曜日に言いました "アメリカ人はその日,カヴァナウの 機密さと 質と勇気を見ました"
"カバナフ裁判官の支持は 現代の最も優れた 法律の思想を持つ人を 支持する投票です 真の公務員の記録を持つ 裁判官です"
大統領はカバナウの指名について 暗黙的に言及し 共和党の投票率を重視した
生命で最も重要な選挙の 5週間前です
走っているわけじゃないけど 走っているよ"
だから私は 偉大な候補者のために 闘うために 行くんだ
トランプは民主党は"反抗と阻止"の任務にあると主張した.
カーバナウの指名に関する 議会での第一弾投票は 金曜日までに実施される予定だと 共和党の幹部補がCNNに語った
インドネシアでは地震と津波で 何百人もの死者が出た
巨大な波が沖を突いて,少なくとも384人が死亡しました 津波がインドネシアの島,スラウェシを襲った, 強い地震と津波で, 当局が土曜日に言った.
夕暮れに6メートル (18フィート) の波が海岸を襲い,多くの死者を引き起こすと,その通りを通るものを破壊した.
津波の後に 7.5の地震が起こりました
昨日,津波の脅威が強まった時,人々はまだ海岸で活動しており,被害に遭うために逃げなかった,と,災害対策庁 (BNPB) の広報担当者,ストポ・プルヴォ・ヌグロホー (Sutopo Purwo Nugroho) は,ジャカルタでの情報提供で述べた.
ヌグロホー氏は"津波は単独で来なかった.車,木,家,陸にあるものすべてを押し流した"と説明し,
津波から逃れようと 樹に登った人もいましたが 生き残ったというのです
約1万6700人が パルーの24のサービスセンターに避難しました
破壊された建物や商店, 曲がりくねった橋,水に包まれたモスクの様子を撮影した.
土曜,沿岸部の都市で 連続地震が起きた.
震度が広がった地域の人口は240万人.
広島市は,地震が起きた日に,地震が起きた日に,地震が起きた日に,地震が起きた日に,地震が起こった日に,地震が起こった日に,地震が起こった日に,地震が起きた日に,地震が起こった日に,地震が起こった日に,地震が起こった日に,地震が起こった日に,地震が起こった日に,地震が起こった日に,地震が起こった日に,地震が起こった日に,地震が起きた日に,地震が起こった日に,地震が起こった日に,地震が起こった時に,地震が起きた時に,地震が起こった時に,地震が起こった時に,地震が起こったときの,地震が起こったときの,地震が起こったときの,地震が起こったときの,地震が起こったときの,地震が起こったときの,地震が起こったときの,地震が起こったときの,地震が起こったときの,地震が起こったときの,地震が起こったときの,地震が起こったときの,地震が起こったときの,地震が起こったときの,地震が起こったときの,
長い狭い湾の端にある 都市の地理的位置は 津波の大きさを 拡大させると言えます
ニューロホは,被害が"広範囲"であると述べ,何千もの家屋,病院,ショッピングセンター,ホテルが破壊されたと語っています.
壊れたビルの瓦の下に死体が発見された. 負傷者は540人,行方不明者は29人.
ヌグロホは,地震の発生地より近い,パルウの北300km (190マイル) の海岸線に沿って,死傷者や被害がより大きい可能性があると述べた.
コミュニケーションは完全に停止し,ドングラからの情報がないとNugrohoは言う.
被害に遭った地域へ メンバーやボランティアが向かっていると付け加えた.
"悲劇だが,もっとひどいこともあり得る"
周六の関連機関がパルに津波が襲われていると報告しなかったのは批判の対象となった.
ソーシャルメディアで公開されているアマチュアビデオでは 建物の屋上にある男が 津波が迫っているという警告を 慌てて下の通りにいる人々に 鳴らす音が聞こえてきます
流れる水が 浜辺を横断し 建物や車も 流失しました
ローターズでは この映像の 正確さを 確認できませんでした
震災と津波は パルー周辺の通信を 遮断する最大の原因で 当局が救援活動を 調整するのが困難です
軍当局はジャカルタや他の都市から 支援物資を輸送する飛行機を 派遣し始めているが 難民たちは食料や生活必需品を 切実に必要としている.
空港は救援活動のためだけに再開され 10月まで閉鎖されます
ジュコ・ウィドド大統領は日曜日にパロの避難センターを訪問する予定です.
インドネシアの津波の犠牲者は800人以上になりました
恐ろしいこと
ダンガラのワールドビジョンの職員たちが パルーに無事に到着した際, 職員たちは事務所の庭に敷かれたタフテントに隠れ,
"彼らは私に言った. 彼らは多くの家屋が破壊されているのを見た.
ひどいことだった
支援団体が 災害対策活動を開始する動きが 緩やかになった時でさえ 支援団体の何人かは パルウに赴く 海外の専門職ボランティアが 拒否されたことを 訴えました
インドネシアの規則によると 災害地域が国家災害地域として 正式に宣言された場合にのみ 海外からの資金や物資,人件援助が開始されます
実現していない
省級の災害です インドネシア赤十字のスポークスマンであるAulia Arriani氏は言いました
 政府が言うには,OK,これは国家災害です 国際的な援助を受けることができます,しかし,まだそのステータスがありません.
パルーで地震と津波が起きた後 2日目には 遺族の友人や家族は 遺族の愛する人々が 災害の悲劇を正す 奇跡の一部になることを願っています
土曜日は 少年が 排水道から 引き出されました
日曜日 避難者は2日間 遺骸の中に閉じ込められた女性を 連れ出しました 母親の遺体も 遺体の中にありました
インドネシアのパラヤングチームのコーチであるGendon Subandonoは, 失踪した2人のパラヤング選手のコーチを務め,今月初めにインドネシアで終了するアジア競技会に参加している.
門長さんの弟子たちと一緒に ロア・ロアホテルに 閉じ込められているのは
"パラシュートで上級者になった私は 個人的な感情的な負担を背負っている"と
被害の噂が広まった後,彼は絶望して, の競い手たち,ビーチでの祝賀に 参加していた人たち, WhatsAppでメッセージを送った.
メッセージは全てグレーのチェックマークで 2つの青のチェックマークは入れません
"メッセージが送られなかった"と
盗難は26750ドルで ニューポートのATMで
金曜日の朝に ブロンクスの従業員から26,750ドルを盗んだ ニューポートのATMの貯金箱を 充電していた
運転手はエンターテイメントコンプレックスにある ATM を空けて 余分な金を送金する準備をしていました デニス・マッカーシー刑事が 警官の通告に
仕事をしている間に,別の男がブリンクの従業員の後ろから走り出して,送金用のカバンを盗んだ.
目撃者は容疑者が逃亡したのを目撃したが 警察は容疑者の数を公表していない
犯人の身元が 分かる方は ニューポート警察に 連絡してください 859-292-3680
レイプは名前を変えて"イエ"としました
レイプのカニエ・ウェストは 名前を変えてイエーと名付けました
ツイッターで土曜日に 改名を発表した時 "以前は正式にカニー・ウェストと 呼ばれていた"と書いた
41歳のウェストは,しばらくの間,Yeという名前の持ち主であり,その名前のまま6月にリリースした8枚目のアルバムをタイトルにしていた.
変更は,彼が新しいアルバム,ヤンディをリリースすると予想される,サタデー・ナイト・ライブでの彼の出演の前に行われました.
アリアナ・グランデの代わりに ショーを演じたのですが ショーのクリエイターによると "感情的な理由"で ショーは中止になったそうです
ウェストは以前,自分の職業名に 略称として,この言葉は 宗教的な意味を持つと 言った.
"あなた"と訳す"とウェストは言いました "ビッグボーイラジオ"でアルバムタイトルを議論しました
だから私はあなたです 私は私たちです その名は私たちです
名前は"Kanye"から"One"に 変わって"Ye"になりました 善良さも悪さも 混乱も 全てを反映する名前です
作品は私たちの本当の姿を 反映している
名前を変えたら 名前を変えたら 名前を変えたら
ショーン・コンブは様々な形でパフ・ダディ,P. Diddy,Diddyとして知られているが,今年,Love and Brother Loveの名に好意を表明した.
ウェストの元コラボレーションの JAY-Zも 接続と大文字の 組み合わせで作りました
メキシコのAMLO大統領は, 市民に対して軍事的攻撃を しないと誓いました
選挙で選ばれた大統領 アンドレス・マヌエル・ロペス・オブラドールが 市民社会に対する軍事力を 絶対に使わないと誓いました 学生に対する 虐殺の50周年記念のことです
ロッペス・オブラドーは土曜日にTlatelolco Plazaで"メキシコ人を抑圧するために軍事力を決して使用しない"と誓いました.
1968年10月2日, プラザで平和的に行われていたデモに 軍隊が銃撃を仕掛けた. 300人以上が死亡しました.
ローペス・オブラドールは 国内の若者たちに月額で学費を支給し 更に多くの大学を無料で開設することで 支援を約束しています
失業や教育機会の欠如が 犯罪組織を立ち上げていると
アメリカは人工知能の資金調達の 倍増をすべきだ
中国が人工知能に 躍進しているため 米国は人工知能の研究費を 倍増すべきだと 投資家のカイ・フー・リー氏は言います 彼はGoogleやMicrosoftやAppleで 働いています
この発言は 政府の様々な部門が AIに関する公告を 発表した後で 発表されましたが アメリカは 公式のAI戦略を 制定していないのです
一方 中国は昨年 計画を発表しました 2030年までに AIの革新において 世界一の存在を目指すというものです
"AI研究費の倍増は 良いスタートです 他の国々は米国に 遅れをとりつつありますから 更にAI分野での 進歩を期待しています"
資金の倍増は 可能性の倍増を意味するので 次の大きなAIの成果は アメリカで作られる"と リー氏は CNBCにインタビューで 今週述べた
"AI超強:中国,シリコンバレー,新世界秩序"は今月出版されました. 中国で有名なAI企業"Face++"に投資している シノベーション・ベンチャーズのCEOである ハウトン・ミフリン・ハーコート氏によるものです.
1980年代,カーネギー・メロン大学で 彼は最高のアメリカオセロ奏者を倒した AIシステムを設計し,その後彼はマイクロソフト・リサーチで 役員を務め,Googleの中国部門の社長を務めた.
リー氏は 防衛研究プロジェクトにおける ロボット・チャレンジをはじめとする 政府の技術競争の先駆けとして 将来のビジョンを 特定する取り組みを 検討している
政府の賞金を勝ち取るために 頻繁に研究を重ねる必要があると リー氏は言う.
"学術的なリーダーシップを 取るのは中国人ではなく 企業だ"とリー氏は言う.
FacebookやGoogle その他のテクノロジー企業は ここ数年で 大学から 人工知能の研究員を雇っています
リー氏は移民政策の変更は AI 周辺の取り組みを 支援する助けにもなるだろうと 指摘しています
"AIの博士号を持つ人には 自動的にグリーンカードが 提供される"
中国国務院は2017年7月に 次世代人工知能開発計画を 発表しました
リー氏は"中国自然科学財団は 学者たちに資金を提供している"と説明し "自然科学財団や他の政府機関が 資金を提供している"と付け加えた "しかし中国の学術的な仕事には 質が低い"
今年初めに 防衛省は 共同人工知能センターを立ち上げ 産業や学術の協力者を招き ホワイトハウスは 人工知能委員会を 設立すると発表しました
そして今月DARPAは AINextと呼ばれるイニシアチブに 2億ドルを投資すると発表しました
NSFは最近では AIの研究に 毎年1億ドル以上を投資しています
一方 米国議会は 人工知能に関する 国家安全保障委員会を 設立したが 何ヶ月も 追及されませんでした
マケドニアの住民は,国の名称の変更について投票を行いました.
マケドニアの住民は日曜日に"北マケドニア共和国"に改名する投票を行いました この決定はギリシャとの10年もの紛争を解決するものです ギリシャはEUやNATOへの加盟を断念していました
ギリシャは北の隣国であるマケドニアの 名称は 領土に対する 承認を意味し 加盟を禁止しているとの見解を 固く主張しています
政府の両者は6月に合意に達したが, 国民主義的な反対派は,変更はマケドニアのスラブ民族の大部分のアイデンティティーを損なうと主張した.
選挙をボイコットする運動が,選挙結果が合法化するために必要な最低50パーセントの投票率に達するかどうかについて,疑問を投げかけている.
投票用紙には ギリシャとの合意を承認して NATOとEUの加盟を 承認するかと書かれています
首相のゾラン・ザエフを含む名称変更の支持者は,ユーゴスラビア崩壊から生まれた国の"つであるマケドニアがEUやNATOのような組織への入会許可を得るために支払った価値があると論じている.
"私は今日ここに来て, 国の未来のために, マケドニアの若い世代のために, 国の未来のために, 国の若い世代のために, マケドニアの若い世代のために, 国の未来のために, 国の若い世代のために, 国の若い世代のために, 国の若い世代のために, 国の若い世代のために, 国の若い世代のために, 国の若い世代のために, 国の若い世代のために, 国の若い世代のために, 国の若い世代のために, 国の若い世代のために, 国の若い世代のために, 国の若い世代のために, 国の若い世代のために, 国の若い世代のために, 国の若い世代のために, 国の若い世代のために, 国の若い世代のために, 国の若い世代のために, 国の若い世代のために, 国の若い世代のために, 国の若い世代のために, 国の若い世代のために, 国の若い世代のために, 国の若い世代のために, 国の若い世代のために, 国の若い世代のために, 国の若い世代のために, 国の若い世代のために, 国の若い世代のために, 国の若い世代のために, 国の若い世代のために, 国の若い世代のために, 国民のために,
法律で拘束力はないが 投票の結果を考慮すると 言う議員は多勢いる
名称変更には 議会の3分の2の賛成票が必要
州選挙委員会によると 午後1時まで 違反の報告は ありませんでした
しかし,投票率は16%だった. 2016年の議会選挙では,投票者の66%が投票した.
"私は,自分の子供のために投票するために来ました. ヨーロッパの私たちの場所です"と, 62歳のGjose Tanevskiは,首都スコピーの有権者でした.
マケドニアの首相ゾラン・ザエフ,妻ゾリカ,息子ドゥシュコが,マケドニアの名前の変更により,NATOとEUへの加盟への道が開く選挙に投票を 送る. 2018年9月30日,マケドニアのストルミカ市.
投票をボイコットする抗議者達が作ったテントの前で 椅子を引きながら ステージを用意していました
"NATOやEUへの加盟は承諾しましたが, 礼儀正しく加盟したいのです. 召使いたちの扉を通り過ぎないのです"
貧しい国ですが 尊厳があります
ギリシャが我々をマケドニアとして 受け入れないなら 中国やロシアに 手を差し伸べて ユーロ・アジア統合の 一部に なれる
首相のザエフは,NATO加盟は, 20%以上の失業率を持つマケドニアに, 必要な投資をさらに増やすことになると述べた.
"私は国民の8割以上がEUやNATOを支持しているから, 国民の大半が賛成するだろう"と, 投票の後にザエフは言う.
将来の成果を 証明すると言っていた
投票の投票率は30%から43%とされ,必要よりも少ないと, マケドニア政策研究所が発表した.
投票の投票は,投票の投票の投票と一致する.
投票者の70%が"はい"と答えました
投票が成功するには 50%と1票の 投票率が必要です
投票に失敗することは 初の政策の拒絶を意味する 支持する西側政権が 去年5月に政権を握った以来
観て下さい マンチェスター・シティの セルジオ・アグエロが ライトンの全防御を 攻め込んでいます
セルジオ・アグエロとラヒム・スターリングは,イングランドマンチェスターのエティハッド・スタジアムで,サタデーにマンチェスター・シティの2-0で,ブライトンの防衛を担当した.
アグエロは65分で 勝ったように見えた
アルゼンチンの前は試合開始時に中盤で攻撃を受けた.
ブライトンの3人の守備者の中を 走り抜けて 野外に出た
アグエロは 緑色の服を着た男らら 4人組に囲まれました
守備の"人を抜き ブリートンのゴールを抜けた
そして彼は左に スターリングに
イングランドのミドルフは 首から最初のショットを打ってアグエロにボールを返した. アグエロは右足を用いて ブライトンのキーパーマチュー・ライアンを右側から蹴った.
"アグエロは足の問題を抱えている" 都市部の監督ペプ・ガーディオラは 記者団に語った.
は55分60分を プレーした選手だ
本当のこと
幸運なことに,彼はその時点でゴールした.
しかし,スターリングは,スカイ・ブルースに, プレミアリーグでの勝利を 与えました.
29分にゴールができた
アグエロは,その試合で, ライトンの領域の 遠くまで,ボールを受け取りました.
球を左から蹴り飛ばして ローリー・サーンに
スタリングを最先端に 追い込む前に サンは少し手を打った
スカイ・ブルーの前野手が 球をゴールに投げ込みました 球が境界から飛び出してしまう直前に
シティは,ドイツ・シンシェイム・ライン・ネッカール・アリーナで, チャンピオンズリーグのグループ戦で, ホッフェンハイムと試合を, 火曜日の12時55分に.
シュルザーはスポイラーを ロッキーズに訴える
選手権から外れたら 試合を強制する理由はない
しかし 競争的すぎるシュルザーは コロラド・ロッキーズを 勝てるよう期待していましたが それは プレーオフの意味がまだあった場合のみでした ロキスは NL西部の ロサンゼルス・ドジャースに 1試合勝ったからです
ロッキーズは少なくとも優勝を収めた.金曜日の試合でナショナルズに5-2で勝った.しかし,彼らはまだ第1リーグのタイトルを獲得しようとしています.
勝利を収められなかったとしても 少なくとも我々は今年もデナーで 観客の群れと チームとの対戦を 経験できるでしょう
競争相手は 競争相手と対戦する
ナショナルズは開戦を 発表していないが 状況が悪化したため シェルツを 試合に 入れようとしたようだ
シュルツァーは,第34回戦の初試合を予定しており, 練習は木曜日に開催され,通常休憩の日の試合を始めました.
ワシントン右投手は18-7で 2.53の平均打分と300のストライクアウトで シーズン2・3の220回目に勝利した.
選挙運動を西バージニアで
大統領は,彼の選抜候補である最高裁の裁判官のブレット・カバノウが 共和党の投票結果の重要さを 語る際の状況に言及した.
努力した全ての成果が 11月に賭けられる
5週間前 人生で最も重要な選挙が 開催されます
これは大きな,大きな - 私は本当に実行していない それが私が素晴らしい候補者のために,すべての場所で戦っている理由です",彼女は言った.
トランプ氏は"過激な民主党が 恐ろしい集団を 形成しているのをご覧いただけるでしょう.
そして,彼らは,どんな手段でも, 権力を取り戻すことに決めた. 邪悪で,醜いことを見なす.
権力と支配を得るためには 傷つけられた人,傷つけられた人, 傷つけられた人, 傷つけられた人,傷つけられた人, 傷つけられた人,傷つけられた人, 傷つけられた人, 傷つけられた人,傷つけられた人, 傷つけられた人,傷つけられた人, 傷つけられた人, 傷つけられた人,傷つけられた人, 傷つけられた人, 傷つけられた人, 傷つけられた人, 傷つけられた人, 傷つけられた人, 傷つけられた人, 傷つけられた人, 傷つけられた人, 傷つけられた人, 傷つけられた人, 傷つけられた人, 傷つけられた人, 傷つけられた人, 傷つけられた人, 傷つけられた人, 傷つけられた人, 傷つけた人, 傷つけた人, 傷つけた人, 傷つけた人, 傷つけた人, 傷つけた人, 傷つけた人, 傷つけた人, 傷つけた人, 傷つけた人,傷つけた人,傷つけた人,
民主党は"拒否と阻止"という 任務を担っていると語っています
"民主党は怒っている 邪悪で 卑劣で 信用できない"
議員のダイアン・フェインスタインを 呼び出しました 審議会の司法委員会で 議員の名前を挙げると 聴衆の激しく怒鳴ったのです
答えを覚えてる?
文書を公開したのですか?
ほら どうした?
待ってるよ ひどいボディランゲージだ 見たことのない最悪なボディランゲージだ
労働党はもはや公的機関ではない
意見を持つ人に 寛容ではありません
うちの地元の党の モメンタム活動家が 私を非難する投票をしたのは 驚くことではありません
議員の列に最後にいたのは 私達が 意見を表明したからでした
私の同僚のジョアン・ライアンも 議会で同様の扱いを受けています 彼女は反ユダヤ主義を 強く主張していたからです
私の場合 抗議運動は ジェレミー・コービンの意見に 反対しているとして批判されました
責任ある経済政策の重要性や 国家の安全保障の重要性について 皮肉なことに ジュレミー・コービンが 前のリーダーと議論していたことと 同じような問題です
労働者が集まるための通知書には, 集まるようにしたいと書かれています.
8年近く 労働党の議員だった私は 総会が金曜日の夜に 開催されるのはまさにそういうことです
残念ながら 今日では 政治的"より良く,より親切に"という 約束や会議の性質は 始まっても, 長く忘れ去られてしまっているのです
労働党の内部での意見の違いは 容認されず 党の権威によって 意見の正当性を評価される
ゲレミがリーダーになった直後 政治的見方が同じだと思っていた同僚が 私に期待するようになり 引き返して 私がこれまで受け入れなかった 立場に立つようになってきました 安全保障の分野でも 単一市場でもです
私が公に話すたびに - 何と言おうと - ソーシャルメディアで 非難が寄せられ 候補を退けとされ 中央政治を非難され 労働党に 属すべきでないと非難されました
経験したのは私だけではありません
もちろん 私は同僚の何人かよりも 幸運な人でした 私に対するコメントは 政治的なものでした
私は同僚の 専門性と限界を 尊敬しています セクハラや人種差別を 日々 直面しても 逃げ出そうとはしません
現代の政治の最も 失望すべき点は 暴力を許容する程度です
ジェレミー・コービンは 先週 労働党は寛容の文化を 育てるべきだと主張しました
党の規則の選択は 制限されるのです 党の規則の選択は 制限されるのです
この2年間 沢山のアドバイスを頂きました 首を低くして 声を大きくしないように 勧められました "OK"と答えました
でも私はそうするために 政治家になれませんでした
32年前に労働党に加盟して 学生の頃 ザッチャー政権の 怠慢に挑発され 授業が完全に崩壊してしまいました 地方のカウンセラーとして 政府の大臣として 必要な人々に より良い公共サービスを 提供しようと努めました
私は自分の政治活動を 隠してこなかった 最後の選挙でもそうでした
政策の立場や リーダーシップの立場に 異議を唱える人は いないでしょう
金曜日の提案を 支持する人たちには 言うことができるのは 国がブレグジットに向かっている時 国のビジネスや公共サービスに 危険を及ぼすという事です 私は労働党のリーダーに 忠誠心を込めて 時間とエネルギーを無駄にしたくないのです
しかし私のメッセージは ノッティンガム・モメンタムではなく 選挙民に伝えたいのです 労働党員でも 労働党員でもありません 私は貴方達を 誇りに思っています そして 辞職の脅威も 政治的な政策も
クリス・レスリー (Chris Leslie) は,東ノッティンガム地区の議員 (MP) です.
勝利したアイルがトップに
最後の2つの試みは 試合を少し変えたかもしれないけど 間違いなくアールは テンテンツの プレミシャンの 勝利を 勝ち取ったんだ
勝負が10人中で唯一無敗の チームです
究極の防御と 絶好のチャンスを掴む能力で 勝ったチームと コーチのピーター・マーチーは 満足の気持ちを 持てる
"今のところは我々のゲームをテストしたけど,我々はまだ無敗だから,我々は幸せだ"と彼は言った.
メルロースのロビン・クリスティーは"アーラに敬意を表し,彼らは我々よりチャンスを掴むことが上手くやった"と語っています.
グラント・アンダーソンの14分でのトライスは,フレージュ・クリモに改変され,アイアーを先へ進ませたが,スコットランドのキャプテンロリー・ヒューズに黄色のカードが付いたが,その試合でウォリアーズがメロズに得点を出し,未改変トライスをジャイソン・バゴットに押し込んだ.
クリモは,ペナルティでアールの先を打破し, 準中盤で,ゴールを打つ. そして,アールのスコアを17-5にするために, 単発のプレーを打った.
しかしメロースは2番目の半戦をうまくスタートし バゴットが修正したパトリック・アンダーソンの試みは5ポイントに減った.
長い休憩の後 シュレード・ノットが重傷を負い 投篮され アイルはスタフォード・マクダウールの 試行錯誤を乗り越えて 速さを増やした
隊長アール・ブレア・マクファーソンは 黄色のカードを打たれ,メロースは 予備のプレーヤーに 返済した. ブルース・コルヴィンの未修正のテストで, 激しいプレッシャーの末尾.
選手は試合に戻ったが, シュトゥーン・ハッチンソンが球を蹴し カーディガン・クリモを倒したことで 黄板で判られた時, マックファーソンは 負傷したアールに追いついた.
クリモは 試合の初戦で 再び取り替えられたが キール・ロウがゴールキックを打って 投手グレゴール・ヘンリーを 5番目で倒した.
ステイ・ゲームのスターは レストラン業界で新たなキャリアを 始める準備が整っているようだ
サービス業に転向する キアランは ライセンスレストランの 取締役の地位を 奪われたことが 明らかになった.
俳優のジャック・ジャヴィス (Jack Jarvis) さん56歳 BBCの人気番組で 監督を務め 俳優のグレッグ・ヘムフィールと 共に出演しています
カーナンは,クレイグランの後に生放送を計画している.
公式記録によると 彼はアドリフトモーン・リミテッドの 取締役役だ
俳優は,この事件についてコメントを拒んだが,スコットランド・サン紙の情報筋は,キアランがグラスゴーで成長しているレストランのビジネスに 手を染めようとしていたことを示唆した.
海洋は我々のもの 陸に囲まれたボリビアは 裁判所が太平洋への通路を 再び開くことを願っています
兵士たちはラパスの軍司令部で 巡査をしていました
公共の建物には青海旗が掲揚されている.
ティティカカからアマゾンまで 海軍の基地は 海洋が我々の所有物であるという 合法的モットーで磨かれています
復活は 義務のことです
国境を越えたボリビアを横切る 19世紀の血のまみれた紛争で 沿岸がチリに 敗北した記憶は 鮮明に覚えています 再び太平洋を横断したいという 憧れのようにです
この期待は数十年で 頂点に達する見込みです ボリビアは 5年間の交渉の末 10月1日に 裁判所の決定を待っています
ボリビアは勢いを感じ,統一と平和の精神を持ち,結果に肯定的な期待を持っているとボリビアの外交官ロベルト・カルザディラ (Roberto Calzadilla) は言う.
国内でICJの裁判を視聴するボリビア人達は,海牙の裁判所が,チリが,何十年もの交渉の末, 海洋の権利の保証について交渉を義務付けるというボリビアの主張を支持することを期待しています.
選挙戦で争いを起こすボリビアの先住民の大統領 エボ・モラレスも 月曜日の裁判で 支持者が多い
太平洋の引き渡しには 十分近いところだ
しかし 分析家の中には 裁判所がボリビアの意思を 決定させる可能性が 限られていると 確信する者もいる
オランダに拠点を置く国連機関は チェリに領土を譲渡する権限を 持たないし 交渉の成果を決定する 権限も持っていないと 決めています
ICJの決定は,最終的な議論が6ヶ月後に発表され,この事件は複雑ではないことを示すと,チリの国際法学者のPaz Zárate氏は述べています.
ボリビアの主張を 延々と進めていくどころか この4年間は 恐らく 衰退を遂げているでしょう
海洋へのアクセスの問題は,ボリビア政府が今, 盗みになっている,と,彼は言う.
モラレスの攻撃的な言辞は 残ったチリ人の良心を 弱めていると
ボリビアとチリは 交渉の余地はあるが 交渉の余地はない
1962年以来,両国は大使を交わしていない.
旧大統領 エドワーダ・ロドリゲス・ヴェルトゼは 首都ヘーグにあるボリビア政府を代表し 迅速な決定のアイデアを否定した.
"月曜日は,ボリビアにチリとの新たな時代の開幕をさせ, 139年の対立を,共通の利益のために終結させる素晴らしい機会を与えてくれるでしょう"
カルザディラはまた,モラレスが,まだラテンアメリカの最も有名な大統領の一人であることに否定し,海事問題を政治の支柱として利用している.
ボリビアは太平洋へのアクセスを放棄することは決してない"と付け加えた.
裁判は過去を解決する 機会だ
北朝鮮は,アメリカを信頼できない限り,核の放棄は起こらないと発言しています.
朝鮮のリ・ヨンホ外相は,北朝鮮がアメリカを信用できないなら,核の放棄を決してしない,と発言した.
声明は土曜日に国連総会で 発表されました
シンガポールでの首脳会談で 合意した内容を 実行する事を指しています
声明は, 合衆国国務長官のマイク・ポペオが, 北朝鮮の金正恩との会合から 3ヶ月以上も続いた,
リー氏は,制裁を継続し,北朝鮮の核戦争終結宣言を拒絶することで,北朝鮮が降伏する,という夢を見ていた.
ワシントンは,北朝鮮が最初に軍事的制約を 導入しない限り,宣言に同意しないことを 慎重に検討している.
金正恩とトランプ大統領は 二度目の会談をしたいと 願っています
しかし,北朝鮮が真摯に 武器庫の承認を望んでいるのか, 疑いが生じています. 武器庫の承認は,北朝鮮の安全保障を保証する唯一の手段です.
ポンペオは来月,金とトランプの2回目の会見を準備するために,平壌を訪問する予定です.
パリでのファッションショーでは 最新のヘッドカバーを 近くにあるメインストリートに展示しています
もし帽子コレクションを 増やしたいなら 陽の光を遮るようなものを 探せばいい
デザイナーである ヴァレンティーノとトム・ブラウンは パリ・ファッション・ウィークの 絶妙なスタイルを披露する ステージで SS19の 巨大なヘッドカバーを 発表しました
この夏 脱毛帽がインスタグラムで 流行り デザイナーが 舞台で 素晴らしい作品を披露しました
ヴァレンティノの特徴は クレム色の帽子で その上には モデルを覆う 羽毛の広い縁が飾られています
巨大なアクセサリーには ダイヤモンドで飾られたや 魔女の帽子や 松子もありましたが 頭を温めるためのものではなかったのです
トム・ブラウンはハロウィンの前日に 変な仮面を展示しました
唇が縫い付けられた色合いのマスクが ハニバル・レクターより ハウツ・コチュールに似ています
スクーバの潜水器のようなものは スノーケールとメガネで ほかのものは 溶けたアイスクリームのように見える
巨大なファッションコレクションを 探すなら 幸運な人だ
ファッションの専門家たちは この巨大な帽子のコレクションが あなたの近所のメインストリーに 流れるだろうと考えています
超大型の帽子は 売れ行きの"La Bomba"で 流行り始めました 半径2フィートの ストローの帽子で リーハナからエミリー・ラタジャコフスキーまで
帽子の裏にあるラベルを 崇拝するなんて 不可能だ ソーシャルメディアの巧妙さで 巨大な創作物が の海の 歩道に浮かび上がりました の海の 泳ぎ着のサイズに 匹敵するものを 泳ぎ着に 匹敵するものを
焼けたオレンジのラフィア袋は 皮の白いハンドルストローが付いている 縁にラフィアを貼り付けているのが パリ・ファッション・ウィークの ジャックメスの La Riviera SS19 コレクションの 特徴です
著名なヘアスタイリストのLuke ArmitageはFEMAILにこう語った: "来夏には,大きな帽子とビーチバッグがメイン通りに届くのを期待している.
(ジョン・エドワード) 言語能力は グローバル市民にとって 極めて重要で
スコットランドにある私立学校は 卓越した学歴を保持し 2018年には 優れた試験結果も発表しました 学生のひとりごとと スポーツ,芸術,音楽,そして 努力の共同成果によって 強化されました
スコットランド全体で3万人を超える学生を抱えるこの学校は スコットランド私立学校評議会 (SCIS) により代表され 学生と親に最高のサービスを提供しています
独立学校は 学生を高等教育や 選択の職業や 世界市民としての役割に備えるためのものです
教育部門は 校内でのカリキュラムの 設計と実施を 期待に応えており 現代の言語は 多くの学校で 望まれかつ人気のある科目です
ネルソン・マンデラは "人の心に理解できる言語で話しかけると 言葉が頭に入ります
彼の言語で話しかけると 心に触れます"
これは 外国人と信頼関係を築くために 英語を 頼りにしてはいけないことを 強く思い起こさせます
今年のテスト結果から 言語は 独立教育で最高の成績を 得ている学部です
外国語を学ぶ生徒の68%が A+ を得ています
学生の72%が中国語でAプラスを取った一方で, 学生の72%がドイツ語で,
これはスコットランドの自立学校が 外国語を 重要なスキルとして支援していることを示しています
現在では 言語は 選択科目として 現代の学校や 他の場所の 科目 STEM (科学 テクノロジー 工学 数学) と 同じ基準で扱われています
2014年に英国労働省が実施した 雇用とスキルの調査によると 雇用主が空き職を 満たすのに苦労する理由のうち 言語能力の欠如が 17%を占めていると分かりました
言語能力は 将来のキャリアを 準備するために 奨励されています
言語能力が求められる 雇用の拡大により グローバル化が進む中で 言語能力が重要になってきています
職業がどうであれ 2番目の言語を学んだ場合 将来は 終身のスキルを持つことの 恩恵を味わうでしょう
外国人と直接コミュニケーションができれば 多言語能力を持つ人は 競争の先頭に立つことになります
2013年のYouGovによる英国成人の4千人を対象とした調査では, 外国語を話す人の75%は, 外国語を話す人の15%は, 外国語を話す人の"%は, 外国語を話す人の15%は, 外国語を話す人の15%は, 外国語を話す人の15%は, 外国語を話す人の15%は, 外国語を話す人の15%は, 外国語を話す人の15%は, 外国語を話す人の15%は, 外国語を話す人の15%は, 外国語を話す人の15%は, 外国語を話す人の15%は, 外国語を話す人の15%は,
だからこそ 現代の子供に 言語教育を 投資することが重要なのです
複数の言語を 学ぶことが出来れば,特に発展途上国の 言語は,子どもたちに有意義な仕事を見つける機会を より良く与えます.
スコットランドでは 学校ではそれぞれ異なる言語を教えます
クラシックな現代語に重点を置く学校もあれば 未来数年間,つまり2020年まで, イングランドで最も重要だと考えられている言語を 教えることもあるでしょう. 例えば,中国語や日本語です.
子どもの興味はどんなものであれ 専門的な教師が指導する 言語の選択のできる学校は 必ずあります
スコットランドの独立学校は 未来がどんなものであれ 子どもを成功に導くための 必要なスキルを備えた学習環境を 提供することを目指しています
言語は国家の未来を決める 重要な要素であり 教育に反映される必要があります
実際 現代の言語は "国際的コミュニケーションスキル"として 捉えられるべきなのです
独立学校はスコットランドの若者に 選択肢や多様性や優位性を提供し続けます
やってもいい
ジョン・エドワードはスコットランド自治学校理事会の 理事長です
レブロンはサンディエゴで レイカーズにデビューする
ファンからの期待は 終わりに迫っていた
レイカーズ・コーチのルーク・ウォルトンは ジェームズがサンディエゴで シーズン開幕戦でデナー・ナガッツと 戦うことを発表しました
しかし,彼はどのくらいの時間をプレーするか,まだ決定されていません.
"48より上って1より下って" ウォルトンはラッカーズの公式サイトでこう言っています
レイカーズのマイク・トルーデルは ツイートで ジェームスが数分しか プレーできないと
今週 練習の後 レイカーズの6試合の 予定について質問されました
"今のキャリアでは 予備の試合をやる必要がない"
ウェストバージニア州で トランプ大統領総会 予定表,YouTubeチャンネル
ドナルド・トランプ大統領は 今夜ウェリングで 選挙運動の集会を開きました
5つの公的な集会のうちの 最初の公的集会です テネシー州とミシシッピ州を中心に 楽しい場所にも立ち寄ります
投票が延期され,最高裁判所の補佐を決めるためだと確認されたトランプ氏は,投票が11月に実施されれば共和党が議会の支配権を失う危険性があるため,来週の中間選挙で支持を集めるつもりだった.
ウェストバージニアでトランプの集会が 今夜何時ですか? オンラインで視聴するには?
ウェルリングで開かれるトランプの集会は 2018年9月29日 (土) 午後7時に行われる
ウェストバージニアでのトランプ大統領選の 演説はYouTubeでライブ配信されています
恐らくトランプは 本週 裁判所の裁判を 議事堂で 審理する事になるでしょう 裁判官は プレート・カバノフの 性的不当な行為の 疑惑を理由に 緊張を高めており
しかし,この集会の主な目的は,共和党が11月の選挙で,少しの勢いを取り戻すためでした.
選挙戦の発表によると,来週開催される5回の選挙戦は "共和党が上院と下院で保持している多数を 守ろうとして,志願者や支持者を励ます" 目的で開催された.
"議会の管理は大統領にとって重要な課題であり 選挙戦が激しくなる中 大統領はできるだけ多くの州を 訪れるとしている"と 匿名のトランプ大統領選挙戦の広報担当者は ロイターズに語った.
ウェスバンコアリーナで 開催される 集会は "オハイオ州とペンシルバニア州から 支持者が集まる予定で
土曜日はトランプが"ヶ月で2度目のウェストバージニア州を訪れる予定で 2016年に40ポイント以上で勝利した州です
選挙で落第した 共和党のウェストバージニア州上院議員候補の パトリック・モリスィを 助けるためでした
"大統領に投票率を上げるため 参政権を強めるようなことは モーリスにとって好兆ではない"と 西バージニア大学の政治学者のサイモン・ヘイダーは言う.
2018年ライダーカップ: 勇敢なアメリカ代表は希望を保ちました
片っ端の3回に過ぎたら 週末の4回戦が 必要になるかもしれません
運動の概念は 選手が完全に信頼している 発見の結果であり, 競技のこの分野では 超えることは何もありません
どこに勢いがあるんだ?
"前は6点前だった 今は4点前だから 少しの勢いがあると思う"と ジョーダン・スピースは 振り返った
勝者は4点で,残りは12ゲーム.
しかしアメリカチームは スピースが言うように 勢いを感じています そして 勢いはたくさんあります スピースとジャスティン・トーマスは 格闘の日に3ポイントずつ 獲得しています
スピースは ティからグリーンまで 致命的なプレーをして リードを絶やさず 追い抜いた
怒ったセレブが 打撃を上げ 打撃を重ね 試合を決勝に導く 重要な打撃を打った
15番の打撃で勝利した彼の投手は 歓声で迎えられました アメリカは負けていないと 信じていたことを 伝えるような歓声です
"もっと頑張って 自分の試合を心配するんだ"と スピースは言った.
選手たちはみんなもう行っている
18の穴をマークする
スピースとトーマスより ポイントを2日分以上獲得した選手は フランチェスコ・モリナリと トミー・フリートウッドです
独特の2組は4人対4人で 間違いなしです
モリウッドは土曜日の午後はボギーシュートをしない唯一のカップルですが,土曜日の朝はボギーシュート,金曜日の午後はバックシート,金曜日の朝はバックシートでボギーシュートをしない.
走行と 熱い勢いで 群衆の中にも 流れていく姿は 周日には 敗れる選手だと確信を強めました フリートウッドやモリナリほど 有名な選手は ゴルフ・ナショナルで 夕暮れに ヨーロッパの勝利を 掴むことが できなかったのです
違う穴に同時に置くのが良い
しかし,ヨーロッパが勝利したと言うのは,まだ早い.
ババ・ワトソンとウェブ・シンプソンは セルジオ・ガルシアを 短縮した 4本目のヒーローが アレックス・ノレーンと対戦した
前に9を2倍するボグイが 穴を掘るようなものです スウェーデンやスペインのゴルファーは 穴を掘りだすようなものです
でも日曜日は穴から出られない
フォーボールとフォーサムでは 交際の関係や 意見や不意見や 戦略が瞬時に変化する様子を 詳しく見ることができます
決勝までにはかなり先行したけど 4人組のセッションは アメリカが 疑惑の余地なく 勝てるという事を証明した
ヨーロッパが10-6でリード ライダーカップの最終日
ヨーロッパのライダーカップの最終戦は 試合から回復し,アメリカを10-6に勝ち抜いた.
トミー・フリートウッドとフランチェスコ・モリナリが 2勝でリードし リー・ゴルフ・ナショナルで 4ポイントで勝ちました
2年前 ハゼルトインで失くしたトロフィーを 守ろうとしているトーマス・ビョーン (Thomas Bjorn) のヨーロッパチームは 午前中の4ボールで 誤ったアメリカ人を圧倒し 3-1にしました
アメリカは4人で対戦し 2勝を打ったが 逆差を軽減できなかった.
ジム・フライクのチームは 12試合で8得点を獲得し 優勝を勝ち取りました
フリートウッドはヨーロッパで初めて4点連続で勝利した初戦者で,彼とモリナリ (その週末の衝撃的な試合から"モリウッド"と称) は,ライダーカップ史上4試合で4点を獲得した2人目のカップルとなった.
ウォーズとパトリック・リードを 打ち負かしたあと ウォーズとアメリカのデビュー選手 ブライソン・デカンベウを 打ち負かした
ウッズは土曜日の2試合で 勝負を強めたが 試合は9回で敗れた.
ジャスティン・ローズは4本目で休憩をとり,その後ヘリク・ステンソンと対戦し,ダスティン・ジョンソンとブルックス・コエプカに2対1で敗れた.
ヨーロッパの国は フランスの南西部の風が吹いてるのに 単独では 達成できない
3度の優勝者 ジョーダン・スピースとジャスティン・トーマスが 2点でアメリカに制圧を打つ
彼らはスペインのジョン・ラームとイアン・ポウルトーを2&1で勝て 4ボールで勝利し,最初の2つのホールを失った後,ポウルトーとロリー・マクロイを4&3で倒した.
チームが4ポイントの差から 試合に復帰したのは レーダーカップ史上2回しかありませんが 優勝チームとして 勝利したフリックは 勝利の差から 勝利の差までしか 勝てないのです
しかし2日間の最強の後 周日の反撃は 圧倒的だった
北朝鮮は"不可能"と 断言しています 信頼の無い 核兵器を 単独で 放棄するのは不可能だ
土曜日,北朝鮮の外相は国連に,制裁が米国に対する不信心を深めるのを止め, 核の廃棄を,このような状況で, 単独で行うことは不可能だと語った.
リー・ヨンホは,国連の年次総会で,北朝鮮は昨年,核実験とミサイル実験を停止し,核実験場を撤廃し,核兵器や核技術を開発しないことを約束したなど, "善意を示す重要な措置"を講じた.
"しかし,米国から適切な対応は 見られていません"と彼は言いました
"アメリカに信頼がなければ 国家の安全に信頼が持たれず 国家の安全を脅かすような状況下では 単独で武器を放棄することは不可能です"
朝鮮が段階的な措置をとるために罰せられるという 核無化に向けた"段階的"アプローチに対するワシントンの抵抗について,リ氏は北朝鮮の同じ苦情を繰り返したが, 重要な発言は,北朝鮮が過去にしたように完全に拒絶していないことだ.
リー氏は,金正恩とトランプが6月12日にシンガポールで初めて開催した米国大統領と北朝鮮の首脳間の首脳会談で共同声明を発表し,金正恩は"朝鮮半島の核無化"を図ると約束し,トランプは北朝鮮の安全保障を約束した.
北朝鮮は1950年から1953年の朝鮮戦争の 終結を公式に望んでいますが 米国は北朝鮮が核を止めなければならないと 要求しています
ワシントンは北朝鮮に対する 厳しい国際制裁を緩和する要求も 拒否しています
"米国は"核解除を優先する"と主張し,制裁を強行することで圧力を強めた. "戦争終結宣言"を拒絶する.
"制裁が私たちを 屈服させると考えるのは 知らない人の幻想です
しかし問題なのは 継続的な制裁が 信頼を損なうということです"
リー氏は,金とトランプの第2次首脳会談の予定については言及していません.
閣僚は,ここ5ヶ月の金正恩と韓国の文在の3回の会談を強調し",この非核化に問題があるのは米国ではなく,韓国の側であるなら,朝鮮半島の非核化はこのような行き詰まりには至らない"と付け加えた.
しかし,リーの演説のトーンは,昨年と劇的に違っていた. 国連総会で,北朝鮮のミサイルが米国本土を標的とするのは避けられないことだと発言した. "悪魔の大統領"トランプは,自爆の任務で"ロケット男"とキムを呼んだ.
今年国連会議で,トランプは昨年,北朝鮮を"全面破壊"すると脅し, 脱退の進捗を称賛した. しかし,北朝鮮が核を無くなるまで, 制裁は継続されなければなりません.
トランプ氏は水曜日に 期限はないと明言し "2年,3年,5ヶ月でいい"と強調した
中国とロシアは,国連安全保障理事会が, 朝鮮半島を,この措置に対して, 罰せるべきだと主張しています.
しかし,マイク・ポンペオ米国外務大臣は木曜日に国連安全保障理事会にこう言いました: "安全保障理事会の制裁の履行は,完全な,最終的な,検証された無核化が実現するまで, 断固として継続され, 失敗は許されない".
安全保障理事会は,北朝鮮の核・弾道ミサイル計画への資金提供を停止する為の 2006年の制裁を, 決議した.
ポンペオは国連総会でリと会見し,その後,次の月,二度目の首脳会談の準備のために,再び平壌を訪問すると述べた.
ポンペオは今年3回北朝鮮を訪問しましたが,この最後の旅行はうまくいきませんでした.
彼は7月に平壌を離れると 言ったのです "実際のところは進展がある" "ただ何時間もかけて 侵入した北朝鮮に 暴徒のような要求を"
北朝鮮は,今月,ムーンとの会合で, 米国が"適切な行動"を取れば, 核施設やミサイル基地を 破壊すると約束した.
彼は,金正恩が彼に"自分の意思に合った行動"を促したことは,トランプがシンガポールに約束した安全保障の保証であり,ワシントンとの関係を正常化させる方向に動いている,と述べた.
ハーバード大学生が 十分な休息の講座を 開催しています
ハーバード大学で 今年始まった新学習プログラムでは 学生たちは 睡眠を充足させ カフェインを消費する 人文化に逆らっています
ある学者が発見したのは 世界一の大学で 学生たちは 基本的には 自身の健康を 守れないという事実について ほとんど何も知らないということです
ハーバード医学部の 睡眠医学教授で ブリガム・アンド・ウーメンの 専門医である チャールズ・チェイスラーは この講座を設計し アメリカで初めてだと 確信しています
睡眠不足が学習に与える影響について 講演した後に 授業を始めるきっかけになりました
"なぜ今 告知されるまで 留学を続けるのか?"
誰も睡眠の重要性を教えてくれなかったと 驚いた"と彼女はThe Telegraphに語った
今年初めて 公開されたコースでは 学生たちに 睡眠習慣が 学生の学力や運動成績や 全体の健康を 改善する要因について 教えています
ハーバード医学部の 精神病学教授で 保健医療の最高責任者でもある ポール・バレイラによると 大学は 学生の睡眠不足が週に一度と 判明した後に このコースを導入しようと 決めたというのです
この"時間のコースには インタラクティブな課題があります
宿舎の写真の"つのセッションでは 学生がコーヒーカップや カーテン スポーツパンツ 絵本をクリックして カフェインとライトの影響を説明し 睡眠不足がスポーツの成績に 影響を及ぼすと 睡眠時間の規則を 重要視するようになりました
睡眠不足の期間が 心臓発作,脳卒中,うつ病,がんのリスクを 増加させるという説明が 与えられています
インタラクティブアイコンを備えた キャンパスの地図で 日常の生活について 考えさせました
学生の行動を 瞬時に変えることは なかったのです
しかし私たちは,喫煙が健康に与える影響について 知る権利があなた方にあるのと同様に,知るべきだと考えています"とチースラー教授は言う.
農業を誇りに思う文化は 存続していると言っても 現代のテクノロジーと 学生のストレスが 睡眠不足を意味していることが 問題となっているとも言っています
十分な質の高い睡眠を 確保することは ストレスや疲労や不安に 対抗する "秘密の武器"であるべきだと 言うのです 睡眠不足が脳に飢餓モードを 誘発し 飢えを誘発するから 体重増加を防ぐこともできます
レイモンド・ソは 19歳のカリフォルニア出身で 化学と物理生物学を学び 教授の授業を手伝っていたのですが 去年ハーバードで 初めての授業で 授業の"つに 参加しました
このコースは彼の目を開け キャンパス全体で コースを企画するきっかけになったと 言いました
次に彼は 卒業生全員に 競争の激しい大学に入る前に 同じようなコースを 修了するよう指示することを望んでいます
学生に睡眠時間や目覚め時の アラームを設定することを 検討すべきだと 教授は言うのです また 電子ディスプレイやLEDライトが発する"青い光"が 睡眠の妨げとなり 睡眠に問題を起こす可能性があることを 意識すべきだと
ゲラードの精神を弱めた
再び レンジャーズは 悲嘆の日の出で ドリー・メガの攻撃で 離婚したスティーヴン・ジェラードが 敗退し リビングストーンで1対0で敗れた
イブロックスチームは2月,セントジョンストーンで4-1で勝利した以来,旅の最初の勝利を記録しようとしたが,ガリー・ホルトのチームは,ゲラードに18試合の監督制で2度目の敗北を与え,ラドブロークスのプレミアリーグのリーダーであるハートスから8ポイント落差させた.
試合は7分も残って ランジャーズは 勝てない
ランジャーズは6位に下がり リビングストンは3位に上がり ギャップはヒバーニアンに1得点で
ランジャーズに 問題を起こせるかもしれない ランジャーズに 問題を起こさせるかもしれない ランジャーズに 問題を起こせるかもしれない
ゲルラードは8つの変更を組み, アイルをベトフレッドカップの準決勝に追い抜いた.
代わりにホルトは先週ハルツから1ポイントを 奪った同じライヴ11で 行くでしょうし 敵を驚かせるような 服装で 喜ぶでしょう
レンジャーズがボールを 支配しているかもしれないが リビングストンは 持っているボールを もっとうまく使っている
スコット・ピットマンが 短く投げてゴールに追い込んだ 試合は2分以内に終わりに
グレート・ジェイコブスが 打ったフリーキックは グレート・ハルケットに 打ち当たったが 守備の仲間のアラン・リトゴウは 打撃を後から受けた
ランジャーズはコントロールを握っているが, 決勝戦の3回目には期待よりも自信が多かった.
アルフレド・モレロスは 準準でスティーブン・ローレスと 衝突した際 罰金を受けるべきだと 感じたでしょうが スティーブン・トムソン裁判官は コロンビア人の訴えを 却下した
ランジャースは2回しか出なかったが 前イロックス・ゲーキーパーのリーアム・ケリーは ラサナ・クーリバリのヘッド・フルーツと オヴィ・エジャリアの攻撃に えなかった.
34分目のリヴィの打開ゴールは 試合の流れに逆らったものかもしれませんが, 自身の努力によって,彼らがそれを獲得した事を否定することはできません.
レンジャーズはジャコブスの シュートボールに負けました
スコット・アーフィールドは反応せず グラガーはボールをスコット・ロビンソンに投げつけ 穏やかにマギーを選択した
グレアが休憩時にカウリバリーをライアン・ケントに代わってプレーしたことで, プレーヤーはすぐにモレロスにボールを渡すことに成功したが, ケリーはすぐに出場して, 打撃をかけた.
しかしリビングストンは 野外チームに 楽しんだプレーを強要し リトゴウとハルケットは 長いボールで全攻めを した
ホルトのチームは 勝率を上げようとしていたが マクグレゴーは ライトゴーが 角を抜ける前に ジェイコブスを追い抜くために 立ち上がった
ランジェルスキーで ゲレン・ミドルトンが 再びペナルティを 獲得した ジェイコブスとの争いが 再びトムソンが 顔を背に
ゲーゲー分子の発明者
日の出です 1882年9月30日 136年前 そして 未来 物理学者のヨハネス・ヴィルヘルム・"ハンス"・ゲーガーが ドイツで生まれました
ゲーガーは放射能を検出し 測定する方法を開発しました この発見により 装置はゲーガーの計器と呼ばれました
ゲーガーカウンターは それ以来 科学の基盤となってきましたが 流行文化でも 存在しています 例えば 1950年の映画 『コロナドの鐘』で 登場人物は 疑わしい科学者のロイ・ロジャースと デール・エヴァンスです
男:何だ?
これはゲーガー検出器で ウランのような放射性鉱物の 位置を特定します
耳元をつけると 鉱物の中の放射能が放出する 原子の効果が 聞こえるのです"
言って下さい! 今すぐ出てくるんです
"ハンズ"ガイガー"は 1945年に亡くなりました 63歳の誕生日の数日前に
しかし この発見が 名前を存続させたのです
癌のワクチンは 免疫系が 悪い細胞を 認識する方法を教えています
癌の新ワクチンは 免疫系に 悪い細胞を認識し 破壊する方法を教えている
ワクチンは免疫システムに 治療の過程で 邪悪な細胞を 認識させる方法を教えます
患者の免疫細胞を採取し 実験室で作るという プロセスが 組み合わされています
多くのがんに共通するタンパク質を 特定して 再び注射します
実験的なワクチンは様々な癌の患者で 期待できる結果を示しています
免疫系が悪質細胞を 認識するよう 免疫系に教えられたワクチンで 治療を受けた女性は 18ヶ月以上 卵巣がんをなくしました
この方法は 患者の免疫細胞を抽出し 実験室で変えて 癌の多くの部位に含まれる タンパク質 HER2 を "認識"し 再注入する プロセスです
メリーランド州ベセスダにある アメリカ国立癌研究所の ジェイ・ベルゾフスキー教授は "この結果は ワクチンが有望な結果を示しています"と語っています
HER2は乳がん,卵巣がん,肺がん,結腸がんなど "いくつかの種類の癌の成長を促す"と 教授は説明しました
患者の免疫細胞を採取して ガン細胞を標的とする方法を "教え"ることで ある種の白血病の治療に 成功したアプローチです
カニエ・ウェストは,SNLの出演後に, ファン・トランプの 演説を始めました.
運が悪かった
ウェストはサタデー・ナイト・ライブで スタジオで批判され 川普大統領を称賛し 2020年に大統領候補を 目指すという発言を しました
3回目の歌で"ゴーストタウン"を披露し "メイク・アメリカ・グレート"という帽子をかぶった後 彼は民主党に挑み トランプ支持を再現した
"白人と話すと よく聞かれるのは "トランプが人種差別主義者だから どうして好きになれるの?"
"人種差別を心配するなら 私はもうずっと前にアメリカを離れていた"
SNLは Matt Damonが主演する 戯れでスタートしました 俳優は ブラット・カバナウが セクハラ容疑者 クリスティン・ブラシー・フォードの証言を 司法委員会で嘲笑したものです
放送されなかったものの,ウェストのこのビデオは,コメディアンクリス・ロックによってソーシャルメディアにアップされた.
ロックはウェストを 嘲笑しようとしていたのかどうかは不明です
さらにウェストは 観客に 帽子で舞台裏での 困難を訴えたと訴えた.
"舞台裏で 追い出されてる
帽子をかぶって 外に出ないで
追い出された!
"私は溺れてる"と ワシントン・エグザミナー紙は 報じた
ウェストは"海没の場所を見たい?"と尋ねると スーパーマンのを着るというので 仕方がないから
試しに愛して
彼のコメントは観客から 嘲笑を招き SNLのキャストは恥ずかしくなったとVarietyは報じた "スタジオ全体が沈黙した"と
ウェストは数日前に亡くなった シンガー・アリアーナ・グランデの 代わりとして 臨時採用された
ウェストは"I Love It"の歌を披露し パーリエのボトルのように 服装して 多くの人を混乱させました
保守派のTPUSAの議長であるCandace Turnerは ツイートして"最も勇敢な魂の1つに 市民を助けていただき ありがとう"と投稿しました
ウェストは"自分らしくあり 本当に素晴らしい"とツイートしました
"しかし私は, (音楽や服を買ったり,芸術を奨励したりして) 自分のコミュニティに有害なイデオロギーを 支持し,発信している人を 褒めるのを選択した.
彼は自由だ
私たちもそうでした"
ショーの前,ラップ歌手さんはツイッターで 名前を変更したと発表し,彼は"公式にカネエ・ウェストとして知られる存在"だと述べた.
名前は変えて ディディの跡をたどった 初めてのアーティストではありません
シンフォニックのスヌープ・ドッグは スヌープ・ライオンと名付け プリンスの名前の伝説を 象徴として変えてしまい 後にプリンスという名前で 呼ばれたアーティストとなりました
ベルファストのレストランで 刺殺事件で起訴
45歳の男性が 殺人未遂で 起訴されました 金曜日にベルファストのレストランで 男が刺されたことで
警部によると,事件は Ballyhackamore で起きた
弁護人は月曜日にベルファスト郡裁判所に 提出される予定だ
検察は この件を 検討する
"ゲーム・オブ・スローンズ"のキット・ハリントン 毒性の男性性を批判
キット・ハリントンは HBOのドラマ『ゲーム・オブ・スローンズ』で 暴力に満ちた中世のファンタジーシリーズで ジョン・スノー役の 剣の振動で有名です
しかし31歳のこの俳優は 壮大な男優のステレオタイプを否定し 青少年が 尊敬されるように 強い存在だと感じられるように 画面上の役を演じるのだと言いました
キットはサンデー・タイムズ・カルチャーに こう語りました "何か間違ってる"と 確信し #MeTooの時代における ひどい男性性の問題に対処する方法について疑問を投げかけている
"ゲーム・オブ・スローンズ"の相手である ローズ・レスリー (31) と結婚したキットは この問題を議論する上で"強い"と感じたと証言しています
"私は,個人的に,かなり強いと感じています,今 - どこにこの男性性の問題で私たちの間違いは?"と彼は言った.
"男性に何を教えるか" "今の問題と向き合うように"
悪い男性性感がテレビに 登場する原因の一つだと考えます 登場人物が男性的な性格を 持っているからです
生まれながらにして どんな性格だったか 教えられたのか?
テレビや街頭で 男の子が男らしくいられるように 教えられているのは何でしょう?
現代の大きな疑問の一つは "どうやって変えられるか?"です
明らかに若者たちに何か悪いことがあったのです"
インタビューで彼はまた,今夏の終わりにGame of Thronesのプレキュールや続編に出演しないことを認め,彼は"戦場と馬で終わった"と述べた.
11月より キットはサム・シェパードの 『True West』の復活を主演として演じる 映画のプロデューサーと彼の兄弟の 盗賊の物語
俳優は最近 妻のローズとの出会いを 劇場を去る最大の理由だと 発言しています
"このショーで妻と出会って 将来の家族を手に入れたんだ" "そしてここから人生が始まるんだ"
ローズはエミー賞を受賞した ファンタジーシリーズで キットの恋人 ジョン・スノウを演じた.
2018年6月,スコットランドにある Leslie の家にある土地で結婚した.
HIV/AIDS:中国では14%の新規感染者が報告されています
中国では14%のHIV感染者増加が 報告されています
保健当局によると,この国では 820,000人以上が感染しています.
2018年第2四半期だけで 約4万件の新規感染が報告されました
感染者の多くは 性的感染者であり 変化を意味しています
伝統的にHIVは 感染した人の血液を輸血することで 中国の一部地域から 急速に感染しています
しかし,この方法でHIVに感染する人の数はほぼゼロに減ったと,中国の保健当局者は,ユナン省の会議で述べた.
しかし,毎年,HIVとエイズに感染している中国人の数は10万人に上っています.
性的感染によるHIVの感染は 中国LGBTコミュニティの深刻な問題です
同性愛は1997年に中国で違法とされましたが LGBTに対する差別は 激しくなりました
この国の保守的な価値観から 推定される 70-90%の男性が 後に結婚するそうです
多くの感染症は 性的保護が不十分であるから 感染する
2003年以来 中国政府は この問題に取り組むために HIV治療の普及を 約束してきました
マクシン・ウォーターズは 共和党議員のデータを スタッフが漏らしたとして 危険な嘘や 陰謀説を広めたと否定した
議会のマキシーン・ウォーターズ議員は土曜日に スタッフの一人が 3人の共和党議員の個人情報を 議会のウィキペディアに投稿したことを否定した.
ロサンゼルス民主党は 専門家や"極右の"ウェブサイトが 提唱していると主張しています
"嘘,嘘,そしてもっとひどい嘘"と ウォーターズはツイッターで声明を出した.
流出した情報には ユタ州の シンセーラ・リンゼイ・グラハム シンセーラ・リンゼイ・グラハム シンセーラ・リンゼイ シンセーラ・リンゼイ シンセーラ・リンゼイ シンセーラ・リンゼイ シンセーラ・リンゼイ シンセーラ・リンゼイ シンセーラ・リンゼイ シンセーラ・リンゼイ シンセーラ・リンゼイ シンセーラ・リンゼイ シンセーラ・リンゼイ シンセーラ・リンゼイ シンセーラ・リンゼイ
内容が木曜日に ネットで公開され, 匿名の人物が 議会で議事堂に投稿したものです 裁判所の候補者ブレット・カヴァナフに対する 不当な性的虐待の申し立てについて
漏洩は3人の上院議員が カバノウに質問した直後に発生した
保守的なサイトである Gateway PunditとRedStateは 送信元を特定したIPアドレスが ウォーターズ事務所にリンクし ウォーターズスタッフの1人の情報を 明らかにしたと Hillは報告した.
"この根拠のない告発は 完全に誤りであり 絶対的な嘘です"とウォーターズは続けました
"私のスタッフは - 偽りで誤った告発によって 身元や個人情報や安全が 脅かされている - この情報漏洩の責任は全くないのです
根拠のないこの非難は 完全に誤りで 絶対的な嘘です"
ウォーターズの発言はすぐに ネット上で批判を呼んだり 報道官はアリ・フレイシャー氏も加わった.
"この抵抗は怒りを表すもの"と フライシャー氏は書いています
"彼は議会にふさわしくない"
犯していないことを 非難されるのは 怒るべきではない
偏った方向にはならない
容疑者の動機を疑うことは 許されない
静けさや平和に 満ちています"
フライシャー氏は ウォーターズ氏の反応を比較して 批判する民主党の 批判を批判した カバノウ裁判長を批判した 批判者らは 怒った様子を見せていた
共和党のオマル・ナバロは ウォーターズを 追い詰めようとしていた.
"本当なら大したことだ"とツイートした.
ウォーターは声明で 事務所は"適切な当局と法執行機関に この誤った主張を 警告した"と述べた.
"犯罪者は必ず逮捕される" "そして,私のスタッフの皆に 損害を与え,危険を及ぼす行為に対して 法律的に責任を負う"
ジョニー・イングリッシュ・ストライク・アゲイン ローアン・アトキンソンの スパイ・パロディ
ブリジットについて新しい映画に 注目するのが 伝統です そして 再び登場したジョニー・イングリッシュの 戯曲・パロディ・フランチャイズもそうです 2003年にジョニー・イングリッシュで始まり 2011年にジョニー・イングリッシュ・リボーンで 復活したジョニー・イングリッシュの 戯曲・パロディ・フランチャイズもそうです
国の新たな輸出機会になるのか?
顔のガムで 顔の悪い 素直なジョニー・イングリッシュは 混乱のライセンスを 再発行したことで 名前から 分かるように 彼は英語以外の言語で 撮影される漫画の 代表作だ
明らかに 変な秘密捜査官で 変な疑いながらも クラウソクや ミスター・ビーンの 登場人物や 旅人の一面は わずかなノートで 貢献したようです 2012年のロンドンオリンピックの 開会式で 炎の戦車に
実に彼は,アトキンスンがバークレヤカードTVの 忘れ去られた広告で演じた 旅行者や国際謎の男を 背景にしています.
最近の旅で 甘い瞬間が2つあった
ジョニー・イングリッシュがヘリコプターに近付くと 気に入ったんです クラシックなを着て ローター・プロンが ヘルメットに突っ込んできました
アトキンソン賞は 物理的な喜劇で表されるが ユーモアは 太く 奇妙すぎると感じられる 特に007やミッション・インポッシブルのような "本気"な映画ブランドが 喜劇を素材として 含める自信を持っているときだ
ユーモアは子供向けで 大人向けではないようで 私はジョニー・イングリッシュの 奇妙な運命を 革新的ではなく 黙の映画でアトキンソンに 焦点を当てた 冗談を ビーンにしました
この数年間 熱い話題になっているのは イギリスが深刻な問題を抱えているということです
サイバーハッカーが 秘密のイギリス諜報網を 侵入し 捜査官の意向を 明らかにしたのですが ケヴィン・エルドンは 任務を遂行する役を 果たすことに 失敗しました
傲慢で敵対的な首相の最後のチャンスです 政治的支持は完全に失われてしまいました エマ・トンプソンはテレサ・メイのような 性格で素晴らしい役を演じましたが 脚本から取り上げることはほとんどありませんでした
賢い助言者は 退役軍を 連れて行くと 指示した
なジョニー・イングリッシュが 豪華な建物で 校長として雇われていて 秘密の秘密の授業を 提供しているということです 隠蔽作戦の 面白いジョークがあります イングリッシュが スパイの学校を 提供しているところもあります
英国は緊急通報のため ホイットホールに戻り 長い間苦しんでいた友人である ブフと再会しました
ボウ夫は結婚して 潜水艦の指揮官の娘で ヴィッキー・ペッパーディンが 役立たずになった
バットマンとロビンは 秘密の捜査官の陛下を 裏切ったことが判明し 謎の美女 オフィリア・ブルトーヴァと出会った
一方首相は心配していたのは コンピュータの問題を解決すると主張する 魅力的な技術者 ジェイソン・ヴォルタの 影響を受けることでした
ウェイトレスとして偽装してフランス料理店を焼いた. ヴォルタの豪華船に潜入して混乱を引き起こし,彼がヴォルタの家のインテリアに VR ヘッドセットを装着しようとすると,アナーキーを引き起こした.
停電は全て 最後のシーケンスまで引き延ばされるが 温かいさや 軽蔑さで 番組を放送する子供たちのチャンネルは ほとんどない
適度なものです
Johnny Englishの他の映画と同様に 私は考えました イギリスの映画業界は ロウアン・アトキンソンに 彼女の才能にふさわしい役を 与えられないだろうか?
労働者は英国人に対して 週に4日働くよう計画していると 否定している
労働組合のジェレミー・コービン氏は 週に4日しか働かないという 激進的な計画を考案しています
労働組合は従業員に 余分な休暇を与えることで 企業経営者が AI革命によって 節約したお金を 労働者に与えることを望んでいるという 報道がありました
従業員は3日間の週末を 楽しんでもらいますが 給料は同じです
複数の情報筋は 労働者を支援する国の経済計画と 党の経済計画に 合致するという見解を示している.
労働者が経済変化の恩恵を受けられるよう 英国商工会議は 週4日の労働制を 承認しました
労働組合の幹部である情報筋は Sunday Timesにこう語った: "この政策の評価は,年末までに発表されるだろう.
"一晩で実現するわけではなく 4日間の労働は 労働者を支援する経済を 回復させるための党の取り組みと 党の産業戦略の全体に 合致するものです"
労働党は 緑の党が 2017年の選挙運動で 週に4日労働を 約束したことで 発想を後押ししたのは初めてではありません
しかし,現在,その願望は,労働党全体によって支持されていません.
労働党の広報担当者は "週4日の労働は党の政策ではないし, 検討中ではない"と発言した.
影の議長ジョン・マクドネルは 先週の労働会議で 経済の社会主義革命のビジョンを 実現しました
マクドネルは 匿名取締役と 役員から 権力を奪おうと決意したと言いました
飲水会社の現在の株主は 完全に取り戻されなくなるかもしれない というのも 労働党の政府は 違反を理由に "減額"を 適用できるからです
従業員を会社の役員に 入れようとしたことも確認し 民間企業の10%の 株式を従業員に与え 500ポンドの年配当を 与える 包摂的所有権基金を設立しました
リンジー・グラハムとジョン・ケネディが60分に語ったのは カーナウの捜査が 意見を変えるかもしれないと
FBIの捜査が  Brett Kavanaughの 支持を推し, 共和党議員の支持を 引き下げられるか疑問を 引き起こしています
"60分"のスコット・ペリーは 日曜日にインタビューで 共和党上院議員のジョン・ケネディと リンジー・グラハムに FBIが彼らの考えを 変えられるような何か見つけたか尋ねました
彼は南カロライナ州出身の同僚より オープンな人でした
"もちろん"とケネディは言った
"裁判に出席する" "カヴァナフ判事と話をした"
事件の後に電話して 訴えを提出して "あなたはやったの?"と聞くと
頑固で 意志が強い男だ"
しかし,グラハムの声は 変えられないようです.
"私はブレット・カヴァーナに対する 判断を固めており 変えるには もっと大きな訴えが必要だと 思う"
"フォード博士,何が起きているのか分かりませんが, 分かっているのは,ブレットが強く反論していることです"と, グラハムは付け加えました.
"彼は誰に言及しても 確認できない"
36歳でした
変化が全くない"
グローバル・シチズン・フェスティバルとは何か? 貧困を減らすために何かしているのでしょうか?
この土曜日は,ニューヨークで "グローバル・シチズン・フェスティバル"が開催されます. 恒例の音楽祭で, 輝かしい歌手たちが,
今から7年目には グローバル・シチズン・フェスティバルが 開催されます セントラルパークのグレート・ラウンに 集まる数万の観客がいます ジャネット・ジャクソンや カーディ・ビーや ショーン・メンデスといった 俳優の活躍を楽しみながら だけでなく このイベントの真の目標である 2030年までに 極度の貧困をなくすという 意識を高めようとしています
2012年に始まったグローバル・シチズン・フェスティバルは グローバル・ポヴェリティ・プロジェクトを 継続しています.
コンサート参加者は,イベントの無料チケットを手に入れるために (VIPチケットを支払わない限り) シリーズタスクや"アクション"を完了し, ボランティア,世界リーダーへのメール,電話,
しかし この12年間で グローバル・シチズンは 目標を達成することに どれほど成功しましたか?
無料のコンサートが 行動に誘うための正しい方法なのか それとも"クリックティビズム"と呼ばれる オンラインの請願書や ツイッターで 変化を起こすことができるという 感覚を 持つための方法なのか?
2011年以来,グローバル・シチズンは 支持者からの1900万以上の "行動"を記録しており, 支持者による新たな目標の設定を 促している.
この行動が世界のリーダーを 動員し 2030年までに22億5千万人以上の 人々に影響を及ぼす 37億ドル以上の 約束と政策を発表させたといわれています
2018年初頭には390のコミットメントと発表が集まりました そのうちの少なくとも10億ドルが 資金調達や資金調達に費やされました
グループによると 安全な資金は 今までに 世界中で約6億4千9百万人に 直接影響を与えていると推定されています
重要な取り組みの一つは "子どもたちが最大限の可能性を秘めたまま成長できるように支援する"と 投資者や運営者からなる イギリスのパートナーシップである "栄養の力"が ルーワンダに3,500万ドルの寄付を約束し 国内の栄養失調を撲滅する 支援をするとしています グローバル・シチズンのツイートが 4,700件以上も寄せられました
"英国の政府や 寄付者 国の政府や グローバル市民の支援で 栄養失調に関する この不公平な社会を 歴史に刻み込むことができるのです"と The Power of Nutrition の特使 トレイシー・ウルマンは 2018年4月にロンドンで コンサートで 聴衆に語った
グループによると イギリスで母親と子供の栄養を向上させるための 活動が5000件以上行われ 政府が プロジェクト"栄養の力"に 資金を提供することを発表し 栄養を通して 5百万人の女性と子供たちに 支援を行います
ウェブサイトの"Consensus"の質問に答えました "極度の貧困を終わらせられると考えるきっかけは?"
"これは長くて辛い道になる - 時には落ちて失敗する"
しかし 公民権運動や アパルトヘイトに反対する 偉大な運動が私たちの前にあったように 私たちは成功するでしょう なぜなら私たちが団結すれば より強くなるからです
ジャネット・ジャクソン,ウィークン,ショーン・メンデス,カーディ・B,ジャネル・モナエは,デボラ・リー・フーネスとヒュー・ジャックマンが 司会する,ニューヨークの今年のイベントのスターたちです.
アメリカはロシアからのエネルギー輸出を抑制するために海軍を"封鎖"として使う - 国務省長官
"必要な場合,ロシアからのエネルギーが中東を含む市場へ 流出しないようにするため,ワシントンは海軍の支援を要請する"と,米国国務長官のライアン・ジンケは,ワシントン・エグザミナー紙に 引用した.
シリアのロシア介入は - 特に,正当な政府の招待を受けて活動しているところ - は,新たなエネルギー市場を探索する口実であると,ジンケは強く主張しています.
"彼らが中東にいるのは, 東欧や南欧のエネルギー市場になるためだと私は信じています"
予防方法も 存在すると
"アメリカ合衆国は,海上通路を 確保する能力を持ち, 必要であれば, 封鎖を施す,
シンケは米国で"エネルギー消費者の声"を 掲げている非営利団体であるエネルギー消費者の同盟が 開催したイベントの 参加者たちにこう語った.
効果的には同じだと 指摘した
"イランとロシアの経済的な選択肢は 燃料の利用と代替だ"と彼は述べ,ロシアを"この分野における専門家"の1つと称して, 化石燃料に依存した経済を強調した.
この発言はトランプ政権の 代表が欧州への 液化天然ガスの輸出を増やすための 任務を遂行している時に 起きました ロシアの代わりに ヨーロッパで 消費する顧客にとって 格安な選択肢です
そのため,トランプ政権の幹部たち,その中には,ドナルド・トランプ大統領も含まれ,ドイツを"不適切"な"ノード・ストリーム2"のパイプラインプロジェクトから脱却するように説得しようとしています.
モスクワは繰り返し強調してきた. 既存の石油リファレンスのパイプ容量を1千万立方メートルに倍増する"ノル・ストリーム2"の"億1,000万ドルの プロジェクトが,純粋に経済的なプロジェクトだ.
ウクライナは,このプロジェクトに対するワシントンの抵抗は, 単なる経済的な理由から, 不公平な競争の例であると主張しています.
"エネルギーが圧迫の手段であってはならないと, 消費者が自社の供給者を選ぶべきだと, 我々は一致した見解を持っていると思います"と,ロシアエネルギー大臣アレクサンドル・ノヴァク氏は, 9月にモスクワで米エネルギー大臣リック・ペリーと会談した後に述べた.
政府のこの態度に ドイツの反応が伴い プロジェクトへのコミットメントを改めて表明した.
ドイツの主要産業団体であるドイツ産業連盟 (BDI) は,EUのエネルギー政策とベルリンとモスクワの間の双方向協定に,アメリカから干渉を免れようとしてきた.
"もし第三国が我々のエネルギー供給に干渉したら,私は大きな問題に直面する"と,ドイツ産業連合 (BDI) のディーター・ケンプフは,ドイツのアンゲラ・メルケル首相とロシアのプーチン大統領との最近の会談後に語った.
エリザベス・ウォーレンが2020年の大統領選で "状況を見直す"と マサチューセッツ上院議員が
土曜日 マサチューセッツ州上院議員 エリザベス・ウォーレンが 選挙後の大統領選の際 "状況を見直す"と発言しました
マサチューセッツ州ホリオークの市役所で 選挙運動をしている時 ウォーレン氏は 候補を考える事を 確認した
"女性たちがワシントンに集まって 腐敗した政府を修復し 女性のトップを 務める時だ"と彼女はThe Hillに語った
"11月6日以降,大統領候補の候補を 検討する"
ウォーレンは市役所での選挙で ドナルド・トランプ大統領と自分を比較し "この地域を 間違った方向に導いてる"と批判した.
"ドナルド・トランプが民主主義に何をしているのかが とても心配です"
ウォーレン氏はトランプと 候補最高裁の判事ブレット・カヴァナフを 批判する発言を 率直にしました
ウォーレン氏は金曜日にツイートで "投票前にFBIの調査が必要"と
しかし木曜日に発表された世論調査によると ウォーレン自身の選挙区の多数が 2020年に大統領候補に選ばれることを望んでいないという.
投票者の58%が 議員の候補を 選ぶべきではないと 考えていると 回答したのがサフォーク大学政治研究センター/ボストン・グローブの 投票結果です
候補者の支持率は32%です
投票結果によると,前デヴァル・パトリック知事が 候補者候補に投票する支持率が 38%,反対候補は48%と上昇している.
2020年の大統領選で議論された民主党の他の有力者の中には 副大統領ジョー・バイデンと ヴァーモント州上院議員のバーニー・サンダースがいます
アソシエテッド・プレスによると,バイデンは1月に正式に離婚すると述べた.
サラ・ペイリンがトランプ大統領選挙で PTSDのトラック・ペイリンを引用した
トラック・パリンは26歳 軍隊に入隊後 イラクで"年間を過ごしました
逮捕され,起訴されました. 月曜日の夜に, 家庭内暴力事件で
"息子が経験したこと,そして彼が帰国する際の経験は, 他の家族とつながるのです. PTSDの影響を, 兵士が経験した傷のいくつかを, 経験した家族とつながるのです"と, 彼は, オクラホマ州ツルサで, ドナルド・トランプの選挙運動に参加した人々に向かって言いました.
パリンは自分の捕虜を"部屋の象"と 呼び出し 息子や他の戦いの退役軍人のことを語ります "彼らは少し違った形で戻ってきたのです 彼らはもっと強く戻ってきたのです 彼らは帰ってきたのです そして 彼らが与えたものに対する敬意が 存在し否か 疑問に思ったのです 兵士たちや飛行士たち そして他の軍人たちに 国のために"
彼は月曜日にアラスカ州ワシラで逮捕され, 女性の家内暴力で起訴され, 家庭内暴力と酒飲み状態での銃所持の報告が加えられたと,
18州とワシントンDCが 難民の新たな政策に 反対する
18の州とコロンビア地区が ギャングや家庭内暴力から逃れる 被害者への保護の提供を 拒否する新たな米国政策に対する 法律上の挑戦を支持しました
18州と地区の代表が ワシントンで 難民申請者に対する 支持を表明したとして 裁判所の友好状を提出した.
連邦政府の政策を巡る 訴訟の 完全な名前は公表されていません
仲間と"残忍なギャングの息子"が 虐待していると訴えたが,米国当局は7月20日に亡命申請を却下した.
テキサスで捕まってる
グラエスの支持する州検察は ギャングや家庭内暴力が 深刻な問題となっている エル・サルヴァドール,ホンジュラス,グアテマラを 挙げています
この新しい政策は 2014年に移民控訴審が 国内暴力から逃れた 不法移民が 難民申請を許可した 決定に反するものです
連邦検察長 カール・ラシン は金曜日に 声明で この新しい政策は "州,連邦,国際の 法律を 何十年も前から 覆している"と述べた.
"連邦法では 難民の申請は 特定の事実や状況に基づいて 決定されることが義務付けられており 禁止は 原則に反する"と 裁判所の友人が 簡潔に述べました
検察は移民の入国を拒否する政策が 米国経済に 害を及ぼすと断言し 移民は 雇用主となり "必要な労働力を供給する" 可能性が高いと断言した.
司法長官のジェフ・セッションが 移民法官に 家庭内暴力や ギャングの暴行から逃れる 難民の庇護を 禁止するよう命じた
"難民は,人種,宗教,国籍,あるいは特定の社会集団の会員,あるいは政治的意見の理由による迫害や恐怖によって,故郷を離れた者たちに提供される"と セクションは6月11日の公告の中で述べています
避難所は 世界中の人々が 日常的に直面する 深刻な問題とはいえ 問題をすべて解決する 手段ではありません
パルーでの救助は 惨劇的なもので 犠牲者が倍増し 生き残った人々を捜すのに 時間が掛かっている
生き残った人々は 悲惨な状況に陥りました
"とても緊張しています"と 35歳の母親 リサ・クシュマは 破壊されたパルーの難民センターで 熱気中の赤ちゃんを 慰めながら言いました
"救急車が来るたびに 死体が運ばれてくる
清潔な水が非常に稀です"
住民は破壊された家に戻り 沈没した物を回収し 発見できるものを救出しようとしました
負傷者が数百人,病院で治療を受け 7.5の地震による被害は ひどいものでした
負傷者の中には背骨と肩を骨折したドウィ・ハリスがおり, 病院の外で治療を受けていた.
涙を流して 震災が妻と娘と泊まった 五階のホテルの部屋を 揺らめ込んだ時の気持ちを語りました
"逃げ場がない
私は壁の瓦に 閉じ込められたように感じました" ハリスはAPに語った. "家族も結婚式のために町に来た"
"妻が助けを求めて泣いているのを聞いて 静かになりました
私は,彼の状態を知らなかった. 私の息子は.
幸せに過ごせ"と
"米国大使は,中国が"宣伝広告"で"脅迫"をしていると非難した
中国政府の新聞が 米国日刊紙に4ページの広告を載せた後,アメリカと中国の貿易の相互利益について,
ワシントン州立新聞社に掲載された記事で,米国大統領は11月6日の米国議会選挙に中国が介入しようと非難した.
ワシントンの選挙を妨害しようとしていると トランプが非難し,米当局者はロイターに語った.
外国政府が貿易促進の広告を出すのは普通ですが,現在,北京とワシントンは,相互の輸入関税率を上げている,貿易戦争に巻き込まれています.
貿易戦争の初期に課された中国への報復関税は,トランプの共和党を支持するアイオワ州などの州で輸出者を攻撃するために設計されたものだ,と中国と米国の専門家たちは言う.
中国大使で,農業品を中国に輸出する主要な国であるアイオワ州長を務めたテリー・ブランスタッドは,北京が米国人労働者,農家,ビジネスマンを損なったと述べた.
ブランドは,日曜日のデス・モインズ・レジスターの記事で, "現在,我々の自由メディアで宣伝広告を展開することで, 脅迫を倍増させています"と書いています.
"中国政府は,アメリカの伝統である 報道の自由と報道の自由を,利用して, 広告を Des Moines Registerに掲載した"
"反対に,ここ北京の路上新聞の売り場では, 異なる意見に対する制限が認められ, メディアは中国共産党の支配下にあるため, 問題を抱えた中国経済の軌道について, 中国人が持つ可能性のある異なる意見の本当の反映が 見られなくなるでしょう"
彼は"中国の最も有名なメディアの1つが 記事の出版を断った"と付け加えましたが どの新聞か言及しませんでした
共和党は女性候補者を排除し カバノウの惨事を予期している
共和党の有力者が  sexually abusingの容疑をめぐって 支持している最高裁判所の議長候補者 Brett Kavanaugh について 分析者は 予期せざるに 女性の反撃が 予想されることを警告しています
感情は高まっており 共和党の議員の多くが 投票に躍進することを 表明しています
阻止はできない"と,マクスウェル・スクール・シラクエス大学の政治学教授,グラント・リーハーは,土曜日に発表された記事で,The Hillに語った.
リーハーは アリゾナ州上院議員 ジェフ・フラークが FBIの捜査を 最期の段階で 促すのは 選挙民を怒らせるには 十分ではないと 疑っていると話す
"女性は昨日起きたことを忘れることはない. 明日も忘れることはない. また,11月も忘れることはない"と,進歩主義団体MoveOnの代表で,全国的な広報担当のカリーヌ・ジャン・ピエール氏は,ワシントンDCの新聞に先立って,金曜日に述べた.
抗議者は"11月が近づいている!"と叫んだ. 共和党が司法委員会を掌握し,カバノフの提名に賛成した.
"民主主義の熱情と動機は リストから消える"と 野党の政治分析家 ストゥ・ロートンバーグはニュースサイトに語った.
"それはかなり高いと言われている.それは本当だ.
しかし,特に 郊外の女性投票者や 18歳から29歳までの若年層の投票者では 投票しない人が多いのです.
フォードが公に証言する前にも 候補者による性的虐待が 詳細に説明されていたが 分析者は 共和党が彼を 推し進めると予想していた
"共和党にとっては混乱だ"と 共和党全国委員会委員長を務めた マイケル・スティールは NBCニュースに語った
"これは委員会や 投票の最終的な投票や カバノウが予備席に立つかどうかだけでなく 共和党がどのように この問題を扱っているか 共和党がどのように扱っているかということにも 関連している"と 民主党の投票を促す団体である"Priorities USA"の 責任者であるギ・セシル氏は ニュースチャンネルに語った.
しかし フォードとカバノウの証言を聞いて アメリカ人は 信じるべき人について 意見が分かれていて 後者の方が少しだけ 賛成しているようです
YouGovの最新調査では フォードの証言を41%が 完全に信じるか 恐らく信じると回答し 35%が 完全に信じるか 恐らく信じると回答しました
さらに38%の回答者は カバノが証言中に嘘をついたと 感じていると答えていますが フォードの回答者は30%でした
フォークの促しを受けて FBIはフォード氏と 容疑者のデボラ・ラミレスの 容疑を調査中だと ガーディアンは報じています
フォードは上院の司法委員会に 宣誓証をしたところ 酔っぱらったカバノウが 17歳の時に彼を襲ったと
ラムレスは,最高裁判所の候補者が 1980年代にヤール大学で パーティーに参加していた時に, 自身の陰部を彼に示したと主張しました.
ウェブの創始者は,新しいインターネットを 計画しています.
ティム・バーナーズ・リー 世界規模のウェブの発明家です 彼はFacebook,Amazon,Googleに 競争するスタートアップを立ち上げました
テクノロジー大師の最新プロジェクトである Inruptは オープンソースのプラットフォームである Solidから 構築されたものです
Solidはユーザーが自分のデータがどこに保存され 誰にアクセスしてもらうか 選択できるようにします
Fast Companyとのインタビューで バーナーズ・リー氏は 冗談として Inruptの目的は "世界を支配すること"だと語った
"今から始めよう"と スタートアップは言いました
"これは歴史的な瞬間だ"
このアプリはSolidの技術を使って ユーザーが"個人オンラインデータストレージ"を 独自に作るようにしています
連絡先リストや 課題リスト カレンダー 音楽ライブラリ 個人的なツールや 専門的なツールなども 保存できます
Googleドライブ Microsoft Outlook Slack Spotifyなど ブラウザで同時に利用できます
オンラインの個人データ保存の ユニークな点は ユーザーがどんな情報を 入手できるかは 完全に個人の問題なのです
会社では"データによる個人化"と呼ばれています
Inruptの設立の目的は 社長のジョン・ブルースによると 企業には 適切なリソース プロセス 技能を用意して ソーリッドをあらゆる人に提供することです
現在では ブルースとバーナーズ・リーと IBMが買収した セキュリティプラットフォームと プロジェクトに契約した開発者数名と ボランティアで プログラミングを始めるコミュニティーで構成されています
この週から 世界中の技術開発者は Inruptのウェブサイトで 公開されているツールを使って 独自の分散型アプリケーションを 開発できるようになります
ベルナーズ・リー氏は "FacebookやGoogleと 話し合って ビジネスモデルを完全に一転させるような 変革を起こすか 議論していない"と説明しました
"許可はもらえない"
投稿者:Berners-Lee 投稿者:Berners-Lee 投稿者:Berners-Lee 投稿者:Berners-Lee 投稿者:Berners-Lee 投稿者:Berners-Lee 投稿者:Berners-Lee 投稿者:Berners-Lee 投稿者:Berners-Lee 投稿者:Berners-Lee 投稿者:Berners-Lee 投稿者:Berners-Lee 投稿者:Berners-Lee 投稿者:Berners-Lee 投稿者:Berners-Lee 投稿者:Berners-Lee 投稿者:Berners-Lee 投稿者:Berners-Lee 投稿者:Berners-Lee 投稿者:Berners-Lee 投稿者:Berners-Lee 投稿者:Berners-Lee
1994年に バーナーズ・リーが インターネットの変革を図りました マサチューセッツ工科大学で World Wide Web Consortiumを設立しました
ここ数ヶ月で ネットワーク中立性に関する議論で 影響力のある声に なりました
Inruptを立ち上げても, バーナーズ・リー氏は,World Wide Web Consortiumの創始者兼理事であり,Web FoundationとOpen Data Instituteの責任者であり続けています.
"私は次のウェブの時代について非常に楽観的です"とバーナーズ・リー氏は付け加えています
ベルナール・ヴァン: 記念 WW1の聖職者のヴィクトリア・クロス
唯一の英国教会の聖職者が ヴィクトリア・クロスで 賞状を授与されました 戦闘員として第一次世界大戦で 誕生地で記念されました 100年経った今です
ベルレンジーズとルハールールートでの攻撃で,ベルンジースとルハールートでの攻撃で,ベルンジースとルハールートでの攻撃で,ベルンジースとルハールートでの攻撃で,ベルンジースとルハールートでの攻撃で,ベルンジースとルハールートでの攻撃で,ベルンジースとルハールートでの攻撃で,ベルンジースとルハールートでの攻撃で,ベルンジースとルハールでの攻撃で,ベルンジースとルハールでの攻撃で,ベルンジースとルハールでの攻撃で,ベルンジースの攻撃で,ベルンジースの攻撃で,ベルンジースの攻撃で,ベルンジースとルハールでの攻撃で,ベルンジースの攻撃で,ベルンジースの攻撃で,ベルンジースは,ベルンジースの攻撃で,ベルンジースの攻撃で,
しかし4日後 狙撃手に殺された彼は 英国の最高名誉の勲章を 獲得したことを知らずにいました
記念碑は,彼の2人の孫が土曜日に,ノースタンプタンのラッシュデンで,パレードで開いた.
孫の"人 マイケル・ヴァンは この石を"知性の象徴"と 称し 祖父の功績が100年に渡って 明らかになったと 言う
1918年9月29日,ヴァン中佐は,バトリアンを率いて セント・クエンティン運河を横断し "非常に濃い霧を突破し, 野戦砲と機関銃の砲火を浴びた"と ロンドン・ガゼテは記している.
戦闘の最前線に急進し "最も勇敢な" 指揮を引いた後 単独の戦闘用砲を駆け出し 3つの部隊を無力にした
ヴァン中佐は ドイツの狙撃手によって 殺害されました 終戦から"ヶ月ほどもたったの 1918年10月4日です
72歳のマイケル・ヴァンは 祖父の行動は "私が生き延びられないと 分かっていたことですが とても謙虚な行為でした"と 言うのです
ブラザー博士と ブラザー博士も の花を並べて の花を並べました
マイケル・ヴァンは"このパレードで 果たす役割は 素晴らしい"と語り "真の英雄の勇気が 沢山の人の支持で示されている"と付け加えた
MMAファンは夜も寝て眠らず ベラータ206を観戦したが ペッパ・ピッグを手に入れた
想像してみてください 夜中にベラトール206の 満員会場を 見るのに 拒否される
サンホセの決勝は13試合,うち6試合はメジャーカードで  Channel5がイギリスで夜中に放送しています
午前6時 ゲーガード・ムーサシとロリー・マクドナルドが 対戦する準備を していた頃 イギリスの観客は 驚愕しました 顔がペッパ・ピグに 変身した瞬間です
試合の日に夜遅くまで寝て 落胆した人もいます
ツイッターで"人のファンは 子どもの漫画への移行を "つまらないジョーク"と表現しました
"政府の規則で 午前6時には 番組を放送することが 不可能で 子供向けの番組に 置き換えられた"と ベラーターの マーケティング・コミュニケーションの 副社長であるデイブ・シュワルツは 放送について質問された際 こう言いました
"豚のペッパ"って
ベルラター社の社長であるスコット・コカー氏は 将来の視聴者を考慮してスケジュールを 調整すると述べた.
"もし再放送について考えれば,おそらく成功すると思う"とコッカーは言う.
"でも,この時間,それはそこに6時間,朝の日曜日です. そして,我々は,私たちの時間,日曜日まで,それを修正することはできません. 月曜日,彼らの時間.
しかし,私たちはそれをやってきました.
信じてください 変化の時には 文章の多くが 逆転し どれも教育的ではありません
修理中です 工事上の問題で
いや 政府の問題だ
信じてくれ 次は二度と 起きない
6試合のうち5試合を減らして ファンに過剰な視聴を 避けようとし 成功したんです
悪い状況です"
性的問題に関して,トム・デレーは"自尊心"を欠いている
オリンピックの水泳選手のトム・デイリーは 性的な問題から 卑下感に悩まされていたが それが成功の動機になったと語っています
24歳の彼は 高校に通うまで気づかなかったと 言いました "みんな私のような人じゃない"と
ラジオ4の"Desert Island Discs"で 初めて講演した ローレン・ラバーネは 同性愛者の権利について語り 他の人たちに"希望"を与えようとしました
彼は親になるということは オリンピックの優勝に 関心がないということも言っています
番組の司会を務める キースティ・ヤングは 病気のせいで数ヶ月 休暇を取っています
ラヴェルネの最初の番組で取り残された人々として,デイリーは,彼女と一緒に育った他のすべての人と比べて"劣っている"と感じたと言います. それは"男性と女性を好むことは社会的に受け入れられない"からです.
"今日まで, 劣っているという感覚や 異なっているという感覚が 私に力を与えてくれた 真のものになりました"
彼は自分が"何か"であることを証明したいのです 性的問題について知ったら みんなが失望しないように
オリンピックの2度銅メダルの受賞者は LGBTの広報担当として有名で, この年のオーストラリアの連邦大会での出演を活用して, より多くの国が同性愛者に対して差別をなくすよう訴えるよう呼びかけています.
彼はこう言いました "幸運にも 果てしない開かれた人生を送ることができて 他の人たちに希望を与えたい"
3度目の世界チャンピオンである彼女は 2013年に出会った アメリカ人映画監督の ダスティン・ランス・ブラックと恋に落ちたことで "驚き"を覚えたと語っています
デイリーは昨年 自身より20歳年上の オスカー受賞者と結婚し 歳差は問題ではないと断言しました
"とても若い時に こんなに多くの問題を抱えてしまう"と 彼は14歳で初めてオリンピックに出場し 3年後には父親が癌で亡くなりました 彼は同じ年齢の誰かが 同じような状況にあるなんて 想像がつかないだろうと言いました
このカップルは6月に親となり,息子のロバート・レイ・ブラック・デリーが生まれました デイリーは"全視線"が変わったと語っています.
"去年,金メダルを勝ちたい"と聞かれたら,
"オリンピックの金メダルより 偉大なことが あります
オリンピックの金メダルはロビーだ"
弟は父親のロバートに同名.ロバートが脳がんと診断されて40歳で2011年に亡くなりました.
デイリーは父親が死ぬことに 耐えられないと語り 2012年のロンドンオリンピックのチケットが手に入ったのかと 尋ねました 前に座りたいと
"お父さん,前列に座ってはいけない"と
"息を止めた時の腕を握り 息を止めた瞬間も 止まらなかった瞬間も 止まらなかった瞬間も 止まらなかった瞬間も
翌年には2012年オリンピックで優勝し,銅メダルを獲得した.
"私が知っているのは,これが私の生涯の夢だったこと - オリンピックで観客の前でダイビングをすること,それより素晴らしい気分はない"と彼は言った.
また オリンピックに向けての準備に 組み込まれていた Proud by Heather Smallという 最初の曲の選択にも影響し まだまだヒドリとさせています
Desert Island Discsは,BBC Radio 4の放送で,日曜の午後11時15分に放送されている.
ミッケルソンは土曜日のライダーカップで 役の代わりになった
アメリカ人のゴルフ選手のフィル・ミッケルソンが 記録を更新する日,47回目のライダーカップの試合を 迎える予定でしたが, 予期せぬ成功を避けるため, 役を交代しなければならなかったのです.
ミッケルソンは,二年一度のイベントで,記録12回目となる, 試合に参戦し,土曜日の4人組とグループ4で, 隊長ジム・フューリックに選ばれました.
アメリカで5度優勝した彼は 常時のように 舞台に立たないで 舞台の裏を向いて 応援しながら 舞台の裏を向いて 悩みを解決しようとしています
ゴルフ界で最高の打者とはいえ キャリアの最高峰の48歳は 厳格なコースを 習うのに適していない ゴルフ・ナショナルでは 打った一発でも 長い長い罰金を 与えています
試合はミケルソンにとって あまり怖くなかった 日曜日の9試合で 準優勝のフランチェスコ・モリナリと戦いました
このアメリカンゴルファーは 12試合で4点差で 熱いスタートを打ったので ミッケルソンの試合は 重要なものになるでしょう
フリクが この男を信頼したのは,彼が他の多くのことを 話すことができたからではありません.
"彼は今日自分の役割を理解し,背中を叩いて抱きしめて,明日の試合に準備ができると言った"とフューリックは言う.
"彼は自信を持ってる
彼はホールの選手で このチームに多くのことを与えてきた
2試合もプレーしたとは思いません
想像した通り 違うけど それが遊び方だし それがやり方なんだ
違う雰囲気を味わいたい"
ミッケルソンは日曜日に ナイフを落として 記録を更新する
これは彼のライダーカップの キャリアの終わりを 象徴するかもしれません 彼は個人記録の 記録を 追いつけなかったのです
ミケルソンは18勝20敗7連勝を記録しているが,フリクは彼の存在がチームに多くの不利益をもたらしたと言った.
"彼はかわいい 鋭い 冗談を言う 冗談を言う チームルームで 優れている"と彼女は説明しました
"若い選手も一緒に遊んでるし 今週もそうね
遊びすぎじゃない"
ヨーロッパの船長 トーマス・ビョーンが 偉大な優位がすぐに消えていくと知っていました
トーマス・ビヨン (トーマス・ビヨン) は 経験から学んだのは リードが非常に大きい人が ライダーカップの最終試合に 行くのは 楽な旅ではないということです
ダンは1997年のバルダーラマで最初の試合でデビューし,チームキャプテンセヴェ・バルステロスがアメリカに5ポイント優位を保持したが, 極小の差で終盤にたどり着いた.
"バルダーラマで大きな勝利を収めたことを思い出してください ブルックリンで大きな勝利を収めた 敗れたこともあります バルダーラマで勝利を収めたこともあります でも最近は"
歴史が示しているのは 私とチーム全員に まだ終わりではないということです
明日は 退屈な試合に 挑むことになる
出て行って 適切なことをしなさい
書き込みが終わるまで終わらない
目標が決まっていて 目標はトトロフィー 優勝すること
長い間言ってきたように 私は12人の選手に集中している しかし我々は他のチームにも 世界最高の選手たちがいることに 気づいている"
ゴルフ選手が 厳しいゴルフコースで プレーする姿に 喜んだビヨンは "この分野では 自分で 進んでいけなかった
明日は違う星だ
明日,各選手が進んで, 違うことをする.
チームメイトと外に出るのは楽しいです チームメイトがうまくいけばいいのですが チームメイトがうまくいけばいいのです ゴルフで一人では ゴルフ選手としての能力が 完全に試されるのです
選手に伝えて欲しいのは 明日の試合にベストを尽くすことだ
仲間を捨てて 出て行くべきよ"
ビョーンと対戦するジム・フライクとは異なり,ジョーダン・スピイスとジャスティン・トーマスを除き,4ポイントのうち3ポイントを獲得した.
フリックは試合の最終日の両端に 位置していたし ブルックリンで勝利したチームの一員だったこともあり 敗退の際には"メディナの奇跡"を 行ったこともあった
"その言葉の全てを覚えている" 1999年のベン・クレンショウが 選手たちを結ばれたのは
"明日12試合が 決まっていますが 早く始めたいと思います ブルックリンやメディナで 試合が始まってみたいです
片方の勢いが進むと 中盤に大きなプレッシャーがかかります
リストを整理して メンバーを いろいろな形で 配置し 明日の奇跡を 実現しようとしています"
トーマスはロリー・マクイルロイと 試合をリードする役目を担い ポール・ケイシー,ジャスティン・ローズ,ジョン・ラーム,トミー・フリートウッド,イアン・ポウルターなど 欧州の選手がトップに並ぶ.
"私はこのグループで 順番を決めました 道路を全て閉めると思ったからです" 単独の選択について ジョージンはこう言います
艦隊は再び停戦した
旧型冷戦時代の艦艇を替えるために,ドイツ海軍最新型の警備艦は2014年に就役すべきだったが,システム不具合とコスト上昇のため,少なくとも来年には就役しないと,地元メディアは報じた.
軍の報道官の引用で,ドイツ新聞"ジエツ"は,新しい"バデン=ヴュルテンベルク"級巡回艦の"Rheinland-Pfalz"の配合は,2019年初半まで延期されたと報じた.
2014年に海軍に入隊するはずでしたが 配達後の問題により プロジェクトが失敗しました
2007年に海軍に発注された4隻のバデン・ヴュートンベルク級船は 古いブレメン級の護衛艦の代わりとなる.
強力な砲, 飛ぶ飛ぶミサイル,対艦ミサイル, ステルス技術, レーダー消し,赤外線消し, 音響鍵なども搭載される.
重要な特徴の"つは,より長い保養期間である - - 元の港から2年間離れたところで最新の護衛艦を使用することが可能である.
しかし 継続的な延期は 現代の戦艦が - ドイツが海外で力を発揮できるものだと 言われている - 任務の開始時に 時代遅れになる事を意味すると Die Zeitは記した.
運が悪かったF125号は去年 報道の話題になったが ドイツ海軍は 公式にこの船を退役させ ブルーム・アンド・ヴォス (Blohm & Voss) 造船所へ引き戻した.
艦隊が船を製造者に 引き返したのは初めてです
艦隊の返還の理由はほとんど知られていないが,ドイツメディアは,艦隊の"ソフトウェアとハードウェアの欠陥"が,戦闘任務の役に立たないと指摘している.
ソフトウェアの欠陥は 重要な問題でした なぜならバデン・ワーテルンベルク級の船は 120名の船員からなる乗組員によって操縦されるからです 古いブレーメン級の船員の半分しか乗務員ではありませんでした
艦の重量はあまりにも高く 性能を低下させ 将来の改良を制限する
およそ7000トンの重さで ラインランド・パルツは ドイツが第二次世界大戦で使った 同級の艦艇の重さ2倍だと 信じられています
壊れたハードウェアに加えて 乗組員の訓練を含む プロジェクト全体の製造コストも問題でした
驚愕の310億ユーロに上昇したそうです 22億ユーロから上昇したそうです
艦隊の最新な警備艦が 緊急事態に晒されているのは 警告が発せられたことにより 艦隊の力は減っているからです
今年初めに ドイツの議会防衛委員会の委員長であるハンズ・ピーター・バートルズは 海軍には"拡散能力の船がなくなった"と認めました
役人は,時間が経つにつれて,問題は大きくなって,古い船は使用されなくなって,代替船は用意されていない,と言いました.
彼は,バデン・ワルトンベルク級の 護衛艦が,海軍に加わらないことを嘆いていました.
ナショナル・トラストは バットたちの秘密を 密かに聞き取りました
スコットランドの高原にある 農場での新しい研究は 野生のサメが食物を狩るのに 景観を利用する方法を明らかにすることを目的としています
この発見により 独特な飛行哺乳類の行動に 新たな光を当て 将来の保護活動に 役立つことを願っています
ナショナル・トラスト・オブ・スコットランドの 科学者によるこの研究は 普通のピピストレルとソプランの 追跡調査を進めます そしてウェスター・ロスにある インベレウ・ガーデンズにある 長い耳を持つ色のバットとダウベントンバットも 追跡調査を進めます
特定の記録装置が 敷地内の主要な場所に設置され 季節を通してバット活動を追跡します
携帯電話用検知器を使って NHSのスタッフやボランティアも 携帯電話用検知器を使って 携帯電話の検知器を使って 携帯電話の検知器を使って 携帯電話の検知器を使って 携帯電話の検知器を使って 携帯電話の検知器を使って 携帯電話の検知器を使って
音声学者は全ての音を分析し 鳴き声の頻度と 特定の生物の活動が どの種類か 特定します
地図や生息地のレポートは 行動の詳細を 図形に描くために作られます
NTSの自然保護顧問のロブ・デワーは この研究結果が バットにとって 最も重要な生息地と その種の利用方法の違いを 明らかにしてくれると考えています
この情報によって 草原の建設や 野生のバットや 関連種の森の保全に 役立つことを 判断できます
スコットランドやイギリス全土の 蝙蝠の数は 過去数世紀に急激に減少しています
巣と生息地の喪失を 伴う建設や開発によって 絶滅の危機に瀕しています
風力タービンや照明は 危険を伴うものもあります 例えばバットに引っかかせる粘着性紙や 建築物の化学処理や 飼い猫の攻撃などです
盲目ではない
しかし夜に狩りをするので 捕獲の際には 目の代わりに 耳が役立ちます
昆虫の飛行路上の 障害物を正確に 見つけるため 超高性能のエコーロケーション技術を使います
国の270以上の歴史的建造物, 38の重要な公園, 7万6000ヘクタール以上の土地の管理を 担当するNTSは,バットに深い関心を持っています.
10人の訓練された専門家が 定期的に調査や巣箱の調査 そして時には救出作業を 行っています
またスコットランド初の自然保護区を設立しました ダンフレスとガロウェイのスレーヴ農園で スコットランドで10種のコウモリに 8種が棲んでいます
農園の管理人 David Thompsonは 農園はバットにとって 適した場所だと述べています
"ここスリーブには 良質なバットがいます"
"古い建物や 古い木がたくさんあって 住まいが全てきれいです
まだバットについて 分かっていないことがたくさんあるので この施設や 他の施設で している研究により バットが成長するために 必要なものについて もっと理解できるようになります"
飼い主の注意を引くには 敷地内のバットを見極める必要があります 巣の破壊は 雌バットと幼生バット400頭まで殺し 地域全体の絶滅を招く可能性があります
保護されたバタキムです 巣の破壊や殺戮は違法です
スコットランドのバトモバト保護団の エリザベス・フェレルは 市民の協力を求めています
"まだまだ多くのことを 学ぶ必要があるのです 野生のコウモリや 他の多くの種について 集団の運命がまだわからない"
レイプの申し立てを否定するロナウドは 弁護士を雇って ドイツの雑誌を 訴える
クリスティアーノ・ロナウドはレイプの主張を"偽ニュース"と称し,人々が彼の名を用いることで"自分を宣伝したい"と述べた.
弁護士は,この告発を掲載したドイツの新聞誌『Der Spiegel』を訴えます.
ユヴェントスのポルトガル人選手は レイプ容疑者で 疑われている アメリカ人女性 キャサリン・マヨルガは 2009年にラスベガスにある ホテルルームで レイプされた
事件の秘密を隠すために 37万5千ドルを支払ったと報じられた Der Spiegelは金曜日に報告しました
申し立てが報道されてから数時間後に, 自身の1億42万人のフォロワーに Instagram Live で話す33歳のロナウドは,この報道を"偽ニュース"と非難した.
"いいえ 違う
5回目のボール・ド・オーの受賞者が 偽ニュースだと言った
"彼らは私の名前を使って 自らを宣伝したいのです
普通のことです
名前を呼んで名乗るのが仕事だ
私は幸せで 大丈夫です"と 選手は笑って付け加えた.
ロナウドの弁護士は 報道機関に対し 起訴する準備を進めているが 報道機関は "プライバシーに関する疑念を 認められない"と訴えていると ロイターに伝えた.
弁護士のクリスチャン・シュルツは "この違反の重さに応じた道徳的賠償を請求する. これは,おそらくここ数年,最も深刻な個人権侵害の1つです"と語りました.
事件は2009年6月に ラスベガスにある パルムズホテル・アンド・カジノの スイートルームで 起きたと伝えられています
クラブで出会ったロナウドとマヨガは 選手の部屋に戻り レイプされたと容疑が立てられたと ネバダ州クラーク郡裁判所で 報告書が提出された
ジュリアン・メジャーガは 事件の後に 膝をひねり 言ったのは "99%"の"いい男"だと 失望したのは"1%"だったと
文書によると,ロナウドは,両者が性交を認めたが, それは,相互の意思によるものだった.
また,警察署に行き,病院で怪我の治療を済ませたものの,その後,裁判の外で解決することに同意した.それは"復讐を恐れる"と"公然と恥じられる"と心配していたからだ.
34歳の女性は 和平交渉を中止しようと 考えていると話す. 事件のせいで 絶えずトラウマを感じるからです.
攻撃の容疑が起った頃 マンチェスター・ユナイテッドから 皇家マドリードへ入籍しようとしていたロナウドは 今夏 巨額の100万ドルでイタリアのジュヴェへ移籍しました
ブリジット:英国は自動車産業の喪失を 永遠に嘆くだろう
ビジネス大臣のグレッグ・クラークは,英国が,ブレグジット後,自動車生産における世界リーダーとしての地位を失うことについて, "永遠に後悔するだろう"と,述べました.
"トヨタについて" 彼は付け加えた. 英国政府はBBCに,もし英国がEUから離脱すると, 合意がないと, ダービー近くのバーナストン工場の生産を一時的に停止すると述べた.
"取引がしたい"とクラーク氏は言う.
自動車メーカーは,国境を延ばすことで, 労働コストの面で, 合意がない場合,Brexitが不利になる,と発言しています.
ブルナストンの工場はトヨタ製のオーリスとアベンシスを製造しており 昨年15万台近くを生産し その90%はEUに輸出された
"私の考えでは3月末にイギリスがEUを離脱すれば 工場の生産が停止する"と トヨタ・バーナストン社の Marvin Cooke 代表は言う.
国境を越えた貿易の仕組みについて合意がなくEUから離脱する懸念を 明らかにした英国自動車メーカーには ホンダ,BMW,ジャガー・ランドローバーなども含まれています.
例えばBMWは ブレグジット後 数ヶ月でオックスフォードのミニ工場を 閉鎖すると発表しました
自動車メーカーが言うように 供給チェーンに リスクがあるのは 合意がなくとも 脱退の危険が大きいのです
トヨタの生産ラインは "時間"の生産原理で走っており,部品は英国とEUのサプライヤーから37分ごとに注文車に供給されています.
3月29日にEUから離脱すれば 国境の混乱が起こり 製造業の遅れや 部品不足が起こると 業界は懸念しています
トヨタはダービーシャー工場で 1日以上も貯蔵することは不可能だと 代表者は言う
クラークは,テラザ・メイがEUとの将来の関係を チェックする計画が"国境のチェックを回避するために 適切に調整されている"と述べた.
"我々は合意を得なければならない.我々が望むのは,私が言ったように, 単に今,成功の恩恵を享受するだけでなく, 機会を掴むための最高の合意だ"と彼はBBCのラジオ4の"今日"に語った.
"これはトヨタだけでなく 他のメーカーからの 証拠です 供給チェーンがうまく機能している 状況を改善するために 必要なものなのです"
生産がいつまで停止されるかは 明らかにできませんが 長期的には 高いコストが 工場の競争力を低下させ 最終的には 労働コストの面で 負の効果があると 警告しています
バーナストンで24年間働いた ユニオン・ユニオン・工場の 組合長であるピーター・ツーバルリスは 労働組合の皆さんが 心配していることに気づきました "経験から言うと この仕事から 離れれば二度と戻れない
政府の広報担当者は "我々はEUとの将来の関係について 適切な合理的な計画を提案した"
ホワイトハウスは,トランプとローゼンスタインの会合は, 延期される可能性があると発表しました.
トランプのロドナルド・トランプ副司法長官の ロード・ロゼンシュタインとの 高リスクの会合は 裁判長候補のブレット・カヴァーナウの 争いが続いているため "週間後"に延期される可能性があると ホワイトハウスは日曜日に発表しました
ロバート・ミュラー特別顧問の 仕事を監督していた ロゼンスタインは 選挙にロシアが 干渉したかを調査し トランプの助手とロシアとの関係を 明らかにし 司法を妨害したかを調査しています
トランプが司法長官を 免除するかどうかは ムラー氏の自由を脅かすだろうという話で ワシントンでは数ヶ月前から噂が飛び交っています
今月初めにニューヨーク・タイムズ紙は ロゼンスタインが メールでトランプとの会話を記録し 25条目の大統領を 失脚させると報じた
ローゼンシュタインは 報告書を否定した.
しかし,月曜日に,彼は辞任を予定しているという報道のなか, ホワイトハウスへ行った.
代わりに,トランプとの会談は, ニューヨークの国連事務所で, 木曜日に発表されました.
トランプ氏はロズンスタインを 解雇する"選択"を しないと述べたが 会議は延期され 裁判の予期される中 カーバナウグと 性的暴行の容疑者の1人,クリスティン・ブレイシー・フォードが 証言する
金曜日にトランプはカバナウに対する 申し立てをFBIに 一週間間調査するよう命じたが 議会での全議決を延期した.
トランプの報道官 サラ・サンダースは Fox News Sundayに 登場しました
ローゼンスタインとの会見について尋ねられた時 彼はこう言いました "会見の日は決まっていないが 今週中に 決まってるかもしれないし 裁判所の他の出来事を考慮して 延期するのも良いことだと思う
報道陣に最新情報を伝えたいと いつも思う"
記者の中には 異議を唱える人もいますが 9月10日以来 報道陣と会談をしていないというのです
番組の司会者であるクリス・ウォレスが 理由を尋ねました
サンドースは会議の稀さはテレビの記者が"注意を引こうとする"という嫌気がなかったと話すが "私は彼らが注意を引こうとするという事実に賛成ではない"と語っています
更にトランプと報道関係者の 直接の接触を 強化するよう提案しました
"この大統領は,前任の大統領よりも 直接質問・回答のセッションを多く行っている"と, 証拠を述べることなく,彼は付け加えた. "我々はその数字を見てきた".
会議はまだ続くとサンダースは言うが "報道陣がアメリカ大統領に直接質問する機会があれば それは私よりもずっと良いでしょう
"最近はよくやっているのを見てきたが 記者会見は 代わりに 合衆国大統領と話す機会が あるんだ"
トランプはホワイトハウスを出て行かず 訪問した高官の公開会や 記者会見に 定期的に参加しています
記者会見は めったにない
今週 ニューヨークで 大統領は 理由を明らかにし 記者団が集まる前に 奇妙な姿を見せた
保健長官がスコットランドのNHSのEU職員に 離脱の懸念を書き留める
保健大臣はEU職員への手紙で スコットランドのNHSに 国の感謝を述べ 離脱の後にも 引き続き働くことを希望しています
半年以内に英国がEUから離脱するとの メッセージを送ったのです
スコットランド政府は 移転した公務員に 定住権申請の費用を 支払うことを約束しました
フレマン氏は手紙の中で "この夏の間 離脱に関する英国とEUの交渉は 進行しており 今秋の決定を期待している.
しかし英国政府は 合意の無いシナリオも想定しています
皆さん 困惑しているでしょう
だから今度は 国の国に関係なく スタッフの皆さんの貢献を どれほど高く評価しているか 改めて強調したいと思います
欧州連合の各地域から来た同僚たちは 医療の仕事を強化し改善し 患者や私たちが 奉仕するコミュニティに 恩恵をもたらす貴重な経験とスキルを 持ち込んでいます
スコットランドは本当にあなたの家です. そして,私たちはあなたがここに滞在することを望みます".
クリスティーン・アバークロンビー 頭部損傷で緊急手術
田舎のタイガースの 野球のケイケイケ ティーン・アバークロンビー (Christion Abercrombie) が 緊急手術を受けました
テネシー州立の コーチ ロッド・リードは 記者団に" 負傷したのは 試合が終わってすぐだった"と
"彼はフィールドの端にやってきて,そこで倒れてしまった"とリードは言う.
コーチと医療スタッフが フィールドの脇で 酸素を投与し 床に運び 更に評価をするために連れて行きました
テネシー州政府当局がナッシュビルの WSMVのクリス・ハリスに 報告したところによると アバークロンビーは ヴァンダービルト病院の手術室から 出てきたという.
ハリスは"負傷の詳細は 明らかになっていない"と付け加え 負傷の発生時期を テネシー州が調べていると
赤いシャツを着たこの2年生は 初めてのテネシー州立大学 転校後 転校中です
試合から脱退する前に5つのテックルを獲得し,今シーズンの合計は18テックルとなった.
外国からの購入者は英国で不動産を購入する際の 高い印鑑料を請求されます
外国からの購入者は英国で不動産を購入する際には 高い印鑑料を課せられ 新たに導入されたトーリーの計画で 住居をなくした人たちに 助成金として使われます
選挙のペースを遅らせてしまうでしょう
税金を払わない英国人に 税金を引き上げます
財政省は毎年1億2000万ポンドを 集計する見込みです
海外の買い手には 高い税金が課され 住居の不具合を 解決する資金が追加され 首相はこれを発表します
政府の動きは 政府の若者向けに 住居の価格を低くし 収入を上げるという 約束を押さえ込むという 試みだと考えられるでしょう
税金の引き上げは 税金を払わない個人や企業に課され 政府の貧困対策を 助長する
追加費用は現在の印鑑費用の 追加費用であり 2年前に導入された2番目の住宅と賃貸住宅の 追加費用は3パーセントにもなります
財務省は,この動きが年間1億2千万ポンドに 達すると予想しています
ロンドンで新しく建てられた不動産の およそ13%が 非英国人によって購入され 価格が上昇し 住宅の第一歩を踏み出すのは 初心者にとって困難になりました
首都の多くの富裕な地域は 外国人の買い物客が 海外で多くの時間を過ごすために 幽霊の都市に なっています
この新しい政策は ボリス・ジョンソンの 住宅ローンの削減を呼びかけました 住宅ローンの削減によって 若者が初めて家を持つことができるようになるのです
建設大企業が土地を買って 土地を活用しないことで 高い不動産価格を維持していると非難し 住居の不良を正すために 住宅価格の配分を無視するよう 要求した
コルビンは 住宅の改革を発表した 案の内 賃貸規制と 免責の免除を 提案しています
議会に新たな住宅の建設を 許可したいとも思いました
メイはこう言いました "去年 私は首相の職を英国が持つ夢― 世代ごとにより良い生活がもたらされるという夢を 復活させることに捧げると誓ったのです
壊れた住宅市場を修復する
イギリスはいつでも,ここに住み,働いたり,人生を築いたりしたい人々に,開かれています.
しかし,イギリス以外の居住者が,また海外に拠点を置く企業も, 働くイギリス人と同じくらいの安価な住宅を購入することは, 適切ではありません.
住まいのない人への不当な扱いも現実のままでした"
ジャック・ロス:私の最大の目標は スコットランド代表を率くこと
サンドラーランドのボス ジャック・ロスによると "最大の夢"はスコットランドの監督になるという
42歳のスコットランド人選手は, リーグ1で3位にランクインしているノースイーストの 復活を謳う挑戦に挑戦しています.
彼は今夏 スタジアム・オブ・ライトに 移籍した セントミレンは去年 スコットランド・プレミアリーグに戻った
"私は自分の国を 選手として守りたいんだ
"Bの帽子をかぶったんだ"と スポーツサウンドに語った
"しかし私は育ったし, スコットランドのチームをよく見ました ハンプデンで 父と一緒に子供の頃, それは常に戻って来るように私を惹きつけてきた.
でも チームで成功すれば チャンスが来るわ"
ロス以前のサンドランドのマネージャーは ディック・アドボカート, デヴィッド・モエス,サム・アラーダイス,マーティン・オニール,ロイ・キーン,ガス・ポイエット,そしてパウロ・ディ・カニオなどです.
クラブのトップの選手は バルンズリーとイプスウィッチ・タウンから 申し出を却下した
"僕にとって,今このクラブの成功の尺度は" "このクラブをプレミアリーグに戻すか"だ.
クラブの構造と施設が,プレミアリーグに立つことは間違いない"と彼は言った.
"そこに到達するのは 簡単なことではないが クラブをそこに戻せるなら 成功を収めるだろう"
ロスのチームでの管理は3年だけだった. ダンバートンのアシスタントボスとしてしばらく働いた後, ハーツのコーチングスタッフとして15ヶ月を過ごした.
降格から3位まで上昇し セントミレンは 下降の崖から チャンピオンズで優勝しました
そしてロスは今 クライド,ハートルプール,フォルカーク,セントミレン,ハミルトンアカデミックで プレーした頃よりも 快適だと感じていたと語っています
"これは私が行くべき道の口だ"と 彼はアロアを 引き継ぐときの事を思い出した
"監督はプレーより 仕事をしたいと思う"
奇妙に聞こえるかもしれませんが 私は 理にかなった生活を送り 理にかなったものを楽しむのです
でも 演奏は難しい
週に"回ほど 経験する事が多い
プレッシャーはまだあるけど 管理はいい
いつもリーダーシップを 持っていたかったし 今ややっています 成長した中で一番の快適さです"
スポーツサウンドでインタビューを聞くことができます 9月30日 (日) スコットランドラジオで 午後12時~13時
サーチによると 飲みやすい時間は 土曜日の5時半
夏の熱波は 生き残りつつあるイギリスの 居酒屋の収入を上げましたが レストランの連鎖には 圧力をかけました
統計によると 居酒屋やバーのグループでは 7月売上高が2.7%上昇しましたが レストランの収入は 4.8%減少しました
数字をまとめたCGAのビジネスコンサルタントであるピーター・マーティン氏は "太陽が輝き ワールドカップでのイギリスでの参加が予想より長くなるということは 7月は前年の6月と同じパターンで 店の収入が2.8%増えたという結果になるが レストランは重圧を受けた"
店の取引は6月に1.8%減ったが 7月にはさらに悪化する
飲食店やバーの売上が 減少傾向にあるのに比べ 売上が上が上がっている
店員達ほどではないが 店内での食事は 暑さで苦しんでいる
飲みに来たみたい
飲料販売のパブ・バーの売り上げは 今月6.6%上昇し 食品販売の売り上げは3%下落した"
RSMのリラクエーション・ホスピタリティの アナリストであるポール・ニューマン氏は "この結果は 4月から見てきたトレンドを 継続している.
気候や社会的な出来事やスポーツの 影響は 海外市場での売り上げを 左右する最大の要因です
驚くことではありませんが グループが生き残り 生き残り続けるのは 驚くことではありませんが 4.8%の売上高の減少は
長い夏は 運が悪い時期の 営業マンが来てはダメです 8月の温度は 十分な休憩を 与えるかどうか 時間が教えてくれます"
新規店を含むパブやレストランの 売上高の総成長率は 7月27%で ブランドの立ち上げは 緩慢な傾向を示しています
業界的な販売指標である Coffer Peach Trackerは イギリスのパブ・バー・レストラン部門で 47のグループを集めて分析しています 合計で約9億ポンドの売上を記録しています
子どもの5人に"人は 秘密のソーシャルメディアのアカウントを持っているのです
調査によると 5人に"人の子どもが― その中には11歳児もいる― 秘密のソーシャルメディアのアカウントを持ち 両親や教師から隠しているそうです
半数の高校生を対象に調査した結果 偽インスタのページの成長が明らかになった
性的嫌悪が懸念される
20%の生徒が親に紹介する "主"アカウントを持っていると答えました
5人のうち"人の子供が― その中には11才の子供もいる― ソーシャルメディアのアカウントを作っていて それを大人に隠している
平均20,000人の高校生を対象に実施された調査で フォークインスタ (Instagram) アカウントが 急速に拡大していることが明らかになりました
性的不快な内容の投稿を懸念する人も増えています
20%の生徒は 両親に見せようとした "メイン"のアカウントを 運営していると答えています
13歳の娘の秘密サイトを 発見した母親は 少女が"レイプ"を頼むのを 見つけたのです
英国デジタル・アウェアリティと 独立学校で運営されている 男子校長と女校長会議 (HMC) が実施した調査によると 11歳から18歳の生徒の40%が バイプロファイルで 半分は個人アカウントを持っていると答えています
HMCの責任者 マイク・ブキャナンはこう言います "オンラインで多くの若者が 両親や教師が見つけられないような 空間を作ろうとしていることに 困惑しています"
スコットランドのアスリート会で アスリートたちの声を 伝える
イリド・ドイルは 理事長会での 役員ではないスコットランドアスリート協会の 理事長に選出されました
ドイルはスコットランドで最も多くの 賞状を授与された陸上競技選手であり, 議長イアン・ビートティは この運動を 競技のリーダーが 経験から得ることの良い機会と表現した.
"イーリッドはスコットランド,イギリス,そして世界のスポーツ界で 尊敬されているし スコットランドでは アスリートに 役立てられれば 素晴らしい成果が得られるだろう"
ドイルは"私はアスリートたちの 声として活動し スコットランドのスポーツを 導くために本当に貢献したい"と 語った.
1996年のアトランタオリンピックで 4つのオリンピック金メダルのうち 200メートルと400メートルで優勝した アメリカの陸上選手で,BBCの取材者となった この女性は,一時的な心筋梗塞で 歩けなくなっています.
彼はツイートしました "今から"ヶ月前 私は脳卒中を起こしました
歩けない
医者は私が回復し 回復の程度を決めるのは 時間がかかると言いました
完全に回復し 歩き方を再学習し 今日 健闘訓練をします
励ましのメッセージに感謝します!"
母と牛を比較する 乳房ポンプの広告が ネットの世界を 大きく分断しています
乳房ポンプ会社は 放牧中の牛と 哺乳中の母を比較した広告で ネットの世の中を 混乱させています
"世界初の静音な乳房"の発売を記念して 消費者向けテクノロジー企業"エルヴィー"は ユーモアの音楽ビデオに 基づいた広告を公開しました この新しいポンプが 母親の表現に与える自由を 象徴しています
4人の母親が 牛の草で満たされた 納屋で踊りながら こんな歌を歌います "ああ 尻尾は見えなかったけど 引っ張ったんだ" "もし気づかなかったら これは尻尾じゃない 胸だ"
繰り返しになりますが "ポンプは出ます ポンプは出ます 私は彼らを養います ポンプは出ます ポンプは出ます 私は妻を乳搾りします"
しかしFacebookの広告は ネット上で論争を巻き起こしています
7万7千回以上再生され 何百ものコメントが寄せられ 視聴者からの反応は様々で 乳製品業界は 激怒しているとの意見も多く出てきました
"牛を売り込むのは ひどい決断だ
牛は乳を生産するために 妊娠して産産をしなければならないのです 産後数日で 牛の子が盗まれなければね
乳パムは乳房にぴったりと合う
別のコメントは"母親と赤ちゃんにとって 痛みは理解できるものよ
でも なぜ 乳房の広告に 赤ちゃんの世話をする母親を 入れないの?"
"広告が意味をなくした"と
広告を擁護する人もいれば "面白い"と答えた女性もいます
"これは素晴らしいアイデアだ
乳房で買ってあげる
牛のように感じられる
広告は狂ったけど 受け入れられる
"これは天才的な製品だ"と誰かが書いた
"これは,仕事でやがく,お便所でやがく,そして"牛"のように感じる母親たちに 向けられた楽しい広告だ.
牛乳業界を褒めたり批判したりする広告ではありません"
ビデオの最後に 女性がみんな ブラの中に隠されたポンプで 踊っているように感じていたことを 明らかにしました
このキャンペーンのコンセプトは 乳搾りで牛のように感じると言う女性たちの 意見から生まれました
しかしエルヴィー・ポンプは 完全に静止していて ケーブルやチューブがなく 哺乳乳用ブラシに 収まるので 女性は自由に動き 赤ちゃんを抱き 搾取の際に外出できます
MotherのパートナーでECDであるAna Balarinはこうコメントしています "Elvieのポンプは, 説得力のある,そして挑発的な展開にふさわしい,先駆的な製品です.
女性と牛の表現を 比較することで 乳をポンプにすることで 困難や困難を乗り越え 楽しく楽しく 新しいポンプがもたらす 自由を表現できます
エルヴィーのポンプが ニュースになったのは初めてではない
ロンドン・ファッション・ウィークでは 2人の子供の母親が この商品をデザインのマータ・ジャクボウスキーに 展示しました
テキサス州境に何百人もの 移民の子供たちが 密かにキャンプに移動しています
国境を越えが 変わらず 留置されている 移民の子供の数が 増加しているのも 原因の一つは トランプ政権の 厳しい発言や 保護者の子どもを育てる政策が 難しいことにあることです
基本的に 支援者の多くは 文書のない移民で 子供を救うために 国を離れようとしないという 恐れがあります
リスクは6月に高まりました 連邦政府が 提案するスポンサーと 家庭内の他の成人の親の指紋を 提出することを発表し 移民局にデータを提供するようになりました
先週,移民局の幹部である マシュー・アルバンス氏は 国会議員に証言しました 移民局は 逃亡した未成年者を 支援する申請をした数十人を逮捕したと
逮捕された人の70%は 犯罪歴がないと 確認しました
"80%近くの人が 違法入国している 資金援助者や 資金援助団体のメンバーで
"だから,我々は,彼らを追いかけてきた"と,アルベンツは言った.
児童の迅速な起訴を目的として 当局者は新しい規則を導入し 拘留から60日以内の 裁判に出席することを義務付けました これは以前は標準だったことです
移民法廷で 裁判官の法的な地位を 訴えるために 直接ではなく ビデオ会議で 裁判にかけている人が多いのです
援助を受けられない者は すぐ退去される
収容期間が長くなるほど 子どもの不安や不安が増加し 暴力や逃亡の危険が 増加すると 施設職員や施設が 報告しています
弁護士は 懸念が高まっていると 言うが トニッロのような大きな施設では 苦しんでいる子供に 症状が現れても 軽視される傾向がある
キャンプ・タウンに子供を連れて行くと 感情的な準備を怠ったり 友達と別れを告げたりせずに 強いられたトラウマを 悪化させる可能性があると 指摘しています
シリアは,米,フランス,トルコの"占領軍"に即時撤退を要請した.
国連総会での演説で,外務大臣のワリド・アル・ムワレムは シリアの紛争が8年目になったにも関わらず,シリア難民の帰還を呼びかけました.
副首相を務めるムアレムは テロ対策の理由として 外国軍がシリアの土地を 違法に占領したことで "適切な対応が される"と述べた.
議会に"彼らは即座に, 条件を設けないで, 退却しなければならない"と
2011年以来,36万人以上の人々が死亡し,何百万もの人々が家から逃亡したシリアでは",テロとの戦いはほぼ終結"だとムアラムは強調した.
シリアの全土をテロリスト集団と 外国軍の不法存在から 清掃するまで この聖戦を戦うことを続ける"と強調した.
シリアには約2,000人のアメリカ軍があり,特に,シリアのバシャール・アル・アサド大統領に対する カーディッシュ・アラブの軍隊を訓練し,影響している.
フランスには戦乱中の国土に 兵員1000人以上がいる
難民の問題に関しては,ムアラムは,難民の早急な帰還を強く主張し",いくつかの西側諸国"が"圧倒的な恐怖を広めている"ことを非難し,難民の距離を押し広げています.
難民の帰還を促すよう国際社会や人道機関に要請した"
"完全に人間的な問題であるべきものを 政治化している"
EUとアメリカが警告したのは,シリアの復興支援は, シリアと反政府間が戦争終結の政治的合意に達するまで, 提供されない,ということです.
国連の外交官は ロシアとトルコの間で 紛争地帯のイドリブに 国境を隔てるという合意が 政治的交渉の機会を 提供していると指摘しています
ロシアとトルコの合意は シリア軍による大規模な攻撃を 防ぐことになったのです 3百万人の住民が住むこの地方に ロシアが支援しているからです
しかし,ムアレムは,協定には"明確な期限"があると強調し,軍事行動が"打ち砕かれる"アルカイダと関係を持つヌスラ戦線の戦闘員を含むムジャヒドを標的とするという希望を醸した.
国連の特使のスタッファン・デ・ミストゥーラは シリアの戦後法と 選挙への道を開くため, 政府のメンバーと 反対派のメンバーで構成される 新しい委員会の最初の会合を早急に開催することを望んでいます.
シリア政府の委員会への参加条件を述べ, 委員会の仕事は"現在の法律の条文を審査する"に限定されるべきだと主張し,介入を警告した.
なぜトランプが2期目で勝つのか
その論理では 2020年にトランプが再び大統領に 選ばれるのは 控訴やスキャンダルが 早期に大統領を 終わらせることを望まないリベラル派の 期待を上回る場合です
"史上最悪な大統領としての終焉"
観客は疲れ表れを 見ていません
2014年以来 CNNの視聴回数は 1.05万回に倍増し MSNBCの視聴回数は 1.6万回に3倍になりました
Fox Newsは平均で 24万視聴者を獲得し,これは4年前には17万の視聴者だったと  Nielsenによると,またMSNBCの"The Rachel Maddow Show"は,ニュース番組の夜,35万の視聴者で,ケーブルテレビのトップを記録しています.
"これはまだ理解されていないものとして 人を惹きつけるような情熱だ"とABCのドラマ"Designated Survivor"の司会者 ニール・バアは 称賛しています キャビネットの秘書が 首都を襲った後に大統領になったことを
"Just the Funny Parts: And Some Hard Truths in Sneaking Into the Hollywood Boys Club"の著者で 俳優の役を担当している ネル・スコベルは 別の説を提唱しています
2016年の選挙前 ボストンでタクシーに乗ったことを 覚えている
運転手はトランプに投票権を与えるつもりだと
"なぜ?"と彼女は尋ねました
"彼は言った" "彼が私を笑わせたから" スコベルさんは言った
混沌とした世界には 娯楽価値があります
ワシントンで起きた事件の 背景は 間違いなく 他のテレビ番組と違って ロー・ウィード事件の 未来や 移民の家族が再会し 世界経済を回復させるかの 決定をなすでしょう
特別な観客のみが 感じるような 贅沢を
しかし 知識のある市民であるだけでなく 6時頃には 専門家が ボブ・ウッドワードの 『恐怖』の背景を議論する 議論の場を 訪れます ポール・マナフォートの"5,000ドルの の毛でできた爆撃ジャケット"を 履いており ストーミー・ダニエルが 恐ろしい形で トランプの解剖を 描写したことに 注目されます
この時は スーパーマリオを 同じように 見ることは二度とない
"彼の政策の一部は 毎晩あなたを 楽しませるような リアルタイム番組に等しい"と Wheelhouse Entertainmentの最高経営責任者であり "Pawn Stars"の制作者である ブレント・モンゴメリーは 番組の出演者について そしてトランプの日常のストーリーについて語っています
逃すことも 欠かせたりはしない
この週 フライスさんに会った時 カウイの北海岸の 彼の家には晴天が2度だったのに 彼はMSNBCの 番組を視聴し CNNの 番組を撮りながら 隠れていた
議会の司法委員会と 更に最高裁判所に 立ち向かわされる準備が整ったままです
"あの日の狂ったショーを 披露していた時のことを覚えています "これは 西洋文明の終焉の始まりだ"と
"冗談だと思ってたのに,本当だった"
エイミー・チョジック ビジネス,政治,メディアを扱う タイムズ紙の作家で "Chasing Hillary"の著者です
資金は外から 流入され 選挙の最前線が 厳格に決まる
ペンシルベナ州17区が 資金の流れを 引き受けているのは 明らかです 選挙区の再編が 選挙区の2つの選挙区を 同じ選挙区で 選挙区の2つの選挙区を 引き出すことによってです
民主党のコンナー・ラムが 選挙区で選出されましたが 選挙区では 選挙区が選出されました
ラムは他の議員 キース・ロスフス (共和党) と対決し 旧州 ペンシルバニア12区を代表し 新たに ペンシルバニア17区を代表した
ペンシルバニア州最高裁判所が 1月に 旧州は 共和党に合憲に反すると判決した後に 改訂された地図です
ペンシルベニア州新区17区の選挙戦は,民主党と共和党の選挙資金の争いにより,
ペンシルベニア州では ラムが 選挙でわずかに勝利したことで ペンシルベニア州第18議会地区の 選挙は 広く監視された
共和党の役員が10年以上も 座席を占めてきたのに ドナルド・トランプ大統領が 20ポイントで 選挙区を勝ち取ったのです
民主党は少し優れていると 政治家たちは言う
米国は,中国に協力したエルサルバドルを 罰せることを検討し,その後,撤回した.
外交官はドミニカ共和国と パナマが ワシントンの圧力を受け 承認を保証した
トランプ大統領は2017年6月にパナマのフアン・カルロス・ヴァレラ大統領と 温かい会見を開き パナマのホテルを予約し 共同経営陣がトランプ組織の管理チームを 解雇した.
合衆国外務省は El Salvador,Dominican Republic,Panamaの外交官を撤回し "台湾を承認しない決定"を 迫ったと,国務省の広報担当 Heather Nauertは 本月初めに発表した.
しかし,罰則は2017年にアメリカから約1,400万ドルを受け取ったエルサルバドルに対してのみ考慮されている. この援助には,麻薬規制,開発支援,経済支援が含まれています.
金融援助の削減と ターゲットされたビザの制限を含む 提案された罰則は 中央アメリカ諸国への 損害と 失業率と殺人率の上昇を招くでしょう
国内会議が開催された中 北米と中米の首脳は 安全保障と経済繁栄に焦点を当てた 高度会議を延期し 去年の会合を 進捗と捉えて 移民の入国を阻止する 戦略を進めている
しかし9月中旬には 政府の幹部たちが 会議を延期し エルサルバドルに対する 制裁を 効果的に終了させることを 要求しました
副大統領マイク・ペンスは,今,会議で演説を予定しており, 会議は10月中旬に予定されている.
そして3人のアメリカ代表は ワシントンからの非難や罰を受けずに 密かにエルサルバドル,パナマ,ドミニカに戻ったのです
ボルトンのホワイトハウスの 報道官は 3人のアメリカ官僚が 議論した内容についてコメントを控えました 2人の外交官を含む 3人のアメリカ官僚が 議論した内容についてコメントを控えました
政府の立場に立つ外部の専門家が 支持し 議論を進めています
ストーリー
特別顧問のロバート・ミューラーが 司法上の妨害の可能性について 発表したことで 衝撃を受けたのは 公開記録に 重要な証拠が 存在していることでした
ミュラー氏報告書は 選挙戦でトランプがロシアと 手を組んだか 調べたこともあります
議会が手を引くと トランプ氏は 投票者の前に立ち向かう準備を進めて 仲間から 審査を受けるでしょう
まだまだ多くのことが残っていますが 私はトランプ氏の政権の崩壊が 避けられないことや ヨーロッパで 避けられないこととは 言っておきます
選択肢は両側にある どれだけの期間戦えるか
1938年 ドイツの幹部は 欧米がチェコスロバキアを 支持して ミュンヘンで ヒトラーを倒す準備を整えました
我々は失敗し 余った年 虐殺を避けました
歴史の始まりは 偏りのある点に 位置するものです 民主主義の進捗を早めたり 遅らせたりすることは 避けられません
アメリカ人は今 変化の段階にある
もしトランプが ムラー氏の捜査を 監視していた ロッド・ロゼンシュタインを 解任したらどうする?
圧力をかけられてきました 報道によると 去年 秘密裏に大統領を撮影することを 提案し 大統領にはふさわしくないと 指摘したからです
ローゼンシュタイン氏は タイムズ紙の報道は 誤ったと証言しています
"ブレット・カヴァナウが 要求したFBIの調査が 完全で公正でない場合や 性的暴行と不誠実な証言の 強い疑惑にもかかわらず 裁判所に訴える場合はどうなるでしょう?"
それに加えて 議会の有権者への 投票は 議会がトランプに責任を問うるためでしょうか?
民主主義が衰退し 衰退する
でも,プラハで学んだことを, 信じて,成功させたいと思います.
私の母は チェコスロバキア系ユダヤ人で ナチ政権によって アウシュビッツに 追放されました 私の大使館に 住んでいた同じナチス政権です
彼は生き延びて アメリカに移民し 60年後に私に サバテンのを灯すように頼まれました 十字架の文字が書かれたテーブルに
"この遺産を私に残して 未来の希望を無くすなんて"
ブルックリンズ・インスティチュートで 教授を務める ノーマン・アイゼン氏は ワシントンにおける 責任と倫理の住民のリーダーであり 『最後の宮殿:五つの生活と一つの伝説の家における ヨーロッパの乱れの時代』の著者です
ランジェルス"グラーム・ドーランス"は ヴィエーナ"ラピッド"との試合を 期待しています
ランジャーズは木曜日,ラピッド・ウィーンに招待され, オーストリアに勝利を収め,
膝の怪我は, グレアム・ドランスの シーズン1の2-2で ヴィラレアルに 引き分けを打つのを妨げましたが, レンジャーズはより大きな希望を 築くための 礎石として, 勝利を掴むことができると確信しています.
"このポイントは我々にとってとても良いことだよ, ヴィラレアルは素晴らしいチームだからね"と31歳の選手は言う.
"この試合で,我々は1点で勝利を収めることができると確信しています.
最終的には成功するかもしれないけど, 引き分けは公平な結果かもしれない
試合の前半は 勝ったかもしれないけど 2回目には 勝ったんだ
ヨーロッパの大きなイベントが 今夜も
3ポイントを手に入れるのが望ましいですが, 難しい試合になるでしょう. 試合は前回と比べても, 素晴らしい結果が出たからです. しかし, ファンからの応援をいただき,
去年は 怪我のせいで クラブの状況が 変わったので 厳しい時期でしたが 今度は クラブの状況が 良くなりました
チームもいいし 楽しんでるよ
未来を切り開いて 成功を掴めばいい"
女性は 退職金に困って 眠れない
医療の仕方について 明確な見解を持っているのに 家族と話し合っている人は ほとんどいないのです
全国的な調査の半分は 長期医療費について 配偶者と話していました
10%の親は 子供と話すことができないと答えています
"家族に介護を希望していますが 相談を始めるための 手段は全くありません"と ナショナルライフ保険会社の 副社長であるホリー・スナイダー氏は言います
始めるべき時期が来た
配偶者や子供と話してあげてください 望みについて前もって伝えなければ 家庭の準備が整えません
相談相手や家族と 相談して 治療の場所や方法を 話し合うことです 選択は 費用の決定に 大きく影響します
財務顧問に相談してください 財務顧問が 費用の支払い方法を教えてくれるでしょう
長期介護の資金調達には 伝統的な長期介護保険や 費用を担うハイブリッド・キャッシュ・保険や 財産の保険などがあります
法的権利の証明書を提出する 訴訟を起こす
医療の担当者に即座に相談してください 医療の担当者に頼り 医療の担当者が診療を担当し 連絡が取れない場合 医療の担当者が診療を担当して 連絡が取れない場合 医療の担当者が診療を担当して 連絡が取れない場合
金融の権限も考慮する必要があります
信用できる人を選び 決済の管理を任せ 支払いができない場合の 支払いを保証する人を選びます
細かいことも 細かいことも 忘れないでください あなたの高齢の親が 病院に運ばれて 緊急事態に 直面しているのを想像してみてください
治療法やアレルギーの質問に 答えてもらえますか?
答えを用意するために 細かいことを書き留めてください
"お金が重要なことではなく, 担当医が誰なのか?"とマーティンは尋ねます.
"どんな治療法があるの?
犬は誰と飼われるの?
計画を作って"
イルフラクームで風砲で撃たれた男
男が風砲で撃たれた
40代の被害者は デヴォンのイルフラクームブにある オックスフォード・グローブで 胸,腹,手への銃撃が 繰り返されました
警官は,この事件は,午前2時30分に起きたと説明し",偶然の出来事"だと述べた.
被害者は襲撃者を見なかった
被害者の負傷は生命を脅かさないし 複数の目撃者により 警官が訴えた
インドネシアで地震と津波が起きた
インドネシアのパルー市で 発生した地震と津波で 死亡者数は少なくとも384人以上と 推定されていると 職員らは言う.
連絡が切れたため,救援隊は,地震の震源地であるパルー市北部のドングラ郡から情報を入手できず, 震災の震源地から7.5のリヒッター規模で, 近くにある.
パルウでは 災害後 16,000人以上の住民が避難しました
島のパルーとドンガラに関する主な事実は以下の通りです
パルーは,中央スラヴェシ州の首都であり,スラヴェシ島の西海岸の狭い湾の端に位置し, 2017年時点で379,800人の人口を推定しています.
地震と津波が起きた時 町は40周年を迎えていました
一方,ドングラは,スラウェシ島の北西にある300km (180マイル) 以上の海岸線をカバーする地域です.
県下行政区は,2017年に299,200人であった.
漁業は 漁業と 養殖を主軸にしています 特に東光の沿岸では
しかし,スラウェシの海岸の向こうのモロワリに 鉱山が集中しているにもかかわらず,ニッケル鉱山も重要な役割を果たしています.
印ネシアの災害管理局のデータによると パルーとドンガラは過去100年にわたり 津波に襲われたことが 記録されています
1938年 津波で200人以上が死亡し 百もの家が破壊されました
1996年,西東ゴラで起きた津波で 9人が死亡しました.
震源としては,インドネシアは太平洋の炎の環に位置し,地震は定期的に発生します.
ここ数年の大きな地震や津波の数は以下のとおりです
2004年12月26日 インドネシアは アチェ州の西海岸で 巨大な地震に襲われ 津波が14カ国に 及んだことで インド洋沿岸で226,000人の命が失われ その半数以上が アチェで亡くなりました
2005年3月後半から4月初め, シュマトラの西海岸に 連続地震が起きました
島はスマトラの海岸で 死亡者数は数百人に達しました
2006年:マグネスティクス 6.8の地震がインドネシアの最も人口が多い島であるジャワの南を襲い,南岸に津波が起こり,約700人が死亡した.
2009年:西スマトラ州の首都パダン市近くで 7.6の地震が発生
犠牲者は1100人以上でした
2010年 スマトラ島沖のメンタワイ島に 7.5の地震が起きました 震源は10メートルの津波で 数十の村が 破壊され 300人以上が死亡しました
2016年 アチェのピディエ・ジャヤ県も 浅層の地震で被害がもたらされ 2004年の地震と津波の被害を 思い出してパニックに陥った
津波は起こりません しかし,この事故で 100人以上が死亡しました
2018年: 観光島として知られる 島であるロンボクも 巨大な地震に襲い 500人以上が死亡し その大半は島北部の住民でした
震災は何千もの建物を 揺り動かし 観光客を 何千もの場所に 留め込ませました
サラ・パリンの息子 家庭内暴力で逮捕
サーラ・パリンの長男 アラスカの元知事兼副大統領候補のトーク・パリンは 襲撃容疑で逮捕されました
逮捕された容疑は 家庭内暴力の容疑で 逮捕を妨害したとして 逮捕の試みに抵抗したとして アラスカ州警察が発表した
警察の報告によると 女性の知人が 犯罪の疑いについて 警察に連絡しようとすると 容疑者は女性から電話を盗み取った
裁判前マット・スー刑務所に 送られたパリンは 罰金500ドルで 保証金なし
ニュース・ネットワークによると 裁判の席で訴えられた パーリン氏は "無罪だと確信している"と 答えました
パイリンは3つの軽度のA級違反を犯しており 懲役1年 罰金25万ドルを科す
更に,彼は クラスBの 犯罪容疑で, 一日の懲役と2000ドルの罰金で 起訴されています
パリンに刑事告発は 初めてのことではありません
2017年12月 事件で父親のトッド・パリンを 襲ったとして起訴された
被害者の母親のサラ・パリンが 警官に連絡し 容疑者の暴力を訴えた
訴訟はアラスカの退役軍人の裁判所に 提出されています
2016年1月,彼は家庭内暴力,家庭内暴力犯罪の報告を妨害し,またこの事件に関連した酒精状態での銃の所持を訴えた.
彼氏から 顔を刺したって
2016年 退役軍人のグループから 非難を受け 自身の息子の暴力を PTSDと関連付けました
インドネシアの地震と津波:数百人の死者
金曜日,インドネシアのスラウェシ島は 震災により少なくとも384人が死亡しました.
震度7.5の地震で 津波が起こり 千軒もの家屋が破壊されました
電気と通信は 遮断され 死亡者数は 数日以内に増加すると予想されています
地震はインドネシアの首都ジャカルタの北東に位置する 中央のスラウェシを 襲った.
災害の衝撃的な瞬間を映す映像が ソーシャルメディアで 広まっています
津波が海岸を襲った時 数百人がパロのビーチフェスティバルに集まっていました
連邦検察は NYCテロ容疑者の 珍しい死刑を訴えました
ニューヨークの連邦検察官は サイフルー・サイポフを 死刑にしようとしています 8人が死亡したニューヨークのテロ事件で 容疑者は有罪判決を受けています 1953年以来 連邦法で 連邦犯罪として 判決されたことは 滅多にないのです
サイポフは30歳で 容疑は10月に 住宅デポから借りたトラックを 歩行者や自転車に乗る者への 襲撃で犯したとされています
裁判官の主張は,サイポフが"故意に"8人を殺害し "故意に"重傷を負わせたという証拠を提出することであり, 裁判官の主張は,ニューヨーク南区の裁判官に提出された死刑判決の証拠を提出することであった.
裁判の文書によると 死刑判決が適用される 可能性が高い
事件の数週間後 連邦裁判官は サイポフを22件の罪名で起訴しました その中には 殺人による勒索の8件も含まれていました これは通常 組織犯罪の連邦検察官が扱う罪名です
検察によると 攻撃は "かなりの計画と 初期熟練"を要したもので サイポフの犯罪は "卑劣で残酷で 野蛮"だったと説明しています
遺言書には"サイフルー・ハビブルラエヴィッチ・サイポフは,ディエゴ・エンリケ・アンジェリーニ,ニコラス・クレーヴス,アン・ローレ・デカット,ダーレン・ドレイク,アリエル・エルリッジ,ヘルナン・フェルルチ,ヘルナン・ディエゴ・メンドーサ,アレハンドロ・ダミアン・パグヌッコの家族や友人たちに,傷害,危険,そして損失をもたらした.
事故で5人が死亡しました
裁判で死刑判決が 10年経ちました
2009年9月 カリッド・バーンズは 2人の麻薬密売人の殺害で有罪となり 終身刑に宣告されました
1953年にニューヨークの連邦裁判所で死刑が執行されたのは ジュリアス・ロゼンバーグと エテル・ロゼンバーグの事件で 2年前 冷戦中にソ連にスパイを 仕立てたと 判決された夫婦のことです
ローゼンバーグ夫妻は 1953年6月19日に 電気椅子で処刑された
裁判文書によると 攻撃の翌日と数ヶ月間 サイポフは 悔やみを表さなかった
捜査官の質問に答えて 彼女は自分の行動に満足していると語った
サイポフは,彼の電話で見たISISのビデオに,彼が攻撃を仕掛けたことを,当局に明らかにした.
病院の部屋に イスラム国旗を掲げるよう頼んだと警察は言う
彼は22件の罪名について 潔白を宣言しました
連邦検察官の代表であるデイビッド・パットンは 検察官の決定に"明らかに失望"だと述べています
"死刑執行の決定は 終身刑の有罪を認めるよりも 事件に関与した人々のトラウマを 延ばすだけだ"とパットンは述べています
サイポフの弁護団は 検察官に死刑を免れることを 要求していた
ナイジェル・ファレッジは,Brexit交渉の責任者だ,とトーリー議員は言う
ナイジェル・ファラージは,今日,トーリー党の会議で"人民の軍隊を動員せよ"と呼びかけました.
首相は,EUとの交渉に参画することを提案したTheresa Mayという議員が,政治家たちに"EU懐疑論者"の"熱感"を感じる必要がある"と述べた.
保守派の支持者ピーター・ボーン氏は,バーミンガムでのデモで, ファーラジがBrexitの事務局長に任せられたら,イギリスは"脱退すべき"と発言した.
しかし,メイが直面する課題は,彼女の分裂した立場を和解させるというもので, 都市で分離した抗議行動に参加したレイン・トーリーの支持者によって強調されています.
首相は,ブレグジット派,残留派,欧州連合の攻撃を 阻止するために,チェッカーズの妥協案を 維持するために戦った.
連合国は,ブルッセルとの合意に押し寄せるだろうと強調し,反発を招く - ユーロ懐疑論者と労働党は,彼の提案のパッケージと"混乱"の間の選択を迫られる.
ボーンがソリハルの"Leave Means Leave"の群衆に "チェッカーを排除したい"と
提案は,ファラージはブリュッセルとの交渉の責任を持つ 仲間を任命することだ.
"もし彼が責任者なら,私たちはもう出かけているだろう"と彼は言った.
ウェリングボロの議員はさらに"私はブレグジットを支持する準備ができているが チェッカーズを排除する必要がある"と反論した.
ヨーロッパの反対を強調しながら こう言ったのです "我々は世界戦争で戦うのは 服従のためではない
法律は国によって決められる
ボーン氏は2016年の投票以来の 国民意見の変化を否定し "英国の国民が変化し 固定状態を望んでいると言うのは 間違いだ"と批判した.
抗議行動に参加した 保守派のブレグジッター アンドレア・ジェンキンス氏は 記者たちにこう言いました "単純に,私はこう言いたかったのです 首相さん,あなたの国民に耳を傾けなさい
チェッカーズは一般の世間では人気がないし, 野党も投票しない, 政党や活動家も人気がないから, 熱心に街に降りて, 選挙で第一に選ばれたのです.
チェッカーズを捨てて 聞いてくれと願っています"
メイへのメッセージで "首相は約束を交わした時に 仕事を続けます"と
ファーージは,もし2016年の国民投票を否定したいなら, 政治家たちのデモは"熱を感じる"よう, 催すべきだと述べた.
"今一番大切なのは,私たちと,政治家の間で, 信頼関係にあることです"
"彼らはブレグジットを否定しようとしています そして今日私たちは彼らにこう言っています "我々はそんなことを許さない"と
熱狂的な大衆に メッセージを送りながら 付け加えたのは "Brexitを否定する準備をしている 政治家にも 熱を感じさせて欲しい"
"我々は,この国の国民を動員している. 彼らは,ブレグジットで我々を勝ち, 独立して自らを誇るイギリスになるまで, 諦めない"
一方 リンカーンの集団は ブルンガムを通過し 2時間間のデモを ダウンタウンで繰り広げました
抗議活動で"Tories Against Brexit"の旗を掲げた
保守党の党員を 嘲笑した. 会議の開幕時に, 党のアプリのセキュリティー問題について.
"この人たちは,カナダの ITシステムや技術すべてを, 国境の不動のため, アイルランドで, 制限のない自由貿易の枠組で, 支配できると言う"
面白いことばかりだ
素晴らしいブレグジットはない"と付け加えた.
ウォーレン氏は大統領選で 深刻な攻撃を計画している
選挙後の大統領候補の候補を 提案すると
民主党は土曜日にマサチューセッツ州西部の市役所で 選挙の将来を宣言しました
ウォーレン氏はドナルド・トランプ大統領を批判し, 選挙で再選を 目指している.
国内では2020年の大統領選で 反対候補として取り上げられ
選挙区の投票者との会合は,トランプ大統領が大統領に就任してから以来36回目となる.
候補者"人"人が 選挙で大統領に 立候補するかどうか尋ねました
ウォーレン氏は"女性たちが ワシントンに集まって 腐敗した政府を 回復させるべき時だ"と答えました "女性たちが 政権を握るべき時だ"と答えました
逮捕されたのは シンズ 銃撃犯で LSU 選手
ワシントン州バトンルージュ警察は 銃撃事件の容疑者を逮捕した 容疑者は,
バトンルージー警察は 20歳のディテオン・シンプソン氏が 午前11時ETの記者会見で逮捕されたことを発表しました
銃撃の映像が公開され 容疑者は 映像で確認された男で 求救を訴えている
金曜の朝,シムズ20歳, サザン大学校の近くで 銃撃され,死体で発見された.
"ウェイド・シムズは 銃撃で頭を傷つけられ 死亡しました"と 警察の首席官 マーフィー・J・ポールが 報道陣に語った
ウェイドは友人を守ろうとして シンプソンは銃を撃った
尋問中に,シンプソンは 現場にいたと証言し, 銃を手に, ウェイド・シムズに 銃を向けたと証言した.
シンプソンは抵抗なく 逮捕され イーストバトンルージー警察署で 拘束されました
少年選手は6フィート6インチ バトンルージュ出身で シーズン3で10試合でプレーし 試合平均17.4分5.6ポイント2.9の 落とし穴を隠しています
ロシアのグランドプリ:ルイス・ハミルトンが世界タイトルを獲得し,チームがセバスチャン・ベッテルに勝利を認めた
バルテリー・ボタスがルイス・ハミルトンに 勝ったときのことです 予選は土曜日で カーリンはメルセデスに 大きく影響を与えるでしょう
ポールからはボタスは良いスタート位置を保っており,ハミルトンを離れようとした. 彼は最初の2ターンでポジションを保ち,ベッテルをチームメイトに攻撃した.
ヴェッテルがピッチに先ず 混沌としたハミルトンに 勝てました
メルセデスは1周後にピットに飛び込んで ベッテルの後退したものの ハミルトンは3角を狙うため3周後に生き残るという危険を冒して 内部を空っぽに残すフェラーリのドライバーの不快さを示す 追跡のいくつかのアクションの後, 追い越しを続けました
マックス・フェルスタッペンは スタート後からスタートして ファーストラウンドの終わりに 7位にランクインしました 21歳の誕生日に
彼はレースの大半をリードし,タイヤ交換を止め,キミ・ライコンケンの位置を奪い,4位に突破した.
彼は44ラップでピットに入りましたが,ライコンネンが4位に上がったため,残り8ラップで歩みを上げることができませんでした.
週末はヴァルテリーが 素晴らしい仕事をしてくれたから 辛かったよ
"チームには2人いるのに 素晴らしい仕事をする"とハミルトンは言う.
ひどい体調でした
ドナルド・トランプ大統領は,上院議員ダイアン・ファインスタインを 嘲り,土曜日の集会で, 訴えた. 彼は,クリスティン・ブラジー・フォードの手紙を 漏らしていない.
ウェストバージニアの集会で 大統領は フォードが 司法委員会で 述べたことを 直接引用せず 議会で起こっていることを 発言しました 議員は"悪意のある人"と"不誠実な人"を 紹介しました
"この数日間 素晴らしいことが起こっています 怒りを感じて 怒った人々 邪悪な人々 淫らな人々 偽善者を見ています"
"放火や漏れを見て 言うんだ" "ああ,俺がやったんじゃない"
やってない"
覚えてる?
ダイアン・ファインシュタイン 漏洩したのか?
答えを覚えておいてください 文書を漏らすか? "ああ,ああ,何?
違うわ
漏らしたわけじゃない"
わかった 待って
漏らしたんだろうか... いや 漏らしたわけじゃない"
フェインスタインは7月にフォードの カバノウに対する 詳細な文書を送信したが 9月にも 漏洩が起こっていたが 漏洩は彼の事務所から 発信されたのではないとフェインスタインは否定している.
"私はフォード博士の主張を隠さず, 物語を漏らしたわけではない"と ファインシュタインは委員会に語った.
"秘密を隠すように頼まれたので 秘密にしました"
しかし,彼の拒否は大統領に認められず,彼は土曜日の夜,集会でこう言った. "それは,とても悪い体型言語だ.
悪いボスターじゃないけど ひどいボスターンだ
裁判長候補者の弁護を続けて 3人の女性を 性的虐待したとして 民主党が 非難を正当化している
"彼らは様々な方法で 権力を奪おうと決心した.
暴力を見れば 傷つけるのは誰かを気にしない 権力と監視の為に 歩むこと
エリートリーグ:ダンディー・スターズ 5-3 ベルファスト・ジャイアンツ
パトリック・ドワイヤーはデンドイと対戦で 2つのゴールを記録した
デンディー・スターズは,エリートリーグの金曜日の負けたことを取り戻し, ベルファスト・ジャイアンツに勝った.
巨人は2つのゴールを勝ち取った パトリック・ドワイヤーとフランシス・ボーヴィリエの2つのストライクで
マイク・サリバンとジョーダン・コウニーは 試合を制圧し ドワイアがジャイアントズに 勝利を還元しました
フランソワ・ブッチャードはダンデーの戦を平準にしました ルカ・ルンドヴァルド・ニールセンの2ゴールは勝利を収めました
エリートリーグの3回目の敗戦で アダム・キーフのチームは 後を追って勝った ドンディーを2 - 1で 倒した
シーズン4回目 試合はジャイアンズが 3勝で勝った
デイヤーの開場は4分35分にケンドル・マクファールが渡した球から4分35分に来た. デイヴィッド・ラザフォードが渡した. ボウヴィリエが4分後に勝利を2倍にしました.
激しい開局の1時間半で,サリヴァンはホームサイドを1時10分に1回に1回に1回に引き戻し,マット・マーカードが3時16分にカウニーに平衡を打つまで,マット・マーカードが1回に1回に平衡を打つまで引き戻した.
ドワイアは 試合の終わりに 試合終了後 試合中の2番目で 勝利を収めた
再びホームが合流し,ブチャードは27:37のパワープレーで 再び平衡を保った.
カウニーとチャールズ・コルコランは,ニルセンが第2期の試合でダンディーに先導したことで,最終期の5分の1で勝利を収めた.
試合の5試合のうち4試合で敗れたギアンスは 金曜日の試合でミルトン・ケインズと対戦する.
航空管制官が死んだのは 乗客を救ったためだ
インドネシアの航空管制官が 飛行機に何百人もの乗客を乗せ 飛行機が安全飛行できるように したことで ヒーローとして称えられました
800人以上が死亡し,さらに多くの人々が失踪しました. 巨大な地震が金曜日にスラウェシ諸島を襲い,津波を引き起こしました.
強い余震が この地域を揺るがし 多くの被害者が パルーの遺跡に 閉じ込められています
しかし 21歳のアンソニウス・グナワン・ググランは パルーのシス・アル・ジュフリ・パール空港の 操縦塔を 揺るがすことにした
飛行場にいたバティック・エア 6321便が 安全な離陸を保証するために 生き残ったのです
交通管制塔から飛び降りた 塔が倒れ始めると感じた
病院で亡くなった
航空航行管理局の広報担当者 ヨハンネス・シライトは 決定により何百人もの命が救われる可能性があると ABCニュース・オーストラリアが報じた
病院の更なる施設へ運ぶために ケープタウンからヘリコプターで 便を用意しました
悲しいことに ヘリがパールにたどり着く前に 失ってしまった
"このニュースは我々全員を傷つけます"
災害時, 災害対策当局が 難関を警告したことで 死亡者数は数千人に達するかもしれないと 当局者は心配しています
国民災害対策機関,Sutopo Purwo Nugrohoの広報担当者は",死者は増え続けるだろう. 遺体が山の瓦に埋もれており,
波は6メートルに達し,パールがを落とし, 日曜日に大量埋葬が行われた.
軍事用機や商用機が 支援物資を運びました
35歳の母親のリサ・クスマは Sky Newsにこう語っています "救急車は毎分死体を運んでいる
清潔な水は 稀に手に入る
迷宮はどこにでも 略奪されています"
インドネシアの国際赤十字の代表であるJan GelfandはCNNにこう言いました "インドネシア赤十字は救援活動に 懸命に取り組んでいますが どこにいるのか分かりません"
悲劇的だが 悪化する可能性がある"
インドネシアの大統領ジョコ・ウィドードは日曜日にパルーに到着し,インドネシアの国民軍にこう言いました:"避難に関するすべての仕事を完了するために,昼も夜も働かせてほしい.
準備はいいですか? CNNのレポートです
インドネシアのロンボクでは今年初めに地震が起き 550人以上が死亡した.
ミクロネシア航空事故:ニウギニ航空は,事故後に1人の行方不明を報告した.
太平洋のミクロネシアのに墜落した飛行機の 運航会社は 47人の乗客と乗員を 乗員室から無事に救出したと発表しました
航空会社によると 乗客の男性を特定できず
航空会社は 病院や検察と連携して 捜索を進めている
航空会社は 乗客の年齢や国籍など 詳細な要求に すぐに対応しなかった
乗客と乗組員を救助するために地元のボートが 乗船した.
病院に7人が運ばれたと 病院の職員らは金曜日に報告した
航空会社によると, 乗客の6人は土曜日に 病院で 安定した状態だった.
事故の原因と 出来事の連続は 明らかになっていない
航空会社と海軍の両方とも 飛行機が滑走路の周辺の湖に 降り立ったと発表しました
飛行場の外側で 飛行機が滑走していると 証言した
乗客はアメリカ人ビル・ジェイネスに 飛行機が非常に低いところへ 降りて来たと報告した
"それは良いことだ"とジェイーンズは言った.
ジェイネスは 墜落した機体の 緊急出口から 腰まで水を 運んだと証言しています
彼は,フライト係にパニックを伝え,そして叫んだ,そして彼は,彼の頭部に小さな傷を負った.
修理された水場周辺の漁師は 機体が水中で30メートル (100フィート) 沈没する前に ゴムボートを駆使して人々を陸に運ぶために 救援活動に参加した.
航空安全ネットワークのデータによると 過去20年間で 111人がPNG航空会社に 墜落し 死亡しましたが ナイグニ航空は 事故には 巻き込まれていません
分析者は 燃え上がった夜 女性のタイムラインを公開
逮捕の件は土曜日に 再び審理されました 2014年にミシシッピの女性を 燃やした容疑で
司法省の分析官 ポール・ローレットは 諜報分析の専門家として 証言を数時間続けた
裁判官には 携帯電話の記録を使って 死亡の夜に 29歳の被告 クイントン・テリスと 19歳の被害者のジェシカ・チェンバースの 動きを記録した
ローレットによると 携帯電話の位置データによると テルリスは 殺害の夜に チェンバーズと 同じ場所にいたと 証言している
容疑者の携帯電話が チェンバースと 同じ場所にあったことを示すと 容疑者は 友人マイケル・サンフォードと 一緒にいたと主張し 警察はサンフォードに 説明を求めました
サンフォードは土曜日の裁判に出席し,事件の日に街にいないと証言しました.
検察がテリスに事件の夜に サンフォードのトラックにいたと 言ったのは本当かどうか尋ねると サンフォードは"嘘だった"と答えました "私のトラックがナッシュビルにいたから"と
被害者の死まで2週間ほどで 部屋と知り合っていたという 彼の主張も矛盾している.
携帯の記録によると 知り合いは1週間ほどで
ローレットは,チェンバースの死後, ティリスは, 時々, メッセージ,通話,連絡先の情報を チェンバースの電話から 削除したと報告した.
"彼は,彼の生活から犠牲者を削除" ヘイルは言った.
弁護人は 日曜から 締め切り演説をします
裁判官は,その日の後に裁判が 陪審員に繋がる事を期待している.
ハイ・ブリード:ヒップホップの精神とは?
流行のネガティブなイメージを 挑戦したいと ヒップホップの3人組は 楽曲をポジティブなメッセージで 充実させようとした
ブリストルのHigh Breedは ヒップホップの動きは 政治的なメッセージの起源から 社会的問題へと移行していると主張しています
根元に戻り ヒップホップの精神を 再び広めたいのです
ザ・フゲースやコモンなどのアーティストは アカラやローキーなどのアーティストによって 最近イギリスで復活を遂げています
もう"人の黒人?
NYの看護師が 暴力の容疑で 夫婦を訴えた
ニューヨークの保育士が 差別的な攻撃を申し立てている夫婦の"人は 苦情を寄せている母親から メッセージを受け取った後 異性別の黒人だと主張する
両親は人種差別主義だと 非難されることを拒否し 差別は"暖房"だと 考えるようになった
リンシー・プラスコ=フラックスマン2人の母親は 2016年に新しい保育士のジゼル・モリスが 初の就職日に黒人であることを知ると 驚きの声を上げました
"他の黒人"と プラスコ・フラックスマン夫人は メッセージで夫に
夫の代わりに モーリスさんに2度送った
悪いことをしたことに気付いたプラスコ・フラクスマン社は マウリスさんを解雇し 介護職員の非裔混合の職員が ひどい仕事をしたことで 退社したと主張し フィリピン人より希望を示したと ニューヨーク・ポストは記した.
モーリスさんは一日だけ 給料をもらって 乗車で帰宅しました
現在 モーリスは 夫婦に 解雇の賠償を請求しており 契約なしの保育の代わりに 6ヶ月間 毎日350ドルを請求しています
"君にはそんなことはできない"と 伝えたいんだ"と 郵報紙に語った
レイチェル・モリスの 解雇は理にかなったことだと主張し 非難された後に信じられないと 心配していました
"妻が意図しなかったものを 送った"
差別主義者じゃない
"私たちは人種差別主義者ではない"と夫のジョエル・プラスコは ポストに語った.
"でも,子供たちをあなたが愛した人に 託せる気はありますか?" "それは間違いだったとしても?"
新生児の?
やってみよう"
プラスチック包装の"包装"によると 女性は2ヶ月前に赤ちゃんを産んでおり "非常に困難な状況"にあるという.
"そんな状態で 追いかけるのか?"
投資銀行家もそう言う
裁判が進行中だった中 ソーシャルメディアで 裁判官たちは 素早くこの夫婦を非難し 態度や論理を非難した.
パディントン社の出版社が 読み手が 熊に触れられないと心配している 新聞が発表
絵本が受領されてから間もなく生まれた ボンドの娘のカレン・ジャンケルが 書簡で説明しています "出版前に初めて読んだ本について 立場が分からないと話すのは大変です
パディントンの大成功について 知っていたのは 面白いことだ"
両親は,彼の作品が否定されたことを非常に楽観的だと考えていた. 彼は,彼の父親の死後,60周年記念の出版は"苦しい"と感じた,と付け加えた.
パディントンには "家族にとって大切な人だ"と 言うことで 誇りを感じられる
"彼は静かな人だ" "彼は高ぶりはしない"
でもパディントンには 沢山のことがあったから 成果をあげた子に 誇りを持ってるんだ
パディントン氏の成功の 理由が何か?
創作と想像の成果だったとしても パディントン自身に 賛辞を捧げてきました
娘が死にそうで 電話で別れを言うの
到着すると娘はすぐにニースルイ・パステル2病院に搬送されたが 救助は失敗した.
"Nadは静かに電話をかけて ひどいことを伝えました" "彼はおそらく生き延びられないだろう"
"あと2分で死ぬと告げられた ナドから電話が来ました "そして私に彼に別れを告げてほしいと
そして私はそうしました
は,私はあなたを愛しています,私の赤ちゃん.
すぐ君と一緒になる
行くわ 行くわ 行くわ
医者が心臓を動かすために 処方した薬は 徐々に消耗され 身体から離れていきました
彼は治療中に亡くなりましたが 致命的な状況でした
じっと座って待って 分かってやる
悲鳴をあげたり 泣き叫ぶこともできません 家族や周りの人と 囲まれていたからです
本当におかしくなったわ"
娘の死で悲しんでいる エドナン・ラペルーズ夫人は 乗客の列に 乗りましたが 経験の真髄を 気づかなかったのです
"誰も知らない"と彼女は言った
"頭が痛くて 涙がずっと流れている
描写するのは難しいのですが 飛行中に ナドに深い思いを寄せました
彼女は私の愛や理解を必要としていた
"私は彼がどれほど彼女を愛しているか知っています"
悲しんでいる女性は 橋で自殺を防ぐために 掲示板を貼る
失恋した2人の女性が 自殺を阻止しようとしています
ウェールズ州の橋に 励ましのメッセージと 連絡先番号を貼ったカードを 掲示板に貼りました
デイビスの息子 タイラーは13歳でした 18歳で鬱で自殺しました
"私は毎日 私が感じているような気持ちを 両親に伝えたくない"
デイヴィスさん 45歳 リードニーに住む シェフの息子は 伝染性の高い笑顔で 素晴らしい料理人だと
"みんなの笑顔で 知るよ
笑顔は人の気持ちを良くするって 常々言ってるんだ"
でも 彼は死ぬ前に 仕事をやめたんだ まるで"暗い場所"に
2014年に タイラーの弟が 11歳の時 弟が自殺したところを 見つけたのです
デイビス夫人は "持続的な影響が 心配です"と
デイビスさんから 紙に書いてもらったんだ "友達でも 誰かと話せる人がいるって
座って黙ってはいけない - 話さなきゃいけない
デイヴィスと長年仲良くしていた ハンフリーズ夫人は 母親が亡くなる直後に 15年間パートナーだったマークを亡くしました
悲しみや鬱病の症状を 教えてくれなかった"と
"クリスマスの前日,彼の行動が変わったのを見た
クリスマスの夜に 子供たちがプレゼントを開けると 目を合わせたりもしなかった"
彼の死は彼らにとって大きなトラウマでしたが 乗り越えていきました "家族の中に ギャップを掘り起こしました
分かれた
でも私たちはそれを乗り越えて 闘わねばなりません"
もしサマリアンズに無償で電話をかけ 116 123 (イギリス・アイルランド) にメールを送ったり サマリアンズサイトをご覧ください
FBIが捜査を開始した頃には ブラット・カバノウの将来は 危機に瀕していました
"彼が求めているようなもの,時間制限の調査,範囲制限の調査を,我々が実際に得ることができれば,我々は少しの団結をもたらすかもしれない"と,フレイク氏は土曜日に述べました.
なぜカバナウ氏と彼の共和党支持者は FBIの捜査を望まないのか?
時間のせいで 嫌な気持ちがする
議会選挙は5週間後の11月6日にあります 予想通り 共和党の成績が悪ければ 候補者が最高裁に 選ばれるという 可能性は非常に低いでしょう
ジョージ・W・ブッシュは上院議員に電話をかけ 支持を求めたのです カバノウ氏はブッシュ大統領に 務めたのであり 自身の秘書である妻アシュリーと 連絡をとったのです
FBIが報告書を出した後 何が起こったのか?
共和党が51人 民主党が49人
カーバノウ氏が上院で50票以上を獲得できれば 副大統領マイク・ペンスは 勝者を決め 最高裁に訴えるでしょう
朝鮮の脱北者数 anjlok 
北朝鮮から韓国へ 脱出する人の数は 極度に減少している 金正恩が7年前に政権を握った後, 韓国連合国議員が言うには
韓国統一省のデータから引用した朴は 去年1,127人の脱北が起きていたと語ります 2011年は2,706人だったそうです
パーク氏は北朝鮮と中国の国境の管理と 人身売買業者が課す高額の関税が 鍵となる要因だと主張しています
朝鮮政府は公的なコメントをしていない.
北朝鮮からの脱北者の多くは 韓国市民として受け入れられました
ソウルは1953年の朝鮮戦争終結以来 3万人以上の北朝鮮人が 違法に国境を越えたと発表しました
逃亡者の多くは中国を介して逃亡し 北朝鮮との国境は中国に最も近いので 朝鮮半島との国境は朝鮮半島との国境の  demilitarized zone (DMZ) と比べると 渡りやすいです
中国は難民ではなく 違法移民として扱っており 強制送還を繰り返しています
厳密に言えば戦争状態にある北と南の関係は ここ数ヶ月で劇的に悪化した.
今月初めに両国の首脳が平壌で会合し 交渉が遅れていることを 焦点にした.
これは6月に米国大統領ドナルド・トランプと金正恩が シンガポールで歴史的な会談をした後に 起こったことで, 朝鮮半島を核兵器から解放する上で 協力する事を合意したものです.
しかし,土曜日に,北朝鮮の Ri Yong-ho 外相は,米国による制裁が,その後の進展の欠如を非難した.
"アメリカに信頼がなければ,我々の国家安全保障に信頼が持てられず,この状況下で,我々が武器を投下することは不可能だ"と,リ氏はニューヨークの国連総会で演説した.
ナンシー・ペロシは ブラット・カバノフをヒステリーで 非難し 裁判所の役職にふさわしくないと訴えた
野党の会長であるナンシー・ペロシは 候補者ブレット・カバナウを 陰謀的だと非難し 野党の候補者は 理性的に 適していないと非難した.
プレッシーは土曜日のインタビューで Texas Tribune Festivalで Texasのオースティンでこう言った.
"女性がこのようなことをすると 惚状態になる"とペロシは 司法委員会でカバナウの証言に対する反応について語った
カバノウは感情的に否定し,彼が若年だった時に,クリスティン・ブレイシー・フォードに 性的虐待を行ったという主張を否定した.
冒頭でカバナウは 感情を強く表し 家庭や高校の頃を話しながら めちゃくちゃ叫んだり 話しづらい状態に陥ったことがありました
委員会で民主党を非難し, 批判は"理不尽な,協調的な, 殺人行為"だと主張し, 2016年の大統領選でヒラリー・クリントンが負けたことに怒ったリベラルが 組織したものだと述べた.
民主党の偏見で 裁判長が最高裁に 任せられないと 証明したのだ
"クリントンと民主党の立場を踏まえ 発言をすることで 自身の資格を 失っている"
民主党が議会で 勝訴した場合は 起訴しようとすると ポーロシは異議を唱えました
"もし彼が議会やFBIに真実を 伝えなければ 彼は最高裁判所だけでなく 裁判所の役職にも 適さない"とペロシは言う
カバノウは現在 ワシントンD.C.の 連邦最高裁判所の 裁判官です
民主党人として,医療サービス法に対するカバナウの判断や,ロー・V・ウェイドの判決を心配している,とペロシは付け加えた.
任命審議で,カバノウは, 裁判所の決定を覆すかどうかという質問を回避した.
"ヒステリーで偏った人が 裁判所に来て"これはすごい"と 言うのを期待するのは 今ではない"と 裁判長ペロシは言う.
女性はそれを取り扱います
それは倫理的な不平であり 怒りは数ヶ月 何年も続くのに 涙が出ずに 出てこないのです
"怒りを抱いた時 泣く"と スタインマンさんは 45年後に言いました
"私はそう思わない"
彼女はこう続けました "ある女性経営者から助けを借りたことがあります 彼女は怒っているときも 泣いているのですが 怒っているときに 泣くという技を身につけました 話し相手に向かって "泣いているから 悲しい" と言うかもしれません
怒っている"
そして彼は続けました
素晴らしいことだと思います
涙は怒りへの として 流されるのは 基本的に誤解を 犯しているからです
職場の男性支配の職場の 初期の頃の記憶の中で 私が表現できないほどの怒りで 泣いた時の記憶は 首を絞められたことでした 首を絞められたのは 寒い女性マネージャーです 私はいつも怖がっていましたが 階段に引っ張られたのです
"泣いてるのを 見てはいけない"と
"怒っているなんて 知らないんだ
幸せになるのは 自分たちが成功したから"
選挙人パトリシア・シュロエダーが 選挙でガリー・ハートと働いていた
1987年 ハート氏が結婚外関係で モンキー・ビジネスという船に乗って 選挙を辞めると シュロッダー夫人は 失望しすぎて 大統領選を 推し量る理由が なかったと悟りました
"これは考えたことじゃない"と 30年後に笑って言いました
"7人の候補者が 選挙に並んでいるのに 最悪なのは 新人だ"
"雪姫と七人の人"と 呼ばれた
選挙戦が遅れて 資金集めが遅れてしまい 2百万ドルの資金を集めなければ 選挙に出馬することを誓いました
敗北の戦いだった
支援者の何人かから わずか250ドルしかもらえませんでした
"彼らは私が割引を得たと思うか?"彼は疑問に思った.
公式選挙運動を 立ち上げないことを宣言する演説をしたとき 感情に圧倒されました 支持者の感謝 資金調達が困難になったシステムへの不満 選挙人ではなく 選挙人への関心 セクシズムへの怒りなど 発言を困難にしました
"私は緊張していると思うだろう"と シュローダーさんは 報道の反応を振り返った
"あなたは,私のスポンサーが Kleenex であると考えるでしょう.
墓に何を刻むかと思った
"泣いている"と?""
貿易競争は 北京にとって良いことなのか?
貿易競争の火口は 激しく開き 紛争がまだ終わらない中 長期的には両国の緊張は 北京に有利になるかもしれないと 専門家たちは考えている.
今年初頭に大統領ドナルド・トランプは 警告を発射し 太陽光パネルや 鉄鋼やアルミニウムを含む 中国の主要輸出品に関税を課しました
大きく上昇した関税は 今週から施行され, 商品総額は200億ドル (約1500億円) になり, 商品の半分が 中国から米国に輸入される.
北京は反撃を繰り返し 最近は6000億ドルものアメリカ製品に 5%から10%の関税を課しています
中国はアメリカに一対一で 勝っているので 世界第二の経済は すぐには変わることはないでしょう
ワシントンを退けさせるのは 勝手にする事ですが 公開でアメリカに屈することは 習近平大統領にとって 恥ずべきことです
しかし 専門家によると 北京が 競争の場をうまく作れるなら 貿易競争の圧力により 長期的な好調を保ち 相互依存を減らすことができるといいます
"ワシントンや北京の急激な政治決定が 双方の経済を 動かす条件を 作り出すという事実は 観測者達が以前から 知っていたよりも 危険だ"と 専門家団体である Center for New American Securityの アジアを中心とする研究員 アビゲイル・グレイスは 言う.
シリア:シリア外務省の"準備"難民帰還
シリアは難民の自発的な帰還に備え 支援を申し出た 7年以上の戦争で破壊された国を 再建する
国連総会で外務大臣のワリド・アル・ムアレムは 国の状況は改善していると言いました
"テロ対策の進展により,今,状況はより安定し,安全です"と,彼は言いました.
政府がテロリストの破壊を 回復させようとしています
難民が自発的に テロリズムや 経済的決定のせいで 離れ去られた国に戻ったことで 状況が悪化しています 難民の生活や 生活の基盤が 標的になっています
国連の推定では シリアの紛争が始まって以来 国内を550万人以上 避難させました
国内に暮らす6百万人の人々が 人道的支援を必要としています
アル・ムワレムは 破壊された国を再建するために シリア政権に援助を 受け取ると言いました
しかし,彼は,彼らが反乱を支援する国からの援助や条件付きの援助を受けないことを強調しました.
ヨーロッパのライダーカップがパリで決勝
ヨーロッパのチームがライダーカップで優勝し, フランスのパリの外にある Le Golf Nationalで 16.5と10.5の決勝でアメリカチームに勝利した.
アメリカはヨーロッパで6連敗を喫し 1993年以降 ヨーロッパのライダーカップを 優勝していない
デンマークのトーマス・ビヨーンが 14.5ポイントでアメリカに勝ったことで 再びヨーロッパが勝利を収めた.
選手権のほぼ全試合で 苦戦したアメリカ選手のフィル・ミケルソンは 16番の3番で 落としてしまいました
イタリアのゴルフ選手モリナリが ランデの全回で輝いており, 選手は5-0-0の記録を記録した4人のうち1人として,1979年にこの競技が開始された以来,この4人の選手は, ランデの全回で輝いており,
アメリカ人ジョーダン・スピイースは 5勝4敗で 敗戦したのは デンマークのトロビヨルン・オレセン
ランキング1位のダスティン・ジョンソンは 2対1で敗れた イギリスのイアン・ポウターに 優勝は最後のライダーカップだったかもしれない
8回の大ライダーカップの経験を持つスペインのサージオ・ガルシアは,トーナメントで25.5ポイントを記録し,ヨーロッパで優勝した.
"私は普段は泣かないけど 今日は泣けないよ"
厳しい年だった
トーマスに感謝するよ 私に信頼してくれて
幸せよ 幸せよ 荷物を戻したから
チーム関係で,私は助けることができて嬉しい"と, 感動的なガシアは,ヨーロッパの勝利の後に言った.
彼は同胞のジョン・ラムに 責任を引き渡し, 伝説のアメリカゴルファー,タイガー・ウッズを 2&1で倒した.
"タイガー・ウッズに勝つことを誇りに思うよ 彼を見ながら育ったんだ"と23歳のラームは言う
ウッズはフランスでの4試合で敗れ,現在13-21-3のライダーカップの記録を保持している.
史上最高の選手の"人が 優勝したのは 奇妙な統計で ジャック・ニクルアスの下で 14回
週末の試合で チームメイトは パトリック・リード,ジャスティン・トーマス,トニー・フィナウを除いて 試合全体で高画質のゴルフを打った.
チームを落胆させた後 チームキャプテンジム・フューリックは "この人たちに誇りを持ってます 闘っています"
ヨーロッパの問題を 解決する時間です
喧嘩した
トーマスに敬意を
彼は素晴らしい船長だった
12人全員が素晴らしいプレーをした
組織を整えて PGA of Americaとライダーカップ委員会と 協力して 進める
この12人を愛してるし 隊長として誇りに思う
敬意を払って
負けても勝ち残る"
赤い潮のニュース ピンラス,マンテ,サラソタで
魚と野生動物委員会からの報告によると タンパ湾の部分では 赤い潮の総量が減少しています
FWCによると 縮の不均衡が ピンネラス,マナティ,サラソタ,シャーロット,コルリアの 地域から報告され - 濃度が低下していることを示しています
赤い潮の群れは およそ130マイルの海岸線を 追いついており ピンネラス州からリー州南部まで 広がっています
群れはヒルズボロの 沖から10マイル離れた 場所の位置から わずか"週間前に 発見されたのです
レッドタイドはパスコの地域で観測されています
ピンネラス州の水面下や海面下では 平均的な濃度が"週間前 報告されました ヒルズボロウ州の水面下から高濃度まで 背景濃度がマナテの水面下や海面下から高濃度まで サラソタ州の水面下や海面下では 背景濃度がシャーロット州の水面下から中濃度まで 背景濃度がリー州の水面下から高濃度まで コリアリアー州の水面下では 濃度が低濃度でした
呼吸器の炎症が Pinellas, Manatee, Sarasota, Lee, Collierの地域から 報告されています
呼吸器炎の報告は ありません
