ウェールズ議会の議員たちは として見られることを心配している
ウェールズ議員は,MVP (ウェールズ議会の議員) という称号を称号に変更する提案に,驚いている.
議会の名称をウェールズ国会と改めるという提案から生じるものです
政界では 嘲笑されるかもしれないと 考える議員もいます
労働党議員は"TWP"と"PWP"のの合唱に 懸念を表明した.
ウェールズの出身でない読者向け ウェールス語では"twp"は"馬鹿" " pwp"は"クソ"
党員の一人は"Plaid Cymru (ウェールズ党) は満足していない"と言い,他の提案を出した.
保守党は"名前の変更に賛成"だが",MWP"と"マペット"の間の距離は狭いと指摘している.
ウェールズ語のwは 英語のuと同じ音で
名称変更の立案を準備している議会委員会は,議会の議員の名称を決定する権限は議会の議員に与えられていると報告した.
ウェールズ政府法 (Government of Wales Act 2017) はウェールズ議会に名称変更の権限を与えています
議会をウェールズ議会に指定する提案に関する公的協議の結果を6月に公表し,また,広く支持された.
メンバーの称号については,WMP (ウェールズ国会議員) を好むが,WMPを好むウェールズ人の圧倒的多数がいる.
議会の議員たちは他の提案をしていますが, 議会の議長であるエリン・ジョーンズにとって, 合意に至るという努力は頭痛になりかねません. 彼女は,今後数週間で, 名称変更法案を提出する予定です.
改革法には,議会の運営に関するその他の変更が含まれる. その中には,メンバーの排除に関する規則と委員会制度の設計も含まれる.
議会は,法案を議論する際に,名称の決定を決定する.
マケドニア: 国の名称変更に関する国民投票
マケドニアは,日曜日に,北マケドニア共和国という名前の決定を行う.
マケドニアと隣国ギリシャの間で数十年もの間 存在してきた争いを解決するために 国民投票が行われました マケドニアは ギリシャの 州の名称であると考えられています
ギリシャは長年,マケドニアという名称を領土に対する主張として主張し,隣国のEUやNATOへの加盟を何度も拒否してきた.
投票に反対したマケドニアの大統領 ゲオルゲ・イヴァノフは 投票結果を無視すると表明した.
しかし,首相のゾラン・ザエフなどの支持者は, 名称変更はEUとNATOへの加盟に伴う小さな代償に過ぎないと主張している.
ハーレム: 困った教会 沈黙した聖マーティン教会
 話を聞いた高齢者は 伝統的に 街角にはバーと教会があったと言います
                                              
酒場が減ったと 言うのは当然だ
は"今,人は同じ方法で交際しなくなっている"と説明しています.
昔は 隣の家のように 酒場に行っていたけど 今は違う
教会は 建物の売却から 来る資金が 管理者が予想するよりずっと早く 枯渇し 心配です 遅かれ早かれ 建物が 元の状態に戻るでしょう
彼はまた 教会は住宅団地に置き換えられ 住民は 地域の聖堂を 維持できないと訴える
教会の閉鎖を急いでいるでしょう. 教会の会員になる可能性は低いからです.
ハーレムが黒人都市になる前に 白人の教会が メトロポリン・コミュニティを 1870年に建て 10年後にはセント・マーティンを建てました
白人のメソジストの教会は1930年代に 廃墟となった.
近くの黒人コミュニティが 建物に居座り
聖マーティン教会は 牧師ジョン・ハワード・ジョンソン率いる 黒人コミュニティに 支配され 黒人が仕事や昇進を 求めていた ハーレムの主要通りの125番街の 店をボイコットしました
1939年 建物に火がでてしまったのですが ジョンソン神社の信徒たちは 建物を再建する準備をしていました
ジョンソン牧師の息子で 後に聖マーティン教会を 率いたデイヴィッド・ジョンソン牧師は "貧しい人々の鐘"と 称していました
文化財という名前で 代替の不可能な歴史的楽器という名前で
カーリオン・カレッジは 初の黒人演奏のカーリオンです カーリンは18年前にリバサード教会で 演奏されました
セントマーティンは彼の代わりではないと
ここ数ヶ月間,建築家や起業家の騒動が話題にされ,一方の教会から,もう一方のエピスコパルのエリートから,騒動が起こりました.
7月に,世俗的な役員で構成された管理機関である教会会議は,教区に,教団が専門家の募集に関与していないにもかかわらず,教区が負担を課せたいと心配だと伝えてきた.
司教区が透明性を欠いていることを 訴える者もいる.
カリフォルニア: 13歳の少年がロブスター釣りでサメに襲われ負傷
政府の発表によると, 13歳の少年が, カリフォルニアのオークランドで, 魚の釣りをしていた.
襲撃は午前7時前頃 エル・ベーコンビーチの近くで発生しました
シャド・ハメル氏はサンディエゴのテレビ局 KSWB-TVに,土曜日の朝に友人と水に潜ったところ, 少年が助けを求めて叫ぶのを聞いて, 少年を水から引き出すために 手を伸ばした,と語っている.
捕まったからと 喜びの叫び声で叫んでいたと 思っていたチャードは
噛まれた
少年に近づくと ハメルは 骨盤が折れていることに気づきました
"みんな水面から逃げろ!"と叫んだんだ! "サメがいる!"
少年はサンディエゴの ラディ・チルドレン病院に救助されましたが 状態は依然として深刻です
攻撃したサメの種類は不明です
緊急救出のリーダーラリー・ジャイルズは記者会見で "数週間前にサメが目撃されましたが 危険な種ではない"と報告しました
被害者は胸の上の部分に ひどい外傷を負ったと 医者は付け加えました
捜査のため,また安全上の理由により,当局がCasabladのPontoビーチからEcinitasのSwamiビーチまで 48時間閉鎖しました.
ザメには135種類以上あるが ほとんどが危険ではないとされています
サインスベリーの英国美容市場への攻撃計画
靴,スーパードラッグ,デベンハムを売り上げ, スーパーマーケットの様な棚に 美容と化粧品を並べ, 専門職が管理する
ブランドの成長に伴って 成長を続けていますが ファッションや家電の売上は減少しています 更に11店舗で 試行品の範囲を拡大し 試行結果が成功すれば さらに拡大されます
スーパーマーケットは 元のスペースを テレビやマイクロ波や家電に 置き換えるため 化粧品市場に投資しています
サインズベリーは,レヴロン,エッシー,ツィーザーマン,ドクター・パウパウなどのブランドを初めて含め,容器用品の量を3000品まで拡大すると発表した.
L'Oreal,Maybelline,Burt's Beesの既存のラインナップは Bootsのようなブーツのような部門に 拡張されたスペースも提供される.
店内はブティック化粧品の ラインも再開し 動物実験をしない製品が多数で 販売され 若年消費者の間で 注目されるようになりました
フレグランス・ショップという香水販売業者はまた,サインズベリーズで2店舗で,試用販売を予定しており,先週開業したサインズベリーズの第1店舗は,ロンドン南部のクロイドンで,第2店舗は,今年も開業予定であるサインズベリーズのビルミンガムのセリーオークで開業する予定です.
スーパー経営者は オンラインショッピングや 店舗での日常食材の購入に 目を向けている消費者を 魅了するために 懸命に取り組みます
サインスベリーズ社のCEO マイク・クープは 店舗はスーパーマーケットに 変わっていくだろうと言いました サインスベリーズは ディスカウントストアであるアルディやリドルと対抗し サービスや非食品の 提供を拡大しようとしています
ザンズベリエッズは,数百の店舗にArgosの店舗を設置し,また2年前に2つのチェーンを購入してから,いくつかのHabitatの店舗の扉を開いた.
薬剤と化粧品部門の再編の試みも失敗に終わった.
2000年代初頭,サインズベリーはブーツと提携しようとしたが,スーパーマーケットの薬局からの利益の分配に関する論争で,ブーツと提携は終了した.
3年前に281店舗の薬局を ロイドス製薬会社のオーナーである セレシオに125億ポンドで売却した後に,この新しい戦略が実行された.
ロイドズは4つの店舗にラ・ロシュ・ポサエとヴィッシーなどの高級品種の皮膚ケアを導入する役割を担いました
サインスベリーズ社の商務責任者ポール・ミールズ・ヒックスは 顧客向けの環境を良くするために 美容品の棚の外観を 変更したことを発表しました
 スタッフが適切なアドバイスを できるように 訓練に投資しました
ブランドはあらゆるニーズに合わせて設計されていて, 店の並び替えや 理想的な場所の確保により, ブランドのコスメティック市場の支配力は 疑いもなく, 買い方を変えていくものとなりました"とミールズ・ヒックス氏は付け加えました.
ポール・ジョーンズの怒りは,ホリー・ウィロビーの1100万ポンドの契約を撤回したことで
番組のスターであるピーター・ジョーンズの怒りが,ホリー・ウィラグビーが,マークス&スペンサーとITVとの新たな契約に専念するために,彼女の家庭装飾ブランドとの1100万ポンドの契約から脱退したとの発表に起きました.
ウィロビーは,インテリア・デコレーション・ブランドの トゥルーリーに 時間を割くことができません.
ゲイン・パルトローの"Goop"と 比較されています
37歳のこの朝の司会が 引退のインスタグラムに 投稿しました
ホリー・ウィロビーは ドラゴンズ・デン (Dragon's Den) のスターであるピーター・ジョーンズ (Peter Jones) を激怒させ, 衣料品とインテリアのビジネスから撤退し, マークス・アンド・スペンサーとITVとの新たな独占契約に専念した.
筋によると 怒ったジョーンズは 緊張した会議で 暴言していたそうです ドラゴンズ・デンのスターの 帝国の本部で バッキンガム郡の マーローで
トルーリーブランドは 俳優のグウィン・パルトローと 同じく評価され 資産は1100万ドルと推定され
37歳のウィロビーは InstagramでTrulyを離れると発表し,ジョーンズはプライベートジェットでイギリス外にある2番目の住所へ飛びました.
ソースによると, "トルーリー"はホリーの優先事項だった.
未来を二十年保証する
彼の決定は誰の声をවත් 失くしました
火曜の日の予定は 予想外でした 打ち上げの日は 近づいてきました
マーロウの店は売り切れる商品で 溢れています
専門家によると,英国で最もお金持ちのセレブである"この朝"の司会者の辞任は, 会社に数百万ドルの損失をもたらし, 投資が大きいから, 商品は,枕やろうそくから, 衣服や家具まで, 遅れた推出によって, リスクが大きい.
長い友好関係を壊すこともあります
ウィルビーは夫のダン・ボールドウィンと3人の子供を持つことで ジョーンズと妻のタラ・キャップと10年近く親しい友人でした
ホリー・ウィロウビーは2016年にキャップとTulyを設立し,52歳のジョーンズは同年3月にグループに社長として加わった.
夫婦は休暇を共に過ごし ピーター・ジョーンズは ボールドウィンのテレビ制作会社の 株式の40%を保有しています
ウィルoughbyはM&Sのブランドアンバサダーとなり,ITVのI'm A CelebrityのホストとしてAnt McPartlinの代わりになる.
ジョーンズに詳しい情報筋は 昨夜 ビジネスについてコメントを控えた.
議論は激しくなったが,結局は
トランプ氏は,北朝鮮の指導者に好意的に接し, 批判されたメディアを嘲笑った.
 なぜトランプ大統領は 手を引いたのでしょうか?
"テレビのジャーナリストの声で 笑い飛ばした"
 私は何も譲らなかった
彼は,金正恩が二度目の会合を 支持していたと報告した. トランプが,最初の会合は6月にシンガポールで開かれたが, 北朝鮮の非核化に向けた大きな一歩だと発言した.
しかし核軍縮に関する交渉は 停滞しています
シンガポールでの6月のサミットから3ヶ月以上経った今,北朝鮮の外交大臣リ・ヨンホは,土曜日に国連総会で,北朝鮮の核軍縮の初期措置に対して,米国からそれと応じた反応が見られないと世界各国首脳に語った.
反対に,米国は圧力を維持するために制裁を課し続けると,彼は嘆いた.
トランプは演説で より楽観的な見方を提示しました
"北朝鮮は問題ない"とアメリカ大統領は言う.
武力紛争の危機に瀕した
 数百万人が殺されたと伝えられています
素晴らしい関係ができました
トランプ氏は,金氏との関係を改善する努力が好ましい結果をもたらしたと述べ, ミサイル発射の停止,人質の解放,軍人の遺体の遺族の遺贈などに成功した.
また 異常なアプローチを 理由として挙げました
"大統領を演じるのは簡単だ" "万人という人が 満席のアリーナに 入り込もうとする代わりに 200人以上は前に立っているだけだ"と 群衆に指をさして批判した.
津波: 破壊された島で数百人が死亡
震災後も 外国からのNGOの支援は 必要とされませんでした
ランボクの人口の10%以上が散らばった状態でしたが 国際援助の開始に必要な国家災害状態は 宣言されていません
残念ながら,彼らは国際的支援を好まないと何度も明言しており,事態を少し複雑にしています"とスンブングさんは嘆いた.
チームを設置しているものの, 現地での作業が許可されるかどうかは不明です.
国の災害管理機関 (NDA) のスポーカーであるSutopo氏は,インドネシア当局がパルーの状況を評価し,国際機関が人道支援に協力できるかどうかを検討していると述べた.
絶えず地震が襲いかかっても,自然界から身を隠す手段が 十分にないのです
アチェ島では避難所が設置されていますが,他の沿岸地域ではほとんどありません.
警告が発せられたにもかかわらず パルーでは警報音が鳴らなかったため 犠牲者の数も増加したようです
理想的な状況下でも インドネシアの島から島へ移動するのは 簡単なことではありません
自然災害は交通機関の利用をさらに困難にします.
病院船は被害者を治療するために ロンボクに配属され パルウに向かっていますが,この新しい災害の現場までには少なくとも3日かかります.
選挙運動の焦点は 崩壊したインフラを改善することであり 道路や鉄道の整備に多額の資金を費やした.
しかし資金不足が Joko氏の政権を弱体化させました 選挙は来年です
インドネシアの国家元首は,イスラム教多数派が保守的な信仰を奉行する国で,民族間の緊張が続いていることにも影響を受けている.
千人以上のインドネシア人が命を落とし,何十万人もの人々が家から追い出され, イスラム教徒とキリスト教徒が, ,弓,矢,その他の武器を携えて, 路上で衝突した.
チェルシーとの試合で勝利した イングランド代表のダニエル・スターリッジ
イングランド代表のダニエル・スターリッジは イングランド・プレミアリーグの チェルシー戦で敗戦を免れた.
シュターリッジはチェルシーから30メートルほど離れたところで シュターリッジのパスを受け,チェルシーは1-0に敗退していた.
彼は左のボールを撃ち, ショットが2番目の柱に逃げた.
球は修復表面を上空に飛んで 網の右上角へ向かいました
球はケパ・アリザバラガに届き の底にたどり着きました
"ただ,位置を決めようとし,ボールを掴もうとしていたけど,シャックのような選手は,いつでもできるだけ遠くまで撃つから,できるだけ多くの時間を稼ぎようとした"
ガンテが近づいてきて 撃つことにした
チェルシーは25分にベルギーのスターエデン・ハザードがゴールしたので,中盤に1-0でリードしていた.
ブルースのサッカーは マテオ・コヴァシッチに パスを投げかけ リーバルの側を スプリンターにしました
コーヴァシックは中盤で 速く反転した
シュートでハザードを水面に 運び込んだ
ランナーを抜けて2番目から2番目まで ランナーを抜き ランナーを抜き ランナーを抜き ランナーを抜き ランナーを抜き ランナーを抜き ランナーを抜き ランナーを抜き ランナーを抜き ランナーを抜き ランナーを抜き ランナーを抜き
リバプールとナポリの試合は リーグ戦のグループ戦で 開催されます
チェルシーがロンドンで3時30分に ビデオトーンと対戦する
インドネシア:津波で832人が死亡
災害管理局は日曜日の朝,地震と津波で死亡者数は832人だと発表しました.
広大な住民が,金曜日の地震で破壊された建物に ぶつかっている. 震度7.5で, 波長6メートルに達した.
38万以上の住民が住むパルーの町は 崩壊した建物の瓦で覆われていた
警察は,女性を刺した容疑で32歳の男性を逮捕しました.
殺人事件が起因で捜査が開始されました 今朝,メルサイズのビークンヘッドで
午前7時55分 ナイフで刺された44歳の女性が グレイスン・メウス通りで発見され 殺人容疑で32歳の男性が逮捕されました
警察は,目撃者や目撃者からの証言を 求めています.
警察署長 Brian O'Hagan は次のように述べました "捜査は始まったばかりですが ビルケンヘッドのジョンストリート周辺で 何か不審なことを目撃した方, 聞いた方, 連絡してください"
運転手にも電話して ダイッシュカメラで何かあったか聞いてください 捜査に必要な情報を 提供してください
警察の広報担当者は 殺害された女性が ビルケンヘッドの 住居の自宅で 発見されたことを確認しました
今朝,女性を知っていたという人が 現場を訪ねて, 発見場所について尋ねました.
捜査は進行中です 警察は被害者の近親に連絡を頂きました
タクシー運転手は グレイソン・メウスにあるアパートに 入りません 警察は誰も入ったり出たりさせません
その知らせで彼は声も出なかった.
住民は,この建物が数時間 閉鎖されることが 報告された.
警察官によると 地域全体が犯罪現場だと
泣きながら 現場に現れた女性
恐怖を繰り返して
2時頃には2台の警察の車が コーデン内と外側に配置されていました
警備員たちが 内部から監視していた
情報を入手できる方は メール@MerPolCC メール番号101に 匿名でCrime Stop センターに連絡してください 登録番号は9月30日247号です
議会:歴史を書き換える試みの最後の犠牲者,クロムウェル像
禁止は正当な返答です 破壊は数ええぬ宗教や文化財を 破壊しつつあり 保守派のサジダ派が 猛烈なタリバンに仕掛けてきたのです
しかし,クロムウェル協会は,クリックの提案を"不合理"と判断し",修正主義的"と評した.
カーマインの像を撤去する議論が続いているため,ウェストミンスター宮殿の前に立っていたオリバー・カーマインの像も 撤去されることが明らかになったと, カーマインの像の会長ジョン・ゴールドスミスは述べています.
イングランド内戦の時は コーモネラスを 指導したり 指導したりしませんでした
恐らく 祖父のトーマスの 犠牲で 殺されたのでしょう
サー・ウィリアム・ハモ・ソーンリークロフトが彫ったこの美しい肖像は, 19世紀における彼の評価を証明し,現在も多くの人々が称賛する人物として歴史に記録されています.
ゴールドスミスはサンデー・テレグラフにこう述べました "クロムウェルは 19世紀後半には 恐らく今日よりも多くの人に 議会の擁護者として 外国からの圧力から守られた人物だと考えられていました
この描写が正確かどうかは 議論の余地があります
確かなのは 17世紀半ばに起きた紛争が 国家の発展を形作ったことであり カーロムウェルは 断片の一端を代表する 極めて認識可能な人物だということです
守護神としての彼の功績も 強調され 記念されるに値する.
中国:豚が農夫を殺した
地元メディアによると,中国南東部の市場で,農家が豚に襲われ,死亡しました.
死亡者は"M,Yuan"という名前で 周りの市場で 血まみれで 発見されたと,南中国新聞は日曜日に報じた.
2005年5月30日,中国青海省の寧市で,養豚飼育者が豚にワクチンを注射する準備をしている.
彼は水曜日に隣接するユナン省から従兄弟と旅してきて, 15匹の豚を市場で売ったという.
翌朝,彼のいとこが彼を発見し, 近くの豚の家のドアが開いていたことを発見しました.
巨大な雄の豚が 血を流していたそうです
検察は,この250キロの獣が 死亡まで残害したと確認しました
牧師のいとこのウー氏は の足が粉砕され,血に包まれていたと報告した.
監視カメラの映像では ユアン氏が 木曜日の午前4時40分に 市場に行って家畜に餌をあげている
遺体は"時間後に発見された.
死亡の原因は 飼主と 甥の豚ではありません
市場関係者はEvening Newsに この動物は 事件を防ぐために 閉じ込められていて 警察が証拠を集められるように されていると伝えた
氏と市場経営者が 賠償交渉をしているらしい
事件は稀ですが 豚が人間に襲うことは 報告されています
2016年 マサチューセッツ州にある農場で 豚が女性とその夫を襲い 重傷を負わせた事件が 起きています
10年前 ウェールズ人の養殖農夫が 豚を遠ざける前に 豚の重さは295キロで トラクターにぶつかった
2012年 オレゴン州の牧人が 豚に食べられてしまったとき マニトバ州の農家が CBC Newsに "この動物は 攻撃的ではないが 血の味が 豚の行動を誘発する"と答えました
 彼らは遊び心のある動物です
興味深くて 悪いことなんて しない
敬意を払うだけでいい"と 言う.
余ったままのハリケーン・ロザは 豪雨を招く
予報通り フォースはメキシコ北東海岸の 寒い海域を移動するにつれて弱くなっています
しかし,今後数日間,メキシコ北東部と米国南西部に 雨が降る.
嵐は日曜日の東東の5時以降,時速135キロで発生し,メキシコのプンタ・ユージニアから620キロメートル南西にありました.
嵐は日曜日に北へ向かっている
一方,太平洋上空から低気圧が形成され,アメリカ西海岸から東へ移動しています.月曜日,ローザは下カリフォルニア半島に接近し,熱帯雨を南西アメリカに運んできます.
雨は23センチ程度降る.
熱帯湿気と 低気圧が加わると 雨が広がり 雨が南西に広がる
地方では,2.5~10cmの降水量が 危険な洪水や, 瓦の流れ,砂漠の滑り地などに 影響を及ぼす可能性があります.
雨は場所によっては毎時間5〜7.5センチで 南ネバダやアリゾナでは熱帯湿度の高さによる.
南西部の地域には2~3センチの雨が降る 予想されていて アリゾナ州の大半は 雨が降る
熱帯雨の広がりで 洪水が起こり 状況は急速に悪化する可能性があります
熱帯雨の脅威のため,砂漠を徒歩で旅することは強く推奨されない.
激しい雨が渓谷を川に変え 嵐が吹いて 地方では砂塵が吹き出します
降水はカリフォルニア沿岸の 地域でも発生します
合計の降水量は1.3センチメートルにも上るので わずかな瓦が流れ 道路が滑りやすい
雨が降るのは この地域の 乾燥した季節の始まりかもしれません
熱帯雨は アリゾナ州に 降り込み,日曜日の午後と月曜日の朝早くに 発生し,月曜日の夜と火曜日の夜に 増幅する.
雨は火曜日から水曜日まで 続きます
寒冷な北極のせいで10月の気温はアメリカ全土で大きく変動する見込みですが 熱帯は温暖で
短距離の間の 劇的な天候変化を 引き起こします
日曜の午後には 熱帯地域が 熱帯地域を中心に 寒波を起こすことが 予想されています
ミズーリ州カンザスシティとネブラスカ州オマハ州 そしてアイオワ州セントルイスとデスマインズとの差は20度近くです
暑い夏が続きますが 再び 猛暑が侵襲し始めます
中央と西部の大部分は10月初には 暖かい気候が予想されます 26度ほどの気温で 南の平原と東北の他の地域を覆う気温です
火曜日の気温は ニューヨークで26度になり 平均より10度高い
複数の日の予報では 10月初旬は 平均より高い気温が ཤར་アメリカ全土で予想されています
ブロット・カヴァノー裁判の視聴者数は2千万人以上
6つのテレビ局が木曜日に放送した 最高裁候補のブレット・カヴァーノと 80年代に彼女を性侵したと訴えた女性クリスティーヌ・ブレイシー・フォードの 激しい公聴会は 2千万人を超えた視聴者達で 追放されました
政治的な不和が続いている中 放送局は金曜日の放送を中止して 劇的な発表を発表した アリゾナ州上院議員のジェフ・フレークが 策想した契約で FBIが 容疑を調査するために"週間を費やした
フォードは上院の司法委員会で 川野氏が 飲酒中だったと100%確信していると主張し 高校のパーティーで 身体を触り 服を脱がそうとしたと証言した
カバナウグは 熱狂的な口調で "100%確信がある"と言いました
ニーセン社の報告によると 裁判は2040万人以上の聴衆に 届いたと推定されています
CBS,ABC,NBC,CNN,FOXニュースチャンネル,MSNBCの視聴率を計算しました
PBS,C-SPAN,Fox Business Networkなどの他の放送局の情報は すぐには入手できませんでした
また ニーレッセンでは 職場でテレビを見ている人の数を 推定することができません
比較すると この裁判は サッカー大会や オスカー賞の 観客席を集めた
ニーレソンによると,ファックス・ニュースは 番組主催者がカバノウの指名に大きく支持し, オーディションの日に最も視聴されたチャンネルで,平均569万人の視聴率だった.
ABCは2位で326万人の視聴者でした
続いてCBS (310万),NBC (294万),MSNBC (289万),CNN (252万) が続きました
オーディションが終わった後も 興味は薄れませんでした
フレイクは金曜のドラマの 舞台でした
共和党の控訴議員の事務所が 声明を発表した後 CNNとCBSのカメラは 議員が司法委員会に 行くためにエレベーターに乗ろうとする際に 抗議者の襲撃の場面を公開しました
フランクは数分目を向けて  CNNがインタビューの映像を 放映している間に 目を向けた
 見るな,俺を見てくれ 女性の"人が投げました.
本当のことを言っていると信じますか?
女性の貧困が激化しているのに 権力を握っているなんて
階段のドアが閉まる前に フレークは彼の事務所が 声明を出したと伝えました
連邦議会の司法委員会が 議員のカヴァーノの任命を 承認する手続きを 準備している間に 数時間後に ネットワークのケーブルテレビや 放送局から 放送が始まりました
しかし,Flakeは,候補者に対する容疑について,まず,FBIが, 少数派の民主党が要求した, 一週間間の調査を行うべきだと述べた.
フレークは友人である 民主党のクリス・クーンズ上院議員と 話し合ったことで 説得された
後に他の議員と会談した後に 決定を下した.
カバノア氏の選任は 共和党に 十分な票を投じられなかったので 選挙調査がなければ カバノア氏の候補に 投票することができなかったのです
トランプ大統領は FBIにブレット・カバナフの 性的暴行容疑の捜査を 許可しました
首相は"小さな政治"を 非難した
サンドイ・タイムズ紙にインタビューした首相は 離脱を批判する側に対し "小物政治"だと非難し "英国の将来と国益を損なう"と批判した.
2018年9月29日にバーミンガムで開かれた 保守党大会に出席した.
紙の別の記事で,前外交大臣のテレサ・メイが表紙に載っている写真が掲載されました.ボリス・ジョンソンは,チェッカーズの計画に対する攻撃を続けて,英・EU自由貿易協定の提案は"馬鹿げている"と批判しました.
ウェイド・シムズ: 容疑者ディートン・シンプソン逮捕
警察は20歳のLSUのバスケットボール選手の ウェイド・シムスの死因の容疑者を逮捕しました
ダイトン・シンプソン 20歳 逮捕され 2度目の殺人容疑で 逮捕されたとバトン・ルージュ警察署は発表しました
警官は,シムズが彼の眼鏡を落としたと報告した.
犯行現場で見つかった眼鏡は シンプソンのDNAを 持っていたと CBSの WAFBの 副社から報告されています
尋問中,シンプソンは警察に,ウェイドの死で責任を負うことを告白した.
弁護士によると 保証金は35万ドル
病院の検問室は 死亡原因を明らかにしました 銃が頭部を貫通し 首に突き刺されたのです
連邦警察はルイジアナ州立逃亡者特捜隊,州立警察の法医検査室,南大警察,市民の協力を認め 逮捕に至った.
LSUスポーツ局長 ジョー・アレヴァは 治安部隊の"献身と正義の追求"に感謝した.
シムスは20歳だった
体重は6kgで 成長したのはバトン・ルージュで 父のウェインもLSUでバスケットボールを プレーしていた
平均して 5.6 ポイントと 2.6 ポイントのリバウンドを 獲得した.
金曜日の朝,LSUバスケットボールコーチのウィル・ウェイドは,チームが"悲嘆とショック"と 語り,
"私たちはいつもこのような出来事を恐れていた"とウェードは嘆いた.
メキシコ: 火山から灰が噴き出た
首都の南部の地区にポポカテペトル火山の灰が流れてきました
土曜日,国家災害対策センターは, 24時間以内に火山からガスと灰が183発射し, 噴火の急激な動きを記録したため, 住民に火山から離れて行くよう勧告した.
震災センターはポポカテペトルから 複数の地震を監視していた
ソーシャルメディアの画像では 薄い灰がメキシコシティの ショシミルコなど周辺の 車のフロントガラスに覆われていることが見られました
地質物理学者は,首都から72kmの場所に位置する火山の活動が増加しているのを観測しています. 2017年9月にメキシコ中部に7.1の地震が起きたからです.
ドン・ゴヨという名の 噴火山は1994年から 活発に活動しています
カタルーニャ:独立投票記念日前日に警察と分離主義者の衝突
バルセロナでは土曜日に6人の逮捕が行われ, 抗議活動が加わった際, 抗議活動に参加した数千人の反体制派が参加した.
暴徒が暴徒を追い出す前に マスクを着た分離主義者たちは 卵と色々な粉を投げつけ 砂塵を街に吹き飛ばした.
警官が銃器で衝突を鎮圧する際に 暴動が起きた.
独立を主張するグループが"忘れるな 許すな"と叫ぶのは数時間続いたが, 連合派の支持者は"スペインに長命"と叫んでいた.
地方メディアによると 軽傷を呈した14人のデモ参加者が治療を受けた.
10月1日の国民投票がマドリードで違法とされ,分離を支持するカタルーニャ人によって祝われた1年後,独立を主張する地域では緊張がまだ強い.
投票者は圧倒的に多数で 独立を提唱したが 投票率は低かった. 脱退に反対する者は投票をほとんどボイコットした.
カタルーニャ当局によると,昨年警察がカタルーニャ人を選挙場から 追い出そうとしたことで,約1,000人が負傷しました.
独立運動のグループが金曜日の夜にキャンプを構え 国民警察への支持デモを阻止した.
再び,別のルートで移動する必要がありました.
電気工事に従事していた68歳のナルシス・テルメスは 妻と共にデモに参加し,もはやカタルーニャの独立への希望は なくなっていると発言した.
重要な瞬間を目にした年でした
投票できるという希望に両親は涙を流していましたが,今は行き詰まりです"と嘆く.
カタルーニャの独立党派は昨年12月の地方選挙で わずかな勝利を収めたものの,今年勢いを維持できず,多くの指導者が追放されたり, 国民投票を組織し,カタルーニャの独立を宣言したことで裁判を待っているままに 拘束されたりしています.
42歳の機械工ジョアン・プイグは 警察を応援するデモを携帯電話で撮影しているところ, 政界が問題を阻止したのだという.
緊張感は高まるばかりだ
逮捕された9人のカタルーニャの指導者の1人であるオリオル・ジュンケラスは,来年の欧州議会選挙に参戦する意向を発表した.
民主主義の価値が衰え,スペイン政府による抑圧が激しくなってきたことを 非難する最善の手段だと私は思います"
ロンドンデリーで逮捕: 車が家へ突撃
33歳 34歳 39歳の3人の男性が 逮捕されました ロンドンドリーにある家屋に 繰り返し侵入したことで
事故はバリーナガード・クレセントで 午後7時30分頃
警察署長のボブ・ブレミングは 扉や壁が壊れたと報告しました
銃弾が撃たれたこともあります
リビングストンは ランジャーズに 1-0で勝利を収めた
ドリー・メンガのゴールがリビングストンの勝利を保証した
リビングストンのチームは2度目の勝利を収め,イブロックスクラブの現在の監督であるスティーブン・ゲラードに18試合の勝利を勝ちました.
メンガがゴールで ギャリー・ホルトのチームは ランキングで2位にランクインし ヒバーニアンと引き分けに
ジュラードのチームは今シーズンの プレミアリーグで外で勝利を収めていない 試合は8点でリードしている ハーツと決まる
しかしそれより先は ランジャーズとウィーン・ラピッドが ユーロリーグで試合をします
リビングストンのチームは リーグで6試合の無敗を 延ばし 監督のホルトは 先月 選手ケニー・ミラーを 置き換えた
リビングストンは 鈍い反対派に逆らう機会を逃した
ホルトのチームは得点する前に リードを勝ち取ることができたでしょう 直接的なアプローチはレンジャーズの 難局を招くものでした
スコット・ロビンソンは突破しようとしたが,相手のゴールに引っ込まられ,その後アラン・リトゴウが,クレグ・ハルケットのヘッドパスで遅刻した.
リビングストンのチームは レンジャーズにボールを譲り 巧妙な戦術で 追い詰められるのを 知っていた
決勝ゴールはここから
レンジャーズはフリーショットを許し,リビングストンは開局を試み,デクラン・ガラガーとロビンソンは協力してミドルフィールドからゴールを記録したメガを捕まえた.
この時点でレンジャーズは試合を支配していたが,防守は不透明で,ゴールキーパーのライアム・ケリーはほとんど気にならなかった.
試合は第2半に同じペースで進んだが,アルフレド・モレロスがケリーにストップを強要した.
ランガーズキーパーアラン・マクレゴーは スコット・ピットマンの打撃を蹴って止め,リトゴウはリヴィングストンの1つの打撃を挫折させた.
リビングストンの守護者は全ての試みを撃退し,彼のケージを守った.一方,審判は2つのペナルティスを取り消した.その1つは,ハルケットのグレン・ミドルトンに対する挑発,もう1つは,手誤りだった.
リビングストン現象 - 分析
BBCスコットランドのアラスダイル・ラモント,トニー・マカロニ・アリーナ
驚くべきパフォーマンスと成果を リビングストンに
期待を裏切るほどの 上昇を遂げました
スタイリングもチーム構成も 殆ど変わっていないが ホルトはチームに 強い動機を与え
素晴らしい選手がたくさんいる
ハルケット大尉の防衛は 壮大で 素晴らしく組織されていて メンガはコナー・ゴールドソンと ジョー・ウォーラルを 試合中ずっと 抑えることができた
レンジャー隊は 発想がありませんでした
ゲラードと一緒だったのに 才能はなかった
チャンスはもう1度逃し 敵の1つだけを 突破した レンジャーズは中盤に追い込まれる
エルドアン大統領,ケルンでの混沌とした歓迎
土耳其とドイツの首脳は9月29日 (土) ベルリンで朝食会見を した.
エルドアン大統領がドイツを訪問し,NATO同盟国間の関係を改善しようとしていた.
議論の対象となったのは,人権や報道の自由,トルコのEU加盟などなど,様々な問題でした.
エルドアン氏は後にコーンへ行き,最大規模のモスクの開幕式に出席した.
海外に暮らすトルコ人コミュニティは,トルコ人にとって最も大きな存在である.
警察は安全保障上の理由を挙げて,2万5千人の抗議者達が 集会を阻止したが 支持者の多くは大統領に会うために近寄った.
抗議者の中多数がクルド人で,エルドアン政権に反対するデモに参加し,エルドアン政権とドイツ政府が彼をドイツに迎え入れる決定を非難した.
抗議から生じた分裂は,エルドアンが2つのビジョンを 反映している:あるトルコ系ドイツ人が ヒーローとして迎え,他の人が独裁者として称賛する訪問者.
デプトフォードの交通事故:自転車に乗っていた男性が車と衝突して死亡
ロンドンでは自転車に乗った人が 車に衝突して死亡しました
地元の時間10時15分頃,ベストウッド通りとエブリン通りの交差点の近くで起こった事故.
事故の現場に救急車が到着したのですが,事故の現場で死亡しました.
この事故は,土曜日の事故から"キロほど離れたチーダーストリートで 死亡した自転車運転手から数ヶ月後に起こった事故です.
ロンドン警察は 警官が犯人を特定し 遺族に連絡しようとしていると発表しました
道路は閉鎖され バスの通行禁止が設けられ 自動車の運転者は 区域を避けるよう勧告されています
ロング・ラテン刑務所: 暴動で6人の警察官が負傷
刑務所の責任者は 暴動で6人の刑事が 負傷したと発表しました
ウォルスター郡ロングラチン刑務所で 暴動が起きたのは 地元時間午前9時30分頃です
暴動対策の専門部隊が 収容所から8人の囚人を 収容所から解放しました
顔面に軽傷を負った警官が 治療を受けています
刑務所の広報担当者はこう言いました "特別訓練を受けた職員たちが ロングラチン刑務所の治安を回復するために派遣されました
6人の捜査官が 負傷した
刑務所での暴力は容認しない 責任者は警察に責任があり 刑期が延長される可能性がある
刑務所には500人以上の囚人がいます その中にはこの国の最も危険な犯罪者達も含まれます
6月に刑務所長が 刑務所の囚人による暴力を受け 病院に運ばれました
昨年10月 暴徒の鎮暴部隊が 刑務所に派遣され 深刻な暴動を鎮圧しました 囚人がスノーボールで 職員を攻撃した事件です
ハリケーン・ロサ: フォニックス,ラスベガス,ソルトレイクシティに 洪水が襲い 乾燥に苦しむ地域を 助長する可能性がある
熱帯の気圧はアリゾナに降りかかるのは珍しいことですが,おそらく来週初めにはそうなるでしょう.ハリケーン・ローザは,残されたエネルギーで南西の砂漠に向かっています.この地域は,洪水の影響を受ける可能性があります.
連邦気象局は月曜と火曜の洪水警報を アリゾナ州西部,ネバダ州南部と西部,カリフォルニア州南東部,ユタ州に発し, フィニックス,フラグスタフ,ラスベガス,ソルトレイクシティなどにも警告を発している.
ロザは火曜日にフェニックスに向かい, 月曜日の夜には雨が降る.
フォニックスに本拠を置く国家気象庁はツイートで "熱帯の台風は1950年以来,フェニックスから300km以内の10件しか 発生していない"と発表しました
ハリケナ・ハリケーンが アリゾナ州国境から40キロ離れた所を襲った
予報では アリゾナ州モゴロン・リムでは 降雨量が5〜10cm 場所によっては15cm になる
岩山中央とグレート・ベッシンを含む南西部の砂漠の他の地域では, 単一の総計量で10cmまで, 降雨量2.5cmから5cmの記録を記録する見込みです.
雨が降り注ぐのは 洪水に晒されずに 干ばつに苦しんでいる地域でも 救いとなるかもしれません
洪水のリスクは軽く考えてもいけないが,現在の干ばつ状況から考えると,南西地域には雨が恩恵をもたらすかもしれない.
weather.comによると アリゾナ州の40%以上が 極端な干ばつに苦しめられていると 報告しています
ローザは,カリフォルニアの海岸から を抜けてくる.
日曜日の朝も強風で時速135kmの風を放り,メキシコのプンタ・ユージニアから620km離れた所に位置し,時速20kmで北へ移動している.
嵐は冷たい太平洋に遭遇し 力を失い
午後か夜にメキシコ沿岸に到達する
メキシコのいくつかの地域では 雨が激しくなり 洪水が起こりかねます
合計で,下部カリフォルニアからソノラ北西部までで 7.5cm~15cmの降雨が予想され, 25cmまで降る可能性があると, ウェザー・コムは述べています.
ロサはメキシコを横断し,北向きに熱帯雨風の強さで移動し, 火曜日の朝早くにアリゾナ州国境に到達し, 熱帯低気圧となり, 火曜日の夕方にはアリゾナと南ウータを通過する.
                                                                                                                                                                                                                                                        
乾燥した地域では致命的な洪水や 瓦の流れや山岳地域では 滑り込みが起こりうるという
ミドソマー・ノートン事件 殺人未遂容疑で4人逮捕
3人の10代の若者と20歳の男性が 殺人未遂容疑で逮捕されました 事件はソマーセットで 16歳の少年が 刺殺された事件です
ティーンエイジャーは土曜日の午前4時頃 地元時間ानुसारミドソマー・ノートンの エクセルシア・テラス地区で 発見された
病院に運ばれ 安定しています
アボンとサマーセットの警察は,ラドストックから4人の若者を逮捕した.
警察は,このシーンを携帯電話で 撮影した可能性のある人たちに 呼びかけました.
トランプは カーナウが民主党の悪意と怒りの 犠牲者になったと訴えた
 カーナフ判事に投票することは 民主党の残酷で不当な方法に対する投票ですと トランプ大統領はウェストバージニア州ウィーリングで集会で語った.
トランプは,カバノウ氏が民主党の 意地悪と怒りの犠牲者だと主張した.
カバノウは木曜日に 議会で発言し クラスティン・ブラシー・フォードの 非難を強く否定しました 彼女は10代の頃 カーリンの性侵を 非難していたそうです
フォードは裁判で証言した.
大統領は土曜日に"アメリカ国民は今日 カバノウの知性と勇気を目撃した"と発言しました
"カバナフ判事への投票は 公共サービスで輝くキャリアを持つ 傑出した弁護士の投票だ"と 彼はウェストバージニア州で 集まりの支持者たちに説明しました
大統領は Kavanaughの指名に 触れずに 中間選挙で共和党の 参政権の重要性を強調した
選挙まであと5週間
候補者ではないが,これまで以上に関与している"と宣言した.
優秀な候補者たちに 闘いたい理由です
トランプは民主党は"抵抗と妨害"の 任務にあると発言しました
共和党のCNNの取材によると カーナウ氏の指名に関する 決定的な議案の投票は 金曜日までに予定されている.
インドネシア:地震と津波で数百人の死者,被害が増加
島で地震と津波が起きた. 島で地震が起きた. 島で起きた地震で津波が起きた.
金曜日には数百人がパルーのビーチフェスティバルに集まっていたが,夜になると20メートルの波が海に押し寄せ,多くの命が奪われ, 通りすがりの全てを破壊しました.
津波の前に 7.5 の地震がありました
 昨日,津波の脅威が起きた時,人々はまだビーチにいました. 人々はすぐに逃げませんでしたが,命を落としたのです. 国家災害管理庁 (BNPB) のスポークスマン,Sutopo Purwo Nugrohoはジャカルタでの記者会見で言いました.
津波は"人で来なかった 車が,木材,家,全て持って行った"とNugrohoは説明し, 津波は海中で時速800kmで移動し,
樹木に登って命を救った人もいます
パルーの24の施設に 約16,700人が避難した.
災害対策局が公開した空からの映像では 破壊された建物や店舗, 歪んだ橋や水に包まれたモスクが写っています.
土曜の地震は沿岸部の町を揺るがし続けました
震災は240万人によって 感じられた.
インドネシアの技術評価・応用機構 (BPPT) は,金曜日の地震によって放出されたエネルギーは,第二次世界大戦の広島に放たれた原子爆弾の200倍に相当すると発表しました.
広大な狭い湾に接する都市の地理的位置は 津波の大きさを増幅する可能性があると彼女は説明しました
ニューグロホによると 被害は大きく 何千もの家屋や病院 ショッピングセンターやホテルが 崩壊しています
遺体は瓦した建物の瓦の下に 埋もれて見つかった. 540人が負傷し,29人がまだ行方不明である.
ヌグロホ氏は,地震の震源地から最も近い東ガラというパルーの北の300キロの海岸に,死傷と損害は大きい可能性があると述べた.
通信は完全に停止している.
被害地域へ支援隊とボランティアが派遣されていると伝えました 地域住民の支援は急増し,
 状況は劇的なもので,さらに悪化する可能性があると彼女は述べた.
土曜日,この機関が,津波がパルーに 襲ったという情報を広めなかったことで, 批判が大きくなりました.
津波が近づいていると路上で通行者に怒鳴る男を ソーシャル・メディアで共有している ビデオを視聴する人は
数分後 沖に 巨大な水面壁が押し寄せ 建物や車が 押し流されてしまいました
撮影した写真の真偽は 明らかにできません
パルーでは地震と津波により 電気の供給が停止され, 連絡が遮断されたため, 救援活動が調整されることは困難でした.
軍もジャカルタや他の都市から 貨物機で援助物資を運び始めたと当局が言うが,避難者は食料やその他の基本的物資を 欠けている.
空港は救援活動のために再開しましたが 10月まで閉鎖です
周日,ジョコ・ウィドド大統領はパルーの避難所を訪れる予定でした.
インドネシア:津波で800人以上が死亡
悲劇的なことです
ドンガラから来たワールドビジョンのスタッフは安全でパルーに到着し,事務所の庭に設置されたシェルターに避難した.
壊れた家がたくさんあると聞いたそうです
悲劇的なことです
援助団体が救援活動を開始すると 経験豊富な外国の援助スタッフが パルーに旅行することを 許されなかったという不満が 寄せられました
インドネシアの規制では 外国からの資金や 食料や スタッフが 国の災害地域として 宣言された場合のみ 侵入できます
実現していないのです
 インドネシア赤十字の広報担当者,アウリア・アリヤニは,この災害は地域規模だと考えられている.
 政府が国家災害だと宣言したら 国際援助が介入できますが まだ待っています
金曜日の地震と津波がパルウに 襲った2日目の夜に 遺族の家族は まだ奇跡を期待していました
土曜の夜 排水中にいた男の子が
日曜日に救助隊は 母親の遺体の横で 2日間埋もれていた女性を 引き出しました
インドネシアパラパラテントチームのコーチ,ゲンドン・スバンドノは,数日前にインドネシアで開催されたアジア競技会のために,行方不明の選手の2人を準備していた.
学生たちはホテルに閉じ込められたと マンダギ氏は言う.
"パラパラダイムで学歴のある私は 悲劇を経験した"と彼は言う.
落下後の数時間で ゲンドン氏は 落下競技コミュニティに 暴落のニュースを送り 落下後すぐに 落下競技コミュニティに 暴落のニュースを送り 落下競技コミュニティに 落落下競技コミュニティに 暴落のニュースを送り 落下競技コミュニティに 暴落のニュースを送り 落下競技コミュニティに 落下競技コミュニティに 落下競技コミュニティに 落下競技コミュニティに 暴落のニュースを送り
メールには返事が来なかった
                        
ニューポート・オン・リーヴィーで 盗難犯が26,750ドルを 自動販売機を充電中に盗難
金曜日の朝 ニューポート・オン・リーヴィーで 自動販売機を充電していた ブリンクス警官から26,750ドルを 盗まれたとニューポート警察局の 報道発表によると
運転手は 娯楽施設の配給器を空にし 配給器を準備していたと 警官のデニス・マッカーシーは 声明で述べています
店が忙しくて,ある男がブリンクスの従業員の後ろに現れ, 自動販売機に預けたお金の袋を盗んだ.
容疑者が逃走している様子が 確認されたものの 警察は 事件に関与した人数を 明らかにしていない.
容疑者の身元を 知っている方は ニューポート警察に連絡してください 859-292-3680.
カニエ・ウエスト:ラッパーが名前を変えてイエ
ラッパー・カニエ・ウェストは"イエ"と改名
ツイッターでこのニュースを発表したのが,  以前はカニエ・ウェストとして知られていた.
ウェストは41歳で ニックネームは"Ye"で 作品のタイトルとして 八枚目のアルバムを 採用しました
この変化は,彼が新しいアルバム『Yandhi』を発表した予定の『Saturday Night Live』の直前に行われた.
アリアナ・グランデは 感情的な理由で 番組を中止した.
現在の職業名前の略称であるだけでなく,このニックネームはウェストにとって宗教的な意味も有していた.
"『Ye』は聖書の中で 最もよく使われる言葉だと思うが toi"と表れていると ウェストは今年初めに説明し,主催者Big Boyとアルバムをテーマに語っていた.
じゃあ,私はあなた,私は私たち.
"Kanye"は"唯一の"という意味ですが "Y"は"善" "悪" "混乱" "すべて"を表しています
このアルバムは,私たちのことを反映しています.
名前を変えたのはラッパーだけじゃない
ショーン・コンブスはパフ・ダディやP・ディディやディディと称されるが,今年はラブとブラザー・ラブを好むと発表した.
JAY-Zは過去にWestとコラボレーションし ユニオンと大文字を弾いてきました
メキシコではAMLOは,決して民間人に対して軍事力を用いるつもりはないと宣言しました.
メキシコの大統領選のアンドレス・マヌエル・ロペス・オブラドーは,警察が学生を殺害した事件の50年近く後に,軍を民間人に対して決して使用しないことを約束した.
ロペス・オブラドールは土曜日にタレロルコの広場で,メキシコ人を抑圧するために軍事力を決して使用しないことを約束した.
1968年10月2日, 軍隊が平和主義デモに銃撃ちを打ち, 300人が死亡しました. 学生運動がラテンアメリカ全域で根付いた時です.
学生に毎月の助学金を提供し,無料の公立大学をさらに開設することで,メキシコの若者を支援することを約束した.
失業と教育機会の欠如が 青年を犯罪組織に加わるように 促していると彼は言う.
米国は人工知能分野への資金提供を倍増すべき
中国が人工知能に 積極的になってきている一方で アメリカは人工知能の研究費を 2倍に増やすべきだと 投資家のKai-Fu Leeは言います. 彼はGoogle,Microsoft,Appleで働いた経験がある.
声明は,米国政府関係者がIAに関する発表を多々した後に発表され,米国ではIAに関する公式な戦略が存在しない.
同時に 中国は昨年 計画図を発表しました 2030年までに AIのイノベーションのリーダーになるという 目標です
"AIの研究費を2倍に増やすのは良いスタートです なぜなら他の国はアメリカに先んじており 私たちはAIの次の大きな発見を 模索しているからです"
資金が2倍に増えると AIの次の重要なステップが 米国から来る可能性が2倍に増えるだろうと リー氏は今週 CNBC にインタビューで言いました
本書は今月ハートン・ミフリン・ハーコート社で出版されました. リー氏は中国最大のAI企業"Face++"に投資したSinovation VenturesのCEOです.
1980年代,カーネギー・メロン大学で,IAシステムで働いた.そのAIシステムは,アメリカのトップランクのオッチェロを倒した.その後,Microsoft Reasearchの管理チームに加わり,Googleの中国部門の社長になった.
リー氏は米国政府による技術コンテストに参加しており 防衛省のロボット開発プロジェクト (Robotics Challenge) に参加し 次回コンテストの開催日について尋ね ビジョンを明らかにしました
リーによると アメリカの研究者達は 政府から資金を得るために 苦労をしなければならないという.
リー氏は"中国が学問のリーダーを 奪しているのではなく 企業がそれを奪している"と説明しました
FacebookやGoogle その他のテクノロジー企業は 近年ではIAに取り組むために 著名な学者を募集しています
リー氏は,移民政策の変更は米国によるIAAの取り組みにも貢献する可能性があると述べた.
"私は,AI研究者のグリーンカードは 自動的に与えられるべきだと考えます"
中国国務院は2017年7月に新世代のAI開発計画を発表しました.
中国国立自然科学財団は学術機関のメンバーに資金を提供しており,国立科学財団やその他の政府機関がアメリカの研究者に資金を提供している. しかし,中国の学術研究の質は低いと,リー氏は説明しました.
今年初めに,米国国防総省は,産業と学術のパートナーを巻き込むための共同人工知能センターを設立しました.ホワイトハウスは,人工知能に関するセレクト委員会を設立することを発表しました.
今月DARPAは AI Nextという プロジェクトに20億ドルを投資すると発表しました
NSFは AIの研究に年間"億ドルの投資をしています
一方,米国では人工知能に関する国家安全保障委員会を 設立する法案が 成立して数ヶ月経っているのに 法案は成立していない.
マケドニア国民が国の名前の国民投票に参加
ギリシャとの数十年にわたる紛争を解決するべく,北マケドニアの住民は,日曜日に,マケドニアの名を北マケドニア共和国に変更する,EUとNATOへの加盟申請を阻止した,という,投票で声を上げました.
ギリシャは,その北側の隣国の名前をマケドニアと名付けているが,その名前の意味は,ギリシャの領土に対する権利であり,NATOとEUへの加盟を拒否している.
6月には両政府間で提案された新名称に関する協定に署名したが,国民主義的な反対派は,この変更がマケドニアのスラブ人のアイデンティティに悪影響を及ぼすと主張している.
選挙で投票しないと発表し,ボイコット運動が実施され,投票に投票できる50%の投票率が 達成されるかどうか疑問に思われた.
国民投票の質問はこうでした: ギリシャとの合意の下でのNATOとEUへの加盟を賛成ですか?
首相であるゾラン・ザエフ氏を含む名称変更の支持者たちは,ユーゴスラヴィア崩壊から脱出したマケドニアがEUやNATOのような組織に加盟する代償だと主張している.
"私は今日,私の国の未来,マケドニアの若者のために投票するためにここに来ました. それは,彼らが欧州連合のの下で自由に生きられるようにするためです. これは私たち一人一人のため,より安全な生活を意味する"と,79歳のオリベラ・ジョージエフスカはスコーピで語った.
投票は法的に拘束力はないが 十分な数の議員が 投票結果を 決定的に決めるために 投票結果を 監視すると表明した.
名称変更には 議会の2/3の賛成票が必要になります
州選挙委員会は 午前1時まで 異常は認められませんでした
しかし,投票率は16%しかなく,同じ時期に,36%に達した. 2016年の総選挙では, 投票した登録有権者の66%が参加した.
"私は子供たちのために投票した.私たちはヨーロッパにふさわしい"と首都スコピエで投票した62歳のグヨゼ・タネフスキーは言う.
首相ゾラン・ザエフ,妻ゾリカ,息子ドゥシュコは,北大西洋条約条約機構 (NATO) と欧州連合 (EU) に加盟する投票に賛成票を投じました. 2018年9月30日,マケドニア州ストルミチカ市.
スコッペエの議会で 54歳のウラジミール・カヴァダルコフは 舞台を用意し 投票をボイコットする側が 設置したテントの前に席を配置しました
EUやNATOに入りたいけど,大きな門から入りたいと,カヴァダルコフは言った.
 私たちは貧しい国ですが 尊厳を持っています
マケドニアが我々を 望まないなら 中国やロシアに目を向け ユーラシアの統合に参加する
首相は,NATO加盟により,マケドニアは必要な投資を手に入れることができると述べ,失業率は20%を超えている.
"私は,80%以上の国民がEUやNATOに加盟したいと考えているので,大多数の賛成になると思います"と,投票を完了したザエフ氏は述べた.
未来を保証する"と付け加えた.
マケドニアの政策研究機関が月曜日に発表した調査によると,投票者の30~43%が投票する予定で,これは予想よりも低い割合です.
マケドニアのテレビ局Telmaが実施した別の調査では 投票率は57%と推定されています
投票する意思のある参加者の70%が"はい"と答えた.
国民投票が成立するには 投票者の5割と1票の支持率が必要です
投票の失敗は,昨年5月に政権に就任してから以来,西側派政府にとって最初の大きな打撃となる.
決定的なアクション: サージオ・アグエロ,マンチェスター・シティ,ブライトンの守備を抜けて,ゴールに突入
セルジオ・アゲーロとレイヒム・スターリングは,マンチェスターで,ブライトンの守備チームを倒し,
アグエロの65分は 選手にとって最も簡単な行動だった
アルゼンチンの打者は 試合の真ん中に 球を投げつけた
3人のブライトンの守備隊の 間に走って フィールドに飛び込んだ
青いシャツの4人がアグエロを囲んだ.
守りを抜き 守りを抜き 守りを抜いた
そして彼はスターリングの左手から 球を投げました
イングランド代表はアグエロにボールを返し,右足でライトンのキーパーマティュー・ライアンを右側から撃ち落とした.
チームコーチのペップ・グアディオラは記者団に"アゲロは足に問題がある"と説明しました.
は55,60分 プレーすると言った
起こったことよ
幸運なことに 打った
スタリングがスカイブルースを リードさせたのは プレミアリーグの試合で
29分からスタート
アゲロがボールを 直接ブライトンに与えた
ラン・サンは左手で 送った
サンがスターリングを2番に追い抜いた
スカイブルーズ・フォアが 球を落とし 球を落とし 球を落とし
シティは12時55分にドイツ・シンシュハイムのライン・ネッカール・アリーナでチャンピオンズリーグのグループでホッフェンハイムと対戦する.
シェルツァはロックシーズと パーティの試合をしたい
プレーオフから 脱落したので 試合を再開する気はなかった
競争力のあるシュルザーは 日曜の試合でコロラド・ロッキーズに 挑戦を重ねるが ロッキーズがナショナル・リーグの 西部リーグの ロサンゼルス・ドジャースと 試合を決めている場合のみ
ロキーは5勝2で ナショナルズに勝ったが まだリーグタイトルを狙ってる
試合は決まっていないけど,我々はこの雰囲気と観客の場を, デンバーで試合をしたいんだ. そして,おそらく今年も,最高のプレーをするチームと対戦したいんだ.
                      
ナショナルズはまだ先日 投手を決定していないが シュルザーの位置を決めようとしています
シェルツァーが 34回目の出場となるのは 木曜日には練習を重ねるだろうし 日曜日は通常休日の時に 投球をするだろう
ワシントン右手は18-7で 平均点数2.53と300の打撃を220で記録し 今シーズンの3分の2に
ウェストバージニア州でトランプの介入
大統領はブレット・カバナウを 支持して 選挙区で共和党の 重要性が高かったと 指摘しました
11月に私たちが行うことはすべて 影響を与えるでしょう
5週間後には 人生で最も重要な選挙が
私は候補者ではないが,これまで以上に関与している.だからこそ,私はあらゆる面で,素晴らしい候補者のために戦っている"
トランプは続けて" 恐ろしい 恐ろしい過激な 民主党のグループが活動しているのを見ます
権力を奪おうと 決心している
傷つけられたり 抑圧されたりして 権力や支配を奪うなんて気にしない 権力や支配を 奪うなんて気にしない 権力や支配を 奪うなんて気にしない 権力や支配を 奪うなんて気にしない 権力や支配を 奪うなんて気にしない 権力や支配を 奪うなんて気にしない 権力や支配を 奪うなんて気にしない
民主党は抵抗と妨害を 任務として務める
民主党の党員を"怒っている 悪い 嘘つき"と非難した.
彼は米国上院の司法委員会と 民主党の上院議員ダイアン・ファインスタインを 提起したことで 観客に怒鳴りかけられた
     
文書を公開した?
わかった
悪い体言だ 今まで見た事ない
労働党はかつての大きな共同体ではない.
意見を持つ人を 許さない
地元のモメンタム運動の 活動家たちが 私を検閲する投票をしたのは 驚くことではありませんでした
労働党の議員の末っ子で 意見の表明を 歓迎されない人として 扱われていました
同僚のジョアン・ライアンも 同じ扱いを受けていました ユダヤ反対運動を 支持していたからです
検閲されたのは ジャーレミー・コービンとの意見が違っていたからです
責任ある経済政策の重要性や 国家の安全や ヨーロッパ問題についてです 皮肉なことに ジュレミは以前にも リーダーたちとは 意見が分かれていました
労働党のノッティンハム・イースト・集会の通知は "参加者全員に配慮して 生産的な集会を望みます" と書かれていました
労働党の議員として8年間 開催された金曜の夜総会は まさにこれでした
残念ながら 多くの集会ではそうはいきませんし 穏やかで尊重的な政治の約束は 忘れられていて 考慮に入れられていません
党内では 反対意見は許されないことが明らかになりました 党の指導者が 意見の受け入れ率を基準に 判断するからです
ジェレミーの政権に就任後 すぐ始まったことでした 政治的に同じ視野を持っている 仲間は 期待するようになりました 背を向けて 立場を立てようと 信念と相反する立場を 取ろうと 期待するようになりました 国家の安全とEUの 国内市場についてです
私が公に話すたびに ソーシャルメディアで 非難の声が上がり 辞任を呼びかけ 中央党の政策を非難し 党員になれないよう 訴えました
これは私だけの経験ではありません
幸運にも私は同僚の何人かよりも 幸運でした 発言は政治的なものでした
私は彼らの専門性と決意に 感銘を受けています 彼らは毎日 セクシー主義や人種差別的な発言に 直面していますが 手を放っておらず
政策がもたらす失望の1つは 虐待の種々の形態を 普通のものにしていることです
先週 ジェレミー・コービンは 労働党は寛容の文化を 育てるべきだと主張しました
党は不信任の票を投じ 選挙規則を改定するにつれ 縮小していくのです
この2年間 沢山のアドバイスを受けました 目を低くして 声を大きくせず 目を低くして 声を大きくせず すべてがうまくいきます
しかし私は政治を 行動のためにやっているのではありません
私は32年前 労働党に 加入しました 幼少の頃です ザッチャー政権の 怠慢が私の教室を 崩壊させたからです それ以来 私は 必要な人々に より良い公共サービスを 提供したいと 強く願っています 地方議員として 地方大臣として 地方大臣として
私は政治の野心を隠してはいません 選挙の時もです
ノーティンガム・イーストの メンバーは 私の政治姿勢や 現役党員との対立に 動揺させられませんでした
金曜日の議案の支持者に言いたいのは 国は家庭や企業や公共サービスに影響を与えるブレグジットの方向に向かっているということです 今こそ 党首への忠誠を議論して 時間を無駄にする時ではないのです
私のメッセージは ノッティンガム・モメントムではなく 労働党と非労働党の 支持者に対してです 私は皆さんに 誇りを持って奉仕し 退去の脅しや 機会主義などに 立ち向かいられず 皆さんの利益のために 行動することを約束します
クリス・レスリーはノーッティン・イーストの 議員です
アイル 38 - 17 メルローズ: アイルは無敗
遅れた2回のテストで 最終結果は 歪んだのかもしれませんが 間違いなく エアルは スコットランドラグビー選手権の 激しい試合で勝利を 勝ち取ったのです
チームは今やランキングのトップにランクインし,チャンピオンシップで唯一無敗チームとなった.
勝利は,彼らの守備の優しさと, チャンスを掴むことによってもたらされた. 監督ピーター・ムルキーは,この試合を誇りに思う.
"今のところは試されているが 敗者ではない" "幸運だ"と彼は言う
素晴らしい!彼らは我々より効率的で,機会を掴んだ.
グラント・アンダーソンの14分目のトスにより,アールが良い位置に立つことができたが,ウォリアンズが試合に解雇したスコットランド人ロリー・ヒューズのイエローカードは,メロズに数字を出すことを許した.
クリモは,前半のペナルティでアアルの状況を悪化させました. 彼は,単独のテストを記録し,一時停止時にアアルの17-5に変えました.
メルローズは2番目のハーフをうまくスタートし,バゴットに改されたパトリック・アンダーソンの試みは,差を5ポイントに縮小しました.
試合は長引くが,ルアーヒ・ノットが重傷を負い,荷台で外出した.再開の際,アールはスタフォード・マクドウォールの打撃でリードを再開した.
エイルの代理キャプテンであるブレア・マックファーソンは イエローカードを落とし またメルロウズは ブルース・コヴィンの未改造の試みで チャンスを掴み 緊張感を醸した.
しかしホームのチームは 勝利を収めた. シュルーアン・ハッチンソンが イエローカードを打たれた時, クリモはペナルティで プレーできませんでした. マクファーソンは, シュルーアン・アーヤーの 進んだマウルの 後ろ部に 打ったのです.
クリモは,試合を転機に変えました. 試合の開始から,カイル・ローが,アームストロングのキックを集め, ゲレガー・ヘンリーを5番手として外へ送った.
"スティルゲーム"のスターが 料理店に
フォード・キアンは 飲食店のキャリアを 目指すことにしました
56歳の彼はBBCの有名な番組で ジャック・ジャヴィスを演じ 長い時間 ステージパートナーであるグレッグ・ヘムフィールと共に 執筆し共演しています
双子は9期が最終回になると発表しました そしてキアランは"クレアランの次"を準備しているようです
公式記録によると 彼はAdriftmorn Limitedの取締役だ
俳優はコメントを拒んだが スコットランド・サン紙の情報筋は キーアンはグラスゴーブの 盛況のあるレストラン業界に 巻き込もうとしていたと明かした.
海洋は我々のものだ 封鎖されたボリビアは 裁判所が太平洋への道を再開することを期待している
艦隊がラパスの海軍本部で 装甲艦でパトロールしている
公共の建物には 青い旗が掲げられています
ティティカカ湖からアマゾンまで,海軍の基地は,次のモチーフを掲示しています: "海は我々のもの.
復元は義務だ
封鎖されたボリビアの至る所で 19世紀 資源争いでチリに失われた海岸の記憶が 鮮明に残っています また太平洋を再び 航海したいという願望も
この希望は,ここ数十年に渡ってそれほど実感されていなかった. ボリビアは,国際司法裁判所の判決を待っています. 5年間の議論の後,10月1日に判決が発表されます.
ブラジルの外交官ロベルト・カルザディヤは"ボリビアは意志があり,団結し,穏やかであり,当然,良い結果を期待している"と説明している.
多くのボリビア人が,国際司法裁判所の判決を国中からテレビで追う.ボリビアは,チリが,ボリビアの海への主権的渡航の合意に合意することを,何十年もの間接的な交渉の後,ボリビアが要求することを期待しています.
ボリビアのカリスマな先住民大統領であるエボ・モラレス (来年再選の争いのある候補者) も,月曜日の判決について語ることがある.
"太平洋に戻れるのに 程近い"と8月末に言いました
しかし 裁判所がチリに賛成する 確率は低いと 意見を持つ専門家もいます 判決が成立しても 状況が変わることはないと
国境の交渉の成果を決定する権限はないと 結論した.
国際司法裁判所が最終審理から6ヶ月後に 判決を下すという事実は 事件が"複雑ではなかった"ことを示しています.
この4年間 ボリビアの 利益には尽きず 被害に遭ったかもしれません
ザラテは,海へのアクセス問題は現在のボリビア政権によって取り上げられたと発言した.
選挙の投票は,選挙の投票は,選挙の投票は,選挙の投票は,選挙の投票は,選挙の投票は,選挙の投票は,選挙の投票は,選挙の投票は,選挙の投票は,選挙の投票は,選挙の投票は,選挙の投票は,選挙の投票は,選挙の投票は,選挙の投票は,選挙の投票は,選挙の投票は,選挙の投票は,選挙の投票は,選挙の投票は,選挙の投票は,選挙の投票は,選挙の投票は,選挙の投票は,選挙の投票は,選挙です.
ボリビアとチリは交流を続けますが その後は交渉を 始めるのが非常に難しいでしょう
両国間の大使交換は最後に1962年に行われた.
裁判所の決定が異常速度の 判断だと否定した. 裁判所の決定は,
モンデーは,ボリビアにとって,チリとの新たな時代の始まりとなる,並びに,139年の対立を,相互利益の元に終わらせられるという, 素晴らしい機会を,提供すると,彼は述べた.
カルザディラは,今日でもラテンアメリカの最も人気のある大統領の一人であるモラレスが,海事問題を政治のカギとして利用していることにも異議を唱えた.
太平洋へのアクセス権は決して放棄しない"と強調した.
 裁判所の決定は 過去を捨て去るべきだということを示す機会です 
北朝鮮は,米国を信頼できる限り, 核の無効化は実現すると主張している.
北朝鮮のリ・ヨンホ 外相はワシントンを信頼しない限り北朝鮮は核兵器を放っておくつもりはないと発言した.
リー氏は土曜日,国連総会で演説した.
シンガポールの首脳会談で約束したものを 尊重するよう米国に要求した.
核外交を再開する準備が整っているとみられる中,彼はこう発言しました. シンガポールの北朝鮮の金正恩との首脳会談から3カ月が過ぎた今,
制裁の継続と北朝鮮の紛争を終わらせる宣言に対するアメリカの反対は 明だと彼は言う.
ワシントンは,北朝鮮が先行して, 重要な軍縮措置を講じない限り, 声明を承認することを躊躇している.
金氏とドナルド・トランプ大統領は 2回目のサミットに
しかし,北朝鮮が,北朝鮮の安全保障を保証する 武器庫を放棄するかどうか,議論が起こっています.
ポンペオは来月,金とトランプの二回目の会談の準備のため,平壌を訪問する予定です.
パリで開催されるファッションショーでは 最新のヘアカバーのトレンドが発表され すぐお店で売れるかもしれません
もしあなたが 帽子コレクションにXXLを 追加したいなら 更に良い帽子や 100%日焼け対策を 望んでいるとしたら
デザイナーであるValentinoとThom Browneは パリ・ファッション・ウィークの スタイルを称賛した PE19パレードで 誇らしいオールサイズ帽子コレクションを披露した.
デザイン家は 狂った帽子を ショーに組み込もうとしました
ヴァレンティノの名作は ペンキを思わせる 広い縁が付いた 変なベージュの帽子で モデルの頭部を包み込みました
飾り付けのオバケツや 魔法の帽子や サイナップスまでありましたが 暖かくするために作られたものではありません
トム・ブラウンは 仮面のコレクションも紹介しました ハロウィーンにぴったりの時です
ほとんどの仮面は 唇が縫い付けられ ハンニバル・レクターのような 装飾品だった
ダイビング用の道具と ツナとメガネが付いたものが"つあり 融けた氷のコンを 形にしたものが"つありました
流行の流行に追いつくなら 運が良ければいい
流行の専門家によると 巨大な帽子は ショッピング・ストリートまで 届くかもしれません
XXLの帽子は ボンバの様子をたどり 星が脱ぐ 広角のストロー帽をリハナから エミリー・ラタコフスキーまで
ソーシャルメディアを駆け巡る この難易度が高い帽子を 販売しているブランドは 舞台でまた別の代表的なデザインを紹介しました 製のビーチバッグです 背中のモデルとほぼ同じサイズです
焼色ラフィア製のバッグはラフィア製のフリッジと白い革のハンドルで飾られ,パリファッションウィークのPE19 ラリヴィエラ・ジャックメスショーで注目されました.
著名人のスタイリストのLuke ArmitageはFEMAILにこう言いました: "大型の帽子やビーチバッグが 来年の夏に 発売されるのを期待しています デザイナーがとても印象的になって オーバーサイズアクセサリが 需要されるのは明らかです"
ジョン・エドワード: 言語能力は世界の市民にとって不可欠です
スコットランドの独立学校は学問の卓越を記録しています 2018年には新たな卓越した試験成績が記録され スポーツ,芸術,音楽,その他のコミュニティー活動における 集団的および個人的成功が強化されました
スコットランド各地の3万人以上の生徒が参加しているこれらの学校は スコットランド独立学校評議会 (SCIS) により代表され,生徒と親に最高のサービスを提供しています.
独立した学校は生徒を高等教育や キャリアの選択や 世界市民としての地位に備えるために 努力しています
教育部門では,学校に合わせた教科書を設計し,導入することが可能であるため,現代の言語は学校で人気があり,求められている課題として残っていることがわかります.
ネルソン・マンデラは "人のために理解できる言語で話しかけると 頭に話しかけられる"と言いました
祖国語で話すと 心に届く
これは,英語を頼りにして 他国の人と関係を築き,信頼関係を築くことはできないことを 思い出させてくれます.
優秀な成績を見ると 言語はトップで 独立学校で成績が最高です
外国語を学んだ生徒の68%が Aという最高点を獲得しました
SCISの74校から集めたデータによると 学生の72%が中国語でAを最上位にしました ドイツ語は72% フランス語は69% スペイン語は63%でした
これはスコットランドの独立校が 外国語を子どもや若者の将来にとって 極めて重要なスキルとして 支持していることを示しています
今では,独立学校や他の学校では,科学,技術,工学,数学と並んで,言語を科目として, プログラムに組み入れています.
2014年に英国雇用・スキル委員会が実施した調査によると 雇用者が候補者を採用する際に直面している 課題の17%は 言語能力の不足に起因するそうです
言語能力は 将来のキャリアの準備に 重要な役割を果たしています
言語が求められる求職が増える中で グローバル化が進む中で これらのスキルは不可欠です
職業の選択にかかわらず,第二言語を話す人は,このスキルのために将来的に大きな利点を得ます.
外国人と直接コミュニケーションをとる事ができれば 外国人の競争相手よりも 自動的に高位に立つのです
2013年に YouGovが イギリスの成人を4000人対象に 調査したところによると,そのうちの75%は対話をするために 外国語を十分に 話すことができないことが分かりました.フランス語は15%の2桁の割合で 唯一の言語でした.
だからこそ 言語学習への投資は 子供にとって今日とても重要です
発展途上国などの複数の言語を話すことで 子供たちは有意義な仕事に就ける 機会を得ることができます
スコットランドでは,学校ごとに異なる言語が教えられます.
クラシックな現代語に重点を置く学校も多くあり,2020年までのイギリスにとって重要な言語,例えば中国語や日本語なども教えている学校も多くあります.
子どもの好みに関係なく,専門職が担当する学校では,複数の言語が利用できます.
独立学校は,子どもたちに将来がどんなものであれ,成功するために必要なスキルを備えてくれる学習環境を提供することを目指しています.
明らかに,現在,世界規模の商業環境の中で,言語は,国の将来にとって極めて重要であり,それは教育にも反映されなければならない.
現代言語は国際的コミュニケーション能力として考えられる.
独立した学校はスコットランドの若者に 選択の機会を与え 多様性を与え 卓越性を提供し続けます
やっておくべきことだ
ジョン・エドワードはスコットランド独立学校評議会の理事です
レブロンはサンディエゴで レイカーズにデビューする
レイカーズでデビューするレブロン・ジェームズに 期待しているファンのために 待ち時間は終わりに近づいています
レイカーズのコーチである ルーク・ウォルトンは ジェームズがサンディエゴで シーズン開幕戦を打つことを発表しました
どれくらいの時間 プレーできるかは まだわからない
"1つ以上で48未満"と ウォルトンは 公式ホームページで語った.
レイカーズのマイク・トランデルは ツイッターで ジェームズが数分しか出場できないとツイートしました
練習の後 週初めに ジェームズに 予備戦計画について聞きました 6試合の予備戦です
今この時点で 準備を整えるには 予備の試合は必要ない
ツイートしたツイート:
ドナルド・トランプ大統領は 今夜 ウェストバージニア州ウィーリングで 選挙運動の集会を 開始します
テキサス州やミシシッピ州などで 訪れることが予定されています
裁判所の空席の承認投票が延期されたことで トランプは,来年の中間選挙で支持を集めて, 共和党が11月の議会の支配を 失わないようにしようとしています.
トランプ氏にウェストバージニア州で 会議があるのはいつですか? オンラインでどう見られるでしょうか?
ウェスバージニア州ウィーリングのトランプの会議は, 2018年9月29日 (土) 午後7時 (東方時間) に予定されています.
ビデオはYouTubeで視聴できます
トランプ氏は今週に行われる最高裁の候補者ブレット・カヴァーヌの性侵罪判決の審理について発言する予定で,FBIの捜査が続く中,カヴァーヌの上院承認投票は1週間延期される見込みだ.
しかし,この集会は,共和党が11月の選挙で 力を得ることを目的としています.
選挙運動のなかでトランプ大統領は5回の会議は共和党が上院と下院の多数権を守ろうとしている中 支持者やボランティアを励ますためだと 発言した.
選挙の熱い選挙戦の初期に できるだけ多くの州を 訪問するほど 議会の監視が重要な内容だ 候補者候補を指名しなかったトランプ・チームの 広報担当者はロイターに語った.
ウェストヴァージニアのメトロ・ニュースの報道によると ウェスバンコ・アリーナで 開催される予定の 集会は ワシントン州から  Ohioとペンシルベニアの 支持者達と
土曜日はトランプが 1ヶ月で2度目のウェストバージニアを訪れる日です 2016年に 40ポイント以上で 勝利した州です
選挙で落第している 共和党のウェストバージニア州上院議員候補の パトリック・モリスイを 支援しようとしています
選挙で彼を推し量うたに 来るのはモリシーにとって 良い兆しではないと ウェストバージニア大学の政治学者のサイモン・ヘイダーは Reutersに語った.
レースは,この試合で, 試合の準備が整った.
3つのシングルスの後,土曜日の午後は 4人組で,ライダーカップに欠けているものを提供することができた.
ダンスの振動は 作り出されたスポーツコンセプトですが 選手たちは心から信じているのです 試合はこれまで以上に
ゲーランはどこにいるのか?
ジョージ・スピースは,今日,試合を始める前に,こう言いました.
もちろん,ヨーロッパが優位です. 4ポイントの差と12ポイントの差です.
シュピースとジャスティン・トーマスは一日中一緒にプレーし,それぞれ4点中3点を取ったと自慢している.
スピースは 緑茶の効果を 誇示し 模範を示しています
試合が進むにつれ 歓声は高まりました 重要なパットで4番に準決を打った トーマスと彼は2つの穴に2回ダウンしました
15番で勝利した彼のパットも 同じような叫びを呼んだ チームにはアメリカが勝っていると 信じているという人もいます
                                                                                                                                                                                                                              
選手たち全員に 残っているのはこれだけです
18穴は 特別に
唯一の選手は,過去2日間で スピースとトーマスを超える ランチェスコ・モリナリとトミー・フリートウッドです.
奇妙で可愛らしい2人のヨーロッパ人は 4勝4敗で 間違いを犯す余裕はない
モリウッドは土曜日の午後をボギーにしないだけでなく 土曜日の朝も金曜日の午後も 最後の9ホールでボギーにされませんでした
試合の流れや 熱狂した観客の間で 流れていくようなエネルギーが 選手を決めつけているのです フリートウッドやモリナリより 熱心な選手はいないでしょう ゴルフ・ナショナルに 夕暮れを迎える中 ヨーロッパの勝利を掴むために
理想的には 2つの穴を同時に 掘る方が良い
しかし,ヨーロッパが輝くなんて言うのはまだ早すぎる.
バッバ・ワトソンと ウェッブ・シンプソンは 素早くサージオ・ガルシアを倒した 午前中の四球のヒーローは アレックス・ノレンとチームを組んだ
最初の9回でボグと2ダブルが スペインとスウェーデン人を 穴から突き落としました
でも日曜日は 誰も来ない
フォーボールとフォーソームは 互いに結びつき 助言や助言を交わすことで 戦略が瞬時に 変化するので 注目するのがとても興味深いのです
ヨーロッパはこれまでよりチームとしてプレーし,最終日に大きな勝利を収めたが,この四人戦は,アメリカ人は戦いの勇気が有ると証明した.
ヨーロッパの10-6がライダーカップの最終日
ヨーロッパのライダーカップは10-6でアメリカに勝って,土曜日のフォーボールとフォーソムで,最終日のライダーカップで強い優位を勝ち取った.
トミー・フリートウッドとフランチェスコ・モリナリが 勝利を収めた. 勝利はタイガー・ウッズに 勝ち点4点をあげました.
2年前にハゼルトインに負けたタイトルを 維持しようと決心したトーマス・ビョーン監督のヨーロッパチームは 3-1で勝利を収めた.
アメリカは4人組で強い表情を示し 2勝を収めたが,その差を埋めることはできなかった.
ジュリー・フライクのチームは 日曜のシングルで12点のうち8点を獲得し 優勝を勝ち取る必要があります
フリートウッドはヨーロッパから4ポイントを連発した初めての選手で モリナリとモリウッドは 敗戦の週末に 4ポイントを連発した 2人目のカップルとなった.
ブルースとパトリック・リードを 打ち破った後 ブルースとアメリカン初心者 ブライソン・デッハムボーの対戦は 更に激しく 疲れたウッズに 5と4で打ち負かされました
ウェッジは2試合の練習で 休憩を取ったが 試合は数回 輝いてきたが 今では29試合の 4球と4球で 7試合負けだ
午前中のフォーボールの試合に 十分な休息を受けたジャスティン・ローズは ヘンリク・ステンソンと4人組で 2対1で勝利し ランキング1位と3位のダスティン・ジョンソンとブルックス・コプカに 勝ちました
涼しくて晴れた天気でパリ南西で開催されたこの大会では ヨーロッパも参加しました
3勝のジョーダン・スピースと ジャスティン・トーマスは 格差を上げました
彼らは,スペインのジョン・ラームとイアン・ポウルトーに2対1で勝利を勝ち,またポウルトーとロリー・マクイルロイに4対3で打ち負かした.
レーダーカップ史上2度しか チーム1人が4点差を 勝ち取りませんでした 優勝したフリクが優勝を勝ち取りたいのは 引き分けしかなかったのです
2日間2番手だったのに 日曜日の逆襲から 回復できなかった
北朝鮮は,軍縮は"いかなる場合でも" "信頼の欠如で一方的に行うことはできない" と宣言した.
制裁の継続は米国に対する不信感を強め,北朝鮮が核兵器を一方的に放棄することは不可能だと,土曜日に北朝鮮外相が国連に語った.
核実験とミサイル実験の停止,核実験場の解体,核兵器の拡散と核技術の拡散の抑制など,北朝鮮が昨年,重要な善意の行動を起こしたと,リ・ヨン・ホー氏は,世界機関の年次総会で述べた.
 しかし,米国から対応する反応は得られていない.
アメリカが信頼できないと 国家の安全が危ないと考えられるでしょう このような状況で 軍備を一方的に 放棄するのは 絶対に不可能です
北朝鮮のよく知られている非難を繰り返しながらも ワシントンは 段階的な非核化アプローチに反対しており 段階的に行動すれば 報われるという見解を示した.しかし,北朝鮮は北朝鮮が過去に行ったように 核の片側で非核化を行うことを否定していない.
リー氏は,金正恩とトランプが6月12日にシンガポールで行った, 初の米国大統領と北朝鮮の首脳会談で,金正恩は朝鮮半島の非核化に向けて努力すると約束し,トランプは北朝鮮の安全保障を約束したとの共同声明を引用しました.
北朝鮮は朝鮮戦争 (1950年−1953年) を正式に終わらせようとしているが,米国は平壌が核兵器を放棄しなければならないと宣言した.
またワシントンは北朝鮮に対する厳しい国際的制裁を緩和する要請も拒否した.
合衆国は北朝鮮が最初に非核化することを主張し,制裁を強め,強制的にその目的を達成するために圧力を加え",終戦宣言"をさえも反対している.
制裁が我々を 屈服させると考える者は 知らない
制裁の継続は 信頼を損なわない
リー氏は今週初めに国連で米国首長が提起した金とトランプの第2回の首脳会談についてコメントをしていない.
代わりに,金正恩と韓国の文在 (Moon Jae-in) 首脳が過去5カ月間に3回会談したことに言及し,こう付け加えた: 核核廃絶の問題は,米国ではなく韓国が問題になっているなら,朝鮮半島核廃絶は,このような行き詰まりに陥らないだろう. 
しかし リー氏の演説のトーンが 去年の国連総会での演説と大きく違いました 邪悪なトランプ大統領が 韓国を"自爆のミッション"と呼んだ後 北朝鮮のミサイルを米国に指すのは避けられないと発言した話です
トランプは昨年国連で北朝鮮を完全に破壊すると脅したものの,今年,北朝鮮が軍縮の措置を 勇気をもって取ってきたことを称賛しなかった.しかし,まだ多くのことが残っていると,北朝鮮が軍縮しない限り制裁は解除されないとも付け加えた.
トランプは水曜日, "期限は決めていない. 2年か3年か5ヶ月かかっても構わない"と発言した.
中国とロシアは,国連安全保障理事会が,平壌の行動を報いるべきだと主張している.
しかし,米国国務長官のマイク・ポンペオは木曜日,国連安全保障理事会で次のように述べた. "安全保障理事会の制裁は,完全な,最終的な,検証可能な非核化まで, 厳密に,そして体系的に維持されなければならない.
安全保障理事会は2006年以来,北朝鮮に対する制裁を, 核開発や弾道ミサイル開発に資金を提供している北朝鮮を 抑制するために, 決議で一致で強化した.
ポンペオは国連総会でリと会見し,次に来月再び平壌に訪れ,二度目の首脳会談を準備すると発表した.
今年も3回北朝鮮に 訪れたことがあるが,最後の訪問は 悲惨なものだった.
7月,彼は平壌を離れました. 彼は,平壌は進歩したと主張しましたが,数時間後,北朝鮮は彼の"ギャングのような"やり方を非難しました.
今月のムンとの会談で 北朝鮮はミサイル基地と核施設を 破壊すると約束した. もしアメリカが同様の措置を 取れば.
韓国大統領は,トランプがシンガポールに約束した安全保障と, ワシントンとの正常化に向けた努力を, 金正恩が求めていると語っている.
ハーバード: 休憩時間を取っている学生
今年 ハーバード大学は 新規授業を導入し 全大学生に睡眠時間を 延長させ 徹夜カフェインを飲みながら 勉強するという 男らしさが強まっている傾向を 解消しようとしています
世界一流の大学で 学生の多くが 自分を自分で 管理できないと 教授が指摘しています
ハーバード医学部の睡眠医学教授で ブリガム・アンド・ウィメンズ病院の 専門医であるチャールズ・チェイスラーが 考案したこの講座は アメリカで初めてだと 彼は考えています
睡眠不足が学習に及ぼす影響について 講演した後で
卒業後 学生がやってきて言いました "なぜ高校の最終年生まで こんなことを言われて?"
"誰も私に 睡眠の重要性について 話してくれなかったと 驚いた"と 彼はThe Telegraphに語った
今年初めて実施された この講義は 学生に 睡眠の必要性について説明します 睡眠の必要性について説明することで 学生の学力や身体的成績や 全体の健康を向上させることができます
ハーバード医学部の精神病学教授で 医療福祉の最高責任者であるポール・バレラは 学生が週中に睡眠不足に苦しんでいるのを 観察した結果で 授業を導入したのだと言います
授業時間は様々なインタラクティブの演習で構成されています
学生たちがクリックして,カフェインや光の影響,睡眠不足が身体的機能に与える影響,そして寝る前の日常生活の重要性について学びます.
別のセクションでは 長期間の睡眠不足が 心臓発作や脳卒中 鬱病や癌のリスクを 増加させる可能性があることを 学びます
インタラクティブなアイコンを付したキャンパスマップが 参加者に日常生活について 考えてもらいます
学生の行動に すぐには 変化をもたらすことは ありません
教授はこうも言いました "しかし,喫煙が健康に及ぼす影響について 知る権利があるのと同じく,彼らにもその権利があると思う"
睡眠不足の文化は 存在し続けていると 彼は言う. 現代の技術と学生のストレスが 眠れない問題として 増えていると付け加えた.
十分な質の高い睡眠は ストレスや疲労や不安と戦うための 学生の秘訣であるべきだと 彼は主張しました 睡眠不足は脳を 飢餓モードにさせ 絶えず飢えさせています
化学と物理生物学を学ぶ19歳のカリフォルニアの学生レイモンド・ソは 教授の授業を手伝いました 教授がハーバード大学で 初めての年に入学した際に 学生の1人として 授業の設計を手伝いました
彼はこの授業が彼の目を開き,キャンパス全体に提供されることを主張したと言いました.
博士課程の学生は皆,この有名な大学に入る前に,同様のプログラムで進学することを提案したいと考えています.
学生には寝る時と起きる時の両方に 警報器を設置し 電子機器の画面やLEDから発せられる 青い光が 睡眠障害を起こす 危険性を認識するよう 推奨しています
リーヴィングストン 1 - 0 レンジャーズ メンガのゴールが ゲラードの男たちを倒した
レンジャーズはまた外場での重圧を被った.ドリー・メンガの攻撃は,リビングストンに1-0で敗れたスティーブン・ジェラードのチームをリードした.
イブロックスは2月,セントジョンストーンで4-1で勝利してから,出場での勝利を期待していたが,ゲーリー・ホルトのチームは,ジェラードに18試合で2回目の敗戦を与えた.
試合の7分前にはマングラが打った 熱狂したレンジャーズは 引き分けを打つことができず
ランジャーズは6位に下がり リビングストンは3位に上がり ハイバーニャンのゴールの差を上回る
ランジャーズにとって 更に大きな問題となるのは 審判のカラム・スペンスが 頭に怪我をしたり 反対側から物体が投げ出されたりしたことで
ゲラードはチームに8人の変更を施し アイルはベトフレッドカップで半決勝で敗れた.
ホルトは先週ハートに ポイントを落とした同じライヴ11を選びました そして彼のチームに 勝ち点1をあげて 勝利を収めたとしても 喜んでくれると思いました
ランジャーズはボールを握ったかもしれないが リビングストンはもっと多くのことをした
投手2分前に スコット・ピットマンが マクレゴーのゴールを狙ったが 投手はそのチャンスを逃した
キーハン・ジェイコブズは チームキャプテンである クレイグ・ハルケットに 強い打撃を打ったが チームメイトのディフェンサーの アラン・リトゴーは 2番のポールを 打つことができた
ランジャーズは勝負を勝ち取ったが,最後の1/3は希望よりも信頼の表れだった.
アルフレド・モレロスは シュートを打った後にペナルティを 受け取るべきだと考えていたが スティーヴン・ローレスと衝突した.
ランジャーズは前半に2発しか得なかったが,リアム・ケリーはラサナ・クーリバリとオヴィエ・エジャリアの打撃でほとんど動揺しなかった.
34分にリヴィがゴールを開けたのは 試合の流れに反した結果だったけど 努力の成果で勝ち取ったことを 否定できない
ランジャーズは再び 失敗した ジェイコブスの蹴りを止め
スコット・アーフィールドは 球をデクラン・ガラガールに返し スコット・ロビンソンに 球を返したところ 反応しなかったが スコットは冷静に メンガを勝負させ シンプルな結末に決めた.
ゲラードは半盤にカウリバリをライアン・ケントに交換し すぐにはカウリバリがモレロスに 登場したので すぐにはカウリバリがモレロスに 登場したので すぐにはカウリバリがモレロスに 登場したので すぐにはカウリバリがモレロスに 登場したので すぐにはカウリバリがモレロスに 登場したので すぐにはカウリバリをライアン・ケントに 置き換えたので すぐさまカウリバリがモレロスに 登場したので すぐにはカウリハリがモレロスに 登場したので すぐにはカウリがモレロスに 登場したので すぐにはカウリがモレロスに 登場したので すぐにはカウリがモレロスに 登場したので すぐにはカウリリがモレロスに 登場したので すぐにはカウリがモレロスに 登場したので
リビングストンは 遊客を促し続けた. リスゴウとハルケットは 長いボールで長いボールを 投げました.
ホルトのチームは最後数で勝っていたが,マクグレゴーはジャコブスを追い返し,リトゴウがゴールを逃す前に,
レン・ミドルトンがヤコブスと戦っている間に,試合終了時にペナルティを求めたが,トムソンは再びそれを無視した.
ゲイガー計器の発明者
そして,今,アールマナック誌の"日曜の朝"のページです. 1882年9月30日,136年前の今日, ターンカウンター...
彼は放射能を検出し測定する方法を開発しました 後にゲーゲル電卓と呼ばれる装置が誕生したものです
サイエンスにおける 柱として ゲーガー計は 流行文化にも 大きく影響しました 1950年の映画『コロナドの鐘』では ロイ・ロジャースとデール・エヴァンズが 登場する2人の科学者が 登場する様子を 見ることができます
男: "これは何だ?"
これはゲーガー計数器で 放射性鉱物を探すのに使います 例えばウラン
耳鳴りで 放射能が鉱物中に放出された 原子の音が聞こえるのです
飛び降りるぞ 飛び降りるぞ
ハンス・ゲーガーは1945年に亡くなりました 彼の63歳の誕生日の数日前に
しかし,彼の名前の発明は残っています.
免疫系が癌細胞を 検出する 新しい抗癌ワクチンが開発されました
免疫システムが癌細胞を検出して 免疫システムを駆除できる 新しいがんワクチンです
治療の一環として ワクチンは 免疫系に 癌細胞の認識を指示します
患者の免疫細胞を採取し 実験室で作るものです
多くのがんに共通するタンパク質を検出し 再注射します
実験中のワクチンは 様々な種類の癌を患った患者で 期待できる結果が出ています
免疫システムが癌細胞を認識できるように 免疫システムを訓練するワクチンを投与した女性が 卵巣がんが 18ヶ月以上も治りました
この方法は 患者の免疫細胞を採取し 実験室で改造して 多くのがんに共通する HER2 タンパク質を検出し 再注射することです
メリーランド州ベセスダにある米国国立癌研究所のジェイ・ベルゾフスキー教授は "我々の研究結果は ワクチンが有望であることを示しています"と語りました
ベルゾフスキー教授によると HER2 は乳がん,卵巣がん,肺がん,大腸がんなど の多くの種類を増加させる原因です
免疫細胞を採取して 癌細胞を標的とする 免疫細胞を訓練する方法は ガン細胞の治療にも有効です
ウェストはSNLの番組を後にして トランプ支持の発言を始めました
順番が悪かった
ウェストはサタデーナイトライブでドナルド・トランプ大統領を称賛し 2020年に大統領候補を 立候補すると発表した.
3枚目のアルバム『ゴーストタウン』をリリースしたあと,Make America Great Againという帽子をかぶって歌った後, 民主党に怒りを感じ,トランプ支持を表明した.
頻繁に白人と話すと "トランプが人種差別主義者だなんて どうして好きだ?"
"もし人種差別が心配なら ずっと前にアメリカを離れていただろう"
SNLはマット・デイモンの スケッチでスタートし ハリウッドのスターが レイプ容疑の証言を 嘲笑しました
放送されなかったものの,ウェストの罵声を録音したビデオは,コメディアンクリス・ロックによってソーシャルメディアに 流された.
ロックはウェストを馬鹿にしようと 雑誌を出したのかどうかは 分かりません
更に ウェストは 観客に 愚痴を言いながら 帽子のせいで15分も 舞台裏で 過ごせなかったと訴えた
 彼らは私に圧力をかけました
帽子で来ないように言われた
圧迫された
"私は今,危機に瀕している"と ワシントン・エグザミナー紙は 報じている.
ウェストは続けました "あの穴を見たいか?" "スーパーマンのを着て行くよ 誰も彼に指示できないから"
恋愛に挑戦してみて
Varietyによると,彼のコメントは観客から少なくとも2回ほど怒鳴り,SNLのメンバーは恥ずかしくなった.現場の関係者は雑誌にこう語った. "舞台全体は沈黙した.
ウェストは,前日,ラッパーマック・ミラーの元恋人,アリアナ・グランデの 代わりとして,最後のタイミングで呼ばれた.
ウェストは"I Love It"を歌って 観客を興奮させた
保守派のグループリーダーであるカンダース・ターナーは ツイートしてこう言いました "最も勇敢な精神の一つに ありがとう 馬鹿に 首を 向けられたことに"
番組の司会者カレン・ハンターは ツイートして言いました "ウェストは自分らしく生きていて これは素晴らしいことだ"
しかし私は,私のコミュニティに有害なイデオロギーを 広め,広める人のために (音楽や服を買ったり,芸術を 支援したり) 報酬を与えることを 選択していません.
解放された
"私たちもそう"と彼女は言った.
番組開始前,ラッパーはツイッターで自身の名前を改名し,カニエ・ウェストとして正式に認識されていると発表した.
名前を変えたのは初めてではない. ディディ (P. Diddy) とも呼ばれる.
シンボルに名前を変えたラッパースヌープ・ドッグは スヌープ・ライオンと 伝説のプリンスを呼んでる
ベルファスト:レストランでの銃撃事件で殺人未遂の容疑
ベルファストのレストランで ナイフで殺された45歳の男性が 殺人未遂で起訴されました
警察によると,この事件は Ballyhackamore で起こった.
容疑者は月曜日に ベルファストの 裁判所に 提出される予定だ
検察は起訴を審議する
『ゲーム・オブ・スローンズ』のスター キット・ハリントン 毒性の男らしさについて
キングダム・オブ・キングは 暴力的な中世のファンタジーシリーズ『ゲーム・オブ・スローンズ』で ジョン・スノウ役で 知られています
しかし31歳の俳優は 独身の男優のステレオタイプに 惹かれています 画面上の男優の役割は 硬直な男を演じて 尊敬されるように させるものだというのです
キットはサンデー・タイムズ・カルチャー紙にインタビューし "何かおかしい"と語り #MeTooの時代における 有害な男性らしさについて語りました
『ゲーム・オブ・スローン』のコウデーターのローズ・レスリー (Rose Leslie) と結婚したキットは この問題を 解決したいと強く思っていると 告白しました
  私自身は                                 
 成長する若者に,今,直面している問題について,どんな教訓を伝えましたか?
毒性的な男性性の増加には テレビが 責任があると考えたのです
彼はこう続けました "どんな行動が生まれつき どんな行動が教えられたのか?"
テレビや街で 教えられているのは 男の子が男らしくいられるために 行動しなければならないと
現代の根本的な問題の一つは どう変えられるかということです
明らかに何か問題がある
インタビューでは,彼はまた,このシリーズは,次の夏に終わると,序曲も続編も作らないことを認め,戦場と馬を終わらせると主張しました.
"サム・シェパード"の『トゥルー・ウェスト』の 再編を今月よりキットが主演として 撮影予定しており 撮影は映画製作者とその兄弟の泥棒の物語です
最近 俳優は 妻のローズとの出会いが 『ゲーム・オブ・スローンズ』で 彼にとって最高の出来事だったと 告白しました
"この番組で妻と出会ったから 将来の家族と人生を与えてくれた"と 彼は言います.
ローズはエミー賞を受賞したファンタジーシリーズで キットが演じるジョン・スノーに恋するヤギート (Yegritte) を演じた.
2018年6月にスコットランドで レスリーの家の敷地で結婚した.
HIV/AIDS:中国では新規感染者数が14%増加
中国ではHIVとエイズに感染した人の数は 14%増加しました
医療当局によると 感染者は820,000人以上です
2018年第2四半期には4万人に近い新規患者が報告されました
感染者の多くは性行為によって感染しています これは新しいことです
歴史的に見て 感染した血液を輸血したことで ウイルスは 国内のいくつかの地域で急速に広がりました
しかし,この方法でHIVに感染する人の数は ほぼゼロまで減少したと ユナン省で開かれた会議で中国保健当局者は述べました.
しかし,中国ではHIVとエイズ感染者数が 年々10万人増加しています.
中国LGBTコミュニティでは 性交によるHIVの感染は深刻な問題です
同性愛行為は1997年に中国で非犯罪化されましたが,LGBTコミュニティに対する差別は依然として広範囲に及んでいます.
保守的な価値観が強いため,同性愛者の70%から90%が結婚すると推定されています.
多くの感染の原因は 性行為による予防策が 適切でないことです
この問題に対処するべく 中国政府は2003年に 普遍的なHIV治療の普及を約束しました
マクシネ・ウォーターズは 共和党員が上院議員の情報を 漏らしたとは否定し 危険な嘘と陰謀説を 非難しています
土曜日,共和党のマキシン・ウォーターズは 自身のチームメンバーが 議会のウィキペディアページに 共和党の3人の上院議員に関する個人情報を 公開したとの申し立てを否定しました
ロサンゼルス・デモクラテは,これらの主張は, 専門家や極右派のウェブサイトによって支持されていると主張した.
ウォーターズはツイッターで"嘘,嘘,そしてさらにひどい嘘"と反論した.
流出した情報には ユタ州上院議員のリンジー・グラハム,マイク・リー,オリン・ハッチの 住所と電話番号が含まれていたそうです
報道は木曜日,上院での上院議員選で 性的暴行の申し立てが 連邦最高裁判所の候補者,ブレット・カバノウの 審議中に, 匿名の人から オンラインで公開されました.
事件の発生は 議員3人がカバノウに インタビューした直後です
保守的なサイトであるGateway PunditやRedStateは 投稿のソースを特定するIPアドレスが Watersのオフィスと関連していると報告し Watersのスタッフの情報を漏洩した.
ウォーターズによれば,この根拠のない主張は, 完全に虚偽で, 絶対的な嘘である.
 詐欺的で虚偽の主張によって 機密,個人情報,セキュリティが 侵害された私のスタッフは, 情報の漏洩に責任はありません.
 この虚偽の主張は完全に誤りであり,嘘です. 
ウォーターズの発言はすぐにネット上で批判を巻き起こし,元ホワイトハウスの報道担当者 アリ・フリッシャーも批判を巻き起こしました.
否定は怒りだ"と彼は書いています
議員になるための 性格が悪いと 言うでしょう
犯していない罪で非難されたら 怒らないでください
挑発的な内容にはならない
検察は訴える人の動機を 疑うべきではない
落ち着いて 落ち着いて 落ち着いて
フリッシャー氏は 民主党の批判に対する ウォーターズの反応を 比較しているようで 木曜日の審理で 怒った様子だと 非難されたカバナウ判事に対する 批判に反応したようだった
共和党の選挙区内選挙で ウォーターズ議員候補のオマール・ナヴァロも ツイッターで意見を表明した.
ツイッターで"もしこれが本当なら,すごいことだ"と投稿した.
ウォーターズ氏は声明で,彼の事務所は, 偽の主張について, 関連当局や法執行機関に警告したと述べた.
                                                                                                                                                                                                                                                        
ジョニー・イングリッシュがまた打った
ブリジットがどんな新作にも 注目されるという伝統が生まれました 2003年にジョニー・イングリッシュでスタートした 再び登場する ジョニー・イングリッシュ・ザ・リターンです
皮肉な自嘲は 国の新たな輸出機会となるのか?
混沌とした状況の中で, 目のでゴム顔のジョニー・イングリッシュのライセンスは2度目にも更新されました. この名前は,まず,この作品が,非英語系映画好き向けに作られた,大作であることを示しています.
落の秘密捜査官で 疑わしい魅力的な魅力的な試みにも関わらず クラウスとミスター・ビーンの味方 そして2012年ロンドンオリンピックの開幕式で 火の車輪の小音符を演奏する男を 疑わしいほどに 持っているのです
後に忘れられたテレビの広告で アトキンソンが演じた 旅人や国際的な謎の男を元に 引き継いだ作品です
最後のジョニー・イングリッシュは ひとつもない瞬間を 持ち合わせています
チョウがヘリコプターに近づく様子を 描きました 中世のを装着し ローターの刃物が ヘルメットに突っ込んでいく様です
アトキンソンの身体的喜劇に対する才能は強調されていますが,ユーモアはかなり不足しており,特に007やミッション・インポッシブルのような真剣なライセンスは,喜劇と自信を持って作曲しているときに,奇妙に余剰です.
ユーモアは大人のより子供に 焦点を当てているようで,私にとってはジョニー・イングリッシュの 奇妙な不運は 音の無い映画でアトキンソンが ビーンというキャラクターとして演じたような ギャグより 創造性も目標も低い.
常時話題の前提は イギリスが深刻な問題を抱えているというものです
ハッカーが英国諜報機関の 極秘のネットワークに侵入し 捜査中の英国諜報員全員の身元を 明らかにしたことで 現役の諜報員たちは 驚愕を覚えました ケビン・エルドンという人物が 果たした役割は わずかです
危機の危機に瀕した,そして政治的に不人気な,豪華な首相にとって,これは,エマ・トンプソンは,このテレサ・メイに近い人物として,最高の自分を発揮する.
諜報担当者は, 諜報員が全員 漏らされたので, 引退した者を 引き出す必要があると伝えました.
つまり 退屈なジョニー・イングリッシュを 邪魔するということになります 彼は現在 高級学校で 教師として働いていますが 秘密裏に 秘密の諜報員になる方法を教えています
英国は緊急の情報会議のためにホワイトホールに運ばれ,そして,彼の長年のパートナーであるボフが再びベン・ミラーに囲まれました.
ボウは結婚し 潜水艦の船長に任せられ 面白いホッケーの役を演じ ヴィッキー・ペッパーディンは 浪費の女だ
バットマンとロビンは,皇室の諜報機関に 厄介な事態を招くため, 任務に戻り,オルガ・クルリレンコと出会った.
一方首相は 魅力的な技術大金持ちの 支配に危うく陥ります 威嚇的なジェイソン・ヴォルタ (ジェイク・レイシー) が 登場し コンピュータの問題を解決すると主張します
ウェイトレスに変装して 華やかなフランス料理店を 焼き尽くし 豪華なボートボートに乗って 混乱を引き起こし 仮想現実のヘルメットで ヴォルタの家の中を 覗いて見ようとすると 暴政が起こります
映像の終わりには 完全に停止が決まっていますが 子供には 沢山の要素が 含まれています
比較的穏やかな映画だった
ジョニー・イングリッシュの他の映画と同様に 私は考え続けました イギリスの映画業界は ロワン・アトキンソンに 彼の才能を 発揮できるような役を 提供できないだろうか?
労働党は,英国人が4日労働をしても5日給与を得られるという 計画を立てたことを否定しています.
労働党のジェレミー・コービンは 国民に週4日しか働けない 五日分の賃金を与える 根本的な計画を検討しています
明らかに 労働者は AIによる経済から 利益を得られるよう 企業経営者に求められているのです
従業員は3日の週末を享受し 給料も維持できます
政府の経済計画や 労働者を支持する方向への 計画に合致している.
4日制週間の変更は労働組合の会議で承認され 労働者が経済的な変化から 利益を得るための手段として使われました
労働党の有力な筋はサンデー・タイムズ紙にこう語った: "政策の見直しは今年末までに発表される予定だ".
ひとつの夜で実現するわけではないが 4日制労働週は 労働者に有利な経済バランスを取り戻す党の取り組みと 総合的な産業戦略と一致する目標だ
労働党は4日制を 支持する最初の党ではないでしょう 緑の党は2017年の総選挙で 4日制を 支持していたからです
しかし,この願望は,現在,労働党全体から支持されていません.
労働党の広報担当者は"4日労働週は党の政策ではない. 党の計画でもありません"と発言した.
ジョン・マクドネル副首相は 先週の労働党会議で 経済の社会主義革命のビジョンを 詳細に述べました
マクドネル氏は,公共事業の"匿名取締役"と"利益取ろう"から権力を奪うことを決意した.
補充の計画では,水道会社の現有株主は, 政府の"減額"を, 疑似の"不良行為"のために, 引き返しできないかもしれない.
従業員を会社の役員に 入れようとした計画も確認し, 会社に 株式の10%を 従業員に配分する包括的株主基金も設立し, 従業員は年額500ポンドの配当金を 受け取るという.
リンゼイ・グラハムとジョン・ケネディは カーナフの捜査が 意見を変えるかもしれないと 60分に語った.
Brett Kavanaughの最高裁選定の最終投票は FBIの捜査が続くと少なくとも1週間延期され, 検察局の結論が共和党議員の支持を 引き下げさせるのかという疑問が浮上しています.
日曜のインタビューで 60分 番組の取材担当 スコット・ペリーは 共和党の上院議員 ジョン・ケネディと リンジー・グラハムに 連邦捜査局が彼らの考えを 変えるような何か発見できるのかと尋ねました
ケネディは南カロライナ州より オープンだった
"もちろん"とケネディは言った
裁判の席で カバノフ判事と話をした
事件の後に電話して 事件の後に電話して 事件の後に電話して 事件の後に電話して 事件の後に電話して 事件の後に電話して 事件の後に電話して
決意があり 明確な態度で
しかし,グラハムの投票は 石に刻まれたように見える.
"私はブレット・カバノフに関する 決定を下しました 爆発的な起訴が必要だと"
"フォード博士,何が起こったのかわからないけど, 分かってるのは,ブレットが断固として否定したことだ"とグラハムは付け加えた.
の名前は の名前の人には 確認できなかった
36年経った事件だ
変化を起こす新しいものは見当たらない
グローバル・シチズン・フェスティバルとは何か? 貧困の軽減に何かしたのでしょうか?
この土曜はニューヨーク市が グローバル・シティーズン・フェスティバルを開催します 素晴らしい音楽のイベントで 素晴らしい歌手たちが集まり 世界規模の貧困を 終わらせることに力を注いでいます
セントラルパークのグレートラウンに集まる 数十万人の市民が参加するグローバル・シチズン・フェスティバルでは ジャネット・ジャクソン,カーディ・B,ショーン・メンデスなどのアーティストの演奏を楽しむだけでなく, 2030年までに極度の貧困をなくすという フェスティバルの真の目標に気づかせるため,
2012年に初めて開催された グローバル・シチズン・フェスティバルは グローバル・ポヴェーリティー・プロジェクト (Global Poverty Project) の延長で 貧困を根絶するために 活動する人々の数を増やすことを 目指しています
観客は,このイベントの無料チケット (貴重者チケットを用意できなければ) を獲得するために, ボランティア,世界リーダーへのメール,電話,あるいは,貧困撲滅に対する意識向上など,様々なタスクや行動を行わなければならない.
しかし,グローバル・シチズンは,今後12年間で,どの程度目標を達成できるでしょうか?
無料のコンサートで人々に報酬を与えるという考えは 呼びかけの必要性を 説得する効果があるのでしょうか? それとも これは"クリックティビズム"の例で 署名したり ツイートしたりすることで 違いを生むと 思っているだけなのでしょうか?
2011年以来,Global Citizenは 支持者による1900万件以上の 行動記録を保持しており,多くの目的を訴えています.
組織によると,こうした取り組みは世界のリーダーに 2030年までに22億5千万人の生活を 変える37兆ドル以上の 約束や政策を 採択するよう促した.
2018年の初めには 株式に伴う390件の負債と発表があり その中でも1000億ドル以上は 支払われたか 引き上げられた.
グループによると,保証された資金は,これまでに,世界全体で約6億4千9百万人に対して直接的な影響を及ぼしています.
重要な約束は"栄養の力"という イギリスの投資家と実行者によるパートナーシップで 子どもの潜在能力を最大限に引き出すことを約束し ルワンダの栄養不足を撲滅するために 3千5百万ポンドの支援を約束しました
"英国政府,寄付者,国々の政府,そしてあなたのような グローバル・市民の支援のおかげで 栄養不足という社会不公正を 史上最下位にすることができます"と 2018年4月にロンドンで開催されたコンサートで The Power of Nutrition のアンバサダーである トレイシー・ウルマンは 聴衆に語った.
グループはまた,母親と子供の栄養を改善するために英国に要求する5000以上の行動の後に,政府は,栄養介入の500万人の女性と子供に恩恵をもたらすプロジェクト,The Power of Nutritionの資金提供を発表したと述べた.
極度の貧困をなくす事が可能だと 信じる理由は何でしょうか?
グローバル・シチズンはこう述べている:  達成への道は長く,困難で,時には転倒し,失敗する.
しかし 偉大な市民権運動や アパルトヘイト運動のように 私たちは一緒に力を合わせることで 達成できるのです
ジャネット・ジャクソン,ザ・ウィークンズ,ショーン・メンデス,カーディ・B,ジャネル・モナエなどがこの年にニューヨークで演奏するアーティストたちの数も含まれています.
米国はロシアエネルギー輸出を妨害するために海軍に封鎖を課すかもしれない - 内務長官
ロシアのエネルギーが中東を含む市場へ 届かないようにするため,ワシントンは必要に応じてアメリカ海軍の力を使うと, 米国務省のライアン・ジンケ長官がWashington Examinerに語った.
シンケはロシアがシリアに存在していること― シリアの合法的な政府の要求で活動していること― シリアはロシアが新たなエネルギー市場を探索する口実だと言いました
"私は彼らが中東に来たのは,彼らが東ヨーロッパで,ヨーロッパ南中心部でやっているように,エネルギー取引のためだ"と彼は言った.
公式の代表によると 解決方法はある
合衆国と海軍は海路をオープンに保ち,必要に応じて, 妨害を起こすことが可能だ.
シンケは消費者エネルギーアライアンス (Consumer Energy Alliance) が主催したイベントで講演していました この非営利団体はアメリカにおけるエネルギー消費者の"声"を広めようとしています
彼は,ロシアとイランとの関係を比較し, ワシントンのアプローチは,実際には同じだと強調した.
 イランとロシアに関しては,経済的な選択肢は燃料の利用と代替である,と彼は言った.しかし,ロシアは,化石燃料に依存した経済で,その弓に"つ以上のがある"と述べた.
この発言はトランプ政権が 流動化天然ガスの輸出を 拡大させ,ロシアを替えて ヨーロッパで消費者のために 低価格で輸出することを 約束した時に 起こりました.
トランプ大統領を含むトランプ政権の代表は,ドイツを説得して,不適切な"Nord Stream 2"のパイプラインを廃止させようとしています. トランプ氏は,ベルリンはモスクワの囚人になっていると主張しています.
ロシアは,現在の容量を倍増して110億立方メートルにすることを期待する11億ドル規模のNord Stream2は,純粋に経済的なプロジェクトであると繰り返し強調しています.
ウクライナ政府はワシントンの プロジェクトへの強い反対は 単に経済的な理由から 引き起こされていて 不当な競争の例だと主張しています
ロシアのエネルギー大臣アレクサンドル・ノバク氏は9月にモスクワで米エネルギー長官リック・ペリーとの会合の後に演説し",私は,エネルギーが圧力の手段であってはならないという,消費者が供給者を選ぶ権利を持つべきだという考えを共有している"と述べた.
政府の立場はドイツから否定的な反応を招き,ドイツはこの計画に関与することを再確認した.
ドイツの主要な産業団体であるドイツ産業連盟 (BDI) は,アメリカ合衆国を欧州のエネルギー政策や,ベルリンとモスクワの間の双方の協定に介入しないよう呼びかけた.
"第三者が我々のエネルギー供給に 干渉するというのは大きな問題だ"と,ドイツ産業連合 (BDI) のディレクター,ディター・ケンプフは,アンゲラ・メルケルとプーチン大統領の間での 会議で述べた.
エリザベス・ウォーレンが2020年大統領選に出馬することを真剣に検討するとマサチューセッツ上院議員が語る
サタデーに,マサチューセッツの元上院議員のエリザベス・ウォーレンが, 期間の選挙後に大統領選への候補を 検討すると発表した.
マサチューセッツ州ホリオークの集会で ウォーレン氏は 選挙に出馬する考えがあると 確認した.
"女性たちがワシントンに来て 壊れた政府を直す時だ"と 彼女は言う. "女性たちが政府を直す時だ"と 彼女は言う.
11月6日以降 私は大統領選挙に 参戦することを真剣に検討します
ウォーレンが 市民集会で ドナルド・トランプ大統領について語ったのは 間違った方向に国を導いているという意見です
"ドナルド・トランプが民主主義に していることに非常に懸念している"と彼女は言いました.
ウォーレン氏はトランプと最高裁候補の ブラット・カヴァーヌを批判する際には 率直でした
投票の前にFBIの捜査が必要だと ウォーレン氏はツイッターで述べた.
しかし木曜日に発表された世論調査によると ウォーレン支持者の大半は 2020年に大統領選に出馬すべきではないと 考えているという.
サフォーク大学政治研究センターとボストン・グローブ紙の調査によると マサチューセッツ州の有権者の58%が 議員は出馬すべきではないと答えたそうです
32%が支持しました
選挙結果によると デバル・パトリック元知事の方が支持率が高いと 38%が支持し48%が反対でした
民主党の有力候補として挙げられるのは元副大統領ジョー・バイデンと ヴァーモント州上院議員のバーニー・サンダースも含まれます
アソシエイト・プレスによると バイデンは 1月までに正式な決定を下すと発表しました
サラ・パリンはトランプ・トランプの集会で PTSDのトラックの話をした
26歳のトラック・パリンが 9月に入隊してから 1年間イラクにいました
月曜日の夜に 逮捕され 家庭暴力の容疑で 起訴されました
"私の息子が今感じていることを 家に帰ったときの気持ちを 他の家族にも伝えることができます 兵士たちが帰ってきた時に 経験した ストレス障害や 傷害の影響を 経験している家族にも伝えることができます"と オクラホマ州ツルサで ドナルド・トランプ支持集会で 演説した彼女は言いました
パイリンは彼の逮捕を"タブー"と呼んで 息子や他の退役軍人について"彼らは少し違う形で戻ってきた"と語り 硬直し,仲間や空軍,そして他の軍人が国に与えたことを尊重しているかどうか疑問に思いました.
ワシラ警察のスポークスマンであるダン・ベネットによると 彼は月曜日にアラスカのワシラで逮捕され 女性の暴行と暴力で 逮捕されたそうです これは結婚関係での暴行と 酒酔い状態で銃所持の 記録を妨げるものです
18州とコロンビアは 難民政策の 訴訟を支持している
18州とコロンビアは ギャングや家庭内暴力から 逃れる被害者に 難民の受け入れを拒むという 新しい政策に対する 訴訟を提起しています
ワシントンD.C.では金曜日に18州と地区の代表が 難民申請者に対する 申請書を提出した.
連邦政府の政策を非難する アメリカ公民の自由連合が 訴訟を起こしたGrace v. Sessionsの 完全な名前は公表されていません
暴力的なギャングのメンバーである彼女のパートナーと息子たちが彼女を暴行したと訴えたが,米国当局は7月20日に彼女の亡命申請を却下した.
テキサスで捕まった
グレイスを支持する州の検察官は アメリカに多くの難民申請を 引き起こすエル・サルバドール,ホンジュラス,グアテマラが ギャングや家庭内暴力の 蔓延を強い問題だと 指摘しています
移民の権利に関する新しい政策は 2014年に移民控訴委員会が 決定したもので 家庭内暴力から逃れる不法移民が 難民申請を許可していた
連邦検察長 カール・ラシンが金曜日に発表した声明で 新規法では州法や連邦法や 国際法に 基づくものは何十年も存在し なかったと強調した.
連邦法はすべての難民申請は 申請の特定の事実や状況に基づいて 審査されるべきであると規定しており このような禁止は 難民申請の事実や状況に基づいて 審査されるべきであると規定しており 連邦法はこの原則を違反していると は述べる.
弁護士はまた 移民の入国拒否政策が米国経済に 損害を与えると主張し 移民は起業家になり 必要な労働力を提供する傾向にあると主張した.
司法長官 ジェフ・セッションスは 6月に 移民裁判所の判事に 家庭内暴力や ギャングの暴力から 逃れた被害者に 難民の庇護を 拒否するよう指示しました
難民は,人種,信仰,国籍,特定の社会集団への属性,政治的信念などの理由で, 迫害や恐怖により, 祖国を離れることを許される"と, シェイシンは6月11日に発表した.
難民は 世界中で日々直面する 深刻な問題さえも 緩和するために 設計されたわけではありません
犠牲者の数は2倍に増す パルーで救援活動が 絶望的
生き残った人にとっては 危機は深刻です
"とても緊張している"と35歳のリサ・クスマさんは,熱のあった息子を慰めて言いました.
病院の救急車が 絶えず死体を運び出しています
清潔な水は稀有です
住民は破壊された家屋へ逃げ出し 濡れた物を拾い出し 発見したものを救おうとしました
負傷者は数百人,病院は7.5の地震で 被害を受け,水浸し状態でした.
背中や肩を骨折したDwi Harisを含む負傷者の何人かは,パルーの軍事病院の外で休んでいました.
涙を流しながら 震災の感受を語ったのです 震災は彼の妻と娘が住んでいた 5階のホテルの部屋を揺るがしたからです
逃げようともなかった
壁の瓦に 押しつぶされたんだと思うよ" ハリスはAPに話した
 妻が助けを求めたのを 聞いたが 沈黙の後に
彼女と子供に何が起きたのか 分からない
安全な場所だといいな
宣伝広告で中国を脅迫している
中国政府紙が4ページの広告を掲載して 米国と中国の貿易の相互利益を 称賛したあと1週間で 米国駐中国大使は北京を非難しました 米国報道機関を利用して 宣伝を広めていると
トランプ大統領は水曜日にアイオワ州で最も売れている新聞であるデスモイン・レジスター紙に中国が11月6日の米国議会選挙に介入しようとしていたと非難した.
トランプ大統領は北京が米国選挙に 干渉しようとしていると非難し,米当局がロイターに語ったように,これは,ワシントンが中国に圧力をかけるための, 拡大しているキャンペーンにおける新たな段階である.
外国政府が貿易促進の広告を出すのは一般的ですが,北京とワシントンは,貿易戦争で然とし,輸入品に相互に関税を課しています.
貿易戦争が始まると 中国と米国の専門家は アイオワ州などの Trumpの共和党を支持する 輸出国に対する関税措置を狙ったと 指摘しました
中国駐在のアメリカ大使で元アイオワ州長である テリー・ブランスタッドは 中国の農産品輸出国である州は 北京がアメリカ労働者,農民,企業に 害を与えていると述べた.
ブランスタッドは,日曜の"デスモイン・レジスタ"に掲載された 意見書で, "中国は,我々の自由報道機関に 宣伝を掲載することで, 脅しを増す"と書いています.
広告を掲載する際には,中国政府はアメリカの表現の自由と報道の自由の伝統を利用している.
報道陣は中国共産党に 忠実に従っているので, 反対する声はほとんどなく,中国の経済進路について, 意見が異なるという事実も反映されないだろう.
記事の掲載を避けられたが,どの新聞か明かさなかった.
分析家によると 共和党は選挙戦を控えて 選挙戦を控えている カバノフの失敗が
多くの共和党幹部が 性的暴行の疑惑の背景で 最高裁に指名された Brett Kavanaugh を支持している一方で 分析家らは 女性の反応が 下半期の選挙で 悪化する可能性があると警告しています
共和党の多くが 公然と投票を望んでいることを示しました 投票は,
9月29日の記事で シリアカズ大学のマクスウェル学院の政治学教授 グラン・リーハーは "私たちは過去に戻ることはできません"と主張しました
リーハーはさらに,アリゾナ州上院議員のジェフ・フラークがFBIの捜査を促すという, 投票者の怒りを鎮めるのに十分な最後の努力が, 十分ではないと疑っていると述べた.
進捗主義団体MoveOnの全国代表であり,主要顧問であるKarine Jean-Pierreによると, "女性は昨日起きたことを忘れない.明日は忘れることはない. 11月にも忘れられない"と彼女は9月28日にワシントン紙に語った.
民主党はカバナフの指名に賛成したものの 民主党議員のクリスティー・ブラシー・フォードの証言を無視して 議会で"11月が来た"と 抗議した.
民主党の熱意とやる気は 過剰に増えるだろう"と 党派別の政治分析家であるStu Rothenbergは言う.
高いと聞かれますが,それは真実です.
しかし,特に郊外で投票する女性や 18歳から29歳の若者では, 選挙人数はさらに高くなり, 大統領を嫌がっているにもかかわらず, 投票をしないことが多いのです.
フォードが公に証言する前でさえ 分析家たちは 共和党が承認を進めると 激怒が起こるだろうと予想していました
NBCニュースの報道によると 共和党全国委員会 (CNC) の元議長マイケル・スティールは 先週初めに "これは共和党にとって混乱した混乱だ"と発言しました
"これは単に委員会や最終投票や カバノウの指名ではなく, 共和党がどのように対処したか,どのように対処したかにも関わっています"と, 民主党議員を助ける団体である"アメリカ・プライオリティ"の 責任者ガイ・セシルは,テレビのニュースに語った.
しかし フォードとカバノの証言は 双方の人権信任について 意見が分かれています わずかながらも カバノの支持者が多いようです
YouGovの最新調査では 回答者の41%が フォードの証言を 絶対的に,あるいはおそらく信じていると答えていますが 35%が カバナウの証言を 絶対的に,あるいはおそらく信じていると答えています
さらに38%が カバノフが証言中に 嘘をついた可能性が高くても 絶対に嘘をついたと答えていますが フォードについて同じことが言えるのは30%でした
ガーディアン紙によると FBIはフォード氏と少なくとも"人の被告 デボラ・ラミレズ氏による 容疑を捜査中です
フォードは先週 連邦議会の司法委員会で 証言した上で 17歳の時に カバナウが 酔っぱらった状態で 暴力を振るったと
ラミレスは1980年代に イエール大学生だった時 裁判所の候補者が パーティの際に 自身の生殖器を 見せたと主張しています
ウェブの発明者は,新しいインターネットを 立ち上げようとしています.
ワールドワイドウェブの発明者であるティム・バーナーズ・リーが Facebook,Amazon,Googleと競争する新しい会社を立ち上げました
ベルナーズ・リー社のオープンソースの Solid プラットフォームを活用した会社です
Solidはユーザーが自分のデータがどこに保存されるか 誰にアクセスできるかを 選択できるようにします
Fast Companyとのインタビューで バーナーズ・リーは 冗談を言って Inruptは世界を支配する
"今すぐやる"と 打ち上げの話をした.
  歴史的な瞬間です
ソフトウェアはSolidの技術を使って オンラインで個人データストア (DPL) を作ることができます
連絡先リスト,タスクリスト,カレンダー,音楽ライブラリ,その他 個人的なツールや 専門的なツールなども 含まれます
Googleドライブ Microsoft Outlook スラック Spotifyが ブラウザで同時に利用できるのです
オンライン個人データストアの特性は,誰がどのような情報にアクセスできるかを決定するのは,完全にユーザーの手にあるということです.
企業はこれを"データによる個人責任"と呼んでいます
会社のCEOであるジョン・ブルースによると "Solidのアイデアは 企業が適切なリソース,プロセス,スキルを 提供することで 誰もが利用できるようにすることです"
現在,Berners-Lee,Bruce,IBMが買収したセキュリティプラットフォーム, プロジェクトに契約している数人の開発者, コミュニティのボランティアコードダ.
この週から,世界中の技術開発者は Inruptのウェブサイトから ツールを利用して 独自の分散型アプリケーションを作成することができます.
バーナーズ・リー氏は チームとフェイスブックやグーグルと 話し合っているとは言いませんが ビジネスモデルを瞬時に 完全に変えるような 変革を起こすべきかどうか 話し合っているとだけ言ってくれました
許可は求めない
Mediumの記事で ベルナーズは ツイッターで"Inrupt"のミッションは ビジネス・エネルギーとエコシステムを 提供することだと書きました
1994年 マサチューセッツ工科大学で バーナーズ・リーが インターネットの変革を図る 世界ウェブコンソーシアムを設立しました
ここ数ヶ月で ネットワーク中立性に関する議論において ブルース・リー氏は影響力のある発言を しています
Inruptの創設者でも,彼はWorld Wide Web Consortium,Web Foundation,Open Data Instituteの創設者であり,またその責任者でもある.
ベルナーズ・リー氏は"新しいウェブの時代にはとても楽観的だ"と付け加えた.
ベルナール・ヴァン: ヴィクトリア・クロス勲章を授与された第一次世界大戦の聖職者の記念式
ヴィクトリア・クロスを授与した唯一の教会員である 彼は100年後に彼の故郷で記念された
ベルレンジスとレハウクールの攻撃で,この名誉を勝ち取った.
しかし4日後に射撃され 彼はイギリス軍最高勲章を 獲得したことを知らなかった
孫の2人が石を披露しました 記念碑をパレードで 披露しました ラッシュデンで
孫のマイケル・ヴァンは 祖父の功績から 100年たった今 この石を明らかにするのは 象徴的に素晴らしいことだと言いました
1918年9月29日,ロンドン・ガザテによると,ヴァン中佐は,厚い霧の中,地雷と機関銃の激しい砲撃の下で,サンクエンテン運河を走した.
後に彼は射撃ラインに駆け出し の勇気を発揮して を指揮し の砲を撃ち の兵士3人を撃ち落とした
1918年10月4日 ドイツの狙撃兵が 戦後"ヶ月ほどで ヴァン中佐を撃ち殺した
72歳のマイケル・ヴァンは 祖父の行動が "決して私にはできないことだが 謙虚に思うこと"だと語りました
彼と彼の兄弟のジェームズ・ヴァン博士も 皇冠を飾った ブラントウッド・インペリアル・ユース・バンドの指揮下での ショーの後です
ウォールデリーに参画できて光栄だと語るマイケル・ヴァンは, "真のヒーローの勇気は,多くの人々の支持に反映される"と付け加えた.
ミックス・マチュアル・アートのファンは ベラッター206を夜中見ていた
想像してみてください 夜中ずっと 満載のベララータ206を 見ていたのに 番組のメインは 見えなかったのです
サン・ホセでは13試合が行われ,そのうち6試合はメインで,イギリスでは Channel 5で夜中ライブで放送された.
午前6時,ゲガード・ムーサシーとロリー・マクドナルドが対決を準備していた時に,イギリスの視聴者は驚いて,ペッパ・ピグが放送が変更された.
戦闘のため 朝早くまで眠れないなんて 嫌な奴もいた
Twitterの1人のファンは,子供向けの漫画への移行を"悪いジョーク"と表現した.
放送に関して,ベルラーターのマーケティングとコミュニケーションの 副社長であるデイブ・シュワッツは, 政府の規制では,午前6時までに, 番組内容が不適切だと, 児童番組に切り替えなければならないと,述べています.
豚ペッパ 本当だ
Bellatorの社長であるスコット・コッカーは,将来,英国人視聴者を対象に,番組の内容を調整すると述べた.
 放送再開について考えれば 解決策を考える可能性が高いと思います"とコーカー氏は述べています
 しかし,今のは日曜日の朝の6時で, 解決の方法は, 日曜日の私たちの時間,つまり,月曜日の彼らの時間まで, 見つけられません.
でも取り組んでいます
信じてください 番組が転機した時 両方向にメッセージが 沢山ありましたが どれも友好的なものではありません
修理をしようとしたのですが 工事上の問題だと考えました
政府の問題でした
次はそうならないと 保証する
普段の6戦ではなく5戦に絞り込み ファンに多くをあげようとしましたが 失敗に終わりました
悲しいこと
性的不自由感に苦しんでいた
オリンピックのダイバーであるトム・デイリーは セクシュアリティのせいで 他人に劣ったと感じたけれど それが成功する動機になったと語っています
24歳の彼は,高校に入るまで,誰もが私ではないと気づかなかったと語っています.
ラジオ4の番組『デズート・アイランド・ディスクス』の ローレン・ラバーン主持で,彼は,同性愛者権利について,他人に希望を与えるために語ったと語りました.
また,親になったことで オリンピックで優勝する気も 減ったとも言っています
番組の常務司会者 キルスティ・ヤングは 病気のため数ヶ月間休業を...
ラヴェーネの初回番組で,デリーは,他の子供達と比べて,自分が劣っていると感じたのは,男も女も好きになるのは社会的に受け入れられないからだと告白した.
"今なお,劣ったものと異なってしまったという気持ちが, 私を成功させるための力を与えてくれたのです.
自身の性について 真実を知ったとき みんなが失望しないように 彼は自分が何かであることを証明したかった
オリンピック2度目の銅メダリストは 今では有名なLGBT活動家です 今年オーストラリアで開催された コモンウェルス・ゲームに出場し より多くの国々が 同性愛者の行為を非犯罪化するよう呼びかけたのです
彼はこう言いました "幸運にも 公開生活が 影響なくなり 他の人たちに希望を与えられる"
3度世界チャンピオンになった彼は 2013年に出会ったアメリカの映画監督のダスティン・ランス・ブラックと恋に落ちるなんて思ってもいなかったと断言しました
デイリーは去年より20歳年上の オスカー賞受賞者と結婚したが 年の差は問題ではなかったと語りました
"こんなに若い時に いろいろなことを経験した" "14歳で初めてオリンピックに出場し 3年後 父親が癌で亡くなりました" "同じ年齢で 同じような経験をした人は 探すのは難しい" "そんな経験をした人は 探すのは難しい"
6月に彼らはロバート・レイ・ブラック・デリーの息子を産んだ. デイリーは彼の全視線が変わったと主張した.
"去年だったら 金メダルを獲得するしかなかった"
オリンピックの金メダルより大切なものもある
オリンピックの金メダルはロビーです
2011年に脳腫瘍で40歳で亡くなった父親のロバートの名前で息子の名前が付けられました.
デイリーは父親が死ぬことを 受け入れなかったと告白し "ロンドン2012のチケットを 持ってるか"と最後に尋ねたのは "前列に座りたいから"と答えました
"お父さん もう前列に立つことはできません"と 言いました
"彼が息を止めるときは私が彼の手を握っていた. そして彼が息を止め,死んでしまった時,私は彼が無敵ではないことを認めました"
翌年,デイリーは2012年オリンピックに出場し,銅メダルを獲得した.
"これは私がずっと夢見てきたことでした オリンピックで 観客の前でダイビングするなんて これ以上ないわ"
また,彼は最初の曲の"Proud"をヒザー・スモルから選んで, オリンピックの準備中に歌った曲で, 胸が痛むように感じた.
"デズート・アイランド・ディスク"は BBCラジオ4で 日曜の午後11時15分に放送されます
ナイ: ナイ: ナイ:
アメリカ人のフィル・ミケルソンは この日 記録を更新し ライダーカップで47回目の試合を 迎えるが,これは不幸な出来事にならないように 立ち上がらねばならない.
ミケルソンは 記録的な12回目となる 試合に出場したが 試合の指揮者はジム・フューリックで 試合から除外された.
五連覇のアメリカ選手は 試合の真ん中を 歩む代わりに 試合の場を整えながら 闘病を癒すことに 時間を割きました
彼は最高級の指揮者でもなかったし キャリアの最高峰でも ゴルフ・ナショナルに 48歳で適した指揮者でもなかった ゴルフ・ナショナルでは ロング・ラウフが 誤った打撃を 罰する
レース自体は 恐ろしいものでもなかったようで ミッケルソンは 9日目の試合で ブリティッシュ・オープンの 優勝者 フランチェスコ・モリナリと対戦し 今週トミー・フリートウッドとチームで 4勝を収めた
勝負の12試合で4敗を記録した アメリカが スタートをうまくすれば ミケルソンの試合は 決定的なものになるかもしれません
フリク氏は彼の男を信頼していると述べましたが 他に語ることはほとんどありませんでした
"彼は自分の役割を理解し,今日も私を拍子掛け,腕を私の周りに抱え,明日も準備ができると言いました"とフリクは語った.
 彼はとても自信がある
彼は伝説のチャンピオンで 過去にも今週にも 多くのことを加えた
2試合も出なかった
もっと期待していたのですが それが現実の姿で 実行すべきだと感じました
彼はそこにいたいんだ 他のみんなみたいに
日曜日に ミッケルソンは ニック・ファルドの記録を破る 史上最も多くのライダーカップの試合を 記録した
記録のを 満たしていないライダーカップの キャリアの終わりを 意味するかもしれません
ミッケルソンは18勝20敗7敗を記録しているが,フリクは彼の存在がチームに実力をもたらしたと主張した.
冗談を言って 笑いをこめて 笑いをこめて 他人を馬鹿にするのが好きで チームルームで働くのは 素晴らしいことだ"
ジュニア選手たちは 今週は彼と対戦して 楽しかったと思うよ
演技以上のことをやってる
チーム代表のトーマス・ジョーンが 予想通り,今後の勝利は 失われそう
レースの最終日までのシングルズまでの わずかな前進が 苦しい旅程に 転じることを 経験から知っているのです
1997年のヴァルデルラマで初めて試合をした. チームではセヴェ・バレステロスがアメリカに5ポイント先だったが,最終決勝で141⁄2-131⁄2で最短の差でトップに上がった.
バルダーラマでは大きな進みがあったが 失敗したブルックリンでも バルダーラマでは 僅差で勝った"と 2018年ランキングを振り返ったビヨーンは 言った.
歴史は,私やこのチームに,これが終わりではないことを証明します.
明日 頑張って
行き,必要なことをする.
ポイントが表になるまでには 終わらない
優勝する目標があるんだ 優勝する目標があるんだ 優勝する目標があるんだ 優勝する目標があるんだ 優勝する目標があるんだ
常々言ってきたように 12人組を中心に プレーしたいと でも我々は相手の側で 何が起きているのか 十分把握しているんだ 世界最高の選手たちだ
ゴルフコースの難問に 選手のパフォーマンスを喜ぶビヨンは 付け加えた: "この点については,私は決して進んでいない.
明日は全く違う戦いだ
明日は個人的パフォーマンスが 発表されますが これは全く違うことです
チームメイトと一緒で 楽しいのは楽しいけど 単独でプレーする時は ゴルフ選手として 力を尽くすように 試されるんだ
選手たちに伝えたいのは 明日最高の自己を 発揮することです
恋人を捨てて 恋人も自分の最高のところを 探さなければならない
チームメイトより個人的にもっと良い結果に 挑戦する. ジョーダン・スピースとジャスティン・トーマスは3点から4点を獲得した.
ブルックリンで優勝したチームの一員だった フリク自身も 試合の終わりに2つの極端な状況を経験しました 勝利はヨーロッパに奪われた 奇跡のメディナでの敗戦でした
"私は全ての言葉を覚えている"と 彼は答えました 1999年のベン・クレンスホのキャプテンが 選手たちを最後の日に集めたのはどうだったかという質問に
明日は12の重要な会議がありますが ブルックリンやメディナで 起こったような 早い出発をしたいです
試合が進む方向に プレッシャーが強い中盤の試合です
チームを立て直して 仲間を配置したので 明日の試合は 魔法を働かせよう
トーマスは対抗戦をリードする任務を与えられ,ポール・ケイシー,ジャスティン・ローズ,ジョン・ラーム,トミー・フリートウッド,イアン・ポルター,トップ半のヨーロッパ人との対決でロリー・マクイルロイと対戦する.
 私はこのグループに 順番で付き添ったんだ なぜなら が全てのコースを カバーしていると思うから"と はシングルズで選んだ選手について語りました
ドイツの新艦が再び遅延
地元のメディアによると,ドイツ海軍の新型戦艦は 2014年に投入され,冷戦時代の老朽化した戦艦を 置き換える予定だったが, システム不具合や高額な費用が原因で 少なくとも来年までは投入されないという.
軍報道官の報道によると,新型フリゲート艦の艦長である"レインランド・パファルツ"の投入は2019年上半期に延期された.
2014年に海軍に入りましたが 配達後に問題が発生し 進捗を阻害しました
2007年に海軍から発注された4隻のバド・ヴュルテンバーグ級は,年老いたブレム級のフリゲートの代わりとなる.
強力な砲,対空ミサイル,対艦ミサイル,そして レーダー,赤外線,低音信号などの 秘密技術も搭載されている.
長期にわたるメンテナンス期間も重要な機能として挙げられる. 最新のフリゲートは,母港の外で2年ほども使用できるようになる.
しかし タイム紙によると 遅延が続いていて 戦争の最先端の艦船は 海外でのドイツ軍の 投影を可能にしてくれるはずだが 艦船が投入される頃には 時代遅れになるというのです
昨年 呪われたフリゲートF125は ニュースになりました ドイツ海軍が 艦を正式に退役させ 艦船をハンブルクにある ブローム・アンド・ヴォス造船所へ戻したことで
艦隊が納入後 造船会社に返還したのは初めてでした
返還の理由はよく知られていませんでしたが,ドイツメディアは,戦闘任務の展開に必要のない,いくつかのソフトウェアとハードウェアの欠陥を指摘しました.
ソフトウェアの欠陥は特に重要だった.バデ・ウルトンベルク級の船は約120人の船員で操縦されるので,これは古いブレメン級の船員の半分に相当する.
更に船は著しく過積載され 効率が低下し 将来の改良を 海軍から控えられているようです
およそ7000トンの"ラインランド・パルツ"は ドイツが第二次世界大戦で使った 同じクラスの2倍の重量があると考えられています
コンピュータシステムの障害に加えて 乗員訓練を含むプロジェクトのコストも問題になっています
計310億ユーロ (約6億円) だったと伝えられています 計220億元から
新たに造船される艦艇に関する問題は,最近ドイツ海軍力が衰退しているとの警告を考慮して,特に重要だ.
防衛委員会の議長であるハンズ・ピーター・バルテルは 今年初めに 軍の艦船が不足している事を認めました
責任者はこう言いました "この状況は 雪球効果を及ぼした" "古い船は退役したが 代替船は指定されていない"
彼はバド・ウルトンベルク級の戦艦が 艦隊に加わらなかったことを 嘆いた.
ナショナル・トラストはバットたちの秘密を監視しています
スコットランドの高地での新しい研究により,コウモリが食物探しにどのように土地を利用しているのかが明らかになった.
観察結果から 独特の飛行哺乳類の行動に関する 新たな知見を得られ 将来の保全活動に 役立つことを期待しています
ウェスター・ロスにあるインベレブガーデンで 共同のとソプラノと 長い耳のブラウンバットとダウベントンを 追跡する計画です
特別な記録装置が 敷地内の重要な場所に設置され 季節を通してコウモリの動きを 追跡します
携帯型センサーを使って 移動学習を 実施する NHSのスタッフやボランティアもいます
専門家の音の分析により バット鳴きの頻度や 異なる種の活動が 特定されます
地表と生息地報告が作成され,地域全体の行動が詳細に描かれます.
NTSの自然保護顧問のロブ・デワーは この研究結果から バットにとって重要な棲息地と その種のそれぞれの利用方法が 明らかになると考えています
この情報から 草原の形成などの生息地管理の 恩恵や 蝙蝠やその関連種の 森林の保全の最良の方法が 判断できるでしょう
スコットランドとイギリスでは この100年で コウモリの個体数は 劇的に減少しています
住居を壊して 荒廃した 建設や開発によって 絶滅が危惧されています
風力発電や照明は 危険性がありますね 防蚊用紙や 建築材料の化学処理など 危険性もありますね 猫の攻撃もあります
蝙蝠は盲目ではありません
しかし夜狩りの習慣があるため 獲物を捕まえる際には 耳の方が目より役に立ちます
精巧な超音波技術で 昆虫や障害物を 飛行中に見つけ出すことができます
国の270以上の歴史的建造物, 38の重要な庭園, 7万6千ヘクタールの土地の保護を担当している NTSはコウモリを非常に真剣に扱っています
訓練を受けた専門家が10人いて 定期的に掘りや の検査や 時に救出作業も行っています
組織はまた,スコットランドの最初の唯一のバット保護区をDumfries and GallowayのThreaveに設立し,スコットランドの10種のバットのうち8種が住んでいます.
土地管理人のデイヴィッド・トンプソンは この土地が 鳥類にとって理想的な地域だと 言う.
"ここスレアヴには 蝙蝠が住める場所がある"
古い建物や古い木々があり 素晴らしい環境です
しかしまだ多くのことが 発見されなければなりません この研究や 他の場所で 取り組む研究が が繁栄するために必要なものを より良く理解するのに役立つでしょう
敷地を整備する前にバットがいないか確認することが重要だと彼は指摘しています. 意図せずして生育巣を壊すだけで 400匹の雌と幼虫が死に,地域全体で全滅する可能性があります.
蝙蝠は保護されており 捕まえたり 困らせたり 巣箱を破壊することは違法です
スコットランドでバット保護財団の 責任者 エリザベス・フェレルは 市民に協力するよう呼びかけました
彼女はこう言いました "まだ多くのことを 学ぶべきことはある 蝙蝠について そして多くの種について 集団で何が起きているのか 分かっていない"
レイプの容疑を否定するロナウド 弁護士はドイツ雑誌を訴える準備を
クリスティアーノ・ロナウドは,彼に対するレイプの告発を"偽情報"と称し,人々が"彼の名前を使って,自分のことを知らしめたい"と主張した.
容疑を公表したドイツの雑誌"Der Spiegel"を 訴える準備を している.
ユヴェンス・ポルトガル・アサド・アサドの 攻撃者は,2009年にラスベガスホテルで アメリカ人女性カトリン・マヨルガを レイプしたとして起訴されました
事件を口にしないよう,37万5000ドルを支払ったと,先週金曜日に Der Spiegelは報じた.
疑惑が広まった数時間後,142億人のファンに ビデオで訴えた 33歳のロナウドは,このニュースは"誤った情報"だと断言しました.
 違う,違う,違う,違う,違う
"今日彼らが言ったことは 偽の情報だ"と5回目のゴールデンボール選手は カメラに語った.
 彼らは私の名前を使って宣伝をしたい.
普通のことです
名前で有名になりたいけど 仕事の一部だ
選手は笑って"私は幸せで大丈夫だ"と付け加えた.
ロイターによると ローナウドの弁護士は プライバシーに関する疑惑を 認められないように 訴えたとして シュピゲル紙を訴える準備を しているそうです
弁護士のChristian Schertzは,選手は,この犯罪の重さに比例する損害賠償を請求すると主張し,これはおそらく過去数年の最も深刻な人権侵害の一つである.
事件は2009年6月に ラスベガスのホテル・カジノの スイートルームで起きたとされています
クラブで出会った後に ロナルドとマヨルガは 選手の部屋に戻り 裏頭でレイプしたと 記録が明らかにされました
事件の後にロナウドは膝を下ろして  99%は"いい人"だと断言したが 残りの1%はどうなのかは 分かっていないと 訴えた.
文書によると ルーナウドは 両親と性交を認めたが 双方とも同意していたという
また,警察に自首し,病院で負傷の写真を撮ったと証言しましたが,その後,復讐を恐れ,公的に屈辱される恐れがあったため, 和平合意を締結しました.
この34歳の女性は, 事件の後に心傷を負ったとして, 規則を撤回しようとしていると語っています.
リーダーはマンチェスター・ユナイテッドを去り レアル・マドリードに 移ろうとしているところだったのに この夏 ユヴェと契約したところ 千万ユーロの契約を締結しました
自動車メーカーが離脱すれば 永遠に後悔する
グレッグ・クラーク商務大臣は "英国がブレグジット後に 自動車業界における世界トップの地位を失うことは 永遠に後悔する"と発言しました
更に,彼は,トヨタ・イギリスが,もし英国がEUから合意なしの脱退をすれば,バーナストン工場の生産を一時停止するとBBCに語ったことを"懸念している"と述べた.
クラークは"合意が必要"と答えた.
合意なしの脱退で 国境での遅延が 雇用を 奪う可能性があると 自動車メーカーは指摘した.
自動車の生産は,昨年に15万台近く,その90%が欧州連合の他の国へ輸出された.
"英国が3月末にEUを離脱すれば,我々の工場での生産は停止する"とバーンストンで働くトヨタ社のマービン・コーク氏は言う.
自動車の製造業者の多くは,EUを離脱する恐れが表れている. 自動車の製造業者の多くは,EUを離脱する恐れが表れている.
例えばBMWは,英国離脱後,オックスフォードにあるMini工場を1ヶ月間閉鎖すると発表しました.
自動車メーカーが懸念しているのは 合意なしの脱退でサプライチェーンに 与えるリスクについてです
トヨタの生産ラインは の流れで動いており 部品は37分毎に 注文車用のEUや英国からの 供給元から届いています
3月29日に英国がEUを離脱すれば 国境に混乱が起こり 業界は遅延や部品不足に 直面する恐れがあると 考えている
ダービーシャー工場で1日以上 備蓄を続けるのは不可能だ とトヨタは言ったので 生産は停止された
クラークによると,EUとの将来の関係に関するテレザ・メイのチェッカーズ・プランは, 国境のチェックを回避するために精密に調整されている.
"合意が必要だ.我々が望むのは,今,我々が達成している成功の恩恵を享受するだけでなく,この機会を活用できる最高の合意だ"と,彼はBBCのラジオ4sTodayに語った.
明らかに,トヨタだけでなく,他のメーカーも, 優れたサプライチェーンを 維持できる必要があります.
生産がいつまで停止されるかは 明らかにできませんでしたが 長期的には 工場の競争力を低下させ 雇用を奪うという 警告がありました
ブルンストンに24年勤務している ユニット・トゥ・ザ・ジャーナルの コーディネーターであるピーター・ツーヴァラリスは ユニット・トゥ・ジャーナルの コーディネーターであるピーター・ツーヴァラリスは ユニット・トゥ・ジャーナルの メンバーが不安を覚えるようになったと語りました "私の経験では,一旦失われれば,二度と戻ってこない"
政府の広報担当者は"我々はEUとの将来の関係について 明確で信頼できる計画を提案した"と述べた.
ホワイトハウスは,トランプとロゼンシュタインの会談が, 延期される可能性があると発表しました.
ホワイトハウスの日曜日の発表によると ドナルド・トランプとロズンシュタインの 重要事項の会合は "週間延期され 裁判の候補者ブレット・カヴァーノの争いが続行する可能性があるという.
ロゼンスタインは 選挙にロシアが干渉し トランプの関係者とのロシアとのつながり 司法の妨害を調査する 特別顧問のロバート・ミュラーに 監督を与えました
トランプ氏が副検事長を 免職に任せるとか, ミュラーの独立を脅かすのかという問題は, ワシントンで数ヶ月間, 噂の渦を巻き起こしていた.
今月初め ニューヨーク・タイムズ紙は ロゼンスタインが 盗聴器を身につけると主張し トランプとの会話を録音し 25条で大統領を排除する 可能性があると報じた
ローゼンシュタインは 容疑を否定した
しかし,彼は去年月曜日, 辞任の途中で,ホワイトハウスに現れた.
その代わりに木曜日にニューヨークの国連で 会議を予定していたトランプとの会談が 発表されました
トランプはロゼンスタインを 解任しないことを好むと述べたが 会議は延期された. 事件の背景に 審議を控えた上院司法委員会で カーバノと セクハラ容疑を訴えた女性の一人,クリストン・ブラシー・フォードが 証言した.
トランプは金曜日にFBIに カバナウに対する訴状の調査を 1週間続けさせました
日曜日,トランプの広報担当者 サラ・サンダースが Fox Newsで出演しました.
会議の予定が決まっていないが 今週になるかもしれないし, 最高裁で起こっている他のことを考えると, 延期できるかどうか確かめるかもしれない.
報道に知らせたい
報道関係者の中には 反対する人もいますが 9月10日以降 報道陣では 記者会見をしていないそうです
司会者のクリス・ウォレスが "なぜ?"と聞きました
サンドースは,テレビの批判的な報道に嫌悪感を抱いているからといって, 会議が稀なものになったわけではないと答えたが,彼女は"彼らがギャラリーを眺めるという事には反感しない"と語りました.
トランプ氏と報道関係者の 直接接触は 増加すると示唆しました
証拠を挙げずに,彼女は, "大統領は,彼の前のどの大統領よりも多くの質問に答えている"と付け加えました. "我々は数字を検証した"と彼女は言いました.
記者会見はいつでもあるだろう,とサンダースは言ったが,もし報道陣がアメリカ大統領に直接質問する機会を手に入れれば,それは私と話すことよりもずっと良い.
記者会見の代わりに 記者会見を繰り返します 記者会見はアメリカ大統領に 話す機会が与えられます
トランプはホワイトハウスを離れるとか 公開セッションや 記者会見に出席するとか 定期的に質問に答えています
記者会見はほとんどない
ニューヨークで今週,大統領は, 偶然にも,時折, 奇妙な姿で, 記者会見に登場した.
保健大臣は,EU労働者にNHSスコットランドへの手紙
保健大臣はスコットランド国民保健局で働く EU職員に 国の感謝と ブレグジット後の継続を願って書きました
スコットランド議員のジーーン・フリーマンが 送った手紙は イギリスがEUから離脱する6ヶ月以内に 送られたものです
スコットランド政府は 移転した公務員で働く欧州市民の 申請費用を賄うことを約束しています
フレマン氏は手紙でこう書いています "英国とEUの離脱交渉は夏に続き 今秋に決定が期待される.
しかし英国政府は合意が失敗した場合には 準備を強めた.
この時期は皆さんのため 憂鬱な時期だと理解しています
スタッフの国籍を問わず 貢献をいかに大切にするか 改めてお伝えしたいのです
医療機関の働きを強化し改善し,患者や私たちが奉仕する地域社会に恩恵をもたらす貴重な経験とスキルを,EU全体から,そして他国から来た同僚たちが持っています.
スコットランドはあなたの故郷です 私たちはあなたがここに残ることを 強く願っています
頭部に怪我をすると,クリスティオン・アバークロンビーが緊急手術を受ける.
テキサス州のマイク・オルガン選手,テネシー・タイガースのケア・アバークロンビーは, 31対27でバンダービルト・コモドレスに負けた 頭の怪我で, 緊急手術を受けました.
テネシー州長のロッド・リードは 記者団に 負傷は 試合終了直前に起きたと語った
リードは"彼は脇に来て 倒れた"と答えた
コーチと医療関係者は のラインでアバークロンビアに酸素を投与し をに載せ 別の検査のために連れて行きました
テネシー州の代表がナッシュビルにある WSMVのクリス・ハリスに アバークロンビーはヴァンダービルト病院の手術室から 脱出したと伝えた.
ハリスは,ケガの種類や範囲についてはまだ詳細にはなっていないと述べ,テネシー州は,ケガの発生時期を決定しようとしていると述べた.
学生選手の2年生アバークロンビーは テキサス州から転校して 田舎州で初シーズンを迎えている
彼は土曜日に試合から退場する前に合計5回の投篮を受けた.これは彼のシーズン全体で18回の投手数です.
外国からの購入者は,英国で不動産を購入する際,より高いスタンプの料金を支払うことになる.
外国から購入する人は 高いスタンプ料を払い 余ったお金は 保守的な制度の下での ホームレスの支援に使われる
選挙で若者を 引きつけるためのコービンの キャンペーンが失敗する
税金の引き上げは,英国で税金を払わない人に対して課される.
財務省は毎年1億2000万ポンドを 住居なき者への支援に 集める予定だ
海外の購入者は英国で不動産を購入すると 高い印鑑税が課され 余剰金はホームレス支援に 使われるだろうと Theresa May は今日発表しました
住居の質が低い者への提供と高収入層へのターゲット化による 青年の投票者への キャンペーンに 影響を及ぼそうとする策として 捉えられるでしょう
税金を引き上げることは 税金を払わない個人や企業に課せられ 余剰金は 住居のない人々を助ける政府の取り組みを 強化するために使われます
この追加税は,現在の税金に加え,二年前に導入された二胎住宅と賃貸住宅の税率を2年分も上回るもので,3%まで上昇する可能性があります.
財務省は,このプロジェクトが年収1億2千万ポンドまで 引き上げられると予想しています
ロンドンの新築住宅の13%は イギリスの外来者が購入する.これは物価を上昇させ, 初入りの住宅の市場への参入を妨げている.
首都など多くの裕福な地域は 鬼城になった. 原因は,多くの外国から来た買い手が, 海外で多くの時間を過ごしていることです.
この新しい政策は,ボリス・ジョンソン氏が, 住居税の削減を求めた後, わずか数週間で発表されました. それは,多くの若者が, 住居を購入できるようにするためでした.
建設業者が不動産価格を高く維持しているとして非難し, 土地を没収して使用しないよう促し, メイ首相に,英国における不動産の不況を解決するために, 住宅価格制限を放棄するよう求めた.
コービン氏は 住宅改革の提案を 魅力的に提示しました 賃料の規制や 強制退去の廃止などです
住居の建設をさらに強化する権限を 議会に与えたいと願っています
メイ首相は"去年 私は首相としての自分の仕事は 未来の世代がよりよい生活を 送るという イギリスの夢を 実現することだと宣言しました"
そのためには 壊れた住宅市場を 修復する必要があります
イギリスは,ここに住み,働いたり,生活を築いたりしたい人に対して,常に開かれています.
しかし,イギリス以外の人たちや外国企業も,イギリス人の労働力と同じくらい 簡単に家を買うことができるのは不公平だ.
住居のない人々の苦悩は現実のものになりすぎています 
ジャック・ロス:私の最終目標は スコットランドを統治することです
サンドラーランドのジャック・ロス監督は,彼の"究極の夢"は,スコットランド代表の監督になることです.
リーグ1で3位にランクインしているノースイーストのクラブを復活させるという挑戦に 挑戦している42歳のスコットランド人は喜んでいます.
彼はこの夏 スタジアム・オブ・ライトに招集され セント・ミラーンをスコットランド・プレミアリーグに 連れて行った
 選手として自分の国のために プレーしたいと思った
"私はB部門に選出され,それだけだ"とロスはBBCスコットランドのスポーツサウンドに語った.
しかし私は父とハンプデンで スコットランドの試合を見ながら育ちました これは忘れられないことです
クラブの経営の成功に 期待するよ
サザーランドの監督としてロスの前任はディック・アドボカート,デイヴィッド・モエス,サム・アルラディース,マーティン・オニール,ロイ・キーン,ガス・ポエット,パウロ・ディ・カニオ.
は"バーンズリーとイプスウィッチ・タウンから 提案を受け入れた"と語りました
クラブをプレミアリーグに戻せるか? という問いを考えるのが今の成功の基準です
構造とインフラから クラブはプレミアリーグに属していることは間違いない"
 簡単には行けないけど クラブをそこに連れて行くだけで 私はここでの成功だと考える
監督のキャリアは3年しかありません ダンバートンでアシスタントを務め15ヶ月はハートスのコーチとして働きました
その後,アロアが3部リーグから再退位するのを助け,サンミレンを次のシーズンチャンピオンに変えました.
クライド,ハートルプール,ファルカーク,セントミレン,ハミルトン・アカデミカルで キャリアを過ごしたときより 今が楽だと言っていた.
Alloaを担当したのは の記憶を振り返って の記憶を振り返って の記憶を振り返って
コーチングは プレーより 適していると思いました
奇妙なことだと思います 私はうまく生きていて 収入も豊富で 頂点も高い場所もありました
でも 遊びは難しい時もあります
毎週 細部で 解決すべきことがたくさんあります
ストレスや 職場の緊張という面でも コーチとしての経験は 素晴らしいものです
指揮をしていきたいと いつも思っていたけれど 今やっています 成長した中で 今まで以上に自分のことを 快適に感じています
9月30日 (日) 12時~13時 スポーツサウンドのインタビューを視聴する
ある調査によると ピンチ・ピントの理想の時間は 土曜日の5時半だ
暑い夏の暑さで 酒場が不景気になった一方で チェーン店のプレッシャーも 上がった.
売上が2.7%上昇した一方で レストランの売上は4.8%減少した.
データを集めたCGAのピーター・マーティン氏は次のように述べています:"恒常的な日照と,予想より長いイングランドのワールドカップ参加により,7月は6月のパターンに追いつきました.
飲食業は6月に1.8%減少したが,7月にはさらに悪化した.
酒屋やバーは 飲酒が人気で 飲食店よりも 飲み会が人気です
食品販売店も 被害に遭いましたが 店員ほどには 被害はありません
飲みに行きたかっただけらしい
酒屋やバーでは月間6.6%の上昇を記録し,食材は3%減少した.
RSMのレジャー・ホテルアナリストのポール・ニューマンは こう述べています "この結果は4月末から続く傾向に係る.
気候や大きな社会イベントやスポーツイベントの影響は, 屋外市場での売り上げの最大の要因として残っています.
飲食業が苦しい状態に 陥っていることは不思議ではないが,年間平均4.8%の売上減少が特に痛ましい.
長い暑い夏は 食品業界にとって 素晴らしい機会でした 8月の温和な気温が 十分に必要な休息を 与えるかどうか 時間が教えてくれます
営業の増加は,営業の減少を反映して,新規営業を含むパブとレストランの総売り上げは,7月に2.7%増加した.
業界売上は,英国のパブ・バー・レストラン部門の Coffer Peach Trackerによって監視され,47の営業グループの業績データを収集して分析し,合計9億ポンド以上の売上を記録し,業界標準として確立されています.
ソーシャルメディアの利用者では 5人に"人が親から隠しているアカウントを持っていると報告されています
ソーシャルメディアの秘密アカウントを持つ子供のうち 5人に"人が ソーシャル・メディアの秘密アカウントを持っていると 調査によると 秘密アカウントを持つ子供のうち 5人に"人が ソーシャル・メディアの秘密アカウントを持っていると 調査によると ソーシャル・メディアの秘密アカウントを持つ子供のうち 5人では
偽インスタのページが増加していることが 明らかになりました
このニュースは,性的コンテンツの公開に関する懸念をさらに高めました.
学生の20%が 本人にを教えていた
子どもの5人に"人― その中には11歳児もいますが― ソーシャルメディアのアカウントを開設し ユーザーに公開していないのです
2万人の高校生を対象とした調査で,偽のインスタアカウントが急速に増加していることが明らかになった.
性的コンテンツの公開に関する懸念が 増えるようになりました
20%の生徒が プライベートアカウントを 持ちながらも 両親に見せるために 削除した"主アカウント"を 持ち続けています
ある母親は 13歳の娘の秘密サイトに 偶然たどり着き, ある青年は 他人に私をレイプするよう 勧めていると発見しました
デジタル・アウェアネス・UKと独立学校ヘッドマスターズ・アンド・ヘッドミスターズ会議 (HMC) が実施した調査によると,
オンラインのサイトを 作りたいという若者が 多いのは 心配です 教師や親が 探せなかった場所です
スコットランドアスリート協会の 理事長を務める
エイリッド・ドイルは,スコットランド・アスレティックス理事会の取締役会で,非執行役員として選出されました.
ドイルはアスリート界でスコットランドで最も名誉ある選手で,アスリート界のリーダーであるイアン・ビッティは,この10年にわたって国際的に得た経験から, スポーツ界のリーダーたちに, スポーツ界のリーダーたちに,
"エイリッドはスコットランドやイギリス,そして世界各地のアスリートコミュニティーで非常に尊敬されているし,スコットランドのアスリートは彼の理事会への参加から大きな恩恵を受けると確信している"とビッティは述べた.
スポーツの声であり スコットランドでスポーツを指導する力を 提供したいのです
1996年のアトランタオリンピックで200メートルと400メートルで優勝し 4つの金メダルを獲得したアメリカ選手で,現在BBCの常連番組コメンテーターとして活動している.
彼はツイッターでこう書いています "1ヶ月前 私は脳卒中を起こしました
歩けなくなった
医者は私がいつまで回復するか 時間がかかると言いました
疲れた仕事でしたが 完全に回復し 歩き始めました 今度は 性訓練をしています
励ましのメッセージもありがとうございました
乳搾りの広告で 牛と母乳を比較する意見が 意見が分かれ
乳搾器のオンライン広告で 授乳している母親は 牛乳を搾る牛と比べています
世界初の静かな乳房を 立ち上げようと 消費者向けテクノロジー企業である Elvie は 乳房で乳を 授乳している女性たちに 与える自由を表現する ビデオをモチーフにした 勇敢な広告を発表した.
草で満たされた牛の納屋で 4人の母親が歌のリズムで踊りながら歌っています 言葉はこうです "はい,私は自分の体を洗いますが, 尻尾は見えません" "そして"もしあなたが気づかなかったら, それは私の乳房ではなく, 私の乳房です"
                                                                                                                               
しかし,この広告は,同社のフェイスブックページに掲載され,オンラインで論争を引き起こした.
7万7千回以上視聴され 何百ものコメントを寄せられたこのビデオは 観客の意見が 矛盾していましたが 多くは 乳業の"恐怖"を 明らかにしたものだと言います
牛を売り込むのは 悪いことだった
"私たちと同じように 妊娠して 産み出し 牛乳を生産するしかありません 産後数日で 赤ちゃんが 奪われてしまうだけです"と ある女性は書いています
乳搾り機は乳母乳ブラッドに静かに収まります (エルヴィー/母)
別の方はこう言いました "母親と赤ちゃんにとって 痛ましい経験だ"
でも そうだ 乳搾り用の広告に使うのは 赤ちゃんを飼っている母親に 頼むからじゃない?
広告はネット接続から 離れています
広告を擁護する人もいます 例えば"人の女性が"面白い"と 認めている人もいます
素晴らしいアイデアだと思います
乳房で育っていたら 買ってあげたのに
ポンプを注ぐと牛のように感じました
広告はちょっと変だけど ちゃんと受け入れてた
"これは素晴らしい製品だ"と誰かが書いた
職場やトイレで乳を抜き,牛のように感じる母親たちへの 面白い広告だ.
乳業を称える広告ではありません
ビデオの終わりに,女性は,ブラに隠された 乳首を踊り出したことを明かします.
キャンペーンの主な理念は 乳をかける女性の多くは 自分は牛のように感じると言うという考えに基づいています
しかしエルビーの乳搾り器は 完全に静かで ワイヤードやパイプを入れず 乳搾りブラに 静かに挿入されることで 女性は自由に 移動し 赤ちゃんを抱きし 乳を搾りながら 脱出できます
Motherのパートナー兼DPEであるAna Balarinはこう述べています "エルヴィー乳搾乳器は革命的な製品で 勇気ある挑戦的な展開を 求めています
乳母と乳牛を比べると 乳搾りの難しさと 乳搾りの持つ自由感を 楽しく 信頼性のある形で表現したかったのです
乳搾乳のエルヴィーは ニュースで話題に されることは 初めてのことではありません
ロンドンファッションウィークでは 2人の子供の母親が デザイナーマータ・ジャクボウスキの ステージに登場し 商品を展示しました
テキサス国境のキャンプに何百人もの移民の子供たちが静かに集まった
収容された移民の児童の数は 増加していますが 国境の月間渡り数は 比較的安定しています これはトランプ政権の厳しい言論や政策が 児童の入居を困難にしていると 原因の一部です
伝統的に 回答者の多くは 自分たち自身が 移民の身分証明書を持たない人でした 子供を助けるために 留守を脅かされる恐れがありました
リスクは6月に増加しました 連邦当局は 潜在的回答者と成人の家庭員が フィンガープリントを提出し 移民当局にデータを送ると発表しました
マシュー・アルバンス 移民・税関局の 幹部が 先週 議会で証言したところによると 移民局は 無伴い児童の支援申請をした 何十人もの人を逮捕したそうです
逮捕された人の70%は 犯罪歴がないと 後に確認された.
 回答者の約80%や その家族の一部が 違法滞在中であり 多くは外国人犯罪者です
氏は"我々はこれらの人たちを 起訴し続けています"と語りました
難民キャンプの関係者によると,難民の子どもたちのケースを 迅速に処理するため,当局が新たな規則を導入し, 難民の子どもたちの場合の裁判は,以前は60日以内だったものの, 拘留から1ヶ月以内に開始されるという.
移民裁判官の法的な立場について ビデオ会議で 証言する方が多く
合格しない人は すぐ退学する
保護施設ネットワークの報告によると 拘留期間が長くなるほど 子どもの不安や鬱状態が悪化し 暴力行為や逃亡の試みに 陥る可能性が高いとされています
子どもの権利擁護活動家は トーニロのような大きな施設では 子どもの障害の兆候が 軽視される可能性が高いという 懸念が加わっています
両親は子供たちが 感情的準備をしたり 友達と別れを告げたりせずに キャンプ場へ移動すると 多くは耐え難うような 心の傷をさらに 増やす可能性があると 指摘しました
シリアはアメリカ,フランス,トルコの占領軍に即時撤退を要請する.
シリアの外務大臣ワリド・アル・ムアラームは国連総会で演説し,シリアの紛争が8年目になったにもかかわらず,難民に帰還するよう呼びかけました.
副首相でもあるムアレムは テロとの戦いの名の下に 外国軍がシリアに不法に駐留しており 対応するとの声明を出した.
は,会場に"彼らは,即座に,無条件に撤退しなければならない"と語りました.
シリアでは2011年以来36万人を超える人が死亡し,何百万人もの人々が家から追い出されました.
シリアの領土が2つのテロリスト集団から,そしてすべての不法外国人の存在から完全に清掃されるまで,ダマスカスはこの神聖な戦いを続けると述べた.
シリアにはアメリカ兵が2千人いるが その多くは バッシャール・アサド大統領に敵対する シリアのアラブ人軍とクルド人軍を 訓練し 助言している
紛争が激化したフランスには 1,000人以上の兵士がいます
難民の帰還に有利な条件があると述べ, 難民を抑止する不合理な懸念を広めている西側諸国だと非難した.
我々は国際社会と人道支援機関に,難民の帰還を容易にするよう呼びかけました.
 純粋に人道的な問題であるべきものを政治化している
米国とEUは,シリアの再建を支援することはないと, アサドと反体制の間で,戦争を終わらせるために, 政治的合意が達成されないまで, 支援は受けないと表明した.
国連の外交官は,ロシアとトルコが,最後の反乱勢力であるイドリブに 緩衝地帯を設けることを合意したことで, 政治交渉が進展した,と語る.
ロシアとトルコの合意により 300万人の住民が住むこの州は シリア軍による大規模な攻撃を避けられた
しかし,ムアームは,合意には"明確な期限"が設けられていると強調し,軍事措置は,ジハード主義者,特にアルカイダと関係を持つヌスラ戦線の戦闘員を標的とし,排除されることを希望した.
国連代表のスタファン・デ・ミストゥラは,シリアの戦後憲法を立案し,選挙の道を準備するために,政府と反体制のメンバーを集めた新しい委員会の最初の会合を,間もなく招集することを望んでいます.
委員の仕事は現在の憲法の条項の改正に限るべきだと述べ, 干渉しないよう警告した.
なぜトランプが2度目の大統領に 選ばれるのか
この論理では トランプ氏は2020年に再選されるでしょう 恐らく多くのリベラル派視聴者が期待しているように 解任とスキャンダルにより 大統領から早めに脱却しなければ
大統領歴の最高の終幕となるでしょう
観客は疲れを全く感じない
2014年以来 放送のピーク時の視聴率は CNNの105万件に倍増し MSNBCの160万件にほぼ3倍になりました
ニーソンによると Fox Newsの視聴者数は 4年前は170万人でしたが 今では平均で2400万人です MSNBCの"レイチェル・マドウ・ショー"は 視聴者数は350万人になり ケーブルテレビではトップにランクインしています
"これは我々が理解していないことで 人を惹きつける事件だ"とコメントしたニール・バーは ABCのドラマ『指定生存者』の司会者で 首相が大統領に昇任した後に 首都の攻撃が起きたことを話している.
漫画家のNell Scovellは 『Just the Funny Parts: そしてハリウッド少年クラブに 足を踏み入れたことについての 否定できない真実』の著者ですが 違う考え方をしています
彼女は2016年の選挙前に ボストンのタクシーに乗ったことを 覚えているのです
運転手は彼にトランプ氏に投票すると言った.
"なぜ?"と彼女は尋ねた
"笑わせてくれるから"と スコベル夫人が言った
混沌には遊びの価値があります
もちろんテレビのあらすじとは 違って ワシントンでのシナリオは ロエ・ワイド事件の将来や 移民の家族同士の再結束や 世界経済の健康を 決定するかもしれません
オンラインを断るという贅沢は 裕福な視聴者のみが 持っています
しかし 知識のある市民であることの意味は 議論の場にいた6時間間の 専門家パネルが ボブ・ウッドワードが 深い知識を使って 出版した本 『恐怖』の テーマについて議論するだけでなく ポール・マナフォルトが1万5千ドルの オオタクの革のジャケットを 披露した内容について議論するだけでなく ストロミー・ダニエルの 誇らしげな説明が 引き起こす結果について議論するにもなります
スーパーマリオを 見た目も変わります
"彼のしていることのいくつかは リアリティ番組のようですね" "毎晩何かを飲み込んでいく" "と Wheelhouse EntertainmentのCEOで" ウォールハウス・エンターテインメント"のクリエイター,ブレント・モンゴメリーは チーム変更やトランプの日常の逆転について語っています.
番組を逃す余裕はない
今週 フリス氏と連絡を取ったとき 寒さ25度だったのですが 彼は北岸の自宅で 部屋の中でMSNBCを見ながら CNNを録画していました
解き放たれることはなかった ブレット・カバナウが 参議院の司法委員会と 決着を決めて 裁判所の将来を問いかける時も
"あの頃は 狂った番組を放送していた時のことで "これが西洋文明の終わりの始まりだ" と言われていたのを覚えています"
 冗談だと思っていたけど 本当だった
タイムズの記者であり ビジネス,政治,メディアを担当する エイミー・チョジックは 追放ヒラリーという論文の 著者です
海外資金が最密度の中間選挙に 侵襲
ペンシルベニア州17区が 資金不足に襲われることは 驚くことではありません 選挙区の改定により 常任の議員2人が 同じ選挙区で 選挙戦を繰り広げられるようになりました
この地区はピッツバーグ郊外で 最近改造された地区で 民主党のコンノール・ラムの 選挙区内選挙で 選挙区を抜き 選挙区内を特別選挙で当選した
ラムは共和党のキース・ロスフス氏と対峙し 旧州12区を代表し 新たに選出された17区を代表する.
ペンシルバニア州最高裁判所が 1月に判決を下したことで 古い郡区は 憲法違反で共和党に有利に 操作されたと判断して 地図が再編されました
新第17区の選挙は,選挙資金の対立を招いた. 選挙資金の主要な部門は, 民主党選挙委員会 (CCCD) と共和党全国選挙委員会 (CNCR) との間で,
ラムは3月 ペンシルベニア州で 選挙で勝利したことで ペンシルベニア州で有名になった
この地区は10年以上にわたって共和党によって 支配されてきましたが トランプ大統領は20ポイントの差で 勝利しました
民主党は政治学者の 軽微な優位を勝ち取った
米国は,中国に対する支持を理由に,エルサルバドルを罰することを検討したが,その後,撤回した.
外交官は,ドミニカ共和国とパナマが既に北京を承認しており,ワシントンはこれにほとんど反対していないと確認した.
トランプ氏は2017年6月にパナマのフアン・カルロス・ヴァレラ大統領と親しく会談し, パナマのホテルを経営していた.
国務省の関係者は,米国が台湾を承認しないという決定に抗議するため,米国大使館のエルサルドール,ドミニカ,パナマの代表を召集した.
しかし制裁は2017年に推定"億4000万ドルの米国援助を受けたエルサルバドルに対してしか適用されない. 麻薬規制や開発や経済支援などで 援助を受けた.
財政援助の削減と 標的のビザ制限を含む制裁は,中央アメリカの国と高失業率と殺人者にとって痛ましいものであった.
国内会議が続いていた中,北米と中米の代表は,安全と経済繁栄をテーマにした高レベルの会議を延期し,昨年行われた同様の会議を続き,移民の米国への入国を阻止する努力の進展として見られた.
しかし9月半ばに,政権の幹部たちは,サミットが継続することを明らかにし, サルバドルに対する制裁の検討を終了させた.
閣僚は,Mike Pence副大統領が10月中旬に予定されている会議で発言し,政権が会議に重点を置いていることを示すと表明した.
そして3人のアメリカ大使は ワシントンからの新たなメッセージや 厳しい処罰なしに エルサルバドル パナマ ドミニカ共和国へ静かに帰還した.
ボルトンのホワイトハウス広報担当者は 3人の米国高官の詳細について 発言を控え, 外交官2名を含む2人は 内部協議について 匿名で話すことを承諾した.
政府の関係者の 匿名で独立した分析者が 発言を裏付けている.
歴史を学ぶ
次の"つに 特別検察官のロバート・ミュラーが 公開した証拠が 証拠に裏付けられていると判断したものです
ミュラーはまた,トランプ氏の選挙運動が ロシアとの共謀に 手を貸したかどうか, 捜査に目を向けます.
議会の支配が手を変えたら トランプ氏は議会に 責任を持ち 選挙人にも 裁判官にも 責任を持つことになるでしょう
落とし穴はたくさんあるし ヨーロッパのトランプ氏も 落とし穴が避けられないとは言いません
紛争の長期化に 影響を及ぼす決断を 大西洋の両岸で すべきです
1938年,ドイツ軍将校たちは,西側が抵抗してチェコスロバキーをミュンヘンから追い出したなら,ヒトラーを倒すためのクーデターに 準備を整えようとしていました.
失敗し 血を流すのを防ぐ機会を 無くしました
歴史の流れはこれらの分裂を中心に成り 民主主義の必然的進捗が加速するか遅延するかです
アメリカ人は現在 このような分裂を 直面しています
もしトランプ氏が 司法長官のロッド・ロゼンスタインを 引き返すとしたら どうなるのでしょうか? 司法長官のロゼンスタインは ミュラー捜査の 運命を握っている人物です
ローゼンスタインは 厄介な状況に陥っている. 報道によると,彼は昨年, 秘密裏に大統領を登録しようと提案し,
ロゼンシュタイン氏は タイムズ紙の報道は 誤りだと主張しています
ブラット・カバノフに関するFBIの最近の要求が 完全かつ公正でない場合や 性的暴行や不誠実な証言の 訴えにもかかわらず 最高裁判所で承認された場合 私たちはどう答えるでしょう?
そして何よりも,トランプ氏に 責任を与える議会に 投票しようか?
民主主義は長い冬を過ごすことになります
しかし,私は,プラハで学んだことを, 失敗しないという確信を持っています.
母はチェコスロバキア出身のユダヤ人で ナチス政権下で アウシュヴィッツに強制送還されました かつては私の大使邸でした
彼女は生き残り アメリカに移民し 60年後 私は,スワスティカの飾ったテーブルに サブタンのを灯すようにと頼まれました
この遺産を継承して,私は,私たちの未来について楽観的になれない.
ノーマン・アイゼン氏はブルッキングス・インスティチュート (Brookings Institution) の 代表研究員で ワシントンDCの責任と倫理のための市民の会長であり, 『最後の宮殿: ヨーロッパの 乱乱する世紀 五つの命と一つの伝説の家』の著者である.
レンジャーズからグラハム・ドーランス ヴィーン・ラピッドに自信を持って
ランジャースは4日,ラピッドウィーンに招待され, オーストリアとの勝利を予想し, 月の初めにスペインでヴィルリアリアルとの対戦で, 勝利を収め, ヨーロッパのリーグのグループGから出場する.
膝の怪我は,ミッドフィナーグラハム・ドーランスをシーズン初戦でビラレアルと2対2で引き分けさせたが,彼はレンジャーズはこのような結果から最高のものを得ることができると確信している.
"これは我々にとって良いことだった ヴィリアリアルは良いチームだからだ"と31歳のアタガは言う.
 試合は勝てると思って 試合は勝てると思って 試合は勝てると思って 試合は勝てると思って 試合は勝てると思って 試合は勝てると思って 試合は勝てると 試合は勝てて 試合は勝てて
勝ったかもしれないけど 全体的に見ると 引き分けは公平だった
恐らく彼らは前半に優れていたでしょうが 我々は後半に戻り チームとして優れていたのです
木曜日はヨーロッパの大イベントです
少しの運があれば3得点を期待できますが,難しい試合になります.なぜなら,前回の試合で彼らは良い結果を出したからです.それでも,私は,我々の後ろにある観客と一緒に,良い結果を出せる,と確信しています.
怪我とクラブの変革の間で とても辛い1年でしたが 今この場所が 満足のいくものになりました
チームもいいし 楽しんでるし 練習もいい
願わくば今から前へ進み 去年のシーズンを忘れ 勝利を収められるように
女性は退職金に 心配を抱いて 眠れない
対象者の多くは 介護の仕方について 明確だったものの 家族に相談した人はほとんどいなかった
全国調査の半数近くが 長期医療費について 配偶者と話し合うと答えたそうです
子どもたちにこのことについて話すと答えたのは たった10%でした
"家族に介護してもらいたいと思っているのに 必要なことをしていない"とNationwideの生命保険部門の副社長,ホリー・スナイダーは言う.
始めにこうしましょう
配偶者や子供に話してください 両親に自分の願いを 十分に伝えなければ 両親が介護してくれる準備が出来ません
医療費の決定に 重要な要素となるので 相談所や家族と相談して 治療の場所や方法を 決めましょう
財務顧問に電話してください 顧問は,費用の支払い方法を 探す手助けもできます
長期医療費の決定には 伝統的な長期医療保険や 保険の代金額を支えるハイブリッド型生命保険や 財産の他の保険などがあります
法律上の書類を用意する 法律上の争いを避けること
医療代理人という 資格を持つことで 医療の質を把握し 医療従事者があなたの意思を 尊重するよう 保証してくれる人を 任命できます
資金管理の代理人についても考えましょう
信用できる人を選んで 財政上の決断を任せ 保険料を支払わせてくれる
小さなことを考えてください 例えば 高齢の親戚が 病院に急診を 行っているとします
薬やアレルギーに関する質問に 答えられるでしょうか?
詳細を書き留めて 準備を整えましょう
"財政問題だけでなく 医者も問題なの?"とマーティンは尋ねました
薬は? 薬は? 薬は? 薬は?
犬を誰が飼うの?
計画を実行に移してください
イルフラクンブで男を銃で撃った
ある男が パーティから帰宅する途中に 圧縮空気銃で撃たれ
40代の女性で 胸,腹,手で撃たれた時 デヴォンのイルフラクンベの オックスフォード・グローブ地区にいました
警察は,この事件を, ランダムな出来事として説明しました.
被害者は犯人を見なかった
生命を脅かす傷は無い 警察は目撃者を呼んでる
インドネシア 震災 津波
インドネシアのパルー市で金曜日に起きた 強力な地震と津波で 少なくとも384人が死亡し 死亡者数はさらに増加すると予想されていると当局が発表しました
通信が停止したため 救援隊は,7.5の地震の震源地に近いパルーの北にあるドンガラ州から情報を得ることができませんでした.
パルーでは1万6千人以上が 避難所を撤去されました
島で,パルーとドンガラについて,重要な事実:
パルーは,スラウェシ島の西海岸にある狭い湾の端に位置する,スラウェシ中央州の首都で, 2017年時点で推定379,800人の人口を擁しています.
地震と津波が起きたのは 町が40周年を迎えた頃でした
ドンガラ州はスラウェシ島の北西で 300km以上の海岸を横断しています
地方自治体は 地方自治体とは異なる行政区域で 地方自治体は 地方自治体とは異なる行政区域で 2017年時点で 299,200人の人口が 居住していると考えられています
漁業と農業は,中央スラウェシの経済の中心であり,特に東ガラの沿岸地域は,漁業が主たる経済である.
鉱業はスラウェシの反対岸のモロワリで 主に採掘されています.
パルーとドンガラは 津波に何度も襲われたと インドネシアの災害対策機関が 報告しています
1938年,東ガラで起きた津波で 200人以上が死亡し,何百もの家が破壊されました.
津波が東ガラの西を襲った1996年にも 9人が死亡しました
インドネシアは太平洋火の輪に位置し,定期的に地震が起こります.
ここ数年における 重要な地震や津波のいくつかです
2004年: インドネシアのアチェ州西海岸で12月26日に発生した大地震により,14カ国を襲った津波が発生し,インド洋沿岸では226,000人の犠牲者が出た. その半数以上がアチェ州で死亡.
2005年:スマトラの西海岸は3月末から4月初旬にかけて,数回の地震により震えました.
島内での事故で数百人が死亡しました
2006年 震災:マグニチュード6.8の地震がインドネシアの最も人口が多いジャワ島南部で発生し,津波が南海岸を襲い,約700人が死亡しました.
2009年: パダン市 (西スマトラ州) に 7.6の地震が起きました.
犠牲者は"100人以上
2010年 マグニチュード7.5の地震が シュマトラ沖のメンタワイ島を襲い 10メートル以上の津波を引き起こし 数十の村を壊滅させ 300人近くを殺害しました
2016年: アチェのピディアジャヤ州を震撼させた 地面の小さな地震で 住民は破壊とパニックに襲われ 2004年の地震と津波の惨痛な惨事を思い起こしました
津波は発生しなかったが, 建物崩壊で100人以上が死亡.
2018年:インドネシアの観光地であるロンボク島に大地震が起き,大半が島の北側で500人以上が死亡.
震災により数千の建物が破壊され,何千もの観光客が一時的に 立ち往生を余儀なくされました.
レイナ・ペイリンの長男が 家庭内暴力で逮捕
アラスカの元知事 サラ・ペイリン氏の長男である トラック・ペイリンが 暴行容疑で逮捕されました
逮捕されたのは,家庭内暴力の疑いで, 家庭内暴力の報告を違反し, 逮捕を抵抗した罪で,
警察の報告によると 彼は女性知人の電話を 盗み取りました
KTUUは,パリン氏はマット・スゥの臨時拘留施設で,500ドルの無保証保釈金で拘束されていると報告した.
裁判所に出頭し, "無罪"と訴えた. ネットワークによると,
パリンは3つのA級違反で 懲役1年 罰金25万ドルを 科せられる
軽度のB級違反で 一日の懲役1日と2000ドルの罰金で 起訴された
刑事訴訟が提起されるのは 初めてのことではありません
2017年12月,父親のトッド・ペイリンに暴力を振るったと告発されました.
母親のサラ・パリンが 警察に連絡して 暴力を疑ったと報告した
訴訟はアラスカの退役軍人の裁判所で 進行中です
2016年1月 事件に関連して 配偶者暴力,配偶者暴力の犯罪の報告への干渉,そして酒に酔った状態で銃所持の罪で起訴されました.
友人から 顔を殴られたと
2016年に 退役軍人のグループから批判を受けたのは 暴力的な息子の行動と イラクでの戦いで PTSDが引き起こされたとの発言でした
インドネシア地震: 数百人が死亡
先週金曜日にインドネシアのスラウェシ島で起きた地震で少なくとも384人が死亡しました.
震源は7.5の強さで 津波を引き起こし 何千もの家を 壊滅させた
電気や通信網が 壊れており 被害者は数日後に増えることが予想されています
地震はインドネシアの首都ジャカルタの北東にあるスラウェシ島中心部で発生しました
ソーシャルメディアのビデオは 衝撃の地点を示しています
砂波が海岸に 押し寄せて来た時,数百人が の祭りに集まっていた.
連邦検察はニューヨークでテロ容疑者の死刑を 要求している
ニューヨークの連邦検察は 8人の犠牲者を出した容疑者 サイフルー・サイポフの死刑を 要求しています 1953年以来連邦犯罪で死刑が科されることはなかった 珍しい判決です
30歳のサイポフは10月,ホームデポットから借りたトラックで ダウンタウンのウエストサイドハイウェイの サイクリングコースを襲い, 歩行者と自転車乗り者を襲った.
検察は,サイポフが8人を意図的に殺害し 意図的に重傷を負わせたことを 証拠として示さなければならない. 司法裁判所に提出された死刑判決の意図表明書によると,
裁判文書によると,この2つの罪は死刑に処せられる可能性が高い.
事件から数週間後 連邦裁判所の陪審員は サイポフを22件の罪で起訴しました 殺人罪は8件 組織犯罪の訴訟で連邦検察が通常使う 資金の搾取罪で起訴され 自動車の破壊罪と暴力罪で起訴されました
検察は,この攻撃は 慎重に準備と計画とされ, サイポフが使用した手法は 憎悪的で残酷で堕落したものであると非難した.
 声明は,Diego Enrique Angelini,Nicholas Cleves,Ann-Laure Decadt,Darren Drake,Ariel Erlij,Hernan Ferruchi,Hernan Diego Mendoza,そしてAlejandro Damian Pagnuccoの家族や友人たちに傷害,損害,損失を被ったと記しています.
犠牲者のうち5人はアルゼンチン人観光客でした
ニューヨーク州南部地区は 裁判で死刑を訴えたのは10年ぶりです
容疑者のカリド・バーンズは 麻薬密売人の2人の殺害で有罪判決を受け 2009年9月 終身刑に処せられました
ニューヨークで死刑が適用された最後の連邦裁判は 1953年の ジュリアス・ローゼンバーグとエテル・ローゼンバーグの事件で 殺害された夫婦です 暗殺罪は冷戦後の2年間に 連邦政府と密謀し 諜報活動を行った罪で有罪判決されたことでした
1953年6月19日,ローゼンベルグ2人は電気椅子で処刑された.
裁判記録によると,ウズベキスタンのサイポフは,この悲劇の後の数日間と数ヶ月間,後悔の念を全く抱かなかったという.
警察によると 彼は捜査官に 自分の行為に満足していると伝えた
起訴状によると,サイポフは,自分の携帯電話でISISのビデオを見て, テロを起こした,と当局に語った.
病院の部屋にISISの旗を掲げるよう頼んだと警察は言う.
彼は22件の罪について 控訴を申し立てました
連邦検察官のデイヴィッド・パトン氏は 起訴の決定に明らかに失望していると述べた.
 事件の被害者の皆にとって 余計なトラウマを 延ばすしか ないと 判断した.
サイポフの弁護団は 検察に死刑判決を控えるよう要請していた.
保守党議員はNIGEL FARAGEがBrexitの交渉を担当すべきだと主張
ナイジェル・ファラージは,保守党の会議で, 国民軍を動員すると宣言した.
首相は,政治家がEU懐疑派の圧力に 直面しなければならないと発言し, 首相の議員の一人が提案したように, 首相はEUとの交渉を担当すべきだと述べた.
保守党のピーター・ボーン議員は ベルリンでのデモで ファーージがブレグジット大臣だったら 国民が自由になっていただろうと言いました
しかし,メイが直面するジレンマは, 深く分裂した党派を和解させるというもので, 離脱を主張する保守党が, 孤立した,街の反ブレグジットデモに参加したことで, 強調された.
首相は チェッカーズ協定の妥協案を 維持するのに苦労しています 離脱者,残留者,EUからの 脅迫にも関わらずです
連合国側は,敵意にもかかわらず, ブリュッセルとの合意を試み続けるだろう,と強調し, ユーロ懐疑派と労働党は, プログラムとカオスとの間で選択することを強要する.
ボーン氏はソリフルの"離れる意味は離れる"集会で チェッカーズを排除したいと表明した.
フランジはパートナーとなり ブリュッセルとの交渉を担当すべきだと考えました
"もし彼が担当していたら,もうここから出て行っただろう"
ウェリングボロの議員はこう付け加えた: 私はブレグジットを支持しますが,チェッカーズから脱却する必要があります.
グローバル・ウォーに身を投じることは,我々を服従させるためではありません.
祖国において,独自の法律を作りたい.
ボーン氏は2016年の選挙後の世論の変化を否定し, "英国国民が過去を切り抜け,英国に残りたいという考えは,まったく誤っている"と強調した.
保守党の アンドレア・ジェンキンスも参加し 記者たちにこう言いました "首相様,皆さんに聞いてください"
反対派は支持しない 党もそう 運動家もそう 路上に出てきて 選挙に追い込むのは我々だ
チェイクを捨てて 聴き始めよう
メイに宛てたメッセージで 彼女はこう付け加えた "首相は約束を守れば就職を保ち続ける"
ファーラージ氏は集会で 政治家たちが2016年の国民投票で 決めたことを裏切ろうとしているなら "圧力を感じ"なければならないと訴えた.
"これは我々人民と政治階級の信頼の問題だ"
彼らはブレグジットに騙そうとしてる そして今日,我々は彼らに言う: "お前たちは,そんな風に逃げ出せない"
プレッシャーを与えたいと思います. プレッシャーを与えれば, 政治的階級は, 離脱を裏切るでしょう.
我々は,この国の民衆の軍隊を動員し, 脱退を勝ち取った. そして,独立し,自立し,自慢するイギリスになるまで, 立ち止まることはない.
一方 支持者はバーミンガム全土を回り 2時間のデモを市中心に開催しました
週末のグループ発起後に少数の人たちが 保守派の反ブレグジットの旗を掲げました
保守党の党員を嘲笑した アドニス卿は 会議の初めには 党の執行に関する安全問題について 批判しました
"彼らは,カナダのコンピュータシステムと全ての技術,そして,フリクトフリー・ボーダー,アイルランドでのフリー・トレード,を導入する能力を持っている"と彼は付け加えた.
冗談で 馬鹿げている
よいブレグジットなんてない"と付け加えた.
ウォーレンは大統領選への出馬を真剣に検討するつもりだ
選挙後の大統領選への参政権の可能性を 検討すると, ワシントン州上院議員のエリザベス・ウォーレンが 発表した.
ボストン・グローブ紙によると 民主党のマサチューセッツ州議長は 土曜日 マサチューセッツ州西部で 集会を開き 自身の将来について議論したそうです
ウォーレンは大統領ドナルド・トランプを批判する声で 選挙でノベルの選挙で 共和党のジェフ・ディール (Geoff Diehl) に勝った.
彼女は2020年にトランプと対戦するとの 噂の最中でした
選挙区での選挙人との会見は トランプ大統領が大統領に就任してから 36回目でした
議長候補に立つ予定か? と聞かれました
ウォーレン氏は女性達が ワシントンに来て 壊れた政府を直す時が来たと答えました それは女性を国家元首にすることだ
ルイジアナ州立大学校のシムスの銃殺事件で逮捕
LSUのバスケットボール選手 Wayde Simsの銃殺事件で 容疑者が逮捕されたと 警察は発表した
バトンルージー警察は 20歳のディトン・シンプソンを 逮捕しました
金曜日に彼らは銃撃の映像を公開し 画像に写っている男を特定する手助けを求めた.
シンスは20歳で 金曜日の朝 サザン大学のキャンパスから 銃撃で殺された
ウェイド・シムズは 頭に銃撃されたが 負傷により死亡したと 警察署長マーフィー・J・ポールが247スポーツに 報道した.
ウェイデは友達の身を守るために立ち上がったが シンプソンに撃たれた.
尋問されたとき,シンプソンは,銃を持って現場にいたと認め, ウェイデ・シムスを撃ったと認めました.
事件は起きなかったが, 逮捕され,東バトン・ルージュ警察署で 拘束された.
バトンルージュで育った 2メートルの高さのシムスは シーズン3回32試合に 出場し 10試合を スタートで打ったことで 平均して17.4分 ポイント5.6ポイント2.9リバウンドを 獲得した.
ルイス・ハミルトンは,チーム指針により,セバスチャン・ヴェッテルを倒し,世界チャンピオンを目指す.
バルテリ・ボッタスがルイス・ハミルトンを抜いて予選に出場した瞬間から,メルセデスチームの仕様が,この大会で重要な役割を果たすことは明らかになった.
ボタスはポールポジションから 順調にスタートして ハミルトンを横に追い越し 最初の2ラウンドで彼の位置を保ち ヴェッテルにチームメイトを攻撃するよう呼びかけました
ヴェッテルは最初にブースに入りました ハミルトンを残して 尾の渦に飛び込みました 決定的な要素だったはずですが
メルセデスは1ラウンド後,フェルヘットの後ろに走ったが,ハミルトンは車輪の動きでメリットを得て,フェラーリドライバーは第3ターンで2度目の防御を試み,内側から抵抗する恐れで,内側から嫌がって退出した.
マックス・ヴェルスタッペンは最後のラインからスタートして 初めての1回戦の終わりに7位でした 21歳を祝うために
その後,レースの大半をリードしながらもタイヤを保持し,速度の上昇を狙い,キミ・ライコネンを4位に追い越した.
ランキング第44回でランクインしたが,残りの8回でペースを上げることができず,ライコネンは4位に落下した.
ヴァルテリが週末に 素晴らしい仕事をしてくれたし 通りを向けてくれた
チームには2つ1つ2つの を手に入れるための 素晴らしい仕事があったとハミルトンは言う.
身体表現が悪かった
ワシントンで開かれた土曜日の会議で ドナルド・トランプ大統領は ダイアン・ファインスタイン上院議員を嘲り カーナフ大統領候補を性侵した 訴状の手紙を 公開しなかったと強調しました
ウェストバージニアの集会で フォードは フォードの証言について 直接言及しなかったが 議会の司法委員会で 発言した
"この2日間で上院で起こった 唯一の出来事は 怒りを感じて 邪悪で汚い人たちと 汚い人たちと会うことでした"
漏洩や情報公開の 状況を見て こう言うのです "ああ 犯さなかったよ"
やってない"
覚えてる?
ダイアン・ファインシュタイン 情報を流出した?
返事は覚えておけ "情報漏洩は?" "ああ 何?"
違うわ
隠し事はしたくなかった"
待って
"情報漏洩したんですか?" "情報漏洩はしていません" "上院議員の印象を考慮して"
ファーインスタインは 7月 フォードからカバノウに対する 詳細な告発の手紙を 受かったのですが 9月 初めには 事件が公表されました しかしファーインスタインは 事件がフォードの事務所から 漏洩したとは 否定しました
"私はフォードの主張を隠さなかった" "彼の物語を公表しなかった"
秘密にしろと 言ったのさ 秘密にしろと 言ったのさ
しかし,彼の否定は,大統領に好評を与えられず,彼は土曜日の夜,集会でこう言っていました: "これは,ひどい体調でした.
知らないかもしれないけど, ひどい体言だわ
3人の女性から性的暴行をされた 最高裁候補者の弁護を続けて 民主党は 自身の目的のために 暴行を主張している
 彼らはあらゆる手段で政権を取り戻そうとしている.
権力と支配を得るためには誰を傷つけるか 誰を潰すかなど気にしない"と メディアイトに語った.
エリートリーグ: ダンディー・スターズ 5-3 ベルファスト・ジャイアントス
パトリック・ドワイアがダンディーで2ゴールを打った
ダンディー・スターズは エリートリーグで 敗戦を消し去り ベルファスト・ジャイアントスに敗れ 試合は土曜日にダンディーで 5-3で終わりました
ザ・ジャイアントスはパトリック・ドワイヤーとフランシス・ボーヴィリアーの2つのゴールで 勝負を制した
マイク・サリバンとジョーダン・コウニーは 引き分けを勝ち取り ドワイヤーは 再びギアントをリードした
フランソワ・ブッハードはダンデーのためにゴールに直った. ルカス・リンドヴァルド・ニルセンは2ゴールを記録し,勝利を収めた.
アダム・キーフの選手は3度目の敗戦で,金曜日の夜にベルファストでダンドーを2 - 1で倒した.
シーズン4回目で2チームで対戦し,ギアンスが3勝を収めた.
ドワイアは4分35分にケンドール・マクファールからのパスでリードを打ったが デビッド・ラザーフォードは4分後にボウビリエに2回を投げ出した.
忙しい最初の1時間間で,サリヴァンは1時10分に地元チームを復活させ,マット・マルクアードが3時16分にコウニーのサービスを開始し,対戦は引き分けました.
ドワイヤーは最初の休憩前に 巨人のリードを保証し 最初の半期の終わりに夜の2番目のゴールを打った.
チームが集まった ブッチャールが再びゴールに勝ち 勝った
カウニーとチャールズ・コルコランは協力し,ニールセンは第2期末にダンデーを試合で初めてリードさせ,そのため彼のチームがミッドフィードで第5ゴールを打って勝利を収めた.
巨人はここから5試合で4敗を打ったが,次の試合はミルトン・ケインズに迫る.
航空管制官が死亡 飛行機の何百人もの乗客を救助
インドネシアの航空管制官が 何百人もの乗客を安全に離陸させながら 命を落としたことで 英雄の称賛を受けました
島を震わせる津波が起きた金曜日,800人以上が死亡し, 多くが行方不明になっている.
パルー市では,多くの人々が瓦に閉じ込められ,地震の影響が続いています.
しかし21歳のアンソニウス・グナワン・アグン氏は 仲間たちが逃亡したにもかかわらず パルウのムティアラ・シス・アル・ジュフリ空港の 激震した塔の上で 仕事を諦めなかった.
彼はその場で,その時点で滑走路にいました バティックエア 6321便が 安全な離陸を保証するためにいたのです
制御塔から飛び降りた 崩壊の予感がした
彼は後に病院で亡くなった.
航空航行インドネシアの広報担当者 ヨーハンネス・シライトは この措置によって何百人もの命を救ったと オーストラリアのABCニュースに 報じられた.
カリマンタン州バリクパパンの ヘリコプターで 彼を別の都市にある より大きな病院に 運びました
残念ながら,ヘリコプターがパルーに到着する前に, 失踪しました.
                                                                                                                                                                                                                      
災害防止局は,ドンガラ,シギ,ブートンといった都市へのアクセスが制限されていると警告している.
 遺体の数はさらに増加する 遺体の多くがまだ瓦の下にあり,多くの遺体は救出されていないと,  庁の広報担当者 Sutopo Purwo Nugroho 氏は述べています
波が6メートルまで押し寄せたパルでは 日曜日に 葬儀が行われる
軍と商用機が 援助と食料を運びました
35歳の母親であるリサ・クシュマは Sky Newsにこう言いました "毎分,救急車が死体を運んでいる.
清潔な水が不足しています
店内は盗まれています
インドネシアの赤十字社代表であるヤン・ゲルファンデはCNNにこう言いました "インドネシア赤十字は生き残った人々を助けるために走っていますが, 彼らが何を見つけられるかはわかりません.
悲劇は既にあったが 悪化する可能性がある
インドネシアの大統領ジョコ・ウィドドは日曜日にパルに来て, 軍にこう言いました:  皆さんに,避難に関する全ての作業を完了するために,昼夜をかけて働かせて欲しい.
準備はいいですか? CNNは"準備はいいですか?"と聞きました
インドネシアは今年の初めにLombok島で地震に襲われ,550人以上が死亡しました.
事故:Air Niuginiは,現在,湖に墜落した飛行機で失踪者であると発表しています.
太平洋の湖で墜落した飛行機の 乗員47人と乗組員が 沈没していた飛行機から 脱出した後 乗客1人が失踪したと 航空会社は発表しました
ニューギニ航空は声明で "土曜日の午後から男性乗客の痕跡が 発見できていない"と明らかにした.
航空会社は 事故の現場を捜索するため 地元当局や病院や捜査官と 協力していると発表しました
航空会社は乗客の年齢や国籍などの詳細な情報を要求してもすぐに反応しなかった.
飛行機が水に衝突し,フク島空港に着陸しようとした際,地元のボートが他の乗客と乗員の救助に協力した.
病院で治療を受けた7人のことを当局が金曜日に発表しました.
航空会社は土曜日に 6人の乗客が病院で 安定した状態だと発表しました
事故の原因と正確な経緯は まだ不明です
航空会社と米海軍は,飛行機が陸路の近くのに降りたと述べた.
機内見地によると,飛行機は滑走路を越えた.
アメリカ人の乗客のビル・ジェインズは 飛行機が低空に降りて来たと報告した.
"これはとても良いことだ"とジェイズは言った.
ジェイネスは,彼や他の乗客が 沈む飛行機の救助出口まで水の中を滑り込んだと証言している.
機長は 機員がパニックに陥って 悲鳴をあげると 言うが 彼は頭部に軽傷を負っていた
アメリカ海軍は,近隣の改工事で働いていた水兵が,飛行機が約30メートル (100フィート) の水に沈没する前に,空気ボートを利用して人々を陸に運ぶという救助活動に参加したと主張した.
パプアニューギニアの航空安全ネットワークによると 過去20年間で パプアニューギニアに登録された航空会社で 111人が死亡したが,Air Niuginiは死亡しなかった.
分析者は, 女性が火で焼かれた夜を タイムラインで表しています.
検察は, 2014年にミシシッピで女性を 生きたまま焼いた容疑者の裁判を土曜日に延期した.
司法省の分析官 ポール・ローレットは 諜報分析の専門家として 証言を数時間続けた
彼は陪審員に, 29歳の被告人 クィントン・テリスと 19歳の被害者のジェシカ・チェンバースが 亡くなった夜に何処に行ったかを 追跡するために,携帯電話の通話記録を 活用した方法を説明しました.
ローレットは,彼が死んだ夜に,テリスがチェンブズと一緒だったことを示す,複数の携帯電話の位置情報を入手したと主張し,彼の以前の主張に逆らったと,ザ・クラリオン・レジャー紙は報じた.
記録によると チェイバーズ氏の携帯は 友人だったマイケル・サンフォードと 隠し電話で話していた
サンフォードは土曜日に 裁判に出たところ その日市外に出たことを証言した
検察がテリスに その夜 サンフォードのトラックに 乗っていたと証言したかどうか尋ねると サンフォードは"私のトラックがナッシュビルにいたから"と答えた
もう一つ 矛盾は テリスが チェンバースと知り合って2週間ほどだったという事実です
電話記録によると 彼と知り合って"週間も
ローレットによると チェンバースが亡くなった後, テリスは チェンバースのテキストメッセージ,電話,連絡先を 携帯から削除した.
"彼は彼女から 消した" ハールが言った
弁護団は日曜日に 弁明を始める予定だ
裁判官は,裁判は今日中に 陪審員の前で行われるよう期待していると言いました.
政治的ヒップホップとは何か?
ヒップホップの3人は 楽曲のネガティブなイメージを 否定し ポジティブなメッセージで 満たしたいと願っています
ブリストルのThe High Breedは ヒップホップが政治的メッセージや社会問題から 離れていったと主張しています
グループが希望しているのは ルーツを元に戻し 政治的なヒップホップを再び 流行にしたいという事です
ザ・フージーズやコモンなどのアーティストは,アカラやローキーなどのアーティストによって,最近イギリスで復活しています.
ブラックか?
ニューヨークの保育士が 夫婦を訴えている
ニューヨークのナニーが 夫婦を訴える 差別的な解雇の訴えは 母親から 間違って送ったメッセージで 母親が"黒人だから"と 文句を言ったからです
裁判は強奪行為と等しいと訴えた.
2人の子供の母親であるリンシー・プラスコ・フラクスマンは 2016年に新しいベビーシッターであるジゼル・モーリスが 職場に来た初日に黒人であることを発見した際 驚きを語った.
 NOOOOOOOOOON ENCORE A BLACKと夫に書いたメールで グラス・フラクシュマン夫は 怒った
しかし,夫に送る代わりに,彼女は2度,モリス夫人に送った.
ニューヨーク・ポストによると,プラスコ・フラクスマンは,モリスの"不快感"を認識し,アフリカ系アメリカ人であった前保育士が悪い仕事をしたので,フィリピンの女性を待っていたと説明し,モリスを退任した.
モーリスさんは一日勤めたのに給料をもらって 家に帰ってきて 乗ったウーバーで帰ったのです
モーリスは 夫婦を訴えて 解雇の賠償を請求し 家庭での6ヶ月間の サービス費として 日に350ドルを請求しています
"こんなことはしない"と伝えたいと 思う"と彼女はコメントし "差別だと分かってる"と付け加えた.
夫妻は人種差別の疑惑に反応して 毛リュスを雇うのは理にかなったことだと主張しました 毛リュスは彼を傷つけたので 信頼できないと心配していたのです
 妻が言いたくないことを 送った
差別的なわけじゃない
"人種差別は行わない"と ポースト紙に語った
でも 子供を 虐待した人に 託しますか? 間違ってでも?
新生児ですか?
やってみよう
訴訟を強奪に例えたPlascoは,妻が2ヶ月前に赤ちゃんを産み,非常に難しい状況にあると主張した.
追いかける気はない
ビジネスバンカーは"これはあまり楽しいことではない"と付け加えた.
裁判は未だ進行中ですが 公共の意見の裁判所は ソーシャルメディア上で 事件の真相を明らかにし 事件の真相を非難しました
出版社側は 読者が話せるクマと 同情できないと懸念していた
出版の直後生まれた カーレン・ヤンケル氏は この手紙についてこう言いました "出版前に初めて読んだ人の立場に立つのは難しいです
パディントンの大成功の 知識は 面白い
作品の拒絶を胸に楽観的だったという.彼女は,本60周年記念は,去年彼の死後,甘苦しい味を持っていたと付け加えた.
パディントンは家族にとって とても大切な人だと 語り 更に父親は 彼の成功に 誇り高かったと語りました
"彼はとても穏やかな人でした 誇張はしなかった"と彼女は言いました
パディントンも実在していたので 子供が何かを成し遂げた時のように感じました 自分で成し遂げたことではないとしても 誇りに思うのです
パディントンの成功を 甘えていました
創作は彼の想像力によるものですが 功績はパディントン自身に 代えられています
娘が死にそうになり 電話で別れを言いなければならなかった
飛行機が着陸すると 娘は緊急にニースの病院に運ばれ 医師は命を救うために あらゆる手段を講じました
"ナードは定期的に電話をして状況がどれほど悪いかを説明していましたが,私たちは彼女がどうなったか予想していなかった"とエドナン・ラペルーズ氏は述べた.
ナンダが電話して すぐ死ぬと告げたんだ
そして私はそうしました
"タシ,愛してるわよ"
すぐに戻ってくる
私はあなたと一緒にいる.
医者が心臓の鼓動を抑えるために 投与した薬は 徐々に 消耗され 血液から排出されました
彼女は少し前に死んだの 全てが終わった
待ちわびました 待ちわびていたのは この出来事の 始まりでした
悲鳴をあげたり 泣き叫んだり できなかったのは 家族や周りの人たちで 囲まれてたからです
耐えられなくて ひどく苦しかった
エドナン・ラペルーズ夫人は 悲しみに打ちのめされ 他の乗客と 搭乗しました
 誰も知らなかったと彼女は言った.
首を低くしてずっと泣いていました
難しいけど 飛行機の旅で ナッドに思いやりが湧いてきた
私の愛と理解が必要だった
どれだけ愛していたか 分かっていた
橋の自殺防止のために 喪中した女性たちが ポストカードを貼る
恋人を自殺で亡くした2人の女性は 他の人たちが自殺するのを防ぐために 努力しています
ウェールズ橋に メッセージや電話番号を貼った ポストカードを掲示した
デイビス夫人の息子 タイラーは13歳で 鬱病で苦しめ 18歳で自殺しました
"私は,私が毎日 強制的に感じていることを, 両親に体験させたくない"と彼女は言いました.
45歳のリドニー出身のデイヴィスさんは 息子が有望なリーダーで 笑顔で伝染病を 患っていると語りました
 笑顔で有名だった
笑顔で部屋を明るくすると言われていた
しかし,彼は死ぬ前に仕事を辞めていました. なぜなら,彼はとても暗い場所にいるからです.
2014年 ティラーが自殺した後に 弟の弟が 弟を捜し出しました
デイビス氏は"私は常に 波及的影響が起きていると心配しています"
デイヴィス夫人はカードを作りました 友達でも 誰とでも話せる人達がいるということを 知らせるためです
黙ってはいけない 話す必要がある
デイヴィス氏の長年の友人で マークは母親の亡くなる直後に亡くなりました
"彼は落ち込んでいたとか 落ち込んでいたとか 言ったわけじゃない"
クリスマスの数日前,彼の態度が変わったことが分かりました
クリスマスに子供たちが プレゼントを開けると 彼は目をつけてくれなかった
両親は彼の死に 深いショックを受けましたが 立ち直る必要があると彼女は言いました "家族にとっては 心の傷が大きい"
破壊する
しかし,私たちは皆,前進し,戦う必要があります.
メールでjo@samaritans.orgにメールを送ったり サマリタンスのウェブサイトをご覧いただけます.
捜査が始まる頃には ブリット・カヴァナウの 未来が危機に瀕しています
"もし彼が求めているような, 期間限定の調査,範囲限定の調査を 実現できれば, 団結をもたらすかもしれない"と, フレーク氏は土曜日に述べ, 委員会は党派的な行き詰まりに 陥ってしまうのではないかと心配だと述べた.
なぜカヴァーナ氏や 共和党支持者は FBIの捜査を 望まなかったのか?
タイミングが悪いから 躊躇してる
期間の選挙は5週間後の11月6日に予定されています. 予想どおりに共和党が不当に敗れれば, 選挙人権は, 選挙で選ばれた最高法廷の候補者に 大きく弱まるでしょう.
ジョージ・W・ブッシュは電話をかけて 議員たちに支持するよう呼びかけました カバノ氏はブッシュ大統領に就任して ホワイトハウスで働いていた人物で 彼の妻アシュリーを 紹介してくれた人物で 当時彼の秘書でした
FBIが報告書を提出した後はどうなるのか?
共和党51名と民主党49名が 参議院で投票を控えています
議員のカバノウ氏が上院で50票以上を獲得し 副大統領マイク・ペンスは 投票を分割して最高裁で 支持できるかどうかは 明らかではありません
北朝鮮:脱走者数                                                                                                                                                                                                                              
7年前に金正恩が政権を握った以来 北朝鮮から南国への脱出者が減ったと 韓国の議員が述べた.
朴セグは南部の統一省のデータに言及し,2011年の2,706件から去年1,127件が脱走したと述べた.
朴氏は北朝鮮と中国の国境の 厳格化と 密輸業者の高値化が 重要な要因だと述べました
朝鮮政府は公然とコメントをしていない.
脱北した北朝鮮人の大多数は 韓国人として認められるでしょう
韓国政府は"953年に朝鮮戦争が終結して以来 3万人以上の北朝鮮人が 国境を越えたと報告しています"
朝鮮と国境を挟む中国を通過し 朝鮮と朝鮮の間で防備されている軍縮地帯 (DMZ) よりも 簡単に越える国です
中国政府は 脱北者を難民ではなく 不法移民と捉え 強制送還を繰り返しています
軍事的にはまだ戦争状態にある 北と南の関係は ここ数ヶ月で劇的に改善されました
先月,両国の首脳は平壌で会合し, 交渉が中止になった核廃絶交渉を中心に協議した.
これは,米国大統領ドナルド・トランプと金正恩が6月にシンガポールで歴史的な会談した後に起こりました. この会談で,彼らは,朝鮮半島の核軍縮に向けて 取り組むことを基本的には合意しました.
しかし,北朝鮮のリ・ヨンホ外務大臣は,米国による制裁が,北朝鮮の自衛に悪影響を及ぼしていると,土曜日に非難した.
合衆国に対する信頼がなければ,我々の国家安全保障に対する信頼もなくなる.そして,このような状況下では,我々が,一方的な軍縮を率先して行うことは不可能だ.
ナンシー・ペロシはカヴァーヌをヒステリーだと非難し 裁判長としてふさわしくないと訴えた
議会の少数派党首であるペロシは最高裁判官候補のブレット・カヴァナウを "ヒステリー"と呼び 性格の悪いせいで最高裁判官には適さないと宣言した.
インタビューのなかで 発言したそうです テキサス州オースティンにある "テキサス・トリビューン・フェスティバル"で
"もし女性がこんな風に 振る舞っていたら 狂ったような扱いになる"と 議員ペロシは 議員カヴァナフの証言に 反応する文で言いました
カバノウ氏は ティーンエイジャーだった時に クリスティン・ブラジー・フォード博士に 性的暴行をしたという 非難を否定しています
開幕演説で カーバナウは感情を強く表し 家族や高校時代のことを語り 泣き叫んで 窒息しそうになったこともありました
民主党議員を非難し 発言を"馬鹿げた 協調された暗殺"と 非難した 彼は 2016年の大統領選挙で ヒラリー・クリントンが 敗北したことに失望した自由派が 暗殺を仕組んだと非難した
裁判長ペロシは カバナウグの証言は 民主党に反対していることを示したとして 裁判長として適任でないことを証明したと主張しました
"彼の発言と クリントンと民主党の取り扱いに は自らを貶めていると思う"と彼女は言った.
選挙で承認されれば 民主党が議会で多数決をすれば 川野を退任させるかどうか 尋ねられたとき 佩ロシは躊躇した.
議会やFBIに真実を話さないと 最高裁で 働く資格がなくなり 裁判所の職にも 適さない"と 議員ペロシは言いました
現在,カヴァナフは DC巡回控訴裁判所の裁判官です
民主党人として,カバノウが"安価医療法"や"ロウ・対・ウェイド"を 否決するかもしれないことを心配しているとペロシは付け加えた.
起訴の確認の審問で カバノ氏は 裁判所の判決を覆す可能性について 議論を避けました
皮ロシは"今こそ 偏向的でヒステリックな人が 裁判所にやってきて "素晴らしい"と 言うのを待たせられる時ではない"と
そして女性たちはそれを利用しなければなりません
怒りを表す月も年も 溢れ上がり 涙が出ずに 表現できない
45年後,シュタインはこう言いました "怒っていると泣く"
 珍しいことじゃないわね
ある女性から 大きな助けを得ました 彼女は管理職で 怒ったら泣くという経験もありましたが 怒ったら泣くという 話し相手に こう言う方法を 開発しました "泣くから 悲しいと思うかもしれない"
怒っているわ
そして彼女は続けました
素晴らしいことだと思った
涙は怒りを消す手段として許されるのは 涙が根本的に誤解されているからなのです
私が最も記憶に残るのは 女性が男性に支配されたオフィスで 働いたときのことです ある時 涙がでて をこぼすほどに 怒っていた私は 冷たく冷たく 怯えた老人女性の首から 引っ張られ 階段に引っ張られました
"泣いてるのを見させないで"と彼女は私に言った.
 怒っているとは知らない
悲しいと思ってるし 幸せだって思ってる
民主党のカロラド州議会議員 パトリシア・シュローダーは ゲイリー・ハートと 大統領選挙の協力者でした
1987年,ハート氏が"モンキー・ビジネス"という船で 婚外交渉の渦中にいき,選挙活動から撤退した際, ひどく不満を抱いたシュローダーは,大統領候補を 探さない理由はないと 思った.
"これは熟慮した決断ではなかった"と 30年後 笑って言った
候補者は7人いて もう"人だけ足りない
"白雪姫と七人の矮小"って
キャンペーンが進んでいたので 募金が遅れてしまい 2百万ドルが集まるまでは 募金に参加しないと誓いました
戦闘は既に負けた
支持者の何人かは 男性に1,000ドルを寄付していたが 彼女に250ドルしか 寄付しないことに気付いたのです
"割引を受ける資格があると思ってるの?"と彼女は思いました.
公式選挙運動は行かないと 演説で発表した時 感情に圧倒された彼女は 支援してくれた人への感謝 資金調達や 選挙人ではなく 代表をターゲットにすることを 難しくしたシステムへの不満 そしてセクシズムに対する怒りを 感じて頭が乱れたのです
 緊張感を抱えていると思われたでしょう"と, 報道の反応について,シュローダー氏は述べました.
リーフレットが私のスポンサーだと思っていたでしょう
墓石に何を刻むのかと 思ったのを覚えています
"彼女は泣いた"って?
米国と中国の貿易戦争が 北京に利益をもたらすか
米国と中国との貿易戦争が 激しく始まったばかりで 紛争は まだまだ終わっていないものの 専門家によると 両国の対立は 長期的には北京に好機をもたらす可能性がある
米国大統領ドナルド・トランプは今年初めに 初の警告を発し 中国からの主要輸出品に 課税しました その中には ソーラーパネルや 鉄鋼やアルミニウムも含まれます
最も大きな上昇は今週で 200億ドル (約1500億ポンド) の商品に 新関税が課され,米国に届く中国産品の半分に 関税が課された.
北京は反撃の仕方で 繰り返し反応し 最近では 5~10%の関税を 引き上げました 輸入品の価値は6000億ドルにも達します
中国は米国に追いつくことを約束しており 世界第2位の経済大国が すぐ崩壊する気は無い
ワシントンを退かせることは 要求に屈服することですが 公開的にアメリカに屈服することは 習近平を恥ずかしくさせるでしょう
しかし専門家たちは 北京が正しい役割を果たせるなら 米貿易戦争から生じる圧力は 長期的な好影響として 双方の経済間の相互依存を 縮小する可能性があると 考えている.
"ワシントンや北京の政策決定が 各国経済に 低迷をもたらすという事実は 観測者達が以前から認識していたよりも 危険だ"とアジアを中心とする研究員アビゲイル・グレースは Center for New American Securityの シンクグループに語った.
シリアは難民の帰還に"準備"していると外務大臣は述べています
シリアは難民の自主的な帰還に備え シリアは7年以上の戦争で荒廃した国を再建する援助を要請した.
ワリド・アル・ムワレム外務大臣は国連総会で演説し 国の状況は改善していると述べた.
 テロとの戦いの進展により,今,状況はより安定し,安全になった.
政府がテロによる被害の修復を 継続中です
難民の自発的帰還の条件は 完全に整っている テロリストや 単独の経済政策が 難民の日常生活や 生活の基盤を 破壊し 強制的に逃げた国へ
国連の推定では2011年にシリアが紛争に巻き込まれた以来 およそ550万人が 国を離れています
難民の6百万余りが 支援を必要としています
シリア政府は破壊された国の再建に 支援を歓迎するとアル・ムアラームは述べました
しかし,彼は,反乱を支援する国からの条件付きの援助や援助は受け入れないと強調した.
ヨーロッパのライダーカップ優勝
ヨーロッパチームは,パリ近くのゴルフ・ナショナルで,アメリカチームを16.5対10.5で勝利し, 2018年ライダーカップの優勝を果たした.
アメリカはヨーロッパで 6連敗し 1993年以降ヨーロッパで ライダーカップを 優勝していない
デンマークのトーマス・ビヨン監督のチームが 14.5ポイントの勝利を収め,ヨーロッパが優勝を果たしました.
アメリカ人スターのフィル・ミッケルソンは,トーナメントのほとんどを苦しめ,16番の3番の穴で,スタートを水に投げ,フランチェスコ・モリナリーに負けた.
イタリアのゴルファーであるモリナリは,すべてのラウンドで卓越し,現在のトーナメントの形式以来,5-0-0を達成した4人の選手のうちの1人となった.
ジョージ・スピースは5対4で デンマークのトロビヨーン・オレスンに敗れた
世界一のゴルファーであるダスティン・ジョンソンは 2対1で敗れた. イングランド人のイアン・ポルターに敗れた.
8回のライダーカップの経験を持つスペインのセルジオ・ガルシアは,生涯25.5ポイントで,ヨーロッパチャンピオンとなった.
普段は泣かないけど,今日は泣いてないよ.
動揺した1年でした
トーマスが私を選び 私を信じてくれたことに 本当に感謝しています
杯を手に入れて 幸せよ
チームこそが大事で,チームを助けることができたのは嬉しいことだ"と,欧州の勝利を振り返ったガルシアは感動的に語った.
優勝は同胞のジョン・ラムに譲ります 彼は先日,アメリカのゴルフ・伝説の タイガー・ウッズを2 - 1で倒した
"タイガー・ウッズに勝ったことを誇りに思う" "この人を見て育った"
フランスの4試合で敗れたウッズは,ライダーカップで13-21-3の記録を保持している.
驚くべき統計です. 史上最高のゴルファーで, 14のメジャー・タイトルを獲得した. ジャック・ニクラウスに次ぐ.
週末を通してアメリカチームは フェアウェイを捜し回りましたが パトリック・リード,ジャスティン・トーマス,トニー・フィナウは 試合を通して高級ゴルフをしていました
チームでの失望の表彰の後,アメリカの隊長ジム・フーリクはこうコメントした: "私は彼らのことを誇りに思う.彼らは戦った.
今朝はヨーロッパに圧力をかけました
諦めた
トーマスに帽子
彼は偉大な船長だ
12人全員が 素晴らしいプレーをした
再び団結し PGA of Americaと ライダーカップ委員会と 協力し 前進します
12人全員に憧れ 隊長になれた
身をかがめるしかない
               
ピンレス,マナテ,サラソタで 濃度が下がる
魚類と野生生物のフロリダ州委員会からの最新の報告は タンパ湾の地域の部分で 赤い潮の総量減少を示しています
CPFによると ピンネラス,マンティー,サラソタ,シャーロット,コリアー郡では 異常な花開き状況が報告されており 減少が懸念されています
紅潮はピネラスの北からリー郡の南まで 約209km (130マイル) の海岸をカバーします
島はヒルズボロ郡から 10マイル離れたところにあるが 先週より少ない場所にある
赤い潮はパスコ郡にも発生しました
ピンネラス郡内や沖の温度の低い濃度, ヒルズボロ郡の低濃度から高濃度, マナティ郡の高濃度, サラソタ郡の底や沖の高濃度, シャーロット郡の中濃度, リー郡の底や沖の低濃度, コリアー郡の底や沖の高濃度です
呼吸器炎の症例は ピンネラス郡 マナティ郡 サラソタ郡 リー郡 コリア郡で 続いています
呼吸器が不調なのは過去"週間 フロリダ州北西部で 報告されていません
