Les populistes de droite triomphent en Autriche, ont un total de 29%
Selon les premiers résultats préliminaires des élections législatives anticipées en Autriche ont entraîné un affaiblissement perceptible des deux partis de la grande coalition actuelle et un coup de pouce significatif pour les partis populistes de droite.
Le Parti populaire autrichien (ÖVP), où la position du chef actuel, Wilhelm Molterer, est gravement bouleversée, a subi des pertes particulièrement importantes.
En revanche, le chef de campagne de l’Alliance pour l’avenir de l’Autriche (BZÖ), le gouverneur carinthien Jörg Haider, prépare un retour triomphant à la politique nationale.
Selon les résultats préliminaires, le Parti social-démocrate (SPÖ) reste le plus fort du pays avec 29,8 pour cent des voix, mais il a perdu 5,5 pour cent des voix depuis les dernières élections en 2006.
L’ÖVP, qui, avec ses 25,6 pour cent, perd près de neuf pour cent des voix, a fait encore pire.
Ce sont les pires résultats des deux grands partis de l'histoire de l'après-guerre autrichienne, et en particulier pour le Parti populaire, qui a appelé à des élections anticipées, c'est littéralement un résultat catastrophique.
Au début du mois de juillet, lorsque l’ÖVP a quitté la coalition, le Parti populaire a toujours eu un leadership significatif sur le SPÖ dans les sondages.
Les électeurs, cependant, les ont apparemment punis pour avoir laissé tomber le gouvernement.
Dans les premières réactions aux résultats, il y avait déjà des spéculations sur la possible démission du chef du parti et de l'actuel vice-chancelier Wilhelm Molterer.
Les observateurs prévoient que cela pourrait avoir lieu dès lundi lors de la réunion extraordinaire de la direction du parti.
Un tel développement simplifierait certainement le chemin vers le recours de plus en plus probable des résultats électoraux, c’est-à-dire le renouvellement de la grande coalition du SPÖ et de l’ÖVP.
Compte tenu du renforcement des deux partis populistes de droite - le Parti de la Liberté (FPÖ) a obtenu un prélèvement de 18% et le BZÖ onze% des voix - cependant, en même temps, les sociaux-démocrates ont exprimé la crainte d'une répétition de l'année 1999, lorsque le Parti populaire a convenu avec les populistes (le FPÖ était encore un à l'époque, il a rompu avec le BZÖ en 2005) sur un gouvernement commun, ce qui a finalement provoqué des sanctions de l'Union européenne.
Haider, qui a déjà annoncé qu’il est prêt à travailler avec n’importe quel parti et suppose qu’il retournera à Vienne dans la politique nationale, est évidemment en train de se préoccuper de cette évolution.
Le Parti des Verts est également entré au parlement, mais a subi une légère perte et est tombé de la troisième à la cinquième place parmi les partis politiques autrichiens.
Evidemment, aucun des autres partis n’a dépassé la barre des quatre pour cent et n’est entré au parlement.
Schwarzenberg: les relations avec l'Inde pourraient s'aggraver
Selon le ministre des Affaires étrangères Karel Schwarzenberg, s’il n’est pas possible de résoudre le problème des scientifiques tchèques accusés en Inde de la collecte illégale de boucs, une certaine détérioration des relations tchèque-indienne pourrait avoir lieu.
Le ministre a fait cette déclaration à New York à la suite de sa rencontre avec son homologue indien, Pranab Mukherjee.
"Si elle n'est pas résolue, alors oui, alors une certaine détérioration se produirait", a-t-il déclaré à l'issue de la réunion initiée du côté tchèque.
Après les négociations, Mukherjee a déclaré qu'il était difficile pour la branche exécutive d'intervenir dans les affaires judiciaires.
Néanmoins, il a déclaré que dans le cas de Petr Švácha, qui a été libéré des charges et pénalisé avec une amende, le gouvernement central peut négocier avec le gouvernement local de Darjeeling, sous la juridiction de laquelle la question appartient.
« Son problème pourrait être résolu », a déclaré le ministre.
Selon Mukherjee, il serait préférable pour Emil Kučera, condamné à trois ans de prison, de faire appel aux autorités supérieures.
Il peut alors demander à être libéré sous caution et attendre le verdict en dehors de la prison, a-t-il expliqué.
Schwarzenberg a confirmé que son partenaire l'avait également dit lors des négociations.
"Il recommande de faire appel à une juridiction supérieure, puis il serait possible de le pardonner", a déclaré le chef de la diplomatie tchèque.
La seule façon pour la partie tchèque de s’impliquer dans l’ensemble de la question est de fournir aux personnes condamnées un « soutien juridique compétent », a déclaré le ministre indien.
Dans le même temps, il a déclaré que la partie indienne leur fournit déjà une aide de ce type.
"C'est dans notre plus grand intérêt de maintenir les meilleures relations avec l'Inde, qui a une longue tradition.
Les Indiens le reconnaissent aussi », a déclaré Schwarzenberg.
Dans le même temps, comme il l’a dit à l’agence de presse tchèque, il a souligné devant son partenaire que la République tchèque accordait une grande importance au problème des entomologistes tchèques.
"Nous considérons vraiment l'arrestation et l'accusation de ces scientifiques tchèques comme une grave erreur", a-t-il déclaré.
Le ministre a évité de répondre à la question de savoir s'il avait reçu une promesse de la part indienne de poursuivre la question.
Il a simplement déclaré : « J’ai déjà reçu assez de promesses. »
Les électeurs tchèques se battent pour le fond de l'océan
Il se dirige vers la carte murale électronique représentant l'Australie et les zones marines environnantes.
Cependant, il n’est pas intéressé par le continent, mais par un petit point perdu dans le bleu de l’océan.
« Cette île, et avec elle le fond de l’océan qui l’entoure, appartient à l’Australie.
Dans le même temps, la zone est aussi grande que le continent lui-même », explique l’avocat italien Luigi Santosuosso, qui appartient à l’équipe de trente employés de la Division des affaires océaniques et du droit de la mer de l’ONU.
Son patron, le directeur de division, l’avocat tchèque Václav Mikulka, suit ce qu’il dit et ajoute occasionnellement quelque chose.
Le zeste et l’enthousiasme pour le travail dominent ici.
Le fond de l’océan abrite un monde si peu connu, riche en ressources naturelles.
Il est possible de trouver de l’huile, des mines et d’autres minéraux, mais aussi des organismes vivants jusqu’à présent inconnus qui détiennent la clé, par exemple, pour le développement d’un remède contre le cancer.
Un sol plus grand que le continent
Les pays côtiers ont aujourd’hui commencé à rivaliser vehement pour le nouveau territoire sous-marin.
C’est-à-dire, selon un accord de l’ONU, ils utilisent les droits qu’ils ont convenus en 1982 à Montego Bay, en Jamaïque.
C'est principalement la zone de la soi-disant plate-forme continentale, qui atteint souvent plusieurs centaines de kilomètres de la côte d'un pays donné.
Selon l’accord, ce pays a le droit exclusif à toutes les ressources de la plate-forme continentale.
En termes simples, la plate-forme continentale est considérée comme la partie du fond de l'océan qui est la continuation naturelle du continent sous la mer et de son substrat.
Il a atteint au-delà du bord de la mer côtière, souvent même au-delà du bord des deux cents milles nautiques de la zone économique exclusive», explique Mikulka.
La demande que le pays soumet à la Commission sur les limites du plateau continental doit être soutenue par une documentation scientifique et technique fondée sur de nombreuses enquêtes et mesures coûteuses.
Il est le résultat de nombreuses années de travaux préparatoires.
« L’un de nos rôles est de fournir à la commission une assistance technique juridique et spécialisée.
Jusqu’à présent, la Commission a examiné cinq demandes, de la Russie, du Brésil, de l’Australie, de l’Irlande et de la Nouvelle-Zélande.
Seuls les trois derniers de ces pays ont réussi jusqu’à présent », ajoute Mikulka.
Récemment, le succès de l’Australie, qui a été la première à étendre son domaine sous-marin, a été enregistré dans le monde entier.
Mais la Nouvelle-Zélande a également gagné - la superficie du fond de l'océan que la commission lui a accordée est d'environ 1,6 million de kilomètres carrés, c'est-à-dire environ six fois la taille du pays lui-même.
Les deux pays ont investi des millions de dollars dans l'enquête.
Les bénéfices qui résulteront de l’utilisation du fond de l’océan dans le futur seront, espèrent-ils, inestimables.
D’autres pays vont également soumettre progressivement leurs demandes.
Ils ont jusqu’à dix ans à compter du moment où ils ont ratifié l’« Accord de Montego Bay » pour le faire.
Là où se termine l’échafaudage continental, commence la zone du fond de l’océan déclarée par l’accord comme « patrimoine commun de l’humanité ».
Aucun pays n’a plus de position exclusive.
Les droits d'exploitation minière dans ce domaine sont accordés par l'accord établi par l'institution internationale.
"Mais le fond de l'océan n'est pas Klondike", dit le réalisateur Mikulka exagérément, ajoutant que ses "territoires individuels sont légalement clairement délimités et leur régime est ancré dans des contrats".
Les Tchèques dans le Pacifique
Une partie du fond de l'océan appartient actuellement à la République tchèque.
Il la partage avec d'autres pays de l'ancien bloc de l'Est dans le cadre de l'organisation commune "Interoceanmetal".
Par accord, cette organisation, comme les investisseurs de plusieurs petits autres pays, a obtenu le statut d’« investisseur pionnier » en 1991.
Il est autorisé à faire des mines dans la zone ClarionClipperton dans l'océan Pacifique, qui se situe entre le Mexique, Hawaï et Kiribati.
La zone étudiée par l’investisseur est légèrement plus grande que l’ancienne Tchécoslovaquie.
Le fond de l'océan est rugueux, c'est une sorte de modèle sous-marin des montagnes des Tatra.
« Il est possible d’y exploiter des mines sur une superficie totale de 75 000 kilomètres carrés.
La région est un endroit riche pour la collecte de bétons métalliques contenant du nickel, du cuivre, du cobalt et du manganèse », explique un autre avocat, Pakshi Rajan d’Inde.
L’avocat macédonien de la division, Rober Sandev, apporte une telle concrétisation à démontrer.
Il ressemble à une petite pomme de terre ou, avec un peu de fantaisie, au schéma mythique, qui, selon la légende, a donné vie au Golem.
Les forces spéciales allemandes au secours des otages
Pour résoudre la crise des otages, le gouvernement égyptien avait demandé de l'aide à l'Allemagne - qui a envoyé des experts.
Quand la poussée est venue à pousser, les forces spéciales étaient prêtes, mais leurs services n'étaient pas nécessaires à la fin.
De plus en plus de détails apparaissent sur les circonstances entourant la libération des onze touristes européens enlevés en Égypte.
Selon les ministères fédéraux de la Défense et de l'Intérieur, les forces spéciales allemandes ont indirectement participé à la mission de sauvetage.
Des spécialistes des Forces armées fédérales (Bundeswehr) et des membres de la police fédérale allemande (Bpol) et de ses unités spéciales GSG 9 et de la garde aérienne étaient présents au secours, ont déclaré lundi soir des porte-parole des ministères, ainsi que des membres du Bureau fédéral de la police criminelle (BKA) et des experts logistiques de l'Agence de secours technique (THW).
Les forces allemandes n'étaient pas nécessaires, cependant, ils ont dit, parce que les capteurs ont abandonné leurs otages et ont fui quand ils ont pris conscience que les otages étaient sur le point d'être libérés par la force.
Le gouvernement égyptien avait accepté l'aide offerte par l'Allemagne pour compter sur les forces allemandes comme sauvegarde pendant l'opération.
"Heureusement, ce n'est pas arrivé", a déclaré un porte-parole du ministère fédéral de l'Intérieur.
Le groupe de voyage, composé de cinq Allemands, cinq Italiens, une femme roumaine et leurs huit compagnons égyptiens, avait été embusqué et enlevé le 19 septembre dans le sud de l’Égypte.
Après leur enlèvement dans une région désertique dans le sud de l’Égypte, les otages avaient été transportés de l’avant vers l’extérieur dans la région frontalière entre l’Égypte, la Libye, le Soudan et le Tchad.
À ce jour, l’identité des enlèvants reste inconnue, tout comme les détails sur le sauvetage ou sur les éventuelles rançons.
Les anciens otages sont arrivés en toute sécurité au Caire.
Le ministre allemand des Affaires étrangères, M. Steinmeier, a déclaré qu'ils avaient été confiés à l'ambassade d'Allemagne.
Il n'a pas commenté les détails du sauvetage.
A Berlin, aucune information immédiate sur leur retour en Allemagne n'a été donnée.
Selon le journal allemand Bild, les cinq touristes et les forces spéciales vont embarquer sur un Airbus de l'armée de l'air allemande, qui devrait arriver en Allemagne mardi.
La Chambre des représentants des États-Unis rejette le bailout
Le plan de sauvetage de 700 milliards de dollars pour les marchés financiers a échoué à peu près dans la première des deux chambres du Congrès américain.
Le Dow Jones s’est mis à l’écart.
Avec 227 voix contre 206, la Chambre des représentants des États-Unis a rejeté le plan de sauvetage du gouvernement pour les marchés financiers.
Malgré tous les appels du président George W. Bush et de hauts responsables des deux partis, aucune majorité n’a été atteinte pour le programme destiné à contenir le chaos sur les marchés financiers.
Dans une campagne dramatique, les partisans ont fait des tentatives désespérées de convaincre les critiques des mérites du plan de 700 milliards de dollars.
Barney Frank, l'un des principaux négociateurs démocrates, avait appelé les représentants à l'approbation, même si c'était un plan impopulaire.
"Il est difficile d'obtenir l'approbation politique pour la prévention de quelque chose qui n'est pas encore arrivé", a-t-il reconnu.
Alors que le vote était encore en cours, le Dow Jones a connu une baisse de plus de six pour cent, soit 600 points.
Il a été causé par les préoccupations des investisseurs que le sauvetage du gouvernement pourrait échouer.
Elle s’est rétablie peu de temps avant la fin du vote, seulement pour prendre un nouveau nas-dive lorsque le rejet a été rendu public.
Les experts s’attendent à de nouvelles turbulences sur les marchés financiers internationaux.
Pour que le plan soit mis en œuvre, il faut l’approbation de la Chambre des représentants et du Sénat.
Les agences de voyages annoncent une hausse des réservations
Ce sera un bon hiver pour les agences de voyages allemandes, évidemment:
Un sondage indique que le chiffre d'affaires des réservations pour les mois à venir a augmenté de manière significative par rapport à l'année précédente - pour la saison hivernale, même de 30 pour cent.
Malgré les perspectives d'une économie faible, l'appétit des Allemands pour voyager reste intact, selon un sondage.
Pour les réservations durant la saison hivernale, les agences de voyages ont enregistré une augmentation du chiffre d'affaires de 31% par rapport à la même période de l'année précédente, a rapporté lundi à Berlin l'Association allemande des voyages (DRV).
Selon la société de recherche de marché GfK, les réservations ont également augmenté au cours des mois d’automne.
Les agences de voyages avaient enregistré une augmentation du chiffre d'affaires d'environ onze pour cent en octobre par rapport à 2007, selon le DRV.
Les résultats sont basés sur les chiffres de GfK, qui traite les données de réservation de 1200 agences de voyages allemandes chaque mois et les utilise pour faire des projections pour le marché dans son ensemble.
Les réservations de voyages effectuées jusqu'en août 2008 sont incluses.
En raison d'un dollar faible, surtout les voyages aux États-Unis étaient en demande, a déclaré le DRV.
Dans ce domaine, les réservations avaient augmenté d'environ un tiers, a-t-il dit.
En outre, il a souligné l’Espagne, la Turquie et la Grèce comme étant populaires parmi les Allemands, ainsi que les régions nationales.
Les voyages tout compris étaient particulièrement recherchés, a déclaré le président de la DRV, Klaus Laepple.
À la lumière de l’augmentation des prix de l’énergie et des denrées alimentaires, leur coût était « plus calculable pour les clients que celui des vacances organisées individuellement », a déclaré Laepple.
Les consommateurs pourraient économiser de l'argent grâce à des réductions prématurées ou tout compris, entre autres, a déclaré Laepple.
Parce que les mois d'été avaient été très bien réservés, il y aurait une autre augmentation du chiffre d'affaires par rapport à l'année précédente, a-t-il dit - bien qu'une autre enquête rapporte que le nombre de voyageurs allemands a chuté par rapport à l'année précédente.
La première fois à l'Oktoberfest
Hits de printemps-break et après-ski en mode répétitif, bière à partir de casseroles d'un litre et célébrités dans le designer Dirndln.
Le Wiesn débute.
Techniquement, Susanne Kronzucker et moi n’avons pas grand-chose en commun.
Elle est blonde, une hôte de télévision et porte un Dirndl sur mesure.
J'ai les cheveux noirs, je suis étudiante, et ma robe est de seconde main.
Mais il y a une chose qui nous relie: nous sommes à Wiesn depuis à peine trois minutes, et déjà les photographes se rassemblent autour de nous et se détachent, remplissant leurs cartes mémoire - très flatteur, et c'est ma première visite à Wiesn, pour démarrer.
C’est comme ça que tu fais des amis.
L’ancien dirigeant semble faire son boulot.
Pour un touriste de Wiesn généralement basé au nord de l'« équateur de Weisswurst », ce sentiment confortable portant un costume traditionnel bavarois avait laissé beaucoup à désirer à ce jour.
Mais une fois arrivé à Theresienwiese, ce n'est pas aussi mauvais que tout cela.
Presque tout le monde porte Dirndl ou Lederhosn; personne ne semble dégoûté ou embarrassé - c'est tout à fait normal.
Seul mon apron Dirndl a attiré des regards étranges sur le vendeur de chocolat-banane.
Une femme de Munich m’a fait remarquer que j’avais attaché le voile de la mauvaise façon : « Disponible à gauche, vierge au milieu, engagée à droite, veuve derrière ».
Fouillant, je tire mon apron de derrière vers la gauche.
« Regardez bien, dit-elle, et elle rit.
D'autres sont moins préoccupés par les techniques de flirt subtiles et portent des chapeaux simples qui disent "Trop ivre pour s'habiller" et, sans inciter, montrent aux gens leur nue derrière.
Le jeune homme avec l’attitude exhibitionniste s’appelle Bob, il vient d’Angleterre, et c’est aussi sa première fois à l’Oktoberfest.
Il le trouve « magnifique », avec un « ohooo » allongé.
Il me le dit juste après s’être débarrassé de la « Maß » qu’il avait auparavant.
Juste à côté de l'un de ces feux d'artifice que tout le monde se trompe pour les déchets.
Donc Bob est l'un de ces infâmes "Wildbiesler".
D'autres ne sont pas assez chanceux pour perdre l'alcool de cette façon.
Allez à huit heures dans la nuit, des dizaines de paramédicaux envahissent l'emplacement, soignant les pauvres bingers.
Les médicaments apparaissent toujours en paquets - il y en a toujours quatre à la fois, portant un étireur couvert de tente en tente.
Il fonctionne comme avec la plupart des visiteurs de Wiesn: quand il est vide, ils sortent, et quand il est plein, ils reviennent.
Vous ne voyez pas qui est à l'intérieur des coffres du BAC.
"Ce sont ceux qui ne peuvent plus prendre", a crié l'un des médecins quand je lui ai demandé, disparaissant dans la foule.
Victime d'accident nommée par la police
Une femme piétonne de 63 ans qui est morte à l'hôpital après avoir été frappée par un véhicule à Essex a été nommée.
Carole Paulson, de Chelmsford Road à Brentwood, a été impliquée dans l'accident vendredi après-midi sur Shenfield Road dans la ville.
Elle a été emmenée à l'hôpital de la Reine, à Romford, mais est décédée plus tard.
Après l'accident, un homme de 51 ans a été arrêté pour soupçon de conduite négligente.
Il a depuis été libéré sous caution policière.
La Turquie élargit ses horizons diplomatiques
Bien avant que la Turquie ne cherche à rejoindre l’Union européenne, les puissances européennes étaient désireuses de pénétrer profondément dans l’arrière-pays de la Turquie.
Sur le côté est du Bosphore, peut-être à seulement 20 marches en Asie, se trouve l’une des plus belles reliques de cette ambition impériale échouée.
La gare de Hydarpasha a été conçue par deux architectes allemands, Otto Ritter et Helmut Conu, dans le style néo-renaissance.
C'est du moins ce que les guides vous disent.
Le bâtiment se trouve à l'avant-garde des plates-formes avec une tour à chacun de ses coins avant qui regarde le monde entier comme une mairie allemande provinciale.
La pierre est sale.
L’ensemble du bâtiment s’effondre légèrement.
Mais une fois à l’intérieur du bureau des billets, il n’y a aucun doute sur la grandeur de l’entreprise dont c’était la porte d’entrée la plus occidentale.
La gare a été inaugurée en août 1908 par un consortium allemand, l'Anatolie-Baghdad Corporation.
L’Allemagne, un retard dans le jeu impérial, avait l’intention de réaliser ses ambitions de dominer le Moyen-Orient à travers ce chemin de fer qui mène à Damas, à Bagdad et au-delà dans ce qui est aujourd’hui l’Arabie saoudite.
Mais les ambitions impériales de l'Allemagne ont été fondées pendant la Première Guerre mondiale.
Ses voies ferrées furent attaquées par Lawrence d'Arabie et ses irréguliers arabes.
L’isolement relatif de la région environnante, engendré par les frontières gelées de la guerre froide, a disparu.
Les forces britanniques et dominion avancèrent hors d’Égypte et poussèrent les Turcs et leurs alliés allemands hors de Palestine et de Syrie.
Et il y a eu de mauvaises nouvelles pour la gare de Hyderpasha aussi.
En 1917, un train de munitions explose détruisant son toit élaboré.
Selon des sources turques, il s’agissait d’un sabotage.
Depuis lors, elle s’est progressivement déformée, en grande partie contournée par l’histoire.
Mais aujourd’hui, cette passerelle ferroviaire vers l’Anatolie et tous les points à l’est, sert – au moins symboliquement – à mettre en évidence les horizons diplomatiques élargis de la Turquie.
Le Parti de la Justice et du Développement (AKP) au pouvoir a élaboré une toute nouvelle politique étrangère pour le pays.
L’isolement relatif de la région environnante, engendré par les frontières gelées de la guerre froide, a disparu.
Maintenant, il y a une nouvelle politique d’engagement.
Notamment, le gouvernement turc a de bonnes relations avec Israël et la Syrie, avec les factions palestiniennes du Hamas et du Fatah, avec l’Irak et l’Iran et bien sûr avec l’Union européenne et les États-Unis.
Pour mesurer les paramètres de cette nouvelle politique étrangère, j’ai pris le coucher de nuit à Ankara, la capitale turque, pour visiter l’un des principaux experts en politique étrangère de l’AKP, le député turc Suat Kiniklioglu.
Le lendemain matin - environ dix heures et demie plus tard - après une randonnée émouvante le long des pistes qui ont produit les cadences du vieux monde du célèbre documentaire The Night Mail, je suis arrivé dans la capitale turque - proposée comme une nouvelle ville pour un nouvel État laïque ayant l'intention de tourner le dos au passé ottoman.
Mais l’AKP avec ses racines islamistes bien connues représente un changement de paradigme dans le consensus turc.
Cela a suscité une certaine suspicion en Occident, notamment à Washington.
Un taxi m'a emmené au siège de l'AKP, une structure de pierre et d'acier ultra-moderne - construite à des fins spécifiques - dans une banlieue en développement, entourée de centres commerciaux semi-construits et de pâtisseries où des gestionnaires intermédiaires en costumes d'affaires - hommes et femmes - se sont rencontrés pour faire des affaires tôt le matin.
Suat Kiniklioglu aurait pu être un homme politique de centre-droite de presque n’importe quel autre parti politique en Europe.
C'est vrai, je suis sûr qu'il a même fait un Blackberry.
« L’objectif de la politique étrangère du parti est maintenant de réintégrer la Turquie dans son voisinage immédiat.
La guerre froide était une anomalie », m’a-t-il dit.
La Turquie a été coupée de son arrière-plan.
Aujourd’hui, il fallait regarder à l’est et à l’ouest en même temps.
Ce n'était pas le cas de l'un ou de l'autre.
Il fallait faire les deux.
"Mais certainement à un moment donné", ai-je demandé, "la Turquie pourrait-elle être obligée de choisir?"
"La Turquie", a-t-il dit, "ne voulait pas devoir faire face à ce choix".
Il a ensuite souligné un point que presque tout le monde avec lequel j’ai parlé ici a récité presque par ruse : les liens de la Turquie, non seulement avec le Moyen-Orient, mais avec le Caucase, et autour de la mer Noire, sont autant au bénéfice de l’Europe et des États-Unis qu’ils sont avec la Turquie.
Avec la Turquie à bord, le message semble être, l’Europe dans son ensemble peut métaphoriquement rouler ces lignes de chemin de fer vers l’est en direction de l’Asie et du Moyen-Orient.
De retour à la gare d’Hydarpasha, après une autre nuit largement sans sommeil, j’ai pensé à ces deux messieurs allemands, Herr Ritter et Herr Conu, qui avaient vu ce bâtiment se construire il y a 100 ans.
Comme ils auraient été surpris de constater que les ambitions de l’Europe au Moyen-Orient pourraient maintenant, en grande partie, être entre les mains de la Turquie.
Et alors que j’attendais au terminal que le ferry me ramène à travers le Bosphore, je me suis souvenu que, à cette époque, la Turquie avait toujours été appelée « l’homme malade de l’Europe ».
Ensuite, au moins, il ne semblait pas y avoir beaucoup de doute sur le continent à revendiquer pour ce pays fascinant.
Lives remembered : Vernon Handley et William Woodruff
Mark Brown écrit: En tant que directeur musical de Guildford à partir de 1962, Vernon "Tod" Handley (obituaire, 11 Sept) a été chargé de l'Orchestre Philharmonique de Guildford et du Choeur.
Dans le cadre de son programme musical pour le quartier, l’année suivante, il fonde son merveilleux chœur de jeunesse, Proteus.
Il était censé être pour les moins de 21 ans, mais au moment où le Proteus chantait sa finale en 1979, plusieurs d'entre nous étaient à la fin de nos 20s - nous avons simplement refusé d'abandonner le chœur.
Le nom "Proteus" (le changeur de forme mythologique) représentait la volonté et la capacité du choeur de s'attaquer à toute musique qui lui était présentée, que ce soit madrigal ou Messiaen, que ce soit sans accompagnement ou avec un orchestre complet.
La versatilité musicale produite par un tel choeur de jeunes était souvent étonnante, toujours passionnante, et tout cela à cause de l’inspiration de cet homme et de l’enthousiasme pour la musique qui restait absolument constant au fil des ans.
Combien de fois nous a-t-on dit de "laisser la musique parler pour elle-même".
Il aurait dit : « Le compositeur sait ce qu’il veut.
Tout est là dans la musique.
Alors chantez ! »
Sa technique de baton était absolument claire et précise, mais jamais dictatoriale, ni fluide.
Quel que soit le niveau musical, il l’a toujours élevé.
John Frayn Turner a écrit :
Si un conducteur devait être chevalier, c’était Vernon Handley.
Je le connaissais bien pendant les deux décennies où il a dirigé la Guildford Philharmonic de 1962 à 1982.
Au cours des 40 dernières années, j'ai examiné plus de 100 de ses concerts et je peux honnêtement dire que je n'ai jamais été déçu d'un seul - et plusieurs fois inspiré par eux.
Tod Handley avait cette combinaison rare de grandeur et de modestie personnelle.
Il détestait les dirigeants qui, selon lui, « ont simplement accroché un ou deux chevaux de guerre bien connus dans le monde entier ».
Il va nous manquer à tant d’entre nous.
par William Woodruff
Le professeur John Beckett écrit :
Votre obituaire de William Woodruff (25 septembre) indique que « en 1946 il a repris l’histoire économique à Oxford et en 1950 il est devenu un Fellow de recherche Houblon-Norman... tout en étudiant simultanément pour un BSc, un MA et un doctorat ».
Cela découle de la note de l'auteur de Woodruff dans Beyond Nab End, mais ce n'est pas correct.
De 1946 à 1953, il a été conférencier en histoire économique à l'Université de Nottingham, au cours de laquelle il a terminé une thèse de doctorat sur l'industrie britannique du caoutchouc, supervisé par le professeur J. D. Chambers, puis publié en 1958 sous le titre The British Rubber Industry.
Il a passé 1950-51 aux États-Unis sur une bourse Houblon-Norman, et l'été 1952 aux universités de l'Illinois, Harvard et New York.
En 1953, il quitte Nottingham pour l'Illinois.
Pourquoi Woodruff a choisi de briller sur cette partie de sa carrière est inconnu.
J. Vincent Resino à la Faculté de Philologie
« Je recommande l’exposition de José Vicente Resino « Flamenco y vida », car ses photographies en noir et blanc, prises dans le style documentaire, sont extraordinaires.
Les photos ont attiré mon attention en raison de leur simplicité et de la puissance qu’elles transmettent, traitant toujours les sujets avec une attention particulière.
Un spectacle qui fait preuve de profondeur.
Resino est capable de capturer des moments magiques. »
Deuxième coup de foudre pour les super-ventes de Honda
En novembre prochain, Honda lancera la commercialisation de la deuxième génération du modèle Jazz.
Si le modèle précédent était déjà caractérisé par une grande habitabilité, ce nouveau minivan a un espace intérieur plus large.
En outre, il est équipé d'une mécanique fine qui augmente le confort de conduite et permet d'économiser du carburant.
Evolution au lieu de révolution.
Il s’agit de la deuxième génération de Honda Jazz.
Alors que esthétiquement le nouveau Jazz ressemble au modèle précédent, les modifications apportées au minivan sont nombreuses.
Parmi d’autres, il convient de souligner son design innovant, sa nouvelle plate-forme, sa taille plus grande et sa mécanique assez nouvelle.
Quoi qu’il en soit, avant de passer à l’analyse du nouveau modèle, il peut être utile de souligner que ce nouveau Jazz n’arrive que six ans après l’entrée de la première génération.
Par conséquent, une première observation devrait considérer que Honda a renouvelé ce modèle plus rapidement que les autres entreprises le font habituellement.
Même si le modèle Jazz est moins connu en Europe que sur d’autres marchés, il reste un phénomène en termes de ventes.
C’est le cas du Japon, où le Jazz a été la voiture la plus vendue en 2002 et en 2008.
Près d’un million d’unités de Jazz ont été vendues depuis le lancement du modèle.
Le deuxième marché était le Vieux Continent, avec environ un demi-million d’unités vendues en six ans.
Malgré ces chiffres, Honda estime que ce nouveau Jazz augmentera encore plus ses ventes dans le segment.
Ainsi, si en 2007 la société japonaise a vendu un total de 83 000 unités de ce modèle, en 2009 elle estime qu'il sera d'environ 100 000 voitures.
En ce qui concerne le marché espagnol, Honda a vendu un total de 8 000 unités de Jazz depuis 2002, ce qui correspond à 6,7% des ventes totales de l’entreprise en Espagne.
Avec l’arrivée de la nouvelle génération, le responsable de l’entreprise en Espagne s’attend à vendre environ 2 000 unités de Jazz en un an.
L’arrivée de la nouvelle Honda Jazz le rendra probablement possible, en réduisant considérablement la baisse des ventes en Espagne.
En fait, les responsables de la marque s’attendent à atteindre la fin de l’année avec un total de 22 000 unités vendues, soit 4 000 unités de moins qu’en 2007, avec une baisse de 16%.
Malgré l’augmentation des ventes, Honda a également augmenté sa part de marché en Espagne, atteignant 1,8%, contre 1,6% l’an dernier.
Dans le même temps, la société japonaise s’attend à atteindre les 2% en 2010.
Pour y parvenir, Honda est confiante dans un autre nouveau modèle de sa marque.
C’est Insight, une voiture compacte hybride à cinq portes, de 4,37 mètres de long.La société japonaise espère vendre environ 200 000 unités de ce modèle dans le monde, dans un an.
Selon les estimations des marchés et des fabricants japonais, 50% des ventes de Insight viendront des États-Unis, tandis que les 50% restants viendront du Vieux Continent et du Japon.
Le lancement commercial de Insight est prévu pour le début de l’année prochaine, peu après la présentation du modèle à l’intérieur de l’entreprise en janvier à Valenza.
Par rapport à la première génération, le nouveau Jazz s’est développé dans son intégralité.
Il atteint maintenant 3,90 mètres de long (cinq centimètres de plus), 1,69 mètres de large (deux centimètres de plus) et son interaxe 2,50 mètres, avec une augmentation de cinq centimètres.
Sa hauteur de 1,52 mètres reste inchangée.
Avec la taille, son intérieur habitable a augmenté dans l'espace.
Cet avantage découle d’abord de la nouvelle plate-forme, et d’autre part de l’introduction du réservoir de carburant dans un emplacement central, une solution déjà adoptée dans le précédent Jazz.
En outre, la capacité du tronc - un double volume de fond - augmente à 399 litres, soit une capacité de 19 litres supérieure à celle de la première génération.
À noter, ce sont les mesures de la Honda Jazz 1.4, tandis que la capacité du tronc dans le modèle 1.2 est de seulement 379 litres.
D’autres améliorations – en plus des éléments externes, tels que la conduite arrière ou la possibilité de monter le verre panoramique – concernent l’accès amélioré aux sièges arrière.
Les portes qui permettent l’accès aux sièges arrière s’ouvrent maintenant à un angle de 80 degrés, contre 67 degrés dans le premier modèle.
En outre, tous les moteurs sont assez nouveaux dans cette deuxième génération de voitures.
Au moment de la commercialisation, ce petit modèle sera livré avec un moteur essence de 1,2 ou 1,4 litre.
Les deux systèmes mécaniques incluent la technologie i-VTEC qui permet une consommation de carburant plus faible, produit moins d’émissions de dioxyde de carbone, optimise les raffinements mécaniques et, en même temps, maintient un couple élevé du moteur dans toutes ses phases.
La version de 1,2 litre atteint une puissance de 90 ch à 6000 rpm avec un couple maximum de 114 Nm. à 4900 rpm.
La propulsion – qui dans le précédent Jazz a atteint les 78 ch – ne nécessite que 5,3 litres de carburant et produit environ 125 grammes d’émissions de CO2 équivalentes.
Par rapport à la propulsion précédente, qui dans le modèle de première génération utilisé 83 ch, le nouveau peut profiter de 100 ch.
Le 1.4 Jazz à 100 ch atteint une combinaison de 5,4 litres de carburant et 128 grammes de CO2 émis.
Une « voiture d’abeille » pour éviter les collisions
Dans le développement des technologies de prévention des accidents, Nissan s’est inspiré cette fois-ci de la nature, et en particulier des abeilles.
La société japonaise a créé un robot qui, en imitant le vol des abeilles, peut éviter les accidents.
C’est la Bio-mimetic Car Robot Drive, ou BR23C, la première étape pour concevoir des technologies de prévention des collisions.
Les ingénieurs du Centre technique avancé de Nissan Motor Co. ont développé ce petit robot en collaboration avec le Centre de recherche scientifique et de technologie de la prestigieuse Université de Tokyo au Japon.
Selon Kazuhiro Doi, directeur général des relations publiques pour la technologie, la recherche et le développement de la gestion de la marque, le BR23C est une extension du bouclier de sécurité des quatre domaines produits par Nissan.
Ce robot a pour but d’améliorer la capacité à prévenir les collisions dans les véhicules produits par l’entreprise.
Pendant le vol, chaque abeille crée son propre espace personnel ovale qui est très similaire au bouclier de sécurité développé par Nissan.
Mais l’élément le plus important est constitué par les yeux composés de l’abeille, qui peuvent voir dans toutes les directions avec un angle supplémentaire de 300 degrés, permettant à l’insecte de voler sans interruption à l’intérieur de son espace personnel.
Pour recréer ces caractéristiques visuelles, les ingénieurs ont développé ce qu’ils ont défini comme un localisateur laser (Finder de portée laser).
Ce mécanisme détecte des obstacles dans les 2 mètres et un rayon jusqu'à 180 degrés devant le BR23C, calcule la distance à l'objet et envoie un signal au microprocesseur à bord qui permet immédiatement d'éviter la collision.
Lorsqu’il détecte un obstacle, le petit robot imite les mouvements de l’abeille et change immédiatement de direction en tournant les roues à un angle droit ou plus large pour éviter la collision.
La différence la plus évidente avec tout système existant est son action évitante qui se traduit par une action totalement instinctive.
"Si ce n'était pas le cas, le robot ne serait pas capable de réagir assez rapidement pour éviter les obstacles", explique Toshiyuki Andoh, directeur du Laboratoire de mobilité et ingénieur en chef de ce projet.
Contrairement à une abeille, le robot ne peut pas dévier vers le haut ou vers le bas, ou même en diagonale. Il ne peut se déplacer que dans deux dimensions et dans la direction vers laquelle ses roues peuvent tourner.
Pour cette raison, Nissan a utilisé une fonction de rotation en plus des fonctions d’accélération et de décélération, pour permettre au petit robot d’éviter les collisions.
« Cet appareil n’a besoin que de traiter de nouvelles informations toutes les quelques secondes et d’agir à partir de ces données.
Il n'a pas besoin de stocker aucune information ou d'utiliser la logique intuitive des manoeuvres précédentes. pour cette raison, il peut aller sans interruption fourni seulement par quelques dizaines de KB de mémoire.
Cela peut surprendre, mais nous ne parlons pas de gigabytes ou de méga de mémoire. »
C’est la première étape vers le développement de nouvelles technologies pour la prévention des collisions, une technologie que Nissan espère introduire dans les voitures en tant que fonctionnalité standard d’ici dix ans.
Le robot utilise des batteries lithium-polymère, qui sont plus légères et plus durables que la typologie lithium-ion.
Une application supplémentaire dans un avenir potentiel pourrait être l’intégration de cette technologie avec le navigateur satellite GPS pour amener le conducteur à une destination spécifique, en évitant les obstacles le long du chemin.
Do shudder avant de demander un prêt
Nous devons reconnaître que le département du Trésor des États-Unis, possédant de très bons capitaux pour agir, ne manque certainement pas de talent.
Avoir à faire face à la crise et d'empêcher les Américains d'être trompés avec des prêts à la poubelle par les banques sous le doute de l'insolvabilité, a créé un jeu amusant et éducatif pour les utilisateurs d'Internet.
En d’autres termes, l’« hôtel des mauvais crédits »... ou des problèmes.
L’aspect sombre de cet hôtel et, en particulier, de sa réception vise à pousser les gens à réfléchir non seulement une fois, mais deux ou même trois fois avant de demander un prêt.
Et surtout, de réfléchir assez soigneusement sur l'endroit où l'appliquer.C'est probablement l'objectif principal du jeu.
Certes, ce système fournit plusieurs informations utiles, mais offre assez peu de détails.
C’est beaucoup plus une page web pour les adolescents qu’un site pour le grand public.
Que se passe-t-il si vous terminez le jeu ?
Une chambre de rêve apparaît à l'intérieur de l'hôtel.
C’est encore quelque chose, parce que sur l’achat d’une maison... mieux vaut la quitter.
Morgan Stanley ouvre son capital à MUFG
Morgan Stanley a annoncé son entrée au tour de la table de Mitsubishi UFJ Financial Group (MUFG), la première banque du Japon, qui dépensera neuf milliards de dollars pour obtenir 21% de son capital, des nouvelles qui ont été reçues par une forte baisse des prix des actions.
Une semaine après avoir dévoilé un accord provisoire, les deux banques ont expliqué que MUFG achèterait 9,9% des actions de Morgan Stanley à un prix de 25,25 dollars, soit un total de trois milliards de dollars.
Le prix de vente est inférieur à 19% de la valeur des titres au 31 août.
MUFG investira six milliards de dollars supplémentaires dans l’acquisition de titres convertibles offrant un rendement garanti de 10 % et avec un prix de conversion de 31,25 dollars.
Morgan Stanley a affirmé que l'opération globale serait basée sur un prix unitaire moyen de 29 dollars, soit 28% au-dessus de son prix actuel.
Cependant, les actions de Morgan Stanley ont perdu 6,79% vers 23.07 dollars vers 17h00 GMT.
"Cette alliance stratégique constitue une opportunité importante pour accélérer la transition de Morgan Stanley vers le statut de banque holding", a déclaré John Mack, le PDG du groupe américain.
Morgan Stanley a adopté ce nouveau statut la semaine dernière, ce qui devrait lui permettre de diversifier ses activités, mais il doit passer par l'autorité de la Réserve fédérale.
Son alliance avec MUFG confirme également que la crise financière actuelle a forcé les plus grands noms de Wall Street à adopter une attitude beaucoup plus prudente qu’auparavant.
Les modalités présentées lundi montrent que l’accord a été modifié ces derniers jours : lundi dernier, Morgan venait d’annoncer qu’il vendrait jusqu’à 20% de ses actions aux Japonais pour environ 8,5 milliards de dollars.
"Il y a une semaine, a expliqué Toshihide Mizuno, directeur exécutif de MUFG à Tokyo", nous pensions que la participation serait entièrement composée d'actions ordinaires.
Mais compte tenu de l’état actuel de l’économie et des marchés, nous espérions minimiser les risques et protéger notre dos. »
Sur la base du prix moyen pondéré, MUFG paiera pour ses titres Morgan Stanley 7% en dessous de leur valeur comptable.
Et la transaction entraînera une dilution d’environ 20% des bénéfices par action.
L’accord prévoit que MUFG peut convertir chaque année la moitié de ses titres préférés en actions ordinaires si celles-ci ont été négociées à plus de 50% au-dessus du prix de conversion, soit environ 47 $ pour une période donnée.
Morgan Stanley assure que le capital fourni par MUFG lui permettra de saisir les opportunités d’investissement, de renforcer son bilan et d’augmenter sa liquidité.
Un porte-parole du groupe a cependant refusé de donner des détails sur les projets stratégiques des deux nouveaux alliés.
Après l’investissement de MUFG, Morgan Stanley prévoit un ratio capital Tier One d’environ 15%, l’un des meilleurs de l’industrie.
Morgan a déclaré avoir réduit "signifiamment" son bilan depuis la fin du mois d'août.
Les dernières semaines ont été difficiles pour le groupe, qui a vu la moitié de son prix d’action fondre alors que les coûts d’assurance contre le risque de défaut sur sa dette ont augmenté.
Ce coût a baissé lundi mais est resté à un nouveau niveau élevé, autour de 12%.
La semaine dernière, Goldman Sachs, la seule autre grande banque d’investissement survivante de Wall Street après la faillite de Bear Stearns et l’acquisition de Lehman Brothers et Merrill Lynch, a annoncé avoir recueilli 15 milliards de dollars, en partie de Berkshire Hathaway, le groupe de Warren Buffett.
Rafael Correa à Quito lundi.
Reconstruire autour de la République le socialisme du XXIe siècle.
Il s’agit d’un projet conjoint entre le Venezuela Hugo Chavez, Evo Morales de Bolivie et l’Équateur Rafael Correa.
Ce dimanche, comme ses homologues et ses amis, c’est la troisième fois qu’un projet de nouvelle constitution est mis au vote.
Mission accomplie depuis 64% des électeurs ont voté "oui" au référendum, selon les résultats officiels basés sur 80% des votes.
Sur la base de ces résultats, le « non » a obtenu 28%, 7% des votes ont été invalides et 0,7% ont été des votes blancs.
Pour que le projet de loi soit adopté, il faut obtenir la moitié des voix plus un.
Dimanche, deux sondages menés en dehors des bureaux de vote et une organisation non gouvernementale avaient annoncé une grande victoire pour le "oui", de la plage entre 63% et 70%.
Rafael Correa avait revendiqué dans la nuit de dimanche à lundi la victoire de son projet de constitution.
"La Constitution a triomphé si écrasantement", a-t-il assuré, félicitant les Équatoriennes au siège du gouvernement à Guayaquil, à 280 km au sud-ouest de Quito.
Bien sûr, Rafael Correa a été félicité par Chavez et Morales, mais aussi par sa homologue chilienne Michelle Bachelet.
Le sondage, qui a été mené pacifiquement sous le contrôle de l’Organisation des États américains (OEA), a couvert dans son texte 444 points qui consolident le « nouveau socialisme » défendu par le président.
Le projet de constitution incarne le pouvoir de l’État sur l’économie, en lui réservant la « planification du développement » d’un pays vivant principalement de l’extraction de pétrole par des entreprises étrangères et de l’argent étranger qu’elles envoient à leurs émigrés.
Soutenu par Correa, élu en 2006, le projet confère également plus de pouvoirs au chef de l’État, qui peut durer jusqu’à deux mandats consécutifs de quatre ans et sera en mesure de dissoudre l’Assemblée.
Correa a déjà annoncé qu'il utiliserait ce pouvoir pour rechercher un nouveau mandat en février 2009.
La Constitution consolide également le principe des services de santé gratuits et de l’éducation que le président a commencé à établir dans ce pays de 13,9 millions d’habitants, où 50% de la population vit en dessous du seuil de pauvreté.
Il prévoit également l’interdiction de la présence de troupes étrangères, ce qui mettra fin à l’accord entre Quito et Washington pour utiliser l’Équateur comme base de lancement pour les opérations antidrogue américaines.
Les 19 otages libérés au Tchad
Un commando égyptien a lancé une attaque contre les enlèvements des onze touristes et de leurs huit escortes capturés il y a dix jours.
Ils sont au Caire.
Les onze touristes européens et leurs huit escortes égyptiennes emprisonnés pendant dix jours dans le désert ont été renvoyés lundi après-midi dans la capitale égyptienne.
Ce matin, ils ont été libérés par un commandement égyptien au Tchad.
Apparemment, les otages sont arrivés vers 1530 heures à bord d’un avion spécial à la base militaire d’al-Maza, reliée à l’aéroport international du Caire.
Ils ont été immédiatement transférés, sans pouvoir parler à la presse, par hélicoptère à l’hôpital de Maadi, une banlieue résidentielle du Caire, pour subir des examens.
Ils sont en "bonne santé" et "aucune rançon n'a été versée" aux enleveurs", a déclaré le ministre égyptien du Tourisme, Zoheir Garanna, sur le pont.
Capturé le 19 septembre lors d’un safari en 4x4 au pied du mont Ouanat aux frontières de l’Égypte, du Soudan et de la Libye, ce groupe d’otages avait été jeté d’un abri à l’autre par 35 enlèvements inconnus.
Il comprend 11 touristes – cinq Italiens, cinq Allemands et un Roumain – et huit Égyptiens : deux guides, quatre chauffeurs, un garde-frontières et le directeur de l’agence Aegyptous, organisateur du safari.
Un responsable de la sécurité égyptienne a déclaré que 30 membres des forces spéciales, transportés à bord de deux hélicoptères, avaient lancé l'assaut dans la nuit juste avant l'aube.
"Un échange de tirs a suivi, et la moitié des kidnappers ont été tués, l'autre moitié a fui", a déclaré le responsable qui a demandé l'anonymat.
Il a déclaré que 150 membres de l’unité de « réaction rapide » des forces spéciales égyptiennes ont été envoyés au Soudan dans son ensemble, où ils ont reçu le soutien des commandos allemands et italiens.
Le chef du corps diplomatique italien Franco Frattini à Belgrade où il se trouve actuellement, a évoqué le rôle joué par les agents secrets italiens et des éléments des forces spéciales.
"Nous devons reconnaître que nous avons obtenu ce résultat grâce au professionnalisme et à l'efficacité de nos hommes des services secrets, des forces spéciales", a-t-il déclaré, sans plus de détails.
Il a également refusé de payer une rançon.
La veille, l’armée soudanaise avait affirmé avoir intercepté un véhicule de patrouille 4x4 à bord duquel se trouvaient les capteurs, tuant six, dont la tête tchadienne, et arrêtant deux.
L’armée a affirmé qu’elle était liée à un groupe rebelle au Darfour, le Mouvement de libération du Soudan-Unité (SLA-U), quelque chose que ce mouvement a immédiatement nié.
Les lettres - La majorité silencieuse de la culture
Un débat sur le financement de la culture a fait les titres et a enrichi cette campagne électorale.
bien du bien.
Mais un secteur de notre vie culturelle reste toujours oublié.
Qui viendra dénoncer la misère qui est accordée aux petits musées, archives, sites archéologiques ou nationaux historiques qui ont faim de financement ?
Quel politicien oserait rappeler au gouvernement fédéral qu’il néglige ses monuments et ses bâtiments patrimoniaux ?
Au Québec, au Canada, n’avons-nous pas de véritables lois qui préservent efficacement notre patrimoine ?
Saviez-vous que le gouvernement français consacre trois millions et demi d’euros à la restauration du château de Chinon dans la vallée de la Loire ?
Nos voisins américains ont écrit dans la Constitution de leur pays que la protection du patrimoine fait partie de la culture américaine et que ce patrimoine doit être protégé par tous les citoyens, tous les élus et tous les départements du gouvernement, et cela, en coopération.
Au Québec, la Fédération des Sociétés d’Histoire du Québec, au moins 40 000 bénévoles regroupés dans 211 agences d’histoire, de patrimoine, d’archives et de généalogie s’occupent de la recherche sur l’histoire, de la conservation, d’avoir peu de fonds, d’un tas d’archives privées et de la conservation des vestiges archéologiques.
Ils sont souvent les gardiens de notre héritage, qui protestent avec l’énergie du désespoir lorsque les développeurs et les constructeurs lancent leurs bulldozers contre nos vieux bâtiments et nos cimetières oubliés.
Quand y aura-t-il un forum sur l’histoire et le patrimoine ?
Fortis banque partiellement nationalisée par les gouvernements du Benelux
Les États du Benelux aident Fortis, la banque belge-néerlandaise - qui est la première institution financière européenne en difficulté en raison de l'effet de suivi de la crise des prêts américains - par un rachat partiel de l'État.
A la fin de cette semaine, les gouvernements belge, luxembourgeois et néerlandais ont consulté à ce sujet au plus haut niveau, avec le président de la Banque centrale européenne et le commissaire à la concurrence de la Commission européenne.
Dans la zone euro, Fortis est la première banque touchée par la crise financière internationale qui approche en vagues au cours des 12 derniers mois.
Selon la décision prise dimanche soir, chaque gouvernement prendra une participation de 49% dans les banques de Fortis dans leurs pays respectifs.
La banque va certainement vendre une partie de ses actions, en particulier les activités d'assurance, qu'elle a achetées de la banque néerlandaise ABN Amro l'an dernier.
Les actions de Fortis ont commencé à chuter profondément la semaine dernière, puis dans la deuxième partie de la semaine, des signes d'une grave crise sont apparus dans la société.
Les analystes conviennent que la banque - avec ses 85 000 employés - est trop grande pour être autorisée à faire faillite.
Les actions de la banque ont chuté de 12% vendredi, le niveau le plus bas depuis 14 ans.
La valeur des actions a chuté de deux tiers depuis janvier.
Compte tenu des prix des actions actuels, la valeur totale du capital de marché du groupe est d’environ 14 milliards d’euros.
La direction blâme les incertitudes à l’étranger – qui sont liées à l’acceptation du paquet américain de 700 milliards de dollars – pour la chute des actions de Fortis.
Les actions ont enregistré une légère hausse lundi.
Filip Dierckx a été nommé nouveau directeur général de la banque vendredi.
L'établissement financier cherchait également des acheteurs privés, mais aucune offre substantielle n'a encore été faite.
Le gouvernement belge a déclaré plus tôt que les investisseurs n'avaient aucune raison de s'inquiéter, ils ne perdront pas leur argent.
Aucune panique n’a émergé jusqu’à présent parmi les clients de la banque ; aucune hâte de la banque n’a eu lieu.
Fortis a son propre établissement bancaire en Hongrie et a également racheté des sociétés de leasing.
Fox dans le Henhouse
Les compagnies d’assurance vie et de santé américaines refusent souvent de vendre des assurances à certains citoyens, en raison de leurs données d’achat de médicaments.
Les experts en protection des données craignent que le marché des données devienne incontrôlable.
« Il existe un programme de protection des données qui nécessite l’autorisation de la personne concernée pour utiliser les données de prescription de médicaments.
Il devrait être indépendant, sinon le renard va garder la maison de poule », cite le Washington Post Richard Dick, développeur du programme applicable pour le suivi des prescriptions de médicaments.
Les compagnies d’assurance décident de la prime d’assurance et du montant à payer en cas de dommages-intérêts en fonction de l’état de santé du client demandant, et si elles le jugent trop risqué, elles ne fournissent pas d’assurance.
Les clients demandant étaient envoyés pour avoir un examen médical effectué, et le contrat a été conclu à la lumière des résultats du dépistage seulement.
Dick a développé une méthode beaucoup moins coûteuse il y a dix ans : sur la base du numéro d’identification du client, le type de médicaments achetés par le client au cours des 18 derniers mois peut être facilement détecté, de sorte que le programme puisse tirer les conséquences par lui-même concernant les maladies que le demandeur souffre ainsi que leur état de santé.
Par exemple, le cas d'acheter régulièrement de grandes doses de médicaments réduisant le cholestérol se réfère pratiquement au fait que le client a un taux de graisse sanguine incurable élevé, à la suite duquel cette personne serait immédiatement placée dans une catégorie de risque plus élevé.
Le programme a différentes versions dans le commerce, certaines d'entre elles définissent même le facteur de risque, de sorte que la compagnie d'assurance n'a rien d'autre à faire que la documentation, bien que des difficultés mineures surgissent.
L’un des inconvénients est le fait que certains médicaments peuvent être utilisés à plusieurs fins, par exemple, certaines formules médicales sont pour traiter les migraines, les vagues de chaleur ou même la dépression.
Ce dernier est un facteur d’augmentation significative des risques du point de vue des assureurs d’affaires, tandis que les deux autres ne le sont pas.
Il existe des sociétés spécifiques traitant de l’obtention et du traitement des données, et elles demandent l’autorisation du patient avant d’obtenir les informations nécessaires des pharmacies.
Ils sont déjà obligés de le faire, bien que leurs échecs antérieurs n’aient pas été pénalisés.
Certaines entreprises traitent même les résultats des examens de laboratoire et lient ceux-ci aux données de consommation de médicaments.
De plus en plus d’entreprises accèdent aux données et, en parallèle, le contrôle de leur utilisation devient de plus en plus difficile.
Il existe une loi spécifique sur la protection des données relatives aux soins de santé, mais son champ d’application ne concerne que les prestataires de soins de santé et les compagnies d’assurance.
Le projet de loi sur l'octroi de pouvoirs d'inspection aux autorités sur les sociétés traitant de la fourniture de données a été soumis au Congrès.
Dick Richard se rend compte que cela ne suffit pas : c’est pourquoi il a développé son programme, qui restreindrait désormais le transfert de données en ce qui concerne l’exigence du consentement exprès de la personne concernée.
C’est une autre question, cependant, que le demandeur ne peut pas réellement refuser le consentement, sinon les compagnies d’assurance ne concluent pas de contrat avec eux.
Ainsi, les poules, dans une certaine mesure, continueront à dépendre de la bienveillance de la renard.
Menu mondial de Marseille
L'Union européenne et l'Inde doublent leurs échanges
Comme l'Union européenne et l'Inde sont les principaux partenaires commerciaux de l'autre, l'ordre du jour du neuvième sommet a également été dominé par cette question en plus d'autres problèmes, principalement mondiaux.
Un sommet France-Inde aura également lieu aujourd'hui, notamment sur la coopération nucléaire.
Bien que l'Union européenne reconnaisse que l'Inde est une puissance mondiale démocratique émergente, qui devrait être accordée plus de mots dans les affaires internationales, les États membres n'ont pas encore pu parvenir à un accord sur le fait de soutenir ou non l'adhésion permanente de New Delhi au Conseil de sécurité de l'ONU.
Ainsi, cette question n’a pas été forcée lors du neuvième sommet, organisé hier à Marseille.
Le président français Nicolas Sarkozy en tant que président tournant de l'Union, le président du Comité José Manuel Barroso et le chef de la politique étrangère Javier Solana ont salué le Premier ministre indien Manmohan Singh et ont accepté de doubler, c'est-à-dire d'augmenter à plus de 100 milliards d'euros, le flux commercial en 5 ans.
Étant donné que les échanges de biens ont augmenté de 25 milliards à 55 milliards entre 2000 et 2007, ce n’est pas un objectif trop ambitieux.
En conséquence, les 26 conventions bilatérales existantes en matière d'aviation civile avec l'Inde ont été légalement harmonisées, ce qui signifie que le trafic aérien peut s'améliorer à l'avenir.
L'Inde souhaite signer un accord de libre-échange avec l'Union européenne d'ici la fin de l'année 2009.
Sarkozy a promis d’accélérer l’harmonisation.
L’objectif est de trouver l’équilibre alors que l’Inde est le premier partenaire commercial de l’UE, tandis que New Delhi n’a que la neuvième place sur la liste des partenaires de l’UE.
Le sommet s’est concentré sur les questions mondiales :
Sur la situation en Afghanistan et au Pakistan ainsi que sur le terrorisme, ce dernier a été condamné sous toutes ses formes par les deux parties et la convocation de la Conférence des Nations Unies a été encouragée.
L’achèvement du cycle commercial de Doha a également été accéléré, bien que les deux parties soient jusqu’à présent responsables du fiasco.
L’UE a confirmé le maintien de son programme en matière d’énergie et de climat, ce qui signifie avoir l’intention de réduire les émissions de polluants atmosphériques d’au moins 20% d’ici 2020.
L’Inde a convenu de cela ainsi que de l’objectif de parvenir à un accord mondial lors de la conférence sur le climat qui aura lieu l’année prochaine et de réduire de 50% les émissions de gaz à effet de serre d’ici 2050.
Un autre objectif était de prévenir la hausse des prix des denrées alimentaires et un appel à une conférence internationale pour examiner la crise financière a été soutenu.
Le Premier ministre indien se rend aujourd'hui à une réunion bilatérale dans la capitale française, où il entend parvenir à un accord sur l'utilisation pacifique de l'énergie nucléaire.
Paris s'attend à ce que les entreprises françaises reçoivent des contrats pour construire des réacteurs nucléaires en Inde d'une valeur de 20 milliards d'euros.
Selon les informations de l'agence de presse, l'accord serait en vigueur pendant 15 ans.
Plus de 300 éditeurs italiens à Francfort
Forte présence d’éditeurs italiens à la Foire internationale du livre de Francfort.
Plus de trois cents éditeurs italiens seront présents au sixième anniversaire de la Buchmesse, l’événement international le plus important pour l’échange des droits d’auteur.
La Foire internationale du livre de Francfort attend pour cette occasion plus de sept mille exposants de 101 pays différents qui occuperont le terrain de la Foire de 171 790 mètres carrés avec plus de 403 mille titres en exposition, et la Turquie sera l'invité d'honneur.
Francesco Maria Giro, sous-secrétaire du ministère du Patrimoine et des Activités culturelles, représentera le gouvernement italien à la cérémonie d’inauguration du Pavillon italien : en fait, l’Italie sera présente en tant qu’institution avec un stand italien – 264 mètres carrés d’espace d’exposition.
Suivra la conférence de presse à la Room Struktur du Pavillon 5.0 de la Buchmesse : c’est l’occasion de présenter des chiffres, des tendances et un aperçu de l’état de l’industrie éditoriale italienne.
Selon les données, l’importance des livres d’auteurs étrangers dans la production italienne diminue progressivement, en particulier pour les adultes et les enfants.
Découverte de l'avion de Steve Fossett, le millionnaire disparu il y a un an
L'avion de Steve Fossett, le millionnaire qui a disparu le 3 septembre 2007 en volant au-dessus du désert du Nevada, a été retrouvé.
Les débris ont été retrouvés sur un plateau à 3000 mètres d'altitude, dans la région de la Sierra Nevada des lacs Mammoth, à la frontière entre la Californie et le Nevada.
A l’intérieur de l’avion, il n’y avait pas de restes humains.
Le shérif du comté de Madera, John Anderson, a dissipé tous les doutes restants: "L'avion a été localisé, nous avons envoyé une équipe, et maintenant nous avons confirmation que c'est celui sur lequel Steve Follett a volé le jour de sa disparition", a-t-il déclaré lors d'une conférence de presse.
Par la suite, le shérif a indiqué qu'aucun corps humain n'a été retrouvé ni sur l'avion, ni dans les environs.
Le millionnaire, âgé de 63 ans, a été abandonné pour mort en février.
Le Bureau américain de la sécurité des transports (NTSB) a rapporté que quelques heures après la découverte de l'accident, une équipe d'enquête a été envoyée, qui a ensuite identifié l'avion: c'est le Bellanca 8KCAB, qui a disparu depuis le 3 septembre 2007, lorsque Fossett a décollé de Yerington au Nevada pour un vol de trois heures.
Hier, toujours en Californie, non loin de la frontière avec le Nevada, quelques objets personnels appartenant à Fossett ont été trouvés par un couple près de leur maison à Mammoth Lakes.
Les articles sont deux documents au nom de Fossett, tous deux émis par l'Administration fédérale de l'aviation de l'Illinois, un peu d'argent et une chemise.
La recherche de Fossett a été annulée un mois après sa disparition.
Le millionnaire avait gagné une place dans l'histoire grâce à une série de records du monde.
En 2002, à sa sixième tentative, il est devenu le premier homme à terminer le tour du monde dans un ballon à air chaud : un vol solo de deux semaines.
Trois ans plus tard, il a fait le tour du monde en avion sans atterrir.
Parmi ses nombreux records, il y a aussi le vol à 15 445 mètres, au-dessus des Andes, mais avec un copilote.
GSK, la publicité qui ne vous attend pas
Un SUV qui est en dehors des normes avec un design original défini par des lignes décisives, des surfaces larges et des coins nettoyés.
En bref, c’est le GLK, le dernier ajout aux véhicules off-road « compacts » du constructeur étoilé, avec lequel Mercedes-Benz a essayé de laisser tomber un souffle d’air frais dans ce secteur.
Juste parce que ses caractéristiques sont hors des normes traditionnelles, le message accompagnant le lancement du SUV GLK sera également inattendu et non conventionnel, il sera disponible dans les salons Mercedes-Benz à partir du 17 octobre prochain.
Ainsi, la campagne de publicité qui accompagne le défilé du nouveau véhicule déclenchera une nouvelle méthode de communication qui inclut également une campagne futuriste de panneaux publicitaires 3D, utilisés pour la première fois en Italie par une marque automobile.
Un projet de grands panneaux publicitaires, mis en mouvement en trois phases différentes, qui dominera la rue commerçante la plus centrale de Milan, Corso Como, jusqu’au 15 novembre.
La première phase de ce nouveau type de communication commencera par une présentation de la voiture en vision stéréoscopique, et grâce aux lunettes spéciales distribuées dans le quartier de Corso Como, il sera possible de voir le nouveau SUV en vraie taille et en format 3D.
En fait, en regardant l’image, on aura la sensation que la voiture sort de l’affiche.
Par la suite, grâce à l’utilisation de la technologie innovante Elumina 8, tous les détails du nouveau GLK seront illuminés à différents moments, puis recomposés en une seule image.
Sans aucun doute, Mercedes, à travers cette publicité, essaie d’introduire quelque chose de nouveau dans le domaine conventionnel de la publicité automobile.
Va-t-il réussir avec cette formule à provoquer l'intérêt des futurs acheteurs?
Voici qui sont les hooligans italiens
de la Tri-Veneto, susceptible d’être interdit de participer aux matchs sportifs (Daspo).
Mais qui sont ces 150-200 personnes dont l’Italie a honte aujourd’hui ?Ils font partie du groupe « Ultras Italia » qui depuis des années soutient l’équipe nationale de football et jusqu’à présent, la vérité est connue, n’a jamais créé de problèmes majeurs.
Il n'a jamais été confronté à des supporters opposés.
L'extraction du groupe est à l'aile droite.
Les promoteurs sont de Tri-Veneto.
De Vérone, Padoue, Trieste et Udine.
Ceux-ci ont été rejoints par quelques petits groupes (en réalité, très peu de membres) de Campagne et de Puglia.
Ils ont des drapeaux tricolores avec la ville d’origine des militants sur eux : samedi, ceux-ci ont été enlevés de sorte qu’ils ne puissent pas être identifiés.
Ils prennent leurs idées des fans anglais.
En Bulgarie, ils ont trouvé des partisans qui étaient de vrais nazis, le groupe Levski.
Le FIGC avait mis à la disposition des supporters italiens 144 billets pour le match : tout personnel, donc facilement vérifiable.
Et le ministère de l’Intérieur de Viminale les avait en fait tous vérifiés : parmi les groupes qui allaient à Sofia, aucun n’avait été interdit, aucun n’avait été interdit de fréquenter un stade.
Quatre supporters italiens, qui avaient précédemment commis des crimes liés au stade, avaient en fait été refusés des billets et empêchés de partir.
Maintenant, le ministère de l’Intérieur attend de pouvoir lire les dossiers officiels, qui devraient arriver de la police bulgare avant de prendre des mesures: dans ce cas, il est possible d’interdire pendant cinq ans au moins les partisans qui ont été arrêtés ou ceux qui ont été identifiés pendant les troubles.
Une bannière internationale qui interdit la participation à des stades non seulement en Italie, mais aussi dans toute l’Europe.
Nos hooligans, en bref, n’entreraient pas dans un autre stade.
heureusement .
Mais maintenant, il y a la peur de l’émulation : c’est-à-dire que d’autres se joignent à ce peu plus de cent cinquante.
"Nous devons immédiatement mettre fin à cette conflagration et ne pas légitimer ceux qui se comportent de cette manière", affirment ceux du ministère à Viminale.
Donc, "les yeux sont largement ouverts surtout puisqu'il y a l'équipe nationale qui joue mercredi à Lecce".
En fait, en Puglia, il y a un petit noyau de partisans d’Ultras Italia.
Demain, l’Observatoire se réunit, mardi, le CASMS qui peut compter sur une section de l’AISE, c’est-à-dire le service secret, qui traite exactement les problèmes dans les stades.
"Le chœur Duce-Duce et le bras étendu pendant l'hymne Mameli? en Bulgarie ce n'est pas un crime...".
Telles sont les pensées (exprimées avec une grande déception) de Domenico Mazzilli, qui, il y a quelques semaines, est le directeur de l’Observatoire du Viminale (il a atteint le poste qui fut initialement occupé par Francesco Tagliente puis par Felice Ferlizzi).
Auparavant, Mazzilli avait été chef de l’administration de police de Trieste où se trouve un noyau de partisans d’Ultras Italia, fondée en 2002.
Il est vrai, dit Mazzilli, qu’en Bulgarie, il n’est pas un crime de chanter des hymnes au Duce, mais peut-être que le comportement de ces 150-200 fans a été honteux.
« Je ne suis pas un sociologue – ajoute le n°1 de l’Observatoire – le crime doit être imputé dans le pays où l’incident se produit.
Jusqu’à présent, ce groupe est resté dans les lignes, maintenant nous verrons ce qui s’est réellement passé et nous l’évaluerons pour une référence future.
Mais parlons aussi du murmure à l’hymne Mameli : ce n’est pas non plus un crime en Bulgarie, mais, si je peux le dire, ce n’est pas de bonnes manières... ».
