Les populistes de droite triomphent en Autriche avec 29% des voix
L'affaiblissement sensible des deux partis de la grande coalition actuelle et le renforcement significatif des partis populistes de droite ont donné, selon les premiers résultats préliminaires, les élections législatives anticipées de dimanche en Autriche.
Le Parti populaire autrichien (ÖVP) a subi des pertes particulièrement fortes, où la position de l'actuel président Wilhelm Molter est sérieusement bouleversée.
En revanche, le chef électoral de l’Union pour l’avenir de l’Autriche (BZÖ), le lieutenant coréen Jörg Haider, prépare un retour triomphal dans la politique nationale.
Selon les résultats préliminaires, le parti social-démocrate (SPÖ) reste le parti le plus fort du pays avec 29,8 % des voix, mais perd 5,5 % des voix par rapport aux dernières élections de 2006.
L’ÖVP perd avec 25,6 pour cent près de neuf pour cent des voix.
Ce sont les pires résultats de ces deux grands partis dans l'histoire de l'après-guerre autrichienne, et en particulier chez les populistes qui ont provoqué des élections anticipées, un résultat littéralement catastrophique.
Déjà au début du mois de juillet, lorsque l’ÖVP a quitté la coalition, les populistes avaient un avantage considérable sur le SPÖ.
Cependant, les électeurs ont clairement été punis pour avoir laissé tomber le gouvernement.
Dans les premières réactions aux résultats, il y a eu des spéculations sur une éventuelle démission du président du parti et de l'actuel vice-chancelier Wilhelm Molter.
Les observateurs estiment que cela pourrait se produire dès lundi lors d'une réunion extraordinaire de la présidence du parti.
Une telle évolution faciliterait probablement la voie vers la sortie toujours la plus probable du résultat électoral, c’est-à-dire la reprise de la grande coalition SPÖ et ÖVP.
Compte tenu du renforcement des deux partis populistes de droite - les Libéraux (FPÖ) ont obtenu provisoirement 18% et le BZÖ 11% des voix - cependant, les sociaux-démocrates ont également exprimé leur crainte d'une répétition en 1999, lorsque les populistes se sont mis d'accord avec les populistes (lorsque le FPÖ était encore unifié, en 2005 il s'est séparé du BZÖ) sur un gouvernement commun qui a même provoqué des sanctions de l'Union européenne.
Haider, qui a déjà déclaré qu’il était prêt à coopérer avec n’importe quel parti, prévoit un retour à Vienne dans la politique nationale.
Le Parti des Verts a perdu légèrement de la troisième à la cinquième place parmi les partis politiques autrichiens.
Aucun des deux autres partis n’a dépassé le seuil de 4 % et n’a pu entrer au Parlement.
Schwarzenberg: les relations avec l'Inde peuvent se refroidir
Si l’on ne parvenait pas à résoudre le problème des chercheurs tchèques accusés en Inde de collecte illégale de grenouilles, le ministre tchèque des Affaires étrangères, Karl Schwarzenberg, a estimé qu’il y aurait eu un certain refroidissement des relations tchéco-indiennes.
C'est ce qu'il a déclaré à New York après une rencontre avec son homologue indien Pranab Mukherjee.
"Si cela n'était pas résolu, alors oui, alors il y aurait eu un certain refroidissement", a-t-il déclaré après la réunion qui s'est tenue à l'initiative tchèque.
M. Mukherjee a déclaré après l'audience que le pouvoir exécutif pouvait difficilement s'ingérer dans les affaires judiciaires.
Cependant, il a indiqué que dans le cas de Peter Šváchy, qui a été acquitté de l'accusation et condamné à une amende, le gouvernement central peut négocier avec le gouvernement local de Dárdžiling, dans la juridiction de laquelle la question relève.
« Le problème pourrait être résolu », a déclaré le ministre.
Pour Emile Kučer, condamné à trois ans de prison, il serait préférable de faire appel à une instance supérieure.
Il peut alors demander la libération sous caution et attendre la sentence en liberté, a-t-il expliqué.
Schwarzenberg a confirmé que son partenaire s'était exprimé de la même manière lors de la négociation.
"Il recommande un appel devant une juridiction supérieure, puis il serait possible de le pardonner", a déclaré le chef de la diplomatie tchèque.
La seule façon dont la partie tchèque peut intervenir dans l’affaire est de fournir aux condamnés un « soutien juridique compétent », a déclaré le ministre indien.
Il a également souligné que l’Inde était déjà prête à apporter une telle aide.
"Nous avons le plus grand intérêt à maintenir les meilleures relations avec l'Inde, qui ont une longue tradition.
Les Indiens le reconnaissent aussi », a déclaré Schwarzenberg.
Dans le même temps, comme le dit ČTK, devant son partenaire, il a souligné que la République tchèque accorde une grande importance au problème des entomologues tchèques.
"Nous considérons vraiment une profonde erreur l'emprisonnement et l'accusation de ces scientifiques tchèques", a-t-il déclaré.
La réponse à la question de savoir s'il a reçu de la part de l'Inde la promesse de s'occuper des choses, le ministre a échappé.
« J’ai déjà fait beaucoup de promesses », a-t-il déclaré.
Le Tchad se bat pour le fond de la mer
Il s'agit d'une carte électronique murale représentant l'Australie et les zones marines adjacentes.
Il ne s'intéresse pas au continent, mais à un petit point perdu dans l'océan bleu.
L’île appartient à l’Australie et, avec elle, au fond de la mer.
La région est aussi vaste que le continent lui-même », explique Luigi Santosuosso, un avocat italien qui fait partie de l’équipe de 30 membres de la Division des Nations unies pour les affaires océaniques et le droit de la mer.
Son patron, le directeur de la division, l'avocat tchèque Václav Mikulka, suit et complète parfois l'interprétation.
Il y a du travail et de l’enthousiasme.
Le fond de la mer cache un monde encore peu connu, riche en ressources naturelles.
On peut y trouver du pétrole, des minerais et d’autres matières premières minérales, mais aussi des organismes vivants encore inconnus, qui sont la clé du développement d’un médicament contre le cancer.
Plus grand que la terre
Aujourd’hui, les États côtiers ont commencé à se battre pour de nouveaux territoires sous-marins.
La Convention des Nations Unies sur les droits de l’homme a été adoptée en 1982 à Montego Bay, en Jamaïque.
Il s’agit principalement d’une zone du shelf continental, qui s’étend souvent jusqu’à plusieurs centaines de kilomètres de la côte du pays.
Elle dispose d’un droit exclusif sur l’ensemble des ressources du plateau continental.
En termes simplifiés, le plateau continental est la partie du fond de la mer et de son fond qui est la continuation naturelle du continent sous-marin.
Il s’étend au-delà des frontières de la mer côtière, souvent au-delà des 200 milles marins de la zone économique exclusive », explique Mikulka.
Une demande de délimitation des frontières extérieures du plateau continental présentée par un pays à la Commission doit être étayée par une vaste documentation scientifique et technique fondée sur de nombreuses recherches et mesures coûteuses.
Il est le résultat de plusieurs années de travaux préparatoires.
« Notre mission est de fournir à la Commission une assistance juridique et technique.
À ce jour, la Commission a examiné cinq demandes, à savoir la Russie, le Brésil, l'Australie, l'Irlande et la Nouvelle-Zélande.
Jusqu’à présent, seuls les trois derniers pays mentionnés ont réussi », ajoute Mikulka.
L’Australie a récemment connu un succès mondial, étant la première à avoir considérablement élargi ses puissances sous-marines.
La Nouvelle-Zélande a également gagné - la superficie du fond de mer, que la Commission a reconnue la semaine dernière, est d'environ 1,6 million de kilomètres carrés, soit environ six fois la taille de l'État lui-même.
Les deux pays ont investi des millions de dollars dans la recherche.
Les bénéfices qu’ils tireront à l’avenir de l’utilisation du fond de mer seront, comme ils l’ont promis, inestimables.
D’autres pays vont progressivement déposer leurs demandes.
Ils peuvent le faire jusqu'à dix ans après avoir ratifié la "convention de Montego Bay".
Là où se termine le plateau continental, commence la zone du fond de l’océan, déclarée par la Convention « patrimoine commun de l’humanité ».
Aucun pays n’a plus de statut exclusif.
Le droit d’exploitation dans ce domaine est accordé par les institutions internationales établies par la Convention.
"Le fond de la mer n'est pas un Klondajk", déclare le directeur Mikulka en exagérant, affirmant que ses "régions individuelles sont juridiquement clairement définies et leur régime contractuel".
Les Tchèques dans le Pacifique
Une partie du fond de la mer appartient aujourd'hui à la République tchèque.
Ils sont partagés avec d'autres pays de l'ancien bloc de l'Est dans le cadre de l'organisation conjointe "Interoceanmetal".
Elle a obtenu, en 1991, le statut de « investisseur pionnier » en vertu de la convention, ainsi que les investisseurs de quelques autres États.
Il est autorisé à exploiter la zone ClarionClipperton dans le Pacifique, située entre le Mexique, les îles Hawaï et le Kiribati.
La zone explorée par les investisseurs est un peu plus grande que l’ancienne Tchécoslovaquie.
Il s’agit d’une sorte de réplique sous-marine des Tatras.
"On peut y exploiter sur une superficie totale de 75 000 kilomètres carrés.
La région est riche en concoctions polymétalliques contenant du nickel, du cuivre, du cobalt et du manganèse », a déclaré un autre avocat, Ind Pakshi Rajan.
Le travailleur macédonien de la division, Robert Sandev, montre une telle concrétisation.
Il ressemble à une petite pomme de terre ou, avec un peu de fantaisie, à un spectacle fabuleux qui, selon la légende, a fait revivre Golem.
Les forces spéciales allemandes ont libéré les otages.
Le gouvernement égyptien a demandé l'aide de l'Allemagne pour résoudre la crise des otages - des experts sont arrivés.
Lorsque la situation s'est aggravée, les unités spéciales étaient prêtes, mais le déploiement n'a pas eu lieu.
Les autorités égyptiennes ont confirmé la libération de 11 touristes européens enlevés en Egypte.
Selon les ministères de la Défense et de l'Intérieur, les forces spéciales allemandes ont également participé indirectement à l'opération de sauvetage.
Selon les ministères, des experts de l'armée fédérale, des membres du groupe antiterroriste de la police allemande GSG9, des pilotes de la police fédérale, de l'Office fédéral du crime, ainsi que des experts en logistique du Service d'assistance technique (Technisches Hilfswerk) ont été libérés sur place.
Selon un autre communiqué des porte-parole des deux ministères, les forces allemandes n'étaient pas nécessaires lundi après-midi, car les enlèvements avaient laissé partir leurs prisonniers et s'étaient enfuies en reconnaissant les signes d'une libération forcée.
Le gouvernement égyptien a accepté l'aide offerte par l'Allemagne comme une force de soutien à l'action sur place.
« Heureusement, cela n’a pas eu lieu », a déclaré un porte-parole du ministère fédéral de l’Intérieur.
Un groupe de voyageurs, composé de cinq Allemands, cinq Italiens, une Roumaine et huit de leurs guides égyptiens, a été enlevé le 19 septembre dans le sud de l'Egypte.
Après l’enlèvement dans un désert du sud de l’Égypte, des otages ont été déplacés dans les zones frontalières entre l’Égypte, la Libye, le Soudan et le Tchad.
L’identité des ravisseurs est restée incertaine jusqu’au dernier moment, ainsi que les détails de la libération ou d’un éventuel paiement de la rançon.
Les secouristes se trouvent actuellement au Caire.
Le ministre Steinmeier a déclaré que les otages libérés étaient sous la garde de l'ambassade allemande.
Les détails de la libération n'ont pas été communiqués.
Pour le moment, aucune information n’est disponible sur le retour des secouristes en Allemagne.
Selon le journal Bild, les cinq touristes devraient même partir avec des forces spéciales dans l'un des Airbus de l'aviation allemande et arriver en Allemagne mardi.
La Chambre des représentants américaine rejette le plan de sauvetage
La Première Chambre du Congrès des États-Unis a adopté un plan de sauvetage de 700 milliards de dollars.
L’indice Dow Jones a fortement baissé.
Avec 206 voix contre 227, la Chambre des représentants américaine a rejeté le plan de sauvetage des marchés financiers.
Malgré tous les appels du président américain George W. Bush et des principaux politiciens des deux côtés, la majorité n'a pas trouvé de programme visant à atténuer le chaos sur les marchés financiers.
Avec cette action dramatique, les partisans ont désespérément essayé de convaincre les critiques du paquet de 700 milliards de dollars.
Barney Frank, l'un des négociateurs démocrates, a appelé les députés à donner leur accord avant le vote, même si, comme il l'a dit, le plan n'était pas populaire.
"Il est difficile d'obtenir une reconnaissance politique pour éviter quelque chose qui n'a pas encore eu lieu", a-t-il déclaré.
Pendant le vote, l'indice Dow Jones a chuté de plus de six pour cent, soit 600 points.
Les investisseurs s’inquiètent que le plan de sauvetage de l’État soit en panne.
Peu de temps avant la fin du vote, la valeur de l'indice a augmenté, pour ensuite reculer brusquement après l'annonce de l'échec du paquet.
Les experts prévoient de nouvelles turbulences sur les marchés financiers internationaux.
Pour que le programme puisse entrer en vigueur, il faut l'approbation de la Chambre des représentants et du Sénat.
Les agences de voyages enregistrent un nombre croissant de réservations
L'hiver semble être bon pour les entrepreneurs allemands du tourisme:
Selon une étude, le chiffre d’affaires des réservations de voyages pour les mois à venir a considérablement augmenté par rapport à l’année précédente – en hiver, même de plus de 30 pour cent.
Malgré la faible croissance économique, la volonté des Allemands de voyager reste intacte.
Les agences de voyages ont enregistré une augmentation de 31% du chiffre d'affaires des réservations pour la saison d'hiver par rapport à la même période de l'année dernière, a indiqué lundi à Berlin l'Association allemande des voyages (DRV).
Selon l’institut d’étude de marché GfK, les réservations sont déjà en hausse pour les mois d’automne.
Le chiffre d’affaires a ainsi été, selon DRV, plus élevé de 11% en octobre par rapport à 2007.
Ces résultats sont basés sur les chiffres de GfK, qui évalue chaque mois les données de réservation de 1 200 agences de voyages allemandes et les interpelle sur le marché global.
Ce résultat inclut les réservations de voyages effectuées jusqu'à la fin août 2008.
En raison du faible taux de change du dollar, les voyages aux États-Unis sont principalement demandés, a indiqué DRV.
Pour ces voyages, l'augmentation des réservations représente environ un tiers.
En outre, les cibles les plus recherchées par les Allemands sont l'Espagne, la Turquie et la Grèce, ainsi que les eaux intérieures.
Les voyages sont en cours, a déclaré le président de la DRV, Klaus Laepple.
Compte tenu de la hausse des dépenses en énergie et en denrées alimentaires, les coûts sont « plus faciles à compter pour le client que pour les vacances organisées individuellement ».
Laepple a expliqué que les consommateurs pouvaient économiser de l'argent en utilisant, entre autres, des rabais pour les réservations anticipées ou des offres all-inclusive.
Même pendant les mois d'été, le nombre de réservations a été très bon, de sorte que le chiffre d'affaires sera de nouveau plus élevé par rapport à l'année précédente - même si, selon une autre étude, le nombre d'Allemands qui ont entrepris un voyage a diminué par rapport à l'année précédente.
Mon premier Oktoberfest
Une pipe répétée à l'infini, une bière de fous et des prominents en costumes de designers célèbres.
Pour la première fois en bière.
Susanne Kronzucker et moi n’avons pas grand-chose en commun.
Elle est blonde, présentatrice de télévision et porte un costume sur mesure.
J'ai les cheveux noirs, je suis étudiante et ma robe est de secondhand.
Mais il y a une chose qui nous unit : nous n’avons pas encore passé trois minutes à boire de la bière, et les photographes et les cartes mémoire sont déjà en train de nous remplir, ce qui me fait plaisir, car c’est la première fois que je suis à l’Oktoberfest.
Vous pouvez vous faire des amis comme ça.
Il me semble que mon costume peu coûteux a accompli son but.
Je suis ici en tant que touriste et je vis au nord de l'équateur de la saucisse, donc mon sentiment de confort dans la tenue était plutôt limité.
Mais immédiatement après l'arrivée à Theresienwiese, tout va mieux que prévu.
Presque tout le monde porte un costume féminin ou des pantalons en cuir; personne n'a l'air dégoûtant ou embarrassant - tout est tout à fait normal.
Les regards étranges du stand aux bananes dans le chocolat ne font que récolter mon avant-goût.
Une femme de Munich m’a averti que je l’avais mal attachée : « Tu es libre à gauche, vierge au milieu, mariée à droite, veuve à l’arrière. »
Ils se cachent à l’arrière de la gauche.
« Bon », dit-il et se mit à rire.
D'autres, avec des techniques de flirt subtiles, ne s'occupent pas tant et portent des chapeaux en plâtre simples avec l'inscription "To drunk to get dressed!" et poussent sur les fesses nues des passants.
Un jeune homme avec de telles tendances exhibitionnistes s’appelle Bob, il vient d’Angleterre et est venu pour la première fois à l’Oktoberfest.
Il lui semble « gorgeous », avec un « oóó » prolongé.
C'est ce qu'il m'a dit après avoir soulagé le boisson qui venait d'être bue.
Juste à côté de l'un de ces hydrants que tout le monde pense être des poubelles.
Bob est donc l'un des "Wildbiesler" redoutés, comme on l'appelle en public en Bavière aux gens qui urinent librement.
Les autres n'ont pas la chance de se débarrasser de l'alcool de cette façon.
Vers huit heures du soir, ils courent sur la place où se déroule l'Oktoberfest, une foule de médecins qui doivent s'occuper des ivrognes pauvres.
Les médecins apparaissent toujours dans les troupeaux - dans les quatre, ils portent des supports couverts de tente à tente.
Ils fonctionnent comme la plupart des visiteurs des champs de bière: vide là-bas, plein à nouveau.
Qui se cache sous le coffre de cette pierre, on ne le voit pas.
"Ceux qui ne peuvent plus continuer", m'appelle un médecin en réponse à ma question et disparaît dans la foule.
La police annonce le nom de la victime de l'accident
Le nom d'une femme de soixante-trois ans, décédée à l'hôpital après avoir été heurtée par une voiture à Essex, a été publié.
L'accident de Shenfield Road à Brentwood a frappé Carole Paulson de Chelmsford Road vendredi après-midi.
Elle a été transférée à l'hôpital Queen's à Romford, mais est décédée plus tard.
Un homme de 55 ans a été arrêté après un accident de voiture.
Il a déjà été libéré sous caution policière.
Les horizons diplomatiques de la Turquie s'étendent
Bien avant que la Turquie ne commence à chercher à rejoindre l’Union européenne, les puissances européennes aspiraient à pénétrer profondément dans les frontières turques.
Sur la rive est du Bosphore, peut-être à vingt pas en Asie, se trouve l’un des plus beaux monuments de cette ambition impériale ratée.
La gare de Hydarpaša a été conçue par deux architectes allemands, Otto Ritter et Helmut Conu.
Les guides touristiques vous le diront.
Le bâtiment est assis à l'extrémité de la fin des trottoirs avec une tour à chaque coin de la façade, en vue de ne pas distinguer d'une ville de province allemande.
La pierre est sale.
L’ensemble du bâtiment s’effondre lentement.
Mais une fois que l'on entre dans la caisse enregistreuse, on ne peut plus douter de la taille de l'entreprise dont la porte la plus ouest de la station était.
La station a été inaugurée en août 1908 par le consortium allemand Anatolien-Baghdad.
L’Allemagne, qui s’est engagée tardivement dans le jeu des empires, avait l’intention de réaliser son ambition de dominer le Moyen-Orient à l’aide de ce chemin de fer qui devait mener à Damas, à Bagdad et au-delà du territoire qui est aujourd’hui l’Arabie saoudite.
Mais les ambitions impériales allemandes se sont effondrées pendant la Première Guerre mondiale.
Leurs cours ont été attaqués par Lawrence d'Arabie et ses troupes irrégulières.
L’isolement relatif des territoires environnants, créé par les frontières gelées de la guerre froide, a disparu.
Les troupes britanniques et coloniales avancèrent de l’Égypte et chassèrent les Turcs et leurs alliés allemands de Palestine et de Syrie.
Des mauvaises nouvelles sont également arrivées pour la station Hydarpaša.
En 1917, un train de munitions a détruit son toit.
Selon les autorités turques, il s’agissait d’un sabotage.
Depuis, elle s’est progressivement transformée et l’histoire l’a contournée.
Mais aujourd’hui, cette porte vers l’Anatolie et plus loin à l’est sert – au moins symboliquement – à mettre en évidence les horizons élargis de la diplomatie turque.
Le Parti de la Justice et du Développement (AKP) a créé une politique étrangère complètement nouvelle pour le pays.
L’isolement relatif des territoires environnants, créé par les frontières gelées de la guerre froide, a disparu.
Maintenant, une nouvelle politique est appliquée - la Turquie s'engage.
Il est remarquable que le gouvernement turc a de bonnes relations avec Israël et la Syrie, avec les factions palestiniennes du Hamas et du Fatah, avec l’Irak et l’Iran, et bien sûr avec l’Union européenne et les États-Unis.
Pour examiner les paramètres de cette nouvelle politique, j’ai pris le train de nuit pour Ankara, où je devais rencontrer l’un des principaux experts de l’AKP en matière de politique étrangère, le député turc Suat Kiniklioglu.
Le lendemain matin, environ dix heures et demie plus tard, après avoir parcouru les voies qui rappelaient les rythmes anciens du célèbre document La Poste nocturne, je suis arrivé dans une métropole turque, conçue comme une nouvelle ville pour un État laïc qui veut tourner le dos à son passé ottoman.
Mais l’AKP, avec ses racines islamistes bien connues, représente un changement de paradigme du consensus turc.
Elle a suscité des soupçons en Occident, en particulier à Washington.
Un taxi m'a amené à la tente principale de l'AKP, un bâtiment de pierre et de métal ultramoderne, délibérément construit sur une banlieue en pleine croissance, entouré de maisons de commerce semi-développées et de magasins de puissance, où les gestionnaires de milieu de gamme en costumes commerciaux - hommes et femmes - se rencontrent pour faire des affaires tôt le matin.
Suat Kiniklioglu pourrait bien être un politicien de centre-droite de presque tous les autres partis politiques européens.
Un sac, une cravate, je suis sûr qu'il avait aussi un Blackberry.
« L’objectif de la politique étrangère du parti est de réintégrer la Turquie dans son voisinage le plus proche.
La guerre froide était une anomalie », m’a-t-il dit.
La Turquie a été coupée de ses frontières.
Il faut regarder à l’Est et à l’Ouest en même temps.
Ce n’était pas un choix.
Il devait faire les deux.
« Mais il viendra certainement un moment », ai-je demandé, « quand la Turquie devra-t-elle peut-être prendre une décision ? »
« La Turquie, a-t-il dit, ne voulait pas qu’une telle décision ait lieu. »
Ensuite, il a souligné ce que presque tous ceux avec qui j'ai parlé ont dit presque à l'esprit: les relations turques, non seulement avec le Moyen-Orient, mais aussi avec le Caucase et les environs de la mer Noire, sont aussi bénéfiques pour l'Europe et les États-Unis que pour la Turquie.
Avec la Turquie à bord, il semble que l’Europe dans son ensemble puisse, métaphoriquement parlant, suivre ces voies vers l’Est, en passant par l’Asie et le Moyen-Orient.
De retour à la gare d’Hydarpaša, après une autre nuit en grande partie couchée, je pensais à ces deux seigneurs allemands, Herr Ritter et Herr Conu, qui regardaient comment ce bâtiment se construisait il y a cent ans.
Comme ils seraient surpris de découvrir que les ambitions européennes au Moyen-Orient pourraient maintenant être, en grande partie, entre les mains de la Turquie.
Et alors que j’attendais le ferry de retour sur le Bosphore dans le port, je me suis souvenu qu’en ces jours-là, la Turquie était appelée « l’homme malade de l’Europe ».
Ainsi, il semble que, au moins à l'époque, il n'y avait pas beaucoup de doute sur le continent qui aurait droit à ce pays fascinant.
Les vies mémorables de Vernon Handley et William Woodruff
Mark Brown écrit: En tant que directeur musical de Guildford depuis 1962, Vernon "Tod" Handley (nécrologue, 11 septembre) a dirigé l'orchestre et le chœur de la Philharmonie de Guildford.
Dans le cadre du plan de musique du district, un excellent chœur de jeunes Proteus a été fondé un an plus tard.
Il devait avoir 21 ans, mais au moment où Proteus chantait pour la dernière fois en 1979, quelques-uns d'entre nous avaient presque 30 ans - nous avons simplement refusé de renoncer au chœur.
Le nom "Proteus" (transformateur mythologique) représentait la volonté et la capacité du chœur de se lancer dans n'importe quelle musique qui lui était présentée - qu'il s'agisse de madrigales ou de Messiaen, que ce soit seul ou avec l'orchestre entier.
L'adaptation musicale créée par un tel jeune chœur était souvent étonnante, toujours passionnante, et tout cela grâce à l'inspiration de cet homme unique et à l'enthousiasme pour la musique qui restait absolument inchangé tout le temps.
Combien de fois, seul Tod nous a dit de "laisser la musique parler pour elle-même".
Il a dit: "Le compositeur sait ce qu'il veut.
C’est tout dans cette musique.
Alors chantez ! »
Sa technique tactique était absolument claire et précise, mais elle n’était ni dictatoriale ni florissante.
Quel que soit le niveau de la musique, il a toujours été élevé.
John Frayn Turner a écrit :
Si un dirigeant devait être nommé chevalier, c’était Vernon Handley.
Je l’ai bien connu pendant deux décennies, quand il a dirigé la Philharmonie de Guildford de 1962 à 1982.
Au cours des 40 dernières années, j'ai évalué plus de 100 de ses concerts et je peux honnêtement dire que je n'ai jamais été déçu par aucun d'entre eux - et j'ai été inspiré à de nombreuses reprises.
Tod Handley avait un tel excellent mélange de taille et de modestie personnelle.
Il détestait les dirigeants qui, selon ses mots, « tiraient tout simplement une ou deux poutres dans le monde ».
Il va manquer à beaucoup d’entre nous.
William Woodruff
Le professeur John Beckett a écrit :
Votre nécrologue William Woodruff (25 septembre) affirme que « en 1946 il est revenu à l’histoire économique à Oxford et en 1950 il est devenu chercheur à Houblon-Norman... tout en étudiant à la BSc, MA et PhD ».
Ceci est basé sur la remarque de l'auteur Woodruff dans Beyond Nab End, mais ce n'est pas exact.
De 1946 à 1953, il a enseigné l'histoire économique à l'Université de Nottingham, et à l'époque, il a fait une thèse sur l'industrie de la caoutchouc britannique, dirigée par le professeur J. D. Chambers, puis publié en 1958 comme la publication L'industrie de la caoutchouc britannique.
En effet, il a passé les années 1950-51 en Amérique comme chercheur à Houblon-Norman et l'été 1952 à l'Université d'Illinois, Harvard et New York.
En 1953, il quitte définitivement Nottingham et s'installe dans l'Illinois.
On ne sait pas pourquoi Woodruff a passé cette partie de sa carrière.
J. Vicente Resino à la Faculté de Philosophie
"Je recommande l'exposition de José Vicente Resina "Flamenco et la vie", car ses photographies documentaires en noir et blanc sont incroyables.
Ils m’ont attiré par la simplicité et la puissance avec lesquelles ils agissent sur les spectateurs, et par la considération et le respect pour ceux qui sont photographiés.
Un spectacle qui montre beaucoup de choses.
« La magie peut capturer des moments magiques.
Honda lance pour la deuxième fois son best-seller
En novembre, Honda lancera la deuxième génération du Jazz.
Si le prédécesseur de ce véhicule unique disposait déjà d’un espace considérable, il offre désormais un intérieur encore plus spacieux.
À cela s’ajoutent des moteurs améliorés qui augmentent le confort de conduite et permettent une plus grande économie de carburant.
L’évolution plutôt que la révolution.
C’est la deuxième génération de la Honda Jazz.
Bien que, d’un point de vue esthétique, les lignes du nouveau Jazz soient très similaires à celles du modèle précédent, de nombreux changements ont été apportés à ce véhicule monospatial.
Il faut notamment mentionner un design innovant, une nouvelle plate-forme, des dimensions plus grandes et de nouveaux moteurs.
Avant même d’explorer le nouveau modèle, il convient de noter que le nouveau Jazz arrive sur le marché six ans après le lancement de la première génération.
Par conséquent, la première chose que nous remarquerons est le fait que Honda a besoin de moins de temps pour rajeunir ce modèle que les autres fabricants.
Bien que le Jazz soit un modèle moins connu en Europe, il est devenu un phénomène de vente sur d'autres marchés.
C’est le cas du Japon, où le Jazz a été la voiture la plus vendue en 2002 et en 2008.
Depuis le lancement de la Honda Jazz, près d’un million d’exemplaires ont été vendus au Japon.
Le deuxième marché est devenu le vieux continent avec environ un demi-million d'exemplaires vendus en six ans.
Honda veut que le nouveau Jazz augmente ses ventes dans sa catégorie.
Ainsi, alors que la société japonaise a vendu un total de 83 000 Honda Jazz en 2007, elle estime qu’elle compterait 100 000 véhicules en 2009, ce qui représenterait une augmentation de 17 % sur le marché européen.
En ce qui concerne le marché espagnol, Honda a vendu 8 000 Honda Jazz depuis 2002, soit 6,7 % des ventes totales de Honda en Espagne.
En ce qui concerne la nouvelle génération de Jazz, la direction de la branche espagnole s'attend à vendre 2 000 exemplaires tout au long de l'année.
L’arrivée du nouveau Jazz permettra à Honda de réduire considérablement la baisse des ventes en Espagne.
Les dirigeants de la marque s’attendent ainsi à la fin de l’année avec un total de 22 000 unités vendues, soit une baisse de 4 000 unités par rapport à 2007 et une baisse de 16 %.
Malgré cette hausse des ventes, Honda a augmenté sa part de marché espagnol à 1,8 %, contre 1,6 % l’an dernier.
En 2010, l’entreprise japonaise prévoit une hausse de 2%.
Pour atteindre cette part, Honda compte sur le succès de son prochain nouveau modèle.
Il s’agit du Honda Insight, un hybride compact à cinq portes de 4,37 mètres de long, dont la société japonaise promet une vente mondiale d’environ 200 000 unités par an.
En ce qui concerne les marchés, selon les estimations du constructeur japonais, 50% de l'Insight sera vendu aux États-Unis, tandis que le reste du pourcentage sera partagé entre le Vieux Continent et le Japon.
Le lancement des ventes de la Honda Insight est prévu dans les premiers mois de l'année prochaine, une fois qu'il sera présenté au public à Valence en janvier.
Par rapport à la première génération, les dimensions du nouveau Jazz ont été augmentées.
Sa longueur est passée à 3,9 mètres (cinq centimètres de plus), sa largeur à 1,69 mètres (deux centimètres de plus) et l’écart des axes à 2,5 mètres, ce qui signifie une prolongation de cinq centimètres.
En revanche, la hauteur n’a pas changé et reste de 1,52 mètres.
Avec l’augmentation des dimensions, l’espace intérieur a également augmenté.
Cet avantage a été obtenu par l’utilisation d’une nouvelle plate-forme et par le stockage d’un réservoir de carburant au centre de la voiture, qui était déjà utilisé pour la Honda Jazz précédente.
En outre, le volume du coffre-fort, doté d’un système double-bassage, s’est élevé à 399 litres, soit 19 litres de plus que celui de la première génération.
Il convient de noter que ces dimensions se produisent dans la version 1.4, car le volume du coffre de la Honda Jazz 1.2 est de 379 litres.
Outre les caractéristiques extérieures, telles que les feux LED arrière ou la possibilité d’un toit panoramique vitré, l’accès aux sièges arrière est plus facile.
Les portes qui mènent à la deuxième rangée de sièges permettent un angle d'ouverture de 80 degrés contre 67 pour le premier modèle Jazz.
La deuxième génération de Honda Jazz est dotée d’un nouveau moteur.
Initialement, ce petit modèle sera proposé avec deux moteurs essence de 1,2 et 1,4 litres.
Les deux moteurs utilisent la technologie i-VTEC pour réduire la consommation de carburant, réduire les émissions de dioxyde de carbone et offrir des améliorations exceptionnelles du système de propulsion tout en offrant un couple élevé dans toute la gamme de vitesses du moteur.
Le premier moteur de 1,2 litre a une puissance de 90 chevaux à 6 000 tours avec un couple maximal de 114 Nm à 4 900 tours.
Ce moteur, qui était de 78 chevaux pour la génération précédente du Jazz, consomme 5,3 litres et émet 125 grammes de CO2.
Contrairement au moteur de la génération précédente, qui a atteint 83 chevaux, le moteur actuel atteindra 100.
La Honda Jazz 1.4 de 100 chevaux a une consommation combinée de 5,4 litres et une émission de 128 grammes de CO2.
La voiture d'abeille empêche les collisions
Pour avancer dans le développement de technologies de protection contre les accidents, Nissan s’est inspiré de la nature, en particulier des abeilles.
Cette entreprise japonaise a créé un robot qui prend pour modèle le vol des abeilles et empêche ainsi les collisions.
Le Bio-mimetic Car Robot Drive ou BR23C est la première étape de la technologie de prévention des collisions.
Les ingénieurs du Centre pour le progrès technique de Nissan Motor Co. ont développé le robot en collaboration avec le Centre pour le progrès de la recherche scientifique et technologique de la prestigieuse Université de Tokyo au Japon.
Selon Kazuhir Doie, directeur général des relations publiques pour la technologie, la recherche et le développement de la marque, le BR23C est présenté comme une extension des quatre zones du bouclier de sécurité de Nissan.
Le robot a pour mission de renforcer la capacité de prévention des collisions des voitures de cette marque.
Pendant le vol, chaque abeille crée son propre espace personnel en forme ovale, qui ressemble beaucoup au bouclier de sécurité de Nissan.
Mais les plus importants sont les yeux d'abeille complexes, capables de voir dans toutes les directions à un angle supérieur à 300 degrés, ce qui permet à l'abeille de voler dans son espace personnel sans s'arrêter.
Pour créer cette fonction visuelle, les ingénieurs ont conçu ce qu’ils ont appelé un localisateur laser (Laser Range Finder).
Il enregistre les obstacles qui se trouvent à une distance allant jusqu’à deux mètres dans un rayon de 180 degrés devant le BR23C, calcule la distance de l’objet et envoie un signal au microprocesseur à bord qui le convertit immédiatement en avertissement de collision.
"Dès que l'obstacle est détecté, le robot imite les mouvements des abeilles et change immédiatement de direction en tournant les roues à un angle droit ou encore plus grand pour éviter une collision.
La plus grande différence par rapport à n’importe quel système existant, c’est que toutes les manœuvres sont totalement instinctives.
Si ce n’était pas le cas, le robot ne serait pas capable de réagir assez rapidement pour éviter les obstacles », explique Toshiyuki Andoh, directeur du Mobile Laboratory et ingénieur en chef du projet.
Un robot, contrairement à une abeille, ne peut pas se déplacer en haut et en bas, ni en diagonale, son mouvement est limité à deux dimensions et à la direction que permet la rotation de ses roues, mais pas dans un nombre infini de directions et de possibilités comme chez les abeilles.
En plus de l’accélération et du ralentissement, Nissan a également utilisé la fonction de rotation pour éviter les collisions.
« L’appareil n’a besoin que de traiter l’information toutes les deux secondes et de se conserver en fonction de ces données.
Il ne nécessite ni la conservation d'informations ni l'intuition logique des manœuvres précédentes, ce qui lui permet de fonctionner sans interruption avec seulement deux douzaines de KB de mémoire.
Vous serez peut-être surpris, mais dans la mémoire, nous ne parlons pas de giga ou de mega. »
C’est la première étape dans le développement de nouvelles technologies de prévention immédiate des collisions, une technologie dont Nissan prévoit l’utilisation dans les voitures de série dans une décennie.
Le robot utilise des batteries lithium polymère qui sont plus légères et durent plus longtemps que les batteries lithium-ion.
Une autre utilisation possible de cette technologie pourrait être l’intégration d’une unité dans le système de navigation par satellite GPS, ce qui permettrait au conducteur d’atteindre sa destination tout en évitant les obstacles sur la route.
Profitez de la peur avant de prendre un prêt hypothécaire
Il faut reconnaître que le ministère des Finances des États-Unis, en plus d’avoir suffisamment de capital pour distribuer des injections, ne manque pas non plus d’ingéniosité.
Face à la crise, et pour empêcher les Américains de prendre des prêts hypothécaires à risque auprès de banques à solvabilité douteuse, il a créé sur Internet un jeu populaire-scientifique "Bad Credit Hotel".
Ce n’est pas un hôtel de mauvais crédit... ou un hôtel confus.
L'hôtel, et en particulier ses réceptions, ont l'air sombres pour que l'on réfléchisse une, deux ou trois fois si c'est le bon moment pour demander un prêt.
Et surtout où demander, ce qui est probablement son intention.
Le fait est que le jeu contient des informations utiles, bien que pas très détaillées.
Il s’agit d’un site destiné aux jeunes plutôt que d’un espace destiné au grand public.
Que se passe-t-il quand le jeu est terminé ?
Une chambre de rêve apparaît à l'intérieur de l'hôtel.
Parce qu’il vaut mieux ne pas parler d’achat d’une maison...
Morgan Stanley ouvre son capital à MUFG
La maison de banque Morgan Stanley a annoncé que Mitsubishi UFJ Financial Group (MUFG), la plus grande banque japonaise, entrera dans son centre, qui émettra neuf milliards de dollars pour récupérer 21% de son capital.
Une semaine après avoir dévoilé leur accord préliminaire, les deux banques ont expliqué que MUFG prévoyait d’acheter 9,9 % des actions courantes de Morgan Stanley à un prix unique de 25,25 dollars, ce qui représente un bénéfice total de trois milliards de dollars.
Le prix convenu est inférieur de 19 % à la valeur comptable des titres au 31 août.
MUFG investit six milliards de dollars supplémentaires dans l’acquisition de titres convertibles, qui lui assurent un rendement de 10 % et dont le prix de change est de 31,25 dollars.
Morgan Stanley a précisé que l'ensemble de l'opération se déroulerait sur la base d'un prix unique moyen de 29 $, soit 28% en dessous de son taux actuel.
Les actions de Morgan Stanley ont toutefois perdu 6,79% pour atteindre 23,07 $ vers 17h00 GMT.
"Cette fusion stratégique représente une opportunité importante pour accélérer la transition de Morgan Stanley vers le statut de holding bancaire", a expliqué John Mack, PDG du groupe américain.
Le nouveau statut a été adopté par Morgan Stanley la semaine dernière, ce qui devrait lui permettre de diversifier ses activités, tout en le plaçant sous la supervision de la Réserve fédérale.
Sa fusion avec MUFG confirme également que la crise financière actuelle pousse les plus grands as de Wall Street à adopter une approche beaucoup plus prudente qu’auparavant.
Les conditions présentées lundi montrent notamment que l'accord a été modifié au cours des derniers jours : lundi dernier, Morgan a seulement annoncé qu'il vendrait jusqu'à 20% de ses actions aux Japonais pour environ 8,5 milliards de dollars.
"Il y a une semaine encore, nous pensions", a expliqué à Tokyo Tošihide Mizuno, directeur général de MUFG, "que notre participation serait composée exclusivement d'actions courantes.
Cependant, compte tenu de la situation actuelle de l’économie et du marché, nous avons voulu réduire les risques au minimum et nous couvrir. »
Sur la base du prix moyen pondéré, MUFG paiera 7 % de moins que la valeur comptable des titres de Morgan Stanley.
Et l'opération entraînera une réduction du bénéfice de l'action d'environ 20%.
L'accord prévoit que MUFG sera en mesure de convertir la moitié de ses titres préférentiels en actions courantes dans un délai d'un an, à condition que ces dernières soient échangées pendant un certain temps à un prix supérieur de 50% au prix de change, soit environ 47 $.
Morgan Stanley assure que le capital qu'il apportera à MUFG lui permettra d'exploiter les opportunités d'investissement, de renforcer son bilan et d'augmenter son argent.
Cependant, un porte-parole du groupe a refusé de fournir des informations précises sur les projets stratégiques des deux nouveaux alliés.
Après l’investissement de MUFG, Morgan Stanley devrait se vanter d’un ratio de solvabilité Tier One d’environ 15%, l’un des meilleurs du secteur.
Morgan a précisé que depuis la fin du mois d’août, il avait « sensiblement » réduit son bilan.
Les dernières semaines ont été difficiles pour le groupe, car son cours boursier a reculé de moitié, tandis que les coûts d’assurance contre le risque de non-paiement lié à la dette ont augmenté de façon spectaculaire.
Ces coûts ont connu une évolution inverse lundi, mais restent élevés, autour de 12%.
La semaine dernière, Goldman Sachs, le seul autre "survivant" des grandes banques d'investissement de Wall Street après la faillite de Bear Stearns et Lehman Brothers et le rachat de Merrill Lynch, a annoncé avoir recueilli 15 milliards de dollars, en partie de Berkshire Hathaway, le groupe de Warren Buffett.
Rafael Correa lundi à Quito.
Rétablir la République autour du socialisme du XXIe siècle.
C’est le projet conjoint du Vénézuélien Hugo Chavez, de la Bolivienne Eva Morales et de l’Équateur Rafael Correy.
Dimanche dernier, le troisième nommé a soumis au vote, à l’exemple de ses homologues et amis, un projet de nouvelle Constitution.
Et sa mission est accomplie, puisque 64% des électeurs, selon les résultats officiels couvrant 80% des voix, ont voté "oui" au référendum.
Selon ces résultats, le « non » a obtenu 28 %, 7 % des voix ont été annulées et 0,7 % des bulletins ont été vides.
Pour être adopté, il a fallu obtenir la moitié des voix plus un.
Deux sondages menés à l'est des bureaux de vote et un recensement d'ONG ont prédit dimanche une victoire claire du "oui", les situant entre 63 % et 70 %.
Rafael Correa a réclamé la victoire de son projet de Constitution dans la nuit de dimanche à lundi.
"La Constitution a gagné sur toute la ligne", a-t-il assuré et félicité les Ecuadoriens au siège du gouverneur de Guayaquil, à 280 kilomètres au sud-ouest de Quito.
Il est évident que Rafael Correa a reçu des félicitations de Chavez et de Morales, mais aussi de son homologue chilien, Michelle Bachelet.
Selon la mission d'observation de l'Organisation des États d'Amérique (OEA), le vote s'est déroulé dans le calme sur le texte de 444 points construisant le "nouveau socialisme" promu par le président.
Le projet de Constitution consacre le pouvoir de l’État sur l’économie en lui réservant la « planification du développement » d’un pays vivant principalement de l’extraction de pétrole par des sociétés étrangères et des devises envoyées par ses émigrés.
La proposition protégée par Correa, qui a été élue en 2006, élargit également les pouvoirs du chef de l'Etat, qui pourra exercer deux mandats de quatre ans consécutifs et aura la possibilité de dissoudre la Chambre.
Correa a déjà annoncé qu’il ferait usage de ce pouvoir et qu’il se présentera pour un nouveau mandat en février 2009.
La Constitution renforce notamment le principe de la gratuité de la santé et de l’éducation que le président a mis en place dans un pays de 13,9 millions d’habitants, où 50% de la population vit en dessous du seuil de pauvreté.
Enfin, il prévoit également d’interdire la présence de troupes étrangères, mettant ainsi fin à l’accord entre Washington et Quito sur l’utilisation de la base équatorienne comme point de départ des opérations antidrogue américaines.
19 otages libérés au Tchad
Les autorités égyptiennes ont arrêté l'enlèvement de 11 touristes et de leurs huit membres d'escorte qui avaient été capturés il y a dix jours.
Ils sont au Caire.
Les onze touristes européens et leurs huit guides égyptiens, qui ont été détenus pendant dix jours dans le désert, ont été transportés vivants et sains lundi dans la capitale égyptienne.
Ce matin, ils ont été libérés au Tchad par les forces égyptiennes.
Les otages sont arrivés vers 15h30, apparemment en bonne forme, à bord d'un avion spécial à la base militaire d'al-Maza, à proximité de l'aéroport international du Caire.
Ils ont immédiatement été transportés, sans avoir la possibilité de s’exprimer dans la presse, à bord d’un hélicoptère à l’hôpital de Maadi, quartier résidentiel périphérique du Caire, pour y être soumis à des examens médicaux.
"Ils sont complètement en bonne santé" et "aucune rançon n'a été versée aux ravisseurs", a déclaré le ministre égyptien du Tourisme, Zoéhir Garrana, dans un communiqué.
Depuis sa capture le 19 septembre lors d’un safari dans un véhicule à quatre roues au pied de la montagne d’Uanat, à la frontière entre l’Égypte, le Soudan et la Libye, un groupe d’otages a été enlevé d’un refuge à l’autre par 35 pirates inconnus.
Le groupe comprend 11 touristes - cinq Italiens, cinq Allemands et un Roumain - ainsi que huit Égyptiens: deux guides, quatre chauffeurs, un directeur des frontières de l'agence Aegyptous, organisatrice du safari.
Un haut responsable des forces de sécurité égyptiennes a indiqué que 30 membres des forces spéciales qui s'étaient approchés de l'endroit à bord de deux hélicoptères avaient débarqué pendant la nuit juste avant l'aube.
"Il y a eu une fusillade, la moitié des kidnappers ont été tués et les autres ont fui", a déclaré cette source, souhaitant rester anonyme.
Il a indiqué qu’un total de 150 membres des forces spéciales égyptiennes de l’unité « flash » avaient été envoyés au Soudan, où ils avaient obtenu le soutien des commandos allemands et italiens.
Le chef de la diplomatie italienne, Franco Frattini, est venu de Belgrade, où il se trouve actuellement, pour évoquer le rôle joué par des agents secrets et des forces spéciales italiennes.
"Nous devons reconnaître que nous avons obtenu ce résultat grâce au professionnalisme et à l'efficacité de nos services secrets, des forces spéciales", a-t-il déclaré.
Il a également nié qu’une rançon ait été versée.
La veille, l'armée soudanaise a déclaré avoir arrêté un véhicule à quatre roues à bord duquel se trouvaient des enlèvements, tuant six personnes, dont le commandant tchadien, et arrêtant deux.
L'armée a affirmé avoir été liée à un groupe rebelle au Darfour, le Mouvement pour la libération du Soudan - Unité (SLA-U), ce que le mouvement a immédiatement rejeté.
Lettre - La majorité silencieuse du département de la culture
Le débat sur le financement de la culture remplit les titres des journaux et est le thème de la campagne électorale en cours.
Le mieux.
Cependant, un domaine de notre vie culturelle est toujours négligé.
Qui se lèvera pour réprimander les pauvres sommes versées aux petits musées, aux archives, aux fouilles archéologiques et aux monuments nationaux qui meurent de faim ?
Quel politicien osera rappeler au gouvernement fédéral qu’il néglige ses monuments et ses bâtiments historiques ?
Qu’au Québec, comme au Canada, nous n’avons pas de lois qui protègent réellement notre patrimoine culturel ?
Saviez-vous que le gouvernement français consacre trois millions et demi d’euros à la restauration du seul château de Chinon dans la vallée de la Loire ?
Pour nos voisins américains, il est écrit dans la Constitution que la protection du patrimoine culturel fait partie de la culture américaine et que ce patrimoine doit être protégé par tous les citoyens, tous les représentants élus et toutes les organisations régionales, en collaboration.
Au Québec, au sein de la fédération des sociétés d’histoire du Québec, au moins 40 000 volontaires regroupés dans 211 sociétés d’histoire, de monuments, d’archives et de généalogie s’efforcent de dévoiler l’histoire, de préserver une pile d’archives privées et de protéger les vestiges archéologiques pour quelques petits.
Souvent, ce sont ces sociétés qui sont les chiens de garde de nos monuments qui, poussés par le désespoir, protestent lorsque les promoteurs et les dirigeants déversent leurs bulldozers sur les vieilles pierres et les cimetières oubliés.
Quand est-ce que l’on pourra enfin voir des tribunes pour l’histoire et les monuments ?
Les gouvernements du Benelux de la banque Fortis
Les États du Benelux aideront la banque belge-néerlandaise Fortis, qui est la première en Europe à avoir des ennuis à cause de l'effet de la crise sur le marché hypothécaire américain, par une nationalisation partielle: les trois pays soutiendront un établissement monétaire et d'assurance, qui a une participation de capital également en Hongrie, pour un montant de 11,2 milliards d'euros.
Les gouvernements belge, luxembourgeois et néerlandais se sont mis d'accord ce week-end avec le président de la Banque centrale européenne et la commissaire européenne à la concurrence.
Fortis est la première banque de la zone euro à entrer dans une crise majeure à la suite de la crise des marchés financiers internationaux qui s’est propagée en vagues depuis plus d’un an, et les décisions prises à cet égard pourraient être considérées, à un certain point de vue, comme des précédents.
Selon la décision prise dimanche soir, les trois États achèteront près de la moitié (49 %) des actifs de la banque.
La banque a annoncé qu'elle allait vendre une partie de ses actions, notamment les activités d'assurance achetées l'an dernier auprès de la banque néerlandaise ABN Amro.
Les actions de Fortis ont commencé à chuter la semaine dernière, avec des signes de crise au cours de la seconde moitié de la semaine.
Mais les analystes sont d'accord sur le fait qu'avec ses 85 000 employés, la banque est trop grande pour faire faillite.
Les valeurs mobilières de l'entreprise ont chuté de 12% vendredi, à un plus bas niveau depuis 14 ans.
Depuis janvier, la valeur des actions a chuté de plus de deux tiers.
Compte tenu des prix actuels des actions, la valeur totale du capital de marché du groupe s'élève à environ 14 milliards d'euros, mais selon les dirigeants de l'entreprise, ce n'est pas réaliste.
Les dirigeants de l'entreprise accusent la chute des actions de Fortis d'incertitude sur les marchés d'outre-mer liés à l'adoption d'un plan de paquet américain de 700 milliards de dollars.
Lundi, les actions ont légèrement augmenté.
Vendredi, le nouveau directeur général de la banque, Filip Dierckx, a été nommé à la tête.
L’agence cherchait également des acheteurs privés, mais personne n’a encore présenté une offre plus sérieuse.
Le gouvernement belge a déjà annoncé que les investisseurs n'avaient pas à s'inquiéter de ne pas perdre leur argent.
La panique n’a pas encore éclaté entre les clients de la banque et les succursales n’ont pas été prises par l’attaque.
En Hongrie, la banque Fortis possède une succursale distincte et a également racheté plusieurs sociétés de leasing.
Le renard dans le poulet
Les compagnies d'assurance vie et de santé en Amérique, basées sur les données des gens sur l'achat de médicaments, rejettent souvent la possibilité de conclure un contrat d'assurance avec un soumissionnaire.
Les experts en protection des données craignent que le marché des données devienne incontrôlable.
"Il existe un programme de protection des données qui lie l'utilisation des données de prescription de médicaments dans tous les cas à l'autorisation de la personne concernée.
Celle-ci doit être entre les mains de quelqu’un d’indépendant, sinon nous confierons le poulet à une renarde », cite le Washington Post Richard Dick, auteur du programme de suivi des prescriptions de médicaments.
Les compagnies d’assurance font dépendre les primes d’assurance et les montants versés en cas d’événements d’assurance de l’état de santé des intéressés et, si le risque est jugé trop élevé, elles ne concluent même pas d’assurance.
Auparavant, ils envoyaient les personnes concernées pour des examens médicaux et ne concluaient un contrat que s’ils connaissaient leurs résultats.
Il y a dix ans, Dick a inventé une procédure beaucoup moins coûteuse: sur la base d'un numéro d'identification, le client de la pharmacie peut facilement savoir quels médicaments l'intéressé a acheté au cours de la dernière année et demie, d'où le programme lui-même déduit ce qu'il souffre de la maladie et quel est son état de santé.
Par exemple, si vous achetez régulièrement un grand nombre de médicaments pour réduire le cholestérol, cela indique qu'il a un taux de graisses dans le sang pratiquement incontrôlé, ce qui le classe immédiatement dans la catégorie de risque plus élevé.
Plusieurs versions du programme sont en circulation, certaines déterminant simultanément le coefficient de risque, de sorte que la compagnie d'assurance, en plus de la documentation, ne reste presque pas de travail, bien que de petites difficultés apparaissent.
Parmi les inconvénients, certains médicaments peuvent être utilisés à plusieurs fins, certains composés peuvent être utilisés contre la migraine ou les rafales de chaleur, mais sont également efficaces contre la dépression.
Ceux-ci représentent, du point de vue des compagnies d’assurance commerciales, un facteur important d’augmentation des risques, tandis que les difficultés mentionnées ci-dessus ne le sont pas.
Afin de recueillir et de traiter les données, des sociétés spécialisées ont été créées, qui demandent l'autorisation du patient avant d'obtenir les informations nécessaires des pharmacies.
Les autorités les obligent à le faire, bien qu’elles n’aient pas été sanctionnées pour leur négligence.
Certaines entreprises traitent récemment les résultats des examens de laboratoire, qui sont associés à des données sur les médicaments utilisés, ce qui leur permet de fournir une image encore plus précise de l'état de santé des patients.
De plus en plus d’entreprises ont accès aux données, et le contrôle de leur utilisation devient de plus en plus difficile.
Il existe une loi spéciale sur la protection des données relatives à la santé, mais son efficacité ne s’applique qu’aux prestataires de services de santé et aux compagnies d’assurance.
Le projet de loi, qui autorisera les autorités à contrôler les entreprises spécialisées dans la fourniture de données, est devant le Congrès.
Richard Dick reconnaît que cela ne suffit pas : il a donc développé son programme de manière à ce que la transmission des données soit subordonnée au consentement explicite de la personne concernée.
D’autre part, il est difficile de refuser l’autorisation, sinon les compagnies d’assurance ne feront pas de contrat avec lui.
Les poules sont un peu dépendantes de la bonne volonté.
Menu mondial de Marseille
L'Union européenne et l'Inde vont doubler leurs échanges commerciaux
Comme l’Union européenne et l’Inde sont les principaux partenaires commerciaux de l’autre, ce thème a également dominé l’ordre du jour du neuvième sommet, en plus d’autres problèmes essentiellement mondiaux.
Un sommet franco-indien sera également organisé aujourd’hui, qui traitera notamment de la coopération dans le domaine de l’énergie atomique.
L’Union européenne reconnaît que l’Inde est une puissance démocratique émergente qui devrait avoir plus de possibilités de s’exprimer dans les affaires internationales, mais les pays membres n’ont pas encore trouvé de dénominateur commun pour soutenir l’adhésion permanente de New Delhi au Conseil de sécurité de l’ONU.
Cette question n’a pas encore été abordée lors du neuvième sommet qui s’est tenu à Marseille.
Le président français Nicolas Sarkozy en tant que président actuel de l'Union européenne, le président de la Commission européenne José Manuel Barroso et le haut représentant pour les affaires étrangères Javier Solana ont accueilli le Premier ministre indien Manmohan Singh, avec lequel ils ont également convenu que le chiffre d'affaires commercial devrait doubler dans les cinq ans, soit atteindre plus de 100 milliards d'euros.
Étant donné que les échanges de biens ont augmenté de 25 à 55 milliards entre 2000 et 2007, il ne s’agit pas d’un objectif trop ambitieux.
En ce sens, les vingt-six accords bilatéraux existants avec l’Inde sur l’aviation civile ont été conciliés sur le plan juridique, ce qui a permis à l’avenir de favoriser le transport aérien.
L'Union européenne et l'Inde souhaitent signer un accord de libre-échange d'ici la fin de 2009.
Sarkozy a promis que les négociations seraient accélérées.
L’objectif est d’équilibrer le bilan, alors que l’UE est le premier partenaire commercial de l’Inde, tandis que New Delhi figure au neuvième rang parmi les partenaires de l’UE.
Le sommet a également porté sur les questions mondiales.
Les deux parties ont condamné la situation en Afghanistan et au Pakistan, respectivement le terrorisme sous toutes ses formes, et ont appelé à la convocation urgente d'une conférence de l'ONU.
Ils ont également appelé à la fin du cycle des négociations commerciales de Doha, bien que les deux parties aient beaucoup contribué à son échec.
L'Union européenne a confirmé qu'elle insisterait sur son programme énergétique et climatique, à savoir qu'elle souhaiterait réduire les émissions de substances nocives d'au moins 20% d'ici 2020.
L’Inde a également accepté de conclure un accord mondial lors de la conférence sur le climat de l’année prochaine afin de réduire de 50% les émissions de gaz à effet de serre d’ici 2050.
Les deux parties veulent également empêcher la hausse des prix des denrées alimentaires et soutiennent la convocation d'une conférence internationale pour analyser la crise financière.
Le Premier ministre indien se rendra aujourd'hui dans la capitale française pour conclure un accord sur l'utilisation pacifique de l'énergie atomique lors d'une rencontre bilatérale.
Paris estime que les entreprises françaises obtiendront un mandat de 20 milliards d'euros pour la construction de réacteurs nucléaires en Inde.
Selon l'agence, l'accord devrait être en vigueur pendant 15 ans.
Plus de 300 éditeurs italiens à Francfort
Une grande participation des éditeurs italiens au salon international du livre de Francfort.
Plus de trois cents éditeurs italiens participeront à la 60e édition de la Buchmesse, la plus importante réunion internationale pour l’échange de droits.
La Foire internationale du livre de Francfort attend plus de sept mille exposants de cent un pays différents, qui occuperont une superficie de 171,790 mètres carrés avec plus de quatre cent trois mille titres à voir, avec la Turquie comme invité d'honneur.
Le vice-ministre de la Culture, Francesco Maria Giro, représentera le gouvernement italien lors de la cérémonie d’inauguration au Pavillon italien : l’Italie participera en fait institutionnellement avec le Centre italien (Punto Italia) – sur 264 mètres carrés d’une superficie d’exposition.
Une réunion de presse sera suivie au Room Struktur Buchmesse dans le pavillon 5.0 : l’occasion de présenter des chiffres, des tendances et des perspectives sur l’état de l’édition en Italie.
Selon les données, l'importance des livres d'auteurs étrangers est de plus en plus diminuée par rapport à la production totale italienne, principalement en ce qui concerne la littérature pour enfants et adultes.
L'avion de Steve Fossett, un millionnaire disparu il y a un an, retrouvé
L'avion de Steve Fossett a disparu le 3 septembre 2007 alors qu'il traversait le désert du Nevada.
Les débris ont été découverts dans une plaine de trois mille mètres au-dessus de la mer, dans la région des Mammoth Lakes, à Sierra Nevada, à la frontière entre la Californie et le Nevada.
Il n’y avait pas de restes humains à l’intérieur de l’avion.
Le shérif du comté de Madera, John Anderson, a dissipé les doutes qui subsistaient encore: "L'avion a été retrouvé, nous avons envoyé une équipe là-bas et maintenant nous sommes sûrs qu'il s'agit exactement de celui dans lequel Steve Fossett a volé le jour où il a disparu", a-t-il déclaré lors d'une conférence de presse.
Le shérif a précisé qu'aucun corps humain n'avait été retrouvé ni dans l'avion ni dans les environs.
Le milliardaire âgé de 63 ans est considéré comme mort depuis février.
Le Bureau américain de la sécurité des transports (NTSB) a annoncé que quelques heures après la détection des débris, une équipe d’enquête a été envoyée pour identifier l’avion : il s’agissait précisément d’un Bellanc 8kcab, disparu depuis le 3 septembre 2007, lorsque Fossett a décollé de Yerington au Nevada pour un vol de trois heures.
Hier, encore en Californie, non loin de la frontière avec le Nevada, quelques-uns des objets personnels de Fossett ont été trouvés par un couple près de leur résidence à Mammoth Lakes.
Il s'agit de deux documents portant le nom de Fossett, tous deux publiés par l'Administration fédérale de l'aviation de l'Illinois, de l'argent liquide et d'une veste.
La recherche de Fossett a été interrompue un mois après sa disparition.
Le milliardaire a gagné une place dans l'histoire grâce à une longue collection de championnats.
En 2002, à sa sixième tentative, il est devenu le premier homme à avoir terminé le voyage autour du monde dans un ballon: deux semaines de vol seul.
Trois ans plus tard, il a fait le tour du monde en avion et n’a pas atterri.
Parmi ses nombreux records figurent également des vols à 15 445 mètres au-dessus des Andes, bien que avec un copilote.
La publicité que vous n’attendez pas
Un Suv inhabituel avec un design original et des lignes déterminantes bien définies, des surfaces larges avec des coins précis.
C’est, en bref, le dernier Glk né des jeeps « compacts » de la maison de l’étoile, à l’aide desquels Mercedes-Benz a essayé d’introduire un vent de nouveautés dans ce secteur.
C’est grâce à sa conception non conventionnelle que la communication sera inattendue et non conventionnelle, accompagnant le lancement de la Suv Glk et qui sera disponible dans les showrooms Mercedes-Benz à partir du 17 octobre prochain.
De cette façon, la campagne publicitaire qui accompagne le défilé du nouveau véhicule lancera une manière informelle de communiquer également grâce à une campagne d’affichage futuriste en 3D, qui est ainsi utilisée pour la première fois en Italie pour une marque automobile.
Le projet des affiches maxi, divisé en trois phases différentes, dominera la principale classe d'affaires de Milan, Corso Como, jusqu'au 15 novembre.
La première phase de ce nouveau type de communication commencera par la présentation de la voiture dans une vision stéréoscopique et, à l'aide de lunettes spéciales qui seront distribuées près de la Corsa Como, il sera possible de voir le nouveau Suv dans des dimensions presque réelles et dans un format tridimensionnel.
En effet, lorsque vous regardez l'image, vous aurez l'impression que la voiture sort de l'affiche.
Ensuite, grâce à l'utilisation de la technologie innovante Elumina8, la nouvelle Glk sera éclairée à différents moments dans toutes ses petites choses, pour ensuite se regrouper en une seule image.
Mercedes cherche sans aucun doute à introduire quelque chose de nouveau dans le domaine stéréotypé de la communication automobile avec cette publicité.
Est-ce qu'il réussira à susciter l'intérêt des futurs clients de cette manière?
On sait qui sont les Italiens.
De Trivenet, ils risquent Daspo.
Qui sont ces 150-200 garçons et filles dont l'Italie a honte aujourd'hui?Ils font partie du groupe "Ultras Italia", qui suit depuis des années Nazionale azzurra et qui jusqu'à présent, pour être honnête, n'a jamais fait de problèmes exagérés.
Elle n’a jamais rencontré d’adversaire.
L’orientation du groupe est droite.
Les fondateurs sont originaires de Trieste.
De Vérone, Padoue, Trieste et Udine.
À Sofia, des groupes (en réalité peu nombreux) de Campanie et de Puglia se sont joints à eux.
Ils ont des drapeaux tricolores sur lesquels apparaissent les villes d'origine des participants: ils ont été enlevés le samedi soir pour ne pas être reconnus.
Il s’inspire des fans anglais.
En Bulgarie, on a trouvé un véritable fan des nazis, Levsky.
Figc a mis à la disposition des supporters italiens 144 billets par match: tous sur le nom, donc facilement vérifiables.
Et Viminale les a effectivement tous vérifiés: parmi ceux qui se sont rendus à Sofia, il n'y avait personne avec le Dasle en cours, personne à qui il serait interdit de visiter les stades.
Quatre supporters bleus qui avaient commis des infractions antérieures du stade ont été rejetés et le match interdit.
Maintenant, Viminale attend de lire les messages qui viennent de la police bulgare, puis prend des mesures: Dans ce cas, il est possible de donner Daspo pour cinq ans au moins aux fans qui ont été arrêtés ou à ceux qui ont été identifiés pendant les émeutes.
International Daspo, qui interdit de visiter non seulement les stades italiens, mais aussi dans toute l'Europe.
En bref, nos chuligans ne marchent plus sur un stade.
à la chance.
Cependant, il y a maintenant la peur de l'émulation: c'est-à-dire que d'autres s'ajouteront à ceux de plus de cent cinquante.
"Nous devons immédiatement éteindre cet incendie et ne pas excuser ceux qui se comportent de cette façon", a déclaré Viminal.
« C’est très bien, surtout en raison du match de ce mercredi. »
C’est en Puglia qu’il y a un petit noyau de partisans.
Demain, l'Osservatorio se réunira, mardi, Casms, qui peut également compter sur une partie d'Aise, c'est un service secret qui s'occupe précisément des problèmes dans les stades.
"Le chef de chœur-leader et les bras tendus pendant l'hymne de Mameli? en Bulgarie ce n'est pas un crime...".
Telle est l'idée de Domenico Mazzilli (exprimée d'une manière vraiment peu chanceuse), qui est depuis quelques semaines le directeur de l'Osservatorio Viminale (il a obtenu la place qui était auparavant Francesco Tagliente, puis Felice Ferlizzi).
Mazzilli était auparavant le québécois de Trieste, où se trouve le noyau des partisans d’Ultras Italia, fondés en 2002.
Il est vrai, comme le dit Mazzilli, qu'en Bulgarie, il n'est pas un crime de célébrer un dirigeant, mais bien sûr, le comportement de ces 150-200 fans est une honte.
"Je ne suis pas un sociologue - ajoute l'Observatoire numéro un - les crimes sont attribués au pays dans lequel ils ont eu lieu.
Jusqu'à présent, ce groupe est resté dans les limites, maintenant nous allons regarder ce qui s'est passé et évaluer pour l'avenir.
Mais parlons-en aussi de l’hymne de Mameli : ce n’est pas non plus un crime, mais si vous le permettez, c’est de l’ignorance... »
