I populisti di destra trionfano in Austria, hanno un totale del 29 per cento
Secondo i primi risultati preliminari delle elezioni parlamentari anticipate in Austria hanno portato ad un percepibile indebolimento di entrambi i partiti nell’attuale grande coalizione e a un notevole impulso per i partiti populisti di destra.
Il Partito popolare austriaco (ÖVP), dove la posizione dell'attuale capo, Wilhelm Molterer, viene gravemente sconvolta, ha subito particolarmente grandi perdite.
Al contrario, il leader della campagna dell’Alleanza per il Futuro dell’Austria (BZÖ), il governatore carintiano Jörg Haider, sta preparando un ritorno trionfante alla politica nazionale.
Secondo i risultati preliminari, il Partito Socialdemocratico (SPÖ) rimane il più forte del paese con il 29,8% dei voti, tuttavia, ha perso il 5,5% dei voti dalle ultime elezioni del 2006.
L’ÖVP, che con il suo 25,6% perde quasi il 9% dei voti, è andata ancora peggio.
Questi sono i peggiori risultati di entrambi i grandi partiti nella storia del dopoguerra austriaco, e in particolare per il Partito popolare, che ha esortato le elezioni anticipate, è letteralmente un risultato catastrofico.
All'inizio di luglio, quando l'ÖVP ha lasciato la coalizione, il Partito popolare aveva ancora una significativa leadership sul SPÖ nelle votazioni.
Gli elettori, tuttavia, apparentemente li hanno puniti per aver lasciato fallire il governo.
Nelle prime reazioni ai risultati, c'erano già speculazioni sulla possibile dimissione del capo del partito e dell'attuale vice-cancelliere Wilhelm Molterer.
Gli osservatori prevedono che ciò potrebbe avvenire già al riunione straordinaria della leadership del partito di lunedì.
Tale sviluppo semplificerebbe certamente il cammino verso il ricorso sempre più probabile dai risultati elettorali, cioè il rinnovo della grande coalizione di SPÖ e ÖVP.
Dato il rafforzamento di entrambi i partiti populisti di destra - il Partito della Libertà (FPÖ) ha ottenuto un preliminare 18 per cento e il BZÖ undici per cento dei voti - tuttavia, allo stesso tempo, i socialdemocratici hanno espresso timore di una ripetizione dell'anno 1999, quando il Partito popolare ha concordato con i populisti (FPÖ era ancora unito in quel momento, si è separato dal BZÖ nel 2005) su un governo comune, che alla fine ha provocato sanzioni dall'Unione europea.
Haider, che ha già annunciato che è pronto a lavorare con qualsiasi partito e presume che tornerà a Vienna per la politica nazionale, è ovviamente banchi su questo sviluppo.
Il Partito Verde è entrato anche in Parlamento, ma ha subito una leggera perdita e è sceso dal terzo al quinto posto tra i partiti politici austriaci.
Evidentemente nessun altro partito ha superato il 4 per cento e è entrato in parlamento.
Schwarzenberg: le relazioni con l'India potrebbero peggiorare
Secondo il ministro degli Esteri Karel Schwarzenberg, se non sarà possibile risolvere il problema degli scienziati cechi incriminati in India con la raccolta illegale di scarafaggi, potrebbe verificarsi un certo peggioramento delle relazioni ceco-indiane.
Il ministro ha fatto questa dichiarazione a New York dopo l'incontro di oggi con il suo omologo indiano, Pranab Mukherjee.
"Se non viene risolto, allora sì, allora si verificherebbe un certo peggioramento", ha dichiarato dopo la riunione iniziata dalla parte ceca.
Dopo i negoziati, Mukherjee ha detto che è difficile per il ramo esecutivo di intervenire in questioni giudiziarie.
Tuttavia, ha detto che nel caso di Petr Švácha, che è stato liberato dalle accuse e punito con una multa, il governo centrale può negoziare con il governo locale di Darjeeling, sotto la cui giurisdizione appartiene la questione.
"Il suo problema potrebbe essere risolto", ha detto il ministro.
Secondo Mukherjee, sarebbe meglio per Emil Kučera, condannato a tre anni di carcere, di fare appello alle autorità superiori.
Può quindi chiedere di essere rilasciato sotto cauzione e attendere il verdetto fuori dal carcere, ha spiegato.
Schwarzenberg ha confermato che anche il suo partner lo aveva detto durante i negoziati.
"Raccomanda di fare appello a una corte superiore, allora sarebbe possibile perdonarlo", ha detto il capo della diplomazia ceca.
L'unico modo in cui la parte ceca può essere coinvolta in tutta la questione è quello di fornire ai condannati "assistenza legale competente", ha detto il ministro indiano.
Allo stesso tempo, ha detto che il lato indiano sta già fornendo loro anche aiuti di questo tipo.
“È nel nostro più grande interesse mantenere le migliori relazioni con l’India, che ha una lunga tradizione.
Anche gli indiani lo riconoscono”, ha detto Schwarzenberg.
Allo stesso tempo, come ha detto all'agenzia di stampa ceca, ha sottolineato davanti al suo partner che la Repubblica Ceca ha messo grande importanza sul problema degli entomologi cechi.
"Consideriamo veramente che l'arresto e l'accusa di questi scienziati cechi sia un grave errore", ha dichiarato.
Il ministro ha evitato di rispondere alla domanda se avesse ricevuto una promessa dalla parte indiana di perseguire la questione.
Ha dichiarato semplicemente "Ho già ricevuto un paio di promesse".
La Repubblica Ceca si batte per il fondo oceano
Si avvicina alla mappa elettronica del muro che raffigura l'Australia e le aree marine circostanti.
Tuttavia, non è interessato al continente, ma a un piccolo punto perso nel blu dell'oceano.
“Questa isola, e con essa il fondo dell’oceano che la circonda, appartiene all’Australia.
Allo stesso tempo, l'area è grande quanto il continente stesso", afferma l'avvocato italiano Luigi Santosuosso, che appartiene al team di trenta dipendenti della Divisione delle Nazioni Unite per gli affari oceanici e il diritto del mare.
Il suo capo, il direttore della divisione, l’avvocato ceco Václav Mikulka, segue ciò che sta dicendo e occasionalmente aggiunge qualcosa.
Il fascino e l’entusiasmo per il lavoro sono qui dominanti.
Il fondo dell’oceano ospita un mondo finora poco conosciuto, ricco di risorse naturali.
È possibile trovare olio, minerali e altri minerali, ma anche organismi viventi finora sconosciuti che detengono la chiave, ad esempio, allo sviluppo di una cura per il cancro.
Più grande del continente
Oggi i paesi costieri hanno cominciato a competere vigorosamente per il nuovo territorio sottomarino.
Ciò significa che, secondo un accordo delle Nazioni Unite, stanno utilizzando i diritti che hanno concordato nel 1982 a Montego Bay, in Giamaica.
Questa è principalmente l'area della cosiddetta piattaforma continentale, che spesso raggiunge fino a diverse centinaia di chilometri dalla costa di un dato paese.
Secondo l’accordo, tale paese ha il diritto esclusivo a tutte le risorse della piattaforma continentale.
La piattaforma continentale è considerata la parte del fondo dell'oceano che è la continuazione naturale del continente sotto il mare e del suo substrato.
Ha raggiunto oltre il bordo del mare costiero, spesso anche oltre il bordo delle duecento miglia nautiche della cosiddetta zona economica esclusiva", spiega Mikulka.
La richiesta presentata dal paese alla Commissione in merito ai limiti della piattaforma continentale deve essere supportata da documentazione scientifica e tecnica basata su numerose ricerche e misurazioni costose.
È il risultato di anni di lavori preparatori.
Uno dei nostri ruoli è quello di fornire alla Commissione assistenza tecnica legale e specializzata.
La Commissione ha finora esaminato cinque richieste, dalla Russia, dal Brasile, dall'Australia, dall'Irlanda e dalla Nuova Zelanda.
Solo gli ultimi tre di questi paesi sono riusciti finora", aggiunge Mikulka.
Recentemente il successo dell'Australia, che è stata la prima ad espandere il suo dominio sottomarino, è stato registrato in tutto il mondo.
Ma la Nuova Zelanda ha anche guadagnato - l'area del fondo oceano che la commissione gli ha concesso è di circa 1,6 milioni di chilometri quadrati, cioè, circa sei volte la dimensione del paese stesso.
Entrambi i paesi hanno investito milioni di dollari nella ricerca.
I profitti derivanti dall’utilizzo del fondo oceano in futuro saranno, si spera, inestimabili.
Anche gli altri paesi presenteranno gradualmente le loro richieste.
Hanno fino a dieci anni dal momento in cui hanno ratificato l'accordo di Montego Bay per farlo.
Dove finisce la piattaforma continentale, inizia l’area del fondo oceano dichiarata dall’accordo come “patrimonio comune dell’umanità”.
Nessun paese ha più una posizione esclusiva.
I diritti minerari in questa zona sono concessi attraverso l'accordo stabilito dall'istituzione internazionale.
"Ma il fondo dell'oceano non è Klondike", dice il regista Mikulka esageratamente, aggiungendo che le sue "area individuali sono legalmente chiaramente delimitate e il loro regime è ancorato nei contratti".
Ceca nel Pacifico
Una parte del fondo oceano appartiene attualmente alla Repubblica Ceca.
Lo condivide con altri paesi dell'ex Blocco orientale come parte dell'organizzazione comune "Interoceanmetal".
Per accordo, questa organizzazione, come gli investitori di diversi piccoli altri paesi, ha ottenuto lo status di cosiddetto "investitore pionieristico" nel 1991.
È autorizzato a minare nella zona ClarionClipperton nell'Oceano Pacifico, che si trova tra Messico, Hawaii e Kiribati.
L'area indagata dall'investitore è leggermente più grande dell'ex Cecoslovacchia.
Il fondo oceano è ruvido, è una sorta di modello sottomarino delle montagne dei Tatra.
"È possibile estrarre lì una superficie complessiva di 75.000 chilometri quadrati.
La zona è una ricca località per la raccolta di concimi polimetallici contenenti nichel, rame, cobalto e manganese", afferma un altro avvocato, Pakshi Rajan dall'India.
L’avvocato macedone della divisione, Rober Sandev, porta una simile concretezza a dimostrare.
Sembra una piccola patata o, con un po’ di fantasia, lo schema mitico, che, secondo la leggenda, ha dato vita al Golem.
Le forze speciali tedesche al soccorso degli ostaggi
Nel risolvere la crisi degli ostaggi, il governo egiziano aveva chiesto aiuto alla Germania - che ha inviato gli esperti.
Quando la spinta venne spinta, le forze speciali erano pronte, ma i loro servizi non erano necessari alla fine.
Sono sempre più dettagliate le circostanze che circondano la liberazione degli undici turisti europei rapiti in Egitto.
Secondo i Ministeri federali della Difesa e dell’Interno, le forze speciali tedesche hanno partecipato indirettamente alla missione di salvataggio.
Specialisti delle forze armate federali (Bundeswehr) e membri della polizia federale tedesca (Bpol) e delle sue unità speciali GSG 9 e della guardia aerea erano presenti al soccorso, hanno detto i portavoce dei ministeri lunedì sera, nonché membri dell'Ufficio federale di polizia penale (BKA) e esperti logistici dell'Agenzia di soccorso tecnico (THW).
Le forze tedesche non erano necessarie, tuttavia, dicono, perché i prigionieri hanno abbandonato i loro ostaggi e sono fuggiti quando si sono resi conto che gli ostaggi sarebbero stati liberati con la forza.
Il governo egiziano aveva accettato l'aiuto offerto dalla Germania per fare affidamento sulle forze tedesche come backup durante l'operazione.
“Per fortuna, non è arrivato a questo”, ha detto un portavoce del ministero dell’Interno tedesco.
Il gruppo di viaggi, composto da cinque tedeschi, cinque italiani, una donna rumena e i loro otto compagni egiziani, era stato abbattuto e rapito il 19 settembre nel sud dell'Egitto.
Dopo il loro rapimento in una regione deserta nel sud dell'Egitto, gli ostaggi sono stati trasportati indietro e indietro nella regione di confine tra Egitto, Libia, Sudan e Ciad.
Fino ad oggi, l'identità dei sequestratori rimane sconosciuta, così come i dettagli del salvataggio o di possibili riscatti.
Gli ex ostaggi sono arrivati al Cairo in modo sicuro e salvo.
Il ministro degli Esteri tedesco Steinmeier ha dichiarato che sono stati affidati alla cura dell'ambasciata tedesca.
Non ha commentato i dettagli del salvataggio.
A Berlino non sono state fornite informazioni immediate sul loro ritorno in Germania.
Secondo il quotidiano tedesco Bild, i cinque turisti e le forze speciali dovranno salire a bordo di un Airbus della Forza Aerea tedesca, che dovrebbe arrivare in Germania martedì.
La Camera dei Rappresentanti degli Stati Uniti rifiuta il bailout
Il pacchetto di salvataggio da 700 miliardi di dollari per i mercati finanziari non è stato approvato nella prima delle due camere del Congresso degli Stati Uniti.
Il Dow Jones ha preso il naso.
Con un voto di 227 a 206 contrari, la Camera dei Rappresentanti degli Stati Uniti ha respinto il pacchetto di salvataggio del governo per i mercati finanziari.
Nonostante tutti gli appelli del presidente George W. Bush e dei principali funzionari di entrambe le parti, nessuna maggioranza è stata raggiunta per il programma che era destinato a contenere il caos nei mercati finanziari.
In una campagna drammatica, i sostenitori avevano fatto tentativi disperati di convincere i critici dei meriti del piano da 700 miliardi di dollari.
Barney Frank, uno dei principali negoziatori democratici, aveva chiamato i rappresentanti per l'approvazione, anche se si trattava di un piano impopolare.
"È difficile ottenere l'approvazione politica per la prevenzione di qualcosa che non è ancora accaduto", ha ammesso.
Mentre la votazione era ancora in corso, il Dow Jones ha visto un calo di oltre il sei per cento, o 600 punti.
È stato causato dalle preoccupazioni degli investitori che il salvataggio del governo potrebbe fallire.
Si è ripreso poco prima della fine della votazione, solo per prendere un altro naso-diving quando il rifiuto è stato reso pubblico.
Gli esperti prevedono ulteriori forti turbolenze nei mercati finanziari internazionali.
Per l'attuazione del piano è necessaria l'approvazione sia della Camera dei Rappresentanti che del Senato.
Le agenzie di viaggio annunciano un aumento delle prenotazioni
Sarà un buon inverno per le agenzie di viaggio tedesche, ovviamente:
Un sondaggio afferma che il fatturato delle prenotazioni per i prossimi mesi è aumentato in modo significativo rispetto all’anno precedente – per la stagione invernale anche del 30 per cento.
Nonostante le prospettive di un'economia debole, l'appetito dei tedeschi per i viaggi rimane intatto, secondo un sondaggio.
Per le prenotazioni durante la stagione invernale, le agenzie di viaggio hanno registrato un aumento del fatturato del 31% rispetto allo stesso periodo dell'anno precedente, ha riferito l'Associazione tedesca dei viaggi (DRV) a Berlino.
Secondo la società di ricerca di mercato GfK, anche nei mesi autunnali si è registrato un aumento delle prenotazioni.
Le agenzie di viaggio avevano visto un aumento del fatturato di circa undici per cento per ottobre rispetto al 2007, ha detto il DRV.
I risultati si basano sui dati di GfK, che elabora i dati di prenotazione di 1.200 agenzie di viaggio tedesche ogni mese e li utilizza per fare previsioni per il mercato nel suo complesso.
Sono incluse le prenotazioni di viaggio effettuate fino ad agosto 2008.
A causa di un dollaro debole, soprattutto i viaggi negli Stati Uniti erano richiesti, ha detto il DRV.
In questo settore, le prenotazioni sono aumentate di circa un terzo, ha detto.
A parte questo, ha sottolineato la Spagna, la Turchia e la Grecia come popolari tra i tedeschi, così come le regioni nazionali.
I viaggi all-inclusive sono stati particolarmente ricercati, ha detto il presidente della DRV, Klaus Laepple.
Alla luce dell'aumento dei prezzi dell'energia e degli alimenti, il loro costo era "più calcolabile per i clienti rispetto a quello delle vacanze organizzate individualmente", ha detto Laepple.
I consumatori potrebbero risparmiare denaro attraverso sconti early-bird o all-inclusive, tra gli altri, ha detto Laepple.
Poiché i mesi estivi erano stati molto ben prenotati, ci sarebbe anche un altro aumento del fatturato rispetto all'anno precedente, ha detto - anche se un altro sondaggio riferisce che il numero di tedeschi che viaggiano è diminuito rispetto all'anno precedente.
La prima volta all'Oktoberfest
Hits in stile pranzo-break e après-ski in modalità ripetuta, birra da bicchieri da un litro e celebrità in designer Dirndln.
Il debutto di Wiesn.
Tecnicamente, Susanne Kronzucker e io non abbiamo molto in comune.
È bionda, ospite di TV e indossa un Dirndl su misura.
Ho i capelli scuri, sono una studentessa e il mio abito è di seconda mano.
Ma c’è una cosa che ci connette: siamo stati al Wiesn da appena tre minuti, e già i fotografi si affollano attorno a noi e scattano foto, riempendo le loro schede di memoria – molto affettuoso, ed è la mia prima visita al Wiesn, per avviare.
Ecco come si fanno gli amici.
Il barman sembra aver fatto il suo lavoro.
Per un turista di Wiesn solitamente basato a nord dell'equatore di Weisswurst, quella sensazione confortevole indossando un vestito tradizionale bavarese aveva lasciato molto da desiderare fino ad oggi.
Ma una volta arrivato a Theresienwiese, non è così male come tutto questo.
Quasi tutti indossano Dirndl o Lederhosn; nessuno sembra disgustato o imbarazzato - è tutto del tutto normale.
Solo il mio apron dirndl ha attirato sguardi strani sul venditore di cioccolato-banana.
Una donna di Monaco mi ha fatto notare che avevo legato il cappotto in modo sbagliato: "disponibile a sinistra, vergine al centro, impegnata a destra, vedova dietro".
Insomma, mi ritiro il cappello da dietro a sinistra.
“Guarda a destra”, dice, e ride.
Altri sono meno interessati a tecniche sottili di flirt e indossano cappelli semplici che dicono "troppo ubriaco per vestirsi" e, senza incoraggiare, mostrano alle persone la loro nuda dietro.
Il giovane con l’atteggiamento esposizionista si chiama Bob, è dall’Inghilterra, ed è anche la sua prima volta all’Oktoberfest.
Egli lo trova “grande”, con un lungo “ooooo”.
Egli mi sta dicendo questo subito dopo aver liberato se stesso della "Maß" che aveva prima.
Proprio accanto a uno di quei fuochi d'artificio che tutti sbagliano per i rifiuti.
Così Bob è uno di quei famosi “Wildbiesler”.
Altri non sono abbastanza fortunati da perdere l'alcol in questo modo.
Andando alle otto di notte, decine di paramedicani si affacciano sul luogo, assistendo ai poveri bingers.
I farmaci appaiono sempre in confezioni - ci sono sempre quattro alla volta, portando un stretcher coperto da tenda a tenda.
Funziona come con la maggior parte dei visitatori di Wiesn: quando è vuoto, escono, e quando è pieno, tornano.
Non si vede chi c’è all’interno delle casse.
“Sono quelli che non possono più”, gridò uno dei paramedicani quando glielo chiesi, scomparendo nella folla.
La vittima di un incidente identificata dalla polizia
Un pedone di 63 anni che è morto in ospedale dopo essere stato colpito da un veicolo in Essex è stato nominato.
Carole Paulson, di Chelmsford Road a Brentwood, è stata coinvolta nell'incidente del venerdì pomeriggio sulla Shenfield Road della città.
Fu trasportata all'Ospedale della Regina di Romford, ma morì più tardi.
Dopo l'incidente, un uomo di 51 anni è stato arrestato per sospetto di guida imprudente.
Da allora è stato rilasciato sotto custodia della polizia.
Ampliare gli orizzonti diplomatici della Turchia
Molto prima che la Turchia cercasse di aderire all'Unione europea, le potenze europee erano ansiose di penetrare profondamente nell'entroterra della Turchia.
Sul lato orientale del Bosforo, forse a soli 20 passi in Asia, si trova una delle più belle reliquie di questa ambizione imperiale fallita.
La stazione ferroviaria di Hydarpasha è stata progettata da due architetti tedeschi Otto Ritter e Helmut Conu in stile neo-rinascimentale.
Almeno questo è ciò che le guide vi dicono.
L'edificio si trova adiacente alla fine delle piattaforme con una torre in ciascuno dei suoi angoli anteriori in cerca di tutto il mondo come un comune tedesco provinciale.
La pietra è sporca.
L’intero edificio si è leggermente degradato.
Ma una volta dentro l'ufficio dei biglietti, non c'è dubbio della grandezza dell'impresa di cui questa era la porta d'ingresso più occidentale.
La stazione fu inaugurata nel 1908 da un consorzio tedesco, la Anatolia-Baghdad Corporation.
La Germania, un avversario del gioco imperiale, intendeva realizzare le sue ambizioni di dominare il Medio Oriente attraverso questa ferrovia che correva a Damasco, Baghdad e oltre in quello che oggi è l’Arabia Saudita.
Ma le ambizioni imperiali tedesche sono state fondate durante la prima guerra mondiale.
Le sue piste ferroviarie furono attaccate da Lawrence d'Arabia e dai suoi irregolari arabi.
L’isolamento relativo dalla regione circostante, generato dai confini congelati della Guerra Fredda, è scomparso.
Le forze britanniche e dominion avanzarono dall'Egitto e spingettero i turchi e i loro alleati tedeschi fuori dalla Palestina e dalla Siria.
E c'è stata una cattiva notizia anche per la stazione di Hyderpasha.
Nel 1917 un treno di munizioni esplose distruggendo il suo elaborato tetto.
Le fonti turche dicono che si tratta di un sabotaggio.
Da allora si è lentamente schiantato, in gran parte ignorato dalla storia.
Ma oggi, questa porta ferroviaria verso l'Anatolia e tutti i punti ad est, serve - almeno simbolicamente - per evidenziare l'ampliamento degli orizzonti diplomatici della Turchia.
Il partito di governo di Giustizia e Sviluppo – l’AKP – ha elaborato una nuova politica estera per il paese.
L’isolamento relativo dalla regione circostante, generato dai confini congelati della Guerra Fredda, è scomparso.
Ora c’è una nuova politica di impegno.
Il governo turco ha buone relazioni con Israele e la Siria, con le fazioni palestinesi di Hamas e Fatah, con l’Iraq e l’Iran e, naturalmente, con l’Unione europea e gli Stati Uniti.
Per misurare i parametri di questa nuova politica estera, mi sono imbarcato nella notte a Ankara, la capitale turca, per visitare uno dei principali esperti di politica estera dell’AKP, il deputato turco Suat Kiniklioglu.
La mattina seguente - circa dieci ore e mezza dopo - dopo un giro in giro lungo le piste che hanno prodotto le vecchie cadenze del mondo del famoso documentario The Night Mail, sono arrivato nella capitale turca - proposto come una nuova città per un nuovo stato laico intenzione di voltare le spalle al passato ottomano.
Ma l’AKP con le sue ben note radici islamiste rappresenta un cambiamento di paradigma nel consenso turco.
Ha suscitato qualche sospetto in Occidente, soprattutto a Washington.
Un taxi mi ha portato al quartier generale dell'AKP, una struttura in pietra e acciaio ultra-moderna - costruita a scopo - in una periferia in via di sviluppo, circondata da centri commerciali semi-costruiti e panetterie di potenza dove i manager medi in costume d'affari - sia uomini che donne - si incontrano per fare affari al mattino presto.
Suat Kiniklioglu avrebbe potuto essere un politico di centro-destra di quasi qualsiasi altro partito politico in Europa.
Sì, è vero, ma è sicuro che stava anche confezionando una Blackberry.
“L’obiettivo della politica estera del partito è ora quello di reintegrare la Turchia nel suo immediato vicinato.
La guerra fredda è stata un’anomalia”, mi ha detto.
La Turchia era stata tagliata dal suo interno.
Oggi doveva guardare a est e a ovest allo stesso tempo.
Non è stato un caso di uno o dell’altro.
Dovevano fare entrambi.
“Ma sicuramente ad un certo punto”, ho chiesto, “la Turchia potrebbe essere costretta a scegliere?”
“La Turchia”, ha detto, “non ha voluto affrontare questa scelta”.
Poi ha sottolineato un punto che quasi tutti con cui ho parlato qui hanno recitato quasi a rotta: i legami della Turchia non solo con il Medio Oriente, ma con il Caucaso, e intorno al Mar Nero, sono tanto a beneficio dell'Europa e degli Stati Uniti quanto sono con la Turchia.
Con la Turchia a bordo, il messaggio sembra essere che l'Europa nel suo complesso può metaforicamente guidare quelle linee ferroviarie verso est verso l'Asia e il Medio Oriente.
Tornato alla stazione di Hydarpasha, dopo un’altra notte in gran parte insonnia, ho pensato a quei due signori tedeschi Herr Ritter e Herr Conu che avevano guardato questo edificio costruito cento anni fa.
Quanto sarebbero stati sorpresi di scoprire che le ambizioni dell’Europa in Medio Oriente potrebbero ora, in gran parte, essere nelle mani della Turchia.
E mentre aspettavo al terminal che il traghetto mi portasse di nuovo attraverso il Bosforo, ricordo che in quei giorni la Turchia era sempre stata chiamata "l'uomo malato dell'Europa".
Allora, almeno, non sembrava esserci molto dubbio su quale continente avrebbe dovuto rivendicare questo affascinante paese.
Le vite ricordate: Vernon Handley e William Woodruff
Mark Brown scrive: Come direttore musicale di Guildford dal 1962, Vernon "Tod" Handley (obituario, 11 Settembre) era responsabile della Guildford Philharmonic Orchestra and Choir.
Come parte del suo programma musicale per il borough, l'anno successivo fondò il suo meraviglioso coro giovanile, Proteus.
Era destinato ai ragazzi di età inferiore ai 21 anni, ma al momento in cui il Proteus cantò la sua finale nel 1979, molti di noi erano nei nostri ultimi 20 anni - abbiamo semplicemente rifiutato di abbandonare il coro.
Il nome "Proteus" (il mitologico cambiatore di forma) rappresentava la volontà e la capacità del coro di affrontare qualsiasi musica gli fosse presentata, sia madrigal o Messiaen, sia senza accompagnamento che con orchestra piena.
La versatilità musicale prodotta da tale coro giovanile era spesso sorprendente, sempre emozionante, e tutto a causa dell’ispirazione di quell’uomo e dell’entusiasmo per la musica che rimase assolutamente costante nel corso degli anni.
Quante volte ci è stato detto da Tod di "lasciare che la musica parli da sola".
Diceva: “Il compositore sa quello che vuole.
Tutto è lì nella musica.
Quindi cantiamola!”
La sua tecnica era assolutamente chiara e precisa, anche se mai dittatoriale, né fluida.
Qualunque fosse lo standard musicale, lo ha sempre sollevato ancora più in alto.
John Frayn Turner ha scritto:
Se un dirigente avrebbe dovuto essere cavaliere, sarebbe stato Vernon Handley.
Lo conoscevo bene durante i due decenni che ha condotto la Guildford Philharmonic dal 1962 al 1982.
Negli ultimi 40 anni, ho esaminato più di 100 dei suoi concerti e posso dire onestamente che non sono mai stato deluso con uno solo - e molte volte ispirato da loro.
Tod Handley aveva quella rara combinazione di grandezza più modestia personale.
Egli odiava i dirigenti che, secondo lui, semplicemente “haccavano uno o due famosi cavalli di guerra in tutto il mondo”.
Ci mancherà a tanti di noi.
di William Woodruff
Il professor John Beckett ha scritto:
Il suo obituario di William Woodruff (25 settembre) afferma che "nel 1946 ha ripreso la storia economica ad Oxford e nel 1950 è diventato un Fellow di ricerca Houblon-Norman ... mentre allo stesso tempo studiava per un BSc, un MA e un dottorato".
Questo risulta dalla nota dell'autore di Woodruff in Beyond Nab End, ma non è corretto.
Dal 1946 al 1953 è stato docente di storia economica all'Università di Nottingham, durante il quale ha completato una tesi di dottorato sull'industria della gomma britannica, sotto la supervisione del professor J. D. Chambers, e successivamente pubblicato nel 1958 come The British Rubber Industry.
Nel 1950-51 trascorse negli Stati Uniti su una borsa di studio Houblon-Norman, e nell'estate del 1952 presso le università dell'Illinois, Harvard e New York.
Nel 1953 lasciò Nottingham per l'Illinois.
Perché Woodruff ha scelto di brillare su questa parte della sua carriera è sconosciuto.
J. Vincent Resino presso la Facoltà di Filologia
Raccomando la mostra di José Vicente Resino “Flamenco y vida”, perché le sue fotografie in bianco e nero, scattate in stile documentario, sono straordinarie.
Le foto mi hanno attirato l’attenzione per la loro semplicità e il potere che trasmettono, trattando sempre i soggetti con particolare attenzione.
Un’esposizione che fa sentire profondamente.
Resino è in grado di catturare momenti magici”.
Secondo attacco per la super-vendita di Honda
Nel prossimo mese di novembre Honda lancerà la commercializzazione della seconda generazione del modello Jazz.
Se il modello precedente era già caratterizzato da elevata abitabilità, questo nuovo minivan ha uno spazio interno più ampio.
Inoltre, è dotato di una meccanica fine che aumenta il comfort di guida e consente di risparmiare carburante.
Evoluzione invece di rivoluzione.
Questa è la seconda generazione di Honda Jazz.
Mentre esteticamente il nuovo Jazz assomiglia al modello precedente, i cambiamenti apportati al minivan sono numerosi.
Tra gli altri, vale la pena sottolineare il suo design innovativo, la nuova piattaforma, le dimensioni più grandi e la meccanica piuttosto nuova.
In ogni caso, prima di procedere all’analisi del nuovo modello, potrebbe essere utile sottolineare che questo nuovo Jazz arriva solo sei anni dopo l’ingresso della prima generazione.
Pertanto, una prima osservazione dovrebbe considerare che Honda ha rinnovato questo modello più velocemente delle altre aziende di solito.
Anche se il modello Jazz è meno conosciuto in Europa che in altri mercati, rimane un fenomeno in termini di vendite.
Questo è il caso del Giappone, dove Jazz è stata la vettura più venduta nel 2002 e anche durante questo 2008.
Proprio lì, quasi un milione di unità di Jazz sono state vendute dal lancio del modello.
Il secondo mercato era il Continente Vecchio, con circa mezzo milione di unità vendute in sei anni.
Nonostante questi numeri, Honda crede che questo nuovo Jazz aumenterà ulteriormente le sue vendite nel segmento.
Quindi, se nel 2007 la società giapponese ha venduto un totale di 83.000 unità di questo modello, nel 2009 stima che sarà di circa 100.000 auto.
Per quanto riguarda il mercato spagnolo, Honda ha venduto un totale di 8.000 unità di Jazz dal 2002, corrispondenti al 6,7% delle vendite totali per la società in Spagna.
Con l’arrivo della nuova generazione, il responsabile della società in Spagna si aspetta di vendere circa 2.000 unità di Jazz entro un anno.
L’arrivo della nuova Honda Jazz probabilmente lo renderà possibile, riducendo in larga misura la diminuzione delle vendite in Spagna.
Infatti, i responsabili del marchio si aspettano di arrivare alla fine dell’anno con un totale di 22.000 unità vendute, cioè 4.000 unità in meno rispetto al 2007, con un calo del 16%.
Nonostante l’aumento delle vendite, Honda ha anche incrementato la sua quota di mercato in Spagna, raggiungendo l’1,8% rispetto all’1,6% dello scorso anno.
Allo stesso tempo, la società giapponese prevede di raggiungere il 2% nel 2010.
Per raggiungere questo obiettivo, Honda ha fiducia in un altro nuovo modello.
Questa è Insight, una macchina compatta ibrida a cinque porte, lunga 4,37 metri.La società giapponese spera di vendere circa 200.000 unità di questo modello in tutto il mondo, entro un anno.
Secondo le stime dei mercati e dei produttori giapponesi, il 50% delle vendite di Insight arriverà dagli Stati Uniti, mentre il restante 50% arriverà sia dal Vecchio Continente che dal Giappone.
Il lancio commerciale di Insight è previsto per l’inizio del prossimo anno, poco dopo la presentazione del modello all’interno dell’azienda a gennaio a Valenza.
Rispetto alla prima generazione, il nuovo Jazz è cresciuto nella sua interezza.
Ora raggiunge 3,90 metri di lunghezza (cinque centimetri in più), 1,69 metri di larghezza (due centimetri in più) e il suo interasse 2,50 metri, con un incremento di cinque centimetri.
La sua altezza di 1,52 metri, ancora, è rimasta invariata.
Insieme alla dimensione, il suo interno abitabile è aumentato nello spazio.
Questo vantaggio deriva, in primo luogo, dalla nuova piattaforma, e in secondo luogo dall’introduzione del serbatoio a carburante in una posizione centrale, una soluzione già adottata nel precedente Jazz.
Inoltre, la capacità del telaio – un doppio volume inferiore – aumenta a 399 litri, 19 litri in più rispetto alla prima generazione.
Da notare, queste sono le misure della Honda Jazz 1.4, mentre la capacità del tratto nel modello 1.2 è di soli 379 litri.
Altri miglioramenti – oltre agli elementi esterni, come la guida posteriore o la possibilità di montare il vetro panoramico – riguardano l’accesso migliorato ai sedili posteriori.
Le porte che permettono l’accesso ai sedili posteriori, ora aperte ad un angolo di 80 gradi, rispetto a 67 gradi nel primo modello.
Inoltre, tutti i motori sono piuttosto nuovi in questa seconda generazione di auto.
Al momento della commercializzazione, questo piccolo modello verrà fornito con motori a benzina da 1,2 o 1,4 litri.
Entrambi i sistemi meccanici includeranno la tecnologia i-VTEC che consente un consumo di carburante più basso, produce meno emissioni di anidride carbonica, ottimizza i raffinamenti meccanici e, allo stesso tempo, mantiene un torsione elevata del motore in tutte le sue fasi.
La versione da 1,2 litri raggiunge una potenza di 90 CV a 6000 rpm con un tasso massimo di 114 Nm. a 4900 rpm.
La propulsione – che nel precedente Jazz ha raggiunto i 78 CV – richiede solo 5,3 litri di carburante e produce circa 125 grammi di emissioni di CO2 equivalenti.
Rispetto alla propulsione precedente, che nel modello di prima generazione utilizzava 83 CV, la nuova può approfittare di 100 CV.
La 1.4 Jazz con 100 CV raggiunge una combinazione di 5,4 litri di carburante e 128 grammi di CO2 emessi.
Un’auto per evitare le collisioni
Nel sviluppare le tecnologie per la prevenzione degli incidenti, Nissan si è ispirata questa volta, dalla natura, e soprattutto dalle api.
La società giapponese ha creato un robot che, imitando il volo delle api, può evitare incidenti.
Questo è il Bio-mimetic Car Robot Drive, o BR23C, il primo passo per progettare tecnologie per la prevenzione delle collisioni.
Gli ingegneri del Centro Tecnico Avanzato di Nissan Motor Co. hanno sviluppato questo piccolo robot in collaborazione con il Centro di Ricerca Scientifica e Tecnologia della prestigiosa Università di Tokyo in Giappone.
Secondo Kazuhiro Doi, direttore generale delle Relazioni Pubbliche per la Tecnologia, la Ricerca e lo Sviluppo del Brand Management, il BR23C è un'estensione dello Scudo di Sicurezza delle quattro aree prodotte da Nissan.
Questo robot è destinato a migliorare la capacità di prevenire le collisioni nei veicoli prodotti dall'azienda.
Durante il volo, ogni api crea il proprio spazio personale ovale che è molto simile allo Shield of Security sviluppato da Nissan.
Ma l’elemento più importante è costituito dagli occhi composti dell’ape, che possono vedere in tutte le direzioni con un angolo extra di 300 gradi, permettendo all’insetto di volare senza interruzioni all’interno del suo spazio personale.
Per ricreare queste caratteristiche visive, gli ingegneri hanno sviluppato ciò che definivano un localizzatore laser (Laser Range Finder).
Questo meccanismo rileva ostacoli entro 2 metri e un raggio fino a 180 gradi di fronte al BR23C, calcola la distanza all'oggetto e invia un segnale al microprocessore a bordo che consente immediatamente di prevenire la collisione.
"Quando rileva un ostacolo, il piccolo robot imita i movimenti dell'ape e cambia direzione immediatamente girando le ruote ad un angolo retto o più ampio per evitare la collisione.
La differenza più evidente rispetto a qualsiasi sistema esistente è la sua azione evasiva che risulta essere totalmente istintiva.
“Se non fosse così, il robot non sarebbe in grado di reagire abbastanza rapidamente per evitare ostacoli”, spiega Toshiyuki Andoh, direttore del Laboratorio di Mobilità e ingegnere capo di questo progetto.
A differenza di un'ape, il robot non può deviare verso l'alto o verso il basso, o anche in diagonale. Può muoversi solo in due dimensioni e nella direzione in cui le sue ruote possono girare.
Per questo motivo, Nissan ha utilizzato una funzione di rotazione oltre alle funzioni di accelerazione e rallentamento, per consentire al piccolo robot di evitare collisioni.
“Questo dispositivo ha solo bisogno di elaborare nuove informazioni ogni pochi secondi, e agendo su questi dati.
Non richiede di archiviare alcuna informazione o di utilizzare la logica intuitiva delle manovre precedenti. per questo motivo può andare senza interruzione fornito solo da poche dozzine di KB di memoria.
Questo potrebbe sorprendere, ma non stiamo parlando di gigabyte o mega di memoria".
Questo è il primo passo verso lo sviluppo di nuove tecnologie per la prevenzione delle collisioni, una tecnologia che Nissan spera sarà introdotta nelle auto come caratteristica standard entro dieci anni.
Il robot utilizza batterie al litio-polimero, che sono più leggere e più durevoli della tipologia agli ioni di litio.
Un'applicazione aggiuntiva in un futuro potenziale potrebbe essere l'integrazione di questa tecnologia con il navigatore satellitare GPS per portare il conducente a una destinazione specifica, evitando ostacoli lungo il percorso.
Fare shudder prima di richiedere un prestito
Dobbiamo riconoscere che il Dipartimento del Tesoro degli Stati Uniti, che possiede capitali abbastanza buoni per agire, certamente non manca di talento.
Dovendo affrontare la crisi e per impedire agli americani di essere ingannati con prestiti di spazzatura da parte delle banche sotto dubbi di insolvenza, ha creato un gioco divertente ed educativo per gli utenti di Internet.
In altre parole, l’hotel dei cattivi crediti... o dei problemi.
L’aspetto oscuro di questo hotel e, in particolare, della sua receptionista mira a spingere le persone a pensare non solo una volta ma due o anche tre volte prima di richiedere un prestito.
E soprattutto, pensare abbastanza attentamente su dove applicare per esso. Questo è probabilmente l'obiettivo principale del gioco.
Certo, questo sistema fornisce alcune informazioni utili, ma offre pochissimi dettagli.
È molto più una pagina web per adolescenti che un sito per il pubblico in generale.
Cosa succede quando si finisce il gioco?
Una camera da sogno appare all'interno dell'hotel.
È ancora qualcosa, perché circa l'acquisto di una casa ... meglio lasciarlo.
Morgan Stanley apre la sua capitale alla MUFG
Morgan Stanley ha annunciato il suo ingresso al tavolo di Mitsubishi UFJ Financial Group (MUFG), la prima banca del Giappone, che spenderà nove miliardi di dollari per ottenere il 21% del suo capitale, notizie che sono state ricevute da una forte caduta dei prezzi delle azioni.
Una settimana dopo aver rivelato un accordo provvisorio, le due banche hanno spiegato che MUFG avrebbe acquistato il 9,9% delle azioni di Morgan Stanley al prezzo di 25,25 dollari, per un totale di tre miliardi di dollari.
Il prezzo di vendita è inferiore al 19% del valore dei titoli al 31 agosto.
MUFG investirà ulteriormente 6 miliardi di dollari nell’acquisizione di titoli convertibili, fornendo un rendimento garantito del 10% e con un prezzo di conversione di 31,25 dollari.
Morgan Stanley ha affermato che l'operazione complessiva si baserà su un prezzo unitario medio di 29 dollari, o il 28% sopra il suo prezzo corrente.
Tuttavia, le azioni di Morgan Stanley hanno perso il 6,79% a 23.07 dollari intorno alle ore 17:00 GMT.
"Questa alleanza strategica costituisce un'importante opportunità per accelerare la transizione di Morgan Stanley allo status di banca holding", ha dichiarato John Mack, CEO del gruppo americano.
Morgan Stanley ha adottato questo nuovo status la settimana scorsa, che dovrebbe consentire di diversificare le sue attività, ma deve passare attraverso l'autorità della Federal Reserve.
La sua alleanza con MUFG conferma anche che l’attuale crisi finanziaria ha costretto i più grandi nomi di Wall Street ad adottare un atteggiamento molto più cauto di prima.
Le modalità presentate lunedì mostrano che l’accordo è stato modificato negli ultimi giorni: lunedì scorso Morgan aveva appena annunciato che avrebbe venduto fino al 20% delle sue azioni ai giapponesi per circa 8,5 miliardi di dollari.
"Una settimana fa, ha spiegato Toshihide Mizuno, direttore esecutivo di MUFG a Tokyo", abbiamo pensato che la partecipazione sarebbe composta interamente da azioni ordinarie.
Ma dato lo stato attuale dell’economia e dei mercati, abbiamo sperato di ridurre al minimo i rischi e di proteggere le nostre spalle”.
Sulla base del prezzo medio ponderato, MUFG pagherà per i suoi titoli Morgan Stanley il 7% sotto il loro valore contabile.
E la transazione porterà a una diluizione di circa il 20% dei profitti per azione.
L’accordo prevede che MUFG possa convertire annualmente la metà dei suoi titoli preferiti in azioni ordinarie se questi sono stati negoziati più del 50% al di sopra del prezzo di conversione, circa $ 47 per un dato periodo.
Morgan Stanley assicura che il capitale fornito da MUFG gli permetterà di cogliere opportunità di investimento, rafforzare il suo bilancio e aumentare la sua liquidità.
Un portavoce del gruppo, tuttavia, ha rifiutato di fornire dettagli sui progetti strategici dei due nuovi alleati.
Dopo l’investimento di MUFG, Morgan Stanley prevede un rapporto di capitale Tier One di circa il 15%, uno dei migliori del settore.
Morgan ha detto di aver ridotto "significativamente" il suo bilancio dalla fine di agosto.
Le ultime settimane sono state difficili per il gruppo, che ha visto la metà del suo prezzo delle azioni sciogliersi mentre i costi di assicurazione contro il rischio di default sul suo debito sono saliti.
Questo costo è diminuito lunedì ma è rimasto a un nuovo livello elevato, intorno al 12%.
La settimana scorsa, Goldman Sachs, l'unica altra grande banca di investimento sopravvissuta a Wall Street dopo la bancarotta di Bear Stearns e l'acquisizione di Lehman Brothers e Merrill Lynch, ha annunciato di aver raccolto 15 miliardi di dollari, in parte da Berkshire Hathaway, il gruppo di Warren Buffett.
Lunedì a Quito Rafael Correa.
Ristrutturazione intorno alla Repubblica del socialismo del XXI secolo.
Si tratta di un progetto congiunto tra il venezuelano Hugo Chávez, Evo Morales della Bolivia e l’ecuadoriano Rafael Correa.
Questa domenica, come i suoi omologhi e amici, è la terza a mettere in votazione un progetto di nuova costituzione.
La missione è stata compiuta dal momento che il 64% degli elettori ha votato "sì" al referendum, secondo i risultati ufficiali basati sull'80% dei voti.
Sulla base di questi risultati, il "no" ha ottenuto 28%, il 7% dei voti sono stati invalidi, e il 0,7% sono stati voti bianchi.
Per approvare il progetto di Costituzione è necessario ottenere la metà dei voti più uno.
Domenica, due sondaggi condotti al di fuori delle stazioni elettorali e un'organizzazione non governativa avevano annunciato una grande vittoria per il "sì", nella gamma tra il 63% e il 70%.
Rafael Correa aveva rivendicato nella notte da domenica a lunedì la vittoria del suo progetto di Costituzione.
“La Costituzione ha trionfato così sopraffatto”, ha assicurato, lodando gli equatoriani nella sede del governo a Guayaquil, 280 km a sud-ovest di Quito.
Naturalmente, Rafael Correa è stato congratulato da Chavez e Morales, ma anche dalla sua controparte cilena Michelle Bachelet.
Il sondaggio, condotto pacificamente sotto il controllo dell’Organizzazione degli Stati Americani (OAS), copriva nel suo testo 444 punti che consolidano il “nuovo socialismo” sostenuto dal presidente.
Il disegno costituzionale incarna il potere dello Stato sull'economia, riservandogli la "pianificazione dello sviluppo" di un paese che vive principalmente dall'estrazione di petrolio da parte di aziende straniere e del denaro straniero che inviano ai loro emigrati.
Il progetto, promosso da Correa, eletto nel 2006, conferisce anche maggiori poteri al Capo dello Stato, che può durare fino a due mandati consecutivi di quattro anni e sarà in grado di sciogliere l’Assemblea.
Correa ha già annunciato che utilizzerà questo potere per cercare un nuovo mandato nel febbraio 2009.
La Costituzione rafforza anche il principio dei servizi sanitari gratuiti e dell’istruzione che il presidente ha iniziato a stabilire in questo paese di 13,9 milioni di abitanti, dove il 50% della popolazione vive al di sotto della soglia di povertà.
Inoltre prevede il divieto della presenza di truppe straniere, che porrà fine all'accordo tra Quito e Washington per l'uso dell'Ecuador come base di lancio per le operazioni antidroga statunitensi.
I 19 ostaggi sono stati liberati in Chad
Una squadra di comando egiziana ha lanciato un attacco contro i rapitori degli undici turisti e le loro otto scorte catturate dieci giorni fa.
Siamo al Cairo.
Gli undici turisti europei e le loro otto scorte egiziane tenuti prigionieri per dieci giorni nel deserto sono stati restituiti lunedì pomeriggio senza danni alla capitale egiziana.
Al mattino, sono stati liberati da un comando egiziano in Ciad.
Apparentemente adatti, gli ostaggi sono arrivati intorno alle ore 1530 a bordo di un aereo speciale alla base militare di al-Maza, collegata all'aeroporto internazionale del Cairo.
Sono stati immediatamente trasferiti, senza essere in grado di parlare alla stampa, via elicottero all’ospedale di Maadi, un suburbano residenziale del Cairo, per sottoporsi ad esami.
Sono in "buona salute" e "non è stato pagato alcun riscatto" ai rapitori", ha dichiarato il ministro egiziano del Turismo, Zoheir Garanna.
Catturato il 19 settembre durante un safari in un 4x4 ai piedi del monte Ouanat ai confini con l’Egitto, il Sudan e la Libia, questo gruppo di ostaggi era stato gettato da un nascondiglio all’altro da 35 rapitori sconosciuti.
Ci sono 11 turisti - cinque italiani, cinque tedeschi e un rumeno - e anche otto egiziani: due guide, quattro conducenti, una guardia di frontiera e il direttore dell'agenzia Aegyptous, organizzatore del safari.
Un funzionario di sicurezza egiziano ha detto che 30 membri delle forze speciali, trasportati a bordo di due elicotteri, avevano lanciato l'attacco durante la notte poco prima dell'alba.
“Si è verificato uno scambio di fuoco, e la metà dei rapitori è stata uccisa, l’altra metà è fuggita”, ha detto il funzionario, che ha chiesto l’anonimato.
Ha detto che 150 membri dell'unità di risposta rapida delle forze speciali egiziane sono stati inviati in Sudan nel suo complesso, dove hanno ricevuto il sostegno dei comandi tedeschi e italiani.
Il capo del corpo diplomatico italiano Franco Frattini a Belgrado, dove si trova attualmente, ha menzionato il ruolo svolto dagli agenti segreti italiani e da elementi delle forze speciali.
"Dobbiamo riconoscere che abbiamo raggiunto questo risultato attraverso il professionalismo e l'efficacia dei nostri uomini dei servizi segreti, delle forze speciali", ha detto, senza ulteriori dettagli.
Ha anche negato di pagare un riscatto.
Il giorno prima, l'esercito sudanese aveva affermato di aver intercettato un veicolo di pattuglia 4x4 a bordo del quale si trovavano i sequestratori, uccidendo sei, tra cui il capo cadiano, e arrestando due.
L’esercito ha affermato di essere legato a un gruppo ribelle nel Darfur, il Movimento di Liberazione del Sudan-Unità (SLA-U), qualcosa che questo movimento ha immediatamente negato.
Lettere - La maggioranza silenziosa della cultura
Un dibattito sul finanziamento della cultura ha fatto i titoli e ha arricchito questa campagna elettorale.
Buona cosa.
Ma un settore della nostra vita culturale rimane sempre dimenticato.
Chi si presenterà per denunciare la miseria che è concessa ai piccoli musei, archivi, siti archeologici o storici nazionali che hanno fame di finanziamenti?
Quale politico oserebbe ricordare al governo federale che sta trascurando i suoi monumenti e gli edifici del patrimonio?
In Quebec, in Canada, non abbiamo leggi reali che preservino efficacemente il nostro patrimonio?
Lo sapevate che il governo francese dedica tre milioni e mezzo di euro solo per il restauro del castello di Chinon nella valle della Loira?
I nostri vicini americani hanno scritto nella Costituzione del loro paese che la protezione del patrimonio è parte della cultura americana e che tale patrimonio deve essere protetto da tutti i cittadini, tutti gli eletti e tutti i dipartimenti governativi, e questo, in cooperazione.
In Quebec, la Federazione delle Società di Storia del Quebec, almeno 40.000 volontari raggruppati in 211 agenzie per la storia, il patrimonio, gli archivi e la genealogia si occupano di ricercare la storia, con la conservazione, avendo pochi fondi, pile di archivi privati, e la conservazione di resti archeologici.
Sono spesso i guardiani del nostro patrimonio, che protestano con l’energia della disperazione quando sviluppatori e costruttori lanciano i loro bulldozer contro i nostri vecchi edifici e i nostri cimiteri dimenticati.
Quando ci sarà un forum per la storia e il patrimonio?
Banca Fortis parzialmente nazionalizzata dai governi del Benelux
Gli Stati del Benelux aiutano Fortis, la banca belga-olandese - che è la prima istituzione finanziaria europea in difficoltà a causa dell'effetto successivo della crisi del credito statunitense - con un acquisto parziale dello Stato.
Alla fine di questa settimana, i governi belga, lussemburghese e olandese hanno consultato su questa questione al più alto livello, coinvolgendo il presidente della Banca centrale europea e il commissario alla concorrenza della Commissione europea.
All’interno della zona euro, Fortis è la prima banca colpita dalla crisi finanziaria internazionale che si avvicina in onda negli ultimi 12 mesi.
Secondo la decisione presa domenica sera, ciascun governo prenderà una quota del 49% nelle banche Fortis nei rispettivi paesi.
La banca vendrà certamente una parte delle sue azioni, in particolare le attività assicurative, che ha acquistato dall'ABN Amro olandese lo scorso anno.
Le azioni di Fortis hanno iniziato a crollare profondamente la scorsa settimana, poi nella seconda parte della settimana sono apparsi segni di una grave crisi nella società.
Gli analisti concordano sul fatto che la banca - con i suoi 85.000 dipendenti - è troppo grande per essere lasciata andare in bancarotta.
Le azioni della banca sono diminuite del 12% venerdì, il livello più basso registrato da 14 anni.
Il valore delle azioni è sceso di due terzi da gennaio.
Considerando i prezzi attuali delle azioni, l'intero valore del capitale di mercato del gruppo è di circa 14 miliardi di euro.
La direzione incolpa le incertezze all'estero - che sono legate all'accettazione del pacchetto americano di 700 miliardi di dollari - per la caduta delle azioni di Fortis.
Le azioni hanno registrato un leggero aumento lunedì.
Filip Dierckx è stato nominato nuovo amministratore delegato della banca venerdì.
L'istituto finanziario stava anche cercando acquirenti privati, ma finora non è stata fatta alcuna offerta sostanziale.
Il governo belga ha dichiarato in precedenza che gli investitori non hanno motivo di preoccuparsi, non perderanno i loro soldi.
Nessun panico è emerso finora tra i clienti della banca; nessuna fretta bancaria è avvenuta.
Fortis ha un proprio stabilimento bancario in Ungheria e ha anche acquistato società di leasing.
La Fox in The Henhouse
Le compagnie di assicurazione sulla vita e sulla salute americane spesso rifiutano di vendere assicurazioni a alcuni cittadini, a causa dei loro dati di acquisto di farmaci.
Gli esperti per la protezione dei dati temono che il mercato dei dati diventi incontrollabile.
"C'è un programma di protezione dei dati che richiede il permesso dell'interessato al fine di utilizzare i dati sulla prescrizione di farmaci.
Dovrebbe essere indipendente, altrimenti la volpe guarderà la casa della gallina", citava il Washington Post Richard Dick, sviluppatore del programma applicabile per il tracciamento delle prescrizioni di droga.
Le compagnie di assicurazione decidono il premio assicurativo e l'importo da pagare in caso di danni in funzione della condizione di salute del cliente che fa domanda, e se lo ritengono troppo rischioso, non forniscono assicurazione.
I clienti richiedenti venivano inviati a fare un esame medico e il contratto veniva concluso solo alla luce dei risultati del screening.
Dick ha sviluppato un metodo molto più economico dieci anni fa: sulla base del numero di identificazione del cliente il tipo di farmaci acquistati dal cliente negli ultimi 18 mesi può essere facilmente rilevato, quindi il programma può tracciare le conseguenze da solo per quanto riguarda le malattie che il richiedente soffre così come il loro stato di salute.
Ad esempio, il caso di acquistare regolarmente grandi dosi di farmaci che riducono il colesterolo si riferisce praticamente al fatto che il cliente ha livelli di grasso nel sangue incurabilmente alti, a seguito dei quali questa persona sarebbe immediatamente messa in una categoria di rischio più elevato.
Il programma ha diverse versioni nel commercio, alcune di esse definiscono persino il fattore di rischio, quindi la compagnia di assicurazione non ha altro da fare che la documentazione, anche se sorgono difficoltà minori.
Uno degli svantaggi è il fatto che alcuni farmaci possono essere utilizzati per diversi scopi, ad esempio alcune formulazioni mediche sono per trattare emicrania, ondate di calore o persino depressione.
Quest’ultimo è un fattore significativo che aumenta il rischio dal punto di vista degli assicuratori aziendali, mentre gli altri due non lo sono.
Ci sono aziende specifiche che si occupano di ottenere e trattare i dati, e chiedono il permesso del paziente prima di acquisire le informazioni necessarie dalle farmacie.
Sono già obbligati a farlo, anche se i loro fallimenti precedenti non sono stati penalizzati.
Alcune aziende elaborano persino i risultati degli esami di laboratorio e li connettono ai dati sul consumo di farmaci, in modo da poter fornire informazioni più accurate sullo stato di salute dei pazienti.
Sempre più aziende ottengono accesso ai dati e, parallelamente, il controllo del loro utilizzo diventa sempre più difficile.
C'è un atto specifico sulla protezione dei dati sanitari, ma il suo ambito di applicazione comprende solo i fornitori di assistenza sanitaria e le compagnie di assicurazione.
Il progetto di legge sulla concessione di poteri di ispezione alle autorità sulle società che si occupano della fornitura di dati è stato presentato al Congresso.
Dick Richard si rende conto che questo non è sufficiente: è per questo che ha sviluppato ulteriormente il suo programma, che ora limiterebbe il trasferimento dei dati per quanto riguarda l'esigenza del consenso espresso dell'interessato.
È un'altra questione, tuttavia, che il richiedente non può davvero rifiutare il consenso, altrimenti le compagnie di assicurazione non concluderanno contratto con loro.
Quindi le galline, in una certa misura, continueranno a dipendere dalla benevolenza della volpe.
Menu di Marsiglia
L'Unione Europea e l'India raddoppieranno il commercio
Poiché l'Unione europea e l'India sono i principali partner commerciali l'uno dell'altro, l'ordine del giorno del nono vertice è stato anche dominato da questa questione oltre ad altri problemi, principalmente globali.
Oggi si terrà anche un vertice Francia-India, in particolare sulla cooperazione nucleare.
Anche se l'Unione europea riconosce che l'India è una potenza mondiale democratica emergenti, che dovrebbe essere concesso di dire di più negli affari internazionali, gli Stati membri non sono stati in grado di raggiungere un accordo ancora se sostenere il membro permanente di New Delhi nel Consiglio di sicurezza delle Nazioni Unite o no.
Quindi questa questione non è stata costretta durante il nono vertice, organizzato ieri a Marsiglia.
Il presidente francese Nicolas Sarkozy, in qualità di presidente rotante dell'Unione, il presidente del Comitato José Manuel Barroso e il capo della politica estera Javier Solana hanno accolto il primo ministro indiano Manmohan Singh e hanno accettato di raddoppiare, vale a dire aumentare a più di 100 miliardi di euro, il flusso commerciale in 5 anni.
Dal momento che lo scambio di merci è aumentato da 25 miliardi a 55 miliardi tra il 2000 e il 2007, questo non è un obiettivo troppo ambizioso.
Di conseguenza, 26 convenzioni bilaterali in materia di aviazione civile esistenti con l'India sono state giuridicamente armonizzate, il che significa che il traffico aereo può crescere in futuro.
L'India vuole firmare l'accordo di libero scambio con l'Unione europea entro la fine del 2009.
Sarkozy ha promesso di accelerare l'armonizzazione.
L'obiettivo è quello di trovare l'equilibrio mentre l'India è il partner commerciale numero uno dell'UE, allo stesso tempo New Delhi ha solo il nono posto nella lista dei partner dell'UE.
Il vertice si è concentrato su questioni globali:
La situazione in Afghanistan e in Pakistan, così come il terrorismo, è stata condannata in tutte le sue forme da entrambe le parti e la convocazione della Conferenza delle Nazioni Unite è stata sollecitata.
La conclusione del Doha Trade Round è stata anche accelerata, anche se entrambe le parti sono responsabili del fiasco finora.
L'UE ha confermato di mantenere il suo programma per l'energia e il clima, il che significa avere l'intenzione di ridurre le emissioni di inquinanti atmosferici di almeno il 20% entro il 2020.
L’India ha concordato con questo e con l’obiettivo di raggiungere un accordo globale alla conferenza sul clima che si terrà il prossimo anno e di ridurre le emissioni di gas a effetto serra del 50% entro il 2050.
Un altro obiettivo era quello di prevenire la crescita dei prezzi alimentari e un appello a una conferenza internazionale per rivedere la crisi finanziaria è stato sostenuto.
Il primo ministro indiano parte oggi a una riunione bilaterale nella capitale francese, dove intende raggiungere un accordo sull'uso pacifico dell'energia nucleare.
Parigi si aspetta che le aziende francesi ricevano contratti per la costruzione di reattori nucleari in India per un valore di 20 miliardi di euro.
Secondo l'agenzia di stampa, l'accordo sarebbe in vigore per 15 anni.
Più di 300 editori italiani a Francoforte
Forte presenza di editori italiani alla Fiera internazionale del libro di Francoforte.
Più di 300 editori italiani saranno presenti al sessantesimo anniversario della Buchmesse, il più importante evento internazionale per lo scambio dei diritti d’autore.
La Fiera Internazionale del Libro di Francoforte si aspetta per questa occasione oltre sette mila espositori provenienti da 101 paesi diversi che occuperanno il terreno della Fiera di 171.790 metri quadrati con oltre 403.000 titoli in mostra, e la Turchia sarà ospite d’onore.
Francesco Maria Giro, sottosegretario del Ministero del Patrimonio e delle Attività Culturali, rappresenterà il governo italiano alla cerimonia di inaugurazione del Pavilione italiano: in realtà l’Italia sarà presente come istituzione con uno stand italiano – 264 metri quadrati di spazio espositivo.
Successivamente si terrà la conferenza stampa presso la Sala Struttura del Pavilione 5.0 della Buchmesse: questa sarà l’occasione in cui saranno presentati i numeri, le tendenze e una visione dello stato dell’industria editrice italiana.
Secondo i dati, c’è una progressiva diminuzione dell’importanza dei libri di autori stranieri nella produzione italiana, e in particolare in quella per adulti e bambini.
Scoperto l’aereo di Steve Fossett, il milionario scomparso un anno fa
L'aereo di Steve Fossett, il milionario che scomparve il 3 settembre 2007 mentre volava sul deserto del Nevada, è stato trovato.
I resti sono stati trovati su un altopiano a 3000 metri di altitudine, nella zona della Sierra Nevada dei Laghi Mammoth, al confine tra la California e il Nevada.
All’interno dell’aereo, però, non c’erano resti umani.
Lo sceriffo della contea di Madera, John Anderson, ha dissipato eventuali dubbi rimanenti: "L'aereo è stato localizzato, abbiamo inviato un team, e ora abbiamo la conferma che è quello su cui Steve Follett stava volando il giorno in cui scomparve", ha detto in una conferenza stampa.
Successivamente, lo sceriffo ha sottolineato che non sono stati trovati resti umani né sull'aereo né nell'area circostante.
Il milionario, 63 anni, è stato abbandonato a febbraio.
L’American National Transport Safety Bureau (NTSB) ha riferito che poche ore dopo che l’incidente è stato rilevato è stato inviato un team di indagine, che ha poi identificato l’aereo: è il Bellanca 8KCAB, che è scomparso dal 3 settembre 2007, quando Fossett è decollato da Yerington in Nevada per un volo di tre ore.
Ieri, sempre in California, non lontano dal confine con il Nevada, alcuni oggetti personali appartenenti a Fossett sono stati trovati da una coppia vicino alla loro casa a Mammoth Lakes.
Gli oggetti sono due documenti in nome di Fossett, entrambi rilasciati dalla Federal Aviation Administration di Illinois, alcuni contanti, e una maglietta.
La ricerca di Fossett è stata sospesa un mese dopo la sua scomparsa.
Il milionario si era guadagnato un posto nella storia grazie a una serie di record mondiali.
Nel 2002, al suo sesto tentativo, divenne il primo uomo a completare il giro del mondo in un pallone ad aria calda: un volo solo di due settimane.
Tre anni dopo ha fatto il giro del mondo in aereo senza atterrare.
Tra i suoi numerosi record, c’è anche il volo a 15.445 metri, sopra gli Andes, ma con un co-piloto.
Glk, la pubblicità che non ti aspetta
Un SUV che è al di fuori delle norme con un design originale definito da linee decisive, ampie superfici e angoli puliti.
Insomma, questo è il GLK, l’ultima aggiunta ai veicoli off-road “compatti” del costruttore star, con il quale Mercedes-Benz ha cercato di far entrare in questo settore un respiro d’aria fresca.
Proprio perché le sue caratteristiche sono fuori dalle norme tradizionali, il messaggio che accompagna il lancio del SUV GLK sarà anche inaspettato e non convenzionale, sarà disponibile nelle sale espositive Mercedes-Benz a partire dal prossimo 17 ottobre.
Così la campagna di pubblicità che accompagnerà il debutto del nuovo veicolo lancerà un nuovo metodo di comunicazione che include anche una campagna futuristica di cartoni pubblicitari 3D, utilizzati per la prima volta in Italia da un marchio automobilistico.
Un progetto di grandi annunci pubblicitari, messo in movimento in tre fasi diverse, che dominerà la strada commerciale più centrale di Milano, Corso Como, fino al 15 novembre.
La prima fase di questo nuovo tipo di comunicazione inizierà con una presentazione della vettura in visione stereoscopica, e grazie a occhiali speciali distribuiti nel quartiere di Corso Como sarà possibile vedere il nuovo SUV in reale dimensione e formato 3D.
In realtà, guardando l'immagine si otterrà la sensazione che la macchina proietta fuori dal poster.
Successivamente, attraverso l’uso della tecnologia innovativa Elumina 8, tutti i dettagli del nuovo GLK saranno illuminati in vari momenti, e poi ricostituiti come un’unica immagine.
Senza dubbio, Mercedes, attraverso questa pubblicità, sta cercando di introdurre qualcosa di nuovo nel campo convenzionale della pubblicità automobilistica.
Sarà riuscito con questa formula a provocare l'interesse dei futuri acquirenti?
Ecco chi sono gli oligarchi italiani
del Tri-Veneto, che potrebbe essere vietato di partecipare alle gare sportive (Daspo).
Ma chi sono quelle 150-200 persone di cui l’Italia ora si vergogna? fanno parte del gruppo “Ultras Italia” che da anni sostiene la squadra nazionale di calcio e fino ad ora, la verità si sa, non ha mai creato grandi problemi.
Non ha mai affrontato nemmeno i tifosi.
L'estrazione del gruppo è a destra.
I promotori sono di Tri-Veneto.
Da Verona, Padova, Trieste e Udine.
A questi si sono uniti alcuni piccoli gruppi (in realtà, molto pochi membri) provenienti da Campagna e Puglia.
Hanno bandiere tricolori con la città di origine dei militanti su di loro: sabato, questi sono stati rimossi in modo che non potevano essere identificati.
Le sue idee vengono raccolte dai fan inglesi.
In Bulgaria, hanno trovato sostenitori che erano veri nazisti, il gruppo Levski.
Il FIGC aveva messo a disposizione dei tifosi italiani 144 biglietti per la partita: tutti personali, quindi facilmente controllabili.
E il Ministero dell’Interno di Viminale li aveva effettivamente tutti controllati: tra quei gruppi che andavano a Sofia nessuno era stato proibito, a nessuno era stato proibito frequentare uno stadio.
Quattro tifosi italiani, che avevano precedentemente commesso crimini legati allo stadio, avevano in realtà ricevuto un rifiuto di biglietti e non avevano potuto andare.
Ora il Ministero dell’Interno sta aspettando di poter leggere i documenti ufficiali, che dovrebbero arrivare dalla polizia bulgara prima di intraprendere azioni: in questo caso, è possibile vietare per almeno cinque anni i sostenitori che sono stati arrestati o quelli che sono stati identificati durante i disordini.
Un esilio internazionale che vieta la partecipazione non solo agli stadi in Italia, ma anche in tutta Europa.
I nostri hooligans, in breve, non entrerebbero in un altro stadio.
Per fortuna
Ma ora c'è la paura dell'emulazione: cioè che altri si uniscano a quel poco più di centocinquanta.
“Dobbiamo spegnere immediatamente questo incendio e non legittimare coloro che si comportano in questo modo”, affermano quelli del ministero a Viminale.
Quindi, “gli occhi aperti, soprattutto dal momento che c’è la squadra nazionale che gioca mercoledì a Lecce”.
In Puglia infatti c’è un piccolo nucleo di sostenitori di Ultras Italia.
Domani l’Osservatorio si riunisce, martedì il CASMS che può contare su una sezione dell’AISE, cioè il servizio segreto, che gestisce esattamente i problemi negli stadi.
"Il coro Duce-Duce e il braccio allungato durante l'inno Mameli? in Bulgaria non è un crimine...".
Questi sono i pensieri (espressi con grande delusione) di Domenico Mazzilli, che, a partire da poche settimane fa, è il direttore dell’Osservatorio del Viminale (ha raggiunto il posto che era inizialmente detenuto da Francesco Tagliente e poi da Felice Ferlizzi).
In precedenza, Mazzilli era stato capo dell’amministrazione di polizia a Trieste dove si trova un nucleo di sostenitori di Ultras Italia, fondata nel 2002.
È vero, dice Mazzilli, che in Bulgaria non è un crimine cantare l'inno al Duce, ma forse il comportamento di quei 150-200 tifosi è stato vergognoso.
"Non sono un sociologo - aggiunge il n.1 dell'Osservatorio - il crimine dovrebbe essere imputato nel paese in cui si verifica l'incidente.
Fino ad ora questo gruppo è rimasto all’interno delle linee, ora vedremo cosa è realmente accaduto e lo valuteremo per un futuro riferimento.
Ma parliamo anche del sussurro all’inno Mameli: anche in Bulgaria non è un crimine, ma, se mi è permesso di dire, non è buone maniere...”.
