A jobboldali populisták győztek Ausztriában, összesen 29 százalékuk van
Az első előzetes eredmények szerint a korai parlamenti választások Ausztriában mindkét párt észrevehető gyengülését hozták a jelenlegi nagy koalícióban, és jelentős lendületet adtak a jobboldali populista pártoknak.
Az Osztrák Néppárt (ÖVP), ahol a jelenlegi vezető, Wilhelm Molterer pozícióját súlyosan megrázzák, különösen nagy veszteségeket szenvedett.
Éppen ellenkezőleg, az Ausztria Jövőjéért Szövetség (BZÖ) kampányvezetője, Jörg Haider karintiai kormányzó előkészíti a nemzeti politikába való diadalmas visszatérést.
Az előzetes eredmények szerint a szociáldemokrata párt (SPÖ) továbbra is a legerősebb az országban a szavazatok 29,8 százalékával, azonban a legutóbbi választások óta a szavazatok 5,5 százalékát vesztette el.
Az ÖVP, amely 25,6 százalékkal vesztette el a szavazatok közel kilenc százalékát, még rosszabbul járt.
Ezek mindkét nagy párt legrosszabb eredményei az osztrák háború utáni történelemben, és különösen a Néppárt számára, amely az előrehozott választásokat sürgette, szó szerint katasztrofális eredmény.
Július elején, amikor az ÖVP elhagyta a koalíciót, a Néppárt még mindig jelentős vezető szerepet töltött be a SPÖ-nél a választásokon.
A választók azonban látszólag megbüntették őket a kormány megbuktatásáért.
Az eredményekre adott első reakciókban már spekuláltak a pártvezető és jelenlegi alkancellár, Wilhelm Molterer lemondásáról.
A megfigyelők arra számítanak, hogy ez már a pártvezetés hétfői rendkívüli ülésén megtörténhet.
Egy ilyen fejlemény minden bizonnyal egyszerűsítené az utat a választási eredmények egyre valószínűbb alkalmazásához, azaz a SPÖ és az ÖVP nagykoalíciójának megújításához.
Figyelembe véve mindkét jobboldali populista párt erősödését – a Szabadságpárt (FPÖ) az előzetes 18 százalékot, a BZÖ pedig a szavazatok 11 százalékát – ugyanakkor a szociáldemokraták félelmüket fejezték ki az 1999-es év megismétlődésétől, amikor a Néppárt egyetértett a populistákkal (a FPÖ akkor még egységes volt, 2005-ben szakadt el a BZÖ-től) egy közös kormányról, ami végül az Európai Unió szankcióit váltotta ki.
Haider, aki már bejelentette, hogy kész együttműködni bármely párttal, és feltételezi, hogy visszatér Bécsbe a nemzeti politikába, nyilvánvalóan erre a fejleményre számít.
A Zöldek pártja is belépett a parlamentbe, de enyhe veszteséget szenvedett, és az osztrák politikai pártok között a harmadikról az ötödikre esett.
A többi párt egyike sem lépte túl a négy százalékos küszöbértéket és nem jutott be a parlamentbe.
Schwarzenberg: rosszabbodhatnak a kapcsolatok Indiával
Karel Schwarzenberg külügyminiszter szerint, ha nem sikerül megoldani a cseh tudósok problémáját, akiket Indiában békák illegális gyűjtésével vádolnak, akkor a cseh-indiai kapcsolatok bizonyos fokú romlása történhet.
A miniszter ezt a nyilatkozatot a mai találkozó után tett New Yorkban az indiai kollégájával, Pranab Mukherjee-vel.
"Ha ez nem oldódik meg, akkor igen, akkor bizonyos romlás következne be" - jelentette ki a cseh fél által kezdeményezett találkozót követően.
A tárgyalások után Mukherjee azt mondta, hogy nehéz a végrehajtó ágnak beavatkozni az igazságügyi ügyekbe.
Mindazonáltal elmondta, hogy Petr Švácha ügyében, akit mentesítettek a vádak alól és bírsággal sújtottak, a központi kormány tárgyalhat a Darjeelingben lévő helyi önkormányzattal, amelynek joghatósága alá tartozik az ügy.
A probléma megoldható” – mondta a miniszter.
Mukherjee szerint az lenne a legjobb, ha Emil Kučera, aki három év börtönbüntetésre ítélték, fellebbezne a magasabb rendű hatóságokhoz.
Ezután kérheti, hogy biztosítékkal bocsássák szabadon, és várja az ítéletet a börtönn kívül - magyarázta.
Schwarzenberg megerősítette, hogy partnere is ezt mondta a tárgyalások során.
"Azt javasolja, hogy fellebbezzen egy magasabb bírósághoz, akkor lehetséges lenne megbocsátani" - mondta a cseh külügyminiszter.
Az egyetlen módja annak, hogy a cseh fél bevonulhasson az egész ügybe, az, hogy az elítélt személyeknek „illetékes jogi támogatást” nyújtson, mondta az indiai miniszter.
Ugyanakkor elmondta, hogy az indiai fél már nyújt nekik ilyen típusú segítséget is.
"A legnagyobb érdekünk, hogy megőrizzük a legjobb kapcsolatokat Indiával, amelynek hosszú hagyománya van.
Az indiánok is elismerik ezt” – mondta Schwarzenberg.
Ugyanakkor, ahogy a cseh hírügynökségnek elmondta, partnere előtt hangsúlyozta, hogy a Cseh Köztársaság nagy jelentőséget tulajdonít a cseh entomológusok problémájának.
"Valóban súlyos hibának tartjuk a cseh tudósok letartóztatását és vádemelését" - tette hozzá.
A miniszter nem válaszolt arra a kérdésre, hogy megkapta-e az indiai fél ígéretét az ügy folytatására.
Egyszerűen csak azt mondta: „Már nagyon sok ígéretet kaptam”.
A cseh válogatott az óceánfenékért küzd
Az elektronikus fal térkép felé lép, amely Ausztráliát és a környező tengeri területeket ábrázolja.
Azonban nem érdekli a kontinens, hanem egy kis pont elveszett a kék az óceánban.
„Ez a sziget, és vele együtt az azt körülvevő tengerfenék, Ausztráliához tartozik.
Ugyanakkor a terület ugyanolyan nagy, mint maga a kontinens” – mondja Luigi Santosuosso olasz ügyvéd, aki az ENSZ Óceánügyi és Tengerjogi Osztályának harminctagú munkatársa.
A főnöke, a divízió igazgatója, a cseh ügyvéd, Václav Mikulka követi, amit mond, és alkalmanként hozzáteszi valamit.
A munka iránti lelkesedés és lelkesedés dominál itt.
Az óceánfenék egy eddig kevéssé ismert, természeti erőforrásokban gazdag világot biztosít.
Megtalálható az olaj, a bányák és más ásványi anyagok, de az eddig ismeretlen élő szervezetek is, amelyek tartják a kulcsot, például a rák gyógyításának kifejlesztéséhez.
Egy földszinten nagyobb, mint a kontinens
A part menti országok ma kezdtek hevesen versenyezni az új víz alatti területért.
Ez azt jelenti, hogy egy ENSZ-megállapodás szerint élnek azokkal a jogokkal, amelyeket 1982-ben a jamaicai Montego-öbölben fogadtak el.
Ez elsősorban az úgynevezett kontinentális síkság területét jelenti, amely gyakran akár több száz kilométerre is eléri az adott ország partjait.
A megállapodás értelmében ez az ország kizárólagos joggal rendelkezik a kontinentális síkság valamennyi erőforrására.
Egyszerűen fogalmazva, a kontinentális polcot az óceánfenék azon részének tekintik, amely a tenger alatti kontinens és annak szubsztrátja természetes folytatása.
A tengerparton túlra, gyakran még az úgynevezett kizárólagos gazdasági övezet kétszáz tengeri mérföldes határán is eljutott” – magyarázza Mikulka.
Az adott országnak a kontinentális síkság határairól szóló kérelmét számos költséges felmérésen és mérésen alapuló tudományos és technikai dokumentációnak kell alátámasztania.
Sokéves előkészítő munka eredménye.
Az egyik feladatunk, hogy jogi és szakosodott technikai segítséget nyújtsunk a bizottságnak.
A bizottság eddig öt kérelmet tárgyalt meg: Oroszországtól, Brazíliától, Ausztráliától, Írországtól és Új-Zélandtól.
Eddig csak az utolsó három ilyen ország volt sikeres” – tette hozzá Mikulka.
A közelmúltban Ausztrália sikere, amely elsőként bővítette víz alatti tartományát, világszerte regisztrált.
De Új-Zéland is nyert - az óceánfenék területe, amelyet a bizottság engedett neki, körülbelül 1,6 millió négyzetkilométer, vagyis körülbelül hatszor nagyobb, mint maga az ország mérete.
Mindkét ország több millió dollárt fektetett be a felmérésekbe.
A jövedelem, amely az óceánfenék kihasználásából származik a jövőben, remélik, felbecsülhetetlen.
Más országok is fokozatosan benyújtják kéréseiket.
Az országoknak tíz évük van arra, hogy ratifikálják a „Montego-öböl-megállapodást”.
Ahol a kontinentális polc véget ér, ott kezdődik az a tengerfenék, amelyet a megállapodás az emberiség közös örökségének nyilvánított.
Ma már egyetlen ország sem rendelkezik kizárólagos jogkörrel.
A bányászati jogokat ezen a területen a nemzetközi intézmény által létrehozott megállapodás biztosítja.
"De az óceánfenék nem Klondike" - mondja Mikulka rendező túlzásba ejtve, hozzátéve, hogy "az egyes területek jogilag egyértelműen meghatározzák a határokat, és a rezsimjük szerződésekben van rögzítve."
Csehek a Csendes-óceánban
A tengerfenék egy része jelenleg a Cseh Köztársasághoz tartozik.
Megosztja azt más országokkal az egykori keleti blokk részeként a közös szervezet "Interoceanmetal".
Megállapodás alapján ez a szervezet, mint számos más kis ország befektetői, 1991-ben megszerezte az úgynevezett "pioneer befektető" státuszát.
Megengedett a ClarionClipperton zónában a Csendes-óceánban, amely Mexikó, Hawaii és Kiribati között fekszik.
A befektető által vizsgált terület valamivel nagyobb, mint a volt Csehszlovákia.
A tengerfenék ott durva, ez egyfajta víz alatti modell a Tátra-hegység.
"Lehetőség van arra, hogy ott 75 ezer négyzetkilométernyi teljes területen bányásszanak.
A terület gazdag hely a nikkel, réz, kobalt és mangán tartalmú polimetál betonok gyűjtésére" - mondja egy másik indiai ügyvéd, Pakshi Rajan.
A divízió macedón ügyvédje, Rober Sandev egy ilyen konkrétumot mutat be.
Úgy néz ki, mint egy kis burgonya, vagy egy kis fantáziával, a mítoszos terv, amely a legenda szerint életre keltette a Golemet.
Német különleges erők mentették meg a túszokat
A túszkrízis megoldásában az egyiptomi kormány segítséget kért Németországtól, amely szakértőket küldött.
Amikor a nyomás elkezdődött, a különleges erők készen álltak, de a szolgálataik végül nem voltak szükségesek.
Egyre több részlet derül ki az Egyiptomban elrabolt tizenegy európai turista felszabadításának körülményeiről.
A német szövetségi védelmi és belügyminisztérium szerint a német különleges erők közvetve is részt vettek a mentési műveletben.
A mentésen részt vettek a szövetségi fegyveres erők (Bundeswehr) szakemberei és a német szövetségi rendőrség (Bpol) tagjai, valamint a GSG 9 és a légijármű különleges egységei – közölték a minisztériumok szóvivői hétfő este, valamint a szövetségi bűnügyi rendőrség (BKA) tagjai és a Technikai Segítségnyújtási Ügynökség (THW) logisztikai szakértői.
A német erőkre azonban nem volt szükség, mondták, mert a foglyok elhagyták a túszokat, és elmenekültek, amikor rájöttek, hogy a túszokat erőszakkal szabadítják fel.
Az egyiptomi kormány elfogadta a Németország által kínált segítséget, hogy a német erőkre támaszkodjon a művelet során.
"Szerencsére ez nem sikerült" - mondta a német belügyminisztérium szóvivője.
Az öt németből, öt olaszból, egy román nőből és nyolc egyiptomi társaikból álló utazási csoportot szeptember 19-én elrabolták Egyiptom déli részén.
Miután elrabolták őket Egyiptom déli részén, a túszokat egyiptomi, líbiai, szudáni és csádi határvidékre vitték.
A mai napig a rablók személyazonossága ismeretlen, valamint a mentésről vagy a lehetséges váltságdíjról szóló részletek.
Az egykori túszok biztonságosan és biztonságosan érkeztek Kairóba.
Steinmeier német külügyminiszter elmondta, hogy a német nagykövetség felügyelete alatt állnak.
A mentőcsapat részleteit nem kommentálta.
Berlinben azonnali tájékoztatást nem kaptak a Németországba való visszatérésükről.
A Bild című német napilap szerint az öt turista és a különleges erők a német légierő egyik Airbusja fedélzetére szállnak, amelyről azt mondják, hogy kedden érkezik Németországba.
Az amerikai képviselőház elutasította a mentőcsomagot
A 700 milliárd dolláros pénzügyi mentőcsomagot az amerikai kongresszus első két házában nem fogadták el.
A Dow Jones meglepetést keltett.
Az Egyesült Államok képviselőháza 227–206 szavazattal elutasította a pénzügyi piacokra vonatkozó kormányzati mentőcsomagot.
George W. Bush elnök és mindkét fél vezető tisztviselői minden felhívása ellenére nem sikerült többséget elérni a pénzügyi piacok káoszának visszaszorítására irányuló program számára.
Egy drámai kampányban a szurkolók kétségbeesetten próbálták meggyőzni a 700 milliárd dolláros terv kritikusait.
Barney Frank, a Demokrata Párt egyik fő tárgyalója felkérte a képviselők jóváhagyását, bár ez nem népszerű terv volt.
"Nehéz megszerezni a politikai jóváhagyást annak megelőzésére, ami még nem történt" - mondta.
Míg a szavazás még folyamatban volt, a Dow Jones több mint hat százalékkal, vagyis 600 ponttal esett vissza.
A befektetők attól tartanak, hogy a kormányzati mentőcsomag sikertelen lesz.
Röviddel a szavazás vége előtt helyreállt, csak hogy egy újabb orrdugulást vegyen, amikor az elutasítást nyilvánosságra hozták.
A szakértők most a nemzetközi pénzpiacokon további súlyos turbulenciát várnak.
A terv végrehajtásához mind a képviselőház, mind a szenátus jóváhagyása szükséges.
Az utazási irodák jelentették a foglalások növekedését
Jó tél lesz a német utazási irodák számára, nyilvánvalóan:
Egy felmérés szerint a következő hónapokban a foglalások forgalma jelentősen nőtt az előző évhez képest – a téli szezonban akár 30 százalékkal is.
A gyenge gazdaság kilátásai ellenére a németek utazási étvágyát továbbra sem károsítja a felmérés.
A téli szezonban történő foglalások esetében az utazási irodák 31 százalékos növekedést mutattak az előző év azonos időszakához képest – közölte hétfőn Berlinben a Német Utazási Szövetség (DRV).
A GfK piackutató cég szerint az őszi hónapokban is nőtt a foglalások száma.
Az utazási irodák körülbelül 11 százalékos növekedést tapasztaltak az októberi forgalomban 2007-hez képest, mondta a DRV.
Az eredmények a GfK adatain alapulnak, amely havonta 1200 német utazási iroda foglalási adatait dolgozza fel, és ezeket felhasználja a piac egészére vonatkozó előrejelzések készítésére.
A 2008 augusztusa előtt beérkezett utazási foglalások is szerepelnek.
A gyenge dollár miatt különösen az Egyesült Államokba való utazások iránti kereslet volt, mondta a DRV.
Ebben a térségben a foglalások körülbelül egyharmadával nőttek, mondta.
Ezen túlmenően Spanyolország, Törökország és Görögország népszerű a németek körében, valamint a hazai régiókban.
A teljes körű utazások különösen keresettek voltak – mondta Klaus Laepple, a DRV elnöke.
Az energia- és élelmiszerárak növekedésének fényében a költségek „az ügyfelek számára kiszámíthatóbbak voltak, mint az egyénileg szervezett nyaralásoké” – mondta Laepple.
A fogyasztók többek között a korai madár vagy az all-inclusive kedvezmények révén pénzt takaríthatnak meg, mondta Laepple.
Mivel a nyári hónapok is nagyon jól lefoglaltak voltak, az előző évhez képest újabb forgalomnövekedés várható - mondta - bár egy másik felmérés szerint az utazó németek száma az előző évhez képest csökkent.
Első alkalom az Oktoberfesten
Tavaszi szünet és après-ski stílusú találatok ismétlődő módban, sör egy literes csészékből és hírességek a designer Dirndln-ben.
A Wiesn debütál.
Technikailag Susanne Kronzuckernek és nekem nincs sok közös.
Szőke, televíziós házigazda, és egy testreszabott Dirndl-t visel.
Sötét hajam van, diák vagyok, és a ruhám másodlagos.
De van egy dolog, ami összeköti bennünket: alig három percig voltunk a Wiesnben, és már a fotósok zsúfolódnak körülöttünk és rögzítik, feltöltik a memóriakártyáikat - nagyon csábító, és ez az első látogatásom a Wiesnbe, hogy elindítsam.
Így szerezhetsz barátokat.
Az olcsó Dirndl úgy tűnik, hogy megteszi a dolgát.
Egy Wiesn-i turista számára, aki általában a „Weisswurst egyenlítőjétől” északra fekszik, a hagyományos bajor ruhát viselő kényelmes érzés sok kívánnivalót hagyott maga után.
De miután megérkeztünk Theresienwiese-ba, nem olyan rossz, mint mindez.
Majdnem mindenki visel Dirndl vagy Lederhosn; senki sem néz ki utálatos vagy szégyenteljes - ez teljesen normális.
Csak a Dirndl aprónk vonzott furcsa pillantásokat a csokoládé-banán eladóra.
Egy müncheni asszony felhívta a figyelmet arra, hogy rosszul kötöttem a takarót: „Közvetlen a bal oldalon, szűz a közepén, elkötelezett a jobb oldalon, özvegy a hátam mögött.”
Hátborzongatóan húzom a fátyolomat hátulról balra.
“Jól néz ki” – mondja, és nevet.
Mások kevésbé foglalkoznak a finom flörtölési technikákkal, és olyan egyszerű kalapokat viselnek, amelyek azt mondják: „Túl részeg ahhoz, hogy öltözködjenek”, és anélkül, hogy arra ösztönöznék, hogy megmutassák az embereknek, hogy meztelenek.
Az exhibitionista hozzáállással rendelkező fiatalember, akit Bobnak hívnak, Angliából származik, és ez az első alkalom az Oktoberfesten is.
Úgy találja, hogy „csodálatos”, egy hosszadalmas „ooooo”.
Ezt mondja nekem, miután megszabadította magát attól a „Massztól”, amellyel korábban rendelkezett.
Közvetlenül az egyik olyan tűzijáték mellett, amelyet mindenki téved a hulladéklerakókért.
Így Bob egyike azoknak a hírhedt „Wildbiesler”.
Mások nem elég szerencsések ahhoz, hogy elveszítsék az alkoholt ilyen módon.
Éjszaka nyolc órakor több tucat paramedikus kergeti a helyszínt, és gondoskodik a szegény bingerekről.
A gyógyszerek mindig csomagokban jelennek meg - egyszerre mindig négyen vannak, a sátorról a sátorra fedett nyúlványt hordozva.
Úgy működik, mint a legtöbb Wiesn látogató: amikor üres, mennek ki, és amikor tele van, visszatérnek.
Nem látja, ki van a BAC koporsókban.
"Ezek azok, akik nem tudnak többet venni" - kiáltott az egyik paramedikus, amikor megkérdeztem tőle, eltűnik a tömegben.
Baleset áldozatait nevezte el a rendőrség
Egy 63 éves női gyalogos, aki kórházban halt meg, miután egy járművel ütközött el Essexben, megvan a neve.
Carole Paulson, a Brentwood-i Chelmsford Roadból, részt vett a pénteki délutáni balesetben a városban lévő Shenfield Road-on.
A királynő kórházába, Romfordba vitték, de később meghalt.
A baleset után egy 51 éves férfit letartóztattak, mert gondatlan vezetéssel gyanúsították.
Azóta rendőrségi biztosíték alapján szabadlábra helyezték.
Törökország bővíti diplomáciai horizontját
Sokkal korábban, mielőtt Törökország az Európai Unióhoz akart csatlakozni, az európai hatalmak szívesen behatoltak Törökország belterületére.
A Boszporusz keleti oldalán, talán csak 20 lépcsőben Ázsiába, áll az egyik legszebb relikvia ennek a sikertelen császári ambíciónak.
A Hydarpasha vasútállomást két német építész, Otto Ritter és Helmut Conu tervezte a reneszánsz stílusban.
Legalábbis ezt mondják az útmutatók.
Az épület a platformok végén fekszik, minden első sarkában egy torony, amely az egész világot nézi, mint egy tartományi német városháza.
A kő piszkos.
Az egész épület kissé elpusztult.
De miután belépett a boltba, nem kétséges, hogy a vállalkozás nagysága, amelynek ez volt a legnyugatibb kapu.
Az állomást 1908-ban nyitotta meg egy német konzorcium, az Anatólia-Bagdadi Társaság.
Németország, a császári játék utódja, a Közel-Keleten uralkodó törekvéseit a damaszkuszi, a bagdadi és a mai Szaúd-Arábiába vezető vasútvonalon keresztül kívánta megvalósítani.
De Németország császári ambíciói az I. világháború idején alapultak.
A vasútvonalakat Lawrence of Arabia és arab szabálytalanságai támadták meg.
A környező régió viszonylagos elszigeteltsége, amelyet a hidegháború fagyott határai hoztak létre, eltűnt.
A brit és a dominion erők elindultak Egyiptomból, és a törököket és német szövetségeseiket Palesztinából és Szíriából tolták ki.
Rossz hírek érkeztek a Hyderpasha állomásról is.
1917-ben egy lőszervonat robbant fel, és elpusztította a kifinomult tetőt.
Török források szerint ez szabotázs volt.
Azóta lassan eltűnt, nagyrészt megkerült a történelem.
De ma ez a vasúti átjáró Anatóliába és minden keleti pontra - legalábbis szimbolikusan - kiemeli Törökország bővülő diplomáciai horizontját.
A kormányzó Igazságügyi és Fejlesztési Párt (AKP) teljesen új külpolitikát dolgozott ki az ország számára.
A környező régió viszonylagos elszigeteltsége, amelyet a hidegháború fagyott határai hoztak létre, eltűnt.
Új elkötelezettségpolitika van érvényben.
Figyelemre méltó, hogy a török kormánynak jó kapcsolata van Izraellel és Szíriával, a Hamasz és a Fatah palesztin frakcióival, Irakkal és Iránnal, és természetesen az Európai Unióval és az Egyesült Államokkal.
Ennek az új külpolitikának a paramétereinek mérése érdekében éjszakai alvószobámmal indultam a török fővárosba, Ankarába, hogy meglátogassam az AKP egyik vezető külpolitikai szakértőjét, a török képviselőt, Suat Kiniklioglu-t.
Másnap reggel - körülbelül tíz és fél órával később - a híres dokumentumfilm The Night Mail régi világrendjeit előállító pályák mentén zajló nyüzsgő túra után megérkeztem a török fővárosba - új városként javasolt egy új világi állam számára, amelynek célja, hogy hátat fordítson az oszmán múltnak.
A jól ismert iszlamista gyökereivel rendelkező AKP azonban paradigmaváltást jelent a török konszenzusban.
Ez bizonyos gyanút keltett Nyugaton, különösen Washingtonban.
Egy taxival elmentem az AKP központjába, egy ultramodern kő- és acélszerkezetbe – amelyet célirányosan építettek – egy fejlődő külvárosban, amelyet félig épített bevásárlóközpontok és süteménygyárak vesznek körül, ahol a középvezetők – férfiak és nők egyaránt – találkoztak a kora reggeli üzletekben.
Suat Kiniklioglu Európa szinte bármely más pártjának jobbközép politikusa lehetett volna.
Kezdőlap Hírek Biztos vagyok benne, hogy még egy Blackberry-t is csomagolt.
A párt külpolitikájának célja most Törökországnak a közvetlen szomszédságába való visszailleszkedése.
A hidegháború egy anomália volt” – mondta.
Törökországot kivágták a szárazföldjéről.
Keletre és nyugatra kellett nézni egyszerre.
Ez nem az egyik vagy a másik eset.
Mindkettőt meg kellett tennie.
„De biztosan egy bizonyos ponton – kérdeztem – Törökország kénytelen lesz választani?”
„Törökország – mondta – nem akarta, hogy szembe kell néznie ezzel a választással.”
Aztán hangsúlyozta azt a pontot, amit majdnem mindenki, akivel itt beszéltem, majdnem teljesen elolvasta: Törökország kapcsolata nemcsak a Közel-Kelettel, hanem a Kaukázussal és a Fekete-tenger környékén is ugyanolyan jó Európának és az Egyesült Államoknak, mint Törökországnak.
Törökországnak a fedélzetén, úgy tűnik, az üzenet az, hogy Európa egésze metaforikusan vezeti ezeket a vasútvonalakat Kelet felé Ázsiába és a Közel-Keletre.
Visszatértem a Hydarpasha állomásra, egy másik, nagyrészt álmatlan éjszaka után, és eszembe jutott a két német úr, Herr Ritter és Herr Conu, akik száz évvel ezelőtt látták ezt az épületet építeni.
Mennyire meglepődtek volna, ha kiderülne, hogy Európa közel-keleti ambíciói most nagyrészt Törökország kezében vannak.
És miközben a terminálon vártam, hogy a komp visszavezessen a Boszporuszon, eszembe jutott, hogy abban az időben Törökországot mindig „Európa beteg emberének” nevezték.
Akkor legalább nem tűnt sok kétségnek, hogy melyik kontinensnek kell ezt a lenyűgöző országot igénybe vennie.
Életek emlékeznek: Vernon Handley és William Woodruff
Mark Brown írja: 1962-től Guildford zenei rendezőjeként Vernon "Tod" Handley (obituárium, szeptember 11) volt a Guildford Filharmonikus Zenekar és kórus felügyelete.
A városi zenei programjának részeként a következő évben megalapította csodálatos ifjúsági kórusát, Proteust.
A 21 év alattiaknak kellett lenniük, de amikor a Proteus 1979-ben énekelt a fináléban, néhányan közülünk a húszas évek végén voltak - csak nem volt hajlandó lemondani a kórusról.
A "Proteus" név (a mitológiai alakváltó) a kórus hajlandóságát és képességét képviselte, hogy bármilyen zenét mutasson be neki, akár madrigal vagy Messiaen, akár kíséret nélkül, akár teljes zenekarral.
Az ilyen ifjúsági kórus által előállított zenei sokoldalúság gyakran lenyűgöző, mindig izgalmas volt, és mindez az egyik ember inspirációjának és a zene iránti lelkesedésnek köszönhető, amely az évek során teljesen állandó maradt.
Hányszor mondott nekünk Tod, hogy „engedjük, hogy a zene önmagáért beszéljen”.
Azt mondja: „A zeneszerző tudja, mit akar.
Minden ott van a zenében.
Szóval énekeld el!”
A csavargó technikája abszolút világos és pontos volt, bár soha nem volt diktatórikus, és nem is virágzott.
Bármi legyen is a zenei színvonal, mindig még magasabbra emelte.
John Frayn Turner írja:
Ha valakinek lovagnak kellett volna lennie, az Vernon Handley volt.
Jól ismertem őt az elmúlt két évtizedben, amikor 1962 és 1982 között a Guildford Filharmonikát vezette.
Az elmúlt 40 év során több mint 100 koncertjét néztem át, és őszintén mondhatom, hogy soha nem csalódtam egyetlen koncertben sem – és sokszor is inspiráltak.
Tod Handley a nagyság és a személyes szerénység ritka kombinációja volt.
Gyűlölte azokat a vezetőket, akik a szavai szerint egyszerűen „egy vagy két jól ismert háborús lovat hajtottak a világ körül”.
Sokunknak fog hiányozni.
György Woodruff
John Beckett professzor szerint:
William Woodruff (September 25) előadása szerint „1946-ban újraindította a gazdasági történelmet Oxfordban, és 1950-ben Houblon-Norman kutatási munkatárssá vált... miközben egyidejűleg BSc, MA és PhD tanulmányokat folytatott”.
Ez Woodruff szerzőjének Beyond Nab End-ben tett jegyzetéből következik, de ez nem helyes.
1946 és 1953 között a Nottinghami Egyetemen gazdasági történelemmel foglalkozott, melynek során J. D. Chambers professzor felügyelete alatt doktori disszertációt készített a brit gumiiparról, majd 1958-ban a The British Rubber Industry néven jelent meg.
1950-51-ben az Egyesült Államokban töltötte a Houblon-Norman ösztöndíjjal, és 1952 nyarán az Illinois, a Harvard és a New York-i egyetemeken.
1953-ban állandóan elhagyta Nottinghamot Illinoisba.
Miért Woodruff úgy döntött, hogy ragyog a karrierje ezen részén, nem ismert.
J. Vincent Resino a Filológiai Karon
José Vicente Resino "Flamenco y vida" kiállítását ajánlom, mert a dokumentumfilmes stílusban készített fekete-fehér fotói rendkívül szépek.
A fényképek felkeltették a figyelmemet az egyszerűségük és az általuk közvetített hatalom miatt, mindig különös figyelmet fordítva a témákra.
Olyan kiállítás, amely mély érzést kelt.
A Resino képes mágikus pillanatokat rögzíteni.”
Második támadás a Honda szuper eladásánál
Novemberben a Honda elindítja a második generációs Jazz modell forgalmazását.
Ha az előző modellt már a magas lakhatóság jellemezte, akkor ez az új minivan szélesebb belső térrel rendelkezik.
Ezenkívül finom mechanikával van felszerelve, amely növeli a vezetési kényelmet és lehetővé teszi az üzemanyag-megtakarítást.
Evolúció helyett forradalom.
Ez a Honda Jazz második generációja.
Míg esztétikailag az új Jazz hasonlít az előző modellre, a minivannak számos változása van.
Többek között érdemes megemlíteni innovatív kialakítását, új platformját, nagyobb méretét és meglehetősen új mechanikáját.
Mindenesetre, mielőtt elkezdené elemezni az új modellt, hasznos lehet rámutatni, hogy ez az új Jazz csak hat évvel az első generáció belépése után jön.
Ezért az első megfigyelésnek figyelembe kell vennie, hogy a Honda gyorsabban frissítette ezt a modellt, mint a többi vállalat.
Még akkor is, ha a Jazz modell kevésbé ismert Európában, mint más piacokon, az értékesítés szempontjából továbbra is jelenség.
Ez a helyzet Japánban, ahol a Jazz volt a legkelendőbb autó 2002-ben és 2008-ban is.
Csak ott, közel egymillió darab Jazz-t adtak el a modell elindítása óta.
A második piac a régi kontinens volt, körülbelül félmillió darabot adtak el hat év alatt.
E számok ellenére a Honda úgy véli, hogy ez az új Jazz még jobban növelni fogja az értékesítéseket a szegmensben.
Tehát, ha 2007-ben a japán cég értékesített összesen 83.000 egység ezt a modellt, 2009-ben becslése szerint ez lesz körülbelül 100.000 autó.
Ami a spanyol piacot illeti, a Honda 2002 óta összesen 8000 darab Jazz-t értékesített, ami a vállalat spanyolországi teljes értékesítésének 6,7%-át teszi ki.
Az új generáció megjelenésével a vállalat spanyolországi vezetője egy éven belül mintegy 2000 darab Jazz eladását várja.
Az új Honda Jazz érkezése valószínűleg lehetővé teszi, hogy a spanyolországi értékesítések csökkenését nagymértékben csökkentse.
Valójában a márkaért felelős személyek az év végéig várják, hogy összesen 22 000 darabot adnak el, ami 4 000 darabot kevesebb, mint 2007-ben, 16%-os csökkenéssel.
Az eladások növekedése ellenére a Honda is növelte piaci részesedését Spanyolországban, elérve az 1,8 százalékot, szemben a tavalyi 1,6 százalékkal.
Ugyanakkor a japán vállalat 2010-ben várhatóan eléri a 2% -ot.
Ennek elérése érdekében a Honda egy másik új modelljével bízik.
Ez az Insight, egy hibrid ötajtós kompakt autó, 4,37 méter hosszú.A japán vállalat reméli, hogy egy éven belül világszerte mintegy 200 000 példányt értékesít.
A piacok és a japán gyártók becslései szerint az Insight értékesítésének 50%-a az Egyesült Államokból származik, míg a fennmaradó 50% mind az Ó kontinensről, mind Japánból származik.
Az Insight kereskedelmi forgalomba hozatalát a jövő év elején tervezik, röviddel a vállalaton belüli modell bemutatása után januárban Valencában.
Az első generációval összehasonlítva az új Jazz teljes egészében fejlődött.
Most 3,90 méter hosszúságú (öt centiméterrel több), 1,69 méter széles (két centiméterrel több) és tengelytávja 2,50 méter, öt centiméteres növekedéssel.
1,5 méteres magassága változatlan maradt.
A méretével együtt a lakható belső tér is megnövekedett.
Ez az előny elsősorban az új platformból, másodszor pedig az üzemanyag tartály központi elhelyezkedésű bevezetéséből származik, amely megoldást már az előző Jazz is elfogadta.
Ezenkívül a csomagtartó kapacitása – kettős alsó térfogat – 399 literre emelkedik, ami az első generációhoz képest 19 literrel nagyobb.
Meg kell jegyezni, hogy ezek a Honda Jazz 1.4 méretei, míg az 1.2 modellben a csomagtartó kapacitása mindössze 379 liter.
Egyéb fejlesztések – a külső elemek mellett, mint például a hátsó vezeték vagy a panorámaüveg felszerelésének lehetősége – a hátsó ülésekhez való jobb hozzáférésről szólnak.
A hátsó ülésekhez való hozzáférést lehetővé tevő ajtók most 80 fokos szögben nyílnak meg, szemben az első modell 67 fokos szögével.
Ráadásul az összes motor meglehetősen új a második generációs autókban.
A forgalomba hozatal idején ez a kis modell 1,2 vagy 1,4 literes benzinmotorral lesz ellátva.
Mindkét mechanikai rendszer tartalmazza az i-VTEC technológiát, amely lehetővé teszi az alacsonyabb üzemanyag-fogyasztást, kevesebb szén-dioxid-kibocsátást, optimalizálja a mechanikai finomításokat, és ugyanakkor fenntartja a nagy nyomatékot a motor minden fázisában.
Az 1,2 literes változat 90 lóerős teljesítményt ér el 6000 fordulatszámon és 114 Nm-es maximális nyomatékot 4900 fordulatszámon.
A hajtáslánc – amely a korábbi Jazzban elérte a 78 lóerőt – mindössze 5,3 liter üzemanyagot igényel, és körülbelül 125 gramm szén-dioxid-kibocsátással egyenértékű.
Az előző hajtáslánccal összehasonlítva, amely az első generációs modellben 83 lóerőt használt, az új 100 lóerős.
A 100 lóerős 1.4 Jazz 5,4 liter üzemanyagot és 128 gramm szén-dioxidot bocsát ki.
A „méhkocsi”, hogy elkerüljék az ütközéseket
A balesetek megelőzésére szolgáló technológiák fejlesztésében a Nissan ezúttal a természet, és különösen a méhek ihlette.
A japán cég létrehozott egy robotot, amely a méhek repülését utánozza, elkerülheti a baleseteket.
Ez a Bio-mimetic Car Robot Drive, vagy BR23C, az első lépés az ütközések megelőzésére szolgáló technológiák tervezésében.
A Nissan Motor Co. fejlett műszaki központjának mérnökei a japán Tokiói Egyetem Tudományos Kutatási és Technológiai Központjával együttműködve fejlesztették ki ezt a kis robotot.
Kazuhiro Doi, a Brand Management Technológia, Kutatás és Fejlesztés Főigazgatója szerint a BR23C a Nissan által gyártott négy terület biztonsági pajzsának kiterjesztése.
Ez a robot célja, hogy javítsa a képességét, hogy megakadályozzák ütközések a járművek által gyártott a cég.
A repülés során minden méh saját ovális személyes teret hoz létre, amely nagyon hasonlít a Nissan által kifejlesztett Biztonsági Pajzsra.
De a legfontosabb elem a méh összetett szeme, amely minden irányba láthat egy extra 300 fokos szögben, lehetővé téve a rovar repülni megszakítás nélkül a személyes térben.
E vizuális jellemzők újrateremtése érdekében a mérnökök kifejlesztették azt, amit lézer lokátornak (Laser Range Finder) neveztek.
Ez a mechanizmus a BR23C előtt 2 méter és 180 fok körüli távolságon belül észleli az akadályokat, kiszámítja az objektumtól való távolságot, és jelet küld a fedélzeten lévő mikroprocesszornak, amely azonnal megakadályozza az ütközést.
Amikor egy akadályt észlel, a kis robot utánozza a méh mozgását, és azonnal megváltoztatja az irányt, ha a kerekeket egyenes vagy szélesebb szögben forgatja, hogy elkerülje az ütközést.
A legnyilvánvalóbb különbség bármely meglévő rendszerrel az elkerülhetetlen cselekvés, amely teljesen ösztönösnek bizonyul.
"Ha nem így lenne, a robot nem tudna elég gyorsan reagálni, hogy elkerülje az akadályokat" - magyarázza Toshiyuki Andoh, a Mobilitási Laboratórium igazgatója és a projekt főmérnöke.
A méhektől eltérően a robot nem tud felfelé vagy lefelé, vagy akár átlósan eltérni. Csak két dimenzióban mozoghat, és a kerekek irányába fordulhat.
Ezért a Nissan a gyorsulási és lassítási funkciók mellett a forgási funkciót is használta, hogy a kis robot elkerülje az ütközéseket.
Ennek az eszköznek csak néhány másodpercenként kell új információkat feldolgoznia, és az adatok alapján kell cselekednie.
Nem igényel semmilyen információ tárolását, vagy a korábbi manőverek intuitív logikáját használja.Ezért csak néhány tucat KB memória által biztosított megszakítás nélkül megy.
Ez meglepő lehet, de nem gigabájtról vagy mega memóriáról beszélünk.”
Ez az első lépés az ütközések megelőzésére szolgáló új technológiák kifejlesztésében, amelyeket a Nissan tíz éven belül várhatóan bevezetni fog az autókba.
A robot lítium-polimer akkumulátorokat használ, amelyek könnyebbek és tartósabbak, mint a lítium-ion típus.
A lehetséges jövőben további alkalmazás lehet a technológia integrálása a GPS műholdas navigátorral, hogy a vezetőt egy meghatározott úti célra vigye, elkerülve az akadályokat az út mentén.
Do shudder, mielőtt kölcsönt kér
El kell ismernünk, hogy az Egyesült Államok Pénzügyminisztériuma, amelynek elég jó tőkéje van a cselekvésre, biztosan nem hiányzik a tehetségből.
Meg kell szembenézni a válságot, és hogy megakadályozzák az amerikaiak, hogy megtévesszék a szemetet hitelek a bankok a kétségek a fizetésképtelenség, létrehozott egy szórakoztató és oktatási játék az internet-felhasználók számára.
Más szóval, a „rossz hitelek szállodája”... vagy a problémák.
A szálloda és különösen a recepció sötét aspektusa arra törekszik, hogy az embereket ne csak egyszer, hanem kétszer vagy akár háromszor is gondolja át, mielőtt kölcsönre jelentkezne.
És ami a legfontosabb, hogy alaposan átgondolja, hogy hol kell alkalmazni.
Természetesen ez a rendszer számos hasznos információt nyújt, de elég kevés részletet kínál.
Ez sokkal inkább egy weboldal a tizenévesek számára, mint egy oldal a nagyközönség számára.
Mi történik, ha befejezed a játékot?
Egy álomszoba jelenik meg a szálloda belsejében.
Ez még mindig valami, mert egy ház megvásárlása ... jobb, ha elhagyja.
A Morgan Stanley megnyitotta tőkéjét a MUFG-nek
A Morgan Stanley bejelentette, hogy belép a Mitsubishi UFJ Financial Group (MUFG), Japán első bankjának asztali fordulójába, amely kilencmilliárd dollárt fog költeni a tőke 21 százalékának megszerzésére, a hírt a részvényárak éles csökkenése kapta.
Egy héttel az ideiglenes megállapodás bejelentése után a két bank elmagyarázta, hogy a MUFG a Morgan Stanley részvényeinek 9,9%-át 25,25 dolláros áron, összesen 3 milliárd dollárért vásárolja meg.
Az értékesítési ár az értékpapírok augusztus 31-i értékének kevesebb mint 19%-a.
A MUFG további 6 milliárd dollárt fektet be konvertibilis értékpapírok megvásárlásába, biztosítva a 10%-os garantált hozamot és a 31,25 dolláros konverziós árat.
A Morgan Stanley megerősítette, hogy az átfogó művelet alapja az átlagos egységár 29 dollár, vagyis a jelenlegi ár 28% -a.
Azonban a Morgan Stanley részvényei 6,79% -kal csökkentek 23.07 dollárra 17:00 GMT körül.
"Ez a stratégiai szövetség fontos lehetőséget jelent a Morgan Stanley holdingbank státuszra való átmenetének felgyorsítására" - mondta John Mack, az amerikai csoport vezérigazgatója.
A Morgan Stanley a múlt héten elfogadta ezt az új státuszt, amely lehetővé tenné tevékenységének diverzifikálását, de át kell adnia a Federal Reserve hatáskörét.
A MUFG szövetsége azt is megerősíti, hogy a jelenlegi pénzügyi válság arra kényszerítette a Wall Street legnagyobb nevét, hogy sokkal óvatosabb hozzáállást alkalmazzanak, mint korábban.
A hétfőn bemutatott modalitások azt mutatják, hogy a megállapodást az elmúlt napokban módosították: az előző hétfőn a Morgan éppen bejelentette, hogy a részvényeinek 20% -át eladja a japánoknak körülbelül 8,5 milliárd dollárért.
„Egy héttel ezelőtt – magyarázta Toshihide Mizuno, a MUFG Tokióban működő ügyvezető igazgatója – úgy gondoltunk, hogy a részesedés teljes egészében a szokásos részvényekből áll.
De tekintettel a gazdaság és a piac jelenlegi állapotára, reméltük, hogy minimalizáljuk a kockázatokat és megvédjük a hátunkat.”
A súlyozott átlagár alapján a MUFG a Morgan Stanley értékpapírokat 7% -kal a könyvelési értékük alatt fogja fizetni.
És az ügylet körülbelül 20% -os nyereséget eredményez részvényenként.
A megállapodás előírja, hogy a MUFG évente átalakíthatja a preferált értékpapírjainak felét rendes részvényekké, ha ezek az átalakítási ár felett több mint 50% -kal kereskednek, körülbelül 47 dollár egy adott időszakban.
A Morgan Stanley biztosítja, hogy a MUFG által biztosított tőke lehetővé teszi a beruházási lehetőségek kihasználását, mérlegének megerősítését és likviditásának növelését.
A csoport szóvivője azonban nem volt hajlandó részleteket közölni a két új szövetséges stratégiai terveiről.
A MUFG befektetését követően a Morgan Stanley az ágazat egyik legjobbjára becsüli az elsődleges tőke arányát, amely körülbelül 15%.
Morgan elmondta, hogy augusztus végétől jelentősen csökkentette mérlegét.
Az elmúlt hetekben nehéz volt a csoport számára, amely részvényárának felét olvadta el, miközben az adósságának elmulasztásának kockázata elleni biztosítási költségek emelkedtek.
Ez a költség hétfőn csökkent, de új szinten maradt, körülbelül 12%.
A múlt héten a Goldman Sachs, az egyetlen túlélő nagy befektetési bank a Wall Street-en a Bear Stearns és a Lehman Brothers és a Merrill Lynch felvásárlása után, bejelentette, hogy 15 milliárd dollárt gyűjtött, részben a Berkshire Hathaway-től, Warren Buffett csoportjától.
Rafael Correa hétfőn Quito-ban
A huszonegyedik századi szocializmus köztársaságának újjáépítése.
Ez a projekt a venezuelai Hugo Chávez, a bolíviai Evo Morales és az ecuadori Rafael Correa közös projektje.
Vasárnap a pártok és barátaihoz hasonlóan ez a harmadik alkalom, hogy új alkotmánytervezetet bocsátanak szavazásra.
A választók 64 százaléka igennel szavazott a népszavazáson, a hivatalos eredmények szerint a szavazatok 80 százaléka alapján.
Ezen eredmények alapján a „nem” 28%, a szavazatok 7% -a érvénytelen volt, és 0,7% üres szavazatok voltak.
Ahhoz, hogy az alkotmányt elfogadják, a szavazatok felének plusz egy szavazatnak kell lennie.
Vasárnap két, a szavazóhelyiségeken kívül megrendezett közvélemény-kutatás és egy nem kormányzati szervezet nagy győzelmet jelentett az igen szavazóknak, 63 és 70 százalék között.
Rafael Correa vasárnap és hétfőtől vasárnap éjjel az alkotmánytervezet győzelmét követelte.
Az "alkotmány túlnyomóan diadalmaskodott" - mondta, dicsérve az ecuadoriakat Guayaquilben, 280 km-re Quitótól délnyugatra.
Természetesen Rafael Correa-t Chavez és Morales gratulálták, de a chilei kollégája, Michelle Bachelet is.
Az Amerikai Államok Szervezetének (OAS) ellenőrzése alatt békésen lefolytatott felmérés 444 pontot tartalmaz, amelyek megerősítik az elnök által támogatott „új szocializmust”.
Az alkotmánytervezet rögzíti az állam hatalmát a gazdaság felett, fenntartva számára egy ország "fejlesztési tervezését", amely főként a külföldi vállalatok olajbányászatából és a külföldi pénzből él, amelyet külföldieknek küldenek.
A 2006-ban megválasztott Correa által támogatott projekt emellett nagyobb hatásköröket biztosít az államfőnek, aki legfeljebb két egymást követő négyéves mandátumot tölthet be, és képes lesz feloszlatni a Közgyűlést.
Correa már bejelentette, hogy ezt a hatalmat 2009 februárjában új megbízatásra fogja használni.
Az alkotmány továbbá megszilárdítja az ingyenes egészségügyi ellátás és az oktatás elvét, amelyet az elnök elkezdett létrehozni ebben a 13,9 millió lakosú országban, ahol a lakosság 50% -a a szegénységi küszöb alatt él.
Azt is előírja a külföldi csapatok jelenlétének tilalmát, amely megszünteti a Quito és Washington közötti megállapodást Ecuadornak az amerikai kábítószer-ellenes műveletek kiindulópontjaként való használatáról.
Szabadon engedték a 19 túszt Csehországban
Egy egyiptomi parancsnokság támadást indított a tíz nappal ezelőtt elfogott 11 turista és nyolc kíséretük elrablóira.
Még mindig Kairóban vannak.
A tizenegy európai turistát és nyolc egyiptomi kíséretüket, akiket tíz napig fogságban tartottak a sivatagban, hétfő délután ártalmatlanul visszaküldték az egyiptomi fővárosba.
Reggel egy egyiptomi parancsnokság szabadon engedte őket Csádban.
Úgy tűnik, hogy a túszok 1530 körül érkeztek egy speciális repülőgépen az al-Maza katonai bázisba, amely a kairói nemzetközi repülőtérhez kapcsolódik.
Azonnal, anélkül, hogy beszélni tudtak volna a sajtóval, helikopterrel a Kairó lakóövezetében található Maadi kórházba szállították, hogy vizsgálatokat végezzenek.
"Jó egészségi állapotban vannak" és "nincs váltságdíj fizetve" az elrablóknak - jelentette ki Zoheir Garanna, az egyiptomi idegenforgalmi miniszter.
Az egyiptomi, szudáni és líbiai határokon fekvő Ouanat-hegy lábánál tartózkodó 4x4-es szafari során szeptember 19-én elfogott túszokat 35 ismeretlen ember elrabolta az egyik menedékből a másikba.
Tizenegy turista - öt olasz, öt német és egy román - és nyolc egyiptomi: két útmutató, négy sofőr, egy határőr és az Aegyptous ügynökség igazgatója, a szafari szervezője.
Egy egyiptomi biztonsági tisztviselő elmondta, hogy a különleges erők 30 tagja, akiket két helikopter szállított, a hajnal előtti éjszaka elindították a támadást.
"Egy tűzcsere következett, és a rablók fele meghalt, a másik fele elmenekült" - mondta a tisztviselő, aki névtelenséget kért.
Azt mondta, hogy az egyiptomi különleges erők „gyorsreagálási” egységének 150 tagját egészében Szudánba küldték, ahol német és olasz parancsnokságok támogatták őket.
Franco Frattini, az olasz diplomáciai testület vezetője Belgrádban, ahol jelenleg tartózkodik, említette az olasz titkos ügynökök és a különleges erők elemeinek szerepét.
"El kell ismernünk, hogy ezt az eredményt a titkosszolgálatból, a különleges erőkből származó embereink professzionalizmusa és hatékonysága révén értük el" - mondta.
Megtagadta a váltságdíjat is.
Egy nappal korábban a szudáni hadsereg azt állította, hogy lefoglalt egy 4x4-es járőrjárművet, amelynek fedélzetén a foglyok voltak, hat embert megölt, köztük a csádi fejét, és két embert letartóztattak.
A hadsereg azt állította, hogy kapcsolatban állnak a Darfurban lévő lázadó csoporttal, a Szudán Felszabadítási Mozgalom-Egyesüléssel (SLA-U), amit ez a mozgalom azonnal tagadott.
Levelek - A kultúra csendes többsége
A kultúra finanszírozásáról folytatott vita a fejléceket hozta, és megerősítette ezt a választási kampányt.
A jó.
De a kulturális élet egyik területe mindig feledésbe merül.
Ki fogja elítélni a kis múzeumoknak, archívumoknak, régészeti vagy nemzeti történelmi helyszíneknek nyújtott nyomorúságot, amelyek finanszírozásra szorulnak?
Melyik politikus merné emlékeztetni a szövetségi kormányt, hogy elhanyagolja műemlékeit és örökségépületeit?
Quebecben, Kanadában nincsenek valódi törvények, amelyek hatékonyan megőrzik örökségünket?
Tudtad, hogy a francia kormány három és fél millió eurót fordít a Loire-völgyben található Chinon kastély helyreállítására?
Amerikai szomszédaink az országuk alkotmányában azt írták, hogy az örökség védelme az amerikai kultúra része, és hogy ezt az örökséget minden állampolgárnak, minden választottnak és minden kormányzati szervnek együtt kell védenie.
Quebecben, a Quebec-történeti Társaságok Szövetségében legalább 40 000 önkéntes a történelem, az örökség, az archívumok és a genealógia 211 ügynökségében foglalkozik a történelem kutatásával, a megőrzéssel, a kevés pénzzel, a magánarchívumok halmazaival és a régészeti maradványok megőrzésével.
Gyakran ők az örökségünk őrzői, akik a kétségbeesés energiájával tiltakoznak, amikor a fejlesztők és az építészek buldozereiket indítják régi épületeinkre és elfelejtett temetőinkre.
Mikor lesz a történelem és az örökség fórum?
A Fortis bankot részben államosították a Benelux-kormányok
A Benelux államok részleges állami felvásárlással segítik a Fortist, a belga-holland bankot - amely az amerikai hitelezési válság következtében az első bajba jutott európai pénzintézet - a három ország megállapodott abban, hogy 11,2 milliárd eurót injektál a magyar érdekeltségű bank- és biztosítótársaságba.
A héten a belga, a luxemburgi és a holland kormány a legmagasabb szinten konzultált a kérdéssel kapcsolatban, amelyben részt vett az Európai Központi Bank elnöke és az Európai Bizottság versenyjogi biztosa.
Az euróövezetben a Fortis az első bank, amelyet az elmúlt 12 hónapban a nemzetközi pénzügyi válság sújtott, így bizonyos szempontból a meghozott döntések precedensnek tekinthetők.
A vasárnapi döntés értelmében minden kormány 49 százalékos részesedést kap a Fortis bankokban a saját országukban.
A bank minden bizonnyal eladja részesedésének egy részét, különösen a biztosítási tevékenységeket, amelyeket tavaly a holland ABN Amro-tól vásárolt.
A Fortis részvényei a múlt héten mélyen süllyedtek, majd a hét második felében súlyos válság jelei jelentek meg a társaságban.
Az elemzők egyetértenek abban, hogy a bank - 85 000 alkalmazottjával - túl nagy ahhoz, hogy csődbe menjen.
A bank részvényei pénteken 12 százalékkal zuhantak, ami 14 év óta a legalacsonyabb szint.
A részvények értéke január óta kétharmaddal csökkent.
A jelenlegi részvényárakat figyelembe véve a csoport teljes piaci tőkeértéke körülbelül 14 milliárd euró.
A menedzsment a külföldi bizonytalanságokat – amelyek az amerikai 700 milliárd dolláros csomag elfogadásához kapcsolódnak – hibáztatja a Fortis részvényeinek csökkenéséért.
A részvények hétfőn enyhe emelkedést mutattak.
Filip Dierckxot pénteken nevezték ki a bank új vezérigazgatójának.
A pénzintézet magántulajdonban lévő vevőket is keresett, de egyelőre nem érkezett érdemi ajánlat.
A belga kormány korábban kijelentette, hogy a befektetőknek nincs okuk aggódni, nem fogják elveszíteni a pénzüket.
A bank ügyfelei között eddig nem merült fel pánik; nem történt banki rohanás.
A Fortis saját banki telephellyel rendelkezik Magyarországon, és a lízingcégeket is felvásárolta.
Fox in the Henhouse áttekintése
Az amerikai élet- és egészségbiztosítók gyakran megtagadják a biztosítások eladását egyes állampolgároknak a gyógyszervásárlási adatok miatt.
Az adatvédelmi szakértők attól tartanak, hogy az adatpiac ellenőrizhetetlen lesz.
„Van egy adatvédelmi program, amely az érintett hozzájárulását igényli a gyógyszerre vonatkozó adatok felhasználásához.
Függetlennek kell lennie, különben a róka fogja őrizni a csirkeházat" - idézi a Washington Post Richard Dick-t, a kábítószer-előírások nyomon követésére szolgáló program fejlesztőjét.
A biztosító társaságok a kérelmező ügyfél egészségi állapotától függően határozzák meg a biztosítási díjat és a kár esetén fizetendő összeget, és ha túlságosan kockázatosnak tartják, nem biztosítanak biztosítást.
A kérelmező ügyfeleket orvosi vizsgálatra küldték, és a szerződést csak a szűrési eredmények fényében kötötték meg.
Dick tíz évvel ezelőtt egy sokkal olcsóbb módszert fejlesztett ki: az ügyfél azonosító számának alapján könnyen kimutatható az ügyfél által az elmúlt 18 hónapban megvásárolt gyógyszerek típusa, így a program maga vonhatja le a következményeket a kérelmező betegségei és egészségi állapota tekintetében.
Például a koleszterin-csökkentő gyógyszerek nagy adagjainak rendszeres vásárlása gyakorlatilag arra utal, hogy az ügyfélnek kezeletlenül magas a vérzsírszintje, aminek következtében ez a személy azonnal magasabb kockázati kategóriába kerül.
A programnak különböző változata van a kereskedelemben, némelyikük még a kockázati tényezőt is meghatározza, így a biztosítónak nincs más dolga, mint a papírmunka, bár kisebb nehézségek merülnek fel.
Az egyik hátránya az a tény, hogy egyes gyógyszerek több célra is használhatók, például néhány orvosi képlet a migrén, a hőhullámok vagy akár a depresszió kezelésére.
Az utóbbi az üzleti biztosítók szempontjából jelentős kockázatnövelő tényező, míg a másik kettő nem.
Vannak konkrét cégek, amelyek az adatok beszerzésével és feldolgozásával foglalkoznak, és a szükséges információkat a gyógyszertáraktól megszerzése előtt kérik a beteg engedélyét.
Ők már kötelesek ezt tenni, bár korábbi kudarcaikat nem büntették meg.
Egyes vállalatok még a laboratóriumi vizsgálatok eredményeit is feldolgozzák, és összekapcsolják azokat a gyógyszerfogyasztási adatokkal, így pontosabb információkat nyújthatnak a betegek egészségi állapotáról.
Egyre több vállalat kap hozzáférést az adatokhoz, és ezzel párhuzamosan egyre nehezebbé válik a felhasználásuk ellenőrzése.
Az egészségügyi adatok védelméről külön törvény létezik, de hatálya csak az egészségügyi szolgáltatókra és a biztosítótársaságokra terjed ki.
A törvényjavaslatot, amely felhatalmazza a hatóságokat az adatszolgáltatással foglalkozó vállalatok felügyeletére, a kongresszus elé terjesztették.
Dick Richard rájön, hogy ez nem elég: ezért fejleszti tovább programját, amely most korlátozná az adatátvitelt az érintett kifejezett hozzájárulásának szükségességével kapcsolatban.
Egy másik kérdés azonban az, hogy a kérelmező nem tagadhatja meg a beleegyezést, különben a biztosító társaságok nem kötnek velük szerződést.
Tehát a csirkék bizonyos mértékig továbbra is a róka jóakaratától függenek.
Globális Marseille menü
Megduplázódott az EU és India kereskedelme
Mivel az Európai Unió és India egymás vezető kereskedelmi partnerei, a kilencedik csúcstalálkozó napirendjét ezen a kérdésen túlmenően más, főként globális kérdések is uralták.
A mai napon Franciaország-India csúcstalálkozót is tartanak, különösen az atomenergetikai együttműködésről.
Annak ellenére, hogy az Európai Unió elismeri, hogy India egy feltörekvő demokratikus világhatalom, amelynek több szót kellene adni a nemzetközi ügyekben, a tagállamok még nem tudtak megállapodni arról, hogy támogatják-e Új-Delhi állandó tagságát az ENSZ Biztonsági Tanácsában.
Így ez a kérdés nem volt kényszerítve a tegnap Marseille-ben megrendezett kilencedik csúcstalálkozón.
Nicolas Sarkozy francia elnök, José Manuel Barroso bizottsági elnök és Javier Solana külpolitikai vezető üdvözölte Manmohan Singh indiai miniszterelnököt, és megállapodott abban, hogy öt éven belül megduplázza, azaz több mint 100 milliárd euróra növeli a kereskedelmi áramlást.
Mivel az árukereskedelem 2000 és 2007 között 25 milliárdról 55 milliárdra emelkedett, ez nem túl ambiciózus cél.
Ennek megfelelően az Indiával kötött 26 meglévő kétoldalú polgári légi közlekedési egyezményt jogilag harmonizálták, ami azt jelenti, hogy a jövőben a légi forgalom szárnyalhat.
Az EU-val 2009 végéig alá kívánja írni a szabadkereskedelmi megállapodást.
Sarkozy ígéretet tett a harmonizáció felgyorsítására.
A cél az, hogy megtaláljuk az egyensúlyt, míg India az EU első számú kereskedelmi partnere, ugyanakkor New Delhi csak kilencedik helyet foglal el az uniós partnerek listáján.
A csúcstalálkozó a globális kérdésekre összpontosított:
Az afganisztáni és pakisztáni helyzetet, valamint a terrorizmust mindkét fél minden formában elítélte, és az ENSZ-konferencia összehívását sürgették.
A dohai kereskedelmi forduló lezárása is felgyorsult, bár mindkét fél felelős a fiaskról.
Az EU megerősítette, hogy fenntartja energia- és éghajlat-politikai programját, ami azt jelenti, hogy 2020-ig legalább 20%-kal kívánja csökkenteni a légszennyező anyagok kibocsátását.
India egyetértett ezzel, valamint azzal a céllal, hogy globális megállapodást érjen el a jövő évi éghajlat-változási konferencián, és csökkentse az üvegházhatást okozó gázok kibocsátását 50 százalékkal 2050-ig.
Egy másik cél az volt, hogy megakadályozzák az élelmiszerárak növekedését, és támogatták a pénzügyi válság felülvizsgálatára irányuló nemzetközi konferenciát.
Az indiai miniszterelnök ma kétoldalú találkozóra indul a francia fővárosban, ahol megállapodásra kíván jutni az atomenergia békés felhasználásáról.
Párizs azt várja, hogy a francia cégek 20 milliárd euró értékben építsenek atomerőműveket Indiában.
A hírügynökség tájékoztatása szerint a megállapodás 15 évre szólna.
Több mint háromszáz olasz szerkesztő Frankfurtban
Az olasz szerkesztők erős jelenléte a frankfurti Nemzetközi Könyvkiállításon.
Több mint háromszáz olasz szerkesztő lesz jelen a Buchmesse, a szerzői jogok cseréjének legfontosabb nemzetközi eseményének hatvanadik évfordulóján.
A frankfurti Nemzetközi Könyvvásár több mint hétezer kiállítót vár 101 különböző országból, akik a kiállítás 171 790 négyzetméteres területét foglalják el, több mint 403 ezer címmel a kiállításon, és Törökország lesz a megtisztelt vendég.
Francesco Maria Giro, a Kulturális Örökség és Tevékenységek Minisztériuma al-titkára az olasz kormányt képviseli az olasz pavilon megnyitóünnepségén: valójában Olaszország egy intézményként jelen lesz egy olasz standdal – 264 négyzetméteres kiállítási területen.
A következő lesz a sajtótájékoztató a Buchmesse 5.0 pavilonának szoba szerkezetében: ez lesz az alkalom, amikor az olasz kiadói ipar helyzetének számai, tendenciái és nézőpontjai kerülnek bemutatásra.
Az adatok szerint fokozatosan csökken a külföldi szerzők könyveinek jelentősége az olasz produkcióban, különösen a felnőttek és a gyermekek számára.
Megtalálták Steve Fossett repülőgépét, aki egy éve tűnt el
Megtalálták Steve Fossett repülőgépét, aki 2007. szeptember 3-án tűnt el a Nevada-sivatag felett.
A maradványt 3000 méter magasságban találták meg a Mammoth-tavak Sierra Nevada területén, a kaliforniai és a nevadai határon.
A gép belsejében nem találtak emberi maradványokat.
John Anderson, Madera megye seriffje eloszlatta a kételyeket: "A repülőgépet megtalálták, csapatot küldtünk, és most megerősítést kapunk arról, hogy ez az, amellyel Steve Follett repült, amikor eltűnt" - mondta egy sajtótájékoztatón.
A rendőrség közölte, hogy sem a repülőgépen, sem a környéken nem találtak emberi maradványokat.
A 63 éves milliomos februárban halt meg.
Az Amerikai Nemzeti Közlekedési Biztonsági Hivatal (NTSB) arról számolt be, hogy néhány órával a katasztrófa észlelése után egy nyomozócsoportot küldtek, amely ezután azonosította a repülőgépet: ez a Bellanca 8KCAB, amely 2007. szeptember 3-án eltűnt, amikor Fossett három órás repülésre indult Yeringtonból Nevadában.
Tegnap, mindig Kaliforniában, nem messze a Nevada határától, néhány Fossetthez tartozó személyes tárgyat talált egy pár a Mammoth Lakes-i otthonuk közelében.
A tárgyak Fossett nevében két dokumentum, mindkettő az Illinois Szövetségi Repülési Igazgatóság által kibocsátott, néhány készpénz és egy póló.
Fossett keresését egy hónappal az eltűnése után leállították.
A milliomos egy helyet szerzett a történelemben a világrekordok sorozatának köszönhetően.
2002-ben, a hatodik kísérletében ő lett az első ember, aki egy meleg levegőben befejezte a világkörüli utazást: egy kéthetes magánrepülést.
Három évvel később a világ körül repülővel utazott, anélkül, hogy leszállt volna.
Számos rekordja között van a 15.445 méter feletti repülés is, az Andok felett, de egy másik pilótával.
Glk, a reklám, amely nem vár rád
Olyan SUV, amely túlmutat a normákon, eredeti kialakítással, amelyet meghatározó vonalak, bőséges felületek és tiszta vágott sarkok határoznak meg.
Röviden, ez a GLK, a legújabb kiegészítés a csillagos gyártó „kompakt” terepjáró járműveihez, amellyel a Mercedes-Benz megpróbálta friss levegőt engedni ebbe az ágazatba.
Pontosan azért, mert jellemzői a hagyományos normákon kívül esnek, a GLK SUV bevezetésével kapcsolatos üzenet is váratlan és nem hagyományos lesz, október 17-től a Mercedes-Benz kiállítótermekben is elérhető lesz.
Tehát az új jármű debütálását kísérő reklámkampány egy új kommunikációs módszert indít el, amely magában foglalja a 3D hirdetőtáblák futurisztikus kampányát is, amelyet először Olaszországban használ egy autómárka.
Egy nagy hirdetőtáblákból álló projekt, amely három különböző fázisban indul, és november 15-ig uralja a milánói legközpontibb bevásárlóutcát, a Corso Como-t.
Az új típusú kommunikáció első szakasza az autó sztereoszkópos megjelenésével kezdődik, és a Corso Como szomszédságában elosztott speciális szemüvegnek köszönhetően az új SUV valódi méretben és 3D formátumban is látható lesz.
Valójában, ha megnézzük a képet, az az érzés, hogy az autó kiemelkedik a plakáton.
Ezt követően az innovatív Elumina 8 technológiának köszönhetően az új GLK minden részletét különböző időpontokban megvilágítják, majd egyetlen képet alkotnak.
Kétségtelen, hogy a Mercedes ezen a hirdetésen keresztül próbál valami újat bevezetni az autóipar hagyományos reklámterületébe.
Vajon sikerül-e ezzel a képlettel a jövőbeli vásárlók érdeklődését provokálni?
Íme, kik az olaszok
a Tri-Veneto, amely tilos lesz a sporteseményeken (Daspo) való részvételre.
De kik azok a 150-200 ember, akiknek Olaszország most szégyelli magát?Ezek részei az „Ultras Italia” csoportnak, amely évek óta támogatja a nemzeti labdarúgó-válogatottat, és eddig, az igazságot kell tudni, soha nem okozott jelentős problémákat.
Soha nem ütközött ellentétes rajongókkal.
A csoport kivonása jobb szárny.
A főszereplők Tri-Veneto területéről érkeztek.
Veronából, Padovából, Triestből és Udine-ból.
Ezekhez néhány kis csoport (valójában nagyon kevés tag) csatlakozott Campagniából és Pugliából.
Három színes zászlót hordoznak a harcosok származási városával: szombaton ezeket levetették, így nem lehetett őket azonosítani.
Az ötleteket az angol rajongóktól kapta.
Bulgáriában olyan támogatókat találtak, akik valódi nácik voltak, a Levszki csoport.
A FIGC az olasz rajongók rendelkezésére bocsátott 144 jegyet a mérkőzésre: minden személyes, így könnyen ellenőrizhető.
És a Viminale belügyminisztériuma valójában mindet ellenőrizte: azok közül, akik Szófiába mentek, senkinek sem tiltották, senkinek sem tiltották meg, hogy stadionra járjon.
Négy olasz szurkolót, akiknek korábban stadionhoz kapcsolódó bűncselekményei voltak, valójában megtagadták a jegyeket, és nem engedték meg.
Most a Belügyminisztérium arra vár, hogy elolvassa a hivatalos feljegyzéseket, amelyeket a bolgár rendőrségtől kell megkapnia, mielőtt lépéseket tesz: ebben az esetben öt évre lehet tiltani legalább azokat a támogatókat, akiket letartóztattak, vagy azokat, akiket a zavargások során azonosítottak.
Nemzetközi kiutasítás, amely nemcsak Olaszországban, hanem egész Európában tiltja a stadionok látogatását.
A mi huligánjaink, röviden, nem lépnének be egy másik stadionba.
Szerencsére
De most van félelem az emulációtól: azaz, hogy mások csatlakoznak ehhez egy kicsit több, mint százötven.
"Azonnal ki kell állítanunk ezt a lángolást, és nem kell legitimálnunk azokat, akik így viselkednek" - állítják a Viminale-i minisztérium tagjai.
"A szemek széles körben nyitottak, különösen azért, mert a nemzeti csapat szerdán Leccében játszik."
Pugliában valójában az Ultras Italia támogatóinak egy kis magja van.
Holnap találkozik a megfigyelőközpont, kedden a CASMS, amely számíthat az AISE egy szakaszára, azaz a titkosszolgálatra, amely pontosan foglalkozik a stadionok problémáival.
„A Duce-Duce kórus és a kar a Mameli himnusz alatt nyúlt ki? Bulgáriában nem bűncselekmény...”
Ezek a gondolatok (nagy csalódással kifejezve) Domenico Mazzilli, aki néhány héttel ezelőtt a Viminale Obszervatórium igazgatója volt (először Francesco Tagliente, majd Felice Ferlizzi töltötte be a pozíciót).
Korábban Mazzilli volt a 2002-ben alapított Ultras Italia támogatóinak központja, a trieszti rendőrség vezetője.
Igaz, mondja Mazzilli, hogy Bulgáriában nem bűncselekmény, hogy himnuszt énekeljen a Duce-nak, de talán a 150-200 rajongó viselkedése szégyenletes volt.
"Nem vagyok szociológus - hozzáteszi a megfigyelőközpont 1. száma - a bűncselekményt abban az országban kell elítélni, ahol az incidens történik.
Eddig ez a csoport a vonalakon belül maradt, most meglátjuk, mi történt valójában, és értékeljük a jövőbeni hivatkozásra.
De beszéljünk a Mameli himnusznak való zúgásról is: ez Bulgáriában sem bűncselekmény, de ha megengedem, nem jó viselkedés...”
