Pravicoví populisté vítězí v Rakousku, mají celkem 29 procent
Podle prvních předběžných výsledků předčasných parlamentních voleb v Rakousku došlo k znatelnému oslabení obou stran v současné velké koalici a významnému posunu pro pravicové populistické strany.
Rakouská lidová strana (ÖVP), kde je pozice současného vůdce, Wilhelm Molterer, těžce otřesena, utrpěla obzvláště velké ztráty.
Naopak, vedoucí kampaně Aliance pro budoucnost Rakouska (BZÖ), karintský guvernér Jörg Haider, připravuje triumfální návrat do národní politiky.
Podle předběžných výsledků zůstává sociální demokratická strana (SPÖ) nejsilnější v zemi s 29,8 procenta hlasů, nicméně od posledních voleb v roce 2006 ztratila 5,5 procenta hlasů.
ÖVP, která se svými 25,6 procenta ztrácí téměř devět procent hlasů, šlo ještě hůře.
Jedná se o nejhorší výsledky obou velkých stran v poválečné historii Rakouska a zejména pro lidovou stranu, která vyzvala k předčasným volbám, je to doslova katastrofální výsledek.
Na začátku července, kdy ÖVP opustila koalici, měla lidová strana ve volbách stále významné vedení nad SPÖ.
Voliči je však zřejmě potrestali za to, že nechali vládu ztroskotat.
V prvních reakcích na výsledky se už špekulovalo o možné rezignaci šéfa strany a současného vicekancléře Wilhelma Moltiera.
Pozorovatelé předpokládají, že k tomu dojde již v pondělí na mimořádném zasedání vedení strany.
Takový vývoj by jistě zjednodušil cestu k stále pravděpodobnějšímu využití volebních výsledků, tj. k obnovení velké koalice SPÖ a ÖVP.
Vzhledem k posílení obou pravicových populistických stran - Strana svobody (FPÖ) získala předběžných 18 procent hlasů a BZÖ jedenáct procent hlasů - však současně sociální demokraté vyjádřili obavy z opakování roku 1999, kdy se lidová strana dohodla s populisty (FPÖ byla v té době stále sjednocena, od BZÖ se odtrhla v roce 2005) na společné vládě, která nakonec vyvolala sankce z Evropské unie.
Haider, který již oznámil, že je připraven spolupracovat s jakoukoli stranou a předpokládá, že se vrátí do Vídně do národní politiky, zjevně na tomto vývoji spoléhá.
Zelená se také dostala do parlamentu, ale utrpěla mírnou ztrátu a padla ze třetího na páté místo mezi rakouskými politickými stranami.
Žádná z ostatních stran překročila čtyřprocentní hranici a nedostala se do parlamentu.
Schwarzenberg: Vztahy s Indií by se mohly zhoršit
Podle ministra zahraničí Karela Schwarzenberga, pokud nebude možné vyřešit problém českých vědců obviněných v Indii z nezákonného sběru býčků, mohlo by dojít k určitému zhoršení česko-indických vztahů.
Ministerstvo to oznámilo v New Yorku po dnešním setkání se svým indickým protějškem Pranabem Mukherjeem.
"Pokud to není vyřešeno, tak ano, pak by došlo k určitému zhoršení," prohlásil po schůzce zahájené z české strany.
Po jednáních Mukherjee uvedl, že je pro výkonnou složku obtížné zasahovat do soudních záležitostí.
Nicméně řekl, že v případě Petra Švácha, který byl zbaven obvinění a potrestán pokutou, může ústřední vláda vyjednávat s místní vládou v Darjeelingu, pod jejíž jurisdikcí záležitost patří.
"Jeho problém by mohl být vyřešen," řekl ministr.
Podle Mukherjeeho by bylo nejlepší, kdyby Emil Kučera, odsouzený na tři roky vězení, odvolal se k vyšším orgánům.
Pak může požádat o propuštění na kauci a čekat na verdikt mimo vězení, vysvětlil.
Schwarzenberg potvrdil, že to řekl i jeho partner během jednání.
"Doporučuje se odvolat k vyššímu soudu, pak by bylo možné ho odpustit," řekl šéf české diplomacie.
Jediný způsob, jak se česká strana může zapojit do celé záležitosti, je poskytnout odsouzeným osobám „kompetentní právní podporu“, řekl indický ministr.
Zároveň uvedl, že indická strana jim již také poskytuje pomoc tohoto typu.
„Je v našem nejlepším zájmu udržovat nejlepší vztahy s Indií, která má dlouholetou tradici.
Indiáni to také uznávají,“ řekl Schwarzenberg.
Zároveň, jak řekl agentuře Czech Press, zdůraznil před svým partnerem, že Česká republika klade velký důraz na problém českých entomologů.
"Skutečně považujeme zatčení a obvinění těchto českých vědců za vážnou chybu," prohlásil.
Ministr se vyhnul odpovědi na otázku, zda od indické strany obdržel slib, že bude v této věci pokračovat.
Jednoduše řekl: „Už jsem obdržel několik slibů.“
Češi bojují o dno oceánu
Pokračuje směrem k elektronické nástěnné mapě zobrazující Austrálii a okolní mořské oblasti.
Nicméně, on se nezajímá o kontinent, ale v malém bodě ztracené v modré oceánu.
„Tento ostrov a s ním i oceánské dno, které ho obklopuje, patří Austrálii.
Současně je tato oblast stejně velká jako samotný kontinent,“ říká italský právník Luigi Santosuosso, který patří k třicetičlennému týmu zaměstnanců oddělení OSN pro záležitosti oceánu a mořského práva.
Jeho šéf, ředitel divize, český právník Václav Mikulka, následuje to, co říká a občas něco dodává.
Zest a nadšení pro práci jsou zde dominantní.
Dno oceánu chrání dosud málo známý svět bohatý na přírodní zdroje.
Je možné najít oleje, rudy a další minerály, ale také dosud neznámé živé organismy, které drží klíč, například, k vývoji léku na rakovinu.
Půda větší než kontinent
Pobřežní země dnes začaly ostře soutěžit o nové podmořské území.
To znamená, že podle dohody OSN využívají práva, na kterých se dohodli v roce 1982 v Montego Bay na Jamajce.
Jedná se především o oblast takzvané kontinentální plošiny, která často dosahuje až několika stovek kilometrů od pobřeží dané země.
Podle dohody má tato země výlučné právo na všechny zdroje kontinentálního šelfu.
Zjednodušeně řečeno, kontinentální plocha je považována za část oceánského dna, která je přirozeným pokračováním kontinentu pod mořem a jeho substrátu.
Dosahovala hranice pobřežního moře, často dokonce i hranice dvou set námořních mil tzv. výlučné ekonomické zóny,“ vysvětluje Mikulka.
Žádost, kterou daná země předkládá Komisi o hranicích kontinentálního šelfu, musí být podložena vědeckou a technickou dokumentací založenou na mnoha nákladných průzkumech a měřeních.
Je výsledkem mnohaleté přípravné práce.
„Jednou z našich rolí je poskytovat komisi právní a specializovanou technickou pomoc.
Komise dosud projednala pět žádostí z Ruska, Brazílie, Austrálie, Irska a Nového Zélandu.
Dosud byly úspěšné pouze poslední tři z těchto zemí,“ dodává Mikulka.
Nedávno byl úspěch Austrálie, která byla první, která rozšířila svou podmořskou doménu, zaznamenán po celém světě.
Ale Nový Zéland také získal - plocha oceánského dna, kterou jí komise přiznala, je asi 1,6 milionu čtverečních kilometrů, což je přibližně šestkrát větší než velikost samotné země.
Obě země do průzkumu investovaly miliony dolarů.
Zisk, který bude v budoucnu vyplývat z využívání oceánského dna, bude, doufají, neocenitelný.
Ostatní země budou postupně předkládat své žádosti.
Na to mají až deset let od okamžiku, kdy ratifikují „Montego Bay Dohodu“.
Tam, kde končí kontinentální plocha, začíná oblast oceánského dna vyhlášená dohodou jako „společné dědictví lidstva“.
Žádná země už nemá výlučné postavení.
Práva na těžbu v této oblasti jsou udělována prostřednictvím dohody uzavřené mezinárodní institucí.
"Ale oceánské dno není Klondike," říká režisér Mikulka přehnaně a dodává, že jeho "jednotlivé oblasti jsou právně jasně vymezeny a jejich režim je zakotven ve smlouvách."
Češi v Pacifiku
Část mořského dna dnes patří České republice.
Sdílí ji s dalšími zeměmi bývalého Východního bloku jako součást společné organizace "Interoceanmetal".
Podle dohody získala tato organizace, stejně jako investoři několika jiných malých zemí, status tzv. „pionýrského investora“ v roce 1991.
Je oprávněn dolovat v ClarionClipperton zóně v Tichém oceánu, který leží mezi Mexikem, Havaji a Kiribati.
Oblast vyšetřovaná investorem je o něco větší než bývalá Československo.
Podmořské dno tam je drsné, je to jakýsi podvodní model Tatrských hor.
"Je možné tam dolovat na celkové ploše 75 tisíc kilometrů čtverečních.
Oblast je bohatou lokalitou pro sběr poly-metalových betonů obsahujících nikl, měď, kobalt a mangan,“ říká další právník Pakshi Rajan z Indie.
Makedonský právník z divize, Rober Sandev, přináší jednu takovou konkrétnost k demonstraci.
Vypadá to jako malá brambora nebo, s trochou fantazie, mýtická schéma, která podle legendy oživila Golem.
Německé speciální jednotky zachraňují rukojmí
Při řešení krize s rukojmími požádala egyptská vláda o pomoc Německo, které poslalo odborníky.
Když nastal tlak, speciální síly byly připraveny, ale jejich služby nebyly nakonec zapotřebí.
Stále více se objevují podrobnosti o okolnostech osvobození jedenácti evropských turistů unesených v Egyptě.
Podle německého ministerstva obrany a vnitra se německé speciální síly nepřímo podílely na záchranné misi.
Na záchraně byli přítomni odborníci federálních ozbrojených sil (Bundeswehr) a členové německé federální policie (Bpol) a jejích zvláštních jednotek GSG 9 a letecké gardy, uvedli mluvčí ministerstva v pondělí večer, stejně jako členové federální kriminální policie (BKA) a logističtí odborníci Agentury pro technickou pomoc (THW).
Německé síly však nebyly zapotřebí, protože zajatci opustili své rukojmí a uprchli, když si uvědomili, že rukojmí budou osvobozeni násilím.
Egyptská vláda přijala pomoc, kterou nabídlo Německo, aby se během operace spoléhalo na německé síly jako záložní síly.
„Naštěstí k tomu nedošlo,“ řekl mluvčí německého ministerstva vnitra.
Skupina pěti Němců, pěti Italů, rumunské ženy a jejich osmi egyptských společníků byla 19. září unesena na jihu Egypta.
Po jejich únosu v pouštní oblasti na jihu Egypta byli rukojmí převezeni do pohraniční oblasti mezi Egyptem, Libyí, Súdánem a Čadem.
K dnešnímu dni zůstává totožnost únosců neznámá, stejně jako podrobnosti o záchraně nebo o možných výkupnách.
Bývalí rukojmí dorazili do Káhiry bezpečně a bezpečně.
Německý ministr zahraničí Steinmeier prohlásil, že je pověřen péčí o německé velvyslanectví.
O detailech záchranných operací ale nekomentoval.
V Berlíně nebyly okamžitě poskytnuty informace o jejich návratu do Německa.
Podle německého deníku Bild se pět turistů a speciální síly chystají nastoupit na palubu Airbusu německého letectva, který údajně dorazí do Německa v úterý.
Sněmovna reprezentantů Spojených států odmítla záchranný program
Záchranný balíček ve výši 700 miliard dolarů pro finanční trhy nebyl schválen v první z dvou komor amerického Kongresu.
Dow Jones se chytil za nos.
Sněmovna reprezentantů Spojených států s hlasy 227 proti 206 odmítla vládní balíček pro finanční trhy.
Přes všechny výzvy prezidenta George W. Bushe a vedoucích představitelů obou stran, žádná většina nebyla dosažena pro program, který měl omezit chaos na finančních trzích.
V dramatické kampani se příznivci zoufale pokoušeli přesvědčit kritiky o zásluhách plánu ve výši 700 miliard dolarů.
Barney Frank, jeden z hlavních demokratických vyjednavačů, vyzval zástupce k schválení, i když to byl nepopulární plán.
"Je těžké získat politické schválení pro prevenci něčeho, co se ještě nestalo," přiznal.
Zatímco hlasování stále probíhalo, Dow Jones zaznamenal pokles o více než šest procent, nebo 600 bodů.
To bylo způsobeno obavami investorů, že záchrana vlády by mohla selhat.
Oživila se krátce před koncem hlasování, jen aby si vzala další nos, když bylo odmítnutí zveřejněno.
Odborníci nyní očekávají další silné turbulence na mezinárodních finančních trzích.
Pro realizaci plánu je potřeba schválení Sněmovny reprezentantů i Senátu.
Cestovní kanceláře hlásí nárůst rezervací
Bude to dobrá zima pro německé cestovní kanceláře, samozřejmě:
Průzkum uvádí, že obrat rezervací v nadcházejících měsících se oproti předchozímu roku výrazně zvýšil – v zimní sezóně dokonce o 30 procent.
Navzdory vyhlídkám na slabou ekonomiku zůstává apetit Němců na cestování nedotčen, tvrdí průzkum.
U rezervací během zimní sezóny cestovní kanceláře zaznamenaly nárůst obratu o 31 procent oproti stejnému období předchozího roku, informovala v pondělí v Berlíně Německá cestovní asociace (DRV).
Podle výzkumné firmy GfK vzrostl počet rezervací i během podzimních měsíců.
Cestovní kanceláře zaznamenaly v říjnu oproti roku 2007 nárůst obratu přibližně o jedenáct procent, uvedla DRV.
Výsledky vycházejí z údajů společnosti GfK, která každý měsíc zpracovává rezervační údaje 1200 německých cestovních kanceláří a využívá je k vytváření projekcí pro trh jako celek.
Zahrnuje cestovní rezervace uskutečněné do srpna 2008.
Kvůli slabému dolaru byly zejména cesty do Spojených států v poptávce, uvedla DRV.
V této oblasti se rezervace zvýšily přibližně o třetinu, uvedla.
Kromě toho poukázalo na to, že Španělsko, Turecko a Řecko jsou populární mezi Němci, stejně jako domácí regiony.
Zvláště vyhledávané byly výlety s all inclusive, řekl prezident DRV Klaus Laepple.
Ve světle rostoucích cen energií a potravin byly jejich náklady „více vypočítatelné pro klienty než náklady na individuálně organizované dovolené,“ uvedl Laepple.
Spotřebitelé by mohli ušetřit prostřednictvím předčasných nebo all-inclusive slev, mimo jiné, Laepple řekl.
Vzhledem k tomu, že letní měsíce byly velmi dobře rezervovány, také by došlo k dalšímu nárůstu obratu oproti předchozímu roku, řekl - ačkoli další průzkum uvádí, že počet cestujících Němců se oproti předchozímu roku snížil.
Poprvé na Oktoberfestu
Hity ve stylu jaro-prázdniny a après-ski v opakovaném režimu, pivo z litrových misek a celebrity v designu Dirndln.
Debut ve Wiesnu.
Technicky řečeno, Susanne Kronzuckerová a já nemáme mnoho společného.
Je blondýnka, televizní hostitelka a nosí na míru vyrobený Dirndl.
Mám tmavé vlasy, jsem studentka a moje šaty jsou z druhé ruky.
Ale je tu jedna věc, která nás spojuje: byli jsme na Wiesnu teprve tři minuty a už se kolem nás hromadí fotografové a fotografují, naplňují si paměťové karty - velmi laskavé a je to moje první návštěva Wiesnu, aby se spustila.
Takhle si děláte přátele.
Zdá se, že levný Dirndl dělá svou práci.
Pro Wiesnského turistu obvykle sídlícího severně od „Weisswurstského rovníku“, ten pohodlný pocit nosit tradiční bavorský oděv zanechal doposud mnoho přání.
Ale jakmile dorazí do Theresienwiese, není to tak špatné jako to všechno.
Téměř každý nosí Dirndl nebo Lederhosn; nikdo nevypadá znechucený nebo zahanbený - je to úplně normální.
Pouze můj Dirndl přívěsek pohlédl podivně na prodejce čokoládových banánů.
Jedna mnichovská žena mi připomněla, že jsem zavázala plášť špatným způsobem: „Dostupná vlevo, panenka uprostřed, zasnoubená vpravo, vdova vzadu.“
Zvláštním způsobem vytáhnu svůj přívěsek zezadu doleva.
„Podívej se na to správně,“ říká a směje se.
Jiní jsou méně znepokojeni jemnými flirtovacími technikami a nosí jednoduché klobouky, které říkají "Příliš opilý, aby se oblékl" a bez nutkání ukazují lidem, že jsou za sebou nahí.
Mladík s exhibicionistickým postojem se jmenuje Bob, pochází z Anglie a je to také jeho poprvé na Oktoberfestu.
Je to pro něj velkolepé, s dlouhým „ooooo“.
Říká mi to hned poté, co se zbavil „Maß“, který měl dříve.
Hned vedle jednoho z těch ohňostrojů, které se všichni mýlí o odpadech.
Takže Bob je jedním z těch neslavných „Wildbieslerů“.
Jiní nejsou dostatečně šťastní, aby ztratili alkohol tímto způsobem.
O osmé hodině v noci, desítky paramediků obklopují místo, pečují o chudé bingoři.
Léky se vždy objevují v balíčcích - vždy jsou čtyři najednou, nesoucí krytý protah od stanu k stanu.
Funguje to stejně jako u většiny návštěvníků Wiesnu: když je prázdný, odcházejí a když je plný, vrátí se.
Nevidíte, kdo je uvnitř truhlíku.
"To jsou ti, kteří nemohou užívat," křičel jeden z paramediků, když jsem se ho na to zeptal, zmizel v davu.
Oběť nehody pojmenovala policie
63-letá pěší žena, která zemřela v nemocnici poté, co ji v Essex zasáhlo vozidlo, byla pojmenována.
Carole Paulsonová z Chelmsford Road v Brentwoodu byla zapojena do nehody v pátek odpoledne na Shenfield Road ve městě.
Byla převezena do Queen's Hospital, Romford, ale později zemřela.
Pětadvacetiletý muž byl po nehodě zatčen kvůli podezření z nedbalosti.
Od té doby byl propuštěn na policejní kauci.
Rusko rozšiřuje diplomatické obzory
Dlouho předtím, než se Turecko snažilo vstoupit do Evropské unie, evropské mocnosti toužily proniknout hluboko do tureckého vnitrozemí.
Na východní straně Bosporu, možná jen 20 kroků do Asie, stojí jedna z nejkrásnějších relikvií této neúspěšné císařské ambice.
Železniční stanice Hydarpasha byla navržena dvěma německými architekty Otto Ritterem a Helmutem Conem v neo-renesančním stylu.
Alespoň to vám říkají průvodci.
Budova sedí na konci plošin s věží v každém z jejích předních koutů hledá celý svět jako nějaká provinční německá radnice.
Kámen je špinavý.
Celá budova se poněkud rozpadla.
Ale jakmile vstoupíte do zateplené kanceláře, není pochyb o velkoleposti podniku, jehož to byla nejzápadnější brána.
Stanice byla otevřena v srpnu 1908 německým konsorciem, Anatolsko-Bagdádskou korporací.
Německo, pozdější příchozí k imperiální hře, mělo v úmyslu realizovat své ambice ovládnout Blízký východ prostřednictvím této železnice, která vede do Damašku, Bagdádu a dále do dnešní Saúdské Arábie.
Ale císařské ambice Německa byly založeny během první světové války.
Jeho železniční tratě byly napadeny Lawrenceem Arábie a jeho arabskými nepravidelníky.
Relativní izolace od okolního regionu, způsobená zmrazenými hranicemi studené války, je pryč.
Britské a dominijní síly vystoupily z Egypta a vytlačily Turky a jejich německé spojence z Palestiny a Sýrie.
Špatná zpráva přišla i pro stanice Hyderpasha.
V roce 1917 explodoval střelný vlak, který zničil jeho složitou střechu.
Podle tureckých zdrojů šlo o sabotáž.
Od té doby se pomalu oddělovala, do značné míry obcházena historií.
Dnes však tato železniční brána do Anatolie a všech bodů na východ slouží - alespoň symbolicky - k zdůraznění rozšiřujících se diplomatických obzorů Turecka.
Vládnoucí Strana spravedlnosti a rozvoje (AKP) vytvořila pro zemi zcela novou zahraniční politiku.
Relativní izolace od okolního regionu, způsobená zmrazenými hranicemi studené války, je pryč.
Nyní máme novou politiku angažovanosti.
Pozoruhodně má turecká vláda dobré vztahy s Izraelem a Sýrií, s palestinskými frakcemi Hamasu a Fatahu, s Irákem a Íránem a samozřejmě s Evropskou unií a Spojenými státy.
Abych zhodnotil parametry této nové zahraniční politiky, nastoupil jsem do nočního spánku do tureckého hlavního města Ankary, abych navštívil jednoho z předních odborníků AKP na zahraniční politiku, tureckého poslance Suata Kinikliogluho.
Následujícího rána - asi o deset a půl hodiny později - po hektické jízdě po tratích, které produkovaly staré světové kadence slavného dokumentárního filmu The Night Mail, jsem dorazil do tureckého hlavního města - navrženého jako nové město pro nový sekulární státní záměr obrátit se zády na osmanskou minulost.
Ale AKP se svými známými islamistickými kořeny představuje změnu paradigmatu v tureckém konsensu.
To vyvolalo podezření na Západě, zejména ve Washingtonu.
Taxík mě odvezl do ústředí AKP, do ultramoderné kamenné a ocelové struktury – postavené na míru – v rozvíjejícím se předměstí, obklopené polostrovanými nákupními centry a energetickými cukrárnami, kde se středoškolští manažeři v obchodních kostýmech – muži i ženy – setkali, aby se dohodli na ranních obchodech.
Suat Kiniklioglu mohl být středopravým politikem z téměř jakékoliv jiné politické strany v Evropě.
Přizpůsobte se, přizpůsobte se, jsem si jistý, že dokonce balil Blackberry.
Cílem zahraniční politiky strany je nyní reintegrace Turecka do jeho bezprostředního sousedství.
Studená válka byla anomálií,“ řekl mi.
Turecko bylo odříznuto od své pozadí.
Dnes se musel dívat na východ a na západ současně.
Nebyl to případ jednoho nebo druhého.
Musel udělat obojí.
„Ale jistě v určitém okamžiku,“ zeptal jsem se, „může být Turecko nuceno si vybrat?“
„Turecko,“ řekl, „nechtělo čelit této volbě.“
Poté zdůraznil jeden bod, který téměř každý, s kým jsem mluvil, recituje téměř nahlas: Turecké vazby nejen na Blízký východ, ale na Kavkaz a kolem Černého moře jsou ve prospěch Evropy a Spojených států stejně jako ty s Tureckem.
S Tureckem na palubě, zdá se, že poselství je, Evropa jako celek může metaforicky jezdit ty železniční linky na východ směrem k Asii a na Střední východ.
Zpátky na nádraží Hydarpasha, po další většinou bezesné noci, jsem si vzpomněl na ty dva německé gentlemany Herr Ritter a Herr Conu, kteří sledovali stavbu této budovy před sto lety.
Jak by byli překvapeni, kdyby zjistili, že evropské ambice na Blízkém východě jsou nyní z velké části v rukou Turecka.
A když jsem čekal v terminálu na trajekt, který mě vezme zpět přes Bospor, vzpomněl jsem si, že v těch dnech bylo Turecko vždy nazýváno „nemocným mužem Evropy“.
Pak se alespoň zdálo, že není moc pochyb o tom, na který kontinent by se měla vztahovat tato fascinující země.
Vzpomínky na životy: Vernon Handley a William Woodruff
Mark Brown píše: Jako hudební ředitel Guildford od roku 1962, Vernon "Tod" Handley (obituary, 11. září) měl na starosti Guildford Philharmonic Orchestra a Choir.
V rámci svého hudebního plánu pro okres založil v následujícím roce svůj nádherný mládežnický sbor Proteus.
Mělo to být pro mladší 21 let, ale v době, kdy Proteus zpíval své finále v roce 1979, několik z nás bylo v našich pozdních dvacátých letech - prostě jsme se odmítli vzdát sboru.
Jméno "Proteus" (mytologický změník tvaru) představovalo ochotu a schopnost sboru řešit jakoukoli hudbu, která mu byla předložena, ať už madrigal nebo Messiaen, ať už bez doprovodu nebo s plným orchestrem.
Hudební všestrannost produkovaná takovým mladým sborem byla často ohromující, vždy vzrušující, a to vše díky inspiraci toho jednoho muže a nadšení pro hudbu, které zůstalo naprosto konstantní v průběhu let.
Kolikrát nám Tod řekl, abychom „nechali hudbu mluvit sama za sebe“.
On by řekl: „Skladatel ví, co chce.
Všechno je tam v hudbě.
Zpívej to tedy!“
Jeho batonová technika byla naprosto jasná a přesná, ačkoli nikdy diktátorská, ani floridní.
Ať už byl hudební standard jakýkoliv, vždycky ho zvedal ještě výš.
John Frayn Turner napsal:
Kdyby měl být někdo rytířem, byl by to Vernon Handley.
Znal jsem ho dobře během dvou desetiletí, kdy vedl Guildfordskou filharmonii v letech 1962 až 1982.
Během posledních čtyřiceti let jsem přezkoumal více než 100 jeho koncertů a mohu upřímně říci, že jsem nikdy nebyl zklamán jediným - a mnohokrát jsem z nich byl inspirován.
Tod Handley měl tu vzácnou kombinaci velikosti a osobní skromnosti.
Nenáviděl dirigenty, kteří, podle jeho slov, jednoduše „hackovali jeden nebo dva známé válečné koně po celém světě“.
Bude nám tolik chybět.
William Woodruff
Profesor John Beckett napsal:
Váš obituář Williama Woodruffa (25 září) uvádí, že „v roce 1946 pokračoval v ekonomické historii v Oxfordu a v roce 1950 se stal Houblon-Norman Research Fellow... zatímco současně studoval na bakalářské, magisterské a doktorské studium“.
To vyplývá z Woodruffovy poznámky autora v Beyond Nab End, ale není správné.
Od roku 1946 do roku 1953 byl lektorem ekonomické historie na univerzitě v Nottinghamu, během kterého dokončil doktorskou práci o britském gumárenském průmyslu, pod dohledem profesora J.D. Chambers, a následně publikoval v roce 1958 jako The British Rubber Industry.
V letech 1950-51 strávil v USA na Houblon-Norman stipendium, a v létě 1952 na univerzitách v Illinois, Harvard a New York.
V roce 1953 opustil Nottingham trvale do Illinois.
Proč si Woodruff vybral tuto část své kariéry, není známo.
J. Vincent Resino na Filologické fakultě
"Doporučuji výstavu Jose Vicente Resina "Flamenco y vida", protože jeho černobílé fotografie, pořízené v dokumentárním stylu, jsou mimořádné.
Fotografie přitáhly moji pozornost kvůli jejich jednoduchosti a síle, kterou přenášejí, vždy se zvláštní pozorností ke subjektům.
Výstava, která vyvolává hluboké pocity.
Resino dokáže zachytit kouzelné okamžiky.“
Druhý útok na superprodej Hondy
V listopadu začne Honda prodávat druhou generaci modelu Jazz.
Pokud se předchozí model již vyznačoval vysokou obytností, tento nový minivan má vnitřní prostor širší.
Kromě toho je vybaven jemnou mechanikou, která zvyšuje jízdní komfort a umožňuje šetřit palivo.
Evoluce místo revoluce.
Jedná se o druhou generaci Honda Jazz.
Zatímco esteticky nový Jazz vypadá jako předchozí model, změny přinesené do minivanu jsou četné.
Mimo jiné stojí za to poukázat na jeho inovativní design, novou platformu, větší velikost a docela novou mechaniku.
Každopádně, předtím, než přistoupíme k analýze nového modelu, může být užitečné poukázat na to, že tento nový Jazz přichází teprve šest let po vstupu první generace.
Proto by první pozorování mělo vzít v úvahu, že Honda tento model obnovila rychleji než ostatní společnosti obvykle.
I když je Jazz model méně známý v Evropě než na jiných trzích, zůstává fenoménem z hlediska prodeje.
To je případ Japonska, kde Jazz byl nejprodávanějším autem v roce 2002 a také v tomto roce 2008.
Právě tam se od uvedení modelu prodalo téměř milion jednotek jazzu.
Druhým trhem byl Starý kontinent, s přibližně půl milionu prodaných jednotek za šest let.
Navzdory těmto údajům Honda věří, že tento nový Jazz ještě více zvýší své prodeje v segmentu.
Takže pokud v roce 2007 japonská společnost prodala celkem 83 000 kusů tohoto modelu, v roce 2009 odhaduje, že to bude asi 100 000 vozů.
Pokud jde o španělský trh, Honda prodala od roku 2002 celkem 8 000 vozů Jazz, což odpovídá 6,7 % celkového prodeje společnosti ve Španělsku.
S příchodem nové generace, zodpovědný za společnost ve Španělsku očekává, že prodat kolem 2000 jednotek Jazz během jednoho roku.
Příchod nové Honda Jazz to pravděpodobně umožní tím, že do značné míry sníží pokles prodeje ve Španělsku.
Ve skutečnosti lidé zodpovědní za značku očekávají, že se do konce roku dostanou s celkovým prodejem 22 000 kusů, což je o 4 000 kusů méně než v roce 2007, s poklesem o 16%.
Navzdory nárůstu tržeb Honda také zvýšila svůj podíl na trhu ve Španělsku na 1,8 % oproti 1,6 % v loňském roce.
Zároveň japonská společnost očekává, že dosáhne 2% v roce 2010.
Aby toho dosáhla, Honda je přesvědčena o dalším novém modelu svého.
Jedná se o hybridní pětidveřový kompaktní vůz Insight o délce 4,37 metru.Japonská společnost doufá, že během jednoho roku prodá po celém světě asi 200 000 kusů tohoto modelu.
Podle odhadů trhů a japonských výrobců bude 50% prodeje Insightu pocházet ze Spojených států, zatímco zbývajících 50% bude pocházet jak ze Starého kontinentu, tak z Japonska.
Komerční uvedení Insightu je naplánováno na začátek příštího roku, krátce po představení modelu uvnitř společnosti v lednu ve Valenci.
Ve srovnání s první generací se nový Jazz rozrostl v plném rozsahu.
Nyní dosahuje délky 3,90 metru (pět centimetrů více), šířky 1,69 metru (dva centimetry více) a rozhraní 2,50 metru s nárůstem pěti centimetrů.
Jeho výška 1,52 metru zůstala nezměněna.
Spolu s velikostí se zvýšil jeho obytný interiér ve vesmíru.
Tato výhoda pramení především z nové platformy, a za druhé z zavedení palivové nádrže v centrálním umístění, řešení již přijaté v předchozím jazzu.
Navíc kapacita trupu - dvojnásobný spodní objem - stoupá na 399 litrů, což je o 19 litrů větší kapacita ve srovnání s první generací.
Je třeba poznamenat, že toto jsou rozměry Hondy Jazz 1.4, zatímco objem trupu v modelu 1.2 je pouze 379 litrů.
Další vylepšení – kromě vnějších prvků, jako je zadní led nebo možnost montáže panoramatického skla – se týkají lepšího přístupu k zadním sedadlům.
Dveře, které umožňují přístup k zadním sedadlům, se nyní otevírají pod úhlem 80 stupňů ve srovnání s 67 stupni v prvním modelu.
Kromě toho jsou všechny motory v této druhé generaci automobilů poměrně nové.
V době uvedení na trh bude tento malý model dodáván s benzínovými motory o objemu 1,2 nebo 1,4 litru.
Oba mechanické systémy budou zahrnovat technologii i-VTEC, která umožňuje nižší spotřebu paliva, produkuje méně emisí oxidu uhličitého, optimalizuje mechanické rafinace a současně udržuje vysoký točivý moment motoru ve všech jeho fázích.
1,2 litrová verze dosahuje výkonu 90 k při 6000 ot/min s maximálním točivým momentem 114 Nm při 4900 ot/min.
Pohon, který v předchozím jazzu dosáhl 78 k, spotřebuje pouze 5,3 litru paliva a produkuje přibližně 125 gramů ekvivalentních emisí CO2.
Ve srovnání s předchozím pohonem, který v první generaci modelu použil 83 koní, může nový využít 100 koní.
1.4 Jazz s výkonem 100 k dosahuje kombinace 5,4 litru paliva a 128 gramů emisí CO2.
Včelí auto, aby se zabránilo kolizím
Při vývoji technologií pro prevenci nehod se Nissan tentokrát inspiroval přírodou a zejména včely.
Japonská společnost vytvořila robota, který napodobuje let včel, může zabránit nehodám.
Toto je Bio-mimetic Car Robot Drive, nebo BR23C, první krok k projektování technologií pro prevenci kolizí.
Inženýři pokročilého technického centra společnosti Nissan Motor Co. vyvinuli tento malý robot ve spolupráci s Centrem vědeckého výzkumu a technologie prestižní Tokijské univerzity v Japonsku.
Podle Kazuhiro Doi, generálního ředitele pro vztahy s veřejností pro technologii, výzkum a vývoj řízení značky, je BR23C rozšířením bezpečnostního štítu čtyř oblastí vyráběných společností Nissan.
Tento robot má zlepšit schopnost zabránit srážkám ve vozidlech vyráběných společností.
Během letu každá včela vytváří svůj vlastní oválný osobní prostor, který je velmi podobný štítu bezpečnosti vyvinutému společností Nissan.
Ale nejdůležitějším prvkem jsou složené oči včel, které mohou vidět ve všech směrech s dodatečným úhlem 300 stupňů, což umožňuje hmyzu létat bez přerušení ve svém osobním prostoru.
Aby se tyto vizuální vlastnosti znovu vytvořily, inženýři vyvinuli to, co definovali jako laserový lokátor (Laser Range Finder).
Tento mechanismus detekuje překážky v rozmezí 2 metrů a v okruhu až 180 stupňů před BR23C, vypočítá vzdálenost k objektu a odesílá signál do mikroprocesoru na palubě, který okamžitě umožňuje zabránit kolizi.
Když detekuje překážku, malý robot napodobuje pohyby včely a okamžitě mění směr otočením kol v pravém nebo širším úhlu, aby se zabránilo srážce.
Nejviditelnějším rozdílem od jakéhokoli stávajícího systému je jeho únikový účinek, který je zcela instinktivní.
"Kdyby tomu tak nebylo, robot by nebyl schopen reagovat dostatečně rychle, aby se vyhnul překážkám," vysvětluje Toshiyuki Andoh, ředitel Laboratoře mobility a hlavní inženýr tohoto projektu.
Na rozdíl od včely, robot nemůže odchýlit nahoru nebo dolů, nebo dokonce diagonálně. Může se pohybovat pouze ve dvou dimenzích a ve směru, ve kterém se jeho kola mohou otočit.
Z tohoto důvodu Nissan kromě funkcí zrychlení a zpomalení použil funkci otáčení, aby malý robot mohl zabránit kolizi.
Toto zařízení potřebuje pouze zpracovávat nové informace každých pár sekund a jednat na základě těchto dat.
Nepotřebuje ukládat žádné informace nebo používat intuitivní logiku předchozích manévrů. z tohoto důvodu může jít bez přerušení dodávané pouze několika desítkami KB paměti.
To může překvapit, ale nemluvíme o gigabajtech nebo mega paměti.“
Jedná se o první krok směrem k vývoji nových technologií pro prevenci kolizí, což je technologie, kterou Nissan doufá, že do deseti let zavede do automobilů jako standardní funkci.
Robot používá lithium-polymerové baterie, které jsou lehčí a trvanlivější než typologie lithium-iontů.
Další možnou aplikací v budoucnu by mohla být integrace této technologie se satelitním navigátorem GPS, aby se řidič dostal do určité destinace a zabránilo se tak překážkám na cestě.
Do shudder před podáním žádosti o půjčku
Musíme si uvědomit, že ministerstvu financí Spojených států, které má dostatečně dobrý kapitál k jednání, rozhodně nechybí talent.
Musí čelit krizi a zabránit Američanům, aby byli podváděni s odpadkovými úvěry bankami pod pochybnostmi o platební neschopnosti, vytvořil zábavnou a vzdělávací hru pro uživatele internetu.
Jinými slovy, „hotel špatných úvěrů“... nebo problémů.
Temný aspekt tohoto hotelu a zejména jeho recepce si klade za cíl tlačit lidi, aby přemýšleli nejen jednou, ale dvakrát nebo dokonce třikrát předtím, než požádají o půjčku.
A co je nejdůležitější, pečlivě přemýšlet o tom, kde se o to ucházet.
Určitě tento systém poskytuje několik užitečných informací, ale nabízí poměrně málo detailů.
Je to mnohem více webová stránka pro teenagery než místo pro širokou veřejnost.
Co se stane, když hru dokončíte?
Uvnitř hotelu se objevuje pokoj snů.
Je to stále něco, protože o koupi domu ... je lepší ho opustit.
Morgan Stanley otevřel kapitál pro MUFG
Morgan Stanley oznámil vstup do tabulky Mitsubishi UFJ Financial Group (MUFG), první japonské banky, která utratí devět miliard dolarů, aby získala 21% svého kapitálu, zprávy, které byly přijaty prudkým poklesem cen akcií.
Týden po zveřejnění prozatímní dohody obě banky vysvětlily, že MUFG koupí 9,9% akcií Morgan Stanley za cenu 25,25 dolarů, celkem tři miliardy dolarů.
Prodejní cena je nižší než 19 % hodnoty cenných papírů k 31. srpnu.
MUFG bude investovat dalších šest miliard dolarů do akvizice konvertibilních cenných papírů s zajištěným výnosem ve výši 10 % a konverzní cenou ve výši 31,25 USD.
Morgan Stanley potvrdil, že celková operace bude založena na průměrné jednotkové ceně 29 dolarů, což je o 28% nad její současnou cenou.
Akcie Morgan Stanley však klesly o 6,79 % na 23 07 dolarů kolem 17:00 GMT.
"Tato strategická aliance představuje důležitou příležitost k urychlení přechodu Morgan Stanley na status holdingové banky," řekl John Mack, generální ředitel americké skupiny.
Morgan Stanley přijal tento nový status minulý týden, což by mu mělo umožnit diverzifikovat své činnosti, ale musí projít pravomocí Federálního rezervního systému.
Jeho aliance s MUFG také potvrzuje, že současná finanční krize donutila největší jména na Wall Street, aby přijali mnohem opatrnější postoj než dříve.
Modality prezentované v pondělí ukazují, že dohoda byla v posledních dnech pozměněna: předchozí pondělí Morgan právě oznámil, že prodá až 20% svých akcií Japoncům za zhruba 8,5 miliardy dolarů.
"Před týdnem, vysvětlil Toshihide Mizuno, výkonný ředitel MUFG v Tokiu," mysleli jsme si, že účast bude zcela složen z běžných akcií.
Ale vzhledem k současnému stavu ekonomiky a trhu jsme doufali, že minimalizujeme rizika a chráníme si záda.“
Na základě vážené průměrné ceny MUFG zaplatí za své cenné papíry Morgan Stanley o 7% pod jejich účetní hodnotou.
A transakce bude mít za následek zředění přibližně 20% zisku na akcii.
Dohoda předpokládá, že MUFG může každoročně převést polovinu svých preferovaných cenných papírů na běžné akcie, pokud tyto obchodovaly více než 50 % nad konverzní cenou, což je přibližně 47 USD za dané období.
Morgan Stanley zajišťuje, že kapitál poskytnutý MUFG mu umožní využít investičních příležitostí, posílit bilanci a zvýšit likviditu.
Mluvčí skupiny však odmítl poskytnout podrobnosti o strategických projektech obou nových spojenců.
Po investici MUFG Morgan Stanley předpovídá kapitálový poměr Tier One přibližně 15%, jeden z nejlepších v oboru.
Morgan uvedl, že od konce srpna "výrazně" snížil svou rozvahu.
Poslední týdny byly pro skupinu obtížné, protože polovina její ceny akcií se rozplynula, zatímco náklady na pojištění proti riziku selhání jejího dluhu vzrostly.
Tyto náklady se v pondělí snížily, ale zůstaly na nové vysoké úrovni, kolem 12%.
Minulý týden Goldman Sachs, jediná další přeživší velká investiční banka na Wall Street po bankrotu Bear Stearns a akvizice Lehman Brothers a Merrill Lynch, oznámila, že získala 15 miliard dolarů, částečně z Berkshire Hathaway, skupiny Warren Buffett.
Rafael Correa v pondělí v Quitu.
Rekonstrukce kolem republiky socialismu 21. století.
Jedná se o společný projekt venezuelského prezidenta Hugo Cháveze, bolivijského prezidenta Evo Morales a ekvádorského prezidenta Rafaela Correa.
Tato neděle, stejně jako její protějšky a přátelé, je třetí, kdo dá k hlasování návrh nové ústavy.
Mise splněna od 64% voličů hlasovalo "ano" k referendu, podle oficiálních výsledků založených na 80% hlasů.
Na základě těchto výsledků získalo „ne“ 28%, 7% hlasů bylo neplatných a 0,7% bylo prázdných hlasů.
Aby byl návrh ústavy schválen, musí získat polovinu hlasů plus jeden.
Dva průzkumy provedené mimo volební místnosti a jedna nevládní organizace oznámily v neděli velké vítězství pro „ano“, v rozmezí mezi 63% a 70%.
Rafael Correa v noci z neděle na pondělí vyhlásil vítězství v návrhu ústavy.
"Ústava zvítězila tak ohromně," ujistil a pochválil Ekvádorce v ústředí vlády v Guayaquilu, 280 km jihozápadně od Quita.
Samozřejmě, že Rafael Correa byl blahopřeje Chavez a Morales, ale také jeho chilský protějšek Michelle Bachelet.
Průzkum, který proběhl mírově pod dohledem Organizace amerických států (OAS), zahrnoval ve svém textu 444 bodů, které konsolidují „nový socialismus“, který obhajuje prezident.
Návrh ústavy zakotvuje moc státu nad ekonomikou tím, že mu vyhrazuje „plánování rozvoje“ země, která žije hlavně z těžby ropy zahraničními společnostmi a zahraničními penězi, které posílají svým emigrantům.
Podpořený Correou, zvolenou v roce 2006, projekt také poskytuje větší pravomoci hlavě státu, který může trvat až dva po sobě jdoucí čtyřleté funkční období a bude schopen rozpustit Shromáždění.
Correa již oznámil, že tuto pravomoc využije k tomu, aby v únoru 2009 usiloval o nový mandát.
Ústava také konsoliduje zásadu bezplatných zdravotních služeb a vzdělávání, kterou prezident začal zavádět v této zemi 13,9 milionu obyvatel, kde 50% populace žije pod hranicí chudoby.
Předpokládá také zákaz přítomnosti zahraničních vojsk, což ukončí dohodu mezi Quitom a Washingtonem o používání Ekvádoru jako palubní základny pro americké operace v boji proti drogám.
V Čadu propustili 19 rukojmích
Egyptská velitelská jednotka zahájila útok na únosce jedenácti turistů a jejich osmi doprovodů, kteří byli zajati před deseti dny.
Jsou v Káhiře.
Jedenáct evropských turistů a jejich osm egyptských doprovodů, kteří byli deset dní v zajetí v poušti, se v pondělí odpoledne vrátili do egyptského hlavního města.
Ráno byli osvobozeni egyptským velitelstvím v Čadu.
Zdánlivě vhodné, rukojmí dorazili kolem 1530 hodin na palubě speciálního letadla na vojenskou základnu al-Maza, připojenou k mezinárodnímu letišti v Káhiře.
Oni byli okamžitě převezeni, aniž by mohl mluvit s tiskem, pomocí vrtulníku do nemocnice v Maadi, rezidenční předměstí Káhiry, podstoupit vyšetření.
Jsou v "dobrém zdravotním stavu" a "není zaplaceno žádné výkupné" únoscům, prohlásil egyptský ministr cestovního ruchu Zoheir Garanna.
Tato skupina rukojmích, která byla zachycena 19. září během safari ve voze 4x4 u úpatí hory Ouanat na hranicích s Egyptem, Súdánem a Libyí, byla přenesena z jednoho úkrytu do druhého 35 neznámými únosci.
Zahrnuje 11 turistů - pět Italů, pět Němců a jednoho Rumuna - a také osm Egypťanů: dva průvodci, čtyři řidiči, pohraniční stráž a ředitel agentury Aegyptous, organizátor safari.
Egyptský bezpečnostní úředník uvedl, že 30 příslušníků speciálních sil, přepravovaných na palubě dvou vrtulníků, zahájilo útok v noci těsně před svítáním.
"Následovala výměna ohně a polovina únosců byla zabita, druhá polovina uprchla," řekl úředník, který požádal o anonymitu.
Dodal, že do Súdánu bylo vysláno celkem 150 příslušníků jednotky rychlé reakce egyptských speciálních sil, kde obdrželi podporu německých a italských velitelů.
Šéf italského diplomatického sboru Franco Frattini v Bělehradě, kde se v současné době nachází, zmínil roli, kterou hrají italští tajní agenti a prvky speciálních sil.
"Musíme uznat, že jsme tento výsledek dosáhli díky profesionalitě a efektivitě našich mužů z tajných služeb, ze speciálních sil," řekl bez dalších podrobností.
Zároveň odmítl zaplatit výkupné.
Sudánská armáda tvrdí, že zachytila 4x4 hlídkové vozidlo, na jehož palubě byli únosci, přičemž zabila šest lidí, včetně čadské hlavy, a zatkla dva.
Armáda tvrdila, že je spojena s povstaleckou skupinou v Darfuru, Sudánským osvobozeneckým hnutím-jednotou (SLA-U), což toto hnutí okamžitě popřelo.
Listy - tichá většina kultury
Debata o financování kultury se dostala do titulků a rozhořčila tuto volební kampaň.
To dobré.
Ale jedna oblast našeho kulturního života zůstává vždy zapomenuta.
Kdo přijde, aby odsoudil bídu, která je přiznána malým muzeím, archivům, archeologickým nebo národním historickým památkám, které hladoví po financování?
Který politik se odváží připomenout federální vládě, že zanedbává její památky a kulturní dědictví?
V Quebecu, v Kanadě, nemáme žádné skutečné zákony, které by účinně chránily naše dědictví?
Věděli jste, že francouzská vláda věnuje tři a půl milionu eur jen na obnovu hradu Chinon v údolí Loiry?
Naši američtí sousedé napsali v ústavě své země, že ochrana dědictví je součástí americké kultury a že takové dědictví musí být chráněno všemi občany, všemi volenými a všemi vládními útvary, a to ve spolupráci.
V Quebecu, federaci společností historie Quebecu, se nejméně 40 000 dobrovolníků seskupených do 211 agentur pro historii, dědictví, archivy a genealogii zabývá výzkumem historie, zachováním, malými finančními prostředky, hromadami soukromých archivů a zachováním archeologických pozůstatků.
Často jsou strážci našeho dědictví, kteří protestují s energií zoufalství, když vývojáři a stavitelé spouštějí své buldozéry proti našim starým budovám a našim zapomenutým hřbitovům.
Kdy proběhne seminář o dějinách a dědictví?
Banka Fortis byla částečně znárodněna vládami Beneluxu
Státy Beneluxu pomáhají belgicko-nizozemské bance Fortis, která je první evropskou finanční institucí v nesnázích kvůli následnému dopadu americké úvěrové krize, částečným státním nákupem.
Koncem tohoto týdne se belgická, lucemburská a nizozemská vláda na této otázce na nejvyšší úrovni poradila s předsedou Evropské centrální banky a komisařem pro hospodářskou soutěž Evropské komise.
V rámci eurozóny je Fortis první bankou postiženou mezinárodní finanční krizí, která se v posledních 12 měsících blíží vlnám.
Podle rozhodnutí přijatého v neděli večer, každá vláda převezme 49 procent podíl v bankách Fortis ve svých zemích.
Banka jistě prodá část svých podílů, zejména pojišťovací činnosti, které loni koupila od nizozemské banky ABN Amro.
Akcie Fortis začaly minulý týden hluboce klesat, pak ve druhé části týdne se ve společnosti objevily známky vážné krize.
Analytici se shodují, že banka - se svými 85 000 zaměstnanci - je příliš velká na to, aby mohla zkrachovat.
Akcie banky v pátek klesly o 12 procent, což je nejnižší úroveň za posledních 14 let.
Hodnota akcií klesla od ledna o dvě třetiny.
Pokud vezmeme v úvahu aktuální ceny akcií, celková hodnota tržního kapitálu skupiny se pohybuje kolem 14 miliard eur. Ředitelé společnosti však říkají, že to neodráží realitu.
Ředitelství obviňuje nejistoty v zahraničí - které jsou spojeny s přijetím amerického balíčku ve výši 700 miliard dolarů - za pokles akcií Fortis.
Akcie v pondělí zaznamenaly mírný nárůst.
Filip Dierckx byl v pátek jmenován novým výkonným ředitelem banky.
Finanční instituce také hledala soukromé kupce, ale dosud nebyla učiněna žádná podstatná nabídka.
Belgická vláda dříve prohlásila, že investoři nemají důvod se obávat, že neztratí své peníze.
Zatím mezi klienty banky nevznikla žádná panika, nedošlo k žádnému bankovnímu spěchu.
Fortis má vlastní bankovní pobočku v Maďarsku a také koupila leasingové společnosti.
Fox v přízemí
Americké životní a zdravotní pojišťovny často odmítají prodávat pojištění některým občanům kvůli údajům o nákupu léků.
Odborníci na ochranu údajů se obávají, že trh s daty se stane nekontrolovatelným.
„Existuje program ochrany údajů, který vyžaduje povolení subjektu údajů, aby mohl používat údaje o předpisech na léčivé přípravky.
Měla by být nezávislá, jinak bude liška hlídat kuřecí dům," cituje The Washington Post Richarda Dicka, vývojáře programu použitelného pro sledování předpisů na drogy.
Pojišťovny rozhodují o pojistném a částce, která má být zaplacena v případě újmy v závislosti na zdravotním stavu žádajícího zákazníka, a pokud to považují za příliš rizikové, neposkytují pojištění.
Žádající zákazníci byli odesíláni k lékařskému vyšetření a smlouva byla uzavřena pouze s ohledem na výsledky vyšetření.
Dick vyvinul před deseti lety mnohem levnější metodu: na základě identifikačního čísla zákazníka lze snadno zjistit typ léků zakoupených zákazníkem v posledních 18 měsících, takže program může vyvodit důsledky na vlastní pěst, pokud jde o nemoci, které žadatel trpí, stejně jako jejich zdravotní stav.
Například případ pravidelného nákupu velkých dávek cholesterolu snižujících léků prakticky odkazuje na skutečnost, že zákazník má neléčitelně vysokou hladinu tuku v krvi, v důsledku čehož by tato osoba okamžitě byla umístěna do vyšší rizikové kategorie.
Program má v obchodu různé verze, některé z nich dokonce definují rizikový faktor, takže pojišťovna nemá nic jiného než papírování, i když vznikají menší potíže.
Jednou z nevýhod je skutečnost, že některé léky mohou být použity pro několik účelů, například některé lékařské formule jsou k léčbě migrény, tepelných vln nebo dokonce deprese.
Druhý je významným faktorem zvyšujícím riziko z pohledu podnikatelských pojišťoven, zatímco ostatní dva nejsou.
Existují konkrétní společnosti, které se zabývají získáváním a zpracováním dat a požadují povolení od pacienta před získáním potřebných informací od lékáren.
Jsou již povinni tak učinit, i když jejich předchozí selhání nebylo potrestáno.
Některé společnosti dokonce zpracovávají výsledky laboratorních vyšetření a spojují je s údaji o spotřebě léků, čímž mohou poskytnout přesnější informace o zdravotním stavu pacientů.
Stále více společností získá přístup k údajům a současně je stále obtížnější kontrolovat jejich používání.
Existuje zvláštní zákon o ochraně údajů o zdravotní péči, ale jeho rozsah zahrnuje pouze poskytovatele zdravotní péče a pojišťovny.
Návrh zákona o poskytnutí kontrolních pravomocí orgánům nad společnostmi zabývajícími se poskytováním údajů byl předložen Kongresu.
Dick Richard si uvědomuje, že to nestačí: proto dále rozvíjel svůj program, který by nyní omezil přenos údajů, pokud jde o vyžadování výslovného souhlasu subjektu údajů.
Je to však další otázka, že žadatel nemůže skutečně odmítnout souhlas, jinak s nimi pojišťovny smlouvu uzavřít nebudou.
Takže kuřata budou do jisté míry i nadále záviset na dobrotě lišky.
Globální menu Marseille
Evropská unie a Indie zdvojnásobí obchod
Vzhledem k tomu, že Evropská unie a Indie jsou vedoucími obchodními partnery navzájem, na programu devátého summitu dominovala tato otázka kromě dalších, převážně globálních problémů.
Dnes se také uskuteční summit Francie-Indie, zejména o spolupráci v oblasti jaderné energie.
Přestože Evropská unie uznává, že Indie je rozvíjející se demokratickou světovou mocností, která by měla mít více slov v mezinárodních záležitostech, členské státy dosud nedokázaly dosáhnout dohody o tom, zda podpoří stálé členství Nového Dillí v Radě bezpečnosti OSN nebo ne.
Tato otázka tedy nebyla vynucena během devátého summitu, který se včera konal v Marseille.
Francouzský prezident Nicolas Sarkozy jako rotující prezident Unie, předseda výboru José Manuel Barroso a šéf zahraniční politiky Javier Solana přivítali indického premiéra Manmohan Singha a souhlasili s zdvojnásobením, tj. zvýšením obchodního toku na více než 100 miliard eur, za 5 let.
Vzhledem k tomu, že výměna zboží se mezi lety 2000 a 2007 zvýšila z 25 miliard na 55 miliard, není to příliš ambiciózní cíl.
26 stávajících dvoustranných úmluv o civilním letectví s Indií bylo právně harmonizováno, což znamená, že letecká doprava může v budoucnu křídit.
Indie chce do konce roku 2009 podepsat dohodu o volném obchodu s EU.
Sarkozy slíbil urychlit harmonizaci.
Cílem je nalézt rovnováhu, zatímco Indie je obchodním partnerem číslo jedna EU, zatímco New Delhi má pouze deváté místo na seznamu partnerů EU.
Konference se soustředila na globální otázky:
O situaci v Afghánistánu a Pákistánu, stejně jako o terorismu, který byl ve všech jeho formách odsouzen oběma stranami a byla vyzvána svolání konference OSN.
Dokončení obchodního kola v Doha bylo také urychleno, i když obě strany jsou zatím zodpovědné za fiasko.
EU potvrdila, že bude pokračovat ve svém programu v oblasti energetiky a klimatu, což znamená, že má v úmyslu snížit do roku 2020 emise znečišťujících látek do ovzduší nejméně o 20 %.
Indie s tím souhlasila, stejně jako s cílem dosáhnout globální dohody na klimatické konferenci, která má proběhnout příští rok, a snížit emise skleníkových plynů o 50 procent do roku 2050.
Dalším cílem bylo zabránit růstu cen potravin a byla podpořena výzva k mezinárodní konferenci k přezkoumání finanční krize.
Indický premiér se dnes chystá na dvoustranné setkání ve francouzském hlavním městě, kde hodlá dospět k dohodě o mírovém využívání jaderné energie.
Paříž očekává, že francouzské společnosti získají zakázky na výstavbu jaderných reaktorů v Indii v hodnotě 20 miliard eur.
Podle informací agentury Reuters bude smlouva platit 15 let.
Více než tři sta italských vydavatelů ve Frankfurtu
Silná přítomnost italských vydavatelů na mezinárodním veletrhu knih ve Frankfurtu.
Více než tři sta italských vydavatelů se zúčastní šedesátého výročí Buchmesse, nejdůležitější mezinárodní události pro výměnu autorských práv.
Mezinárodní knižní veletrh ve Frankfurtu očekává pro tuto příležitost více než sedm tisíc vystavovatelů z 101 různých zemí, kteří obsadí 171 790 metrů čtverečních půdy veletrhu s více než 403 tisíci tituly na výstavě, a Turecko bude čestným hostem.
Francesco Maria Giro, podsekretář pro ministerstvo kulturního dědictví a činností, bude představovat italskou vládu na inauguračním ceremoniálu italského pavilonu: ve skutečnosti bude Itálie přítomna jako instituce s italským stánkem - 264 metrů čtverečních výstavního prostoru.
Následuje tisková konference v prostorové struktuře pavilonu 5.0: bude to příležitost, kdy budou prezentovány čísla, trendy a pohled na stav italského vydavatelského průmyslu.
Podle údajů se postupně snižuje význam knih zahraničních autorů v italské produkci, a to zejména pro dospělé a děti.
Našli letadlo Stevea Fossetta, který zmizel před rokem
Letadlo Stevea Fossetta, milionáře, který zmizel 3. září 2007 při letu nad Nevadskou pouští, bylo nalezeno.
Zřícenina byla nalezena na plošině v nadmořské výšce 3000 metrů, v oblasti Sierra Nevada Mammoth Lakes, na hranici mezi Kalifornií a Nevadou.
Uvnitř letadla nebyly žádné lidské pozůstatky.
Šerif hrabství Madera, John Anderson, rozptýlil všechny zbývající pochybnosti: „Letadlo bylo nalezeno, poslali jsme tým a nyní máme potvrzení, že je to ten, na kterém Steve Follett letěl v den, kdy zmizel,“ řekl na tiskové konferenci.
Následně šerif uvedl, že na palubě ani v okolí nebyly nalezeny žádné lidské pozůstatky.
Milionář, 63 let, byl v únoru vydán za mrtvého.
Americký Národní úřad pro bezpečnost dopravy (NTSB) informoval, že několik hodin po zjištění havárie byl poslán vyšetřovací tým, který pak identifikoval letadlo: je to Bellanca 8KCAB, který je pohřešovaný od 3. září 2007, kdy Fossett vzlétl z Yeringtonu v Nevadě na tříhodinový let.
Včera, vždy v Kalifornii, nedaleko od hranice s Nevadou, našli pár osobních předmětů, které patřily Fossettovi, poblíž jejich domu v Mammoth Lakes.
Předměty jsou dva dokumenty jménem Fossetta, oba vydané Federálním leteckým úřadem Illinois, některé hotovosti a svetr.
Pátrání po Fossettovi bylo přerušeno měsíc poté, co zmizel.
Milionář si získal místo v historii díky sérii světových rekordů.
V roce 2002, při svém šestém pokusu, se stal prvním člověkem, který dokončil cestu kolem světa v horkém vzduchu: dvoutýdenní sólo let.
O tři roky později absolvoval cestu kolem světa letadlem bez přistání.
Mezi jeho mnoha rekordy patří i létání v nadmořské výšce 15 445 metrů nad Andami, ale s spolujezdcem.
Glk, reklama, která na vás nečeká
SUV, které je mimo normu s originálním designem definovaným rozhodujícími liniemi, bohatými povrchy a čistými úhly.
Stručně řečeno, jedná se o GLK, nejnovější doplněk k „kompaktním“ off-roadovým vozidlům od hvězdného výrobce, se kterým se Mercedes-Benz snažil do tohoto sektoru pustit dech čerstvého vzduchu.
Právě proto, že jeho vlastnosti jsou mimo tradiční normy, poselství doprovázející uvedení SUV GLK bude také neočekávané a netradiční, bude k dispozici v showroomech Mercedes-Benz od příštího 17. října.
Reklamní kampaň, která bude doprovázet debut nového vozu, tak spustí novou komunikační metodu, která také zahrnuje futuristickou kampaň 3D billboardů, které poprvé v Itálii používá automobilová značka.
Projekt velkých plakátů, který se uskuteční ve třech různých fázích, bude dominovat centrální milánské nákupní ulici Corso Como až do 15. listopadu.
První fáze tohoto nového typu komunikace začne prezentací vozu ve stereoskopickém vidění a díky speciálním brýlím distribuovaným v okolí Corso Como bude možné vidět nové SUV v reálné velikosti a 3D formátu.
Ve skutečnosti, když se podíváte na obrázek, dostanete pocit, že auto vyčnívá z plakátu.
Následně pomocí inovativní technologie Elumina 8 budou všechny detaily nového GLK osvětleny v různých časech a poté znovu sestaveny jako jediný obraz.
Bezpochyby se Mercedes prostřednictvím této reklamy snaží zavést něco nového do konvenční oblasti automobilové publicity.
Podaří se s tímto vzorcem vyvolat zájem budoucích kupujících?
Zde je, kdo jsou italští hooligáni
Tri-Veneto, které může být zakázáno účastnit se sportovních utkání (Daspo).
Ale kdo je těch 150-200 lidí, kterých se teď stydí Itálie?Jsou součástí skupiny „Ultras Italia“, která už léta podporuje národní fotbalový tým a dosud, pravda je známa, nikdy nevytvářela velké problémy.
Také se nikdy nesetkal s opozičními fanoušky.
Extrakce skupiny je pravé křídlo.
Výsledky jsou z Tri-Venetu.
Z Verony, Padovy, Triestu a Udine.
K nim se připojily některé malé skupiny (ve skutečnosti velmi málo členů) z Campagnie a Puglie.
Mají na sobě trojbarevné vlajky s městem původu bojovníků: v sobotu byly odstraněny tak, aby nebylo možné je identifikovat.
Své nápady si berou od anglických fanoušků.
V Bulharsku našli příznivce, kteří byli skutečnými nacisty, Levskou skupinou.
FIGC dalo italským fanouškům k dispozici 144 vstupenek na zápas: vše osobní, takže snadno kontrolovatelné.
A ministerstvo vnitra ve Viminale je skutečně všechny zkontrolovalo: mezi těmi skupinami, které šly do Sofie, nikdo nebyl zakázán, nikdo nebyl zakázán navštěvovat stadion.
Čtyři italští příznivci, kteří měli předchozí zločiny související se stadionem, byli ve skutečnosti odmítnuti vstupenky a zabránili jim jít.
Nyní ministerstvo vnitra čeká, až si bude moci přečíst oficiální záznamy, které by měly přijít od bulharské policie předtím, než podnikne kroky: v tomto případě je možné na pět let zakázat alespoň podporovatele, kteří byli zatčeni nebo ti, kteří byli identifikováni během nepokojů.
Mezinárodní vyloučení, které zakazuje účast nejen na stadionech v Itálii, ale i v celé Evropě.
Naši hooligáni, zkrátka, nechtěli vstoupit do jiného stadionu.
Naštěstí
Ale teď je tu strach z emulace: to znamená, že se k tomu připojí někteří málo přes sto padesát.
"Musíme okamžitě vypustit tento požár a nelegitimovat ty, kteří se chovají tímto způsobem," tvrdí ti z ministerstva ve Viminale.
Takže, "oči široko otevřené zejména proto, že tam je národní tým hraje ve středu v Lecce".
V Puglii ve skutečnosti existuje malé jádro příznivců Ultras Italia.
Zítra se setká observatoř, v úterý CASMS, která může počítat s sekcí AISE, tedy tajné služby, která se zabývá přesně problémy ve stadionech.
"Chór Duce-Duce a ruka natáhl během Mameli hymnu? v Bulharsku to není zločin ...".
To jsou myšlenky (vyjádřené s velkým zklamáním) Domenica Mazzilliho, který je před několika týdny ředitelem observatoře Viminale (dosáhl postu, který zpočátku zastával Francesco Tagliente a pak Felice Ferlizzi).
Předtím byl Mazzilli vedoucím policejní správy v Triestu, kde se nachází jádro příznivců Ultras Italia, založené v roce 2002.
Je pravda, říká Mazzilli, že v Bulharsku není zločin zpívat hymny Duce, ale jistě chování těch 150-200 fanoušků bylo hanebné.
"Nejsem sociolog - dodává číslo jedna observatoře - trestný čin by měl být připisován v zemi, kde k incidentu dojde.
Zatím tato skupina zůstala v řadách, nyní uvidíme, co se skutečně stalo a budeme ji hodnotit pro budoucí referenci.
Ale pojďme mluvit také o šeptání hymny Mameli: to také není zločin v Bulharsku, ale pokud mám povolit, není to dobré chování...“
