Trionfo della destra populista in Austria, insieme costituiscono il 29%
Le elezioni anticipate al parlamento austriaco hanno portato, secondo i primi risultati approssimativi, un notevole indebolimento di entrambi i partiti della grande coalizione attuale e un espresso rafforzamento del partito populista di destra.
Un'importante e speciale perdita è stata subito dal Partito popolare austriaco (OVP), dove la posizione dell'attuale presidente, Wilhelm Molterer, è seriamente scossa.
Al contrario, il leader dell'Alleanza per il futuro dell'Austria (BZO), il capo del governo dello stato carinese, Jörg Haider, prepara il suo ritorno trionfale alla politica nazionale.
Secondo i risultati approssimativi, la socialdemocrazia (SPÖ) rimane il partito più forte del paese con il 29,8 per cento dei voti, perdendo il 5,5 per cento dei voti rispetto alle ultime elezioni del 2006.
Peggio ancora l'OVP che perde il 25,6 per cento, quasi il nove per cento dei voti.
Sono i peggiori risultati, letteralmente catastrofici, nella storia di questi due grandi partiti austriaci dal dopoguerra e specialmente per i popolari che hanno convocato queste elezioni anticipate.
Già all'inizio di luglio, quando l'OVP è uscita dalla coalizione, i popolari avevano un notevole vantaggio in termini di preferenza rispetto all'SPO.
È chiaro, tuttavia, che i votanti li hanno puniti per aver lasciato che il governo s'abbattesse.
Già nelle prime reazioni ai risultati si sono sentite speculazioni sulla dimissione del presidente del partito e, fino ad oggi, del vicecanceliere, Wilhelm Molterer.
Gli osservatori ritengono che questo lunedì si potrebbe raggiungere in una riunione eccezionale della presidenza del partito.
Tale evoluzione avrebbe evidentemente facilitato la via del punto di partenza più costante e più approssimativo dei risultati elettorali, cioè del rinnovo della grande coalizione tra SPO e OVP.
Poiché il rafforzamento di entrambi i partiti di destra populista - i liberali (FPO) hanno ottenuto circa il 18% e il BZO, l'11% dei voti - e che i socialdemocratici hanno allo stesso tempo espresso la loro paura che si ripetesse lo stesso di 1999 quando i popoli hanno negoziato con i populisti (all'epoca FPO era una unità, ma nel 2005 si è disintegrata da BZO) per un governo di coalizione che è arrivato a generare una sanzione da parte dell'Unione europea.
Per questo ha fatto un'affermazione evidente Haider, che ha già annunciato di essere pronto a collaborare con qualsiasi partito e che sta già tornando a Vienna, alla politica nazionale.
Anche il Partito Verde è riuscito a raggiungere il parlamento, ma ha perso leggermente e è scesa dal terzo al quinto posto tra i partiti politici austriaci.
Nessun altro partito ha chiaramente superato il limite del 4% e quindi non fa parte del Parlamento.
Schwarzenberg: le relazioni con l'India possono raffreddarsi
Se non si riesce a risolvere il problema degli scienziati cechi accusati in India di raccogliere illegalmente scarafaggi potrebbe arrivare a un raffreddamento delle relazioni ceco-indiane, secondo il ministro degli Esteri Karel Schwarzenberg.
Così ha dichiarato il ministro a New York, dopo l'incontro di oggi con il suo omologo indiano, Pranab Mukherjee.
"Se non si risolvesse allora sì, allora si sarebbe raggiunto con sicurezza questo raffreddamento", ha affermato dopo la riunione organizzata da un'iniziativa ceca.
Mukherjee ha detto, dopo l'incontro, che nei temi legali è difficile per l'esecutivo interferire.
Tuttavia, ha affermato che nel caso di Petr Švácha, che è stato esentato da accuse e punito con una multa, il governo può negoziare con il governo locale di Darjiling, nella cui giurisdizione ricade la questione.
"Il suo problema potrebbe essere risolto", ha detto il ministro.
Per Emil Kučera, condannato a tre anni di carcere, sarebbe meglio, secondo Mukherjee, che appella alle più alte istanze.
In seguito può chiedere l'esoneramento della causa e aspettare in libertà la sentenza, ha spiegato.
Schwarzenberg ha confermato che il suo collega si è espresso nei medesimi termini durante l'incontro.
"Sconsigliamo di fare appello alla Corte Suprema e poi sarebbe possibile il perdono", ha detto il capo della diplomazia ceca.
L'unico modo per far entrare la parte ceca è ottenere al condannato un "supporto legale competente", ha affermato il ministro indiano.
Inoltre, ha detto che questo tipo di sostegno gli viene già fornito dalla parte indiana.
"Abbiamo il maggiore interesse di mantenere con l'India le migliori relazioni, che hanno una lunga tradizione.
Anche gli indiani lo riconoscono", ha commentato Schwarzenberg.
Inoltre, come ha detto la ČTK, il suo collega ha insistito sul fatto che la Repubblica ceca considera il problema degli entomologi cechi di grande importanza.
"Riteniamo davvero tremendo errore incarcerare e condannare questi scienziati cechi", ha annunciato.
Il ministro ha eluso la risposta alla domanda se ha ricevuto dalla parte indiana la promessa di occuparsi dell'affare.
"Ho ricevuto abbastanza promesse", ha detto solo.
Un ceco arbitra una lotta sul fondo del mare
Mi avvicini a una mappa elettronica di parete, che rappresenta l'Australia circondata da mare.
Non interessa, tuttavia, il continente, ma un piccolo punto perso nell'oceano blu.
"L'isola appartiene all'Australia e accanto ad essa anche il fondo marino che la circonda.
La regione è, allo stesso tempo, grande come un solo continente", dice l'avvocato italiano Luigi Santosuosso, che fa parte del team di trenta membri che lavorano nella Divisione delle Nazioni Unite per gli Affari del Diritto Oceanico e del Mare.
Il suo capo, direttore della Divisione, l'avvocato ceco Václav Mikulka, segue l'esposizione e, a volte, la completa.
Regina questo entusiasmo e questo entusiasmo per il lavoro.
Il fondo marino nasconde fino ad oggi un mondo poco conosciuto, ricco di fonti naturali.
Si possono trovare petrolio e altre materie prime minerali, ma anche organismi sconosciuti fino ad oggi che portano in se stessi la chiave per lo sviluppo di farmaci contro il cancro.
Il fondo è più grande della terra ferma
I paesi costieri hanno iniziato oggi a disputare con vehemenza i nuovi territori sottosormi.
Secondo il trattato delle Nazioni Unite, i diritti che hanno concordato nel 1982 a Montego Bay in Giamaica sono stati sfruttati.
Si tratta fondamentalmente del cosiddetto bordo continentale che a volte si estende a poche centinaia di chilometri dalla costa del paese in questione.
Il Trattato conferisce a quest'ultimo diritti esclusivi su tutte le risorse del bordo continentale.
"Semplicemente, il bordo continentale si intende la parte del fondo marino e la sua superficie, che è la continuazione naturale del continente sotto l'acqua.
Si raggiunge fino al limite della costa del mare, e spesso fino al confine delle duecento miglia marine, cioè zona economica pura", spiega Mikulka.
La richiesta che il paese in questione presenta alla Commissione per la delimitazione dei confini esterni del bordo continentale deve essere presentata con documentazione tecnica scientifica fondata su ricerche e misure.
È il risultato di una serie di anni di preparazione di lavori.
"Una delle nostre attività è organizzare una commissione di assistenza tecnica e legale.
La Commissione ha elaborato fino ad oggi cinque richieste da parte di Russia, Brasile, Australia, Irlanda e Nuova Zelanda.
Per ora, sono state rese disponibili solo quelle degli ultimi tre paesi menzionati", aggiunge Mikulka.
Non molto tempo fa, il successo dell'Australia ha avuto un impatto mondiale poiché è stato il primo ad espandere essenzialmente il suo dominio marino.
Ma anche la Nuova Zelanda lo ha fatto: la superficie del fondo marino che la Commissione ha conferito la scorsa settimana è di 1,6 milioni di chilometri quadrati, quasi sei volte la dimensione dello stato stesso.
Entrambi i paesi hanno investito milioni di dolori per il suo studio.
Il profitto che deriverà dall'uso del fondo marino sarà, come promesso, inestimabile.
Anche altri stati stanno gradualmente presentando le loro richieste.
L'accordo di Maastricht è stato adottato nel dicembre 1992 e il Consiglio ha adottato il regolamento di base.
Da dove finisce il bordo continentale inizia la regione del fondo oceanico dichiarata da un trattato come "eredità comune dell'umanità".
Qui, nessuna nazione ha una posizione esclusiva.
Il diritto di sfruttamento in queste zone è governato dai trattati stabiliti da istituzioni internazionali.
"Il fondo marino, tuttavia, non è una miniera d'oro", afferma con enfasi il direttore Mikulka, aggiungendo "che le sue zone separate sono legalmente e chiaramente ristrette e il suo regime definito da contratto".
I cechi nel Pacifico
E oggi una parte del fondo marino appartiene anche alla Repubblica Ceca.
È distribuito con altri paesi dell'allora Blocco Orientale all'interno dell'organizzazione comune "Interoceanmetal".
Questo lo ha ottenuto nel 1991 con un trattato come investitori come pochi altri stati, stati chiamati "investidore pioniere".
Ha la facoltà di esplodere nella zona di ClarionClipperton nell'oceano Pacifico, tra il Messico, le isole Hawaii e Kiribati.
L'area da ricercare dall'investitore è qualcosa di più grande dell'antica Cecoslovacchia.
Il fondo è accidentato, è una specie di replica marina dei tatri.
"Si può sfruttare una superficie di 75.000 chilometri quadrati.
La zona è ricca di giacimenti di cemento polimetrico contenenti nichel, rame, cobalto e manganese", aggiunge l'avvocato indiano, Pakshi Rajan.
Un impiegato della Divisione macedone, Rober Sandev, ci porta un campione di questo tipo di concrezione.
Ci ricorda una piccola patata o con un po' di fantasia, lo Shem, che secondo la leggenda rivivette il Golem.
Durante la liberazione dei prigionieri il comando delle forze speciali tedesche era in campo di azione
Per risolvere la crisi degli ostaggi il governo egiziano aveva chiesto l'aiuto della Germania - gli esperti sono venuti.
Quando la situazione si è gravata, il comando delle forze speciali era pronto, ma l'operazione non è stata eseguita.
Si conoscono sempre più dettagli sulle circostanze della liberazione di 11 turisti europei in Egitto.
Secondo i dati del ministero della difesa e del ministero dell'Interno, anche le forze speciali tedesche hanno partecipato indirettamente all'azione di salvataggio.
Il luogo di rilascio era quindi quello di specialisti dell'esercito tedesco, di funzionari della GSG 9, squadra aerea della polizia federale, dell'Ufficio federale di indagini criminali e degli esperti di logistica dell'istituzione tecnica di beneficenza.
Come hanno riferito i portavoce dei ministeri lunedì sera, le forze tedesche non erano necessarie perché i rapitori, rendendosi conto di una liberazione violenta, lasciarono andare i loro prigionieri e fuggirono.
Il governo egiziano ha accettato l'aiuto della Germania per usarlo come sostegno sul posto.
"Per fortuna non è arrivato quel momento", ha detto un portavoce del Ministero dell'Interno federale.
Il 19 settembre, nel sud dell'Egitto, gli assalitori avevano rapito un gruppo di viaggiatori composto da 5 tedeschi, 5 italiani, un rumeno e 8 dei loro compagni egiziani.
Dopo il rapimento nella regione desertica del sud dell'Egitto, gli ostaggi sono stati deportati da un lato all'altro nella zona di confine tra l'Egitto, la Libia, il Sudan e il Ciad.
L'identità dei rapitori è rimasta sconosciuta fino alla fine così come i dettagli del rilascio o possibili pagamenti di riscatto.
Nel frattempo, le persone salvate sono arrivate al Cairo in buona salute.
Steinmeier ha detto che gli ostaggi liberati erano sotto la tutela dell'ambasciata tedesca.
Non ha detto una parola sui dettagli della liberazione.
All'inizio a Berlino non c'era alcuna informazione sul loro ritorno in Germania.
Secondo il quotidiano Bild, 5 turisti e le forze speciali devono tornare in Airbus delle forze aeree tedesche e arrivare in Germania martedì.
La Camera dei Rappresentanti degli Stati Uniti non approva il pacchetto di salvataggio
La prima camera del Congresso degli Stati Uniti ha appena fallito un grande pacchetto di salvataggio di 700 miliardi di dollari per i mercati finanziari.
Il Dow Jones è sceso molto drasticamente.
La Camera dei Rappresentanti degli Stati Uniti ha respinto con 227 voti contro 206 il pacchetto del governo per salvare i mercati finanziari.
Nonostante tutti i appelli del presidente George W. Bush e degli ex politici di entrambi i partiti non è arrivato a una maggioranza per il programma con cui dovrebbe essere limitato il disordine nei mercati finanziari.
Con un'azione drammatica i difensori disperati avevano ancora cercato di convincere i critici ad accettare il grande pacchetto di 700 miliardi di dollari.
Barney Frank, il leader dei negoziati democratici, aveva chiesto ai deputati di votare, anche se il piano non è così popolare.
"È difficile ricevere l'approvazione politica per evitare qualcosa che non è ancora successo", ha ammesso.
Già durante il voto il Dow Jones è sceso a oltre il 6% o a 600 punti.
La causa di questo è stata la preoccupazione degli investitori che il pacchetto di salvataggio statale potrebbe fallire.
Si è riposata alla fine del voto e dopo che il fallimento è stato reso pubblico, è caduta di nuovo.
Gli esperti hanno avuto altri gravi turbolenze nei mercati finanziari internazionali.
Per far entrare in vigore il programma è necessario avere l'approvazione sia della Camera dei Rappresentanti che del Senato.
Gli organizzatori registrano un aumento del numero di prenotazioni
Sembra un buon inverno per gli organizzatori di viaggi tedeschi:
Secondo uno studio, il volume di vendite delle prenotazioni di viaggio nei prossimi mesi è aumentato rispetto all'anno scorso - anche durante la stagione invernale di oltre il 30 percento.
Secondo uno studio, nonostante la situazione debole, il desiderio di viaggiare dei tedeschi rimane come prima.
Come ha riferito lunedì l'associazione di viaggi della Germania (DVR) a Berlino, con le prenotazioni di viaggio per la stagione invernale le agenzie di viaggio hanno registrato un volume di vendite che è del 31 per cento in più rispetto allo stesso periodo dello scorso anno.
Secondo la ricerca dell'istituto di ricerca dei mercati GfK, le riserve per i mesi d'autunno erano già aumentate.
Così il volume di vendite delle agenzie di viaggio in ottobre è stato quasi un undici per cento in più rispetto al 2007, ha riferito il DVR.
La base dei risultati sono dati di GfK che sono le informazioni analizzate sulle prenotazioni in 1200 agenzie di viaggio e informati circa per tutto il mercato.
I dati raccolti sono le prenotazioni di viaggio effettuate fino alla fine di agosto 2008.
A causa del debole corso del dollaro, soprattutto i viaggi negli Stati Uniti sono in forte domanda, ha riferito il DRV.
In questo caso il numero di prenotazioni è aumentato di quasi un terzo.
I punti di destinazione preferiti dei tedeschi sono non solo la Spagna, la Turchia e la Grecia ma anche le regioni della Germania.
In particolare, i viaggi organizzati sono molto preferiti, spiega Klaus Laepple, presidente del DRV.
In considerazione del fatto che i prezzi dell'energia e del cibo aumentano, in questo caso le spese di viaggio sono 'migliore calcolabili per il cliente che durante un viaggio singolo'.
Tra le altre cose i consumatori possono risparmiare con sconti di prenotazione anticipata o con offerte All-Inclusive, ha spiegato Laepple.
Anche nei mesi estivi i viaggi erano ben prenotati, quindi il volume delle vendite rispetto all'anno scorso è salito di nuovo - anche se secondo un altro studio il numero di tedeschi che viaggiavano, rispetto all'anno scorso, è diminuito.
Il mio primo Oktoberfest
I successi delle feste sotto il cielo aperto nel Balneario senza fine, la birra in botte di un litro e le persone famose vestite in abiti tradizionali bavaresi di designer.
Un debutto in una tenda.
Susanne Kronzucker e io non abbiamo molto in comune.
Lei è bionda, la moderatrice televisiva e indossa un costume tradizionale bavaro su misura.
Ho i capelli scuri, sono uno studente e il mio vestito è già usato.
Ma c'è una cosa che ci unisce: appena siamo in tenda, i fotografi sono già arrivati e hanno riempito le loro schede di memoria con le foto - è molto lusinghiero soprattutto perché sono la prima volta all'Oktoberfest.
E' come fare amicizia.
Il costumo tradizionale bavaro a buon mercato sembra svolgere il suo compito.
In realtà come turista dell'Oktoberfest proveniente dal nord della Germania il mio senso di benessere con un costume tradizionale bavaro fino ad oggi era ancora limitato.
Ma dopo essere arrivati al Prado di Teresa, non è tutto per così tanto.
Quasi tutti indossano i costumi tradizionali bavaresi o pantaloni di pelle; nessuno sembra essere sconsiderato o sentirsi sgradevole - tutto è assolutamente normale.
Solo la mia coperta riceve strani sguardi accanto a un stand di banane in cioccolato.
Una municiese mi ha attirato l'attenzione sulla mia camicia che avevo indossato in modo sbagliato: "La parte sinistra è single, la metà è vergine, la parte destra è impegnata, dietro è vedova. "
Oh, Dio, ora mi appoggio sul retro a sinistra.
"Va bene", dice ridendo.
Altri non si preoccupano di metodi sottili per flirtare e portano cappelli dove dice "To drink to get dressed!" e mostrano, senza chiedere loro, il loro culo nudo.
Un ragazzo che si comporta in modo espositivo si chiama Bob, è inglese e è anche per la prima volta all'Oktoberfest.
A lui sembra "gorgeous", che pronuncia con un "o" molto lungo.
Mi lo racconta dopo aver messo a fianco il suo bicchiere di un litro di birra che ha appena bevuto.
L'ha messo proprio accanto alla bocca del fuoco, la maggior parte pensa che sia un cestino di spazzatura.
Allora Bob è una delle persone famose che sa bere molto.
Gli altri non sono molto fortunati e non possono consumare così tanto alcol.
Alle otto di sera i gruppi sanitari corrono per il luogo di festa e devono preoccuparsi dei poveri ubriachi.
I sanitari vengono sempre in gruppo - all'improvviso sono sempre quattro persone che portano le tende coperte da una tenda all'altra.
E' come la maggior parte dei visitatori: arrivano sobri, tornano ubriachi.
Non si vede chi soffre di gradi di alcolismo e è in giro.
"Sono quelli che non possono più", mi ha risposto un sanitario rispondendo alla mia domanda e è scomparso in tumulto.
Victima di incidente identificata dalla polizia
È stata identificata la pedona di 63 anni che è morta in ospedale dopo essere stata colpita da un veicolo nella contea di Essex.
Carole Paulson, di Chelmsford Road, nella città di Brentwood, è stata coinvolta nell'incidente che è avvenuto a Shenfield Road venerdì pomeriggio.
La donna fu portata all'ospedale Queen's di Romford, ma poi morì.
Dopo l'incidente, un uomo di 51 anni è stato arrestato con l'accusa di guida negligente.
Da allora è stato rilasciato in cauzione.
Turchia amplia gli orizzonti diplomatici
Molto prima che la Turchia cercasse di entrare nell'Unione europea, le potenze europee avevano il desiderio di penetrare all'interno di questo paese.
Nella parte orientale del Bosforo, forse a soli 20 passi dall'interno dell'Asia, si trova una delle più interessanti reliquie dell'ambizione imperiale disastrosa.
La stazione ferroviaria di Hydarpasha è stata progettata da due architetti tedeschi, Otto Ritter e Helmut Conu, in stile neo-renacentista.
Almeno, questo è quello che dicono le guide.
L'edificio è posto per orare la fine delle piattaforme e porta davanti due torri, una per ogni angolo, sembrando a tutti un tipico municipio tedesco.
La pietra è sporca.
L'edificio nel suo complesso è un po' decadente.
Ma una volta superato il box office, non c'è dubbio di quanto grande fosse la società che questa era la porta più occidentale.
La stazione fu inaugurata nell'agosto 1908 dal consorzio tedesco Anatolia-Bagdad Corporation.
La Germania, un "latecomer" nel gioco imperiale, aveva l'ambizione di dominare il Medio Oriente attraverso questa ferrovia che si estendeva fino a Damasco, Baghdad e oltre in quello che oggi è l'Arabia Saudita.
Tuttavia, le ambizioni di questa Germania imperiale fallirono durante la Prima Guerra Mondiale.
Le sue ferrovie furono attaccate da Lawrence d'Arabia e dai suoi arabi irregolari.
A causa del relativo isolamento delle regioni circostanti, generato dalle frontiere congelate della Guerra Fredda, è caduto in basso.
e quando le forze avvincerono in Egitto, spinsero i turchi e il loro alleato tedesco fuori dalla Palestina e dalla Siria.
La notizia è stata anche cattiva per la stazione di Hyderpasha.
Nel 1917 un treno di munizioni esplose distruggendo il suo elaborato tetto.
Le fonti turche hanno commentato che si trattava di un sabotaggio.
Da allora la stazione è decaduta e rimasta al margine della storia.
Ma oggi questa ferrovia, porta d'ingresso in Anatolia e in tutti i centri orientali, serve - almeno simbolicamente - a evidenziare la volontà della Turchia di ampliare i suoi orizzonti diplomatici.
Il partito di giustizia e sviluppo che è al governo - l'AKP - ha pianificato una nuova politica estera per il paese.
L'isolamento relativo delle regioni circostanti, generato dai confini congelati della Guerra Fredda, è scomparso.
Ora c'è una nuova politica di collaborazione.
Il governo turco mantiene ottimi rapporti con Israele e Siria, con entrambe le fazioni palestinesi di Hamas e Fatah, con Iraq e Iran e, naturalmente, con l'Unione europea e gli Stati Uniti.
Per valutare i parametri di questa nuova politica estera, sono salito su un letto e sono andato alla capitale turca di Ankara per visitare uno dei leader dell'AKP, esperto di politica estera, il primo ministro turco Suat Kiniklioglu.
La mattina seguente - circa dieci ore e mezza dopo - dopo un viaggio di scosse, che ha prodotto le cadenze del mondo antico nel famoso documentario The Night Mail, sono arrivato alla capitale turca - una nuova città, pensata per governare un nuovo stato secolare, lontano dal passato ottomano.
Tuttavia, l'AKP, con le sue radici islamiste chiare, rappresenta un cambiamento di paradigma nel consenso turco
che ha suscitato alcuni sospetti in Occidente e, soprattutto, a Washington.
Un taxi mi porta alla sede dell'AKP, una struttura ultramoderna di pietra e acciaio - costruita ad hoc - in un sobborgo in via di sviluppo, circondata da centri commerciali di medie dimensioni e "pasticcerie di potere" dove manager di classe media in abiti di business - uomini e donne - si riuniscono presto per fare affari.
Suat Kiniklioglu potrebbe essere un politico di centro-destra di quasi tutti i partiti europei.
Costume, corbata, sono sicuro che lui abbia ancora un Blackberry.
"L'obiettivo della politica estera del partito è quello di riintegrare la Turchia nel suo immediato vicinato.
La Guerra Fredda è stata un'anomalia", mi dice.
La Turchia è stata tagliata alle relazioni con il suo interno.
Oggi deve guardare allo stesso tempo verso est e ovest.
Non si tratta di un caso se non è verso l'uno o l'altro.
Deve fare entrambe le cose.
"Ma sicuramente in un certo momento", gli chiedo, "la Turchia potrebbe essere costretta a scegliere? "
"La Turchia", risponde, "non vuole affrontare queste elezioni".
Infine, sottolineo un punto che quasi tutti coloro con cui ho parlato mi hanno quasi ricordato: le relazioni che la Turchia ha non solo con il Medio Oriente, ma con il Caucaso e con tutto il Mar Nero, rappresentano un beneficio per l'Europa e gli Stati Uniti e per la Turchia stessa.
Il messaggio sembra essere: con la Turchia a bordo, l'Europa nel suo complesso può metaforicamente montare quelle linee ferroviarie che aprono il mondo verso l'Asia orientale e il Medio Oriente.
Ancora una volta alla stazione di Hydarpasha, dopo una seconda notte senza sonno, il mio pensiero ritorna ai due signori tedeschi, Herr Ritter e Herr Conu, che avevano assistito alla costruzione di questo edificio, 100 anni fa.
Come sarebbero stati sorpresi se sapessero che le ambizioni europee in Medio Oriente, in gran parte, sarebbero oggi nelle mani della Turchia?
E aspettando il traghetto che mi porterà indietro attraverso il Bosforo, mi ricordo che in quei giorni la Turchia era considerata "l'uomo malato d'Europa".
Quindi non ci sono molti dubbi su quale continente deve rivendicare questo affascinante paese.
Vive da ricordare: Vernon Handley e William Woodruff
Mark Brown scrive: come direttore musicale di Guildford dal 1962, Vernon "Tod" Handley (scala, 11 settembre) è stato responsabile dell'Orchestra Filarmonica di Guildford e del Coro.
Come parte del progetto musicale per la città, l'anno successivo fondò il suo magnifico coro giovanile, Proteus.
Si suppone che fosse per i minori di 21 anni, ma quando il Proteus cantò la sua finale nel 1979, molti di noi stavano per finire i 20 anni - solo rifiutando di andare al coro.
Il nome di "Proteus" (l'essere mitologico che cambia le forme) rappresentava la volontà del coro e la capacità di eseguire qualsiasi musica che gli venisse presentata, sia madrigal o Messiaen, indipendentemente dal fatto che non fosse accompagnata o con orchestra completa.
La versatilità musicale prodotta da questo coro giovanile era spesso sorprendente, sempre emozionante, e tutto dovuto all'ispirazione di quell'uomo e all'entusiasmo per la musica che è rimasto assolutamente costante nel corso degli anni.
Tod ci diceva spesso di "lasciare che la musica parli da sola".
Lui diceva: "Il compositore sa cosa vuole.
E' tutto lì, nella musica.
Così si deve cantare!"
Il suo bastone era sempre assolutamente chiaro e preciso, ma non troppo impunista, né troppo fiorito.
Qualunque fosse il scardino musicale, finisce sempre ad un livello ancora più alto.
John Frayn Turner scrive:
Se un pilota doveva essere un cavallo, questo è Vernon Handley.
L'ho conosciuto molto bene durante i due decenni che ha diretto la Filarmonica di Guildford dal 1962 al 1982.
Soprattutto negli ultimi 40 anni, ho rivisto più di 100 dei loro concerti e posso dire onestamente che non sono mai stato deluso da nessuno di loro.
Tod Handley aveva quella rara combinazione di grandezza e estrema modestia personale.
Odiava i conducenti che, nelle sue parole, "vendettero uno o due cavalli di guerra molto noti in tutto il mondo".
Ci mancherà molto.
William Woodruff
Il professor John Beckett scrive:
Nel suo sequel di William Woodruff (25 settembre) affermano che "nel 1946 ha ripreso gli studi di storia economica ad Oxford e nel 1950 ha vinto una borsa di studio di Houblon-Norman... contemporaneamente stava studiando per un titolo di bachelor, un master e un dottorato".
Questo è appreso da una nota dell'autore di Woodruff in Beyond Nab End, ma non è del tutto corretto.
Dal 1946 al 1953 è stato professore di storia economica all'Università di Nottingham, periodo durante il quale ha completato una tesi di dottorato sull'industria della gomma britannica, supervisionata dal professor J.D. Chambers, e successivamente pubblicata nel 1958 con il titolo The British Rubber Industry.
Passò gli anni 1950-51 negli Stati Uniti, godendo di una borsa di studio Houblon-Norman, e l'estate del 1952 nelle università di Illinois, Harvard e New York.
Nel 1953 lasciò definitivamente Nottingham per l'Illinois.
Il motivo per cui Woodruff ha scelto di trascurare questa parte della sua carriera rimane sconosciuto.
J. Vicente Resino alla Facoltà di Filologia
"Ricomendo l'esposizione di José Vicente Resino "Flamenco e vita" perché le sue fotografie in bianco e nero, in stile documentario, sono fantastiche.
Mi hanno attirato la mia attenzione per la loro semplicità e la forza che trasmettono, trattando sempre i protagonisti con grande rispetto.
Un'esposizione che mostra molto sentimento.
Resino sa catturare momenti magici".
Secondo assalto per i supervenditori di Honda
Nel mese di novembre Honda inizierà la commercializzazione della seconda generazione del Jazz.
Se il suo predecessore aveva già una vasta abitabilità, questo nuovo monovolume presenta uno spazio interno ancora più ampio.
A tutto questo si aggiungono meccaniche raffinate, che aumentano il comfort di guida e consentono di risparmiare più carburante.
Evoluzione contro rivoluzione.
Questa è la seconda generazione del Honda Jazz.
Sebbene esteticamente il nuovo Jazz presenta una linea molto simile al modello che succede, i cambiamenti introdotti in questo monovolume sono numerosi.
Tra gli altri, si può notare un design innovativo, una nuova piattaforma, dimensioni maggiori e nuove meccaniche.
Tuttavia, prima di analizzare il nuovo modello, occorre osservare che questo nuovo Jazz arriva sei anni dopo aver introdotto sul mercato la prima generazione.
La prima osservazione è che Honda ha rinnovato questo modello in un periodo di tempo più breve rispetto a quello impiegato da altri produttori.
Anche se in Europa il jazz è meno conosciuto, in altri mercati questo modello è un fenomeno di vendita.
Questo è il caso del Giappone, paese in cui il Jazz è stato la macchina più venduta nel 2002 e anche durante questo 2008.
Proprio in Giappone si sono vendute circa un milione di unità di Jazz dal suo lancio.
Il secondo mercato è stato quello del vecchio continente, con circa mezzo milione di unità in sei anni.
Tuttavia, Honda intende che questo nuovo Jazz permetta di aumentare le vendite all'interno del segmento.
Così, mentre nel 2007 la società giapponese ha commercializzato un totale di 83.000 unità di Jazz, nel 2009 le stime puntano a 100.000 auto, che rappresenterebbe una crescita del 17% nel mercato europeo.
Per quanto riguarda il mercato spagnolo, Honda ha commercializzato un totale di 8.000 unità di Jazz dal 2002, che rappresenta il 6,7% del totale delle vendite di Honda in Spagna.
Per quanto riguarda la nuova generazione, i responsabili della filiale spagnola si aspettano di vendere 2.000 unità di Jazz in un anno intero.
Proprio l'arrivo del nuovo Jazz permetterà a Honda di frenare in gran parte la diminuzione delle vendite in Spagna.
Infatti, i responsabili del marchio si aspettano di concludere l'anno con un totale di 22.000 unità commercializzate, che rappresenta 4.000 meno rispetto al 2007, un calo del 16%.
Nonostante questo aumento delle vendite Honda ha aumentato la sua quota di mercato in Spagna, raggiungendo l'1,8% rispetto al 1,6% dello scorso anno.
Inoltre, la società giapponese spera di raggiungere il 2% nel 2010.
Per ottenere questo quota Honda si affida all'arrivo di un altro nuovo modello.
Si tratta di Insight, un ibrido a cinque porte e di dimensioni compatte - 4,37 metri di lunghezza - di cui la società giapponese prevede di commercializzare circa 200.000 unità all'anno in tutto il mondo.
Per i mercati e secondo le stime del produttore giapponese, il 50% delle vendite di Insight saranno prodotte negli Stati Uniti, mentre il restante per cento sarà distribuito tra l'Old Continent e il Giappone.
Il lancio commerciale di Insight è previsto per i primi mesi dell'anno, una volta che sarà presentato in società nel mese di gennaio a Valencia.
Per quanto riguarda la prima generazione, il nuovo Jazz cresce in ogni suo punto.
La sua lunghezza raggiunge i 3,90 metri (cinque centimetri in più), la larghezza 1,69 metri (due centimetri in più) e la distanza tra gli assi fino a 2,50 metri, il che significa un aumento di cinque centimetri.
L'altezza, invece, non varia e rimane a 1,52 metri.
Oltre all'aumento delle dimensioni, aumenta anche l'abitabilità interna.
Questo aumento è dovuto, da una parte, all'inserimento di una nuova piattaforma e, dall'altra, all'introduzione del serbatoio di combustibile in posizione centrale, una soluzione adottata anche nel precedente Jazz.
Inoltre, la capacità del bagagliaio - dotato di un sistema doppio fondo - è di 399 litri, 19 litri in più della capacità del bagagliaio di prima generazione.
Si deve notare che queste misure sono della versione con motore 1.4, poiché la capacità del bagagliaio della Honda Jazz 1.2 è di 379 litri.
Altri miglioramenti - oltre agli elementi esterni come i LED posteriori o la possibilità di montare il vetro panoramico - sono un miglioramento dell'accesso ai posti posteriori.
E' che le porte che danno accesso alla seconda fila presentano un angolo di apertura di 80 gradi, rispetto ai 67 gradi del primo Jazz.
Sono anche nuovi i motori di questa seconda generazione di Jazz.
All'inizio della sua commercializzazione, questo piccolo modello avrà due propulsori a benzina da 1,2 e 1,4 litri.
Entrambe le macchine incorporano la tecnologia i-VTEC che ottiene un consumo inferiore, emette meno biossido di carbonio, ottiene un ottimo raffinamento meccanico e allo stesso tempo ottiene un alto torso in tutto il regime del motore.
La prima meccanica di 1,2 litri ottiene una potenza di 90 cavalli a 6.000 rivoluzioni con una coppia massima di 114 Nm. a 4.900 giri.
Questo propulsore - che in precedenza Jazz raggiungeva 78 cavalli - presenta un consumo di 5,3 litri e emissioni di 125 grammi di CO2.
Per quanto riguarda il propulsore precedente, che nella generazione precedente raggiungeva 83 cavalli, ora ha 100.
Questo Jazz 1.4 di 100 cavalli raggiunge un consumo combinato di 5,4 litri e 128 grammi di CO2.
La 'carro apiaria' che evita i collisioni
Per far progredire lo sviluppo di tecnologie per la prevenzione degli incidenti Nissan si è ispirata, questa volta, alla natura, in particolare alle api.
La società giapponese ha creato un robot che, basandosi sul volo delle api, evita gli incidenti.
Questo è il Bio-mimetic Car Robot Drive, o BR23C, che rappresenta il primo passo nelle tecnologie di prevenzione delle collisioni.
Gli ingegneri del Centro Tecnico Avanzato di Nissan Motor Co. hanno sviluppato questo piccolo robot in collaborazione con il Centro per la Ricerca in Scienza e Tecnologia Avanzata della prestigiosa Università di Tokyo, in Giappone.
Secondo Kazuhiro Doi, direttore generale delle relazioni pubbliche per la tecnologia e la ricerca e lo sviluppo della gestione del marchio, il BR23C si presenta come un'ampliamento del Tesoro di sicurezza di quattro aree di Nissan.
Questo robot intende rafforzare la capacità di prevenzione dei colpi dei veicoli della marca.
Durante il volo, ogni api crea il proprio spazio personale con forma ovalata molto simile al Ford Safety Shield.
Ma la cosa più importante sono gli occhi composti della api, capaci di vedere con un angolo di oltre 300 gradi in tutte le direzioni, che le permettono di volare senza interruzioni all'interno del proprio spazio personale.
Per ricreare questa funzione visiva, gli ingegneri hanno progettato quello che hanno chiamato un laser range finder.
Il sistema rileva gli ostacoli che si trovano a due metri di distanza all'interno di un raggio di 180 gradi davanti al BR23C, calcola la distanza fino a tale oggetto e invia un segnale a un microprocessore di bordo che, immediatamente, si traduce nella prevenzione della collisione.
"Quando il piccolo robot rileva un ostacolo, imita i movimenti di una abella e cambia immediatamente di direzione girando le ruote a un angolo retto o maggiore per evitare l'impatto.
La differenza più grande con qualsiasi sistema esistente è che la manovra di evasione è totalmente istintiva.
Se non fosse così, il robot non sarebbe in grado di reagire abbastanza velocemente per evitare gli ostacoli", spiega Toshiyuki Andoh, direttore del Laboratorio di Mobilità e ingegnere principale di questo progetto.
A differenza di un'ape, il robot non può spostarsi verso l'alto o verso il basso, né diagonalmente; può spostarsi solo in due dimensioni e nella direzione che gli permette di girare le sue ruote e non in infinite direzioni e modi come le api.
Per questo motivo, Nissan ha utilizzato una funzione di rotazione, oltre ad accelerare e rallentare, per evitare collisioni.
"Questo dispositivo ha bisogno solo di elaborare informazioni ogni pochi secondi, e agire in base a questi dati.
Non richiede la memorizzazione di informazioni o logica intuitiva di manovre precedenti, quindi può funzionare continuamente con solo un paio di dozzine di KB di memoria.
Questo può sorprendere, ma non stiamo parlando di gig di memoria, nemmeno di mega".
Questo è il primo passo per sviluppare nuove tecnologie di prevenzione istantanea delle collisioni, una tecnologia che Nissan prevede sarà introdotta nelle vetture di serie entro dieci anni.
Il robot utilizza batterie di polimeri di litio, che sono più leggere e durano più a lungo di una varietà di ioni di litio.
Un'altra possibile applicazione futura di questa tecnologia potrebbe essere l'integrazione dell'unità con un sistema di navigazione satellitare GPS per guidare il conducente fino al suo destino evitando gli ostacoli sulla strada.
Temere prima di ipotecare
Dobbiamo riconoscere che il Dipartimento del Tesoro degli Stati Uniti, oltre ad avere un sacco di liquido per le iniezioni, non manca di ingegno.
Di fronte alla crisi, e per evitare che gli americani si imbarchino in mutui sporchi in banche di solvibilità discutibili, hanno creato un gioco ameno e informativo per il browser: 'Bad Credit Hotel'.
Cioè, l'Hotel dei cattivi crediti... o del casino.
L'aspetto tettico di questo alloggio e soprattutto del suo receptionista è pensare una, due e anche tre volte se è il momento di chiedere un credito.
E soprattutto, dove farlo, che probabilmente è il suo obiettivo.
Certo, ha informazioni utili, ma poco dettagliate.
È più una pagina per adolescenti che un sito per tutti i pubblici.
E se il gioco fosse finito?
Beh, c'è una stanza da sogno all'interno dell'hotel.
Qualcosa è qualcosa, perché comprare una casa migliore non ci fa parlare...
Morgan Stanley vende una partecipazione al giapponese MUFG
Morgan Stanley ha annunciato l'ingresso nel suo capitale di Mitsubishi UFJ Financial Group (MUFG), la prima banca giapponese, che spenderà nove miliardi di dollari per acquisire il 21 per cento del suo capitale, notizia che è stata accettata con un forte calo del suo quotato in borsa.
Una settimana dopo aver scoperto un accordo provvisorio, le due banche hanno spiegato che MUFG avrebbe acquistato il 9,9% delle azioni ordinarie Morgan Stanley al prezzo unitario di 25,25 dollari, ovvero un importo di tre miliardi di dollari.
Il prezzo concordato è inferiore al 19% del valore contabile dei titoli al 31 agosto.
MUFG investirà altri sei miliardi di dollari con l'acquisto di titoli convertibili che gli garantirà un rendimento del 10% e un prezzo di conversione di 31,25 dollari.
Morgan Stanley ha precisato che l'operazione globale si svolgerà basandosi su un prezzo per unità di misura di 29 dollari, ovvero un 28% superiore al suo cambio attuale.
La Morgan Stanley ha perso comunque il 6,79% a 23,07 dollari ciascuno alle 17:00 GMT.
"Questa alleanza strategica rappresenta un'opportunità importante per accelerare la transizione di Morgan Stanley verso lo status di holding bancaria", ha spiegato Juan Mack, amministratore delegato del gruppo americano.
Morgan Stanley ha adottato questo nuovo statuto la settimana scorsa, che dovrebbe permettergli di diversificare le sue attività, ma lo fa passare sotto l'autorità della Federal Reserve.
La sua alleanza con MUFG conferma anche che l'attuale crisi finanziaria costringe i più grandi nomi di Wall Street ad adottare un comportamento molto più prudente di prima.
Le modalità presentate lo scorso lunedì mostrano inoltre che l'accordo è stato modificato negli ultimi giorni: lo scorso lunedì, Morgan aveva annunciato che avrebbe venduto fino al 20% delle sue azioni ai giapponesi per quasi 8,5 miliardi di dollari.
"Una settimana fa, ha spiegato a Tokyo Toshihide Mizuno, il direttore esecutivo di MUFG, " pensavamo che la partecipazione fosse stata composta solo da azioni ordinarie.
Ma, in considerazione della situazione economica e del mercato attuale, abbiamo voluto ridurre al minimo i rischi e coprire".
Sulla base del prezzo medio ponderato, MUFG pagherà i suoi titoli a Morgan Stanley del 7% in meno del suo valore contabile.
E l'operazione si tradurrà in una diluzione di circa il 20% del profitto azione.
L'accordo prevede che MUFG potrà convertire entro un anno metà dei suoi titoli preferenziali in azioni ordinarie se queste vengono vendute con più del 50% sopra il prezzo di conversione, cioè a 47 dollari circa, durante un dato periodo.
Morgan Stanley afferma che i capitali forniti da MUFG gli permetteranno di cogliere opportunità di investimento, rafforzare il proprio bilancio e aumentare la liquidità.
Una portavoce del gruppo ha tuttavia rifiutato di fornire informazioni precise sui progetti strategici dei due nuovi alleati.
Dopo l'investimento di MUFG, Morgan Stanley dovrebbe mostrare un tasso di solvibilità Tier One di circa il 15%, uno dei migliori del settore.
Morgan ha precisato di aver molto alleggerito il suo bilancio fin dalla fine di agosto.
Le ultime settimane sono state molto stanche per il gruppo, che ha visto il suo quotato in borsa scendere della metà mentre il costo della sicurezza contro un rischio di difetti sul debito è sbalzato.
Questo costo è diminuito lunedì scorso, ma è rimasto alti, intorno al 12%.
La settimana scorsa, Goldman Sachs, l'unico "sopravvissuto" delle grandi banche di investimento di Wall Street dopo il fallimento di Bear Stearns e Lehman Brothers e l'acquisto di Merrill Lynch, ha annunciato di aver raccolto 15 miliardi di dollari, in parte per Berkshire Hathaway, il gruppo di Warren Buffett.
Rafael Correa a Quito, questo lunedì.
Rilanciare la repubblica attorno al socialismo del XXI secolo.
Questo è il progetto comune del venezuelano Hugo Chávez, del boliviano Evo Morales e dell'ecuadoriano Rafael Correa.
Questa domenica, a seguito dei suoi colleghi e amici, è il terzo a mettere a votazione un progetto di nuova Costituzione.
Missione compiuta: il 64% degli elettori ha votato "sì" al referendum, secondo i risultati ufficiali che riguardavano l'80% dei voti.
Secondo questi risultati, il "no" ha ottenuto il 28%, il 7% dei voti sono stati voti nulli e lo 0,7% sono stati voti bianchi.
Per approvare il progetto di Costituzione, doveva ottenere la metà dei voti più uno.
Domenica, due sondaggi effettuati al sorgere dei centri elettorali e un conto da parte di un'organizzazione non governativa avevano annunciato una grande vittoria al "sì", stimando tra il 63% e il 70%.
Rafael Correa aveva anche rivendicato la vittoria del suo progetto di Costituzione nella notte di domenica a lunedì.
"La Costituzione ha trionfato in modo schiacciante", aveva assicurato, congratulando gli ecuatoriani che guidano il governo di Guayaquil, a 280 chilometri a sud-ovest di Quito.
Così, Rafael Correa è stato congratulato da Chávez e Morales ma anche da sua collega cilena Micaela Bachelet.
Le elezioni, che si svolgeranno in pieno calma, secondo la missione di osservazione dell'Organizzazione degli Stati Americani (OEA), si riferiscono a un testo di 444 punti che consolidava il "nuovo socialismo" sostenuto dal presidente.
Il progetto di Costituzione prevede un aumento del potere dello Stato sull'economia, riservandole la "pianificazione dello sviluppo" di un paese che vive essenzialmente grazie all'estrazione di petrolio da parte di società straniere e grazie ai cambi che inviano i suoi emigrati.
Il progetto, condotto da Correa, eletto nel 2006, conferisce inoltre poteri rafforzati al capo di Stato, che può svolgere fino a due mandati consecutivi di quattro anni ciascuno e avrà la possibilità di sciogliere l'Assemblea.
Correa ha già annunciato che avrebbe usato questo potere e avrebbe voluto un nuovo mandato nel febbraio 2009.
La Costituzione consolida inoltre il principio di gratuità dei servizi sanitari e di istruzione che il presidente ha iniziato a instaurare in questo paese di 13,9 milioni di abitanti, in cui il 50% della popolazione vive sotto il limite della povertà.
Il Consiglio ha adottato una decisione che prevede la proibizione della presenza di truppe straniere, che porrà fine all'accordo tra Quito e Washington sull'utilizzo di una base ecuatoriana come punto di partenza delle operazioni antinarco americane.
19 persone rapite sono state liberate in Chad
Un comando egiziano ha lanciato l'assalto contro i rapitori degli undici turisti e dei loro otto compagni catturati dieci giorni fa.
Sono al Cairo.
Gli undici turisti europei e gli otto compagni egiziani rapiti dieci giorni fa nel deserto sono arrivati salvi nella capitale egiziana dopo essere stati rilasciati lunedì pomeriggio.
La mattina dopo, erano stati liberati dalle forze speciali egiziane in Ciad.
Tutti erano in forma quando arrivarono alle 15:30 a bordo di un aereo speciale alla base militare di Al Maza, adiacente all'aeroporto internazionale del Cairo.
Gli elicotteri li hanno trasportati immediatamente all'ospedale di Maadi, un quartiere residenziale del Cairo, per essere sottoposti a test medici, e non sono stati in grado di parlare con la stampa.
"Sono ben sani" e "non è stato pagato alcun riscatto" ai rapitori, ha dichiarato all'aeroporto il ministro egiziano del turismo, Zoheir Garana.
Il 19 settembre questi ostaggi sono caduti in possesso di 35 sequestratori sconosciuti mentre godono di un safari all'aperto in una zona desertica ai piedi del monte Ouanat, nei confini di Egitto, Sudan e Libia, e da allora sono passati da un nodo all'altro.
Il gruppo era composto da undici turisti - cinque italiani, cinque tedeschi e una rumena - e otto egiziani: due guide, quattro autisti, una guardia di frontiera e il direttore dell'agenzia di viaggi Aegyptous, responsabile dell'organizzazione del safari.
Un responsabile della sicurezza egiziano ha riferito che 30 membri delle forze speciali, trasportati a bordo di due elicotteri, avevano lanciato l'assalto durante la notte prima dell'alba.
"Si è verificato uno scambio di spari, e hanno ucciso metà degli rapitori, gli altri sono fuggiti", ha detto l'agente che ha mantenuto l'anonimo.
Secondo lui, 150 membri delle forze speciali egiziane dell'unità "rampaggio" sono stati inviati in Sudan, dove hanno avuto il supporto di comandanti tedeschi e italiani.
Il ministro degli Esteri italiano, Franco Frattini, ha citato a Belgrado il ruolo svolto dagli agenti segreti e dai membri delle forze speciali italiane.
"Dobbiamo riconoscere che abbiamo ottenuto questo risultato grazie alla professionalità e all'efficacia dei nostri uomini dei servizi segreti, delle forze speciali", ha dichiarato senza entrare nei dettagli.
Ha anche smentito il pagamento di un riscatto.
La sera scorsa l'esercito sudanese ha affermato di aver intercettato durante una pattuglia un todoterreno a bordo del quale si trovavano i rapitori, di cui ha ucciso sei, tra cui il capo del Chadese e arrestato due.
Ha affermato inoltre che erano legati a un gruppo ribelle del Darfur, il Movimento per la Liberazione del Sudan-Unità (SLA-U), una affermazione immediatamente smentita da questo gruppo.
Lettera - La maggioranza silenziosa della cultura
Un dibattito sul finanziamento della cultura è stato messo in onda e occupa l'attuale campagna elettorale.
Meglio così.
Ma un settore della nostra vita culturale rimane sempre dimenticato.
Chi si alzerà a denunciare i miserabili soldi che vengono versati ai piccoli musei, ai archivi, agli scavi archeologici o ai luoghi storici nazionali che muoiono di fame?
Quale politico oserà ricordare al governo federale che negligisce i suoi monumenti e i suoi edifici patrimoniali?
Perché non abbiamo leggi vere che preservino effettivamente il nostro patrimonio come in Canada e in Quebec?
Sapevi che il governo francese ha dedicato tre milioni e mezzo di euro per restaurare solo il castello di Chinon nella valle della Loira?
Negli Stati Uniti, la Costituzione dice che la tutela del patrimonio è parte della cultura degli americani e che questo patrimonio deve essere protetto da tutti i cittadini, da tutti gli eletti e da tutti i dipartimenti del governo, e tutto questo, in concerto.
In Quebec, nella Federazione delle Società di Storia del Quebec, almeno 40.000 persone benevoli riunite in 211 società di storia, patrimonio, archivio e genealogia si preoccupano di cercare nella storia, preservare con pochi soldi grandi quantità di archivi privati e preservare resti archeologici.
Sono questi che sono spesso i cani custodi del nostro patrimonio, che protestano con energia e disperazione quando promotori e responsabili lanciano i loro bulldozer contro le nostre vecchie pietre e i nostri cimiteri dimenticati.
Per quando, un monumento alla storia e al patrimonio?
I governi dei Paesi Bassi nazionalizzano una parte della Fortis Bank.
I Paesi Bassi - i primi in Europa - aiuteranno con la nazionalizzazione della banca belga-olandese Fortis, che è in difficoltà a causa dell'effetto della crisi del mercato ipotecarico nordamericano: i tre paesi sosterranno in totale con 11,2 miliardi di euro questa istituzione finanziaria e assicurativa che ha anche attività in Ungheria.
Il governo belga, il governo lussuonese e il governo olandese hanno tenuto questo fine settimana consultazioni a più alto livello con il presidente della Banca centrale europea e il responsabile della concorrenza economica della Commissione europea.
La Fortis Bank è stata la prima a subire la crisi dell'eurozona nell'ambito della crisi finanziaria internazionale che si è svolta in varie ondate più di un anno fa, quindi le decisioni prese in relazione alla Banca possono in un certo senso essere considerate precedenti.
Secondo la decisione adottata domenica mattina, i tre Stati acquisteranno circa la metà (49%) delle proprietà della Banca nella loro zona.
La Banca venderà sicuramente una parte dei suoi affari, tra cui in particolare le attività - soprattutto assicurative - acquistate lo scorso anno dall'ABN Amró olandese.
Le azioni del Fortis hanno iniziato un forte calo la scorsa settimana e per la seconda metà della settimana si vedevano già importanti segni di crisi nell'istituzione.
Tuttavia, gli analisti concordano nel dire che con i suoi 85.000 dipendenti questa banca è troppo grande per permettersi di fallire.
Le azioni della società solo venerdì sono diminuite del 12 per cento, il punto più basso degli ultimi 14 anni.
Dal gennaio il valore delle azioni è sceso di oltre due terzi.
Considerando i prezzi attuali delle azioni, il valore totale del capitale del gruppo sul mercato è di circa 14 miliardi di euro, ma secondo gli esecutivi della società questo non è reale.
La direzione della Banca ha attribuito il brusco calo delle azioni del Fortis alle incertezze del mercato americano in relazione all'approvazione del piano pacchetto americano di 700 miliardi di dollari.
Lunedì le azioni hanno già mostrato un lieve aumento.
Venerdì Filip Dierckx è stato nominato nuovo amministratore delegato della banca.
La Banca ha cercato anche investitori privati, ma finora nessuno ha dato un'offerta concreta.
Il governo belga aveva già assicurato che gli investitori non avrebbero bisogno di preoccuparsi, non perderanno i loro soldi.
Tra i clienti della Banca finora non è avvenuto alcun panico, non hanno invaso gli uffici bancari per ritirare i loro soldi.
Il Fortis ha una propria filiale in Ungheria e ha anche acquistato società di leasing.
Un volpe nel gallo
Negli Stati Uniti, le compagnie di assicurazione sulla vita e sulla salute, vedendo i dati sugli acquisti di farmaci, spesso rifiutano di firmare un contratto di assicurazione.
Gli esperti di privacy temono che il mercato dei dati personali diventi incontrolata.
"Esistono programmi di protezione dei dati personali che, in tutti i casi, legano l'utilizzo dei dati delle ricette all'approvazione della persona.
Questo deve essere in mani indipendenti, perché se non lo è, "confidiamo il pollo al volpe" - cita il Washington Post Richard Dick, progettista del programma di monitoraggio delle ricette mediche.
Le compagnie assicurative fanno dipendere il prezzo dell'assicurazione e l'importo di indennizzo dallo stato di salute del cliente e se pensano che il rischio sia eccessivo, semplicemente non fanno il contratto.
Prima hanno mandato il cliente al controllo medico e hanno firmato il contratto con lui conoscendo già il risultato del controllo.
Dick ha inventato un procedimento molto più economico dieci anni fa: con il numero di identificazione del cliente ottiene facilmente dalle farmacie il elenco dei farmaci acquistati nell'ultimo anno e mezzo e il programma stesso fa le conclusioni sulle malattie e sullo stato di salute del cliente.
Ad esempio, se si assumono sistematicamente grandi dosi di pillole per ridurre il colesterolo, indica che il livello di grasso nel sangue è praticamente incurabilmente elevato, quindi si inserisce immediatamente in una categoria di rischio superiore.
Molte versioni del programma sono in circolazione, alcune di esse stabiliscono anche un numero di rischio, e la compagnia assicurativa oltre alla direzione ha quasi nulla da fare, anche se ci sono piccole difficoltà a riguardo.
Tra i disagi del programma vi è, ad esempio, che alcuni farmaci sono multiuso, ad esempio, alcune sostanze servono sia per trattare il mal di testa che per le ondate di calore e anche come antidepressivi.
L'ultimo è un fattore di aumento del rischio importante per le compagnie assicurative mentre il primo non lo è.
Sono state costituite società speciali per consultare e elaborare questi dati, che prima di acquistare dalle farmacie le informazioni necessarie, chiedono l'approvazione del paziente.
Le autorità li costringono a farlo, anche se non hanno ricevuto una multa per la loro negligenza fino ad ora.
In questi ultimi tempi alcune aziende elaborano anche i risultati dei test di laboratorio e combinandoli con i dati di consumo di farmaci ottengono informazioni più precise sullo stato di salute del paziente.
Sempre più aziende hanno accesso a questi dati e contemporaneamente è sempre più difficile controllare il loro utilizzo.
Esiste una legge esclusiva per la protezione dei dati personali sulla salute, ma si applica solo alle compagnie assicurative e ai fornitori di servizi sanitari.
Il Congresso ha già presentato il progetto di legge che dà diritto all'autorità per il controllo delle aziende specializzate nella fornitura di dati personali.
Dick Richard riconosce che questo non è sufficiente: ha quindi sviluppato il suo programma, che richiederà l'approvazione specifica della persona per la fornitura dei propri dati personali.
Un'altra questione che tale persona non può negare è il suo approvazione, perché altrimenti le compagnie di assicurazione non firmeranno il contratto con lui.
Così le galline, comunque, sono esposte alla buona volontà della volpe.
Menù globale di Marsiglia
L'Unione europea raddoppia il suo commercio con l'India
L'Unione europea e l'India sono reciprocamente partner commerciali, e questo tema, oltre ad altri problemi in gran parte globali, ha dominato l'ordine del giorno del nono vertice.
Oggi si terrà anche un vertice franco-indio, che si terrà principalmente sulla cooperazione in materia di energia nucleare.
Anche se l'Unione europea riconosce che l'India è una grande potenza democratica in via di sviluppo che dovrebbe avere più voce e voto in materia internazionale, i paesi membri non sono ancora riusciti a raggiungere un comune denominatore sul fatto di sostenere New Delhi come membro permanente del Consiglio di sicurezza dell'ONU.
La questione non è stata affrontata al nono vertice di Bruxelles, che è iniziato ieri a Marsiglia.
Il presidente francese Nicolas Sarkozy, presidente in carica dell'UE, il presidente della Commissione, José Manuel Barroso, e il principale rappresentante della politica estera, Javier Solana, hanno accolto il primo ministro indiano Manmohan Singh e hanno raggiunto un accordo per raddoppiare in cinque anni, cioè aumentare al di sopra di 100 miliardi di euro, il loro scambio commerciale.
Considerando che tra il 2000 e il 2007 gli scambi di merci sono aumentati da 25 miliardi a 55 miliardi, questo non è un obiettivo eccessivamente ambizioso.
In questo modo sono stati legalmente armonizzati i 26 accordi bilaterali di aviazione civile con l'India, permettendo così che anche il trasporto aereo possa volare in futuro.
L'India vuole firmare il trattato di libero scambio con l'Unione entro la fine del 2009.
Sarkozy ha promesso di accelerare i negoziati.
L'obiettivo è il bilanciamento, perché mentre l'UE è il primo partner commerciale dell'India, New Delhi è solo il nono tra i partner commerciali dell'Unione.
Il vertice ha concentrato l'attenzione sulle questioni globali.
Le due parti hanno condannato la situazione in Afghanistan e in Pakistan e il terrorismo - in tutte le sue forme - e hanno insistito per convocare una conferenza dell'ONU.
Il concluso del round di liberalizzazione commerciale di Doha è stato anche pressato, anche se entrambe le parti hanno una grande responsabilità per il fallimento.
L'UE ha confermato che si aggrapperà al suo programma energetico e climatico, cioè che entro il 2020 vuole ridurre le emissioni inquinanti di almeno il 20%.
L'India è d'accordo anche con questo, come nella conferenza sul clima del prossimo anno si dovrebbe raggiungere un accordo globale e ridurre fino al 2050 la produzione di gas a effetto serra del 50%.
L'Unione europea ha adottato una decisione che prevede che il Consiglio europeo di sicurezza europeo, che si occupa di un'organizzazione di sicurezza e di un'organizzazione di sicurezza, possa essere un'organizzazione di sicurezza e di sicurezza.
Oggi il capo del governo indiano andrà alla capitale francese, dove - in un incontro bilaterale - firmerà un accordo sull'uso pacifico dell'energia nucleare.
Parigi spera che le aziende francesi ricevano ordini per un valore di 20 miliardi di euro per costruire reattori nucleari.
Secondo le informazioni dell'agenzia di stampa, l'accordo sarebbe per un periodo di 15 anni.
A Francoforte più di trecento editori italiani
Forte presenza degli editori italiani all'esposizione internazionale del libro di Francoforte.
Più di trecento editori italiani saranno presenti alla 60° edizione della Buchmesse, il più importante incontro internazionale per lo scambio di diritti.
L'esposizione internazionale del libro di Francoforte prevede per questa edizione più di 7mila espositori provenienti da 102 paesi diversi che occuperanno i 171.790 metri quadrati dell'esposizione con oltre 403.000 titoli in mostra e con la Turchia come ospite d'onore.
Il sottosegretario del Ministero dei beni e delle attività culturali, Francisco Maria Giro, rappresenterà il governo italiano alla cerimonia di inaugurazione del padiglione italiano: Italia sarà presente istituzionalmente ed effettivamente con un punto Italia - 264 metri quadrati di spazio espositivo.
In seguito, si terrà un incontro con la stampa nella Room Struktur, hall 5.0 della Buchmesse, dove si presenteranno numeri, tendenze e prospettive sullo stato delle case editoriali in Italia.
Secondo i dati, il peso dei libri di autori stranieri diminuisce progressivamente rispetto al totale della produzione italiana, in particolare quella per adulti e adolescenti.
Trovato l'aereo di Steve Fossett, il milionario scomparso un anno fa.
I resti dell'aereo di Steve Fossett, il milionario scomparso il 3 settembre 2007 mentre volava nel deserto del Nevada, sono stati ritrovati.
I resti sono stati trovati su un altipiano a 3000 metri di altitudine, nell'area della Sierra Nevada dei Mammoth Lakes, al confine tra California e Nevada.
All'interno dell'aereo, non ci sono resti umani.
Il commissario della contea di Madera, John Anderson, ha dissipato i dubbi che rimanevano: "L'aereo è stato localizzato, abbiamo inviato una squadra, e ora abbiamo la conferma che si tratta proprio di quello su cui Steve Fossett stava volando il giorno della sua scomparsa", ha detto in una conferenza stampa.
Il commissario ha precisato che non sono stati trovati resti umani né nell'aereo né nei dintorni.
Il milionario, 63 anni, è stato presunto morto a febbraio.
L'ufficio americano per la sicurezza dei trasporti (Ntsb) ha informato che alcune ore dopo l'avvistamento dei resti, è stata inviata una squadra di ricercatori che ha identificato l'apparecchio: è proprio del Bellanca 8kcab, disperso dal 3 settembre 2007, quando Fossett ha volato da Yerington in Nevada per un volo di tre ore.
Ieri, sempre in California, non lontano dal confine con il Nevada, alcuni resti personali di Fossett sono stati trovati da una coppia vicino alla sua casa di Mammoth Lakes.
Sono due documenti con il nome di Fossett, entrambi emessi dalla Federal Aviation Administration dell'Illinois, denaro contante e un cassonetto.
La ricerca di Fossett era stata interrotta un mese dopo la sua scomparsa.
Il milionario aveva conquistato un posto nella storia grazie a una lunga serie di primarie.
Nel 2002, al sesto tentativo, era diventato il primo Uomo a completare il giro del mondo in un pallone aereo: due settimane di volo solitario.
Tre anni dopo aveva fatto il giro del mondo in aereo e senza sosta.
Tra i suoi record, anche quello di aver volato a 15.445 metri di altezza, sopra le Ande, ma con un co-pilota.
Glk, la pubblicità che non ti aspettavi
Un SUV fuori schema con un design originale e ben stabilito con linee definite e angoli determinati.
È questo, in sintesi, il Glk l'ultimo nato tra le camionette "compact" della casa della stella con cui Mercedes-Benz ha cercato di dare una finestra di novità in questo settore.
Proprio per il contenuto fuori dal tradizionale, sarà inaspettato e non convenzionale, la comunicazione che accompagnerà il lancio del suv Glk, disponibile nelle sale espositive Mercedes-Benz dal prossimo 17 ottobre.
La campagna pubblicitaria che accompagnò il debutto della nuova auto lanciò una modalità di comunicazione inedita attraverso una campagna pubblicitaria in 3D, utilizzata per la prima volta in Italia da un marchio automobilistico.
Un progetto con maxi-poster, articolato in tre fasi diverse, che dominerebbe la strada centrale dello shopping milanese, av. Como, fino al 15 novembre.
La prima fase di questo nuovo tipo di comunicazione inizierà con la presentazione della macchina in versione stereoscopica e grazie a occhiali speciali distribuiti sull'avvenida Come sarà possibile vedere il nuovo SUV in dimensioni quasi reali e in formato tridimensionale.
In effetti, guardando le immagini si avrà l'impressione che la macchina esce dal poster.
Successivamente, attraverso l'utilizzo dell'innovativa tecnologia Elumina8 il nuovo Glk sarà illuminato in tempi diversi in tutti i suoi dettagli, per riassemblarsi in un'immagine unica.
Senza dubbio Mercedes con questa pubblicità sta cercando di introdurre qualcosa di nuovo nello stereotipo della comunicazione automobilistica.
Potrà questa formula catturare l'interesse dei futuri acquirenti?
Chi sono i hooligan italiani?
Nel Triveneto, si gioca al divieto di accesso alle manifestazioni sportive.
Ma chi sono quelle 150-200 ragazze e ragazzi di cui l'Italia è ora vergognosa? Fa parte del gruppo "Ultras Italia" che segue da anni la Nazionale Italiana e che finora, a dire la verità, non ha mai creato troppi problemi.
E non avevano mai incontrato i fan del rival.
Il gruppo di estrazione è a destra.
I promotori sono dei Triveneto.
Di Verona, Padova, Trieste e Udine.
A questi di Sofia sono stati aggiunti un piccolo gruppo (poche unità, in realtà) della Campania e della Puglia.
Hanno bandiere a tre colori dove appare la città di origine dei militanti: sabato sera sono state estratte per non essere identificate.
Si ispirano ai fan inglesi.
In Bulgaria hanno trovato un gruppo di veri fanatici nazisti, i Levski.
La Figc aveva messo a disposizione dei fan italiani 144 entrate per la partita: tutte già con i nomi, quindi facilmente controllabili.
E il ministro dell'Interno aveva già controllato tutti: tra quelli che erano andati a Sofia non esisteva nessuno con un Daspo (proibizione di accesso a eventi sportivi) a quel tempo, nessuno che gli fosse stato vietato frequentare uno stadio.
Quattro fan italiani, che avevano precedenti di crimini in stadi, hanno rifiutato il biglietto e anche il viaggio.
Ora il ministero dell'Interno spera di leggere gli atti che arrivano dalla polizia bulgara per prendere misure: in questo caso, è possibile dare il Daspo (proibizione di accesso a eventi sportivi) per almeno cinque anni ai fanatici che sono stati arrestati o identificati nei disordini.
Un Daspo (proibizione di accesso agli eventi sportivi) internazionale che impedisce di frequentare non solo gli stadi italiani ma anche quelli di tutta Europa.
I nostri hooligans non si metteranno più in un stadio.
Per fortuna!
Ma ora c'è il timore dell'imitazione: che a quei pochi cinquanta, si aggiungano altri.
"Dobbiamo spegnere immediatamente questo incendio e non legittimare chi si comporta in questo modo", sostiene il Ministero dell'Interno.
Per questo, "occhi aperti" soprattutto in vista della partita della Nazionale di mercoledì a Lecce".
In Puglia c'è anche un piccolo nucleo di sostenitori di Ultras Italia.
Domani si riunisce l'Osservatorio, martedì il Cams che può contare anche con una sezione dell'Aise (agenzia di informazione e sicurezza esterna, cioè il servizio segreto, che si occupa proprio dei problemi negli stadi.
"I corosi di Duce-Duce e l'armo alzato durante l'inno di Mameli?
Questo è il pensiero (espresso in modo poco felice) di Domenico Mazzilli, da poche settimane direttore dell'Osservatorio del ministero dell'Interno (ha assunto il posto che prima era di Francesco Tagliente e dopo Felice Ferlizzi).
Mazzilli era stato capo della sicurezza pubblica di Trieste, dove esiste un nucleo di sostenitori del gruppo Ultras Italia, fondato nel 2002.
È vero, come dice Mazzilli, che in Bulgaria non è un reato celebrare il Duce ma si, il comportamento di quei 150-200 fan che è stato vergognoso.
"Non sono un sociologo, aggiunge il n.1 dell'Osservatorio, i reati sono attribuiti nei paesi in cui si verifica l'evento.
Infine, il gruppo si è comportato bene. Ora vediamo cosa è successo e lo prenderemo in considerazione per il futuro.
Ma parliamo anche dei fischi all'inno di Mameli: anche questi non sono un reato, ma se lo permettono non sono nemmeno di educazione... "
