La victoire des populistes de droite en Autriche, 29% au total
La faiblesse sensible des deux partis de la grande coalition et la forte hausse des partis populistes de droite ont été attribuables à la première prévoyance des élections législatives anticipées en Autriche dimanche.
Le Parti populaire autrichien (ÖVP), qui a été sérieusement ébranlé par le président actuel, Wilhelm Molterer, a subi une perte particulièrement forte.
En revanche, le président de l'Association pour l'Avenir de l'Autriche (AFA), le premier ministre de la province de Carinthie, Jörg Haider, se prépare à un retour victorieux dans la politique nationale.
Selon les résultats préliminaires, le Parti social-démocrate (SPÖ) reste le plus fort du pays avec 29,8% des voix, mais il a perdu 5,5% des voix par rapport aux dernières élections de 2006.
Le PVD s'est encore aggravé, perdant près de 9% des voix de 25,6%.
Ces deux grands partis ont les pires résultats de l'histoire de l'Autriche après la guerre, et en particulier le Parti populaire qui a provoqué des élections anticipées, le résultat est littéralement catastrophique.
Au début de juillet, lors de sa sortie de la coalition ÖVP, le parti populaire a eu un avantage important devant le SPÖ, selon les sondages.
Mais les électeurs ont été flagrants parce qu'ils ont laissé le gouvernement échouer.
Les premières réactions à ces résultats ont déjà fait état de spéculations sur la possible démission du président du parti et du vice-chancellor actuel, Wilhelm Molterer.
Les observateurs estiment que cela pourrait avoir lieu à la réunion extraordinaire du comité de direction dès lundi.
Cette évolution faciliterait probablement la reprise de la plus probable issue du résultat électoral, à savoir la grande coalition SPÖ et ÖVP.
En raison du renforcement des deux partis populistes de droite - le Parti de la Liberté d'Autriche (FPÖ) ayant obtenu à l'avance 18% des voix et le BZÖ 11% des voix - les social-démocrates ont cependant exprimé leurs craintes d'une reprise de 1999 lorsque le parti populaire a conclu un accord de gouvernement commun avec les populistes (qui était unifié à l'époque du FPÖ, quitte le BZÖ en 2005), ce qui a même entraîné des sanctions de l'Union européenne.
Haider, qui a déjà déclaré qu'il était prêt à coopérer avec n'importe quel parti et qui, je suppose, pourrait revenir à Vienne pour la politique nationale, espère évidemment en une telle solution.
Le Parti des Verts est entré au Parlement, mais il a légèrement perdu sa popularité et est tombé de la troisième place aux cinquièmes de la liste des partis politiques autrichiens.
Aucun des autres partis n'a franchi la limite de 4% et n'est entré au Parlement.
Les relations avec l'Inde pourraient se refroidir
Si le problème des scientifiques tchèques qui ont fait appel à la collecte illégale de insectes ne pouvait être résolu, Karel Schwarzenberg, ministre tchèque des Affaires étrangères, estime qu'il pourrait y avoir un certain refroidissement des relations tchèque-indiennes.
Le ministre a fait cette déclaration à New York après avoir rencontré son partenaire indien, Pranáb Mukherjee, ce jour.
"Si cela ne se résolvait pas, oui, il y aurait un certain refroidissement", a-t-il déclaré après la réunion, qui a eu lieu à l'aide d'une incitation tchèque.
Mukherji a déclaré après le procès que les affaires judiciaires pouvaient être difficiles à interférer avec les autorités exécutives.
Il a toutefois précisé que, dans le cas de Petr Švácha, acquitté et condamné à une amende, le gouvernement central peut négocier avec la direction locale de Darjeeling, dont la législation est liée à l'affaire.
" Son problème pourrait être résolu ", a dit le ministre.
Pour Emil Kučera, qui a été condamné à trois ans de prison, Mukherdzsi a estimé qu'il serait préférable qu'il fasse appel devant la Cour suprême.
Il pourrait alors demander sa libération contre caution et attendre le jugement, a-t-il expliqué.
Schwarzenberg a confirmé que son partenaire s'était exprimé de la même manière lors de la procédure.
"Il a proposé une appel devant la Cour suprême, alors il serait possible de le libérer", a déclaré le chef de la diplomatie tchèque.
La seule façon pour la partie tchèque d'intervenir dans l'ensemble de l'affaire est de fournir à la condamnée "une assistance juridique compétente", a mentionné le ministre indien.
Il a également dit que la partie indienne leur avait déjà fourni cette aide.
" Notre intérêt principal est de préserver les meilleures relations avec l'Inde, avec une tradition de plusieurs années.
Les Indiens le reconnaissent aussi", a déclaré Schwarzenberg.
En outre, comme il l'a déclaré à ČTK, il a souligné à son partenaire que la République tchèque attache une grande importance au problème des entomologues tchèques.
"Nous considérons vraiment comme une erreur grave l'emprisonnement et l'accusation de ces scientifiques tchèques", a-t-il déclaré.
À la question de savoir si la partie indienne lui avait promis de traiter l'affaire, le ministre a évité de répondre.
"J'ai déjà reçu de nombreuses promesses", a-t-il noté.
Les juges tchèques dans la lutte pour le fond de la mer
Il va vers le mur électronique qui montre l'Australie et les zones maritimes voisines.
Mais il ne s'intéresse pas au continent, mais à un point qui disparaît dans le bleu de l'océan.
"L'île appartient à l'Australie et, avec elle, le fond marin voisin.
Le territoire est aussi grand que le continent lui-même ", explique Luigi Santosuosso, avocat italien, membre du groupe de 30 membres de la Division des droits de l'océan et de la mer des Nations Unies.
Son chef, le juriste tchèque Václav Mikulka, directeur de la division, suit attentivement l'explication, qu'il complète parfois.
Le travail et l'enthousiasme sont présents.
Le fond de la mer cache un monde riche en ressources naturelles, encore peu connu.
On y trouve de l'huile de roche, du minerai et d'autres minéraux, mais aussi des organismes vivants inconnus jusqu'à présent, qui pourraient être la clé de la mise au point d'un médicament contre le cancer, par exemple.
Le fond de mer plus grand que le sol
Les États côtiers sont actuellement en pleine demande pour de nouveaux territoires sous-marins.
En effet, ils exercent leurs droits conformément à la Convention des Nations Unies, qui a été conclue à Montego Bay en Jamaïque en 1982.
Il s'agit principalement de la région dite du plateau continental, qui se trouve souvent à quelques centaines de kilomètres des côtes de l'un des pays.
Ce pays a, selon la Convention, le droit exclusif de disposer de toutes les sources de la demande continentale.
"En termes simples, on considère le continent comme la partie du fond de la mer et la couche inférieure qui est la continuation naturelle du continent sous la mer.
Les frontières de la mer côtière, souvent de 200 miles de mer, sont dépassées par les frontières de la zone économique exclusive ", explique Mikulka.
La demande présentée par le pays au Comité désignant les frontières extérieures de la zone continentale doit être complétée par une documentation scientifique et technique complète, basée sur une multitude de recherches et de mesures coûteuses.
C'est le résultat de nombreuses années de préparation.
"L'une de nos tâches est d'assurer l'assistance juridique et technique professionnelle au comité.
Le comité a examiné cinq demandes, la Russie, le Brésil, l'Australie, l'Irlande et la Nouvelle-Zélande.
Jusqu'à présent, seuls les trois derniers pays ont réussi", ajoute Mikulka.
Récemment, l'Australie a fait sonner le ton dans le monde entier grâce au succès de son premier pays sous-marin.
Mais la Nouvelle-Zélande a également gagné, avec un fond de mer estimé par le comité à environ 1,6 million de kilomètres carrés, soit six fois plus que le territoire du pays.
Les deux pays ont investi des millions de dollars dans la recherche.
Ils espèrent que les bénéfices de l'utilisation future du fond de la mer seront inestimables.
D'autres pays déposent leurs demandes en permanence.
Ils peuvent le faire dans les dix ans suivant la ratification de la Convention de Montego Bay.
Là où la plaine continentale se termine, commence le fond océanique, déclaré "héritage commun de l'humanité" par la convention.
Il n'y a plus de pays qui soit en position exclusive.
Le droit d'exploitation est accordé dans ce domaine par une institution internationale créée par la Convention.
"Le fond de la mer n'est pas Klondike, dit le directeur Mikulka, en allant de l'avant en disant que "les zones de certains pays sont légalement clairement délimitées et que leur régime est contractuel".
Les Tchèques dans l'océan Pacifique
Une partie du fond de la mer appartient aujourd'hui à la République tchèque.
Ce qui était autrefois le bloc oriental est partagé avec les autres pays dans le cadre de l'organisation commune "Interoceanmetal".
Cette organisation a obtenu, en 1991, le statut d'"investisseur pionnier" en vertu de la convention, comme certains autres pays.
Il est autorisé à produire dans la zone de ClarionClipperton, dans l'océan Pacifique, située entre le Mexique, les îles Hawaï et Kiribati.
L'investisseur a examiné un territoire légèrement plus vaste que l'ex-Chéchoslovatie.
Le fond de la mer est là, c'est une sorte de copie sous-marine du Tatra.
"C'est un total de 75 000 kilomètres carrés qui peut être exploité.
Le site est un puits riche en mines polymétalliques contenant du nickel, du résine, du cobalt et du manganèse ", mentionne un autre juriste hindou, Pakshi Rajan.
Rober Sandev, un de ses collaborateurs de la division de Macédoine, nous donne un autre exemple concret.
Une pomme de terre ou un peu de fantaisie me rappelle un parchemin avec des mots magiques qui donnent vie à la Gloire.
Des forces spéciales allemandes ont été présentes pour libérer les prisonniers.
Le gouvernement égyptien a demandé l'aide de l'Allemagne pour résoudre la crise des otages, et les experts sont venus.
Quand la situation s'est aggravée, les unités spéciales étaient prêtes, mais elles n'ont pas été mises en service.
De plus en plus de détails sur la libération des onze touristes européens enlevés en Égypte sont en train de se révéler.
Selon les données du ministère de la Défense et du ministère de l'Intérieur, des forces spéciales allemandes ont également participé indirectement à l'opération de sauvetage.
En plus des experts de l'armée fédérale allemande, les collaborateurs de GSG 9, de la FPO, du FPO et des experts en logistique du Service technique allemand étaient également présents au lieu de la libération.
Selon les informations du ministère lundi soir, les forces allemandes n'avaient pas besoin de ces derniers, puisque les prisonniers ont laissé leurs prisonniers s'enfuir et ont fui quand ils ont remarqué des signes de détournement violent.
Le gouvernement égyptien a accepté l'aide offerte par l'Allemagne pour l'intégrer en force de soutien sur place.
"Heureusement, il n'y a pas eu de tels événements", a déclaré un porte-parole du ministère fédéral de l'Intérieur.
Les assaillants ont enlevé un groupe de touristes composé de cinq Allemands, cinq Italiens, une femme Roumaine et huit Egyptiens qui les accompagnaient le 19 septembre dans le sud de l'Egypte.
Après un enlèvement dans le désert du sud de l'Égypte, les otages ont été traînés dans les zones frontalières de l'Égypte, de la Libye, du Soudan et du Tchad.
L'identité des otages reste encore incertaine, ainsi que les détails de la libération des otages ou les éventuels paiements de rançon.
Les survivants sont arrivés sains et saufs au Caire.
Steinmeier a indiqué que les otages libérés étaient sous la protection de l'ambassade allemande.
Il n'a pas donné de détails sur la libération.
À Berlin, ils n'ont pas encore donné d'information sur le moment où ils reviendront en Allemagne.
Selon le journal Bild, les cinq touristes et les forces spéciales arrivent en Allemagne mardi à bord d'un avion Airbus de l'armée de l'air allemande.
La Chambre des représentants des États-Unis rejette le colis de secours.
La Chambre des représentants du Congrès américain a rejeté à une légère majorité le plan de sauvetage de 700 milliards de dollars proposé aux marchés financiers.
Le Dow Jones est tombé en panne.
La Chambre des représentants des États-Unis a rejeté le plan de sauvetage du gouvernement pour les marchés financiers, en votant 227 à 206 contre.
Malgré les appels du président américain George W. Bush et des dirigeants des deux partis, le programme n'a pas obtenu de majorité pour freiner le chaos qui règne sur les marchés financiers.
Les partisans ont tenté de convaincre les critiques de la nécessité d'un paquet de 700 milliards de dollars dans une action dramatique.
Barney Frank, un des chefs de négociation du parti démocrate, a appelé les députés à le soutenir, même si le plan n'est pas encore populaire.
"Il est difficile d'obtenir un soutien politique pour éviter quelque chose qui n'est pas encore arrivé", a- t- il admis.
Le Dow Jones a encore baissé de plus de 6% au cours du vote, soit 600 points.
Les investisseurs craignaient que le plan de sauvetage public ne soit un échec.
L'indice a augmenté peu avant la fin du vote, puis a recommencé à baisser après la publication de l'échec.
Les experts prévoient d'autres turbulences majeures sur les marchés financiers internationaux.
L'entrée en vigueur du programme nécessite l'approbation de la Chambre des représentants et du Sénat.
Les directeurs enregistrent de plus en plus de réservations.
Un hiver prometteur pour les voyagistes allemands.
Selon une étude, les réservations de voyage pour les mois à venir ont augmenté de façon significative par rapport à l'année précédente, soit plus de 30% pour la saison hivernale.
Malgré les faibles perspectives économiques, l'envie de voyager des Allemands n'a pas diminué, selon l'étude.
Les bureaux de voyages ont enregistré une augmentation de 31% de leur volume de réservations pour l'hiver par rapport à la période de l'année précédente, a indiqué lundi à Berlin la German Travel Association (DRV).
Selon l'enquête de l'Institut de recherche sur le marché GfK, le nombre de réservations effectuées en automne est déjà plus élevé.
Les chiffres de circulation des bureaux de voyages en octobre ont dépassé de 11% ceux d'octobre 2007, a indiqué la DRV.
Ces résultats sont basés sur les données de GfK, qui évalue les données de réservations mensuelles de 1200 agences allemandes de voyages et les extrapole vers le marché entier.
L'Institut a pris en compte les voyages effectués jusqu'à la fin août 2008.
Les voyages aux États-Unis sont particulièrement demandés en raison du faible taux de change du dollar, a déclaré la DRV.
Ici, le taux de réservations a augmenté de 1/3 sur les roues.
Les Allemands ont également pris en considération l'Espagne, la Turquie et la Grèce, ainsi que leurs paysages.
"Le plus recherché est le chemin organisé", a déclaré Klaus Laepple, président de la DRV.
En raison de l'augmentation des coûts d'énergie et de nourriture, les coûts des voyages organisés sont "plus précise pour les passagers que pour les voyages individuels organisés".
Les passagers peuvent économiser de l'argent grâce, entre autres, à des réductions de réservation ou à des offres tout compris, a ajouté Laepple.
Les mois d'été ont également été très bons pour les réservations, ce qui permettra de revoir une augmentation du trafic par rapport à l'année précédente - bien qu'une autre étude montre que moins de touristes allemands ont voyagé que l'année précédente.
Mon premier Oktoberfest
Des ballerins qui ont des succès récurrents, des célébrités qui ont une tasse de bière et un design de dirndl.
Il est en début de carrière à Wiesnen.
Suzanne Kronzucker et moi n'avons pas beaucoup de ressemblances.
Elle est blonde, présentatrice de télévision et porte un tissu taillé.
Je suis une étudiante, avec des cheveux noirs, et j'ai acheté mon vêtement au magasin.
Mais il y a une chose qui nous unit: nous sommes à Wiesnen depuis trois minutes, et les photographes nous ont déjà pris en charge et remplis leurs cartes mémoire - très louable, et c'est ma première visite à Wiesnen.
C'est comme ça que nous pouvons faire des amis.
Il semble que le thyrntille bon marché soit à sa portée.
En tant que touriste de Wiesn, un équivalent de sacs blancs, je suis encore un touriste du nord, et mon sentiment de confort est encore limité par les comportements populaires.
Mais à l'arrivée à Theresienwiese, il n'est plus si dangereux.
Presque tout le monde porte des pantalons de cuir ou des pantalons de cuir; personne ne regarde avec une mauvaise humeur ou une mauvaise humeur - tout est parfaitement normal.
Les regards étranges sur le stand de bananes sont attirés par mon arc de tirnois.
Une femme de Munich m'a dit que j'avais mal lié le lien: " Tu es libre à gauche, vierge au milieu, servie à droite, veuve à l'arrière. "
Je l'ai secrètement relié à gauche.
"C'est bon", dit-il et il rit.
D'autres font moins de bruit autour de leurs techniques de flirt, portent des couvertures simples avec la note " Je suis trop ivre pour me déguiser " et montent leur cul nu involontairement.
Le jeune homme qui a des traits d'exhibitionniste s'appelle Bob et c'est lui aussi qui a visité l'Oktoberfest pour la première fois.
Ce qui est vraiment fantastique pour vous, c'est de l'extension de la "aaaaa".
Tout cela, il me le dit après avoir perdu le contenu de sa coupe précédemment bu.
Juste à côté d'un des pièges de feu que tout le monde considère comme un tas de déchets.
Bob est donc un des "souvent inexcusables".
D'autres ne sont pas aussi chanceux de se débarrasser de l'alcool de cette façon.
Vers 8 h du soir, les secours se rendent sur le lieu et s'occupent des pauvres couples.
Les patients se présentent toujours en groupe, en quatre à la fois, portant une couverture de lit d'une tente à l'autre.
Cela fonctionne comme pour la plupart des visiteurs Wiesn: arrivé vide, départ en plein air.
On ne voit pas qui est couché dans le coffre d'alcool sous la marmite.
"Ce sont ceux qui sont prêts" - m'a crié un des sanitaires à ma question, puis dans le tour.
La police a identifié la victime de l'accident
La police a identifié la femme de 63 ans qui a été heurtée par un véhicule dans le comté d'Essex et est décédée à l'hôpital.
L'accident a eu lieu vendredi après-midi avec Carole Paulson, une habitante de Brentwood, à Chelmsford Road, sur la route Shenfield, dans la ville.
Elle a été transportée à l'hôpital Queen's Hospital de Romford, mais est décédée plus tard.
Après l'accident, un homme de 51 ans a été arrêté pour conduite imprudente.
Depuis, il a été libéré sous caution.
L'horizon diplomatique élargi de la Turquie
Bien avant que la Turquie ne s'engage à rejoindre l'Union européenne, les puissances européennes ont été animées par le désir d'entrer profondément dans le pays de l'arrière-pays turc.
Sur le côté est du Bosphore, peut-être à seulement 20 pas de la frontière européenne, se trouve une des plus grandes reliques de l'effort impérial échoué.
La gare d'Hydarpasha a été conçue par deux architectes allemands, Otto Ritter et Helmut Conu, dans le style néorétain.
C'est ce que disent les livres de voyage.
Le bâtiment entoure les extrémités des terrains, avec des tours à chaque coin avant, et ressemble à un château de campagne allemand.
La pierre est sale.
Le bâtiment est un peu en colère.
Mais à l'intérieur de la salle de commerce, on voit à quel point cette porte était la plus ouest de l'entreprise.
La station a été inaugurée en août 1908 par le consortium allemand Anatolie-Baghdad Corporation.
L'Allemagne, "l'avenir tardif" des conquêtes, a voulu réaliser ses ambitions de conquête du Moyen-Orient en utilisant ce chemin de fer qui allait de Damas à Bagdad jusqu'à l'actuelle Arabie saoudite.
Les tentatives de conquête allemandes ont été échouées pendant la Première Guerre mondiale.
Les lignes ferroviaires ont été attaquées par Lawrence d'Arabie et des partisans arabes.
L'isolement relatif des régions environnantes causé par les frontières gelées de la guerre froide a disparu.
L'armée coloniale britannique a quitté l'Egypte et a chassé les Turcs et leurs alliés allemands de Palestine et de Syrie.
La station Hyderpasha n'a pas été meilleure.
En 1917, un train de munitions a explosé et a détruit le toit bien conçu du bâtiment.
Selon les sources turques, il y a eu un sabotage.
Depuis, elle s'est lentement détériorée et a été transcendée par l'histoire.
Aujourd'hui, en tant que porte ferrée vers l'Anatolie et toute la région orientale, la Turquie est, au moins symboliquement, un horizon diplomatique élargi.
Le Parti de la justice et du développement au pouvoir, l'AKP, a élaboré une politique étrangère totalement nouvelle pour le pays.
L'isolement relatif des régions environnantes causé par les frontières gelées de la guerre froide a disparu.
La nouvelle politique est marquée par l'engagement.
Il est remarquable que le gouvernement turc entretient de bonnes relations avec Israël et la Syrie, avec les groupes palestiniens de Hamas et de Fatah, avec l'Irak, l'Iran, et bien sûr avec l'Union européenne et les États-Unis.
Je voulais mesurer les paramètres de la nouvelle politique étrangère, alors je suis monté sur un train de nuit pour Ankara, la capitale turque, pour rendre visite à un des principaux experts en politique étrangère de l'AKP, le député turc Suat Kiniklioglut.
Le lendemain matin, après une obscurité d'environ dix heures et demie, qui a donné le rythme à la célèbre documentation du vieux monde, "The Night Mail", j'ai débarqué dans la capitale turque, la nouvelle ville, qui est censée être le symbole d'un nouvel État mondial qui renverse le passé ottoman.
Cependant, l'AKP, qui a des racines bien connues en Islam, représente un changement de paradigme dans le consensus turc.
Cela a suscité des suspicions dans l'Ouest, en particulier à Washington.
J'ai pris un taxi pour aller au siège de l'AKP, dans un bâtiment ultra-moderne en pierre et en acier, conçu spécifiquement pour cela, dans un quartier en développement, entre des centres commerciaux et des cafés, et ces derniers temps, les dirigeants du milieu en costume, hommes et femmes, se réunissent pour faire leurs affaires tôt le matin.
Suat Kiniklioglu aurait pu être un politicien de droite et de centre dans n'importe quel autre pays européen.
Il portait une chemise, une cravate, et je suis sûr qu'il avait même un Blackberry.
"L'objectif du parti est d'aider la réintégration de la Turquie dans son environnement direct.
La guerre froide a bouleversé l'ordre ", a-t-il déclaré.
De l'isolement de la Turquie.
Aujourd'hui, il devait tourner vers l'est et l'ouest en même temps.
Il n'avait pas le choix entre les deux.
Il fallait ouvrir les deux côtés.
" Mais peut-être qu'il sera forcé de faire un choix, tôt ou tard ? "
"La Turquie n'a jamais voulu se trouver une solution".
Il a ensuite souligné ce que presque tous ceux avec qui j'ai parlé ont presque automatiquement répété: les relations de la Turquie avec le Moyen-Orient et les pays du Caucase et de la mer Noire sont aussi avantageuses pour l'Europe et les États-Unis que pour la Turquie.
Ils veulent transmettre le message que, en termes de communication, toute l'Europe, avec la Turquie, peut rejoindre l'Asie et le Moyen-Orient par ces lignes de chemin de fer vers l'Est.
En revenant à la gare d'Hydarpasha, après une autre nuit, une nuit de plus en plus éveillée, j'ai pensé à Herr Ritter et à Herr Conura, les deux hommes allemands qui ont visité la reconstruction de ce magnifique bâtiment il y a 100 ans.
Ils auraient été surpris d'apprendre que les ambitions du Moyen-Orient sont maintenant largement en Turquie.
Et pendant que j'attendais le ferry à la plage pour me ramener à travers le Bosphore, je me suis souvenu que la Turquie était alors appelée "l'homme malade d'Europe".
À l'époque, il n'y avait pas de question de savoir quel continent pouvait réclamer ce pays passionnant.
Des vies mémorables: Vernon Handley et William Woodruff
Mark Brown écrit: " Depuis 1962, Vernon "Tod" Handley (nécrologue, 11 septembre) est directeur musical de Guildford, dirigant de la Guildford Philharmonic Orchestra and Chorus.
Il a fondé le prochain an un magnifique chœur de jeunesse, le Proteus, en fonction de ses plans musicaux pour la région.
En principe, ils n'auraient pu être que des moins de 21 ans, mais quand Proteus a chanté la finale en 1979, beaucoup d'entre nous étant dans la fin de nos 20 ans, nous n'avons tout simplement pas voulu nous débarrasser du chœur.
Le nom " Proteus " (nom de la mythologie de la métamorphose) était conforme à la détermination et à la capacité du chœur à faire face à n'importe quelle cote qu'on lui présente - soit un madrigal, soit une pièce du Messie; sans accompagnement, soit une grande orchestre.
La diversité musicale d'un jeune chœur comme celui-ci était souvent étonnante et toujours passionnante, et nous avons été remerciés par l'homme qui a inspiré notre passion pour la musique et qui l'a maintenue au fil des ans.
Comme Todd nous a souvent dit de laisser la musique parler.
Il disait toujours: "Le compositeur sait ce qu'il veut.
Tout est dans la cotte.
Alors chantez-le ! "
La technique de Karmester a toujours été parfaitement compréhensible et précise, mais jamais dictatoriale ou exagérée.
Quel que soit le niveau musical, il l'a toujours élevé.
John Frayn Turner a écrit à ce sujet:
Si jamais il y a eu un chef de file qui aurait dû être fait chevalier, c'était Vernon Handley.
Je l'ai bien connu pendant les deux décennies où il a dirigé la Guildford Philharmonic de 1962 à 1982.
J'ai écrit des critiques sur plus de 100 concerts au cours des 40 dernières années, mais aucun n'a été déçu et il les a souvent excité.
Tod Handley avait une grandeur et une modestie qui sont rares.
Il détestait les chefs de file qui, selon lui, " galopaient avec un ou deux combattants bien connus dans le monde entier ".
Beaucoup de nous le feront.
Il est le fils de William Woodruff.
Le professeur John Beckett écrit:
Selon votre obituary, William Woodruff (le 25 septembre), "il a poursuivi ses études d'histoire économique à Oxford en 1946 et en 1950 il a été boursier du Houblon-Norman Research Institute... tout en se préparant pour ses diplômes de premier cycle, de troisième cycle et de troisième cycle".
C'est un extrait de l'écriture de Woodruff dans son livre Beyond Nab End, mais il est faux.
Entre 1946 et 1953, il enseigne l'histoire économique à l'Université de Nottingham, et pendant ce temps, il termine son doctorat sur l'industrie britannique du caoutchouc, sous le nom de "L'industrie britannique du caoutchouc", sous la direction du professeur J. D. Chambers.
En 1950-51, il est en effet aux États-Unis avec une bourse Houblon-Norman, et l'été 1952 à l'Université de l'Illinois, de New York et de Harvard.
En 1953, il quitte définitivement Nottingham et déménage dans l'Illinois.
On ne sait pas pourquoi Woodruff a rendu cette période de sa carrière plus belle.
J. Vicente Resino dans l'armée des sages
"Je recommande l'exposition de J. Vicente Resino Flamenco and Life... parce que ses photos en noir et blanc, dans le style documentaire, sont impressionnantes.
La simplicité et la force qui y découlent, ainsi que le respect des personnes présentes sur les photos, ont attiré mon attention.
Cette exposition est touchée par les émotions.
Resino est capable de récolter des moments magiques. "
Pour la deuxième fois, le record de vente de Honda
En novembre, Honda lancera la deuxième génération de Jazz.
Il est vrai que son prédécesseur avait déjà un grand pilote, mais l'intérieur du nouveau modèle est plus spacieux encore.
Tout cela est combiné à une mécanique sophistiquée, ce qui rend la conduite plus pratique et augmente les économies de carburant.
Évolution contre révolution.
C'est ce que la deuxième génération de Honda Jazz a vu.
Bien que le nouveau Jazz soit très similaire à celui de ses prédécesseurs, il a été modifié en interne.
Par exemple, le design innovant, la nouvelle carrosserie, les plus grandes tailles et la nouvelle mécanique.
Mais avant de passer à une description détaillée du nouveau modèle, il faut dire que le nouveau Jazz est apparu six ans après la première génération.
Tout d'abord, nous pouvons dire que Honda a réussi à renouveler ce modèle en moins de temps que d'autres constructeurs.
Le jazz est moins connu en Europe, mais il a des records de vente dans d'autres marchés.
Un tel marché est le Japon, où Jazz a été la marque automobile la plus recherchée en 2002 et cette année en 2008.
Au Japon, par exemple, près d'un million de Jazz ont été vendus depuis leur lancement.
Le deuxième marché était l'Old Continent, avec près d'un demi-million d'exemplaires vendus en six ans.
Cependant, Honda souhaite continuer à augmenter le trafic dans la région avec le nouveau Jazz.
Ainsi, alors qu'en 2007, la société japonaise a vendu un total de 83.000 Jazz, les estimations indiquent que, d'ici 2009, elle devrait vendre 100.000 voitures, ce qui entraînerait une croissance de 17% sur le marché européen.
Depuis 2002, Honda a vendu 8000 Jazz sur le marché espagnol, soit 6,7% du total des ventes de Honda en Espagne.
Pour la nouvelle génération, les dirigeants de la filiale espagnole calculent 2000 exemplaires vendus au cours d'une période d'un an.
En fait, l'arrivée du nouveau Jazz va réduire considérablement la baisse de la circulation de Honda en Espagne.
Les représentants de la société prévoient 22 000 exemplaires vendus d'ici la fin de l'année, soit 4 000 moins que en 2007, soit une baisse de 16%.
En dépit des conditions de vente, Honda a augmenté sa part de marché en Espagne, qui a augmenté de 1,8% par rapport à 1,6% l'an dernier.
Je voudrais aussi augmenter ce taux à 2% d'ici 2010.
Honda espère qu'il pourra y parvenir avec un nouveau modèle.
Il s'agirait d'une Insight, un hybride compact à cinq dimensions - 4370 mm de long - dont la société japonaise vendrait chaque année 200 000 exemplaires dans le monde.
Selon le constructeur japonais, les États-Unis représenteraient 50% de la part du marché d'Insight, tandis que le reste serait partagé entre l'ancien continent et le Japon.
La commercialisation d'Insight devrait avoir lieu dans les premiers mois de l'année, après la présentation officielle de Valence prévue pour janvier.
Comparé à la première génération, le nouveau Jazz est devenu plus large en tous points.
Sa longueur atteint 3900 mm (cinq centimètres de plus), sa largeur 1690 mm (deux centimètres de plus) et sa longueur d'axe augmentée de cinq centimètres, soit 2500 mm.
Sa hauteur, quant à elle, est de 1520 mm.
En plus de la taille, l'espace de passagers est devenu plus large.
L'intérieur plus grand est assuré par la nouvelle carrosserie et le réservoir de carburant situé au centre, comme on le voit dans le précédent Jazz.
En outre, le réservoir de valise double-étage a augmenté sa capacité totale, qui dépasse actuellement celle de la première génération de 399 litres, soit 19 litres.
Il est vrai que ces dimensions concernent le type avec moteur 1,4, car le conteneur de la Honda Jazz 1,2, est de 379 litres.
Des modifications extérieures peuvent également être observées, comme les lampes arrière-bas ou le verre panoramique de choix, ainsi que l'accessibilité des sièges arrière.
En outre, l'angle d'ouverture des portes des sièges arrière a été augmenté de 80 degrés, par rapport à l'angle d'ouverture de 67 degrés du premier Jazz.
Les moteurs Jazz de deuxième génération sont nouveaux.
Au début de sa production, ce petit modèle est équipé de deux moteurs de 1,2 et 1,4 litres.
Grâce à la technologie i-VTEC, les deux moteurs sont plus rentables que le modèle précédent, avec moins d'émissions de CO2 et une excellente coordonnée mécanique, mais le moteur offre des performances exceptionnelles dans tous les domaines.
La puissance de la ressource de 1,2 litres est de 90 pts à 6000 tours et sa charge maximale est de 114 Nm à 4900 tours.
Ce moteur - qui était 78 chevaux dans le précédent Jazz - consomme 5,3 litres et 125 grammes de CO2.
L'autre moteur, qui a produit 83 chevaux sur la génération précédente, atteint maintenant 100 chevaux.
Le Jazz à 1,4 chevaux consomme en moyenne 5,4 litres et émet 128 grammes de CO2.
Le "mars" évitant les collisions
Pour développer les technologies de prévention des accidents, Nissan a été inspiré par la nature, précisément par le monde des abeilles, pour sa nouvelle invention.
La société japonaise a conçu un robot qui imite les traces des abeilles pour éviter les accidents.
Un appareil appelé Bio-mimetic Car Robot Drive ou BR23C pourrait être la première étape vers le développement de technologies de prévention des collisions.
Les ingénieurs du Centre de technologie avancée de Nissan Motor Co. en collaboration avec le Centre de recherche scientifique et technologique avancée de l'Université de Tokyo ont construit ce petit robot au Japon.
La marque de la marque de R&D et de la R&D est définie par Kazuhhiro Doi comme étant le BR23C une extension supplémentaire du couvercle de sécurité Nissan quatre couches.
Le robot améliore la capacité de contournement des collisions des produits de la société.
En vol, chaque abeille a un espace personnel ovale qui ressemble beaucoup à la couverture de sécurité de Nissan.
Mais le rôle de l'œil complexe de l'abeille est bien plus important, car il voit à plus de 300 degrés dans tous les sens, ce qui lui permet de voler dans son espace personnel.
Pour reproduire la fonction de l'œil complexe, les ingénieurs ont conçu un télescope laser (Laser Range Finder).
L'appareil détecte les obstacles à une distance de 2 mètres à 180 degrés de vue avant le BR23C, les calcule et envoie un signal au microprocesseur à bord qui se transforme immédiatement en une opération d'évitement de collision.
" Dès que l'obstacle est détecté, le petit robot suit les mouvements de l'abeille et change de direction en déplaçant les roues à des angles plus ou moins grands pour éviter les collisions.
Le système est le plus différent des instruments disponibles actuellement, car dans ce cas, le manœuvre évité se déroule automatiquement.
Sinon, le robot ne pourrait pas réagir assez rapidement à l'évitement des obstacles ", explique Toshiyuki Andoh, directeur du Laboratoire de Mobilité et ingénieur en chef du projet.
Contrairement aux abeilles, la manœuvre de détournement ne peut être dirigée vers le haut ou vers le bas, ni transversément, mais seulement en deux dimensions et se déplacer uniquement dans le sens de l'inversion des roues, c'est-à-dire pas dans une direction et une manière infinies, comme cela se produit dans le cas des abeilles.
C'est pourquoi Nissan a utilisé une fonction de rotation pour éviter les collisions, en plus d'accélérer et de ralentir le robot.
"Cette structure doit traiter et réagir à ces données toutes les quelques secondes.
Il n'y a pas besoin de stockage de données ni de logique intuitive basée sur des manœuvres antérieures, ce qui permet de fonctionner sans interruption avec seulement quelques dizaines de KB.
Cela peut sembler surprenant, mais ce n'est pas vraiment un gigabyte, mais nous ne parlons même pas de mémoire de mégaoctets.
Il s'agit d'une première étape vers le développement d'une technologie de prévention instantanée des collisions qui, selon les estimations de Nissan, pourrait être introduite dans les voitures de série dans les dix ans.
Le robot est équipé de batteries polymères au lithium, plus légères et plus durables que la version lithium-ion.
L'intégration de l'unité avec le système de navigation par satellite GPS pourrait être une autre possibilité de portée dans le futur, afin d'aider la voiture à atteindre son objectif en évitant les obstacles sur le chemin.
La peur du prêt hypothécaire
Il faut reconnaître que le Trésor américain, en plus d'avoir beaucoup d'argent à investir, n'a pas à manquer de bon sens.
Alors que la crise est à leur cou et que les Américains ne veulent pas se laisser entraîner par les perdants de banques hypothécaires à solvabilité douteuse, ils ont créé un jeu en ligne amusant et informatif, Bad Credit Hotel.
C'est l'hôtel des "Rossiens de crédit" qui est à la galle.
L'image de l'hôtel, et surtout de la salle d'accueil, suggère que nous devrions réfléchir une fois, deux fois, voire trois fois, si le moment est réellement venu de prendre un prêt.
Et surtout, où demander un prêt, car c'est probablement le but de la chose.
Les informations que vous trouvez sur le site sont utiles, mais elles sont peu détaillées.
C'est plutôt pour les adolescents que pour le grand public.
Mais si on complétait le jeu ?
On dirait une chambre de nos rêves à l'hôtel.
C'est vrai, c'est quelque chose, car on n'ose même pas rêver d'acheter un appartement...
Morgan Stanley ouvre son capital à la MUFG
Morgan Stanley a annoncé son accord de participation à Mitsubishi UFJ Financial Group (MUFG), la plus grande banque japonaise, qui paie 9 milliards de dollars pour 21% du capital de la société après une forte baisse des cours des actions de Morgan Stanley.
Une semaine après la publication de l'accord initial, les deux banques ont annoncé que MUFG achèterait 9,9% des actions de Morgan Stanley pour 25,25 dollars par unité, soit un total de 3 milliards de dollars.
Le prix accepté reste inférieur de plus de 19% à la valeur actualisée des titres au 31 août.
MUFG investit un autre 6 milliards de dollars dans l'achat de titres convertibles qui offrent un rendement de 10% et un taux de change de 31,25.
Selon Morgan Stanley, la transaction mondiale est basée sur un taux moyen de 29 $, soit 28% plus élevé que le taux actuel.
Cependant, le cours des actions de Morgan Stanley a chuté de 6,79% à 17 h environ, à la mi-temps de Greenwich, ce qui a clôturé son cours à 23,07 $.
" Cette alliance stratégique offre à Morgan Stanley une grande opportunité d'accélérer sa transformation en une société de banque-holding ", explique John Mack, directeur général de la société américaine.
Morgan Stanley a approuvé le nouveau statut la semaine dernière, qui lui permet de diversifier ses activités tout en restant sous le contrôle de la Réserve fédérale.
L'accord conclu avec MUFG confirme une fois de plus que la crise financière actuelle exige une plus grande prudence des géants de Wall Street.
Les conditions annoncées lundi montrent que l'accord a été modifié ces derniers jours: le lundi dernier, Morgan a seulement annoncé qu'elle allait vendre 20% de ses actions à la société japonaise pour environ 8,5 milliards de dollars.
"Il y a une semaine, nous pensions que la participation serait entièrement constituée d'actions tribales", explique Toshihide Mizuno, directeur général de MUFG à Tokyo.
"Nous avons toutefois voulu minimiser et éviter les risques potentiels en raison de la situation actuelle des marchés et de l'économie".
En ce qui concerne les actions de Morgan Stanley, la Commission a conclu que les actions de Morgan Stanley étaient considérées comme des actions de capital non-financier.
Les bénéfices par action sont réduits d'environ 20% à la suite de la transaction.
L'accord permet à MUFG de transférer la moitié de ses actions de premier plan en actions de premier plan dans un an, si le cours de négociation de ces actions dépasse le taux de conversion de plus de 50%, soit environ 47 dollars, sur une période déterminée.
Morgan Stanley garantit ainsi qu'avec les fonds de MUFG, elle peut exploiter ses possibilités d'investissement, améliorer son solde et augmenter ses sources de liquidité.
Le porte-parole du groupe n'a toutefois pas voulu fournir des informations précises sur les plans stratégiques des deux nouveaux alliés.
Après la fusion de MUFG, Morgan Stanley devrait augmenter son taux de solvabilité au niveau de la Tier I d'environ 15%, ce qui en fera l'un des meilleurs de son secteur.
Morgan a déclaré que son bilan s'était "signifiquement" amélioré depuis fin août.
Les dernières semaines ont été un vrai défi pour le groupe, car les cours de ses actions ont diminué de moitié, tandis que les coûts de son assurance contre les risques de non-paiement ont explosé.
Ce coût a été réduit lundi, mais il est resté élevé, à environ 12%.
La seule des grandes banques d'investissement qui soit restée "survivante" après la faillite de Bear Stearns et Lehman Brothers et l'acquisition de Merrill Lynch, c'est Goldman Sachs, qui a annoncé la semaine dernière avoir atteint 15 milliards de dollars, une partie de ce montant provenant de Berkshire Hathaway, le groupe Warren Buffett.
Déclaration de Rafael Correa lundi, à Quito
La réconstruction de la République dans l'esprit du socialisme du XXIe siècle.
C'est le projet commun de Hugo Chávez, du Venezuela, d'Evo Morales, du Bolivie, et de Rafael Corre, de l'Équateur.
Suivant le modèle de ses collègues présidentiels et de ses amis, Correa a exprimé ses idées sur la nouvelle constitution dimanche.
Il a rempli son mandat avec succès, avec 64% des électeurs ayant voté oui au référendum selon les résultats officiels, qui ont porté sur 80% des voix.
Selon les résultats, 28% des citoyens ont voté non, 7% ont voté pour non, tandis que 0,7% ont été rejetés par les électeurs.
Pour que le projet de Constitution soit adopté, il fallait un vote de 50% + 1.
Deux sondages réalisés dimanche à l'entrée des bureaux de vote et un compte rendu effectué par un organisme civil ont démontré une énorme majorité de "oui" à 63% et 70% respectivement.
Rafael Correa, en effet, a déjà parlé de la victoire de son projet de Constitution dans la nuit du dimanche au lundi.
" La Constitution a remporté une victoire écrasante ", a- t- il déclaré, remerciant les Équatoriens à Guayaquil, son siège du gouvernement, situé à environ 280 kilomètres au sud-ouest de Quito.
Comme on le sait, Rafael Correia a été félicité par Chávez, Morales et la présidente du Chili, Michelle Bachelet.
Selon un rapport de la mission d'observation de l'Organisation des États-Unis (OAS), le vote s'est déroulé dans un environnement calme, avec un texte de 444 points qui résume les principes du "nouveau socialisme" défendu par le président.
La constitution envisagée met le pouvoir de l'État au service de l'économie, en conservant le droit de l'État de " planifier son développement " pour un pays qui vit essentiellement de la production de pétrole par des entreprises étrangères et de la monnaie envoyée par les émigrants.
Le projet de constitution de Correa, élu en 2006, renforce également le pouvoir du chef de l'État, qui peut obtenir un mandat maximum de deux périodes consécutives et avoir le droit de dissoudre l'assemblée nationale.
Correa a déjà annoncé qu'il souhaitait profiter de cette opportunité et se lancera à nouveau en course pour le mandat de chef de l'État en février 2009.
La constitution a également inclus la gratuité des services de santé et de l'éducation, et le président a déjà commencé à le faire dans un pays de 13,9 millions d'habitants dont la moitié vit sous le niveau de la vie.
Enfin, la Constitution interdit la présence de troupes étrangères dans le pays, ce qui pourrait mettre fin à l'accord de Quito et Washington sur l'utilisation de l'établissement équatorien qui sert de base aux mesures américaines contre la drogue.
Les 19 otages ont été libérés à Chad.
Le commandant égyptien a attaqué les kidnappeurs qui ont pris en otage 11 touristes et leurs huit compagnons il y a dix jours.
Les otages sont maintenant au Caire.
Onze touristes européens et huit égyptiens accompagnés ont été détenus pendant dix jours dans le désert, où ils ont été transportés sains et saufs à la capitale égyptienne lundi après-midi.
Les otages ont été libérés au cours de la matinée par un commandant égyptien au Tchad.
Ils sont apparemment arrivés en bon état, à environ 4h30 du matin, par avion à la base militaire d'al-Maza, qui est directement reliée à l'aéroport international de Kaïro.
Les otages ont été interdits de communiquer aux médias et ont été immédiatement transférés à un hôpital de Maadi, dans le quartier résidentiel de la capitale, pour être examinés.
Les otages sont "en bonne santé" et les enlèvements "n'ont pas été payés", a déclaré à l'aéroport le ministre égyptien du Tourisme, Zoheir Garanna.
Les otages ont été capturés le 19 septembre au pied du mont Ouanat, dans la région frontalière entre l'Égypte, le Soudan et la Libye, où ils ont participé à un safari de terrain.
Le groupe comprenait 11 touristes (cinq hommes italiens, cinq hommes allemands et une femme roumaine) ainsi que huit Égyptiens: deux touristes, quatre chauffeurs, un garde-frontières et le directeur du bureau de voyages Aegyptous, organisateur de safari.
Selon un responsable de la sécurité égyptienne, un commandement spécial de 30 hommes est arrivé sur les lieux sur deux hélicoptères, où les prédateurs ont été attaqués juste avant le coucher du soleil.
"Les troupes ont été attaquées par des tirs, la moitié des kidnappeurs ont été tués et les autres ont fui", a déclaré le chef du gouvernement.
Il a également indiqué qu'un total de 150 hommes ont été envoyés au Soudan par la brigade d'éclair égyptienne, avec des commandants allemands et italiens.
Le chef diplomatique italien, Franco Frattini, actuellement à Belgrade, a souligné le rôle des agents secrets et des groupes d'action spéciaux italiens.
"Nous devons reconnaître que ce résultat n'aurait pas pu être atteint sans l'intervention professionnelle et efficace de nos agents secrets et de nos groupes d'action", a-t-il déclaré, sans fournir de détails.
Il a également nié qu'on ait payé une rançon pour les otages.
L'armée soudanaise avait annoncé le jour précédent avoir arrêté un véhicule de campagne sur lequel les kidnappeurs se rendaient en patrouille, tuant six d'entre eux (y compris le chef du Kadad) et arrêtant deux.
L'armée affirme que les otages étaient liés à un groupe de rebelles darfuriens, le Mouvement de libération du Soudan (SLA-U), qui a été immédiatement réfuté par l'organisation concernée.
Lettres - La culture est "la plupart silencieuse"
Le débat sur le financement de la culture est actuellement au centre des journaux et de la campagne électorale en cours.
On peut être heureux.
Mais une partie de notre vie culturelle est toujours oubliée.
Qui va se prononcer pour mettre en lumière les frais ridicule qu'ils dépensent pour les petits musées, les archives, les fouilles archéologiques et les monuments historiques nationaux qui sont sur le point de mourir de faim ?
Quel politicien a le courage de rappeler au gouvernement fédéral qu'il ne se soucie pas de ses monuments et de ses bâtiments qui font partie du patrimoine culturel?
Ou bien qu'il n'existe pas de loi au Québec ou au Canada qui garantisse une protection effective de notre patrimoine culturel?
Saviez-vous que le gouvernement français a dépensé trois millions et demi d'euros pour restaurer le château de Chinon, dans la vallée de la Loire ?
Et la Constitution de nos voisins américains stipule que la protection du patrimoine culturel est une partie de la culture américaine et que ce patrimoine doit être protégé de manière concertée par tous les citoyens, tous les députés élus et tous les organes gouvernementaux.
Dans le cadre de la Fédération des sociétés d'histoire du Québec, plus de 40 000 volontaires travaillent dans 211 sociétés d'histoire, de patrimoine culturel, de papyrus et de généalogie pour la recherche de l'histoire et la conservation de nombreux archives privées et archéologiques, avec un budget minimal.
Souvent, ces organisations défendent notre héritage à la main et protègent avec la dernière force du noyade, lorsque les promoteurs immobiliers et les décideurs dirigent leurs bouledoues vers nos vieux bâtiments et nos cimetières oubliés.
Quand quelqu'un défendra-t-il le patrimoine historique et culturel?
La nationalisation de la banque Fortis par les gouvernements du Benelux
Fortison, une banque belge-néerlandaise en difficulté, est la première européenne à avoir subi l'effet dévastateur de la crise du marché du crédit américain et les trois pays aident à la nationalisation partielle d'un établissement financier et d'assurance avec des intérêts hongrois d'un montant total de 11,2 milliards d'euros.
Les gouvernements belge, luxembourgeois et néerlandais ont conclu des négociations au plus haut niveau au cours de la semaine, avec le président de la Banque centrale européenne et le responsable de la concurrence de la Commission européenne.
Dans la zone euro, la première grande crise de la banque Fortis est le résultat d'une crise monétaire internationale qui a duré plus d'un an et qui peut donc être considérée comme un précédent dans certains domaines.
Selon la décision prise dimanche soir, les trois États acquièrent près de la moitié (49%) des actifs de la banque.
La banque vend certainement une partie de ses intérêts, notamment des activités, notamment assurées, qu'elle a achetées l'an dernier auprès de l'ABN Amro, en Hollande.
Les actions de Fortis ont commencé à baisser fortement la semaine dernière, et la seconde moitié de la semaine, les événements ont été très critiques.
Cependant, les analystes s'accordent à dire que la banque, qui emploie 85 000 personnes, est trop grande pour être en faillite.
Les actions de ses entreprises ont chuté de 12% à un record de 14 ans ce vendredi.
Depuis janvier, la valeur des actions a chuté de plus de deux tiers.
Au cours des derniers mois, le groupe a atteint un total de 14 milliards d'euros de capital-risque, mais selon les dirigeants, ce n'est pas réaliste.
Le conseil d'administration a également accusé les incertitudes sur les marchés étrangers liées à l'adoption du plan de forfait de 700 milliards de dollars américains de la chute des actions de Fortis.
Lundi, les papiers ont légèrement augmenté.
Vendredi, Philippe Dierckx a été nommé directeur général de la banque.
L'établissement financier a aussi cherché des acheteurs privés, mais personne n'a encore fait une offre substantielle.
Le gouvernement belge a déjà indiqué que les investisseurs ne devraient pas se sentir inquiets, ne pas perdre leur argent.
Les clients de la banque n'ont pas été paniqués, les comptes n'ont pas été cambriolés.
Fortis possède des filiales indépendantes en Hongrie et a également acquis des sociétés de location.
La foie dans les poules
Aux États-Unis, les assureurs de la vie et de la santé refusent souvent de conclure un contrat d'assurance avec un demandeur en fonction des données sur les achats de médicaments.
Les experts en protection des données craignent que le marché des données ne devienne incontrôlable.
"Il existe un programme de protection des données qui oblige l'utilisation des données de prescription à toujours avoir le consentement de la personne concernée.
Cela doit être en main indépendante, ou on va confier la poule au renard. " Cite Richard Dicket, développeur de programmes de suivi des prescriptions, dans le Washington Post.
Les compagnies d'assurance font dépendre le montant de la taxe d'assurance et de l'argent pour les événements d'urgence du client en question et ne souscrivent pas à l'assurance si elles jugent le risque trop important.
Il y a longtemps, on l'a envoyé pour un examen médical et le contrat n'a été conclu qu'après avoir su le résultat de l'examen.
Dick a inventé une méthode beaucoup moins chère il y a dix ans: il est facile de trouver des médicaments à partir de numéros d'identification de client dans les pharmacies pour savoir quelles médicaments il a achetés au cours de la dernière année et demie, et le programme lui-même en déduit la maladie et le statut de santé.
Par exemple, si vous prenez régulièrement une dose élevée d'un réducteur de cholestérol, cela indique que vous avez des taux de graisse dans le sang pratiquement incontrôlables, ce qui vous met immédiatement dans la catégorie à risque plus élevé.
Plusieurs versions du programme sont en circulation, certaines décrivant à la fois un multiplicateur de risque, ce qui laisse à l'assureur peu de travail à faire en dehors du papier, même si de légères difficultés sont posées.
Les inconvénients sont que certains médicaments peuvent être utilisés à plusieurs fins, comme certains composés contre les migraines ou les ondes de chaleur, mais qu'ils sont efficaces contre la dépression.
La dernière est considérée comme un facteur d'augmentation du risque important pour les assureurs d'affaires, les premières ne le sont pas.
Des sociétés spécialisées ont été créées pour obtenir et traiter les données et, avant d'obtenir les informations nécessaires, elles demandent le consentement du patient.
Les autorités les obligent à le faire, même si aucune sanction n'a été prononcée pour leur omission.
Plus récemment, certaines entreprises ont procédé à des analyses de laboratoire et ont combiné les données de consommation de médicaments pour fournir une image encore plus précise de l'état de santé des patients.
De plus en plus d'entreprises ont accès aux données et, en même temps, il devient de plus en plus difficile de contrôler leur utilisation.
Il existe une loi sur la protection des données sanitaires, mais elle ne s'applique qu'aux fournisseurs de soins de santé et aux assureurs.
Le Congrès a présenté un projet de loi qui confère aux autorités un contrôle sur les entreprises spécialisées dans la communication de données.
Dick Richard se rend compte que ce n'est pas suffisant: il a donc développé son programme qui relierait la transmission des données à l'accord explicite de l'intéressé.
Une autre question est que l'intéressé ne peut pas refuser la contribution, sinon les assureurs ne contractent pas avec lui.
Les poules sont donc en quelque sorte des bienfaits du renard.
Le menu de Marseille mondial
Le double du commerce entre l'Union européenne et l'Inde
L'Union européenne et l'Inde étant les principaux partenaires commerciaux de l'autre, ce thème a dominé l'agenda du neuvième sommet, ainsi que d'autres problèmes globaux.
Il y aura aujourd'hui un sommet franco-indien qui sera principalement consacré à la coopération nucléaire.
L'Union européenne reconnaît que l'Inde est une grande puissance démocratique en pleine expansion qui devrait avoir une plus grande influence sur les affaires internationales, mais les États membres n'ont pas encore pu trouver de défense commune pour soutenir la permanence de New Delhi au Conseil de sécurité de l'ONU.
Cette question n'a pas été soulevée à Marseille hier, au neuvième sommet.
Le président français Nicolas Sarkozy, président de l'Union européenne, ainsi que le président de la Commission, José Manuel Barroso, et le haut représentant des Affaires étrangères, Javier Solana, ont accueilli le premier ministre indien, Manmohan Szingh, avec qui ils ont convenu de doubler le volume de commerce en cinq ans, soit à plus de 100 milliards d'euros.
Compte tenu de l'augmentation des échanges entre 2000 et 2007 de 25 milliards à 55 milliards, ce n'est pas un objectif trop ambitieux.
En conséquence, les 26 conventions bilatérales de l'Inde ont été constituées en termes juridiques, ce qui signifie que le trafic aérien pourrait également s'élever à l'avenir.
L'Inde souhaite signer un accord de libre-échange avec l'Union européenne d'ici la fin de 2009.
Sarkozy a promis de rallumer les négociations.
L'objectif est de mettre en balance que, bien que l'UE soit le premier partenaire commercial de l'Inde, New Delhi n'est que le neuvième partenaire de l'UE.
Le sommet a porté son attention sur les affaires mondiales.
Les situations en Afghanistan et au Pakistan, ainsi que le terrorisme, ont été condamnés sous toutes leurs formes par les deux parties et ont appelé à la réunion de la Conférence des Nations Unies.
Ils ont également cherché à mettre fin au cycle commercial de Doha, bien qu'ils aient tous deux une part importante dans l'échec à ce jour.
L'UE a confirmé qu'elle adhère à son programme énergétique et climatique, c'est-à-dire qu'elle souhaite réduire ses émissions de polluants d'au moins 20% d'ici 2020.
L'Inde a accepté, comme elle l'a fait lors de la prochaine conférence sur le climat, de conclure un accord mondial pour réduire de 50% les émissions de gaz à effet de serre d'ici 2050.
Ils veulent aussi empêcher les prix des denrées alimentaires de monter et ont soutenu la convocation d'un sommet international pour réviser la crise financière.
Le Premier ministre indien se rend aujourd'hui à la capitale française, où il va conclure un accord sur l'utilisation pacifique de l'énergie nucléaire lors d'une réunion bilatérale.
Les autorités espèrent que les entreprises françaises recevront un mandat de 20 milliards d'euros pour construire des réacteurs nucléaires en Inde.
Selon les informations de l'Agence, l'accord est valable pour 15 ans.
Plus de trois cents imprimantes de livres italiens à Francfort
Les éditeurs italiens se sont fortement représentés au Salon international du livre de Francfort.
Plus de 300 imprimeries italiennes seront présentes à la plus importante conférence internationale sur le droit d'auteur, le 60e Buchmesse.
Ce mois-ci, le Salon international du livre de Francfort accueille 7 000 exposants de 101 pays sur une superficie de 171.790 mètres carrés, où seront présentés plus de 403.000 livres.
Lors de l'inauguration du pavillon italien, le gouvernement italien est représenté par Francesco Maria Giro, secrétaire d'État adjoint au ministère des biens et des activités culturels: l'Italie occupera, grâce à la construction d'un pont italien unique, une superficie d'exposition de 264 mètres carrés.
La cérémonie d'ouverture sera suivie d'une conférence de presse organisée dans la salle "Room Structure" du Pavillon Buchmesse 5.0, qui offrira également l'occasion de présenter les données, les tendances et les perspectives sur la situation de l'édition de livres italienne.
Les données montrent que le marché italien des éditeurs est en constante baisse en raison de la proportion d'auteurs étrangers, en particulier dans le domaine des publications pour adultes et jeunes.
Ils ont retrouvé l'avion du milliardaire Steve Fossett, disparu il y a un an.
Ils ont retrouvé les restes de l'avion du milliardaire Steve Fossett, qui a disparu le 3 septembre 2007 au-dessus du désert du Nevada.
Les débris ont été découverts à une altitude de 3000 mètres, près des Mammoth Lakes, dans la Sierra Nevada, à la frontière entre la Californie et le Nevada.
Aucun vestige humain n'a été retrouvé à l'intérieur de l'avion.
" Après avoir déterminé la position de l'avion, nous avons envoyé une équipe, et nous pouvons maintenant être sûrs que c'est l'avion sur lequel Steve Fossett volait le jour de sa disparition ", a déclaré le shérif du comté de Madera à une conférence de presse.
Le shérif a confirmé qu'aucun résidu humain n'avait été retrouvé dans l'avion ou dans les environs.
Le milliardaire de 63 ans a été déclaré mort en février.
Le NTSB a indiqué que quelques heures après la découverte du dévastateur, un comité d'enquête a été invité à identifier l'avion et à déterminer s'il s'agissait réellement d'un Bellanca 8kcab qui avait disparu le 3 septembre 2007, le jour où Fossett avait pris un vol de trois heures depuis Yerington, au Nevada.
Hier aussi, en Californie, près de la frontière du Nevada, un couple a trouvé des affaires personnelles de Fossett près de chez lui à Mammoth Lakes.
Deux papiers de passe à Fosset, émis par l'Illinois Federal Aviation Administration, un peu d'argent et un pull.
La recherche de Fossett a été abandonnée un mois après sa disparition.
Le milliardaire a fait de nombreux sommets qui l'ont fait passer dans l'histoire.
En 2002, pour sa sixième tentative, il a réussi pour la première fois à faire le tour de la terre avec une orbite: deux semaines de vol en solitaire.
Trois ans plus tard, il a même fait le tour du sol en avion, sans atterrir.
Parmi ses nombreux records, il a survolé les Andes à 15 445 mètres d'altitude avec un co-pilot.
GLK, une publicité choquante
Un avion d'hobo inhabituel mais original et décisif, avec de grandes surfaces et des angles nettoyés.
En quelques mots, c'est la dernière "compact car" de Mercedes-Benz avec laquelle l'usine allemande a tenté de donner un nouvel élan au marché.
C'est pourquoi, à partir du 17 octobre, la campagne d'introduction du SUV GLK, qui sera disponible dans les salles de présentation de Mercedes-Benz, sera aussi une surprise et une inhabituelle.
En effet, la campagne publicitaire qui accompagne la présentation du nouveau véhicule utilise un moyen de communication médiatique encore inconnu, notamment des affiches 3D utopiques que la marque automobile italienne n'a pas encore utilisées.
La campagne de plaques géantes, qui se déroulera en trois phases, dominera le centre commercial de Milan, le Corso Comot, jusqu'au 15 novembre.
La première phase de ce nouveau type de communication médiatique commence par la présentation de la voiture en fonction de son espace, dans le cadre de laquelle le nouveau SUV, par l'intermédiaire de lunettes spéciales distribuées dans la région du Corso Como, sera visible en trois dimensions et en quasi-réalité.
Le spectateur aura l'impression que la voiture sort de la plaque.
Par la suite, grâce à l'innovation Elumina8, tous les détails du nouveau GLK sont ensuite rendus visibles pour former une image unique.
Il ne fait aucun doute que Mercedes est en train d'essayer de faire quelque chose de nouveau dans le monde de la publicité de la marque automobile.
Vous allez réussir à susciter l'intérêt de vos clients potentiels ?
On va vous montrer qui sont les géants italiens
Les jeunes de Triveneto, ils seront probablement exclus de la compétition.
Mais qui sont ces 150 à 200 garçons et filles dont toute l'Italie est embarrassée maintenant? Ils sont membres d'un groupe appelé "Ultras Italia", qui suit les sélectionnés depuis des années et qui, en vérité, n'a pas causé de problèmes trop importants.
Ils n'ont jamais affronté les adversaires.
Le cœur du groupe est à droite.
Les organisateurs sont venus de Trivento.
Il y a aussi des villes de Verona, Padoue, Trieste et Udin.
Ils ont été rejoints par des groupes plus petits (en réalité, quelques unités) en provenance de Campagne et de Puglie.
Des drapeaux italiens ont été déployés avec des bannières de la ville natale des tortues de football. Ils ont été déployés le samedi pour empêcher leur identification.
Ils suivent l'exemple des Anglais.
En Bulgarie, ils ont été confrontés à une véritable équipe de surfeurs nazis, les Levski Druckers.
L'Association italienne de football a émis 144 billets pour les joueurs italiens, qui étaient des billets de match pour faciliter le contrôle de l'équipe de football.
Le ministère de l'Intérieur a vérifié tout le monde: il n'y avait personne parmi les personnes en train de se rendre à Sofia qui aurait été poursuivi, personne qui aurait été interdit de visiter le stade.
Quatre joueurs italiens qui ont des droits liés au football ont été refusés de leur billet et de leur départ.
Le ministère de l'Intérieur attend actuellement les protocoles de la police de Sofia, puis prend les mesures nécessaires: les criminels arrêtés ou identifiés au cours des émeutes peuvent être suspendus pendant cinq ans.
Il s'agit d'une interdiction internationale qui concerne non seulement les stades italiens mais aussi tous les stades européens.
Nos géants de football ne peuvent donc pas mettre leurs pieds sur un seul terrain de football.
Heureusement pour vous.
Mais nous devons aussi craindre que les huillons ne trouvent des adeptes, c'est-à-dire que d'autres personnes ne se joignent à ces 150 chefs.
"Cette flamme doit être étouffée immédiatement, personne ne doit être excusé pour ce comportement", a déclaré le ministère de l'Intérieur.
Il vaut mieux garder les yeux ouverts, surtout à l'approche du match de qualification de mercredi à Lecce.
En effet, une cellule plus petite qui soutient les ultrasons italiens fonctionne dans la poubelle.
Le service de surveillance se réunit demain, et le comité d'analyse de la sécurité des événements sportifs, qui peut compter sur un service de sécurité intérieure, pour les services secrets sur le comportement de football.
"Le scandale duce-duce et le bras flottant sous l'hymne italien...
Cette idée a été développée, malheureusement, par Domenico Mazzilli, qui a été nommé quelques semaines plus tôt à la tête du service d'observation du ministère de l'Intérieur (le poste avait été occupé par Francesco Tagliente, et précédemment par Felice Ferlizzi).
Mazzilli a été auparavant chef de la police de Trieste, la ville où une cellule de soutien au groupe Ultras Italia a été créée en 2002.
Ce que Mazzilli dit est vrai, en Bulgarie, il n'est pas interdit de nourrir le Ducé, mais même à cause de cela, le comportement de ces 150-200 crus était honteux.
Je ne suis pas un sociologue, a ajouté le premier responsable du service de surveillance, mais les crimes doivent être jugés dans le pays où ils ont été commis.
Jusqu'à présent, ce groupe n'a pas causé de problème, nous devons examiner ce qui s'est passé exactement et réfléchir à ce que nous pouvons faire.
Mais parlons aussi un peu de l'émergence de l'hymne italien: ce n'est pas un crime, mais, si je peux le dire, ce n'est pas une éducation bienveillante... "
