Le triomphe des populistes de droite en Autriche, 29%
Les résultats préliminaires de dimanche ont révélé que les deux parties avaient déjà affaibli la grande coalition et que les partis populistes de droite avaient fortement renforcé leurs positions.
Les pertes ont été particulièrement importantes pour le Parti populaire autrichien (ÖVP), qui est en proie à un grave choc pour le président actuel Wilhelm Molterer.
En revanche, le leader électoral de l'Union pour l'avenir de l'Autriche (BZÖ), le haïtier corotanais Jörg Haider, est sur le point de revenir en triomphe dans la politique nationale.
Selon les résultats préliminaires, le parti social-démocrate (SPÖ) reste le plus fort du pays avec 29,8% des voix, mais il perd 5,5 pour cent des voix par rapport aux dernières élections de 2006.
Pire encore, le PVO perd 25,6% et près de 9% des voix.
C'est le pire résultat de ces deux grands partis dans l'histoire de la guerre d'Autriche et, en particulier, pour les populations qui ont provoqué des élections anticipées, un résultat catastrophique.
Dès le début de juillet, lorsque le Parti libéral a quitté la coalition, les députés avaient une avance significative dans leurs préférences à l'APP.
Mais les électeurs ont été punis pour avoir laissé le gouvernement s'effondrer.
Les premières réactions aux résultats ont déjà fait état de spéculations sur la possible démission du président du parti et de l'actuel vice-chancellor Wilhelm Molterer.
Les observateurs estiment que cela pourrait arriver dès lundi lors d'une réunion extraordinaire de la présidence du parti.
Une telle évolution faciliterait probablement la voie vers l'extrême évolution du résultat électoral, à savoir la reprise de la grande coalition SPÖ et ÖVP.
Mais, compte tenu du renforcement des deux partis populistes de droite - le libéral (FPÖ) ayant obtenu préalablement 18% et le BZÖ 11% des voix - les social-démocrates ont également exprimé leurs craintes d'une répétition de 1999, lorsque les gens ont négocié avec les populistes (à l'époque, le FPÖ était unifié, il s'est séparé du BZÖ en 2005) un gouvernement commun, qui a même provoqué des sanctions de l'Union européenne.
Il est clair que ce sont les progrès de Haider qui ont déjà déclaré qu'il était prêt à coopérer avec n'importe quel parti et qu'il envisage de revenir à Vienne dans la politique nationale.
Le Parti des Verts est entré au Parlement, mais il a légèrement perdu et est tombé de la troisième à la cinquième place parmi les partis politiques autrichiens.
Aucun des autres partis n'a apparemment franchi la limite de 4% et n'est pas entré au Parlement.
Les relations avec l'Inde peuvent se refroidir
Si le problème des chercheurs tchèques accusés d'une collecte illégale de punaises de lit en Inde ne pouvait être résolu, selon le ministre tchèque des Affaires étrangères, Karl Schwarzenberg, les relations tchèque-indiennes pourraient être quelque peu refroidies.
Le ministre a fait cette déclaration à New York après une rencontre avec son homologue indien Pranab Mukherjee.
"Si ce n'était pas résolu, alors oui, alors il y aurait un certain refroidissement", a-t-il déclaré après une réunion organisée par l'initiative tchèque.
Après la réunion, Mukherjee a déclaré que le pouvoir exécutif pouvait difficilement interférer dans les affaires judiciaires.
Il a toutefois indiqué que, dans le cas de Peter Sváchy, qui a été acquitté des charges et condamné à une amende, le gouvernement central peut négocier avec le gouvernement local de Dardžiling, dont la juridiction relève de l'affaire.
" Son problème pourrait être résolu ", a déclaré le ministre.
Pour Emile Kucher, condamné à trois ans de prison, Mukherjee pense que c'est mieux d'en appeler à un tribunal supérieur.
Il peut alors demander sa libération sous caution et attendre le jugement à la liberté, a-t-il expliqué.
Schwarzenberg a confirmé que son partenaire avait fait la même chose lors de la réunion.
"Il recommande un appel devant la Haute Cour, alors il pourrait être exonéré", a déclaré le chef de la diplomatie tchèque.
La seule façon pour la partie tchèque d'intervenir dans l'ensemble de l'affaire est de fournir aux condamnés "un soutien juridique compétent", a déclaré le ministre indien.
Il a également indiqué que l'aide indienne leur était déjà fournie.
"Nous avons le plus grand intérêt à maintenir les meilleures relations avec l'Inde, qui ont une longue tradition.
Les Indiens le reconnaissent aussi", a déclaré Schwarzenberg.
En outre, il a souligné devant son partenaire que la République tchèque attachait une grande importance au problème des entomologues tchèques.
"Nous considérons vraiment comme une grave erreur l'emprisonnement et l'accusation de ces scientifiques tchèques", a-t-il déclaré.
Il a évité de répondre à la question de savoir si l'Inde lui avait promis de s'occuper des affaires.
"J'ai déjà assez de promesses", a-t-il simplement déclaré.
Le Tchèque juge la bataille pour le fond de la mer
Elle rejoint une carte électronique murale montrant l'Australie et les zones maritimes adjacentes.
Mais ce n'est pas le continent qui l'intéresse, c'est un petit point perdu dans l'océan bleu.
"L'île appartient à l'Australie et au fond de la mer qui l'entoure.
La région est aussi grande que le continent lui-même ", explique Luigi Santosuosso, avocat italien, membre du 30e groupe de travail de la Division des Océans et du Droit de la Mer des Nations Unies.
Son chef, le directeur de la division, l'avocat tchèque Vaclav Mikul, suit l'interprétation et complète parfois.
Il y a beaucoup de travail et d'enthousiasme.
Le fond de la mer cache un monde encore peu connu, riche en ressources naturelles.
On y trouve de l'huile, des minéraux et d'autres minéraux, mais aussi des organismes vivants inconnus qui sont essentiels à la mise au point d'un remède contre le cancer.
Un fond plus grand que le continent
Les États côtiers ont commencé à réclamer aujourd'hui de nouveaux territoires sous-marins.
En effet, la Convention des Nations Unies stipule que ces pays exercent leurs droits, accordés en 1982 à Montego Bay en Jamaïque.
Il s'agit principalement d'une zone de ce que l'on appelle la plage continentale, qui s'étend souvent à plusieurs centaines de kilomètres de la côte.
Elle a, selon la convention, le droit exclusif à toutes les ressources du rivage continental.
"En termes simples, derrière le plateau continental, il y a la partie du fond de la mer et son fond qui est la continuité naturelle du continent sous la mer.
Il est situé au-delà de la mer côtière, souvent à deux cents milles marins de la zone économique exclusive", explique Mikulka.
La demande d'un pays présentée à la Commission de délimiter les frontières extérieures du golfe continental doit être corroborée par une documentation scientifique et technique complète fondée sur de nombreuses recherches et mesures coûteuses.
C'est le résultat de nombreuses années de préparation.
"L'une de nos tâches est de fournir à la Commission une assistance juridique et technique.
La Commission a examiné à ce jour cinq demandes, à savoir la Russie, le Brésil, l'Australie, l'Irlande et la Nouvelle-Zélande.
Les trois derniers pays ont réussi à ce jour. "
La réputation mondiale a récemment marqué le succès de l'Australie, qui a été la première à étendre ses terres sous-marines de manière significative.
Mais il a aussi gagné la Nouvelle-Zélande - le fond marin, reconnu par la Commission la semaine dernière, est d'environ 1,6 million de kilomètres carrés, soit environ six fois la taille du pays.
Les deux pays ont investi des millions de dollars dans la recherche.
Le profit qu'ils retireront à l'avenir de leur exploitation du fond de la mer sera, comme ils le promettent, inestimable.
Les demandes seront progressivement soumises par d'autres États.
Ils peuvent le faire jusqu'à dix ans après avoir ratifié le "Convention de Montego Bay".
Là où se termine la plage continentale, commence la zone du fond de l'océan, déclarée par la convention "héritage commun de l'humanité".
Aucun État n'a plus de position exclusive ici.
Le droit d'exploitation dans ce domaine est accordé par une institution internationale créée par la Convention.
"Le fond de la mer n'est pas un Klondaik", dit à l'excès le directeur Mikul, disant que ses "décisions sont clairement définies par la loi et que leur régime est contractuel".
Les Cœurs du Pacifique
Une partie du fond de la mer appartient aujourd'hui à la République tchèque.
Ils sont partagés avec les autres pays de l'ancien bloc de l'Est dans le cadre de l'organisation commune "Interoceanmetal".
Elle a obtenu, en 1991, le statut d'"investisseur pionnier" en vertu de la convention, comme le font quelques autres États.
Il est autorisé à exploiter la zone de ClarionClipperton dans l'océan Pacifique, située entre le Mexique, les îles Hawaï et Kiribati.
L'investisseur a exploré un territoire légèrement plus vaste que l'ex-Tchécoslovaquie.
Le fond est articulé, il s'agit d'une réplique sous-marine du Tater.
"On peut y exploiter une superficie totale de 75 000 kilomètres carrés.
La région est riche en bétons polymétalliques contenant du nickel, du cuivre, du cobalt et du manganèse ", indique un autre avocat, Ind Pakshi Rajan.
Le fonctionnaire de la division Macédonienne, Rober Sandev, présente un tel exemple.
Il rappelle une petite pomme de terre, ou, à un peu de fantaisie, un schéma fabuleux qui, selon la légende, a rendu à la vie Golem.
Les forces allemandes de déploiement spécial ont été en train de libérer les otages
Le gouvernement égyptien a demandé l'aide de l'Allemagne pour régler la crise des otages.
Quand la situation a été réchauffée, des forces spéciales ont été mises en place, mais aucune opération n'a été effectuée.
Les détails de la libération des onze touristes européens enlevés en Egypte sont en train de devenir publics.
Selon les données des ministères de la Défense et de l'Intérieur, des forces spéciales allemandes ont également participé indirectement à l'opération de sauvetage.
Selon les ministères, les experts de l'armée fédérale, les membres du groupe anti-terroriste GSG9 de la police allemande, les membres de la police fédérale, l'office pénal fédéral et les experts en logistique du service d'assistance technique (Technisches Hilfswerk) étaient également à la place de la libération.
Selon un autre communiqué de lundi après-midi, les deux ministères ont indiqué que les forces allemandes n'avaient pas besoin de les aider, car les kidnappeurs ont laissé leurs prisonniers s'enfuir en reconnaissant les signes de libération violente.
Le gouvernement égyptien aurait accepté l'aide offerte par l'Allemagne comme force de soutien pour l'action sur place.
"Ce n'est pas arrivé à la chance", a déclaré un porte-parole du ministère fédéral de l'Intérieur.
Les assaillants ont enlevé un groupe de voyageurs composé de cinq Allemands, cinq Italiens, un Roumain, ainsi que leurs huit guide égyptiens le 19 septembre dans le sud de l'Égypte.
Après avoir été enlevés dans une région désertique du sud de l'Égypte, les otages ont été transférés dans les territoires frontaliers entre l'Égypte, la Libye, le Soudan et le Tchad.
L'identité des kidnappeurs est restée obscure jusqu'au dernier moment, ainsi que les détails de la libération ou du possible paiement de la rançon.
Les secours sont en ordre à Kaïro.
Le ministre Steinmeier a déclaré que la libération des otages était sous la surveillance de l'ambassade allemande.
Il n'a pas donné de détails sur la libération.
Il n'y a pas encore d'information à Berlin sur le retour du sauvetage en Allemagne.
Selon Bild, tous les cinq touristes devraient prendre un vol spécial avec un Airbus de l'Aviation allemande et arriver en Allemagne le mardi.
La Chambre des représentants a rejeté le paquet de sauvetage.
La première chambre du Congrès américain a rejeté à une majorité étroite un plan de sauvetage des marchés financiers d'une valeur de 700 milliards de dollars.
Le Dow Jones est tombé fort.
Par 206 voix contre 227, la Chambre des représentants a rejeté le plan de sauvetage des marchés financiers du gouvernement.
Malgré les défis du président américain George W. Bush et des politiciens de premier plan des deux partis, la majorité n'a pas trouvé de programme pour atténuer le chaos sur les marchés financiers.
Avec une action dramatique, les partisans ont essayé de convaincre les critiques de la valorisation de 700 milliards de dollars.
Barney Frank, un négociateur démocrate, a appelé le député à donner son accord avant le vote, bien que, comme il l'a dit, le plan ne soit pas populaire.
"Il est difficile d'obtenir une reconnaissance politique pour éviter quelque chose qui n'est pas encore arrivé", a-t-il reconnu.
Pendant le vote, le Dow Jones est tombé de plus de 6% soit 600 points.
Les investisseurs craignaient que le plan de sauvetage de l'État ne soit échoué.
Peu avant la fin du vote, le taux a augmenté pour ensuite baisser de nouveau après l'annonce de faillite du paquet.
Les experts s'attendent à ce que les marchés financiers internationaux connaissent encore de graves turbulences.
Pour que le programme entre en vigueur, il faut l'accord de la Chambre des représentants et du Sénat.
Les agents de voyages enregistrent une augmentation des réservations
Il semble que l'hiver soit un bon moment pour les entrepreneurs allemands du tourisme:
Selon une étude, les réservations de voyages pour les mois à venir ont connu une augmentation significative de leur chiffre d'affaires par rapport à l'année précédente - même en hiver, plus de 30%.
Malgré la faible croissance économique, la volonté des Allemands de voyager reste intacte.
Pour les réservations en hiver, les agences de voyages ont enregistré une augmentation de 31% des ventes par rapport à la même période de l'année dernière, a indiqué lundi à Berlin le Deutsche Reiseverband (DRV).
Selon l'enquête de l'Institut d'enquête sur le marché GfK, des réservations accrues sont déjà disponibles pour les mois d'automne.
Le chiffre d'affaires a donc été, selon les déclarations de la DRV, en octobre par rapport à 2007, environ 11% plus élevé.
Les résultats sont basés sur les chiffres de GfK, qui évalue chaque mois les données sur les réservations de 1200 agences allemandes et les interpelle sur le marché total.
Ce résultat a inclus les réservations de voyages effectuées jusqu'à la fin août 2008.
Les voyages aux États-Unis sont essentiellement demandés en raison du faible taux du dollar, a indiqué la DRV.
Il y a un accroissement des réservations d'environ un tiers pour ces voyages.
En outre, les Allemands ont particulièrement cherché à attirer l'attention sur l'Espagne, la Turquie et la Grèce, ainsi que sur les eaux intérieures.
Les voyages organisés sont essentiellement en cours, a déclaré le président de la RDA, Klaus Laepple.
Compte tenu de l'augmentation des dépenses en énergie et en nourriture, les coûts sont "plus facilement comptabilisés pour le client que pour les vacances individuellement organisées".
Laepple a expliqué que l'argent peut être économisé par les consommateurs, entre autres, en utilisant des réductions pour les réservations à l'heure ou des offres tout-inclusives.
Les réservations ont été très bonnes pendant les mois d'été, ce qui devrait permettre une hausse des ventes par rapport à l'année précédente, même si, selon une autre étude, le nombre de Allemands qui ont fait un voyage a diminué par rapport à l'année précédente.
Mon premier Oktoberfest
Des cendres sans fin, des bières de tupiers et des éminents couverts de designers célèbres.
Pour la première fois, dans un bar.
Susanne Kronzucker et moi n'avons pas grand-chose en commun.
Elle est blonde, elle est présentatrice de télévision et elle porte une courte couronne.
Je suis une étudiante, et ma robe est de second-hand.
Mais il y a une chose qui nous unit: nous n'avons pas encore trois minutes dans un bar, et des photographes nous jettent sur le dos et des cartes mémoire pleines de mouvement - ce qui me félicite, car c'est ma première fois à l'Oktoberfest.
C'est comme ça que vous pouvez vous faire des amis.
Il semble que mon bonnet soit à son service.
Je suis ici comme une touriste et je vis au nord de l'équateur des salades, et mon sentiment de confort dans la couture était plutôt limité.
Mais dès notre arrivée à Theresienwiese, tout est meilleur que ce qu'on pensait.
Presque tout le monde porte une couronne ou des pantalons en cuir; personne ne se regarde dégoûtant ou embarrassant - tout est parfaitement normal.
Les regards particuliers de la cabane aux bananes au chocolat ne sont que mon couvercle.
Une monarchie m'a fait remarquer que j'avais mal compris: " Tu es libre à gauche, vierge au milieu, mariée à droite, veuve à l'arrière. "
Ils se cachent en faisant passer le gant à gauche.
"Oui", dit-il et il rit.
D'autres ne se préoccupent pas autant de leurs techniques de flirtation subtiles, et portent des chapeaux en peluche simples avec l'inscription "To drunk to get dressed!" et se lancent sur les culs nus de passants.
Un jeune homme aussi expositionniste, Bob, est venu d'Angleterre et c'est aussi la première fois qu'il est venu à l'Oktoberfest.
Il a l'air "gorgeux", avec un "ooooo" prolongé.
Il me le raconte après avoir perdu son verre.
Juste à côté de l'un de ces hydrants que tout le monde pense être des sacs à ordures.
Bob est donc l'un des "Wildbieslers" redoutés, comme on dit en Bavière, des gens qui se font pipi librement.
Les autres n'ont pas la chance de se débarrasser de l'alcool de cette façon.
Vers huit heures du soir, ils courent sur le terrain où se déroule l'Oktoberfest, en foule de médecins qui doivent s'occuper des pauvres ivrognes.
Les médecins sont toujours en butin, en quatre portant des couvertures de tente en tente.
Ils fonctionnent comme la plupart des visiteurs de la bière: vide là-bas, plein à nouveau.
Qui est sous la couverture de ce coffre de pardon, on ne le voit pas.
"Ce sont les seuls qui ne peuvent pas continuer", répond un des infirmiers et disparaît dans la foule.
La police a publié le nom de la victime de l'accident
Le nom d'une femme de 63 ans est devenu public, décédée à l'hôpital après avoir été écrasée par une voiture à Essex.
Un accident sur la route Shenfield de Brentwood a touché Carole Paulson de Chelmsford Road, le vendredi après-midi.
Elle a été transportée à l'hôpital Queen's à Romford, mais est décédée plus tard.
Après l'accident, un homme de 51 ans a été arrêté sur suspicion de conduite imprudente.
Il a déjà été relâché sur caution.
Les horizons diplomatiques turcs s'élargissent
Bien avant que la Turquie ne s'engage dans l'Union européenne, les puissances européennes voulaient pénétrer profondément dans les frontières turques.
Sur la côte est du Bosphore, peut-être à seulement 20 pas d'Asie, se trouve l'un des plus beaux monuments de cette ambition impériale infructueuse.
La gare d'Hydarpasch a été conçue par deux architectes allemands, Otto Ritter et Helmut Con, dans le style néo-rénovateur.
C'est ce que vous diront les guides.
Le bâtiment est situé à la fin des plates-formes avec des tours à chaque coin du devant, à la vue inconnue d'un conseil provincial allemand.
La pierre est sale.
Le bâtiment s'effondre lentement.
Mais une fois que l'on entre dans les trésors, on ne peut plus douter de la taille de l'entreprise dont la porte la plus ouest était la gare.
La station a été ouverte en août 1908 par le consortium allemand Anatolie-Baghdad Corporation.
L'Allemagne, qui s'est engagée dans le jeu impérial à un rythme tardif, avait l'intention de réaliser son ambition de prendre le contrôle du Moyen-Orient avec ce chemin de fer qui devait conduire à Damas, à Bagdad et plus loin dans ce qui est aujourd'hui l'Arabie saoudite.
Mais les ambitions impériales allemandes ont été écrasées pendant la Première Guerre mondiale.
Leurs trains ont été attaqués par Lawrence d'Arabie et ses unités irrégulières.
L'isolement relatif des territoires environnants, créé par les frontières gelées de la guerre froide, est parti.
Les troupes britanniques et coloniales ont avancé d'Égypte et ont expulsé les Turcs et leurs alliés allemands de Palestine et de Syrie.
Et pour la station Hydarpasha, il y a aussi de mauvaises nouvelles.
En 1917, une explosion de munitions a détruit son toit.
Les sources turques disent que c'était un sabotage.
Depuis, elle est progressivement en train de se dérouler et d'être contournée par l'histoire.
Mais aujourd'hui, cette porte d'entrée vers l'Anatolie et plus loin à l'est sert - au moins symboliquement - à mettre en évidence l'expansion de la diplomatie turque.
Le parti au pouvoir, le Parti de la justice et du développement (AKP), a mis en place une politique étrangère tout à fait nouvelle pour le pays.
L'isolement relatif des territoires environnants, créé par les frontières gelées de la guerre froide, est parti.
Une nouvelle politique est en cours: la Turquie s'engage.
Il est remarquable que le gouvernement turc entretient de bonnes relations avec Israël et la Syrie, avec les factions palestiniennes Hamas et Fatah, avec l'Irak et l'Iran et bien sûr avec l'Union européenne et les États-Unis.
Pour examiner les paramètres de cette nouvelle politique, j'ai pris un train de nuit pour Ankara, la capitale turque, où j'ai rencontré un des principaux experts de l'AKP sur la politique étrangère, le député turc Suat Kiniklioglu.
Le lendemain matin, environ dix heures et demie plus tard, après avoir fait un trajet à pied sur des trains qui rappelaient les rythmes de l'Antiquité du document connu Night Post, j'arrivai dans la capitale turque, conçue comme une nouvelle ville pour un État séculier qui veut tourner le dos à son passé ottoman.
Mais avec ses racines islamistes bien connues, l'AKP représente un changement de paradigme du consensus turc.
Elle a suscité des soupçons dans l'Ouest, surtout à Washington.
Un taxi m'a amené au camp de l'AKP, un bâtiment en pierre et en métal ultra-moderne, délibérément construit dans une banlieue en pleine expansion, entouré de maisons commerciales à moitié démolies et de centres commerciaux de pouvoir, où les cadres de la moyenne, hommes et femmes, en costume de commerce, se réunissent pour faire des affaires tôt le matin.
Suat Kiniklioglu pourrait bien être un politicien de centre-droit de presque tous les autres partis politiques européens.
Des cravats, des couteaux, je suis sûr qu'il avait aussi un Blackberry.
"L'objectif de la politique étrangère du Parti est de réintégrer la Turquie dans son environnement le plus proche.
La guerre froide était une anomalie", m'a-t-il dit.
La Turquie a été coupée de son territoire.
Aujourd'hui, il faut regarder à l'est et à l'ouest en même temps.
Ce n'était pas un choix.
Il a dû faire les deux.
" Mais il y aura certainement un moment, " j'ai demandé, " où la Turquie devra peut-être décider ? "
"La Turquie", a-t-il dit, "ne souhaitait pas que cette décision soit prise".
Il a ensuite souligné ce que presque tous ceux avec qui j'ai parlé ont presque dit à l'esprit: les relations de la Turquie avec le Moyen-Orient, mais aussi avec le Caucase et les régions du Mar Noir, sont aussi bénéfiques pour l'Europe et les États-Unis que pour la Turquie.
Avec la Turquie à bord, il semble que l'Europe dans son ensemble puisse, métaphoriquement, suivre ces voies ferrées vers l'Est vers l'Asie et le Moyen-Orient.
De retour à la station d'Hydarpasch, après une autre nuit de grande notoriété, je me suis souvenu des deux Maîtres allemands, Herr Ritter et Herr Conu, qui avaient observé la construction de ce bâtiment il y a cent ans.
Ils seraient surpris de découvrir que les ambitions européennes au Moyen-Orient pourraient maintenant être, en grande partie, entre les mains des Turcs.
Et alors que j'attendais le ferry qui reviendrait sur le Bosphore, je me suis souvenu que, à l'époque, on disait que la Turquie était "l'homme malade d'Europe".
Il semble donc qu'à l'époque, il n'y avait pas grand doute sur le continent qui aurait droit à ce pays fascinant.
Des vies mémorables: Vernon Handley et William Woodruff
Mark Brown écrit: " En tant que chef de la musique de Guildford depuis 1962, Vernon "Tod" Handley (nécologue, 11 septembre) a dirigé l'orchestre et le choeur de la Guildford Philharmonie.
Dans le cadre de son plan musical, il a créé cette année pour un excellent groupe de jeunes Proteus.
Il devait avoir moins de 21 ans, mais en 1979, quand Proteus a chanté pour la dernière fois, quelques-uns d'entre nous étaient presque 30 - nous avons simplement refusé de renoncer à la chorale.
Le nom "Proteus" (le mythologique changeur de forme) représentait la volonté et la capacité du groupe à se livrer à toute musique qui lui était proposée - que ce soit les madrigals ou les Messiaen, soit seul ou avec toute une orchestre.
L'adaptabilité musicale créée par un groupe aussi jeune a souvent été impressionnante, toujours excitante, grâce à l'inspiration de cet homme unique et à la passion pour la musique qui est restée absolument inchangée tout au long de l'histoire.
Comme Todd nous a dit de " laisser la musique parler pour elle-même ".
Il a dit: "Le gardien sait ce qu'il veut.
C'est tout dans la musique.
Alors chantez-le ! "
Sa technique tactique était parfaitement claire et précise, mais elle n'était ni dictatoriale ni florissante.
Quel que soit le niveau musical, il l'a toujours élevé.
John Frayn Turner écrit:
Si un chef d'orchestre devait être un chevalier, c'était Vernon Handley.
Je l'ai bien connu pendant deux décennies, quand il a dirigé le Guildford Philharmonic de 1962 à 1982.
Au cours des 40 dernières années, j'ai passé en revue plus de 100 de ses concerts et je peux dire honnêtement que je n'ai jamais été déçu par aucun d'entre eux - et que j'ai été inspiré à maintes reprises.
Tod Handley avait une telle combinaison de taille et de modestie personnelle.
Il détestait les dirigeants qui, selon lui, " traînaient un ou deux morceaux de bois dans le monde ".
Beaucoup d'entre nous vont manquer.
Il est le fils de William Woodruff.
Le professeur John Beckett écrit:
Votre nécrologue William Woodruff (le 25 septembre) affirme qu'en 1946 il est retourné à Oxford pour étudier l'histoire économique et en 1950 il est devenu chercheur à Houblon-Norman... tout en étudiant pour ses B.Sc., ses M.A. et ses doctorats.
Ceci est basé sur les notes de Woodruff dans Beyond Nab End, mais ce n'est pas exact.
Il a enseigné l'histoire économique à l'Université de Nottingham de 1946 à 1953, et a terminé son travail de thèse sur l'industrie du caoutchouc britannique, dirigé par le professeur J. D. Chambers, puis publié en 1958 comme publication British Rubber Industry.
Il a effectivement passé les années 1950-51 en Amérique comme chercheur à Houblon-Norman et l'été 1952 à l'Université de l'Illinois, Harvard et à l'Université de New York.
En 1953, il quitte définitivement Nottingham et se rend dans l'Illinois.
On ne sait pas pourquoi Woodruff a passé cette période de sa carrière.
J. Vicente Resino à la faculté de philosophie
"Je recommande l'exposition de José Vicente Resina "Flamenco and Life" car ses photographies documentaires en noir et blanc sont magnifiques.
J'ai été impressionné par sa simplicité et sa force de charge, et par sa considération et son respect pour les personnes photographiées.
Une exposition qui montre beaucoup de sentiment.
La résine capture les moments magiques. "
Honda attaque pour la deuxième fois avec son best-seller
En novembre, Honda lancera la vente de la deuxième génération du Jazz.
Si le précurseur de ce véhicule unique avait déjà beaucoup d'espace, il offre maintenant un intérieur encore plus spacieux.
On y ajoute des moteurs améliorés qui augmentent le confort de la conduite et permettent une plus grande économie de carburant.
L'évolution est plus que la révolution.
C'est la deuxième génération du Honda Jazz.
Bien que les lignes du nouveau Jazz soient très similaires à celles du modèle précédent, il y a eu beaucoup de changements dans ce véhicule monoplace.
Il faut mentionner par exemple le design innovant, la nouvelle plateforme, les plus grandes dimensions et les nouveaux moteurs.
Avant d'explorer le nouveau modèle, il faut noter que le nouveau Jazz est sur le marché six ans après la première génération.
La première chose à noter est donc que Honda a besoin de plus de temps pour revenir en mode plus jeune que d'autres constructeurs.
Bien que le jazz soit un modèle moins connu en Europe, il est devenu un phénomène de vente dans d'autres marchés.
C'est le cas du Japon, pays où le Jazz a été la voiture la plus vendue en 2002, et aussi cette année en 2008.
Au Japon, la Honda Jazz a vendu près d'un million d'exemplaires depuis sa sortie.
Le second marché est devenu l'ancien continent avec environ un demi-million de pièces vendues en six ans.
Honda s'est fixé un objectif: augmenter les ventes de la nouvelle Jazz.
Ainsi, alors qu'en 2007, cette société japonaise a vendu 83 000 Honda Jazz, en 2009, on estime que 100 000 voitures, soit une augmentation de 17% sur le marché européen.
En ce qui concerne le marché espagnol, Honda a vendu un total de 8 000 Jazz depuis 2002, soit 6,7% du total des ventes de Honda en Espagne.
Quant à la nouvelle génération de Jazz, la direction de la filiale espagnole s'attend à ce que 2 000 exemplaires soient vendus chaque année.
L'arrivée du nouveau Jazz permettra à Honda de réduire considérablement la baisse des ventes en Espagne.
La direction de la voiture s'attend ainsi de facto à la fin de l'année avec un total de 22 000 pièces vendues, soit 4 000 moins qu'en 2007 et une baisse de 16%.
En dépit de cette augmentation des ventes, Honda a augmenté sa part sur le marché espagnol à 1,8%, contre 1,6% l'an dernier.
En 2010, cette entreprise japonaise s'attend à atteindre 2%.
Pour atteindre cette part, Honda compte sur le succès de son prochain nouveau modèle.
Il s'agit de la Honda Insight, un hybride compact de cinq pieds de long, dont la société japonaise promet des ventes mondiales d'environ 200 000 exemplaires par an.
En ce qui concerne les marchés, selon les estimations du fabricant japonais, 50% de l'Insight sera vendu aux États-Unis, tandis que le reste sera divisé entre l'ancien continent et le Japon.
Les ventes de la Honda Insight devraient commencer au début de l'année prochaine, dès la présentation au public à Valence en janvier.
Par rapport à la première génération, le nouveau Jazz a augmenté en toutes dimensions.
Sa longueur a été augmentée à 3,9 mètres (de cinq centimètres de plus), sa largeur à 1,69 mètres (de deux centimètres de plus) et sa largeur à 2,5 mètres, soit un prolongement de cinq centimètres.
La hauteur n'a pas changé et elle est toujours de 1,52 mètres.
L'augmentation des dimensions a également augmenté l'espace intérieur.
Ce bénéfice a été obtenu, d'une part, par l'utilisation d'une nouvelle plateforme, d'autre part, par le placement d'un réservoir de carburant dans le centre du véhicule, utilisé déjà pour la précédente Honda Jazz.
Le volume de l'espace de bagages - qui dispose d'un système à double dos - a également augmenté à 399 litres, soit 19 litres de plus que le volume de l'espace de bagages de la première génération.
Il convient de noter que ces dimensions sont présentes dans la version avec moteur 1.4, car le volume de bagages de la Honda Jazz 1.2 est de 379 litres.
Une autre amélioration, en plus des éléments extérieurs - comme les feux de lumière rétro LED ou la possibilité d'avoir un toit panoramique vitré - est un accès plus facile aux sièges arrière.
Les portes donnant sur la deuxième rangée de sièges permettent un angle d'ouverture de 80 degrés par rapport à 67 degrés pour le premier modèle Jazz.
La deuxième génération de Honda Jazz est équipée de nouveaux moteurs.
Ce petit modèle sera initialement proposé avec deux moteurs à essence de 1,2 et 1,4 litres.
Les deux moteurs utilisent la technologie i-VTEC, qui permet une consommation plus faible, des émissions de carbone plus faibles et offre une excellente amélioration du système de propulsion tout en offrant un moment de torsion élevé à la pleine gamme des tours du moteur.
Le premier moteur de 1,2 litre est équipé de 90 chevaux à 6 000 tours avec un moment de torsion maximal de 114 Nm à 4 900 tours.
Ce moteur - qui avait 78 chevaux pour la génération précédente de Jazz - consomme 5,3 litres et émet 125 grammes de CO2.
Par rapport à la génération précédente, qui avait 83 chevaux, elle atteindra maintenant 100.
Le Honda Jazz 1.4 à 100 chevaux a une consommation combinée de 5,4 litres et une émission de 128 grammes de CO2.
"La voiture de l'abeille" empêche les précipitations
Pour faire progresser les technologies de protection contre les accidents, Nissan s'est inspiré de la nature, en particulier des abeilles.
Cette entreprise japonaise a créé un robot qui prend pour modèle les abeilles qui volent et empêche les précipitations.
C'est le Bio-mimetic Car Robot Drive, ou BR23C, qui est la première étape dans les technologies de prévention des accidents.
Les ingénieurs du Centre d'avancement technique de Nissan Motor Co. ont développé un robot en collaboration avec le Centre d'avancement de la recherche scientifique et technologique de la prestigieuse université japonaise de Tokyo.
Selon Kazuhira Doie, directeur général des relations publiques pour la technologie, la recherche et le développement de la marque, le BR23C est présenté comme une extension des quatre zones du bouclier de sécurité de Nissan.
Le robot est chargé d'améliorer la capacité de prévention des chocs dans les véhicules de cette marque.
Au cours de leur vol, chaque abeille crée son propre espace personnel en forme d'ovale, qui ressemble beaucoup au bouclier de sécurité Nissan.
Mais le plus important, c'est les yeux complexes des abeilles, qui peuvent voir dans tous les sens à un angle supérieur à 300 degrés, ce qui permet aux abeilles de voler dans leur espace personnel sans s'arrêter.
Les ingénieurs ont conçu ce qu'ils ont appelé un localisateur laser (Laser Range Finder).
Il enregistre les obstacles situés à une distance de deux mètres dans un rayon de 180 degrés devant le BR23C, calcule la distance de l'objet et envoie un signal au microprocesseur d'embarquement qui le met en garde contre le choc immédiatement.
"Dès que l'obstacle est détecté, le robot imite les mouvements de l'abeille et change immédiatement de direction en tournant les roues à un angle droit ou plus grand pour éviter un accident.
La plus grande différence avec tout système existant est le fait que toutes les manœuvres flexibles sont instinctives.
Sinon, le robot ne serait pas capable de réagir assez rapidement pour éviter les obstacles", explique Toshiyuki Andoh, directeur du Mobile Laboratory et ingénieur en chef du projet.
Contrairement aux abeilles, le robot ne peut pas bouger vers le haut et vers le bas ni diagonalement, son mouvement est limité à deux dimensions et à la direction qu'il est autorisé à faire tourner ses roues, mais pas dans un nombre infini de directions et d'options comme chez les abeilles.
Nissan a donc utilisé la fonction de rotation pour empêcher le robot de s'écraser.
"L'appareil ne doit traiter l'information que toutes les quelques secondes et se comporter sur cette base.
Il ne nécessite ni la conservation des informations ni l'intuition logique des manœuvres précédentes, ce qui lui permet de fonctionner sans interruption avec seulement deux douzaines de kB de mémoire.
Vous serez peut-être surpris, mais nous ne parlons ni de giga ni de mega en termes de mémoire.
C'est la première étape dans le développement de nouvelles technologies de prévention instantanée des accidents, une technologie que Nissan prévoit utiliser dans les voitures de série dans dix ans.
Le robot utilise des batteries lithium polymère plus légères et plus durables que les batteries lithium-ion.
Une autre utilisation possible de cette technologie pourrait être de l'intégration de l'unité dans le système de navigation par satellite GPS, qui permettrait au conducteur de se rendre à la destination et d'éviter les obstacles sur le chemin.
Profitez de la peur avant de prendre un prêt hypothécaire
Il faut reconnaître que le Département des Finances américain, en plus d'avoir suffisamment de capital pour distribuer des injections, n'a pas à manquer d'invention.
Face à une crise, et pour empêcher les Américains de prendre des prêts risqués auprès de banques à solvabilité douteuse, il a créé un jeu populaire sur Internet, Bad Credit Hotel.
Il n'y avait pas de "Hôtel aux mauvais crédits" ou un hôtel confus.
L'hôtel et surtout ses réceptions sont obscures, ce qui fait qu'un client doit réfléchir une, deux ou trois fois à ce qu'il soit le bon moment pour demander un prêt.
Et surtout, où demander, ce qui est probablement son intention.
Le fait est que le jeu contient des informations utiles, même si elles ne sont pas très détaillées.
C'est un site plus adapté aux jeunes que au public.
Et quand le jeu est terminé ?
Il y a une chambre de rêve à l'intérieur de l'hôtel.
Du moins, parce que je préfère ne pas parler d'achat de maison...
Morgan Stanley ouvre son capital à la MUFG
La banque Morgan Stanley a annoncé mercredi que Mitsubishi UFJ Financial Group (MUFG), la plus grande banque japonaise, entrerait dans son centre, et qu'elle allait dépenser 9 milliards de dollars pour obtenir 21% de son capital.
Une semaine après avoir révélé leur accord préalable, les deux banques ont expliqué que MUFG prévoyait d'acheter 9,9% des actions courantes de Morgan Stanley pour un prix unique de 25,25 dollars, soit un montant total de 3 milliards de dollars.
Le prix négocié est inférieur de 19% à la valeur actualisée des titres au 31 août.
La MUFG investit un autre 6 milliards de dollars dans l'acquisition de titres convertibles qui lui assurent 10% de rendement et dont le prix de change est de 31,25 $.
Morgan Stanley a précisé que l'ensemble de l'opération serait réalisée sur la base d'un prix unique moyen de 29 dollars, soit 28% inférieur à son taux actuel.
Les actions de Morgan Stanley ont perdu 6,79% et sont tombées à 23,07 $ à 17h00 GMT.
" Cette fusion stratégique représente une opportunité importante pour accélérer la transition de Morgan Stanley à l'état de banque holding ", a expliqué John Mack, directeur général de ce groupe américain.
Le nouveau statut de Morgan Stanley a été adopté la semaine dernière, ce qui lui permet de diversifier ses activités, mais en même temps, il le place sous la supervision de la Banque fédérale de la Réserve.
Sa fusion avec MUFG confirme également que la crise financière actuelle oblige le plus grand acteur de Wall Street à adopter une approche beaucoup plus prudente qu'auparavant.
Les conditions présentées lundi montrent, entre autres, que l'accord a été modifié au cours des derniers jours: le lundi dernier, Morgan a seulement annoncé qu'il vendrait jusqu'à 20% de ses actions aux Japonais pour environ 8,5 milliards de dollars.
"Il y a une semaine, nous pensions", a expliqué à Tokyo Tojihide Mizuno, directeur général de la MUFG, "que notre participation serait exclusivement constituée d'actions ordinaires.
Mais, compte tenu de la situation économique et de marché actuelle, nous voulions minimiser les risques et nous protéger".
Sur la base du prix moyen pondéré, MUFG paiera pour les titres Morgan Stanley 7% moins que leur valeur au détail.
Et l'opération entraînera une réduction de 20% des bénéfices des actions.
L'accord prévoit que MUFG pourra, dans un an, convertir la moitié de ses titres de préférence en actions ordinaires si les derniers sont échangés pendant un certain temps à un prix supérieur de 50% au prix de change, soit environ 47 dollars.
Morgan Stanley assure que le capital apporté par MUFG lui permettra de profiter des opportunités d'investissement, de renforcer son bilan et d'augmenter sa liquidité.
Le groupe de porte-parole a toutefois refusé de fournir des informations précises sur les projets stratégiques des deux nouveaux alliés.
Après l'investissement de MUFG, Morgan Stanley devrait se vanter d'un taux d'éligibilité Tier 1 d'environ 15%, soit l'un des meilleurs du secteur.
Morgan a précisé qu'il avait "substantiellement" réduit son bilan à partir de la fin août.
Les dernières semaines ont été difficiles pour le groupe, car son cours boursier a chuté de moitié, tandis que les coûts d'assurance contre les risques de non-paiement liés à la dette ont augmenté de façon spectaculaire.
Ces coûts ont connu une évolution inverse lundi, mais sont restés élevés, à environ 12%.
La semaine dernière, Goldman Sachs, le seul survivant des grandes banques d'investissement de Wall Street après la faillite de Bear Stearns et Lehman Brothers et le rachat de Merrill Lynch, a annoncé avoir retiré 15 milliards de dollars, en partie de Berkshire Hathaway, le groupe Warren Buffett.
Rafael Correa, lundi à Quito.
Rétablir une république autour du socialisme du XXIe siècle.
C'est un projet conjoint du Vénézuélien Hugo Chávez, de la Bolivienne Eva Morales et de l'Équateur Rafael Correy.
Le troisième nommé a présenté, dimanche dernier, à la voix des collègues et des amis, un projet de nouvelle Constitution.
Et sa mission est accomplie, car 64% des électeurs, selon les résultats officiels, couvrant 80% des voix, ont voté oui au référendum.
Selon ces résultats, le "non" a obtenu 28% des voix, 7% des voix ont été annulées et 0,7% des bulletins ont été vides.
Pour qu'il soit adopté, il devait avoir la moitié des voix plus un.
Deux sondages menés à l'est des bureaux de vote et le compte des ONG ont annoncé une victoire claire " oui " dimanche, avec un taux de 63 à 70%.
Rafael Correa a, d'ailleurs, réclamé la victoire de son projet de Constitution dimanche soir.
"La Constitution a gagné toute la ligne", a-t-il assuré et félicité les Equatoriens au siège du gouverneur de Guayaquil, à 280 kilomètres au sud-ouest de Quito.
Il est évident que Rafael Correa a reçu des félicitations de Chávez et Morales, mais aussi de sa coéquipière chilienne, Michelle Bachelet.
Le vote, qui a eu lieu en silence, selon la mission d'observation de l'Organisation des États d'Amérique (OEA), concernait le texte de 444 points qui construisaient le "nouveau socialisme" promu par le président.
Le projet de Constitution consacre le pouvoir de l'État sur l'économie en lui réservant la "planification du développement" d'un pays vivant principalement de l'extraction de pétrole par des sociétés étrangères et des devises envoyées par ses émigrés.
La proposition protégée par Correou, élue en 2006, étend également les pouvoirs du chef d'État qui pourra exercer deux mandats consécutifs de quatre ans et avoir la possibilité de dissoudre la Chambre.
Correa a déjà annoncé qu'il exercerait ce pouvoir et qu'il se présenterait pour un nouveau mandat en février 2009.
La Constitution, entre autres, renforce le principe de la santé et de l'éducation gratuites, que le président a commencé à mettre en place dans un pays de 13,9 millions d'habitants où 50% de la population vit sous le seuil de la pauvreté.
Enfin, il comptera aussi sur l'interdiction de la présence de troupes étrangères, mettant ainsi fin à l'accord entre Washington et Quit sur l'utilisation de la base équatorienne comme point de départ pour les opérations américaines contre la drogue.
19 otages libérés au Tchad
Le commandement égyptien a attaqué les enlèvements de 11 touristes et leurs huit compagnons, qui avaient été arrêtés il y a dix jours.
Ils sont au Caire.
Onze touristes européens et leurs huit guides égyptiens, qui ont été tenus prisonniers pendant dix jours dans le désert, ont été transportés vivants et sains et saufs dans la capitale égyptienne lundi.
Ce matin, ils ont été libérés par un commandement égyptien au Tchad.
Les Rukoïms sont arrivés vers 15h30, apparemment en bonne santé, à bord d'un avion spécial à la base militaire d'al-Maza, à proximité de l'aéroport international de Caire.
Ils ont été immédiatement transportés, sans avoir eu l'occasion de parler dans la presse, à bord d'un hélicoptère, à l'hôpital de Maadi, un quartier résidentiel périphérique de Caire, pour y subir des examens médicaux.
" Ils sont complètement sains " et " aucun rachat n'a été payé aux otages ", a déclaré le ministre égyptien du Tourisme, Zoheyr Garrana, sur les rails de l'aéroport.
Depuis leur capture le 19 septembre lors d'un safari en voiture à quatre roues au pied du mont Uanat, aux frontières de l'Égypte, du Soudan et de la Libye, un groupe de otages a été traîné d'un lieu de refuge à un autre par 35 kidnappeurs inconnus.
Le groupe comprend 11 touristes - cinq Italiens, cinq Allemands et un Roumain - ainsi que huit Égyptiens: deux guides, quatre chauffeurs, un directeur des frontières de l'Aegyptous, organisatrice de safari.
Un chef des forces de sécurité égyptiennes a indiqué que 30 membres des forces spéciales qui s'approchaient de la scène à bord de deux hélicoptères ont débarqué sur le rivage pendant la nuit juste avant l'aube.
"Il y a eu un coup de feu, la moitié des kidnappeurs ont été tués et les autres ont fui", a déclaré cette source, qui a souhaité rester anonyme.
Il a indiqué qu'un total de 150 membres des forces spéciales égyptiennes de la force " flash " ont été envoyés au Soudan, où ils ont obtenu le soutien des commandes allemandes et italiennes.
Le chef de la diplomatie italienne, Franco Frattini, de Belgrade, où il se trouve actuellement, a mentionné le rôle joué par les agents secrets et les membres des forces spéciales italiennes.
"Nous devons reconnaître que nous avons obtenu ce résultat grâce à la professionnalisme et à l'efficacité de nos services secrets, des forces spéciales", a-t-il déclaré sans plus de précisions.
Il a également nié qu'une rançon ait été payée.
La veille, l'armée sud-soudanaise a déclaré avoir arrêté un véhicule à quatre roues à bord des enlèvements, six tués, dont un commandant tchadien, et deux arrêtés.
L'armée a affirmé qu'ils étaient liés à un groupe rebelle de Darfur, le Mouvement pour la libération du Soudan - Unité (SLA-U), ce que le mouvement a immédiatement rejeté.
Lettres - La plupart du centre de culture est silencieux
Le débat sur le financement de la culture remplit les pages des journaux de gros titres et est le thème de la campagne électorale en cours.
Je suis plus heureux.
Mais un aspect de notre vie culturelle est toujours négligé.
Qui se lèvera pour profiter des misérables sommes versées aux petits musées, archives, fouilles archéologiques et monuments nationaux qui meurent de faim?
Quel politicien a le courage de rappeler au gouvernement fédéral qu'il abandonne ses monuments et ses bâtiments historiques ?
Que le Québec, comme le Canada, n'a pas de lois qui protègent réellement notre patrimoine culturel ?
Saviez-vous que le gouvernement français dépense trois millions et demi d'euros pour restaurer le château de Chinon dans la vallée du Loire ?
Nos voisins américains ont écrit dans la Constitution que la protection du patrimoine culturel est une partie de la culture américaine et que ce patrimoine doit être protégé par tous les citoyens, tous les élus et toutes les organisations régionales, en coopération.
Au Québec, la Fédération des sociétés d'histoire du Québec, a mis au point au moins 40 000 volontaires associés à 211 sociétés d'histoire, de monuments, d'archives et de généalogie pour révéler l'histoire, préserver une multitude d'archives privées et protéger les restes archéologiques en quelques moindres détails.
Souvent, ce sont ces sociétés qui sont les chiens gardiens de nos monuments qui protestent sans espoir quand les promoteurs et les dirigeants déversent leurs buldozers sur les pierres anciennes et les cimetières oubliés.
Quand nous retrouverons les tribunes de l'histoire et des monuments ?
Les gouvernements du Benelux, partie centrale de la banque Fortis
Les États du Benelux aideront la banque belge-néerlandaise Fortis, qui a été la première en Europe à être en difficulté en raison de l'effet répandu de la crise du marché hypothécaire américain, à se nationaliser partiellement: les trois pays apporteront 11,2 milliards d'euros à l'institution de l'argent et de l'assurance, qui a également une participation en Hongrie.
Les gouvernements belge, luxembourgeois et néerlandais ont convenu de ce fait au plus haut niveau ce week-end, avec la présidence de la Banque centrale européenne et la commissaire européenne à la concurrence.
Fortis est la première banque de la zone euro à avoir connu une crise majeure dans le cadre de la crise des marchés financiers internationaux qui dure depuis plus d'un an et la décision prise dans cette affaire pourrait être considérée comme un précédent.
Selon la décision prise dimanche soir, les trois États achèteront près de la moitié (49%) des biens de la banque.
La banque vendra avec une garantie absolue une partie de ses parts de capital, notamment les actifs d'assurance achetés l'année dernière auprès de la banque néerlandaise ABN Amro.
Les actions de Fortis ont commencé à baisser fortement la semaine dernière, et le second semestre, les signes de crise ont déjà été manifestés dans l'institution.
Cependant, les analystes s'accordent à dire que, avec ses 85 000 employés, la banque est trop grande pour être mise en faillite.
Les valeurs de la société ont chuté de 12% vendredi, à un minimum de 14 ans.
Depuis janvier, la valeur des actions a chuté de plus de deux tiers.
Compte tenu des prix actuels des actions, la valeur totale du capital-capacité du groupe est d'environ 14 milliards d'euros, ce qui, selon les dirigeants de l'entreprise, est irréaliste.
En effet, la direction de l'entreprise attribue la chute des actions de Fortis à l'incertitude sur le marché extérieur liée à l'adoption d'un plan de forfait américain de 700 milliards de dollars.
Les actions ont déjà légèrement augmenté lundi.
Vendredi, le nouveau directeur général de la Banque, Philippe Dierckx, a été nommé.
L'institut de la finance a également cherché des acheteurs privés, mais personne n'a encore fait une offre plus sérieuse.
Le gouvernement belge a déjà annoncé que les investisseurs n'avaient pas à craindre de perdre leur argent.
Les clients de la banque n'ont pas encore paniqué et les succursales n'ont pas été attaquées.
Fortis possède une succursale indépendante en Hongrie et a également acquis plusieurs sociétés de location.
La foie dans le poulet
Les compagnies d'assurance vie et de santé américaines, sur la base des données des consommateurs sur les achats de médicaments, refusent souvent de conclure un contrat d'assurance avec un preneur.
Les experts en protection des données craignent que le marché des données ne devienne incontrôlable.
"Il existe un programme de protection des données qui autorise l'utilisation des données sur les prescriptions de médicaments en tout état de cause avec l'autorisation de la personne concernée.
Il doit être entre les mains d'un indépendant, sinon nous confions le poulet au renard. " Cite le Washington Post Richard Dick, auteur d'un programme de surveillance des prescriptions.
Les compagnies d'assurance font en sorte que les assurances et les montants payés en cas d'incidents d'assurance soient dépendants de la santé des personnes concernées et, si le risque est jugé trop important, elles ne le couvrent pas non plus.
Avant, ils envoyaient les personnes concernées pour des examens médicaux et ne concluaient le contrat qu'après avoir appris leurs résultats.
Il y a dix ans, Dick a inventé une méthode beaucoup moins coûteuse: il est facile de trouver, à partir d'un numéro d'identification, les médicaments achetés par un client pharmaceutique au cours de la dernière année et demie, et le programme en déduit la maladie et le statut.
Par exemple, si vous achetez régulièrement de nombreux médicaments pour réduire votre taux de cholestérol, cela indique que vous avez des taux de graisse dans le sang presque incontrôlables, ce qui vous met immédiatement dans la catégorie des personnes à risque.
Plusieurs versions du programme sont en circulation, certaines désignant simultanément le coefficient de risque, de sorte qu'il reste presque aucun travail à l'assurance, à part la documentation, bien que des problèmes mineurs apparaissent.
Les inconvénients sont que les médicaments léctériens peuvent être utilisés à plusieurs fins, certains composés, par exemple, contre la migraine ou les crises de chaleur, mais ils sont également efficaces contre la dépression.
Ces problèmes constituent, du point de vue des assurances commerciales, un facteur important d'augmentation du risque, alors que les problèmes cités ci-dessus ne le sont pas.
Des sociétés spéciales ont été créées pour la demande et le traitement des données et demandent l'autorisation du patient avant de pouvoir obtenir les informations nécessaires des pharmacies.
Les autorités les obligent à le faire, même si elles ne les ont pas punis pour leur négligence.
Plus récemment, certaines entreprises ont également commencé à traiter les résultats des tests de laboratoire, qui associent les données des médicaments utilisés, ce qui leur permet de donner une image encore plus précise de l'état de santé des patients.
Les données sont accessibles à de plus en plus d'entreprises, ce qui complique de plus en plus la gestion de leur utilisation.
Il existe une loi spéciale sur la protection des données sur la santé, mais son efficacité ne s'applique qu'aux fournisseurs de services médicaux et aux assureurs.
Un projet de loi qui confère aux autorités le pouvoir de contrôler les entreprises spécialisées dans la fourniture de données est en cours de présentation au Congrès.
Richard Dick reconnaît que cela ne suffit pas: c'est pourquoi il a développé son programme de manière à ce que le transfert de données soit lié au consentement explicite de la personne concernée.
Autre chose, il peut à peine refuser l'autorisation en question, sinon les assureurs ne concluront pas un contrat avec lui.
Donc les poules sont un peu dépendantes à la foie de bonne volonté.
Le menu mondial de Marseille
L'Union européenne et l'Inde vont doubler leur chiffre d'affaires
L'Union européenne et l'Inde étant les principaux partenaires commerciaux de l'autre, ce thème a également été le thème de la 9e réunion au niveau supérieur, en plus d'autres problèmes, principalement mondiaux.
Le sommet franco-indien, qui sera principalement consacré à la coopération dans le domaine de l'énergie atomique, se tiendra également aujourd'hui.
L'Union européenne reconnaît que l'Inde est une puissance démocratique en développement qui devrait être accordée une plus grande capacité de parole dans les affaires internationales, mais les pays membres n'ont pas encore pu trouver un nom de famille commun pour soutenir la permanence de New Delhi au Conseil de sécurité de l'ONU.
Cette question n'a pas été examinée plus loin lors du neuvième sommet de Marseille.
Le président français Nicolas Sarkozy, en tant que président actuel de l'Union, et le président de la Commission européenne, José Manuel Barroso, et le haut représentant pour la politique étrangère, Javier Solana, ont accueilli le Premier ministre indien Manmohan Singh, avec qui ils ont également convenu de doubler le chiffre d'affaires des échanges commerciaux dans les cinq ans, soit de plus de 100 milliards d'euros.
Puisque les échanges ont augmenté de 25 milliards de dollars entre 2000 et 2007, ce n'est pas un objectif trop ambitieux.
En conséquence, les 26 accords bilatéraux existants avec l'Inde sur l'aviation civile ont été harmonisés de manière juridique, ce qui a permis de mettre en place des services aériens verts dans le futur.
L'Inde souhaite signer un accord de libre-échange avec l'Union d'ici la fin de 2009.
Sarkozy a promis de rallumer les négociations.
L'objectif est de réparer le bilan, alors que l'UE est le premier partenaire commercial de l'Inde, et que New Delhi est le neuvième partenaire de l'UE.
Le sommet a également porté sur les questions mondiales.
La situation en Afghanistan et au Pakistan, et le terrorisme, respectivement, sous toutes ses formes, ont été condamnés par les deux parties et ont appelé à un rappel urgent de la Conférence des Nations Unies.
Ils ont également appelé à la fin du cycle de négociations commerciales de Dauhá, bien que les deux parties aient une part importante dans son échec jusqu'à présent.
L'Union européenne a confirmé qu'elle poursuivra son programme énergétique et climatique, qui veut réduire ses émissions de substances nocives d'au moins 20% d'ici 2020.
L'Inde a également accepté, tout comme la nécessité d'un accord mondial à la conférence sur le climat de l'année prochaine pour réduire de 50% les émissions de gaz à effet de serre d'ici 2050.
Les deux parties souhaitent également empêcher la hausse des prix des denrées alimentaires et encouragent la tenue d'une conférence internationale sur la crise financière.
Le Premier ministre indien se rend aujourd'hui dans la capitale française, où il va conclure un accord sur l'utilisation pacifique de l'énergie nucléaire lors d'une réunion bilatérale.
Paris croit que les autorisations de construction de réacteurs nucléaires indiens d'une valeur de 20 milliards d'euros seront accordées à des entreprises françaises.
Selon les rapports de l'agence, l'accord devrait être valable pendant 15 ans.
Plus de 300 éditeurs italiens à Francfort
Une grande participation des éditeurs italiens à la foire internationale du livre de Francfort.
Plus de 300 éditeurs italiens participeront à la 60e édition du Buchmesse, le plus important rassemblement international d'échange de droits.
Le Salon international du livre de Francfort attend à cette édition plus de sept mille exposants de cent et un pays différents, occupant 171.790 mètres carrés d'un salon avec plus de quatre cent trois mille titres à voir, avec la Turquie comme invité d'honneur.
Le vice-ministre de la Culture, Francesco Maria Giro, représentera le gouvernement italien à l'inauguration du pavillon italien: l'Italie participe en fait institutionnellement avec le Centre italien (Punto Italia)  sur 264 mètres carrés d'exposition.
Il y aura ensuite une réunion de presse dans la salle Structure Buchmesse, au pavillon 5.0, qui sera l'occasion de présenter les chiffres, les tendances et les perspectives concernant l'état de l'édition en Italie.
Les données montrent que la valeur des livres d'auteurs étrangers est toujours moindre par rapport à la production italienne globale, en particulier en ce qui concerne la littérature pour enfants et adultes.
L'avion de Steve Fossett, millionnaire disparu il y a un an, a été retrouvé.
On a retrouvé le reste de l'avion de Steve Fossett, un millionnaire qui a disparu le 3 septembre 2007 en volant dans le désert du Nevada.
Les débris ont été découverts sur une plaine de 3000 mètres au-dessus de la mer, dans le Mammoth Lakes de la Sierra Nevada, à la frontière entre la Californie et le Nevada.
Mais il n'y avait pas de corps humain à l'intérieur.
Le shérif du comté de Madera, John Anderson, a éliminé les doutes qui restaient: "L'avion a été retrouvé, nous avons envoyé une équipe, et nous sommes maintenant sûrs que c'est exactement ce que Steve Fossett volait le jour où il a disparu", a-t-il déclaré lors d'une conférence de presse.
Le shérif a précisé qu'aucun corps humain n'avait été retrouvé dans l'avion ni dans les environs.
Le millionnaire de 63 ans est considéré comme mort depuis février.
L'Office américain de la sécurité des transports (Ntsb) a annoncé que quelques heures après la détection des débris, une équipe d'enquête a été dépêchée pour identifier l'avion: il s'agit exactement d'une Bellanca 8kcab, disparu depuis le 3 septembre 2007, lorsque Fossett a pris son envol de Yerington, Nevada, pour un vol de trois heures.
Hier encore en Californie, près de la frontière avec le Nevada, des objets personnels de Fossett ont été retrouvés par un couple près de leur domicile à Mammoth Lakes.
Il s'agit de deux documents au nom de Fossett, tous deux publiés par l'Illinois Federal Aviation Administration, avec de l'argent en espèces et une veste.
La recherche de Fossett a été interrompue un mois après sa disparition.
Le milliardaire a gagné une place dans l'histoire grâce à sa longue collection de titres.
En 2002, lors de sa sixième tentative, il est devenu le premier homme à avoir parcouru le monde en ballon d'air: deux semaines de vol en solo.
Trois ans plus tard, il a parcouru le monde en avion et sans atterrir.
Parmi ses nombreux records, il a également volé à 15 445 mètres au-dessus des Andes, même avec un pilote.
Une publicité que tu ne t'attends pas
Un SUV inhabituel avec un design original et des lignes décisives précises, des surfaces larges avec des cornes précises.
C'est, en bref, le dernier Glk né des jeep compacts de la maison de l'étoile, avec lequel Mercedes-Benz a tenté d'apporter une vague de nouveautés dans ce secteur.
C'est grâce à son traitement non traditionnel que les communications qui accompagneront la mise sur le marché du Suv Glk seront inattendues et inhabituelles et seront disponibles dans les salles de spectacle de Mercedes-Benz à partir du 17 octobre prochain.
La campagne publicitaire qui accompagnera le début de la nouvelle voiture ouvrira ainsi un mode de communication non officiel grâce à une campagne de poster futuriste en 3D, utilisée pour la première fois en Italie pour une marque automobile.
Le projet de maxi-affiches, divisé en trois phases différentes, dominera la classe commerciale principale de Milan, le Corso Como, jusqu'au 15 novembre.
La première phase de ce nouveau type de communication commencera par la présentation de la voiture dans une vision stéréoscopique et, grâce à des lunettes spéciales qui seront déployées près du Corsa Como, il sera possible de voir le nouveau SUV en dimensions quasi réelles et en format 3D.
En fait, si vous regardez l'image, vous aurez l'impression que la voiture sort de la bannière.
Puis, grâce à l'utilisation de la technologie innovante Elumina8, le nouveau Glk sera illuminé à différents moments dans toutes ses petites détails pour ensuite se regrouper en une seule image.
Mercedes est sans aucun doute en train d'essayer de faire passer quelque chose de nouveau dans le domaine des communications automobiles stéréotypés.
Il réussirait à susciter l'intérêt de ses clients futurs?
On sait qui sont les bandits italiens.
Ils sont à risque, le Daspo.
Qui sont les 150 ou 200 garçons et filles dont l'Italie est maintenant embarrassée? Ils font partie du groupe "Ultras Italia", qui surveille la Nazionale azzurra depuis des années et qui, franchement, n'a jamais fait de problèmes exagérés.
Elle n'a même jamais rencontré les fans de son adversaire.
L'orientation du groupe est à droite.
Les fondateurs sont originaires de Trivenet.
De Verona, de Padua, de Trest et d'Udin.
À Sofia, des groupes (en fait, peu de groupes) de Campanie et de Puglia se sont joints à eux.
Ils ont des drapeaux en trois couleurs qui montrent les villes d'origine des participants: ils les ont retirés samedi soir pour ne pas être reconnus.
Ils s'inspirent des fans anglais.
Ils ont trouvé de vrais fans nazis en Bulgarie, Levsky.
Figc a fourni 144 billets pour le match aux fans italiens: tous au nom, donc facilement contrôlables.
Et Viminale a vérifié qu'entre ceux qui sont allés à Sofia, il n'y avait personne avec le Dasl en cours, personne qui n'était interdit de visiter les stades.
Les quatre fans bleus qui avaient déjà été dans des infractions au stade ont été refusés et le match interdit.
Maintenant, Viminale attend de lire les messages de la police bulgare, puis prend des mesures: Dans ce cas, il est possible de donner au moins cinq ans à Daspo aux fans qui ont été arrêtés ou identifiés pendant les émeutes.
Le Daspo International interdit de visiter non seulement les stades italiens, mais aussi toute l'Europe.
Nos bandits, en fait, ne pénètrent plus dans aucun stade.
Pour le bonheur.
Mais maintenant, il y a une crainte d'émulation: cela signifie que plus de 150 autres personnes vont s'ajouter à ces derniers.
"Nous devons éteindre ce feu immédiatement et ne pas excuser ceux qui agissent ainsi", affirment les Viminals.
Donc, "les yeux vraiment ouverts, surtout pour le match national de mercredi à Lachaise".
C'est en Puglia qu'est le petit noyau de ses partisans.
L'Osservatorio se réunit demain, mardi, à Casms, qui peut compter sur une partie de l'Aise, une agence secrète qui s'occupe des problèmes des stades.
"Le chef de chorale et les bras tendus pendant l'hymne de maman?
C'est l'idée de Domenica Mazzilli (exprimée de manière vraiment peu heureuse), qui est directeur de l'Osservatorium Viminal pendant quelques semaines (il a obtenu le poste qui était auparavant celui de Francesco Tagliente et ensuite celui de Felice Ferlitz).
Mazzilli a été auparavant un quai à Trest, où se trouve le cœur des partisans d'Ultras Italia, fondés en 2002.
C'est vrai, comme Mazzilli le dit, en Bulgarie, il n'est pas un crime de célébrer un leader, mais bien sûr, le comportement de ces 150 à 200 fans est honteux.
"Je ne suis pas un sociologue, ajoute le numéro un de l'Osservatoire, les crimes sont attribués au pays où ils se sont produits.
Jusqu'à présent, ce groupe était resté dans les limites, et maintenant, nous allons examiner ce qui s'est passé et évaluer l'avenir.
Mais parlons aussi du sifflement de l'hymne de maman: ce n'est pas un crime non plus, mais si vous le permettez, c'est une grossièreté... "
