A jobboldal győzelem Ausztriában 29 százalékos
Az előzetes eredmények szerint az ausztriai parlamenti választások jelentős gyengényt hoztak a jelenlegi nagy koalíció két pártjának, valamint a populista pártok nyilvánvaló megerősítését követően.
Az osztrák népi párt (ÖVP), ahol a jelenlegi elnök, Wilhelm Molterer pozíciója súlyosan veszélyeztetett, különösen jelentős veszteségeket szenvedett.
A BZÖ választási vezetője, a Carinthia kormányzója, Jörg Haider azonban egy győzelmi visszavonulást készül a nemzeti politikai színpadon.
A szosszálisták (SPÖ) továbbra is a kormány első politikai ereje, 29,8 százalékkal, de a 2006-os választásokhoz képest 5,5 százalékkal vesztették el a szavazatokat.
Az ÖVP, amely 25,6 százalékkal elvesztette a szavazatok közel kilenc százalékát, még rosszabbul lett.
Ez a két nagy párt legnagyobb eredménye a háború utáni időszakban, és különösen a népi párt számára, amely előzetes választásokat indított, a végső eredmény szó szerint katasztrofális.
Július elején, amikor az ÖVP elhagyta a koalíciót, a népi párt jelentős előrelépést kapott az SPÖ-től.
A választók azonban nyilvánvalóan megbüntetik őket, mert hagyják a kormány összeomlását.
A választások első reakciójaiból a párt vezetője és a jelenlegi alelnök, Wilhelm Molterer esetleges lemondásáról spekuláltak.
A megfigyelők szerint ez hétfőn kezdődhet, a pártvezetés rendkívüli tanácskozásánál.
Ez a változás előzetesen megkönnyítené a választások eredményének a legvalószínűbb eredményét, azaz a nagy SPÖ és ÖVP koalíció megújítását.
Azonban a két jobb populista párt erősödése miatt - a szabadok (FPÖ) 18 százalékot és a BZÖ 11 százalékot szerzett volna - a szocialisták ugyanakkor a 1999-es ismétléstől féltek, amikor a népi párt (az FPÖ még akkoriban egységes volt, a BZÖ 2005-ben szétvált) egy közös kormányra értek egyet a populistákkal, ami még az Európai Unió szankcióit is indított.
Haider, aki már azt mondta, hogy készen áll bármi párttal együttműködni, és azt tervezi, hogy visszatér Viennába a nemzeti politikai színpadon, látszólag ezen a fejleményen.
Az utolsó párt, amely a parlamentbe jutott, a Zöldek voltak, de ezek enyhén vesztették és visszaestek az osztrák politikai pártok közül a harmadik és ötödik helyről.
Egyéb párt sem jutott át a négy százalékos határon, és nem jutott be a parlamentbe.
Schwarzenberg: A kapcsolatok Indiaval felfagyhatnak
Ha a cseh kutatók problémáját nem oldják meg, akiket indiai jogellenes szarvaszkodás vádjával vádoltak, a cseh külügyminiszter, Karel Schwarzenberg szerint a cseh-indiai kapcsolatok egy bizonyos hűtés következik majd.
A miniszter ezt ma New Yorkban mondta, miután találkozott Indiában Pranab Mukherjee kollégájával.
"Ha a probléma nem lenne megoldva, akkor igen, egy bizonyos hűtés is előfordulhat", mondta a cseh kezdeményezés alapján elvégzett találkozó után.
Mukherjee azt mondta, hogy a tárgyalásokon a végrehajtó hatalom nehezen léphet be a bírósági ügyekben.
Említette azonban, hogy Petr Švácha esetében, akit kivonta a vádakból és bírságot kapott, a központi kormány tárgyalhatott a helyi kormányral, a Darjeling kormányral, mivel a ügy a helyi kormány hatáskörébe került.
"A problémáját megoldhatjuk", mondta a miniszter.
Mukherjee szerint a legjobb megoldás Emil Kučera számára, aki három év börtönbüntetésre ítélték, a magasabb bíróság elé fordulnia lenne.
Ezért kérheti a kötelességet, hogy a kötelességet a kötelességre szabadon engedje, és a bíróságon várja a tárgyalást, mondta.
Schwarzenberg megerősítette, hogy a társa ugyanezt a hangzást adott a tárgyalások során is.
"A csek diplomáciai vezető azt javasolja, hogy fellebbezzen a legfelsőbb bírósághoz, és így megbocsáthatják".
A cseh oldal csak úgy léphet be ebben az ügyben, ha "képes jogi támogatást" ad a foglyoknak, mondta az indiai miniszter.
Azt is mondta, hogy már India is segített nekik.
"Főleg a legjobb kapcsolatokat kívánjuk fenntartani Indiával, amely hosszú évek óta folytatódik.
Az indiánok is elismerik ezt" - mondta Schwarzenberg.
Ugyanakkor, ahogy a ČTK-nek is elmondta, a társa előtt kiemelte, hogy a Cseh Köztársaság nagy jelentőséget tulajdonít a cseh entomológiák problémájának.
"A cseh kutatók bebörtönzését és vádakkal vádoltát nagy megvetésnek tartjuk", mondta.
A miniszter elkerülte a kérdést, hogy India megígérte-e, hogy elintézi az ügyet.
"Egyelőre már elég sok ígéretet kaptam", csak azt mondta.
A tengeren belüli küzdelemben a cseh lakos dönt
Közel kerül egy elektronikus térképhez, amely az Ausztrália és a környező tengeri területek képét mutatja.
De nem a kontinensen érdekli, hanem egy kis mértékben a kék óceánban.
"A sziget Ausztráliának a része, és a szomszédos tengerfenék is.
Ez a terület azonban olyan nagy, mint a kontinens" - mondja Luigi Santosuosso, az olasz jogász, aki a UN-óceán- és tengeri jogügyekért felelős 30 tagú csoport tagja.
A vezetője, a cseh ügyvéd Václav Mikulka, a részleg igazgatója, időről időre figyel a bemutatót és a teljesítményt.
A munkás lelkesedés és lelkesedés jellemzi a kormányzó légköret.
A tengeri alag egy eddig kevésbé ismert, természeti erőforrásokkal gazdag világot rejtőz.
Itt lehet olaj, ásványi anyagok és egyéb ásványi erőforrások, de még ismeretlen élőlények is, amelyek kulcsfontosságúak lehetnek a rák elleni gyógyszerek kidolgozásához.
Egy nagyobb földterület, mint a szárazföld
A tengerparti államok mostanában elkezdtek erősen vágyni az új tengeralattjáró területekre.
Az ENSZ egyezmény szerint a jogukkal élnek, amelyeket 1982-ben Montego Bayban, Jamaikában állapítottak meg.
Ez a terület elsősorban a kontinensterületnek nevezett terület, amely gyakran több száz kilométerre terjed ki az adott ország partjától.
Az Egyezmény értelmében az utóbbi kizárólag a kontinensterület összes erőforrásaira jogosult.
"A tengeri alagsor és a talaj alatti része, amely a tenger alatti kontinens természetes kiterjesztése, egyszerűsítés céljából kontinensterületnek tekinthető.
A tengerparton túlmutat, gyakran a tengeri 200 mérföldet is, ami az egyik kizárólagos gazdasági mérföld", - magyarázza Mikulka.
A szóban forgó országnak a Bizottsághoz benyújtott kérelmét a kontinensterület külső határainak megállapítására széles körben kutatott tudományos és műszaki dokumentációkkal kell támasztania, amely számos keresés és költséges mérés alapján alapszik.
Ez az évekig tartó előkészítő munka eredménye.
"Az egyik feladatunk a bizottság jogi és tudományos-technikai segítségnyújtása.
Eddig a Bizottság öt kérelmet vizsgált - Oroszországot, Brazíliát, Ausztráliát, Írországot és Új-Zélandot.
A jelenlegi időszakban csak a három utolsó ország volt sikeres" - tette hozzá Mikulka.
Az Ausztrália, amely az első ország, amely jelentősen bővítette a tengeralattjáró vagyonát, nemrégiben világszerte híres lett.
Új-Zélandnak is kiterjedt területet kapott - a Bizottság tavaly 1,6 millió négyzetkilométernyi tengeri alagságot adott ki, ami a terület hatszorosára nőtt.
Mindkét ország milliókba fektett be a keresésbe.
A jövőben a tengeri alagúton való hasznosításból származó haszon, amit ők terveznek, értékes lesz.
A Bizottság a következőket javasolja:
Ezt a "Montego Bay Egyezmény" ratifikációját követően tíz év múlva megtehetik.
Ott kezdődik az óceán aljának a kontinens-szalag végét, ahol a konvencióban "az emberiség közös örökségének" nevezett területet.
Itt egyetlen állam sem élvezi többé kizárólagos pozíciót.
A területet egy egyezményben létrehozott nemzetközi intézmény adja meg.
Mikulka igazgató túlzással megjegyezte: "De ne tévedjünk, a tengeri alag nem a Klondike-sziget, és a területek pontosan egyértelműen meghatározottak, és a rendszereik szerződésben vannak rögzítettek".
Csehország a Csendes-óceáni övezetben
A tengeri alagsor egy része ma is a Cseh Köztársaság tulajdonában van.
A régió és a kelet-európai országok egykori blokkának más államai között osztja meg a "Interoceanmetal" közös szervezés keretében.
1991-ben a Konventáció alapján a vállalatot, valamint néhány más állambeli befektetőket, a "pionjás befektető" státuszba juttatta.
A ClarionClipperton-sziget a Csendes-óceánban, Mexikó, a Hawai-szigetek és a Kiribati-szigetek között található.
A befektető által keresett terület kissé meghaladja a volt Csehszlovákia területeit.
A mélyben mozog, egyfajta tengeralattjáró tatra-replikája.
"A terület 75 000 négyzetkilométernyi területet foglal magában.
A terület egy polymetal finomított telepen áll, amely nikelt, rézt, kobaltot és mangánzt tartalmaz" - írja Ind Pakshi Rajan, egy másik jogász.
Rober Sandev, a makedóniai részleg munkatársa, egy ilyen példa.
Egy kis burgonyát, vagy egy kis képzeletességgel a mesékben szereplő shoemot, amely a legenda szerint a Golemot élvezte.
A német különleges erők a foglyok felszabadítására készültek.
Az egyiptomi kormány segítséget kért Németországtól a túszok válságának megoldására - idejöttek a szakértők.
Amikor a helyzet súlyosabb lett, a különleges egységek készen álltak, de soha nem léptek be.
Egyre több részletet adnak a 11 európai turistának kiengedésének körülményeiről, akiket Egyiptomban raboltak el.
A belügyminisztérium és a védelmi minisztérium szerint a német különleges erők is közvetve részt vettek a mentőműveletben.
A szövetségi hadsereg szakértői, a GSG 9 tisztviselői, a szövetségi rendőrség légitársaságának és a szövetségi bűnügyi rendőrségnek a légitársaságok és a Technischen Hilfwerk logisztikai szakértői a szabadulás helyszínén voltak.
A minisztérium szóvivője hétfő este közölte, hogy végül nem kellett német erőknek lenniük, mivel a foglyokat szabadon engedte a foglyok, és megszököttek, amikor felismerte, hogy a kényszerszabadítás közeledik.
Az egyiptomi kormány elfogadta a németországi támogatást, hogy a támogató erőként integrálja a támogatást.
"Helyes, hogy eddig nem történt meg", mondta egy szövetségi belügyminisztérium szóvivője.
A támadók öt német, öt olasz, egy román és nyolc egyiptomi kísérő turistát raboltak el Égypten déli részén.
A foglyokat Egyiptom déli sivatagában elrabolták, és a határon lévő területre, Egyiptom, Líbia, Szudán és Cád között átvitték.
A túszveszélyeseknek a hitük és a lehetséges váltságdíjfizetések részletei eddig homályosak voltak.
A megmentettek addig is biztonságban érkeztek Kairóba.
Steinmeier azt mondta, hogy a felszabadított túszok a német nagykövetség védelmében vannak.
Nem mondott semmit a felszabadítás részleteiről.
Berlinben jelenleg nem adtak információt arról, hogy mikor térnek vissza Németországba.
A Bild magazin szerint a öt vakációzó és a különleges erők a légierő Airbus-án indulnak majd a csütörtökön Németországba.
Az Egyesült Államok képviselőház nem fogadta el a mentőcsomagot.
Az Egyesült Államok Kongresszusának első háza a 700 milliárd dolláros pénzügyi piacok mentésére irányuló terveket nem sikerült elrontani.
A Dow Jones a mélyre hullott.
Az Egyesült Államok képviselőházának 227 szavazata ellen 206 szavazata ellenvetett a kormányzati pénzügyi piacok mentési tervét.
A két párt vezetői és az amerikai elnök, George W. Bush és a párt vezetői felhívásai ellenére a pénzügyi piacok káoszát meg kell szorítani, de a program nem kapta a többséget.
A párttagok drámai kísérletben kétségbeesetten megpróbálták meggyőzni a józan ellenzőket a 700 milliárd dolláros tervben.
Barney Frank, a demokraták képviselője a viták során a képviselőknek egy szavazatot hívott, bár a terv nem volt népszerű.
"Nehezen lehet politikai elismerést kapni azért, hogy elkerülje azt, ami még nem történt meg", mondta.
A szavazás alatt a Dow Jones több mint hat százalékkal csökkent, vagyis 600 pontral.
Ennek oka a befektetők aggodalma volt, hogy a állami mentőcsomag elronthatná a beruházást.
Nem sokkal a szavazás befejezése előtt visszaállt, majd miután a kudarc bejelentése után újra elbukott.
A szakértők most újabb súlyos turbulenciát terveznek a nemzetközi pénzügyi piacokon.
A program hatálybalépéséhez a képviselők és a szenátus jóváhagyása és jóváhagyása szükséges.
A szervezők jelentései szerint a foglalások száma növekszik
Ez egy jó téli időszak a német utazási irodák számára:
Egy tanulmány szerint a következő hónapokra szóló foglalások tekintetében a forgalom jelentősen nőtt a tavalyi évhez képest - a téli időszakban még több mint 30 százalékkal.
A tanulmány szerint a németek a gyenge gazdasági kilátások ellenére éheznek utazni.
A téli foglalások tekintetében a utazási irodák több mint 31 százalékkal nőttek a forgalom a tavalyi időszakhoz képest, amint a Német Utazási Ügynökségek Szövetsége (DRV) a hétfőn Berlinben jelentette.
A GfK Piac-kutató Intézet felmérése szerint a bukás száma már az ősz hónapokban is növekszik.
A DRV szerint így az értékesítések száma 2007-hez képest mintegy 11 százalékkal nőtt volna.
A GfK számokból származik a kutatás, amely havonta 1200 utazási irodának foglalási adatait elemzi, és becsléseit készít az általános piacra vonatkozóan.
A 2008. augusztus végétől kezdődően tett utazási foglalások bejegyezik.
A dollár alacsony árának köszönhetően a USA-ba való utazás különösen igénybe vehetett, állította a DRV.
A foglalási tartalmak száma itt mintegy egyharmadra nő.
Ezen kívül Spanyolország, Törökország és Görögország, valamint a mi országunk is a németek által különösen keresett úti célpontok közé tartoznak.
A szervezett utazások különösen keresetesek, mondta Klaus Laepple, a DRV elnöke.
Az energiának és az élelmiszerek emelkedő árai miatt a költségek "költségeknél könnyebben számolhatók a vásárló számára, mint egy individuálisan szervezett utazásnál".
A fogyasztók többek között pénzt takaríthatnak a előzetes foglalások csökkentéseivel vagy az All Inclusive ajánlataival, magyarázta Laepple.
A nyári hónapok is olyan nagyak voltak, hogy az eladások száma ismét emelkedett a tavalyi évhez képest - bár egy másik tanulmány szerint a németek száma, akik utaztak, csökkent a tavalyi évhez képest.
Az első alkalom a sörpáson.
A Ballermann vagy Apres-Ski hitek folyton, a sör a literes pizzában és a hírességek a tirolói tervező öltönyekben.
Egy sörpás rendezvény.
Suzanne Kronzuckerrel nem sok közös van bennünk.
Szőke, tévészenekar, és szabványos tirol ruhát visel.
Fekete hajaim vannak, diák vagyok, és a ruhám is használt.
De egy dolog összekapcsol minket: csak három perc a sörpésznek, és a fotósok már ránk dobnak és kitöltják a memória kártyájukat - nagyon hízelgő, amikor először megnéztem a sörpészt.
Így lehet barátkozni.
A olcsó tirol ruhák úgy tűnik, hogy elérik a célját.
Mint egy sörfesztivál turistája és a Weißwurst-sziget északi részén szokásos lakó, eddig a hagyományos öltönyben csak korlátozott mértékben éreztem magam jól.
De amikor a Terese-pályánál, minden félre nem lesz rossz.
A legtöbb ember a tyroliánus öltönyt vagy a bőr nadrágot visel, és senki sem néz ki megdugva vagy szégyenkezve - ez teljesen normális.
Csak a tyroliás ruhám szétfésze pár furcsa szemcsapást kap a chocó banánoknál.
Egy bavaró azt mondta, hogy rosszul kötöttem volna a táblámat: "balra szabad, középen szűz, jobbra házas, hátulról özvegy".
A hátsó oldalról balra háromszorosítom a láncomat.
"Ez jobb", mondja, és nevet.
Mások nem érzik a csábító technikákra, és egyszerű szalagokat viselnek, amelyekre azt írják: "Too drunk to get dressed!"
A kihibásodó fiú Bobnak hívják, Angliából érkezik, és először jön a sörünnepére.
Azt hiszi, "csodás" egy "ooooo" elterjedt.
Ezt mind elmondta nekem, miután megkönnyebbült az előző italtól.
Egyenesen a tűzbeszéd mellett, amit mindenki szemétláda.
Bob tehát egy ilyen híres vadvadász.
Másoknak nem sikerült így megszabadulniuk az alkoholtól.
A nyolckor kis segédszolgálatok futnak a piacra, és a szegény italokra kell vigyázniuk.
A nővérek inkább csoportosulnak, négyen, és a sátorokból borított ágyukat húzzák.
Így működik a legtöbb sörös festés látogatója: eljutunk, és tele vagyunk.
Azok, akik a szarvaszövegben aludnak, nem láthatók.
"Ezek azok, akik nem tudják többé semmit megsemmisíteni", - kiáltott egy mentő, amikor megkérdeztem, és eltűnt a harcokba.
A rendőrség azonosította a baleset áldozatát
Megismerte a 63 éves lábászállyal, aki a kórházban halt meg, miután egy autó ütötte meg.
Carole Paulson, a Chelmsford Roadból Brentwoodba, a városban a Shenfield Roadon történt péntek délután balesetben volt érintett.
A Queen's Hospital-ba szállították Romfordba, de később ott halt meg.
A baleset után egy 51 éves férfit letartóztattak veszélyes vezetés gyanújával.
Azóta szabadon engedte, és ő is bírság alatt áll.
Törökország bővíti diplomáciai körét.
Sok évvel azelőtt, hogy Törökország az Európai Unióba csatlakozott, az európai hatalmak várakoztak, hogy belépjenek a saját országukba.
A Boszforosz keleti oldalán, talán 20 lépésnyire, Ázsiától, található az egyik legfinomabb romlás a bukott uralkodó törekvéséből.
A Hydarpasha-i vasútállomást két német építész, Otto Ritter és Helmut Conu tervezte a neó-renaszánsz stílusban.
Legalábbis ezt mondják a útmutatók.
A műemlék a platformok hátulján van lovasban, és minden egyes sarkon van megfigyelő torony, mint néhány német tartományi polgármesterség.
A sziklákat mocskosnak találják.
Az egész épület romokban van.
De ha a boltban van, nincs kétségünk a cég méretéről, ami egy nyugati út.
A vasútállomást 1908. augusztusában megnyitotta egy német szövetség, az Anatolia-Baghdad Corporation.
Németország, amely késleltetett az imperialista játékot, a középkori uralomra vonatkozó törekvéseit a vasút révén szerette megvalósítani, amely Damaszkuszba, Bagdadba és a Szaúd-Arábiába vezet.
De az első világháború alatt a német birodalomra vonatkozó ambíciójuk összeomlott.
A vasútjait Lawrence arabság és az arabok támadták.
A külhős háború fagyott határai miatt a környékről való viszonylagos elszigetelés véget ért.
A britek és az uralkodó erők Egyiptomon túl haladtak, és a törököket és német szövetségeseiket kihúzták Palesztinából és Szíriából.
De rossz hír volt a Hyderpasha-i vasútállomásra is.
1917. évében egy munícióval teli vonat robbant fel, és elpusztította a szubtilált tetőjét.
A török források szerint ez egy szabotázs.
Azóta lassan romlik, és a történelem elterjedt.
De ma a vasúti út Anatolia felé és minden kelet felé - legalábbis szimbolikus módon - a Törökország diplomáciai területeinek kiterjedését jelzi.
Az AKP, a kormányzó Igazság és Fejlesztés párt új külpolitikai irányelvet hozott létre az ország számára.
A környező régió viszonylagos elszigetelése a hidegháború fagyos határok miatt
Most jön az ideje egy új kötelezettségvállalási politikának.
A török kormánynak figyelemre méltó kapcsolata van Izraelrel és Szíriával, a palesztin Hamasz és Fatah frakcióival, Iránral és Irakkal, és természetesen az Európai Unióval és az Egyesült Államokkal.
Hogy megvizsgáljam az új külpolitika paramétereit, egy ágyba szálltam Ankaraba, a török AKP képviselőjének, Suat Kiniklioglu-nak, a külpolitikai szakértőjének látogatására.
Másnap reggel, 10 és fél órás utazás után, a hangos vonatokban, amelyek ritka emlékeztetettek a híres dokumentumfilm The Night Mail régi világára, végre megérkeztem a török fővárosba - egy új, százades városnak, amely visszafordult a német múltba.
De az AKP, amely jól ismert iszlám gyökereivel rendelkezik, egy példa a török konszenzus változásaira.
A nyugatiakat gyanúsította, különösen Washingtonban.
Egy taxikám elvitt az AKP főhadiszállásába, egy rendkívül modern, kifejezetten kőből és acélból épített épületbe, egy fejlődő körzetbe, amely körülbelül félépített kereskedelmi központok és sok sütőhely van, ahol a férfi és női melltartó-kötőruhás vezetők találkoznak reggelente.
Suat Kiniklioglu jobbközép politikus lehetett volna, bármi más európai pártból.
Egy öltöny, egy nyakkendő, és még egy Black Berry is.
"Ez a külpolitika célja, hogy Törökországot újra beilleszthessük a közvetlen szomszédságába.
A hidegháború egy anomália volt" - mondta.
Törökországot elválasztották a hátsó országból.
Most mindkét oldalra kell nézni.
Ez nem volt a helyzet mindkettőjük között.
Mindkettővel kellett volna foglalkoznia.
De egy pillanatban megkérdeztem, hogy Törökországnak nem kellene választania?
"Törökország" - mondta - "nem akarja választani a kettő között".
Aztán rámutatott arra, amit szinte mindenki, akivel beszélhettem, elmagyarázott nekem: a török vasút nem csak a Közel-Keleten megy, hanem a Kaukázushoz is, és a Fekete-tengeren, így ez mind Európának, mind az Egyesült Államoknak, mind Törökországnak előnyös.
A Törökország integrációjával a üzenet egy Európa, amely metaforikus úton jár az ázsiai és a közel-keleti vasúti úton.
Visszatértem a Hydarpasha-i állomáson, és egy másik éjszakát alvás nélkül töltöttem, és a két német, Herr Ritter és Herr Conu, akik 100 évvel ezelőtt részt vettek az épület építésében.
Meglepődtek volna, ha azt látnák, hogy a Közel-Keleti európai ambíciók nagy része Törökország kezében lehet.
Ahogy a terminálnál, a Boszforos átjáró kompnál vártam, emlékeztem arra, hogy a Törökországot "Európa betegének" nevezték.
Legalábbis nincs kétség a kontinensben, hogy az a csodálatos ország.
Vernon Handley és William Woodruff emlékjelei.
Mark Brown írja: Vermon "Tod" Handley (születrőlte szeptember 11-én) a Guildford Philharmonic Orchestra and Choir vezetője volt 1962 óta.
Már a város zenéjének kezdetén alapította a következő évben a Fantasy Youth Choir, Proteusot.
A zenekárban 21 év alattiak kellett volna szerepelnie, de mielőtt Proteus 1979-ben énekelte volna az utolsó dalt, sokan közülünk, akik 20 évesek voltak, nem akartak elhagyni a zenekárt.
A Proteus név (amely a mítosz szerint változott formában) a kórus hajlandóságát és képességét jelképezte arra, hogy bármilyen zenét kezeljen, legyen az madrigál vagy messiáni.
Az ilyen fiatal zenekár által előállított zenei sokoldalúség gyakran lenyűgöző volt, mindig izgalmas, és ez csak egy ember által inspirált, és a zene iránti lelkesedése miatt, ami az évek során állandó maradt.
Tudjátok, Todd azt mondta nekünk, hogy "hagyd, hogy a zene beszéljen önmagáért".
Azt mondta, "A zenész tudja, mit akar".
Minden ott van, a zeneben.
Akkor énekeljetek!"
A botos technikája teljesen világos volt, pontos, bár soha sem volt diktatorikus, sem látszólag.
Bármilyen zenélő volt, sokkal magasabbra emelte.
John Frayn Turner írja:
Ha egy sofőrnek kell a lovaglása, akkor Vernon Handley.
A 1962-1982 között ismertem, amikor a Guildford Philharmonic-t vezette.
Az elmúlt 40 évben több mint száz koncertét láttam, és őszintén mondhatom, egyik sem csalódott meg. És néhányszor még inspiráltak is.
Tod Handley olyan ritka volt, hogy nagy és szerény.
Utálta azokat a sofőröket, akik szerint "csak bizonyos emberekre koncentrálnak".
Sokan fogjuk hiányozni.
William Woodruff
John Beckett professzor ezt írta:
William Woodruff (szülött szeptember 25-én) a lemezében azt írja, hogy " 1946-ban folytatta a gazdasági történelem tanulmányait Oxfordban, és 1950-ben a Houblon-Norma kutatás tagja lett, miközben BSc, MA és PhD-t végzett".
Ez a Woodruff írójának Beyond Nab End című levéléből származik, de ez nem igaz.
1946 és 1953 között gazdasági történelem professzora volt Nottingham Egyetemen, és egyidejűleg befejezte a PhD-t a brit műanyagiparról, a professzor J.D. Chambers felügyelete alatt; ezt követően 1958-ban The British Rubber Industry címmel jelentették be.
Az 1950-es és 51-es években az Egyesült Államokban a Houblon Normanban tanult, 1952 nyarán pedig az Illinois, Harvard és New York egyetemén.
1953-ben Nottinghamból Illinoisba költözött.
A Woodruff miért választotta elrejteni ezt a múltat, még mindig nem ismert.
J. Vicente Resino a filozófia-tanácson
"Rekomendálom José Vicente Resinót, a flamenco és az élet című kiállításra, mert a fekete-fehér fotózását, a dokumentum stílusát, fantasztikusnak találom.
A hangulatok a egyszerűségük és a hangulatuk, és a nagy tisztelettel járnak a főszereplőkhez.
Egy olyan előadás, amely sok érzést kelt.
Resino képes megragadni a varázslatos pillanatot".
Második támadás a Honda szuperértékesítésekért
Novembben a Honda a Jazz második generációs modelljének forgalomba hozatalát kezdheti.
Ha az elődje már jó lakhatóságot rendelkezett, az új egyhangú jármű még nagyobb teret is tartalmaz.
Ezen kívül néhány finomabb gépjárművév is, ami növeli a kényelmet és a benzinmegtakarítást.
Egy forradalommal szembeni fejlődés.
Ez a második generációs Honda Jazz.
Bár a új Honda Jazz szépség szempontjából nagyon hasonló a korábbi modellel, a változások sokak.
Ezek közé tartozik az új tervezés, az új platform, a nagyobb méretek és az új motorok.
A új modellt megvizsgálva azonban meg kell jegyezni, hogy az új Honda Jazz hat évvel az első generáció forgalomba hozatalától kezdve érkezik.
Először is, a Honda rövidebb idő alatt újjáépítette ezt a modellt, mint a többi gyártó.
Bár Európában a Honda Jazz kevésbé ismert, más piacokban is ez a modell értékesítésben jelenik meg.
Ez a helyzet Japánban, ahol a Honda Jazz volt a legértékesebb autó 2002-ben és 2008-ban is.
Pontosan Japánban már közel egy millió Honda Jazz-t adtak el a forgalomba.
Az Old Continent, amely több mint egy millió autóval értékesített hat év alatt, a második helyen áll.
A Honda azonban azt állítja, hogy az új Jazz lehetővé teszi számukra, hogy növeljék az európai értékesítését.
A japán márka 2007-ben 83.000 Honda Jazz-t értékesített, 2009-ben 100 000-et tervezi, ami az európai piacon 17 százalékos értékesítési növekedést jelentene.
A spanyol piacon a Honda 2002 óta 8000 Jazz-t értékesített, ami a spanyol Honda értékesítésének 6,7 százalékát teszi ki.
A spanyol fiókhivatal vezetői egy év alatt 2000 Jazz-t akartak eladni.
A Jazz kiadásával a Honda nagyban csökkentheti a spanyol eladások csökkenését.
A márka vezetői remélnek, hogy az év végére 22 000 autó eladott, vagyis 4 000 autó kevesebb, mint 2007-ben, ami 16 százalékkal csökkent.
A növekedés eredményeként a Honda Spanyolországban növelte piaci részesedését, 1,8 százalékkal, tavaly 1,6 százalékkal szemben.
A japán márka szintén várja, hogy 2010-ben 2%-os piaci részesedést szerezzen.
A Honda reméli, hogy megkapja a piaci részesedést, amikor az új modell megjelenik.
Az Insight egy öt ajtóú, kompakt, 4,37 méter hosszú hibrid, amelyre a japán cég évente közel 200.000 autót kíván értékesíteni a világszerte.
A japán gyártó becslése szerint a piacok és a piacok alapján az Insight értékesítésének 50%-a az Egyesült Államokban lesz, a többi felét pedig az Old Container és Japán között osztják el.
Az Insight kereskedelmi forgalomba hozatalát jövő év első három hónapjában tervezik, miután januárban Valenciában bemutatta a nyilvánosságnak.
Az első generációhoz képest az új jazz egyre nagyobb méretű.
A hosszúja 3,90 méter, szélessége 1,69 méter, és a tengelyek közötti távolság 2,50 méter, ami öt méterrel nagyobb.
A magasság azonban nem változik, vagyis 1,52 méter.
A méretek egyre nagyobbak, a belső tér is.
Ez az előnyúlik egyfelől az új platform bevezetésével, másfelől a központi pozícióba helyezésű üzemanyag-tartalék bevezetésével, ami a Honda Jazz esetében is elfogadott megoldás.
Hasonlóképpen a két-takaró rendszerben lévő - a doboz kapacitása akár 399 literet is tartalmazhat, ami 19 literes kapacitás több az első generációs dobozhoz képest.
Meg kell jegyezni, hogy ezek a méretek a 1.4L-es motorral készült verzióhoz hasonlóak, mivel a Honda Jazz 1.2L-es doboz 379 literes kapacitással rendelkezik.
A másik innováció - a hátsó lámpák és a panorámikus tetőgépekhez hasonló külső elemek mellett - a hátsó helyekhez való hozzáférés javítása.
A hátsó üléshez vezető ajtók 80 fokos nyílási szöggel rendelkeznek, a korábbi jazz hátsó ajtókhoz képest, amelyek 67 fokos nyílási szöggel nyitottak.
A motorok is újak a második generációs jazzban.
A forgalomba hozatal kezdetén a kis modell két 1,2 és 1,4 literes benzinmotorral lesz felszerelve.
Mindkét motor rendelkezik i-VTEC technológiával, amely csökkenti a benzinfogyasztást és a CO2 kibocsátást, ami a motor erősebbé teszi és a motor sebességét növeli.
Az első 1,2 literes motor 90 lóerővel halad 6000 tr/min és 114 Nm-es nyomásvel 4 900 tr/min.
A korábbi Jazz 78 lóra emelkedett hajtóműje 5,3 liter benzinfelhasználást mutatott 100 km-re, 125 gramm széndioxid-kibocsátást.
A korábbi hajtóművel szemben, amely a korábbi generációban 83 lóra nőtt, most 100 lóra nőtt.
Ez a 100 lóú Honda Jazz 1.4L együttes fogyasztása 5,4 liter 100 km-re és 128 gramm széndioxid-kibocsátás.
A "mékséges autó" a ütközések elkerülése érdekében
A balesetmegelőzési technológiák fejlesztése érdekében a Nissan a természetre, különösen a méhekre támaszkodott.
A japán cég egy olyan robotot készített, amely a méhek lopását utánozza, és elkerülheti a baleseteket.
A bio-mimetikus autó robothajtó, vagy BR23C, az első lépések a ütközésmegelőző technológiák felé.
A Nissan Motor Co. Advanced Technical Center mérnökei a japán Tokiói Egyetem Fejlett Tudományos és Technológiai Kutatóközpontjával együttműködve készítették ezt a kis robotot.
Kazuhiro Doi, a közbeszédes vezetője a technológia és a márka-kezelés kutatása és fejlesztése, szerint a BR23C a Nissan biztonsági pajzs növekedését jelenti.
Ez a robot lehetővé teszi a márka járművei számára, hogy megelőzzék a ütközéseket.
A repülés során minden méh saját, ovalos szobát teremt, amely nagyon hasonlít a Nissan biztonsági pajzsra.
De a legfontosabb a méh szeme, amely több mint 300 fokos szögben és minden irányban lát, így folyamatosan repül a saját személyes térén belül.
A vizuális funkció újjáépítése érdekében a mérnökök úgynevezett lézer-kutató (Laser Range Finder) készüléket fejlesztettek ki.
A gép két méter távolságra, 180 fok körzetben lévő akadályokat észlel, és számolja a távolságot a tárgyhoz, és azonnal küld egy jelet a mikroprocesszornak, hogy elkerülje a akadályt.
"Amikor egy akadályt észlel, a kis robot egy méh mozgását utánozza, és azonnal irányt változtat, 90 fokkal vagy annál nagyobb fokkal forgatva a kerekét, hogy elkerülje a ütközés.
A legnagyobb különbség a létező rendszerektől az, hogy a menekülési mozdulat teljesen ösztönös.
Ha ez így lenne, a robot nem képes lenne elég gyorsan reagálni, hogy elkerülje a akadályokat". - magyarázza Toshiyuki Andoh, a Migration Laboratory igazgatója és a projekt főmérnökje.
A méhhez képest a robot nem fordulhat felfelé vagy lefelé, sem diagonalul; csak két dimenzióban mozoghat, és a kerekek által lehetővé tett módon, nem pedig végtelen irányban, mint a méh.
Ezért a Nissan forgatási funkciót használt, de gyorsítás és lassítás funkcióját is, hogy a kis robot elkerülje a akadályokat.
"Egy másodperc alatt a készüléknek csak az információt kell kezelnie és az adat alapján kell cselekedni.
Nem kell megtartania az előzetes műveletek információit és intuitív logikait, ezért csak néhány tucat KB memóriával képes folyamatosan működni.
Ez meglepő lehet, de nem beszélünk meggbaktes memóriáról, vagy még megabaktesről sem".
Ez az első autó, amely új ütközésmegelőző technológiákat fejleszt, és a Nissan hamarosan bevezetheti a gyártási járművekbe.
A robot a lítium-polymer akkumulátorokkal működik, amelyek könnyebbek és tartósabbak a lítium-ion akkumulátoroknál.
A jövőben a technológia másik lehetséges alkalmazása a GPS műholdas navigációs rendszerbe való alkalmazása lehet, hogy a járművezetőnek a célpontjához jusson, és elkerülje a közlekedés akadályát.
Félnek, hogy kiveszik őket a jelzálogból.
Be kell ismernünk, hogy az Egyesült Államok kincse, túl arra, hogy rengeteg pénz van a tervek elkészítésére, nem hiányzik a zseniekből.
A válság miatt, és azért, hogy az amerikaiak ne váljanak hitelező bankoknál, egy játékot hoztak létre, hogy ne csődbe kerüljenek: a Bad Credit Hotel.
Vagyis a "Károsszámú Hotel" vagy a "Storik".
A lakás szomorú megjelenése, és különösen a szállodásvezető, többször is arra késztet minket, hogy gondolkozzunk, hogy ez a megfelelő idő a kölcsön kérésére.
És ami a legfontosabb, hogy hol kell csinálni.
Ez a játék biztosan hasznos, de nem részletes információt ad.
Nem a tizenévesek játszanak.
Mi lesz, ha a játék véget ér?
Mivel egy álomszobája a szállodában jelenik meg.
Jobb, mint semmi, mert elképzelhetetlen, hogy egy házat vásárolsz
Morgan Stanley nyitja be a tőkeját a MUFG-be
A Morgan Stanley bejelentette, hogy a Mitsubishi UFJ Financial Group (MUFG), Japán első bankja, bejut a tárgyaláson, ahol kilenc milliárd dollárt fizet majd ki, hogy 21 százalékot vegyen a tőkéjéről, ami egy erős tőzsdeáradása miatt jelentkezik.
Egy héttel azután, hogy előzetes megállapodást tettek közzé, a két bank elmondta, hogy a MUFG a Morgan Stanley részvények 9,9 százalékát 25,25 dolláros egységes árral fog megvenni, vagyis összesen három milliárd dollár.
A visszafoglalt ár 19 százalékkal alacsonyabb a titkok számviteli értékénél augusztus 31-én.
A MUFG további 6 milliárd dollárt fog befektetni a konvertibális értékpapírok megszerzésében, amely 10%-os megtérülést biztosít neki, és 31,25 dolláros konverticiós árat is.
A Morgan Stanley kifejtette, hogy az átlagos egységár 29 dollár, vagyis 28 százalékkal magasabb, mint a jelenlegi ár alapján történik az átfogó ügylet.
A Morgan Stanley részvény azonban 6,79 százalékkal vesztette a 23.07 dolláros értékben a GMT 17.00 körül.
"Ez a stratégiai szövetség fontos lehetőség arra, hogy gyorsítsuk a Morgan Stanley bankvállalkozásának átmenetét" - mondta John Mack, a bankcsoport amerikai vezérigazgatója.
A Morgan Stanley a múlt héten fogadta el ezt az új jogállást, ami lehetővé teszi a diversifikálást, de a Federal Reserve hatalmának alá vonja.
A MUFG-vel való szövetségük azt is megerősíti, hogy a jelenlegi pénzügyi válság kényszeríti a Wall Street legnagyobb nevét, hogy óvatosabb lépéseket tegye, mint korábban.
A hétfőn bemutatott feltételek azt is mutatják, hogy az egyezmény az elmúlt napokban megváltozott: múlt hétfőn Morgan egyszerűen bejelentette, hogy akár 20%-át is eladja japán részvényének mintegy 8,5 milliárd dollárért.
"Minden hete, Toshihide Mizuno, a MUFG ügyvezető igazgatója Tokióban elmondta, azt hittük, hogy a részvétel teljes egészében a szokásos részvényekből állna.
De a jelenlegi gazdasági és piaci helyzet miatt a kockázatok minimalizálására és fedezésére törekszünk".
A MUFG a Morgan Stanley értékpapírok átlagos súlyozott árájánál 7%-kal kevesebb összeget fizet a számviteli értéküknél.
És az üzlet a részvényes nyereség 20%-os csökkentésével fog járni.
A megállapodás értelmében a MUFG egy éven belül felét a kedvezményes tőkeértékesítésekből szokásos tőkebe tudja átalakítani, ha a tőkeértékesítések egy adott időszakban a tőkeértékesítés árának 50%-ánál magasabb, vagyis körülbelül 47 dollárnál magasabb értéken kereskednek.
A Morgan Stanley azt állítja, hogy a MUFG által nyújtott tőke lehetővé teszi, hogy befektetési lehetőségeket használjon fel, hogy erősítse a mérlegét és növelje a likviditását.
A csoport szóvivője azonban nem adott részleteket a két új szövetséges stratégiai terveiről.
A MUFG befektetése után a Morgan Stanley-nek a legmegfelelőbbek között a szektorban a legmegfelelőbbek közül a Tier One-es hitelviszonytalanság körülbelül 15%-kal kell teljesíteni.
Morgan azt mondta, hogy augusztus végén "nagyon" csökkentette a számláját.
Az elmúlt hetek próbásak voltak a vállalatcsoport számára, amely a tőzsdeárak felhalmozódását látta, miközben a tartozással szembeni járó biztosítási költségek felhalmozódtak.
A költség hétfőn visszaesett, de a magas szinten maradt, körülbelül 12 százalék.
A múlt héten a Goldman Sachs, a Wall Street egyik legnagyobb befektetési bankja, amely a Bear Stearns és a Lehman Brothers csődétől és a Merrill Lynch megvásárlásától számított, bejelentette, hogy 15 milliárd dollárt gyűjtött fel, részben a Warren Buffett csoportját, a Berkshire Hathaway-től.
Rafael Correa Quitóban hétfőn.
A 21. század szocializmusán alapuló köztársaságot újraépíteni.
Ez a közös projekt a venezuelai Hugo Chavez, a boliviai Evo Morales és az ecuatoriai Rafael Correa.
Ezen a vasárnap, mint a kollégái és barátai, ő volt a harmadik, aki hangsúlyozta az új alkotmánytervezetet.
A küldetés teljesült, mivel a szavazók 64%-a igent adott a népszavazásra, a hivatalos eredmények szerint a szavazatok 80%-a.
A "nem" 28 százalékot kapott, a szavazatok 7%-a nulla volt, és a szavazatok 0,7%-a fehér volt.
Ahhoz, hogy az alkotmánytervezet elfogadásra kerüljön, a szavazatok felét plusz egyből kell szerezni.
Vasárnap két szavazóközponton végzett felmérés és egy nem kormányzati szervezet számlája szerint a "igen" széles körben győzött, 63-70%-kal.
Rafael Correa hétfőn és vasárnap este állította, hogy az alkotmánytervezetének győzelme van.
"A alkotmány túlnyomóan győzött" - mondta, és üdvözölte az ecuatoriakat Guayaquil kormányzati központjában, 280 kilométerre Quito délnyugati részén.
Természetesen Rafael Correa-t Chávez és Morales, valamint a chilei Michelle Bachelet dicsérte.
A szavazás, amely a Amerikai Államok Szervezete (OAS) megfigyelő küldetése szerint csendesen zajlott, egy 444-pontos szövegre vonatkozott, amely megerősítette az elnök által támogatott "új szocializmusot".
A törvénytervezet a gazdaságra vonatkozó hatalmat a kormányra ad, azzal a céllal, hogy egy ország "fejlesztési tervezése" egy olyan országra vonatkozzon, amely elsősorban a külföldi vállalatok által végzett olajgyűjtésből és a bevándorlók által küldött valutákból él.
Correa által, aki 2006-ban választották, a projekt megerősített hatásköröket ad a kormányfőnek, aki akár két egymást követő négyéves megbízatást is tölthet meg, és feloszthatja a Közgyűléset.
Correa már korábban bejelentette, hogy ezt a hatalmat használja fel, és új megbízatást fog szerezni 2009. februárban.
Az alkotmány megerősíti továbbá az egészségügyi és oktatási szolgáltatások ingyenességének alapelvét, amelyet az elnök elkezdett létrehozni ebben a 13,9 millió lakosos országban, ahol az emberek 50%-a a szegénység határa alatt él.
Végül a törvény tiltja a külföldi csapatok jelenlétét, ami véget vet a Quito és Washington közötti egyezménynek az ecuadori bázis használatáról, mint az amerikai kábítószer-ellenes műveletek kezdőpontja.
A 19 foglyot szabadon bocsátották Tchadban
Egy egyiptomi parancsnok támadták az elrabolók ellen, akik elrabolták a 11 turistát és a nyolc társát, akiket tíz nappal ezelőtt fogtak el.
Kairóban vannak.
A tíz napos fogságban tartott 11 európai turista és nyolc egyiptomi kísérőjüket hétfő délután biztonságban hozták vissza az egyiptomi fővárosba.
Reggel egy egyiptomi parancsnok kiengedték őket Cádban.
A túszok úgy tűnik, hogy a rendkívüli repülőgépben érkeztek el az al-Maza katonai bázisba, ahol a Kairói Nemzetközi Repülőteret találták.
Azonnal helikopterrel szállították őket a Kairó lakóvárosában lévő Maadi kórházba, ahol vizsgálatokat végeztek.
"Jó egészségük van" és "a rabságokat nem fizették meg", mondta az egyiptomi turizmus miniszter, Zoheir Garanna a szárazföldön.
A szövetkeztet szeptember 19-én elfogták egy 4x4 safari során az Ouanat-hegy alján, Egyiptom, Szudán és Líbia határán, 35 ismeretlen rablásza által.
A látogató 11 turista - öt olasz, öt német és egy román - és nyolc egyiptomi: két útmutató, négy sofőr, egy határőr és az egyptomi ügynökség igazgatója, aki a safari szervezését végzi.
Egy egyiptomi biztonsági tisztviselő azt mondta, hogy 30 különleges erőt, akiket két helikopterrel szállítottak, az éjszaka közepén, a napkelté előtt indítottak a támadást.
"Tűzlődés történt, és a fogvatartók felét megölték, a többieket elmenekültek", mondta a névtelen tisztviselő.
A közlemény szerint a "fény" egység 150 egyiptomi különleges erőt küldött Szudánba, ahol német és olasz parancsnokok támogatták őket.
Franco Frattini olasz diplomácia vezetője Belgrádban, ahol tartózkodik, a titkos ügynökök és az olasz különleges erők elemének szerepét említe.
"Meg kell ismernünk, hogy ezt a végzetet a titkosszolgálatunk, a különleges erők szaktudása és hatékonysága köszönhetjük", mondta, részlet nélkül.
Az Isten azt is tagadta, hogy a váltságdíjat fizették.
A múltkor a szudáni hadsereg azt állította, hogy egy járőrövezet során elfogták egy 4x4 járművet, amelyben a rablók voltak, és hat embert öltek meg, köztük a cádiai vezetőket, és kettőt letartóztattak.
A hadsereg azt állította, hogy kapcsolatban álltak egy Darfur-i lázadó csoportkal, a Sudan-Egyedelet Szabadítási Mozgalommal (SLA-U), amit a mozgalom azonnal tagadott.
A levelek - a legtöbb csendes kultúra
A kultúra finanszírozásáról szóló vita a hírek közé került, és a választási kampányban is.
- Ez jó.
De a kulturális életünk egyik része mindig elfelejtett.
Ki fog felkelni, hogy feljelentse a kis múzeumokra, az archívumokra, a régészeti feltárásokra vagy a nemzetek történelmi helyeihez fordított szegénységet?
Ki merne emlékeztetni a szövetségi kormányt arra, hogy figyelmen kívül hagyja a műemlékeket és az épületeket?
Hogy Quebec-ben, mint Kanadában, nincs valódi törvényünk, amely valóban megvédi a örökségünket?
Tudtad, hogy a francia kormány 3,5 millió eurót költ a Loire völgyében található Chinon kastély helyreállításához?
Az amerikai szomszédok között az országuk alkotmányában azt írják, hogy a kulturális örökség védelme része az amerikaiak kultúrájának, és ezt a örökséget minden polgár, minden választott, minden kormányzati részlegnek kell megvédeniük, és ezt összefoglalva kell tenniük.
A Québec-i Történeti Társaságok Szövetségében legalább 40 000 önkéntes dolgozik 211 történelmi, örökség, archív és pedigri társaságból, akik a történelem kutatására törekednek, három magánarchívum-gyűjtemény alatt, valamint a régészeti maradványok megőrzésére.
Ezek gyakran a mi örökségünk őrző kutyájaik, akik a kétségbeesés energiával tiltakoznak, amikor a promótorok és a döntéshozók a régi kőink és a feledésbe vett temetők ellen dobják a buldozerüket.
Mikor lesz a történelem és a örökség előadása?
A Benelux kormányok a Fortis bank részét nemzetiítve
A Benelux-államok részben támogatják a belga-hollandi bankot, amely az első európai bank, amely a hitelpiaci válságok hóhéj hatása miatt a bajba került az Egyesült Államokban, részben megnemesíti.
A hétvégén a belga, luxemburgi és holland kormányok a legmagasabb szintű megállapodást kötöttek a kérdésben, és a Bizottság versenyügyi főnökét és az Európai Központi Bankot is felkérte.
Az euróövezetben a Fortis bank az első nagy válság, amely az elmúlt egy év során a nemzetközi pénzügyi válság következtében jelent meg.
A három állam vasárnap este hozott döntésnek megfelelően majdnem a bank tőke felét (minél 49%) megvásárolja, amely a két országban található.
A bank kétségtelenül eladja részesedéseit, köztük elsősorban az elsősorban biztosítási tevékenységeket, amelyeket tavaly az ABN Amro holland szervezettől vásárolt.
A Fortis részvények a múlt héten kezdtek el a nagy csúszást, és a hét második felében már komoly jeleket mutattak a bankban a válságra.
A szakértők egyetértenek abban, hogy a bank 85 000 alkalmazottjával túl nagy ahhoz, hogy csődbe kerüljön.
Csak pénteken a cég részvényei 12 százalékkal csökkentek, ami a legalacsonyabb szintje volt 14 éve.
Január óta a részvények értéke kétharmadával csökkent.
A részvények jelenlegi értékét figyelembe véve a csoport tőke összértékének értéke körülbelül 14 milliárd euró, ami a vállalat vezetőinek szerint nem valószerű.
A vállalat vezetése azzal vádolja, hogy az Atlanti-óceán túloldalán fennálló bizonytalanság, ami a 700 milliárd dolláros amerikai mentőcsomag elfogadásával kapcsolatos, a Fortis részvények csökkenésének oka.
Hétfőn már enyhe növekedést értek el a papírokból.
Szerdán Filip Dierckx lett a bank vezetője, mint az új vezérigazgató.
A pénzügyi szervezet szintén magánvásárlókat keresett, de még nem kapott javaslatot a lényegről.
A belga kormány korábban bejelentette, hogy a befektetőknek nem kell aggódniuk, nem fognak elveszíteni a pénzüket.
A bank ügyfelei között nem volt pánik, és nem támadtak meg semmilyen ügynökséget.
Magyarországon a Fortisnak független ügynökségek vannak, és leasingvállalatokat is felvásárolt.
Egy róka a csirkebe
Az amerikai élet- és egészségbiztosítási cégek gyakran nem írnak alá egy biztosítási szerződést egy jelöltvel az orvostudományi vásárlásról szóló információk alapján.
Az információvédelmi szakértők attól tartanak, hogy a adatpiac irányíthatatlan lesz.
"A gyógyszerek felírására vonatkozó információk felhasználását minden esetben az érintett személy hozzájárulásával köti össze az adatvédelmi programok.
Az ilyen programnak önálló kézben kell lennie, különben az olyan, mint egy róka a csirkecskeét" - mondta Richard Dicket, a Washington Postnak, aki a gyógyszerek felírására használt programot készítette.
A biztosítótársaságok a károk esetén biztosított biztosítási díjat és tőkebeosztást a jelenlévő ügyfél egészségét függővé teszik, és ha úgy vélik, hogy a kockázat túl nagy, akkor még nem is biztosítják.
Korábban az orvosok küldték az orvosvizsgálatra a jelölteket, és csak a védelemről szóló szerződéseket írtak alá, miután megtudták a eredményeket.
A 10 év alatt Dick egy sokkal olcsóbb eljárást talált: egy azonosító számot használva, könnyen hozzáférhető a gyógyszertárakhoz, az elmúlt 18 hónapban vásárolt gyógyszerekről szóló adatokat, és a program alapján a személy saját maga határozza meg, milyen betegségben szenved és milyen állapotban van.
Például ha a személy rendszeresen magas adag koleszterinszint-csökkentő szereket vásárol, akkor az a magas vérzsírszint, ami azonnal egy nagyobb kockázatot jelent.
A program több változata is forgalomban van, amelyek egyidejűleg meghatározzák a kockázati mutatót, így a biztosító nem tehet többet a papíroktól eltekintve.
A program hátrányaiból egy olyan, hogy egy gyógyszert különböző célokra használhatunk, például néhány keverék a migrén vagy a hőséges puha ellen használható, de hatásos lehet a depresszió ellen is.
A biztosítók ezt a kockázatot súlyosbító tényezőnek tekintenek, míg a többi nem.
Néhány vállalat a kutatás és az adatelemzés területén fejlődött, és a gyógyszerészektől a szükséges információkat felvétel előtt engedélyt kell kérniük a betegtől.
Mostanra a hatóságok kényszerítik őket, bár korábban nem büntetették őket a hibáikért.
Nemrégiben egyes vállalatok laboratóriumi vizsgálatok eredményeit is feldolgozzák, és összekapcsolják őket a gyógyszerek fogyasztásának adataihoz, így képesek még pontosabb képet adni a betegek egészségének állapotáról.
Egyre több vállalat kap hozzáférést az adathoz, és a felhasználás ellenőrzése egyidejűleg egyre nehezebb.
A gyógyszerészeti adatvédelmi törvények külön vannak, de csak a szakemberek és a biztosítók vonatkoznak rá.
A Kongresszus egy olyan törvényalkotásról van szó, amely a hatóságok ellenőrzési körének kiterjesztését a adatszolgáltatásban szakosodott vállalatok tekintetében is előterjesztette.
Dick Richard elismerte, hogy ez nem elég, ezért még továbbfejlesztette a programját, amely a személyes adatok átadását a szóban forgó személy kizárólagos beleegyezésével feltételezi.
A másik kérdés az, hogy az érintett valóban szabadon adja-e meg a hozzájárulását, mivel ha nem adja meg, a biztosító nem ír alá a biztosítási szerződést vele.
Így a csirke végső soron a róka jótékonyságára támaszkodik.
Marseille egész menüje
Az Európai Unió és India kétszeresére növeli a kereskedelmet.
Mivel az Európai Unió és India nagyon fontos kereskedelmi partnerek egymásnak, ez a téma a kilencedik csúcstalálkozó napirendjén is dominált, a többi, nagyrészt globális probléma mellett.
Ma is lesz egy francia-indiai csúcstalálkozó, ahol főleg az atomenergia-politikai együttműködésről lesz szó.
Az Európai Unió elismerte, hogy India egy nagy, feltörekvő demokratikus erő, akinek nagyobb jogot kellene adni a nemzetközi ügyekben, de a tagországok még nem tudtak megállapodni abban, hogy támogatják-e New Delhi-t az ENSZ Biztonsági Tanácsának állandó tagjelölésére.
A múltkor már nem is sokat foglalkoztak ezzel a kérdéssel a 9. csúcstalálkozóban, amely Marseille-ben zajlott.
Nicolas Sarkozy francia elnök, az EU jelenlegi elnöke, José Manuel Barroso bizottsági elnök és Javier Solana diplomáciafőnök a Manmohan Singh indiai miniszterelnök üdvözölését követően megállapodtak abban, hogy öt év alatt kétszeresére növelik a kereskedelmi forgalmat, ami mintegy 100 milliárd euró növekedést jelent.
Ha figyelembe vesszük, hogy a 2000 és 2007 között a áruk kereskedelme 25 milliárd dollárról 55 milliárd dollárra nőtt, ez nem tűnik túl nagyra törő célnak.
A két ország 26 polgári repülésről szóló egyezményét a törvényes harmonizációban részesítették Indiával, így a jövőben a légi kereskedelem is növekedhet.
India szeretné, hogy 2009 végéig aláírja a szabadkereskedelmi megállapodást az Unióval.
Sarkozy megígérte, hogy felgyorsítja a tárgyalásokat.
A cél az, hogy egyensúlyba hozzuk a helyzetet az egyik oldalról az EU első kereskedelmi partnere Indiával, a másikról pedig New Delhivel, amely az EU partnerek közül csak a kilencedik helyen áll.
A csúcstalálkozó a globális ügyekre fordította a figyelmet.
A pakisztáni és afgán helyzetet és minden formát terrorizmusot erősen elítéltek, és az ENSZ konferenciájának sürgősségéről beszéltünk.
A Dohá kereskedelmi ciklus befejezését is megkérték, bár mindkettő nagy szerepet játszik a jelenlegi kudarcban.
Az EU megerősítette, hogy továbbra is hű az energia- és éghajlatprogramhoz, többek között azt, hogy legalább 20 százalékkal csökkenteni akarja a mérgező anyagok kibocsátását 2020-ig.
India is egyetértett ezzel, és azzal is, hogy egy globális piacra kell törekedni a jövő évre tervezett éghajlatkonferencián, és a szén-dioxid-kibocsátás 50%-kal csökkenteni 2050-ig.
A Bizottság azt is szeretné, hogy a élelmiszerárak nem emelkedjenek, és támogatta a pénzügyi válságra vonatkozó nemzetközi munkahelyi találkozó összehívását.
Az indiai kormányfő ma Franciaország fővárosába utazik, ahol kétoldalú találkozóban készül az atomenergia békés felhasználására vonatkozó megállapodás aláírására.
Párizsban a francia cégek várhatóan 20 milliárd euró értékű megbízást kapnak indián atomreaktorok építésére.
A hírügynökség szerint a megállapodás 15 évre szól.
Frankfurtban több mint háromszáz olasz kiadónk
Nagy olasz kiadó jelenléte a Frankfurt-i Nemzetközi Könyv-kiállításon.
Több mint 300 olasz kiadónő jelen volt a Buchmesse 60. kiadásán, a jogok cseréje terén a legfontosabb nemzetközi rendezvényen.
A Frankfurt Nemzetközi Könyv Kiállításon a kiállításon a 101-es országból több mint 7 ezer kiállítót várnak, akik a kiállítás 171.790 négyzetméteres területein fognak részt venni, és több mint 403 ezer könyv van kiállítva, valamint Törökország a tiszteletbeli vendég.
A kulturális javak és tevékenységek minisztériumának alelnöke, Francesco Maria Giro fogja képviselni az olasz kormányt az Olasz Papillon megnyitói ünnepségén.
Ezt követően a könyvkereskedelem 5.0-as szimbólumában a Room Struktur-ban találkozik a sajtóval, ahol bemutatják a kiadók helyzetéről szóló számokat, tendenciákat és kilátásokat Olaszországban.
Az adatok szerint a külföldi szerzők könyveinek jelentősége fokozatosan csökken az olasz teljes termeléshez képest, és különösen az felnőttek és gyermekek számára.
Megtalálták Steve Fossett repülőjét, a tavaly eltűnt milliárdos.
Steve Fosset repülőgép-robbanását találták, aki 2007. szeptember 3-án eltűnt a nevada sivatagban.
A hulladékokat egy 3000 méter magas síkban találták a Mammonth Lakes Sierra Nevada-szigetén, a kaliforniai és nevadai határon.
A gépen belül azonban nem maradt emberi maradvány.
A Madera megyei seriff, John Anderson eloszlatta a fennmaradó kételyeket: "A repülőgép megtalálható, küldtünk egy csapatot, és most már megerősítjük, hogy ez az, amelyen Steve Fosset utazott a eltűnt napján", mondta egy sajtókonferencián.
A seriff így kifejtette, hogy nem találtak emberi maradványokat sem a gépen, sem a környéken.
Februárban a 63 éves milliárdos halottnak tűnt.
Az Egyesült Államok Közlekedési Biztonsági Hivatal (Ntsb) közölte, hogy néhány órával a hulladék megtalálása után egy helyszínre küldött nyomozócsoport azonosította a gépet: ez a Bellanca 8kcab, amely 2007. szeptember 3-án eltűnt, amikor a Fosset három órás repülésre repült Yeringtonból Nevádában.
Tegnap még Kaliforniában, nem messze a nevada határától, néhány Fosset-i holmiját egy pár találta a Mammoth Lakes lakásuk környékén.
Ezek két dokumentum Fosset nevén, mindkettő Illinois-i Federal Aviation Administration által kiadott, pénz és egy pulóca.
Fossett után egy hónappal a eltűnése után a kutatást felfüggesztették.
A milliárdos egy hosszú sorozatnyi rekord miatt szerepel a történelemben.
A hatodik kísérletén 2002-ben lett az első ember, aki egy léggömbön végighajtott a világ körét.
Három évvel később repülővel utazott a világ körül, és nem állt meg.
Ezeken a rekordok között volt az, hogy 15 445 méter magasságban repült az Andes-hegységen, de egy kísérőpilótával.
Glk, a váratlan reklám.
Egy szokatlan 4x4 eredeti és jól meghatározott tervezéssel, jelzett vonalokkal, széles felületekkel és tiszta sarkokkal.
Ez a Glk, a csillagház legújabb "kompakta" off-road-színének a színe, amelyekkel a Mercedes-Benz megpróbálta új szellőzést adni a szektorban.
Pontosan a szabványon kívüli, váratlan és nem hagyományos tartalmakból lesz a közlemény, amely az 4x4 Glk bemutatóját követi, amely október 17-től a Mercedes-Benz bemutatótermekben lesz elérhető.
A közvélemények, amelyek a új autó megjelenését kísérik, egy újdonságos kommunikációs módja lesz a 3D-kényítések futuris kampányával, amelyet egy autó márka először használ Olaszországban.
A maxi-kiállítás három különböző szakaszban fog zajlani, amely november 15-ig fogja uralni a milánói Corso Como bevásárlóközpontot.
Az új kommunikációs rendszer első szakaszában a jármű sztereoszkópikus látáson jelenik meg, és a Corso Como környékén elosztott speciális szemüvegek segítségével az új 4x4 szinte valós méretű és háromdimenziós formátumban láthatóvá válik.
A kép alapján úgy tűnik, hogy a kocsi kivonul a plakáton.
Az új Glk új Elimina8 technológiával a helyeken keresztül, minden részletén megvilágosítódik, majd egyforma képre épül.
A Mercedes nyilvánvalóan ezzel a reklámmal valami újat próbál bevezetni a vezetők által megszemlékezett kommunikációs területére.
Ha ezt a képletet használjuk, sikerül-e a jövőbeli vásárlók érdeklődését kelteni?
Itt vannak az olasz szörnyek.
A Triveneto-ból a Daspo-t veszélyeztetik.
De kik azok a 150-200 fiatal fiú és lány, akiket most az Olaszország szégyeníti? Ők az "Ultras Italia" csoport tagjaik, akik évek óta követik az olasz nemzeti csapatot, és akik eddig soha nem okoztak nagy problémákat.
Még nem is ütköztek össze a tifosi ellenfelekkel.
A csoport kivonása jobb oldalon van.
A promótorok a Triveneto-ból jöttek.
Verónból, Padóából, Triestből és Udinából.
Szófiába csatlakoztak a Kampánia és a Puglia kis csoportjai.
Háromszínű zászlójuk volt, melyeken a városukról írták: szombat este mindenkit elvittek, hogy ne azonosítsák őket.
Az angol tifoszéria alapján készültek.
Bulgáriában találtak egy igazi náci tiposzéria, a Levsky-t.
A Figc 144 jegyét állított rendelkezésre az olasz tifosiak számára a meccsre.
A Viminal pedig mindenkit ellenőrizte: akik elmentek Sofia-ba, egyikük sem volt a DASPO-val, egyikük sem volt tiltott a stadionba.
Négy olasz tifosi, akiknek volt a stadion bűncselekményei előtérük, nem kaptak jegyet, és nem tudtak utazni.
A Viminal várja a bulgár rendőrség által előforduló cselekményeket, majd lépéseket tesz: ebben az esetben a zavargásokban letartóztatott vagy azonosított tifosiak legalább öt évig szolgálhatnak Daspo-t.
Egy nemzetközi Daspo, amely megtiltja az olasz, de európai stadionok látogatását.
A hooligánok nem lépnek be a stadionba.
- Szerencsére.
De most már a félelmeteskedés ideje, hogy mások is csatlakozzanak a százötvenhez.
"A tűz azonnal el kell pusztítanunk, és nem kell legitimálni azt, aki így viselkedik", állítja a Viminal.
"A szemeink nyitva kell maradniuk, különösen a nemzeti csapat szerdán Lecce-ben játszó meccsére".
A Pugliaban van egy kis csoport az Ultras Italia támogatóitól.
Holnap, csütörtökön, a Kasmusi megfigyelőszobában lesz egy találkozó, ami egy olyan részletre is számíthat, amely a Számvevőszékben, azaz a titkos szolgálatokban is foglalkozik a stadion problémáival.
"A duce-duce énekek és a Mameli énekének közben kihúzott kar?
Ez a vélemény (ez nagyon kellemetlen módon szólt) Domenico Mazzilli, a Viminal Observatory nemrégiben vezetője (Francesco Tagliente és Felice Ferlizzi helyét vette).
Mazzilli korábban Triest főparancsnokja volt, ahol 2002-ben alapított Ultras Italia támogatói csoportjának egy része lakik.
Igaz, ahogy Mazzilli mondja, hogy Bulgáriában nem bűn, hogy Muszolini-t bérelnek, de a 150-200 tifós viselkedése szégyenteljes volt.
"Nem vagyok szociológus - tette hozzá az Observatoire No. 1 - a bűncselekményeknek az országban kell elítélniük, ahol a tény történt.
Eddig ez a csoport a szabályokat követte, most megnézzük, mi történt, és értékeljük a jövőben.
De beszéljünk a Mameli daljához való szúrásokról is. Ezek sem bűncselekmények, de ha engedelmeskedik, nem udvariasak"...
