La vittoria dei populisti di destra in Austria, complessivamente, è del 29 per cento
Il marcato indebolimento dei due partiti della grande coalizione e il notevole rafforzamento dei partiti populisti di destra hanno portato i primi risultati preliminari alle elezioni parlamentari anticipate in Austria domenica.
Il Partito Popolare austriaco (ÖVP), che ha gravemente compromesso la posizione dell'attuale presidente, Wilhelm Molterer, ha subito una perdita particolarmente forte.
Invece il presidente della Confederazione per il Futuro dell'Austria (BZÖ), il sindaco della provincia di Carinthia, Jörg Haider, si prepara a un ritorno vincente nella politica nazionale.
Secondo i risultati preliminari, il Partito Socialdemocratico (SPÖ) è il partito più forte del paese con il 29,8% dei voti, ma ha perso il 5,5% rispetto alle ultime elezioni del 2006.
Il PPP è peggiorato, perdendo il 25,6% dei voti, quasi il 9% dei voti.
Questi sono i peggiori risultati ottenuti da entrambi i grandi partiti in Austria dopo la guerra, e in particolare per il Partito Popolare che ha portato alle elezioni anticipate, il risultato è letteralmente catastrofico.
All'inizio di luglio, quando si è ritirata dalla coalizione ÖVP, il partito popolare ha avuto un vantaggio significativo rispetto al SPÖ, secondo i sondaggi.
Ma i votanti hanno evidentemente punito l'uomo per aver lasciato fallire il governo.
Le prime reazioni ai risultati hanno già fatto voce di speculazioni sulla possibile dimissione del presidente del partito e dell'attuale cancelliere Wilhelm Molterer.
Gli osservatori ritengono che questo possa avvenire già lunedì a una riunione straordinaria del consiglio di presidenza.
Tale evoluzione potrebbe facilitare il risultato delle elezioni per un risultato sempre più probabile, cioè il rinnovamento della grande coalizione SPÖ e ÖVP.
In vista del rafforzamento dei due partiti populisti di destra, il Partito per la Libertà d'Austria (FPÖ) ha ottenuto in anticipo l'18% dei voti e il BZÖ l'11%, tuttavia i socialdemocratici hanno espresso la loro paura di una ripetizione del 1999, quando il partito popolare ha concordato un governo comune con i populisti (anche al tempo del FPÖ era un'unione, ha lasciato il BZÖ nel 2005), che ha provocato anche sanzioni dall'Unione europea.
Haider, che ha già dichiarato di essere pronto a collaborare con qualsiasi partito e che presumo possa tornare a Vienna per la politica nazionale, sta ovviamente aspettando questa soluzione.
Il Partito dei Verdi è entrato in parlamento, ma è sceso da un terzo posto a un quinto posto tra i partiti politici austriaci.
Nessuno dei due partiti ha superato il 4% e non è entrato in parlamento.
Schwarzenberg: Le relazioni indiane potrebbero diventare fredde
Se non riuscissi a risolvere il problema degli scienziati cechi denunciati per la raccolta illegale di insetti, secondo il ministro degli Esteri ceco Karel Schwarzenberg, potrebbe verificarsi un certo raffreddamento delle relazioni ceco-indiane.
Il ministro ha fatto questa dichiarazione dopo un incontro con il suo partner indiano Pranáb Mukherjee a New York.
"Se non si risolvesse, si, ci sarebbe un certo raffreddamento", ha concluso dopo l'incontro, che è stato organizzato a causa di un incentivo ceco.
Mukherji ha detto dopo il processo che le autorità esecutive possono avere difficoltà a intervenire in caso di giudizio.
Tuttavia, ha ricordato che, nel caso di Petr Švácha, che è stato dimesso dalle accuse e condannato a una multa, il governo centrale può negoziare con la direzione locale di Darjeeling, alla quale appartiene la legge.
"Il suo problema potrebbe essere risolto", ha detto il ministro.
Per Emil Kučera, che è stato condannato a tre anni di prigione, Mukherdzsi ha detto che sarebbe meglio che si appellasse in tribunale.
Potrebbe chiedere la sua liberazione in cambio di cauzione e aspettare il giudizio, ha spiegato.
Schwarzenberg ha confermato che il suo partner ha espresso la stessa espressione durante il processo.
"Ha presentato un appello alla Corte Suprema, allora sarebbe possibile liberarlo", ha detto il capo della diplomazia ceca.
L'unico modo per intervenire in questo caso è fornire un "appoggio legale competente" al detenuto, ha detto il ministro indiano.
E' stato anche detto che la parte indiana ha già fornito questo tipo di aiuto.
"Il nostro interesse principale è quello di mantenere le migliori relazioni con l'India, con una tradizione di molti anni.
Anche gli indiani lo riconoscono", ha detto Schwarzenberg.
Inoltre, come ha detto al ČTK, ha sottolineato al suo partner che la Repubblica ceca attribuisce grande importanza al problema degli entomologi cechi.
"Consideramo davvero un grave errore l'arresto e l'accusa di questi scienziati cechi", ha dichiarato.
Alla domanda se l'India avesse promesso di affrontare il caso, il ministro ha omesso di rispondere.
"Ho già ricevuto molte promesse", ha osservato.
Giudici cechi nella lotta per il fondo del mare
Scendiamo verso la mappa elettronica del muro, che mostra l'Australia e le zone marine vicine.
Non si interessa il continente, ma un punto che scompare nel blu dell'oceano.
"L'isola appartiene all'Australia e, insieme con essa, al suo vicino fondo.
"La zona è grande come il continente", dice Luigi Santosuosso, avvocato italiano, membro del gruppo di 30 della Divisione delle Nazioni Unite per l'Oceano e il Diritto Maritimo.
Il suo capo, Václav Mikulka, avvocato ceco, direttore della divisione, osserva le spiegazioni che a volte aggiunge.
Il lavoro e l'entusiasmo sono tutti presenti.
Il fondo del mare ospita un mondo ricco di risorse naturali, poco conosciuto finora.
Qui si trovano petrolio, minerali e altri minerali, ma anche organismi viventi sconosciuti, che potrebbero essere la chiave per sviluppare un farmaco contro il cancro.
Sotto il mare più grande della terraferma
I paesi costieri oggi sono intensi a chiedere nuove aree sottomarine.
La Convenzione delle Nazioni Unite, che si è conclusa a Montego Bay, in Giamaica, nel 1982, li ha stabiliti.
La maggior parte delle cose riguarda la zona chiamata "continentale", che spesso si estende fino a centinaia di chilometri dalle coste del paese.
Tale paese ha, in base alla Convenzione, il diritto esclusivo di avere tutte le fonti della domanda continentale.
"In poche parole, la parte del fondo del mare e la sua superficie inferiore sono considerati continentali, che sono una naturale continuazione del continente sottosucente.
"La pesca è un'attività di grande importanza per la salute e la salute dei cittadini.
La domanda presentata dal paese al comitato per la determinazione dei confini esterni del territorio continentale deve essere completata da una serie di ricerche e misurazioni costose, che costituiscono una base scientifica e tecnica completa.
E' il risultato di anni di preparazione.
"Il nostro compito è fornire assistenza tecnica e giuridica alla commissione.
La commissione ha esaminato cinque richieste, Russia, Brasile, Australia, Irlanda e Nuova Zelanda.
Finora solo gli ultimi tre paesi hanno avuto successo", aggiunge Mikulka.
Recentemente, il successo dell'Australia ha reso il mondo sentire, per primo, ampliando significativamente il suo paese sottomarino.
Ma anche la Nuova Zelanda ha vinto, con circa 1,6 milioni di chilometri quadrati di superficie sul fondo del mare, sei volte più grande del territorio nazionale.
Entrambi i paesi hanno investito milioni di dollari nella ricerca.
I profitti derivanti dall'uso futuro del fondo marino, sperano, saranno inestimabili.
Altri paesi continuano a presentare domande.
L'Unione europea deve essere in grado di adottare misure di sicurezza e di sicurezza.
Lì dove finisce la collina continentale inizia l'area del fondo oceanico dichiarata "patrimonio comune dell'umanità" dalla convenzione.
Qui non c'è più una posizione esclusiva per nessun paese.
Il diritto di estrazione in questo settore è conferito dall'istituzione internazionale istituita dalla Convenzione.
"Il fondo marino non è però Klondike", dice il direttore Mikulka, esagerando dicendo che "un territorio è giuridicamente chiaramente circondato e il suo regime è stabilito in contratto".
Cechi nel Pacifico
Oggi parte del fondo marino appartiene anche alla Repubblica Ceca.
Questo gruppo di paesi dell'ex-blocco orientale è stato condiviso con gli altri paesi nell'ambito di un'organizzazione comune "Interoceanmetal".
L'organizzazione è stata conferita, come gli investitori di alcuni altri paesi, lo status di "investimento pionieristico" nel 1991 in virtù del trattato.
Concesso di produrre nella zona ClarionClipperton nel Pacifico, tra Messico, Hawaii e Kiribati.
L'area esaminata dall'investitore è sommato più grande dell'ex-Ceslovakia.
Il fondo del mare è lì, è una specie di copia sottomarina del Tatra.
"Questo totale può essere realizzato su un'area di 75.000 chilometri quadrati.
"La zona è un ricco focolare di minerali polimetrici contenenti nichel, resina, cobalto e manganese", dice un altro avvocato, il Pakshi Rajan, un indù.
Rober Sandev, un collega della divisione macedone, dà un altro esempio concreto.
Una patata, o un po' di fantasia, mi ricorda un pergamen con parole magiche che rendono il Golfo vivo.
Le forze speciali tedesche erano presenti per liberare i prigionieri.
Il governo egiziano ha chiesto aiuto alla Germania per risolvere la crisi dei prigionieri, e gli esperti sono arrivati.
Quando la situazione si è aggravata, le unità speciali erano pronte, ma non erano state inviate.
Sempre più dettagli sul rilascio di undici turisti europei rapiti in Egitto vengono rivelati.
Secondo le informazioni del Ministero della Difesa e del Ministero dell'Interno, le forze speciali tedesche hanno partecipato indirettamente alla missione di salvataggio.
Secondo le autorità tedesche, oltre ai specialisti dell'esercito federale tedesco, erano presenti anche gli addetti della GSG 9, della divisione aerea della polizia federale tedesca, dell'ufficio federale per la criminalità e degli esperti logistici del servizio tecnico tedesco.
Secondo le informazioni di lunedì sera, le forze tedesche non erano necessarie, dato che i prigionieri hanno lasciato scappare i loro prigionieri e sono fuggiti quando hanno visto segni di recupero violento.
Il governo egiziano ha accettato l'aiuto offerto dalla Germania per inserirlo come forza di sostegno sul posto.
"Per fortuna non è successo", ha dichiarato un portavoce del Federal Ministry of the Interior.
I terroristi hanno rapito un gruppo di turisti, composto da cinque tedeschi, cinque italiani, una donna rumena e otto compagni egiziani, nel sud dell'Egitto il 19 settembre.
Dopo un rapimento avvenuto in un deserto del sud dell'Egitto, i prigionieri furono trasportati da un confine con l'Egitto, la Libia, il Sudan e il Chad.
La situazione dei prigionieri rimane ancora incerta, come i dettagli del rilascio dei prigionieri o i possibili riscatto.
Nel frattempo i sopravvissuti sono arrivati salvi a Cairo.
Steinmeier ha detto che i prigionieri liberati sono sotto la protezione dell'ambasciata tedesca.
Non ha rilasciato nessuno dei dettagli.
A Berlino non è stata fornita alcuna informazione su quando ritorneranno in Germania.
Secondo il quotidiano Bild, i cinque turisti e le forze speciali arrivano in Germania martedì a bordo di un Airbus della Germania Aerea.
La Camera dei Rappresentanti USA rifiuta il pacchetto di salvataggio.
La Camera del Congresso USA ha respinto con una piccola maggioranza il piano di salvataggio dei mercati finanziari di 700 miliardi di dollari.
Il Dow Jones è sceso.
La Camera dei rappresentanti USA ha respinto il piano di salvataggio del governo per i mercati finanziari, 227 voti a contrario 206 voti a contrario.
Nonostante le richieste del presidente George W. Bush e dei politici leader di entrambi i partiti, il programma non ha ottenuto la maggioranza per frenare il caos che domina i mercati finanziari.
I sostenitori hanno tentato disperatamente di convincere i critici della necessità di un pacchetto di 700 miliardi di dollari in una drammatica azione.
Barney Frank, uno dei leader dei negoziati del partito democratico, ha invitato i deputati a sostenere il progetto, anche se non è ancora popolare.
"È difficile ottenere sostegno politico per evitare qualcosa che non è ancora successo", ha confessato.
Il Dow Jones è sceso di oltre il 6% e 600 punti durante il voto.
Gli investitori erano preoccupati che il piano di salvataggio pubblico potesse fallire.
L'indice è salito poco prima del termine del voto, per poi scendere di nuovo dopo che il fallimento è stato reso pubblico.
Gli esperti hanno previsto ulteriori gravi turbolenze sui mercati finanziari internazionali.
L'entrata in vigore del programma richiede l'approvazione di entrambi i rappresentanti e del Senato.
I registi registrano sempre più prenotazioni.
Un bel inverno prometterà per gli organizzatori di viaggi tedeschi.
Secondo uno studio, il traffico di prenotazioni per i mesi successivi è aumentato notevolmente rispetto all'anno precedente, con oltre il 30 per cento per la stagione invernale.
Nonostante le deboli prospettive economiche, lo studio mostra che la volontà di viaggiare dei tedeschi non è diminuita.
Per le prenotazioni per la stagione invernale, le agenzie di viaggio hanno registrato un aumento del 31% del traffico rispetto al periodo dello scorso anno, ha riferito il German Travel Association (DRV) a Berlino lunedì.
Secondo un'indagine dell'Istituto di ricerca sul mercato GfK, il numero di prenotazioni nei mesi autunnali è già superiore.
La circolazione di viaggi in ottobre è stata superiore dell'11% rispetto a ottobre 2007, ha riferito la DRV.
I risultati sono basati sui dati di GfK, che valuta i dati mensili delle prenotazioni di 1200 agenzie di viaggio tedesche e li estrapola sul mercato intero.
L'Istituto ha preso in considerazione i viaggi effettuati fino alla fine di agosto 2008.
"Il dollaro è in difficoltà, e la domanda è molto alta per i viaggi verso gli Stati Uniti", ha detto la DRV.
Qui il numero di prenotazioni è aumentato di un terzo.
I tedeschi preferiscono anche la Spagna, la Turchia e la Grecia, nonché le loro campagne.
"La maggior parte delle persone sono state chiamate per le strade organizzate", ha detto Klaus Laepple, presidente della DRV.
A causa dei costi crescenti di energia e di cibo, per le strade organizzate, i costi 'sono più calcolabili per i passeggeri che per le viaggiate organizzate individualmente'.
"I viaggiatori possono risparmiare con pre-booking discount o offerte all inclusive, tra l'altro", ha aggiunto Laepple.
Anche il tasso di prenotazioni nei mesi estivi è stato molto buono, quindi si può sperare un nuovo aumento del traffico rispetto all'anno precedente - anche se secondo un altro studio, meno turisti tedeschi hanno intrapreso viaggi rispetto all'anno precedente.
Il mio primo Oktoberfest
I successi di ballerino che si ripetono senza sosta, un litro di birra e una decorazione di celebrità che indossano un dirndil.
Debutare a Wiesnen.
In realtà, Suzanne Kronzucker e io non abbiamo molto in comune.
È bionda, è una tv e indossa un taglio di taglia.
Ho i capelli scuri, sono una studentessa e ho comprato il mio vestito in un negozio.
Ma c'è una cosa che ci unisce: siamo a Vienna da appena tre minuti, e i fotografi ci stanno già prendendo in giro e riempiendo le loro schede di memoria, molto lusinghiere, e tutto questo è la mia prima visita a Vienna.
Questo è il modo per fare amicizia.
Sembra che il tirndel economico sia abbastanza per il suo scopo.
Come turista di Wiesn, che vive a nord, da un'equazione fatta di salsicce bianco, il mio senso di comodità limita ancora il comportamento popolare.
Ma quando arrivi a Theresienwiese, non è più così grave.
Quasi tutti indossano pantaloni in pelle o in scarpe; nessuno guarda in modo irritato o imbarazzante - tutto è completamente a posto.
Le strane vedute al banco dei banani sono solo colpite dal mio arco di tirno.
Una donna di Monaco mi fa notare che ho sbagliato a legare il legame: "Sei libera a sinistra, vergine al centro, a destra, vedova al posteriore".
Ho segretamente legato il tappo da dietro a sinistra.
"E' tutto a posto", dice e ride.
Altri fanno meno applausi per le delicate tecniche di flirt, indossano un semplice cappello con la scritta "Sono troppo ubriaco per vestirmi" e mostrano il loro retro nuda senza volerlo.
Il giovane che mostrava i suoi tratti espositori si chiamava Bob e era anche il primo a venire a Oswaldo.
Cosa che ti sembra fantastica, un lungo "aaaaa".
E poi mi dice che ha sbarazzato di quello che aveva bevuto.
Proprio vicino a una trappola di fuoco che tutti considerano un coso.
Bob è uno dei famosi "inquinatori vietati".
Altri non sono così fortunati a liberarsi di alcool in questo modo.
Alle otto di sera, gli ambulanti si schierano per il posto e si occupano delle povere coppie.
I pazienti si presentano sempre in gruppo, portando quattro persone in una coperta da tenda in tenda.
E' come funziona per la maggior parte dei visitatori di Wiesn: arrivo vuoto, partenza a chiave.
Che si trova in un'alcolina sotto la spina, non si vede.
"Questi sono quelli che sono pronti" mi ha urlato un sanitario per la mia domanda, poi in camera.
La polizia ha identificato la vittima dell'incidente
La polizia ha identificato la donna di 63 anni colpita da un veicolo nel Contea di Essex e morta in ospedale.
Con Carole Paulson, un residente di Brentwood, Chelmsford Road, l'incidente è avvenuto venerdì pomeriggio sulla Shenfield Road, in città.
Fu trasportato all'ospedale della regina di Romford, ma poi morì.
Dopo l'incidente, un 51enne è stato arrestato per imprudenza di guida.
Da allora è stato rilasciato in cauzione.
L'espansione dell'orizzonte diplomatico della Turchia
Molto prima che la Turchia intenda aderire all'Unione europea, le potenze europee avevano un desiderio di penetrare profondamente nel territorio turco.
Sul lato est del Bosforo, forse a soli 20 passi dal confine europeo, si trova una delle più grandi reliquie dell'imperialismo fallito.
La stazione ferroviaria di Hydarpasha è stata progettata da due architetti tedeschi, Otto Ritter e Helmut Conu, in stile neorenescente.
Almeno questo è quello che dicono i libri di viaggio.
L'edificio circonda la fine dei cantieri, con una torre a ciascuna angola frontale, e sembra un castello di campagna tedesca.
La pietra è sporca.
L'intero edificio è un po' arrabbiato.
Ma, visto l'interno del negozio, è evidente che questa era la porta più occidentale per un'impresa di grande dimensione.
La stazione fu aperta da un consorzio tedesco, Anatolia-Baghdad Corporation, nell'agosto del 1908.
La Germania, il "futurare tardivo" delle conquiste, ha voluto realizzare le sue ambizioni di conquista del Medio Oriente con l'aiuto di questa ferrovia che conduce da Damasco a Baghdad fino ad oggi in Arabia Saudita.
I tentativi di conquista tedeschi furono sconfitti durante la prima guerra mondiale.
Le sue linee ferroviarie sono state attaccate da Lawrence e da partitiani arabi.
La relativa isolamento dalle regioni circostanti, causata dai confini congelati della Guerra Fredda, è scomparsa.
L'esercito coloniale britannico si è ritirato dall'Egitto e ha costretto i turchi e i loro alleati tedeschi a fuggire dalla Palestina e dalla Siria.
La stazione di Hyderpasha non è andata meglio.
Nel 1917 un treno di armi esplose e distrusse il tetto di questo edificio.
Secondo le fonti turche, è stata un'azione di sabotaggio.
Da allora, è lentamente in declino, e è andato ben oltre la storia.
Tuttavia, oggi, come porta ferroviaria per l'Anatolia e per l'intera regione orientale, la Turchia serve, almeno in senso simbolico, come orizzonte diplomatico in espansione.
Il partito governativo della giustizia e dello sviluppo, l'AKP, ha elaborato una politica estera completamente nuova per il paese.
La relativa isolamento dalle regioni circostanti, causata dai confini congelati della Guerra Fredda, è scomparsa.
La nuova politica è segnata dall'impegno.
È notevole che il governo turco ha buone relazioni con Israele e Siria, con i gruppi palestinesi di Hamas e Fatah, con l'Iraq, l'Iran e, naturalmente, con l'Unione europea e gli Stati Uniti.
Volevo valutare i parametri della nuova politica estera, quindi sono salito su un treno notturno per Ankara, la capitale turca, per visitare uno dei principali esperti di politica estera dell'AKP, il deputato turco Suat Kiniklioglut.
Il mattino seguente, dopo circa 10:30 ore di oscurità, che ha dato il ritmo al famoso documentario del vecchio mondo, "The Night Mail", sono arrivato nella capitale turca, la nuova città, destinata a essere il simbolo del nuovo stato secolare che si allontana dal passato ottomano.
Tuttavia, l'AKP, con conosciute radici islamiche, rappresenta un cambiamento di paradigma nel consenso turco.
Questo ha suscitato un certo suspetto in Occidente, in particolare a Washington.
Ho preso un taxi per andare alla sede dell'AKP, un edificio ultra moderno, di pietra e acciaio, specificamente costruito per questo scopo, situato in un quartiere suburbano in via di sviluppo, tra centri commerciali e caffè a metà strada, dove i leader medici in abbigliamento, uomini e donne, si incontrano per fare affari presto la mattina.
Suat Kiniklioglu sarebbe stato un politico di destra e di centro-centro in qualsiasi altro paese europeo.
Indossava un vestito, una cravatta e sono sicuro che aveva anche un Blackberry.
"L'obiettivo del partito è quello di aiutare la reintegrazione della Turchia nell'ambiente immediato.
La guerra fredda ha sconvolto l'ordine", ha detto.
Dal paese isolato della Turchia.
Oggi doveva girare a est e a ovest.
Non poteva scegliere tra le due.
Doveva aprire in entrambe le direzioni.
"Ma è possibile che prima o poi lei sia costretta a scegliere?"
"La Turchia non ha mai voluto essere ostacolata".
E poi ha sottolineato quello che quasi tutti coloro con cui ho parlato hanno ripetuto quasi automaticamente: non solo il rapporto della Turchia con il Medio Oriente, ma anche con i paesi del Caucaso e del Mar Nero, è vantaggioso per l'Europa e gli Stati Uniti, come per la Turchia.
Come se volessero trasmettere il messaggio che, in senso transitorio, tutta l'Europa, insieme alla Turchia, può raggiungere quelle linee ferroviarie orientali in Asia e in Medio Oriente.
Quando sono tornato a Hydarpasha, dopo un'altra notte, quasi tutta sveglia, ho pensato a Herr Ritter e Herr Conura, i due signori tedeschi che 100 anni fa hanno visto la ricostruzione di questo ornamente edificio.
Che meraviglia se sapessero che le ambizioni del Medio Oriente in Europa sono ora in gran parte nelle mani della Turchia.
E mentre aspettavo il ferry per riportarmi indietro attraverso il Bosporus, mi è venuto in mente che in quel momento la Turchia era chiamata "l'uomo malato d'Europa".
Almeno allora non c'era dubbio su quale continente avrebbe rivendicato questo eccitante paese.
Viaggi di vita memorabili: Vernon Handley e William Woodruff
Mark Brown scrive: "Dal 1962 a capo della Guildford Music Director Vernon "Tod" Handley (necrologo, 11 settembre) dirigeva la Guildford Philharmonic Orchestra and Chorus.
Sulla base dei suoi piani musicali per la città, l'anno successivo fondò il suo meraviglioso coro giovanile, il Proteus.
In principio, il coro poteva essere composto da solo giovani sotto i 21 anni, ma quando il 1979 è stata la finale di Proteus - molti di noi erano già in i nostri 20 anni - non abbiamo voluto liberarci del coro.
Il nome "Proteus" (il nome del mitologico mutante) corrispondeva alla determinazione e alla capacità del coro di affrontare qualsiasi cotta che si presentasse - sia il madrigalo, o un pezzo del Messiaen; senza accompagnamento, o con un grande accompagnamento musicale.
La versatilità musicale di una giovane corista è stata spesso incredibile e sempre eccitante, e siamo stati ispirati da un uomo che ha mantenuto il nostro entusiasmo per la musica inalterato nel corso degli anni.
Quante volte Tod ci diceva di "lasciare la musica parlare da sola".
"Il compositore sa cosa vuole.
Tutto è nella scatola.
Quindi cantate".
La tecnica di Karmester era sempre perfettamente comprensibile e precisa, ma non era mai dittatoria o esagerata.
Qualunque fosse il suo livello musicale, lui lo ha sempre alzato.
John Frayn Turner ha scritto di lui:
Se mai vi è stato un capo che avrebbe dovuto essere knighted, è stato Vernon Handley.
L'ho conosciuto bene per due decenni, dal 1962 al 1982, quando ha diretto la Guildford Philharmonic.
Negli ultimi quarant'anni ho scritto critiche a più di 100 concerti, ma non ho mai, mai, deluso nessuno di loro, e spesso li ho entusiasmati.
Tod Handley aveva grandezza e modestia, che è molto raro.
Odio i capi di armi che, come diceva, "semplicemente galoppaivano con un paio di combattenti noti in tutto il mondo".
Molti di noi lo mancheranno.
William Woodruff
Il professor John Beckett scrive:
Secondo il vostro necrologio William Woodruff (25 settembre) "ha continuato a studiare storia economica a Oxford nel 1946 e è diventato uno studente del Houblon-Norman Research Institute nel 1950... mentre continuava a prepararsi per il suo diploma di laurea, il suo master e il suo dottorato di ricerca".
E' un'opera scritta da Woodruff, Beyond Nab End, ma errata.
Tra il 1946 e il 1953 insegnò storia economica all'Università di Nottingham, mentre, sotto la guida del Prof. J. D. Chambers, concludeva il suo dottorato di ricerca sul settore della gomma britannica, pubblicato nel 1958 sotto il titolo "The British Gum Industry".
Nel 1950-51 è stato davvero negli Stati Uniti con una borsa di studio Houblon-Norman, e nell'estate del 1952 ha studiato all'Illinois, a New York e a Harvard.
Nel 1953 lasciò definitivamente Nottingham e si trasferì nell'Illinois.
Non si sa perché Woodruff abbia decorato questo periodo della sua carriera.
J. Vicente Resino nell'Arco dei Saggi
"Ricomendo la mostra di J. Vicente Resino "Flamenco e vita" perché le sue fotografie in bianco e nero, in stile documentario, sono impressionanti.
La loro semplicità e la loro forza, e il rispetto per le persone che sono nelle foto, mi hanno attirato l'attenzione.
Questa mostra è influenzata dalle emozioni.
Resino è capace di ereditare i momenti magici".
Secondo record di vendita con Honda
A novembre, Honda lancerà la seconda generazione di Jazz.
È vero che il suo predecessore aveva già un grande numero di piloti, ma il design dell'interno del nuovo modello è ancora più ampio.
Tutto questo è accompagnato da meccaniche sofisticate che rendono più comode la guida e aumentano il risparmio di carburante.
Evolzione contro rivoluzione.
Ecco come appare la seconda generazione di Honda Jazz.
Sebbene il nuovo Jazz sia molto simile a quello precedente, ci sono stati molti cambiamenti interni.
Tra questi, il design innovativo, la nuova carrozzeria, le dimensioni più grandi e la nuova meccanica.
Ma prima di passare alla descrizione dettagliata del nuovo modello, dobbiamo dire che il nuovo Jazz è apparso sei anni dopo la pubblicazione della prima generazione.
Quindi, prima di tutto, possiamo sottolineare che Honda è riuscita a rinnovare questo modello in un periodo di tempo inferiore a quello di altre aziende.
Anche se in Europa il Jazz è meno conosciuto, in altri mercati è il record di vendita.
Un mercato come il Giappone, dove Jazz è stato il marchio di automobili più venduto nel 2002 e nel 2008.
In Giappone, per esempio, si sono venduti quasi un milione di pezzi di Jazz da quando sono stati lanciati.
Il secondo mercato era l'Old Continent, con quasi mezzo milione di copie vendute in sei anni.
Tuttavia, con il nuovo Jazz, Honda vuole continuare a aumentare il traffico nella zona.
Nel 2007, mentre la società giapponese ha venduto un totale di 83.000 Jazz, si prevede che nel 2009 verranno vendute 100.000 auto, con un aumento del 17% del mercato europeo.
La Honda ha venduto 8000 Jazz sul mercato spagnolo dal 2002, che rappresentano il 6,7% del totale del traffico di Honda in Spagna.
Per la nuova generazione, i dirigenti della filiale spagnola calcolano 2000 esemplari venduti in un anno di circolazione.
Infatti, l'arrivo del nuovo Jazz... ridurrà in gran parte la flessione del traffico della Honda in Spagna.
I rappresentanti della società prevedono 22.000 copie vendute entro la fine di quest'anno, che è di 4000 meno rispetto ai dati del 2007, un calo del 16%.
Nonostante le condizioni di vendita, Honda ha aumentato la sua quota di mercato in Spagna, che è aumentata all'1,8% rispetto al 1,6% dello scorso anno.
E entro il 2010 vorrei aumentare questo tasso al 2%.
Honda spera di poterlo fare con un nuovo modello.
Sarebbe Insight, un ibrido a cinque stelle e compatto, lungo 4370 mm, di cui la società giapponese avrebbe venduto 200.000 unità al mondo ogni anno.
Secondo il produttore giapponese, il 50% della distribuzione di Insight sul mercato sarebbe stato attribuito agli Stati Uniti, mentre il restante quota sarebbe stato distribuito tra l'Old Continent e il Giappone.
L'introduzione commerciale di Insight è prevista per il primo mese di gennaio, dopo la presentazione ufficiale di Valencia.
Il nuovo Jazz è diventato più vasto in ogni aspetto rispetto alla prima generazione.
La lunghezza raggiunge i 3900 mm (cinque centimetri più lunghi), la larghezza 1690 mm (due centimetri più larghi) e la distanza dell'asse è aumentata di cinque centimetri, cioè 2500 mm.
Altizza, invece, 1520 mm.
Oltre alle dimensioni, il passagero è diventato più ampio.
Il più ampio spazio interno è garantito dalla nuova carrozzeria e dal serbatoio di carburante che si trova nel centro, come si può vedere nel precedente Jazz.
Inoltre, il recinto completo del "tovo a due piani" è cresciuto, attualmente con 399 litri, 19 litri di più della capacità della prima generazione.
Anche se si tratta di un tipo di motore dotato di motore 1,4 in quanto il bagagliaio Honda Jazz 1,2 è di 379 litri.
Alcune modifiche esterne possono essere rilevate, come ad esempio le lampade posteriori o il vetro panoramico opzionale, nonché l'accessibilità dei sedili posteriori.
Inoltre, l'angolo di apertura delle porte per i posti posteriori è stato aumentato di 80 gradi, rispetto all'angolo di apertura del primo Jazz di 67 gradi.
Anche le motori Jazz di seconda generazione sono nuovi.
All'inizio della produzione, questo modello può essere dotato di due motori da 1,2 e 1,4 litri.
Grazie alla tecnologia i-VTEC, entrambi i sistemi sono più efficienti rispetto al precedente, con ridotte emissioni di CO2 e un'eccellente coercizione meccanica, ma offrono prestazioni eccellenti in tutti i punti di vista.
La potenza di una fonte di 1,2 litri è di 90 CV a 6000 rpm e la massima pressione è di 114 Nm 4900.
Questo motore - che nella precedente Jazz aveva 78 cavalli - consuma 5,3 litri e emette 125 grammi di CO2.
L'altro motore, che ha prodotto 83 cavalli rispetto alla generazione precedente, raggiunge ora i 100 cavalli.
Un Jazz da 1,4 cavalli consuma in media 5,4 litri e emette 128 grammi di CO2.
La "nave" che evita l'incontro
Per sviluppare le tecnologie per la prevenzione degli incidenti, questa volta Nissan ha preso ispirazione dalla natura, proprio dal mondo delle api, per la sua nuova invenzione.
La società giapponese ha progettato un robot che imita le api per evitare incidenti.
Potrebbe essere un dispositivo chiamato Bio-mimetic Car Robot Drive o BR23C che sarà il primo passo verso lo sviluppo di tecnologie per la prevenzione degli incidenti.
Gli ingegneri del Nissan Motor Co. Advanced Technology Center, in collaborazione con il famoso Centro di Ricerca Scientifica e Tecnologica dell'Università di Tokyo, hanno costruito questo piccolo robot in Giappone.
Il marchio BR23C è stato presentato a livello di società di categoria 4 e di categoria 4 per la prima volta nel corso del periodo di validità del contratto di garanzia.
Il robot rende più completa la capacità di evitare l'impatto dei prodotti aziendali.
Durante il volo, ogni api crea un proprio spazio personale in forma di ovale, molto simile al cappotto di sicurezza Nissan.
Ma molto più importante è l'occhio complesso dell'ape, che vede in tutte le direzioni più di 300 gradi, e che può quindi volare senza interferenze nel suo spazio personale.
Per imitare la funzione dell'occhio complesso, gli ingegneri hanno progettato un telescopio denominato Laser Range Finder.
L'apparecchio identifica gli ostacoli, calcola la distanza e invia un segnale al microprocessore a bordo, che si trasforma immediatamente in un'operazione per evitare l'impatto, all'interno di un'area visibile fino a 2 metri di distanza prima del BR23C.
"Quando l'ostacolo viene rilevato, il piccolo robot imita i movimenti dell'utero e cambia immediatamente la direzione spostando le ruote a angoli più o meno grandi per evitare l'impatto.
La differenza principale tra i dispositivi attualmente disponibili è che in questo caso la manovra di evasione si svolge completamente automaticamente.
Se non fosse così, il robot non potrebbe reagire abbastanza rapidamente all'evasione degli ostacoli", spiega Toshiyuki Andoh, direttore del Mobility Laboratory e chief engineer del progetto.
In modo diverso da quello delle api, la manovra di evasione non può essere rivolta verso l'alto o verso il basso, né trasversale, ma può muoversi solo in due dimensioni e solo in direzione della reversibilità delle ruote, cioè non in una direzione e in un modo infiniti come avviene per le api.
Per questo motivo, Nissan ha utilizzato una funzione di rotazione per evitare collisioni oltre all'accelerazione e al rallentamento del robot.
"Questa struttura deve elaborare e reagire ai dati ogni pochi secondi.
Non c'è bisogno di memorizzare i dati, né di una logica intuitiva basata su manovre precedenti, così può funzionare senza interruzioni con solo poche dozzine di KB di memoria.
Questo può sembrare sorprendente, ma non è un gigabyte, ma non si parla nemmeno di megabyte di memoria.
La Commissione ha inoltre concluso che la Commissione non ha fornito informazioni sufficienti per la valutazione della situazione in cui si trovavano i veicoli a motore.
Il robot è dotato di batterie in polimero di litio, che sono più leggere e durevoli rispetto alla versione agli ioni di litio.
In futuro, l'integrazione dell'unità con il sistema di navigazione satellitare GPS potrebbe essere un'ulteriore possibilità per raggiungere il fine della vettura evitando gli ostacoli stradali.
Paura del mutuo
Dobbiamo riconoscere che la US Treasury Department, oltre ad avere un sacco di denaro da investire, non manca di buon senso.
Con la crisi sul loro collo e per evitare che gli americani si mettano a tacere in un'ostaccata di banche ipoteche di controversia, hanno creato un divertente e informativo gioco online, Bad Credit Hotel.
Questo è l'hotel dei "Rossi crediti" ... cioè dei galibiani.
L'immagine dell'alloggio e soprattutto del salotto suggerisce di riflettere ancora una volta, due volte, anzi, tre volte, se è davvero ora di prendere il prestito.
E soprattutto dove richiedere un prestito, perché probabilmente è questo il motivo.
Le informazioni che si trovano sul sito sono davvero utili, ma non sono particolari.
È per i ragazzi, non per il pubblico.
Ma cosa succede se aggiungiamo il gioco?
In un hotel, per esempio, si può vedere la stanza dei nostri sogni.
In realtà è una cosa, visto che non si può nemmeno sognare di comprare un appartamento...
Morgan Stanley aprirà il capitale per MUFG
Morgan Stanley ha annunciato di aver ceduto una quota di capitale a Mitsubishi UFJ Financial Group (MUFG), la più grande banca giapponese che paga $9 miliardi per il 21% del capitale della società dopo che il prezzo delle azioni di Morgan Stanley è sceso notevolmente.
Una settimana dopo la pubblicazione del contratto preliminare, le due banche hanno dichiarato che MUFG acquisterà il 9,9% delle azioni di Morgan Stanley per un unitario di 25,25 dollari, pari a 3 miliardi di dollari.
Il prezzo accettato rimane inferiore di oltre il 19% al valore contabile dei titoli al 31 agosto.
MUFG investe un ulteriore 6 miliardi di dollari nell'acquisto di titoli convertibili che garantiscono un rendimento del 10% e un tasso di cambio di 31,25.
Secondo Morgan Stanley, l'esecuzione globale di una transazione si basa su un tasso medio di 29 dollari, il 28% superiore al tasso attuale.
Tuttavia, il prezzo di Morgan Stanley è sceso del 6,79% a mezzogiorno di Greenwich, verso le 17 di oggi, chiudendo a 23,07 dollari.
"Questa alleanza strategica offre una grande opportunità a Morgan Stanley per accelerare la sua trasformazione in una società di banche", spiega John Mack, amministratore delegato del gruppo di società statunitense.
Morgan Stanley ha approvato la nuova posizione la settimana scorsa, che consente di diversificare le sue attività, ma che viene controllata dalla Federal Reserve.
L'accordo con MUFG conferma ancora una volta che l'attuale crisi finanziaria richiede ulteriore attenzione da parte dei colossi di Wall Street.
Le condizioni annunciate lunedì mostrano che l'accordo è stato modificato negli ultimi giorni: il lunedì scorso Morgan ha annunciato solo che avrebbe venduto il 20% delle sue azioni alla società giapponese per circa 8,5 miliardi di dollari.
"Una settimana fa pensavamo che la partecipazione sarebbe stata interamente costituita da azioni di tribù", ha spiegato Toshihide Mizuno, direttore esecutivo di MUFG a Tokyo.
"In considerazione della situazione economica e di mercato attuale, tuttavia, abbiamo voluto ridurre al minimo e evitare i rischi possibili".
In base al prezzo medio ponderato, MUFG paga un 7% di più per le azioni di Morgan Stanley rispetto al valore contabile.
La transazione ha portato a una riduzione del rendimento per azione di circa 20%.
L'accordo prevede che MUFG possa convertire la metà delle sue azioni di primaria in azioni di primaria in un anno, se il loro prezzo di negoziazione supera il tasso di cambio di più del 50%, ovvero circa 47 dollari, per un periodo determinato.
Morgan Stanley garantisce che, con i fondi di MUFG, può sfruttare le sue possibilità di investimento, migliorare il suo bilancio e aumentare le sue risorse di liquidità.
Tuttavia, il portavoce del gruppo non ha voluto fornire informazioni precise sui piani strategici dei due nuovi alleati.
La società è stata quindi associata a MUFG, e Morgan Stanley è stata promossa di aumentare il suo tasso di liquidità di Tier I di circa il 15%, diventando così una delle migliori del proprio settore.
Morgan ha dichiarato che il suo bilancio è "definitivamente" migliorato dalla fine di agosto.
Le ultime settimane sono state una grande prova per il gruppo, visto che il prezzo delle sue azioni è sceso di metà, mentre il costo dell'assicurazione contro il rischio di non pagamento è salito in alto.
Questo costo è diminuito lunedì, ma è rimasto elevato, intorno al 12%.
Tra le grandi banche d'investimento, l'unica che è rimasta "sopravvissuta" dopo la fallimento di Bear Stearns e Lehman Brothers e l'acquisizione di Merrill Lynch è Goldman Sachs, che ha annunciato la scorsa settimana di aver raggiunto i 15 miliardi di dollari, in parte da Berkshire Hathaway, il gruppo di Warren Buffett.
Dichiarazione di Rafael Correa, Quito
Ricostruire la repubblica nello spirito del socialismo del XXI secolo.
È il piano comune di Hugo Chávez del Venezuela, Evo Morales del Bolivia e Rafael Corre dell'Ecuador.
Correa, seguendo il modello dei suoi colleghi e amici, ha espresso le sue idee sulla nuova costituzione domenica.
Ha compiuto con successo il suo mandato, con il 64% dei votanti che hanno votato sì al referendum, secondo i risultati ufficiali, che riguardano l'80% dei voti.
Il 28% della popolazione ha votato "no", il 7% dei voti è stato invalidato, mentre lo 0,7% è stato respinto.
Per approvare il progetto di costituzione è stato necessario un voto del 50% + 1.
Due sondaggi condotti alla porta delle urne di domenica e un conto di un'organizzazione civile hanno dimostrato l'enorme maggioranza dei voti "sì" con il 63% e il 70% dei voti.
Rafael Correa, comunque, ha già parlato della vittoria del suo progetto di costituzione nella notte di domenica a lunedì.
"La costituzione ha ottenuto una vittoria decisiva", ha dichiarato, ringraziando gli ecuadoriani presso la sua sede governativa di Guayaquil, a 280 chilometri a sud-ovest di Quito.
Come si sa, Rafael Correia è stato congratulato da Chavez, Morales e dalla presidente del Cile, Michelle Bachelet.
Secondo un rapporto della missione di osservazione dell'Organizzazione degli Stati Uniti (OAS), il voto si è svolto in un clima tranquillo, con un testo di 444 punti che riassumeva i principi del "nuovo socialismo" difeso dal presidente.
La costituzione proposta mette il potere di Stato al servizio dell'economia, mantenendo al governo il diritto di "progettare lo sviluppo" di un paese che vive principalmente dalla produzione di petrolio da parte di imprese straniere e dalla valuta inviata dagli emigrati.
Il progetto di costituzione di Correa, eletto nel 2006, conferma anche il potere del capo dello Stato, che può ottenere un mandato massimo di due periodi consecutivi e ha il diritto di sciogliere l'assemblea nazionale.
Correa ha già annunciato di voler sfruttare questa opportunità e, nel febbraio 2009, è tornato a competere per il mandato di presidente.
La Costituzione ha anche incluso la gratuità dei servizi sanitari e dell'istruzione, che il presidente ha già iniziato a introdurre in un paese di 13,9 milioni di abitanti e metà della popolazione che vive sotto il minimo di vita.
Infine, la Costituzione vieta la presenza di truppe straniere nel Paese, che potrebbe porre fine all'accordo tra Quito e Washington sull'uso dell'impianto ecuadoriano che serve come base di misure antinarco-americane.
# Sono stati liberati i 19 ostaggi # # in Chad #
Un comandante egiziano ha colpito i rapitori che dieci giorni fa hanno preso in ostaggio 11 turisti e 8 compagni.
I prigionieri sono a Cairo.
Undici turisti europei e otto dei loro compagni egiziani sono stati tenuti prigionieri per dieci giorni nel deserto, da dove sono stati trasportati salvi nella capitale egiziana lunedì pomeriggio.
I prigionieri sono stati liberati nel corso della mattina da un comandante egiziano a Chad.
Apparentemente in buona salute, arrivarono a bordo di un aereo verso la base militare di al-Maza, che ha un collegamento diretto con l'aeroporto internazionale di Cairo, intorno alle 4:30 di pomeriggio.
I prigionieri sono stati vietati di comunicare ai media e sono stati immediatamente trasportati in un ospedale di Ma'adi, in un quartiere di Cairo, dove sono stati esaminati.
I prigionieri sono "in buona salute" e i rapitori "non hanno ricevuto alcun riscatto", ha dichiarato Zoheir Garanna, ministro del turismo egiziano, all'aeroporto.
I prigionieri sono stati catturati ai piedi del monte Ouanat, nel confine tra l'Egitto, il Sudan e la Libia, il 19 settembre, durante un safari in terraferma, e poi trascinati da un rifugio a un altro da 35 ostaggi.
Il gruppo comprendeva 11 turisti (cinque uomini italiani, cinque uomini tedeschi e una donna rumena), oltre a otto egiziani: due guide turistiche, quattro autisti, un guardia alle frontiere e il direttore dell'ufficio di viaggio Aegyptous, che organizza il safari.
Secondo un capo della sicurezza egiziana, un gruppo speciale di 30 uomini è arrivato con due elicotteri sul posto di cui sono stati presi in preda prima dell'orlaggio.
"I due uomini furono uccisi e la metà dei rapitori fuggì", ha detto il capo che chiedeva il suo nome.
Ha inoltre detto che un totale di 150 uomini sono stati inviati dalla Brigata di Fulminanti egiziana in Sudan, dove sono stati aggiunti comandanti tedeschi e italiani.
Franco Frattini, il capo diplomatico italiano che si trova a Belgrado, ha sottolineato il ruolo degli agenti segreti e dei gruppi di azione speciale italiani.
"Dobbiamo riconoscere che questo risultato non sarebbe stato possibile senza l'intervento professionale ed efficace dei nostri agenti segreti e dei nostri gruppi di azione", ha dichiarato, senza fornire ulteriori dettagli.
Inoltre, ha negato che i prigionieri fossero stati pagati per un riscatto.
L'esercito sudanese ha annunciato di aver arrestato un'auto in cui i rapitori erano in viaggio durante la pattuglia, uccidendo sei di loro (tra cui il capo del caddu), e arrestando due.
L'esercito ha affermato che i prigionieri erano legati ad un'organizzazione ribelle darfuriana, il Movimento per la Liberazione del Sudan (SLA-U), che l'organizzazione interessata ha immediatamente respinto.
Lettres - La "majorità silenziosa" della cultura
Il dibattito sul finanziamento della cultura è al centro delle notizie di giornale e della campagna elettorale in corso.
Non possiamo che essere felici.
Ma un pezzo della nostra vita culturale viene ancora dimenticato.
Chi alzerà la voce per mettere in luce le ridicoli somme di denaro utilizzate per gestire piccoli musei, archivi, archeologia e monumenti storici nazionali che stanno per morire di fame?
Chi politico oserà ricordare al governo federale di non preoccuparsi dei suoi monumenti e dei suoi edifici che fanno parte del patrimonio culturale?
O che né il Québec né il Canada hanno leggi che garantiscano una protezione efficace del nostro patrimonio culturale?
Sapevi che il governo francese ha speso tre milioni e mezzo di euro per restaurare il castello di Chinon nella valle del Loire?
La Costituzione dei nostri vicini americani dice che la tutela del patrimonio culturale è parte della cultura americana e che questo patrimonio deve essere tutelato in modo coordinato da tutti i cittadini, da tutti i rappresentanti eletti e da tutti gli organi governativi.
La Federazione delle Società di Storia del Québec (Fédération des sociétés d'histoire du Québec) ha 211 società di storia, patrimonio culturale, archivio e genealogia, con oltre 40 000 volontari che si impegnano a ricercare la storia e a conservare numerosi archivi privati e archeologici, con un budget minimo.
Spesso queste organizzazioni difendono il nostro patrimonio con le loro dita e le loro ultime forze di strangolo quando gli sviluppatori immobiliari e i responsabili della decisione dirigono i loro bollozzi verso i nostri vecchi edifici e i nostri cimiteri dimenticati.
Quando qualcuno si farà avanti per la difesa del patrimonio storico e culturale?
Parte della banca Fortis è stata stata stata statalizzata dai governi del Benelux
La Banca belga-olandese Fortison, la prima europea a venire a rischio per l'impatto di una crisi del mercato creditizio americano, è stata aiutata da Stati del Benelux con una partecipazione di 11,2 miliardi di euro a favore di un'istituzione finanziaria e assicurativa con interessi in Ungheria.
I governi belga, lussuomero e olandese hanno negoziato la questione al più alto livello, coinvolgendo il presidente della Banca centrale europea e il responsabile della concorrenza della Commissione europea.
Nel contesto della crisi dei mercati finanziari internazionali che si è svolta per più di un anno nell'area euro, Fortis Bank è la prima grande crisi dell'area euro e le decisioni prese in merito alla banca possono quindi essere considerate precedenti in alcuni aspetti.
Secondo la decisione presa domenica sera, quasi la metà (49%) dei tre stati acquistano le attività della banca.
La banca probabilmente vendrà una parte dei suoi interessi, tra cui in particolare le attività acquistate, in particolare le attività assicurative, dall'ABN Amro, l'Olanda, lo scorso anno.
Le azioni di Fortis hanno iniziato a crollare la scorsa settimana, e la seconda metà della settimana ha visto un grave crollo all'Istituto.
Gli analisti, tuttavia, concordano che la banca, con 85.000 dipendenti, è troppo grande per permettersi di andare in bancarotta.
I suoi titoli sono scesi fino a venerdì, circa il 12%, a un minimo di 14 anni.
Da gennaio, il valore delle azioni è sceso di oltre due terzi.
In base ai prezzi attuali, il valore totale del capitale di mercato del gruppo è di circa 14 miliardi di euro, ma secondo i dirigenti non è realistico.
Inoltre, la direzione ha accusato l'incertezza di mercato all'estero per l'adozione del piano di pacchetto di 700 miliardi di dollari USA di aver causato il crollo delle azioni Fortis.
Lunedì, i titoli sono alzati leggermente.
Venerdì, Filip Dierckx ha nominato un nuovo amministratore delegato alla banca.
L'istituto finanziario ha cercato dei clienti privati, ma nessuno ha presentato un'offerta valida.
Il governo belga ha già indicato che gli investitori non devono essere inquieti, non perdere i loro soldi.
Non ci sono stati panici tra i clienti della banca, nessun'altra sbirciatura.
Fortis ha filiali indipendenti in Ungheria e ha anche acquisito società di leasing.
La foca nei polli
In America, gli assicuratori di vita e salute spesso rifiutano di stipulare un contratto di assicurazione con un richiedente, basandosi sui dati sulle spese di farmaco che gli utenti hanno per il loro uso.
I professionisti della protezione dei dati temono che il mercato dei dati diventi irregolare.
"Esiste un programma di protezione dei dati che obbliga l'utilizzo dei dati di prescrizione di farmaci a qualsiasi condizione, con il consenso della persona interessata.
Questo deve essere in mani indipendenti, altrimenti la polpa è la polpa". - Richard Dicket, sviluppatore di un programma per il monitoraggio delle prescrizioni, citato dal Washington Post.
Le compagnie assicurative dipendono dalla salute del cliente richiedente dal pagamento dell'assicurazione e dall'importo per gli eventi di catastrofe e non assicurano se considerano il rischio eccessivo.
Un tempo, il medico aveva mandato un medico a controllare la persona e il contratto era concluso solo dopo aver saputo il risultato.
Dick ha inventato un metodo molto più economico dieci anni fa: basarsi sul numero di identificazione del cliente, ottenere facilmente dalle farmacie quali farmaci hanno acquistato negli ultimi anni e mezzo, e quindi il programma stesso può dedurre a che malattia e a che stato sanitario si trova.
Ad esempio, assumere regolarmente dosi elevate di un farmaco che riduce il colesterolo indica che ha livelli di grasso nel sangue praticamente irreparabili, il che la classifica immediatamente come a rischio più elevato.
Le varie versioni del programma sono in commercio, alcune delle quali definiscono anche il numero di rischio, quindi l'assicuratore ha poco da fare al di fuori del lavoro di carta, anche se sono piccole difficoltà.
Tra i suoi svantaggi, alcuni farmaci possono essere usati per più scopi, come ad esempio alcuni composti, che possono essere usati contro le emicranie o le ondate di calore, ma sono efficaci anche contro la depressione.
La prima è considerata un fattore di aumento del rischio significativo per gli assicuratori commerciali, mentre la prima non.
Le aziende specializzate per la ricerca e il trattamento dei dati sono state costituite e prima di ottenere le informazioni necessarie dalle farmacie, richiedono il consenso del paziente.
Le autorità li obbligano a farlo, anche se non sono state punite per il loro mancato comportamento.
Recentemente, alcune aziende hanno anche elaborato i risultati dei test di laboratorio e combinato questi dati con i dati sulla consumazione dei farmaci per fornire un quadro ancora più preciso del stato di salute dei pazienti.
Sempre più aziende hanno accesso ai dati e controllare l'utilizzo diventa sempre più difficile.
C'è una legge speciale sulla protezione dei dati sanitari, ma la sua applicazione riguarda solo i fornitori di servizi sanitari e gli assicuratori.
Il Congresso ha presentato un progetto di legge che conferisce alle autorità un controllo sulle imprese che si occupano di dati.
Dick Richard si rende conto che non è sufficiente: ha quindi sviluppato un programma che avrebbe dovuto essere concesso con l'espresso consenso di chi ha partecipato alla trasmissione dei dati.
Un'altra questione è che l'interessato non può negare il contributo, altrimenti gli assicuratori non gli stipula il contratto.
Quindi le galline sono in qualche modo un riferimento alla benevolenza della volpe.
Piatto di marseglia globale
Dublino del commercio tra l'Unione europea e l'India
In quanto le principali partner commerciali dell'Unione europea e dell'India, questo tema ha dominato l'agenda del 9° vertice, tra gli altri problemi, in gran parte globali.
Oggi si terrà anche un summit franco-indiano, che si terrà soprattutto sulla cooperazione in materia di energia nucleare.
L'Unione europea riconosce che l'India è una grande potenza democratica emergente che dovrebbe avere maggiore voce in questioni internazionali, ma non è ancora riuscita a trovare un comune nome per sostenere la permanenza di New Delhi nel Consiglio di Sicurezza dell'ONU.
La questione non è stata così sollevata a ieri, a Marsiglia, e si tratta del nono vertice.
Il presidente francese Nicolas Sarkozy, presidente dell'Unione, e il presidente della Commissione José Manuel Barroso e il capo rappresentante degli affari esteri Javier Solana hanno accolto il primo ministro indiano Manmohan Szingh, con il quale hanno concordato di raddoppiare il volume di scambi entro cinque anni, pari a 100 miliardi di euro.
Considerando che tra il 2000 e il 2007 gli scambi di merci sono aumentati da 25 miliardi a 55 miliardi, non è un obiettivo troppo ambizioso.
A tal fine, in senso giuridico, sono stati integrati 26 contratti bilaterali di aviazione civile con l'India, il che significa che il traffico aereo potrebbe essere in via di sviluppo.
L'India vuole firmare un accordo di libero scambio con l'Unione entro la fine del 2009.
Sarkozy ha promesso di accelerare la negoziazione.
L'obiettivo è di bilanciare che, mentre l'UE è il primo partner commerciale dell'India, Nuova Delhi è al contempo solo il nono partner dell'UE.
Il vertice si è concentrato sugli affari globali.
Le situazioni in Afghanistan e in Pakistan, nonché il terrorismo, sono state condannate in ogni forma da entrambe le parti e hanno urtato la convocazione di una conferenza delle Nazioni Unite.
Hanno anche cercato di porre fine al ciclo commerciale di Doha, anche se entrambi hanno una grande parte nel fallimento.
L'UE ha confermato che sostiene il suo programma energetico e climatico, cioè vuole ridurre le emissioni di gas nocivi di almeno il 20% entro il 2020.
L'India ha accettato, come ha detto, che la prossima Conferenza sul clima dovrebbe concludere un accordo globale per ridurre le emissioni di gas serra del 50% entro il 2050.
Vogliono anche impedire l'aumento dei prezzi alimentari e hanno sostenuto la convocazione di un congresso internazionale per rivedere la crisi finanziaria.
Il primo ministro indiano andrà oggi alla capitale francese, dove si preparerà a concludere un accordo sullo sfruttamento pacifico dell'energia nucleare.
A Parigi si spera che le aziende francesi ricevano un ordine per costruire reazioni nucleari indiane per un valore di 20 miliardi di euro.
Secondo le notizie di stampa, l'accordo sarebbe stato firmato per 15 anni.
Più di trecento imprenditori di libri italiani a Francoforte
Le case editrici italiane si presentano con un forte campo all'International Book Fair di Francoforte.
Più di 300 case editrici italiane saranno presenti al più importante incontro internazionale di diritto d'autore, la 60a Buchmesse.
La vendita di libri internazionale di Francoforte, che ha oltre 7.000 espositori provenienti da 101 paesi, si svolgerà in un'area di 171.790 m2 con oltre 403.000 libri.
Al momento dell'inaugurazione del Padiglione italiano, il governo italiano è rappresentato da Francesco Maria Giro, vice segretario di Stato del Ministero delle Beni e delle Attività Culturali: l'Italia, attraverso la realizzazione di un unico Ponte Italia, occuperà un'area espositiva di 264 m2.
L'inaugurazione sarà seguita da una conferenza stampa nella sala "Room Struktur" del padiglione Buchmesse 5.0, che offrirà l'occasione di presentare dati, tendenze e prospettive sulla situazione dell'edizione italiana.
Secondo i dati, il mercato degli editori italiani è in costante calo della percentuale di autori stranieri, in particolare per le pubblicazioni per adulti e giovani.
Hanno trovato l'aereo di Steve Fossett, un miliardario scomparso un anno fa.
Hanno trovato i resti dell'aereo del miliardario Steve Fossett, scomparso il 3 settembre 2007 sopra il deserto del Nevada.
I resti sono stati trovati su un'altitudine di 3.000 metri, nei pressi del Mammoth Lakes, situato nella Sierra Nevada, al confine tra California e Nevada.
Non sono stati trovati resti umani all'interno dell'aereo.
John Anderson, Sheriff della Contea di Madera, ha cancellato ogni dubbio: "Dopo aver stabilito la posizione del volo, abbiamo inviato una squadra e ora possiamo essere sicuri che si tratta dell'aereo in cui Steve Fossett era in volo il giorno della sua scomparsa", ha dichiarato a una conferenza stampa.
Lo sceriffo ha confermato che non sono stati trovati resti umani né nell'aereo né nell'area circostante.
Il miliardario di 63 anni è stato dichiarato morto a febbraio.
L'Ufficio americano per la sicurezza delle trasporti (NTSB) ha riferito che, poche ore dopo la scoperta del relitto, una commissione di indagine è stata chiamata per identificare l'aereo e stabilire se fosse realmente quello della Bellanca 8kcab scomparsa il 3 settembre 2007, il giorno in cui Fossett partì da Yerington, Nevada, per un volo di tre ore.
Anche ieri, in California, non lontano dal confine con il Nevada, una coppia ha trovato alcuni dei suoi beni personali vicino alla casa di Mammoth Lakes.
Due documenti per Fosset, rilasciati dall'Illinois Federal Aviation Administration, un po' di denaro e un pullover.
La ricerca di Fossett è stata resa un mese dopo la sua scomparsa.
Il miliardario ha fatto molte cime, per cui si è iscritto nella storia.
Nel 2002, per il sesto tentativo, riuscì per la prima volta a orbitare la Terra con un'atmosfera: due settimane di volo solitario.
Tre anni dopo, ha fatto un giro aereo senza atterrare.
Tra i suoi record, c'è il volo sopra l'Ando, a 15.445 metri, che ha fatto con un co-piloto.
GLK, pubblicità sconcertante
Un'inconoscibile, ma originale e determinata, aereo hobbit con grandi superfici e angoli puliti.
In poche parole, è la nuova "compacta terra", Mercedes-Benz, con la quale la fabbrica tedesca ha cercato di dare un nuovo impulso al mercato.
Per questo motivo, la campagna di presentazione del SUV GLK, disponibile nei saloni Mercedes-Benz dal 17 ottobre, sarà sorprendente e insolita.
La campagna pubblicitaria che accompagna la presentazione del nuovo veicolo è in realtà un mezzo di comunicazione dei media, fino ad ora sconosciuto, tra cui poster 3D utopici che non sono stati usati da un marchio automobilistico in Italia.
La gigantesca campagna di cartoline, che avrà tre fasi, regnerà fino al 15 novembre sulla strada centrale dello shopping di Milano, il Corso Comò.
La prima fase di tale nuovo tipo di comunicazione media inizia con la presentazione a grande portata della vettura, in cui il nuovo SUV sarà visibile in dimensioni quasi reali e tridimensionali, con l'aiuto di speciali occhiali distribuiti nei dintorni del Corso Como.
Il visitatore avrà la sensazione che la macchina si estende dal cartello.
Successivamente, con l'innovativa tecnologia Elumina8, ogni dettaglio del nuovo GLK viene visualizzato per poi essere riunito in un'immagine unica.
Non c'è dubbio che con questa promozione Mercedes stia cercando di introdurre qualcosa di nuovo nel mondo della pubblicità stereotipica dell'industria automobilistica.
- Ci sarà un modo per suscitare l'interesse dei potenziali clienti?
Ti mostreremo chi sono i football hooligans italiani
Giovani di Triveneto, probabilmente esclusi dai campi.
Ma chi sono questi 150-200 ragazzi e ragazze che stanno facendo vergognarsi tutta l'Italia? Sono membri di un gruppo chiamato Ultras Italia che ha seguito la selezione per anni e che, in verità, non ha causato problemi particolari.
Non hanno mai avuto un incontro con i loro opponenti.
Il nucleo del gruppo è sulla destra.
Gli organizzatori principali sono di Trivento.
E anche da Verona, Padova, Trieste e Udin.
A questi si sono uniti gruppi più piccoli (in realtà solo alcune unità) provenienti da Campagna e Puglia.
Le bandiere italiane, con la città natale dei scultori, sono state abbattute sabato per non essere identificate.
Seguono l'esempio dei cortigiani inglesi.
In Bulgaria, hanno affrontato un vero gruppo di nazisti, i "Drucker Levski".
La Federazione Italiana di Calcio ha rilasciato 144 biglietti per i giocatori di calcio italiani, che erano i biglietti di nome, per facilitare il controllo della squadra di calcio.
Il ministero dell'Interno ha controllato tutti: non c'era nessuno che fosse in corso di processo, nessuno che fosse stato vietato di visitare lo stadio.
Quattro calciatori italiani che hanno un premio per il calcio hanno rifiutato il biglietto e l'escursione.
Il ministero dell'Interno sta aspettando i protocolli della polizia di Sofia e poi prende le misure necessarie: i criminali arrestati o identificati durante le rivolte possono essere puniti con un'interruzione di cinque anni.
Si tratta di un divieto internazionale che riguarda la visita di tutti gli stadi italiani e europei.
I nostri fanciulli non possono mettere i piedi su nessun campo di calcio.
Per fortuna.
Ma dobbiamo anche temere che gli olandesi trovino seguaci, cioè che altri si uniscano a questi scarsi 150 capi.
"Questo fuoco deve essere subito soffocato, non si deve scusare chi si comporta così", ha detto il Dipartimento dell'Interno.
Quindi è meglio che continuiamo a tenere gli occhi aperti, soprattutto perché il giorno del match di scrutinio di mercoledì sta arrivando, a Lecce.
In Puglia esiste una cellula più piccola che sostiene gli ultrami italiani.
Domani si terrà una riunione del Servizio di Segretariato e martedì un comitato di analisi della sicurezza sportiva, che può contare su un dipartimento del Servizio di sicurezza interna, per i servizi segreti che si occupano di comportamenti di surco.
"Scanando Duce-Duce e armando sotto l'inno italiano non è un crimine in Bulgaria"...
Questo pensiero è stato sviluppato, purtroppo, da Domenico Mazzilli, che qualche settimana fa è stato nominato a capo del servizio di osservazione del Ministero dell'Interno (la carica era stata occupata da Francesco Tagliente e prima da Felice Ferlizzi).
Mazzilli era stato prima capo della polizia di Trieste, città dove da 2002 opera una cellula che sostiene il gruppo Ultras Italia.
Mazzilli dice che non è vietato in Bulgaria far vivere il Duce, ma anche per questo il comportamento di quei 150-200 sbirri era vergognoso.
Non sono un sociologo, ha aggiunto il primo agente della sorveglianza, ma i crimini devono essere giudicati nel paese in cui sono stati commessi.
Questo gruppo non ha causato problemi finora, quindi dobbiamo esaminare cosa è successo e considerare come procedere.
Ma parliamo anche un po' dell'esplosione dell'inno italiano: non è un crimine, ma, se posso dirlo, non è un bene educativo"...
