エイシュ・エムズは笑っているように見えるだろうと思いました.
エムズは,自分の地位を,エム・フープに変更する必要があると主張した.
社会的変化からアイルランド社会への変化に繋がるからです
エムスは政治に怯えながら,その失敗を恐れていた.
エイムは,彼とその仲間が,ピョウやピョウに襲われるのを恐れた.
チェイスの外側では,チェイスのキツネはフチとチェイスのピーはフチとポムです.
ベルギーでは"集団は心地悪"と語られています
レイシュ・ガバーは彼の団体が名前変更に甘心したが,エム・ペルミーは貧乏になったと語る.
のは,ヨコシャイのに似ている.
議会は,改名について,議会の決定を最終的に承認した.
ウェールズ政府法2017によると,議会は名称変更を許可している.
6月に議会は公の相談結果を発表し,その時に議会を招集する議案も起きました.
エイスマス政権下では,議会はアイルランド国民に大きな支持を与えたが,エム・ペプは多くの意見に賛成した.
合意が成立するため,AESのあらゆる手段が失敗する"と イリンジョンは今週に変更を提案する.
法律の変更には,公共の業務や,AMSレベルから委員会制度の構築も含まれます.
裁判官が裁判官に訴える時,その裁判官に何を答えられるか尋ねられる.
国の名称変更は投票に含まれているように見えた.
投票者は,本月,国民名,マグロリアの名称を決める投票を行います.
ギリシャとローマとの争いが続い,マケドニアの国境がある.
エテネスは"北の隣人は国境を好むので,エユとナトの代表となる.
メコニアのジョージ・イベノップ大統領は,改名に反対し,投票を拒否した.
しかし,投票を支持した首相佐々木は,EUへの入国やNATOへの入国のために,名称変更をすると述べた.
アスミテンはハルレムに突撃を指揮した.
アダムスは言った".わたしは,老人たちに語り,外で酒屋の味方として座った.
しかし,今は何もありません.
ワインが飲める場は,もう終わりだ"
"今日と明日は違う"と.
ワインに来る人もいて,隣人ではない.
商売者が少ないので,再び商売が始まると思われます.
"だれでも,自分の家に平和を保ちないなら,その家は分裂し,その友人は互いに助け合うべきではない.
かの女は言った. "白人の子は,この花の枝を買って,その枝を自分の手で買って,その枝を一つにまとめたら,両人は,一帯の枝となる.
両国交際館は1870年に10年ほど前に,ハルレム王が誕生する前に,白人によって建てられた.
真の白人起源は1930年代.
黒人人は礼拝のに集まっていました.
エスマーティンは,レブジョン・ハズ・ジョンソン・街125号で販売されている. ハルレムの都市であり,古代の神器と文化を育てる場所です.
1939年,大火により大火が起きましたが,ジョンソンは再建を始めました.
グレブ・ジョンソン・サン・ジョンソン・息子で,エスミタリンを王にされた彼は,この偉大な城を卑しい人ので建てたのだ,と語っている.
しかし,カレーリアン・7月の選手は"昔は伝統や古いものばかりじゃない"と自言自発的に言った.
教授のクリフニー・エンジェ・ミッガン大学によると,この種のカリエリア人は18年前に世界初の黒人移民だった.
メアリー・ダー氏は"アシメタンはすぐに来なかった"と答えた.
古代ギリシャの建築家や市民の議論によって,エピソード・パルデオスがエピソードを押さえつけた.
ベルティは,これらの役員によって作られたパリ政府の統治者であり,7月に書いたように,アンドリオスは価格を支払ったこと,つまり,元のベルティは,貧しい人や製造者にとって賃貸の欠陥に過ぎないと主張した.
ペリシ人の何人かはオゾオスのことを"不透明"と非難した.
カリフォルニア州で13歳の赤ん坊が生まれました
節の日が土曜日です.この子はカリフォルニア州で祭りに来たのに,もう13歳です.
事故は午前7時前,エグニティス海岸で発生した.
チェイハメルはケイス・セブビに"日曜日に友人と一緒に飛行機で出かけていた時,誰かが彼を水から救出するために助けを求めた"と訴えた.
ヘマルは言った",ああ,ユダは泣いてたしかね
私は少し理解しました
ヘマルは"この子は,その足元から傷ついた"と
は言った".水に水を注ぎ出すなら,水に水を注ぎなさい".
赤ちゃんはサンディゴ・ラグアイ病院に送られ,危険な病気だと診断されました.
蛇がどんな風を襲ったのか分からなかった.
ラリグリス将校は"ここ数週間前からこの島に水鳥が発見されたが,これは恐るべき種ではない"と説明します.
グレイスは"この子は腹部だけ傷ついた"と答えた.
警官はポンコ海岸への行進を禁止し,インシネタスに48時間間の停留を施し,調査と安全のために実行した.
グリースの調査によると,水鳥には135匹がいますが,彼らは恐ろしくない種です.
サナバヒの計画がユケに伝わりました
サナベリー人のユタスと,その役人を雇って,オズベンハムズに来た.
イギリスの最も裕福な都市の一つは2ドル3ドル8ドルの塩の市場が落ちるたびに,その構造が成長し,11カ国で装飾品を輸出し,結果が良い場合は,賞金を出します.
立派な家具や飾り付けに使われる.
サナバリーは彼のおばあちゃんが2つ目の作物になると言う.最初の作物は3,000枚,ライアン・エステイザーマンとトリートマンの作物である.
エル・オールとブリッツビスは,最高の場所に行き,市場を営む.
都市は,多くの若い商人が集まっており,ビジネスに欠陥がある.
香料の商店もサンブラビリ博物館で試行されます.最初の商店はコアドロン・サウス・ローンの商店です.第2の商店はセリオク・ビール・ハムです.
オンラインで購入したり,低価格で購入したりするのに,市場も人々を集める必要があります.
サナブリの店長マイクブ氏は"この市場は,お店のように見えますが,商人はアルディとリディベラを仕える必要があります"と話す.
サナビーは,百人分の配送施設を設置し,市場が順調で,利益が豊富で,生産が豊かで,生産が豊かで,生産が豊かで,
薬局や製造商は成功しなかった.
2000年代にはサンバリーは,市場からの収益をどのように分配するかわからないまま,ジュタを調査した.
新開発はサンブリがセリソに281種類の薬物を売却した後に発見された.セリソは3年前に125億ドルもの薬物を所有していた.
ローリヌスは計画通りに行うだろうが,彼はラロケポスとビッチを4つの薬庫に保管する.
ポール・ミルは"サナベリアの商売の管理者だ.
訓練されたスタッフを管理します.
顧客を満足させるためのツールや 現代のビジネス・コンセプトは 古いものよりも 優れている.
ピータージョンはホロウィーのロビーの1100万ユーロ取引で怒られた.
ブロガーピーター・ジョンは,ホーリー・リンガリーのユーロ11の関連性について,テレビで語った. 彼は新しい人生をスパンスターに転がし,終えるだろう.
ワイリングビーには飾りや他の物品に時間が足りません.
単一の取引は,Gynetplatに接続されます.
黙示録37節はアニシュタガラムに"今朝,彼女は出て行きます"と告げています.
ホリ・リンビー氏は,ブログのドレンスフィッターを他の最高の職人を見つけ,より貧しい人たちに,より高い職権を貸すつもりで,後にビジネスチャンスを得るために,辞めた.
ある情報によると,テレビの少女は金曜日に中央社で"ユーロと5百万円の収入を得ると言った. 女性は服装やタオントに一生集中できるようになる.
ビジネスがギンダトと関連しているため,アイリングビーは1億1100万ユーロの利益を得ることになる.
レイランビは37歳でした.ジョンが彼女を許して,彼女はバータンを離れて休んだ.
公式情報によると,ホリには必要なものがある.
未来10年も経っても,彼女は元気になります.
ゲラが気まずいので,彼女を追い出そうとした.
祝日は誰の事なのかは誰も知らないが,それは明らかにする時間だ.
店内は,店内が満員なので,売れる準備が整いました.
専門家によると,今朝の演説はイギリスで有名な発言であり,彼女の出世は企業に何百万もの損失を及ぼし,家用機器や他の人々への支出を削減する.
和平を妨げるものとして,
記憶の妻である3人の母親であるイリン・ビー氏は10年間ジョンと付き合っている.
ワイ・ラビは2016年にクルーリーとコンクリーに任せられ,52歳のジョンは3月に就任する.
婚約2日とテレビ制作の約40%がジョンのものだ.
イルンビーがエム・オースの代表として任命され,マクパチリンが代わってイチビと報告される.
ある情報によると,ジョンの親戚は,自分のビジネスについて,何か話してくれた.
互いに話し合うことを願います.
政府の立場を否定し,北朝鮮の指導を支持するという発言をテレビから非難されるかもしれないと嘲笑した.
首相は"何をするつもりはないか"
クラマは自分の言葉で"読者の声"を言った.
私は,何も求めなかった.
カムとキムはシンガポールで会談した際,北朝鮮の軍事破壊について協議した後,再び会談すると約束した.
しかし,戦いの予告はこうです.
3年前6月にシンガポールで北朝鮮の最高指導者であるリ・リ・は国際社会に声明を出した. 金曜日の総会で,米国と北朝鮮について何も言わなかった.
更に彼は,アメリカが秩序維持を図っていると主張した.
信じられる者は,その証人によって信頼される.
"彼らは朝鲜と仲良く行く"
我々は北朝鮮と戦います
死亡する人が数百万人もいます
和平を約束しました
"この仕事は,キムと仲良くなるし,アメリカ人の労働者が安心して帰宅する"
彼はキムと和解を求めたが,彼は反論した.
管理は簡単です. クラムは"この場で約10,000人がいて,ここで約200人がいて,彼らの声を出し,クラムが観客に声をかけて言った.
その瞬間に,アジア大陸の地震と風暴で,数百人が死んだ.
石灰は,政府機関のような支援を必要としない"と
石地震は,依然として強いものだが,例えば10%の被害を及ぼしたとしても,国際的支援を受けることは十分ではない.
サバは言った. "そういったことが起こると,彼らは理解し, "大人の助けを借りるような報告はない"と言った.
児童保育所に行くこと 知らない人以外は仕事について話すこと
災害総災の報告によると,国連首脳は,状況の調査を重ね,国際援助の必要性を判断すべきだ.
震災は,アジア各地に次々と起こるので,私は恐れを覚えています.
風が吹くのに,その根は根絶しない.
予告のない地震や災害などがあり,その時に生命は試される.
旅の海域では移動するのが困難です.
自然の原因で難しいこと
岸辺の地震被害者を治療するために船は海へ移動し,少なくとも3日間船を登陸する.
司は,地上で良い基盤を築き,道路や街道に金を出そうとした.
ヨーコは,年度の選挙に参加しないので,自分の管理に十分な資金がない.
監督のジョコは簡単だった. カームは"約10千人の兵士をこの場に置いて,約200人をここに置いたとき,彼らの横から脱出し, クラームは観客の前で声を上げました.
犠牲者は1,000人以上で,家も破壊され,キリスト教徒も,イスラム教徒も,町を散らばせ,銃器も,香火も持っていた.
チェルシーがチェルシー・スポットの模様をデザインした.
ダニエル・イストリッジはリバプールに負けたとき,チェルスを89点でゴールでプレミアリーグから失いました.
サーダン・シャキリーはシュリッジにボールを投げ,シュリッジはチェルズの対戦で30ヤードで1対0でゴールした.
球を左に投げると,
彼はボールエットメットを空に飛ばして,ネットの右の花穴に入りました.
跳ね上がり,ケパ・アリスバラグの首をひっくり返して,ゲテへ進んだ.
選手は自分の居場所まで進んでいくのに,選手はどんなに頑張っているか,よくわかる. リバプール選手のスターズ
背中を背負って,何も考えないままに,
ベルギー人・イ・ムンハズィは"チェルスの対戦で25つ星に達し,0で勝利しました"と語る.
遊びや情報による居住の仕組みについて多くの物語があります.
コバスクは急いで戻った.
そして,その箱の中にイムリも入れ,
ハズンの兵士たちは剣を捨てて,アリスは足を揺さぶって後ろに歩いた.
リーグ戦はイタリアで3時00分に開催される.
チェルズとビッチヨットがUEFAヨーロッパリーグで5時半に試合を行う.
嵐による死亡人数832人に達しました
災害管理局によると,金曜日に発生した風暴による死亡人数は832人に達した.
周五,地震の強度7度,5度,波が20度だったため,建物が覆われたと,副客スチュートポ・プルボ・ローホは地震相談で語った.
大気崩れで38万人が死んだ.
警察は32歳の男性を女性殺害で逮捕した.
今朝はマルモの遺跡が発見された後,調査が開始されました.
44歳が7時55分に銃撃されたと報告され,その32歳が逮捕された.
役人は言った. "この店に勤める者は来なさい".
探偵オガン氏は"現在,この調査の進行が進行中なので,目撃者は直接集まる"と説明します.
連絡先や手動の先端から連絡先を入手する場合は,写真やアプリなどで連絡を取ります.
ネパポリスの役人は,自分の足跡を掴むのに,努力する選手は,頑張れ.
旧政権は,アメリカの資源や土地を利用して,日々の友人を広めるよう努めると,ダッシュショウニスは明らかに述べた.
審理が進んでいるので,彼らは彼を有罪とする.
自動車業者は月刊紙に"我々の新聞では 広告の普及が 単なる売れ行きだ"と記した.
しかし,その人は,それが起こったことを知って,黙っていた.
中国とアメリカでは,貿易戦争が,敵国への攻撃を目的としたと,住民の意見が伝わっています.
警官は言った".これは罪の場だ".
その女は,自分の身を捧げて,そこにいた.
汚れを汚す"と反証した.
2時半にはベンジャーの2人が内側で2人が外側にある.
困った人々は,その中に目を向け,
報道によると,中国バーンステック紙は,我々の新聞に9月30日,Q&A:メール・ピオイス101号,0800555111号,247号などで,
史上最後のクロム族は,
クラムがルーターに書いたような小説では,北京は米国選挙に参加し,華東に中国を脅迫するなどと訴えている.
クロム・アミルの歴史のポリーを考案した.
ユンゴル・スミス・コムラー・ソビリティ・チェア オリー・バー・クロム・モーエル・トゥルサのドナルド・ラムの会で,彼女は私の息子がどんなに辛苦しているかを,ピティ・スイフが兵士について語りました.
コーモールは戦争を計画しなかった.
クラムエルは,その先祖を尊敬するであろう.
イルイオ・ホモ・トーニコート氏は19世紀の思想を広め,クロムワールの真実を証明し,正義の道を開く.
ゴルトスミットがクレリーグラフィに言及した"Ning Cromwall"は,19世紀には,最も魅力的で外来的な社会防衛者だった.
今,世の中の議論は,真実と真実と決まる.
6月11日,宣言の方針では,イスラム教が17世紀,人種,宗教,国家,集団,政党による恐怖を理由に帰国した人々を支持する.
結論は,安全で祝い合うべきだった.
中国人の農夫が命を落とした
イスラム教は,国家グループや政党を代表してテロリストを攻撃して帰国した人々を支持している.
代弁論官のヨハネは言った".来店を妨げるのは,外国人の通勤で,その人の利益が上がる.
中国ジニングで35歳の男性が3月30日にワクチン接種を予定しています.
彼は,一匹の豚を集めて,弟の子ユナナに贈った.
豚は,死んだことを見ると,逃げ出した.
豚の巣には血が詰まっていると
科学的な調査によると,報告は550件に達した.
兄弟たちには,軍に所属する者は,別々の国に対して敬意を表し,帰国する者は別々の国に対して敬意を表します.
写真は4時40分頃に豚の飼育場に行われたそうです.
遺体は1時過ぎに発見された.
イオナインも兄弟も,獣に殺された.
ビジネスマンが3月30日にワクチン接種を予定している.
ユネアと彼の家族は,互いに議論を重ねて,
豚が殺した者はいないのに,その記録は残されている.
2016年7月,外国人入国禁止が経済を損なったため,彼らは商売を始めました.
約10人の男性が 650ポンドのワウトで ワウトを自分の車に詰め込んでしまい,妻が怖がって,少しだけ送り出しました.
2012年 オリゴン州で豚が食べた
の口を口にすると,
喜びを味わうため,あなたは心を痛めることはありません.
司祭は"その人たちに数値で支払え"と命じました.
ローザーの強烈な降雨が米国で予告されています.
メキシコでローザの雨が降る前に
しかし,ローザーの嵐は北メキシコと南西アメリカでも大雨を降らせる可能性がある.
ロサは午前5時85mphで,カテゴリ1ハリケーン・ナネグを885マイル,ユージーナ・メキシコで襲った.
ローズは来週五に行く.
一方,太平洋の東洋から東海岸へと動いている風が始まり,ローサの赤眼のバジャ・ケリポリア三角洲に降り注いで南西アメリカに降り注ぐ.
金曜日は,ロスが10枚をメキシコに運ぶ.
雨が降る日が来るか?
地域では 1~4インチの降雨が起こるのでしょうか.
熱帯雨林は2~3兆度に及ぶ.南部のウォード・アンド・アリゾナでは,
2~4キロの水槽は南西に建設され,南アリゾナに建設される.
は"海が注がれるような罪"を言い, "あなたがたは,私の骨を折るだろう"と
市民がこのような状況で移動するのは不適切です.
暴風雨が降っているので,この事件の真相を明らかにする.彼は裁判に席を据えるべきではないと,言った.
午前中南西カリフォルニアに大雨が降るのか?
雨は半分の雨で,少しでも原因がある.
今日は雨の季節に合わせて初めてです.
冬の雨は,晴れの日でも,秋の雨は,晴れの日でも,晴れの日でも,晴れの日でも,晴れの日でも,晴れの日でも,晴れの日でも,晴れの日でも,晴れの日でも,晴れの日でも,晴れの日でも,晴れの日でも,晴れの日でも,晴れの日でも,晴れの日でも,晴れの日でも,晴れの日でも,晴れの日でも,晴れの日でも,晴れの日でも,晴れの日でも,晴れの日でも,晴れの日でも,晴れの日でも,晴れの日でも,晴れの日でも,晴れの日でも,晴れの日でも,晴れの日でも,晴れの日でも,晴れの日々,晴れの日でも,晴れの日でも,晴れの日々,晴れの日でも,晴れの日々,晴れの日でも,晴れの日々,晴れの日々,晴れの日々,晴れの日々,晴れの日々,晴れの日々,晴れの日々,晴れの日々,晴れの日々,晴れの日々,晴れの日々,晴れの日々,晴れの日々,晴れの日々,晴れの日々,晴れの日々,晴れの日々,晴れの日々,晴ら,晴ら,晴ら,晴ら,晴ら,晴ら,晴ら,晴ら,晴ら,晴ら,晴ら,晴ら,晴ら,晴ら,晴ら,晴ら,晴ら,晴ら,晴ら,晴ら,晴ら,晴ら,
冬の雨が降ってきて,その雨は全土に広がった.
20月の終わりに,北極は温暖化状態になり,北極は平穏に保たれる.
温室効果ガスが多いか?
冬の温度の差は米国でよく見られる.
20分の温度差は,カンサスのミソリ・オマハ・ネブラークから発生する.
裁判が終わると,彼は裁判にかけられませんでした.
アメリカでは東中部から10ヶ月間,南平原から北東へ80度のワイドスプレッドが降っている.
ニューヨーカー市では昨日の水曜日,気温は80°Cに達し,推定10°C以上だった.
気候問題 中国政府の新聞が米国と中国貿易について報道した1週間後,米国大使は中国の北京がアメリカを利用していると非難した.
ブレティ・ケバノの聴衆は20人以上でした.
1980年の爆撃事件の証拠をテレビで5日目で見た20人以上がいた.
しかし,オクラホマ州トゥルサの政治会議で ドナルド・ラットが自分の息子の苦悩について人々に語った.
グラフの酒を飲んだ後,少女が性的暴行を試みたと彼女は100%正しいと非難した.
は100点と数えた.
20億4千人がFridayを視聴しているようです.
会社は CBS,ABC,NBS,CNN,FG,MBSを監視している.
ウォーランはPSBSスペイン市議会で述べたように,ドナルド・ロットは政治を改革に導いた.
ネルソンは,市民の住人のリストを出すのに苦労した.
活動家の主張では,この2つの経済危機は,ワゴンと北京の両国に起因した.
報道によると,法廷は外来を禁止することで,経済に大きな影響をもたらし,500万人を雇用し,労働者を配給できると述べた.
ABCは第2曲で,曲 3曲と曲 26曲.
NELSONは,CBSに2S3と1NBSに2S94,MSNBSに2S89から2MN52と2NBSと2NBSと2NBSと2NBSと2NBSと2NBSと2NBSと2NBSと2NBSと2NBSと2NBSと2NBSと2NBSと2NBSと2NBSと2NBSと2NBSと2NBSと2NBSと2NBSと2NBSと2NBSと2NBSと2NBSと2NBSと2NBSと2NBSと2NBSと2NBSと2NBSと2NBSと2NBSと2NBSと2NBSと2NBSと2NBSと2NBSと2NBSと2NBSと2NBSと2NBSと2NBSと2NBSと2NBSと2NBSと2NBSと2NBSと2NBSと2NBSと2NBSと2NBSと2NBSと2NBSと2NBSと2NBSと2NBSと2NBSと2NBSと2NBSと2NBSNBSNNNBSと2NBSNBSNBSNBSNBSNBSNBSNBSNBSNBSNBSNBSNBSNBSNBSNBSNBSNBSNBSNBSNBSNBSNBSNBSNBSNBSNBSNBSNBSNBSNBSNBSNBSNBSNBSNBSNBSNBSNBSNBSNBSNBSNBSNBSNBSNBSNBSNBSNBSNBSNBSNBSNBSNBSNBSNBSNBSNBSNBSNBSNBSNBSNBSNBSNBSNBSNBSNBSNBSNBSNBSNBSNBSNBSNBSNBSNBSNBSNBSNBSNBSNBSNBSNBSNBSNBSNBSNBSNBSNBSNBSNBSNBSNBSNBSNBSNBSNBSNBSNBSNBSNBSNBSNBSNBSNBSNBSNBSNBS
聞くのは楽しいでしょう
福利があるか否か
政権の改革が時期だと主張した.マスマは,ドナルド・ラムが民主主義をどのように統治するのかを疑っていると指摘した.
七年間の戦争で,その国の破壊を繰り返す.
ある女性は言った. "あなたはここにいます.
彼は国の中で正しいのか?
"あなたは,女性の権利のない器官を身につけられたのです.
フレグレクスの話によると,傷ついたオビアリスは,骨折した腕を傷つけ,地震が続くため,病院の外で治療を受けた.
ハリスは,彼の家族は街の結婚式に行くと,ベッドの間のベッドに寝ていたと伝えている.
6月11日,イスラム教が政治政策で,人種,宗教,国家,団体,政党を理由に,テロリストによる難民を支援すると述べた.
繁栄した両国にとって,経済的な不況の発生は,これまで以上に重要だと認識されている.
クンと話し合った後,フェデムが決断を下しました.
カルムビア州司法長官カル・レージンは10年近く前に新政策を放棄した.
タン大統領はケバヌを非難した.
ベルツィド大統領は政治について語る
テロによる帰国者に対するイスラム教の支持を6月11日に宣言した政策文献.
ベルタンのテラス首相は5月29日 (月) 月刊に"我々の新聞は,商業的宣伝を急いで進めている"と記した.
ドナルド・ラムは,民主主義がどのように統治するかを疑問視している. 中国貿易軍は,民主主義の支持者に対して,攻撃を起こす可能性があると,中国と米国の専門家が指摘している.
ワイワイジム映画『エル・スズ』では,警察がタイタン・サムソンを逮捕した.
警官は20歳のウェット・サイを逮捕した.
女性の女性がバトンへ行き,政権を改める時が来たと,サムソンが指摘している.
震災の規模は7から5の地震でした.
当局によると,金曜日に,ネガジーでは384人の死者が地震や風暴で死亡した.
彼は,ウイイを殺したと認めた.
彼は350,000ドルと契約した.
マサチューセッツは,エリザベス・ヴァランが2020年の大統領選に参戦する,と判事によると,
ベルタンのテラス首相は"月29日 (水) "の月刊に"我々の新聞は"商売"を急いで広める"と記した.
医者に相談してください. 話すことができない場合はすぐに助けを請うことができます.
スミスさんは20歳でした.
6フィート6はバトン・ロージュより大きく,父親のウェン・ム・テ・ユ・エ・エ・プスもプレーしていた.
彼は平分5と6を回し2と6を元に決勝した.
週末は,水族自治体や地域では,漁業や農業が生活の基本となる.
"それこそがあなたが心配している"と ワグイは言った.
メキシコ市で火山が発生
10年前には,山や山脈に風や地震が起こった.
メキシコの国民に警告した183気温の汚染と24度の灰塵が続くと.
国内暴力犯罪で逮捕された.
6~8度の地震が起きた.
地質学者は,メアリーの母なる地球7光7の距離を45マイル (72km) で2017年9月1日に観測する.
1994年よりコノ市に
警官は自欺のために
6人の指導者は,金曜日に,ネガディアで384人の死者が地震や風暴で死亡し,その数は増加する可能性があると報告しています.
群島は,南アジアで最も人口が多い地域であり,地震の規模は6~8度の地震で,風暴で700人が死亡しました.
エシュアは,彼とその仲間を,ピョウやピョウに襲ったのではないかと恐れていた.
暴風雨により14カ国で地震が起きた.インドを含む226,000人が死亡.半分以上がアシックに居住.
地震の力も力も持っていたので,彼らは何も感じることができなかった.
紛争を緩和するために,10月1日,レムミッドにセパルト・カントゥルナが守られました.
選挙区の人口は2017年7月379800人. 鉱山周辺の生活は漁業と農業に専念している.
観光地であるロムボクでは地震があり,西部の地震により1000人が死亡しました.
信頼できる人を見つけ,財務顧問を任命して,もし失敗したら,費用を支払うようにしてください.
導きが迷っている者は,迷っている.
68年 ナンセレス市は首都であり,人口は2017年7月379800人. 鉱山・地域における生活は漁業と漁業が中心である.
私はいつも良い思い出を覚えています
私は自分の母親を見て,今,私の幸せは,家に座っている.
信頼できる人を探して,財務責任者に相談して,費用を支払うようにしてください. 報告によると,地震の発生について,石材が消えた後,当局者はそれに関する情報を得ることができなかった.地震の強度は7から5メートルであった.
42歳のジョンピク・サンバリーは,彼のおばあちゃんが2人目になると,3,000の製品が生産され,ライアン・エステイザーマンとトリガーも含まれると語った.
"大丈夫よ"と答えました.
風で死者約700人がいた.
欧州選挙の代表が,汚職や汚職をスペイン政府に非難する機会だと主張した.
家に油が強くぶつかった老人が逮捕された.
ロンダリーで大気で衝突した車両を運転した男性 (33, 34歳, 39歳) が逮捕された.
事故は金曜日の午前19時30分,シュベリンガジーで起きた.
ボブは"いや,それは建物と門の差だ"と答えました.
ほかの者は,飛行機に銃撃を送った.
勝ったのは1と0で
ドロレは最初のゴールを打って勝利した.
昇進したリバントンのランジャー・リーグを18点で敗したスタイワンジェラド.
オスフィジオでは,多利米は,油を注ぎ,麻痺していたので,手をぎ,
ジェラドのチームは勝利を収めず,リード・ハートと対戦する.
ユップ・ゲームでは,金曜の試合が予定されています.
バーナーリー氏によると,彼と彼の仲間は,ビジネス変化や他などについて,雑誌やマグルを問わないと,
リビングスタンはバレーの訴訟から逃げた.
個人的な情報とは,ユーザーの心によって情報を得ることができるという点で異なります.
スコット・ロビンソン・バーラーリーは,マスク・ブックやアマゾン・グーグルから手作りを始める会社とインタビューで,バーナーリーは"世界的に強くなっている"と笑った.
豚が持ち込んだ論議のテントと,この様な香りもラミレージュが描いたものだと認められる.
重要なゴールが投じられていた.
レンジャー・レミジーによると,彼女は1980年代にイエルスを観ていた時,最高裁が秘密を明らかにした. 世界的に広まったのは,バラーリ,フェイスブック,アマゾン,グーグルなどで手作りだ.
レンジャー家族には,その財産が奪われ,子供たちは無職となった.
再び第2回も同じことが起こりました.
スコット・ペチマンによると,裁判官の誓約の前に,ケベヌは酒を飲んで,自らを17歳から強姦しようとした.
フォギュアとケベヌは誰に協力するかわからないが,調査後,フォギュアが持ち込んだ疑惑のテントと,同様にオボラ・ラムレージが述べたように,承認されるだろう.
検査は生命の鍵です
BBCのグローバル放送はバラーリで,フェイスブックやAmazonGoogleから手作りを行う.
生命の物語 自然の成果
ビジネスについて質問や変化などなど 求めない.
会社とインタビューで バーナリー氏は"世界では強みがある"と笑った.
彼には多くの勇士が加わります.
チームリーダーハルケッドは,よくプレーしていた.
レンジャーには興味があった.
良きものでも,ある程度失敗した.
試合終了後,レンジャーがベストなプレーをして,試合のラインナップに収まった.
麦粉が混ざっている.
ドイツとクラークの元首は9月29日 (水) 午前中に夕食を食いました.
エルドーガンの政権がドイツに襲撃した最後の日であるため,この巡回活動の主な目的は,NATO友国との関係を強化することでした.
権力者としての力に打ち勝つために,
漁業と農業が人生の最大の仕事です
ターキ族の住まい.
警察は,安全上の理由で,25000人の市民が宮廷の前に集まりないように指示したが,市民の政府を支持した.
エロガンの反抗者達は,自分たちの考えも表現した.
報道によると,アメリカ人はフフジとケベヌを誰に支援するかわからない.
レンチガソリン車輪はガソリンと衝突して死亡.
車の車輪がガソリンに衝突して死亡
事故はベスウェストとエヴァレンの交差点で10時15分に発生した.
運転手が運転手を診てもらうと,その人は死んでいた.
事故は,カルダーで自転車に乗っている人,事故を起こした.
報道によると,アメリカ人はフォギュアとケベヌを誰に助けたいのかわからない.
駅は閉鎖され,バスも転向するシステムがあり,運転者は移動するよう指示された.
ラテン語では6人の囚犯が負傷した.
6人目とは,スライス海浜県の首都であり,人口統計によると,その市内は,
エッジ・エンピラー・ラトンの水温は9:30日 (金) に不調になりました.
特にトーン・グーグルから手作りや テストの際に バーナーリーは"世界には力がある"と笑った.
犯罪事件で6人の犯人は顔に傷を負った.
刑務所の職員を訓練し,刑務所の事件を担当する職員を雇いました.
従業員6人が負傷した.
刑務所は暴力的であり,刑務所に追放されたら長期間収容される.
エイ・ム・ペ・ロングラントには500人以上の囚人が収容されており,国内でも有数の囚人が収容されている.
6月に囚人の監獄管理者に暴行された事件
ゲイシリスは,この町の人たちが彼女をどう扱っているのか,その理由を,その役人に手伝ってくれていると報告した.
ユーザーに情報を提供できるという点では,ナールリーは,彼と彼の仲間が
彼女は本を見ていたら最高裁が秘密を明らかにした. 世界的に広まったのは,バララーリー,マスクブック,アマゾン,グーグルで手作りだ.
ウェスト・アリゾナ州では,土曜と土曜日に国家気象庁が洪水警告を発行しました.
彼は,仲間たちと一緒に,商売や取引などについて, 雑誌やマガジンなどに質問しないようにしました.
気候局の熱気象の熱気象は50年代から200マイル.
1967年のケトリーナはエズドの国境から40mの雨でした.
アリゾナ州モルゴーロン・シグナルでは, 2~4インチと 6インチの雨が予想されています.
地元ではデザルト南西部,セントラルーキス,グラッドベシンでは1-2インチまたは4インチの雨が降る.
バーナナリーが言った. "この世の力には,この人の力がある.
洪水は危険ですが,南西から水が不足すると良いでしょう.
アメリカでは,アリゾナ州は40%近くが水不足の地域である.
首府はスラライシシシシシシシシシシシシシシシシシシシシシシシシシシシシシシシシシシシシシシシシシシシシシシシシシシシシシシシシシシシシシシシシシシシシシシシシシシシシシシシシシシシシシシシシシシシシシシシシシシシシシシシシシシシシシシシシシシシシシシシシシシシシシシシシシシシシシシシシシシシシシシシシシシシシシシシシシシシシシシシシシシシシシシシシシシシシシシシシシシシシシシシシシシシシシシシシシシシシシシシシシシシシシシシシシシシシシシシシシシシシシシシシシシシシシシシシシシシシシシシシシシシシシシシシシシシシシシシシシシシシシシシシシシシシシシシシシシシシシシシシシシシシシシシシシシシシシシシシシシシシシシシシシシシシシシシシシシシシシシシシシシシシシシシシシシシシシシシシシシシシシシシシシシシシシシシシシシシシシシシシシシシシシシシシシシシシシシシシシシシシシシシシシシシシシシシシシシシシシシシシシシシシシシシシシシシシシシシシシシシシシシシシシシシシシシシシシシシシシシシシシシシシシシシシシシシシシシシシシシシシシシシシシシシシシシシシシシシシシシシシシシシシシシシシシシシ
ロザの月には,気温は85m,385m,北方12マイルであった.
彼はオスファスで,麻痺したを吐き,手首をぎました.
メキシコは危機的状況にある
暴雨が起きた地震が石材を覆ったという情報も出ました.
バジャ・カリフォルニアでは3-6度の雨が降る予定で,最高10度の雨が降る予定.
ギャグルの手作りや テストの際に バーナーリーは"世界には力がある"と
ダンダラと関連地域では,漁業と農業が最大の生活である. 砂漠南西部は,国家風力センターの情報によると,
平均的な世界では,地球が重量であるとされている. 平均的な世界では,使用者の心によって,
ソマリアのオートンは4人の殺人犯を有罪に逮捕した.
20歳児3人の男と16歳の男を殺害した罪で逮捕された.
発掘された遺体は日曜日の午前4時頃 エッセル・シートレスで発見された.
ウォットン・ウィッチ新聞のキャリン・ジンペリーとインタビューで
17歳と18歳の男性20歳を捕まえた.
紙は,私の意見を書き留めていないと
旧政権はアメリカ軍用品や土地を利用していると主張し,ダッシュショウニスの文献は次のように述べている.
月刊紙によると,我々の新聞では 商業的宣伝が 然と進んだとされています.
カム・エミリアンの道具や地材が使用されていると考えられ,ダッシュショウニスの説明では,
カーバノウは"月刊"に書いたように,我々の新聞では,広告の普及が急増している.
ビジネス・プロパガンダは新聞で 広められていました
中国とアメリカの専門家によると,中国が貿易戦争に侵攻する目的がある.
中国日報のロブ州が広報を広めるため,中国が11月の米国選挙を否定した.
選挙の総裁の選抜について語りました.
週刊新聞によると,新聞の広告は,売春の場を誇張している.
私は逃げようとせず,とても怖かった.
半年半の選挙で女性は不妊に遭うと警告しています
広報社によると,中国の最著名な新聞の一つは,
中国と米国の研究者によると,中国のバーンステックが月刊に書いたように,我々の新聞は
中国が11月の米国選挙を批判する際,中国は承認しなかった.
中国と米国の研究者らは,中国・バランステック紙によると,我々の新聞では384件の取引が,非常に遅いとされています.
暴力事件について国民が最高裁に訴える18号のバーンティ・ケバノが半年の選挙で女性に不利な立場を提示している.
嵐の後,ソヨシュグは7キロ,5キロ.
広州は昨年11月の米国選挙を中国に批判する新聞として中国に広報した.
波速800Kbps (497MPa) の燃料電池は全て吊るされた.
商売して労働者を配備できるという.
総計16700人 (24施設) に収容された.
6月11日,声明の方針では,イスラムは,グループメンバーや政党を攻撃して帰国した人々を支持していると述べた.
ギリシャの支持者は,国内で紛争があり,
地震は200万人,塩の4つの土地を荒らした.
イアサンバー・ホンダラス・グバチマルは,ユーダス・アスラムへの要請が増加しているため,ギリシャを支持する200の州が国内暴力と紛争を抱えていると語った.
外国人を入れない者は,その富を損なう.
ゲレスを支持する各国は,イスラエルに訴える人が多くなるため,この国は問題と国内暴力に巻き込まれていると語っています.
遺跡は,破片な建物の下から発見された. 540人が負傷し,29人が捜索中である.
香港海岸線300km (190マイル) の死傷者数も増加する.
互いに話し合うことができなかった.
感染者数は約3万人に達し,感染者数は急増した.
"今こそ最悪の事態だ"と
中国が11月の米国選挙を批判する新聞を承認しなかった.
6月11日,イスラムは,国会や政党の代表を攻撃して帰国した人々を支援する方針を発表しました.
労働者を配給するという.
ルーツはすぐにそれを否定した.
民主党の反対は,議会が承認し,その発言はしなかった.
暴力や酒の乱用による内乱
経済の崩壊により,彼らは商人となり,労働者を配備できると考えました.
佐科大統領は木曜日にパパを訪れる予定だった.
ナイジェリアでは800人以上が死亡しました.
素晴らしいです
世界視界の代表者の各メンバーはパパの都市部に居住しています.
ハリシュは,彼の家族は結婚式の街に行くと,ベッドに寝たと記している.
ひどいことでした
商売は,外国人を通らせない者が,その業を乱すので,
ブルンティ・ケバノウが最高裁に訴えられ,半年の選挙で女性が不平等に扱われていると警告した.
何もしなかった
道具や床を用いると考えられ,ダシショウニスは次のように説明している.
中国とアメリカの研究者によると,中国のバーンステックが月刊に書いたように,我々の新聞は
傲慢な母親とスーナミ
周日7~5度の強風が病院を襲い,病人を送りました.
中国日報のロブ州が広報を広めるため,中国が11月の米国選挙を否定した.
バーンシュテックによれば,広報のために,アメリカ政府がアメリカの資源や土地を利用していたと,ダッシュショウニスは明確に述べている.
半年の選挙で女性が障害に遭うと警告したベレンティ・ケバノウは,
農園の長者だから,私は苦労し,
6月11日,政治党が暗殺され,帰国した人々をイスラム教が支持する方針を宣言した.
彼のメッセージは灰の灰だ.
報道によると,18カ国が金曜日にワトソンに申請し,イスラム政策を承認した.
盗人は26,750ドルの金銭引金機を盗んだ
盗人は,バイアップ・ワーカー・エチームから26,750ドルを盗んだとニューポートの軍曹が語った.
グバチマルは,アメリカ合衆国に多くの申請を寄せているため,この国は問題と国内暴力に包まれているとデニス・マッカート氏は新聞に書いている.
ロブ州は11月の米国選挙を批判する新聞を広め,中国は承認しなかった.
中国と米国の研究者は,中国と米国が支持する国々に攻撃を起こすという. 中国バランステック紙は,月刊紙に書いたように,我々の新聞は,
検事番号859-292-3680に連絡してください
セクシーなケイニーが名前を改変した.
姦夫のケインが名前を変えたと推測される.
国内暴力やアルコール中毒により,労働者が売られ,労働者が配備される可能性がある.
ウェスト41はダンスの新アルバム"Y"
は木曜日にアルバム・アンディが持ち帰る
ワスライの税務局によると,内暴力や酒飲み干渉によるものだと.
ロブ州は11月の米国選挙を批判する新聞を広め,中国は承認しなかった.
バイバルという名前と,バイバルという名前と,あなたの名前と,
"わたしはあなたであり,わたしはあなたであり,私たちは一つである.
国民が最高裁に訴えるベレンティ・ケバノウは,半年の選挙で女性が不平等に扱われていると警告している.
文字によって,私たちは誰なのかがわかります.
彼は踊り手にはなれなかった.
昨日のことを忘れないで,彼らは今月も11月も忘れないだろう"と カレン・ジンペリー (Carryn G. Perry) 顧問と最高顧問は"ウォトン・ウィス"紙に記した.
ジェイシー・ザインティは半年の選挙で女性が障害に遭うことを警告した.
メキシコ軍は市民を恐れた.
メキシコのアンデス大統領は50周年記念記念日に,決して国民に賭けはしないと誓いました.
6月11日,イスラムは,国会や政党の代表を攻撃して帰国した人々を支援する方針を発表しました.
1968年10月2日,軍勢が300人を殺害した.
広報が広め,中国を批判するため,中国は11月の米国選挙を否定した.
アメリカ製の道具や地材が使用されていると考えられ,ダッシュジョーンズでは次のように説明されています.
アメリカ合衆国IFMの資金増額
中国と米国の専門家によると,中国が貿易戦を強行する目的は,反乱勢力に攻撃を起こすという.
中国日報のロブ州が広報を広めるため,中国が11月の米国選挙を否定した.
中国では"2030年計画"が次のように述べています.
エイによると,セイポップは抗議運動のきっかけと機会を,抗議運動の映像を見た後,得たという.
エテル・ロシン・ブルンとジュレッシーが戦争が始まることから2年前に,オピュリオンの政治と戦争に関する報道を 勇気を持って行ったことによって,
リー氏の本はマンハッタンにあるスーパーパワー・ペットロードで,10月に,彼は道路の徒歩者や走行者たちを追い出した.
死刑は厳格な判決であり,セポロは死刑を宣告しており,この判決は1980年代から現在まで行っていない.
リー氏は,元政権が元米政府に財政を提案し,もし失敗したら費用を支払うように指示した. 官僚によると,金曜日に,ナイジェリアで384人が地震や風暴で死亡した.
アメリカの研究者は政治と戦争に関する報道の勇気を
抵抗の勇気が,そして機会は,彼がデモを眺めた後に得られるのです.
書を押すよう命じ,西ポロに言い聞かせました. "この事件は,自19年から起こったことではありません.
リー氏は,副大統領選のテック・リン氏の長男が犯罪者として逮捕されたと語る.
"知識の知識は,翼の翼に与えられる"と
中国がAIを2017年に開始する
中国政府は反政府機関を財政決定に委ね,あなたが失敗した場合,費用を支払うように要求します. 官僚は金曜日に,南アジアに招待すると述べた.
合衆国政府庁によると,この地域の人口は2017年時点で379,800人であった. 鉱山と関連地域では,漁業や農業が主な生活である.
ダイアパはAI研究のために2ドルドルを派遣している.
NSAはIA研究に年間1億ドルの支出をします.
裁判所によると,同伴の妻は警察に報告しようとしていた.
地震や風暴で死者は増えるだろう"
身体の健康を検査するために医師に相談してください.口頭で話すことができない場合はすぐに助けを請うことができます.
グレイスの報告によると,地震の発生に関する情報は,当局に知られなくなっていたが,地震の規模は7-5の規模だった.
オスフォニアの2つの国営国であるオスフォニアは,大震災で震災した.地震の発生を報告したところ,当局者は予感を出すことができなかった.地震の規模は7本,5本,または7本であった.
ジョージ・イイベノップ大統領によると,管理者は家族や助言者との間で,自分の負担を減らすために,少なくとも50パーセントの相談をすることが推奨されています.
刑事はテックリン氏の長男を犯罪で逮捕したセフロにこう言った. 彼は1953年からこれまでこのような刑罰を受けたことがない.
スラライシ・シマ・タマの郡は,首都であり,人口は2017年時点で379,800人.
私は将来のために投票しました. 青年が喜んでくれたのは,EUの下にあるオリベラ (79) です.
震災の規模は7から5の地震だった.
は,主にスライスのののモラリに位置しているため.
州議会は1時まで報告がないと告げた.
2016年6月6日,前回の34%が66%だった.
62歳のジョセフは"自分の子供のために投票した"と語る
メコナラ首相・ショーン・ザップは,妻・ゾリカと息子・ドッシュコエネ・エトオを10月30日,EUに授与しました.
バル・ザミール・カーバー・ドラコップは54,000の建物を破壊し,数千人の観光客がそこに落ちてしまった.
司教は,彼等を責め,言った. "自国の刑期以来,このような罪はない.
私たちは貧しい国でも,尊敬されています.
サッポップは,自分の杖を手にして,マナハタンという道に足を踏み入れた.
ゼイフ氏は,Netoの失業率は20%以上だと指摘している.
イエューとエネトの支持率は80%以上だと,ジェイフ氏は述べています.
"そう"と答えました.
マクドナルド・インスティテュートでは30%,43%の投票が決まります.
マセドニアのタマ・クリビは,各票の 57%が投票を試みたことを知りました.
そのうちの70%が"はい"と投票する.
選挙で勝利するには 50%と1票が必要です.
震災は,石灰の根から落ちてしまい,地震の規模は7~5本だった.
マンチェスターが励まされ,地位を得たのは,彼は旅の映像を見た後だった.
サラ・ヨとラヒムはブライトンを2 - 0で勝利した.
エギュアロは65分で簡単にゴールした.
は主にスライスののモラリに位置しているため
警官に報告しようとした女性は,彼が電話を盗んだと訴えた.
報告によると,地震によって石材が破壊された.
スラライシ・シガマの郡は,首都であり,人口は
地震や風暴で死者は増えるだろう"
は主にスライスののモラリに位置しているため
嵐や風災で死者は増えるだろう"
55と60のゲームについて
なぜ?
飽き飽きして, 疲れ果ててて
イスカーの体質は,イスカーの体質に優位性を与えた.
髪は29頭で得られます.
エギョロがブライトン地区でボールを獲得
彼は,バウルの右側からサタスを渡した.
サダスはボールを考慮して,オーストラリアに渡した.
報道によると,セイポップは抗議運動のきっかけと機会を 旅の映像を見た後に得たという.
シーティとホーフェンハイムがドイツで12時55分にレナッカー・アリアを記念する
チェザーがスペラーとロックスの共演のロックスを望んだ.
国民を絶滅させ,強大な力を発揮する必要はありません.
しかし,エースターは,その戦いを戦う.
ルキスのネシャダルは5-2で勝利した.
予備報告によると,地震の発生に関する情報が停止された後,当局者は7-5の地震の発生率を報告し,その関連情報を入手できませんでした.
私は何をすることができませんでした
月には漁業と農業が生活の元となる.
周五には34日目の火が始まり,周五にはブルペン祭が開催されます.
ワ・ボタンの左手は18-7と,IRA2とヒント53のスタイヤウト300を220 2/3インで打った.
カムはベルギー西部に位置しています
首相は,裁判所にベルトの重要性について,民衆の支配について語った.
11月に私たちはそうしました.
5週間です. 私は重要な選択をしたことがない.
私は,競馬をしない.ただし,競馬をする者は,競馬をします.
クラムは,あなたの民主主義基盤の集団が恐ろしいものだと見えた.
権力をもって迫害する.
彼らは,自分の力を求め,他人を好むことをせず,それを自分の力に与えようとします.
清潔な人の目的は,反抗や妨害である.
民主党の野党は"ここから4日経った"と非難しています.
"聖法委員会の一員である聖神・ディーンです.
彼女の答えを思い出してください.
ファイルが失われた
オー オー オー オー
地震の規模は7割と5割であったが,警官たちはそれに就いて何も知ることができなかった.
和平の場では無い
増加する可能性がある.
スラライシ・シガタム郡は,首都であり,人口は
選挙に参加し,華東に中国を脅迫する.
友人の名誉ある議員ジョニアンは 偏見を非難しました
私はジェリー・ミコルビンの反対に怒られました
重要な経済・国家安全保障に関する欧州政策をジェリーミーは過去指導者たちと対抗した.
周五の東ノートンガム会議発表では,会議は全面的で成功すべきだと強調した.
常連会は,私が8年間名誉な理事長を務めたときのことです.
しかし,今日では,会議は他のどの会議と異なり,政策的に有益なものではない.
労働組合は反論的な考えに耐性なく,あらゆる考えが組織指導者に不利であると批判する.
旅はジェリーミが率いるから始まった.以前は,私の同僚が,私が国防とEU市場への参加を拒むことを望んでいた.
私は,メディアで発言したことがあるが,社会に批判を浴びせられたり,政治から非難されたり,議会から拒否されたりしたことがある.
これは私の経験だけではありません
私は,自分の友人に比べ,自分の意見が政治的な方から分かれています.
仲間の中には,毎日,男女を差別し,人種差別を嫌う,勤勉な人たちもいます.
軽蔑は,現在の政治の悲劇です.
カービン氏は"先週 労働組合が忍耐の文化に注目すべきだ"と発言しました
真の宗教は,わたしたちではありません. 教えや教えが,教条を改めるため,教会を弱めるのです.
この2年間 私は何度も 意見が変わらなかったらよかったと 聞きました
しかし,わたしは,この国にいるために来ていない.
32年前,私は学生として社会に参入し,教育を受けようとしましたが,私は,地方の指導者や政府大臣の立場において,貧しい人々の奉仕に専念しました.
私は,自分の選択を,決して隠さなかった.
ノーティングや東部の誰も私の政治地位や現在の指導者や反対について 誤解していません
週末には反論者に告げるのに,彼は,商人や市民の奉仕に害を与えるペリストラを注視しているので,会衆の声を聞かず,
役所にいる人でもなく,役所にいる人でもなく,私は,このことを誇りに思っています. 役所に行くことを恐れず,政治を嫌うことを恐れず,また,
クリス・レスリーは東ノートンガムの名誉ある代表者.
エイ 38 - 17 メロシ: 失敗したエイ 1番が出ました.
エアがテネントラで優勝したことは間違いない. エアがテネントラで優勝したのは,二度目の外出の試みで結果が少し変わったことであった.
勝てない10人目でも1位です
彼も,機会を手にして,先生を嫌うことができなかった.
競争は多すぎるのに,だれも打ち負かされないので,私は喜んでいます.
シェルロスのロビン・クリスティはこう言う: "アイアーは,僕たちをより優しく扱っていた.
グラント・アンダーソンが14つ星を試した際,パルツィア・キリーモがエを率いてプレーさせ,スコットランド人ローリー・ヒグにグレー・クロードが与えられたが,ベリアースがメロスを送ってメロスを誘拐したが,ジェスニー・ベグトラはしなかった.
カリモはペナルトでアーに勝った.半球で17-5だった.
メロスは半球で5点を投手した.ペティク・アンダーソン・ベグトラが助攻した.
一方,ル・リドノットは怪我をしてプレーできず,スタートした際には,エイアーはストラフォード・マクウェルとキリーモよりも高い成績を記録していた.
エア監督のベレー・マグファーソンがクラドスプレーを回復し,メルロスに逆らったため,ブルース・コルビンが支持し,試合は最終的に勝利した.
スタジアン・ハヒンソンがペナルトのラインからボールを抜いて,ケイロと対戦してカドログロを獲得し,マッカーソンが道を踏み出す.
カリモは再びスタートし,ケイラロヴィとデブード・エムストンの後もうまくプレーした.
の人気は店内市場から見られる.
著名なフットボール選手のプロドキランは,レストランの店長として描かれています.
56歳の彼はBBCの舞台でジャック・ジャージーブスを演じ,バスルーム警備員とガラク・ヘンプフィールと共同で執筆している.
カーネディが失敗した後に謝罪するという発表で,第9回演出が最終回だった.
公式文書によると,彼はエドリフマンのディレクターである.
スコットランド人は,俳優が料理業界に参入していると主張したが,彼はその物語に何の影響も及ぼさなかった.
ボリビアは,海が我々のものだと宣言し,太平洋への航路を希望している.
ラパザの中心部では,水手たちが走り回っている.
家の壁は,空っぽで覆われていた.
クリテカからアマゴムまで,海は我々のものだ.
復讐は我々の責任です.
19世紀に失われたボリビアの海域は,まだ透明であり,太平洋の海域を航海する望みを抱えています.
ボリビアは10月1日に発表された国際司法裁判所から5年間の訴訟の後,訴状を提出する見通しを示した.
ボリビアの総督ロラトカラスデラは,ボリビアは,公正で公正な結果を期待していると述べた.
ブラジル人の数人が国際司法裁判所の判決をテレビで観る.裁判所は,ボリビアが海を渡し,海を渡すことを望んでいた.
再び選挙に参加するボリビアの首相 イボモラレスも,反乱の目線を浴びている.
8月前には,もう太平洋に航海する時がきた"と告げた.
しかし,専門家によると,裁判所はボリビアのホンクを採る可能性が低いと判断しているが,大きな変化が起きないだろう.
国連はチリに国境を譲渡する権限はオランダに与えていないし,この条約の効果を左右することはできません.
チリ出身の連邦法学者のPazarache氏は,国際司法が6ヶ月以内に訴訟を審議した結果,裁判は不順なものだったと主張した.
ボリビアの事件は過去4年間,かなり遅れているようです.
湖の所有権問題は現在のボリビア政府によって解決された.
彼女はモレスの恐ろしい発言がチリの平和を壊したと主張した.
ボリビアとチリは引き続き協定を結ぶだろうが,その後は交渉が難しくなるだろう.
両国は1962年以来大使館を留めていない.
ボリビアの代表のイドワード・ドロドリゲーズは,裁判所が罰金を早く出すことを拒否した.
赤い日曜日には,ボリビアが139年の歴史を 片付けるチャンスが訪れます.
カルザディは,アメリカの著名な政治家モラレスが,海上問題への政治的関与を否定した.
ボリビアは太平洋の所有権を根絶しない.
報酬は過去の問題を解決する方法を考える機会です.
北朝鮮は,米国が信頼できない限り,核兵器を停止するとは言いません.
北朝鮮の外交大臣のリ・ジャホは,武東は信頼を裏切らない限り,武力開発を停止しないと述べた.
この山は,世界中に広められました.
首脳会談で,米国が約束の履行を要請した.
彼の考えは,米外交大臣のミカ・ポンプオが,北朝鮮の金正恩と交際して3ヶ月後,シンガポールに核合意の再開を計画していたようなものだった.
韓国も,米国が禁止し,北朝鮮が4つの朝鮮戦争を拒否するので,耳を傾けません.
ピルも,ニュクレアを滅ぼすまでは,ワトンはそれを拒否する.
キングと米首相の2回目の会合が開催されました.
しかし,武器は国家の防衛の重点であり,ピュームは武器を消さないと断言した.
ポムポは来月,第二次カンパニー会議の準備のためにピルムに行く予定.
パリでの衣装展で最新種のマウスが展示されました.
を育てるか 陽から守りたいなら 止めてはいけない
パリ衣装展ウィークで,デザイナーバレンティーノとトム・ブラウンがSS19のモデルを展示しました.
イード・タガラムには,珍しい鳥の絵がたくさん飾られ,展示にも展示されています.
バランティノのデザインは,モデルが作った長袖のカーテンです.
他のは,水や魔法の,中国のようなもので,暖かい状態に留まるための道具ではありません.
トム・ブラウンは,ハロウィン時代に,魔術師の虫をいくつか紹介した.
の口はハニバルレガトの口のようでした.
は水の中にいる.息を吹きながらも目も持っていて,もう一人の目は水中を泳ぐのようなもの.
もし,あなたが服を着たままに,あなたには,思いやりがある.
衣装の監視者は, "があなたの近くにいる"と聞きます.
羽毛の上の羽毛は,羽毛の上の羽毛のように見える.もう一羽は,ライハンとエミリー・ラタツコッチの頭の上に見える.
展示会の服装の展示はソーシャルメディアに広まり,展示会を楽しくしました.
ラフィアのジョラ・リヴ・ラフィアが手柄の皮で作る,パリスの衣装展のジャック・クイムズ・ラビ・ベア・ス・ス・19作品の一つでした.
役者ルーク・アーミチャーはフェムルに"私は次の夏にとを届けるだろう"と伝え,設計者はそれを明らかにしなかったため,ほとんど使われていない.
ジョン・アンドリュー:国際社会のための言語能力
スコットランドの独立学校が2018年に保持した成績は,スポーツ,技術,芸術,社会支援の成果により,成績が良好な成績を記録しています.
スコットランドには3万人以上の生徒がいますが,学校はスコットランド独立学校協会によって代表され,生徒や親に優遇を向けるよう努めています.
独立学校は,学生を高等教育や生涯の労働のために準備し,国際市民を目指す.
私たちは,教育機関として,教育機関として,教育機関として,現代言語を教育機関として優先している.
ネルソン・マンデラーはこう言った. "人の口に聞こえる言葉を口にするなら,それは人の頭の上に落ちる".
もしあなたがその人の言葉を口にするなら,あなたはその人の心を捕まえる.
思い出させるのは,我々は他の国との関係を築くために英語だけを使うことではないということです.
現在,自立学校では言語科で成績が最高である.
外国語を学ぶ人の68%が,英語を学ぶのに成功している.
スコットランド独立学校協会の学校74校からのデータによると,生徒の72%が中国語で成績を上げ,72%がドイツ語で成績を上げ,69%がフランス語で成績を上げ,63%がスペイン語で成績を上げている.
これはスコットランドでは,自立学校で外国語教育が進んでいることを示唆し,将来学生や若者のために重要なスキルとなる.
言語は自由学校や他の政治学において,科学,技術,数学と無縁である.
2014年のUK労働与技能協議会の調査によると,言語能力不足によって,労働スペースの不足が17%を占めている.
言語の知識は,若者を日々訓練し,その力を将来の奴隷に備えるようにする.
言語能力の提供が可能な限り,言語能力は国際的に無限に存在します.
人生のどんな奴隷でも,第二言語を学ぶことは将来に大きな利点があります.
外国人の交流では,外国語を話す人なら,自然に競争相手が優位になるのです.
2013年のユウガの調査では,ユウガの4,000人のうち75%が外国語を知らないため,コミュニケーションをできないとされ,フランス語を話すのは15%しかなかった.
だから,今日,子供たちに言語を教えるのに 努力することが重要です.
言語が多ければ,発展途上国では子供たちが奴隷になる可能性が高い.
スコットランドの学校では,様々な言語が教えている.
いくつかの学校は,元言語に焦点を当て,他の学校は2020年に英国を対象とし,中国語や日本語などの重要な言語を対象としています.
独立学校では,子どものニーズに応じて言語を選択し,教師もその言語を熟知している.
スコットランドのフリースクールでは,教育は将来的に子供に重要なスキルを授けるよう注力されている.
言語は世界の経済において,国の将来において重要な役割を果たすため,教育にも含まれている.
だから現代言語は国際通信の技術として考えられるべきです
独立学校は引き続きスコットランドの若者に選択肢や選択肢を多岐にわたして 提供します.
必ずそれを行いなさい.
ジョニー・エドワードはスコットランド自由学校協会のディレクターです
セントリオでは,レボロンが月曜日にレクラチームで初戦する.
レボランがロサンゼルスでプレーするので,支持者が急いでいるのがすぐに明らかになる.
レクラスのコーチ,ルイ・ウォルトンが発表したところによると,ジェームスはサンディゴで金曜試合で,ブラック・ブラントと対戦する.
しかし,その数値については,その数値が決まっていない.
ウォルトンのレクラス通報によると,ゲームは1〜48分で行われる.
レクラスのニュース収集家 マイケトル・ドールは,ジェームズが参加した星は限度がないと指摘している.
今週,ジェームズはラクラの予備戦計画について尋ねられました.
"今,私はもうやめないから,今,もうやめないから"
ブルームの北バージニア州での約束の発表時間 YouTube ダウンロード
首相ドナルド・ドラムは"今夜,私はバージニア州・ヴィリングスから宣誓を始める.
来週は,Crime's Fifth Planの第1回会合で,Crime'sとミシシッピを含む最悪な場所に集まる.
議会選挙は11月に行われる選挙でリバノンケサの議会に落胆する恐れがあるため,最高裁席の席位は定めるため,半年の選挙に支持を求める予定である.
今夜,タムパの真ん中に,どんな集会が行われているか,そして,どのように私たちのコミュニティを観察するか.
クラム南バージニアの会合は7時予定. イチは今夜9月29日 (金) 2018年9月29日 (日)
クラム南バージニアの会議の計画については,YouTubeでオンラインで見ることができます.
クラム氏によると,最高裁の裁判は今日夕方聴聞会に開催される可能性が高い. 取られたベット・カバンチャーの性的虐待が確認され,調査されている.
共和党が11月の選挙で勝利する確率は,初次会合で明らかになった.
クラムのキャンペーンによると,次の5回の会合は,共和党議会の安全保障と参政権の拡大に伴う,約束と支持者の力を高めるという目標と,ルーター氏は述べた.
カナ・カーンの権利は,この提案によって脅かされ,カナ州が多大な範囲で排列して,宣告を行うと,カナの客団のルーターが報告した.
ウェズビコの会議は今夜,OOOとペンシルバニアからの支持を得られ,報道はピッツバーグから入手可能だと南バージニアのメディアは報道した.
タンプは先月2日,バージニアに参戦し,2016年に40%以上の票を獲得した.
クラムが南部の共和党議員のパトリックモリスを支持しようとした.
韓国大学サイモン・ヘイ・ルター議員は,モルスの大統領に支持を求めたのは,良いことではないと語る.
2018年ライダーチャンピオンシップは,USAチーム・バトル・アット・オブ・ザ・フットボール大会と月球大会への期待を高めている.
3回目の試合の後,エドラクは4日目の日曜の休息を要する.
時計の輪の石は,ゲーム原理に基づいているし,すべてのプレイヤーが信頼している.
"この力はどこに?"
六本の柱が高く,今4つになった. 恐らく,その成長が,彼らの強さを増したからだ.
ヨーロッパで12試合が開催されるのは,既に4試合で,利益がある.
アメリカ人のシパッドは"勝利のチャンスが大きい"と語る.
シパッドはまだ模範を模範している.
声は上がり上がり,急に鳴り上がり,
彼の献身によって15点を獲得し,アメリカンチームの能力を証明した.
エスペットは,自分の判断を正しくして,試合を気にする必要性を指摘した.
これは,すべての選手に残されたものだけです.
署名するホーク 18
過去2日間の最高記録の選手は,Fed Camilairi,Cromie Flattouk,Rydrakbの無制限の守護者だった.
ヨーロッパでは,両国間の協力が必要である.
モーリフットが日曜に試合をするだけでなく,日曜の朝も,金曜の朝も試合を休んだ.
放送は金曜日にLegofFaneshinala,FleetHuttuk,またはMillionaireとの間で開催されます.
二人はいつも同じ墓にいました.
ヨーロッパでの名声は,未知のものであった.
ブルブ・ワトソンとウェプス・シンプソンは午前中に試合に出ていたが,彼はエイルズと仲良くなった.
スペインとシューデーの試合はうまくいきませんでした.
月が来るころは,あなたの墓から助けられる者はいない.
チェア選手は,自分の指導や指導によるスポーツの動きを 楽しめるものとして見られる.
ヨーロッパ選手は非常に優秀で,アメリカ選手は4試合で良いプレーをする可能性は低い.
レーダーカーブでは,欧州決勝で10-6で勝利した.
ユナイテッドは10-6で勝利した.
クロミフィール・ワットとフランスコ・モラーナリーは2試合で勝利した.
トーマジムは2年前に敗れた勝利を3-1で戻す.
ユースエは4回も戦ったが,勝利はできなかった.
ジムフークの月曜大会では12試合で優勝する.
レイ・ドラックブの歴史において,リル・ワウティはヨーロッパで初めてロック選手となった.
ワット・ファーストは2対4対5対4対4対.
ワトキは2試合で勝利したが,29試合から19試合敗れた.
ジャスティン・ローズが4試合で 2-1で勝利し,世界1位にランクインし,世界3位にランクインした.
ヨーロッパの南西部のパリでは 想像通りには行かなかった.
優勝者ジョーダン・スピットとジャスティン・トーマスが3回優勝した4日,二勝後,アメリカン代表の肩書きを設定した.
スペインのジョン・ラムとイアン・ポルターが1点を獲得し,2点を獲得し,四人対戦で優勝し,その後,ポルターとロリー・マグ・オイローが4点を獲得し,3点を負けた.
レーダーラックの歴史において,四列直立回戦は2回のみ行われた. フランスのホンから1回同じ点を獲得してもメダルを奪った.
2日目で2位になったが,月球では負けそうにない.
北朝鮮の言い方では,自信がないと,一方の軍隊は降らない.
北朝鮮の外交大臣は,国連の禁止令により,核保有は不可能だと周日述べた.
昨年,ライアホ協会によると,北朝鮮は核実験や実験施設の破壊,核兵器や機械の製造を禁止する約束など,多くの成果を上げている.
ユダヤ人は,何の証言も認めなかった.
アメリカを信頼しなければ,我々は国家安全保障を信頼できない. このような状況では,最初の軍隊は敗北しない.
北韓は東東東に反発したものの,核兵器を破壊する事を何度も約束した.
図書では,6月12日,朝鲜領袖金正恩と米首相ドロナルド・ラムップがサンポールの第一回会合で合意した. 合意は,北朝鮮の防衛に貢献する武器消耗を約束した.
北朝鮮は1950-53年の朝鮮戦争を正式に終結させようとしたが,アメリカはピュルムにナイキリー兵器を廃止するよう要求した.
ウォトンも北朝鮮の禁止令に反抗した.
米国は,まず,核兵器を廃止するよう繰り返し要求し,さらに制裁を拡大し,朝鮮戦争を終結することを拒否した.
禁断する者は,何を聞くのか,わからない.
継続的な規制によって,不確実性が低下すると考えられている.
韓国当局によると,ラウイの先週,金ジョンとトムが2回目の会合の予定について何も語らなかった.
首相は,金正恩と韓国の元首モンジェが過去5ヶ月間に3回会合を重ねたことを指摘した.もし核兵器の破壊が米国と対抗する立場だったなら,問題はそれほど深刻なものではなかった.
ライの説明は,先日ロウインに述べたものとは異なる. 彼は,北朝鮮は,元首の反政府官であるタムがキムに"元首の自殺の意図"と称した,ユダヤのプロコテラを無効だと主張した.
朝鮮のナヒングを破壊する計画が進んでいるが,ドキニアの核破壊を承認したことで祝い申し上げますが,核兵器は破壊されない限り,禁止は継続されるべきだと,ドキニアの国際連合は述べた.
は"このことに時間がありません. 時間が2年,3年,5ヶ月かなるかは関係ない"と答えました
中国とロシアは,国連安全保障理事会の紛争が,ピロムの承認を要求した.
しかし,米外交大臣 マイク・ポンプオは国連安全保障理事会に",核兵器は破壊されるまで,禁止は厳しくなれなければならない"と訴えた.
防衛機関は2006年から北朝鮮の双子の資金破壊を禁止する措置を強固に執行している.
ポンピオは米国で山と国際連合を立ち上げ,ピュームに来月会議の準備を依頼した.
ポンパイは去年3度北朝鮮を訪れたが,最後の旅は失敗した.
彼は7月にピピムから帰国した. 北朝鮮は多くの要求を迫っていた.
北朝鮮は本月,マウンと対戦してゴムゲン・ステーションを攻撃することに合意した.
キング氏は,ライオン・ラームが北朝鮮の防衛支援を拒否し,武東との和解を望んでいると述べた.
ハーバルトでは,休憩の秘訣を学生に教えています.
ハーバード大学では新しい授業が実施され,生徒が睡眠時間を増やすことが可能になり,寝ないうちに本を見る習慣が広がる.
機関が世界トップの大学を自称する際,その地位は不十分だと回答した.
ブラッド・シグラー博士 (ハーバード・メディカル・スクール・ブラッド・シスターズ・病院) は,このコースを米国初のコースとして作成したと説明しています.
授業の始まりは,睡眠に伴う学習の害について説明した後で,刺激を受けました.
かの女が来ると"年後に来て,どうしてこのことを言うのですか.
彼女はテレグラビアに"誰もこの謎について誰にも語っていないから,私は不思議だ"と答えた.
授業は,時間的な始まりであり,生徒に睡眠の効果やスポーツの効果について説明します.
パウル・シェリア心理学者兼ハバット医学院の校長によると,この授業は,生徒が2人の不良を1週間間理解した後,授業を立ち上げることを決定した.
授業は1時間間の相互作業の始まりです
あるグループでは,教室で学生たちがコーヒーピップ,ジョリー・ツール,書籍の写真を集めて,カフェインやམེ་ロイト,涙のせいでスポーツに苦しむ人達について,睡眠の重要性を語る.
メンバーに,長時間眠らないと心臓病,脳疾患,癌の危険性について警告しました.
地図の関連画像は,参加者が日常活動について考えるように促します.
学生の行動がすぐに変わることは できないことを知っています
しかし,彼らは,この種の塩を身につける権利があるように,それを認識することが重要です.
夜間寝かしつけの習慣は,時代遅れになり,現代の技術や生徒の強迫が,睡眠不足に苦しんでいると,彼は言う.
睡眠は,子どもの不安や不安を抑えるための秘訣だと教えていますが,睡眠不足は,脳を疲労させ,身体を疲労させることが多いのです.
カリフォルニア出身の19歳のレモンヒは化学と生物学を学び,ハーバードで初生の頃は プログラムを作ることに役立っていた.
"このイベントは,私の目を開き,励ましを促し,この地域を広めた"と話す.
期待すると,大学院生は,競合企業に入学する前に,このプログラムを勉強するよう奨励します.
教授は,生徒が寝るのに気をつけ,暖かくなれるように注意を払う必要があると,技術や灯火による緑色の光が睡眠障害を引き起こすと,教授は指摘した.
リビング・ストーン 1-0 レンジャー・メンガー・ジェラルド
リビング・エストンではドリーマングのストリバンジェラードに1-0で敗れたため,リングは再び頭が折れた.
2月4日,セントジョン・アースタンに4-1で勝利した後,イボールは最初の勝利を記録していたが,グレホルトのジェラルドが18試合から2戦に敗れ,ラド・ブラッド・プライム・シブリ・ハートから退場しなければならなかった.監督は8回自由で勝利した.
のは7つ星を輝かせ,のは数多く見えました.
リングは第6区に落ち,リビング・ストーンはゴルフ部門でハイバーニンの後で第3区に登った.
しかし,警備隊のカラム・エスペードに外部の物体が落として,被害が起き,レンジャは危険にさらされる.
ジェラードはベットフレッド・カブセミファイナルの8回の転出を記録した.
しかし,ホルトの裏側から11ポンドを抜いて,一週間前にハフからを抜いてしまったため,彼の優れた動きによって,敵はすべての敵に息を吹き込むことができる.
レンジャーは富の強みだが,リビングストーンでは,足が強く.
マンガの初戦では,アランマンのリゴール・ゴールは2つ星で決勝したが,中手には大きな差があった.
ケガン・ジェイコブの自由の深層の球は,クラグ・ハルケットのジャンプでしかできないが,彼は,アラン・リト・グーフの後部の球を撃つことができる.
リングの握手にもかかわらず,第3戦では彼らのプレーがもっと楽しくなるよう期待されていた.
アルフェドロ・モレロスは,エステバンローレスと対戦した45星で,試合の罰を受けるべきだと考えましたが,試合の証人エステバントムソンのコロンビアの申し立ては,拒否された.
レンジャの側から最初の半拍は2回しか動けなかったが,前者はイボールのゴルキーパー・レ・ケレーがラサ・カワレ・ベレの頭部とオビ・イジャリアのタップを動いていた.
星が照らされ,祭りの仕様もよく見られたが,皆の努力は十分だった.
また,レンズ面はヤコブの深さの法則に一致できない.
デカランガラガールの足首はエスコット・ロビンソンに譲られたが,アールフィールドは返事しなかった.エスコット・ロビンソンは,楽な終結を選択した.
交代者の間,ジェラルドのカヴァルベレーをライアンケートに取って代わると,モロースの力が助かったが,ケイルの限界に突っ込んだ.
しかし,リビング・アストン・リガウとハルキットとの間の,伝統的な趣味のダンスのように,長距離歩行が2回も行われ,観光客の興味が広がった.
ホルト側から最後のレベルまで運転できるが,メック・リゴール側から,リグワの角から頭を抜く前に,ヤコブに無許可の許可を譲った.
レンジャンの代わりにグレン・マントンが再び権利の主張を主張した.彼は,ジェームズとの争いに罰として,トムサンの譲渡を拒否した.
月:ガガカウンター
星期日朝紙の月,1882年9月30日,前と現在136年,その日,将来の物理学者のジョン・ウィリアム・ヘンツー・ガーがドイツで生まれた.
ゲーガの光を測定し,消すための試みがあり,この方法はゲーガの逆と呼ばれています.
ガガカウンターは科学の基礎となり,1950年の映画『『『『『コロナド』』で科学者のロロ・ロジャス・ラ・ダレー・イブン・イン・アスターが登場した革新の基礎となった.
男:  この世には何があるの?
ロジャース:  これは光粒子のような鉱物を探すために使用される ガガカウンターです.
石の音は,そのから流れる石の音に聞こえるでしょう.
!今こそは,そうである.
・ヘンソン・ガーは1945年に63歳になるまで数日経った.
しかし,彼の名を連ねるトリックは,今も存在している.
新しいがん薬は,免疫システムに欠陥のある細胞の検出を可能にします.
この新しいがん薬は 免疫系に欠陥のある細胞を検出し 破壊する可能性があります.
薬は,免疫系に細胞を治療の一部として利用している.
解決策は,患者の細胞を移植して実験室に変換することです.
ガンに感染した栄養素が広がっていたので,再びワクチン接種を始めました.
肺ワクチンは癌患者全体に対して 効果的効果を示しています.
免疫系細胞を検出した女性にワクチンを接種して 18ヶ月経った乳がんがなくなりました
治療方法は患者の免疫細胞を抽出して検査室に変換し,癌に感染する栄養素であるHIV2を細胞に再接種することです.
ベーツ・ウェブ・メリーランドにあるアメリカ国立がん研究所の教授J・バーゾップ・エスカーは"我々の成果の兆候から見て,我々のワクチンは完璧に成功している"と語る.
HIV2の発症は乳腺癌,腸癌など様々な種類があると,Professor Varzoop Eskeyは説明している.
同様に,癌細胞を標的とする細胞を患者の細胞から抽出するシステムでは,高血球疾患を治療することも可能でしょうか.
カネヴェストはプロットパッド・トリップの ESNビジョンの後,裸で旅をした.
旅は不愉快な.
カーネウェストは,金曜日の夜テレビ番組でアメリカを称賛した後,心底に血を吹き飛ばした. ドナルド・ラット大統領は2020年に議会への参画を予定している.
3番目で歌うゴスタウンの後,マケメリックはグレートクプを身に着け,デモクレットを侮辱し,クレームを賛美した.
白人と私の仲間の間で,私は言った. "あなたは人種差別をしないのに,どうして喜ぶの?"
言った",もし私がその国を見たら,私は既にアメリカから脱出していたでしょう".
舞台の始まりと,メッド・ダーモンの俳優,バーツ・キャバノウのキャピュレット・バラ・セフォードのセント・ジュディ・シャル・キミトリーの性的嫌悪感が真実を嘲笑した.
メディアが報道されていても,ウェストレントのシーンはユーモアでロックがソーシャルメディアに流した.
ソーシャルメディアでの映像はロック・ウェストを侮辱するかどうかは明らかではない.
しかし,ウェストは観客に"彼の背中での頭戴は大変だった"と語った.
裏庭で売りました
しかし,彼らは私に"そのをあそこに置かないで"と言った.
売ったのです.
ヴァトタン・エクスマナーによると, "彼らは私を倒す場所にいる"と書いてあります.
ウェストは"下ろしたところを見たいか"と答えました. そして彼は私のを押したままに言いました. "あなたの世界は前進すべきか?"
喜びを牢獄に留めなさい.
観客の2回目の反論が起きました. 観客の多くが, "今度はこう言ったんだ"と嘆き,沈黙しました.
ウェストは最近亡くなったレパ・マクミラー氏の弟の声優アリア・ナグリンデを代わって
西部のほとんどの人は,アイラバイト・デレス・アペリオボタルを踊り,首をひねました.
ウェストは,古代のグループ,CryptoUSAを支持しているとケンチェスターナーのソーシャルメディアに書いている. 勇敢な心で,ボブを支持したことに感謝.
しかし,キャランハンター主任は,ウェストが自分らしくなることを確信していると述べた.
しかし,もし私の仲間が,何か悪いことをしてきて,一緒にいるとしたら,私はそれを受け入れない.そして,踊ったり,服を着たり,自分の知恵を身に付けるのをやめない.
彼はそれを好きだった.
そこで彼は彼らに言った".わたしたちもそうである".
洗礼の前に,彼は彼の名前を報告し,公式に彼の名前はカネヴェストだと言った.
彼の前者はディディディの名前"パパディディ/パピ/ピディディ"で,パパディは最初のディディの名前ではない.
友人エスナプドックがエスナプレオンの名を冠し,有名なエスナプドックも,彼の名をシンボルに変更し,元のエスナプドックに改名した.
ベルフストのレストランで暴行を訴えた.
ウェスト・ベルファストのレストランで45歳の男性が5日 (金) 午前中に銃撃で人を殺そうとした事件で起訴された.
警官は,事件はベレヘクモールで起きたと説明した.
容疑者は,月曜日半日にベルファストの裁判所に出廷する予定です.
刑事司法庁の調査で起訴される.
ゲム・オブ・トトロッドの有名なキット・ハガトンという強力な巨人の象徴を展示しました
キット・ハガトン (Kitt Hagathon) は,エボのゲーム・オブ・トトロディンの暴力的なシリーズで,熱狂なジョン・エースのように剣を投げることに熱心.
31歳の俳優は,映画界で尊敬される若者が強くなければならないと信じているため,メソヒロの姿が映っている.
サントリー・クラッチャーに"キットの先生は,何が悪いのか,と聞かれましたが,ミトロイアでは,強いの症状をどのように克服するか"と尋ねました.
最近,Game of Thronesのパートナーであるロスレスレと結婚した31歳のキット氏は,この件について,彼の意見は,もっと厳しく考えられるべきだと述べた.
警官は"この犯人がどこにいるのか,よく調べる必要がある"と
現代の私たちには,高齢者がどんな経験をするのか?
クイット氏は,男子の性化がテレビで普及しているため,男性に悪影響があると考えていた.
そして,その言葉と教えは,どんなものでしょうか.
メディアや街で年寄りの人を 調べるのに何をするのか?
この問題は,人生において最も重要な問題です. では,どのように変えていくか?
若者にとっては,その道は明らかに誤りである.
インタビューで彼は,このゲームが次の夏から終わると,そして彼は戦場と馬との生活で無限な関係を持っていたので,その後はゲム・オブ・トトロのピークルやシクルをプレイしないと説明した.
11月より,映画制作者と弟の誘拐について,キット・セムシェーファーの保衛であるツワステが復旧される.
俳優は彼に言った. "妻ルースを妻として,ゲム・オフトロドから脱出することが一番だ".
洗礼を施すのに彼女を連れて行きましたが,その後,彼とその家族に命を与えました.
ロスのエミー・アワード・ウィンニング・エロドラマでは,キットの好きなジョン・エスノのワイ・オブ・リットが演じられる.
スコットランドのレズレーの家族からの遺産を踏まえ,彼らは2018年6月に結婚した.
HIV/AIDSは中国で14%増加したと報告されています.
中国では,HIV/エイズ感染率が14%増加した.
医療関係者は820,000人を超える人々が登録されていると報告しています.
2018年4分の1では約40,000例が報告されました.
感染した新型疾患は,性感染症による感染によるものであり,以前の状態から変化している.
かつては,中国ではHIVの急速な感染は,感染者の血液配合によるものであった.
しかし,中国のユン南省の医療関係者は,血液移植によるHIV感染がほぼ無くなっていると報告しています.
中国ではHIVとエイズ感染者が100,000人に増えている.
性感染症は中国の同性愛者社会において重要な問題となっています.
中国では一晩中性行為が1997年に合法化され,しかし,同性差別は依然として続いている.
古代の国であるため,研究者は報告,調査結果によると,現在,男性と男性との交際が起きていますが,女性の結婚率は70%から90%に達しています.
感染は,性行為の際に予防策が示されていないため,感染が広がる.
この問題に対処するために,中国政府は2003年にHIV治療を全般に展開することを約束した.
マグセナトラスのジオピスネトラスの暗証を否定し,危険な嘘やのピレス・テオリウスも否定した.
ユース・サンデーに,レブ・マックス・シンワトラスは,彼女の従業員の3人の上院議員の秘密情報を,司法機関ウィキペディアに漏らしたという容疑を否定した.
ロサンゼルス・デモクレートによると,この指控は,アルトラウィングの派閥や公的関係者によるものである.
ワトラのソーシャルメディアでは"嘘つきは嘘つき"と語られています
広報の内容は,米国住所や電話番号を掲載した. セッチ,リンド・セガラム,ウータ・マイケリー,オリンヘッジ,サウスカロライナ.
このニュースは金曜日の朝,キャピタルヒルの上院議院で最高裁議員のベレット・カブヌーが性的暴行の容疑で審議中に,知らない人のオンラインで公開された.
この不快な報告は,三人の上院議員がキャバナヌを尋問した後で明らかになった.
ゲート・ウェプン・サイドとレッド・エステッドの報道によると,ヒルは記者者のIPアドレスがワトラ事務所と関連していることが判明した後,事務員に報道したと報じた.
"ワタタラは,何の証拠も持っていない. 偽りで,その証言は虚偽だ"
職員の身分や個人情報を公開し,起訴されるので,従業員の安全が記録されていますが,この情報は従業員の情報ではありません.
この愚かな告発は偽りであり,
しかし,ワトラの発言はすぐに,ホワイトハウスの元報道長官アリ・フィリピスによって非難されるようになった.
フィルシピは言った",なぜ,この罪は認めないのか.
しかし,彼女は,その党員としての性質は全くなかった.
悪いことをしない人が非難されるのに,彼らは怒らない.
反対する事など何もしてはならない.
彼らは,今,何を非難しているかを問わず,
穏やかな態度をとって,
ロシアの力大臣フェレッハは9月にショスコで開かれた会議で,権力によって,市民が分配された選出を利用できないと発言した.
バルタラスの同候補で,リバビリカン代表のオマランナボロも,彼の意見をツイッターで述べました.
"これは真実だ"と書きました.
ワトラは,彼女の事務局から,情報機関や法機関に偽りの主張を提醒した.
権力によって,当選者が選抜する際には利用できないと,9月にショスコで会議で語ったマサチューセッツは,裁判官に言う.エリザベス・ヴィランは2020年の大統領選に投票する.
ジョニー・イングリッシュの改装者 アンダー・パワー・ローワン・アトキンソン・ス・プルーフ.
バルツィティでは,最近,ドイツ大統領アンジェル・マーケールとロシアの大統領ブラブ・ミル・プーチンとの会合で,ドイツの産業指導者・スタークプが,他の国の介入が問題だと主張した.
愚かな言葉を投げかけて,わたしたちを非難する者は,国をも裏切るのでしょうか.
目の外で影のような顔の無知なジョニー・イングリッシュの顔は2回復元され,彼の名前のサインは,英語を知らない映画視聴者にとって,笑容の余地もあった.
実際,彼は秘密の代表者であり,カモを飾り,カモの振る舞いや2012年ロンドン火車オリンピックのオープニング式のミスタービンの目や行動の一部を触れた.
また彼は前代知人,前代知人,前代知人,前代知人,前代知人,前代知人,前代知人,前代知人,前代知人,前代知人,前代知人,前代知人,前代知人,前代知人,前代知人,前代知人,前代知人,前代知人,前代知人,前代知人,前代知人,前代知人,前代知人,前代知人,前代知人,前代知人,前代知人,前代知人,前代知人,前代知人,前代知人,前代知人,前代知人,前代知人,前代知人,前代知人,前代知人,前代知人,前代知人,前代知人などなど,前代知人などなど,前代知人などなど,前代知人などなど,前代知人など,前代知人など,前代知人など,前代知人など,前代知人,前代知人,前代知人など,前代人など,前代人,前代人,前代人,前代人.
医療のジェイ・オートゴイングには,今,良い時期が1~2回しかありません.
私のジョニー・イングリッシュは,祖父の軍服を着て, を切り,ヘリコプターに飛び乗っているのが好きでした.
アトキンソン・ハンドルコマが描かれていたが,そのコマは少し不適切に見えたが,重要な映画『007』や『ミシャニー・ポスバル』では,そのようなコマが描かれていた.
ユーモアは大人にとって幼稚な子供のように感じられ,ジョニー・イングリッシュの腕はアトキンソン・ノイズ映画でビンのふるさとで遊ぶほど賢明で意図的ではなかった.
常軌を逸した努力は,グレート・ビリトンが大きな危機に瀕している.
サイバー犯罪者が,ブリテン企業を秘密に侵入し,その企業を識別することがなく,ブリテン企業を識別することがなく,規制当局が不満を呈したが,キャビン・オーナーは何もできなかった.
しかし,首相のチャンスは終わり,彼は自慢的な政治的な評判も失われ,アマトマンスの主張では,クワステレスマに重点を置くために,ほとんど行動できなかった.
管理者が来ると,その支配者は,その時に退役される.
ウォーランは2020年7月選挙に自己選挙を予期せていないと,同学が昨日承認した.
ドイツ工業連合 (ドイツ工業連合) は,英国のドイツ語代表として,アメリカが力政策やベルリンやモスクワなどの条約を締結する上で,より強くなければならないと強調した.
ボーは結婚し,外国人が参加しない場合,問題がある. マサチューセッツの裁判官はエリザベス・ヴァランを2020年の大統領選に選出すると述べた.
ベットマンとロビンには元大統領オセベル・ペティクが支持しており,支持率は38%で,反対率は48%である.
選挙の失敗はエリザベス・ヴァランが2020年の大統領選に参戦する可能性があると周五は認めた.
選挙に関する著名な政治人物,包括上佐ビィーン大統領,ベルモッテの裁判官,ベルニサンダーが,アムプラインが指摘した逮捕は,大事件だったと発言した.
終点までやるべきことは全て完成しましたが 才能と強烈な完璧に若者のタイティがあります
プリティ・モドレード・エステ:
ジョニー・イングリッシュの他の映画について考えられなかったが,イギリス映画協会によると,ロワン・アトキンソンに才能や監督の役割を担う能力がないと判断した.
労働者は週4日働い,週5日の賃金を"五日"と 言う.
ジェレミー・コービン・レーバー・ピートによると,ビートンは週4日働き,賃金は5日給のテントという電動計画を作ることになった.
組合によると,企業経営者による資金調達 (AEI) による資金調達は,従業員に一日以上の休憩を課せることで,コストを削減するよう求められている.
奴隷は三度休めても同じ報酬を返します.
ある情報筋によると,この時期は,組織が発動し,協議し,連携し,この国の活動を推進する計画だと述べています.
クレデント・コングレス州の総裁は,週4日労働を許可しました.
労働党の代表のサンデーサイエンスに語ったところによると,年末から政策改正が開始されるようになっている.
労働週は,自宅で過ごし,退役軍人は退役軍人として,別々の生活や生活を送り,各国の敬意を表し,
労働党は新時代ではない.グリーン・パティは2017年に全選挙を発表した.
しかし,このビジョンは,レボパートによって完全に否定された.
レボピュート紙の報道官によると,週4日労働は党の方針ではない.
七日労働会議でシェイショーン・セラー・ソン・マクドナルドの自由主義観を紹介した.
シュター・メック・ショネル氏は,他社からの利益を得て,偽の社長の権限を奪うよう努めていると語った.
シェフ・サン・シルラ計画に従って,水産業者はもはや権利の喪失を受けることなく,労働政府が悪影響を免れるだろう.
彼の計画では,経営者は,労働組合に組み込み,労働者に10%の割引を与え,年内に500ポンドの割引を支払うことを提案した.
リン・セガラムのケンデッドのインタビューでは,60秒でFBIのキャバナニューの調査員が 変わることはない.
裁判官バート・カバヌウが最高裁に任命されるようだが,FBIが起訴を審議する際,最終審議は1週間ほど遅れていたため,事務局の報告は,その教皇がカンザネタラの支持を得られるか否かを疑問視した.
60分 60秒 エスコット・ペレーのリプビリ・カンスターにインタビューした"FBIのジョン・ケネディグとリン・セガラムは,何か理由があるか?"
ケネディは,彼のサウスカロライナ出身の友人よりも,秘密の人物でした.
ケネディは言った",これは正しい".
裁判官に言った",わたしはあなたの話を聞こうとして,カバヌーに行く".
そこで私は彼に声をかけて言った".あなたは私を遣わしたのですか".
彼はそれを強く信じ,それを口にしました.
しかし,ガラハムの飾りは石に刻まれていたようなものです.
ベルテ・カブヌーについて,私は決心しており,そのために,乱暴の罪を立てなければならないと判断した.
グラハムのクリスティン・バラ・セフォードを引用して"なぜか分からないけど,私は知っている.
彼女の名前については,何の証拠も確認されていない.
36歳
変化の形は全くない.
世界人口統計による貧困を減らすための対策は?
ニューヨークの毎年恒例の歴史祭である世界人口調査は,日曜日に開催され,世界貧困撲滅を目的とした有名な演劇が開催されます.
現在,世界人口統計が7年経過しているため,セントプラグの基地に数千人が集まり,ジャズ・ジャクソン,カーディブ,ショーン・メン・デースなどの様々なイベントを開催し,同時に2030年から貧困撲滅への寄付も行います.
2012年7月初旬に国連国連貧困対策計画 (World Poverty Plan) が採択された.
免除権を得るため,ジョビィーン・スィーン大統領とバーモット州の裁判官・バーニサンダー・ペリンが,捕虜はオオカミの家に住んでいたと,兵士の退役軍人は,退役軍人から帰国すると,それぞれが国家に敬意を示していたと,語った.
しかし,目標を達成するために12年経った後,世界の人口はどれほど進歩したのでしょうか.
狂った狂った狂った狂った狂った狂った狂った狂った狂った狂った狂った狂った狂った狂った狂った狂った狂った狂った狂った狂った狂った狂った狂った狂った狂った狂った狂った狂った狂った狂った狂った狂った狂った狂った狂った狂った狂った狂った狂った狂った狂った狂った狂った狂った狂った狂った狂った狂った狂った狂った狂った狂った狂った狂った狂った狂った狂った狂った狂った狂った狂った狂った狂った狂った狂った狂った狂った狂った狂った狂った狂った狂った狂った狂った狂った狂った狂った狂った狂った狂った狂った狂った狂った狂った狂った狂った狂った狂った狂った狂った狂った狂った狂った狂った狂った狂った狂った狂った狂った狂った狂った狂った狂った狂った狂った狂った狂った狂った狂った狂った狂った狂った狂った狂った狂った狂った狂った狂った狂った狂った狂った狂った狂った狂った狂った狂った狂った狂った狂った狂った狂った狂った狂った狂った狂った狂った狂った狂った狂った狂った狂った狂った狂った狂った狂った狂った狂った狂った狂った狂った狂った狂った狂った狂った狂った狂った狂った狂った狂った狂った狂った狂った狂った狂った狂った狂った狂った狂った狂った狂った狂った狂った狂った狂った狂った狂った狂った狂った狂った狂った狂った狂った狂った狂った狂った狂った狂った狂った狂った狂った狂った狂った狂った狂った狂った狂った狂った狂った狂った狂った狂った狂った狂った狂った狂った狂った狂った狂った狂った狂った狂った狂った狂った狂った狂った狂った狂った狂った狂った狂った狂った狂った狂った狂った狂った狂った狂った狂った狂った狂った狂った狂った狂った狂った狂った狂った狂った狂った狂った狂った狂った狂った狂った狂った狂った狂った狂った狂った狂
世界人口によると,2011年以来,支援者から1900万件のプロジェクトが受けられ,それぞれが目標達成に寄与されている.
この取り組みは,世界のリーダーたちの行動と政策を元に,2030年までに37億ドルの排出量を2億25億人に達する.
2018年7月,グループは390の約束を締結し,少なくとも10億ドルを配給し,資金を調達した.
グループ予測によると,これまでの資金調達は,世界649億人の生活に直接的な影響を与える.
主に栄養のあるもので,英国の養鶏農家は子供たちを育てるために3500万ドル,国際市民から4,700個のクリップを寄付し,
2018年4月 ユキドラフラテ党が8月に民主党政策を反発した事件は,党員に認められ,公表されませんでした.
グループは,英国国内で5,000以上の栄養素を摂取し,母乳や乳幼児の健康を向上させ,5,000万個に及ぶ乳幼児の健康を図る研究を行っています.
なぜあなたは貧困をなくすことができるのか?
長い道のりであり,困難であるため,その道は遅い.
ダルフは,イスラムの新たな政策を支持し,イスラムの内戦や逃亡を否定した.
ゲンティ・ジャクソン 広報省が中国日報に先週11月の米国選挙を批判する新聞を発表したが,中国は承認しなかった.
腹がすこし裂いて,イスラエルの王国を滅ぼした.
ワ・ボトン氏はグバチマラの米国への申請が増加し,グバチマルの支持者として,この国は問題と国内暴力に包まれたと非難した.
銀座は金曜日,アラスカ・ワサラを逮捕し,ワサラの警察官によると,内暴力や酒飲み干渉で逮捕された.
州が中国を批判する11月の米国選挙の報道を中国が拒否したにもかかわらず,ジェネスティ・ジャクソン氏は昨年8月に中国日報に掲載されました.
労働者が言うには,その機会と時間がある.
彼は"アメリカ合衆国の技術者は海軍の力によって 海路を切り開いて,その力を市場へ送らない"と言いました.
消費者の顧客に対する考えは,消費力グループが主導する米国における消費者の顧客に対する考えです.
ワトンは,ロシアとイランとの関係を交渉するために,彼は去って,ギャラクトゥーと交差した.
"ロシアとイランの経済は石油の代替であり,ロシアは先進国であり,発展途上国だ"
議論は,天然がヨーロッパに成長する道だと考えられ,ヨーロッパからの貿易がロシアに取って代わられ,ヨーロッパからの貿易が促進されたという.
川普政権と米大統領が2ドイツをこの計画を撤回するよう促した.川普はベルリン・マウスコが逮捕されたと語る.
モスクは繰り返し"11億ドルの価値は経済活動であり,元々の1億10千立方メートル2倍になる"と説明している.
森林破壊は経済的な問題であり,不公平な競争の真の例である.
ロシアのエネルギー大臣は9月にモスクワで開催された会議で, "権力によって,現在の人権が分配された選挙に利用できない"と発言した.
アメリカがドイツに支援したことで,このプロジェクトは重重評価されました.
ドイツの主要な機関であるドイツ工業連合は,アメリカが力政策やベルリンやモスクワなどの条約に迫るほど強く要求している.
最近,ドイツ大統領アンジェラ・マーケールとロシアの大統領・ミル・プーチンとの会合で,ドイツの産業大臣・スターク氏は,他の国が権力を握らないと,問題があると述べた.
マサチューセッツは,エリザベス・ヴァランが2020年7月の大統領選挙に参戦するとの判断を出した.
選出のために,マサチューセッツのエリザベスという公爵夫人は,日が暮れると,
マサチューセッツのホリオークで,ウォーランは選挙の予選について語った.
ヒルは"女性がバトンへ行き,政権を改める時が来た"と主張した.
10月6日より私は大統領に参画する
ウォーランが市議会で述べたように,ドナルドは政治家が国を改革しようとしている.
ドナルド・ラムは,民主主義がどのように統治されるか疑問に思っていたと彼女は指摘した.
ヴァランはクレームと彼の最高裁の代表であるベレティ・ケバノについて,はっきりと非難した.
報道によると,ウォーレン氏は5日 (金) に選挙前に検査を要した.
ウォーランは2020年7月の選挙に参戦できない可能性は明らかになった.
ボストン連邦政治調査センターによると,マサチューセッツの58%の投票者は,裁判官は選挙の単なる責任だと回答した.
選挙の支持率は32%である.
支持者は元大統領・オセベル・ペティクに38%で反対は48%だった.
2020年選挙の重要人物として,副大統領ジョビィーンとバーモッティの裁判官バニー・サンダーが挙げられる.
メディアが報道した通り,1月に公式発表を予定しています.
ドナルド・ラムの会議のためにサランは,クラグ・プラインのピースを語る.
軍に入隊後,9月26歳のクラグ・ペリン氏はイランで1年間滞在した.
週末の夜に彼は 暴行を犯したとして逮捕されました
ドロナラトムの集会で オクラホマ州 ツルジで,彼女は私の息子がどんなに苦労したか,そしてピティス・スワードの兵士について,人々に語りかけました.
ペンリンによれば,囚人は大人の家に住み,兵士が戦場へ帰国すると,それぞれが国への敬意を表し,別々に,別々に,別々に,別々に,別々に,別々に,別々に,別々に,別々に,別々に,別々に,別々に,別々に,別々に,別々に,別々に,別々に,別々に,別々に,別々に,別々に,別々に,別々に,別々に,別々に,別々に,別々に,別々に,別々に,別々に,別々に,別々に,別々に,別々に,別々に,別々に,別々に,別々に,別々に,別々に,別々に,別々に,別々に,別々に,別々に,別々に,別々に,別々に,別々に,別々に,別々に,別々に,別々に,別々に,別々に,別々に,別々に,別々に,別々に,別々に,別々に,別々に,別々に,別々に,別々に,別々に,別々に,別々に,別々に,別々に,別々に,別々に,別々に,別々に,別に,別に,別に,別に,別に,別に,別に,別に,別に,別に,別に,別に,別に,別に,別に,別に,別に,別に,別に,別に,別に,別に,別に,別に,別に,別に,別に,別に,別に,別に,別に,別に,別に,別に,別に,別に,別に,
ウォーシラの警察官によると,彼は土曜日にアラスカ・ワスラで逮捕され,内暴力や酒飲み干渉で逮捕された.
18州とジシはイスラムの新政策を支持した.
18州とコロンビア州は,イスラム教の新たな政策を支持し,イスラムの内戦や逃亡を否定している.
報道によると,18カ国が金曜日にワトソンに申請し,イスラム政策を承認した.
グレース5の原題は,アメリカン・スラブ・リベラル・パーティが8月に共和党を反発した事件であり,その件については議会は明らかにしなかった.
女性は自宅に語ったところによると,その少年は彼女を不敬に扱っており,米国当局者は7月20日に彼女の申請を拒絶した.
クリスに縛り付け
イアスラバード・ホンドゥレス・グバチマールでは,ユーサ・アスラムに多くの訴求者が出ているため,ギリシャの支持者は,この国は問題と内戦に巻き込まれていると語っている.
2014年,米国外交政策は,外国人旅行の禁止を廃止し,イスラムへの移民を禁止した.
コロンビア州司法長官カル・レージンは10年近く前に新しい政策を放棄し,連邦法と国際法を宣言した.
法律助手は,憲法の主張は真実であり,法律は憲法を損なうものではないと主張した.
裁判官は"外国人が入国することを禁止することは,アメリカの経済を損なうものであり,貿易や労働者を配送できる"と述べた.
司法長官ジェフィッサン氏は6月から外国人裁判官に国内暴力や逃亡禁止を要請した.
6月11日 (日) に発表した政策では,イスラム教が人種,宗教,国家,団体,政党を理由に,テロリストによる 難民を帰国させる支援を主張している.
シュラムは,急に起こる災厄や,大きな災厄を否定する.
死は,生きている人よりも,安全である.
条件は必要である.
パウロの母親の35歳のリサカサマは,母親がとてもショックを受けたことを報告しました.
星が"つ星に"つ星が"つ星に"つ星が"つ星が"つ星が"つ星が"つ星が"つ星が"つ星が"つ星が"つ星が"つ星が"つ星が"つ星が"つ星が"つ星が"つ星が"つ星が"つ星が"つ星が"つ星が"つ星が"つ星が"つ星が"つ星に"つ星が"つ星が"つ星が"つ星が"つ星が"つ星が"つ星に"つ星が"つ星が"つ星が"つ星が"つ星が"つ星が"つ星が"つ星に"つ星が"つ星が"つ星が"つ星が"つ星が"つ星が"つ星が"つ星が"つ星が"つ星が"つ星が"つ星が"つ星が"つ星に"つ星が"つ星が"つ星が"つ星が"つ星が"つ星が"つ星に"つ星が"つ星が"つ星に"つ星が"つ星に"つ星が"つ星が"つ"つ"つ"つ"つ"つ"つ"つ"つ"つ"つ"つ"つ"つ"つ"つ"つ"つ"つ"つ"つ"つ"つ"に"つ"つ"つ"つ"つ"つ"つ"つ"つ"つ"つ"つ"つ"つ"とあります
水面は稀である.
亡命者は,自分の物や物物を奪い,家の中に灰を投げ返します.
驚くべき7.5度の地震が病院を襲撃し,人々を襲撃している.
傷ついた骨髄や骨折した腕は,地震の連続で外科医に治療された.
震災を思い出し,娘と家と5階の宿泊を思い出して涙を流します.
自分を守るために 時間を無駄に
ハリスは,彼の家族が街で結婚式に行くと,ベッドの上で寝たと記している.
妻が"助けて!"と叫んだら,私は黙ってしまいました.
彼女と私の母にどうしたかはわかりません
期待する.
米国大使館は,中国が発信した声明を明らかにした.
中国政府の新聞が米国と中国との貿易について報道した1週間後,米国大使は中国の北京がアメリカを利用していると非難した.
唐纳・ラーム大統領は昨年11月6日の米国選挙について中国紙に批判を浴びせると,ロブ州が中国に批判を浴びせていると非難した.
クラムがルーターに述べたように,北京は米国選挙に参加し,華東に中国を脅迫する.
外国政府は通常貿易を営むが,北京と華東は貿易戦争を結束させ,輸入品に関税が制限された.
中国と米国専門家によると,中国が貿易戦争が,反乱国への攻撃を目的としている.
クリー・ブレインシュタインは,中国の元大使,元大統領,中国最大の歯磨き粉の取引者であり,北京はアメリカの労働者や商人を害している.
中国紙バーンステックによると,我々の新聞では,商業的な宣伝が売れ上がった.
バーンシュテックによると,広報のために,アメリカ軍用品や土地を反政府に利用していると,ダッシュショウニスは明らかに指摘している.
静かな北京市では,ミガーは中国政府に対し,中国の経済や生活に影響を及ぼすことは何も言っていないと,報道機関が中国人民党の下で動いていると語っている.
中国で最も有名な新聞は,我々の意見を否定し,その新聞を問わず,
報道によると,民衆政府は女性を選挙に任せていると警告している.
市民がバーンティ・ケバノウを最高裁に訴えたのは性的暴行で,半年の選挙で女性が不平等に扱われていると警告した.
市民は投票に参戦するという発言を 強く受け止めています.
サイラス大学のリッド・科学研究員,グレニール・ハースは"日曜の日曜の出版社"で"この仕事は再開ではない"と説明しています.
レイハー氏は,裁判官ジェフィ・マグッド (アー・アリゾーン) が怒った投票者たちを調査するよう命じると述べた.
前の日,先日,先日,そして11月に,先日,先日,先日,先日,先日,先日,先日,先日,先日,先日,先日,先日,先日,先日,先日,先日,先日,先日,先日,先日,先日,先日,先日,先日,先日,先日,先日,先日,先日,先日,先日,先日,先日,先日,先日,先日,先日,先日,先日,先日,先日,先日,先日,先日,先日,先日,先日,先日,先日,先日,先日,先日,先日,先日,先日,先日,先日,先日,先日,先日,先日,先日,先日,先日,先日,先日,先日,先日,先日,先日,先日,先日,先日,先日,先日,先日,先日,先日,先日,先日,先日,先日,先日,先日,先日,先日,先日,先日,先日,先日,先日,先日,先日,先日,先日,先日,先日,先日,先日,先,先日,先日,先日,先日,先日,先日,先日,先日,先,先,先,先,先,先,先,先は,先日,先,先,先,先,先,先,先ははは,先,先,先ははははははははははははははははははははははははははははははははははははははははははははははははははははははははははははははははははははははははははははははははははははははははははははははははははははははははははははははははははははははは
星期日朝,反乱軍は11月が来ると 報告し,議会はカバノウと合意した.
政治家・トルー・セインバグは,この報道では,その努力と努力が残っていると報告しています.
人々が主張する"成長の勢力は正しい"
18歳から29歳の若者,政治嫌悪者,パーティー参加者,という人が多い.
暴君たちは,高官の権威を反論し,国民が真理を問いかける.
NBCの報道によると,ミシア・ナショナル・コメディオの元議長であるマイケル・イスティルは,これはジョープに危険を及ぼす可能性があると警告している.
議会の選挙ではなく,最終選挙ではなく,この国の政府がどのように管理しているかを理由に,ガイ・セシルは大統領選を助長していると述べた.
アメリカ人はフフジとケベヌを誰に助ければいいのかわからないが,ケベヌの多くを助けている.
ユグプによると,約41%が豚を支持し,残りの 35%がヘベヌにあると回答した.
また38%がケベヌが嘘をついたと答えたが,30%が豚も嘘をついたと答えた.
検査後,ポフが持ち込んだ論議帳と,同様に,オボラ・ラムレージが書いたものだと認められる.
フォギーは,裁判官の誓いを受ける前に,ケベヌは酒を飲み,自らを姦淫に誘ったと17年ほど前に主張した.
レミシによると,彼女は1980年代にイエルに本を読んでいたときに,最高裁判所が秘密を明らかにしたそうです.
の巻や絵本を作ろうとするのは,この地上に広がるの巻です.
グローバル化には,バララーリーが使われており,フェイスブックやアマゾンやGoogleよりもはるかに大きい.
ベルナリーの製造を阻害する技術が新たに登場した
優れたものは,独自の情報を持っていないか, 公共の情報への権限があるか.
会社フェスティバルとインタビューで バーナーリーは"世界には力がある"と 冗談で言った.
"今こそやるべきだ"と
史上重要な出来事です
そのため,一般市民は個人情報を公開する (PIOD) 手段を備えています.
詳細は,個人・政府データ, 必要なリスト, 報告などです.
Googleの検索結果には,Googleの検索結果がいくつかあります.
個人的な情報へのアクセスが異なるのは,ユーザーの心によって情報を得ることができるということです.
会社はこれを個人情報と解釈しています.
会社の社長ジョン・ブースは,障害は資源と技術が流れるようにするためだと指摘している.
会社には現在,バーナーリーとブルース・セーフティ・グループがプロジェクトから約束している.
今週から,スマートなユーザーがオンラインで自作できるようになるでしょう.
バーナーリー氏によると,彼と彼の仲間は,ビジネスに関する変更や問題などについて,紙本やガガガガガガガガガガガガガガガガガガガガガガガガガガガガガガガガガガガガガガガガガガガガガガガガガガガガガガガガガガガガガガガガガガガガガガガガガガガガガガガガガガガガガガガガガガガガガガガガガガガガガガガガガガガガガガガガガガガガガガガガガガガガガガガガガガガガガガガガガガガガガガガガガガガガガガガガガガガガガガガガガガガガガガガガガガガガガガガガガガガガガガガガガガガガガガガガガガガガガガガガガガガガガガガガガガガガガガガガガガガガガガガガガガガガガガガガガガガガガガガガガガガガガガガガガガガガガガガガガガガガガガガガガガガガガガガガガガガガガガガガガガガガガガガガガガガガガガガガガガガガガガガガガガガガガガガガガガガガガガガガガガガガガガガガガガガガガガガガガガガガガガガガガガガガガガガガガガガガガガガガガガガガガガガガガガガガガガガガガガガガガガガガガガガガガガガガガガガガガガガガガガガガガガガガガガガガガガガガガガガガガガガガガガガガガガガガガガガガガガガガガガガガガガガガガガガガガガガガガガガガガガガガガガガガガガガガガガガガ
許可も求めなかった.
周日,バレーは新しいウェブサイトをあらゆる面で安全に努めると述べた.
1994年,マサチューセッツ・インスティテュート・オブ・テクノロジーで,バレーがインターネットをグローバル化させようと試みた.
ベルナリーは昨年,論争の的となった.
設立から始まり,バレーが設立者であり,共同所有者となる.
バーナリー氏は"後者の話にはとても勇気がある"と語る.
ベルリン: 祝日 祝日 祝日 祝日 祝日 祝日 祝日 祝日 祝日 祝日 祝日 祝日 祝日 祝日 祝日 祝日 祝日 祝日 祝日 祝日 祝日 祝日 祝日 祝日 祝日 祝日 祝日 祝日 祝日 祝日 祝日 祝日 祝日 祝日 祝日 祝日 祝日 祝日 祝日 祝日 祝日 祝日 祝日 祝日 祝日 祝日 祝日
勝利を収めた世界第一戦が100年を迎え,
軍事統計学者のリビーン・バーン・ベンが1918年9月29日にベルギーとレスコートに戦ったとき,標識を失いました.
しかし,四日後,アースナイが彼を殺した.彼は,この奇跡を自分のために行っていたことを考えなかった.
金曜日は,Rashiemoulieは,彼の孫の記念碑を彫り上げました.
伝説によると,ミカランが石をここに残したことは,100年後のことしか知られていない.
ロン・ゴジェットによると,1918年9月29日,戦記によると,ベン氏は空中空中から空中空中へ飛び込んだ.
矢を投げたり射たりする前に,彼は火の矢を通り抜けた.
戦闘は1918年10月4日に,戦が終わろうとしている1ヶ月前に,ドイツ人が殺害された.
72歳のメックルベン氏は,祖父の生活は素晴らしいものだったと,彼の謙虚さには敬意を払っていたと語る.
ブレンティウグリーが率いる軍人祭典には,彼の弟,ドクター・ジェームズ・ベンが参加したそうです.
マイケル・ベン氏は,彼は尊敬を被るよりも幸せだと主張し,国民の支持によって勇敢な男であることを示した.
アメイファーは206リットルのベレータを用意した
普通の番組を捨てて 206リットルのビレータを 買うとしたら?
シンジョス・バトル13と他の作品がイギリステレビ5で放送される.
午前6時には,私はギの剣とロミオの剣を狙うために急いでいたが,もう一つは残っていた.
戦闘の時間には不快な気持ちを抱いた人もいます
ファンの一人はツイッターで 違う口コミを削除した人を馬鹿にしています
政府の声明によると,午前6時頃には,このような問題が重要でないと指摘された.
ペンダブルグ
スコットコッカー社長は"将来,ユケはアニメーションを導入する予定です.
コーカーは"また演出をするのはいいと思うよ"と話す.
昼も昼も夜も夜も夜も夜も夜も夜も夜も夜も夜も夜も夜も夜も夜も夜も夜も夜も夜も夜も夜も夜も夜も夜も夜も夜も夜も夜も夜も夜も夜も夜も夜も夜も夜も夜も夜も夜も夜も夜も夜も夜も夜も夜も夜も夜も夜も夜も夜も夜も夜も夜も夜も夜も夜も夜も夜も夜も夜も夜も夜も夜も夜も夜も夜も夜も夜も夜も夜も夜も夜も夜も夜も夜も夜も夜も夜も夜も夜も夜も夜も夜も夜も夜も夜も夜も夜も夜も夜も夜も夜も夜も夜も夜も夜も夜も夜も夜も夜も夜も夜も夜も夜も夜も夜も夜も夜も夜も夜も夜も夜も夜も夜も夜も夜も夜も夜も夜も夜も夜も夜も夜も夜も夜も夜も夜も夜も夜も夜も夜も夜も夜も夜も夜も夜も夜も夜も夜も夜も夜も夜も夜も夜も夜も夜も夜も夜も夜も夜も夜も夜も夜も夜も夜も夜も夜も夜も夜も夜も夜
しかし,わたしはそれを果たすため,
これらのものは,禁止され,その手紙が破棄され,その手紙は重く,
テクノロジーが問題だと考え,私たちは解決しようとしました.
政府の問題です
私は言うでしょう "これからはそうなるはずがない"
好きな人を楽しめるために 6戦 5戦を続ける
ひどい状況です
砂漠の島は: 女性のトムダレーは低い.
クロムレエは"男の子は,自分の性欲を低くし,そのために自分を良くする"と書いた.
24歳の男性はこう言う: "中学まで自分がカカカカカカカカとは 違うとは知らなかった"
レフリー 4 デズルト・アイランドの最初の作家のオラン・レーン曰く,励ましのために,一晩を喜んで過ごせ.
彼はこう言います "子供を持つことで オリンピックのメダルを勝ち取れないようにしました"
走る者は,長い休みがある.
現代の女性は,子供たちを敬うのは,もはや普通ではない.
幸せを生き延びることは,自分の心の中で,悲しみや寂しさが湧いてくる.
彼は,自分を見せるようにしようとしたのに,その名をよく知っていても,他人は彼を気にしない.
2回オリンピック優勝は,今夜を語る人々やオーストラリアや日本を巡る人々へのメッセージです.
"彼は,自分の生活を豊かにするために,他人に話をしたのだ"
アメリカ映画監督ダスティン・ランズ・ベグと2013年に世界的に知名になった3人の映画監督は,
バラレはオスカーの親友と結婚し,年上の20歳だが,年齢については問題ない.
彼は14歳でオリンピックに出場して3年経ったとき,父親が癌で亡くなりました. 彼は"自分の経験に適した程度は 求められませんでした"と語る.
両親の息子ロバート・レブレ・レが誕生した後,ネットの生活は大きく変わった.
"もし今日でも聞きたいなら,私は金銭を手に入れたのに,
五輪はもっと期待を裏切る
私のオリンピックの金メダルはロビーです
2011年に40歳で脳がんを患った後,息子の名前 ロバートと父親の名前で亡くなりました.
ブロールは"父が死ぬことを考えなかったので,私が入場する先の貸し紙は 2012年ですか?"と尋ねました.
"父に,ここで居ないと言うことはできない"
"この父が,このときの直ぐに,この子を治らせた.その後,彼は死んだ"
その翌年,Netléは2012年オリンピックに参戦し,銅メダルを獲得した.
私はオリンピックに参加して才能を発揮する以外に できないことを学びました
ジュリアン・ヒドールのダンスは オリンピックと関連しており,今でも感動する.
レイチェン・レイチェン・チャークはBBCラジオ4で,金曜日の11時15分に出演する.
それ以来,マクレサンは太陽の座をライの座に飾りました
アメリカ人フィル・ミカランは,今週の4月,第47回ライアン競技大会に挑戦し,歴史上,嫌悪感を覚えるために変化を起こす.
周日,キャプテン・ジムフルーキは3回と4回,マクラーソンと12番戦に対戦した.
アメリカでは有名で5回以上優勝し,仕事について話すことや否定を否定する事なども多い.
キャリアは不完全で,48歳はリグルフィーの不合格で,不当な罰を受けています.
週五にイギリス人プロのフランシス・モリアナリーと試合をする予定で,マッカランは,ルーキトミー・フィリチュートと提携し,今週に参加します.
アメリカン・12戦で4点落下すると,マクラソンが勝負の資格を持つだろう.
プークは自分の下手なプレーを誇りに思って,あまり話さないと
そこで彼は彼の行いを理解して言った".彼は,自分の手を伸ばして,自分の手でを伸ばしている".
彼はとても勇敢でした.
彼は技術者であり,現在や将来に役立つかもしれない.
彼は"二試合はできない"と思わない.
私は,そう思っていたが,それ以上のことを思っていた.
"そう思っていたら,彼も来ます"
メイカッサンは月曜日にナイフにラードボール競技を贈る.
独自の独り言で名声をあげます
マクロサン氏は18回優勝し,20回対戦7回になったが,彼はチームに多くの変化をもたらした.
"彼は興味のある男で,ミガラと戦えないので,チームに入れる必要があった"
選手たちは彼と一緒に今週も彼を見ようとしていた.
彼はゲームだけでなく,他の多くのことを変化させました.
ヨーロッパの指揮官トーマス・ジョンは,彼らが破壊するだろうと言いたかった.
ヨーロッパの監督トーマス・ジョンは,ライカ競技が,すぐに,非常に困難な状況になるだろうと警告した.
バルベラマでは1997年にデーンが名声を上げ,指揮者はシベ・タオースで,アメリカより5点優位だった.
ブルックリンで勝利しベルリンで勝利しました 2018年の授業では5時3分でした 金曜10時6分とジョンはゴルフィに言いました
歴史は,何も終わらない前に,
息を吸い込む
善行をなして
幕が上がるまで,彼らは完成しない.
断固とした目標です.
先ほど述べたように,私は12つのスポーツを奨励しています.そして,私たちが知るべきことは,世界最高のスポーツです.
ジョンは"彼らの選手は自分のプレーに自信を持ってくれるだろう"と付け加えた.
異なる内容があります.
心の能力はそれぞれに求められ,
仲間と一緒に行くのが好きですが,一人でゴルフ選手として 挑戦しています.
選手にメッセージを送って,明日のために準備することができます.
だから,相手を捨て,自分らしくいなさい.
ジョンとは異なり,ジムプックは選手が仲間ではなく単独でプレーすることを好むと,ジョーダン・アスピックとジャスティン・トーマスは4点から3点をそれぞれ得ていると語っている.
ブルックリンはヨーロッパが信頼を寄せた最後まで勝利を収めた.
ブレンク・クレンソは1999年,ディダムは試合最終日に選手に質問した後に,彼が"気になる"と答えた.
ブルックリンやメジャーナで見られるような 12つのゲームがあります
試合が進むにつれて,中期は激減する.
知識の法則を踏まえて,あなたは知っているように,私は奇跡のように,
トーマスはロシ・シェクロと競う役を担う. ポール・カッセ・ジャスティロス,ジョン・クロミ・フィリッテ,イアウンなど.
"私がこれをした人は,自分の手で,混乱しているのだ"
ドイツの国語をさらに次回します
2014年7月,ドイツ政府は,この戦争が終わるとともに,地方メディアは,何らかの理由で終わらないと警告している.
ダイザイティの新聞と報道によると,ラインナップの開始は2019年中旬に延期された.
2014年のベーゼル軍艦への連結は,非常に大きな期待だった.
2007年7月号が運航した船は,気候の変化に役立つ.
武器は,砲や船や船に害を与えられないほど強かった.
必要な条件は,長期的修了,少なくとも2年以上の労働力確保です.
しかし,もし遅延すれば,戦いが起こり,そしてオジティは,それを使わないと警告している.
F125はナニングを悪名としていたが,ドイツ軍艦は公式に発射を拒否し,再びブルームとボシビャーグに打ち上げられた.
船は船長の手元に船を渡した.
返還の理由はほとんど不明だが,ドイツメディアは,技術的欠陥による標的の減少を指摘している.
重要なソフトウェアは 120人の使用者によって開発され,これはビルマの半分である.
船舶は重量で重量に負荷を被るので,将来は不可能です.
レン・シェイフ・フラッツはドイツが使用した第二次世界大戦の艦と比べ7,000クロンで,反逆だった.
テクノロジーがなくとも,プロジェクト,訓練,労働者が混沌としています.
記録的な成長率は,前回の €3.2 億円 (約3.6億円) から €3.1 億円 (約3.6億円) に達しました.
艦隊が沈没するにつれて,問題が発生しました.
今年,ドイツの航空保安委員会 (FSA) の報告によると,この船は不具合状態にある.
役人は言った",古い船は,修理ができないのに,うまくいかない.
バダナヴィテムベック氏は,船を一緒に送らないことを残念に思っている.
パパの生涯において,国家信頼を高めた.
スコットランドではパウイの食事の仕方について新しい研究が行われています.
この研究により動物や彼らの情報伝達システムについて理解する上で大きな成果がもたらされる可能性が高い.
科学者達,私は,国家信頼のイコチスで調査したことに同意しているようです.
波の動作を分析するために,特定の音符を隔離する.
オンラインでNHS職員や約束者を手動調査
楽器の演奏者は,どんな風の楽器を演奏するか見たい.
生物の生息や報告によって,動物の生命についてより詳しく知ることができます.
アンティオスの自然保護顧問 ロブ・シェイバーは,この成果によって,カエルがどこに漂っているか,そして生物がどのように捕食しているかを把握できると述べた.
この情報によって,環境の仕組みをより深く理解し,動物や動物に有益な環境がもたらされます.
グラスから100年ほど前にスコットランドとイギリスでファウの数は減少している.
建物を建てたり,家屋を建てたり,家屋を壊したりする.
建物から出ている化学物質は,風や光が危険である.
灯りは盲目ではない.
夜になると,彼らは捕獲しようとしていた.
移動する際に騒音に頼りになる.
INSは270棟,38棟の庭園,76,000ヘクタールに及ぶ土地を管理する.
テストや審査を防ぐために10人の専門家が訓練されています.
同社はダムフィス・ギャローエでパブエ管理センターを設置し,スコットランドでは10台のパブエ管理センターを設立しました.
警官デビックトムソン氏は"これは,彼らが迷っていること"と説明しています.
"テピペには,水族の住まいがある.
古い木から,木が枯れ,木が枯れ,木が枯れ,木が枯れ,木が枯れ,木が枯れ,木が枯れ,木が枯れ,木が枯れ,木が枯れ,木が枯れ,木が枯れ,木が枯れ,木が枯れ,木が枯れ,木が枯れ,木が枯れ,木が枯れ,木が枯れ,木が枯れ,木が枯れ,木が枯れ,木が枯れ,木が枯れ,木が枯れ,木が枯れ,木が枯れ,木が枯れ,木が枯れ,木が枯れ,木が枯れ,木が枯れ,木が枯れ,木が枯れ,木が枯れ,木が枯れ,木が枯れ,木が枯れ,木が枯れ,
諸々のことは,わたしたちには全くわからないので,そのことがよくわかります.
ワウミは治療前に検査され,400頭のワウミや他の家畜が殺され,減少する危険性があるという.
ワオワは危険なので,殺し,動揺,居住地破壊は違法である.
ファーウェイの管理者エリザベス・フェラがパブを守ることを公に訴えた.
牛と牛の種類について知り,他の動物も多くなったり,数値が増加しているかを調べる必要があります.
ローナ・グレーは,ドイツ時代を非難したことで,強姦を撤回した.
チェスティノノ・ナロは,自分の名前の悪名を広めるために,強姦した情報を伝えるのは間違っていると批判した.
彼の弁護士はドイツ紙デール・スピガルの罪を宣告した.
ポー・チャックルとジュベンツの対戦は,2009年にレズベガス家庭でアメリカ人女性をレイプしたとのことです
周日日報によると,秘密保存のために375,000ドルを支払われた.
33歳のロナ・フーリーは,恋人の142人の顔に顔を出し,それを嘘だと主張した.
"いや,いや,いや,いや"
そこで,その人が"偽りの証人を投じた"と,その前に言った.
私は彼らを名と称えるよう,
旧状のものです.
彼らは悪名のために,私の名を汚している.
選手は"ハッピー・キス"と答えました
ルータによると,ローナ・グレーの検察は,この事件でデール・スピガルを非難し,安全な環境では耐えられないという.
裁判官クリスチャン・スキーズヘイは,この選手は,不正行為や最近の自己自由侵害の事実で,罪と契約を承担する必要があると訴えた.
2009年にレスベグとパンマズ・レストラン・カジノで事件が起きた.
晩宴の終わりに,ロナ・グラとマイオークが競技室にやってきて,中から売ったとネベニオのオット・ピ・カラー・カウンティが書いた.
マヨーは,この事件の後,ローナ・グレーが彼女を怒らせて,99%は良いと"%は失われていない"と言った.
文書によると,ローナ・グレーは姦通したと認められ,正しかった.
医者は,彼女が警察官のところに来て,病人を外したところ,彼らは彼女を口にまねるため,秘密裏に彼女を連れて行きました.
この事件で彼女は不安に思ったので,34歳の彼女は入院した.
この事件が起きたとき,ローナルはモンチェスター・ユナイテックからリヤルムークへ,後にイタリアへ100ドルで運ばれた.
ブレスティ: 機械の製造者がいないとイギリスは信用する
ブレジット後2番目に石油生産国であるグレッグ・クラーク・アークは,英国が以前と同じ石油生産をしないと失望すると述べた.
また,エウスがバータンを描いた後,デレンの近くのバーンストンで建設された.
"僕らは忠誠であるべきだ"とクレアが言う.
パパンは,石油製造業者から"海外の労働者は仕事に就けるだろう"と
ベルナストンは150,000台のナヒントヨットを生産し,90%がヨーロッパに販売されている.
ベルナンスタンヨット石油会社のディレクター・マービンク氏は,英国がEU侵攻した場合,3月に工場でガソリン生産を停止すると述べた.
イギリスの開発者とホンダン・ビーム・フンクが,エウを捨て,ワクチン接種を目的としたため,レイン・ローに恐怖を抱えている.
ビームフローの小企業がオスフォフを閉鎖すると,ベリースフローが1ヶ月後も言われている.
自動車メーカーにとって最大の懸念は貨物輸送である.
イギリスと欧州連合 (EU) の両国では,貨物が37分以内に到着し,時間差が限られている.
仮に英国がEUを無視すれば,3月29日までに貨物や部品の輸送が深刻な危険にさらされる.
クロヨットが一日も休めないので,会社は"今すぐ工場を閉鎖するほうがいい"と告げた.
クラグによると,この約束は,後に2つの奴隷制の境界線に問題が生じないようにするためである.
合意は,今,BBCラジオ4の合意の内容を,今より良く,将来より良く,より良く,より良く,より良く,より良く,より良く,より良く,より良く,より良く,より良く,より良く,より良く,より良く,より良く,より良く,より良く,より良く,より良く,より良く,より良く,より良く,より良く,より良く,より良く,より良く,より良く,より良く,より良く,より良く,より良く,より良く,より良く,より良く,より良く,より良く,より良く,より良く,より良く,より良く,より良く,より良く,より良く,より良く,より良く,より良く,より良く,より良く,より良く,より,より良く,より良く,より,より,より良く,より良く,より,より,より,より良く,より,より,より,より,より,より,より,より,より,より,より,より,より,より,より,より,より,より,より,より,より,より,より,より,より,より,より,より,より,より,より,より,より,より,より,より,より,より,より,より,より,より,より,より,より,より,より,より,より,より,より,より,より,より,より,より,より,より,より,より,より,より,より,より,より,より,より,より,より,より,より,より,より,より,より,より,より,より,より,より,より,より,より,より,より,より,より,より,より,より,より,より,より,より,より,より,より,より,より,より,より,より,より,より,より,より,より,より,より,より,より,より,より,より,より,より,より,より,より,より,より,より,より,より,より,より,より,より,より,より,より,より,より,より,より,より,より,より,より,より,より,より,より,より,より,より,より,より,より,より,より,より,より,より
クラウスの諸道から来た者たちに,今までの良い行いを続けさせなさい.
クロヨットは,いつまで延期するのか分からないが,彼らは仕事に巻き込まれると考えました.
会社で24年間働いたピーター・スブラースは,メンバーが常に不安を抱いていると,経験から,一度に仕事を失いなくなるという.
政府の顧問は"未来のためにEUとの連携を計画している"と述べた.
ホワイトハウスは"トムがロシンティンと出会ったのは遅かった"と語る.
ドナルド・ラムは裁判官に会った. 裁判長 ブレティ・カベノウは,月曜日にホワイトハウスに告知.
専門家ロバート・ミラーがロシアとタンとの間を研究しているとロシンティンがよく知っている.
クラムスは,警官や警官に,殺人のことが確認されていないが,その件は,月間通報された.
先月ニューヨーク紙に掲載された記事によると,ロシンティン氏は,クラムが物語を収録する手段を抜くべきか,あるいは25回目の大統領選で大統領を解雇すべきか,語った.
ロシンティン氏は報告を否定した.
しかし,彼は金曜に報告されてもホワイトハウスへ行った.
クラムはユネスティで滞在し,その家族と夕食を予定していた.
コーランでは,彼はロシンタインを殺すつもりだったが,ケベヌと彼の妻の姦通を隠そうとした. 犯罪の真実は,ドクタークリスティーン・バラッセが明らかにした.
五日目には,クラムがアフィビアにを検察して,裁判を延長した.
報道によると,金曜日に,情報局長官が来ます.
ローサントンは言った. "今,休日と休日を決め,また来週,また来週,また来週,貯金をしよう".
耳を合わせたままに
報道官は,サンダーが9月10日からホワイトハウスで発表をしていないと非難する.
古代キリストは何を意味するのか
メディアの無知は メディアの無知の問題ではないし メディアの無知は メディアの無知の問題ではないとは言わない
彼女は直接接触し,情報を広めるよう努めると言う.
警官は,その質問に耳を傾けることを望んでおり, "それを見てください.
情報を正確に伝え,大統領に質問をする機会があれば,私は質問をするよりも,もっと重要だ.
"我々は多くのことを計画しており,この週,この公告でそれを実行しました.あなたのユナイテッドの大統領にそれを依頼してみましょう"
クラムはホワイトハウスや重要人物との会議などに質問をしてもらうことを望みます.
一人対談はめったに困難です
報告書の収集前に必要な保険の重要事項を今週ニューヨークで大統領発表しました
ブレスティを恐れ,医療長官はスコットランドのNHSに手紙を書いた.
医療長官の手紙では,エウのスタッフが全国の才能を誇ると,ブリュッセルには最高の才能があると書いてあります.
ユケがアイオから帰国する6ヶ月ほど前に,ジーンフィーマンが手紙を送った.
エイウ族は公務員なので,スコットランド政府からそのメンバーを借りる.
ファイレンが書いた手紙では,英国とEU間の協定の締結が冬に不一致し,結果が明らかになると予想されている.
しかし,英国政府は不関係性を改善する計画を立てている.
時間がかかるので,
だから,自分の分からといって,自分の分からなくても,自分の分からといって,自分の分からといって,自分の分からといって,自分の分からなくてもよいのです.
エイユの労働者は,医療に非常に優しく,病気の患者や教師が多くて,コミュニティーに優しくなってきました.
スコットランドはあなたの家ですが,私たちはあなたをここに置いてくれるのが好きです
首を傷つけるとクリスシャンはバクコムを手術した.
州元首クリスシャーン・エバコンが首を打った後,クリスシャーン・エバコンは3月31日 (金) 27日にビート・ボボワーを倒した.
クレネスの知事ロスフィーが言った. "この虫は,未熟な種から生じたものだ.
"彼は,横に来た時,倒れた"とリッチは言った.
訓練と医療チームはエバクロム市内での休憩先と検査先の治療を報告した.
クリーンス職員の一人がクリス・ハリスに バンダービート病院のエバクロームの空気を断ったことを語った.
ハリスは,クリンズ州は事故の調査を進めているが,詳細は不明だと述べた.
イリノイから来たエバーグロミーは,クリニス州の最初のシンパスとなった.
土曜日は試合終了前に5点を記録し,今度の試合では合計18点でした.
英国の富を手に入れたら,彼らは富裕層に敵対するのだろうか.
イギリスから資産を購入すると,富裕層に敵対する国々が,ホームレスに支援する国策を制定する.
この計画では,投票する若者の子どもたちに励ましを図っています.
税務補助金の増額は英国では納税者に適用されません.
ホームレスへの支援に年間1億2000万ドルも追加されています.
テレサ・メイは,英国から資産を購入すると,外国人を攻撃し,ホームレス人を助けるという.
この計画では,ジェリーミー・コービンが書いたように,若者の子供たちに仕事や家を提供して,再び投票に励まそうとする.
税率上昇は英国税務員に課されないが,政府による資金援助は,無条件の受託者を助ける.
税収の3分の1は2年前から作られているものです.
財務省は年間1億2000万ドル増加
ローン新規の13%はイギリス国籍でない人によって取得され,最初の購入者にとって困難である.
外国人が来ても来ても来ても来ても来ても来ても来ても来ても来ても来ても来ても来ても来ても来ても来ても来ても来ても来ても来ても来ても来ても来ても来ても来ても来ても来ても来ても来ても来ても来ても来ても来ても来ても来ても来ても来ても来ても来ても来ても来ても来ても来ても来ても来ても来ても来ても来ても来ても来ても来ても来ても来ても来ても来ても来ても来ても来ても来ても来ても来ても来ても来ても来ても来ても来ても来ても来ても来ても来ても来ても来ても来ても来ても来ても来ても来ても来ても来ても来ても来ても来ても来ても来ても来ても来ても来ても来ても来ても来ても来ても来ても来ても来ても来ても来ても来ても来ても来ても来ても来ても来ても来ても来ても来ても来ても来ても来ても来ても来ても来ても来ても来ても来ても来ても来ても来ても来ても来ても来ても来ても来ても来ても来ても来ても来ても来ても来ても来ても来ても来ても来ても来ると来ても来ても来ると来ても来ても来ても来ても来ても来ても来ると来ると来ると来ると来ると来ると来ると来ると来ると来ると来ると来ると来ると来ると来ると来ると来ると来ると来ると来ると来ると来ると来るとのことである.
ボリス・ジョンソンは,若い人たちを支援するために,最初の家庭に新しい政策を1週間前に策定した.
控訴は"この人は,土地を高額に保有しているが,その土地は働いていない. 賃貸の権利は,伯テンに与えられていない"と訴えた.
コルビン氏は住宅賃貸と住宅の論争に関するレビューを明らかにした.
また,教会に新しい家を建てる権限を与えます.
メイは"今,私は,私の主を尊敬している. 人生は,いつも良いものだと,バーティッシュが望んでいた.
破壊された都市を改造する.
ビートンは,誰でもそこに働くこと,そこに住むこと,そこに生活する事を強く支持します.
ビートン氏は,英国で働くような勤勉な人々には,他の海外会社で働いていない人は,家を買うことができないという意見が持たなかった.
住宅を買う余裕もない人も多いし,家を買う余裕もない人も多いのです.
ジャック・ロース:私は希望ですが スコットランドをコントロールすることです
サンダーレンチの首長ジャック・ローズは"彼はサンダーレンチの管理者になる"と語っています.
42歳スコットランド人,現在3位でプレーしている選手を,改善したいと願っている.
前の祭りでは彼はアステルマンの帰国をスコスに送り,灯台に行く.
私は国のためにプレーするつもりだ.
ロスは,BBCのスポーツで,彼はバックアップを持っていることを語る.
私は父と両親と共にヘムハンで,アイスランドで育ち,直ぐに口を口にします.
もし私が"管理者"だとしたら,その機会に恵まれます.
ロスの元首は,ジック・エフ・ボケイ,デベッグ・マザー,アラー・ハイス,マーティン・オニール,ロー・キング,グッポイテ,デッド・フード・ケニオなどであった.
エリオの知名通信担当者は"大島への脅威は,バーンセリーやイブヴィッツから撤退したためだ.
偉大な成果として,私は自分のチームを再びプレミアリーグに賭けるかと考えました.
"この試合の規則性や規則性により,プレミアリーグの主要なチームの一つだ"
到着は簡単ではないので,島を復旧すれば,成功するかもしれないと考えられる.
ロスは3年ほど前にこの職に就いたが,ダム・バートンで15年近く長者兼教員を務めた.
また,アロブを3位に導いて,アステメンに勝った.
ロスは,彼が選手として クライフ・ハータル・ポール・フルク・アステムラン・ヘミルトンにプレーしていた時,今,彼が好きだと言った.
赤ちゃんを介護するときに言った"これは馬鹿げている"
競技は,自分でもあり,競技は自分でもあり,
働きかけているのは,生計を尽きることによって,
遊びは難しい.
週間にやるべきことがたくさんあります.
迫害と苦しみを受けるのに,支配者は,喜んでくれました.
管理職を余儀なくされるのは,今,私の人生で,
スコットランドにおけるスポーツに関する質問は9月30日 (日) 12:00〜13:00 (日) に聞かれます.
検査によると,金曜の時間は5時30分.
暴風雨が原因で問題が発生しましたが,さらに多くの問題が発生しました.
7月,バーとパーティールームは2階と7階に達し,ホテルレベルは4階と8階に低下した.
ビジネスコンサルタントピーター・マーティンジエは,日が昇り,7月に世界選手権大会が開催され,6月から開催され,休憩室2室,8室が閉鎖され,ホテルも閉鎖されたとデータを収集した.
6月1日と8日間の減少が7月に減少した.
酒屋の名人が来ていたので,酒屋の規模が低下しました.
温室では太陽が問題ですが,レストランではボタンも出ません.
酒は,人のために愛される.
ワイン販売は6%,塩は6%,アルコールが3%減少しました.
ソーシャルワーカー・エンターテイメントの研究者であるパウニュマン氏は4月末以降の結果の順序を明らかにした.
市場では,空気や社会やスポーツなどに注目しています.
酒屋のグループでは,驚かないことなく,レベル4とレベル8が落ちていますが,危険な時期に毎年同じです.
食料品店の経営者は,天候が悪く見込まれていないが,8月の晴れにより利益がもたらされる.
7月に減少したが,レストランや新築は2と7で増加した.
コーパー・ピッチ・タッカー氏は,英国がレストラン,バー,レストランを調査し,47社を調査し,業界に9ドルを集めた.
五人のうち"人は自分のことを知らないうちに,自分のことを隠している.
調査によると,5人の子供のうち1歳から11歳の子供たちは,両親や教師が知らないうちに,社会的な会話を隠していることが判明しました.
約20,000人の生徒を対象に調査した結果,ルンマが判明した.
噂の話題に浮気になるのではないかと恐れていました.
子どもの20%近くは親から自分の歯を覚えています
調査によると,5人の子どものうち11人の子どもは未知に秘密裏に社会的な犯罪行為をしていることが判明しました.
およそ20,000人の生徒を調査した結果,偽物が判明し,写真が交換された.
噂の話題に浮気になるのではないかと恐れていました.
両親が知らない2つの数学について,約20%の生徒が答えています.
母親は13歳の娘が性的暴行について秘密裏に書いていたのを目撃した.
また,コンピュータ科学者の英国とドゥザインによる調査では,11歳から18歳の若者の40%が,秘密裏に,アカウントを処理していることが判明しました.
子どもの親や教育者など知らないうちに 行動するのは間違いだ"とエイズ・センターの担当者・ブチャナン氏は語った.
イデドロイールはスコットランド・キャストのゲストを務めた.
イデドロヤルは"年次総会で主任に選出された.
ドロヤルはスコットランドの有名な言語で,国際レベルでも彼女の経験から学ぶ機会を得ることができ,スポーツや生活経験からゲラに大きな恩恵を受けることでしょう.
エディットはスコットランドやイギリス,そして新聞界で非常に尊敬され,ベッティはゲラが非常に有益であると指摘した.
ドロヤルは"私はテレビに興味があるので,できるだけ手を伸ばすことに同意します"と答えた.
1996年アトランタで,200メートル,400メートルで優勝したアメリカ人,オリンピックで優勝した彼は,現在,走れない状態になっている.
"今から1ヶ月ほど前に 病気の苦しみを感じました"
私は歩けない.
医者は,何よりも何よりも何よりも何よりも時間と闘うことを指示しました.
難しいことですが,その道を学び,それをうまく行います.
努力の為の感謝
オンラインで母乳と宝乳の分別
牛乳会社は母乳と母乳の区別を図っています.
市場では,世界の蜂類について調査を行うために,その規則に従って,企業が口頭で調べる方法について,当局の主張を述べています.
踊る踊りの4つの真母が踊っている. "うん,うん,うん,うん,うん,うん,うん,うん,うん,うん,うん,うん,うん,うん,うん,うん,うん,うん,うん,うん,うん,うん,うん,うん,うん,うん,うん,うん,うん,うん,うん,うん,うん,うん,うん,うん,うん,うん,うん,うん,うん,うん,うん,うん,うん,うん,うん,うん,うん,うん,うん,うん,うん,うん,うん,うん,うん,うん,うん,うん,うん,うん,うん,うん,うん,うん,うん,うん,うん,うん"と
踊りながら歌いながら歌いながら歌いながら歌いながら歌いながら歌いながら歌いながら歌いながら歌いながら歌いながら歌いながら歌いながら歌いながら歌いながら歌いながら歌いながら歌いながら歌いながら歌いながら歌いながら歌いながら歌いながら歌いながら歌いながら歌いながら歌いながら歌いながら歌いながら歌いながら歌いながら歌いながら歌いながら歌いながら歌いながら歌いながら歌いながら歌いながら歌いながら歌いながら歌いながら歌いながら歌いながら歌いながら歌いながら歌いながら歌いながら歌いながら歌いながら歌いながら歌いながら歌いながら歌いながら歌いながら歌いながら歌いながら歌いながら歌いながら歌いながら歌いながら歌いながら歌いながら歌いながら歌いながら歌いながら歌いながら歌いながら歌いながら歌いながら歌いながら歌いながら歌いながら歌いながら歌いながら歌いながら歌いながら歌いながら歌いながら歌いながら歌いながら歌いながら歌いながら歌いながら歌いながら歌いながら歌いながら歌いながら歌いながら歌いながら歌いながら歌いながら歌いながら歌いながら歌いながら歌いながら歌いながら歌いながら歌いながら歌いながら歌いながら歌いながら歌いながら歌いながら歌いながら歌いながら歌いながら歌いながら歌いながら歌いながら歌いながら歌いながら歌いながら歌いながら歌いながら歌いながら歌いながら歌いながら歌いながら歌いながら歌いながら歌いながら歌いながら歌いながら歌いながら歌いながら歌いながら歌いながら歌いながら歌いながら歌いながら歌いながら歌いながら歌いながら歌いながら歌いながら歌いながら歌いながら歌いながら歌いながら歌いながら歌いながら歌いながら歌いながら歌いながら歌いながら歌いながら歌いながら歌いながら歌いながら歌いながら歌いながら歌いながら歌いながら歌いながら歌いながら歌いながら歌いながら歌いながら歌いながら歌いながら歌いながら歌いながら歌いながら歌いながら歌いながら歌い
この件に関するウェブサイトには多くの誤りがあります.
視聴者数は77,000人,評論者はこの映画を業界で恐ろしいものとして評価し,両者を罰せました.
商売にノウハウが使われているという 皮肉な議論もあります.
預言者は言った".わたしたちと同じように,彼らは滅びたのに,ただ一日で捕えられてしまったのです.
は"僕らのような乳が出た" (オルビー・イ)
ほかの者は",この子は,母親と母親の苦しみを理解している.
なぜ,親や母親の声に耳を傾けなかったのか.
異性とは関係がないと 言う人もいます
多くの人が反対する一方 ある女性が"笑うようなダンスをしよう"と提案した.
これは良い方法だと思います
もし私が乳を飲ませたなら,
上から見ると,光のように見える.
それは良いことではないが,あるように考えなさい.
"良い"と書いてある.
興味のある母親の乳は,仕事場で,より貴重に見えます.
財富の評価や評価は不十分です
映像の最後に女性は乳で踊っているように見えます.
乳母たちは,自分が間違っていると感じるので,思いを馳せるようにして,泣き始めました.
しかし,アルバムは沈黙の言葉です.それは女性を育てるために,母乳を育てるために,母乳を育てるために,
アナバレーン・パートナーとスミームが指摘する"NLB"は高度な開発であり,それを明確にすべきだ.
乳を育てるのに必要な力や力が どれほど難しいか 女性の財産と財産の違いを観察し
アルバムに関する報道は初めてではありません.
七夕の絵画のなかで,二人の母親はマタジャク・クワウスキーを用いて絵を描いています.
のに来た者は100人以上でした.
国境は変わらず,外来は増加し,カム政府政策により,ハロは移動するのが困難である.
慣習に反抗する外国人の親戚が来ても,親戚の親戚である.彼らは,親戚の親戚である.
6月以降は危険が広がった.政府側は友人に指紋を差し出し,それをゲラに交換して知らせるように要求した.
マシュー・エルベンス (税務局長) は,援助を援助する者に,援助を援助をしない限り,援助をしないように勧めました.
管理者は,従業員の70%が無罪だと知っていました.
援助を受けた人の80%が,または援助を受けた人の家族や親戚が,不法に入国し,犯罪行為をしている.
"我々は彼らを捕まえるつもりだ"と アルベンスが言った.
児童は,早期手続きを許可する1ヶ月前に裁判所に提出され,従来の規則に従って60日制が認められることは認められない.
多くはテレビ会議で公開され,将来,外国での旅行の自由が認められる.
安全な場所には,運び方が良いでしょう.
最近の報道や報告によると,長期禁留は精神疾患を患うことや,その影響から外出や外出の行為が起こる可能性があるとされています.
この問題は非常に重要であり,コルノールでは幼児の育児が非常に多いため,食事が必要だと考えられる.
幼い子供たちが,自分の友達の話を聞かず,自分の心を動かし,自分の心を動かし,自分の心を動かし,自分の心を動かし,自分の心を動かし,自分の心を動かし,自分の心を動かし,自分の心を動かし,自分の心を動かし,自分の心を動かし,自分の心を動かし,自分の心を動かし,自分の心を動かし,自分の心を動かし,自分の心を動かし,自分の心を動かし,自分の心を動かし,自分の心を動かし,自分の心を動かし,多くの者を傷つけます.
シリア人はアメリカ,フランス,タルコニア人に"帰れ"と命じた.
シリアは8年続いた戦争で,シリアの難民を急増させることを国連総会で外務大臣のヴァリヴィオ・オルムレムが指示した.
ムールンは首相でもあり,シリアに外国軍の侵攻が違法であるため,厳格な承認を求めた.
会議員たちは,彼らを早く出て行かせた.
ムームは,シリアでの戦争が2011年に終わったと,約360,000人が殺害され,その後も多くの者が死亡したと指摘している.
"テレマシクスはシリアを滅ぼすまで戦いを続けるだろう. 敵が来たからだ"
国連のストークはシリアに2,000人の兵士を配置し,大統領ビハール・アル・アセヒに反抗する兵士を指導しています.
フランスには戦士1000人いる.
難民の観点から言えば,ムーレムは"今までの状況が良好だが,その中で最も恐れられるのは西洋だ"と指摘している.
"国際社会や国際機関との協議で,帰国させられた"
彼らは"この言葉は,国外で語られる"と言った.
ステークス・ユネスティックとEUは,シリアは,アシスとバグとの合意が終わるまで,反政府援助をしないと警告している.
国連は,ロシアとトルコの間の最近の協定の署名が政治的に有益であると主張している.
ロシアとトルコとの紛争が起きたとき,ロシアはシリア軍から逃亡した. シリアには約300万人の国民が住んでいます.
ムルームは,契約は,期限が定められ,オルクワタンとヌザーを消滅させる計画があったと指摘した.
国連は,新メンバーの集まりを,シリア政府や党派がすぐに結束すると期待している.
ムルームはシリア政府代表として委員会に参加し,事態を直すため,介入しないよう警告した.
カラムが2回目の選出に勝つにはどうすればいいのか?
選挙は2020年7月に行われなければ,クラムが確実に国家を獲得できる.
選挙は大統領に決まりだ
しかし,まだ,その人は彼を止めていない.
2014年以来,CNNとMSSNBの報告では,1,05万件の死亡が報告されています.
ニュースでは2百万視聴者,4千人の視聴者がいたが,4年前に1百万7千人の視聴者がいたが,ネルソンは今夜3百万5千人の視聴者がいたと語っている.
ナイルバー・エビシの演技師は"火は火で多くの者を燃やし,最高裁の6人後に最高知事を執政する"と言いました
笑話作家ネール・スクービルは ホリホリに足を踏み入れることは難しいことでもある.
2016年7月選出前,彼は自動車への出資を予期していた.
役人は言った".さあ,それを渡してあげなさい".
"何のことだ"と彼女は尋ねた.
スコボラは"が彼を騙した"と答えた.
災厄の時も喜びましょう
ウォー・ボトンが未来を予測する ウォー・ボトンが未来を予測する ウォー・ボーンが海外への移動を助け,家族を結びつけ,支え,経済的に成長させる.
逃げるのは難しいことであり,利己的な人だけができる.
専門家との議論が6時ほど続いた日,ウォットンはポール・ミニフォート・ドル15,000と硬貨の価値について語った.それと同時に,ダニエル・ライスがタムについて多くの批判をしてきたことが明らかになった.
スーパーメリオには私一人だけ戻らない
イルハウス・パーティの最高経営責任者兼ファン・スターの製作者,ブレンティ・モンティ・ゴメリー氏は,自分のやっていることを実感的に見せるためだと主張し,監督は恥ずかしがりで,ミーム・ジョン・アンを褒めて,NFLと喧嘩した.
捨てられず,捨てられず
この7週間でフィリースに到着したとき, クーウは80歳になりました. 彼はMNSBを監視していました.
彼には,この裁判で,ベレテコベノと対抗する余地はないが,将来,裁判で,彼は裁判官になるだろう.
彼 (フェリシュ) は言った".昔の行いは道義であったが,今後の行いは道義である".
愚かなものとは言えない.
エミゾジック・ライターと政治メディアの専門家が書いたのは,ジサンヒラリーです.
中間選出には資金が付与されます.
17 ペンシルベニアでは,多くのお金が来て,驚くことではないが,それは各州で考えなければならない.
再び訪れた市者の半分は,特別選挙が行われる場所だと伝えられた.
ラムは旧ペンシルベニアの12州を代表し,第17州を代表し,新選挙を強く支持する.
ペンシルベニアから返還された地図は,月初で合法的に持ち帰られ,他の人々の利益のためにも利用された.
第17回,人種差別運動は,オセッシとアンレスシの間で党の資金調達の争いとして行われた.
ペンシルベニアの選挙では18勝で勝利したため,レムは特に有名になった.
この地は,リバビリカンによって10年間支配され,ドナルドは20つの王国を征服した.
政治家たちは,首相を率いる
ユースが中国を支援するとしてエルサルベダを非難する
学者たちは,元の首都ベージングを,元の首都であるボトンのように見ていた.
2017年7月,カラムはパナマ大統領ジョン・カーロスと親密な関係を築き,パナマのレストランで,カラムが委員会を統括するまで過ごしました.
イイサベル・ベドラから,州当局は米国大統領再選を計画していることを,ヘッドヌイ・ルティが本月発表した. ドミニカ・ファーナマの健康報告によると,台湾は支配から解放されるだろう.
罰金は,IEAの資金提供者だけで適用され,米国援助によると,2017年の1400ドルで,薬物規制の進歩と経済的な貢献が認められている.
罰金や保険料の提供は,米国政府の中央に耐えられない.
韓国と中央アメリカが内務省会議を開催する際,安全保障,経済,そして過去数年の国連ステークスへの訪問を抑制する会議も中止された.
9月1日の中旬に,エウの罪悪感を無視して,最高知事は会議を組織するよう促した.
大統領もマイケーンズも会議を秘密に発表し,10月中旬に開催されると専門家が述べた.
秘密裏に3人のアメリカ人がイヤ・サルバドラ・パナマ・ドミニカに戻ったが,ワ・ボトンには警告はなかった.
3人のアメリカ幹部,つまり2人の同盟関係者が,議会内議を協議する義務を負ったものの,ホワイトヒューズは,その客のボルトンは,この論争について何も言わないと主張した.
口座は外部で関連しているため,同社の顧客であり,管理者とも関係している.
歴史は空いている
その後のこと,特にロバート・ミラーが『クラムの不正義』に関する報告書をまとめました,それは現在広く知られています.
ムラーは,この調査で,ロシアが選挙に反対する勢力の対立に 抵抗するかどうか,主張した.
議会が考えを変えたら,クラムが責任を取るか,選挙前に進むか,仲間を放出するか.
ががれたことは,自分の道德に欠けず,また自分の道德に欠けていないということではない.
危険にさらされているアトランティック海域を どれくらい残し,その危険を回避する方法を考えるのは私たち次第です.
1938年 ドイツの指導者たちはヒトラーに反発し,彼がチェコスロビックに戻らないと,彼を送るかもしれない.
犯人の殺戮の年から逃れるのは間違いでした
古代から,そうであったが,歴史上,そうであったことが明らかになった.
アメリカ人は,この状況に苦しんでいます.
クラム裁判官ロヒ・ロゼンチンが,ミュラーが捜査に参加した.
捜査中にロシンタインは深刻な問題に直面し,今度は大統領事務局の役員に不適切な声を投じました.
"今こそ良い時だ"とロシンティン
もし,この事件の裁判に,非保安が不正なとされていると,言い換えれば, 裁判に, 犯罪者がいたと, 裁判に, 裁判に, 裁判に, 裁判に, 裁判に, 裁判に, 裁判に, 裁判に, 裁判に, 裁判に, 裁判に, 裁判に, 裁判に, 裁判に, 裁判に, 裁判に, 裁判に, 裁判に, 裁判に, 裁判に, 裁判に, 裁判に, 裁判に, 裁判に, 裁判に, 裁判に, 裁判に, 裁判に, 裁判に, 裁判に, 裁判に, 裁判に, 裁判に, 裁判に, 裁判に, 裁判に, 裁判に, 裁判に, 裁判に, 裁判に, 裁判に, 裁判に, 裁判に, 裁判に, 裁判に, 裁判に, 裁判に, 裁判に, 裁判に, 裁判に, 裁判に, 裁判に, 裁判に, 裁判に, 裁判に, 裁判に, 裁判に, 裁判に, 裁判に, 裁判に, 裁判に, 裁判に, 裁判に, 裁判に, 裁判に, 裁判に, 裁判に, 裁判に, 裁判に, 裁判に, 裁判に, 裁判に, 裁判に, 裁判に, 裁判に, 裁判に, 裁判に, 裁判に, 裁判に, 裁判に, 裁判に, 裁判に, 裁判に,
議会に投票して,責任を負わせるのでしょうか.
もし失敗したら,民主主義は冬に倒れる.
私は,自分の経験から,自分の過ちを犯さないと,
私の母はユダヤ人で,ナチスが村を捕まえたとき,私はオズズィフスに連れて行かれた.
60年経った後 彼女は私のために 床を燃やして テーブルの椅子を送りました
これを見て,わたしから離れられないように,どうしてしっかりと立ち止まるか.
ブルキング大学の長者 ノーマン・エルサンは,ウォー・ボストンで,ゲスト・ディレクター・シーンを務め,最後の宮殿を書き,ヨーロッパで最悪で有名な犬を100年ほど嫌った.
ベニ戦争でレンジャー・ラーハムの先駆者
ランジャーが金曜日の天勝で,スペインと対等に勝った結果,Cリーグに終わったため,欧州大会に合格する.
ビラールと2対2の対戦まで足の損傷は,中手ドレンが参加できなかったが,ランジャーはその結果を記録に残し,励ましてくれるだろうと期待している.
優良な土地が手に入れたのに,ベリヤルは優良な土地に収まった
競技では,必ず勝てるように,必ず勝るように,
勝てるはずなのに,平らになるには,同じものがある.
彼らは前は,優しく戦っていたが,今では優しく戦っている.
週末はヨーロッパで最も楽しい夜です
争いは難しいです. 争いは難しいです. 争いは良いですが, 競争相手は,もっと良いのであり,
私は,これまで多くの痛みや痛みによって,多くの枝を折り,多くの傷を負ったが,今は癒されています.
育ったテントも良いので,子供たちは喜ぶ.
希望は,今,前進し,過去シーズンを後退して,成功できる"
少女たちは,器官の蓄積の痛みで眠れない.
暴徒たちは,自分たちの行いを好ましくなっていたが,その反発は兄弟たちに伝わった.
会議の半分は"自分の家族と近所の人たちとの間,長かったことを話している"と答えました.
両親に話すのはわずか10%です
ホリスンガー曰く,家族を養うには必要だが,彼らは死んでいるわけではない.彼は生命を危険にさらす政治家だ.
ここから始めましょう.
"妻や子供たちに言ってやるがいい. 定められた時間や計画が先行しなければ,家計を準備するな.
管理者は家族や教師に注意を払って,自分の負担を減らすようにしなさい.
財布の支払いを相談に相談に相談する
保険料の選択は可能です. 長期保険の保険の加入は可能です. 持っていたお金があれば,自分の資産をすべて自保することができます.
法律の文書を削除し,法律の兵士を呼べ
身体の健康を検査するために医師に相談してください. 言語的に話すことができない場合は,すぐに助けを請うことができます.
また,訴訟は金銭的権益を左右する.
信頼できる人を見つけ,その人のためにお金の管理者を任命し,もしお金が足りないなら,その費用を支払うようにしてください.
ほんの小さなことでも 忘れずに お前の両親が ガンで病院に行くと
医療や病気についての質問は答えられるでしょうか?
記入して,並べて
マルティン曰く "お金だけじゃなくて,ここでどんなものでもいいんだ"
治療法とは何か
犬が面倒を見る
計画がある
彼は,の矢を投げて,大砲を投げました.
夜になると彼は家を出ると,寝てしまった.
その人は,オスファスに住む40歳の男で,足がけで手首がけをしていました.
警官は"この発射は2時半だった"と報じた.
告発者は,彼に何の罪も立たない.
負傷は生命に危険はないが,警察は厳しく調査する.
ナイジェリアに地震と風が襲った
官僚によると,金曜日に,ネガディアで384人の死者が地震や風暴で死亡し,その数は増加する可能性がある.
報道によると,地震の発生に関する情報は不明になったが,当局者は7発-5発の地震の規模を記録した.
事故発生時に16000人ほどが避難所に入りました
とについて詳しく説明します.
パパはスライス海域の郡の首都であり,2017年の人口は379,800人であった.
地震と嵐が起きたとき,40人が宴会に集まったのです.
ダンダラは約300km (約180m) であり,スラライス湖の根部にある.
管理区では2017年の人口は299,200人.
ダンダラと関連する地域では,漁業と農業が生活の基本である.
鉱山も重要ですが,それは主にスライスのゴールド岩のモラリに位置しているためです.
ナイジェリアの災害管理局によると,100年前に,砂と岩に風や地震が起こった.
1938年の風暴で200人ほどが死亡し,数百頭の犬が死亡した.
南ラダの風暴で1996年7月9日死亡.
山は美しい根で,地震の危険性が高くなる.
嵐と地震が起こる.
2004年12月26日,南アジアに地震が襲い,14カ国で226,000人が死亡し,半分以上がアシックに居住.
2005年3月4日にスムタに地震が起こった.
スマタンヌーシ湖では数百人が死んでいた.
2006年,ユープはインドネシアで最も人口が多い都市であり,地震の規模は6〜8度の地震で,嵐により700人が死亡しました.
2009年,スムタの中心部で7発地震が発生した.
死亡者数は1,100人以上.
2010年,マントーンに7気強5度の地震が起きた.10メートルほどの風が12以上の村を破壊し,300人死亡.
2016年,エスジャヤに地震が起きたため,人々は2004年の災害を恐れており,
嵐は降らなかったが,建物が倒れ,100人以上が死亡しました.
2018年,南アジア観光地であるロムボク湖で地震が発生し,500人が死亡.
地震により数千の建物が破壊され,数千人の市民が倒れました.
サラパリの長男児は,国内暴力の関連で逮捕された.
アリス・大統領と副大統領選のテック・リン氏の長男が犯罪で逮捕された.
アラスカ州の情報筋によると,29歳のリン氏は国内暴力犯罪で逮捕された.
警官によると,同伴の女性は警察に報告しようとすると,電話を盗んだと訴えた.
ケチユウによると,パリンがミトスペティヤルに500ドルで拘束されたという.
星期日,裁判官が来ると,その人が彼を非難しなかった.
パリンには3つの小罪があり,その罪で1年懲役と25万ドルの罰金に処せられる.
犯人は,もしもしもしもし小さな罪で,一日の裁判にかけられ,罰金として,二千ドルを支払うなら,
パリンが犯罪を犯したのは初めてではない.
2017年7月,彼は父親のトークリンに対する反乱罪で有罪判決を受けた.
この事件は彼の母親サラリンが警察に訴えた.
裁判はアラスカ高等裁判所に起因する.
2016年1月,彼は内暴力の侵攻を控えたことで,関連薬物使用を疑われた.
弟が彼女を嫌がらせ,告発した.
2016年7月,息子の不倫がイラクから公開された後,彼女はゲアに犠牲になった.
南アジアでは,地震と風が激しくて,約100人が死にました.
土日,スーライスに地震が起こった.384人が死亡した.
震災の規模は7~5度の強さで,風が暴い,数千の家が破壊された.
電気と通信の接続が低下しているものの,今後数日間は改善が期待されています.
スルザシは,インドネシアの中心部ジャカルタから南西に位置する地震です.
暴力の悪さを明らかにした.
風が吹くとき,彼らは海の端に集まっていた百人いた.
裁判官はアンワイスに言った. "この人は死刑に処せられる.
ニューヨーク市で8人の殺害を遂げた抗議者は,セフロに死刑を言い渡し, 1953年以降,死刑は執行されていないと訴えた.
30歳のサイポップは,マンハッタン市の歩行者路で自分の棒を拾った. 10月,彼は歩行者や盗賊を散歩させました.
検察官は,死刑を免除するために,サイポップが西ニューヨーク州から来た8人の殺害を証言する必要がある.
裁判所の文書によると,両者は死刑に処せられる.
抗議運動の後,党はサイポップを22件の殺人罪で,8人の殺人者,そして他の8人の殺人者,すなわち暴動行為,機器破壊罪で起訴した.
裁判官は"反乱の際には,しっかりと計画し,しっかりと計画し,サイポスの行動を非難する"と訴えた.
明らかにセフロ・ヘビブルベックが悪霊を,香水,アンジェリーニ,ニコラス・クリップ・エンローディク,ブランナゲ,エリー・エルリッジ,ヘマン・フレッチ,ハマン・マンドリゴマン,穀物,エリジャン・ドラム,パグノコの家族や友人たちに偶像を仕掛けた.
5人の犯人はアルゼンチンからの観光客です.
南ニューヨーク州では死刑判決が10年経過したと主張.
毒販2人を殺した犯人は2009年9月に徒刑に処せられた.
ニューヨークでは 1953年に死刑が終結され,妻と夫のエトル・シン・ブルックとジュレサが戦争前2年ほど前,政治と戦争に関する報道をオビチュリアンに力づけた.
ロシン・バッグは1953年6月19日に電撃で殺された.
法律文書によると,ウズベキスタン出身のサイポップは,日月を断ち切った.
警官は言った",彼は自分のことを誇りに思っている.
報道によると,セープ・ポップは抗議の動機と機会を"メッセージ"を観た後に得たという.
検察官は,彼の病院にISS旗を運ぶよう指示した.
22節には,彼は"罪はない"と答えました.
デベック・ペトン氏はサイポップを支持し, "法律上の決定を両者とも断った"と述べた.
ペトンによると,罪のない罪で,刑務所で終身刑を執行しなければ,精神的苦痛を伴う.
サイポップの祖先の集団は死刑を控えることを主張した.
クロリアの代表は,ベルスティ条約にニガルフェレッジを入れることを要求した.
クラリー会議でニガルフェレージは反乱のために民衆から兵士になることを誓いました.
ユークブの知名司会はこう言った. "政治に関与する人は,熱を感じるべきだと, 炎の部下がユークの助言に賭けることを言う.
監視の裏にいるピーターボンは"もしフェルゲーがベルツィドの総書記だったら,イギリスを外に出すべきだ"と話す.
クロウスは,この火で苦しんでいるのを知り,ベルシテに反抗する.
ベルツィドとリマナー・デラ・イユの反発により,計画や活動がうまくいきませんでした.
エリスはどんなに苦しんだとしても,彼女は悪を判断し,バルサルのと一緒になって反抗する.
はを放って,鳥を観察する.
彼はフェレジに"いい相談をして バサルの相談を頼む"と言いました
言った",もしこの人は,今すぐ,あなたを追い出そうとするなら,
リンゴボロの議員は"私はベルツィッドに助けたいけど,誰も知らないわ"と話す.
彼は言った. "エーフの敵は,下から来ない.
法律を我が国で施行する
2016年の選挙で国民が反省したという事実をボンは否定した.イギリス人は反省して,自分たちが生きていくことを考えていた.
記者によると,クロイベーター・タイトリアは試合中だ.
チェクキーは公の名声ではない 党は投票しない 党は知名度が高い街で党を広め,勝利を収めるようにする
チェックを押して聞くのです
女性は火に招きを告げました. "もしこの言葉が聞かれなかったら,どんなに多くの役人が働いていくでしょう.
2016年の宣言に反して,政治家は暖かくなれ,とフェレージーは対抗を求めた.
"それは,人間と政治の忠誠を促すためだ"
彼らは,この世の生活を,悲しませようとしたが,わたしたちは,この世の生活を,悲しませようとしない.
彼は集会を広め,政治学を建設し,失望する人々を温めるようにしました.
軍勢を集めて,バババを征服した.しかし,自由を勝ち取った後,私たちは,自慢を絶する.
町から約2時間ほど前に,彼らはベアハムにやって来た.
今週,組織を組んで,反乱を鎮めるために,
会議が始まる後,彼らは会器や生活用品を扱うアンギスと警備員を笑いながら
メディアとコミュニケーションが不可欠だと主張し,国境を良くするために,アイルランドは国境なき貿易を継続するために,カナダ人は無力技術を必要としている.
は,何もなかった状態です.
また",黄金ののような良いものはありません.
ウォーランは大統領への貢献を図った.
11月の選挙の後,サン・エリザベス・ウォーランは大統領に参画を図った.
サムシュース・ドモクレットのゲストボストン・ゴロップは"日曜のサムシュース・ドモクレットは入れられる"と語る.
ドナルド・バラン大統領は,ジョピ・チャギュに11月に再選を申し出ないこと,また2016年のクラムスチュウティ選挙の席を継ぐことなど,批判した.
2020年7月には,彼女は優勝を期待している.
ホーリーキは36回目の大会で,勝利後,デザインの集まりを開催しました.
保険料を支払う人でも,保険料を支払う人でも,保険料を支払う人でも,保険料を支払う人でも,保険料を支払う人でも,保険料を支払う人でも,保険料を支払う人でも,保険料を支払う人でも,保険料を支払う人でも,保険料を支払う人でも,保険料を支払う人でも,保険料を支払う人でも,保険料を支払う人でも,保険料を支払う人でも,保険料を支払う人でも,保険料を支払う人でも,保険料を支払う人でも,保険料を支払う人でも,保険料を支払う人でも,保険料を支払う人でも,保険料を支払う人でも,保険料を支払う人でも,保険料を支払う人でも,保険料を支払う人でも,保険料を支払う人でも,保険料を支払う人でも,保険料を支払う人でも,保険料を支払う人でも,保険料を支払う人でも,
ウォーランは"今こそ女性がバトンへ行き,政権を改める時だ"と答えた.
逮捕して,彼を殺した.
バトンでは,LSEのサッカー選手のワイフを殺害したことで,木曜日に逮捕されたことを明らかにした.
ボトンロック警察官は20歳のタイタン・サムスンを午前11時逮捕すると発表した.
冬の日の放送は,映像の発見を促した.
金曜日の朝,20歳のサムが南部の首都で殺害されました.
警官長ムルフィーフール氏は,247試合の金曜日,ワイジムが頭上からカラトップを撃ち死んだと報道した.
ワイイヒは友人を助けるために行っていたときにイムサンが殺害された.
銃を持ったサムソンは,ワイイクが殺害されたことを恐れて,尋問を選抜した.
シンサンは東バトンロック警察署で無実拘禁された.
シンは6フィート6メートルで,バトン・バーに大きくなった彼は過去10試合で32試合を記録し,17分4分から5分6分,上から2分9分を記録した.
ラシアン・グレッド・プリグ:サビシャーン・ベッカールから王国を獲得した後,ルイス・ハミルトンは世界名声に登り
バルティロボッツはルイス・ハミルトンより前進した.マルス・スウィスは,チームが大きな試合に出るだろうと確信していた.
ボッツは先頭から良いスタートを出し,ハミルトンを2倍も退け,ベッタルは自分のチームを監督するよう呼び出しました.
ベタルはスタジアムに入り,慎重にハミルコンを車に駆けつけた.
マルシクスは行きましたが,ベタルは次いで,ハミルトンは先行しました.しかし,ファラリーの役人は,気が付いて,彼らを追い出しました.
メグ・ワースティペンは後線を走ったが,彼は7位に終わった.それは彼の21歳の誕生日にあった.
シャウは車で走り,第4のキミアコンネを倒すため,
彼は競技場に参戦して44回目で,力増強ができなかったため,レイコーンを倒し,第4位にランクインした.
陽と月は常にオーストリアの選手であり,数百万という人数で評価されています.
ハミルトンは"チームが1位や2位になるために,チームが違うことをした"と語る.
これは肉体的な変化です.
ドナルド・ローム大統領は,フェンスティンを裁判官に問わず,最高裁のクリスティン・バラセフフが木曜日に提出した"カバノウの強姦事件"を明らかにしなかった.
裁判官はエマに事件を告知せず,裁判の内容や 市民の不正を訴えた.
裁きの時に,必ず報われる.そう.もし主,自分自身と他人が,怒っていると,見たら,そう.
遣わされた者,見よ,迷っている者,見よ,彼らは迷っている.
私はそうではない.
テクノロジー
シンフィニティ あなたは失いました
彼女は"見なさい"と答えました. "あなたはその書物を失いました.
約束を叶えましょう
私は秘密を隠さなかった.
星を叩いて
裁判官に"わたしたちは,決して失われません.
7月に,カバノウが反発したことに就いて,彼はフィニシュタインに手紙を送った.フィニシュタインは9月に失われましたが,フィニシュタインは彼女の事務局から離れました.
博士がマイブ・フィンスタインに伝わってきて,私は委員会に報告した.
女性は私に,このことを誰にも言わないように命じた.
社長が木曜日に言ったように,彼女は断った. それは肉体的変化だった.
明らかにそうではないが,私はこれまで,身体の表現に比べ,
裁判官は,三人の女性が性的暴行を犯したと非難し,大統領によると,この制度は,単なる不道徳行為だと主張した.
必要な場合,権限を返却する.
メイクティは"彼らは,汚れた性格,人種が強いので,誰を誇りに思っているのか,権力や支配を気にしない"と告げた.
イライティ・ゲーム ダンディ・スターズ 5勝3 バルフェシックス・ジャイアント
パトリック・ドアはダンディと2ゴールした.
ダンディ・イストラスは金曜日にバルフェスティに負けたが,金曜日に再び試合で5-3で勝利した.
ジャイナッツはペティク・ドーアとフランス・ビュビュレイが2つのゴールで優勝した.
ダイアが勝利を収める前に,マイク・スリバンとジョーダン・コニーは基準を提起した.
ルックス・ルーン・ブレッドニールソンが勝利する前に,フランコ・ブ・チャイは7の等しい.
エドナキティスマンが3回目で試合に敗れたが,バルフィスティは金曜日に2対1で敗れた.
選手は4試合で勝利し,ジャイアントスは3勝した.
キングダー・マックフォールの支持で,ダイアリスは3つ星35分まで4位に並び,デブイ・ルダーフォイがボビラーに4つ星で勝利させた.
運が悪かったものの,マーティム・クウティが15-16に並ぶ前に,スリバンが13対10で帰宅した.
しかし,先は,ジヤが王権を握るため,その土地を譲るため,その土地を譲るため,その土地を譲るため,その土地を譲るため,その土地を譲るため,その土地を譲るため,その土地を譲るため,その土地を譲るため,その土地を譲るため,その土地を譲るため,その土地を譲るため,その土地を譲るため,その土地を譲るため,その土地を譲るため,その土地を譲るため,その土地を譲るため,その土地を譲るため,土地を譲るため,土地を譲るため,土地を譲るため,土地を譲るため,土地を譲るため,土地を譲るため,土地を譲るため,土地を譲るため,土地を譲るため,土地を譲るため,土地を譲るため,土地を譲るため,土地を譲るため,土地を譲るため,土地を譲るため,土地を譲るため,土地を譲るため,土地を譲るため,土地を譲る.
また,野原では,その子は再び野球で27勝37勝を記録した.
クイーンとチャーリーカーコンが勝利を収め,ネルソンに助けた.その後,彼はチームを退場させ,最終戦に5位に突入し勝利した.
ジュイティスは5試合で敗戦し,家に戻り,木曜日にミルトン・ケイニに試合を行う.
乗客100人以上を救出するために操縦士が死亡
ゲーラが英雄として評価するネチア航空管制官の航空は,数百人乗りの航空機を安全に地面に落とした.
初めの朝,シュラシに強い地震が起こった.風が吹いて,約800人の人々が死んだ.
その壁は,今なお取り壊され,市内でも残っています.
21歳のアントニオ・グナヴァン・アグは,同僚のガラを逃したが,彼は逃れず,空港で自分の仕事を担当していた.
飛行中の飛行機は6321機で,この飛行機を安定させようとしています.
彼は,直ぐに飛び降り,海面を飛ぶ海面を想像して,航海を控えた.
その後,彼は病院に入院しました.
アウステリアアベシオの報道によると,ヨナニシス・レッティは,この決定によって数百人の命を救ったと報告した.
ベリック・パン・カリーマンタンから,彼は大きな病院に運ばれるための小さな飛行機を用意した.
幼い子が先に行く前に,彼はすぐに生まれ変わりました.
聞かれたことは,心に響きました.
ドタガラ,シ,ビュトンが都市に侵入するのを禁じたことで,国の災害管理や管理が数千人に増加する可能性があることを懸念した.
副官のススノーポス・ノゴロホは言った".この人達は,多く,多く,多く,多く,多く,多く,多く,多く,多く,多く,多く,多く,多く,多く,多く,多く,多く,多く,多く,多く,多く,多く,多く,多く,多く,多く,多く,多く,多く,多く,多く,多く,多く,多く,多く,多く,多く,多く,多く,多く,多く,多く,多く,多く,多く,多く,多く,多く,多く,多く,多く,多く,多く,多く,多く,多く,多く,多く,多く,多く,多く,多く,多く,多く,多く,多く,多く,多く,多く,多く,多く,多く,多く,多く,多く,多く,多く,多く,多く,多く,多く,多く,多く,多く,多く,多く,多く,多く,多く,多く,多く,多く,多く,多く,多く,多く,多く,多く,多く,多く,多く,多く,多く,多く,多く,多く,多く,多く,多く,多く,多く,多く,多く,多く,多く,多く,多く,多く,多く,多く,多く,多く,多く,多く,多く,多く,多く,多く,多く,多く,多く,多く,多く,多く,多く,多く,多く,多く,多く,多く,多く,多く,多く,多く,多く,多く,多く,多く,多く,多く,多く,多く,多く,多く,多く,多く,多く,多く,多く,多く,多く,多く,多く,多く,多く,多く,多く,多く,多く,多く,多く,多く,多く,多く,多く,多く,多く,多く,多く,多く,多く,多く,多く,多く,多く,多く,多く,多く,多く,多く,多く,多く,多く,多く,多く,多く,多く,多く,多く,多く,多く,多く,多く,多く,多く,多く,多く,多く,多く,多く,多く,多く,多く,多く,多く,多く,多く,多く,多く,多く,多く,多く,多く,多く,多く,多く,多く,多く,多く,多く,多く,多く,多く,多く,多く,多く,多く,多く,多く
波は6メートルに達し,金曜の夜に火をつけます.
軍と商用航空機は支援や配備品を運ぶ.
スカイ新聞の35歳のライサクサマは"星ごとに病原体が鳴る"と語る.
水面は稀である.
市場では,売れていました.
ゲン・フェンビー氏はシニアのリスク担当者だと シネインに語った.
これは悲惨な状況であり,さらに悲惨な状況です.
韓国大統領ジョコ・イ・グーンが4月6日に到着し,国の軍隊に"安全のために,あなたは昼夜懸命に働かねばならない"と指示した.
準備ができていると,シーン・インが報告します.
のの町には大地震があり,大大地震で,約五百人の死者がいた.
マイコネシアの飛行機事故で1人が死亡
マイコネシアによると,飛行機事故で事故が発生した事故で,47人の乗客と乗組員が安全に到着したため,飛行は禁止された.
日曜の日の夜にナイガニが指示したように,船に乗った男たちを数えるように命じられた.
航海隊の長たちは"船長や病院の管理者と交渉を始めました"と記しました.
航海は,その人の国や年齢などについて,答えを聞かず,
チョークアイリンヒ空港で墜落する際に,飛行機は水に衝突し,地元の船員が乗客と乗組員を救助した.
警官によると,7人が病院に送られてきた.
航空局によると,6人が水曜日に入院し,全員が健康状態にある.
事故の原因や原因は不明である.
航空会社とユース船員によると,飛行機は完全に下降した.
航海者は,見ると"海面が崩れつつある"と
アメリカ人の航空担当者は,飛行機が墜落したと語った.
"これは素晴らしい"と ジェーンズは言いました
ジェーンズや他の飛行士は,先ほど,飛行機が墜落する前に,船から避難したという.
船員は,大騒ぎで泣き叫んでいた.船長は,少しずつ頭をぶつけてしまった.
航海者は言った. "他の航海者は,海を泳ぎながらも,救助や救助を拒んだ.
航空安全連合によると,近20年間で,PNGの空爆で111人が死亡している.ニューガンはその中に含まれていない.
捜査官によると,一晩間に1人の女性が焼かれ死去したそうです.
2014年7月,ミシシッピ州の女性を焼いた罪で,男性を裁判にかけました.
しかし,パウロは,ユースの公義の会場での議論に参加することを拒んだ.
犯罪者29歳のキング・クリースと彼の遺族19歳のジェスカモが亡くなった夜に行ってきた人は,電話で証拠を記録し,証言する.
ケリアン・レッジは,彼女の死夜,クレイスが部屋にいたという電話からデータを得たと報告した.
メールで,彼は部屋にいると,友人であるカルセンフォークと, 居たと,警察が尋問した.
サンフィニスは,平日の朝,パウロは市内でいなかったことを証明した.
クレイズは"この男はサンプギーの上で死んだのか?"と尋ねたところ,サンプギーは"嘘つきだ"と答えた.
偽りの話によると,彼女が死んだとき,彼は彼女の部屋を知っていた. 彼女は2週間だった.
電話の音声によると,彼らは一週間も経たないと認識されている.
ルーレット氏は,クレイルスが死後,チェムシャーとの手紙や電話番号を郵便から取り除いたと説明している.
ヘリは言った",彼は彼女を命から取り除いた.
星期日,私は 証拠を提出する
裁判官に告げたのは,裁判官の直前に裁判を起こすべきだとか.
熱いヒップホップとは何か?
ヒップホップは,情報を明瞭にするために,情報を編集し,悪意を消すことを目指しています.
初期のクリスタル氏は,ヒップホップは政治的・社会的問題として変化したものの,
古代の言語を語るとき,ヒッポ語は,声の称号となるでしょう.
富士などアーティストは,最近イギリスでアカラやルキのアーティストがやっていることを目撃しています.
また黒人
ニューヨーカーネイは人種差別を非難した
ニューヨークのナニー氏は,男性と女性を非難し,女性を黒人だと非難した.
を嫌うのではなく,金銭的強欲を嫌うのです
両親の母親であるリンス・クラオフェレスマン氏は, 2016年9月に初職で驚いたガセリー・モーリスの産児保育所について語る.
ペスコフェレスマンが彼女の夫に手紙を書いて書きました. "もう黒人ではない.
しかし,彼女は夫に2回送った.
ペスコはモルスを疑いとして,彼が知っているの欠陥を指摘し,ナニをアフリカ系アメリカ人よりも劣悪だと非難した.ニューヨークの文書によると,これはこうである.
そこで彼女は,ある日の仕事と契約を結び,帰宅した.
ダムコリスは高額損失のリスクも担っています.高額損失は6ヶ月間日給350ドルで,彼女は最初に賃金を借りて契約を破った.
言ってやるがいい. "そうしてはならない.わたしは,天照らした者を分からず,偏見する.
両親は,マイリスの女を人種差別的だと非難した女に反抗した.マイリスの女を排除するのは正当な理由であり,その責めには信用できない.
秘密裏に妻の妻にサインを送った.
彼女は人種を尊重するわけではありません
夫のジョルプスコは,私たちの種族を語らないと書いています.
親は,自分の子供たちを,自分の行動に導いてくれるかどうか,知らない.
あなたは新しい子供ですか?
言った
売るのに先月だった妻が産んだのはなぜか.
税務もそう行いなさい.
貯蔵庫の管理者は言った",そんなことはよくない.
裁判が進み,人々は夫と妻の行為をソーシャルメディアから取り上げることを主張した.
紙が示すように,この紙の読者は,熊の星を語るのではないかと恐れていた.
兄の娘のカレンジャイカは本が承認された後生まれました しかし,その本が出版される前に読んだら,私たちは彼の立場だったら,難しいでしょう.
パディントンが成功するという名声は,今しか知られていないが,驚くほど高い.
彼女の父親はかつてBBCの写真家であり,彼は今書に興味を持つ前に,自分の仕事で誇りを持っていたと彼女は言う.この本を出版して60年経ったとき,彼は彼の絵画を素晴らしいと称した.
彼女はパディングという名前で,彼女の家がないと,同じ家だったと,父親もとても喜んでいた.
"お父さんはいつも黙っててくれている"と彼女は言った.
パディングは,自分の存在を否定する,そして自分の子供たちが,自分の母親のように自慢している.
のはもっとよく見えます
業者と奉仕者は,その業を勤勉に行っているのに,喜ぶ.
娘が死にかけていると電話で祈りました
娘が到着した時,彼女はルイスペスター2の最高級病院に運ばれ,救急隊が到着したが,救命はできなかった.
エグネリー・レプロースはこう言った. "ネガスが電話して,悲しみを語っていた.だから,そんなこと,決して期待してはいけない.
雪は,もうすぐ死ぬだろうと思ったので,彼女は祈った.
私はそうしました.
"私はあなたに感謝しています.
私はすぐあなたのところに来る.
私はあなたと一緒にいる.
化学者は彼女に働き続けようとしたが,その方法はうまくいかなかった.
門は閉ざされたので,彼女は既に何度も死にかけていた.
断ったとしても,私は控えめなければならない.
私は兄弟たち,そして人々と共に,泣き叫ぶことも,泣き叫ぶこともなかった.
私は努力して生きています
エクナナ・レポラウスは,他の数人の乗客と共に船に乗り,悲しみや不安に包まれました.
彼女は"だれも知らない"と答えた.
その日,私は悲嘆し,涙を流しました.
航海に飛び乗った時,空が気をつけて,
彼は,好きで理解されるのを望みます.
私は彼が彼女をどれだけ愛しているか知っていました.
橋の女性には自殺防止の許可が与えられています
女性は,二人の喜びを味わえなくなる.
シャロン・デビスとケリー・フューマーは,ウェズマで情報を広めるために署名し,支援が必要な場合,モノ番号も提供しています.
デビスの息子は心臓病に罹患して13歳で18歳で自殺した.
"この子を苦しめるような苦しみを,だれも受けてはならない.
リジニャの村で45歳の女であるデベスもいる.息子を娘にあげてあげよう"と言った.
ゲラは彼の顔を見せてくれた
ゲラは"彼の指で部屋を焼いたんだ"と答えた.
しかし,彼は死前に,その仕事を放棄した.それは彼が不具合な状態に置かれたからです.
2014年7月11歳のタイラーは,弟が自殺した後,兄弟たちと一緒にいた.
"今,砂が強いので,私はそれを残すつもりだ"とテベスに言った.
友人でも,相手が何か話があることを知るために,彼は手紙を書いた.
汚れのないことを言わせなさい.
ルーフィーが約15年間,レビスと仲良く暮らしていたマルキが亡くなった後,フンフレーは仲良くなった.
彼女は"彼は悲しみと悲しみに満ち,悲しみに語られませんでした.
クリスマスが近づく前に 彼の考えが変わりました
守備節が近づいてきた頃,彼は子供たちが開いたまま,目を閉じて何も言わなかった.
彼女は言いました "彼はとても悲しんでいるので 家族は混乱している"
それは私たちを分断しました
だから,私たちは,これらのことを恐れずに耐えなければならない.
ラスゴムでは,無料サマリタンズ電話番号116123 (イギリス・アイルランド) を通して,またはメールでjo@samaritans.org を通してサマリタンズに連絡してください.
FBIの捜査官とブレット・ケバノウの未来
審議は期間限定で期間限定で 期間限定で 期間限定で 期間限定で 期間限定で 期間限定で 期間限定で 期間限定で 期間限定で 期間限定で 期間限定で 期間限定で 期間限定で 期間限定で 期間限定で 期間限定で 期間限定で 期間限定で 期間限定で 期間限定で 期間限定で 期間限定で 期間限定で 期間限定で 期間限定で 期間限定で 期間限定で 期間限定で 期間限定で 期間限定で 期間限定で 期間限定で 期間限定で 期間限定で 期間限定で 期間限定で 期間限定で 期間限定で 期間限定で 期間限定で 期間限定で 期間限定で 期間限定で 期間限定で 期間限定で 期間限定で 期間限定で 期間限定で 期間限定で 期間限定で 期間限定で 期間限定で 期間限定で 期間限定で 期間限定で 期間限定で 期間限定で 期間限定で 期間限定で 期間限定で 期間限定で 期間限定で 期間限定で 期間限定で 期間限定で 期間限定の1回合一回合一回合一回合一回合"と"と"と"と"と"と"と"と"と"と"と"と"と"と"と"と"と"と"と"と"と"と"と"と"と"と"と"と"と"と"と"と"と"と"と"と"と"と"と"と"と"と"と"と"と"と"と"と"と"と"と"と"と"と"と"と"と"と"と"と"と"と"と"と"と"と"と"と"と"と"と"と"と"と"と"と"と"と"と"と"と"と"と"と"と"と
カバノナや市民の報道はFBIの検察者を嫌う
断ったことも,その時が来るからです.
11月6日,半年の選挙が始まる. 国民が冗談を言うなら,その行為が大きく損なわれ,この国の最高裁が決まるような結果になる.
ジョージ・ダブ・ブッシュは裁判官に電話をかけて,彼はブッシュとWhithijsで働いていたケベヌに追放するよう指示した.その間,彼の妻アシュレーはブッシュの事務総長を務めていました.
エフィビアが報告した後に何かしたのでしょうか?
裁判所は51人の民主党議員と49人の民主党議員に所属している.
カバヌは法廷で50票も得られないが,来年の大統領,マイケペンスが平等で最高裁に立つ可能性が高い.
キング政権下では,北朝鮮に対する反乱勢力が減少した.
韓国では,北朝鮮の反体制派が,金剛の勝利後,減少したと,韓国政府の担当者によると,
パグビー・ザ・サンジ・ユナイテッド・ミントリーから得られた報告によると,2011年7月には2,706人の反政府派がいたし,127人が反政府派だった.
パグ氏は"北朝鮮や中国よりも,この国の貿易は高額に制限されている"と述べた.
は,人を気にせず,
抗争者は残り,多くの国民を南韓に奴隷にしました.
1953年,朝鮮戦争が終結した後,シリアは,北朝鮮が3万人を突発したと述べた.
中国と朝鮮の間には長距離の国境があり,両国間では高速道路が中国国を通過している.
中国によると,この訪問者は不法に来たのではなく,逃亡した.
南韓と北韓との戦いは技術的だが,今月は進んでいる.
この月,両首脳はポケットで会談し,技術戦争解決について話し合いました.
シンガポールではドナルド・ラット・アメリカ大統領と金正恩大統領との会談で,両者は,韓国が化学的国家になるという議論を進めています.
しかし,北朝鮮の外務省のリョーホはヤースの失敗を非難した.
ニューヨーク総会で,マウン氏は言った. "もし我々が,ユダヤに信頼と信頼と信頼と信頼がないなら,国家の安全保障は存在しない"
ナノペロスはバリテカバノウを呼び出し,彼に"この人たちを連れて行くべきではない"と訴えた.
小室長は最高裁候補のベリーティ・ケバヌを非難し,最高裁に任せるよう望んでいたが,能力がないと訴えた.
クレステの祭りであるアウステンでは,フェロスは"日曜日の命"を考案した.
(しかし) 女性は,このままに 貪欲なことを言う.ペロシスは,天曜日に会議に声をかけて言った.
カバネウスは,船長に海上から逃げるよう努めると,その手を差し伸べ,クリスティン・バラス・フーグは,両人は少年を隠していた.
カバノウイは,元々騒ぎが始まっていたので,家族や学校でかつて占い師だった人々について,非常に悲しく語りました.
彼は,ハラリー・クリントンが優秀だったのに,2016年の大統領選は,最後の選挙だったと批判した.
ペロスは,ケバヌウが最高裁に任せられないことを尊重した.それはモラグの多派を嫌ったからだ.
"この人は,自分のをクリントンと聖職者の後ろに追って,
議会議員たちの間では民主党が欠けているため,ペロスはカバノウに反発するかどうか,何も言わなかった.
議会やFebeusに対して,私は,この裁判にふさわしくないと思う.それなら,今裁判に任せよう.
カバノウはオスの裁判官で,法廷は
ポールスは"ケベヌスは,警官の長者.
聴衆の間で,コベノウは最高裁判所の判決を改正すべきだと主張した.
ポール・ポールは"私欲する時も,公平に判断する時も,ない.それでは不思議ではありません.
女性は権力を使わなければならない.
彼女は長年,月々,怒りを抱き,真理を偽りなく,泣き叫ぶ.
45年後のアステス・セム氏は"怒って泣くのは
知らない人じゃないの?
"彼女は言った"私は彼女に親しい友だちだ" "彼女は怒って泣いたのに,彼女は新しい方法を習い,怒って泣くようになった. 彼女は,自分の友人に言う"真実"を悲しませる"と思った.
私は怒りました
女性は,その部屋から立ち去りました.
私は自分の頭で,賢明だと思いました.
涙を流す彼らの本性,耳の変容が突然起こる.
私は,奴隷の部屋の弱さに耐えられず,泣きながら,老婦たちの服従を受け,恐れながら,管理者の手に引き寄せられた.
女性は"お前を泣くのを 見ないように"と言った.
怒っているのは彼らの怒りのせいです.
悲しみから始められたことを聞いて,あなたは喜びます.
プテシア・シコンドゥーナ・コロラの女優は,ガリー・ハーツと大統領のために働いていました.
1987年,ハーティは多婚者として逮捕され,シコダーは,政治に欠陥があること,あるいは,政治に欠陥があることなど何もないこと,しかし,現在,政治に欠陥があることなど,認められていない.
彼女は30年の経験から私に言いました "これは考えずにした決断ではない"
さて,昔から七人がいたので,もう一人必要ありません.
"スノーウィットとセベンダーウィット"と聞くと
広告の終わりから彼女は最初の募金に専念し,彼女の募金2億ドルまで貯めていない限り,レースに参加しないことを約束した.
勝負の競争を始めました
彼女の始まりは,彼女の支持者の何人かに男性に1,000ドルを与えた人の女性には250ドルしか与えられないと予想していた.
彼女は驚いて言いました "私が低価格だったと思うか?"
公の発言や公の発言をやめようとした際には,市民の支持や制度による資金不足に悩まされていた.
シンセラは"私の骨が折れるだろう"と 噂のなかで彼女に訴えている.
クリーニスは私の会社支援者のように見える.
墓に何を置くか,私は考えます.
彼女は泣きながら言った.
アメリカと中国の戦争が北京に有利だった
専門家によると,米国と中国が今貿易戦争をするのは,将来北京にとって有益なものだ.
ドナルド・ラット大統領は今年初めから太陽光発電,鉄,砂糖業者に課税を課した.
さらに重要なことは,中国から米国への貿易が1週間で200ドル (150ユーロ) の損失をもたらしたことです.
バジングは,米国からの輸入品に60億ドルで5%~10%の税金を削減した.
中国は米国に対等に成長すると約束し,世界第2位の経済を落としている.
中国大統領 チンギョンピクによると,減額は供給を損なうものだとし,市民が意図的に米国に暴力を振るうのは,大統領にとって不快だとしている.
専門家によると,北京がうまく連携すれば,米国貿易軍は中国に支援を可能とするだろうが,両国は両国の経済に関わらないだろう.
アビゲルはアジア・アメリカ・ニュー・アメリカに専念する研究者である. 彼は,ワゴンと北京の経済危機が原因であることを,すでに知っている人にとって,最も重要なことだと主張した.
シリアの逃亡隊が来るのを待ち構えていると
シリアは,その国の民を,その国に戻らせ,その国の荒廃を七年間回復させる.
海外大臣のウォルヴィム・ムームは国連総会で"この国の状況は改善している"と語った.
良くなってきて,反逆者が聖潔になったことを感謝します.
政府が反政府勢力によって市民を国内に放出し,再建する.
逆らった時代には,逃亡者が来ても,その逆らいは,現世の生活を脅かす.
2011年7月,シリアが戦争を開始した際,国連によると,シリアの5人以上が逃亡した.
国民支援が必要とされる国の人口は600万人.
オルムラームは,シリア政府がシリアの幸福を回復できると期待している.
しかし,聖書は",助けを合わさなければ,助けを合わさなければ,助けを合わさなければ,助けを合わさなければ,いい"とあります.
パリではヨーロッパが自国の旗を叩いている.
2018年,フランス・ライザック・カップで,ヨーロッパ代表は16勝5,10勝5,5敗で敗戦した.
ヨーロッパは6回ほど敗戦し,1993年以来,ヨーロッパは自国の勝利を収めていない.
勝利は14点5点で,アメリカを倒した. ダンニッシュ・トーマス監督は,ヨーロッパを常に統一した.
フィルム・クラッサンは,有名なユダヤ語,スポーツ好きで,3試合でFPS16Kでプレーする.
イタリアのゴルフ選手は,ゴルフ選手として5-0-0で,1979年から1対4で優勝.
ヨーロッパの最年少選手のマザー・ジョーンズは,アメリカ選手ジョーダン・スピッドを5対4で倒した.
世界一の声優の選手であるドースティン・ジョンソン氏は,英国のプロポーター・プルトに2対1で敗戦した.
レイ・タイコン8の選手として,スペイン人ゲルギオ・ガラスシアは,常々25ユーロと5ユーロを担当していた.
心配するな.今,できない.
厳しい年でした.
トマスは,わたしを選んでくれたので,私は喜んでいます.
私は,もう勝ったので,喜んで,
ヨーロッパの勝利を収めた後,興奮したガラス氏は"これはチームでの失敗でも,私が成し遂げたことを誇りに思う.
金曜の個人試合では 2対1で,彼は自分の選手に電球を注ぎ込んだ.
23歳のラハムは"私はクライガール・アウトスに勝つことを信じられなかった 勇気を持って彼の試合を見ていた"と語る.
ユッツはフランスで4試合中でも敗戦し,生涯のドラック比率も13-21-3だった.
14試合目で,ニークルワスは勝利を収めたが,選手は常に優秀な選手の統計を記録している.
偉大なランナーであるパトリック・ジャスティン・トーマスとクロニ・フェヌエッジが,日月を常に努力し,アメリカチームに参戦した.
競馬は不順だったにもかかわらず,私は彼らの努力に誇りを持っている"とチームに語った.
午前中はヨーロッパで 熱い料理をしていました
私たちは岩を集めました.
トーマスにこんにちは.
彼は良い裁判官です.
彼の12人の選手が優しくプレーした.
再びチームを作り,アメリカPGEと我々のRadarCab委員会のために働くことを志願的に続けます.
私はその12人の中でも,その中でも,長者としての誇りを持っていました.
叔母さんをよく守って
追い出されました.
帯・帯・帯・帯・帯・帯・帯・帯・帯・帯・帯・帯・帯・帯・帯・帯・帯・帯・帯・帯・帯・帯・帯・帯・帯・帯・帯・帯・帯・帯・帯・帯・帯・帯・帯・帯・帯・帯・帯・帯・帯・帯・帯・帯・帯・帯・帯・帯・帯・帯・帯・帯・帯・帯・帯・帯・帯・帯・帯・帯・帯・帯・帯・帯・帯・帯・帯・帯・帯・帯・帯・帯・帯・帯・帯・帯・帯・帯・帯・帯・帯・帯・帯・帯・帯・帯・帯・帯・帯・帯・帯・帯・帯・帯・帯・帯・帯・帯・帯・帯・帯・帯・帯・帯・帯・帯・帯・帯・帯・帯・帯・帯・帯・帯・帯・帯・帯・帯・帯・帯・帯・帯・帯・帯・帯・帯・帯・帯・帯・帯・帯・帯・帯・帯・帯・帯・帯・帯・帯・帯・帯・帯・帯・帯・帯・帯・帯・帯・帯・帯・帯・帯・帯・
ローラディアフィッシュとワイルドライフ協会の最新報告によると,一般的なタマのメカニズムに沿って,レジスタマイズが減少していることが見られます.
AFPによると,ピニールス,マンティ,サーソット,チャルロティ,コルリアバレーなどでは白色の状態が報告されており,その割合は低下している.
ノルダンでは,ピナールス・ラブ海域が 130キロに及ぶ,そしてスウェーデンまで,部族のレチオニアが広がっている.
ヒンボークの海岸から10マイル離れた海域には,白色の地図が見られるが,前週ほどはほとんど見られない.
パコでは,レッドタイヤも見られます.
極海岸の国はピネイルスが数週間前に報告された.極極の国はヒ・ハーボーグ,極の国はマント,極の国はサラソタ,極の国はロティ,極の国は,極の国は,極の国は.
ピネイルス,マンティ,サラスティ,銅からコリアなどの国で呼吸障害が報告され続けている.
ノースウェストフロリダでは数週間前に呼吸障害が報告されていない.
