Rechtspopulisten triumphieren in Österreich, haben insgesamt 29 Prozent
Die ersten vorläufigen Ergebnisse der Vorwahlen in Österreich haben zu einer spürbaren Schwächung beider Parteien in der gegenwärtigen großen Koalition und einem deutlichen Schub für die rechtspopulistischen Parteien geführt.
Die Österreichische Volkspartei (ÖVP), in der die Position des jetzigen Chefs Wilhelm Molterer stark erschüttert wird, erlitt besonders große Verluste.
Umgekehrt bereitet der Wahlkampfleiter der Allianz für die Zukunft Österreichs (BZÖ), Kärntner Landeshauptmann Jörg Haider, eine triumphale Rückkehr in die nationale Politik vor.
Nach vorläufigen Ergebnissen bleibt die Sozialdemokratische Partei (SPÖ) mit 29,8 Prozent der Stimmen die stärkste im Land, hat aber seit den letzten Wahlen 2006 5,5 Prozent der Stimmen verloren.
ÖVP, die mit ihren 25,6 Prozent fast neun Prozent der Stimmen verliert, ging es noch schlechter.
Dies sind die schlimmsten Ergebnisse beider großen Parteien in der österreichischen Nachkriegsgeschichte, und vor allem für die Volkspartei, die die Vorwahlen gefordert hat, ist dies buchstäblich ein katastrophales Ergebnis.
Anfang Juli, als die ÖVP die Koalition verließ, hatte die Volkspartei in den Umfragen noch eine bedeutende Führung auf SPÖ.
Die Wähler bestraften sie jedoch offensichtlich dafür, dass sie die Regierung ausflüchten ließen.
In den ersten Reaktionen auf die Ergebnisse gab es bereits Spekulationen über den möglichen Rücktritt des Parteichefs und aktuellen Vizekanzlers Wilhelm Molterer.
Beobachter gehen davon aus, dass dies bereits auf dem außerordentlichen Treffen der Parteiführung am Montag stattfinden könnte.
Eine solche Entwicklung würde sicherlich den Weg zum zunehmend wahrscheinlichsten Rückgriff auf die Wahlergebnisse, d.h. die Erneuerung der großen Koalition von SPÖ und ÖVP, vereinfachen.
Angesichts der Stärkung der beiden rechtspopulistischen Parteien - die Freiheitspartei (FPÖ) gewann zunächst 18 Prozent und die BZÖ elf Prozent der Stimmen - äußerten die Sozialdemokraten gleichzeitig Angst vor einer Wiederholung des Jahres 1999, als die Volkspartei mit den Populisten einigte (die FPÖ war damals noch vereint, 2005 brach sie von der BZÖ ab) auf eine gemeinsame Regierung, die schließlich Sanktionen aus der Europäischen Union provozierte.
Haider, der bereits angekündigt hat, dass er bereit ist, mit jeder Partei zusammenzuarbeiten und davon ausgeht, dass er nach Wien in die nationale Politik zurückkehren wird, setzt offensichtlich auf diese Entwicklung.
Die Grüne Partei kam auch ins Parlament, erlitt aber einen leichten Verlust und fiel von Platz drei auf Platz fünf unter den österreichischen politischen Parteien.
Offensichtlich überschritt keine der anderen Parteien die vier Prozent-Marke und kam ins Parlament.
Schwarzenberg: Beziehungen zu Indien könnten sich verschlechtern
Laut Außenminister Karel Schwarzenberg könnte eine gewisse Verschlechterung der tschechisch-indischen Beziehungen eintreten, wenn es nicht möglich wäre, das Problem der in Indien mit der illegalen Sammlung von Käfern angeklagten tschechischen Wissenschaftler zu lösen.
Nach dem heutigen Treffen mit seinem indischen Amtskollegen Pranab Mukherjee gab der Minister diese Erklärung in New York ab.
"Wenn es nicht gelöst ist, dann ja, dann würde eine gewisse Verschlechterung stattfinden", sagt er nach dem Treffen, das von tschechischer Seite initiiert wurde.
Nach den Verhandlungen sagte Mukherjee, dass es für die Exekutive schwierig sei, in gerichtliche Angelegenheiten einzugreifen.
Dennoch sagte er, dass im Fall von Petr Švácha, der von den Anklagen befreit und mit einer Geldstrafe bestraft wurde, die Zentralregierung mit der lokalen Regierung in Darjeeling verhandeln könne, unter deren Zuständigkeit die Angelegenheit gehört.
"Sein Problem könnte gelöst werden", sagte der Minister.
Laut Mukherjee wäre es am besten, wenn Emil Kučera, der zu drei Jahren Gefängnis verurteilt wurde, an höhere Behörden appellieren würde.
Er kann dann beantragen, auf Kaution freigelassen zu werden und auf das Urteil außerhalb des Gefängnisses zu warten, erklärte er.
Schwarzenberg bestätigte, dass sein Partner dies auch während der Verhandlungen gesagt habe.
"Er empfiehlt, an ein höheres Gericht zu appellieren, dann wäre es möglich, ihn zu begnadigen", sagte der Chef der tschechischen Diplomatie.
Der einzige Weg, wie sich die tschechische Seite in die ganze Angelegenheit einmischen kann, ist, die verurteilten Personen mit "zuständiger rechtlicher Unterstützung" zu versorgen, sagte der indische Minister.
Gleichzeitig sagte er, dass die indische Seite sie bereits mit Hilfe dieser Art versorgt.
"Es liegt in unserem größten Interesse, die besten Beziehungen zu Indien aufrechtzuerhalten, die eine lange Tradition haben.
Das erkennen auch die Indianer an", sagte Schwarzenberg.
Gleichzeitig betonte er, wie er der tschechischen Presseagentur sagte, vor seinem Partner, dass die Tschechische Republik dem Problem der tschechischen Entomologen große Bedeutung beigemessen habe.
"Wir halten die Verhaftung und Anklage dieser tschechischen Wissenschaftler wirklich für einen schweren Fehler", erklärte er.
Der Minister vermied es, die Frage zu beantworten, ob er ein Versprechen von der indischen Seite erhalten hatte, die Angelegenheit weiterzuverfolgen.
Er sagte lediglich: "Ich habe bereits einige Versprechungen erhalten."
Tschechische Schiedsrichter kämpfen um den Meeresboden
Er geht auf die elektronische Wandkarte zu, die Australien und die umliegenden Meeresgebiete zeigt.
Er interessiert sich jedoch nicht für den Kontinent, sondern für einen kleinen Punkt, der im Blau des Ozeans verloren geht.
"Diese Insel und damit der Ozeanboden, der sie umgibt, gehört zu Australien.
Gleichzeitig ist das Gebiet so groß wie der Kontinent selbst", sagt der italienische Anwalt Luigi Santosuosso, der zum dreißigköpfigen Mitarbeiterteam der UN-Abteilung für Ozeanangelegenheiten und Seerecht gehört.
Sein Chef, der Abteilungsleiter, der tschechische Anwalt Václav Mikulka, folgt dem, was er sagt, und fügt gelegentlich etwas hinzu.
Zest und Begeisterung für die Arbeit dominieren hier.
Der Meeresboden schützt eine bisher wenig bekannte Welt, die reich an natürlichen Ressourcen ist.
Es ist möglich, Öl, Erze und andere Mineralien zu finden, aber auch bisher unbekannte lebende Organismen, die beispielsweise den Schlüssel zur Entwicklung einer Krebskur halten.
Ein Stockwerk größer als der Kontinent
Die Küstenländer haben heute begonnen, vehement um das neue Unterwassergebiet zu konkurrieren.
Das heißt, nach einem UN-Abkommen nutzen sie die Rechte, auf die sie 1982 in Montego Bay, Jamaika, einigten.
Dies ist vor allem das Gebiet des sogenannten Kontinentalschelfs, das oft bis zu mehreren hundert Kilometer von der Küste des jeweiligen Landes entfernt liegt.
Dem Abkommen zufolge hat dieses Land das ausschließliche Recht auf alle Ressourcen des Festlandsockels.
"Das Festlandsockel wird einfach als der Teil des Meeresbodens betrachtet, der die natürliche Fortsetzung des Kontinents unter dem Meer und seinem Substrat ist.
Es reichte über den Rand des Küstenmeeres hinaus, oft sogar jenseits des Randes von den zweihundert Seemeilen von der sogenannten ausschließlichen Wirtschaftszone", erklärt Mikulka.
Der Antrag, den das betreffende Land der Kommission über die Grenzen des Festlandsockels vorlegt, muss durch wissenschaftliche und technische Unterlagen gestützt werden, die auf zahlreichen kostspieligen Erhebungen und Messungen beruhen.
Sie ist das Ergebnis jahrelanger Vorarbeiten.
"Eine unserer Aufgaben ist es, der Kommission rechtliche und fachliche Unterstützung zu gewähren.
Die Kommission hat bisher fünf Anträge aus Russland, Brasilien, Australien, Irland und Neuseeland diskutiert.
Nur die letzten drei dieser Länder waren bisher erfolgreich", fügt Mikulka hinzu.
Vor kurzem wurde der Erfolg Australiens, das als erster seine Unterwasserdomäne erweitert hat, weltweit registriert.
Aber Neuseeland gewann auch - die Fläche des Meeresbodens, die die Kommission ihm eingeräumt hat, ist etwa 1,6 Millionen Quadratkilometer, das ist etwa sechsmal größer als die Größe des Landes selbst.
Beide Länder investierten Millionen Dollar in die Vermessung.
Der Gewinn, der sich aus der Nutzung des Meeresbodens in der Zukunft ergeben wird, wird, so hoffen sie, unbezahlbar sein.
Auch andere Länder werden ihre Anträge nach und nach einreichen.
Sie haben bis zu zehn Jahre von dem Zeitpunkt an, an dem sie das "Montego Bay-Abkommen" ratifiziert haben, um dies zu tun.
Wo der Kontinentalschelf endet, beginnt die durch das Abkommen als "gemeinsames Erbe der Menschheit" bezeichnete Fläche des Meeresbodens.
Hier hat kein Land mehr eine exklusive Position.
Bergbaurechte in diesem Bereich werden durch die Vereinbarung der internationalen Institution gewährt.
"Aber der Meeresboden ist kein Klondike", sagt Regisseur Mikulka übertrieben und fügt hinzu, dass seine "einzelnen Bereiche rechtlich klar abgegrenzt sind und ihr Regime in Verträgen verankert ist".
Tschechen im Pazifik
Ein Teil des Meeresbodens gehört zur Tschechischen Republik.
Es teilt es mit anderen Ländern aus dem ehemaligen Ostblock als Teil der gemeinsamen Organisation "Interoceanmetal".
Mit Zustimmung dieser Organisation, wie die Investoren von mehreren kleinen anderen Ländern, gewann den Status der sogenannten "Pionier-Investor" im Jahr 1991.
Es ist berechtigt, in der ClarionClipperton Zone im Pazifischen Ozean, die zwischen Mexiko, Hawaii und Kiribati liegt, zu bergen.
Das vom Investor untersuchte Gebiet ist etwas größer als die ehemalige Tschechoslowakei.
Der Meeresboden dort ist zerklüftet, es ist eine Art Unterwassermodell des Tatra-Gebirges.
"Es ist möglich, dort auf einer Gesamtfläche von 75.000 Quadratkilometern zu bergen.
Das Gebiet ist ein reichhaltiger Ort für die Sammlung von Polymetallkonkreten, die Nickel, Kupfer, Kobalt und Mangan enthalten", sagt ein anderer Anwalt, Pakshi Rajan aus Indien.
Der mazedonische Anwalt aus der Abteilung, Rober Sandev, bringt eine solche Konkretion zu demonstrieren.
Es sieht aus wie eine kleine Kartoffel oder, mit ein wenig Fantasie, das mythische Shem, das laut Legende den Golem zum Leben erweckte.
Deutsche Spezialeinheiten bei der Geiselrettung anwesend
Bei der Lösung der Geiselkrise hatte die ägyptische Regierung um Hilfe von Deutschland gebeten, das die Experten einsandte.
Als der Druck einsetzte, waren die Spezialeinheiten bereit, aber ihre Dienste waren am Ende nicht erforderlich.
Immer mehr Details tauchen auf über die Umstände der Befreiung der elf in Ägypten entführten europäischen Touristen.
Nach Angaben der Bundesverteidigungs- und Innenministerien nahmen deutsche Spezialkräfte indirekt an der Rettungsmission teil.
Spezialisten der Bundeswehr und Angehörige der Bundespolizei (Bpol) und ihrer Sondereinheiten GSG 9 und Air Guard waren bei der Rettung anwesend, sagten Sprecher der Ministerien am Montagabend, sowie Mitglieder des Bundeskriminalamtes (BKA) und Logistikexperten der Agentur für Technische Hilfe (THW).
Die deutschen Truppen waren jedoch nicht erforderlich, sagten sie, weil die Geiselnehmer ihre Geiseln verließen und flohen, als sie erfuhren, dass die Geiseln mit Gewalt befreit werden sollten.
Die ägyptische Regierung hatte die von Deutschland angebotene Hilfe akzeptiert, um sich während der Operation auf die deutschen Truppen zu verlassen.
"Zum Glück ist es dazu nicht gekommen", sagte ein Sprecher des Bundesinnenministeriums.
Die Reisegruppe bestehend aus fünf Deutschen, fünf Italienern, einer rumänischen Frau und ihren acht ägyptischen Begleitern war am 19. September im Süden Ägyptens überfallen und entführt worden.
Nach ihrer Entführung in einer Wüstenregion im Süden Ägyptens waren die Geiseln in der Grenzregion zwischen Ägypten, Libyen, Sudan und Tschad hin und her getragen worden.
Bis heute ist die Identität der Entführer unbekannt, ebenso wie Details zur Rettung oder zu möglichen Lösegeldern.
Die ehemaligen Geiseln sind inzwischen sicher und gesund in Kairo angekommen.
Außenminister Steinmeier sagte, sie seien der deutschen Botschaft anvertraut worden.
Er kommentierte die Details der Rettung nicht.
In Berlin wurden keine unmittelbaren Informationen über ihre Rückkehr nach Deutschland gegeben.
Laut Bild sollen die fünf Touristen und die Spezialeinheiten an Bord eines Airbus der Deutschen Luftwaffe kommen, der am Dienstag in Deutschland ankommen soll.
US-Repräsentantenhaus lehnt Auslauf ab
Das 700 Milliarden Dollar schwere Rettungspaket für die Finanzmärkte scheiterte knapp in der ersten der beiden Kammern des US-Kongresses.
Der Dow Jones nahm ein Nasen-Tauchen.
Mit 227 gegen 206 Stimmen lehnte das US-Repräsentantenhaus das Rettungspaket der Regierung für die Finanzmärkte ab.
Trotz aller Appelle von Präsident George W. Bush und führenden Beamten beider Parteien wurde keine Mehrheit für das Programm erreicht, das das Chaos an den Finanzmärkten eindämmen sollte.
In einer dramatischen Kampagne hatten Anhänger verzweifelt versucht, die Kritiker von den Vorzügen des 700-Milliarden-Dollar-Plans zu überzeugen.
Barney Frank, einer der wichtigsten demokratischen Unterhändler, hatte Vertreter um Zustimmung gebeten, obwohl es ein unbeliebter Plan war.
"Es ist schwer, politische Zustimmung für die Prävention von etwas zu bekommen, das noch nicht passiert ist", räumte er ein.
Während die Abstimmung noch im Gange war, sah der Dow Jones einen Rückgang von mehr als sechs Prozent, oder 600 Punkte.
Sie wurde durch die Sorgen der Investoren verursacht, dass die Rettungsaktion der Regierung scheitern könnte.
Es erholte sich kurz vor Ende der Abstimmung, nur um einen weiteren Nasensprung zu machen, als die Ablehnung veröffentlicht wurde.
Experten erwarten nun weitere starke Turbulenzen an den internationalen Finanzmärkten.
Für die Umsetzung des Plans ist die Zustimmung sowohl des Repräsentantenhauses als auch des Senats erforderlich.
Reisebüros melden Zunahme der Buchungen
Es wird ein guter Winter für deutsche Reisebüros, offensichtlich:
Laut Umfrage ist der Umsatz der Buchungen für die kommenden Monate gegenüber dem Vorjahr deutlich gestiegen – für die Wintersaison sogar um bis zu 30 Prozent.
Trotz der Aussichten auf eine schwache Wirtschaft bleibt die Reiselust der Deutschen unberührt, heißt es in einer Umfrage.
Bei Buchungen in der Wintersaison verzeichneten die Reisebüros einen Umsatzanstieg von 31 Prozent gegenüber dem Vorjahreszeitraum, berichtete der Deutsche Reiseverband (DRV) am Montag in Berlin.
Nach Angaben des Marktforschungsunternehmens GfK ist auch in den Herbstmonaten ein Anstieg der Buchungen zu verzeichnen.
Reisebüros hatten einen Umsatzanstieg von etwa elf Prozent für Oktober gegenüber 2007, die DRV sagte.
Die Ergebnisse basieren auf den Zahlen der GfK, die monatlich die Buchungsdaten von 1200 deutschen Reisebüros verarbeitet und damit Projektionen für den gesamten Markt erstellt.
Inbegriffen sind Reisebuchungen bis August 2008.
Aufgrund eines schwachen Dollars, vor allem Reisen in die Vereinigten Staaten waren in der Nachfrage, sagte der DRV.
In diesem Bereich seien die Buchungen um etwa ein Drittel gestiegen, hieß es.
Abgesehen davon wies sie auf Spanien, die Türkei und Griechenland hin, die sowohl bei Deutschen als auch inländischen Regionen beliebt sind.
Besonders gefragt seien All-Inclusive-Reisen, sagte DRV-Präsident Klaus Laepple.
Angesichts der steigenden Energie- und Lebensmittelpreise waren ihre Kosten für die Kunden "berechenbarer als für individuell organisierte Ferien", sagte Laepple.
Verbraucher könnten Geld sparen durch Frühbucher-oder All-Inclusive-Rabatt, unter anderem, Laepple sagte.
Da die Sommermonate auch sehr gut gebucht seien, gäbe es einen weiteren Umsatzanstieg gegenüber dem Vorjahr, sagte er - obwohl eine andere Umfrage berichtet, dass die Zahl der reisenden Deutschen im Vergleich zum Vorjahr gesunken sei.
Mein erstes Mal auf dem Oktoberfest
Spring-Break- und Après-Ski-Style Hits im Repeat-Modus, Bier von 1-Liter-Bechern und Prominenten in Designer Dirndln.
Ein Wiesn-Debut.
Eigentlich haben Susanne Kronzucker und ich nicht viel gemeinsam.
Sie ist blond, eine Fernsehmoderatorin und trägt einen maßgeschneiderten Dirndl.
Ich habe dunkle Haare, bin Student, und mein Kleid ist aus zweiter Hand.
Aber es gibt eine Sache, die uns verbindet: Wir sind seit knapp drei Minuten im Wiesn, und schon drängen sich die Fotografen um uns herum und snapshooting weg, füllen ihre Speicherkarten - sehr schmeichelhaft, und es ist mein erster Besuch in der Wiesn, zu booten.
So freundet man sich an.
Der billige Dirndl scheint seine Arbeit zu tun.
Für einen Wiesn-Touristen, der normalerweise nördlich des `Weisswurstäquators' liegt, hatte dieses bequeme Gefühl, traditionelles bayerisches Gewand zu tragen, bis heute viel zu wünschen übrig gelassen.
Aber wenn ich einmal in Theresienwiese angekommen bin, ist es nicht so schlimm wie all das.
Fast jeder trägt Dirndl oder Lederhosn; niemand sieht angewidert oder verlegen aus - das ist alles völlig normal.
Nur meine Dirndl Schürze zog seltsame Blicke auf den Schokoladen-Bananen-Verkäufer.
Eine Münchnerin machte mich darauf aufmerksam, dass ich die Schürze falsch gebunden hatte: `Verfügbar links, Jungfrau in der Mitte, rechts engagiert, hinten verwitwet'.
Furtiverweise ziehe ich meine Schürze von hinten nach links.
"Sie sieht richtig aus", sagt sie und lacht.
Andere sind weniger mit subtilen Flirt-Techniken beschäftigt und tragen einfache Filzmützen, die sagen, `Too betrunken, um sich anzuziehen' und, ohne Aufforderung, zeigen Menschen ihre nackten dahinter.
Der junge Mann mit der exhibitionistischen Haltung heißt Bob, ist aus England, und es ist auch sein erstes Mal auf dem Oktoberfest.
Er findet es `gorgeous', mit einem langgestreckten `ooooo'.
Das erzählt er mir gleich, nachdem er sich von der "Maß" befreit hat, die er zuvor hatte.
Direkt neben einem dieser Feuerstöpsel, dass jeder Fehler für Mülldeponien.
Bob ist also einer dieser berüchtigten Wildbiesler.
Andere haben nicht das Glück, den Alkohol auf diese Weise zu verlieren.
Um acht Uhr nachts schwärmen viele Sanitäter den Ort und kümmern sich um die armen Drogendealer.
Die Sanitäter erscheinen immer in Packungen - es gibt immer vier auf einmal, die eine überdachte Trage von Zelt zu Zelt tragen.
Es funktioniert wie bei den meisten Wiesn-Besuchern: Wenn es leer ist, gehen sie raus, und wenn es voll ist, kommen sie zurück.
Du siehst nicht, wer in den BAC-Särgen ist.
"Es sind die, die nicht mehr ertragen können", rief einer der Sanitäter, als ich ihn danach fragte und in der Menge verschwand.
Unfallopfer von der Polizei benannt
Eine 63-jährige Fußgängerin, die im Krankenhaus starb, nachdem sie von einem Fahrzeug in Essex getroffen wurde, wurde benannt.
Carole Paulson, von Chelmsford Road in Brentwood, war an dem Unfall am Freitagnachmittag auf der Shenfield Road in der Stadt beteiligt.
Sie wurde ins Queen's Hospital in Romford gebracht, starb aber später.
Nach dem Unfall wurde ein 51-jähriger Mann wegen Verdachts auf sorgloses Fahren verhaftet.
Seither ist er auf Kaution freigelassen worden.
Erweiterung des diplomatischen Horizonts der Türkei
Lange bevor die Türkei der Europäischen Union beitreten wollte, waren die europäischen Mächte bestrebt, tief in das Hinterland der Türkei einzudringen.
Auf der Ostseite des Bosporus, vielleicht nur 20 Schritte nach Asien, steht eines der schönsten Relikte dieses gescheiterten imperialen Ehrgeizes.
Der Bahnhof Hydarpasha wurde von den beiden deutschen Architekten Otto Ritter und Helmut Conu im Neo-Renaissance-Stil entworfen.
Das ist zumindest das, was die Reiseführer Ihnen sagen.
Das Gebäude sitzt am Ende der Bahnsteige mit einem Turm an jeder seiner vorderen Ecken auf der Suche nach der ganzen Welt wie einige provinziale deutsche Rathaus.
Der Stein ist schmutzig.
Das ganze Gebäude ist leicht zerfallen.
Aber einmal innerhalb des gewölbten Ticket-Büros, gibt es keinen Zweifel an der Größe des Unternehmens, von dem dies das westlichste Tor war.
Der Bahnhof wurde im August 1908 von einem deutschen Konsortium, der Anatolien-Baghdad Corporation, eröffnet.
Deutschland, ein Nachzügler des imperialen Spiels, beabsichtigte, seine Ambitionen zu verwirklichen, den Nahen Osten mit dieser Eisenbahn nach Damaskus, Bagdad und darüber hinaus in das zu dominieren, was heute Saudi-Arabien ist.
Aber die imperialen Ambitionen Deutschlands sind während des Ersten Weltkriegs gescheitert.
Seine Eisenbahngleise wurden von Lawrence von Arabien und seinen arabischen Unregelmässigen angegriffen.
Die relative Isolation von seiner umgebenden Region, hervorgerufen durch die gefrorenen Grenzen des Kalten Krieges, ist verschwunden.
Briten und Herrschaftstruppen zogen aus Ägypten und stießen die Türken und ihre deutschen Verbündeten aus Palästina und Syrien.
Und es gab auch schlechte Nachrichten für die Hyderpasha-Station.
1917 sprengte ein Munitionszug sein ausgeklügeltes Dach in die Luft.
Türkische Quellen sagen, es war Sabotage.
Seitdem hat es sich langsam verformt, weitgehend von der Geschichte umgangen.
Aber heute dient dieses Eisenbahntor nach Anatolien und allen Punkten nach Osten - zumindest symbolisch - dazu, die sich erweiternden diplomatischen Horizonte der Türkei hervorzuheben.
Die regierende Partei für Gerechtigkeit und Entwicklung - die AKP - hat eine ganz neue Außenpolitik für das Land geschaffen.
Die relative Isolation von seiner umgebenden Region, hervorgerufen durch die gefrorenen Grenzen des Kalten Krieges, ist verschwunden.
Jetzt gibt es eine neue Politik des Engagements.
Bemerkenswerterweise unterhält die türkische Regierung gute Beziehungen zu Israel und Syrien, zu den palästinensischen Fraktionen der Hamas und der Fatah, zu Irak und Iran und natürlich zur Europäischen Union und zu den Vereinigten Staaten.
Um die Parameter dieser neuen Außenpolitik abzuschätzen, bin ich in die türkische Hauptstadt Ankara eingestiegen, um einen der führenden außenpolitischen Experten der AKP, den türkischen Abgeordneten Suat Kiniklioglu, zu besuchen.
Am nächsten Morgen - etwa zehneinhalb Stunden später - nach einem Ruck auf den Spuren, die die alten Weltkadenzen des berühmten Dokumentarfilms The Night Mail produzierten, kam ich in der türkischen Hauptstadt an - schlug als neue Stadt für einen neuen säkularen Staat vor, um der osmanischen Vergangenheit den Rücken zu kehren.
Aber die AKP mit ihren bekannten islamistischen Wurzeln stellt einen Paradigmenwechsel im türkischen Konsens dar.
Es hat im Westen, vor allem in Washington, einen gewissen Verdacht ausgelöst.
Ein Taxi brachte mich zum Hauptsitz der AKP, einer hochmodernen Stein- und Stahlkonstruktion - speziell gebaut - in einem sich entwickelnden Vorort, umgeben von halb gebauten Einkaufszentren und Power-Patiseries, wo sich mittlere Manager in Business-Anzügen - Männer und Frauen - trafen, um frühmorgens Deals zu machen.
Suat Kiniklioglu hätte ein Mitte-Rechts-Politiker aus fast jeder anderen politischen Partei in Europa sein können.
Anzug, Krawatte, ich bin sicher, er hat sogar eine Blackberry gepackt.
"Ziel der Außenpolitik der Partei ist es nun, die Türkei wieder in ihre unmittelbare Nachbarschaft zu integrieren.
Der Kalte Krieg war eine Anomalie", sagte er mir.
Die Türkei war von ihrem Hinterland abgeschnitten.
Heute musste es gleichzeitig nach Osten und Westen schauen.
Es war kein Fall von dem einen oder anderen.
Es musste beides tun.
"Aber sicher irgendwann", fragte ich, "könnte die Türkei gezwungen werden, sich zu entscheiden?"
"Die Türkei", sagte er, "wollte sich dieser Wahl nicht stellen müssen."
Er betonte dann einen Punkt, den fast jeder, mit dem ich hier gesprochen habe, fast von Rot rezitiert hat: Die Beziehungen der Türkei nicht nur zum Nahen Osten, sondern zum Kaukasus und rund um das Schwarze Meer sind ebenso zum Nutzen Europas und der Vereinigten Staaten wie zur Türkei.
Mit der Türkei an Bord scheint die Botschaft zu sein, dass Europa als Ganzes metaphorisch die Bahnlinien nach Osten nach Asien und dem Nahen Osten fahren kann.
Zurück am Bahnhof Hydarpasha, nach einer weiteren weitgehend schlaflosen Nacht, dachte ich an die beiden deutschen Herren Herr Ritter und Herr Conu, die dieses Gebäude vor 100 Jahren gebaut hatten.
Wie überrascht sie gewesen wären, dass die europäischen Ziele im Nahen Osten jetzt, zum großen Teil, in den Händen der Türkei liegen könnten.
Und als ich am Terminal auf die Fähre wartete, um mich zurück über den Bosporus zu bringen, erinnerte ich mich daran, dass in jenen Tagen die Türkei immer "der kranke Mann Europas" genannt wurde.
Dann schien es zumindest nicht viel Zweifel darüber zu geben, welcher Kontinent dieses faszinierende Land in Anspruch nehmen sollte.
Leben erinnert: Vernon Handley und William Woodruff
Mark Brown schreibt: Wie Guildford's musikalischer Leiter von 1962, Vernon "Tod" Handley (Nachruf, 11. September) hatte die Verantwortung für die Guildford Philharmonic Orchestra and Choir.
Im Rahmen seines Musikprogramms für den Bezirk gründete er im nächsten Jahr seinen wunderbaren Jugendchor Proteus.
Es sollte für unter 21 sein, aber als der Proteus 1979 sein Finale sang, waren einige von uns in den späten 20ern - wir weigerten uns einfach, den Chor aufzugeben.
Der Name "Proteus" (der mythologische Gestaltwandler) stellte die Bereitschaft und Fähigkeit des Chors dar, jede ihm vorgestellte Musik, ob Madrigal oder Messiaen, unbegleitet oder mit vollem Orchester anzugehen.
Die musikalische Vielseitigkeit, die ein solcher Jugendchor hervorbrachte, war oft erstaunlich, immer spannend, und alles lag an der Inspiration dieses einen Mannes und der Begeisterung für die Musik, die im Laufe der Jahre absolut konstant blieb.
Wie oft hat Tod uns gesagt, dass "die Musik für sich selbst sprechen soll".
Er sagte: "Der Komponist weiß, was er will.
Es ist alles da in der Musik.
Also singe es!"
Seine Schlagstocktechnik war absolut klar und präzise, wenn auch nie diktatorisch, noch florid.
Was auch immer der musikalische Standard ist, er hat ihn immer noch höher erhoben.
John Frayn Turner schreibt:
Wenn ein Dirigent hätte zum Ritter geschlagen werden sollen, dann Vernon Handley.
Ich kannte ihn gut in den zwei Jahrzehnten, in denen er von 1962 bis 1982 das Guildford Philharmonic dirigierte.
In den letzten 40 Jahren habe ich mehr als 100 seiner Konzerte überprüft und kann ehrlich sagen, dass ich nie von einem einzigen enttäuscht wurde - und viele Male von ihnen inspiriert wurde.
Tod Handley hatte diese seltene Kombination aus Größe und persönlicher Bescheidenheit.
Er hasste Dirigenten, die mit seinen Worten einfach "ein oder zwei bekannte Kriegspferde auf der ganzen Welt" fälschten.
Er wird von so vielen von uns vermisst werden.
William Woodruff
Professor John Beckett schreibt:
In Ihrem Nachruf auf William Woodruff (25. September) heißt es: "1946 nahm er die Wirtschaftsgeschichte in Oxford wieder auf und wurde 1950 Houblon-Norman Research Fellow... während er gleichzeitig für einen BSc, einen MA und einen PhD studierte".
Dies folgt aus Woodruff's Autor Notiz in Beyond Nab End, aber es ist nicht richtig.
Von 1946 bis 1953 war er Lehrbeauftragter für Wirtschaftsgeschichte an der University of Nottingham.
Er verbrachte 1950-51 in den USA auf einem Houblon-Norman-Stipendium, und den Sommer 1952 an den Universitäten von Illinois, Harvard und New York.
1953 verließ er Nottingham endgültig für Illinois.
Warum Woodruff sich dafür entschied, diesen Teil seiner Karriere zu beschönigen, ist unbekannt.
J. Vincent Resino an der Philosophischen Fakultät
"Ich empfehle die Ausstellung von José Vicente Resino "Flamenco y vida", weil seine schwarz-weißen Fotografien im dokumentarischen Stil außergewöhnlich sind.
Die Fotos zogen meine Aufmerksamkeit wegen ihrer Einfachheit und Kraft, die übertragen, immer die Themen mit besonderer Aufmerksamkeit behandeln.
Eine Ausstellung, die tiefe Gefühle hervorbringt.
Resino ist in der Lage, magische Momente einzufangen."
Zweiter Angriff für Hondas Super-Selling
Im November nächsten Jahres startet Honda das Marketing der zweiten Jazz-Modellgeneration.
Wenn das Vorgängermodell bereits durch hohe Bewohnbarkeit gekennzeichnet war, hat dieser neue Minivan einen breiteren Innenraum.
Darüber hinaus ist es mit einer feinen Mechanik ausgestattet, die den Fahrkomfort erhöht und ermöglicht, Kraftstoff zu sparen.
Evolution statt Revolution.
Das ist Honda Jazz' zweite Generation.
Während der neue Jazz ästhetisch wie das Vorgängermodell aussieht, sind Änderungen am Minivan zahlreich.
Unter anderem ist es erwähnenswert, sein innovatives Design, neue Plattform, größere Größe und ziemlich neue Mechanik.
Wie auch immer, bevor wir das neue Modell analysieren, kann es nützlich sein, darauf hinzuweisen, dass dieser neue Jazz erst sechs Jahre nach dem Eintritt der ersten Generation kommt.
Daher sollte eine erste Beobachtung berücksichtigen, dass Honda hat dieses Modell schneller erneuert als die anderen Unternehmen in der Regel tun.
Auch wenn das Jazz-Modell in Europa weniger bekannt ist als in anderen Märkten, bleibt es ein Verkaufsphänomen.
Dies ist der Fall in Japan, wo Jazz 2002 und auch 2008 der meistverkaufte Wagen war.
Gerade dort wurden fast eine Million Jazz-Einheiten von der Markteinführung des Modells verkauft.
Der zweite Markt war der Alte Kontinent, mit etwa einer halben Million Einheiten in sechs Jahren verkauft.
Trotz dieser Zahlen, Honda glaubt, dass dieser neue Jazz noch mehr seinen Umsatz im Segment zu erhöhen.
Also, wenn im Jahr 2007 die japanische Firma insgesamt 83.000 Einheiten dieses Modells verkauft, im Jahr 2009 schätzt es, dass es rund 100.000 Autos. Dies sieht eine mögliche Steigerung des Umsatzes von 17 % nur auf dem europäischen Markt.
In Bezug auf den spanischen Markt hat Honda seit 2002 insgesamt 8.000 Einheiten Jazz verkauft, was 6,7% des Gesamtumsatzes für das Unternehmen in Spanien entspricht.
Mit dem Kommen der neuen Generation rechnen die Verantwortlichen für das Unternehmen in Spanien damit, innerhalb eines Jahres rund 2.000 Einheiten Jazz zu verkaufen.
Die Ankunft des neuen Honda Jazz wird es wahrscheinlich möglich machen, indem die Senkung der Verkäufe in Spanien zu einem großen Teil.
Tatsächlich erwarten die Verantwortlichen für die Marke mit insgesamt 22.000 verkauften Einheiten bis zum Jahresende, das sind 4.000 Einheiten weniger als 2007, mit einem Rückgang von 16%.
Trotz des Anstiegs der Verkäufe, Honda hat auch seinen Marktanteil in Spanien erhöht und erreichte die 1,8 %, im Vergleich zum letzten Jahr 1,6 %.
Gleichzeitig rechnet das japanische Unternehmen damit, die 2% im Jahr 2010 zu erreichen.
Um dies zu erreichen, Honda ist zuversichtlich, in einem anderen neuen Modell seiner.
Das ist Insight, ein fünftüriger Hybrid-Kompaktwagen mit einer Länge von 4,37 Metern. Das japanische Unternehmen hofft, innerhalb eines Jahres rund 200.000 Einheiten dieses Modells weltweit zu verkaufen.
Nach Schätzungen der Märkte und der japanischen Hersteller werden die 50 % des Verkaufs von Insight aus den Vereinigten Staaten stammen, während die restlichen 50 % sowohl vom alten Kontinent als auch von Japan stammen werden.
Die kommerzielle Einführung von Insight ist für Anfang nächsten Jahres geplant, kurz nach der Vorstellung des Modells im Unternehmen im Januar in Valenza.
Im Vergleich zur ersten Generation ist der neue Jazz in seiner Gesamtheit gewachsen.
Es erreicht jetzt 3,90 Meter Länge (fünf Zentimeter mehr), 1,69 Meter Breite (zwei Zentimeter mehr) und seine Interaxle 2,50 Meter, mit einem Zuwachs von fünf Zentimetern.
Seine 1.52 Meter hohe, noch, blieb unverändert.
Zusammen mit der Größe nahm der bewohnbare Innenraum im Raum zu.
Dieser Vorteil resultiert vor allem aus der neuen Plattform, und zweitens aus der Einführung des Tanks an zentraler Stelle, eine Lösung, die bereits im vorherigen Jazz angenommen wurde.
Darüber hinaus steigt das Fassungsvermögen des Kofferraums - ein doppeltes Grundvolumen - auf 399 Liter, ein 19 Liter größeres Fassungsvermögen gegenüber der ersten Generation.
Zu beachten ist, dass dies die Maßnahmen des Honda Jazz 1.4 ist, während die Kofferraumkapazität im Modell 1.2 nur 379 Liter beträgt.
Andere Verbesserungen - neben externen Elementen, wie der hinteren Führung oder der Möglichkeit, das Panoramaglas zu montieren - betreffen den verbesserten Zugang zu Rücksitzen.
Türen, die den Zugang zu Rücksitzen ermöglichen, jetzt mit einem Winkel von 80 Grad geöffnet, im Vergleich zu 67 Grad im ersten Modell.
Darüber hinaus sind alle Motoren ziemlich neu in dieser zweiten Generation von Autos.
Zum Zeitpunkt der Vermarktung wird dieses kleine Modell mit einem Benzinmotor von 1,2 oder 1,4 Litern geliefert.
Beide mechanischen Systeme umfassen die i-VTEC-Technologie, die einen geringeren Kraftstoffverbrauch ermöglicht, weniger Kohlendioxid-Emissionen produziert, die mechanischen Verfeinerungen optimiert und gleichzeitig in allen Phasen einen hochdrehmomentigen Motor hält.
Die 1,2-Liter-Version erreicht eine Leistung von 90 PS bei 6000 U/min bei einem maximalen Drehmoment von 114 Nm. bei 4900 U/min.
Der Antrieb, der im bisherigen Jazz die 78 PS erreichte, benötigt nur 5,3 Liter Kraftstoff und produziert rund 125 Gramm CO2-Emissionen.
Im Vergleich zum Vorgängerantrieb, der im Modell der ersten Generation 83 PS verwendete, kann der neue 100 PS nutzen.
Der 1,4 Jazz mit 100 PS erreicht eine Kombination aus 5,4 Liter Kraftstoff und 128 Gramm CO2-Ausstoß.
Ein 'Bienenauto' zur Vermeidung von Kollisionen
Bei der Entwicklung der Technologien zur Verhütung von Unfällen wurde Nissan diesmal von der Natur und vor allem von Bienen inspiriert.
Die japanische Firma hat einen Roboter geschaffen, der den Bienenflug nachahmt und Unfälle vermeiden kann.
Dies ist der Biomimetic Car Robot Drive oder BR23C, der erste Schritt, um Technologien zur Vermeidung von Kollisionen zu projizieren.
Die Ingenieure des Advanced Technical Centre der Nissan Motor Co. haben diesen kleinen Roboter in Zusammenarbeit mit dem Centre for Scientific Research and Technology der renommierten Universität Tokio in Japan entwickelt.
Laut Kazuhiro Doi, General Director Public Relations for the Technology, Research and Development of Brand Management, ist der BR23C eine Erweiterung des Security Shield der vier von Nissan produzierten Bereiche.
Dieser Roboter soll die Fähigkeit verbessern, Kollisionen in den Fahrzeugen des Unternehmens zu verhindern.
Während des Fluges schafft jede Biene ihren eigenen ovalen persönlichen Raum, der dem von Nissan entwickelten Schutzschild sehr ähnlich ist.
Aber das wichtigste Element besteht aus den zusammengesetzten Augen der Biene, die mit einem zusätzlichen Winkel von 300 Grad in alle Richtungen sehen können, so dass das Insekt ohne Unterbrechung in seinem persönlichen Raum fliegen kann.
Um diese visuellen Funktionen nachzubilden, entwickelten Ingenieure, was sie einen Laser-Locator (Laser Range Finder) definierten.
Dieser Mechanismus erkennt Hindernisse innerhalb von 2 Metern und einen Radius von bis zu 180 Grad vor dem BR23C, berechnet den Abstand zum Objekt und sendet ein Signal an den Mikroprozessor an Bord, das die Kollision sofort verhindert.
"Wenn ein Hindernis erkannt wird, imitiert der kleine Roboter die Bewegungen der Biene und ändert sofort die Richtung, indem er die Räder in einem rechten oder breiteren Winkel dreht, um den Zusammenstoß zu vermeiden.
Der offensichtlichste Unterschied zu jedem bestehenden System ist seine ausweichende Wirkung, die völlig instinktiv ist.
"Wenn es nicht so wäre, könnte der Roboter nicht schnell genug reagieren, um Hindernisse zu vermeiden", erklärt Toshiyuki Andoh, Direktor des Laboratory of Mobility und Chefingenieur dieses Projekts.
Im Gegensatz zu einer Biene kann der Roboter weder nach oben noch nach unten oder sogar diagonal abweichen. Er kann sich nur in zwei Dimensionen bewegen und in die Richtung, in die sich seine Räder drehen können.
Aus diesem Grund hat Nissan zusätzlich zu den Beschleunigungs- und Verzögerungsfunktionen eine Rotationsfunktion verwendet, um dem kleinen Roboter Kollisionen zu vermeiden.
"Dieses Gerät muss nur alle paar Sekunden neue Informationen verarbeiten und aus diesen Daten handeln.
Es ist nicht erforderlich, Informationen zu speichern oder die intuitive Logik der vorherigen Manöver zu verwenden. Aus diesem Grund kann es ohne Unterbrechung nur von ein paar Dutzend KB Speicher geliefert gehen.
Das mag überraschen, aber wir sprechen nicht von Gigabyte oder Mega-Speicher."
Dies ist der erste Schritt zur Entwicklung neuer Technologien zur Vermeidung von Kollisionen, eine Technologie Nissan Hoffnungen in Autos als Standard-Feature innerhalb von zehn Jahren eingeführt werden.
Der Roboter verwendet Lithium-Polymer-Batterien, die leichter und langlebiger sind als die Lithium-Ionen-Typologie.
Eine zusätzliche Anwendung in einer möglichen Zukunft könnte die Integration dieser Technologie mit dem GPS-Satelliten-Navigator sein, um den Fahrer an ein bestimmtes Ziel zu bringen und Hindernisse entlang des Weges zu vermeiden.
Schaudern Sie vor der Beantragung eines Darlehens
Wir müssen erkennen, dass das Finanzministerium der Vereinigten Staaten, das recht gute Kapitale besitzt, um zu handeln, sicherlich nicht an Talent mangelt.
Mit der Krise konfrontiert und zu verhindern, dass die Amerikaner mit Müllkrediten von Banken unter Zweifeln der Insolvenz betrogen werden, schuf ein lustiges und pädagogisches Spiel für Internet-Nutzer. Dies ist "Bad Credit Hotel".
Mit anderen Worten, das "Hotel der schlechten Credits"... oder die Probleme.
Der düstere Aspekt dieses Hotels und insbesondere seiner Empfangsdame zielt darauf ab, die Menschen dazu zu bewegen, nicht nur einmal, sondern zweimal oder sogar dreimal zu denken, bevor sie einen Kredit beantragen.
Und vor allem, sehr sorgfältig darüber nachzudenken, wo die Bewerbung für sie. Dies ist wahrscheinlich das Spiel primäres Ziel.
Sicherlich liefert dieses System mehrere nützliche Informationen, bietet aber nur wenige Details.
Es ist viel mehr eine Webseite für Jugendliche als eine Website für die breite Öffentlichkeit.
Was passiert, wenn Sie das Spiel abschließen?
Nun, ein Traumzimmer erscheint im Hotel.
Es ist immer noch etwas, weil es darum geht, ein Haus zu kaufen... besser, es zu verlassen.
Morgan Stanley öffnete seine Hauptstadt für MUFG
Morgan Stanley hat seinen Eintritt in die Tischrunde der Mitsubishi UFJ Financial Group (MUFG), der ersten Bank Japans, angekündigt, die neun Milliarden Dollar ausgeben wird, um 21 % ihres Kapitals zu erhalten, Nachrichten, die durch einen starken Rückgang der Aktienkurse empfangen wurden.
Eine Woche nach der Enthüllung einer vorläufigen Vereinbarung haben die beiden Banken erklärt, dass MUFG 9,9% der Morgan Stanley Aktien zu einem Preis von 25,25 Dollar kaufen würde, insgesamt drei Milliarden Dollar.
Der Verkaufspreis beträgt am 31. August weniger als 19% des Werts der Wertpapiere.
MUFG wird zusätzlich sechs Milliarden Dollar in den Erwerb von Wandeltiteln investieren, die eine gesicherte Rendite von 10% und einen Wandlungspreis von 31,25 Dollar bieten.
Morgan Stanley bestätigte, dass die Gesamtoperation auf einem durchschnittlichen Stückpreis von 29 Dollar oder 28 % über dem aktuellen Preis basieren würde.
Jedoch verloren Morgan Stanley Aktien 6.79% unten auf 23.07 Dollar um 17:00 GMT.
"Diese strategische Allianz stellt eine wichtige Gelegenheit dar, den Übergang von Morgan Stanley in den Status einer Holdingbank zu beschleunigen", sagte John Mack, CEO der amerikanischen Gruppe.
Morgan Stanley hat diesen neuen Status letzte Woche angenommen, der es ihm ermöglichen sollte, seine Aktivitäten zu diversifizieren, aber es muss die Autorität der Federal Reserve durchlaufen.
Seine Allianz mit MUFG bestätigt auch, dass die aktuelle Finanzkrise die größten Namen an der Wall Street gezwungen hat, eine viel vorsichtigere Haltung einzunehmen als zuvor.
Die am Montag vorgestellten Modalitäten zeigen, dass das Abkommen in den letzten Tagen geändert wurde: am vorherigen Montag hatte Morgan gerade angekündigt, dass es bis zu 20% seiner Aktien an die Japaner für etwa 8,5 Milliarden Dollar verkaufen würde.
"Vor einer Woche, erklärte Toshihide Mizuno, Executive Director von MUFG in Tokio", dachten wir, dass die Teilnahme vollständig aus Stammaktien bestehen würde.
Aber angesichts der aktuellen Lage der Wirtschaft und des Marktes hofften wir, die Risiken zu minimieren und unseren Rücken zu schützen."
Basierend auf dem gewichteten Durchschnittspreis wird MUFG für seine Morgan Stanley Wertpapiere 7% unter ihrem Buchwert bezahlen.
Und die Transaktion wird zu einer Verwässerung von rund 20% Ergebnis pro Aktie führen.
Die Vereinbarung sieht vor, dass MUFG jährlich die Hälfte seiner bevorzugten Wertpapiere in Stammaktien umwandeln kann, wenn diese mehr als 50% über dem Wandlungspreis gehandelt haben, etwa $ 47 für einen bestimmten Zeitraum.
Morgan Stanley versichert, dass das von MUFG bereitgestellte Kapital es ihm ermöglichen wird, Investitionsmöglichkeiten zu nutzen, seine Bilanz zu stärken und seine Liquidität zu erhöhen.
Ein Sprecher der Gruppe weigerte sich jedoch, Einzelheiten über die strategischen Projekte der beiden neuen Verbündeten zu nennen.
Nach der Investition von MUFG prognostiziert Morgan Stanley eine Kernkapitalquote von rund 15%, einer der besten in der Branche.
Morgan sagte, dass er seine Bilanz seit Ende August "deutlich" reduziert habe.
In den letzten Wochen war es für die Gruppe schwierig, die Hälfte ihres Aktienkurses wegzuschmelzen, während die Versicherungskosten gegen das Ausfallrisiko auf ihre Schulden stiegen.
Diese Kosten reduzierten sich am Montag, blieben aber auf einem neuen hohen Niveau, etwa 12%.
Letzte Woche, Goldman Sachs, die einzige andere überlebende große Investmentbank an der Wall Street nach dem Bankrott von Bear Stearns und Lehman Brothers und Merrill Lynch Erwerb, gab bekannt, es hatte $ 15 Milliarden erhöht, teilweise von Berkshire Hathaway, die Gruppe von Warren Buffett.
Rafael Correa am Montag in Quito.
Wiederaufbau um die Republik des Sozialismus des 21. Jahrhunderts.
Dies ist das gemeinsame Projekt des venezolanischen Hugo Chávez, des bolivianischen Evo Morales und des ecuadorianischen Rafael Correa.
An diesem Sonntag ist es wie seine Kollegen und Freunde der dritte, über einen Entwurf für eine neue Verfassung abzustimmen.
Mission erreicht seit 64 % der Wähler stimmten "Ja" zu Referendum, nach offiziellen Ergebnissen auf der Grundlage von 80% der Stimmen.
Basierend auf diesen Ergebnissen erhielt das "Nein" 28 %, 7 % der Stimmen waren ungültig und 0,7 % waren leere Stimmen.
Damit der Verfassungsentwurf angenommen werden kann, sollte er die Hälfte der Stimmen zuzüglich einer Stimme erhalten.
Am Sonntag hatten zwei außerhalb der Wahllokale durchgeführte Umfragen und eine Nichtregierungsorganisation einen großen Sieg für das "Ja" der Range zwischen 63% und 70% angekündigt.
Rafael Correa hatte in der Nacht von Sonntag auf Montag den Sieg seines Verfassungsentwurfs behauptet.
Die "Verfassung hat so überwältigend gesiegt", versicherte er und lobte die Ecuadorianer im Regierungssitz in Guayaquil, 280 km südwestlich von Quito.
Rafael Correa wurde natürlich von Chavez und Morales, aber auch von seiner chilenischen Amtskollegin Michelle Bachelet gratuliert.
Die Umfrage, die unter der Kontrolle der Organisation Amerikanischer Staaten (OAS) friedlich durchgeführt wurde, behandelte in ihrem Text 444 Punkte, die den vom Präsidenten befürworteten "neuen Sozialismus" konsolidieren.
Der Verfassungsentwurf versinnbildlicht die Macht des Staates über die Wirtschaft, indem er ihm die "Entwicklungsplanung" eines Landes vor allem aus der Ölgewinnung durch ausländische Unternehmen und das ausländische Geld, das sie an ihre Auswanderer senden, vorbehält.
Gestützt von Correa, gewählt im Jahr 2006, bietet das Projekt auch größere Befugnisse für das Staatsoberhaupt, das bis zu zwei aufeinander folgende Amtszeiten von vier Jahren dauern kann und in der Lage sein wird, die Versammlung aufzulösen.
Correa hat bereits angekündigt, dass er diese Macht nutzen werde, um im Februar 2009 ein neues Mandat zu beantragen.
Die Verfassung konsolidiert auch das Prinzip der freien Gesundheitsversorgung und Bildung, das der Präsident in diesem Land mit 13,9 Millionen Einwohnern zu etablieren begonnen hat, wo 50% der Bevölkerung unterhalb der Armutsgrenze lebt.
Es sieht auch das Verbot der Anwesenheit von ausländischen Truppen, die das Abkommen zwischen Quito und Washington für die Nutzung Ecuador als Startbasis für US-Antidrogen-Operationen beenden wird.
Die 19 Geiseln wurden im Tschad freigelassen.
Ein ägyptisches Kommandokommando startete einen Angriff auf die Entführer der elf Touristen und deren acht Eskorte, die vor zehn Tagen gefangen genommen wurden.
Sie sind in Kairo.
Die elf europäischen Touristen und ihre acht ägyptischen Eskorten, die zehn Tage in der Wüste gefangen gehalten wurden, sind am Montagnachmittag unversehrt in die ägyptische Hauptstadt zurückgekehrt.
Am Morgen wurden sie von einem ägyptischen Kommando im Tschad freigelassen.
Anscheinend passen die Geiseln etwa 1530 Stunden an Bord eines Sonderflugzeugs auf dem Militärstützpunkt von al-Maza, der dem internationalen Flughafen von Kairo angeschlossen ist.
Sie wurden sofort, ohne mit der Presse sprechen zu können, per Hubschrauber in das Krankenhaus in Maadi, einem Wohnviertel von Kairo, gebracht, um sich Untersuchungen zu unterziehen.
Sie sind in "guter Gesundheit", und "kein Lösegeld wurde an die Entführer bezahlt", erklärte der ägyptische Minister für Tourismus, Zoheir Garanna, auf dem Asphalt.
Gefangengenommen am 19. September während einer Safari in einem 4x4 am Fuße des Berges Ouanat an den Grenzen zu Ägypten, Sudan und Libyen, war diese Gruppe von Geiseln von 35 unbekannten Entführern von einem Versteck zum anderen herumgeschleudert worden.
Es umfasst 11 Touristen - fünf Italiener, fünf Deutsche und ein Rumäne - und auch acht Ägypter: zwei Führer, vier Fahrer, ein Grenzschutz und der Direktor der Agentur Aegyptous, Organisator der Safari.
Ein ägyptischer Sicherheitsbeamter sagte, dass 30 Mitglieder der Spezialeinheiten, die an Bord von zwei Hubschraubern getragen wurden, den Angriff in der Nacht kurz vor der Morgendämmerung gestartet hatten.
"Es kam zu einem Feueraustausch, und die Hälfte der Entführer wurde getötet, die andere Hälfte floh", sagte der Beamte, der um Anonymität bat.
Er sagte, dass 150 Mitglieder der ägyptischen Spezialeinheiten "schnelle Reaktion" in den Sudan als Ganzes geschickt worden seien, wo sie Unterstützung von deutschen und italienischen Kommandos erhalten hätten.
Der Leiter des italienischen diplomatischen Korps Franco Frattini in Belgrad, wo er derzeit ist, erwähnte die Rolle italienischer Geheimagenten und Elemente der Spezialkräfte.
"Wir müssen erkennen, dass wir dieses Ergebnis durch die Professionalität und Effektivität unserer Männer von den Geheimdiensten, von den Spezialkräften erreicht haben", sagte er, ohne weitere Details.
Er bestritt auch die Zahlung eines Lösegeldes.
Am Vortag hatte die sudanesische Armee behauptet, ein 4x4 Patrouillenfahrzeug an Bord abgefangen zu haben, von dem die Entführer waren, sechs töteten, einschließlich des tschadischen Kopfes, und zwei verhafteten.
Die Armee behauptete, sie seien mit einer Rebellengruppe in Darfur, der Sudan Liberation Movement-Uniity (SLA-U), verbunden, was diese Bewegung sofort bestritt.
Briefe - Die stille Mehrheit der Kultur
Eine Debatte über die Finanzierung der Kultur machte Schlagzeilen und hat diesen Wahlkampf in die Enge getrieben.
Gut.
Aber ein Sektor unseres kulturellen Lebens bleibt immer vergessen.
Wer wird sich melden, um das Elend anzuprangern, das kleinen Museen, Archiven, archäologischen oder nationalen historischen Stätten gewährt wird, die um Finanzierung hungern?
Welcher Politiker wagt es, die Bundesregierung daran zu erinnern, dass sie ihre Monumente und Altbauten vernachlässigt?
In Quebec, in Kanada, gibt es keine wirklichen Gesetze, die unser Erbe effektiv bewahren?
Wussten Sie, dass die französische Regierung dreieinhalb Millionen Euro für die Restaurierung der Burg von Chinon im Loiretal aufwendet?
Unsere amerikanischen Nachbarn haben in der Verfassung ihres Landes geschrieben, dass der Schutz des Kulturerbes Teil der amerikanischen Kultur ist und dass dieses Erbe in Zusammenarbeit von allen Bürgern, allen gewählten und allen Regierungsstellen geschützt werden muss.
In Quebec, der Föderation der Gesellschaften der Geschichte Quebecs, sind mindestens 40 000 Freiwillige, die in 211 Agenturen für Geschichte, Erbe, Archive und Genealogien zusammengefasst sind, mit der Erforschung der Geschichte beschäftigt, mit der Erhaltung, mit wenigen Mitteln, Stapeln von privaten Archiven und der Erhaltung archäologischer Überreste.
Sie sind oft die Wachhunde unseres Erbes, die mit der Energie der Verzweiflung protestieren, wenn Entwickler und Konstrukteure ihre Bulldozer gegen unsere alten Gebäude und unsere vergessenen Friedhöfe starten.
Wann gibt es ein Forum für Geschichte und Erbe?
Fortis Bank teilweise von Benelux-Regierungen verstaatlicht
Die Benelux-Staaten helfen Fortis, der belgisch-niederländischen Bank, die als erstes europäisches Finanzinstitut aufgrund der Folgewirkungen der amerikanischen Kreditkrise in Schwierigkeiten ist, bei einem teilweisen staatlichen Aufkauf. Die drei Länder haben vereinbart, dem Banken- und Versicherungsunternehmen mit ungarischen Interessen 11,2 Milliarden Euro zuzuführen.
Ende dieser Woche haben sich die belgischen, luxemburgischen und niederländischen Regierungen zu diesem Thema auf höchster Ebene unter Beteiligung des Präsidenten der Europäischen Zentralbank und des Wettbewerbskommissars der Europäischen Kommission beraten.
Innerhalb der Euro-Zone ist Fortis die erste Bank, die von der internationalen Finanzkrise betroffen ist, die sich in den letzten 12 Monaten in Wellen nähert. So können die getroffenen Entscheidungen von einem bestimmten Standpunkt aus als Präzedenzfall angesehen werden.
Nach der Entscheidung, die am Sonntagabend getroffen wurde, wird jede Regierung eine Beteiligung von 49 Prozent an Fortis-Banken in ihren jeweiligen Ländern übernehmen.
Die Bank wird sicherlich einen Teil ihrer Anteile verkaufen, insbesondere die Versicherungsaktivitäten, die sie letztes Jahr von der niederländischen ABN Amro gekauft hat.
Fortis Aktien begannen letzte Woche tief einzutauchen, dann im zweiten Teil der Woche traten Anzeichen einer ernsten Krise im Unternehmen auf.
Analysten sind sich einig, dass die Bank mit ihren 85 000 Mitarbeitern zu groß ist, um in Konkurs gehen zu dürfen.
Die Anteile der Bank sanken am Freitag um 12%, das ist der Rekord niedrigste Stand seit 14 Jahren.
Der Wert der Aktien ist seit Januar um zwei Drittel gesunken.
Unter Berücksichtigung der aktuellen Aktienkurse liegt der gesamte Marktkapitalwert der Gruppe bei rund 14 Milliarden Euro. Unternehmensdirektoren sagen jedoch, dass dies nicht die Realität widerspiegelt.
Das Management beschuldigt die Unsicherheiten im Ausland - die mit der Annahme des amerikanischen Pakets von 700 Milliarden US-Dollar verbunden sind - für den Rückgang der Fortis-Aktien.
Die Bestände stiegen am Montag leicht an.
Filip Dierckx wurde am Freitag zum neuen Chief Executive Officer der Bank ernannt.
Das Finanzinstitut suchte auch nach privaten Käufern, aber bisher wurde kein substantielles Angebot gemacht.
Die belgische Regierung erklärte vorhin, die Investoren hätten keinen Grund zur Sorge, sie würden ihr Geld nicht verlieren.
Unter den Kunden der Bank ist bisher keine Panik entstanden; es hat kein Bankrausch stattgefunden.
Fortis hat eine eigene Bankgesellschaft in Ungarn und hat auch Leasinggesellschaften gekauft.
Fuchs im Hennhaus
Die amerikanischen Lebens- und Krankenversicherungen weigern sich aufgrund ihrer Drogeneinkaufsdaten oft, Versicherungen an einige Bürger zu verkaufen.
Datenschutzexperten befürchten, dass der Datenmarkt unkontrollierbar wird.
"Es gibt ein Datenschutzprogramm, das die Erlaubnis der betroffenen Person erfordert, um die Daten zur Drogenverschreibung zu verwenden.
Es sollte unabhängig sein, sonst wird der Fuchs das Hühnerhaus bewachen", zitiert die Washington Post Richard Dick, Entwickler des Programms für die Verfolgung von Drogenverordnungen.
Versicherungsgesellschaften entscheiden über die Versicherungsgebühr und den zu zahlenden Betrag im Falle von Schäden abhängig von der Gesundheitslage des betreffenden Kunden, und wenn sie es für zu riskant halten, bieten sie keine Versicherung an.
Die zuständigen Kunden wurden früher zu einer ärztlichen Untersuchung geschickt, und der Vertrag wurde nur im Lichte der Screening-Ergebnisse geschlossen.
Dick hat vor zehn Jahren eine viel billigere Methode entwickelt: Auf Basis der Identifikationsnummer des Kunden lässt sich die Art der vom Kunden in den letzten 18 Monaten gekauften Medikamente leicht erkennen, so dass das Programm die eigenen Konsequenzen für die Krankheiten, die der Antragsteller leidet, sowie für seinen Gesundheitszustand ziehen kann.
Zum Beispiel bezieht sich der Fall des regelmäßigen Kaufs großer Dosen von cholesterinreduzierenden Drogen praktisch auf die Tatsache, dass der Kunde unheilbar hohen Blutfettgehalt hat, wodurch diese Person sofort in eine höhere Risikokategorie gebracht würde.
Das Programm hat verschiedene Versionen im Handel, von denen einige sogar den Risikofaktor definieren, so dass die Versicherungsgesellschaft nichts anderes zu tun hat als den Papierkram, obwohl kleinere Schwierigkeiten auftreten.
Einer der Nachteile ist die Tatsache, dass einige Medikamente für mehrere Zwecke verwendet werden können, zum Beispiel einige medizinische Formel sind, um Migräne, Hitzewellen oder sogar Depressionen zu behandeln.
Letzteres ist aus Sicht der Wirtschaftsversicherer ein erheblicher risikosteigernder Faktor, während die beiden anderen nicht der Fall sind.
Es gibt bestimmte Unternehmen, die sich mit der Gewinnung und Verarbeitung von Daten befassen, und sie bitten den Patienten um Erlaubnis, bevor sie die notwendigen Informationen von den Apotheken erhalten.
Sie sind bereits dazu verpflichtet, obwohl ihre früheren Misserfolge nicht bestraft wurden.
Einige Unternehmen verarbeiten sogar die Ergebnisse von Laboruntersuchungen und verbinden diese mit Drogenkonsumdaten. Auf diese Weise können sie genauere Informationen über den Gesundheitszustand der Patienten liefern.
Immer mehr Unternehmen erhalten Zugang zu den Daten und gleichzeitig wird die Kontrolle ihrer Nutzung immer schwieriger.
Es gibt einen speziellen Rechtsakt zum Schutz von Gesundheitsdaten, der jedoch nur Anbieter von Gesundheitsdienstleistungen und Versicherungen umfasst.
Der Gesetzentwurf über die Bereitstellung von Kontrollbefugnissen für die Behörden über Unternehmen, die sich mit der Datenbereitstellung befassen, wurde dem Kongress vorgelegt.
Dick Richard ist sich dessen bewusst, dass dies nicht ausreicht: Deshalb hat er sein Programm weiterentwickelt, das nun die Datenübertragung einschränken würde, was die ausdrückliche Zustimmung der betroffenen Person erfordert.
Eine andere Frage ist jedoch, dass die Klägerin die Zustimmung nicht wirklich verweigern kann, da die Versicherungsgesellschaften sonst keinen Vertrag mit ihnen schließen.
So werden Hühner bis zu einem gewissen Grad weiterhin von der Wohlwollen des Fuchses abhängen.
Globales Marseille Menü
Europäische Union und Indien verdoppeln Handel
Da die Europäische Union und Indien untereinander führende Handelspartner sind, wurde die Tagesordnung des neunten Gipfels neben anderen, vor allem globalen Problemen auch von diesem Thema dominiert.
Heute wird auch ein französisch-indisches Gipfeltreffen stattfinden, insbesondere über die Zusammenarbeit im Bereich der Kernenergie.
Obwohl die Europäische Union anerkennt, dass Indien eine aufstrebende demokratische Weltmacht ist, die in internationalen Angelegenheiten mehr Mitspracherecht erhalten sollte, konnten die Mitgliedsstaaten noch keine Einigung darüber erzielen, ob sie die dauerhafte Mitgliedschaft von Neu-Delhi im UN-Sicherheitsrat unterstützen wollen oder nicht.
Deshalb wurde diese Angelegenheit auf dem neunten Gipfel, der gestern in Marseille stattfand, nicht erzwungen.
Der französische Präsident Nicolas Sarkozy als rotierender Präsident der Union, der Ausschusspräsident José Manuel Barroso und der außenpolitische Chef Javier Solana begrüßten den indischen Premierminister Manmohan Singh und stimmten zu, den Handelsfluss in fünf Jahren auf über 100 Milliarden Euro zu verdoppeln.
Da der Warenaustausch zwischen 2000 und 2007 von 25 Mrd. auf 55 Mrd. gestiegen ist, ist dies kein allzu ehrgeiziges Ziel.
Dementsprechend wurden 26 bestehende bilaterale Abkommen über die Zivilluftfahrt mit Indien rechtlich harmonisiert, was bedeutet, dass der Flugverkehr künftig fliegen kann.
Indien beabsichtigt, das Freihandelsabkommen mit der Union bis Ende 2009 zu unterzeichnen.
Sarkozy versprach, die Harmonisierung zu beschleunigen.
Das Ziel ist es, das Gleichgewicht zu finden, während Indien die Nummer eins Handelspartner der EU ist, gleichzeitig hat Neu-Delhi nur den neunten Platz auf der Liste der EU-Partner.
Der Gipfel konzentrierte sich auf globale Fragen:
Zur Lage in Afghanistan und Pakistan sowie zum Terrorismus. Letzterer wurde von beiden Parteien in jeder Form verurteilt und zur Einberufung der UN-Konferenz aufgefordert.
Der Abschluss der Doha-Handelsrunde wurde ebenfalls beschleunigt, obwohl beide Seiten bisher für das Fiasko verantwortlich sind.
Die EU hat die Beibehaltung ihres Energie- und Klimaprogramms bestätigt, d. h. die Absicht, die Emissionen von Luftschadstoffen bis 2020 um mindestens 20 Prozent zu senken.
Indien stimmte dem zu sowie dem Ziel, auf der Klimakonferenz, die nächstes Jahr ansteht, ein globales Abkommen zu erreichen und die Treibhausgasemissionen bis 2050 um 50 Prozent zu senken.
Ein weiteres Ziel war es, das Wachstum der Lebensmittelpreise zu verhindern, und ein Aufruf zu einer internationalen Konferenz zur Überprüfung der Finanzkrise wurde unterstützt.
Der indische Premierminister geht heute zu einem bilateralen Treffen in der französischen Hauptstadt, wo er eine Einigung über die friedliche Nutzung der Kernenergie erzielen will.
Paris erwartet, dass französische Unternehmen Aufträge für den Bau von Kernreaktoren in Indien im Wert von 20 Milliarden Euro erhalten.
Laut Informationen der Nachrichtenagentur wäre das Abkommen für 15 Jahre in Kraft.
Über 300 italienische Redakteure in Frankfurt
Starke Präsenz italienischer Redakteure auf der Internationalen Buchmesse in Frankfurt.
Mehr als dreihundert sind die italienischen Redakteure beim sechzigsten Jubiläum der Buchmesse, der wichtigsten internationalen Veranstaltung zum Austausch von Urheberrechten.
Die Internationale Buchmesse in Frankfurt erwartet für diesen Anlass über 7.000 Aussteller aus 101 verschiedenen Ländern, die die 171 790 m2 große Messe mit über 403 Tausend Titeln besetzen werden, und die Türkei wird Ehrengast sein.
Francesco Maria Giro, Staatssekretär für Kulturerbe und Aktivitäten, wird die italienische Regierung bei der Einweihung des italienischen Pavillons vertreten: Italien wird als Institution mit einem italienischen Stand – 264 m2 Ausstellungsfläche anwesend sein.
Im Anschluss folgt die Pressekonferenz im Raum Struktur des Pavillons 5.0 der Buchmesse: Hier werden Zahlen, Trends und ein Blick auf den Status der italienischen Verlagsindustrie präsentiert.
Den Daten zufolge nimmt die Bedeutung von Büchern ausländischer Autoren in der italienischen Produktion, insbesondere für Erwachsene und Kinder, immer mehr ab.
Gefunden das Flugzeug von Steve Fossett der Millionär verschwand vor einem Jahr
Das Wrack des Flugzeugs von Steve Fossett, dem Millionär, der am 3. September 2007 auf dem Flug über die Wüste Nevada verschwand, wurde gefunden.
Das Wrack wurde auf einem Plateau in 3000 Metern Höhe im Gebiet der Sierra Nevada in den Mammoth Lakes an der Grenze zwischen Kalifornien und Nevada gefunden.
Im Flugzeug gab es jedoch keine menschlichen Überreste.
Der Sheriff von Madera County, John Anderson, hat alle verbleibenden Zweifel ausgeräumt: "Das Flugzeug wurde lokalisiert, wir haben ein Team geschickt, und jetzt haben wir die Bestätigung, dass es das ist, auf dem Steve Follett an dem Tag flog, an dem er verschwand", sagte er in einer Pressekonferenz.
Danach wies der Sheriff darauf hin, dass weder im Flugzeug noch in der Umgebung menschliche Überreste gefunden wurden.
Der 63 Jahre alte Millionär wurde im Februar als tot aufgegeben.
Das American National Transport Safety Bureau (NTSB) hat berichtet, dass einige Stunden nachdem das Wrack entdeckt wurde, ein Ermittlungsteam geschickt wurde, das dann das Flugzeug identifiziert hat: es ist die Bellanca 8KCAB, die seit dem 3. September 2007 fehlt, als Fossett von Yerington in Nevada für einen dreistündigen Flug gestartet ist.
Gestern, immer in Kalifornien, nicht weit von der Grenze zu Nevada, wurden einige persönliche Gegenstände aus Fossett von einem Paar in der Nähe ihres Hauses in Mammoth Lakes gefunden.
Die Artikel sind zwei Dokumente im Namen von Fossett, beide herausgegeben von der Federal Aviation Administration von Illinois, etwas Bargeld, und ein Sweatshirt.
Die Suche nach Fossett wurde einen Monat, nachdem er verschwunden war, abgesagt.
Der Millionär hatte sich dank einer Reihe von Weltrekorden einen Platz in der Geschichte verschafft.
2002 war er bei seinem sechsten Versuch der erste Mann, der die Weltreise in einem Heißluftballon beendete: ein zweiwöchiger Einzelflug.
Drei Jahre später machte er die Weltreise mit dem Flugzeug ohne Landung.
Unter seinen vielen Rekorden fliegt es auch auf 15.445 Metern über den Anden, aber mit einem Co-Piloten.
Glk, die Werbung, die Sie nicht erwartet
Ein SUV, der außerhalb der Normen mit einem originellen Design definiert durch entscheidende Linien, reichlich Oberflächen und sauber geschnittenen Ecken ist.
Kurz gesagt, das ist GLK, die neueste Ergänzung zu den "kompakten" Offroad-Fahrzeugen des Star-Herstellers, mit denen Mercedes-Benz versucht hat, frischen Wind in diesen Bereich zu lassen.
Gerade weil seine Eigenschaften außerhalb der traditionellen Normen liegen, wird die Botschaft, die den Start des GLK-SUV begleitet, auch unerwartet und unkonventionell sein, wird er ab dem kommenden 17. Oktober in den Mercedes-Benz Showrooms erhältlich sein.
So wird die Werbekampagne, die das Debüt des neuen Fahrzeugs begleiten wird, eine neue Kommunikationsmethode auslösen, die auch eine futuristische Kampagne von 3D-Billboards beinhaltet, die zum ersten Mal in Italien von einer Automarke verwendet wird.
Ein Projekt von großen Plakatwänden, in Bewegung gesetzt in drei verschiedenen Phasen, die die zentralsten Mailänder Einkaufsstraße, Corso Como dominieren wird, bis zum 15. November.
Die erste Phase dieser neuen Art der Kommunikation beginnt mit einer Präsentation des Autos in stereoskopischen Vision, und dank spezieller Gläser in der Nähe von Corso Como verteilt wird es möglich sein, den neuen SUV in echter Größe und 3D-Format zu sehen.
In der Tat, Blick auf das Bild wird man das Gefühl bekommen, dass das Auto ragt aus dem Plakat.
Anschließend werden durch den Einsatz der innovativen Technologie Elumina 8 alle Details des neuen GLK zu verschiedenen Zeitpunkten beleuchtet und dann als einzelnes Bild rekomponiert.
Ohne Zweifel versucht Mercedes durch diese Werbung, etwas Neues in den konventionellen Bereich der Automobilwerbung einzuführen.
Wird es mit dieser Formel gelingen, das Interesse der zukünftigen Käufer zu provozieren? Wir werden sehen.
Hier ist, wer die italienischen Hooligans sind
des Tri-Veneto, der von der Teilnahme an Sporteinrichtungen verboten werden kann (Daspo).
Aber wer sind die 150-200 Menschen, von denen sich Italien jetzt schämt? Sie sind Teil der Gruppe "Ultras Italia", die seit Jahren die Fußballnationalmannschaft unterstützt und bis jetzt, ehrlich gesagt, nie große Probleme verursacht hat.
Auch hat es nie mit gegnerischen Fans kollidiert.
Die Extraktion der Gruppe ist rechter Flügel.
Die Veranstalter kommen aus Tri-Veneto.
Von Verona, Padua, Triest und Udine.
Diese wurden von einigen kleinen Gruppen (in Wirklichkeit, sehr wenige Mitglieder) aus Campagnia und Apulien.
Sie haben dreifarbige Flaggen mit der Herkunftsstadt der Militanten auf ihnen: am Samstag sind diese weggenommen worden, so dass sie nicht identifiziert werden konnten.
Sie greifen ihre Ideen von englischen Fans auf.
In Bulgarien fanden sie Anhänger, die echte Nazis waren, die Levski-Gruppe.
Die FIGC hatte den italienischen Fans 144 Karten für das Spiel zur Verfügung gestellt: alles persönlich, daher leicht kontrollierbar.
Und das Innenministerium in Viminale hatte tatsächlich alle überprüft: Unter diesen Gruppen, die nach Sofia gingen, war keiner verboten worden, ein Stadion zu besuchen.
Vier italienische Unterstützer, die frühere Stadion-Verbrechen hatten, waren tatsächlich Tickets verweigert und vom Laufen abgehalten worden.
Nun wartet das Innenministerium darauf, die offiziellen Aufzeichnungen lesen zu können, die von der bulgarischen Polizei eintreffen sollten, bevor es Schritte unternimmt: In diesem Fall ist es möglich, mindestens fünf Jahre lang die inhaftierten Anhänger oder diejenigen, die während der Unruhen identifiziert wurden, zu verbieten.
Eine internationale Verbannung, die nicht nur den Besuch von Stadien in Italien, sondern auch in ganz Europa verbietet.
Unsere Hooligans, kurz gesagt, würden kein weiteres Stadion betreten.
Zum Glück.
Aber jetzt gibt es Angst vor dem Emulation: das ist, dass andere sich zu diesem wenig mehr als hundertfünfzig.
"Wir müssen diesen Brand sofort auslöschen und diejenigen, die sich so verhalten, nicht legitimieren", behaupten die im Ministerium in Viminale.
So, "Augen weit offen, vor allem, da es die Nationalmannschaft spielt am Mittwoch in Lecce".
In Apulien gibt es tatsächlich einen kleinen Kern von Ultras Italia Unterstützern.
Morgen trifft sich das Observatorium, am Dienstag das CASMS, das auf einen Teil der AISE zählen kann, das ist der Geheimdienst, der genau die Probleme in Stadien behandelt.
"Der Chor Duce-Duce und der Arm streckten sich während der Mameli-Hymne aus? In Bulgarien ist es kein Verbrechen...".
Dies sind die Gedanken (mit großer Enttäuschung ausgedrückt) von Domenico Mazzilli, der, seit ein paar Wochen, ist der Direktor der Sternwarte der Viminale (er erreichte den Posten, der zunächst von Francesco Tagliente und dann von Felice Ferlizzi gehalten wurde).
Zuvor war Mazzilli Leiter der Polizeiverwaltung in Triest, wo es einen Kern von Unterstützern von Ultras Italia gibt, die 2002 gegründet wurde.
Es ist wahr, sagt Mazzilli, dass es in Bulgarien kein Verbrechen ist, Hymnen an den Duce zu singen, aber sicherlich war das Verhalten dieser 150-200 Fans schändlich.
"Ich bin kein Soziologe - fügt die n.1 des Observatoriums - das Verbrechen sollte in dem Land, in dem der Vorfall auftritt zugeschrieben werden.
Bis jetzt ist diese Gruppe innerhalb der Linien geblieben, jetzt werden wir sehen, was tatsächlich passiert ist, und wir werden es für zukünftige Referenz bewerten.
Aber lassen Sie uns auch über das Pfeifen der Mameli-Hymne sprechen: das ist auch kein Verbrechen in Bulgarien, aber wenn ich sagen darf, ist es keine gute Manieren ...".
